2016-12-16 09:05:38 INFO PHP Unknown Error: no: 2, msg: Creating default object from empty value on line 75 in file /data/code/tcsb/service/lib/nusoap.php uri: /service/service.php, post: []
2016-12-16 09:05:38 INFO AddIdentifyResult: 10228,013153563503,-1,
2016-12-16 09:05:50 INFO PHP Unknown Error: no: 2, msg: Creating default object from empty value on line 75 in file /data/code/tcsb/service/lib/nusoap.php uri: /service/service.php, post: []
2016-12-16 09:05:51 INFO AddIdentifyResult: 10228,013153563503,-3,
2016-12-16 09:07:45 INFO PHP Unknown Error: no: 2, msg: Creating default object from empty value on line 75 in file /data/code/tcsb/service/lib/nusoap.php uri: /service/service.php, post: []
2016-12-16 09:07:45 INFO AddIdentifyResult: 10228,013153563503,12,
2016-12-16 09:07:52 INFO PHP Unknown Error: no: 2, msg: Creating default object from empty value on line 75 in file /data/code/tcsb/service/lib/nusoap.php uri: /service/service.php, post: []
2016-12-16 09:07:52 INFO AddIdentifyResult: 10228,013153563503,10,reg/013153563503_1216090706|reg/013153563503_1216090706|reg/013153563503_
2016-12-16 09:08:41 INFO PHP Unknown Error: no: 2, msg: Creating default object from empty value on line 75 in file /data/code/tcsb/service/lib/nusoap.php uri: /service/service.php, post: []
2016-12-16 09:08:41 INFO AddIdentifyResult: 10229,015865454531,-1,
2016-12-16 09:08:59 INFO PHP Unknown Error: no: 2, msg: Creating default object from empty value on line 75 in file /data/code/tcsb/service/lib/nusoap.php uri: /service/service.php, post: []
2016-12-16 09:08:59 INFO AddIdentifyResult: 10229,015865454531,-3,
2016-12-16 09:10:43 INFO PHP Unknown Error: no: 2, msg: Creating default object from empty value on line 75 in file /data/code/tcsb/service/lib/nusoap.php uri: /service/service.php, post: []
2016-12-16 09:10:43 INFO AddIdentifyResult: 10229,015865454531,12,
2016-12-16 09:10:49 INFO PHP Unknown Error: no: 2, msg: Creating default object from empty value on line 75 in file /data/code/tcsb/service/lib/nusoap.php uri: /service/service.php, post: []
2016-12-16 09:10:49 INFO AddIdentifyResult: 10229,015865454531,10,reg/015865454531_1216091015|reg/015865454531_1216091015|reg/015865454531_
2016-12-16 09:17:56 INFO PHP Unknown Error: no: 2, msg: Creating default object from empty value on line 75 in file /data/code/tcsb/service/lib/nusoap.php uri: /service/service.php, post: []
2016-12-16 09:17:56 INFO AddIdentifyResult: 10230,013127196735,-1,
2016-12-16 09:18:04 INFO PHP Unknown Error: no: 2, msg: Creating default object from empty value on line 75 in file /data/code/tcsb/service/lib/nusoap.php uri: /service/service.php, post: []
2016-12-16 09:18:04 INFO AddIdentifyResult: 10230,013127196735,-3,
2016-12-16 09:20:17 INFO PHP Unknown Error: no: 2, msg: Creating default object from empty value on line 75 in file /data/code/tcsb/service/lib/nusoap.php uri: /service/service.php, post: []
2016-12-16 09:20:17 INFO AddIdentifyResult: 10230,013127196735,12,
2016-12-16 09:20:26 INFO PHP Unknown Error: no: 2, msg: Creating default object from empty value on line 75 in file /data/code/tcsb/service/lib/nusoap.php uri: /service/service.php, post: []
2016-12-16 09:20:26 INFO AddIdentifyResult: 10230,013127196735,10,reg/013127196735_1216091919|reg/013127196735_1216091919|reg/013127196735_
2016-12-16 09:20:33 INFO PHP Unknown Error: no: 2, msg: Creating default object from empty value on line 75 in file /data/code/tcsb/service/lib/nusoap.php uri: /service/service.php, post: []
2016-12-16 09:20:33 INFO AddIdentifyResult: 10231,015254653052,-1,
2016-12-16 09:20:47 INFO PHP Unknown Error: no: 2, msg: Creating default object from empty value on line 75 in file /data/code/tcsb/service/lib/nusoap.php uri: /service/service.php, post: []
2016-12-16 09:20:47 INFO AddIdentifyResult: 10231,015254653052,-3,
2016-12-16 09:22:33 INFO PHP Unknown Error: no: 2, msg: Creating default object from empty value on line 75 in file /data/code/tcsb/service/lib/nusoap.php uri: /service/service.php, post: []
2016-12-16 09:22:33 INFO AddIdentifyResult: 10231,015254653052,12,
2016-12-16 09:22:40 INFO PHP Unknown Error: no: 2, msg: Creating default object from empty value on line 75 in file /data/code/tcsb/service/lib/nusoap.php uri: /service/service.php, post: []
2016-12-16 09:22:40 INFO AddIdentifyResult: 10231,015254653052,10,reg/015254653052_1216092202|reg/015254653052_1216092202|reg/015254653052_
2016-12-16 09:29:28 INFO PHP Unknown Error: no: 2, msg: Creating default object from empty value on line 75 in file /data/code/tcsb/service/lib/nusoap.php uri: /service/service.php, post: []
2016-12-16 09:29:28 INFO AddIdentifyResult: 10232,013006545516,-1,
2016-12-16 09:29:35 INFO PHP Unknown Error: no: 2, msg: Creating default object from empty value on line 75 in file /data/code/tcsb/service/lib/nusoap.php uri: /service/service.php, post: []
2016-12-16 09:29:35 INFO AddIdentifyResult: 10232,013006545516,-3,
2016-12-16 09:31:23 INFO PHP Unknown Error: no: 2, msg: Creating default object from empty value on line 75 in file /data/code/tcsb/service/lib/nusoap.php uri: /service/service.php, post: []
2016-12-16 09:31:23 INFO AddIdentifyResult: 10232,013006545516,12,
2016-12-16 09:31:32 INFO PHP Unknown Error: no: 2, msg: Creating default object from empty value on line 75 in file /data/code/tcsb/service/lib/nusoap.php uri: /service/service.php, post: []
2016-12-16 09:31:32 INFO AddIdentifyResult: 10232,013006545516,10,reg/013006545516_1216093050|reg/013006545516_1216093050|reg/013006545516_
2016-12-16 09:34:19 INFO PHP Unknown Error: no: 2, msg: Creating default object from empty value on line 75 in file /data/code/tcsb/service/lib/nusoap.php uri: /service/service.php, post: []
2016-12-16 09:34:19 INFO AddIdentifyResult: 10233,013006545581,-1,
2016-12-16 09:34:27 INFO PHP Unknown Error: no: 2, msg: Creating default object from empty value on line 75 in file /data/code/tcsb/service/lib/nusoap.php uri: /service/service.php, post: []
2016-12-16 09:34:27 INFO AddIdentifyResult: 10233,013006545581,-3,
2016-12-16 09:36:25 INFO PHP Unknown Error: no: 2, msg: Creating default object from empty value on line 75 in file /data/code/tcsb/service/lib/nusoap.php uri: /service/service.php, post: []
2016-12-16 09:36:25 INFO AddIdentifyResult: 10233,013006545581,12,
2016-12-16 09:36:33 INFO PHP Unknown Error: no: 2, msg: Creating default object from empty value on line 75 in file /data/code/tcsb/service/lib/nusoap.php uri: /service/service.php, post: []
2016-12-16 09:36:33 INFO AddIdentifyResult: 10233,013006545581,10,reg/013006545581_1216093543|reg/013006545581_1216093543|reg/013006545581_
2016-12-16 09:37:08 INFO PHP Unknown Error: no: 2, msg: Creating default object from empty value on line 75 in file /data/code/tcsb/service/lib/nusoap.php uri: /service/service.php, post: []
2016-12-16 09:37:08 INFO AddIdentifyResult: 10234,013054664252,-1,
2016-12-16 09:37:25 INFO PHP Unknown Error: no: 2, msg: Creating default object from empty value on line 75 in file /data/code/tcsb/service/lib/nusoap.php uri: /service/service.php, post: []
2016-12-16 09:37:25 INFO AddIdentifyResult: 10234,013054664252,-3,
2016-12-16 09:39:01 INFO PHP Unknown Error: no: 2, msg: Creating default object from empty value on line 75 in file /data/code/tcsb/service/lib/nusoap.php uri: /service/service.php, post: []
2016-12-16 09:39:01 INFO AddIdentifyResult: 10234,013054664252,12,
2016-12-16 09:39:08 INFO PHP Unknown Error: no: 2, msg: Creating default object from empty value on line 75 in file /data/code/tcsb/service/lib/nusoap.php uri: /service/service.php, post: []
2016-12-16 09:39:08 INFO AddIdentifyResult: 10234,013054664252,10,reg/013054664252_1216093841|reg/013054664252_1216093841|reg/013054664252_
2016-12-16 09:42:52 INFO PHP Unknown Error: no: 2, msg: Creating default object from empty value on line 75 in file /data/code/tcsb/service/lib/nusoap.php uri: /service/service.php, post: []
2016-12-16 09:42:52 INFO AddIdentifyResult: 10235,013006545653,-1,
2016-12-16 09:43:03 INFO PHP Unknown Error: no: 2, msg: Creating default object from empty value on line 75 in file /data/code/tcsb/service/lib/nusoap.php uri: /service/service.php, post: []
2016-12-16 09:43:03 INFO AddIdentifyResult: 10235,013006545653,-3,
2016-12-16 09:44:36 INFO PHP Unknown Error: no: 2, msg: Creating default object from empty value on line 75 in file /data/code/tcsb/service/lib/nusoap.php uri: /service/service.php, post: []
2016-12-16 09:44:36 INFO AddIdentifyResult: 10235,013006545653,12,
2016-12-16 09:44:43 INFO PHP Unknown Error: no: 2, msg: Creating default object from empty value on line 75 in file /data/code/tcsb/service/lib/nusoap.php uri: /service/service.php, post: []
2016-12-16 09:44:43 INFO AddIdentifyResult: 10235,013006545653,10,reg/013006545653_1216094418|reg/013006545653_1216094418|reg/013006545653_
2016-12-16 09:44:50 INFO PHP Unknown Error: no: 2, msg: Creating default object from empty value on line 75 in file /data/code/tcsb/service/lib/nusoap.php uri: /service/service.php, post: []
2016-12-16 09:44:50 INFO AddIdentifyResult: 10236,015054603238,-1,
2016-12-16 09:44:57 INFO PHP Unknown Error: no: 2, msg: Creating default object from empty value on line 75 in file /data/code/tcsb/service/lib/nusoap.php uri: /service/service.php, post: []
2016-12-16 09:44:57 INFO AddIdentifyResult: 10236,015054603238,-3,
2016-12-16 09:46:40 INFO PHP Unknown Error: no: 2, msg: Creating default object from empty value on line 75 in file /data/code/tcsb/service/lib/nusoap.php uri: /service/service.php, post: []
2016-12-16 09:46:40 INFO AddIdentifyResult: 10236,015054603238,12,
2016-12-16 09:46:48 INFO PHP Unknown Error: no: 2, msg: Creating default object from empty value on line 75 in file /data/code/tcsb/service/lib/nusoap.php uri: /service/service.php, post: []
2016-12-16 09:46:48 INFO AddIdentifyResult: 10236,015054603238,10,reg/015054603238_1216094613|reg/015054603238_1216094613|reg/015054603238_
2016-12-16 09:49:19 INFO PHP Unknown Error: no: 2, msg: Creating default object from empty value on line 75 in file /data/code/tcsb/service/lib/nusoap.php uri: /service/service.php, post: []
2016-12-16 09:49:19 INFO AddIdentifyResult: 10237,013006545968,-1,
2016-12-16 09:49:30 INFO PHP Unknown Error: no: 2, msg: Creating default object from empty value on line 75 in file /data/code/tcsb/service/lib/nusoap.php uri: /service/service.php, post: []
2016-12-16 09:49:30 INFO AddIdentifyResult: 10237,013006545968,-3,
2016-12-16 09:51:14 INFO PHP Unknown Error: no: 2, msg: Creating default object from empty value on line 75 in file /data/code/tcsb/service/lib/nusoap.php uri: /service/service.php, post: []
2016-12-16 09:51:14 INFO AddIdentifyResult: 10237,013006545968,12,
2016-12-16 09:51:21 INFO PHP Unknown Error: no: 2, msg: Creating default object from empty value on line 75 in file /data/code/tcsb/service/lib/nusoap.php uri: /service/service.php, post: []
2016-12-16 09:51:21 INFO AddIdentifyResult: 10237,013006545968,10,reg/013006545968_1216095159|reg/013006545968_1216095159|reg/013006545968_1216095046
2016-12-16 09:51:32 INFO PHP Unknown Error: no: 2, msg: Creating default object from empty value on line 75 in file /data/code/tcsb/service/lib/nusoap.php uri: /service/service.php, post: []
2016-12-16 09:51:32 INFO AddIdentifyResult: 10238,013455423114,-1,
2016-12-16 09:51:43 INFO PHP Unknown Error: no: 2, msg: Creating default object from empty value on line 75 in file /data/code/tcsb/service/lib/nusoap.php uri: /service/service.php, post: []
2016-12-16 09:51:43 INFO AddIdentifyResult: 10238,013455423114,-3,
2016-12-16 09:53:38 INFO PHP Unknown Error: no: 2, msg: Creating default object from empty value on line 75 in file /data/code/tcsb/service/lib/nusoap.php uri: /service/service.php, post: []
2016-12-16 09:53:38 INFO AddIdentifyResult: 10238,013455423114,12,
2016-12-16 09:53:45 INFO PHP Unknown Error: no: 2, msg: Creating default object from empty value on line 75 in file /data/code/tcsb/service/lib/nusoap.php uri: /service/service.php, post: []
2016-12-16 09:53:45 INFO AddIdentifyResult: 10238,013455423114,10,reg/013455423114_1216095259|reg/013455423114_1216095259|reg/013455423114_
2016-12-16 09:55:50 INFO PHP Unknown Error: no: 2, msg: Creating default object from empty value on line 75 in file /data/code/tcsb/service/lib/nusoap.php uri: /service/service.php, post: []
2016-12-16 09:55:50 INFO AddIdentifyResult: 10239,013006545613,-1,
2016-12-16 09:56:13 INFO PHP Unknown Error: no: 2, msg: Creating default object from empty value on line 75 in file /data/code/tcsb/service/lib/nusoap.php uri: /service/service.php, post: []
2016-12-16 09:56:13 INFO AddIdentifyResult: 10239,013006545613,-3,
2016-12-16 09:57:42 INFO PHP Unknown Error: no: 2, msg: Creating default object from empty value on line 75 in file /data/code/tcsb/service/lib/nusoap.php uri: /service/service.php, post: []
2016-12-16 09:57:42 INFO AddIdentifyResult: 10239,013006545613,12,
2016-12-16 09:57:49 INFO PHP Unknown Error: no: 2, msg: Creating default object from empty value on line 75 in file /data/code/tcsb/service/lib/nusoap.php uri: /service/service.php, post: []
2016-12-16 09:57:49 INFO AddIdentifyResult: 10239,013006545613,10,reg/013006545613_1216095728|reg/013006545613_1216095728|reg/013006545613_
2016-12-16 09:59:38 INFO PHP Unknown Error: no: 2, msg: Creating default object from empty value on line 75 in file /data/code/tcsb/service/lib/nusoap.php uri: /service/service.php, post: []
2016-12-16 09:59:38 INFO AddIdentifyResult: 10240,013006545986,-1,
2016-12-16 10:00:10 INFO PHP Unknown Error: no: 2, msg: Creating default object from empty value on line 75 in file /data/code/tcsb/service/lib/nusoap.php uri: /service/service.php, post: []
2016-12-16 10:00:10 INFO AddIdentifyResult: 10240,013006545986,-3,
2016-12-16 10:01:53 INFO PHP Unknown Error: no: 2, msg: Creating default object from empty value on line 75 in file /data/code/tcsb/service/lib/nusoap.php uri: /service/service.php, post: []
2016-12-16 10:01:53 INFO AddIdentifyResult: 10240,013006545986,12,
2016-12-16 10:02:00 INFO PHP Unknown Error: no: 2, msg: Creating default object from empty value on line 75 in file /data/code/tcsb/service/lib/nusoap.php uri: /service/service.php, post: []
2016-12-16 10:02:00 INFO AddIdentifyResult: 10240,013006545986,10,reg/013006545986_1216100125|reg/013006545986_1216100125|reg/013006545986_
2016-12-16 10:04:27 INFO PHP Unknown Error: no: 2, msg: Creating default object from empty value on line 75 in file /data/code/tcsb/service/lib/nusoap.php uri: /service/service.php, post: []
2016-12-16 10:04:27 INFO AddIdentifyResult: 10241,015215467713,-1,
2016-12-16 10:04:34 INFO PHP Unknown Error: no: 2, msg: Creating default object from empty value on line 75 in file /data/code/tcsb/service/lib/nusoap.php uri: /service/service.php, post: []
2016-12-16 10:04:34 INFO AddIdentifyResult: 10241,015215467713,-3,
2016-12-16 10:06:19 INFO PHP Unknown Error: no: 2, msg: Creating default object from empty value on line 75 in file /data/code/tcsb/service/lib/nusoap.php uri: /service/service.php, post: []
2016-12-16 10:06:19 INFO AddIdentifyResult: 10241,015215467713,12,
2016-12-16 10:06:27 INFO PHP Unknown Error: no: 2, msg: Creating default object from empty value on line 75 in file /data/code/tcsb/service/lib/nusoap.php uri: /service/service.php, post: []
2016-12-16 10:06:27 INFO AddIdentifyResult: 10241,015215467713,10,reg/015215467713_1216100549|reg/015215467713_1216100549|reg/015215467713_
2016-12-16 10:06:47 INFO PHP Unknown Error: no: 2, msg: Creating default object from empty value on line 75 in file /data/code/tcsb/service/lib/nusoap.php uri: /service/service.php, post: []
2016-12-16 10:06:47 INFO AddIdentifyResult: 10242,013006546108,-1,
2016-12-16 10:07:24 INFO PHP Unknown Error: no: 2, msg: Creating default object from empty value on line 75 in file /data/code/tcsb/service/lib/nusoap.php uri: /service/service.php, post: []
2016-12-16 10:07:24 INFO AddIdentifyResult: 10243,013006546108,-1,
2016-12-16 10:07:31 INFO PHP Unknown Error: no: 2, msg: Creating default object from empty value on line 75 in file /data/code/tcsb/service/lib/nusoap.php uri: /service/service.php, post: []
2016-12-16 10:07:31 INFO AddIdentifyResult: 10243,013006546108,-3,
2016-12-16 10:09:37 INFO PHP Unknown Error: no: 2, msg: Creating default object from empty value on line 75 in file /data/code/tcsb/service/lib/nusoap.php uri: /service/service.php, post: []
2016-12-16 10:09:37 INFO AddIdentifyResult: 10243,013006546108,12,
2016-12-16 10:09:43 INFO PHP Unknown Error: no: 2, msg: Creating default object from empty value on line 75 in file /data/code/tcsb/service/lib/nusoap.php uri: /service/service.php, post: []
2016-12-16 10:09:43 INFO AddIdentifyResult: 10243,013006546108,10,reg/013006546108_1216100846|reg/013006546108_1216100846|reg/013006546108_
2016-12-16 10:13:55 INFO PHP Unknown Error: no: 2, msg: Creating default object from empty value on line 75 in file /data/code/tcsb/service/lib/nusoap.php uri: /service/service.php, post: []
2016-12-16 10:13:55 INFO AddIdentifyResult: 10244,013006546552,-1,
2016-12-16 10:14:01 INFO PHP Unknown Error: no: 2, msg: Creating default object from empty value on line 75 in file /data/code/tcsb/service/lib/nusoap.php uri: /service/service.php, post: []
2016-12-16 10:14:01 INFO AddIdentifyResult: 10244,013006546552,-3,
2016-12-16 10:16:11 INFO PHP Unknown Error: no: 2, msg: Creating default object from empty value on line 75 in file /data/code/tcsb/service/lib/nusoap.php uri: /service/service.php, post: []
2016-12-16 10:16:11 INFO AddIdentifyResult: 10244,013006546552,12,
2016-12-16 10:16:20 INFO PHP Unknown Error: no: 2, msg: Creating default object from empty value on line 75 in file /data/code/tcsb/service/lib/nusoap.php uri: /service/service.php, post: []
2016-12-16 10:16:20 INFO AddIdentifyResult: 10244,013006546552,10,reg/013006546552_1216101516|reg/013006546552_1216101516|reg/013006546552_
2016-12-16 10:24:22 INFO PHP Unknown Error: no: 2, msg: Creating default object from empty value on line 75 in file /data/code/tcsb/service/lib/nusoap.php uri: /service/service.php, post: []
2016-12-16 10:24:22 INFO AddIdentifyResult: 10245,015630206957,-1,
2016-12-16 10:24:31 INFO PHP Unknown Error: no: 2, msg: Creating default object from empty value on line 75 in file /data/code/tcsb/service/lib/nusoap.php uri: /service/service.php, post: []
2016-12-16 10:24:31 INFO AddIdentifyResult: 10245,015630206957,-3,
2016-12-16 10:25:56 INFO PHP Unknown Error: no: 2, msg: Creating default object from empty value on line 75 in file /data/code/tcsb/service/lib/nusoap.php uri: /service/service.php, post: []
2016-12-16 10:25:56 INFO AddIdentifyResult: 10245,015630206957,12,
2016-12-16 10:26:03 INFO PHP Unknown Error: no: 2, msg: Creating default object from empty value on line 75 in file /data/code/tcsb/service/lib/nusoap.php uri: /service/service.php, post: []
2016-12-16 10:26:03 INFO AddIdentifyResult: 10245,015630206957,10,reg/015630206957_1216102546|reg/015630206957_1216102546|reg/015630206957_
2016-12-16 10:26:15 INFO PHP Unknown Error: no: 2, msg: Creating default object from empty value on line 75 in file /data/code/tcsb/service/lib/nusoap.php uri: /service/service.php, post: []
2016-12-16 10:26:15 INFO AddIdentifyResult: 10246,015630206957,-1,
2016-12-16 10:26:21 INFO PHP Unknown Error: no: 2, msg: Creating default object from empty value on line 75 in file /data/code/tcsb/service/lib/nusoap.php uri: /service/service.php, post: []
2016-12-16 10:26:21 INFO AddIdentifyResult: 10246,015630206957,-3,
2016-12-16 10:27:14 INFO PHP Unknown Error: no: 2, msg: Creating default object from empty value on line 75 in file /data/code/tcsb/service/lib/nusoap.php uri: /service/service.php, post: []
2016-12-16 10:27:14 INFO AddIdentifyResult: 10246,015630206957,0,ver/12/16/102737_015630206957.wav
2016-12-16 10:40:45 INFO PHP Unknown Error: no: 2, msg: Creating default object from empty value on line 75 in file /data/code/tcsb/service/lib/nusoap.php uri: /service/service.php, post: []
2016-12-16 10:40:45 INFO AddIdentifyResult: 10247,013006546559,-1,
2016-12-16 10:41:00 INFO PHP Unknown Error: no: 2, msg: Creating default object from empty value on line 75 in file /data/code/tcsb/service/lib/nusoap.php uri: /service/service.php, post: []
2016-12-16 10:41:00 INFO AddIdentifyResult: 10248,013006546559,-1,
2016-12-16 10:41:06 INFO PHP Unknown Error: no: 2, msg: Creating default object from empty value on line 75 in file /data/code/tcsb/service/lib/nusoap.php uri: /service/service.php, post: []
2016-12-16 10:41:06 INFO AddIdentifyResult: 10248,013006546559,-3,
2016-12-16 10:42:58 INFO PHP Unknown Error: no: 2, msg: Creating default object from empty value on line 75 in file /data/code/tcsb/service/lib/nusoap.php uri: /service/service.php, post: []
2016-12-16 10:42:58 INFO AddIdentifyResult: 10248,013006546559,12,
2016-12-16 10:43:06 INFO PHP Unknown Error: no: 2, msg: Creating default object from empty value on line 75 in file /data/code/tcsb/service/lib/nusoap.php uri: /service/service.php, post: []
2016-12-16 10:43:06 INFO AddIdentifyResult: 10248,013006546559,10,reg/013006546559_1216104221|reg/013006546559_1216104221|reg/013006546559_
2016-12-16 10:50:56 INFO PHP Unknown Error: no: 2, msg: Creating default object from empty value on line 75 in file /data/code/tcsb/service/lib/nusoap.php uri: /service/service.php, post: []
2016-12-16 10:50:56 INFO AddIdentifyResult: 10249,013006546628,-1,
2016-12-16 10:51:04 INFO PHP Unknown Error: no: 2, msg: Creating default object from empty value on line 75 in file /data/code/tcsb/service/lib/nusoap.php uri: /service/service.php, post: []
2016-12-16 10:51:04 INFO AddIdentifyResult: 10249,013006546628,-3,
2016-12-16 10:52:51 INFO PHP Unknown Error: no: 2, msg: Creating default object from empty value on line 75 in file /data/code/tcsb/service/lib/nusoap.php uri: /service/service.php, post: []
2016-12-16 10:52:51 INFO AddIdentifyResult: 10249,013006546628,12,
2016-12-16 10:52:59 INFO PHP Unknown Error: no: 2, msg: Creating default object from empty value on line 75 in file /data/code/tcsb/service/lib/nusoap.php uri: /service/service.php, post: []
2016-12-16 10:52:59 INFO AddIdentifyResult: 10249,013006546628,10,reg/013006546628_1216105219|reg/013006546628_1216105219|reg/013006546628_
2016-12-16 10:56:17 INFO PHP Unknown Error: no: 2, msg: Creating default object from empty value on line 75 in file /data/code/tcsb/service/lib/nusoap.php uri: /service/service.php, post: []
2016-12-16 10:56:17 INFO AddIdentifyResult: 10250,013006546875,-1,
2016-12-16 10:56:24 INFO PHP Unknown Error: no: 2, msg: Creating default object from empty value on line 75 in file /data/code/tcsb/service/lib/nusoap.php uri: /service/service.php, post: []
2016-12-16 10:56:24 INFO AddIdentifyResult: 10250,013006546875,-3,
2016-12-16 10:57:36 INFO PHP Unknown Error: no: 2, msg: Creating default object from empty value on line 75 in file /data/code/tcsb/service/lib/nusoap.php uri: /service/service.php, post: []
2016-12-16 10:57:36 INFO AddIdentifyResult: 10251,015933986173,-1,
2016-12-16 10:58:04 INFO PHP Unknown Error: no: 2, msg: Creating default object from empty value on line 75 in file /data/code/tcsb/service/lib/nusoap.php uri: /service/service.php, post: []
2016-12-16 10:58:04 INFO AddIdentifyResult: 10251,015933986173,-3,
2016-12-16 10:58:53 INFO PHP Unknown Error: no: 2, msg: Creating default object from empty value on line 75 in file /data/code/tcsb/service/lib/nusoap.php uri: /service/service.php, post: []
2016-12-16 10:58:53 INFO AddIdentifyResult: 10250,013006546875,12,
2016-12-16 10:59:00 INFO PHP Unknown Error: no: 2, msg: Creating default object from empty value on line 75 in file /data/code/tcsb/service/lib/nusoap.php uri: /service/service.php, post: []
2016-12-16 10:59:00 INFO AddIdentifyResult: 10250,013006546875,10,reg/013006546875_1216105943|reg/013006546875_1216105943|reg/013006546875_1216105740
2016-12-16 10:59:22 INFO PHP Unknown Error: no: 2, msg: Creating default object from empty value on line 75 in file /data/code/tcsb/service/lib/nusoap.php uri: /service/service.php, post: []
2016-12-16 10:59:22 INFO AddIdentifyResult: 10252,015166270129,-1,
2016-12-16 10:59:32 INFO PHP Unknown Error: no: 2, msg: Creating default object from empty value on line 75 in file /data/code/tcsb/service/lib/nusoap.php uri: /service/service.php, post: []
2016-12-16 10:59:32 INFO AddIdentifyResult: 10252,015166270129,-3,
2016-12-16 10:59:51 INFO PHP Unknown Error: no: 2, msg: Creating default object from empty value on line 75 in file /data/code/tcsb/service/lib/nusoap.php uri: /service/service.php, post: []
2016-12-16 10:59:51 INFO AddIdentifyResult: 10251,015933986173,12,
2016-12-16 10:59:58 INFO PHP Unknown Error: no: 2, msg: Creating default object from empty value on line 75 in file /data/code/tcsb/service/lib/nusoap.php uri: /service/service.php, post: []
2016-12-16 10:59:58 INFO AddIdentifyResult: 10251,015933986173,10,reg/015933986173_1216110043|reg/015933986173_1216110043|reg/015933986173_1216105920
2016-12-16 11:00:06 INFO PHP Unknown Error: no: 2, msg: Creating default object from empty value on line 75 in file /data/code/tcsb/service/lib/nusoap.php uri: /service/service.php, post: []
2016-12-16 11:00:06 INFO AddIdentifyResult: 10253,015933986173,-1,
2016-12-16 11:00:19 INFO PHP Unknown Error: no: 2, msg: Creating default object from empty value on line 75 in file /data/code/tcsb/service/lib/nusoap.php uri: /service/service.php, post: []
2016-12-16 11:00:19 INFO AddIdentifyResult: 10253,015933986173,-3,
2016-12-16 11:01:11 INFO PHP Unknown Error: no: 2, msg: Creating default object from empty value on line 75 in file /data/code/tcsb/service/lib/nusoap.php uri: /service/service.php, post: []
2016-12-16 11:01:11 INFO AddIdentifyResult: 10253,015933986173,0,ver/12/16/110135_015933986173.wav
2016-12-16 11:01:34 INFO PHP Unknown Error: no: 2, msg: Creating default object from empty value on line 75 in file /data/code/tcsb/service/lib/nusoap.php uri: /service/service.php, post: []
2016-12-16 11:01:34 INFO AddIdentifyResult: 10254,015633214368,-1,
2016-12-16 11:02:23 INFO PHP Unknown Error: no: 2, msg: Creating default object from empty value on line 75 in file /data/code/tcsb/service/lib/nusoap.php uri: /service/service.php, post: []
2016-12-16 11:02:23 INFO AddIdentifyResult: 10252,015166270129,12,
2016-12-16 11:02:30 INFO PHP Unknown Error: no: 2, msg: Creating default object from empty value on line 75 in file /data/code/tcsb/service/lib/nusoap.php uri: /service/service.php, post: []
2016-12-16 11:02:30 INFO AddIdentifyResult: 10252,015166270129,10,reg/015166270129_1216110304|reg/015166270129_1216110304|reg/015166270129_1216110047
2016-12-16 11:03:46 INFO PHP Unknown Error: no: 2, msg: Creating default object from empty value on line 75 in file /data/code/tcsb/service/lib/nusoap.php uri: /service/service.php, post: []
2016-12-16 11:03:46 INFO AddIdentifyResult: 10255,015632214368,-1,
2016-12-16 11:04:02 INFO PHP Unknown Error: no: 2, msg: Creating default object from empty value on line 75 in file /data/code/tcsb/service/lib/nusoap.php uri: /service/service.php, post: []
2016-12-16 11:04:02 INFO AddIdentifyResult: 10255,015632214368,-3,
2016-12-16 11:04:07 INFO PHP Unknown Error: no: 2, msg: Creating default object from empty value on line 75 in file /data/code/tcsb/service/lib/nusoap.php uri: /service/service.php, post: []
2016-12-16 11:04:07 INFO AddIdentifyResult: 10255,015632214368,11,reg/015632214368_|reg/015632214368_|reg/015632214368_
2016-12-16 11:05:20 INFO PHP Unknown Error: no: 2, msg: Creating default object from empty value on line 75 in file /data/code/tcsb/service/lib/nusoap.php uri: /service/service.php, post: []
2016-12-16 11:05:20 INFO AddIdentifyResult: 10256,015533214368,-1,
2016-12-16 11:05:27 INFO PHP Unknown Error: no: 2, msg: Creating default object from empty value on line 75 in file /data/code/tcsb/service/lib/nusoap.php uri: /service/service.php, post: []
2016-12-16 11:05:27 INFO AddIdentifyResult: 10256,015533214368,-3,
2016-12-16 11:06:56 INFO PHP Unknown Error: no: 2, msg: Creating default object from empty value on line 75 in file /data/code/tcsb/service/lib/nusoap.php uri: /service/service.php, post: []
2016-12-16 11:06:56 INFO AddIdentifyResult: 10256,015533214368,12,
2016-12-16 11:07:03 INFO PHP Unknown Error: no: 2, msg: Creating default object from empty value on line 75 in file /data/code/tcsb/service/lib/nusoap.php uri: /service/service.php, post: []
2016-12-16 11:07:03 INFO AddIdentifyResult: 10256,015533214368,10,reg/015533214368_1216110643|reg/015533214368_1216110643|reg/015533214368_
2016-12-16 11:07:10 INFO PHP Unknown Error: no: 2, msg: Creating default object from empty value on line 75 in file /data/code/tcsb/service/lib/nusoap.php uri: /service/service.php, post: []
2016-12-16 11:07:10 INFO AddIdentifyResult: 10257,015533214368,-1,
2016-12-16 11:07:15 INFO PHP Unknown Error: no: 2, msg: Creating default object from empty value on line 75 in file /data/code/tcsb/service/lib/nusoap.php uri: /service/service.php, post: []
2016-12-16 11:07:15 INFO AddIdentifyResult: 10257,015533214368,-3,
2016-12-16 11:08:08 INFO PHP Unknown Error: no: 2, msg: Creating default object from empty value on line 75 in file /data/code/tcsb/service/lib/nusoap.php uri: /service/service.php, post: []
2016-12-16 11:08:08 INFO AddIdentifyResult: 10257,015533214368,0,ver/12/16/110831_015533214368.wav
2016-12-16 11:22:45 INFO PHP Unknown Error: no: 2, msg: Creating default object from empty value on line 75 in file /data/code/tcsb/service/lib/nusoap.php uri: /service/service.php, post: []
2016-12-16 11:22:45 INFO AddIdentifyResult: 10258,015231254663,-1,
2016-12-16 11:22:52 INFO PHP Unknown Error: no: 2, msg: Creating default object from empty value on line 75 in file /data/code/tcsb/service/lib/nusoap.php uri: /service/service.php, post: []
2016-12-16 11:22:52 INFO AddIdentifyResult: 10258,015231254663,-3,
2016-12-16 11:24:19 INFO PHP Unknown Error: no: 2, msg: Creating default object from empty value on line 75 in file /data/code/tcsb/service/lib/nusoap.php uri: /service/service.php, post: []
2016-12-16 11:24:19 INFO AddIdentifyResult: 10258,015231254663,12,
2016-12-16 11:24:25 INFO PHP Unknown Error: no: 2, msg: Creating default object from empty value on line 75 in file /data/code/tcsb/service/lib/nusoap.php uri: /service/service.php, post: []
2016-12-16 11:24:25 INFO AddIdentifyResult: 10258,015231254663,10,reg/015231254663_1216112408|reg/015231254663_1216112408|reg/015231254663_
2016-12-16 11:24:33 INFO PHP Unknown Error: no: 2, msg: Creating default object from empty value on line 75 in file /data/code/tcsb/service/lib/nusoap.php uri: /service/service.php, post: []
2016-12-16 11:24:33 INFO AddIdentifyResult: 10259,015231254663,-1,
2016-12-16 11:24:41 INFO PHP Unknown Error: no: 2, msg: Creating default object from empty value on line 75 in file /data/code/tcsb/service/lib/nusoap.php uri: /service/service.php, post: []
2016-12-16 11:24:41 INFO AddIdentifyResult: 10259,015231254663,-3,
2016-12-16 11:25:34 INFO PHP Unknown Error: no: 2, msg: Creating default object from empty value on line 75 in file /data/code/tcsb/service/lib/nusoap.php uri: /service/service.php, post: []
2016-12-16 11:25:34 INFO AddIdentifyResult: 10259,015231254663,0,ver/12/16/112557_015231254663.wav
2016-12-16 11:31:44 INFO PHP Unknown Error: no: 2, msg: Creating default object from empty value on line 75 in file /data/code/tcsb/service/lib/nusoap.php uri: /service/service.php, post: []
2016-12-16 11:31:44 INFO AddIdentifyResult: 10260,013006547537,-1,
2016-12-16 11:31:55 INFO PHP Unknown Error: no: 2, msg: Creating default object from empty value on line 75 in file /data/code/tcsb/service/lib/nusoap.php uri: /service/service.php, post: []
2016-12-16 11:31:55 INFO AddIdentifyResult: 10260,013006547537,-3,
2016-12-16 11:33:31 INFO PHP Unknown Error: no: 2, msg: Creating default object from empty value on line 75 in file /data/code/tcsb/service/lib/nusoap.php uri: /service/service.php, post: []
2016-12-16 11:33:31 INFO AddIdentifyResult: 10260,013006547537,12,
2016-12-16 11:33:37 INFO PHP Unknown Error: no: 2, msg: Creating default object from empty value on line 75 in file /data/code/tcsb/service/lib/nusoap.php uri: /service/service.php, post: []
2016-12-16 11:33:37 INFO AddIdentifyResult: 10260,013006547537,10,reg/013006547537_1216113311|reg/013006547537_1216113311|reg/013006547537_
2016-12-16 11:41:48 INFO PHP Unknown Error: no: 2, msg: Creating default object from empty value on line 75 in file /data/code/tcsb/service/lib/nusoap.php uri: /service/service.php, post: []
2016-12-16 11:41:48 INFO AddIdentifyResult: 10261,013006548153,-1,
2016-12-16 11:41:54 INFO PHP Unknown Error: no: 2, msg: Creating default object from empty value on line 75 in file /data/code/tcsb/service/lib/nusoap.php uri: /service/service.php, post: []
2016-12-16 11:41:54 INFO AddIdentifyResult: 10261,013006548153,-3,
2016-12-16 11:44:23 INFO PHP Unknown Error: no: 2, msg: Creating default object from empty value on line 75 in file /data/code/tcsb/service/lib/nusoap.php uri: /service/service.php, post: []
2016-12-16 11:44:23 INFO AddIdentifyResult: 10261,013006548153,12,
2016-12-16 11:44:32 INFO PHP Unknown Error: no: 2, msg: Creating default object from empty value on line 75 in file /data/code/tcsb/service/lib/nusoap.php uri: /service/service.php, post: []
2016-12-16 11:44:32 INFO AddIdentifyResult: 10261,013006548153,10,reg/013006548153_1216114447|reg/013006548153_1216114447|reg/013006548153_1216114310
2016-12-16 11:44:58 INFO PHP Unknown Error: no: 2, msg: Creating default object from empty value on line 75 in file /data/code/tcsb/service/lib/nusoap.php uri: /service/service.php, post: []
2016-12-16 11:44:58 INFO AddIdentifyResult: 10262,013006548953,-1,
2016-12-16 11:45:11 INFO PHP Unknown Error: no: 2, msg: Creating default object from empty value on line 75 in file /data/code/tcsb/service/lib/nusoap.php uri: /service/service.php, post: []
2016-12-16 11:45:11 INFO AddIdentifyResult: 10262,013006548953,-3,
2016-12-16 11:46:47 INFO PHP Unknown Error: no: 2, msg: Creating default object from empty value on line 75 in file /data/code/tcsb/service/lib/nusoap.php uri: /service/service.php, post: []
2016-12-16 11:46:47 INFO AddIdentifyResult: 10262,013006548953,12,
2016-12-16 11:46:54 INFO PHP Unknown Error: no: 2, msg: Creating default object from empty value on line 75 in file /data/code/tcsb/service/lib/nusoap.php uri: /service/service.php, post: []
2016-12-16 11:46:54 INFO AddIdentifyResult: 10262,013006548953,10,reg/013006548953_1216114626|reg/013006548953_1216114626|reg/013006548953_
2016-12-16 11:46:57 INFO PHP Unknown Error: no: 2, msg: Creating default object from empty value on line 75 in file /data/code/tcsb/service/lib/nusoap.php uri: /service/service.php, post: []
2016-12-16 11:46:57 INFO AddIdentifyResult: 10263,013153414453,-1,
2016-12-16 11:47:10 INFO PHP Unknown Error: no: 2, msg: Creating default object from empty value on line 75 in file /data/code/tcsb/service/lib/nusoap.php uri: /service/service.php, post: []
2016-12-16 11:47:10 INFO AddIdentifyResult: 10263,013153414453,-3,
2016-12-16 11:49:11 INFO PHP Unknown Error: no: 2, msg: Creating default object from empty value on line 75 in file /data/code/tcsb/service/lib/nusoap.php uri: /service/service.php, post: []
2016-12-16 11:49:11 INFO AddIdentifyResult: 10263,013153414453,12,
2016-12-16 11:49:17 INFO PHP Unknown Error: no: 2, msg: Creating default object from empty value on line 75 in file /data/code/tcsb/service/lib/nusoap.php uri: /service/service.php, post: []
2016-12-16 11:49:17 INFO AddIdentifyResult: 10263,013153414453,10,reg/013153414453_1216114956|reg/013153414453_1216114956|reg/013153414453_1216114826
2016-12-16 11:49:31 INFO PHP Unknown Error: no: 2, msg: Creating default object from empty value on line 75 in file /data/code/tcsb/service/lib/nusoap.php uri: /service/service.php, post: []
2016-12-16 11:49:31 INFO AddIdentifyResult: 10264,013006548372,-1,
2016-12-16 11:49:42 INFO PHP Unknown Error: no: 2, msg: Creating default object from empty value on line 75 in file /data/code/tcsb/service/lib/nusoap.php uri: /service/service.php, post: []
2016-12-16 11:49:42 INFO AddIdentifyResult: 10264,013006548372,-3,
2016-12-16 11:51:05 INFO PHP Unknown Error: no: 2, msg: Creating default object from empty value on line 75 in file /data/code/tcsb/service/lib/nusoap.php uri: /service/service.php, post: []
2016-12-16 11:51:05 INFO AddIdentifyResult: 10264,013006548372,12,
2016-12-16 11:51:12 INFO PHP Unknown Error: no: 2, msg: Creating default object from empty value on line 75 in file /data/code/tcsb/service/lib/nusoap.php uri: /service/service.php, post: []
2016-12-16 11:51:12 INFO AddIdentifyResult: 10264,013006548372,10,reg/013006548372_1216115058|reg/013006548372_1216115058|reg/013006548372_
2016-12-16 11:53:47 INFO PHP Unknown Error: no: 2, msg: Creating default object from empty value on line 75 in file /data/code/tcsb/service/lib/nusoap.php uri: /service/service.php, post: []
2016-12-16 11:53:47 INFO AddIdentifyResult: 10265,015275462963,-1,
2016-12-16 11:53:55 INFO PHP Unknown Error: no: 2, msg: Creating default object from empty value on line 75 in file /data/code/tcsb/service/lib/nusoap.php uri: /service/service.php, post: []
2016-12-16 11:53:55 INFO AddIdentifyResult: 10265,015275462963,-3,
2016-12-16 11:55:39 INFO PHP Unknown Error: no: 2, msg: Creating default object from empty value on line 75 in file /data/code/tcsb/service/lib/nusoap.php uri: /service/service.php, post: []
2016-12-16 11:55:39 INFO AddIdentifyResult: 10265,015275462963,12,
2016-12-16 11:55:47 INFO PHP Unknown Error: no: 2, msg: Creating default object from empty value on line 75 in file /data/code/tcsb/service/lib/nusoap.php uri: /service/service.php, post: []
2016-12-16 11:55:47 INFO AddIdentifyResult: 10265,015275462963,10,reg/015275462963_1216115511|reg/015275462963_1216115511|reg/015275462963_
2016-12-16 11:55:52 INFO PHP Unknown Error: no: 2, msg: Creating default object from empty value on line 75 in file /data/code/tcsb/service/lib/nusoap.php uri: /service/service.php, post: []
2016-12-16 11:55:52 INFO AddIdentifyResult: 10266,013012901736,-1,
2016-12-16 11:56:00 INFO PHP Unknown Error: no: 2, msg: Creating default object from empty value on line 75 in file /data/code/tcsb/service/lib/nusoap.php uri: /service/service.php, post: []
2016-12-16 11:56:00 INFO AddIdentifyResult: 10266,013012901736,-3,
2016-12-16 11:57:20 INFO PHP Unknown Error: no: 2, msg: Creating default object from empty value on line 75 in file /data/code/tcsb/service/lib/nusoap.php uri: /service/service.php, post: []
2016-12-16 11:57:20 INFO AddIdentifyResult: 10266,013012901736,12,
2016-12-16 11:57:26 INFO PHP Unknown Error: no: 2, msg: Creating default object from empty value on line 75 in file /data/code/tcsb/service/lib/nusoap.php uri: /service/service.php, post: []
2016-12-16 11:57:26 INFO AddIdentifyResult: 10266,013012901736,10,reg/013012901736_1216115716|reg/013012901736_1216115716|reg/013012901736_
2016-12-16 12:12:10 INFO PHP Unknown Error: no: 2, msg: Creating default object from empty value on line 75 in file /data/code/tcsb/service/lib/nusoap.php uri: /service/service.php, post: []
2016-12-16 12:12:10 INFO AddIdentifyResult: 10267,013012901953,-1,
2016-12-16 12:12:16 INFO PHP Unknown Error: no: 2, msg: Creating default object from empty value on line 75 in file /data/code/tcsb/service/lib/nusoap.php uri: /service/service.php, post: []
2016-12-16 12:12:16 INFO AddIdentifyResult: 10267,013012901953,-3,
2016-12-16 12:14:05 INFO PHP Unknown Error: no: 2, msg: Creating default object from empty value on line 75 in file /data/code/tcsb/service/lib/nusoap.php uri: /service/service.php, post: []
2016-12-16 12:14:05 INFO AddIdentifyResult: 10267,013012901953,12,
2016-12-16 12:14:12 INFO PHP Unknown Error: no: 2, msg: Creating default object from empty value on line 75 in file /data/code/tcsb/service/lib/nusoap.php uri: /service/service.php, post: []
2016-12-16 12:14:12 INFO AddIdentifyResult: 10267,013012901953,10,reg/013012901953_1216121449|reg/013012901953_1216121449|reg/013012901953_1216121332
2016-12-16 13:08:22 INFO PHP Unknown Error: no: 2, msg: Creating default object from empty value on line 75 in file /data/code/tcsb/service/lib/nusoap.php uri: /service/service.php, post: []
2016-12-16 13:08:22 INFO AddIdentifyResult: 10268,013578708248,-1,
2016-12-16 13:32:08 INFO PHP Unknown Error: no: 2, msg: Creating default object from empty value on line 75 in file /data/code/tcsb/service/lib/nusoap.php uri: /service/service.php, post: []
2016-12-16 13:32:08 INFO AddIdentifyResult: 10269,013854624258,-1,
2016-12-16 13:32:15 INFO PHP Unknown Error: no: 2, msg: Creating default object from empty value on line 75 in file /data/code/tcsb/service/lib/nusoap.php uri: /service/service.php, post: []
2016-12-16 13:32:15 INFO AddIdentifyResult: 10269,013854624258,-3,
2016-12-16 13:36:44 INFO PHP Unknown Error: no: 2, msg: Creating default object from empty value on line 75 in file /data/code/tcsb/service/lib/nusoap.php uri: /service/service.php, post: []
2016-12-16 13:36:44 INFO AddIdentifyResult: 10269,013854624258,11,reg/013854624258_|reg/013854624258_|reg/013854624258_
2016-12-16 13:37:38 INFO PHP Unknown Error: no: 2, msg: Creating default object from empty value on line 75 in file /data/code/tcsb/service/lib/nusoap.php uri: /service/service.php, post: []
2016-12-16 13:37:38 INFO AddIdentifyResult: 10270,013854624258,-1,
2016-12-16 13:37:50 INFO PHP Unknown Error: no: 2, msg: Creating default object from empty value on line 75 in file /data/code/tcsb/service/lib/nusoap.php uri: /service/service.php, post: []
2016-12-16 13:37:50 INFO AddIdentifyResult: 10270,013854624258,-3,
2016-12-16 13:39:33 INFO PHP Unknown Error: no: 2, msg: Creating default object from empty value on line 75 in file /data/code/tcsb/service/lib/nusoap.php uri: /service/service.php, post: []
2016-12-16 13:39:33 INFO AddIdentifyResult: 10270,013854624258,12,
2016-12-16 13:39:39 INFO PHP Unknown Error: no: 2, msg: Creating default object from empty value on line 75 in file /data/code/tcsb/service/lib/nusoap.php uri: /service/service.php, post: []
2016-12-16 13:39:39 INFO AddIdentifyResult: 10270,013854624258,10,reg/013854624258_1216133906|reg/013854624258_1216133906|reg/013854624258_
2016-12-16 14:35:28 INFO PHP Unknown Error: no: 2, msg: Creating default object from empty value on line 75 in file /data/code/tcsb/service/lib/nusoap.php uri: /service/service.php, post: []
2016-12-16 14:35:28 INFO AddIdentifyResult: 10271,013012902631,-1,
2016-12-16 14:35:33 INFO PHP Unknown Error: no: 2, msg: Creating default object from empty value on line 75 in file /data/code/tcsb/service/lib/nusoap.php uri: /service/service.php, post: []
2016-12-16 14:35:33 INFO AddIdentifyResult: 10271,013012902631,-3,
2016-12-16 14:37:29 INFO PHP Unknown Error: no: 2, msg: Creating default object from empty value on line 75 in file /data/code/tcsb/service/lib/nusoap.php uri: /service/service.php, post: []
2016-12-16 14:37:29 INFO AddIdentifyResult: 10271,013012902631,12,
2016-12-16 14:37:37 INFO PHP Unknown Error: no: 2, msg: Creating default object from empty value on line 75 in file /data/code/tcsb/service/lib/nusoap.php uri: /service/service.php, post: []
2016-12-16 14:37:37 INFO AddIdentifyResult: 10271,013012902631,10,reg/013012902631_1216143650|reg/013012902631_1216143650|reg/013012902631_
2016-12-16 14:38:05 INFO PHP Unknown Error: no: 2, msg: Creating default object from empty value on line 75 in file /data/code/tcsb/service/lib/nusoap.php uri: /service/service.php, post: []
2016-12-16 14:38:05 INFO AddIdentifyResult: 10272,013012902985,-1,
2016-12-16 14:38:10 INFO PHP Unknown Error: no: 2, msg: Creating default object from empty value on line 75 in file /data/code/tcsb/service/lib/nusoap.php uri: /service/service.php, post: []
2016-12-16 14:38:10 INFO AddIdentifyResult: 10272,013012902985,-3,
2016-12-16 14:39:35 INFO PHP Unknown Error: no: 2, msg: Creating default object from empty value on line 75 in file /data/code/tcsb/service/lib/nusoap.php uri: /service/service.php, post: []
2016-12-16 14:39:35 INFO AddIdentifyResult: 10272,013012902985,12,
2016-12-16 14:39:42 INFO PHP Unknown Error: no: 2, msg: Creating default object from empty value on line 75 in file /data/code/tcsb/service/lib/nusoap.php uri: /service/service.php, post: []
2016-12-16 14:39:42 INFO AddIdentifyResult: 10272,013012902985,10,reg/013012902985_1216143926|reg/013012902985_1216143926|reg/013012902985_
2016-12-16 15:13:26 INFO PHP Unknown Error: no: 2, msg: Creating default object from empty value on line 75 in file /data/code/tcsb/service/lib/nusoap.php uri: /service/service.php, post: []
2016-12-16 15:13:26 INFO AddIdentifyResult: 10273,18986459593,-1,
2016-12-16 15:13:33 INFO PHP Unknown Error: no: 2, msg: Creating default object from empty value on line 75 in file /data/code/tcsb/service/lib/nusoap.php uri: /service/service.php, post: []
2016-12-16 15:13:33 INFO AddIdentifyResult: 10273,18986459593,-3,
2016-12-16 15:15:20 INFO PHP Unknown Error: no: 2, msg: Creating default object from empty value on line 75 in file /data/code/tcsb/service/lib/nusoap.php uri: /service/service.php, post: []
2016-12-16 15:15:20 INFO AddIdentifyResult: 10273,18986459593,12,
2016-12-16 15:15:26 INFO PHP Unknown Error: no: 2, msg: Creating default object from empty value on line 75 in file /data/code/tcsb/service/lib/nusoap.php uri: /service/service.php, post: []
2016-12-16 15:15:26 INFO AddIdentifyResult: 10273,18986459593,10,reg/18986459593_1216151450|reg/18986459593_1216151450|reg/18986459593_
2016-12-16 15:16:16 INFO PHP Unknown Error: no: 2, msg: Creating default object from empty value on line 75 in file /data/code/tcsb/service/lib/nusoap.php uri: /service/service.php, post: []
2016-12-16 15:16:16 INFO AddIdentifyResult: 10274,18986459593,-1,
2016-12-16 15:16:22 INFO PHP Unknown Error: no: 2, msg: Creating default object from empty value on line 75 in file /data/code/tcsb/service/lib/nusoap.php uri: /service/service.php, post: []
2016-12-16 15:16:22 INFO AddIdentifyResult: 10274,18986459593,-3,
2016-12-16 15:16:42 INFO PHP Unknown Error: no: 2, msg: Creating default object from empty value on line 75 in file /data/code/tcsb/service/lib/nusoap.php uri: /service/service.php, post: []
2016-12-16 15:16:42 INFO AddIdentifyResult: 10275,013012913500,-1,
2016-12-16 15:16:56 INFO PHP Unknown Error: no: 2, msg: Creating default object from empty value on line 75 in file /data/code/tcsb/service/lib/nusoap.php uri: /service/service.php, post: []
2016-12-16 15:16:56 INFO AddIdentifyResult: 10275,013012913500,-3,
2016-12-16 15:17:14 INFO PHP Unknown Error: no: 2, msg: Creating default object from empty value on line 75 in file /data/code/tcsb/service/lib/nusoap.php uri: /service/service.php, post: []
2016-12-16 15:17:14 INFO AddIdentifyResult: 10274,18986459593,1,ver/12/16/151739_18986459593.wav
2016-12-16 15:17:32 INFO PHP Unknown Error: no: 2, msg: Creating default object from empty value on line 75 in file /data/code/tcsb/service/lib/nusoap.php uri: /service/service.php, post: []
2016-12-16 15:17:32 INFO AddIdentifyResult: 10276,18986459593,-1,
2016-12-16 15:17:42 INFO PHP Unknown Error: no: 2, msg: Creating default object from empty value on line 75 in file /data/code/tcsb/service/lib/nusoap.php uri: /service/service.php, post: []
2016-12-16 15:17:42 INFO AddIdentifyResult: 10276,18986459593,-3,
2016-12-16 15:18:05 INFO PHP Unknown Error: no: 2, msg: Creating default object from empty value on line 75 in file /data/code/tcsb/service/lib/nusoap.php uri: /service/service.php, post: []
2016-12-16 15:18:05 INFO AddIdentifyResult: 10276,18986459593,1,
2016-12-16 15:18:07 INFO PHP Unknown Error: no: 2, msg: Creating default object from empty value on line 75 in file /data/code/tcsb/service/lib/nusoap.php uri: /service/service.php, post: []
2016-12-16 15:18:07 INFO AddIdentifyResult: 10277,18986459593,-1,
2016-12-16 15:18:20 INFO PHP Unknown Error: no: 2, msg: Creating default object from empty value on line 75 in file /data/code/tcsb/service/lib/nusoap.php uri: /service/service.php, post: []
2016-12-16 15:18:20 INFO AddIdentifyResult: 10277,18986459593,-3,
2016-12-16 15:18:29 INFO PHP Unknown Error: no: 2, msg: Creating default object from empty value on line 75 in file /data/code/tcsb/service/lib/nusoap.php uri: /service/service.php, post: []
2016-12-16 15:18:29 INFO AddIdentifyResult: 10275,013012913500,12,
2016-12-16 15:18:37 INFO PHP Unknown Error: no: 2, msg: Creating default object from empty value on line 75 in file /data/code/tcsb/service/lib/nusoap.php uri: /service/service.php, post: []
2016-12-16 15:18:37 INFO AddIdentifyResult: 10275,013012913500,10,reg/013012913500_1216151812|reg/013012913500_1216151812|reg/013012913500_
2016-12-16 15:19:11 INFO PHP Unknown Error: no: 2, msg: Creating default object from empty value on line 75 in file /data/code/tcsb/service/lib/nusoap.php uri: /service/service.php, post: []
2016-12-16 15:19:11 INFO AddIdentifyResult: 10277,18986459593,1,ver/12/16/151936_18986459593.wav
