2016-12-17 08:42:58 INFO PHP Unknown Error: no: 2, msg: Creating default object from empty value on line 75 in file /data/code/tcsb/service/lib/nusoap.php uri: /service/service.php, post: []
2016-12-17 08:42:58 INFO AddIdentifyResult: 10278,013012903127,-1,
2016-12-17 08:43:05 INFO PHP Unknown Error: no: 2, msg: Creating default object from empty value on line 75 in file /data/code/tcsb/service/lib/nusoap.php uri: /service/service.php, post: []
2016-12-17 08:43:05 INFO AddIdentifyResult: 10278,013012903127,-3,
2016-12-17 08:44:58 INFO PHP Unknown Error: no: 2, msg: Creating default object from empty value on line 75 in file /data/code/tcsb/service/lib/nusoap.php uri: /service/service.php, post: []
2016-12-17 08:44:58 INFO AddIdentifyResult: 10278,013012903127,12,
2016-12-17 08:45:06 INFO PHP Unknown Error: no: 2, msg: Creating default object from empty value on line 75 in file /data/code/tcsb/service/lib/nusoap.php uri: /service/service.php, post: []
2016-12-17 08:45:06 INFO AddIdentifyResult: 10278,013012903127,10,reg/013012903127_1217084425|reg/013012903127_1217084425|reg/013012903127_
2016-12-17 08:47:36 INFO PHP Unknown Error: no: 2, msg: Creating default object from empty value on line 75 in file /data/code/tcsb/service/lib/nusoap.php uri: /service/service.php, post: []
2016-12-17 08:47:36 INFO AddIdentifyResult: 10279,013012905018,-1,
2016-12-17 08:47:46 INFO PHP Unknown Error: no: 2, msg: Creating default object from empty value on line 75 in file /data/code/tcsb/service/lib/nusoap.php uri: /service/service.php, post: []
2016-12-17 08:47:46 INFO AddIdentifyResult: 10279,013012905018,-3,
2016-12-17 08:49:33 INFO PHP Unknown Error: no: 2, msg: Creating default object from empty value on line 75 in file /data/code/tcsb/service/lib/nusoap.php uri: /service/service.php, post: []
2016-12-17 08:49:33 INFO AddIdentifyResult: 10279,013012905018,12,
2016-12-17 08:49:41 INFO PHP Unknown Error: no: 2, msg: Creating default object from empty value on line 75 in file /data/code/tcsb/service/lib/nusoap.php uri: /service/service.php, post: []
2016-12-17 08:49:41 INFO AddIdentifyResult: 10279,013012905018,10,reg/013012905018_1217084906|reg/013012905018_1217084906|reg/013012905018_
2016-12-17 08:56:44 INFO PHP Unknown Error: no: 2, msg: Creating default object from empty value on line 75 in file /data/code/tcsb/service/lib/nusoap.php uri: /service/service.php, post: []
2016-12-17 08:56:44 INFO AddIdentifyResult: 10280,013012905157,-1,
2016-12-17 08:56:58 INFO PHP Unknown Error: no: 2, msg: Creating default object from empty value on line 75 in file /data/code/tcsb/service/lib/nusoap.php uri: /service/service.php, post: []
2016-12-17 08:56:58 INFO AddIdentifyResult: 10280,013012905157,-3,
2016-12-17 08:58:39 INFO PHP Unknown Error: no: 2, msg: Creating default object from empty value on line 75 in file /data/code/tcsb/service/lib/nusoap.php uri: /service/service.php, post: []
2016-12-17 08:58:39 INFO AddIdentifyResult: 10280,013012905157,12,
2016-12-17 08:58:47 INFO PHP Unknown Error: no: 2, msg: Creating default object from empty value on line 75 in file /data/code/tcsb/service/lib/nusoap.php uri: /service/service.php, post: []
2016-12-17 08:58:47 INFO AddIdentifyResult: 10280,013012905157,10,reg/013012905157_1217085817|reg/013012905157_1217085817|reg/013012905157_
2016-12-17 08:58:52 INFO PHP Unknown Error: no: 2, msg: Creating default object from empty value on line 75 in file /data/code/tcsb/service/lib/nusoap.php uri: /service/service.php, post: []
2016-12-17 08:58:52 INFO AddIdentifyResult: 10281,013864755995,-1,
2016-12-17 08:59:13 INFO PHP Unknown Error: no: 2, msg: Creating default object from empty value on line 75 in file /data/code/tcsb/service/lib/nusoap.php uri: /service/service.php, post: []
2016-12-17 08:59:13 INFO AddIdentifyResult: 10281,013864755995,-3,
2016-12-17 09:02:29 INFO PHP Unknown Error: no: 2, msg: Creating default object from empty value on line 75 in file /data/code/tcsb/service/lib/nusoap.php uri: /service/service.php, post: []
2016-12-17 09:02:29 INFO AddIdentifyResult: 10281,013864755995,11,reg/013864755995_|reg/013864755995_|reg/013864755995_
2016-12-17 09:02:55 INFO PHP Unknown Error: no: 2, msg: Creating default object from empty value on line 75 in file /data/code/tcsb/service/lib/nusoap.php uri: /service/service.php, post: []
2016-12-17 09:02:55 INFO AddIdentifyResult: 10282,013864755995,-1,
2016-12-17 09:03:28 INFO PHP Unknown Error: no: 2, msg: Creating default object from empty value on line 75 in file /data/code/tcsb/service/lib/nusoap.php uri: /service/service.php, post: []
2016-12-17 09:03:28 INFO AddIdentifyResult: 10283,013864755995,-1,
2016-12-17 09:03:41 INFO PHP Unknown Error: no: 2, msg: Creating default object from empty value on line 75 in file /data/code/tcsb/service/lib/nusoap.php uri: /service/service.php, post: []
2016-12-17 09:03:41 INFO AddIdentifyResult: 10283,013864755995,-3,
2016-12-17 09:06:15 INFO PHP Unknown Error: no: 2, msg: Creating default object from empty value on line 75 in file /data/code/tcsb/service/lib/nusoap.php uri: /service/service.php, post: []
2016-12-17 09:06:15 INFO AddIdentifyResult: 10283,013864755995,12,
2016-12-17 09:06:21 INFO PHP Unknown Error: no: 2, msg: Creating default object from empty value on line 75 in file /data/code/tcsb/service/lib/nusoap.php uri: /service/service.php, post: []
2016-12-17 09:06:21 INFO AddIdentifyResult: 10283,013864755995,10,reg/013864755995_1217090656|reg/013864755995_1217090656|reg/013864755995_1217090501
2016-12-17 09:09:02 INFO PHP Unknown Error: no: 2, msg: Creating default object from empty value on line 75 in file /data/code/tcsb/service/lib/nusoap.php uri: /service/service.php, post: []
2016-12-17 09:09:02 INFO AddIdentifyResult: 10284,013012903858,-1,
2016-12-17 09:09:18 INFO PHP Unknown Error: no: 2, msg: Creating default object from empty value on line 75 in file /data/code/tcsb/service/lib/nusoap.php uri: /service/service.php, post: []
2016-12-17 09:09:19 INFO AddIdentifyResult: 10284,013012903858,-3,
2016-12-17 09:11:39 INFO PHP Unknown Error: no: 2, msg: Creating default object from empty value on line 75 in file /data/code/tcsb/service/lib/nusoap.php uri: /service/service.php, post: []
2016-12-17 09:11:39 INFO AddIdentifyResult: 10284,013012903858,12,
2016-12-17 09:11:48 INFO PHP Unknown Error: no: 2, msg: Creating default object from empty value on line 75 in file /data/code/tcsb/service/lib/nusoap.php uri: /service/service.php, post: []
2016-12-17 09:11:48 INFO AddIdentifyResult: 10284,013012903858,10,reg/013012903858_1217091038|reg/013012903858_1217091038|reg/013012903858_
2016-12-17 09:14:52 INFO PHP Unknown Error: no: 2, msg: Creating default object from empty value on line 75 in file /data/code/tcsb/service/lib/nusoap.php uri: /service/service.php, post: []
2016-12-17 09:14:52 INFO AddIdentifyResult: 10285,013012905365,-1,
2016-12-17 09:15:03 INFO PHP Unknown Error: no: 2, msg: Creating default object from empty value on line 75 in file /data/code/tcsb/service/lib/nusoap.php uri: /service/service.php, post: []
2016-12-17 09:15:03 INFO AddIdentifyResult: 10285,013012905365,-3,
2016-12-17 09:15:56 INFO PHP Unknown Error: no: 2, msg: Creating default object from empty value on line 75 in file /data/code/tcsb/service/lib/nusoap.php uri: /service/service.php, post: []
2016-12-17 09:15:56 INFO AddIdentifyResult: 10285,013012905365,11,reg/013012905365_|reg/013012905365_|reg/013012905365_
2016-12-17 09:18:15 INFO PHP Unknown Error: no: 2, msg: Creating default object from empty value on line 75 in file /data/code/tcsb/service/lib/nusoap.php uri: /service/service.php, post: []
2016-12-17 09:18:15 INFO AddIdentifyResult: 10286,013012905365,-1,
2016-12-17 09:18:20 INFO PHP Unknown Error: no: 2, msg: Creating default object from empty value on line 75 in file /data/code/tcsb/service/lib/nusoap.php uri: /service/service.php, post: []
2016-12-17 09:18:20 INFO AddIdentifyResult: 10286,013012905365,-3,
2016-12-17 09:20:18 INFO PHP Unknown Error: no: 2, msg: Creating default object from empty value on line 75 in file /data/code/tcsb/service/lib/nusoap.php uri: /service/service.php, post: []
2016-12-17 09:20:18 INFO AddIdentifyResult: 10286,013012905365,12,
2016-12-17 09:20:27 INFO PHP Unknown Error: no: 2, msg: Creating default object from empty value on line 75 in file /data/code/tcsb/service/lib/nusoap.php uri: /service/service.php, post: []
2016-12-17 09:20:27 INFO AddIdentifyResult: 10286,013012905365,10,reg/013012905365_1217091939|reg/013012905365_1217091939|reg/013012905365_
2016-12-17 09:24:29 INFO PHP Unknown Error: no: 2, msg: Creating default object from empty value on line 75 in file /data/code/tcsb/service/lib/nusoap.php uri: /service/service.php, post: []
2016-12-17 09:24:29 INFO AddIdentifyResult: 10287,013012903817,-1,
2016-12-17 09:24:41 INFO PHP Unknown Error: no: 2, msg: Creating default object from empty value on line 75 in file /data/code/tcsb/service/lib/nusoap.php uri: /service/service.php, post: []
2016-12-17 09:24:41 INFO AddIdentifyResult: 10287,013012903817,-3,
2016-12-17 09:26:38 INFO PHP Unknown Error: no: 2, msg: Creating default object from empty value on line 75 in file /data/code/tcsb/service/lib/nusoap.php uri: /service/service.php, post: []
2016-12-17 09:26:38 INFO AddIdentifyResult: 10287,013012903817,12,
2016-12-17 09:26:48 INFO PHP Unknown Error: no: 2, msg: Creating default object from empty value on line 75 in file /data/code/tcsb/service/lib/nusoap.php uri: /service/service.php, post: []
2016-12-17 09:26:48 INFO AddIdentifyResult: 10287,013012903817,10,reg/013012903817_1217092601|reg/013012903817_1217092601|reg/013012903817_
2016-12-17 09:26:51 INFO PHP Unknown Error: no: 2, msg: Creating default object from empty value on line 75 in file /data/code/tcsb/service/lib/nusoap.php uri: /service/service.php, post: []
2016-12-17 09:26:51 INFO AddIdentifyResult: 10288,018766475598,-1,
2016-12-17 09:26:57 INFO PHP Unknown Error: no: 2, msg: Creating default object from empty value on line 75 in file /data/code/tcsb/service/lib/nusoap.php uri: /service/service.php, post: []
2016-12-17 09:26:57 INFO AddIdentifyResult: 10288,018766475598,-3,
2016-12-17 09:28:37 INFO PHP Unknown Error: no: 2, msg: Creating default object from empty value on line 75 in file /data/code/tcsb/service/lib/nusoap.php uri: /service/service.php, post: []
2016-12-17 09:28:37 INFO AddIdentifyResult: 10288,018766475598,12,
2016-12-17 09:28:45 INFO PHP Unknown Error: no: 2, msg: Creating default object from empty value on line 75 in file /data/code/tcsb/service/lib/nusoap.php uri: /service/service.php, post: []
2016-12-17 09:28:45 INFO AddIdentifyResult: 10288,018766475598,10,reg/018766475598_1217092816|reg/018766475598_1217092816|reg/018766475598_
2016-12-17 09:30:16 INFO PHP Unknown Error: no: 2, msg: Creating default object from empty value on line 75 in file /data/code/tcsb/service/lib/nusoap.php uri: /service/service.php, post: []
2016-12-17 09:30:16 INFO AddIdentifyResult: 10289,013645464528,-1,
2016-12-17 09:30:23 INFO PHP Unknown Error: no: 2, msg: Creating default object from empty value on line 75 in file /data/code/tcsb/service/lib/nusoap.php uri: /service/service.php, post: []
2016-12-17 09:30:23 INFO AddIdentifyResult: 10289,013645464528,-3,
2016-12-17 09:32:19 INFO PHP Unknown Error: no: 2, msg: Creating default object from empty value on line 75 in file /data/code/tcsb/service/lib/nusoap.php uri: /service/service.php, post: []
2016-12-17 09:32:19 INFO AddIdentifyResult: 10289,013645464528,12,
2016-12-17 09:32:27 INFO PHP Unknown Error: no: 2, msg: Creating default object from empty value on line 75 in file /data/code/tcsb/service/lib/nusoap.php uri: /service/service.php, post: []
2016-12-17 09:32:27 INFO AddIdentifyResult: 10289,013645464528,10,reg/013645464528_1217093143|reg/013645464528_1217093143|reg/013645464528_
2016-12-17 09:36:20 INFO PHP Unknown Error: no: 2, msg: Creating default object from empty value on line 75 in file /data/code/tcsb/service/lib/nusoap.php uri: /service/service.php, post: []
2016-12-17 09:36:20 INFO AddIdentifyResult: 10290,013012905508,-1,
2016-12-17 09:36:27 INFO PHP Unknown Error: no: 2, msg: Creating default object from empty value on line 75 in file /data/code/tcsb/service/lib/nusoap.php uri: /service/service.php, post: []
2016-12-17 09:36:27 INFO AddIdentifyResult: 10290,013012905508,-3,
2016-12-17 09:38:18 INFO PHP Unknown Error: no: 2, msg: Creating default object from empty value on line 75 in file /data/code/tcsb/service/lib/nusoap.php uri: /service/service.php, post: []
2016-12-17 09:38:18 INFO AddIdentifyResult: 10290,013012905508,12,
2016-12-17 09:38:26 INFO PHP Unknown Error: no: 2, msg: Creating default object from empty value on line 75 in file /data/code/tcsb/service/lib/nusoap.php uri: /service/service.php, post: []
2016-12-17 09:38:26 INFO AddIdentifyResult: 10290,013012905508,10,reg/013012905508_1217093747|reg/013012905508_1217093747|reg/013012905508_
2016-12-17 09:47:05 INFO PHP Unknown Error: no: 2, msg: Creating default object from empty value on line 75 in file /data/code/tcsb/service/lib/nusoap.php uri: /service/service.php, post: []
2016-12-17 09:47:05 INFO AddIdentifyResult: 10291,013012905617,-1,
2016-12-17 09:47:20 INFO PHP Unknown Error: no: 2, msg: Creating default object from empty value on line 75 in file /data/code/tcsb/service/lib/nusoap.php uri: /service/service.php, post: []
2016-12-17 09:47:20 INFO AddIdentifyResult: 10291,013012905617,-3,
2016-12-17 09:49:13 INFO PHP Unknown Error: no: 2, msg: Creating default object from empty value on line 75 in file /data/code/tcsb/service/lib/nusoap.php uri: /service/service.php, post: []
2016-12-17 09:49:13 INFO AddIdentifyResult: 10291,013012905617,12,
2016-12-17 09:49:20 INFO PHP Unknown Error: no: 2, msg: Creating default object from empty value on line 75 in file /data/code/tcsb/service/lib/nusoap.php uri: /service/service.php, post: []
2016-12-17 09:49:20 INFO AddIdentifyResult: 10291,013012905617,10,reg/013012905617_1217094840|reg/013012905617_1217094840|reg/013012905617_
2016-12-17 09:52:18 INFO PHP Unknown Error: no: 2, msg: Creating default object from empty value on line 75 in file /data/code/tcsb/service/lib/nusoap.php uri: /service/service.php, post: []
2016-12-17 09:52:18 INFO AddIdentifyResult: 10292,013012905630,-1,
2016-12-17 09:52:25 INFO PHP Unknown Error: no: 2, msg: Creating default object from empty value on line 75 in file /data/code/tcsb/service/lib/nusoap.php uri: /service/service.php, post: []
2016-12-17 09:52:25 INFO AddIdentifyResult: 10292,013012905630,-3,
2016-12-17 09:54:30 INFO PHP Unknown Error: no: 2, msg: Creating default object from empty value on line 75 in file /data/code/tcsb/service/lib/nusoap.php uri: /service/service.php, post: []
2016-12-17 09:54:30 INFO AddIdentifyResult: 10292,013012905630,12,
2016-12-17 09:54:39 INFO PHP Unknown Error: no: 2, msg: Creating default object from empty value on line 75 in file /data/code/tcsb/service/lib/nusoap.php uri: /service/service.php, post: []
2016-12-17 09:54:39 INFO AddIdentifyResult: 10292,013012905630,10,reg/013012905630_1217095345|reg/013012905630_1217095345|reg/013012905630_
2016-12-17 09:57:41 INFO PHP Unknown Error: no: 2, msg: Creating default object from empty value on line 75 in file /data/code/tcsb/service/lib/nusoap.php uri: /service/service.php, post: []
2016-12-17 09:57:41 INFO AddIdentifyResult: 10293,018754665701,-1,
2016-12-17 09:57:48 INFO PHP Unknown Error: no: 2, msg: Creating default object from empty value on line 75 in file /data/code/tcsb/service/lib/nusoap.php uri: /service/service.php, post: []
2016-12-17 09:57:48 INFO AddIdentifyResult: 10293,018754665701,-3,
2016-12-17 09:59:55 INFO PHP Unknown Error: no: 2, msg: Creating default object from empty value on line 75 in file /data/code/tcsb/service/lib/nusoap.php uri: /service/service.php, post: []
2016-12-17 09:59:55 INFO AddIdentifyResult: 10293,018754665701,12,
2016-12-17 10:00:02 INFO PHP Unknown Error: no: 2, msg: Creating default object from empty value on line 75 in file /data/code/tcsb/service/lib/nusoap.php uri: /service/service.php, post: []
2016-12-17 10:00:02 INFO AddIdentifyResult: 10293,018754665701,10,reg/018754665701_1217100038|reg/018754665701_1217100038|reg/018754665701_1217095907
2016-12-17 10:03:05 INFO PHP Unknown Error: no: 2, msg: Creating default object from empty value on line 75 in file /data/code/tcsb/service/lib/nusoap.php uri: /service/service.php, post: []
2016-12-17 10:03:05 INFO AddIdentifyResult: 10294,013012905662,-1,
2016-12-17 10:03:16 INFO PHP Unknown Error: no: 2, msg: Creating default object from empty value on line 75 in file /data/code/tcsb/service/lib/nusoap.php uri: /service/service.php, post: []
2016-12-17 10:03:16 INFO AddIdentifyResult: 10295,013012905662,-1,
2016-12-17 10:04:24 INFO PHP Unknown Error: no: 2, msg: Creating default object from empty value on line 75 in file /data/code/tcsb/service/lib/nusoap.php uri: /service/service.php, post: []
2016-12-17 10:04:24 INFO AddIdentifyResult: 10296,013012905662,-1,
2016-12-17 10:04:46 INFO PHP Unknown Error: no: 2, msg: Creating default object from empty value on line 75 in file /data/code/tcsb/service/lib/nusoap.php uri: /service/service.php, post: []
2016-12-17 10:04:46 INFO AddIdentifyResult: 10297,013012905662,-1,
2016-12-17 10:04:54 INFO PHP Unknown Error: no: 2, msg: Creating default object from empty value on line 75 in file /data/code/tcsb/service/lib/nusoap.php uri: /service/service.php, post: []
2016-12-17 10:04:54 INFO AddIdentifyResult: 10297,013012905662,-3,
2016-12-17 10:06:47 INFO PHP Unknown Error: no: 2, msg: Creating default object from empty value on line 75 in file /data/code/tcsb/service/lib/nusoap.php uri: /service/service.php, post: []
2016-12-17 10:06:47 INFO AddIdentifyResult: 10297,013012905662,12,
2016-12-17 10:06:54 INFO PHP Unknown Error: no: 2, msg: Creating default object from empty value on line 75 in file /data/code/tcsb/service/lib/nusoap.php uri: /service/service.php, post: []
2016-12-17 10:06:54 INFO AddIdentifyResult: 10297,013012905662,10,reg/013012905662_1217100614|reg/013012905662_1217100614|reg/013012905662_
2016-12-17 10:07:29 INFO PHP Unknown Error: no: 2, msg: Creating default object from empty value on line 75 in file /data/code/tcsb/service/lib/nusoap.php uri: /service/service.php, post: []
2016-12-17 10:07:29 INFO AddIdentifyResult: 10298,013665468695,-1,
2016-12-17 10:07:34 INFO PHP Unknown Error: no: 2, msg: Creating default object from empty value on line 75 in file /data/code/tcsb/service/lib/nusoap.php uri: /service/service.php, post: []
2016-12-17 10:07:34 INFO AddIdentifyResult: 10298,013665468695,-3,
2016-12-17 10:09:33 INFO PHP Unknown Error: no: 2, msg: Creating default object from empty value on line 75 in file /data/code/tcsb/service/lib/nusoap.php uri: /service/service.php, post: []
2016-12-17 10:09:33 INFO AddIdentifyResult: 10298,013665468695,12,
2016-12-17 10:09:42 INFO PHP Unknown Error: no: 2, msg: Creating default object from empty value on line 75 in file /data/code/tcsb/service/lib/nusoap.php uri: /service/service.php, post: []
2016-12-17 10:09:42 INFO AddIdentifyResult: 10298,013665468695,10,reg/013665468695_1217100854|reg/013665468695_1217100854|reg/013665468695_
2016-12-17 10:13:55 INFO PHP Unknown Error: no: 2, msg: Creating default object from empty value on line 75 in file /data/code/tcsb/service/lib/nusoap.php uri: /service/service.php, post: []
2016-12-17 10:13:55 INFO AddIdentifyResult: 10299,013012905663,-1,
2016-12-17 10:14:02 INFO PHP Unknown Error: no: 2, msg: Creating default object from empty value on line 75 in file /data/code/tcsb/service/lib/nusoap.php uri: /service/service.php, post: []
2016-12-17 10:14:02 INFO AddIdentifyResult: 10299,013012905663,-3,
2016-12-17 10:15:55 INFO PHP Unknown Error: no: 2, msg: Creating default object from empty value on line 75 in file /data/code/tcsb/service/lib/nusoap.php uri: /service/service.php, post: []
2016-12-17 10:15:55 INFO AddIdentifyResult: 10300,013012905537,-1,
2016-12-17 10:16:00 INFO PHP Unknown Error: no: 2, msg: Creating default object from empty value on line 75 in file /data/code/tcsb/service/lib/nusoap.php uri: /service/service.php, post: []
2016-12-17 10:16:00 INFO AddIdentifyResult: 10300,013012905537,-3,
2016-12-17 10:16:05 INFO PHP Unknown Error: no: 2, msg: Creating default object from empty value on line 75 in file /data/code/tcsb/service/lib/nusoap.php uri: /service/service.php, post: []
2016-12-17 10:16:05 INFO AddIdentifyResult: 10299,013012905663,12,
2016-12-17 10:16:12 INFO PHP Unknown Error: no: 2, msg: Creating default object from empty value on line 75 in file /data/code/tcsb/service/lib/nusoap.php uri: /service/service.php, post: []
2016-12-17 10:16:12 INFO AddIdentifyResult: 10299,013012905663,10,reg/013012905663_1217101521|reg/013012905663_1217101521|reg/013012905663_
2016-12-17 10:17:36 INFO PHP Unknown Error: no: 2, msg: Creating default object from empty value on line 75 in file /data/code/tcsb/service/lib/nusoap.php uri: /service/service.php, post: []
2016-12-17 10:17:36 INFO AddIdentifyResult: 10300,013012905537,12,
2016-12-17 10:17:43 INFO PHP Unknown Error: no: 2, msg: Creating default object from empty value on line 75 in file /data/code/tcsb/service/lib/nusoap.php uri: /service/service.php, post: []
2016-12-17 10:17:43 INFO AddIdentifyResult: 10300,013012905537,10,reg/013012905537_1217101833|reg/013012905537_1217101833|reg/013012905537_1217101720
2016-12-17 10:18:18 INFO PHP Unknown Error: no: 2, msg: Creating default object from empty value on line 75 in file /data/code/tcsb/service/lib/nusoap.php uri: /service/service.php, post: []
2016-12-17 10:18:18 INFO AddIdentifyResult: 10301,015963086775,-1,
2016-12-17 10:18:30 INFO PHP Unknown Error: no: 2, msg: Creating default object from empty value on line 75 in file /data/code/tcsb/service/lib/nusoap.php uri: /service/service.php, post: []
2016-12-17 10:18:30 INFO AddIdentifyResult: 10301,015963086775,-3,
2016-12-17 10:18:40 INFO PHP Unknown Error: no: 2, msg: Creating default object from empty value on line 75 in file /data/code/tcsb/service/lib/nusoap.php uri: /service/service.php, post: []
2016-12-17 10:18:40 INFO AddIdentifyResult: 10302,015254683081,-1,
2016-12-17 10:18:46 INFO PHP Unknown Error: no: 2, msg: Creating default object from empty value on line 75 in file /data/code/tcsb/service/lib/nusoap.php uri: /service/service.php, post: []
2016-12-17 10:18:46 INFO AddIdentifyResult: 10302,015254683081,-3,
2016-12-17 10:20:18 INFO PHP Unknown Error: no: 2, msg: Creating default object from empty value on line 75 in file /data/code/tcsb/service/lib/nusoap.php uri: /service/service.php, post: []
2016-12-17 10:20:18 INFO AddIdentifyResult: 10302,015254683081,12,
2016-12-17 10:20:25 INFO PHP Unknown Error: no: 2, msg: Creating default object from empty value on line 75 in file /data/code/tcsb/service/lib/nusoap.php uri: /service/service.php, post: []
2016-12-17 10:20:25 INFO AddIdentifyResult: 10302,015254683081,10,reg/015254683081_1217102006|reg/015254683081_1217102006|reg/015254683081_
2016-12-17 10:20:41 INFO PHP Unknown Error: no: 2, msg: Creating default object from empty value on line 75 in file /data/code/tcsb/service/lib/nusoap.php uri: /service/service.php, post: []
2016-12-17 10:20:41 INFO AddIdentifyResult: 10301,015963086775,12,
2016-12-17 10:20:48 INFO PHP Unknown Error: no: 2, msg: Creating default object from empty value on line 75 in file /data/code/tcsb/service/lib/nusoap.php uri: /service/service.php, post: []
2016-12-17 10:20:48 INFO AddIdentifyResult: 10301,015963086775,10,reg/015963086775_1217102124|reg/015963086775_1217102124|reg/015963086775_1217101950
2016-12-17 10:21:22 INFO PHP Unknown Error: no: 2, msg: Creating default object from empty value on line 75 in file /data/code/tcsb/service/lib/nusoap.php uri: /service/service.php, post: []
2016-12-17 10:21:22 INFO AddIdentifyResult: 10303,013012905697,-1,
2016-12-17 10:21:28 INFO PHP Unknown Error: no: 2, msg: Creating default object from empty value on line 75 in file /data/code/tcsb/service/lib/nusoap.php uri: /service/service.php, post: []
2016-12-17 10:21:28 INFO AddIdentifyResult: 10303,013012905697,-3,
2016-12-17 10:22:59 INFO PHP Unknown Error: no: 2, msg: Creating default object from empty value on line 75 in file /data/code/tcsb/service/lib/nusoap.php uri: /service/service.php, post: []
2016-12-17 10:22:59 INFO AddIdentifyResult: 10303,013012905697,12,
2016-12-17 10:23:06 INFO PHP Unknown Error: no: 2, msg: Creating default object from empty value on line 75 in file /data/code/tcsb/service/lib/nusoap.php uri: /service/service.php, post: []
2016-12-17 10:23:06 INFO AddIdentifyResult: 10303,013012905697,10,reg/013012905697_1217102248|reg/013012905697_1217102248|reg/013012905697_
2016-12-17 10:24:55 INFO PHP Unknown Error: no: 2, msg: Creating default object from empty value on line 75 in file /data/code/tcsb/service/lib/nusoap.php uri: /service/service.php, post: []
2016-12-17 10:24:55 INFO AddIdentifyResult: 10304,013012905793,-1,
2016-12-17 10:24:59 INFO PHP Unknown Error: no: 2, msg: Creating default object from empty value on line 75 in file /data/code/tcsb/service/lib/nusoap.php uri: /service/service.php, post: []
2016-12-17 10:24:59 INFO AddIdentifyResult: 10304,013012905793,-3,
2016-12-17 10:26:33 INFO PHP Unknown Error: no: 2, msg: Creating default object from empty value on line 75 in file /data/code/tcsb/service/lib/nusoap.php uri: /service/service.php, post: []
2016-12-17 10:26:33 INFO AddIdentifyResult: 10304,013012905793,12,
2016-12-17 10:26:40 INFO PHP Unknown Error: no: 2, msg: Creating default object from empty value on line 75 in file /data/code/tcsb/service/lib/nusoap.php uri: /service/service.php, post: []
2016-12-17 10:26:40 INFO AddIdentifyResult: 10304,013012905793,10,reg/013012905793_1217102619|reg/013012905793_1217102619|reg/013012905793_
2016-12-17 10:28:47 INFO PHP Unknown Error: no: 2, msg: Creating default object from empty value on line 75 in file /data/code/tcsb/service/lib/nusoap.php uri: /service/service.php, post: []
2016-12-17 10:28:47 INFO AddIdentifyResult: 10305,013012905720,-1,
2016-12-17 10:28:57 INFO PHP Unknown Error: no: 2, msg: Creating default object from empty value on line 75 in file /data/code/tcsb/service/lib/nusoap.php uri: /service/service.php, post: []
2016-12-17 10:28:57 INFO AddIdentifyResult: 10305,013012905720,-3,
2016-12-17 10:31:20 INFO PHP Unknown Error: no: 2, msg: Creating default object from empty value on line 75 in file /data/code/tcsb/service/lib/nusoap.php uri: /service/service.php, post: []
2016-12-17 10:31:20 INFO AddIdentifyResult: 10305,013012905720,12,
2016-12-17 10:31:26 INFO PHP Unknown Error: no: 2, msg: Creating default object from empty value on line 75 in file /data/code/tcsb/service/lib/nusoap.php uri: /service/service.php, post: []
2016-12-17 10:31:26 INFO AddIdentifyResult: 10305,013012905720,10,reg/013012905720_1217103159|reg/013012905720_1217103159|reg/013012905720_1217103017
2016-12-17 10:36:39 INFO PHP Unknown Error: no: 2, msg: Creating default object from empty value on line 75 in file /data/code/tcsb/service/lib/nusoap.php uri: /service/service.php, post: []
2016-12-17 10:36:39 INFO AddIdentifyResult: 10306,013012905872,-1,
2016-12-17 10:36:47 INFO PHP Unknown Error: no: 2, msg: Creating default object from empty value on line 75 in file /data/code/tcsb/service/lib/nusoap.php uri: /service/service.php, post: []
2016-12-17 10:36:47 INFO AddIdentifyResult: 10306,013012905872,-3,
2016-12-17 10:38:33 INFO PHP Unknown Error: no: 2, msg: Creating default object from empty value on line 75 in file /data/code/tcsb/service/lib/nusoap.php uri: /service/service.php, post: []
2016-12-17 10:38:33 INFO AddIdentifyResult: 10306,013012905872,12,
2016-12-17 10:38:40 INFO PHP Unknown Error: no: 2, msg: Creating default object from empty value on line 75 in file /data/code/tcsb/service/lib/nusoap.php uri: /service/service.php, post: []
2016-12-17 10:38:40 INFO AddIdentifyResult: 10306,013012905872,10,reg/013012905872_1217103918|reg/013012905872_1217103918|reg/013012905872_1217103807
2016-12-17 10:38:47 INFO PHP Unknown Error: no: 2, msg: Creating default object from empty value on line 75 in file /data/code/tcsb/service/lib/nusoap.php uri: /service/service.php, post: []
2016-12-17 10:38:47 INFO AddIdentifyResult: 10307,013789836867,-1,
2016-12-17 10:38:58 INFO PHP Unknown Error: no: 2, msg: Creating default object from empty value on line 75 in file /data/code/tcsb/service/lib/nusoap.php uri: /service/service.php, post: []
2016-12-17 10:38:58 INFO AddIdentifyResult: 10307,013789836867,-3,
2016-12-17 10:40:08 INFO PHP Unknown Error: no: 2, msg: Creating default object from empty value on line 75 in file /data/code/tcsb/service/lib/nusoap.php uri: /service/service.php, post: []
2016-12-17 10:40:08 INFO AddIdentifyResult: 10307,013789836867,11,reg/013789836867_|reg/013789836867_|reg/013789836867_
2016-12-17 10:40:28 INFO PHP Unknown Error: no: 2, msg: Creating default object from empty value on line 75 in file /data/code/tcsb/service/lib/nusoap.php uri: /service/service.php, post: []
2016-12-17 10:40:28 INFO AddIdentifyResult: 10308,013789836867,-1,
2016-12-17 10:40:38 INFO PHP Unknown Error: no: 2, msg: Creating default object from empty value on line 75 in file /data/code/tcsb/service/lib/nusoap.php uri: /service/service.php, post: []
2016-12-17 10:40:38 INFO AddIdentifyResult: 10308,013789836867,-3,
2016-12-17 10:42:07 INFO PHP Unknown Error: no: 2, msg: Creating default object from empty value on line 75 in file /data/code/tcsb/service/lib/nusoap.php uri: /service/service.php, post: []
2016-12-17 10:42:07 INFO AddIdentifyResult: 10308,013789836867,12,
2016-12-17 10:42:13 INFO PHP Unknown Error: no: 2, msg: Creating default object from empty value on line 75 in file /data/code/tcsb/service/lib/nusoap.php uri: /service/service.php, post: []
2016-12-17 10:42:13 INFO AddIdentifyResult: 10308,013789836867,10,reg/013789836867_1217104158|reg/013789836867_1217104158|reg/013789836867_
2016-12-17 10:48:08 INFO PHP Unknown Error: no: 2, msg: Creating default object from empty value on line 75 in file /data/code/tcsb/service/lib/nusoap.php uri: /service/service.php, post: []
2016-12-17 10:48:08 INFO AddIdentifyResult: 10309,013012905892,-1,
2016-12-17 10:48:13 INFO PHP Unknown Error: no: 2, msg: Creating default object from empty value on line 75 in file /data/code/tcsb/service/lib/nusoap.php uri: /service/service.php, post: []
2016-12-17 10:48:13 INFO AddIdentifyResult: 10309,013012905892,-3,
2016-12-17 10:50:16 INFO PHP Unknown Error: no: 2, msg: Creating default object from empty value on line 75 in file /data/code/tcsb/service/lib/nusoap.php uri: /service/service.php, post: []
2016-12-17 10:50:16 INFO AddIdentifyResult: 10309,013012905892,12,
2016-12-17 10:50:23 INFO PHP Unknown Error: no: 2, msg: Creating default object from empty value on line 75 in file /data/code/tcsb/service/lib/nusoap.php uri: /service/service.php, post: []
2016-12-17 10:50:23 INFO AddIdentifyResult: 10309,013012905892,10,reg/013012905892_1217105055|reg/013012905892_1217105055|reg/013012905892_1217104933
2016-12-17 10:50:24 INFO PHP Unknown Error: no: 2, msg: Creating default object from empty value on line 75 in file /data/code/tcsb/service/lib/nusoap.php uri: /service/service.php, post: []
2016-12-17 10:50:24 INFO AddIdentifyResult: 10310,018766743282,-1,
2016-12-17 10:50:35 INFO PHP Unknown Error: no: 2, msg: Creating default object from empty value on line 75 in file /data/code/tcsb/service/lib/nusoap.php uri: /service/service.php, post: []
2016-12-17 10:50:35 INFO AddIdentifyResult: 10311,018766743282,-1,
2016-12-17 10:50:42 INFO PHP Unknown Error: no: 2, msg: Creating default object from empty value on line 75 in file /data/code/tcsb/service/lib/nusoap.php uri: /service/service.php, post: []
2016-12-17 10:50:42 INFO AddIdentifyResult: 10311,018766743282,-3,
2016-12-17 10:52:13 INFO PHP Unknown Error: no: 2, msg: Creating default object from empty value on line 75 in file /data/code/tcsb/service/lib/nusoap.php uri: /service/service.php, post: []
2016-12-17 10:52:13 INFO AddIdentifyResult: 10311,018766743282,12,
2016-12-17 10:52:19 INFO PHP Unknown Error: no: 2, msg: Creating default object from empty value on line 75 in file /data/code/tcsb/service/lib/nusoap.php uri: /service/service.php, post: []
2016-12-17 10:52:19 INFO AddIdentifyResult: 10311,018766743282,10,reg/018766743282_1217105202|reg/018766743282_1217105202|reg/018766743282_
2016-12-17 10:54:11 INFO PHP Unknown Error: no: 2, msg: Creating default object from empty value on line 75 in file /data/code/tcsb/service/lib/nusoap.php uri: /service/service.php, post: []
2016-12-17 10:54:11 INFO AddIdentifyResult: 10312,013012905752,-1,
2016-12-17 10:54:17 INFO PHP Unknown Error: no: 2, msg: Creating default object from empty value on line 75 in file /data/code/tcsb/service/lib/nusoap.php uri: /service/service.php, post: []
2016-12-17 10:54:17 INFO AddIdentifyResult: 10312,013012905752,-3,
2016-12-17 10:56:15 INFO PHP Unknown Error: no: 2, msg: Creating default object from empty value on line 75 in file /data/code/tcsb/service/lib/nusoap.php uri: /service/service.php, post: []
2016-12-17 10:56:15 INFO AddIdentifyResult: 10312,013012905752,12,
2016-12-17 10:56:22 INFO PHP Unknown Error: no: 2, msg: Creating default object from empty value on line 75 in file /data/code/tcsb/service/lib/nusoap.php uri: /service/service.php, post: []
2016-12-17 10:56:22 INFO AddIdentifyResult: 10312,013012905752,10,reg/013012905752_1217105655|reg/013012905752_1217105655|reg/013012905752_1217105537
2016-12-17 10:58:12 INFO PHP Unknown Error: no: 2, msg: Creating default object from empty value on line 75 in file /data/code/tcsb/service/lib/nusoap.php uri: /service/service.php, post: []
2016-12-17 10:58:12 INFO AddIdentifyResult: 10313,013012905919,-1,
2016-12-17 10:58:18 INFO PHP Unknown Error: no: 2, msg: Creating default object from empty value on line 75 in file /data/code/tcsb/service/lib/nusoap.php uri: /service/service.php, post: []
2016-12-17 10:58:18 INFO AddIdentifyResult: 10313,013012905919,-3,
2016-12-17 10:59:42 INFO PHP Unknown Error: no: 2, msg: Creating default object from empty value on line 75 in file /data/code/tcsb/service/lib/nusoap.php uri: /service/service.php, post: []
2016-12-17 10:59:42 INFO AddIdentifyResult: 10313,013012905919,12,
2016-12-17 10:59:49 INFO PHP Unknown Error: no: 2, msg: Creating default object from empty value on line 75 in file /data/code/tcsb/service/lib/nusoap.php uri: /service/service.php, post: []
2016-12-17 10:59:49 INFO AddIdentifyResult: 10313,013012905919,10,reg/013012905919_1217105938|reg/013012905919_1217105938|reg/013012905919_
2016-12-17 11:05:04 INFO PHP Unknown Error: no: 2, msg: Creating default object from empty value on line 75 in file /data/code/tcsb/service/lib/nusoap.php uri: /service/service.php, post: []
2016-12-17 11:05:04 INFO AddIdentifyResult: 10314,013012905965,-1,
2016-12-17 11:05:27 INFO PHP Unknown Error: no: 2, msg: Creating default object from empty value on line 75 in file /data/code/tcsb/service/lib/nusoap.php uri: /service/service.php, post: []
2016-12-17 11:05:27 INFO AddIdentifyResult: 10315,013012905965,-1,
2016-12-17 11:05:41 INFO PHP Unknown Error: no: 2, msg: Creating default object from empty value on line 75 in file /data/code/tcsb/service/lib/nusoap.php uri: /service/service.php, post: []
2016-12-17 11:05:41 INFO AddIdentifyResult: 10315,013012905965,-3,
2016-12-17 11:08:58 INFO PHP Unknown Error: no: 2, msg: Creating default object from empty value on line 75 in file /data/code/tcsb/service/lib/nusoap.php uri: /service/service.php, post: []
2016-12-17 11:08:58 INFO AddIdentifyResult: 10315,013012905965,12,
2016-12-17 11:09:04 INFO PHP Unknown Error: no: 2, msg: Creating default object from empty value on line 75 in file /data/code/tcsb/service/lib/nusoap.php uri: /service/service.php, post: []
2016-12-17 11:09:04 INFO AddIdentifyResult: 10315,013012905965,10,reg/013012905965_1217110925|reg/013012905965_1217110925|reg/013012905965_1217110700
2016-12-17 11:15:39 INFO PHP Unknown Error: no: 2, msg: Creating default object from empty value on line 75 in file /data/code/tcsb/service/lib/nusoap.php uri: /service/service.php, post: []
2016-12-17 11:15:39 INFO AddIdentifyResult: 10316,013012906036,-1,
2016-12-17 11:15:45 INFO PHP Unknown Error: no: 2, msg: Creating default object from empty value on line 75 in file /data/code/tcsb/service/lib/nusoap.php uri: /service/service.php, post: []
2016-12-17 11:15:45 INFO AddIdentifyResult: 10316,013012906036,-3,
2016-12-17 11:17:56 INFO PHP Unknown Error: no: 2, msg: Creating default object from empty value on line 75 in file /data/code/tcsb/service/lib/nusoap.php uri: /service/service.php, post: []
2016-12-17 11:17:56 INFO AddIdentifyResult: 10316,013012906036,12,
2016-12-17 11:18:04 INFO PHP Unknown Error: no: 2, msg: Creating default object from empty value on line 75 in file /data/code/tcsb/service/lib/nusoap.php uri: /service/service.php, post: []
2016-12-17 11:18:04 INFO AddIdentifyResult: 10316,013012906036,10,reg/013012906036_1217111705|reg/013012906036_1217111705|reg/013012906036_
2016-12-17 11:20:54 INFO PHP Unknown Error: no: 2, msg: Creating default object from empty value on line 75 in file /data/code/tcsb/service/lib/nusoap.php uri: /service/service.php, post: []
2016-12-17 11:20:54 INFO AddIdentifyResult: 10317,013012906019,-1,
2016-12-17 11:21:02 INFO PHP Unknown Error: no: 2, msg: Creating default object from empty value on line 75 in file /data/code/tcsb/service/lib/nusoap.php uri: /service/service.php, post: []
2016-12-17 11:21:02 INFO AddIdentifyResult: 10317,013012906019,-3,
2016-12-17 11:21:11 INFO PHP Unknown Error: no: 2, msg: Creating default object from empty value on line 75 in file /data/code/tcsb/service/lib/nusoap.php uri: /service/service.php, post: []
2016-12-17 11:21:11 INFO AddIdentifyResult: 10317,013012906019,11,reg/013012906019_|reg/013012906019_|reg/013012906019_
2016-12-17 11:22:13 INFO PHP Unknown Error: no: 2, msg: Creating default object from empty value on line 75 in file /data/code/tcsb/service/lib/nusoap.php uri: /service/service.php, post: []
2016-12-17 11:22:13 INFO AddIdentifyResult: 10318,013012906019,-1,
2016-12-17 11:22:20 INFO PHP Unknown Error: no: 2, msg: Creating default object from empty value on line 75 in file /data/code/tcsb/service/lib/nusoap.php uri: /service/service.php, post: []
2016-12-17 11:22:20 INFO AddIdentifyResult: 10318,013012906019,-3,
2016-12-17 11:24:11 INFO PHP Unknown Error: no: 2, msg: Creating default object from empty value on line 75 in file /data/code/tcsb/service/lib/nusoap.php uri: /service/service.php, post: []
2016-12-17 11:24:11 INFO AddIdentifyResult: 10318,013012906019,12,
2016-12-17 11:24:18 INFO PHP Unknown Error: no: 2, msg: Creating default object from empty value on line 75 in file /data/code/tcsb/service/lib/nusoap.php uri: /service/service.php, post: []
2016-12-17 11:24:18 INFO AddIdentifyResult: 10318,013012906019,10,reg/013012906019_1217112340|reg/013012906019_1217112340|reg/013012906019_
2016-12-17 12:51:17 INFO PHP Unknown Error: no: 2, msg: Creating default object from empty value on line 75 in file /data/code/tcsb/service/lib/nusoap.php uri: /service/service.php, post: []
2016-12-17 12:51:17 INFO AddIdentifyResult: 10319,013012911682,-1,
2016-12-17 12:51:23 INFO PHP Unknown Error: no: 2, msg: Creating default object from empty value on line 75 in file /data/code/tcsb/service/lib/nusoap.php uri: /service/service.php, post: []
2016-12-17 12:51:23 INFO AddIdentifyResult: 10319,013012911682,-3,
2016-12-17 12:55:53 INFO PHP Unknown Error: no: 2, msg: Creating default object from empty value on line 75 in file /data/code/tcsb/service/lib/nusoap.php uri: /service/service.php, post: []
2016-12-17 12:55:53 INFO AddIdentifyResult: 10319,013012911682,12,
2016-12-17 12:56:00 INFO PHP Unknown Error: no: 2, msg: Creating default object from empty value on line 75 in file /data/code/tcsb/service/lib/nusoap.php uri: /service/service.php, post: []
2016-12-17 12:56:00 INFO AddIdentifyResult: 10319,013012911682,10,reg/013012911682_1217125635|reg/013012911682_1217125635|reg/013012911682_1217125244
2016-12-17 12:57:27 INFO PHP Unknown Error: no: 2, msg: Creating default object from empty value on line 75 in file /data/code/tcsb/service/lib/nusoap.php uri: /service/service.php, post: []
2016-12-17 12:57:27 INFO AddIdentifyResult: 10320,015965296815,-1,
2016-12-17 12:57:45 INFO PHP Unknown Error: no: 2, msg: Creating default object from empty value on line 75 in file /data/code/tcsb/service/lib/nusoap.php uri: /service/service.php, post: []
2016-12-17 12:57:45 INFO AddIdentifyResult: 10320,015965296815,-3,
2016-12-17 13:01:53 INFO PHP Unknown Error: no: 2, msg: Creating default object from empty value on line 75 in file /data/code/tcsb/service/lib/nusoap.php uri: /service/service.php, post: []
2016-12-17 13:01:53 INFO AddIdentifyResult: 10320,015965296815,11,reg/015965296815_|reg/015965296815_|reg/015965296815_
2016-12-17 13:02:05 INFO PHP Unknown Error: no: 2, msg: Creating default object from empty value on line 75 in file /data/code/tcsb/service/lib/nusoap.php uri: /service/service.php, post: []
2016-12-17 13:02:05 INFO AddIdentifyResult: 10321,015965296815,-1,
2016-12-17 13:02:14 INFO PHP Unknown Error: no: 2, msg: Creating default object from empty value on line 75 in file /data/code/tcsb/service/lib/nusoap.php uri: /service/service.php, post: []
2016-12-17 13:02:14 INFO AddIdentifyResult: 10321,015965296815,-3,
2016-12-17 13:06:53 INFO PHP Unknown Error: no: 2, msg: Creating default object from empty value on line 75 in file /data/code/tcsb/service/lib/nusoap.php uri: /service/service.php, post: []
2016-12-17 13:06:53 INFO AddIdentifyResult: 10321,015965296815,12,
2016-12-17 13:07:00 INFO PHP Unknown Error: no: 2, msg: Creating default object from empty value on line 75 in file /data/code/tcsb/service/lib/nusoap.php uri: /service/service.php, post: []
2016-12-17 13:07:00 INFO AddIdentifyResult: 10321,015965296815,10,reg/015965296815_1217130722|reg/015965296815_1217130722|reg/015965296815_1217130334
2016-12-17 13:13:07 INFO PHP Unknown Error: no: 2, msg: Creating default object from empty value on line 75 in file /data/code/tcsb/service/lib/nusoap.php uri: /service/service.php, post: []
2016-12-17 13:13:07 INFO AddIdentifyResult: 10322,013012907028,-1,
2016-12-17 13:13:15 INFO PHP Unknown Error: no: 2, msg: Creating default object from empty value on line 75 in file /data/code/tcsb/service/lib/nusoap.php uri: /service/service.php, post: []
2016-12-17 13:13:15 INFO AddIdentifyResult: 10322,013012907028,-3,
2016-12-17 13:14:48 INFO PHP Unknown Error: no: 2, msg: Creating default object from empty value on line 75 in file /data/code/tcsb/service/lib/nusoap.php uri: /service/service.php, post: []
2016-12-17 13:14:48 INFO AddIdentifyResult: 10322,013012907028,12,
2016-12-17 13:14:55 INFO PHP Unknown Error: no: 2, msg: Creating default object from empty value on line 75 in file /data/code/tcsb/service/lib/nusoap.php uri: /service/service.php, post: []
2016-12-17 13:14:55 INFO AddIdentifyResult: 10322,013012907028,10,reg/013012907028_1217131436|reg/013012907028_1217131436|reg/013012907028_
2016-12-17 13:15:46 INFO PHP Unknown Error: no: 2, msg: Creating default object from empty value on line 75 in file /data/code/tcsb/service/lib/nusoap.php uri: /service/service.php, post: []
2016-12-17 13:15:46 INFO AddIdentifyResult: 10323,015254684775,-1,
2016-12-17 13:15:53 INFO PHP Unknown Error: no: 2, msg: Creating default object from empty value on line 75 in file /data/code/tcsb/service/lib/nusoap.php uri: /service/service.php, post: []
2016-12-17 13:15:53 INFO AddIdentifyResult: 10323,015254684775,-3,
2016-12-17 13:17:58 INFO PHP Unknown Error: no: 2, msg: Creating default object from empty value on line 75 in file /data/code/tcsb/service/lib/nusoap.php uri: /service/service.php, post: []
2016-12-17 13:17:58 INFO AddIdentifyResult: 10323,015254684775,12,
2016-12-17 13:18:04 INFO PHP Unknown Error: no: 2, msg: Creating default object from empty value on line 75 in file /data/code/tcsb/service/lib/nusoap.php uri: /service/service.php, post: []
2016-12-17 13:18:04 INFO AddIdentifyResult: 10323,015254684775,10,reg/015254684775_1217131840|reg/015254684775_1217131840|reg/015254684775_1217131713
2016-12-17 13:20:23 INFO PHP Unknown Error: no: 2, msg: Creating default object from empty value on line 75 in file /data/code/tcsb/service/lib/nusoap.php uri: /service/service.php, post: []
2016-12-17 13:20:23 INFO AddIdentifyResult: 10324,013012906020,-1,
2016-12-17 13:20:28 INFO PHP Unknown Error: no: 2, msg: Creating default object from empty value on line 75 in file /data/code/tcsb/service/lib/nusoap.php uri: /service/service.php, post: []
2016-12-17 13:20:28 INFO AddIdentifyResult: 10324,013012906020,-3,
2016-12-17 13:22:09 INFO PHP Unknown Error: no: 2, msg: Creating default object from empty value on line 75 in file /data/code/tcsb/service/lib/nusoap.php uri: /service/service.php, post: []
2016-12-17 13:22:09 INFO AddIdentifyResult: 10324,013012906020,12,
2016-12-17 13:22:17 INFO PHP Unknown Error: no: 2, msg: Creating default object from empty value on line 75 in file /data/code/tcsb/service/lib/nusoap.php uri: /service/service.php, post: []
2016-12-17 13:22:17 INFO AddIdentifyResult: 10324,013012906020,10,reg/013012906020_1217132149|reg/013012906020_1217132149|reg/013012906020_
2016-12-17 13:24:35 INFO PHP Unknown Error: no: 2, msg: Creating default object from empty value on line 75 in file /data/code/tcsb/service/lib/nusoap.php uri: /service/service.php, post: []
2016-12-17 13:24:35 INFO AddIdentifyResult: 10325,013012906023,-1,
2016-12-17 13:24:45 INFO PHP Unknown Error: no: 2, msg: Creating default object from empty value on line 75 in file /data/code/tcsb/service/lib/nusoap.php uri: /service/service.php, post: []
2016-12-17 13:24:45 INFO AddIdentifyResult: 10325,013012906023,-3,
2016-12-17 13:26:21 INFO PHP Unknown Error: no: 2, msg: Creating default object from empty value on line 75 in file /data/code/tcsb/service/lib/nusoap.php uri: /service/service.php, post: []
2016-12-17 13:26:21 INFO AddIdentifyResult: 10325,013012906023,12,
2016-12-17 13:26:28 INFO PHP Unknown Error: no: 2, msg: Creating default object from empty value on line 75 in file /data/code/tcsb/service/lib/nusoap.php uri: /service/service.php, post: []
2016-12-17 13:26:28 INFO AddIdentifyResult: 10325,013012906023,10,reg/013012906023_1217132605|reg/013012906023_1217132605|reg/013012906023_
2016-12-17 13:44:18 INFO PHP Unknown Error: no: 2, msg: Creating default object from empty value on line 75 in file /data/code/tcsb/service/lib/nusoap.php uri: /service/service.php, post: []
2016-12-17 13:44:18 INFO AddIdentifyResult: 10326,013012906026,-1,
2016-12-17 13:44:23 INFO PHP Unknown Error: no: 2, msg: Creating default object from empty value on line 75 in file /data/code/tcsb/service/lib/nusoap.php uri: /service/service.php, post: []
2016-12-17 13:44:23 INFO AddIdentifyResult: 10326,013012906026,-3,
2016-12-17 13:46:09 INFO PHP Unknown Error: no: 2, msg: Creating default object from empty value on line 75 in file /data/code/tcsb/service/lib/nusoap.php uri: /service/service.php, post: []
2016-12-17 13:46:09 INFO AddIdentifyResult: 10326,013012906026,12,
2016-12-17 13:46:17 INFO PHP Unknown Error: no: 2, msg: Creating default object from empty value on line 75 in file /data/code/tcsb/service/lib/nusoap.php uri: /service/service.php, post: []
2016-12-17 13:46:17 INFO AddIdentifyResult: 10326,013012906026,10,reg/013012906026_1217134543|reg/013012906026_1217134543|reg/013012906026_
2016-12-17 13:51:27 INFO PHP Unknown Error: no: 2, msg: Creating default object from empty value on line 75 in file /data/code/tcsb/service/lib/nusoap.php uri: /service/service.php, post: []
2016-12-17 13:51:27 INFO AddIdentifyResult: 10327,013176471693,-1,
2016-12-17 13:51:34 INFO PHP Unknown Error: no: 2, msg: Creating default object from empty value on line 75 in file /data/code/tcsb/service/lib/nusoap.php uri: /service/service.php, post: []
2016-12-17 13:51:34 INFO AddIdentifyResult: 10327,013176471693,-3,
2016-12-17 13:53:12 INFO PHP Unknown Error: no: 2, msg: Creating default object from empty value on line 75 in file /data/code/tcsb/service/lib/nusoap.php uri: /service/service.php, post: []
2016-12-17 13:53:12 INFO AddIdentifyResult: 10327,013176471693,12,
2016-12-17 13:53:19 INFO PHP Unknown Error: no: 2, msg: Creating default object from empty value on line 75 in file /data/code/tcsb/service/lib/nusoap.php uri: /service/service.php, post: []
2016-12-17 13:53:19 INFO AddIdentifyResult: 10327,013176471693,10,reg/013176471693_1217135254|reg/013176471693_1217135254|reg/013176471693_
2016-12-17 14:01:50 INFO PHP Unknown Error: no: 2, msg: Creating default object from empty value on line 75 in file /data/code/tcsb/service/lib/nusoap.php uri: /service/service.php, post: []
2016-12-17 14:01:50 INFO AddIdentifyResult: 10328,013792061306,-1,
2016-12-17 14:02:11 INFO PHP Unknown Error: no: 2, msg: Creating default object from empty value on line 75 in file /data/code/tcsb/service/lib/nusoap.php uri: /service/service.php, post: []
2016-12-17 14:02:11 INFO AddIdentifyResult: 10328,013792061306,-3,
2016-12-17 14:04:06 INFO PHP Unknown Error: no: 2, msg: Creating default object from empty value on line 75 in file /data/code/tcsb/service/lib/nusoap.php uri: /service/service.php, post: []
2016-12-17 14:04:06 INFO AddIdentifyResult: 10328,013792061306,12,
2016-12-17 14:04:14 INFO PHP Unknown Error: no: 2, msg: Creating default object from empty value on line 75 in file /data/code/tcsb/service/lib/nusoap.php uri: /service/service.php, post: []
2016-12-17 14:04:14 INFO AddIdentifyResult: 10328,013792061306,10,reg/013792061306_1217140332|reg/013792061306_1217140332|reg/013792061306_
2016-12-17 14:34:49 INFO PHP Unknown Error: no: 2, msg: Creating default object from empty value on line 75 in file /data/code/tcsb/service/lib/nusoap.php uri: /service/service.php, post: []
2016-12-17 14:34:49 INFO AddIdentifyResult: 10329,013012906058,-1,
2016-12-17 14:34:55 INFO PHP Unknown Error: no: 2, msg: Creating default object from empty value on line 75 in file /data/code/tcsb/service/lib/nusoap.php uri: /service/service.php, post: []
2016-12-17 14:34:55 INFO AddIdentifyResult: 10329,013012906058,-3,
2016-12-17 14:36:38 INFO PHP Unknown Error: no: 2, msg: Creating default object from empty value on line 75 in file /data/code/tcsb/service/lib/nusoap.php uri: /service/service.php, post: []
2016-12-17 14:36:38 INFO AddIdentifyResult: 10329,013012906058,12,
2016-12-17 14:36:46 INFO PHP Unknown Error: no: 2, msg: Creating default object from empty value on line 75 in file /data/code/tcsb/service/lib/nusoap.php uri: /service/service.php, post: []
2016-12-17 14:36:46 INFO AddIdentifyResult: 10329,013012906058,10,reg/013012906058_1217143616|reg/013012906058_1217143616|reg/013012906058_
2016-12-17 14:36:51 INFO PHP Unknown Error: no: 2, msg: Creating default object from empty value on line 75 in file /data/code/tcsb/service/lib/nusoap.php uri: /service/service.php, post: []
2016-12-17 14:36:51 INFO AddIdentifyResult: 10330,01385468139,-1,
2016-12-17 14:37:15 INFO PHP Unknown Error: no: 2, msg: Creating default object from empty value on line 75 in file /data/code/tcsb/service/lib/nusoap.php uri: /service/service.php, post: []
2016-12-17 14:37:15 INFO AddIdentifyResult: 10331,01385468139,-1,
2016-12-17 14:38:13 INFO PHP Unknown Error: no: 2, msg: Creating default object from empty value on line 75 in file /data/code/tcsb/service/lib/nusoap.php uri: /service/service.php, post: []
2016-12-17 14:38:13 INFO AddIdentifyResult: 10332,013854668139,-1,
2016-12-17 14:38:20 INFO PHP Unknown Error: no: 2, msg: Creating default object from empty value on line 75 in file /data/code/tcsb/service/lib/nusoap.php uri: /service/service.php, post: []
2016-12-17 14:38:20 INFO AddIdentifyResult: 10332,013854668139,-3,
2016-12-17 14:40:00 INFO PHP Unknown Error: no: 2, msg: Creating default object from empty value on line 75 in file /data/code/tcsb/service/lib/nusoap.php uri: /service/service.php, post: []
2016-12-17 14:40:00 INFO AddIdentifyResult: 10332,013854668139,12,
2016-12-17 14:40:07 INFO PHP Unknown Error: no: 2, msg: Creating default object from empty value on line 75 in file /data/code/tcsb/service/lib/nusoap.php uri: /service/service.php, post: []
2016-12-17 14:40:07 INFO AddIdentifyResult: 10332,013854668139,10,reg/013854668139_1217143940|reg/013854668139_1217143940|reg/013854668139_
2016-12-17 14:44:38 INFO PHP Unknown Error: no: 2, msg: Creating default object from empty value on line 75 in file /data/code/tcsb/service/lib/nusoap.php uri: /service/service.php, post: []
2016-12-17 14:44:38 INFO AddIdentifyResult: 10333,013012906092,-1,
2016-12-17 14:44:45 INFO PHP Unknown Error: no: 2, msg: Creating default object from empty value on line 75 in file /data/code/tcsb/service/lib/nusoap.php uri: /service/service.php, post: []
2016-12-17 14:44:45 INFO AddIdentifyResult: 10333,013012906092,-3,
2016-12-17 14:46:32 INFO PHP Unknown Error: no: 2, msg: Creating default object from empty value on line 75 in file /data/code/tcsb/service/lib/nusoap.php uri: /service/service.php, post: []
2016-12-17 14:46:32 INFO AddIdentifyResult: 10333,013012906092,12,
2016-12-17 14:46:38 INFO PHP Unknown Error: no: 2, msg: Creating default object from empty value on line 75 in file /data/code/tcsb/service/lib/nusoap.php uri: /service/service.php, post: []
2016-12-17 14:46:38 INFO AddIdentifyResult: 10333,013012906092,10,reg/013012906092_1217144606|reg/013012906092_1217144606|reg/013012906092_
2016-12-17 14:52:35 INFO PHP Unknown Error: no: 2, msg: Creating default object from empty value on line 75 in file /data/code/tcsb/service/lib/nusoap.php uri: /service/service.php, post: []
2016-12-17 14:52:35 INFO AddIdentifyResult: 10334,013012910189,-1,
2016-12-17 14:53:13 INFO PHP Unknown Error: no: 2, msg: Creating default object from empty value on line 75 in file /data/code/tcsb/service/lib/nusoap.php uri: /service/service.php, post: []
2016-12-17 14:53:13 INFO AddIdentifyResult: 10334,013012910189,-3,
2016-12-17 14:55:06 INFO PHP Unknown Error: no: 2, msg: Creating default object from empty value on line 75 in file /data/code/tcsb/service/lib/nusoap.php uri: /service/service.php, post: []
2016-12-17 14:55:06 INFO AddIdentifyResult: 10334,013012910189,12,
2016-12-17 14:55:13 INFO PHP Unknown Error: no: 2, msg: Creating default object from empty value on line 75 in file /data/code/tcsb/service/lib/nusoap.php uri: /service/service.php, post: []
2016-12-17 14:55:13 INFO AddIdentifyResult: 10334,013012910189,10,reg/013012910189_1217145440|reg/013012910189_1217145440|reg/013012910189_
2016-12-17 14:55:21 INFO PHP Unknown Error: no: 2, msg: Creating default object from empty value on line 75 in file /data/code/tcsb/service/lib/nusoap.php uri: /service/service.php, post: []
2016-12-17 14:55:21 INFO AddIdentifyResult: 10335,013646478085,-1,
2016-12-17 14:57:33 INFO PHP Unknown Error: no: 2, msg: Creating default object from empty value on line 75 in file /data/code/tcsb/service/lib/nusoap.php uri: /service/service.php, post: []
2016-12-17 14:57:33 INFO AddIdentifyResult: 10336,013646478085,-1,
2016-12-17 14:57:41 INFO PHP Unknown Error: no: 2, msg: Creating default object from empty value on line 75 in file /data/code/tcsb/service/lib/nusoap.php uri: /service/service.php, post: []
2016-12-17 14:57:41 INFO AddIdentifyResult: 10336,013646478085,-3,
2016-12-17 15:00:02 INFO PHP Unknown Error: no: 2, msg: Creating default object from empty value on line 75 in file /data/code/tcsb/service/lib/nusoap.php uri: /service/service.php, post: []
2016-12-17 15:00:02 INFO AddIdentifyResult: 10336,013646478085,12,
2016-12-17 15:00:08 INFO PHP Unknown Error: no: 2, msg: Creating default object from empty value on line 75 in file /data/code/tcsb/service/lib/nusoap.php uri: /service/service.php, post: []
2016-12-17 15:00:08 INFO AddIdentifyResult: 10336,013646478085,10,reg/013646478085_1217150042|reg/013646478085_1217150042|reg/013646478085_1217145901
2016-12-17 15:03:00 INFO PHP Unknown Error: no: 2, msg: Creating default object from empty value on line 75 in file /data/code/tcsb/service/lib/nusoap.php uri: /service/service.php, post: []
2016-12-17 15:03:00 INFO AddIdentifyResult: 10337,013012907336,-1,
2016-12-17 15:03:05 INFO PHP Unknown Error: no: 2, msg: Creating default object from empty value on line 75 in file /data/code/tcsb/service/lib/nusoap.php uri: /service/service.php, post: []
2016-12-17 15:03:05 INFO AddIdentifyResult: 10337,013012907336,-3,
2016-12-17 15:04:28 INFO PHP Unknown Error: no: 2, msg: Creating default object from empty value on line 75 in file /data/code/tcsb/service/lib/nusoap.php uri: /service/service.php, post: []
2016-12-17 15:04:28 INFO AddIdentifyResult: 10337,013012907336,12,
2016-12-17 15:04:35 INFO PHP Unknown Error: no: 2, msg: Creating default object from empty value on line 75 in file /data/code/tcsb/service/lib/nusoap.php uri: /service/service.php, post: []
2016-12-17 15:04:35 INFO AddIdentifyResult: 10337,013012907336,10,reg/013012907336_1217150426|reg/013012907336_1217150426|reg/013012907336_
2016-12-17 15:04:40 INFO PHP Unknown Error: no: 2, msg: Creating default object from empty value on line 75 in file /data/code/tcsb/service/lib/nusoap.php uri: /service/service.php, post: []
2016-12-17 15:04:40 INFO AddIdentifyResult: 10338,013054627784,-1,
2016-12-17 15:04:49 INFO PHP Unknown Error: no: 2, msg: Creating default object from empty value on line 75 in file /data/code/tcsb/service/lib/nusoap.php uri: /service/service.php, post: []
2016-12-17 15:04:49 INFO AddIdentifyResult: 10338,013054627784,-3,
2016-12-17 15:06:48 INFO PHP Unknown Error: no: 2, msg: Creating default object from empty value on line 75 in file /data/code/tcsb/service/lib/nusoap.php uri: /service/service.php, post: []
2016-12-17 15:06:48 INFO AddIdentifyResult: 10338,013054627784,12,
2016-12-17 15:06:54 INFO PHP Unknown Error: no: 2, msg: Creating default object from empty value on line 75 in file /data/code/tcsb/service/lib/nusoap.php uri: /service/service.php, post: []
2016-12-17 15:06:54 INFO AddIdentifyResult: 10338,013054627784,10,reg/013054627784_1217150610|reg/013054627784_1217150610|reg/013054627784_
