2016-12-20 09:06:06 INFO AddIdentifyResult: 10522,013012905616,-1,
2016-12-20 09:06:25 INFO AddIdentifyResult: 10522,013012905616,-3,
2016-12-20 09:06:31 INFO AddIdentifyResult: 10522,013012905616,11,reg/013012905616_|reg/013012905616_|reg/013012905616_
2016-12-20 09:06:32 INFO AddIdentifyResult: 10523,013012905616,-1,
2016-12-20 09:07:09 INFO AddIdentifyResult: 10524,013012905610,-1,
2016-12-20 09:07:14 INFO AddIdentifyResult: 10524,013012905610,-3,
2016-12-20 09:09:06 INFO AddIdentifyResult: 10524,013012905610,12,
2016-12-20 09:09:15 INFO AddIdentifyResult: 10524,013012905610,10,reg/013012905610_1220090818|reg/013012905610_1220090818|reg/013012905610_
2016-12-20 09:09:15 INFO UpdateUserState: 013012905610,1
2016-12-20 09:15:37 INFO AddIdentifyResult: 10525,013012905618,-1,
2016-12-20 09:16:02 INFO AddIdentifyResult: 10525,013012905618,-3,
2016-12-20 09:17:50 INFO AddIdentifyResult: 10525,013012905618,12,
2016-12-20 09:17:57 INFO AddIdentifyResult: 10525,013012905618,10,reg/013012905618_1220091705|reg/013012905618_1220091705|reg/013012905618_
2016-12-20 09:17:58 INFO UpdateUserState: 013012905618,1
2016-12-20 09:18:05 INFO AddIdentifyResult: 10526,013405467054,-1,
2016-12-20 09:18:37 INFO AddIdentifyResult: 10526,013405467054,-3,
2016-12-20 09:20:59 INFO AddIdentifyResult: 10526,013405467054,12,
2016-12-20 09:21:06 INFO AddIdentifyResult: 10526,013405467054,10,reg/013405467054_1220092127|reg/013405467054_1220092127|reg/013405467054_1220091940
2016-12-20 09:21:06 INFO UpdateUserState: 013405467054,1
2016-12-20 09:46:29 INFO AddIdentifyResult: 10527,013012905621,-1,
2016-12-20 09:46:35 INFO AddIdentifyResult: 10527,013012905621,-3,
2016-12-20 09:48:14 INFO AddIdentifyResult: 10527,013012905621,12,
2016-12-20 09:48:21 INFO AddIdentifyResult: 10527,013012905621,10,reg/013012905621_1220094739|reg/013012905621_1220094739|reg/013012905621_
2016-12-20 09:48:21 INFO UpdateUserState: 013012905621,1
2016-12-20 09:54:32 INFO AddIdentifyResult: 10528,013012906212,-1,
2016-12-20 09:54:37 INFO AddIdentifyResult: 10528,013012906212,-3,
2016-12-20 09:55:59 INFO AddIdentifyResult: 10528,013012906212,12,
2016-12-20 09:56:06 INFO AddIdentifyResult: 10528,013012906212,10,reg/013012906212_1220095541|reg/013012906212_1220095541|reg/013012906212_
2016-12-20 09:56:06 INFO UpdateUserState: 013012906212,1
2016-12-20 09:56:41 INFO AddIdentifyResult: 10529,013678612623,-1,
2016-12-20 09:56:50 INFO AddIdentifyResult: 10529,013678612623,-3,
2016-12-20 09:58:41 INFO AddIdentifyResult: 10529,013678612623,12,
2016-12-20 09:58:48 INFO AddIdentifyResult: 10529,013678612623,10,reg/013678612623_1220095908|reg/013678612623_1220095908|reg/013678612623_1220095754
2016-12-20 09:58:48 INFO UpdateUserState: 013678612623,1
2016-12-20 10:02:41 INFO AddIdentifyResult: 10530,013012908838,-1,
2016-12-20 10:02:46 INFO AddIdentifyResult: 10530,013012908838,-3,
2016-12-20 10:04:24 INFO AddIdentifyResult: 10530,013012908838,12,
2016-12-20 10:04:31 INFO AddIdentifyResult: 10530,013012908838,10,reg/013012908838_1220100350|reg/013012908838_1220100350|reg/013012908838_
2016-12-20 10:04:31 INFO UpdateUserState: 013012908838,1
2016-12-20 10:11:24 INFO AddIdentifyResult: 10531,015327855398,-1,
2016-12-20 10:11:56 INFO AddIdentifyResult: 10532,013012915758,-1,
2016-12-20 10:12:05 INFO AddIdentifyResult: 10532,013012915758,-3,
2016-12-20 10:13:33 INFO AddIdentifyResult: 10532,013012915758,12,
2016-12-20 10:13:41 INFO AddIdentifyResult: 10532,013012915758,10,reg/013012915758_1220101309|reg/013012915758_1220101309|reg/013012915758_
2016-12-20 10:13:41 INFO UpdateUserState: 013012915758,1
2016-12-20 10:13:45 INFO AddIdentifyResult: 10533,015965469982,-1,
2016-12-20 10:13:55 INFO AddIdentifyResult: 10533,015965469982,-3,
2016-12-20 10:14:29 INFO AddIdentifyResult: 10534,015327855398,-1,
2016-12-20 10:15:05 INFO AddIdentifyResult: 10535,015327855398,-1,
2016-12-20 10:15:16 INFO AddIdentifyResult: 10535,015327855398,-3,
2016-12-20 10:15:23 INFO AddIdentifyResult: 10533,015965469982,12,
2016-12-20 10:15:30 INFO AddIdentifyResult: 10533,015965469982,10,reg/015965469982_1220101459|reg/015965469982_1220101459|reg/015965469982_
2016-12-20 10:15:30 INFO UpdateUserState: 015965469982,1
2016-12-20 10:17:11 INFO AddIdentifyResult: 10535,015327855398,12,
2016-12-20 10:17:18 INFO AddIdentifyResult: 10535,015327855398,10,reg/015327855398_1220101620|reg/015327855398_1220101620|reg/015327855398_
2016-12-20 10:17:19 INFO UpdateUserState: 015327855398,1
2016-12-20 10:17:24 INFO AddIdentifyResult: 10536,015327855398,-1,
2016-12-20 10:17:59 INFO AddIdentifyResult: 10536,015327855398,-3,
2016-12-20 10:18:51 INFO AddIdentifyResult: 10536,015327855398,0,ver/12/20/101903_015327855398.wav
2016-12-20 10:20:10 INFO AddIdentifyResult: 10537,013012905709,-1,
2016-12-20 10:20:15 INFO AddIdentifyResult: 10537,013012905709,-3,
2016-12-20 10:21:51 INFO AddIdentifyResult: 10537,013012905709,12,
2016-12-20 10:21:59 INFO AddIdentifyResult: 10537,013012905709,10,reg/013012905709_1220102119|reg/013012905709_1220102119|reg/013012905709_
2016-12-20 10:21:59 INFO UpdateUserState: 013012905709,1
2016-12-20 10:30:58 INFO AddIdentifyResult: 10538,013012905715,-1,
2016-12-20 10:31:03 INFO AddIdentifyResult: 10538,013012905715,-3,
2016-12-20 10:32:59 INFO AddIdentifyResult: 10538,013012905715,12,
2016-12-20 10:33:06 INFO AddIdentifyResult: 10538,013012905715,10,reg/013012905715_1220103207|reg/013012905715_1220103207|reg/013012905715_
2016-12-20 10:33:06 INFO UpdateUserState: 013012905715,1
2016-12-20 10:37:34 INFO AddIdentifyResult: 10539,013012905936,-1,
2016-12-20 10:37:42 INFO AddIdentifyResult: 10539,013012905936,-3,
2016-12-20 10:39:32 INFO AddIdentifyResult: 10539,013012905936,12,
2016-12-20 10:39:39 INFO AddIdentifyResult: 10539,013012905936,10,reg/013012905936_1220103846|reg/013012905936_1220103846|reg/013012905936_
2016-12-20 10:39:39 INFO UpdateUserState: 013012905936,1
2016-12-20 10:40:06 INFO AddIdentifyResult: 10540,018186590693,-1,
2016-12-20 10:41:08 INFO AddIdentifyResult: 10541,018186590693,-1,
2016-12-20 10:42:33 INFO AddIdentifyResult: 10542,013012905736,-1,
2016-12-20 10:42:38 INFO AddIdentifyResult: 10542,013012905736,-3,
2016-12-20 10:44:16 INFO AddIdentifyResult: 10542,013012905736,12,
2016-12-20 10:44:22 INFO AddIdentifyResult: 10542,013012905736,10,reg/013012905736_1220104342|reg/013012905736_1220104342|reg/013012905736_
2016-12-20 10:44:23 INFO UpdateUserState: 013012905736,1
2016-12-20 10:46:26 INFO AddIdentifyResult: 10543,013012905989,-1,
2016-12-20 10:46:30 INFO AddIdentifyResult: 10543,013012905989,-3,
2016-12-20 10:48:52 INFO AddIdentifyResult: 10543,013012905989,12,
2016-12-20 10:49:00 INFO AddIdentifyResult: 10543,013012905989,10,reg/013012905989_1220104734|reg/013012905989_1220104734|reg/013012905989_
2016-12-20 10:49:00 INFO UpdateUserState: 013012905989,1
2016-12-20 10:54:37 INFO AddIdentifyResult: 10544,013339716515,-1,
2016-12-20 10:55:28 INFO AddIdentifyResult: 10545,013339716515,-1,
2016-12-20 10:55:43 INFO AddIdentifyResult: 10546,015554604703,-1,
2016-12-20 10:55:51 INFO AddIdentifyResult: 10545,013339716515,-3,
2016-12-20 10:55:55 INFO AddIdentifyResult: 10546,015554604703,-3,
2016-12-20 10:58:26 INFO AddIdentifyResult: 10545,013339716515,11,reg/013339716515_|reg/013339716515_|reg/013339716515_
2016-12-20 10:58:42 INFO AddIdentifyResult: 10547,013339716515,-1,
2016-12-20 10:58:43 INFO AddIdentifyResult: 10546,015554604703,12,
2016-12-20 10:58:50 INFO AddIdentifyResult: 10546,015554604703,10,reg/015554604703_1220105852|reg/015554604703_1220105852|reg/015554604703_1220105659
2016-12-20 10:58:50 INFO UpdateUserState: 015554604703,1
2016-12-20 10:58:53 INFO AddIdentifyResult: 10548,013012905939,-1,
2016-12-20 10:58:59 INFO AddIdentifyResult: 10547,013339716515,-3,
2016-12-20 10:59:03 INFO AddIdentifyResult: 10548,013012905939,-3,
2016-12-20 11:00:09 INFO AddIdentifyResult: 10549,013903369384,-1,
2016-12-20 11:00:20 INFO AddIdentifyResult: 10549,013903369384,-3,
2016-12-20 11:00:54 INFO AddIdentifyResult: 10548,013012905939,12,
2016-12-20 11:01:02 INFO AddIdentifyResult: 10548,013012905939,10,reg/013012905939_1220110007|reg/013012905939_1220110007|reg/013012905939_
2016-12-20 11:01:02 INFO UpdateUserState: 013012905939,1
2016-12-20 11:01:06 INFO AddIdentifyResult: 10547,013339716515,12,
2016-12-20 11:01:16 INFO AddIdentifyResult: 10547,013339716515,10,reg/013339716515_1220110003|reg/013339716515_1220110003|reg/013339716515_
2016-12-20 11:01:16 INFO UpdateUserState: 013339716515,1
2016-12-20 11:01:21 INFO AddIdentifyResult: 10550,013339716515,-1,
2016-12-20 11:01:29 INFO AddIdentifyResult: 10550,013339716515,-3,
2016-12-20 11:01:30 INFO AddIdentifyResult: 10549,013903369384,11,reg/013903369384_|reg/013903369384_|reg/013903369384_
2016-12-20 11:01:58 INFO AddIdentifyResult: 10551,013903369384,-1,
2016-12-20 11:02:07 INFO AddIdentifyResult: 10551,013903369384,-3,
2016-12-20 11:02:22 INFO AddIdentifyResult: 10550,013339716515,0,ver/12/20/110234_013339716515.wav
2016-12-20 11:03:17 INFO AddIdentifyResult: 10552,013012905963,-1,
2016-12-20 11:03:23 INFO AddIdentifyResult: 10552,013012905963,-3,
2016-12-20 11:04:32 INFO AddIdentifyResult: 10551,013903369384,12,
2016-12-20 11:04:39 INFO AddIdentifyResult: 10551,013903369384,10,reg/013903369384_1220110457|reg/013903369384_1220110457|reg/013903369384_1220110311
2016-12-20 11:04:39 INFO UpdateUserState: 013903369384,1
2016-12-20 11:04:50 INFO AddIdentifyResult: 10553,013903369384,-1,
2016-12-20 11:04:58 INFO AddIdentifyResult: 10553,013903369384,-3,
2016-12-20 11:05:09 INFO AddIdentifyResult: 10552,013012905963,12,
2016-12-20 11:05:16 INFO AddIdentifyResult: 10552,013012905963,10,reg/013012905963_1220110427|reg/013012905963_1220110427|reg/013012905963_
2016-12-20 11:05:16 INFO UpdateUserState: 013012905963,1
2016-12-20 11:05:49 INFO AddIdentifyResult: 10553,013903369384,0,ver/12/20/110602_013903369384.wav
2016-12-20 11:06:43 INFO AddIdentifyResult: 10554,013012906183,-1,
2016-12-20 11:06:49 INFO AddIdentifyResult: 10554,013012906183,-3,
2016-12-20 11:08:35 INFO AddIdentifyResult: 10554,013012906183,12,
2016-12-20 11:08:42 INFO AddIdentifyResult: 10554,013012906183,10,reg/013012906183_1220110753|reg/013012906183_1220110753|reg/013012906183_
2016-12-20 11:08:43 INFO UpdateUserState: 013012906183,1
2016-12-20 11:09:56 INFO AddIdentifyResult: 10555,015263837668,-1,
2016-12-20 11:10:05 INFO AddIdentifyResult: 10555,015263837668,-3,
2016-12-20 11:12:23 INFO AddIdentifyResult: 10555,015263837668,12,
2016-12-20 11:12:29 INFO AddIdentifyResult: 10555,015263837668,10,reg/015263837668_1220111256|reg/015263837668_1220111256|reg/015263837668_1220111109
2016-12-20 11:12:30 INFO UpdateUserState: 015263837668,1
2016-12-20 12:27:44 INFO AddIdentifyResult: 10556,015534924720,-1,
2016-12-20 12:28:02 INFO AddIdentifyResult: 10556,015534924720,-3,
2016-12-20 12:28:07 INFO AddIdentifyResult: 10556,015534924720,1,
2016-12-20 13:05:10 INFO AddIdentifyResult: 10557,013012905973,-1,
2016-12-20 13:05:16 INFO AddIdentifyResult: 10557,013012905973,-3,
2016-12-20 13:09:06 INFO AddIdentifyResult: 10557,013012905973,12,
2016-12-20 13:09:12 INFO AddIdentifyResult: 10557,013012905973,10,reg/013012905973_1220130932|reg/013012905973_1220130932|reg/013012905973_1220130621
2016-12-20 13:09:13 INFO UpdateUserState: 013012905973,1
2016-12-20 13:13:21 INFO AddIdentifyResult: 10558,013012905993,-1,
2016-12-20 13:13:33 INFO AddIdentifyResult: 10558,013012905993,-3,
2016-12-20 13:15:51 INFO AddIdentifyResult: 10558,013012905993,12,
2016-12-20 13:15:59 INFO AddIdentifyResult: 10558,013012905993,10,reg/013012905993_1220131437|reg/013012905993_1220131437|reg/013012905993_
2016-12-20 13:15:59 INFO UpdateUserState: 013012905993,1
2016-12-20 13:18:07 INFO AddIdentifyResult: 10559,013012913898,-1,
2016-12-20 13:18:17 INFO AddIdentifyResult: 10559,013012913898,-3,
2016-12-20 13:20:30 INFO AddIdentifyResult: 10559,013012913898,12,
2016-12-20 13:20:39 INFO AddIdentifyResult: 10559,013012913898,10,reg/013012913898_1220131921|reg/013012913898_1220131921|reg/013012913898_
2016-12-20 13:20:40 INFO UpdateUserState: 013012913898,1
2016-12-20 13:23:14 INFO AddIdentifyResult: 10560,013012906010,-1,
2016-12-20 13:23:24 INFO AddIdentifyResult: 10560,013012906010,-3,
2016-12-20 13:24:42 INFO AddIdentifyResult: 10560,013012906010,11,reg/013012906010_|reg/013012906010_|reg/013012906010_
2016-12-20 13:25:13 INFO AddIdentifyResult: 10561,013012906010,-1,
2016-12-20 13:25:19 INFO AddIdentifyResult: 10561,013012906010,-3,
2016-12-20 13:27:09 INFO AddIdentifyResult: 10561,013012906010,12,
2016-12-20 13:27:17 INFO AddIdentifyResult: 10561,013012906010,10,reg/013012906010_1220132624|reg/013012906010_1220132624|reg/013012906010_
2016-12-20 13:27:17 INFO UpdateUserState: 013012906010,1
2016-12-20 13:31:36 INFO AddIdentifyResult: 10562,013012906037,-1,
2016-12-20 13:31:42 INFO AddIdentifyResult: 10562,013012906037,-3,
2016-12-20 13:33:45 INFO AddIdentifyResult: 10562,013012906037,12,
2016-12-20 13:33:52 INFO AddIdentifyResult: 10562,013012906037,10,reg/013012906037_1220133246|reg/013012906037_1220133246|reg/013012906037_
2016-12-20 13:33:53 INFO UpdateUserState: 013012906037,1
2016-12-20 13:34:00 INFO AddIdentifyResult: 10563,013012906230,-1,
2016-12-20 13:34:06 INFO AddIdentifyResult: 10563,013012906230,-3,
2016-12-20 13:34:12 INFO AddIdentifyResult: 10564,013210388071,-1,
2016-12-20 13:34:18 INFO AddIdentifyResult: 10564,013210388071,-3,
2016-12-20 13:35:47 INFO AddIdentifyResult: 10563,013012906230,12,
2016-12-20 13:35:53 INFO AddIdentifyResult: 10563,013012906230,10,reg/013012906230_1220133510|reg/013012906230_1220133510|reg/013012906230_
2016-12-20 13:35:54 INFO UpdateUserState: 013012906230,1
2016-12-20 13:36:03 INFO AddIdentifyResult: 10564,013210388071,12,
2016-12-20 13:36:10 INFO AddIdentifyResult: 10564,013210388071,10,reg/013210388071_1220133522|reg/013210388071_1220133522|reg/013210388071_
2016-12-20 13:36:10 INFO UpdateUserState: 013210388071,1
2016-12-20 13:36:20 INFO AddIdentifyResult: 10565,013562278365,-1,
2016-12-20 13:36:27 INFO AddIdentifyResult: 10565,013562278365,-3,
2016-12-20 13:37:57 INFO AddIdentifyResult: 10566,013012906236,-1,
2016-12-20 13:38:03 INFO AddIdentifyResult: 10566,013012906236,-3,
2016-12-20 13:38:15 INFO AddIdentifyResult: 10565,013562278365,12,
2016-12-20 13:38:22 INFO AddIdentifyResult: 10565,013562278365,10,reg/013562278365_1220133731|reg/013562278365_1220133731|reg/013562278365_
2016-12-20 13:38:22 INFO UpdateUserState: 013562278365,1
2016-12-20 13:39:44 INFO AddIdentifyResult: 10566,013012906236,12,
2016-12-20 13:39:50 INFO AddIdentifyResult: 10566,013012906236,10,reg/013012906236_1220133908|reg/013012906236_1220133908|reg/013012906236_
2016-12-20 13:39:50 INFO UpdateUserState: 013012906236,1
2016-12-20 13:42:58 INFO AddIdentifyResult: 10567,013012906239,-1,
2016-12-20 13:43:09 INFO AddIdentifyResult: 10567,013012906239,-3,
2016-12-20 13:44:16 INFO AddIdentifyResult: 10568,013012906265,-1,
2016-12-20 13:44:20 INFO AddIdentifyResult: 10568,013012906265,-3,
2016-12-20 13:44:59 INFO AddIdentifyResult: 10567,013012906239,12,
2016-12-20 13:45:07 INFO AddIdentifyResult: 10567,013012906239,10,reg/013012906239_1220134413|reg/013012906239_1220134413|reg/013012906239_
2016-12-20 13:45:07 INFO UpdateUserState: 013012906239,1
2016-12-20 13:45:25 INFO AddIdentifyResult: 10569,013406142386,-1,
2016-12-20 13:45:35 INFO AddIdentifyResult: 10569,013406142386,-3,
2016-12-20 13:46:27 INFO AddIdentifyResult: 10568,013012906265,11,reg/013012906265_|reg/013012906265_|reg/013012906265_
2016-12-20 13:47:08 INFO AddIdentifyResult: 10570,013012906265,-1,
2016-12-20 13:47:15 INFO AddIdentifyResult: 10569,013406142386,12,
2016-12-20 13:47:15 INFO AddIdentifyResult: 10570,013012906265,-3,
2016-12-20 13:47:21 INFO AddIdentifyResult: 10569,013406142386,10,reg/013406142386_1220134639|reg/013406142386_1220134639|reg/013406142386_
2016-12-20 13:47:22 INFO UpdateUserState: 013406142386,1
2016-12-20 13:49:09 INFO AddIdentifyResult: 10570,013012906265,12,
2016-12-20 13:49:16 INFO AddIdentifyResult: 10570,013012906265,10,reg/013012906265_1220134820|reg/013012906265_1220134820|reg/013012906265_
2016-12-20 13:49:16 INFO UpdateUserState: 013012906265,1
2016-12-20 13:49:30 INFO AddIdentifyResult: 10571,018806476355,-1,
2016-12-20 13:49:36 INFO AddIdentifyResult: 10571,018806476355,-3,
2016-12-20 13:51:10 INFO AddIdentifyResult: 10571,018806476355,12,
2016-12-20 13:51:16 INFO AddIdentifyResult: 10571,018806476355,10,reg/018806476355_1220135041|reg/018806476355_1220135041|reg/018806476355_
2016-12-20 13:51:17 INFO UpdateUserState: 018806476355,1
2016-12-20 13:53:06 INFO AddIdentifyResult: 10572,013012906309,-1,
2016-12-20 13:53:11 INFO AddIdentifyResult: 10572,013012906309,-3,
2016-12-20 13:56:56 INFO AddIdentifyResult: 10572,013012906309,12,
2016-12-20 13:57:04 INFO AddIdentifyResult: 10572,013012906309,10,reg/013012906309_1220135716|reg/013012906309_1220135716|reg/013012906309_1220135416
2016-12-20 13:57:04 INFO UpdateUserState: 013012906309,1
2016-12-20 14:01:58 INFO AddIdentifyResult: 10573,013012906365,-1,
2016-12-20 14:03:51 INFO AddIdentifyResult: 10574,013012906365,-1,
2016-12-20 14:03:52 INFO AddIdentifyResult: 10575,013012906327,-1,
2016-12-20 14:03:57 INFO AddIdentifyResult: 10574,013012906365,-3,
2016-12-20 14:03:58 INFO AddIdentifyResult: 10575,013012906327,-3,
2016-12-20 14:05:30 INFO AddIdentifyResult: 10574,013012906365,12,
2016-12-20 14:05:36 INFO AddIdentifyResult: 10574,013012906365,10,reg/013012906365_1220140502|reg/013012906365_1220140502|reg/013012906365_
2016-12-20 14:05:36 INFO UpdateUserState: 013012906365,1
2016-12-20 14:06:03 INFO AddIdentifyResult: 10575,013012906327,12,
2016-12-20 14:06:09 INFO AddIdentifyResult: 10575,013012906327,10,reg/013012906327_1220140632|reg/013012906327_1220140632|reg/013012906327_1220140503
2016-12-20 14:06:10 INFO UpdateUserState: 013012906327,1
2016-12-20 14:07:03 INFO AddIdentifyResult: 10576,015216472989,-1,
2016-12-20 14:07:10 INFO AddIdentifyResult: 10576,015216472989,-3,
2016-12-20 14:09:24 INFO AddIdentifyResult: 10577,013012906291,-1,
2016-12-20 14:09:29 INFO AddIdentifyResult: 10577,013012906291,-3,
2016-12-20 14:10:46 INFO AddIdentifyResult: 10576,015216472989,12,
2016-12-20 14:10:53 INFO AddIdentifyResult: 10576,015216472989,10,reg/015216472989_1220141101|reg/015216472989_1220141101|reg/015216472989_1220140814
2016-12-20 14:10:53 INFO UpdateUserState: 015216472989,1
2016-12-20 14:10:57 INFO AddIdentifyResult: 10577,013012906291,12,
2016-12-20 14:11:04 INFO AddIdentifyResult: 10577,013012906291,10,reg/013012906291_1220141034|reg/013012906291_1220141034|reg/013012906291_
2016-12-20 14:11:04 INFO UpdateUserState: 013012906291,1
2016-12-20 14:12:58 INFO AddIdentifyResult: 10578,018754675505,-1,
2016-12-20 14:13:06 INFO AddIdentifyResult: 10578,018754675505,-3,
2016-12-20 14:14:38 INFO AddIdentifyResult: 10578,018754675505,12,
2016-12-20 14:14:45 INFO AddIdentifyResult: 10578,018754675505,10,reg/018754675505_1220141410|reg/018754675505_1220141410|reg/018754675505_
2016-12-20 14:14:45 INFO UpdateUserState: 018754675505,1
2016-12-20 14:16:07 INFO AddIdentifyResult: 10579,013012906370,-1,
2016-12-20 14:16:13 INFO AddIdentifyResult: 10579,013012906370,-3,
2016-12-20 14:17:22 INFO AddIdentifyResult: 10580,013012906368,-1,
2016-12-20 14:17:27 INFO AddIdentifyResult: 10580,013012906368,-3,
2016-12-20 14:18:19 INFO AddIdentifyResult: 10579,013012906370,12,
2016-12-20 14:18:27 INFO AddIdentifyResult: 10579,013012906370,10,reg/013012906370_1220141718|reg/013012906370_1220141718|reg/013012906370_
2016-12-20 14:18:27 INFO UpdateUserState: 013012906370,1
2016-12-20 14:19:11 INFO AddIdentifyResult: 10580,013012906368,12,
2016-12-20 14:19:15 INFO AddIdentifyResult: 10581,015256477510,-1,
2016-12-20 14:19:18 INFO AddIdentifyResult: 10580,013012906368,10,reg/013012906368_1220141832|reg/013012906368_1220141832|reg/013012906368_
2016-12-20 14:19:18 INFO UpdateUserState: 013012906368,1
2016-12-20 14:19:39 INFO AddIdentifyResult: 10582,015256477510,-1,
2016-12-20 14:20:20 INFO AddIdentifyResult: 10583,015256477510,-1,
2016-12-20 14:20:37 INFO AddIdentifyResult: 10584,013012906378,-1,
2016-12-20 14:22:40 INFO AddIdentifyResult: 10585,015254677510,-1,
2016-12-20 14:22:50 INFO AddIdentifyResult: 10585,015254677510,-3,
2016-12-20 14:23:37 INFO AddIdentifyResult: 10586,013012906378,-1,
2016-12-20 14:23:48 INFO AddIdentifyResult: 10586,013012906378,-3,
2016-12-20 14:25:05 INFO AddIdentifyResult: 10585,015254677510,12,
2016-12-20 14:25:11 INFO AddIdentifyResult: 10585,015254677510,10,reg/015254677510_1220142355|reg/015254677510_1220142355|reg/015254677510_
2016-12-20 14:25:11 INFO UpdateUserState: 015254677510,1
2016-12-20 14:25:31 INFO AddIdentifyResult: 10586,013012906378,12,
2016-12-20 14:25:38 INFO AddIdentifyResult: 10586,013012906378,10,reg/013012906378_1220142607|reg/013012906378_1220142607|reg/013012906378_1220142452
2016-12-20 14:25:38 INFO UpdateUserState: 013012906378,1
2016-12-20 14:26:59 INFO AddIdentifyResult: 10587,018765465042,-1,
2016-12-20 14:27:07 INFO AddIdentifyResult: 10587,018765465042,-3,
2016-12-20 14:27:45 INFO AddIdentifyResult: 10588,013012906523,-1,
2016-12-20 14:27:51 INFO AddIdentifyResult: 10588,013012906523,-3,
2016-12-20 14:28:59 INFO AddIdentifyResult: 10587,018765465042,12,
2016-12-20 14:29:05 INFO AddIdentifyResult: 10587,018765465042,10,reg/018765465042_1220142812|reg/018765465042_1220142812|reg/018765465042_
2016-12-20 14:29:05 INFO UpdateUserState: 018765465042,1
2016-12-20 14:29:13 INFO AddIdentifyResult: 10588,013012906523,12,
2016-12-20 14:29:20 INFO AddIdentifyResult: 10588,013012906523,10,reg/013012906523_1220142856|reg/013012906523_1220142856|reg/013012906523_
2016-12-20 14:29:20 INFO UpdateUserState: 013012906523,1
2016-12-20 14:29:27 INFO AddIdentifyResult: 10589,018354673613,-1,
2016-12-20 14:29:35 INFO AddIdentifyResult: 10589,018354673613,-3,
2016-12-20 14:30:47 INFO AddIdentifyResult: 10590,013012906517,-1,
2016-12-20 14:30:52 INFO AddIdentifyResult: 10590,013012906517,-3,
2016-12-20 14:31:27 INFO AddIdentifyResult: 10589,018354673613,12,
2016-12-20 14:31:35 INFO AddIdentifyResult: 10589,018354673613,10,reg/018354673613_1220143039|reg/018354673613_1220143039|reg/018354673613_
2016-12-20 14:31:35 INFO UpdateUserState: 018354673613,1
2016-12-20 14:32:30 INFO AddIdentifyResult: 10590,013012906517,12,
2016-12-20 14:32:36 INFO AddIdentifyResult: 10590,013012906517,10,reg/013012906517_1220143157|reg/013012906517_1220143157|reg/013012906517_
2016-12-20 14:32:37 INFO UpdateUserState: 013012906517,1
2016-12-20 14:32:44 INFO AddIdentifyResult: 10591,018186598151,-1,
2016-12-20 14:35:30 INFO AddIdentifyResult: 10592,018186598151,-1,
2016-12-20 14:36:00 INFO AddIdentifyResult: 10593,018186598151,-1,
2016-12-20 14:37:07 INFO AddIdentifyResult: 10594,018186598151,-1,
2016-12-20 14:37:24 INFO AddIdentifyResult: 10594,018186598151,-3,
2016-12-20 14:38:12 INFO AddIdentifyResult: 10595,013012906551,-1,
2016-12-20 14:38:18 INFO AddIdentifyResult: 10595,013012906551,-3,
2016-12-20 14:38:19 INFO AddIdentifyResult: 10596,013386474607,-1,
2016-12-20 14:38:38 INFO AddIdentifyResult: 10596,013386474607,-3,
2016-12-20 14:39:39 INFO AddIdentifyResult: 10594,018186598151,12,
2016-12-20 14:39:47 INFO AddIdentifyResult: 10594,018186598151,10,reg/018186598151_1220143829|reg/018186598151_1220143829|reg/018186598151_
2016-12-20 14:39:48 INFO UpdateUserState: 018186598151,1
2016-12-20 14:39:52 INFO AddIdentifyResult: 10595,013012906551,12,
2016-12-20 14:39:59 INFO AddIdentifyResult: 10595,013012906551,10,reg/013012906551_1220143923|reg/013012906551_1220143923|reg/013012906551_
2016-12-20 14:39:59 INFO UpdateUserState: 013012906551,1
2016-12-20 14:40:04 INFO AddIdentifyResult: 10596,013386474607,12,
2016-12-20 14:40:04 INFO AddIdentifyResult: 10597,015865182589,-1,
2016-12-20 14:40:12 INFO AddIdentifyResult: 10597,015865182589,-3,
2016-12-20 14:40:12 INFO AddIdentifyResult: 10596,013386474607,10,reg/013386474607_1220143943|reg/013386474607_1220143943|reg/013386474607_
2016-12-20 14:40:12 INFO UpdateUserState: 013386474607,1
2016-12-20 14:40:35 INFO AddIdentifyResult: 10598,013012913776,-1,
2016-12-20 14:40:37 INFO AddIdentifyResult: 10599,018186598151,-1,
2016-12-20 14:40:41 INFO AddIdentifyResult: 10598,013012913776,-3,
2016-12-20 14:40:49 INFO AddIdentifyResult: 10599,018186598151,-3,
2016-12-20 14:41:41 INFO AddIdentifyResult: 10599,018186598151,0,ver/12/20/144154_018186598151.wav
2016-12-20 14:41:45 INFO AddIdentifyResult: 10597,015865182589,12,
2016-12-20 14:41:52 INFO AddIdentifyResult: 10597,015865182589,10,reg/015865182589_1220144116|reg/015865182589_1220144116|reg/015865182589_
2016-12-20 14:41:52 INFO UpdateUserState: 015865182589,1
2016-12-20 14:42:01 INFO AddIdentifyResult: 10598,013012913776,12,
2016-12-20 14:42:08 INFO AddIdentifyResult: 10598,013012913776,10,reg/013012913776_1220144145|reg/013012913776_1220144145|reg/013012913776_
2016-12-20 14:42:08 INFO UpdateUserState: 013012913776,1
2016-12-20 14:43:46 INFO AddIdentifyResult: 10600,013012906559,-1,
2016-12-20 14:43:48 INFO AddIdentifyResult: 10601,013012906562,-1,
2016-12-20 14:43:51 INFO AddIdentifyResult: 10600,013012906559,-3,
2016-12-20 14:43:54 INFO AddIdentifyResult: 10601,013012906562,-3,
2016-12-20 14:45:51 INFO AddIdentifyResult: 10600,013012906559,12,
2016-12-20 14:45:56 INFO AddIdentifyResult: 10601,013012906562,12,
2016-12-20 14:45:59 INFO AddIdentifyResult: 10600,013012906559,10,reg/013012906559_1220144619|reg/013012906559_1220144619|reg/013012906559_1220144456
2016-12-20 14:45:59 INFO UpdateUserState: 013012906559,1
2016-12-20 14:46:07 INFO AddIdentifyResult: 10601,013012906562,10,reg/013012906562_1220144459|reg/013012906562_1220144459|reg/013012906562_
2016-12-20 14:46:07 INFO UpdateUserState: 013012906562,1
2016-12-20 14:53:02 INFO AddIdentifyResult: 10602,013012906712,-1,
2016-12-20 14:53:08 INFO AddIdentifyResult: 10602,013012906712,-3,
2016-12-20 14:54:52 INFO AddIdentifyResult: 10603,013012906571,-1,
2016-12-20 14:55:02 INFO AddIdentifyResult: 10603,013012906571,-3,
2016-12-20 14:55:27 INFO AddIdentifyResult: 10602,013012906712,12,
2016-12-20 14:55:33 INFO AddIdentifyResult: 10602,013012906712,10,reg/013012906712_1220145601|reg/013012906712_1220145601|reg/013012906712_1220145413
2016-12-20 14:55:34 INFO UpdateUserState: 013012906712,1
2016-12-20 14:55:34 INFO AddIdentifyResult: 10603,013012906571,11,reg/013012906571_|reg/013012906571_|reg/013012906571_
2016-12-20 14:56:02 INFO AddIdentifyResult: 10604,015275464518,-1,
2016-12-20 14:56:10 INFO AddIdentifyResult: 10604,015275464518,-3,
2016-12-20 14:56:12 INFO AddIdentifyResult: 10604,015275464518,11,reg/015275464518_|reg/015275464518_|reg/015275464518_
2016-12-20 14:56:44 INFO AddIdentifyResult: 10605,015954626330,-1,
2016-12-20 14:56:57 INFO AddIdentifyResult: 10605,015954626330,-3,
2016-12-20 14:57:00 INFO AddIdentifyResult: 10606,015275464518,-1,
2016-12-20 14:57:08 INFO AddIdentifyResult: 10606,015275464518,-3,
2016-12-20 14:58:53 INFO AddIdentifyResult: 10606,015275464518,12,
2016-12-20 14:58:55 INFO AddIdentifyResult: 10605,015954626330,12,
2016-12-20 14:59:01 INFO AddIdentifyResult: 10606,015275464518,10,reg/015275464518_1220145813|reg/015275464518_1220145813|reg/015275464518_
2016-12-20 14:59:01 INFO UpdateUserState: 015275464518,1
2016-12-20 14:59:09 INFO AddIdentifyResult: 10605,015954626330,10,reg/015954626330_1220145801|reg/015954626330_1220145801|reg/015954626330_
2016-12-20 14:59:09 INFO UpdateUserState: 015954626330,1
2016-12-20 14:59:10 INFO AddIdentifyResult: 10607,013012906571,-1,
2016-12-20 14:59:39 INFO AddIdentifyResult: 10607,013012906571,-3,
2016-12-20 15:01:44 INFO AddIdentifyResult: 10607,013012906571,12,
2016-12-20 15:01:53 INFO AddIdentifyResult: 10607,013012906571,10,reg/013012906571_1220150044|reg/013012906571_1220150044|reg/013012906571_
2016-12-20 15:01:53 INFO UpdateUserState: 013012906571,1
2016-12-20 15:02:30 INFO AddIdentifyResult: 10608,013589435328,-1,
2016-12-20 15:02:42 INFO AddIdentifyResult: 10608,013589435328,-3,
2016-12-20 15:04:44 INFO AddIdentifyResult: 10608,013589435328,12,
2016-12-20 15:04:51 INFO AddIdentifyResult: 10608,013589435328,10,reg/013589435328_1220150518|reg/013589435328_1220150518|reg/013589435328_1220150347
2016-12-20 15:04:51 INFO UpdateUserState: 013589435328,1
2016-12-20 15:06:35 INFO AddIdentifyResult: 10609,013012906715,-1,
2016-12-20 15:06:46 INFO AddIdentifyResult: 10610,015954674822,-1,
2016-12-20 15:06:53 INFO AddIdentifyResult: 10610,015954674822,-3,
2016-12-20 15:07:05 INFO AddIdentifyResult: 10611,013012906768,-1,
2016-12-20 15:07:14 INFO AddIdentifyResult: 10611,013012906768,-3,
2016-12-20 15:07:25 INFO AddIdentifyResult: 10611,013012906768,11,reg/013012906768_|reg/013012906768_|reg/013012906768_
2016-12-20 15:07:26 INFO AddIdentifyResult: 10612,013012906768,-1,
2016-12-20 15:07:35 INFO AddIdentifyResult: 10612,013012906768,-3,
2016-12-20 15:08:22 INFO AddIdentifyResult: 10610,015954674822,12,
2016-12-20 15:08:29 INFO AddIdentifyResult: 10610,015954674822,10,reg/015954674822_1220150757|reg/015954674822_1220150757|reg/015954674822_
2016-12-20 15:08:29 INFO UpdateUserState: 015954674822,1
2016-12-20 15:08:31 INFO AddIdentifyResult: 10613,013012906715,-1,
2016-12-20 15:08:36 INFO AddIdentifyResult: 10613,013012906715,-3,
2016-12-20 15:09:32 INFO AddIdentifyResult: 10612,013012906768,12,
2016-12-20 15:09:38 INFO AddIdentifyResult: 10612,013012906768,10,reg/013012906768_1220151004|reg/013012906768_1220151004|reg/013012906768_1220150840
2016-12-20 15:09:38 INFO UpdateUserState: 013012906768,1
2016-12-20 15:10:02 INFO AddIdentifyResult: 10613,013012906715,12,
2016-12-20 15:10:08 INFO AddIdentifyResult: 10613,013012906715,10,reg/013012906715_1220150941|reg/013012906715_1220150941|reg/013012906715_
2016-12-20 15:10:09 INFO UpdateUserState: 013012906715,1
2016-12-20 15:14:51 INFO AddIdentifyResult: 10614,015550542352,-1,
2016-12-20 15:14:57 INFO AddIdentifyResult: 10614,015550542352,-3,
2016-12-20 15:16:54 INFO AddIdentifyResult: 10614,015550542352,12,
2016-12-20 15:17:00 INFO AddIdentifyResult: 10614,015550542352,10,reg/015550542352_1220151602|reg/015550542352_1220151602|reg/015550542352_
2016-12-20 15:17:00 INFO UpdateUserState: 015550542352,1
2016-12-20 15:17:05 INFO AddIdentifyResult: 10615,013012906813,-1,
2016-12-20 15:17:10 INFO AddIdentifyResult: 10615,013012906813,-3,
2016-12-20 15:17:55 INFO AddIdentifyResult: 10616,013012906835,-1,
2016-12-20 15:18:01 INFO AddIdentifyResult: 10616,013012906835,-3,
2016-12-20 15:19:12 INFO AddIdentifyResult: 10615,013012906813,12,
2016-12-20 15:19:19 INFO AddIdentifyResult: 10615,013012906813,10,reg/013012906813_1220151815|reg/013012906813_1220151815|reg/013012906813_
2016-12-20 15:19:19 INFO UpdateUserState: 013012906813,1
2016-12-20 15:22:19 INFO AddIdentifyResult: 10616,013012906835,12,
2016-12-20 15:22:26 INFO AddIdentifyResult: 10616,013012906835,10,reg/013012906835_1220152236|reg/013012906835_1220152236|reg/013012906835_1220151906
2016-12-20 15:22:26 INFO UpdateUserState: 013012906835,1
2016-12-20 15:22:46 INFO AddIdentifyResult: 10617,013780759376,-1,
2016-12-20 15:23:10 INFO AddIdentifyResult: 10617,013780759376,-3,
2016-12-20 15:25:06 INFO AddIdentifyResult: 10618,013012906858,-1,
2016-12-20 15:25:11 INFO AddIdentifyResult: 10618,013012906858,-3,
2016-12-20 15:25:13 INFO AddIdentifyResult: 10617,013780759376,12,
2016-12-20 15:25:23 INFO AddIdentifyResult: 10617,013780759376,10,reg/013780759376_1220152414|reg/013780759376_1220152414|reg/013780759376_
2016-12-20 15:25:23 INFO UpdateUserState: 013780759376,1
2016-12-20 15:25:43 INFO AddIdentifyResult: 10619,013012906859,-1,
2016-12-20 15:25:50 INFO AddIdentifyResult: 10619,013012906859,-3,
2016-12-20 15:26:32 INFO AddIdentifyResult: 10618,013012906858,12,
2016-12-20 15:26:38 INFO AddIdentifyResult: 10618,013012906858,10,reg/013012906858_1220152616|reg/013012906858_1220152616|reg/013012906858_
2016-12-20 15:26:39 INFO UpdateUserState: 013012906858,1
2016-12-20 15:27:37 INFO AddIdentifyResult: 10619,013012906859,12,
2016-12-20 15:27:44 INFO AddIdentifyResult: 10619,013012906859,10,reg/013012906859_1220152655|reg/013012906859_1220152655|reg/013012906859_
2016-12-20 15:27:45 INFO UpdateUserState: 013012906859,1
2016-12-20 15:30:15 INFO AddIdentifyResult: 10620,013012906902,-1,
2016-12-20 15:30:21 INFO AddIdentifyResult: 10620,013012906902,-3,
2016-12-20 15:32:18 INFO AddIdentifyResult: 10621,013012906890,-1,
2016-12-20 15:32:23 INFO AddIdentifyResult: 10621,013012906890,-3,
2016-12-20 15:33:10 INFO AddIdentifyResult: 10620,013012906902,12,
2016-12-20 15:33:16 INFO AddIdentifyResult: 10620,013012906902,10,reg/013012906902_1220153341|reg/013012906902_1220153341|reg/013012906902_1220153126
2016-12-20 15:33:16 INFO UpdateUserState: 013012906902,1
2016-12-20 15:34:07 INFO AddIdentifyResult: 10621,013012906890,12,
2016-12-20 15:34:14 INFO AddIdentifyResult: 10621,013012906890,10,reg/013012906890_1220153328|reg/013012906890_1220153328|reg/013012906890_
2016-12-20 15:34:14 INFO UpdateUserState: 013012906890,1
2016-12-20 15:34:52 INFO AddIdentifyResult: 10622,013012906932,-1,
2016-12-20 15:34:57 INFO AddIdentifyResult: 10622,013012906932,-3,
2016-12-20 15:35:51 INFO AddIdentifyResult: 10623,013012906962,-1,
2016-12-20 15:36:13 INFO AddIdentifyResult: 10623,013012906962,-3,
2016-12-20 15:36:43 INFO AddIdentifyResult: 10622,013012906932,12,
2016-12-20 15:36:50 INFO AddIdentifyResult: 10622,013012906932,10,reg/013012906932_1220153602|reg/013012906932_1220153602|reg/013012906932_
2016-12-20 15:36:51 INFO UpdateUserState: 013012906932,1
2016-12-20 15:37:56 INFO AddIdentifyResult: 10624,013012906961,-1,
2016-12-20 15:38:02 INFO AddIdentifyResult: 10624,013012906961,-3,
2016-12-20 15:38:38 INFO AddIdentifyResult: 10623,013012906962,12,
2016-12-20 15:38:48 INFO AddIdentifyResult: 10623,013012906962,10,reg/013012906962_1220153718|reg/013012906962_1220153718|reg/013012906962_
2016-12-20 15:38:48 INFO UpdateUserState: 013012906962,1
2016-12-20 15:39:43 INFO AddIdentifyResult: 10624,013012906961,12,
2016-12-20 15:39:50 INFO AddIdentifyResult: 10624,013012906961,10,reg/013012906961_1220153907|reg/013012906961_1220153907|reg/013012906961_
2016-12-20 15:39:50 INFO UpdateUserState: 013012906961,1
2016-12-20 15:42:45 INFO AddIdentifyResult: 10625,013012906972,-1,
2016-12-20 15:42:51 INFO AddIdentifyResult: 10625,013012906972,-3,
2016-12-20 15:44:45 INFO AddIdentifyResult: 10625,013012906972,12,
2016-12-20 15:44:54 INFO AddIdentifyResult: 10625,013012906972,10,reg/013012906972_1220154509|reg/013012906972_1220154509|reg/013012906972_1220154356
2016-12-20 15:44:54 INFO UpdateUserState: 013012906972,1
2016-12-20 15:45:06 INFO AddIdentifyResult: 10626,015954678506,-1,
2016-12-20 15:45:15 INFO AddIdentifyResult: 10626,015954678506,-3,
2016-12-20 15:46:36 INFO AddIdentifyResult: 10626,015954678506,12,
2016-12-20 15:46:43 INFO AddIdentifyResult: 10626,015954678506,10,reg/015954678506_1220154619|reg/015954678506_1220154619|reg/015954678506_
2016-12-20 15:46:44 INFO UpdateUserState: 015954678506,1
2016-12-20 15:48:54 INFO AddIdentifyResult: 10627,013012906980,-1,
2016-12-20 15:49:01 INFO AddIdentifyResult: 10627,013012906980,-3,
2016-12-20 15:50:22 INFO AddIdentifyResult: 10627,013012906980,12,
2016-12-20 15:50:28 INFO AddIdentifyResult: 10627,013012906980,10,reg/013012906980_1220155006|reg/013012906980_1220155006|reg/013012906980_
2016-12-20 15:50:29 INFO UpdateUserState: 013012906980,1
2016-12-20 15:50:50 INFO AddIdentifyResult: 10628,013012906980,-1,
2016-12-20 15:50:57 INFO AddIdentifyResult: 10628,013012906980,-3,
2016-12-20 15:52:19 INFO AddIdentifyResult: 10628,013012906980,12,
2016-12-20 15:52:26 INFO AddIdentifyResult: 10628,013012906980,10,reg/013012906980_1220155202|reg/013012906980_1220155202|reg/013012906980_
2016-12-20 15:52:26 INFO UpdateUserState: 013012906980,1
2016-12-20 15:57:09 INFO AddIdentifyResult: 10629,013012907023,-1,
2016-12-20 15:57:15 INFO AddIdentifyResult: 10629,013012907023,-3,
2016-12-20 15:59:09 INFO AddIdentifyResult: 10629,013012907023,12,
2016-12-20 15:59:15 INFO AddIdentifyResult: 10629,013012907023,10,reg/013012907023_1220155939|reg/013012907023_1220155939|reg/013012907023_1220155820
2016-12-20 15:59:15 INFO UpdateUserState: 013012907023,1
2016-12-20 16:01:55 INFO AddIdentifyResult: 10630,013012907030,-1,
2016-12-20 16:02:30 INFO AddIdentifyResult: 10631,013012907117,-1,
2016-12-20 16:02:36 INFO AddIdentifyResult: 10631,013012907117,-3,
2016-12-20 16:02:48 INFO AddIdentifyResult: 10632,013012907030,-1,
2016-12-20 16:02:58 INFO AddIdentifyResult: 10632,013012907030,-3,
2016-12-20 16:04:21 INFO AddIdentifyResult: 10631,013012907117,12,
2016-12-20 16:04:29 INFO AddIdentifyResult: 10631,013012907117,10,reg/013012907117_1220160341|reg/013012907117_1220160341|reg/013012907117_
2016-12-20 16:04:29 INFO UpdateUserState: 013012907117,1
2016-12-20 16:05:36 INFO AddIdentifyResult: 10632,013012907030,12,
2016-12-20 16:05:42 INFO AddIdentifyResult: 10632,013012907030,10,reg/013012907030_1220160554|reg/013012907030_1220160554|reg/013012907030_1220160403
2016-12-20 16:05:42 INFO UpdateUserState: 013012907030,1
2016-12-20 16:07:43 INFO AddIdentifyResult: 10633,013012907172,-1,
2016-12-20 16:07:48 INFO AddIdentifyResult: 10633,013012907172,-3,
2016-12-20 16:08:55 INFO AddIdentifyResult: 10634,013625463639,-1,
2016-12-20 16:09:02 INFO AddIdentifyResult: 10634,013625463639,-3,
2016-12-20 16:10:27 INFO AddIdentifyResult: 10633,013012907172,11,reg/013012907172_|reg/013012907172_|reg/013012907172_
2016-12-20 16:10:33 INFO AddIdentifyResult: 10635,013012907172,-1,
2016-12-20 16:10:39 INFO AddIdentifyResult: 10635,013012907172,-3,
2016-12-20 16:10:56 INFO AddIdentifyResult: 10634,013625463639,12,
2016-12-20 16:11:04 INFO AddIdentifyResult: 10634,013625463639,10,reg/013625463639_1220161007|reg/013625463639_1220161007|reg/013625463639_
2016-12-20 16:11:04 INFO UpdateUserState: 013625463639,1
2016-12-20 16:13:08 INFO AddIdentifyResult: 10635,013012907172,12,
2016-12-20 16:13:17 INFO AddIdentifyResult: 10635,013012907172,10,reg/013012907172_1220161144|reg/013012907172_1220161144|reg/013012907172_
2016-12-20 16:13:18 INFO UpdateUserState: 013012907172,1
2016-12-20 16:13:22 INFO AddIdentifyResult: 10636,013205499660,-1,
2016-12-20 16:13:27 INFO AddIdentifyResult: 10636,013205499660,-3,
2016-12-20 16:13:36 INFO AddIdentifyResult: 10637,013854635846,-1,
2016-12-20 16:13:43 INFO AddIdentifyResult: 10637,013854635846,-3,
2016-12-20 16:15:09 INFO AddIdentifyResult: 10636,013205499660,12,
2016-12-20 16:15:17 INFO AddIdentifyResult: 10636,013205499660,10,reg/013205499660_1220161432|reg/013205499660_1220161432|reg/013205499660_
2016-12-20 16:15:17 INFO UpdateUserState: 013205499660,1
2016-12-20 16:15:30 INFO AddIdentifyResult: 10637,013854635846,12,
2016-12-20 16:15:38 INFO AddIdentifyResult: 10637,013854635846,10,reg/013854635846_1220161448|reg/013854635846_1220161448|reg/013854635846_
2016-12-20 16:15:38 INFO UpdateUserState: 013854635846,1
2016-12-20 16:18:33 INFO AddIdentifyResult: 10638,013012907252,-1,
2016-12-20 16:18:38 INFO AddIdentifyResult: 10638,013012907252,-3,
2016-12-20 16:20:23 INFO AddIdentifyResult: 10638,013012907252,12,
2016-12-20 16:20:30 INFO AddIdentifyResult: 10638,013012907252,10,reg/013012907252_1220161943|reg/013012907252_1220161943|reg/013012907252_
2016-12-20 16:20:30 INFO UpdateUserState: 013012907252,1
2016-12-20 16:21:54 INFO AddIdentifyResult: 10639,013012907181,-1,
2016-12-20 16:22:07 INFO AddIdentifyResult: 10639,013012907181,-3,
2016-12-20 16:25:25 INFO AddIdentifyResult: 10639,013012907181,12,
2016-12-20 16:25:32 INFO AddIdentifyResult: 10639,013012907181,10,reg/013012907181_1220162543|reg/013012907181_1220162543|reg/013012907181_1220162312
2016-12-20 16:25:32 INFO UpdateUserState: 013012907181,1
2016-12-20 16:25:48 INFO AddIdentifyResult: 10640,013562288990,-1,
2016-12-20 16:25:56 INFO AddIdentifyResult: 10640,013562288990,-3,
2016-12-20 16:27:51 INFO AddIdentifyResult: 10640,013562288990,12,
2016-12-20 16:27:58 INFO AddIdentifyResult: 10640,013562288990,10,reg/013562288990_1220162701|reg/013562288990_1220162701|reg/013562288990_
2016-12-20 16:27:59 INFO UpdateUserState: 013562288990,1
2016-12-20 16:29:31 INFO AddIdentifyResult: 10641,013012907221,-1,
2016-12-20 16:29:37 INFO AddIdentifyResult: 10641,013012907221,-3,
2016-12-20 16:31:37 INFO AddIdentifyResult: 10641,013012907221,12,
2016-12-20 16:31:44 INFO AddIdentifyResult: 10641,013012907221,10,reg/013012907221_1220163159|reg/013012907221_1220163159|reg/013012907221_1220163042
2016-12-20 16:31:44 INFO UpdateUserState: 013012907221,1
2016-12-20 16:33:43 INFO AddIdentifyResult: 10642,013012907302,-1,
2016-12-20 16:33:49 INFO AddIdentifyResult: 10642,013012907302,-3,
2016-12-20 16:35:45 INFO AddIdentifyResult: 10642,013012907302,12,
2016-12-20 16:35:54 INFO AddIdentifyResult: 10642,013012907302,10,reg/013012907302_1220163455|reg/013012907302_1220163455|reg/013012907302_
2016-12-20 16:35:54 INFO UpdateUserState: 013012907302,1
2016-12-20 16:37:14 INFO AddIdentifyResult: 10643,013012907315,-1,
2016-12-20 16:38:35 INFO AddIdentifyResult: 10644,013012907315,-1,
2016-12-20 16:38:40 INFO AddIdentifyResult: 10644,013012907315,-3,
2016-12-20 16:40:43 INFO AddIdentifyResult: 10644,013012907315,12,
2016-12-20 16:40:50 INFO AddIdentifyResult: 10644,013012907315,10,reg/013012907315_1220163945|reg/013012907315_1220163945|reg/013012907315_
2016-12-20 16:40:50 INFO UpdateUserState: 013012907315,1
2016-12-20 16:44:35 INFO AddIdentifyResult: 10645,015550559362,-1,
2016-12-20 16:44:40 INFO AddIdentifyResult: 10645,015550559362,-3,
2016-12-20 16:45:07 INFO AddIdentifyResult: 10645,015550559362,11,reg/015550559362_|reg/015550559362_|reg/015550559362_
2016-12-20 16:45:09 INFO AddIdentifyResult: 10646,015550559362,-1,
2016-12-20 16:45:17 INFO AddIdentifyResult: 10646,015550559362,-3,
2016-12-20 16:47:05 INFO AddIdentifyResult: 10646,015550559362,12,
2016-12-20 16:47:12 INFO AddIdentifyResult: 10646,015550559362,10,reg/015550559362_1220164732|reg/015550559362_1220164732|reg/015550559362_1220164623
2016-12-20 16:47:12 INFO UpdateUserState: 015550559362,1
2016-12-20 16:49:52 INFO AddIdentifyResult: 10647,013212907382,-1,
2016-12-20 16:53:15 INFO AddIdentifyResult: 10648,013012907382,-1,
2016-12-20 16:53:24 INFO AddIdentifyResult: 10648,013012907382,-3,
2016-12-20 16:56:37 INFO AddIdentifyResult: 10648,013012907382,12,
2016-12-20 16:56:44 INFO AddIdentifyResult: 10648,013012907382,10,reg/013012907382_1220165625|reg/013012907382_1220165625|reg/013012907382_1220165429
2016-12-20 16:56:44 INFO UpdateUserState: 013012907382,1
