2016-12-21 08:23:19 INFO AddIdentifyResult: 10649,013012907392,-1,
2016-12-21 08:23:25 INFO AddIdentifyResult: 10649,013012907392,-3,
2016-12-21 08:24:58 INFO AddIdentifyResult: 10649,013012907392,12,
2016-12-21 08:25:06 INFO AddIdentifyResult: 10649,013012907392,10,reg/013012907392_1221082433|reg/013012907392_1221082433|reg/013012907392_
2016-12-21 08:25:07 INFO UpdateUserState: 013012907392,1
2016-12-21 08:26:23 INFO AddIdentifyResult: 10650,015554628029,-1,
2016-12-21 08:26:34 INFO AddIdentifyResult: 10650,015554628029,-3,
2016-12-21 08:28:02 INFO AddIdentifyResult: 10650,015554628029,12,
2016-12-21 08:28:09 INFO AddIdentifyResult: 10650,015554628029,10,reg/015554628029_1221082844|reg/015554628029_1221082844|reg/015554628029_1221082742
2016-12-21 08:28:10 INFO UpdateUserState: 015554628029,1
2016-12-21 08:33:22 INFO AddIdentifyResult: 10651,013012907520,-1,
2016-12-21 08:33:33 INFO AddIdentifyResult: 10651,013012907520,-3,
2016-12-21 08:35:43 INFO AddIdentifyResult: 10651,013012907520,12,
2016-12-21 08:35:51 INFO AddIdentifyResult: 10651,013012907520,10,reg/013012907520_1221083441|reg/013012907520_1221083441|reg/013012907520_
2016-12-21 08:35:51 INFO UpdateUserState: 013012907520,1
2016-12-21 08:35:54 INFO AddIdentifyResult: 10652,013205484046,-1,
2016-12-21 08:35:59 INFO AddIdentifyResult: 10652,013205484046,-3,
2016-12-21 08:37:07 INFO AddIdentifyResult: 10653,013012907532,-1,
2016-12-21 08:37:14 INFO AddIdentifyResult: 10653,013012907532,-3,
2016-12-21 08:37:54 INFO AddIdentifyResult: 10652,013205484046,12,
2016-12-21 08:38:01 INFO AddIdentifyResult: 10652,013205484046,10,reg/013205484046_1221083707|reg/013205484046_1221083707|reg/013205484046_
2016-12-21 08:38:02 INFO UpdateUserState: 013205484046,1
2016-12-21 08:39:37 INFO AddIdentifyResult: 10653,013012907532,12,
2016-12-21 08:39:48 INFO AddIdentifyResult: 10653,013012907532,10,reg/013012907532_1221083822|reg/013012907532_1221083822|reg/013012907532_
2016-12-21 08:39:48 INFO UpdateUserState: 013012907532,1
2016-12-21 08:40:55 INFO AddIdentifyResult: 10654,013012907525,-1,
2016-12-21 08:41:03 INFO AddIdentifyResult: 10654,013012907525,-3,
2016-12-21 08:42:32 INFO AddIdentifyResult: 10654,013012907525,12,
2016-12-21 08:42:39 INFO AddIdentifyResult: 10654,013012907525,10,reg/013012907525_1221084211|reg/013012907525_1221084211|reg/013012907525_
2016-12-21 08:42:40 INFO UpdateUserState: 013012907525,1
2016-12-21 08:42:42 INFO AddIdentifyResult: 10655,013780777686,-1,
2016-12-21 08:42:49 INFO AddIdentifyResult: 10655,013780777686,-3,
2016-12-21 08:43:30 INFO AddIdentifyResult: 10656,013012907573,-1,
2016-12-21 08:43:36 INFO AddIdentifyResult: 10656,013012907573,-3,
2016-12-21 08:44:19 INFO AddIdentifyResult: 10655,013780777686,12,
2016-12-21 08:44:26 INFO AddIdentifyResult: 10655,013780777686,10,reg/013780777686_1221084357|reg/013780777686_1221084357|reg/013780777686_
2016-12-21 08:44:26 INFO UpdateUserState: 013780777686,1
2016-12-21 08:46:08 INFO AddIdentifyResult: 10656,013012907573,12,
2016-12-21 08:46:16 INFO AddIdentifyResult: 10656,013012907573,10,reg/013012907573_1221084444|reg/013012907573_1221084444|reg/013012907573_
2016-12-21 08:46:16 INFO UpdateUserState: 013012907573,1
2016-12-21 08:47:21 INFO AddIdentifyResult: 10657,013678618396,-1,
2016-12-21 08:47:33 INFO AddIdentifyResult: 10657,013678618396,-3,
2016-12-21 08:50:18 INFO AddIdentifyResult: 10657,013678618396,12,
2016-12-21 08:50:28 INFO AddIdentifyResult: 10657,013678618396,10,reg/013678618396_1221084841|reg/013678618396_1221084841|reg/013678618396_
2016-12-21 08:50:28 INFO UpdateUserState: 013678618396,1
2016-12-21 08:50:41 INFO AddIdentifyResult: 10658,013012907603,-1,
2016-12-21 08:50:47 INFO AddIdentifyResult: 10658,013012907603,-3,
2016-12-21 08:52:11 INFO AddIdentifyResult: 10658,013012907603,12,
2016-12-21 08:52:18 INFO AddIdentifyResult: 10658,013012907603,10,reg/013012907603_1221085155|reg/013012907603_1221085155|reg/013012907603_
2016-12-21 08:52:18 INFO UpdateUserState: 013012907603,1
2016-12-21 08:54:11 INFO AddIdentifyResult: 10659,013012907670,-1,
2016-12-21 08:54:17 INFO AddIdentifyResult: 10659,013012907670,-3,
2016-12-21 08:54:54 INFO AddIdentifyResult: 10659,013012907670,11,reg/013012907670_|reg/013012907670_|reg/013012907670_
2016-12-21 08:55:03 INFO AddIdentifyResult: 10660,013012907670,-1,
2016-12-21 08:55:10 INFO AddIdentifyResult: 10660,013012907670,-3,
2016-12-21 08:56:01 INFO AddIdentifyResult: 10661,013012907681,-1,
2016-12-21 08:56:11 INFO AddIdentifyResult: 10661,013012907681,-3,
2016-12-21 08:57:52 INFO AddIdentifyResult: 10661,013012907681,12,
2016-12-21 08:57:59 INFO AddIdentifyResult: 10661,013012907681,10,reg/013012907681_1221085719|reg/013012907681_1221085719|reg/013012907681_
2016-12-21 08:58:00 INFO UpdateUserState: 013012907681,1
2016-12-21 08:58:46 INFO AddIdentifyResult: 10660,013012907670,12,
2016-12-21 08:58:53 INFO AddIdentifyResult: 10660,013012907670,10,reg/013012907670_1221085908|reg/013012907670_1221085908|reg/013012907670_1221085618
2016-12-21 08:58:53 INFO UpdateUserState: 013012907670,1
2016-12-21 09:02:09 INFO AddIdentifyResult: 10662,015254677510,-1,
2016-12-21 09:02:28 INFO AddIdentifyResult: 10662,015254677510,-3,
2016-12-21 09:03:06 INFO AddIdentifyResult: 10663,013012911007,-1,
2016-12-21 09:03:16 INFO AddIdentifyResult: 10663,013012911007,-3,
2016-12-21 09:04:46 INFO AddIdentifyResult: 10662,015254677510,12,
2016-12-21 09:04:53 INFO AddIdentifyResult: 10662,015254677510,10,reg/015254677510_1221090337|reg/015254677510_1221090337|reg/015254677510_
2016-12-21 09:04:54 INFO UpdateUserState: 015254677510,1
2016-12-21 09:05:04 INFO AddIdentifyResult: 10663,013012911007,12,
2016-12-21 09:05:11 INFO AddIdentifyResult: 10663,013012911007,10,reg/013012911007_1221090424|reg/013012911007_1221090424|reg/013012911007_
2016-12-21 09:05:11 INFO UpdateUserState: 013012911007,1
2016-12-21 09:05:28 INFO AddIdentifyResult: 10664,013780780316,-1,
2016-12-21 09:05:33 INFO AddIdentifyResult: 10664,013780780316,-3,
2016-12-21 09:07:25 INFO AddIdentifyResult: 10664,013780780316,12,
2016-12-21 09:07:34 INFO AddIdentifyResult: 10664,013780780316,10,reg/013780780316_1221090641|reg/013780780316_1221090641|reg/013780780316_
2016-12-21 09:07:34 INFO UpdateUserState: 013780780316,1
2016-12-21 09:15:50 INFO AddIdentifyResult: 10665,013012907712,-1,
2016-12-21 09:15:56 INFO AddIdentifyResult: 10665,013012907712,-3,
2016-12-21 09:17:39 INFO AddIdentifyResult: 10665,013012907712,12,
2016-12-21 09:17:46 INFO AddIdentifyResult: 10665,013012907712,10,reg/013012907712_1221091704|reg/013012907712_1221091704|reg/013012907712_
2016-12-21 09:17:46 INFO UpdateUserState: 013012907712,1
2016-12-21 09:18:15 INFO AddIdentifyResult: 10666,013954688495,-1,
2016-12-21 09:18:23 INFO AddIdentifyResult: 10666,013954688495,-3,
2016-12-21 09:20:02 INFO AddIdentifyResult: 10667,013012907737,-1,
2016-12-21 09:20:07 INFO AddIdentifyResult: 10667,013012907737,-3,
2016-12-21 09:20:30 INFO AddIdentifyResult: 10666,013954688495,12,
2016-12-21 09:20:37 INFO AddIdentifyResult: 10666,013954688495,10,reg/013954688495_1221091931|reg/013954688495_1221091931|reg/013954688495_
2016-12-21 09:20:38 INFO UpdateUserState: 013954688495,1
2016-12-21 09:21:57 INFO AddIdentifyResult: 10667,013012907737,12,
2016-12-21 09:22:04 INFO AddIdentifyResult: 10667,013012907737,10,reg/013012907737_1221092115|reg/013012907737_1221092115|reg/013012907737_
2016-12-21 09:22:04 INFO UpdateUserState: 013012907737,1
2016-12-21 09:22:05 INFO AddIdentifyResult: 10668,013012907682,-1,
2016-12-21 09:22:11 INFO AddIdentifyResult: 10668,013012907682,-3,
2016-12-21 09:25:03 INFO AddIdentifyResult: 10669,018366926048,-1,
2016-12-21 09:26:29 INFO AddIdentifyResult: 10668,013012907682,12,
2016-12-21 09:26:36 INFO AddIdentifyResult: 10668,013012907682,10,reg/013012907682_1221092629|reg/013012907682_1221092629|reg/013012907682_1221092319
2016-12-21 09:26:36 INFO UpdateUserState: 013012907682,1
2016-12-21 09:26:45 INFO AddIdentifyResult: 10670,018766761375,-1,
2016-12-21 09:26:54 INFO AddIdentifyResult: 10670,018766761375,-3,
2016-12-21 09:26:57 INFO AddIdentifyResult: 10671,018366926048,-1,
2016-12-21 09:27:16 INFO AddIdentifyResult: 10671,018366926048,-3,
2016-12-21 09:29:02 INFO AddIdentifyResult: 10671,018366926048,12,
2016-12-21 09:29:09 INFO AddIdentifyResult: 10671,018366926048,10,reg/018366926048_1221092824|reg/018366926048_1221092824|reg/018366926048_
2016-12-21 09:29:10 INFO UpdateUserState: 018366926048,1
2016-12-21 09:29:28 INFO AddIdentifyResult: 10670,018766761375,12,
2016-12-21 09:29:35 INFO AddIdentifyResult: 10670,018766761375,10,reg/018766761375_1221092947|reg/018766761375_1221092947|reg/018766761375_1221092802
2016-12-21 09:29:35 INFO UpdateUserState: 018766761375,1
2016-12-21 09:36:36 INFO AddIdentifyResult: 10672,013012907883,-1,
2016-12-21 09:36:41 INFO AddIdentifyResult: 10672,013012907883,-3,
2016-12-21 09:37:36 INFO AddIdentifyResult: 10673,013012907907,-1,
2016-12-21 09:37:42 INFO AddIdentifyResult: 10673,013012907907,-3,
2016-12-21 09:38:19 INFO AddIdentifyResult: 10672,013012907883,12,
2016-12-21 09:38:26 INFO AddIdentifyResult: 10672,013012907883,10,reg/013012907883_1221093749|reg/013012907883_1221093749|reg/013012907883_
2016-12-21 09:38:26 INFO UpdateUserState: 013012907883,1
2016-12-21 09:38:30 INFO AddIdentifyResult: 10674,013665466467,-1,
2016-12-21 09:38:37 INFO AddIdentifyResult: 10674,013665466467,-3,
2016-12-21 09:39:59 INFO AddIdentifyResult: 10673,013012907907,12,
2016-12-21 09:40:07 INFO AddIdentifyResult: 10673,013012907907,10,reg/013012907907_1221093851|reg/013012907907_1221093851|reg/013012907907_
2016-12-21 09:40:07 INFO UpdateUserState: 013012907907,1
2016-12-21 09:40:07 INFO AddIdentifyResult: 10674,013665466467,12,
2016-12-21 09:40:14 INFO AddIdentifyResult: 10674,013665466467,10,reg/013665466467_1221093945|reg/013665466467_1221093945|reg/013665466467_
2016-12-21 09:40:14 INFO UpdateUserState: 013665466467,1
2016-12-21 09:41:54 INFO AddIdentifyResult: 10675,015690430387,-1,
2016-12-21 09:42:00 INFO AddIdentifyResult: 10675,015690430387,-3,
2016-12-21 09:43:23 INFO AddIdentifyResult: 10676,015954656930,-1,
2016-12-21 09:43:30 INFO AddIdentifyResult: 10675,015690430387,12,
2016-12-21 09:43:30 INFO AddIdentifyResult: 10676,015954656930,-3,
2016-12-21 09:43:38 INFO AddIdentifyResult: 10675,015690430387,10,reg/015690430387_1221094308|reg/015690430387_1221094308|reg/015690430387_
2016-12-21 09:43:38 INFO UpdateUserState: 015690430387,1
2016-12-21 09:43:42 INFO AddIdentifyResult: 10677,015690430387,-1,
2016-12-21 09:43:49 INFO AddIdentifyResult: 10677,015690430387,-3,
2016-12-21 09:44:41 INFO AddIdentifyResult: 10677,015690430387,0,ver/12/21/094457_015690430387.wav
2016-12-21 09:46:41 INFO AddIdentifyResult: 10678,013012907982,-1,
2016-12-21 09:46:46 INFO AddIdentifyResult: 10678,013012907982,-3,
2016-12-21 09:47:02 INFO AddIdentifyResult: 10676,015954656930,11,reg/015954656930_|reg/015954656930_|reg/015954656930_
2016-12-21 09:47:28 INFO AddIdentifyResult: 10679,015954656930,-1,
2016-12-21 09:47:36 INFO AddIdentifyResult: 10679,015954656930,-3,
2016-12-21 09:48:40 INFO AddIdentifyResult: 10678,013012907982,12,
2016-12-21 09:48:47 INFO AddIdentifyResult: 10678,013012907982,10,reg/013012907982_1221094923|reg/013012907982_1221094923|reg/013012907982_1221094754
2016-12-21 09:48:47 INFO UpdateUserState: 013012907982,1
2016-12-21 09:48:59 INFO AddIdentifyResult: 10680,015154695328,-1,
2016-12-21 09:49:06 INFO AddIdentifyResult: 10680,015154695328,-3,
2016-12-21 09:50:08 INFO AddIdentifyResult: 10681,015532230571,-1,
2016-12-21 09:51:19 INFO AddIdentifyResult: 10682,015532230571,-1,
2016-12-21 09:51:26 INFO AddIdentifyResult: 10679,015954656930,12,
2016-12-21 09:51:27 INFO AddIdentifyResult: 10682,015532230571,-3,
2016-12-21 09:51:28 INFO AddIdentifyResult: 10680,015154695328,12,
2016-12-21 09:51:33 INFO AddIdentifyResult: 10679,015954656930,10,reg/015954656930_1221095136|reg/015954656930_1221095136|reg/015954656930_1221094844
2016-12-21 09:51:33 INFO UpdateUserState: 015954656930,1
2016-12-21 09:51:39 INFO AddIdentifyResult: 10680,015154695328,10,reg/015154695328_1221095204|reg/015154695328_1221095204|reg/015154695328_1221095014
2016-12-21 09:51:39 INFO UpdateUserState: 015154695328,1
2016-12-21 09:52:56 INFO AddIdentifyResult: 10682,015532230571,12,
2016-12-21 09:53:04 INFO AddIdentifyResult: 10682,015532230571,10,reg/015532230571_1221095236|reg/015532230571_1221095236|reg/015532230571_
2016-12-21 09:53:04 INFO UpdateUserState: 015532230571,1
2016-12-21 09:53:08 INFO AddIdentifyResult: 10683,015532230571,-1,
2016-12-21 09:53:12 INFO AddIdentifyResult: 10683,015532230571,-3,
2016-12-21 09:54:05 INFO AddIdentifyResult: 10683,015532230571,0,ver/12/21/095421_015532230571.wav
2016-12-21 09:55:36 INFO AddIdentifyResult: 10684,018254656610,-1,
2016-12-21 09:56:12 INFO AddIdentifyResult: 10685,013012908331,-1,
2016-12-21 09:56:19 INFO AddIdentifyResult: 10685,013012908331,-3,
2016-12-21 09:57:33 INFO AddIdentifyResult: 10686,018348956297,-1,
2016-12-21 09:57:43 INFO AddIdentifyResult: 10686,018348956297,-3,
2016-12-21 09:58:03 INFO AddIdentifyResult: 10687,018254656610,-1,
2016-12-21 09:58:10 INFO AddIdentifyResult: 10687,018254656610,-3,
2016-12-21 09:58:29 INFO AddIdentifyResult: 10685,013012908331,12,
2016-12-21 09:58:38 INFO AddIdentifyResult: 10685,013012908331,10,reg/013012908331_1221095727|reg/013012908331_1221095727|reg/013012908331_
2016-12-21 09:58:39 INFO UpdateUserState: 013012908331,1
2016-12-21 09:58:42 INFO AddIdentifyResult: 10688,017362212153,-1,
2016-12-21 09:59:09 INFO AddIdentifyResult: 10689,017362212153,-1,
2016-12-21 09:59:17 INFO AddIdentifyResult: 10689,017362212153,-3,
2016-12-21 09:59:20 INFO AddIdentifyResult: 10686,018348956297,12,
2016-12-21 09:59:27 INFO AddIdentifyResult: 10686,018348956297,10,reg/018348956297_1221095851|reg/018348956297_1221095851|reg/018348956297_
2016-12-21 09:59:27 INFO UpdateUserState: 018348956297,1
2016-12-21 09:59:31 INFO AddIdentifyResult: 10690,018348956297,-1,
2016-12-21 09:59:40 INFO AddIdentifyResult: 10690,018348956297,-3,
2016-12-21 10:00:16 INFO AddIdentifyResult: 10687,018254656610,12,
2016-12-21 10:00:26 INFO AddIdentifyResult: 10687,018254656610,10,reg/018254656610_1221095918|reg/018254656610_1221095918|reg/018254656610_
2016-12-21 10:00:27 INFO UpdateUserState: 018254656610,1
2016-12-21 10:00:33 INFO AddIdentifyResult: 10690,018348956297,0,ver/12/21/100049_018348956297.wav
2016-12-21 10:01:13 INFO AddIdentifyResult: 10689,017362212153,12,
2016-12-21 10:01:20 INFO AddIdentifyResult: 10689,017362212153,10,reg/017362212153_1221100025|reg/017362212153_1221100025|reg/017362212153_
2016-12-21 10:01:20 INFO UpdateUserState: 017362212153,1
2016-12-21 10:01:30 INFO AddIdentifyResult: 10691,013012907975,-1,
2016-12-21 10:01:35 INFO AddIdentifyResult: 10691,013012907975,-3,
2016-12-21 10:02:48 INFO AddIdentifyResult: 10692,015531240105,-1,
2016-12-21 10:03:57 INFO AddIdentifyResult: 10691,013012907975,12,
2016-12-21 10:04:09 INFO AddIdentifyResult: 10691,013012907975,10,reg/013012907975_1221100243|reg/013012907975_1221100243|reg/013012907975_
2016-12-21 10:04:09 INFO UpdateUserState: 013012907975,1
2016-12-21 10:04:16 INFO AddIdentifyResult: 10693,015511240105,-1,
2016-12-21 10:04:24 INFO AddIdentifyResult: 10693,015511240105,-3,
2016-12-21 10:06:06 INFO AddIdentifyResult: 10693,015511240105,12,
2016-12-21 10:06:13 INFO AddIdentifyResult: 10693,015511240105,10,reg/015511240105_1221100532|reg/015511240105_1221100532|reg/015511240105_
2016-12-21 10:06:14 INFO UpdateUserState: 015511240105,1
2016-12-21 10:06:22 INFO AddIdentifyResult: 10694,015511240105,-1,
2016-12-21 10:06:31 INFO AddIdentifyResult: 10694,015511240105,-3,
2016-12-21 10:06:46 INFO AddIdentifyResult: 10694,015511240105,1,
2016-12-21 10:06:49 INFO AddIdentifyResult: 10695,015511240105,-1,
2016-12-21 10:06:52 INFO AddIdentifyResult: 10696,013012908839,-1,
2016-12-21 10:06:57 INFO AddIdentifyResult: 10696,013012908839,-3,
2016-12-21 10:07:03 INFO AddIdentifyResult: 10695,015511240105,-3,
2016-12-21 10:07:12 INFO AddIdentifyResult: 10695,015511240105,1,
2016-12-21 10:07:23 INFO AddIdentifyResult: 10697,015511240105,-1,
2016-12-21 10:07:33 INFO AddIdentifyResult: 10697,015511240105,-3,
2016-12-21 10:07:44 INFO AddIdentifyResult: 10697,015511240105,1,
2016-12-21 10:08:00 INFO AddIdentifyResult: 10698,015511240105,-1,
2016-12-21 10:08:10 INFO AddIdentifyResult: 10698,015511240105,-3,
2016-12-21 10:08:22 INFO AddIdentifyResult: 10698,015511240105,1,
2016-12-21 10:08:30 INFO AddIdentifyResult: 10696,013012908839,12,
2016-12-21 10:08:36 INFO AddIdentifyResult: 10696,013012908839,10,reg/013012908839_1221100806|reg/013012908839_1221100806|reg/013012908839_
2016-12-21 10:08:37 INFO UpdateUserState: 013012908839,1
2016-12-21 10:08:42 INFO AddIdentifyResult: 10699,015511240105,-1,
2016-12-21 10:08:48 INFO AddIdentifyResult: 10700,015954603173,-1,
2016-12-21 10:09:01 INFO AddIdentifyResult: 10700,015954603173,-3,
2016-12-21 10:09:45 INFO AddIdentifyResult: 10701,015511240105,-1,
2016-12-21 10:09:54 INFO AddIdentifyResult: 10701,015511240105,-3,
2016-12-21 10:10:24 INFO AddIdentifyResult: 10701,015511240105,1,
2016-12-21 10:10:45 INFO AddIdentifyResult: 10702,015511240105,-1,
2016-12-21 10:11:19 INFO AddIdentifyResult: 10700,015954603173,12,
2016-12-21 10:11:28 INFO AddIdentifyResult: 10700,015954603173,10,reg/015954603173_1221101010|reg/015954603173_1221101010|reg/015954603173_
2016-12-21 10:11:28 INFO UpdateUserState: 015954603173,1
2016-12-21 10:11:31 INFO AddIdentifyResult: 10703,13833243150,-1,
2016-12-21 10:12:45 INFO AddIdentifyResult: 10704,013705475151,-1,
2016-12-21 10:12:56 INFO AddIdentifyResult: 10705,13833243150,-1,
2016-12-21 10:13:19 INFO AddIdentifyResult: 10706,013706475151,-1,
2016-12-21 10:13:27 INFO AddIdentifyResult: 10707,13833243150,-1,
2016-12-21 10:13:29 INFO AddIdentifyResult: 10706,013706475151,-3,
2016-12-21 10:14:42 INFO AddIdentifyResult: 10708,013012910076,-1,
2016-12-21 10:14:49 INFO AddIdentifyResult: 10708,013012910076,-3,
2016-12-21 10:15:03 INFO AddIdentifyResult: 10709,015511240129,-1,
2016-12-21 10:15:03 INFO AddIdentifyResult: 10710,015511237343,-1,
2016-12-21 10:15:10 INFO AddIdentifyResult: 10710,015511237343,-3,
2016-12-21 10:15:20 INFO AddIdentifyResult: 10706,013706475151,12,
2016-12-21 10:15:21 INFO AddIdentifyResult: 10709,015511240129,-3,
2016-12-21 10:15:28 INFO AddIdentifyResult: 10706,013706475151,10,reg/013706475151_1221101437|reg/013706475151_1221101437|reg/013706475151_
2016-12-21 10:15:29 INFO UpdateUserState: 013706475151,1
2016-12-21 10:15:34 INFO AddIdentifyResult: 10711,015006857897,-1,
2016-12-21 10:16:36 INFO AddIdentifyResult: 10708,013012910076,12,
2016-12-21 10:16:43 INFO AddIdentifyResult: 10708,013012910076,10,reg/013012910076_1221101557|reg/013012910076_1221101557|reg/013012910076_
2016-12-21 10:16:43 INFO UpdateUserState: 013012910076,1
2016-12-21 10:17:13 INFO AddIdentifyResult: 10709,015511240129,12,
2016-12-21 10:17:20 INFO AddIdentifyResult: 10709,015511240129,10,reg/015511240129_1221101759|reg/015511240129_1221101759|reg/015511240129_1221101630
2016-12-21 10:17:20 INFO UpdateUserState: 015511240129,1
2016-12-21 10:17:24 INFO AddIdentifyResult: 10712,013012911609,-1,
2016-12-21 10:17:34 INFO AddIdentifyResult: 10713,015511240129,-1,
2016-12-21 10:17:34 INFO AddIdentifyResult: 10712,013012911609,-3,
2016-12-21 10:17:40 INFO AddIdentifyResult: 10713,015511240129,-3,
2016-12-21 10:17:48 INFO AddIdentifyResult: 10710,015511237343,11,reg/015511237343_|reg/015511237343_|reg/015511237343_
2016-12-21 10:18:33 INFO AddIdentifyResult: 10713,015511240129,0,ver/12/21/101849_015511240129.wav
2016-12-21 10:18:40 INFO AddIdentifyResult: 10714,015511240105,-1,
2016-12-21 10:18:47 INFO AddIdentifyResult: 10714,015511240105,-3,
2016-12-21 10:19:18 INFO AddIdentifyResult: 10715,013833243150,-1,
2016-12-21 10:19:27 INFO AddIdentifyResult: 10715,013833243150,-3,
2016-12-21 10:19:37 INFO AddIdentifyResult: 10712,013012911609,12,
2016-12-21 10:19:40 INFO AddIdentifyResult: 10714,015511240105,0,ver/12/21/101956_015511240105.wav
2016-12-21 10:19:46 INFO AddIdentifyResult: 10712,013012911609,10,reg/013012911609_1221101843|reg/013012911609_1221101843|reg/013012911609_
2016-12-21 10:19:46 INFO UpdateUserState: 013012911609,1
2016-12-21 10:19:52 INFO AddIdentifyResult: 10716,015511237343,-1,
2016-12-21 10:20:05 INFO AddIdentifyResult: 10716,015511237343,-3,
2016-12-21 10:20:52 INFO AddIdentifyResult: 10717,013012911608,-1,
2016-12-21 10:20:54 INFO AddIdentifyResult: 10715,013833243150,12,
2016-12-21 10:20:57 INFO AddIdentifyResult: 10717,013012911608,-3,
2016-12-21 10:21:01 INFO AddIdentifyResult: 10715,013833243150,10,reg/013833243150_1221102035|reg/013833243150_1221102035|reg/013833243150_
2016-12-21 10:21:01 INFO UpdateUserState: 013833243150,1
2016-12-21 10:21:14 INFO AddIdentifyResult: 10718,013833243150,-1,
2016-12-21 10:21:21 INFO AddIdentifyResult: 10718,013833243150,-3,
2016-12-21 10:22:03 INFO AddIdentifyResult: 10716,015511237343,12,
2016-12-21 10:22:10 INFO AddIdentifyResult: 10716,015511237343,10,reg/015511237343_1221102241|reg/015511237343_1221102241|reg/015511237343_1221102114
2016-12-21 10:22:10 INFO UpdateUserState: 015511237343,1
2016-12-21 10:22:14 INFO AddIdentifyResult: 10718,013833243150,0,ver/12/21/102230_013833243150.wav
2016-12-21 10:22:15 INFO AddIdentifyResult: 10719,015511237343,-1,
2016-12-21 10:22:21 INFO AddIdentifyResult: 10719,015511237343,-3,
2016-12-21 10:23:13 INFO AddIdentifyResult: 10719,015511237343,0,ver/12/21/102330_015511237343.wav
2016-12-21 10:23:38 INFO AddIdentifyResult: 10717,013012911608,12,
2016-12-21 10:23:43 INFO AddIdentifyResult: 10720,013012910885,-1,
2016-12-21 10:23:48 INFO AddIdentifyResult: 10717,013012911608,10,reg/013012911608_1221102206|reg/013012911608_1221102206|reg/013012911608_
2016-12-21 10:23:48 INFO UpdateUserState: 013012911608,1
2016-12-21 10:23:50 INFO AddIdentifyResult: 10720,013012910885,-3,
2016-12-21 10:23:51 INFO AddIdentifyResult: 10721,013361518955,-1,
2016-12-21 10:24:12 INFO AddIdentifyResult: 10721,013361518955,-3,
2016-12-21 10:25:24 INFO AddIdentifyResult: 10720,013012910885,12,
2016-12-21 10:25:31 INFO AddIdentifyResult: 10720,013012910885,10,reg/013012910885_1221102459|reg/013012910885_1221102459|reg/013012910885_
2016-12-21 10:25:32 INFO UpdateUserState: 013012910885,1
2016-12-21 10:25:52 INFO AddIdentifyResult: 10722,015200060408,-1,
2016-12-21 10:26:02 INFO AddIdentifyResult: 10722,015200060408,-3,
2016-12-21 10:26:10 INFO AddIdentifyResult: 10723,015097712643,-1,
2016-12-21 10:26:14 INFO AddIdentifyResult: 10721,013361518955,12,
2016-12-21 10:26:21 INFO AddIdentifyResult: 10721,013361518955,10,reg/013361518955_1221102520|reg/013361518955_1221102520|reg/013361518955_
2016-12-21 10:26:21 INFO UpdateUserState: 013361518955,1
2016-12-21 10:26:25 INFO AddIdentifyResult: 10723,015097712643,-3,
2016-12-21 10:27:14 INFO AddIdentifyResult: 10724,013012918995,-1,
2016-12-21 10:27:48 INFO AddIdentifyResult: 10722,015200060408,12,
2016-12-21 10:27:56 INFO AddIdentifyResult: 10722,015200060408,10,reg/015200060408_1221102710|reg/015200060408_1221102710|reg/015200060408_
2016-12-21 10:27:56 INFO UpdateUserState: 015200060408,1
2016-12-21 10:27:59 INFO AddIdentifyResult: 10725,013012908995,-1,
2016-12-21 10:28:00 INFO AddIdentifyResult: 10723,015097712643,12,
2016-12-21 10:28:01 INFO AddIdentifyResult: 10726,015200060408,-1,
2016-12-21 10:28:06 INFO AddIdentifyResult: 10725,013012908995,-3,
2016-12-21 10:28:07 INFO AddIdentifyResult: 10723,015097712643,10,reg/015097712643_1221102734|reg/015097712643_1221102734|reg/015097712643_
2016-12-21 10:28:07 INFO UpdateUserState: 015097712643,1
2016-12-21 10:28:08 INFO AddIdentifyResult: 10726,015200060408,-3,
2016-12-21 10:28:19 INFO AddIdentifyResult: 10727,015097712643,-1,
2016-12-21 10:28:29 INFO AddIdentifyResult: 10727,015097712643,-3,
2016-12-21 10:29:01 INFO AddIdentifyResult: 10726,015200060408,0,ver/12/21/102917_015200060408.wav
2016-12-21 10:29:22 INFO AddIdentifyResult: 10727,015097712643,0,ver/12/21/102938_015097712643.wav
2016-12-21 10:29:43 INFO AddIdentifyResult: 10725,013012908995,12,
2016-12-21 10:29:51 INFO AddIdentifyResult: 10725,013012908995,10,reg/013012908995_1221102914|reg/013012908995_1221102914|reg/013012908995_
2016-12-21 10:29:51 INFO UpdateUserState: 013012908995,1
2016-12-21 10:30:07 INFO AddIdentifyResult: 10728,015511240550,-1,
2016-12-21 10:30:12 INFO AddIdentifyResult: 10728,015511240550,-3,
2016-12-21 10:31:38 INFO AddIdentifyResult: 10728,015511240550,12,
2016-12-21 10:31:45 INFO AddIdentifyResult: 10728,015511240550,10,reg/015511240550_1221103120|reg/015511240550_1221103120|reg/015511240550_
2016-12-21 10:31:45 INFO UpdateUserState: 015511240550,1
2016-12-21 10:31:46 INFO AddIdentifyResult: 10729,015511240550,-1,
2016-12-21 10:31:53 INFO AddIdentifyResult: 10730,015533214019,-1,
2016-12-21 10:31:58 INFO AddIdentifyResult: 10731,015511240550,-1,
2016-12-21 10:31:58 INFO AddIdentifyResult: 10730,015533214019,-3,
2016-12-21 10:32:03 INFO AddIdentifyResult: 10731,015511240550,-3,
2016-12-21 10:32:32 INFO AddIdentifyResult: 10732,013012907993,-1,
2016-12-21 10:32:49 INFO AddIdentifyResult: 10733,013012907993,-1,
2016-12-21 10:32:54 INFO AddIdentifyResult: 10733,013012907993,-3,
2016-12-21 10:32:55 INFO AddIdentifyResult: 10731,015511240550,0,ver/12/21/103311_015511240550.wav
2016-12-21 10:33:30 INFO AddIdentifyResult: 10730,015533214019,12,
2016-12-21 10:33:37 INFO AddIdentifyResult: 10730,015533214019,10,reg/015533214019_1221103307|reg/015533214019_1221103307|reg/015533214019_
2016-12-21 10:33:38 INFO UpdateUserState: 015533214019,1
2016-12-21 10:33:44 INFO AddIdentifyResult: 10734,015533214019,-1,
2016-12-21 10:33:50 INFO AddIdentifyResult: 10734,015533214019,-3,
2016-12-21 10:34:43 INFO AddIdentifyResult: 10734,015533214019,0,ver/12/21/103459_015533214019.wav
2016-12-21 10:34:44 INFO AddIdentifyResult: 10733,013012907993,12,
2016-12-21 10:34:53 INFO AddIdentifyResult: 10733,013012907993,10,reg/013012907993_1221103402|reg/013012907993_1221103402|reg/013012907993_
2016-12-21 10:34:54 INFO UpdateUserState: 013012907993,1
2016-12-21 10:34:56 INFO AddIdentifyResult: 10735,015266061396,-1,
2016-12-21 10:35:04 INFO AddIdentifyResult: 10735,015266061396,-3,
2016-12-21 10:37:02 INFO AddIdentifyResult: 10735,015266061396,12,
2016-12-21 10:37:09 INFO AddIdentifyResult: 10735,015266061396,10,reg/015266061396_1221103613|reg/015266061396_1221103613|reg/015266061396_
2016-12-21 10:37:10 INFO UpdateUserState: 015266061396,1
2016-12-21 10:37:26 INFO AddIdentifyResult: 10736,015533204503,-1,
2016-12-21 10:37:32 INFO AddIdentifyResult: 10736,015533204503,-3,
2016-12-21 10:38:52 INFO AddIdentifyResult: 10737,015532208127,-1,
2016-12-21 10:39:02 INFO AddIdentifyResult: 10736,015533204503,12,
2016-12-21 10:39:09 INFO AddIdentifyResult: 10736,015533204503,10,reg/015533204503_1221103841|reg/015533204503_1221103841|reg/015533204503_
2016-12-21 10:39:09 INFO UpdateUserState: 015533204503,1
2016-12-21 10:39:10 INFO AddIdentifyResult: 10738,015533204503,-1,
2016-12-21 10:39:22 INFO AddIdentifyResult: 10739,015532208127,-1,
2016-12-21 10:39:22 INFO AddIdentifyResult: 10740,015533204503,-1,
2016-12-21 10:39:29 INFO AddIdentifyResult: 10739,015532208127,-3,
2016-12-21 10:39:29 INFO AddIdentifyResult: 10740,015533204503,-3,
2016-12-21 10:40:22 INFO AddIdentifyResult: 10740,015533204503,0,ver/12/21/104038_015533204503.wav
2016-12-21 10:40:50 INFO AddIdentifyResult: 10739,015532208127,12,
2016-12-21 10:40:58 INFO AddIdentifyResult: 10739,015532208127,10,reg/015532208127_1221104038|reg/015532208127_1221104038|reg/015532208127_
2016-12-21 10:40:58 INFO UpdateUserState: 015532208127,1
2016-12-21 10:41:08 INFO AddIdentifyResult: 10741,015532208127,-1,
2016-12-21 10:41:14 INFO AddIdentifyResult: 10741,015532208127,-3,
2016-12-21 10:42:07 INFO AddIdentifyResult: 10741,015532208127,0,ver/12/21/104223_015532208127.wav
2016-12-21 10:49:09 INFO AddIdentifyResult: 10742,015533124313,-1,
2016-12-21 10:49:18 INFO AddIdentifyResult: 10742,015533124313,-3,
2016-12-21 10:51:15 INFO AddIdentifyResult: 10742,015533124313,12,
2016-12-21 10:51:21 INFO AddIdentifyResult: 10742,015533124313,10,reg/015533124313_1221105154|reg/015533124313_1221105154|reg/015533124313_1221105027
2016-12-21 10:51:21 INFO UpdateUserState: 015533124313,1
2016-12-21 10:51:29 INFO AddIdentifyResult: 10743,015533124313,-1,
2016-12-21 10:51:37 INFO AddIdentifyResult: 10743,015533124313,-3,
2016-12-21 10:52:09 INFO AddIdentifyResult: 10744,015533224953,-1,
2016-12-21 10:52:14 INFO AddIdentifyResult: 10744,015533224953,-3,
2016-12-21 10:52:29 INFO AddIdentifyResult: 10743,015533124313,0,ver/12/21/105246_015533124313.wav
2016-12-21 10:53:55 INFO AddIdentifyResult: 10744,015533224953,11,reg/015533224953_|reg/015533224953_|reg/015533224953_
2016-12-21 10:54:11 INFO AddIdentifyResult: 10745,015533224953,-1,
2016-12-21 10:54:15 INFO AddIdentifyResult: 10745,015533224953,-3,
2016-12-21 10:54:49 INFO AddIdentifyResult: 10745,015533224953,11,reg/015533224953_|reg/015533224953_|reg/015533224953_
2016-12-21 10:54:58 INFO AddIdentifyResult: 10746,015533224953,-1,
2016-12-21 10:55:02 INFO AddIdentifyResult: 10746,015533224953,-3,
2016-12-21 10:55:03 INFO AddIdentifyResult: 10746,015533224953,11,reg/015533224953_|reg/015533224953_|reg/015533224953_
2016-12-21 10:55:13 INFO AddIdentifyResult: 10747,015533224953,-1,
2016-12-21 10:55:16 INFO AddIdentifyResult: 10747,015533224953,-3,
2016-12-21 10:55:24 INFO AddIdentifyResult: 10747,015533224953,11,reg/015533224953_|reg/015533224953_|reg/015533224953_
2016-12-21 10:55:39 INFO AddIdentifyResult: 10748,015533224953,-1,
2016-12-21 10:55:43 INFO AddIdentifyResult: 10748,015533224953,-3,
2016-12-21 10:57:13 INFO AddIdentifyResult: 10748,015533224953,12,
2016-12-21 10:57:20 INFO AddIdentifyResult: 10748,015533224953,10,reg/015533224953_1221105651|reg/015533224953_1221105651|reg/015533224953_
2016-12-21 10:57:20 INFO UpdateUserState: 015533224953,1
2016-12-21 10:57:32 INFO AddIdentifyResult: 10749,015533224953,-1,
2016-12-21 10:57:37 INFO AddIdentifyResult: 10749,015533224953,-3,
2016-12-21 10:58:30 INFO AddIdentifyResult: 10749,015533224953,0,ver/12/21/105846_015533224953.wav
2016-12-21 10:59:26 INFO AddIdentifyResult: 10750,015533212498,-1,
2016-12-21 10:59:34 INFO AddIdentifyResult: 10750,015533212498,-3,
2016-12-21 11:01:09 INFO AddIdentifyResult: 10750,015533212498,12,
2016-12-21 11:01:17 INFO AddIdentifyResult: 10750,015533212498,10,reg/015533212498_1221110043|reg/015533212498_1221110043|reg/015533212498_
2016-12-21 11:01:17 INFO UpdateUserState: 015533212498,1
2016-12-21 11:01:21 INFO AddIdentifyResult: 10751,015533212498,-1,
2016-12-21 11:01:30 INFO AddIdentifyResult: 10751,015533212498,-3,
2016-12-21 11:02:23 INFO AddIdentifyResult: 10751,015533212498,0,ver/12/21/110239_015533212498.wav
2016-12-21 11:07:13 INFO AddIdentifyResult: 10752,015511216435,-1,
2016-12-21 11:07:25 INFO AddIdentifyResult: 10752,015511216435,-3,
2016-12-21 11:07:44 INFO AddIdentifyResult: 10752,015511216435,11,reg/015511216435_|reg/015511216435_|reg/015511216435_
2016-12-21 11:08:54 INFO AddIdentifyResult: 10753,015511216435,-1,
2016-12-21 11:09:05 INFO AddIdentifyResult: 10753,015511216435,-3,
2016-12-21 11:09:39 INFO AddIdentifyResult: 10754,013012911629,-1,
2016-12-21 11:09:50 INFO AddIdentifyResult: 10753,015511216435,11,reg/015511216435_|reg/015511216435_|reg/015511216435_
2016-12-21 11:10:18 INFO AddIdentifyResult: 10754,013012911629,-3,
2016-12-21 11:10:44 INFO AddIdentifyResult: 10755,015511216435,-1,
2016-12-21 11:10:53 INFO AddIdentifyResult: 10755,015511216435,-3,
2016-12-21 11:12:00 INFO AddIdentifyResult: 10754,013012911629,12,
2016-12-21 11:12:07 INFO AddIdentifyResult: 10754,013012911629,10,reg/013012911629_1221111126|reg/013012911629_1221111126|reg/013012911629_
2016-12-21 11:12:07 INFO UpdateUserState: 013012911629,1
2016-12-21 11:12:26 INFO AddIdentifyResult: 10756,013406088831,-1,
2016-12-21 11:12:36 INFO AddIdentifyResult: 10756,013406088831,-3,
2016-12-21 11:12:59 INFO AddIdentifyResult: 10755,015511216435,12,
2016-12-21 11:13:07 INFO AddIdentifyResult: 10755,015511216435,10,reg/015511216435_1221111202|reg/015511216435_1221111202|reg/015511216435_
2016-12-21 11:13:07 INFO UpdateUserState: 015511216435,1
2016-12-21 11:13:24 INFO AddIdentifyResult: 10757,015511216435,-1,
2016-12-21 11:13:30 INFO AddIdentifyResult: 10757,015511216435,-3,
2016-12-21 11:14:08 INFO AddIdentifyResult: 10756,013406088831,12,
2016-12-21 11:14:15 INFO AddIdentifyResult: 10756,013406088831,10,reg/013406088831_1221111345|reg/013406088831_1221111345|reg/013406088831_
2016-12-21 11:14:15 INFO UpdateUserState: 013406088831,1
2016-12-21 11:14:22 INFO AddIdentifyResult: 10757,015511216435,0,ver/12/21/111439_015511216435.wav
2016-12-21 11:17:21 INFO AddIdentifyResult: 10758,013012911639,-1,
2016-12-21 11:17:27 INFO AddIdentifyResult: 10758,013012911639,-3,
2016-12-21 11:18:25 INFO AddIdentifyResult: 10759,013012908007,-1,
2016-12-21 11:18:31 INFO AddIdentifyResult: 10759,013012908007,-3,
2016-12-21 11:19:34 INFO AddIdentifyResult: 10758,013012911639,12,
2016-12-21 11:19:41 INFO AddIdentifyResult: 10758,013012911639,10,reg/013012911639_1221112016|reg/013012911639_1221112016|reg/013012911639_1221111835
2016-12-21 11:19:41 INFO UpdateUserState: 013012911639,1
2016-12-21 11:20:25 INFO AddIdentifyResult: 10759,013012908007,12,
2016-12-21 11:20:31 INFO AddIdentifyResult: 10759,013012908007,10,reg/013012908007_1221111939|reg/013012908007_1221111939|reg/013012908007_
2016-12-21 11:20:32 INFO UpdateUserState: 013012908007,1
2016-12-21 11:21:06 INFO AddIdentifyResult: 10760,018766764246,-1,
2016-12-21 11:21:17 INFO AddIdentifyResult: 10760,018766764246,-3,
2016-12-21 11:21:18 INFO AddIdentifyResult: 10760,018766764246,11,reg/018766764246_|reg/018766764246_|reg/018766764246_
2016-12-21 11:21:25 INFO AddIdentifyResult: 10761,018766764246,-1,
2016-12-21 11:21:33 INFO AddIdentifyResult: 10761,018766764246,-3,
2016-12-21 11:23:14 INFO AddIdentifyResult: 10761,018766764246,12,
2016-12-21 11:23:21 INFO AddIdentifyResult: 10761,018766764246,10,reg/018766764246_1221112241|reg/018766764246_1221112241|reg/018766764246_
2016-12-21 11:23:21 INFO UpdateUserState: 018766764246,1
2016-12-21 11:32:07 INFO AddIdentifyResult: 10762,013012908021,-1,
2016-12-21 11:32:10 INFO AddIdentifyResult: 10763,015533124595,-1,
2016-12-21 11:32:20 INFO AddIdentifyResult: 10762,013012908021,-3,
2016-12-21 11:32:25 INFO AddIdentifyResult: 10763,015533124595,-3,
2016-12-21 11:32:45 INFO AddIdentifyResult: 10764,013463696765,-1,
2016-12-21 11:32:53 INFO AddIdentifyResult: 10764,013463696765,-3,
2016-12-21 11:33:58 INFO AddIdentifyResult: 10765,013012912337,-1,
2016-12-21 11:34:03 INFO AddIdentifyResult: 10765,013012912337,-3,
2016-12-21 11:34:28 INFO AddIdentifyResult: 10762,013012908021,12,
2016-12-21 11:34:36 INFO AddIdentifyResult: 10762,013012908021,10,reg/013012908021_1221113504|reg/013012908021_1221113504|reg/013012908021_1221113328
2016-12-21 11:34:36 INFO UpdateUserState: 013012908021,1
2016-12-21 11:34:44 INFO AddIdentifyResult: 10763,015533124595,12,
2016-12-21 11:34:46 INFO AddIdentifyResult: 10766,015805463017,-1,
2016-12-21 11:34:51 INFO AddIdentifyResult: 10763,015533124595,10,reg/015533124595_1221113517|reg/015533124595_1221113517|reg/015533124595_1221113334
2016-12-21 11:34:52 INFO UpdateUserState: 015533124595,1
2016-12-21 11:34:54 INFO AddIdentifyResult: 10766,015805463017,-3,
2016-12-21 11:34:58 INFO AddIdentifyResult: 10767,015533124595,-1,
2016-12-21 11:35:06 INFO AddIdentifyResult: 10767,015533124595,-3,
2016-12-21 11:35:18 INFO AddIdentifyResult: 10764,013463696765,12,
2016-12-21 11:35:18 INFO AddIdentifyResult: 10765,013012912337,12,
2016-12-21 11:35:24 INFO AddIdentifyResult: 10764,013463696765,10,reg/013463696765_1221113600|reg/013463696765_1221113600|reg/013463696765_1221113402
2016-12-21 11:35:24 INFO UpdateUserState: 013463696765,1
2016-12-21 11:35:31 INFO AddIdentifyResult: 10765,013012912337,10,reg/013012912337_1221113511|reg/013012912337_1221113511|reg/013012912337_
2016-12-21 11:35:31 INFO UpdateUserState: 013012912337,1
2016-12-21 11:35:33 INFO AddIdentifyResult: 10768,013463696765,-1,
2016-12-21 11:35:39 INFO AddIdentifyResult: 10768,013463696765,-3,
2016-12-21 11:35:58 INFO AddIdentifyResult: 10767,015533124595,0,ver/12/21/113615_015533124595.wav
2016-12-21 11:36:31 INFO AddIdentifyResult: 10768,013463696765,0,ver/12/21/113648_013463696765.wav
2016-12-21 11:36:32 INFO AddIdentifyResult: 10766,015805463017,12,
2016-12-21 11:36:39 INFO AddIdentifyResult: 10766,015805463017,10,reg/015805463017_1221113603|reg/015805463017_1221113603|reg/015805463017_
2016-12-21 11:36:39 INFO UpdateUserState: 015805463017,1
2016-12-21 11:36:48 INFO AddIdentifyResult: 10769,015805463017,-1,
2016-12-21 11:36:56 INFO AddIdentifyResult: 10769,015805463017,-3,
2016-12-21 11:37:38 INFO AddIdentifyResult: 10770,015511240038,-1,
2016-12-21 11:37:43 INFO AddIdentifyResult: 10770,015511240038,-3,
2016-12-21 11:37:48 INFO AddIdentifyResult: 10769,015805463017,1,ver/12/21/113805_015805463017.wav
2016-12-21 11:38:32 INFO AddIdentifyResult: 10771,015805463017,-1,
2016-12-21 11:38:40 INFO AddIdentifyResult: 10771,015805463017,-3,
2016-12-21 11:39:10 INFO AddIdentifyResult: 10772,015533124408,-1,
2016-12-21 11:39:16 INFO AddIdentifyResult: 10772,015533124408,-3,
2016-12-21 11:39:32 INFO AddIdentifyResult: 10771,015805463017,0,ver/12/21/113949_015805463017.wav
2016-12-21 11:40:12 INFO AddIdentifyResult: 10770,015511240038,12,
2016-12-21 11:40:16 INFO AddIdentifyResult: 10773,013012908095,-1,
2016-12-21 11:40:18 INFO AddIdentifyResult: 10770,015511240038,10,reg/015511240038_1221114051|reg/015511240038_1221114051|reg/015511240038_1221113852
2016-12-21 11:40:19 INFO UpdateUserState: 015511240038,1
2016-12-21 11:40:23 INFO AddIdentifyResult: 10773,013012908095,-3,
2016-12-21 11:40:28 INFO AddIdentifyResult: 10774,015511240038,-1,
2016-12-21 11:40:32 INFO AddIdentifyResult: 10774,015511240038,-3,
2016-12-21 11:40:49 INFO AddIdentifyResult: 10772,015533124408,12,
2016-12-21 11:40:57 INFO AddIdentifyResult: 10772,015533124408,10,reg/015533124408_1221114025|reg/015533124408_1221114025|reg/015533124408_
2016-12-21 11:40:57 INFO UpdateUserState: 015533124408,1
2016-12-21 11:41:00 INFO AddIdentifyResult: 10775,015533124408,-1,
2016-12-21 11:41:10 INFO AddIdentifyResult: 10775,015533124408,-3,
2016-12-21 11:41:23 INFO AddIdentifyResult: 10774,015511240038,0,ver/12/21/114141_015511240038.wav
2016-12-21 11:41:57 INFO AddIdentifyResult: 10773,013012908095,12,
2016-12-21 11:42:03 INFO AddIdentifyResult: 10775,015533124408,0,ver/12/21/114219_015533124408.wav
2016-12-21 11:42:04 INFO AddIdentifyResult: 10773,013012908095,10,reg/013012908095_1221114239|reg/013012908095_1221114239|reg/013012908095_1221114131
2016-12-21 11:42:04 INFO UpdateUserState: 013012908095,1
2016-12-21 11:42:08 INFO AddIdentifyResult: 10776,013012908075,-1,
2016-12-21 11:42:13 INFO AddIdentifyResult: 10776,013012908075,-3,
2016-12-21 11:43:45 INFO AddIdentifyResult: 10776,013012908075,12,
2016-12-21 11:43:52 INFO AddIdentifyResult: 10776,013012908075,10,reg/013012908075_1221114321|reg/013012908075_1221114321|reg/013012908075_
2016-12-21 11:43:52 INFO UpdateUserState: 013012908075,1
2016-12-21 11:44:59 INFO AddIdentifyResult: 10777,015033777457,-1,
2016-12-21 11:45:10 INFO AddIdentifyResult: 10777,015033777457,-3,
2016-12-21 11:46:40 INFO AddIdentifyResult: 10777,015033777457,12,
2016-12-21 11:46:46 INFO AddIdentifyResult: 10777,015033777457,10,reg/015033777457_1221114619|reg/015033777457_1221114619|reg/015033777457_
2016-12-21 11:46:47 INFO UpdateUserState: 015033777457,1
2016-12-21 11:46:55 INFO AddIdentifyResult: 10778,015033777457,-1,
2016-12-21 11:49:48 INFO AddIdentifyResult: 10779,015033777457,-1,
2016-12-21 11:49:57 INFO AddIdentifyResult: 10779,015033777457,-3,
2016-12-21 11:50:49 INFO AddIdentifyResult: 10779,015033777457,0,ver/12/21/115106_015033777457.wav
2016-12-21 11:54:53 INFO AddIdentifyResult: 10780,015533210469,-1,
2016-12-21 11:55:04 INFO AddIdentifyResult: 10780,015533210469,-3,
2016-12-21 11:56:33 INFO AddIdentifyResult: 10780,015533210469,12,
2016-12-21 11:56:40 INFO AddIdentifyResult: 10780,015533210469,10,reg/015533210469_1221115613|reg/015533210469_1221115613|reg/015533210469_
2016-12-21 11:56:41 INFO UpdateUserState: 015533210469,1
2016-12-21 11:56:48 INFO AddIdentifyResult: 10781,015533210469,-1,
2016-12-21 11:57:15 INFO AddIdentifyResult: 10782,015533210469,-1,
2016-12-21 11:57:23 INFO AddIdentifyResult: 10782,015533210469,-3,
2016-12-21 11:58:04 INFO AddIdentifyResult: 10783,015533129409,-1,
2016-12-21 11:58:15 INFO AddIdentifyResult: 10782,015533210469,0,ver/12/21/115832_015533210469.wav
2016-12-21 11:58:37 INFO AddIdentifyResult: 10783,015533129409,-3,
2016-12-21 11:59:30 INFO AddIdentifyResult: 10784,015533215409,-1,
2016-12-21 11:59:41 INFO AddIdentifyResult: 10784,015533215409,-3,
2016-12-21 11:59:51 INFO AddIdentifyResult: 10785,015176204631,-1,
2016-12-21 12:00:01 INFO AddIdentifyResult: 10785,015176204631,-3,
2016-12-21 12:00:18 INFO AddIdentifyResult: 10783,015533129409,12,
2016-12-21 12:00:25 INFO AddIdentifyResult: 10783,015533129409,10,reg/015533129409_1221115946|reg/015533129409_1221115946|reg/015533129409_
2016-12-21 12:00:26 INFO UpdateUserState: 015533129409,1
2016-12-21 12:01:24 INFO AddIdentifyResult: 10786,015533129409,-1,
2016-12-21 12:01:29 INFO AddIdentifyResult: 10786,015533129409,-3,
2016-12-21 12:01:32 INFO AddIdentifyResult: 10785,015176204631,12,
2016-12-21 12:01:39 INFO AddIdentifyResult: 10785,015176204631,10,reg/015176204631_1221120110|reg/015176204631_1221120110|reg/015176204631_
2016-12-21 12:01:39 INFO UpdateUserState: 015176204631,1
2016-12-21 12:01:45 INFO AddIdentifyResult: 10787,015176204631,-1,
2016-12-21 12:01:52 INFO AddIdentifyResult: 10787,015176204631,-3,
2016-12-21 12:02:03 INFO AddIdentifyResult: 10784,015533215409,12,
2016-12-21 12:02:10 INFO AddIdentifyResult: 10784,015533215409,10,reg/015533215409_1221120049|reg/015533215409_1221120049|reg/015533215409_
2016-12-21 12:02:10 INFO UpdateUserState: 015533215409,1
2016-12-21 12:02:11 INFO AddIdentifyResult: 10786,015533129409,0,ver/12/21/120238_015533129409.wav
2016-12-21 12:02:29 INFO AddIdentifyResult: 10788,015533215409,-1,
2016-12-21 12:02:42 INFO AddIdentifyResult: 10788,015533215409,-3,
2016-12-21 12:02:44 INFO AddIdentifyResult: 10787,015176204631,0,ver/12/21/120301_015176204631.wav
2016-12-21 12:03:34 INFO AddIdentifyResult: 10788,015533215409,0,ver/12/21/120351_015533215409.wav
2016-12-21 12:03:51 INFO AddIdentifyResult: 10789,015194890088,-1,
2016-12-21 12:04:05 INFO AddIdentifyResult: 10789,015194890088,-3,
2016-12-21 12:04:43 INFO AddIdentifyResult: 10790,015511240081,-1,
2016-12-21 12:05:12 INFO AddIdentifyResult: 10791,015511240081,-1,
2016-12-21 12:05:20 INFO AddIdentifyResult: 10791,015511240081,-3,
2016-12-21 12:05:36 INFO AddIdentifyResult: 10789,015194890088,12,
2016-12-21 12:05:43 INFO AddIdentifyResult: 10789,015194890088,10,reg/015194890088_1221120513|reg/015194890088_1221120513|reg/015194890088_
2016-12-21 12:05:43 INFO UpdateUserState: 015194890088,1
2016-12-21 12:05:51 INFO AddIdentifyResult: 10792,015194890088,-1,
2016-12-21 12:05:58 INFO AddIdentifyResult: 10792,015194890088,-3,
2016-12-21 12:06:51 INFO AddIdentifyResult: 10792,015194890088,0,ver/12/21/120708_015194890088.wav
2016-12-21 12:07:35 INFO AddIdentifyResult: 10791,015511240081,12,
2016-12-21 12:07:41 INFO AddIdentifyResult: 10791,015511240081,10,reg/015511240081_1221120809|reg/015511240081_1221120809|reg/015511240081_1221120628
2016-12-21 12:07:42 INFO UpdateUserState: 015511240081,1
2016-12-21 12:08:07 INFO AddIdentifyResult: 10793,015511240081,-1,
2016-12-21 12:08:13 INFO AddIdentifyResult: 10793,015511240081,-3,
2016-12-21 12:09:05 INFO AddIdentifyResult: 10793,015511240081,0,ver/12/21/120923_015511240081.wav
2016-12-21 12:10:32 INFO AddIdentifyResult: 10794,015032231762,-1,
2016-12-21 12:10:42 INFO AddIdentifyResult: 10794,015032231762,-3,
2016-12-21 12:12:08 INFO AddIdentifyResult: 10794,015032231762,12,
2016-12-21 12:12:15 INFO AddIdentifyResult: 10794,015032231762,10,reg/015032231762_1221121151|reg/015032231762_1221121151|reg/015032231762_
2016-12-21 12:12:15 INFO UpdateUserState: 015032231762,1
2016-12-21 12:12:20 INFO AddIdentifyResult: 10795,015032231762,-1,
2016-12-21 12:12:28 INFO AddIdentifyResult: 10795,015032231762,-3,
2016-12-21 12:13:20 INFO AddIdentifyResult: 10795,015032231762,0,ver/12/21/121337_015032231762.wav
2016-12-21 12:15:36 INFO AddIdentifyResult: 10796,015533239613,-1,
2016-12-21 12:15:41 INFO AddIdentifyResult: 10796,015533239613,-3,
2016-12-21 12:17:07 INFO AddIdentifyResult: 10796,015533239613,12,
2016-12-21 12:17:14 INFO AddIdentifyResult: 10796,015533239613,10,reg/015533239613_1221121650|reg/015533239613_1221121650|reg/015533239613_
2016-12-21 12:17:14 INFO UpdateUserState: 015533239613,1
2016-12-21 12:17:16 INFO AddIdentifyResult: 10797,015533239613,-1,
2016-12-21 12:17:22 INFO AddIdentifyResult: 10797,015533239613,-3,
2016-12-21 12:18:12 INFO AddIdentifyResult: 10798,015131254944,-1,
2016-12-21 12:18:15 INFO AddIdentifyResult: 10797,015533239613,0,ver/12/21/121832_015533239613.wav
2016-12-21 12:18:19 INFO AddIdentifyResult: 10798,015131254944,-3,
2016-12-21 12:19:49 INFO AddIdentifyResult: 10798,015131254944,12,
2016-12-21 12:19:57 INFO AddIdentifyResult: 10798,015131254944,10,reg/015131254944_1221121928|reg/015131254944_1221121928|reg/015131254944_
2016-12-21 12:19:57 INFO UpdateUserState: 015131254944,1
2016-12-21 12:20:03 INFO AddIdentifyResult: 10799,015131254944,-1,
2016-12-21 12:20:09 INFO AddIdentifyResult: 10799,015131254944,-3,
2016-12-21 12:21:01 INFO AddIdentifyResult: 10800,015511240335,-1,
2016-12-21 12:21:03 INFO AddIdentifyResult: 10799,015131254944,0,ver/12/21/122119_015131254944.wav
2016-12-21 12:21:07 INFO AddIdentifyResult: 10800,015511240335,-3,
2016-12-21 12:21:42 INFO AddIdentifyResult: 10801,015533204322,-1,
2016-12-21 12:21:56 INFO AddIdentifyResult: 10801,015533204322,-3,
2016-12-21 12:22:16 INFO AddIdentifyResult: 10801,015533204322,11,reg/015533204322_|reg/015533204322_|reg/015533204322_
2016-12-21 12:22:28 INFO AddIdentifyResult: 10802,015533204322,-1,
2016-12-21 12:22:28 INFO AddIdentifyResult: 10803,015511234860,-1,
2016-12-21 12:22:32 INFO AddIdentifyResult: 10803,015511234860,-3,
2016-12-21 12:22:38 INFO AddIdentifyResult: 10804,015533204322,-1,
2016-12-21 12:22:44 INFO AddIdentifyResult: 10804,015533204322,-3,
2016-12-21 12:23:37 INFO AddIdentifyResult: 10800,015511240335,12,
2016-12-21 12:23:44 INFO AddIdentifyResult: 10800,015511240335,10,reg/015511240335_1221122414|reg/015511240335_1221122414|reg/015511240335_1221122216
2016-12-21 12:23:44 INFO UpdateUserState: 015511240335,1
2016-12-21 12:23:52 INFO AddIdentifyResult: 10805,015511240335,-1,
2016-12-21 12:24:02 INFO AddIdentifyResult: 10805,015511240335,-3,
2016-12-21 12:24:03 INFO AddIdentifyResult: 10803,015511234860,12,
2016-12-21 12:24:10 INFO AddIdentifyResult: 10803,015511234860,10,reg/015511234860_1221122341|reg/015511234860_1221122341|reg/015511234860_
2016-12-21 12:24:10 INFO UpdateUserState: 015511234860,1
2016-12-21 12:24:18 INFO AddIdentifyResult: 10806,015511234860,-1,
2016-12-21 12:24:21 INFO AddIdentifyResult: 10804,015533204322,12,
2016-12-21 12:24:28 INFO AddIdentifyResult: 10804,015533204322,10,reg/015533204322_1221122353|reg/015533204322_1221122353|reg/015533204322_
2016-12-21 12:24:28 INFO UpdateUserState: 015533204322,1
2016-12-21 12:24:30 INFO AddIdentifyResult: 10807,015533204322,-1,
2016-12-21 12:24:36 INFO AddIdentifyResult: 10807,015533204322,-3,
2016-12-21 12:24:43 INFO AddIdentifyResult: 10808,015511234860,-1,
2016-12-21 12:24:46 INFO AddIdentifyResult: 10808,015511234860,-3,
2016-12-21 12:24:54 INFO AddIdentifyResult: 10805,015511240335,0,ver/12/21/122511_015511240335.wav
2016-12-21 12:25:28 INFO AddIdentifyResult: 10807,015533204322,0,ver/12/21/122545_015533204322.wav
2016-12-21 12:25:38 INFO AddIdentifyResult: 10808,015511234860,0,ver/12/21/122555_015511234860.wav
2016-12-21 12:30:09 INFO AddIdentifyResult: 10809,015933244330,-1,
2016-12-21 12:30:19 INFO AddIdentifyResult: 10809,015933244330,-3,
2016-12-21 12:32:29 INFO AddIdentifyResult: 10809,015933244330,12,
2016-12-21 12:32:36 INFO AddIdentifyResult: 10809,015933244330,10,reg/015933244330_1221123304|reg/015933244330_1221123304|reg/015933244330_1221123127
2016-12-21 12:32:36 INFO UpdateUserState: 015933244330,1
2016-12-21 12:32:59 INFO AddIdentifyResult: 10810,015933244330,-1,
2016-12-21 12:33:09 INFO AddIdentifyResult: 10810,015933244330,-3,
2016-12-21 12:34:01 INFO AddIdentifyResult: 10810,015933244330,0,ver/12/21/123418_015933244330.wav
2016-12-21 12:35:05 INFO AddIdentifyResult: 10811,015533214459,-1,
2016-12-21 12:35:31 INFO AddIdentifyResult: 10812,015511240032,-1,
2016-12-21 12:35:37 INFO AddIdentifyResult: 10812,015511240032,-3,
2016-12-21 12:36:07 INFO AddIdentifyResult: 10813,015533124459,-1,
2016-12-21 12:36:16 INFO AddIdentifyResult: 10813,015533124459,-3,
2016-12-21 12:37:24 INFO AddIdentifyResult: 10812,015511240032,12,
2016-12-21 12:37:31 INFO AddIdentifyResult: 10812,015511240032,10,reg/015511240032_1221123812|reg/015511240032_1221123812|reg/015511240032_1221123646
2016-12-21 12:37:31 INFO UpdateUserState: 015511240032,1
2016-12-21 12:37:40 INFO AddIdentifyResult: 10814,015511240282,-1,
2016-12-21 12:37:41 INFO AddIdentifyResult: 10813,015533124459,12,
2016-12-21 12:37:45 INFO AddIdentifyResult: 10815,015511240032,-1,
2016-12-21 12:37:48 INFO AddIdentifyResult: 10813,015533124459,10,reg/015533124459_1221123725|reg/015533124459_1221123725|reg/015533124459_
2016-12-21 12:37:48 INFO UpdateUserState: 015533124459,1
2016-12-21 12:37:53 INFO AddIdentifyResult: 10816,015533124459,-1,
2016-12-21 12:38:01 INFO AddIdentifyResult: 10816,015533124459,-3,
2016-12-21 12:38:09 INFO AddIdentifyResult: 10817,015511240032,-1,
2016-12-21 12:38:14 INFO AddIdentifyResult: 10817,015511240032,-3,
2016-12-21 12:38:54 INFO AddIdentifyResult: 10816,015533124459,0,ver/12/21/123911_015533124459.wav
2016-12-21 12:39:06 INFO AddIdentifyResult: 10817,015511240032,0,ver/12/21/123923_015511240032.wav
2016-12-21 12:40:24 INFO AddIdentifyResult: 10818,015511240282,-1,
2016-12-21 12:45:47 INFO AddIdentifyResult: 10819,015511240282,-1,
2016-12-21 12:45:53 INFO AddIdentifyResult: 10819,015511240282,-3,
2016-12-21 12:48:13 INFO AddIdentifyResult: 10819,015511240282,12,
2016-12-21 12:48:19 INFO AddIdentifyResult: 10819,015511240282,10,reg/015511240282_1221124848|reg/015511240282_1221124848|reg/015511240282_1221124702
2016-12-21 12:48:19 INFO UpdateUserState: 015511240282,1
2016-12-21 12:48:36 INFO AddIdentifyResult: 10820,015511240282,-1,
2016-12-21 12:48:44 INFO AddIdentifyResult: 10820,015511240282,-3,
2016-12-21 12:49:36 INFO AddIdentifyResult: 10820,015511240282,0,ver/12/21/124954_015511240282.wav
2016-12-21 12:50:11 INFO AddIdentifyResult: 10821,015533224798,-1,
2016-12-21 12:50:20 INFO AddIdentifyResult: 10821,015533224798,-3,
2016-12-21 12:51:47 INFO AddIdentifyResult: 10821,015533224798,12,
2016-12-21 12:51:55 INFO AddIdentifyResult: 10821,015533224798,10,reg/015533224798_1221125128|reg/015533224798_1221125128|reg/015533224798_
2016-12-21 12:51:55 INFO UpdateUserState: 015533224798,1
2016-12-21 12:52:09 INFO AddIdentifyResult: 10822,015533224798,-1,
2016-12-21 12:52:17 INFO AddIdentifyResult: 10822,015533224798,-3,
2016-12-21 12:52:31 INFO AddIdentifyResult: 10823,015533225703,-1,
2016-12-21 12:53:10 INFO AddIdentifyResult: 10822,015533224798,0,ver/12/21/125326_015533224798.wav
2016-12-21 12:53:42 INFO AddIdentifyResult: 10824,015533225703,-1,
2016-12-21 12:53:54 INFO AddIdentifyResult: 10824,015533225703,-3,
2016-12-21 12:56:02 INFO AddIdentifyResult: 10824,015533225703,11,reg/015533225703_|reg/015533225703_|reg/015533225703_
2016-12-21 12:56:20 INFO AddIdentifyResult: 10825,015533225703,-1,
2016-12-21 12:56:27 INFO AddIdentifyResult: 10825,015533225703,-3,
2016-12-21 12:58:31 INFO AddIdentifyResult: 10825,015533225703,12,
2016-12-21 12:58:40 INFO AddIdentifyResult: 10825,015533225703,10,reg/015533225703_1221125854|reg/015533225703_1221125854|reg/015533225703_1221125736
2016-12-21 12:58:40 INFO UpdateUserState: 015533225703,1
2016-12-21 12:59:10 INFO AddIdentifyResult: 10826,015533225703,-1,
2016-12-21 12:59:16 INFO AddIdentifyResult: 10826,015533225703,-3,
2016-12-21 13:00:08 INFO AddIdentifyResult: 10826,015533225703,0,ver/12/21/130025_015533225703.wav
2016-12-21 13:01:17 INFO AddIdentifyResult: 10827,013730459607,-1,
2016-12-21 13:01:28 INFO AddIdentifyResult: 10827,013730459607,-3,
2016-12-21 13:03:38 INFO AddIdentifyResult: 10827,013730459607,12,
2016-12-21 13:03:44 INFO AddIdentifyResult: 10827,013730459607,10,reg/013730459607_1221130418|reg/013730459607_1221130418|reg/013730459607_1221130237
2016-12-21 13:03:45 INFO UpdateUserState: 013730459607,1
2016-12-21 13:03:48 INFO AddIdentifyResult: 10828,013730459607,-1,
2016-12-21 13:03:58 INFO AddIdentifyResult: 10828,013730459607,-3,
2016-12-21 13:04:50 INFO AddIdentifyResult: 10828,013730459607,0,ver/12/21/130507_013730459607.wav
2016-12-21 13:25:47 INFO AddIdentifyResult: 10829,018631211007,-1,
2016-12-21 13:25:57 INFO AddIdentifyResult: 10829,018631211007,-3,
2016-12-21 13:27:25 INFO AddIdentifyResult: 10829,018631211007,12,
2016-12-21 13:27:32 INFO AddIdentifyResult: 10829,018631211007,10,reg/018631211007_1221132706|reg/018631211007_1221132706|reg/018631211007_
2016-12-21 13:27:32 INFO UpdateUserState: 018631211007,1
2016-12-21 13:27:40 INFO AddIdentifyResult: 10830,018631211007,-1,
2016-12-21 13:27:48 INFO AddIdentifyResult: 10830,018631211007,-3,
2016-12-21 13:28:40 INFO AddIdentifyResult: 10830,018631211007,0,ver/12/21/132857_018631211007.wav
2016-12-21 13:31:34 INFO AddIdentifyResult: 10831,015963083110,-1,
2016-12-21 13:31:48 INFO AddIdentifyResult: 10831,015963083110,-3,
2016-12-21 13:34:10 INFO AddIdentifyResult: 10831,015963083110,12,
2016-12-21 13:34:17 INFO AddIdentifyResult: 10831,015963083110,10,reg/015963083110_1221133450|reg/015963083110_1221133450|reg/015963083110_1221133257
2016-12-21 13:34:17 INFO UpdateUserState: 015963083110,1
2016-12-21 13:34:18 INFO AddIdentifyResult: 10832,013012908150,-1,
2016-12-21 13:34:24 INFO AddIdentifyResult: 10832,013012908150,-3,
2016-12-21 13:36:08 INFO AddIdentifyResult: 10832,013012908150,12,
2016-12-21 13:36:15 INFO AddIdentifyResult: 10832,013012908150,10,reg/013012908150_1221133533|reg/013012908150_1221133533|reg/013012908150_
2016-12-21 13:36:15 INFO UpdateUserState: 013012908150,1
2016-12-21 15:05:14 INFO AddIdentifyResult: 10833,013012910110,-1,
2016-12-21 15:05:40 INFO AddIdentifyResult: 10833,013012910110,-3,
2016-12-21 15:07:03 INFO AddIdentifyResult: 10833,013012910110,12,
2016-12-21 15:07:10 INFO AddIdentifyResult: 10833,013012910110,10,reg/013012910110_1221150649|reg/013012910110_1221150649|reg/013012910110_
2016-12-21 15:07:10 INFO UpdateUserState: 013012910110,1
