2016-12-29 09:42:37 INFO PHP Unknown Error: no: 2, msg: implode(): Invalid arguments passed on line 15 in file /data/code/tcsb/member/edit_member.php uri: /member/edit_member.php?Tid=14, post: {"username":"xixin","password":"lzj52014","role_id":"2","id":"14","returnurl":"","edit":" \u4fee \u6539 "}
2016-12-29 09:46:30 INFO AddIdentifyResult: 11745,018510555363,-1,
2016-12-29 09:46:41 INFO AddIdentifyResult: 11745,018510555363,-3,
2016-12-29 09:48:23 INFO AddIdentifyResult: 11745,018510555363,12,
2016-12-29 09:48:30 INFO AddIdentifyResult: 11745,018510555363,10,reg/018510555363_1229094748|reg/018510555363_1229094748|reg/018510555363_
2016-12-29 09:48:30 INFO UpdateUserState: 018510555363,1
2016-12-29 09:48:43 INFO AddIdentifyResult: 11746,018510555363,-1,
2016-12-29 09:48:50 INFO AddIdentifyResult: 11746,018510555363,-3,
2016-12-29 09:49:44 INFO AddIdentifyResult: 11746,018510555363,0,ver/12/29/095020_018510555363.wav
2016-12-29 09:50:03 INFO AddIdentifyResult: 11747,018510555363,-1,
2016-12-29 09:50:09 INFO AddIdentifyResult: 11747,018510555363,-3,
2016-12-29 09:51:00 INFO AddIdentifyResult: 11747,018510555363,1,ver/12/29/095115_018510555363.wav
2016-12-29 09:51:57 INFO AddIdentifyResult: 11747,018510555363,0,ver/12/29/095210_018510555363.wav
2016-12-29 10:32:11 INFO AddIdentifyResult: 11748,015230284346,-1,
2016-12-29 10:32:29 INFO AddIdentifyResult: 11748,015230284346,-3,
2016-12-29 10:34:02 INFO AddIdentifyResult: 11748,015230284346,12,
2016-12-29 10:34:09 INFO AddIdentifyResult: 11748,015230284346,10,reg/015230284346_1229103335|reg/015230284346_1229103335|reg/015230284346_
2016-12-29 10:34:09 INFO UpdateUserState: 015230284346,1
2016-12-29 10:34:13 INFO AddIdentifyResult: 11749,015230284346,-1,
2016-12-29 10:34:20 INFO AddIdentifyResult: 11749,015230284346,-3,
2016-12-29 10:35:13 INFO AddIdentifyResult: 11749,015230284346,0,ver/12/29/103527_015230284346.wav
2016-12-29 10:36:38 INFO AddIdentifyResult: 11750,015533214051,-1,
2016-12-29 10:36:44 INFO AddIdentifyResult: 11750,015533214051,-3,
2016-12-29 10:38:14 INFO AddIdentifyResult: 11750,015533214051,12,
2016-12-29 10:38:21 INFO AddIdentifyResult: 11750,015533214051,10,reg/015533214051_1229103751|reg/015533214051_1229103751|reg/015533214051_
2016-12-29 10:38:22 INFO UpdateUserState: 015533214051,1
2016-12-29 10:38:24 INFO AddIdentifyResult: 11751,018140633071,-1,
2016-12-29 10:38:25 INFO AddIdentifyResult: 11752,015533214051,-1,
2016-12-29 10:38:31 INFO AddIdentifyResult: 11752,015533214051,-3,
2016-12-29 10:38:38 INFO AddIdentifyResult: 11751,018140633071,-3,
2016-12-29 10:38:41 INFO AddIdentifyResult: 11752,015533214051,1,
2016-12-29 10:38:49 INFO AddIdentifyResult: 11753,015533214051,-1,
2016-12-29 10:39:04 INFO AddIdentifyResult: 11753,015533214051,-3,
2016-12-29 10:39:05 INFO AddIdentifyResult: 11751,018140633071,11,reg/018140633071_|reg/018140633071_|reg/018140633071_
2016-12-29 10:39:21 INFO AddIdentifyResult: 11754,018140633071,-1,
2016-12-29 10:39:32 INFO AddIdentifyResult: 11754,018140633071,-3,
2016-12-29 10:39:57 INFO AddIdentifyResult: 11753,015533214051,0,ver/12/29/104011_015533214051.wav
2016-12-29 10:41:11 INFO AddIdentifyResult: 11754,018140633071,12,
2016-12-29 10:41:19 INFO AddIdentifyResult: 11754,018140633071,10,reg/018140633071_1229104039|reg/018140633071_1229104039|reg/018140633071_
2016-12-29 10:41:20 INFO UpdateUserState: 018140633071,1
2016-12-29 10:41:55 INFO AddIdentifyResult: 11755,018140633071,-1,
2016-12-29 10:42:05 INFO AddIdentifyResult: 11755,018140633071,-3,
2016-12-29 10:42:58 INFO AddIdentifyResult: 11755,018140633071,0,ver/12/29/104312_018140633071.wav
2016-12-29 10:46:55 INFO AddIdentifyResult: 11756,018140633071,-1,
2016-12-29 10:47:04 INFO AddIdentifyResult: 11756,018140633071,-3,
2016-12-29 10:47:57 INFO AddIdentifyResult: 11756,018140633071,1,ver/12/29/104812_018140633071.wav
2016-12-29 10:48:24 INFO AddIdentifyResult: 11756,018140633071,2,
2016-12-29 10:48:44 INFO AddIdentifyResult: 11757,018140633071,-1,
2016-12-29 10:48:52 INFO AddIdentifyResult: 11757,018140633071,-3,
2016-12-29 10:49:45 INFO AddIdentifyResult: 11757,018140633071,1,ver/12/29/104959_018140633071.wav
2016-12-29 10:50:31 INFO AddIdentifyResult: 11758,015533124857,-1,
2016-12-29 10:50:48 INFO AddIdentifyResult: 11757,018140633071,0,ver/12/29/105100_018140633071.wav
2016-12-29 10:51:00 INFO AddIdentifyResult: 11758,015533124857,-3,
2016-12-29 10:52:34 INFO AddIdentifyResult: 11758,015533124857,12,
2016-12-29 10:52:40 INFO AddIdentifyResult: 11758,015533124857,10,reg/015533124857_1229105207|reg/015533124857_1229105207|reg/015533124857_
2016-12-29 10:52:41 INFO UpdateUserState: 015533124857,1
2016-12-29 10:52:48 INFO AddIdentifyResult: 11759,015533124857,-1,
2016-12-29 10:52:55 INFO AddIdentifyResult: 11759,015533124857,-3,
2016-12-29 10:53:47 INFO AddIdentifyResult: 11759,015533124857,0,ver/12/29/105402_015533124857.wav
2016-12-29 10:57:56 INFO AddIdentifyResult: 11760,015931258093,-1,
2016-12-29 10:58:09 INFO AddIdentifyResult: 11760,015931258093,-3,
2016-12-29 10:59:33 INFO AddIdentifyResult: 11760,015931258093,12,
2016-12-29 10:59:40 INFO AddIdentifyResult: 11760,015931258093,10,reg/015931258093_1229105916|reg/015931258093_1229105916|reg/015931258093_
2016-12-29 10:59:41 INFO UpdateUserState: 015931258093,1
2016-12-29 10:59:51 INFO AddIdentifyResult: 11761,015931258093,-1,
2016-12-29 11:00:02 INFO AddIdentifyResult: 11761,015931258093,-3,
2016-12-29 11:00:56 INFO AddIdentifyResult: 11761,015931258093,0,ver/12/29/110110_015931258093.wav
2016-12-29 11:02:33 INFO AddIdentifyResult: 11762,015533123864,-1,
2016-12-29 11:02:53 INFO AddIdentifyResult: 11762,015533123864,-3,
2016-12-29 11:03:49 INFO AddIdentifyResult: 11763,015030292849,-1,
2016-12-29 11:04:18 INFO AddIdentifyResult: 11762,015533123864,12,
2016-12-29 11:04:26 INFO AddIdentifyResult: 11762,015533123864,10,reg/015533123864_1229110400|reg/015533123864_1229110400|reg/015533123864_
2016-12-29 11:04:26 INFO UpdateUserState: 015533123864,1
2016-12-29 11:04:27 INFO AddIdentifyResult: 11764,015533123864,-1,
2016-12-29 11:04:32 INFO AddIdentifyResult: 11764,015533123864,-3,
2016-12-29 11:04:41 INFO AddIdentifyResult: 11764,015533123864,1,
2016-12-29 11:04:48 INFO AddIdentifyResult: 11765,015533123864,-1,
2016-12-29 11:04:57 INFO AddIdentifyResult: 11765,015533123864,-3,
2016-12-29 11:05:51 INFO AddIdentifyResult: 11765,015533123864,0,ver/12/29/110605_015533123864.wav
2016-12-29 11:06:22 INFO AddIdentifyResult: 11766,015930292849,-1,
2016-12-29 11:06:37 INFO AddIdentifyResult: 11766,015930292849,-3,
2016-12-29 11:07:54 INFO AddIdentifyResult: 11767,015533209467,-1,
2016-12-29 11:08:02 INFO AddIdentifyResult: 11767,015533209467,-3,
2016-12-29 11:08:10 INFO AddIdentifyResult: 11766,015930292849,12,
2016-12-29 11:08:17 INFO AddIdentifyResult: 11766,015930292849,10,reg/015930292849_1229110744|reg/015930292849_1229110744|reg/015930292849_
2016-12-29 11:08:17 INFO UpdateUserState: 015930292849,1
2016-12-29 11:08:25 INFO AddIdentifyResult: 11768,015930292849,-1,
2016-12-29 11:08:38 INFO AddIdentifyResult: 11768,015930292849,-3,
2016-12-29 11:09:18 INFO AddIdentifyResult: 11768,015930292849,0,ver/12/29/110945_015930292849.wav
2016-12-29 11:09:44 INFO AddIdentifyResult: 11767,015533209467,12,
2016-12-29 11:09:50 INFO AddIdentifyResult: 11767,015533209467,10,reg/015533209467_1229110908|reg/015533209467_1229110908|reg/015533209467_
2016-12-29 11:09:51 INFO UpdateUserState: 015533209467,1
2016-12-29 11:10:04 INFO AddIdentifyResult: 11769,015533209467,-1,
2016-12-29 11:10:12 INFO AddIdentifyResult: 11769,015533209467,-3,
2016-12-29 11:11:04 INFO AddIdentifyResult: 11769,015533209467,0,ver/12/29/111119_015533209467.wav
2016-12-29 11:11:55 INFO AddIdentifyResult: 11770,015511206374,-1,
2016-12-29 11:12:03 INFO AddIdentifyResult: 11770,015511206374,-3,
2016-12-29 11:12:24 INFO AddIdentifyResult: 11770,015511206374,11,reg/015511206374_|reg/015511206374_|reg/015511206374_
2016-12-29 11:12:54 INFO AddIdentifyResult: 11771,015511206374,-1,
2016-12-29 11:13:02 INFO AddIdentifyResult: 11772,015511251147,-1,
2016-12-29 11:13:07 INFO AddIdentifyResult: 11772,015511251147,-3,
2016-12-29 11:13:13 INFO AddIdentifyResult: 11773,015511206374,-1,
2016-12-29 11:13:20 INFO AddIdentifyResult: 11773,015511206374,-3,
2016-12-29 11:14:33 INFO AddIdentifyResult: 11772,015511251147,12,
2016-12-29 11:14:40 INFO AddIdentifyResult: 11772,015511251147,10,reg/015511251147_1229111414|reg/015511251147_1229111414|reg/015511251147_
2016-12-29 11:14:41 INFO UpdateUserState: 015511251147,1
2016-12-29 11:14:46 INFO AddIdentifyResult: 11774,015511251147,-1,
2016-12-29 11:14:52 INFO AddIdentifyResult: 11774,015511251147,-3,
2016-12-29 11:15:01 INFO AddIdentifyResult: 11774,015511251147,1,
2016-12-29 11:15:13 INFO AddIdentifyResult: 11775,015511251147,-1,
2016-12-29 11:15:21 INFO AddIdentifyResult: 11773,015511206374,12,
2016-12-29 11:15:28 INFO AddIdentifyResult: 11773,015511206374,10,reg/015511206374_1229111557|reg/015511206374_1229111557|reg/015511206374_1229111427
2016-12-29 11:15:28 INFO UpdateUserState: 015511206374,1
2016-12-29 11:15:34 INFO AddIdentifyResult: 11776,015511206374,-1,
2016-12-29 11:15:41 INFO AddIdentifyResult: 11776,015511206374,-3,
2016-12-29 11:15:52 INFO AddIdentifyResult: 11777,015511251147,-1,
2016-12-29 11:16:00 INFO AddIdentifyResult: 11777,015511251147,-3,
2016-12-29 11:16:28 INFO AddIdentifyResult: 11776,015511206374,0,ver/12/29/111648_015511206374.wav
2016-12-29 11:16:52 INFO AddIdentifyResult: 11777,015511251147,0,ver/12/29/111707_015511251147.wav
2016-12-29 11:19:58 INFO AddIdentifyResult: 11778,015533123042,-1,
2016-12-29 11:20:06 INFO AddIdentifyResult: 11778,015533123042,-3,
2016-12-29 11:20:06 INFO AddIdentifyResult: 11779,013473230412,-1,
2016-12-29 11:20:17 INFO AddIdentifyResult: 11779,013473230412,-3,
2016-12-29 11:22:03 INFO AddIdentifyResult: 11778,015533123042,12,
2016-12-29 11:22:09 INFO AddIdentifyResult: 11779,013473230412,12,
2016-12-29 11:22:10 INFO AddIdentifyResult: 11778,015533123042,10,reg/015533123042_1229112239|reg/015533123042_1229112239|reg/015533123042_1229112113
2016-12-29 11:22:11 INFO UpdateUserState: 015533123042,1
2016-12-29 11:22:13 INFO AddIdentifyResult: 11780,015533123042,-1,
2016-12-29 11:22:17 INFO AddIdentifyResult: 11779,013473230412,10,reg/013473230412_1229112252|reg/013473230412_1229112252|reg/013473230412_1229112124
2016-12-29 11:22:17 INFO UpdateUserState: 013473230412,1
2016-12-29 11:22:21 INFO AddIdentifyResult: 11780,015533123042,-3,
2016-12-29 11:22:27 INFO AddIdentifyResult: 11781,013473230412,-1,
2016-12-29 11:22:34 INFO AddIdentifyResult: 11781,013473230412,-3,
2016-12-29 11:23:00 INFO AddIdentifyResult: 11780,015533123042,1,
2016-12-29 11:23:09 INFO AddIdentifyResult: 11781,013473230412,0,ver/12/29/112341_013473230412.wav
2016-12-29 11:23:19 INFO AddIdentifyResult: 11782,015533123042,-1,
2016-12-29 11:23:32 INFO AddIdentifyResult: 11782,015533123042,-3,
2016-12-29 11:24:25 INFO AddIdentifyResult: 11782,015533123042,0,ver/12/29/112440_015533123042.wav
2016-12-29 11:27:39 INFO AddIdentifyResult: 11783,015511251384,-1,
2016-12-29 11:27:52 INFO AddIdentifyResult: 11783,015511251384,-3,
2016-12-29 11:29:00 INFO AddIdentifyResult: 11784,013663242148,-1,
2016-12-29 11:29:08 INFO AddIdentifyResult: 11784,013663242148,-3,
2016-12-29 11:29:24 INFO AddIdentifyResult: 11783,015511251384,12,
2016-12-29 11:29:31 INFO AddIdentifyResult: 11783,015511251384,10,reg/015511251384_1229112859|reg/015511251384_1229112859|reg/015511251384_
2016-12-29 11:29:31 INFO UpdateUserState: 015511251384,1
2016-12-29 11:29:39 INFO AddIdentifyResult: 11785,015511251384,-1,
2016-12-29 11:29:45 INFO AddIdentifyResult: 11785,015511251384,-3,
2016-12-29 11:30:22 INFO AddIdentifyResult: 11785,015511251384,0,ver/12/29/113052_015511251384.wav
2016-12-29 11:30:38 INFO AddIdentifyResult: 11784,013663242148,12,
2016-12-29 11:30:44 INFO AddIdentifyResult: 11784,013663242148,10,reg/013663242148_1229113015|reg/013663242148_1229113015|reg/013663242148_
2016-12-29 11:30:45 INFO UpdateUserState: 013663242148,1
2016-12-29 11:30:47 INFO AddIdentifyResult: 11786,013663242148,-1,
2016-12-29 11:30:55 INFO AddIdentifyResult: 11786,013663242148,-3,
2016-12-29 11:31:47 INFO AddIdentifyResult: 11786,013663242148,0,ver/12/29/113202_013663242148.wav
2016-12-29 11:34:12 INFO AddIdentifyResult: 11787,015511240481,-1,
2016-12-29 11:34:22 INFO AddIdentifyResult: 11787,015511240481,-3,
2016-12-29 11:34:36 INFO AddIdentifyResult: 11788,015511238024,-1,
2016-12-29 11:34:46 INFO AddIdentifyResult: 11788,015511238024,-3,
2016-12-29 11:35:57 INFO AddIdentifyResult: 11787,015511240481,12,
2016-12-29 11:36:04 INFO AddIdentifyResult: 11787,015511240481,10,reg/015511240481_1229113529|reg/015511240481_1229113529|reg/015511240481_
2016-12-29 11:36:04 INFO UpdateUserState: 015511240481,1
2016-12-29 11:36:09 INFO AddIdentifyResult: 11789,015511240481,-1,
2016-12-29 11:36:12 INFO AddIdentifyResult: 11788,015511238024,12,
2016-12-29 11:36:12 INFO AddIdentifyResult: 11789,015511240481,-3,
2016-12-29 11:36:18 INFO AddIdentifyResult: 11788,015511238024,10,reg/015511238024_1229113553|reg/015511238024_1229113553|reg/015511238024_
2016-12-29 11:36:18 INFO UpdateUserState: 015511238024,1
2016-12-29 11:36:19 INFO AddIdentifyResult: 11789,015511240481,1,
2016-12-29 11:36:22 INFO AddIdentifyResult: 11790,015511238024,-1,
2016-12-29 11:36:26 INFO AddIdentifyResult: 11791,015511240481,-1,
2016-12-29 11:36:27 INFO AddIdentifyResult: 11790,015511238024,-3,
2016-12-29 11:36:32 INFO AddIdentifyResult: 11790,015511238024,1,
2016-12-29 11:36:32 INFO AddIdentifyResult: 11791,015511240481,-3,
2016-12-29 11:36:41 INFO AddIdentifyResult: 11792,015511238024,-1,
2016-12-29 11:36:49 INFO AddIdentifyResult: 11792,015511238024,-3,
2016-12-29 11:37:14 INFO AddIdentifyResult: 11791,015511240481,0,ver/12/29/113740_015511240481.wav
2016-12-29 11:37:41 INFO AddIdentifyResult: 11792,015511238024,0,ver/12/29/113756_015511238024.wav
2016-12-29 11:40:43 INFO AddIdentifyResult: 11793,013463447641,-1,
2016-12-29 11:40:52 INFO AddIdentifyResult: 11793,013463447641,-3,
2016-12-29 11:42:42 INFO AddIdentifyResult: 11793,013463447641,12,
2016-12-29 11:42:49 INFO AddIdentifyResult: 11793,013463447641,10,reg/013463447641_1229114321|reg/013463447641_1229114321|reg/013463447641_1229114159
2016-12-29 11:42:49 INFO UpdateUserState: 013463447641,1
2016-12-29 11:42:51 INFO AddIdentifyResult: 11794,013463447641,-1,
2016-12-29 11:42:58 INFO AddIdentifyResult: 11794,013463447641,-3,
2016-12-29 11:43:06 INFO AddIdentifyResult: 11795,015033228283,-1,
2016-12-29 11:43:14 INFO AddIdentifyResult: 11795,015033228283,-3,
2016-12-29 11:43:50 INFO AddIdentifyResult: 11794,013463447641,0,ver/12/29/114405_013463447641.wav
2016-12-29 11:44:46 INFO AddIdentifyResult: 11795,015033228283,12,
2016-12-29 11:44:51 INFO AddIdentifyResult: 11796,015533208734,-1,
2016-12-29 11:44:53 INFO AddIdentifyResult: 11795,015033228283,10,reg/015033228283_1229114421|reg/015033228283_1229114421|reg/015033228283_
2016-12-29 11:44:53 INFO UpdateUserState: 015033228283,1
2016-12-29 11:44:58 INFO AddIdentifyResult: 11797,015033228283,-1,
2016-12-29 11:44:59 INFO AddIdentifyResult: 11796,015533208734,-3,
2016-12-29 11:45:05 INFO AddIdentifyResult: 11797,015033228283,-3,
2016-12-29 11:45:40 INFO AddIdentifyResult: 11797,015033228283,0,ver/12/29/114612_015033228283.wav
2016-12-29 11:45:54 INFO AddIdentifyResult: 11798,015533201848,-1,
2016-12-29 11:46:00 INFO AddIdentifyResult: 11798,015533201848,-3,
2016-12-29 11:46:29 INFO AddIdentifyResult: 11796,015533208734,12,
2016-12-29 11:46:36 INFO AddIdentifyResult: 11796,015533208734,10,reg/015533208734_1229114606|reg/015533208734_1229114606|reg/015533208734_
2016-12-29 11:46:36 INFO UpdateUserState: 015533208734,1
2016-12-29 11:46:47 INFO AddIdentifyResult: 11799,015533208734,-1,
2016-12-29 11:46:53 INFO AddIdentifyResult: 11799,015533208734,-3,
2016-12-29 11:46:58 INFO AddIdentifyResult: 11799,015533208734,1,
2016-12-29 11:47:11 INFO AddIdentifyResult: 11800,015533208734,-1,
2016-12-29 11:47:21 INFO AddIdentifyResult: 11800,015533208734,-3,
2016-12-29 11:47:32 INFO AddIdentifyResult: 11798,015533201848,12,
2016-12-29 11:47:39 INFO AddIdentifyResult: 11798,015533201848,10,reg/015533201848_1229114707|reg/015533201848_1229114707|reg/015533201848_
2016-12-29 11:47:40 INFO UpdateUserState: 015533201848,1
2016-12-29 11:47:43 INFO AddIdentifyResult: 11801,015533201848,-1,
2016-12-29 11:47:49 INFO AddIdentifyResult: 11801,015533201848,-3,
2016-12-29 11:48:13 INFO AddIdentifyResult: 11800,015533208734,0,ver/12/29/114828_015533208734.wav
2016-12-29 11:48:25 INFO AddIdentifyResult: 11801,015533201848,0,ver/12/29/114857_015533201848.wav
2016-12-29 11:50:52 INFO AddIdentifyResult: 11802,015511215948,-1,
2016-12-29 11:51:00 INFO AddIdentifyResult: 11802,015511215948,-3,
2016-12-29 11:52:28 INFO AddIdentifyResult: 11802,015511215948,12,
2016-12-29 11:52:35 INFO AddIdentifyResult: 11802,015511215948,10,reg/015511215948_1229115207|reg/015511215948_1229115207|reg/015511215948_
2016-12-29 11:52:35 INFO UpdateUserState: 015511215948,1
2016-12-29 11:52:44 INFO AddIdentifyResult: 11803,015511215948,-1,
2016-12-29 11:52:56 INFO AddIdentifyResult: 11804,015533216734,-1,
2016-12-29 11:53:05 INFO AddIdentifyResult: 11804,015533216734,-3,
2016-12-29 11:53:10 INFO AddIdentifyResult: 11805,015511215948,-1,
2016-12-29 11:53:16 INFO AddIdentifyResult: 11804,015533216734,11,reg/015533216734_|reg/015533216734_|reg/015533216734_
2016-12-29 11:53:24 INFO AddIdentifyResult: 11805,015511215948,-3,
2016-12-29 11:53:30 INFO AddIdentifyResult: 11806,015533216734,-1,
2016-12-29 11:53:39 INFO AddIdentifyResult: 11806,015533216734,-3,
2016-12-29 11:53:49 INFO AddIdentifyResult: 11806,015533216734,11,reg/015533216734_|reg/015533216734_|reg/015533216734_
2016-12-29 11:53:57 INFO AddIdentifyResult: 11807,015533216734,-1,
2016-12-29 11:54:06 INFO AddIdentifyResult: 11807,015533216734,-3,
2016-12-29 11:54:16 INFO AddIdentifyResult: 11805,015511215948,0,ver/12/29/115431_015511215948.wav
2016-12-29 11:55:47 INFO AddIdentifyResult: 11807,015533216734,12,
2016-12-29 11:55:53 INFO AddIdentifyResult: 11807,015533216734,10,reg/015533216734_1229115513|reg/015533216734_1229115513|reg/015533216734_
2016-12-29 11:55:54 INFO UpdateUserState: 015533216734,1
2016-12-29 11:56:01 INFO AddIdentifyResult: 11808,015533216734,-1,
2016-12-29 11:56:09 INFO AddIdentifyResult: 11808,015533216734,-3,
2016-12-29 11:58:13 INFO AddIdentifyResult: 11809,015230477498,-1,
2016-12-29 11:58:27 INFO AddIdentifyResult: 11809,015230477498,-3,
2016-12-29 12:00:02 INFO AddIdentifyResult: 11809,015230477498,12,
2016-12-29 12:00:10 INFO AddIdentifyResult: 11809,015230477498,10,reg/015230477498_1229115934|reg/015230477498_1229115934|reg/015230477498_
2016-12-29 12:00:10 INFO UpdateUserState: 015230477498,1
2016-12-29 12:00:22 INFO AddIdentifyResult: 11810,015230477498,-1,
2016-12-29 12:00:34 INFO AddIdentifyResult: 11810,015230477498,-3,
2016-12-29 12:01:27 INFO AddIdentifyResult: 11810,015230477498,0,ver/12/29/120142_015230477498.wav
2016-12-29 12:03:07 INFO AddIdentifyResult: 11811,015533211434,-1,
2016-12-29 12:03:16 INFO AddIdentifyResult: 11811,015533211434,-3,
2016-12-29 12:03:33 INFO AddIdentifyResult: 11812,015931820784,-1,
2016-12-29 12:03:42 INFO AddIdentifyResult: 11812,015931820784,-3,
2016-12-29 12:04:51 INFO AddIdentifyResult: 11811,015533211434,12,
2016-12-29 12:04:59 INFO AddIdentifyResult: 11811,015533211434,10,reg/015533211434_1229120423|reg/015533211434_1229120423|reg/015533211434_
2016-12-29 12:04:59 INFO UpdateUserState: 015533211434,1
2016-12-29 12:05:01 INFO AddIdentifyResult: 11813,015533211434,-1,
2016-12-29 12:05:09 INFO AddIdentifyResult: 11813,015533211434,-3,
2016-12-29 12:05:18 INFO AddIdentifyResult: 11813,015533211434,1,
2016-12-29 12:05:27 INFO AddIdentifyResult: 11814,015533211434,-1,
2016-12-29 12:05:32 INFO AddIdentifyResult: 11812,015931820784,11,reg/015931820784_|reg/015931820784_|reg/015931820784_
2016-12-29 12:05:37 INFO AddIdentifyResult: 11814,015533211434,-3,
2016-12-29 12:06:29 INFO AddIdentifyResult: 11814,015533211434,0,ver/12/29/120644_015533211434.wav
2016-12-29 12:10:32 INFO AddIdentifyResult: 11815,013472284960,-1,
2016-12-29 12:10:39 INFO AddIdentifyResult: 11816,015075290090,-1,
2016-12-29 12:10:48 INFO AddIdentifyResult: 11815,013472284960,-3,
2016-12-29 12:10:59 INFO AddIdentifyResult: 11816,015075290090,-3,
2016-12-29 12:11:07 INFO AddIdentifyResult: 11815,013472284960,11,reg/013472284960_|reg/013472284960_|reg/013472284960_
2016-12-29 12:11:24 INFO AddIdentifyResult: 11817,013472284960,-1,
2016-12-29 12:11:31 INFO AddIdentifyResult: 11817,013472284960,-3,
2016-12-29 12:12:41 INFO AddIdentifyResult: 11816,015075290090,12,
2016-12-29 12:12:47 INFO AddIdentifyResult: 11816,015075290090,10,reg/015075290090_1229121206|reg/015075290090_1229121206|reg/015075290090_
2016-12-29 12:12:47 INFO UpdateUserState: 015075290090,1
2016-12-29 12:12:56 INFO AddIdentifyResult: 11818,015075290090,-1,
2016-12-29 12:13:12 INFO AddIdentifyResult: 11817,013472284960,12,
2016-12-29 12:13:14 INFO AddIdentifyResult: 11818,015075290090,-3,
2016-12-29 12:13:19 INFO AddIdentifyResult: 11817,013472284960,10,reg/013472284960_1229121238|reg/013472284960_1229121238|reg/013472284960_
2016-12-29 12:13:19 INFO UpdateUserState: 013472284960,1
2016-12-29 12:13:32 INFO AddIdentifyResult: 11819,013472284960,-1,
2016-12-29 12:13:37 INFO AddIdentifyResult: 11819,013472284960,-3,
2016-12-29 12:14:05 INFO AddIdentifyResult: 11818,015075290090,0,ver/12/29/121421_015075290090.wav
2016-12-29 12:14:14 INFO AddIdentifyResult: 11819,013472284960,0,ver/12/29/121445_013472284960.wav
2016-12-29 12:16:23 INFO AddIdentifyResult: 11820,015533215748,-1,
2016-12-29 12:16:35 INFO AddIdentifyResult: 11820,015533215748,-3,
2016-12-29 12:18:04 INFO AddIdentifyResult: 11820,015533215748,12,
2016-12-29 12:18:07 INFO AddIdentifyResult: 11821,015511204894,-1,
2016-12-29 12:18:11 INFO AddIdentifyResult: 11820,015533215748,10,reg/015533215748_1229121742|reg/015533215748_1229121742|reg/015533215748_
2016-12-29 12:18:11 INFO UpdateUserState: 015533215748,1
2016-12-29 12:18:13 INFO AddIdentifyResult: 11821,015511204894,-3,
2016-12-29 12:18:49 INFO AddIdentifyResult: 11822,015533215748,-1,
2016-12-29 12:18:56 INFO AddIdentifyResult: 11822,015533215748,-3,
2016-12-29 12:19:49 INFO AddIdentifyResult: 11822,015533215748,0,ver/12/29/122004_015533215748.wav
2016-12-29 12:21:15 INFO AddIdentifyResult: 11821,015511204894,12,
2016-12-29 12:21:22 INFO AddIdentifyResult: 11821,015511204894,10,reg/015511204894_1229122139|reg/015511204894_1229122139|reg/015511204894_1229121920
2016-12-29 12:21:22 INFO UpdateUserState: 015511204894,1
2016-12-29 12:21:41 INFO AddIdentifyResult: 11823,015511204894,-1,
2016-12-29 12:21:48 INFO AddIdentifyResult: 11823,015511204894,-3,
2016-12-29 12:22:39 INFO AddIdentifyResult: 11823,015511204894,0,ver/12/29/122255_015511204894.wav
2016-12-29 12:26:33 INFO AddIdentifyResult: 11824,015230499359,-1,
2016-12-29 12:26:42 INFO AddIdentifyResult: 11824,015230499359,-3,
2016-12-29 12:26:57 INFO AddIdentifyResult: 11825,015533204417,-1,
2016-12-29 12:27:04 INFO AddIdentifyResult: 11825,015533204417,-3,
2016-12-29 12:29:15 INFO AddIdentifyResult: 11824,015230499359,12,
2016-12-29 12:29:23 INFO AddIdentifyResult: 11824,015230499359,10,reg/015230499359_1229122916|reg/015230499359_1229122916|reg/015230499359_1229122749
2016-12-29 12:29:23 INFO UpdateUserState: 015230499359,1
2016-12-29 12:29:26 INFO AddIdentifyResult: 11826,015511216045,-1,
2016-12-29 12:29:30 INFO AddIdentifyResult: 11827,015230499359,-1,
2016-12-29 12:29:32 INFO AddIdentifyResult: 11826,015511216045,-3,
2016-12-29 12:29:39 INFO AddIdentifyResult: 11827,015230499359,-3,
2016-12-29 12:29:43 INFO AddIdentifyResult: 11826,015511216045,11,reg/015511216045_|reg/015511216045_|reg/015511216045_
2016-12-29 12:29:45 INFO AddIdentifyResult: 11825,015533204417,11,reg/015533204417_|reg/015533204417_|reg/015533204417_
2016-12-29 12:29:50 INFO AddIdentifyResult: 11828,015511216045,-1,
2016-12-29 12:29:56 INFO AddIdentifyResult: 11828,015511216045,-3,
2016-12-29 12:30:21 INFO AddIdentifyResult: 11828,015511216045,11,reg/015511216045_|reg/015511216045_|reg/015511216045_
2016-12-29 12:30:25 INFO AddIdentifyResult: 11829,015511216045,-1,
2016-12-29 12:30:28 INFO AddIdentifyResult: 11829,015511216045,-3,
2016-12-29 12:30:30 INFO AddIdentifyResult: 11827,015230499359,0,ver/12/29/123046_015230499359.wav
2016-12-29 12:30:35 INFO AddIdentifyResult: 11829,015511216045,11,reg/015511216045_|reg/015511216045_|reg/015511216045_
2016-12-29 12:30:39 INFO AddIdentifyResult: 11830,015511216045,-1,
2016-12-29 12:30:43 INFO AddIdentifyResult: 11830,015511216045,-3,
2016-12-29 12:30:50 INFO AddIdentifyResult: 11830,015511216045,11,reg/015511216045_|reg/015511216045_|reg/015511216045_
2016-12-29 12:31:18 INFO AddIdentifyResult: 11831,015511216045,-1,
2016-12-29 12:31:25 INFO AddIdentifyResult: 11831,015511216045,-3,
2016-12-29 12:32:06 INFO AddIdentifyResult: 11832,015533214615,-1,
2016-12-29 12:32:39 INFO AddIdentifyResult: 11833,015533214615,-1,
2016-12-29 12:32:47 INFO AddIdentifyResult: 11831,015511216045,12,
2016-12-29 12:32:49 INFO AddIdentifyResult: 11833,015533214615,-3,
2016-12-29 12:32:53 INFO AddIdentifyResult: 11831,015511216045,10,reg/015511216045_1229123232|reg/015511216045_1229123232|reg/015511216045_
2016-12-29 12:32:54 INFO UpdateUserState: 015511216045,1
2016-12-29 12:32:56 INFO AddIdentifyResult: 11834,015511216045,-1,
2016-12-29 12:33:01 INFO AddIdentifyResult: 11834,015511216045,-3,
2016-12-29 12:33:35 INFO AddIdentifyResult: 11834,015511216045,1,
2016-12-29 12:33:53 INFO AddIdentifyResult: 11835,015511216045,-1,
2016-12-29 12:34:08 INFO AddIdentifyResult: 11836,015511216045,-1,
2016-12-29 12:34:55 INFO AddIdentifyResult: 11837,015511216045,-1,
2016-12-29 12:35:00 INFO AddIdentifyResult: 11838,015533204417,-1,
2016-12-29 12:35:01 INFO AddIdentifyResult: 11833,015533214615,12,
2016-12-29 12:35:08 INFO AddIdentifyResult: 11833,015533214615,10,reg/015533214615_1229123523|reg/015533214615_1229123523|reg/015533214615_1229123356
2016-12-29 12:35:08 INFO UpdateUserState: 015533214615,1
2016-12-29 12:35:15 INFO AddIdentifyResult: 11839,015533214615,-1,
2016-12-29 12:35:23 INFO AddIdentifyResult: 11839,015533214615,-3,
2016-12-29 12:36:15 INFO AddIdentifyResult: 11839,015533214615,0,ver/12/29/123631_015533214615.wav
2016-12-29 12:38:15 INFO AddIdentifyResult: 11840,015931820784,-1,
2016-12-29 12:38:36 INFO AddIdentifyResult: 11840,015931820784,-3,
2016-12-29 12:40:17 INFO AddIdentifyResult: 11840,015931820784,12,
2016-12-29 12:40:25 INFO AddIdentifyResult: 11840,015931820784,10,reg/015931820784_1229123943|reg/015931820784_1229123943|reg/015931820784_
2016-12-29 12:40:25 INFO UpdateUserState: 015931820784,1
2016-12-29 12:40:27 INFO AddIdentifyResult: 11841,015931820784,-1,
2016-12-29 12:40:46 INFO AddIdentifyResult: 11842,015533204417,-1,
2016-12-29 12:41:18 INFO AddIdentifyResult: 11843,015931820784,-1,
2016-12-29 12:41:26 INFO AddIdentifyResult: 11843,015931820784,-3,
2016-12-29 12:41:39 INFO AddIdentifyResult: 11844,015511216045,-1,
2016-12-29 12:42:14 INFO AddIdentifyResult: 11845,015511216045,-1,
2016-12-29 12:42:19 INFO AddIdentifyResult: 11843,015931820784,0,ver/12/29/124234_015931820784.wav
2016-12-29 12:42:41 INFO AddIdentifyResult: 11846,015511237764,-1,
2016-12-29 12:42:47 INFO AddIdentifyResult: 11846,015511237764,-3,
2016-12-29 12:44:00 INFO AddIdentifyResult: 11847,015511216045,-1,
2016-12-29 12:44:17 INFO AddIdentifyResult: 11846,015511237764,12,
2016-12-29 12:44:23 INFO AddIdentifyResult: 11846,015511237764,10,reg/015511237764_1229124354|reg/015511237764_1229124354|reg/015511237764_
2016-12-29 12:44:24 INFO UpdateUserState: 015511237764,1
2016-12-29 12:44:31 INFO AddIdentifyResult: 11848,015511237764,-1,
2016-12-29 12:44:37 INFO AddIdentifyResult: 11848,015511237764,-3,
2016-12-29 12:45:30 INFO AddIdentifyResult: 11848,015511237764,0,ver/12/29/124545_015511237764.wav
2016-12-29 12:47:47 INFO AddIdentifyResult: 11849,015511216045,-1,
2016-12-29 12:48:14 INFO AddIdentifyResult: 11850,017371146171,-1,
2016-12-29 12:48:32 INFO AddIdentifyResult: 11851,015511216045,-1,
2016-12-29 12:49:07 INFO AddIdentifyResult: 11852,015533205847,-1,
2016-12-29 12:49:16 INFO AddIdentifyResult: 11852,015533205847,-3,
2016-12-29 12:49:41 INFO AddIdentifyResult: 11853,015511216045,-1,
2016-12-29 12:50:38 INFO AddIdentifyResult: 11854,015511216045,-1,
2016-12-29 12:50:50 INFO AddIdentifyResult: 11852,015533205847,12,
2016-12-29 12:50:57 INFO AddIdentifyResult: 11852,015533205847,10,reg/015533205847_1229125023|reg/015533205847_1229125023|reg/015533205847_
2016-12-29 12:50:58 INFO UpdateUserState: 015533205847,1
2016-12-29 12:51:05 INFO AddIdentifyResult: 11855,015533205847,-1,
2016-12-29 12:51:13 INFO AddIdentifyResult: 11855,015533205847,-3,
2016-12-29 12:51:31 INFO AddIdentifyResult: 11856,015511216045,-1,
2016-12-29 12:52:05 INFO AddIdentifyResult: 11855,015533205847,0,ver/12/29/125220_015533205847.wav
2016-12-29 12:52:43 INFO AddIdentifyResult: 11857,015533204417,-1,
2016-12-29 12:53:13 INFO AddIdentifyResult: 11858,015533204417,-1,
2016-12-29 12:54:47 INFO AddIdentifyResult: 11859,015511216045,-1,
2016-12-29 12:55:04 INFO AddIdentifyResult: 11860,015533204417,-1,
2016-12-29 12:55:16 INFO AddIdentifyResult: 11860,015533204417,-3,
2016-12-29 12:55:53 INFO AddIdentifyResult: 11861,015533125604,-1,
2016-12-29 12:56:29 INFO AddIdentifyResult: 11862,015533125604,-1,
2016-12-29 12:56:37 INFO AddIdentifyResult: 11862,015533125604,-3,
2016-12-29 12:56:45 INFO AddIdentifyResult: 11863,015533223874,-1,
2016-12-29 12:56:52 INFO AddIdentifyResult: 11863,015533223874,-3,
2016-12-29 12:56:52 INFO AddIdentifyResult: 11864,015511216045,-1,
2016-12-29 12:57:12 INFO AddIdentifyResult: 11860,015533204417,12,
2016-12-29 12:57:18 INFO AddIdentifyResult: 11865,015511216045,-1,
2016-12-29 12:57:19 INFO AddIdentifyResult: 11860,015533204417,10,reg/015533204417_1229125754|reg/015533204417_1229125754|reg/015533204417_1229125623
2016-12-29 12:57:19 INFO UpdateUserState: 015533204417,1
2016-12-29 12:57:22 INFO AddIdentifyResult: 11863,015533223874,11,reg/015533223874_|reg/015533223874_|reg/015533223874_
2016-12-29 12:57:27 INFO AddIdentifyResult: 11866,015533204417,-1,
2016-12-29 12:57:33 INFO AddIdentifyResult: 11866,015533204417,-3,
2016-12-29 12:57:42 INFO AddIdentifyResult: 11867,015511216045,-1,
2016-12-29 12:58:00 INFO AddIdentifyResult: 11868,015511216045,-1,
2016-12-29 12:58:07 INFO AddIdentifyResult: 11868,015511216045,-3,
2016-12-29 12:58:17 INFO AddIdentifyResult: 11866,015533204417,0,ver/12/29/125841_015533204417.wav
2016-12-29 12:59:00 INFO AddIdentifyResult: 11868,015511216045,0,ver/12/29/125915_015511216045.wav
2016-12-29 12:59:46 INFO AddIdentifyResult: 11862,015533125604,12,
2016-12-29 12:59:53 INFO AddIdentifyResult: 11862,015533125604,10,reg/015533125604_1229130003|reg/015533125604_1229130003|reg/015533125604_1229125744
2016-12-29 12:59:53 INFO UpdateUserState: 015533125604,1
2016-12-29 13:00:05 INFO AddIdentifyResult: 11869,015533125604,-1,
2016-12-29 13:00:12 INFO AddIdentifyResult: 11869,015533125604,-3,
2016-12-29 13:01:40 INFO AddIdentifyResult: 11869,015533125604,0,ver/12/29/130206_015533125604.wav
2016-12-29 13:02:03 INFO AddIdentifyResult: 11870,018833278445,-1,
2016-12-29 13:02:28 INFO AddIdentifyResult: 11871,015511233402,-1,
2016-12-29 13:02:33 INFO AddIdentifyResult: 11871,015511233402,-3,
2016-12-29 13:03:12 INFO AddIdentifyResult: 11872,018333278445,-1,
2016-12-29 13:03:18 INFO AddIdentifyResult: 11872,018333278445,-3,
2016-12-29 13:04:05 INFO AddIdentifyResult: 11871,015511233402,12,
2016-12-29 13:04:13 INFO AddIdentifyResult: 11871,015511233402,10,reg/015511233402_1229130340|reg/015511233402_1229130340|reg/015511233402_
2016-12-29 13:04:13 INFO UpdateUserState: 015511233402,1
2016-12-29 13:04:18 INFO AddIdentifyResult: 11873,015511233402,-1,
2016-12-29 13:04:24 INFO AddIdentifyResult: 11873,015511233402,-3,
2016-12-29 13:04:50 INFO AddIdentifyResult: 11872,018333278445,12,
2016-12-29 13:04:56 INFO AddIdentifyResult: 11872,018333278445,10,reg/018333278445_1229130425|reg/018333278445_1229130425|reg/018333278445_
2016-12-29 13:04:57 INFO UpdateUserState: 018333278445,1
2016-12-29 13:05:00 INFO AddIdentifyResult: 11874,018333278445,-1,
2016-12-29 13:05:01 INFO AddIdentifyResult: 11873,015511233402,0,ver/12/29/130531_015511233402.wav
2016-12-29 13:05:05 INFO AddIdentifyResult: 11874,018333278445,-3,
2016-12-29 13:05:58 INFO AddIdentifyResult: 11874,018333278445,0,ver/12/29/130613_018333278445.wav
2016-12-29 13:06:15 INFO AddIdentifyResult: 11875,018333278445,-1,
2016-12-29 13:06:22 INFO AddIdentifyResult: 11875,018333278445,-3,
2016-12-29 13:06:43 INFO AddIdentifyResult: 11876,015533223874,-1,
2016-12-29 13:06:50 INFO AddIdentifyResult: 11876,015533223874,-3,
2016-12-29 13:06:55 INFO AddIdentifyResult: 11877,015511238249,-1,
2016-12-29 13:07:09 INFO AddIdentifyResult: 11877,015511238249,-3,
2016-12-29 13:07:54 INFO AddIdentifyResult: 11875,018333278445,12,
2016-12-29 13:08:00 INFO AddIdentifyResult: 11875,018333278445,10,reg/018333278445_1229130729|reg/018333278445_1229130729|reg/018333278445_
2016-12-29 13:08:00 INFO UpdateUserState: 018333278445,1
2016-12-29 13:08:04 INFO AddIdentifyResult: 11878,018333278445,-1,
2016-12-29 13:08:11 INFO AddIdentifyResult: 11878,018333278445,-3,
2016-12-29 13:08:17 INFO AddIdentifyResult: 11876,015533223874,12,
2016-12-29 13:08:23 INFO AddIdentifyResult: 11876,015533223874,10,reg/015533223874_1229130757|reg/015533223874_1229130757|reg/015533223874_
2016-12-29 13:08:23 INFO UpdateUserState: 015533223874,1
2016-12-29 13:08:46 INFO AddIdentifyResult: 11877,015511238249,12,
2016-12-29 13:08:51 INFO AddIdentifyResult: 11879,015533223874,-1,
2016-12-29 13:08:54 INFO AddIdentifyResult: 11877,015511238249,10,reg/015511238249_1229130816|reg/015511238249_1229130816|reg/015511238249_
2016-12-29 13:08:54 INFO UpdateUserState: 015511238249,1
2016-12-29 13:08:56 INFO AddIdentifyResult: 11879,015533223874,-3,
2016-12-29 13:09:03 INFO AddIdentifyResult: 11878,018333278445,0,ver/12/29/130918_018333278445.wav
2016-12-29 13:09:14 INFO AddIdentifyResult: 11880,015511238249,-1,
2016-12-29 13:09:22 INFO AddIdentifyResult: 11880,015511238249,-3,
2016-12-29 13:09:49 INFO AddIdentifyResult: 11879,015533223874,0,ver/12/29/131004_015533223874.wav
2016-12-29 13:10:14 INFO AddIdentifyResult: 11880,015511238249,0,ver/12/29/131030_015511238249.wav
2016-12-29 13:13:14 INFO AddIdentifyResult: 11881,015127493728,-1,
2016-12-29 13:13:15 INFO AddIdentifyResult: 11882,013780224601,-1,
2016-12-29 13:13:25 INFO AddIdentifyResult: 11881,015127493728,-3,
2016-12-29 13:14:00 INFO AddIdentifyResult: 11883,013780224601,-1,
2016-12-29 13:14:49 INFO AddIdentifyResult: 11884,015511205441,-1,
2016-12-29 13:14:54 INFO AddIdentifyResult: 11884,015511205441,-3,
2016-12-29 13:15:21 INFO AddIdentifyResult: 11881,015127493728,12,
2016-12-29 13:15:22 INFO AddIdentifyResult: 11885,013780226401,-1,
2016-12-29 13:15:27 INFO AddIdentifyResult: 11881,015127493728,10,reg/015127493728_1229131603|reg/015127493728_1229131603|reg/015127493728_1229131432
2016-12-29 13:15:27 INFO UpdateUserState: 015127493728,1
2016-12-29 13:15:36 INFO AddIdentifyResult: 11886,015127493728,-1,
2016-12-29 13:15:43 INFO AddIdentifyResult: 11886,015127493728,-3,
2016-12-29 13:16:26 INFO AddIdentifyResult: 11886,015127493728,0,ver/12/29/131651_015127493728.wav
2016-12-29 13:16:41 INFO AddIdentifyResult: 11884,015511205441,12,
2016-12-29 13:16:49 INFO AddIdentifyResult: 11887,015511205441,-4,2
2016-12-29 13:16:50 INFO AddIdentifyResult: 11884,015511205441,10,reg/015511205441_1229131601|reg/015511205441_1229131601|reg/015511205441_
2016-12-29 13:16:50 INFO UpdateUserState: 015511205441,1
2016-12-29 13:17:02 INFO AddIdentifyResult: 11888,015511205441,-1,
2016-12-29 13:17:04 INFO AddIdentifyResult: 11889,013780226401,-1,
2016-12-29 13:17:21 INFO AddIdentifyResult: 11889,013780226401,-3,
2016-12-29 13:17:28 INFO AddIdentifyResult: 11890,015511205441,-1,
2016-12-29 13:17:35 INFO AddIdentifyResult: 11890,015511205441,-3,
2016-12-29 13:18:21 INFO AddIdentifyResult: 11891,015533212254,-1,
2016-12-29 13:18:28 INFO AddIdentifyResult: 11890,015511205441,0,ver/12/29/131843_015511205441.wav
2016-12-29 13:18:29 INFO AddIdentifyResult: 11891,015533212254,-3,
2016-12-29 13:19:29 INFO AddIdentifyResult: 11889,013780226401,12,
2016-12-29 13:19:37 INFO AddIdentifyResult: 11889,013780226401,10,reg/013780226401_1229132002|reg/013780226401_1229132002|reg/013780226401_1229131828
2016-12-29 13:19:37 INFO UpdateUserState: 013780226401,1
2016-12-29 13:19:42 INFO AddIdentifyResult: 11892,013780226401,-1,
2016-12-29 13:20:03 INFO AddIdentifyResult: 11891,015533212254,12,
2016-12-29 13:20:05 INFO AddIdentifyResult: 11893,013780226401,-1,
2016-12-29 13:20:10 INFO AddIdentifyResult: 11891,015533212254,10,reg/015533212254_1229131936|reg/015533212254_1229131936|reg/015533212254_
2016-12-29 13:20:11 INFO UpdateUserState: 015533212254,1
2016-12-29 13:20:16 INFO AddIdentifyResult: 11894,015533212254,-1,
2016-12-29 13:20:20 INFO AddIdentifyResult: 11894,015533212254,-3,
2016-12-29 13:20:22 INFO AddIdentifyResult: 11893,013780226401,-3,
2016-12-29 13:20:23 INFO AddIdentifyResult: 11895,015830857406,-1,
2016-12-29 13:21:03 INFO AddIdentifyResult: 11894,015533212254,0,ver/12/29/132128_015533212254.wav
2016-12-29 13:21:15 INFO AddIdentifyResult: 11893,013780226401,0,ver/12/29/132130_013780226401.wav
2016-12-29 13:21:41 INFO AddIdentifyResult: 11896,015231240142,-1,
2016-12-29 13:21:47 INFO AddIdentifyResult: 11896,015231240142,-3,
2016-12-29 13:23:23 INFO AddIdentifyResult: 11896,015231240142,12,
2016-12-29 13:23:28 INFO AddIdentifyResult: 11897,015831261843,-1,
2016-12-29 13:23:30 INFO AddIdentifyResult: 11896,015231240142,10,reg/015231240142_1229132255|reg/015231240142_1229132255|reg/015231240142_
2016-12-29 13:23:30 INFO UpdateUserState: 015231240142,1
2016-12-29 13:23:31 INFO AddIdentifyResult: 11898,015231240142,-1,
2016-12-29 13:23:37 INFO AddIdentifyResult: 11898,015231240142,-3,
2016-12-29 13:23:37 INFO AddIdentifyResult: 11897,015831261843,-3,
2016-12-29 13:24:29 INFO AddIdentifyResult: 11898,015231240142,0,ver/12/29/132444_015231240142.wav
2016-12-29 13:25:42 INFO AddIdentifyResult: 11897,015831261843,12,
2016-12-29 13:25:42 INFO AddIdentifyResult: 11899,015511216242,-1,
2016-12-29 13:25:47 INFO AddIdentifyResult: 11899,015511216242,-3,
2016-12-29 13:25:49 INFO AddIdentifyResult: 11897,015831261843,10,reg/015831261843_1229132615|reg/015831261843_1229132615|reg/015831261843_1229132444
2016-12-29 13:25:49 INFO UpdateUserState: 015831261843,1
2016-12-29 13:26:00 INFO AddIdentifyResult: 11900,015831261843,-1,
2016-12-29 13:26:09 INFO AddIdentifyResult: 11900,015831261843,-3,
2016-12-29 13:27:01 INFO AddIdentifyResult: 11900,015831261843,0,ver/12/29/132716_015831261843.wav
2016-12-29 13:27:02 INFO AddIdentifyResult: 11901,013784963764,-1,
2016-12-29 13:27:12 INFO AddIdentifyResult: 11901,013784963764,-3,
2016-12-29 13:27:20 INFO AddIdentifyResult: 11899,015511216242,12,
2016-12-29 13:27:27 INFO AddIdentifyResult: 11899,015511216242,10,reg/015511216242_1229132654|reg/015511216242_1229132654|reg/015511216242_
2016-12-29 13:27:27 INFO UpdateUserState: 015511216242,1
2016-12-29 13:27:28 INFO AddIdentifyResult: 11902,015511216242,-1,
2016-12-29 13:27:32 INFO AddIdentifyResult: 11902,015511216242,-3,
2016-12-29 13:28:25 INFO AddIdentifyResult: 11902,015511216242,0,ver/12/29/132840_015511216242.wav
2016-12-29 13:29:10 INFO AddIdentifyResult: 11901,013784963764,12,
2016-12-29 13:29:16 INFO AddIdentifyResult: 11901,013784963764,10,reg/013784963764_1229132819|reg/013784963764_1229132819|reg/013784963764_
2016-12-29 13:29:16 INFO UpdateUserState: 013784963764,1
2016-12-29 13:29:21 INFO AddIdentifyResult: 11903,013784963764,-1,
2016-12-29 13:29:31 INFO AddIdentifyResult: 11903,013784963764,-3,
2016-12-29 13:30:01 INFO AddIdentifyResult: 11904,015533122084,-1,
2016-12-29 13:30:22 INFO AddIdentifyResult: 11903,013784963764,0,ver/12/29/133039_013784963764.wav
2016-12-29 13:30:25 INFO AddIdentifyResult: 11905,015932185440,-1,
2016-12-29 13:30:32 INFO AddIdentifyResult: 11904,015533122084,-3,
2016-12-29 13:30:38 INFO AddIdentifyResult: 11905,015932185440,-3,
2016-12-29 13:32:12 INFO AddIdentifyResult: 11904,015533122084,12,
2016-12-29 13:32:12 INFO AddIdentifyResult: 11905,015932185440,12,
2016-12-29 13:32:20 INFO AddIdentifyResult: 11904,015533122084,10,reg/015533122084_1229133140|reg/015533122084_1229133140|reg/015533122084_
2016-12-29 13:32:20 INFO UpdateUserState: 015533122084,1
2016-12-29 13:32:20 INFO AddIdentifyResult: 11906,015932185440,-4,2
2016-12-29 13:32:27 INFO AddIdentifyResult: 11905,015932185440,10,reg/015932185440_1229133145|reg/015932185440_1229133145|reg/015932185440_
2016-12-29 13:32:27 INFO UpdateUserState: 015932185440,1
2016-12-29 13:32:31 INFO AddIdentifyResult: 11907,015932185440,-1,
2016-12-29 13:32:33 INFO AddIdentifyResult: 11908,015533122084,-1,
2016-12-29 13:32:38 INFO AddIdentifyResult: 11907,015932185440,-3,
2016-12-29 13:32:38 INFO AddIdentifyResult: 11908,015533122084,-3,
2016-12-29 13:33:31 INFO AddIdentifyResult: 11907,015932185440,0,ver/12/29/133346_015932185440.wav
2016-12-29 13:33:31 INFO AddIdentifyResult: 11908,015533122084,0,ver/12/29/133346_015533122084.wav
2016-12-29 13:34:17 INFO AddIdentifyResult: 11909,015533204348,-1,
2016-12-29 13:34:24 INFO AddIdentifyResult: 11909,015533204348,-3,
2016-12-29 13:34:30 INFO AddIdentifyResult: 11910,015533201343,-1,
2016-12-29 13:34:35 INFO AddIdentifyResult: 11910,015533201343,-3,
2016-12-29 13:36:07 INFO AddIdentifyResult: 11909,015533204348,12,
2016-12-29 13:36:12 INFO AddIdentifyResult: 11910,015533201343,12,
2016-12-29 13:36:15 INFO AddIdentifyResult: 11909,015533204348,10,reg/015533204348_1229133531|reg/015533204348_1229133531|reg/015533204348_
2016-12-29 13:36:15 INFO UpdateUserState: 015533204348,1
2016-12-29 13:36:19 INFO AddIdentifyResult: 11911,015533201343,-4,2
2016-12-29 13:36:21 INFO AddIdentifyResult: 11912,015533204348,-1,
2016-12-29 13:36:21 INFO AddIdentifyResult: 11910,015533201343,10,reg/015533201343_1229133543|reg/015533201343_1229133543|reg/015533201343_
2016-12-29 13:36:22 INFO UpdateUserState: 015533201343,1
2016-12-29 13:36:27 INFO AddIdentifyResult: 11912,015533204348,-3,
2016-12-29 13:36:28 INFO AddIdentifyResult: 11913,015533201343,-1,
2016-12-29 13:36:33 INFO AddIdentifyResult: 11913,015533201343,-3,
2016-12-29 13:37:06 INFO AddIdentifyResult: 11914,015511208194,-1,
2016-12-29 13:37:09 INFO AddIdentifyResult: 11913,015533201343,0,ver/12/29/133741_015533201343.wav
2016-12-29 13:37:11 INFO AddIdentifyResult: 11912,015533204348,0,ver/12/29/133734_015533204348.wav
2016-12-29 13:37:12 INFO AddIdentifyResult: 11914,015511208194,-3,
2016-12-29 13:39:00 INFO AddIdentifyResult: 11914,015511208194,12,
2016-12-29 13:39:06 INFO AddIdentifyResult: 11914,015511208194,10,reg/015511208194_1229133819|reg/015511208194_1229133819|reg/015511208194_
2016-12-29 13:39:07 INFO UpdateUserState: 015511208194,1
2016-12-29 13:39:14 INFO AddIdentifyResult: 11915,015128296405,-1,
2016-12-29 13:39:19 INFO AddIdentifyResult: 11916,015511208194,-1,
2016-12-29 13:39:19 INFO AddIdentifyResult: 11915,015128296405,-3,
2016-12-29 13:39:26 INFO AddIdentifyResult: 11916,015511208194,-3,
2016-12-29 13:40:17 INFO AddIdentifyResult: 11916,015511208194,0,ver/12/29/134033_015511208194.wav
2016-12-29 13:41:22 INFO AddIdentifyResult: 11917,015533128442,-1,
2016-12-29 13:41:32 INFO AddIdentifyResult: 11917,015533128442,-3,
2016-12-29 13:41:36 INFO AddIdentifyResult: 11915,015128296405,12,
2016-12-29 13:41:43 INFO AddIdentifyResult: 11918,015128296405,-4,2
2016-12-29 13:41:43 INFO AddIdentifyResult: 11915,015128296405,10,reg/015128296405_1229134217|reg/015128296405_1229134217|reg/015128296405_1229134026
2016-12-29 13:41:43 INFO UpdateUserState: 015128296405,1
2016-12-29 13:41:55 INFO AddIdentifyResult: 11919,015128296405,-1,
2016-12-29 13:42:02 INFO AddIdentifyResult: 11919,015128296405,-3,
2016-12-29 13:42:03 INFO AddIdentifyResult: 11917,015533128442,11,reg/015533128442_|reg/015533128442_|reg/015533128442_
2016-12-29 13:42:15 INFO AddIdentifyResult: 11920,015533128442,-1,
2016-12-29 13:42:20 INFO AddIdentifyResult: 11920,015533128442,-3,
2016-12-29 13:43:17 INFO AddIdentifyResult: 11919,015128296405,0,ver/12/29/134339_015128296405.wav
2016-12-29 13:43:23 INFO AddIdentifyResult: 11921,015533219784,-1,
2016-12-29 13:43:33 INFO AddIdentifyResult: 11921,015533219784,-3,
2016-12-29 13:44:39 INFO AddIdentifyResult: 11920,015533128442,11,reg/015533128442_|reg/015533128442_|reg/015533128442_
2016-12-29 13:45:01 INFO AddIdentifyResult: 11921,015533219784,12,
2016-12-29 13:45:09 INFO AddIdentifyResult: 11921,015533219784,10,reg/015533219784_1229134441|reg/015533219784_1229134441|reg/015533219784_
2016-12-29 13:45:09 INFO UpdateUserState: 015533219784,1
2016-12-29 13:45:13 INFO AddIdentifyResult: 11922,015532298924,-1,
2016-12-29 13:45:13 INFO AddIdentifyResult: 11923,015533219784,-1,
2016-12-29 13:45:16 INFO AddIdentifyResult: 11922,015532298924,-3,
2016-12-29 13:45:18 INFO AddIdentifyResult: 11924,015533128442,-1,
2016-12-29 13:45:18 INFO AddIdentifyResult: 11923,015533219784,-3,
2016-12-29 13:45:24 INFO AddIdentifyResult: 11923,015533219784,1,
2016-12-29 13:45:25 INFO AddIdentifyResult: 11924,015533128442,-3,
2016-12-29 13:45:36 INFO AddIdentifyResult: 11925,015533219784,-1,
2016-12-29 13:45:45 INFO AddIdentifyResult: 11925,015533219784,-3,
2016-12-29 13:45:53 INFO AddIdentifyResult: 11925,015533219784,1,
2016-12-29 13:46:05 INFO AddIdentifyResult: 11926,015533219784,-1,
2016-12-29 13:46:18 INFO AddIdentifyResult: 11926,015533219784,-3,
2016-12-29 13:46:57 INFO AddIdentifyResult: 11922,015532298924,12,
2016-12-29 13:47:04 INFO AddIdentifyResult: 11922,015532298924,10,reg/015532298924_1229134623|reg/015532298924_1229134623|reg/015532298924_
2016-12-29 13:47:04 INFO UpdateUserState: 015532298924,1
2016-12-29 13:47:07 INFO AddIdentifyResult: 11927,015532298924,-1,
2016-12-29 13:47:11 INFO AddIdentifyResult: 11927,015532298924,-3,
2016-12-29 13:47:11 INFO AddIdentifyResult: 11926,015533219784,0,ver/12/29/134726_015533219784.wav
2016-12-29 13:47:21 INFO AddIdentifyResult: 11927,015532298924,1,
2016-12-29 13:47:26 INFO AddIdentifyResult: 11928,015532298924,-1,
2016-12-29 13:47:30 INFO AddIdentifyResult: 11928,015532298924,-3,
2016-12-29 13:48:00 INFO AddIdentifyResult: 11924,015533128442,12,
2016-12-29 13:48:07 INFO AddIdentifyResult: 11924,015533128442,10,reg/015533128442_1229134836|reg/015533128442_1229134836|reg/015533128442_1229134632
2016-12-29 13:48:07 INFO UpdateUserState: 015533128442,1
2016-12-29 13:48:11 INFO AddIdentifyResult: 11928,015532298924,0,ver/12/29/134838_015532298924.wav
2016-12-29 13:49:19 INFO AddIdentifyResult: 11929,015533128442,-1,
2016-12-29 13:49:28 INFO AddIdentifyResult: 11929,015533128442,-3,
2016-12-29 13:50:02 INFO AddIdentifyResult: 11930,015532297784,-1,
2016-12-29 13:50:19 INFO AddIdentifyResult: 11929,015533128442,0,ver/12/29/135035_015533128442.wav
2016-12-29 13:50:34 INFO AddIdentifyResult: 11931,015532297784,-1,
2016-12-29 13:51:01 INFO AddIdentifyResult: 11932,015532297784,-1,
2016-12-29 13:51:28 INFO AddIdentifyResult: 11933,015532297784,-1,
2016-12-29 13:51:57 INFO AddIdentifyResult: 11934,015075254323,-1,
2016-12-29 13:52:04 INFO AddIdentifyResult: 11934,015075254323,-3,
2016-12-29 13:52:42 INFO AddIdentifyResult: 11935,015532298784,-1,
2016-12-29 13:52:55 INFO AddIdentifyResult: 11935,015532298784,-3,
2016-12-29 13:53:36 INFO AddIdentifyResult: 11934,015075254323,12,
2016-12-29 13:53:44 INFO AddIdentifyResult: 11934,015075254323,10,reg/015075254323_1229135311|reg/015075254323_1229135311|reg/015075254323_
2016-12-29 13:53:44 INFO UpdateUserState: 015075254323,1
2016-12-29 13:53:50 INFO AddIdentifyResult: 11936,015075254323,-1,
2016-12-29 13:53:57 INFO AddIdentifyResult: 11936,015075254323,-3,
2016-12-29 13:54:28 INFO AddIdentifyResult: 11935,015532298784,12,
2016-12-29 13:54:34 INFO AddIdentifyResult: 11936,015075254323,0,ver/12/29/135504_015075254323.wav
2016-12-29 13:54:35 INFO AddIdentifyResult: 11935,015532298784,10,reg/015532298784_1229135403|reg/015532298784_1229135403|reg/015532298784_
2016-12-29 13:54:35 INFO UpdateUserState: 015532298784,1
2016-12-29 13:54:41 INFO AddIdentifyResult: 11937,015532298784,-1,
2016-12-29 13:54:48 INFO AddIdentifyResult: 11937,015532298784,-3,
2016-12-29 13:55:40 INFO AddIdentifyResult: 11937,015532298784,0,ver/12/29/135555_015532298784.wav
2016-12-29 14:00:42 INFO AddIdentifyResult: 11938,018832223818,-1,
2016-12-29 14:00:55 INFO AddIdentifyResult: 11938,018832223818,-3,
2016-12-29 14:01:41 INFO AddIdentifyResult: 11939,015533209491,-1,
2016-12-29 14:01:53 INFO AddIdentifyResult: 11939,015533209491,-3,
2016-12-29 14:02:52 INFO AddIdentifyResult: 11938,018832223818,12,
2016-12-29 14:02:59 INFO AddIdentifyResult: 11938,018832223818,10,reg/018832223818_1229140203|reg/018832223818_1229140203|reg/018832223818_
2016-12-29 14:02:59 INFO UpdateUserState: 018832223818,1
2016-12-29 14:03:25 INFO AddIdentifyResult: 11940,018832223818,-1,
2016-12-29 14:03:25 INFO AddIdentifyResult: 11939,015533209491,12,
2016-12-29 14:03:32 INFO AddIdentifyResult: 11939,015533209491,10,reg/015533209491_1229140300|reg/015533209491_1229140300|reg/015533209491_
2016-12-29 14:03:33 INFO UpdateUserState: 015533209491,1
2016-12-29 14:03:33 INFO AddIdentifyResult: 11940,018832223818,-3,
2016-12-29 14:03:35 INFO AddIdentifyResult: 11941,015533209491,-1,
2016-12-29 14:03:39 INFO AddIdentifyResult: 11941,015533209491,-3,
2016-12-29 14:03:47 INFO AddIdentifyResult: 11941,015533209491,1,
2016-12-29 14:04:02 INFO AddIdentifyResult: 11942,015533209491,-1,
2016-12-29 14:04:12 INFO AddIdentifyResult: 11940,018832223818,0,ver/12/29/140440_018832223818.wav
2016-12-29 14:04:14 INFO AddIdentifyResult: 11942,015533209491,-3,
2016-12-29 14:05:06 INFO AddIdentifyResult: 11942,015533209491,0,ver/12/29/140521_015533209491.wav
2016-12-29 14:07:51 INFO AddIdentifyResult: 11943,013483770611,-1,
2016-12-29 14:08:02 INFO AddIdentifyResult: 11943,013483770611,-3,
2016-12-29 14:08:07 INFO AddIdentifyResult: 11944,015533124832,-1,
2016-12-29 14:08:16 INFO AddIdentifyResult: 11944,015533124832,-3,
2016-12-29 14:08:39 INFO AddIdentifyResult: 11943,013483770611,11,reg/013483770611_|reg/013483770611_|reg/013483770611_
2016-12-29 14:09:26 INFO AddIdentifyResult: 11945,013483770611,-1,
2016-12-29 14:09:49 INFO AddIdentifyResult: 11945,013483770611,-3,
2016-12-29 14:10:24 INFO AddIdentifyResult: 11944,015533124832,12,
2016-12-29 14:10:30 INFO AddIdentifyResult: 11944,015533124832,10,reg/015533124832_1229141113|reg/015533124832_1229141113|reg/015533124832_1229140923
2016-12-29 14:10:30 INFO UpdateUserState: 015533124832,1
2016-12-29 14:10:34 INFO AddIdentifyResult: 11945,013483770611,11,reg/013483770611_|reg/013483770611_|reg/013483770611_
2016-12-29 14:10:38 INFO AddIdentifyResult: 11946,015533124832,-1,
2016-12-29 14:10:52 INFO AddIdentifyResult: 11946,015533124832,-3,
2016-12-29 14:11:44 INFO AddIdentifyResult: 11946,015533124832,0,ver/12/29/141200_015533124832.wav
2016-12-29 14:12:26 INFO AddIdentifyResult: 11947,013483770611,-1,
2016-12-29 14:12:34 INFO AddIdentifyResult: 11947,013483770611,-3,
2016-12-29 14:14:28 INFO AddIdentifyResult: 11947,013483770611,12,
2016-12-29 14:14:35 INFO AddIdentifyResult: 11947,013483770611,10,reg/013483770611_1229141506|reg/013483770611_1229141506|reg/013483770611_1229141342
2016-12-29 14:14:35 INFO UpdateUserState: 013483770611,1
2016-12-29 14:14:44 INFO AddIdentifyResult: 11948,013483770611,-1,
2016-12-29 14:15:36 INFO AddIdentifyResult: 11949,013483770611,-1,
2016-12-29 14:15:41 INFO AddIdentifyResult: 11949,013483770611,-3,
2016-12-29 14:16:32 INFO AddIdentifyResult: 11949,013483770611,0,ver/12/29/141648_013483770611.wav
2016-12-29 14:16:45 INFO AddIdentifyResult: 11950,015511200842,-1,
2016-12-29 14:16:55 INFO AddIdentifyResult: 11950,015511200842,-3,
2016-12-29 14:18:26 INFO AddIdentifyResult: 11950,015511200842,12,
2016-12-29 14:18:33 INFO AddIdentifyResult: 11950,015511200842,10,reg/015511200842_1229141802|reg/015511200842_1229141802|reg/015511200842_
2016-12-29 14:18:34 INFO UpdateUserState: 015511200842,1
2016-12-29 14:22:26 INFO AddIdentifyResult: 11951,015511200842,-1,
2016-12-29 14:22:34 INFO AddIdentifyResult: 11951,015511200842,-3,
2016-12-29 14:23:27 INFO AddIdentifyResult: 11951,015511200842,0,ver/12/29/142342_015511200842.wav
2016-12-29 14:25:07 INFO AddIdentifyResult: 11952,013472283948,-1,
2016-12-29 14:25:15 INFO AddIdentifyResult: 11952,013472283948,-3,
2016-12-29 14:26:56 INFO AddIdentifyResult: 11953,015081221650,-1,
2016-12-29 14:27:02 INFO AddIdentifyResult: 11953,015081221650,-3,
2016-12-29 14:27:21 INFO AddIdentifyResult: 11952,013472283948,12,
2016-12-29 14:27:28 INFO AddIdentifyResult: 11952,013472283948,10,reg/013472283948_1229142751|reg/013472283948_1229142751|reg/013472283948_1229142622
2016-12-29 14:27:28 INFO UpdateUserState: 013472283948,1
2016-12-29 14:27:38 INFO AddIdentifyResult: 11954,013472283948,-1,
2016-12-29 14:27:45 INFO AddIdentifyResult: 11954,013472283948,-3,
2016-12-29 14:28:31 INFO AddIdentifyResult: 11953,015081221650,12,
2016-12-29 14:28:37 INFO AddIdentifyResult: 11954,013472283948,0,ver/12/29/142853_013472283948.wav
2016-12-29 14:28:39 INFO AddIdentifyResult: 11953,015081221650,10,reg/015081221650_1229142810|reg/015081221650_1229142810|reg/015081221650_
2016-12-29 14:28:39 INFO UpdateUserState: 015081221650,1
2016-12-29 14:28:41 INFO AddIdentifyResult: 11955,015081221650,-1,
2016-12-29 14:28:48 INFO AddIdentifyResult: 11955,015081221650,-3,
2016-12-29 14:29:41 INFO AddIdentifyResult: 11955,015081221650,0,ver/12/29/142956_015081221650.wav
2016-12-29 14:30:12 INFO AddIdentifyResult: 11956,015533125984,-1,
2016-12-29 14:30:22 INFO AddIdentifyResult: 11956,015533125984,-3,
2016-12-29 14:32:15 INFO AddIdentifyResult: 11956,015533125984,12,
2016-12-29 14:32:21 INFO AddIdentifyResult: 11956,015533125984,10,reg/015533125984_1229143259|reg/015533125984_1229143259|reg/015533125984_1229143129
2016-12-29 14:32:21 INFO UpdateUserState: 015533125984,1
2016-12-29 14:32:26 INFO AddIdentifyResult: 11957,015533125984,-1,
2016-12-29 14:32:33 INFO AddIdentifyResult: 11957,015533125984,-3,
2016-12-29 14:33:05 INFO AddIdentifyResult: 11958,015511251417,-1,
2016-12-29 14:33:13 INFO AddIdentifyResult: 11958,015511251417,-3,
2016-12-29 14:33:25 INFO AddIdentifyResult: 11957,015533125984,0,ver/12/29/143341_015533125984.wav
2016-12-29 14:34:39 INFO AddIdentifyResult: 11958,015511251417,12,
2016-12-29 14:34:47 INFO AddIdentifyResult: 11958,015511251417,10,reg/015511251417_1229143421|reg/015511251417_1229143421|reg/015511251417_
2016-12-29 14:34:47 INFO UpdateUserState: 015511251417,1
2016-12-29 14:34:55 INFO AddIdentifyResult: 11959,015511251417,-1,
2016-12-29 14:35:00 INFO AddIdentifyResult: 11959,015511251417,-3,
2016-12-29 14:35:13 INFO AddIdentifyResult: 11959,015511251417,1,
2016-12-29 14:35:20 INFO AddIdentifyResult: 11960,015511251417,-1,
2016-12-29 14:35:30 INFO AddIdentifyResult: 11960,015511251417,-3,
2016-12-29 14:36:23 INFO AddIdentifyResult: 11960,015511251417,0,ver/12/29/143638_015511251417.wav
2016-12-29 14:40:50 INFO AddIdentifyResult: 11961,015533128442,-1,
2016-12-29 14:41:00 INFO AddIdentifyResult: 11961,015533128442,-3,
2016-12-29 14:41:52 INFO AddIdentifyResult: 11961,015533128442,1,ver/12/29/144208_015533128442.wav
2016-12-29 14:43:38 INFO AddIdentifyResult: 11962,015533128442,-1,
2016-12-29 14:43:53 INFO AddIdentifyResult: 11962,015533128442,-3,
2016-12-29 14:45:20 INFO AddIdentifyResult: 11962,015533128442,12,
2016-12-29 14:45:27 INFO AddIdentifyResult: 11962,015533128442,10,reg/015533128442_1229144500|reg/015533128442_1229144500|reg/015533128442_
2016-12-29 14:45:27 INFO UpdateUserState: 015533128442,1
2016-12-29 14:45:31 INFO AddIdentifyResult: 11963,015533128442,-1,
2016-12-29 14:45:48 INFO AddIdentifyResult: 11963,015533128442,-3,
2016-12-29 14:46:40 INFO AddIdentifyResult: 11963,015533128442,0,ver/12/29/144656_015533128442.wav
2016-12-29 14:50:21 INFO AddIdentifyResult: 11964,015511240375,-1,
2016-12-29 14:50:25 INFO AddIdentifyResult: 11964,015511240375,-3,
2016-12-29 14:51:51 INFO AddIdentifyResult: 11964,015511240375,12,
2016-12-29 14:51:58 INFO AddIdentifyResult: 11964,015511240375,10,reg/015511240375_1229145132|reg/015511240375_1229145132|reg/015511240375_
2016-12-29 14:51:58 INFO UpdateUserState: 015511240375,1
2016-12-29 14:52:01 INFO AddIdentifyResult: 11965,015511240375,-1,
2016-12-29 14:52:10 INFO AddIdentifyResult: 11965,015511240375,-3,
2016-12-29 14:53:03 INFO AddIdentifyResult: 11965,015511240375,0,ver/12/29/145318_015511240375.wav
2016-12-29 14:58:20 INFO AddIdentifyResult: 11966,017331211542,-1,
2016-12-29 14:58:59 INFO AddIdentifyResult: 11967,017331211542,-1,
2016-12-29 14:59:52 INFO AddIdentifyResult: 11968,017331211542,-1,
2016-12-29 15:00:05 INFO AddIdentifyResult: 11968,017331211542,-3,
2016-12-29 15:00:39 INFO AddIdentifyResult: 11969,015720117705,-1,
2016-12-29 15:00:51 INFO AddIdentifyResult: 11969,015720117705,-3,
2016-12-29 15:02:34 INFO AddIdentifyResult: 11969,015720117705,12,
2016-12-29 15:02:41 INFO AddIdentifyResult: 11969,015720117705,10,reg/015720117705_1229150158|reg/015720117705_1229150158|reg/015720117705_
2016-12-29 15:02:41 INFO UpdateUserState: 015720117705,1
2016-12-29 15:02:57 INFO AddIdentifyResult: 11970,015720117705,-1,
2016-12-29 15:03:09 INFO AddIdentifyResult: 11970,015720117705,-3,
2016-12-29 15:04:01 INFO AddIdentifyResult: 11970,015720117705,0,ver/12/29/150417_015720117705.wav
2016-12-29 15:04:25 INFO AddIdentifyResult: 11971,015511201341,-1,
2016-12-29 15:05:21 INFO AddIdentifyResult: 11972,017360736946,-1,
2016-12-29 15:05:28 INFO AddIdentifyResult: 11972,017360736946,-3,
2016-12-29 15:07:22 INFO AddIdentifyResult: 11972,017360736946,12,
2016-12-29 15:07:29 INFO AddIdentifyResult: 11972,017360736946,10,reg/017360736946_1229150801|reg/017360736946_1229150801|reg/017360736946_1229150636
2016-12-29 15:07:29 INFO UpdateUserState: 017360736946,1
2016-12-29 15:08:19 INFO AddIdentifyResult: 11973,015511201341,-1,
2016-12-29 15:08:24 INFO AddIdentifyResult: 11973,015511201341,-3,
2016-12-29 15:08:33 INFO AddIdentifyResult: 0,017360736946,0,ver/12/29/150849_017360736946.wav
2016-12-29 15:08:57 INFO AddIdentifyResult: 11973,015511201341,11,reg/015511201341_|reg/015511201341_|reg/015511201341_
2016-12-29 15:09:01 INFO AddIdentifyResult: 11975,015511201341,-1,
2016-12-29 15:09:04 INFO AddIdentifyResult: 11975,015511201341,-3,
2016-12-29 15:09:09 INFO AddIdentifyResult: 11975,015511201341,11,reg/015511201341_|reg/015511201341_|reg/015511201341_
2016-12-29 15:09:12 INFO AddIdentifyResult: 11976,015511201341,-1,
2016-12-29 15:09:16 INFO AddIdentifyResult: 11976,015511201341,-3,
2016-12-29 15:09:21 INFO AddIdentifyResult: 11976,015511201341,11,reg/015511201341_|reg/015511201341_|reg/015511201341_
2016-12-29 15:09:24 INFO AddIdentifyResult: 11977,015511201341,-1,
2016-12-29 15:09:28 INFO AddIdentifyResult: 11977,015511201341,-3,
2016-12-29 15:09:34 INFO AddIdentifyResult: 11977,015511201341,11,reg/015511201341_|reg/015511201341_|reg/015511201341_
2016-12-29 15:10:05 INFO AddIdentifyResult: 11978,015511201341,-1,
2016-12-29 15:10:11 INFO AddIdentifyResult: 11978,015511201341,-3,
2016-12-29 15:12:09 INFO AddIdentifyResult: 11978,015511201341,12,
2016-12-29 15:12:15 INFO AddIdentifyResult: 11978,015511201341,10,reg/015511201341_1229151250|reg/015511201341_1229151250|reg/015511201341_1229151119
2016-12-29 15:12:16 INFO UpdateUserState: 015511201341,1
2016-12-29 15:12:17 INFO AddIdentifyResult: 11979,015511201341,-1,
2016-12-29 15:12:25 INFO AddIdentifyResult: 11979,015511201341,-3,
2016-12-29 15:12:59 INFO AddIdentifyResult: 11979,015511201341,0,ver/12/29/151333_015511201341.wav
2016-12-29 15:15:05 INFO AddIdentifyResult: 11968,017331211542,11,reg/017331211542_|reg/017331211542_|reg/017331211542_
