2016-12-25 08:47:46 INFO AddIdentifyResult: 11234,013127190507,-1,
2016-12-25 08:47:52 INFO AddIdentifyResult: 11234,013127190507,-3,
2016-12-25 08:50:03 INFO AddIdentifyResult: 11234,013127190507,12,
2016-12-25 08:50:11 INFO AddIdentifyResult: 11234,013127190507,10,reg/013127190507_1225084917|reg/013127190507_1225084917|reg/013127190507_
2016-12-25 08:50:12 INFO UpdateUserState: 013127190507,1
2016-12-25 08:50:26 INFO AddIdentifyResult: 11235,015066086383,-1,
2016-12-25 08:50:33 INFO AddIdentifyResult: 11235,015066086383,-3,
2016-12-25 08:52:25 INFO AddIdentifyResult: 11235,015066086383,12,
2016-12-25 08:52:32 INFO AddIdentifyResult: 11235,015066086383,10,reg/015066086383_1225085158|reg/015066086383_1225085158|reg/015066086383_
2016-12-25 08:52:33 INFO UpdateUserState: 015066086383,1
2016-12-25 09:00:09 INFO AddIdentifyResult: 11236,013127191165,-1,
2016-12-25 09:00:14 INFO AddIdentifyResult: 11236,013127191165,-3,
2016-12-25 09:02:46 INFO AddIdentifyResult: 11236,013127191165,12,
2016-12-25 09:02:53 INFO AddIdentifyResult: 11236,013127191165,10,reg/013127191165_1225090343|reg/013127191165_1225090343|reg/013127191165_1225090139
2016-12-25 09:02:53 INFO UpdateUserState: 013127191165,1
2016-12-25 09:03:21 INFO AddIdentifyResult: 11237,013475263275,-1,
2016-12-25 09:03:30 INFO AddIdentifyResult: 11237,013475263275,-3,
2016-12-25 09:05:47 INFO AddIdentifyResult: 11237,013475263275,12,
2016-12-25 09:05:53 INFO AddIdentifyResult: 11237,013475263275,10,reg/013475263275_1225090642|reg/013475263275_1225090642|reg/013475263275_1225090456
2016-12-25 09:05:54 INFO UpdateUserState: 013475263275,1
2016-12-25 09:08:13 INFO AddIdentifyResult: 11238,013127191278,-1,
2016-12-25 09:08:54 INFO AddIdentifyResult: 11239,013127191278,-1,
2016-12-25 09:11:16 INFO AddIdentifyResult: 11240,013127191278,-1,
2016-12-25 09:11:33 INFO AddIdentifyResult: 11240,013127191278,-3,
2016-12-25 09:13:20 INFO AddIdentifyResult: 11240,013127191278,12,
2016-12-25 09:13:28 INFO AddIdentifyResult: 11240,013127191278,10,reg/013127191278_1225091259|reg/013127191278_1225091259|reg/013127191278_
2016-12-25 09:13:28 INFO UpdateUserState: 013127191278,1
2016-12-25 09:18:33 INFO AddIdentifyResult: 11241,013127192583,-1,
2016-12-25 09:18:44 INFO AddIdentifyResult: 11241,013127192583,-3,
2016-12-25 09:20:21 INFO AddIdentifyResult: 11241,013127192583,12,
2016-12-25 09:20:28 INFO AddIdentifyResult: 11241,013127192583,10,reg/013127192583_1225092010|reg/013127192583_1225092010|reg/013127192583_
2016-12-25 09:20:28 INFO UpdateUserState: 013127192583,1
2016-12-25 09:21:22 INFO AddIdentifyResult: 11242,015154675652,-1,
2016-12-25 09:21:36 INFO AddIdentifyResult: 11242,015154675652,-3,
2016-12-25 09:23:50 INFO AddIdentifyResult: 11242,015154675652,12,
2016-12-25 09:23:57 INFO AddIdentifyResult: 11242,015154675652,10,reg/015154675652_1225092440|reg/015154675652_1225092440|reg/015154675652_1225092302
2016-12-25 09:23:57 INFO UpdateUserState: 015154675652,1
2016-12-25 09:29:09 INFO AddIdentifyResult: 11243,013127192867,-1,
2016-12-25 09:29:14 INFO AddIdentifyResult: 11243,013127192867,-3,
2016-12-25 09:31:09 INFO AddIdentifyResult: 11243,013127192867,12,
2016-12-25 09:31:16 INFO AddIdentifyResult: 11243,013127192867,10,reg/013127192867_1225093040|reg/013127192867_1225093040|reg/013127192867_
2016-12-25 09:31:17 INFO UpdateUserState: 013127192867,1
2016-12-25 09:31:53 INFO AddIdentifyResult: 11244,015275464193,-1,
2016-12-25 09:32:01 INFO AddIdentifyResult: 11244,015275464193,-3,
2016-12-25 09:34:20 INFO AddIdentifyResult: 11244,015275464193,12,
2016-12-25 09:34:28 INFO AddIdentifyResult: 11244,015275464193,10,reg/015275464193_1225093451|reg/015275464193_1225093451|reg/015275464193_1225093327
2016-12-25 09:34:28 INFO UpdateUserState: 015275464193,1
2016-12-25 09:35:01 INFO AddIdentifyResult: 11245,013127193098,-1,
2016-12-25 09:35:07 INFO AddIdentifyResult: 11245,013127193098,-3,
2016-12-25 09:36:56 INFO AddIdentifyResult: 11245,013127193098,12,
2016-12-25 09:37:03 INFO AddIdentifyResult: 11245,013127193098,10,reg/013127193098_1225093633|reg/013127193098_1225093633|reg/013127193098_
2016-12-25 09:37:03 INFO UpdateUserState: 013127193098,1
2016-12-25 09:37:43 INFO AddIdentifyResult: 11246,013127193068,-1,
2016-12-25 09:37:56 INFO AddIdentifyResult: 11246,013127193068,-3,
2016-12-25 09:39:28 INFO AddIdentifyResult: 11246,013127193068,12,
2016-12-25 09:39:34 INFO AddIdentifyResult: 11246,013127193068,10,reg/013127193068_1225093922|reg/013127193068_1225093922|reg/013127193068_
2016-12-25 09:39:34 INFO UpdateUserState: 013127193068,1
2016-12-25 09:40:00 INFO AddIdentifyResult: 11247,018754672576,-1,
2016-12-25 09:40:08 INFO AddIdentifyResult: 11247,018754672576,-3,
2016-12-25 09:41:36 INFO AddIdentifyResult: 11247,018754672576,12,
2016-12-25 09:41:43 INFO AddIdentifyResult: 11247,018754672576,10,reg/018754672576_1225094134|reg/018754672576_1225094134|reg/018754672576_
2016-12-25 09:41:43 INFO UpdateUserState: 018754672576,1
2016-12-25 09:43:17 INFO AddIdentifyResult: 11248,013127193163,-1,
2016-12-25 09:43:25 INFO AddIdentifyResult: 11248,013127193163,-3,
2016-12-25 09:45:14 INFO AddIdentifyResult: 11248,013127193163,12,
2016-12-25 09:45:21 INFO AddIdentifyResult: 11248,013127193163,10,reg/013127193163_1225094608|reg/013127193163_1225094608|reg/013127193163_1225094451
2016-12-25 09:45:21 INFO UpdateUserState: 013127193163,1
2016-12-25 09:53:42 INFO AddIdentifyResult: 11249,013127193508,-1,
2016-12-25 09:53:49 INFO AddIdentifyResult: 11249,013127193508,-3,
2016-12-25 09:55:55 INFO AddIdentifyResult: 11249,013127193508,12,
2016-12-25 09:56:03 INFO AddIdentifyResult: 11249,013127193508,10,reg/013127193508_1225095651|reg/013127193508_1225095651|reg/013127193508_1225095515
2016-12-25 09:56:03 INFO UpdateUserState: 013127193508,1
2016-12-25 10:01:44 INFO AddIdentifyResult: 11250,013127195538,-1,
2016-12-25 10:01:52 INFO AddIdentifyResult: 11250,013127195538,-3,
2016-12-25 10:02:11 INFO AddIdentifyResult: 11250,013127195538,11,reg/013127195538_|reg/013127195538_|reg/013127195538_
2016-12-25 10:02:23 INFO AddIdentifyResult: 11251,013127195538,-1,
2016-12-25 10:02:29 INFO AddIdentifyResult: 11251,013127195538,-3,
2016-12-25 10:04:12 INFO AddIdentifyResult: 11251,013127195538,12,
2016-12-25 10:04:19 INFO AddIdentifyResult: 11251,013127195538,10,reg/013127195538_1225100505|reg/013127195538_1225100505|reg/013127195538_1225100355
2016-12-25 10:04:19 INFO UpdateUserState: 013127195538,1
2016-12-25 10:12:07 INFO AddIdentifyResult: 11252,013515469295,-1,
2016-12-25 10:12:14 INFO AddIdentifyResult: 11252,013515469295,-3,
2016-12-25 10:14:19 INFO AddIdentifyResult: 11252,013515469295,12,
2016-12-25 10:14:26 INFO AddIdentifyResult: 11252,013515469295,10,reg/013515469295_1225101340|reg/013515469295_1225101340|reg/013515469295_
2016-12-25 10:14:27 INFO UpdateUserState: 013515469295,1
2016-12-25 10:16:24 INFO AddIdentifyResult: 11253,013954634512,-1,
2016-12-25 10:16:53 INFO AddIdentifyResult: 11254,013954634512,-1,
2016-12-25 10:17:01 INFO AddIdentifyResult: 11254,013954634512,-3,
2016-12-25 10:19:21 INFO AddIdentifyResult: 11254,013954634512,12,
2016-12-25 10:19:28 INFO AddIdentifyResult: 11254,013954634512,10,reg/013954634512_1225102004|reg/013954634512_1225102004|reg/013954634512_1225101827
2016-12-25 10:19:29 INFO UpdateUserState: 013954634512,1
2016-12-25 10:21:16 INFO AddIdentifyResult: 11255,013127193920,-1,
2016-12-25 10:21:22 INFO AddIdentifyResult: 11255,013127193920,-3,
2016-12-25 10:22:53 INFO AddIdentifyResult: 11255,013127193920,12,
2016-12-25 10:23:00 INFO AddIdentifyResult: 11255,013127193920,10,reg/013127193920_1225102248|reg/013127193920_1225102248|reg/013127193920_
2016-12-25 10:23:00 INFO UpdateUserState: 013127193920,1
2016-12-25 10:31:30 INFO AddIdentifyResult: 11256,013127195592,-1,
2016-12-25 10:31:38 INFO AddIdentifyResult: 11256,013127195592,-3,
2016-12-25 10:33:42 INFO AddIdentifyResult: 11256,013127195592,12,
2016-12-25 10:33:50 INFO AddIdentifyResult: 11256,013127195592,10,reg/013127195592_1225103304|reg/013127195592_1225103304|reg/013127195592_
2016-12-25 10:33:50 INFO UpdateUserState: 013127195592,1
2016-12-25 10:34:59 INFO AddIdentifyResult: 11257,015066059038,-1,
2016-12-25 10:35:07 INFO AddIdentifyResult: 11257,015066059038,-3,
2016-12-25 10:36:58 INFO AddIdentifyResult: 11257,015066059038,12,
2016-12-25 10:37:05 INFO AddIdentifyResult: 11257,015066059038,10,reg/015066059038_1225103633|reg/015066059038_1225103633|reg/015066059038_
2016-12-25 10:37:05 INFO UpdateUserState: 015066059038,1
2016-12-25 10:37:59 INFO AddIdentifyResult: 11258,013127195868,-1,
2016-12-25 10:38:03 INFO AddIdentifyResult: 11258,013127195868,-3,
2016-12-25 10:38:56 INFO AddIdentifyResult: 11258,013127195868,11,reg/013127195868_|reg/013127195868_|reg/013127195868_
2016-12-25 10:39:16 INFO AddIdentifyResult: 11259,013127195868,-1,
2016-12-25 10:39:22 INFO AddIdentifyResult: 11259,013127195868,-3,
2016-12-25 10:40:41 INFO AddIdentifyResult: 11259,013127195868,12,
2016-12-25 10:40:48 INFO AddIdentifyResult: 11259,013127195868,10,reg/013127195868_1225104048|reg/013127195868_1225104048|reg/013127195868_
2016-12-25 10:40:48 INFO UpdateUserState: 013127195868,1
2016-12-25 11:32:57 INFO AddIdentifyResult: 11260,013127196287,-1,
2016-12-25 11:33:03 INFO AddIdentifyResult: 11260,013127196287,-3,
2016-12-25 11:34:47 INFO AddIdentifyResult: 11260,013127196287,12,
2016-12-25 11:34:54 INFO AddIdentifyResult: 11260,013127196287,10,reg/013127196287_1225113429|reg/013127196287_1225113429|reg/013127196287_
2016-12-25 11:34:54 INFO UpdateUserState: 013127196287,1
2016-12-25 11:34:55 INFO AddIdentifyResult: 11261,015275462716,-1,
2016-12-25 11:35:08 INFO AddIdentifyResult: 11261,015275462716,-3,
2016-12-25 11:37:12 INFO AddIdentifyResult: 11261,015275462716,12,
2016-12-25 11:37:19 INFO AddIdentifyResult: 11261,015275462716,10,reg/015275462716_1225113806|reg/015275462716_1225113806|reg/015275462716_1225113635
2016-12-25 11:37:19 INFO UpdateUserState: 015275462716,1
2016-12-25 11:41:06 INFO AddIdentifyResult: 11262,013127250672,-1,
2016-12-25 11:41:14 INFO AddIdentifyResult: 11262,013127250672,-3,
2016-12-25 11:43:23 INFO AddIdentifyResult: 11262,013127250672,12,
2016-12-25 11:43:30 INFO AddIdentifyResult: 11262,013127250672,10,reg/013127250672_1225114240|reg/013127250672_1225114240|reg/013127250672_
2016-12-25 11:43:30 INFO UpdateUserState: 013127250672,1
2016-12-25 11:51:22 INFO AddIdentifyResult: 11263,013127250702,-1,
2016-12-25 11:51:28 INFO AddIdentifyResult: 11263,013127250702,-3,
2016-12-25 11:53:16 INFO AddIdentifyResult: 11263,013127250702,12,
2016-12-25 11:53:23 INFO AddIdentifyResult: 11263,013127250702,10,reg/013127250702_1225115254|reg/013127250702_1225115254|reg/013127250702_
2016-12-25 11:53:23 INFO UpdateUserState: 013127250702,1
2016-12-25 11:56:45 INFO AddIdentifyResult: 11264,013127250951,-1,
2016-12-25 11:58:03 INFO AddIdentifyResult: 11265,013127250951,-1,
2016-12-25 11:58:11 INFO AddIdentifyResult: 11265,013127250951,-3,
2016-12-25 11:59:55 INFO AddIdentifyResult: 11265,013127250951,12,
2016-12-25 12:00:04 INFO AddIdentifyResult: 11265,013127250951,10,reg/013127250951_1225115937|reg/013127250951_1225115937|reg/013127250951_
2016-12-25 12:00:04 INFO UpdateUserState: 013127250951,1
2016-12-25 12:02:41 INFO AddIdentifyResult: 11266,013455716560,-1,
2016-12-25 12:02:55 INFO AddIdentifyResult: 11266,013455716560,-3,
2016-12-25 12:04:52 INFO AddIdentifyResult: 11266,013455716560,12,
2016-12-25 12:04:59 INFO AddIdentifyResult: 11266,013455716560,10,reg/013455716560_1225120421|reg/013455716560_1225120421|reg/013455716560_
2016-12-25 12:05:00 INFO UpdateUserState: 013455716560,1
2016-12-25 12:07:58 INFO AddIdentifyResult: 11267,013963375365,-1,
2016-12-25 12:08:16 INFO AddIdentifyResult: 11267,013963375365,-3,
2016-12-25 12:10:15 INFO AddIdentifyResult: 11267,013963375365,12,
2016-12-25 12:10:22 INFO AddIdentifyResult: 11267,013963375365,10,reg/013963375365_1225120942|reg/013963375365_1225120942|reg/013963375365_
2016-12-25 12:10:23 INFO UpdateUserState: 013963375365,1
2016-12-25 12:10:30 INFO AddIdentifyResult: 11268,013127251593,-1,
2016-12-25 12:10:35 INFO AddIdentifyResult: 11268,013127251593,-3,
2016-12-25 12:12:12 INFO AddIdentifyResult: 11268,013127251593,12,
2016-12-25 12:12:19 INFO AddIdentifyResult: 11268,013127251593,10,reg/013127251593_1225121202|reg/013127251593_1225121202|reg/013127251593_
2016-12-25 12:12:19 INFO UpdateUserState: 013127251593,1
2016-12-25 12:14:45 INFO AddIdentifyResult: 11269,013127252039,-1,
2016-12-25 12:14:53 INFO AddIdentifyResult: 11269,013127252039,-3,
2016-12-25 12:16:31 INFO AddIdentifyResult: 11269,013127252039,12,
2016-12-25 12:16:38 INFO AddIdentifyResult: 11269,013127252039,10,reg/013127252039_1225121619|reg/013127252039_1225121619|reg/013127252039_
2016-12-25 12:16:38 INFO UpdateUserState: 013127252039,1
2016-12-25 12:19:18 INFO AddIdentifyResult: 11270,013127252968,-1,
2016-12-25 12:19:24 INFO AddIdentifyResult: 11270,013127252968,-3,
2016-12-25 12:21:43 INFO AddIdentifyResult: 11270,013127252968,12,
2016-12-25 12:21:49 INFO AddIdentifyResult: 11270,013127252968,10,reg/013127252968_1225122229|reg/013127252968_1225122229|reg/013127252968_1225122050
2016-12-25 12:21:50 INFO UpdateUserState: 013127252968,1
2016-12-25 12:21:53 INFO AddIdentifyResult: 11271,013406142030,-1,
2016-12-25 12:22:41 INFO AddIdentifyResult: 11272,013406142030,-1,
2016-12-25 12:22:47 INFO AddIdentifyResult: 11272,013406142030,-3,
2016-12-25 12:25:36 INFO AddIdentifyResult: 11272,013406142030,12,
2016-12-25 12:25:43 INFO AddIdentifyResult: 11272,013406142030,10,reg/013406142030_1225122626|reg/013406142030_1225122626|reg/013406142030_1225122414
2016-12-25 12:25:43 INFO UpdateUserState: 013406142030,1
2016-12-25 12:27:07 INFO AddIdentifyResult: 11273,013127253107,-1,
2016-12-25 12:27:13 INFO AddIdentifyResult: 11273,013127253107,-3,
2016-12-25 12:29:17 INFO AddIdentifyResult: 11273,013127253107,12,
2016-12-25 12:29:25 INFO AddIdentifyResult: 11273,013127253107,10,reg/013127253107_1225122840|reg/013127253107_1225122840|reg/013127253107_
2016-12-25 12:29:26 INFO UpdateUserState: 013127253107,1
2016-12-25 12:33:25 INFO AddIdentifyResult: 11274,013127253658,-1,
2016-12-25 12:33:45 INFO AddIdentifyResult: 11274,013127253658,-3,
2016-12-25 12:35:38 INFO AddIdentifyResult: 11274,013127253658,12,
2016-12-25 12:35:45 INFO AddIdentifyResult: 11274,013127253658,10,reg/013127253658_1225123512|reg/013127253658_1225123512|reg/013127253658_
2016-12-25 12:35:45 INFO UpdateUserState: 013127253658,1
2016-12-25 12:35:46 INFO AddIdentifyResult: 11275,013793978941,-1,
2016-12-25 12:37:02 INFO AddIdentifyResult: 11276,013793978941,-1,
2016-12-25 12:38:05 INFO AddIdentifyResult: 11277,013793978941,-1,
2016-12-25 12:38:19 INFO AddIdentifyResult: 11277,013793978941,-3,
2016-12-25 12:40:25 INFO AddIdentifyResult: 11277,013793978941,12,
2016-12-25 12:40:31 INFO AddIdentifyResult: 11277,013793978941,10,reg/013793978941_1225123946|reg/013793978941_1225123946|reg/013793978941_
2016-12-25 12:40:31 INFO UpdateUserState: 013793978941,1
2016-12-25 12:43:30 INFO AddIdentifyResult: 11278,013127255908,-1,
2016-12-25 12:43:46 INFO AddIdentifyResult: 11278,013127255908,-3,
2016-12-25 12:45:21 INFO AddIdentifyResult: 11278,013127255908,12,
2016-12-25 12:45:29 INFO AddIdentifyResult: 11278,013127255908,10,reg/013127255908_1225124513|reg/013127255908_1225124513|reg/013127255908_
2016-12-25 12:45:29 INFO UpdateUserState: 013127255908,1
2016-12-25 12:45:30 INFO AddIdentifyResult: 11279,013675464578,-1,
2016-12-25 12:45:53 INFO AddIdentifyResult: 11279,013675464578,-3,
2016-12-25 12:47:37 INFO AddIdentifyResult: 11279,013675464578,12,
2016-12-25 12:47:44 INFO AddIdentifyResult: 11279,013675464578,10,reg/013675464578_1225124719|reg/013675464578_1225124719|reg/013675464578_
2016-12-25 12:47:44 INFO UpdateUserState: 013675464578,1
2016-12-25 12:50:29 INFO AddIdentifyResult: 11280,013127256978,-1,
2016-12-25 12:50:35 INFO AddIdentifyResult: 11280,013127256978,-3,
2016-12-25 12:52:13 INFO AddIdentifyResult: 11280,013127256978,12,
2016-12-25 12:52:20 INFO AddIdentifyResult: 11280,013127256978,10,reg/013127256978_1225125201|reg/013127256978_1225125201|reg/013127256978_
2016-12-25 12:52:20 INFO UpdateUserState: 013127256978,1
2016-12-25 13:30:20 INFO AddIdentifyResult: 11281,017707292306,-1,
2016-12-25 13:30:45 INFO AddIdentifyResult: 11281,017707292306,-3,
2016-12-25 13:30:52 INFO AddIdentifyResult: 11281,017707292306,11,reg/017707292306_|reg/017707292306_|reg/017707292306_
2016-12-25 13:34:14 INFO AddIdentifyResult: 11282,018754673518,-1,
2016-12-25 13:34:37 INFO AddIdentifyResult: 11283,018754673518,-1,
2016-12-25 13:35:26 INFO AddIdentifyResult: 11284,018754673513,-1,
2016-12-25 13:35:39 INFO AddIdentifyResult: 11284,018754673513,-3,
2016-12-25 13:37:32 INFO AddIdentifyResult: 11284,018754673513,12,
2016-12-25 13:37:39 INFO AddIdentifyResult: 11284,018754673513,10,reg/018754673513_1225133706|reg/018754673513_1225133706|reg/018754673513_
2016-12-25 13:37:39 INFO UpdateUserState: 018754673513,1
2016-12-25 14:21:40 INFO AddIdentifyResult: 11285,013127257553,-1,
2016-12-25 14:21:48 INFO AddIdentifyResult: 11285,013127257553,-3,
2016-12-25 14:23:25 INFO AddIdentifyResult: 11285,013127257553,12,
2016-12-25 14:23:32 INFO AddIdentifyResult: 11285,013127257553,10,reg/013127257553_1225142315|reg/013127257553_1225142315|reg/013127257553_
2016-12-25 14:23:32 INFO UpdateUserState: 013127257553,1
2016-12-25 14:24:37 INFO AddIdentifyResult: 11286,013127256986,-1,
2016-12-25 14:24:43 INFO AddIdentifyResult: 11286,013127256986,-3,
2016-12-25 14:26:25 INFO AddIdentifyResult: 11286,013127256986,12,
2016-12-25 14:26:32 INFO AddIdentifyResult: 11286,013127256986,10,reg/013127256986_1225142724|reg/013127256986_1225142724|reg/013127256986_1225142610
2016-12-25 14:26:32 INFO UpdateUserState: 013127256986,1
2016-12-25 14:28:58 INFO AddIdentifyResult: 11287,013954634512,-1,
2016-12-25 14:29:10 INFO AddIdentifyResult: 11287,013954634512,-3,
2016-12-25 14:30:57 INFO AddIdentifyResult: 11287,013954634512,12,
2016-12-25 14:31:04 INFO AddIdentifyResult: 11287,013954634512,10,reg/013954634512_1225143037|reg/013954634512_1225143037|reg/013954634512_
2016-12-25 14:31:04 INFO UpdateUserState: 013954634512,1
2016-12-25 14:34:23 INFO AddIdentifyResult: 11288,017707292306,-1,
2016-12-25 14:34:49 INFO AddIdentifyResult: 11288,017707292306,-3,
2016-12-25 14:36:02 INFO AddIdentifyResult: 11288,017707292306,11,reg/017707292306_|reg/017707292306_|reg/017707292306_
2016-12-25 14:47:53 INFO AddIdentifyResult: 11289,015275467298,-1,
2016-12-25 14:48:01 INFO AddIdentifyResult: 11289,015275467298,-3,
2016-12-25 14:50:25 INFO AddIdentifyResult: 11289,015275467298,12,
2016-12-25 14:50:32 INFO AddIdentifyResult: 11289,015275467298,10,reg/015275467298_1225144928|reg/015275467298_1225144928|reg/015275467298_
2016-12-25 14:50:32 INFO UpdateUserState: 015275467298,1
