2016-12-27 09:00:23 INFO AddIdentifyResult: 11650,018186592362,-1,
2016-12-27 09:00:37 INFO AddIdentifyResult: 11650,018186592362,-3,
2016-12-27 09:02:52 INFO AddIdentifyResult: 11650,018186592362,12,
2016-12-27 09:03:02 INFO AddIdentifyResult: 11650,018186592362,10,reg/018186592362_1227090212|reg/018186592362_1227090212|reg/018186592362_
2016-12-27 09:03:02 INFO UpdateUserState: 018186592362,1
2016-12-27 09:03:58 INFO AddIdentifyResult: 11651,018186592362,-1,
2016-12-27 09:04:06 INFO AddIdentifyResult: 11651,018186592362,-3,
2016-12-27 09:04:58 INFO AddIdentifyResult: 11651,018186592362,0,ver/12/27/090541_018186592362.wav
2016-12-27 09:34:10 INFO AddIdentifyResult: 11652,013173461063,-1,
2016-12-27 09:34:17 INFO AddIdentifyResult: 11652,013173461063,-3,
2016-12-27 09:36:13 INFO AddIdentifyResult: 11652,013173461063,11,reg/013173461063_|reg/013173461063_|reg/013173461063_
2016-12-27 09:36:20 INFO AddIdentifyResult: 11653,013173461063,-1,
2016-12-27 09:36:26 INFO AddIdentifyResult: 11653,013173461063,-3,
2016-12-27 09:38:27 INFO AddIdentifyResult: 11653,013173461063,12,
2016-12-27 09:38:33 INFO AddIdentifyResult: 11653,013173461063,10,reg/013173461063_1227093801|reg/013173461063_1227093801|reg/013173461063_
2016-12-27 09:38:33 INFO UpdateUserState: 013173461063,1
2016-12-27 09:59:27 INFO AddIdentifyResult: 11654,013173463060,-1,
2016-12-27 09:59:33 INFO AddIdentifyResult: 11654,013173463060,-3,
2016-12-27 10:01:19 INFO AddIdentifyResult: 11654,013173463060,12,
2016-12-27 10:01:27 INFO AddIdentifyResult: 11654,013173463060,10,reg/013173463060_1227100108|reg/013173463060_1227100108|reg/013173463060_
2016-12-27 10:01:28 INFO UpdateUserState: 013173463060,1
2016-12-27 10:10:18 INFO AddIdentifyResult: 11655,013173460209,-1,
2016-12-27 10:10:23 INFO AddIdentifyResult: 11655,013173460209,-3,
2016-12-27 10:12:24 INFO AddIdentifyResult: 11655,013173460209,12,
2016-12-27 10:12:30 INFO AddIdentifyResult: 11655,013173460209,10,reg/013173460209_1227101158|reg/013173460209_1227101158|reg/013173460209_
2016-12-27 10:12:31 INFO UpdateUserState: 013173460209,1
2016-12-27 10:15:20 INFO AddIdentifyResult: 11656,13955562648,-1,
2016-12-27 10:15:54 INFO AddIdentifyResult: 11657,15897700131,-1,
2016-12-27 10:16:14 INFO AddIdentifyResult: 11657,15897700131,-3,
2016-12-27 10:16:50 INFO AddIdentifyResult: 11658,18140633071,-1,
2016-12-27 10:17:23 INFO AddIdentifyResult: 11657,15897700131,11,reg/15897700131_|reg/15897700131_|reg/15897700131_
2016-12-27 10:17:36 INFO AddIdentifyResult: 11659,15897700131,-1,
2016-12-27 10:17:44 INFO AddIdentifyResult: 11659,15897700131,-3,
2016-12-27 10:17:52 INFO AddIdentifyResult: 11660,018140633071,-1,
2016-12-27 10:18:06 INFO AddIdentifyResult: 11660,018140633071,-3,
2016-12-27 10:18:33 INFO AddIdentifyResult: 11660,018140633071,11,reg/018140633071_|reg/018140633071_|reg/018140633071_
2016-12-27 10:18:48 INFO AddIdentifyResult: 11659,15897700131,11,reg/15897700131_|reg/15897700131_|reg/15897700131_
2016-12-27 10:20:24 INFO AddIdentifyResult: 11661,018140633071,-1,
2016-12-27 10:20:32 INFO AddIdentifyResult: 11662,15171305977,-1,
2016-12-27 10:20:39 INFO AddIdentifyResult: 11661,018140633071,-3,
2016-12-27 10:20:47 INFO AddIdentifyResult: 11662,15171305977,-3,
2016-12-27 10:22:27 INFO AddIdentifyResult: 11662,15171305977,11,reg/15171305977_|reg/15171305977_|reg/15171305977_
2016-12-27 10:22:43 INFO AddIdentifyResult: 11661,018140633071,12,
2016-12-27 10:22:53 INFO AddIdentifyResult: 11661,018140633071,10,reg/018140633071_1227102214|reg/018140633071_1227102214|reg/018140633071_
2016-12-27 10:22:53 INFO UpdateUserState: 018140633071,1
2016-12-27 10:23:54 INFO AddIdentifyResult: 11663,15272800030,-1,
2016-12-27 10:24:34 INFO AddIdentifyResult: 11664,18986459593,-1,
2016-12-27 10:24:57 INFO AddIdentifyResult: 11664,18986459593,-3,
2016-12-27 10:25:20 INFO AddIdentifyResult: 11664,18986459593,1,
2016-12-27 10:36:52 INFO AddIdentifyResult: 11665,013567761664,-1,
2016-12-27 10:52:33 INFO AddIdentifyResult: 11666,018754683433,-1,
2016-12-27 10:52:39 INFO AddIdentifyResult: 11666,018754683433,-3,
2016-12-27 10:54:52 INFO AddIdentifyResult: 11666,018754683433,12,
2016-12-27 10:55:00 INFO AddIdentifyResult: 11666,018754683433,10,reg/018754683433_1227105543|reg/018754683433_1227105543|reg/018754683433_1227105414
2016-12-27 10:55:00 INFO UpdateUserState: 018754683433,1
2016-12-27 10:55:11 INFO AddIdentifyResult: 11667,013173460682,-1,
2016-12-27 10:55:24 INFO AddIdentifyResult: 11668,013173460682,-1,
2016-12-27 10:55:33 INFO AddIdentifyResult: 11668,013173460682,-3,
2016-12-27 10:57:11 INFO AddIdentifyResult: 11668,013173460682,12,
2016-12-27 10:57:19 INFO AddIdentifyResult: 11668,013173460682,10,reg/013173460682_1227105708|reg/013173460682_1227105708|reg/013173460682_
2016-12-27 10:57:19 INFO UpdateUserState: 013173460682,1
2016-12-27 11:01:00 INFO AddIdentifyResult: 11669,015905466558,-1,
2016-12-27 11:01:08 INFO AddIdentifyResult: 11669,015905466558,-3,
2016-12-27 11:03:08 INFO AddIdentifyResult: 11669,015905466558,12,
2016-12-27 11:03:16 INFO AddIdentifyResult: 11669,015905466558,10,reg/015905466558_1227110243|reg/015905466558_1227110243|reg/015905466558_
2016-12-27 11:03:16 INFO UpdateUserState: 015905466558,1
2016-12-27 11:04:00 INFO AddIdentifyResult: 11670,013173462638,-1,
2016-12-27 11:04:05 INFO AddIdentifyResult: 11670,013173462638,-3,
2016-12-27 11:05:45 INFO AddIdentifyResult: 11670,013173462638,12,
2016-12-27 11:05:54 INFO AddIdentifyResult: 11670,013173462638,10,reg/013173462638_1227110540|reg/013173462638_1227110540|reg/013173462638_
2016-12-27 11:05:54 INFO UpdateUserState: 013173462638,1
2016-12-27 11:26:06 INFO AddIdentifyResult: 11671,013292975068,-1,
2016-12-27 11:26:14 INFO AddIdentifyResult: 11671,013292975068,-3,
2016-12-27 11:26:28 INFO AddIdentifyResult: 11671,013292975068,11,reg/013292975068_|reg/013292975068_|reg/013292975068_
2016-12-27 11:26:52 INFO AddIdentifyResult: 11672,013292975068,-1,
2016-12-27 11:27:02 INFO AddIdentifyResult: 11672,013292975068,-3,
2016-12-27 11:28:29 INFO AddIdentifyResult: 11672,013292975068,12,
2016-12-27 11:28:36 INFO AddIdentifyResult: 11672,013292975068,10,reg/013292975068_1227112837|reg/013292975068_1227112837|reg/013292975068_
2016-12-27 11:28:36 INFO UpdateUserState: 013292975068,1
2016-12-27 11:31:08 INFO AddIdentifyResult: 11673,013292975068,-1,
2016-12-27 11:31:19 INFO AddIdentifyResult: 11673,013292975068,-3,
2016-12-27 11:32:11 INFO AddIdentifyResult: 11673,013292975068,0,ver/12/27/113255_013292975068.wav
2016-12-27 12:13:16 INFO AddIdentifyResult: 11674,013173460298,-1,
2016-12-27 12:13:21 INFO AddIdentifyResult: 11674,013173460298,-3,
2016-12-27 12:15:07 INFO AddIdentifyResult: 11674,013173460298,12,
2016-12-27 12:15:15 INFO AddIdentifyResult: 11674,013173460298,10,reg/013173460298_1227121542|reg/013173460298_1227121542|reg/013173460298_1227121457
2016-12-27 12:15:15 INFO UpdateUserState: 013173460298,1
2016-12-27 12:24:28 INFO AddIdentifyResult: 11675,013173460512,-1,
2016-12-27 12:24:36 INFO AddIdentifyResult: 11675,013173460512,-3,
2016-12-27 12:26:27 INFO AddIdentifyResult: 11675,013173460512,12,
2016-12-27 12:26:34 INFO AddIdentifyResult: 11675,013173460512,10,reg/013173460512_1227122611|reg/013173460512_1227122611|reg/013173460512_
2016-12-27 12:26:34 INFO UpdateUserState: 013173460512,1
2016-12-27 12:30:38 INFO AddIdentifyResult: 11676,013173460551,-1,
2016-12-27 12:30:43 INFO AddIdentifyResult: 11676,013173460551,-3,
2016-12-27 12:32:14 INFO AddIdentifyResult: 11676,013173460551,12,
2016-12-27 12:32:22 INFO AddIdentifyResult: 11676,013173460551,10,reg/013173460551_1227123218|reg/013173460551_1227123218|reg/013173460551_
2016-12-27 12:32:22 INFO UpdateUserState: 013173460551,1
2016-12-27 12:32:52 INFO AddIdentifyResult: 11677,015254677510,-1,
2016-12-27 12:33:01 INFO AddIdentifyResult: 11677,015254677510,-3,
2016-12-27 12:34:55 INFO AddIdentifyResult: 11677,015254677510,12,
2016-12-27 12:35:02 INFO AddIdentifyResult: 11677,015254677510,10,reg/015254677510_1227123436|reg/015254677510_1227123436|reg/015254677510_
2016-12-27 12:35:02 INFO UpdateUserState: 015254677510,1
2016-12-27 12:37:41 INFO AddIdentifyResult: 11678,013173460582,-1,
2016-12-27 12:38:02 INFO AddIdentifyResult: 11678,013173460582,-3,
2016-12-27 12:39:36 INFO AddIdentifyResult: 11678,013173460582,12,
2016-12-27 12:39:43 INFO AddIdentifyResult: 11678,013173460582,10,reg/013173460582_1227123937|reg/013173460582_1227123937|reg/013173460582_
2016-12-27 12:39:43 INFO UpdateUserState: 013173460582,1
2016-12-27 12:40:54 INFO AddIdentifyResult: 11679,013173460585,-1,
2016-12-27 12:40:59 INFO AddIdentifyResult: 11679,013173460585,-3,
2016-12-27 12:42:41 INFO AddIdentifyResult: 11679,013173460585,12,
2016-12-27 12:42:49 INFO AddIdentifyResult: 11679,013173460585,10,reg/013173460585_1227124235|reg/013173460585_1227124235|reg/013173460585_
2016-12-27 12:42:49 INFO UpdateUserState: 013173460585,1
2016-12-27 12:44:55 INFO AddIdentifyResult: 11680,013173460813,-1,
2016-12-27 12:45:00 INFO AddIdentifyResult: 11680,013173460813,-3,
2016-12-27 12:46:49 INFO AddIdentifyResult: 11680,013173460813,12,
2016-12-27 12:46:56 INFO AddIdentifyResult: 11680,013173460813,10,reg/013173460813_1227124758|reg/013173460813_1227124758|reg/013173460813_1227124636
2016-12-27 12:46:56 INFO UpdateUserState: 013173460813,1
2016-12-27 12:49:55 INFO AddIdentifyResult: 11681,013173460925,-1,
2016-12-27 12:50:01 INFO AddIdentifyResult: 11681,013173460925,-3,
2016-12-27 12:51:52 INFO AddIdentifyResult: 11681,013173460925,12,
2016-12-27 12:52:00 INFO AddIdentifyResult: 11681,013173460925,10,reg/013173460925_1227125137|reg/013173460925_1227125137|reg/013173460925_
2016-12-27 12:52:00 INFO UpdateUserState: 013173460925,1
2016-12-27 12:52:01 INFO AddIdentifyResult: 11682,015263887078,-1,
2016-12-27 12:52:08 INFO AddIdentifyResult: 11683,013173460925,-1,
2016-12-27 12:52:08 INFO AddIdentifyResult: 11682,015263887078,-3,
2016-12-27 12:53:41 INFO AddIdentifyResult: 11682,015263887078,12,
2016-12-27 12:53:48 INFO AddIdentifyResult: 11682,015263887078,10,reg/015263887078_1227125343|reg/015263887078_1227125343|reg/015263887078_
2016-12-27 12:53:48 INFO UpdateUserState: 015263887078,1
2016-12-27 13:06:59 INFO AddIdentifyResult: 11684,013173460963,-1,
2016-12-27 13:07:06 INFO AddIdentifyResult: 11684,013173460963,-3,
2016-12-27 13:09:14 INFO AddIdentifyResult: 11684,013173460963,12,
2016-12-27 13:09:20 INFO AddIdentifyResult: 11684,013173460963,10,reg/013173460963_1227131015|reg/013173460963_1227131015|reg/013173460963_1227130842
2016-12-27 13:09:21 INFO UpdateUserState: 013173460963,1
2016-12-27 13:11:56 INFO AddIdentifyResult: 11685,013173460980,-1,
2016-12-27 13:12:02 INFO AddIdentifyResult: 11685,013173460980,-3,
2016-12-27 13:14:35 INFO AddIdentifyResult: 11685,013173460980,12,
2016-12-27 13:14:42 INFO AddIdentifyResult: 11685,013173460980,10,reg/013173460980_1227131535|reg/013173460980_1227131535|reg/013173460980_1227131338
2016-12-27 13:14:42 INFO UpdateUserState: 013173460980,1
2016-12-27 13:15:17 INFO AddIdentifyResult: 11686,013210329975,-1,
2016-12-27 13:15:26 INFO AddIdentifyResult: 11686,013210329975,-3,
2016-12-27 13:18:14 INFO AddIdentifyResult: 11686,013210329975,12,
2016-12-27 13:18:21 INFO AddIdentifyResult: 11686,013210329975,10,reg/013210329975_1227131921|reg/013210329975_1227131921|reg/013210329975_1227131702
2016-12-27 13:18:21 INFO UpdateUserState: 013210329975,1
2016-12-27 13:21:23 INFO AddIdentifyResult: 11687,013173461021,-1,
2016-12-27 13:21:31 INFO AddIdentifyResult: 11687,013173461021,-3,
2016-12-27 13:23:09 INFO AddIdentifyResult: 11687,013173461021,12,
2016-12-27 13:23:15 INFO AddIdentifyResult: 11687,013173461021,10,reg/013173461021_1227132307|reg/013173461021_1227132307|reg/013173461021_
2016-12-27 13:23:16 INFO UpdateUserState: 013173461021,1
2016-12-27 14:28:39 INFO AddIdentifyResult: 11688,015212995667,-1,
2016-12-27 14:28:48 INFO AddIdentifyResult: 11688,015212995667,-3,
2016-12-27 14:32:05 INFO AddIdentifyResult: 11689,013173461069,-1,
2016-12-27 14:32:06 INFO AddIdentifyResult: 11688,015212995667,12,
2016-12-27 14:32:13 INFO AddIdentifyResult: 11688,015212995667,10,reg/015212995667_1227143247|reg/015212995667_1227143247|reg/015212995667_1227143024
2016-12-27 14:32:13 INFO UpdateUserState: 015212995667,1
2016-12-27 14:32:21 INFO AddIdentifyResult: 11689,013173461069,-3,
2016-12-27 14:32:43 INFO AddIdentifyResult: 11690,015212995667,-1,
2016-12-27 14:32:55 INFO AddIdentifyResult: 11690,015212995667,-3,
2016-12-27 14:34:18 INFO AddIdentifyResult: 11690,015212995667,11,reg/015212995667_|reg/015212995667_|reg/015212995667_
2016-12-27 14:34:18 INFO AddIdentifyResult: 11689,013173461069,12,
2016-12-27 14:34:25 INFO AddIdentifyResult: 11689,013173461069,10,reg/013173461069_1227143357|reg/013173461069_1227143357|reg/013173461069_
2016-12-27 14:34:25 INFO UpdateUserState: 013173461069,1
2016-12-27 14:37:52 INFO AddIdentifyResult: 11691,015212995667,-1,
2016-12-27 14:38:07 INFO AddIdentifyResult: 11691,015212995667,-3,
2016-12-27 14:41:38 INFO AddIdentifyResult: 11691,015212995667,12,
2016-12-27 14:41:46 INFO AddIdentifyResult: 11691,015212995667,10,reg/015212995667_1227144204|reg/015212995667_1227144204|reg/015212995667_1227143943
2016-12-27 14:41:46 INFO UpdateUserState: 015212995667,1
2016-12-27 14:42:48 INFO AddIdentifyResult: 11692,015212995667,-1,
2016-12-27 14:43:06 INFO AddIdentifyResult: 11692,015212995667,-3,
2016-12-27 14:43:57 INFO AddIdentifyResult: 11692,015212995667,0,ver/12/27/144442_015212995667.wav
2016-12-27 14:50:51 INFO AddIdentifyResult: 11693,013173461072,-1,
2016-12-27 14:51:00 INFO AddIdentifyResult: 11693,013173461072,-3,
2016-12-27 14:52:59 INFO AddIdentifyResult: 11693,013173461072,12,
2016-12-27 14:53:05 INFO AddIdentifyResult: 11693,013173461072,10,reg/013173461072_1227145407|reg/013173461072_1227145407|reg/013173461072_1227145236
2016-12-27 14:53:06 INFO UpdateUserState: 013173461072,1
2016-12-27 15:12:21 INFO AddIdentifyResult: 11694,013173461271,-1,
2016-12-27 15:12:29 INFO AddIdentifyResult: 11694,013173461271,-3,
2016-12-27 15:14:53 INFO AddIdentifyResult: 11694,013173461271,12,
2016-12-27 15:15:00 INFO AddIdentifyResult: 11694,013173461271,10,reg/013173461271_1227151405|reg/013173461271_1227151405|reg/013173461271_
2016-12-27 15:15:00 INFO UpdateUserState: 013173461271,1
2016-12-27 15:49:04 INFO AddIdentifyResult: 11695,013173461386,-1,
2016-12-27 15:49:13 INFO AddIdentifyResult: 11695,013173461386,-3,
2016-12-27 15:50:59 INFO AddIdentifyResult: 11695,013173461386,12,
2016-12-27 15:51:06 INFO AddIdentifyResult: 11695,013173461386,10,reg/013173461386_1227155210|reg/013173461386_1227155210|reg/013173461386_1227155049
2016-12-27 15:51:06 INFO UpdateUserState: 013173461386,1
