2016-12-18 08:56:07 INFO PHP Unknown Error: no: 2, msg: Creating default object from empty value on line 75 in file /data/code/tcsb/service/lib/nusoap.php uri: /service/service.php, post: []
2016-12-18 08:56:07 INFO AddIdentifyResult: 10339,013012906103,-1,
2016-12-18 08:56:19 INFO PHP Unknown Error: no: 2, msg: Creating default object from empty value on line 75 in file /data/code/tcsb/service/lib/nusoap.php uri: /service/service.php, post: []
2016-12-18 08:56:19 INFO AddIdentifyResult: 10339,013012906103,-3,
2016-12-18 08:58:25 INFO PHP Unknown Error: no: 2, msg: Creating default object from empty value on line 75 in file /data/code/tcsb/service/lib/nusoap.php uri: /service/service.php, post: []
2016-12-18 08:58:25 INFO AddIdentifyResult: 10339,013012906103,12,
2016-12-18 08:58:33 INFO PHP Unknown Error: no: 2, msg: Creating default object from empty value on line 75 in file /data/code/tcsb/service/lib/nusoap.php uri: /service/service.php, post: []
2016-12-18 08:58:33 INFO AddIdentifyResult: 10339,013012906103,10,reg/013012906103_1218085743|reg/013012906103_1218085743|reg/013012906103_
2016-12-18 09:05:15 INFO PHP Unknown Error: no: 2, msg: Creating default object from empty value on line 75 in file /data/code/tcsb/service/lib/nusoap.php uri: /service/service.php, post: []
2016-12-18 09:05:15 INFO AddIdentifyResult: 10340,015266061770,-1,
2016-12-18 09:05:22 INFO PHP Unknown Error: no: 2, msg: Creating default object from empty value on line 75 in file /data/code/tcsb/service/lib/nusoap.php uri: /service/service.php, post: []
2016-12-18 09:05:22 INFO AddIdentifyResult: 10340,015266061770,-3,
2016-12-18 09:06:56 INFO PHP Unknown Error: no: 2, msg: Creating default object from empty value on line 75 in file /data/code/tcsb/service/lib/nusoap.php uri: /service/service.php, post: []
2016-12-18 09:06:56 INFO AddIdentifyResult: 10340,015266061770,12,
2016-12-18 09:07:03 INFO PHP Unknown Error: no: 2, msg: Creating default object from empty value on line 75 in file /data/code/tcsb/service/lib/nusoap.php uri: /service/service.php, post: []
2016-12-18 09:07:03 INFO AddIdentifyResult: 10340,015266061770,10,reg/015266061770_1218090646|reg/015266061770_1218090646|reg/015266061770_
2016-12-18 09:07:06 INFO PHP Unknown Error: no: 2, msg: Creating default object from empty value on line 75 in file /data/code/tcsb/service/lib/nusoap.php uri: /service/service.php, post: []
2016-12-18 09:07:06 INFO AddIdentifyResult: 10341,013012906195,-1,
2016-12-18 09:07:11 INFO PHP Unknown Error: no: 2, msg: Creating default object from empty value on line 75 in file /data/code/tcsb/service/lib/nusoap.php uri: /service/service.php, post: []
2016-12-18 09:07:11 INFO AddIdentifyResult: 10341,013012906195,-3,
2016-12-18 09:08:44 INFO PHP Unknown Error: no: 2, msg: Creating default object from empty value on line 75 in file /data/code/tcsb/service/lib/nusoap.php uri: /service/service.php, post: []
2016-12-18 09:08:44 INFO AddIdentifyResult: 10341,013012906195,12,
2016-12-18 09:08:50 INFO PHP Unknown Error: no: 2, msg: Creating default object from empty value on line 75 in file /data/code/tcsb/service/lib/nusoap.php uri: /service/service.php, post: []
2016-12-18 09:08:50 INFO AddIdentifyResult: 10341,013012906195,10,reg/013012906195_1218090835|reg/013012906195_1218090835|reg/013012906195_
2016-12-18 09:10:57 INFO PHP Unknown Error: no: 2, msg: Creating default object from empty value on line 75 in file /data/code/tcsb/service/lib/nusoap.php uri: /service/service.php, post: []
2016-12-18 09:10:57 INFO AddIdentifyResult: 10342,013012906213,-1,
2016-12-18 09:11:03 INFO PHP Unknown Error: no: 2, msg: Creating default object from empty value on line 75 in file /data/code/tcsb/service/lib/nusoap.php uri: /service/service.php, post: []
2016-12-18 09:11:03 INFO AddIdentifyResult: 10342,013012906213,-3,
2016-12-18 09:12:38 INFO PHP Unknown Error: no: 2, msg: Creating default object from empty value on line 75 in file /data/code/tcsb/service/lib/nusoap.php uri: /service/service.php, post: []
2016-12-18 09:12:38 INFO AddIdentifyResult: 10342,013012906213,12,
2016-12-18 09:12:45 INFO PHP Unknown Error: no: 2, msg: Creating default object from empty value on line 75 in file /data/code/tcsb/service/lib/nusoap.php uri: /service/service.php, post: []
2016-12-18 09:12:45 INFO AddIdentifyResult: 10342,013012906213,10,reg/013012906213_1218091227|reg/013012906213_1218091227|reg/013012906213_
2016-12-18 09:15:03 INFO PHP Unknown Error: no: 2, msg: Creating default object from empty value on line 75 in file /data/code/tcsb/service/lib/nusoap.php uri: /service/service.php, post: []
2016-12-18 09:15:03 INFO AddIdentifyResult: 10343,013012906825,-1,
2016-12-18 09:15:09 INFO PHP Unknown Error: no: 2, msg: Creating default object from empty value on line 75 in file /data/code/tcsb/service/lib/nusoap.php uri: /service/service.php, post: []
2016-12-18 09:15:09 INFO AddIdentifyResult: 10343,013012906825,-3,
2016-12-18 09:16:45 INFO PHP Unknown Error: no: 2, msg: Creating default object from empty value on line 75 in file /data/code/tcsb/service/lib/nusoap.php uri: /service/service.php, post: []
2016-12-18 09:16:45 INFO AddIdentifyResult: 10343,013012906825,12,
2016-12-18 09:16:52 INFO PHP Unknown Error: no: 2, msg: Creating default object from empty value on line 75 in file /data/code/tcsb/service/lib/nusoap.php uri: /service/service.php, post: []
2016-12-18 09:16:52 INFO AddIdentifyResult: 10343,013012906825,10,reg/013012906825_1218091633|reg/013012906825_1218091633|reg/013012906825_
2016-12-18 09:19:50 INFO PHP Unknown Error: no: 2, msg: Creating default object from empty value on line 75 in file /data/code/tcsb/service/lib/nusoap.php uri: /service/service.php, post: []
2016-12-18 09:19:50 INFO AddIdentifyResult: 10344,013012906390,-1,
2016-12-18 09:20:17 INFO PHP Unknown Error: no: 2, msg: Creating default object from empty value on line 75 in file /data/code/tcsb/service/lib/nusoap.php uri: /service/service.php, post: []
2016-12-18 09:20:17 INFO AddIdentifyResult: 10345,013012906390,-1,
2016-12-18 09:22:37 INFO PHP Unknown Error: no: 2, msg: Creating default object from empty value on line 75 in file /data/code/tcsb/service/lib/nusoap.php uri: /service/service.php, post: []
2016-12-18 09:22:37 INFO AddIdentifyResult: 10346,013012906390,-1,
2016-12-18 09:22:55 INFO PHP Unknown Error: no: 2, msg: Creating default object from empty value on line 75 in file /data/code/tcsb/service/lib/nusoap.php uri: /service/service.php, post: []
2016-12-18 09:22:55 INFO AddIdentifyResult: 10346,013012906390,-3,
2016-12-18 09:24:32 INFO PHP Unknown Error: no: 2, msg: Creating default object from empty value on line 75 in file /data/code/tcsb/service/lib/nusoap.php uri: /service/service.php, post: []
2016-12-18 09:24:32 INFO AddIdentifyResult: 10346,013012906390,12,
2016-12-18 09:24:41 INFO PHP Unknown Error: no: 2, msg: Creating default object from empty value on line 75 in file /data/code/tcsb/service/lib/nusoap.php uri: /service/service.php, post: []
2016-12-18 09:24:41 INFO AddIdentifyResult: 10346,013012906390,10,reg/013012906390_1218092419|reg/013012906390_1218092419|reg/013012906390_
2016-12-18 09:29:31 INFO PHP Unknown Error: no: 2, msg: Creating default object from empty value on line 75 in file /data/code/tcsb/service/lib/nusoap.php uri: /service/service.php, post: []
2016-12-18 09:29:31 INFO AddIdentifyResult: 10347,013012906552,-1,
2016-12-18 09:29:36 INFO PHP Unknown Error: no: 2, msg: Creating default object from empty value on line 75 in file /data/code/tcsb/service/lib/nusoap.php uri: /service/service.php, post: []
2016-12-18 09:29:36 INFO AddIdentifyResult: 10347,013012906552,-3,
2016-12-18 09:32:31 INFO PHP Unknown Error: no: 2, msg: Creating default object from empty value on line 75 in file /data/code/tcsb/service/lib/nusoap.php uri: /service/service.php, post: []
2016-12-18 09:32:31 INFO AddIdentifyResult: 10347,013012906552,12,
2016-12-18 09:32:38 INFO PHP Unknown Error: no: 2, msg: Creating default object from empty value on line 75 in file /data/code/tcsb/service/lib/nusoap.php uri: /service/service.php, post: []
2016-12-18 09:32:38 INFO AddIdentifyResult: 10347,013012906552,10,reg/013012906552_1218093302|reg/013012906552_1218093302|reg/013012906552_1218093100
2016-12-18 09:36:31 INFO PHP Unknown Error: no: 2, msg: Creating default object from empty value on line 75 in file /data/code/tcsb/service/lib/nusoap.php uri: /service/service.php, post: []
2016-12-18 09:36:31 INFO AddIdentifyResult: 10348,013013567491,-1,
2016-12-18 09:36:43 INFO PHP Unknown Error: no: 2, msg: Creating default object from empty value on line 75 in file /data/code/tcsb/service/lib/nusoap.php uri: /service/service.php, post: []
2016-12-18 09:36:43 INFO AddIdentifyResult: 10348,013013567491,-3,
2016-12-18 09:38:27 INFO PHP Unknown Error: no: 2, msg: Creating default object from empty value on line 75 in file /data/code/tcsb/service/lib/nusoap.php uri: /service/service.php, post: []
2016-12-18 09:38:27 INFO AddIdentifyResult: 10348,013013567491,12,
2016-12-18 09:38:34 INFO PHP Unknown Error: no: 2, msg: Creating default object from empty value on line 75 in file /data/code/tcsb/service/lib/nusoap.php uri: /service/service.php, post: []
2016-12-18 09:38:34 INFO AddIdentifyResult: 10348,013013567491,10,reg/013013567491_1218093807|reg/013013567491_1218093807|reg/013013567491_
2016-12-18 09:38:41 INFO PHP Unknown Error: no: 2, msg: Creating default object from empty value on line 75 in file /data/code/tcsb/service/lib/nusoap.php uri: /service/service.php, post: []
2016-12-18 09:38:41 INFO AddIdentifyResult: 10349,013012906657,-1,
2016-12-18 09:38:46 INFO PHP Unknown Error: no: 2, msg: Creating default object from empty value on line 75 in file /data/code/tcsb/service/lib/nusoap.php uri: /service/service.php, post: []
2016-12-18 09:38:46 INFO AddIdentifyResult: 10349,013012906657,-3,
2016-12-18 09:40:06 INFO PHP Unknown Error: no: 2, msg: Creating default object from empty value on line 75 in file /data/code/tcsb/service/lib/nusoap.php uri: /service/service.php, post: []
2016-12-18 09:40:06 INFO AddIdentifyResult: 10349,013012906657,12,
2016-12-18 09:40:13 INFO PHP Unknown Error: no: 2, msg: Creating default object from empty value on line 75 in file /data/code/tcsb/service/lib/nusoap.php uri: /service/service.php, post: []
2016-12-18 09:40:13 INFO AddIdentifyResult: 10349,013012906657,10,reg/013012906657_1218094010|reg/013012906657_1218094010|reg/013012906657_
2016-12-18 09:42:12 INFO PHP Unknown Error: no: 2, msg: Creating default object from empty value on line 75 in file /data/code/tcsb/service/lib/nusoap.php uri: /service/service.php, post: []
2016-12-18 09:42:12 INFO AddIdentifyResult: 10350,0130129006995,-1,
2016-12-18 09:42:57 INFO PHP Unknown Error: no: 2, msg: Creating default object from empty value on line 75 in file /data/code/tcsb/service/lib/nusoap.php uri: /service/service.php, post: []
2016-12-18 09:42:57 INFO AddIdentifyResult: 10351,013012906995,-1,
2016-12-18 09:43:02 INFO PHP Unknown Error: no: 2, msg: Creating default object from empty value on line 75 in file /data/code/tcsb/service/lib/nusoap.php uri: /service/service.php, post: []
2016-12-18 09:43:02 INFO AddIdentifyResult: 10351,013012906995,-3,
2016-12-18 09:45:14 INFO PHP Unknown Error: no: 2, msg: Creating default object from empty value on line 75 in file /data/code/tcsb/service/lib/nusoap.php uri: /service/service.php, post: []
2016-12-18 09:45:14 INFO AddIdentifyResult: 10351,013012906995,12,
2016-12-18 09:45:21 INFO PHP Unknown Error: no: 2, msg: Creating default object from empty value on line 75 in file /data/code/tcsb/service/lib/nusoap.php uri: /service/service.php, post: []
2016-12-18 09:45:21 INFO AddIdentifyResult: 10351,013012906995,10,reg/013012906995_1218094558|reg/013012906995_1218094558|reg/013012906995_1218094426
2016-12-18 09:50:05 INFO PHP Unknown Error: no: 2, msg: Creating default object from empty value on line 75 in file /data/code/tcsb/service/lib/nusoap.php uri: /service/service.php, post: []
2016-12-18 09:50:05 INFO AddIdentifyResult: 10352,018754672980,-1,
2016-12-18 09:50:12 INFO PHP Unknown Error: no: 2, msg: Creating default object from empty value on line 75 in file /data/code/tcsb/service/lib/nusoap.php uri: /service/service.php, post: []
2016-12-18 09:50:12 INFO AddIdentifyResult: 10352,018754672980,-3,
2016-12-18 09:52:03 INFO PHP Unknown Error: no: 2, msg: Creating default object from empty value on line 75 in file /data/code/tcsb/service/lib/nusoap.php uri: /service/service.php, post: []
2016-12-18 09:52:03 INFO AddIdentifyResult: 10352,018754672980,12,
2016-12-18 09:52:10 INFO PHP Unknown Error: no: 2, msg: Creating default object from empty value on line 75 in file /data/code/tcsb/service/lib/nusoap.php uri: /service/service.php, post: []
2016-12-18 09:52:10 INFO AddIdentifyResult: 10352,018754672980,10,reg/018754672980_1218095136|reg/018754672980_1218095136|reg/018754672980_
2016-12-18 09:57:37 INFO PHP Unknown Error: no: 2, msg: Creating default object from empty value on line 75 in file /data/code/tcsb/service/lib/nusoap.php uri: /service/service.php, post: []
2016-12-18 09:57:37 INFO AddIdentifyResult: 10353,013012910767,-1,
2016-12-18 09:57:43 INFO PHP Unknown Error: no: 2, msg: Creating default object from empty value on line 75 in file /data/code/tcsb/service/lib/nusoap.php uri: /service/service.php, post: []
2016-12-18 09:57:43 INFO AddIdentifyResult: 10353,013012910767,-3,
2016-12-18 10:00:44 INFO PHP Unknown Error: no: 2, msg: Creating default object from empty value on line 75 in file /data/code/tcsb/service/lib/nusoap.php uri: /service/service.php, post: []
2016-12-18 10:00:44 INFO AddIdentifyResult: 10353,013012910767,12,
2016-12-18 10:00:51 INFO PHP Unknown Error: no: 2, msg: Creating default object from empty value on line 75 in file /data/code/tcsb/service/lib/nusoap.php uri: /service/service.php, post: []
2016-12-18 10:00:51 INFO AddIdentifyResult: 10353,013012910767,10,reg/013012910767_1218100136|reg/013012910767_1218100136|reg/013012910767_1218095907
2016-12-18 10:02:41 INFO PHP Unknown Error: no: 2, msg: Creating default object from empty value on line 75 in file /data/code/tcsb/service/lib/nusoap.php uri: /service/service.php, post: []
2016-12-18 10:02:41 INFO AddIdentifyResult: 10354,013012907270,-1,
2016-12-18 10:02:47 INFO PHP Unknown Error: no: 2, msg: Creating default object from empty value on line 75 in file /data/code/tcsb/service/lib/nusoap.php uri: /service/service.php, post: []
2016-12-18 10:02:47 INFO AddIdentifyResult: 10354,013012907270,-3,
2016-12-18 10:04:58 INFO PHP Unknown Error: no: 2, msg: Creating default object from empty value on line 75 in file /data/code/tcsb/service/lib/nusoap.php uri: /service/service.php, post: []
2016-12-18 10:04:58 INFO AddIdentifyResult: 10354,013012907270,12,
2016-12-18 10:05:07 INFO PHP Unknown Error: no: 2, msg: Creating default object from empty value on line 75 in file /data/code/tcsb/service/lib/nusoap.php uri: /service/service.php, post: []
2016-12-18 10:05:07 INFO AddIdentifyResult: 10354,013012907270,10,reg/013012907270_1218100411|reg/013012907270_1218100411|reg/013012907270_
2016-12-18 10:07:07 INFO PHP Unknown Error: no: 2, msg: Creating default object from empty value on line 75 in file /data/code/tcsb/service/lib/nusoap.php uri: /service/service.php, post: []
2016-12-18 10:07:07 INFO AddIdentifyResult: 10355,13012907710,-1,
2016-12-18 10:07:24 INFO PHP Unknown Error: no: 2, msg: Creating default object from empty value on line 75 in file /data/code/tcsb/service/lib/nusoap.php uri: /service/service.php, post: []
2016-12-18 10:07:24 INFO AddIdentifyResult: 10356,13012907710,-1,
2016-12-18 10:07:53 INFO PHP Unknown Error: no: 2, msg: Creating default object from empty value on line 75 in file /data/code/tcsb/service/lib/nusoap.php uri: /service/service.php, post: []
2016-12-18 10:07:53 INFO AddIdentifyResult: 10357,013012907710,-1,
2016-12-18 10:07:58 INFO PHP Unknown Error: no: 2, msg: Creating default object from empty value on line 75 in file /data/code/tcsb/service/lib/nusoap.php uri: /service/service.php, post: []
2016-12-18 10:07:58 INFO AddIdentifyResult: 10357,013012907710,-3,
2016-12-18 10:09:59 INFO PHP Unknown Error: no: 2, msg: Creating default object from empty value on line 75 in file /data/code/tcsb/service/lib/nusoap.php uri: /service/service.php, post: []
2016-12-18 10:09:59 INFO AddIdentifyResult: 10357,013012907710,12,
2016-12-18 10:10:07 INFO PHP Unknown Error: no: 2, msg: Creating default object from empty value on line 75 in file /data/code/tcsb/service/lib/nusoap.php uri: /service/service.php, post: []
2016-12-18 10:10:07 INFO AddIdentifyResult: 10357,013012907710,10,reg/013012907710_1218100922|reg/013012907710_1218100922|reg/013012907710_
2016-12-18 10:12:08 INFO PHP Unknown Error: no: 2, msg: Creating default object from empty value on line 75 in file /data/code/tcsb/service/lib/nusoap.php uri: /service/service.php, post: []
2016-12-18 10:12:08 INFO AddIdentifyResult: 10358,013012909179,-1,
2016-12-18 10:12:14 INFO PHP Unknown Error: no: 2, msg: Creating default object from empty value on line 75 in file /data/code/tcsb/service/lib/nusoap.php uri: /service/service.php, post: []
2016-12-18 10:12:14 INFO AddIdentifyResult: 10358,013012909179,-3,
2016-12-18 10:14:30 INFO PHP Unknown Error: no: 2, msg: Creating default object from empty value on line 75 in file /data/code/tcsb/service/lib/nusoap.php uri: /service/service.php, post: []
2016-12-18 10:14:30 INFO AddIdentifyResult: 10358,013012909179,12,
2016-12-18 10:14:37 INFO PHP Unknown Error: no: 2, msg: Creating default object from empty value on line 75 in file /data/code/tcsb/service/lib/nusoap.php uri: /service/service.php, post: []
2016-12-18 10:14:37 INFO AddIdentifyResult: 10358,013012909179,10,reg/013012909179_1218101509|reg/013012909179_1218101509|reg/013012909179_1218101338
2016-12-18 10:15:51 INFO PHP Unknown Error: no: 2, msg: Creating default object from empty value on line 75 in file /data/code/tcsb/service/lib/nusoap.php uri: /service/service.php, post: []
2016-12-18 10:15:51 INFO AddIdentifyResult: 10359,013012907093,-1,
2016-12-18 10:15:59 INFO PHP Unknown Error: no: 2, msg: Creating default object from empty value on line 75 in file /data/code/tcsb/service/lib/nusoap.php uri: /service/service.php, post: []
2016-12-18 10:15:59 INFO AddIdentifyResult: 10359,013012907093,-3,
2016-12-18 10:18:08 INFO PHP Unknown Error: no: 2, msg: Creating default object from empty value on line 75 in file /data/code/tcsb/service/lib/nusoap.php uri: /service/service.php, post: []
2016-12-18 10:18:08 INFO AddIdentifyResult: 10360,013012908537,-1,
2016-12-18 10:18:13 INFO PHP Unknown Error: no: 2, msg: Creating default object from empty value on line 75 in file /data/code/tcsb/service/lib/nusoap.php uri: /service/service.php, post: []
2016-12-18 10:18:13 INFO AddIdentifyResult: 10360,013012908537,-3,
2016-12-18 10:18:28 INFO PHP Unknown Error: no: 2, msg: Creating default object from empty value on line 75 in file /data/code/tcsb/service/lib/nusoap.php uri: /service/service.php, post: []
2016-12-18 10:18:28 INFO AddIdentifyResult: 10359,013012907093,12,
2016-12-18 10:18:35 INFO PHP Unknown Error: no: 2, msg: Creating default object from empty value on line 75 in file /data/code/tcsb/service/lib/nusoap.php uri: /service/service.php, post: []
2016-12-18 10:18:35 INFO AddIdentifyResult: 10359,013012907093,10,reg/013012907093_1218101723|reg/013012907093_1218101723|reg/013012907093_
2016-12-18 10:20:16 INFO PHP Unknown Error: no: 2, msg: Creating default object from empty value on line 75 in file /data/code/tcsb/service/lib/nusoap.php uri: /service/service.php, post: []
2016-12-18 10:20:16 INFO AddIdentifyResult: 10360,013012908537,12,
2016-12-18 10:20:23 INFO PHP Unknown Error: no: 2, msg: Creating default object from empty value on line 75 in file /data/code/tcsb/service/lib/nusoap.php uri: /service/service.php, post: []
2016-12-18 10:20:23 INFO AddIdentifyResult: 10360,013012908537,10,reg/013012908537_1218101937|reg/013012908537_1218101937|reg/013012908537_
2016-12-18 10:20:27 INFO PHP Unknown Error: no: 2, msg: Creating default object from empty value on line 75 in file /data/code/tcsb/service/lib/nusoap.php uri: /service/service.php, post: []
2016-12-18 10:20:27 INFO AddIdentifyResult: 10361,013854643952,-1,
2016-12-18 10:21:26 INFO PHP Unknown Error: no: 2, msg: Creating default object from empty value on line 75 in file /data/code/tcsb/service/lib/nusoap.php uri: /service/service.php, post: []
2016-12-18 10:21:26 INFO AddIdentifyResult: 10362,013854643952,-1,
2016-12-18 10:21:34 INFO PHP Unknown Error: no: 2, msg: Creating default object from empty value on line 75 in file /data/code/tcsb/service/lib/nusoap.php uri: /service/service.php, post: []
2016-12-18 10:21:34 INFO AddIdentifyResult: 10362,013854643952,-3,
2016-12-18 10:21:34 INFO PHP Unknown Error: no: 2, msg: Creating default object from empty value on line 75 in file /data/code/tcsb/service/lib/nusoap.php uri: /service/service.php, post: []
2016-12-18 10:21:34 INFO AddIdentifyResult: 10363,013012910036,-1,
2016-12-18 10:22:01 INFO PHP Unknown Error: no: 2, msg: Creating default object from empty value on line 75 in file /data/code/tcsb/service/lib/nusoap.php uri: /service/service.php, post: []
2016-12-18 10:22:01 INFO AddIdentifyResult: 10364,013012910036,-1,
2016-12-18 10:23:36 INFO PHP Unknown Error: no: 2, msg: Creating default object from empty value on line 75 in file /data/code/tcsb/service/lib/nusoap.php uri: /service/service.php, post: []
2016-12-18 10:23:36 INFO AddIdentifyResult: 10362,013854643952,12,
2016-12-18 10:23:46 INFO PHP Unknown Error: no: 2, msg: Creating default object from empty value on line 75 in file /data/code/tcsb/service/lib/nusoap.php uri: /service/service.php, post: []
2016-12-18 10:23:46 INFO AddIdentifyResult: 10362,013854643952,10,reg/013854643952_1218102258|reg/013854643952_1218102258|reg/013854643952_
2016-12-18 10:24:34 INFO PHP Unknown Error: no: 2, msg: Creating default object from empty value on line 75 in file /data/code/tcsb/service/lib/nusoap.php uri: /service/service.php, post: []
2016-12-18 10:24:34 INFO AddIdentifyResult: 10365,013012910036,-1,
2016-12-18 10:26:56 INFO PHP Unknown Error: no: 2, msg: Creating default object from empty value on line 75 in file /data/code/tcsb/service/lib/nusoap.php uri: /service/service.php, post: []
2016-12-18 10:26:56 INFO AddIdentifyResult: 10366,013012907561,-1,
2016-12-18 10:27:03 INFO PHP Unknown Error: no: 2, msg: Creating default object from empty value on line 75 in file /data/code/tcsb/service/lib/nusoap.php uri: /service/service.php, post: []
2016-12-18 10:27:03 INFO AddIdentifyResult: 10366,013012907561,-3,
2016-12-18 10:28:39 INFO PHP Unknown Error: no: 2, msg: Creating default object from empty value on line 75 in file /data/code/tcsb/service/lib/nusoap.php uri: /service/service.php, post: []
2016-12-18 10:28:39 INFO AddIdentifyResult: 10367,013012908690,-1,
2016-12-18 10:28:47 INFO PHP Unknown Error: no: 2, msg: Creating default object from empty value on line 75 in file /data/code/tcsb/service/lib/nusoap.php uri: /service/service.php, post: []
2016-12-18 10:28:47 INFO AddIdentifyResult: 10367,013012908690,-3,
2016-12-18 10:29:36 INFO PHP Unknown Error: no: 2, msg: Creating default object from empty value on line 75 in file /data/code/tcsb/service/lib/nusoap.php uri: /service/service.php, post: []
2016-12-18 10:29:36 INFO AddIdentifyResult: 10366,013012907561,12,
2016-12-18 10:29:42 INFO PHP Unknown Error: no: 2, msg: Creating default object from empty value on line 75 in file /data/code/tcsb/service/lib/nusoap.php uri: /service/service.php, post: []
2016-12-18 10:29:42 INFO AddIdentifyResult: 10366,013012907561,10,reg/013012907561_1218103029|reg/013012907561_1218103029|reg/013012907561_1218102827
2016-12-18 10:30:35 INFO PHP Unknown Error: no: 2, msg: Creating default object from empty value on line 75 in file /data/code/tcsb/service/lib/nusoap.php uri: /service/service.php, post: []
2016-12-18 10:30:35 INFO AddIdentifyResult: 10367,013012908690,12,
2016-12-18 10:30:42 INFO PHP Unknown Error: no: 2, msg: Creating default object from empty value on line 75 in file /data/code/tcsb/service/lib/nusoap.php uri: /service/service.php, post: []
2016-12-18 10:30:42 INFO AddIdentifyResult: 10367,013012908690,10,reg/013012908690_1218103011|reg/013012908690_1218103011|reg/013012908690_
2016-12-18 10:30:45 INFO PHP Unknown Error: no: 2, msg: Creating default object from empty value on line 75 in file /data/code/tcsb/service/lib/nusoap.php uri: /service/service.php, post: []
2016-12-18 10:30:45 INFO AddIdentifyResult: 10368,015066053823,-1,
2016-12-18 10:32:06 INFO PHP Unknown Error: no: 2, msg: Creating default object from empty value on line 75 in file /data/code/tcsb/service/lib/nusoap.php uri: /service/service.php, post: []
2016-12-18 10:32:06 INFO AddIdentifyResult: 10369,015005463397,-1,
2016-12-18 10:32:14 INFO PHP Unknown Error: no: 2, msg: Creating default object from empty value on line 75 in file /data/code/tcsb/service/lib/nusoap.php uri: /service/service.php, post: []
2016-12-18 10:32:14 INFO AddIdentifyResult: 10369,015005463397,-3,
2016-12-18 10:33:50 INFO PHP Unknown Error: no: 2, msg: Creating default object from empty value on line 75 in file /data/code/tcsb/service/lib/nusoap.php uri: /service/service.php, post: []
2016-12-18 10:33:50 INFO AddIdentifyResult: 10369,015005463397,12,
2016-12-18 10:33:57 INFO PHP Unknown Error: no: 2, msg: Creating default object from empty value on line 75 in file /data/code/tcsb/service/lib/nusoap.php uri: /service/service.php, post: []
2016-12-18 10:33:57 INFO AddIdentifyResult: 10369,015005463397,10,reg/015005463397_1218103338|reg/015005463397_1218103338|reg/015005463397_
2016-12-18 10:39:13 INFO PHP Unknown Error: no: 2, msg: Creating default object from empty value on line 75 in file /data/code/tcsb/service/lib/nusoap.php uri: /service/service.php, post: []
2016-12-18 10:39:13 INFO AddIdentifyResult: 10370,013012908812,-1,
2016-12-18 10:39:23 INFO PHP Unknown Error: no: 2, msg: Creating default object from empty value on line 75 in file /data/code/tcsb/service/lib/nusoap.php uri: /service/service.php, post: []
2016-12-18 10:39:23 INFO AddIdentifyResult: 10370,013012908812,-3,
2016-12-18 10:41:27 INFO PHP Unknown Error: no: 2, msg: Creating default object from empty value on line 75 in file /data/code/tcsb/service/lib/nusoap.php uri: /service/service.php, post: []
2016-12-18 10:41:27 INFO AddIdentifyResult: 10370,013012908812,12,
2016-12-18 10:41:35 INFO PHP Unknown Error: no: 2, msg: Creating default object from empty value on line 75 in file /data/code/tcsb/service/lib/nusoap.php uri: /service/service.php, post: []
2016-12-18 10:41:35 INFO AddIdentifyResult: 10370,013012908812,10,reg/013012908812_1218104202|reg/013012908812_1218104202|reg/013012908812_1218104047
2016-12-18 10:42:42 INFO PHP Unknown Error: no: 2, msg: Creating default object from empty value on line 75 in file /data/code/tcsb/service/lib/nusoap.php uri: /service/service.php, post: []
2016-12-18 10:42:42 INFO AddIdentifyResult: 10371,013012907220,-1,
2016-12-18 10:42:48 INFO PHP Unknown Error: no: 2, msg: Creating default object from empty value on line 75 in file /data/code/tcsb/service/lib/nusoap.php uri: /service/service.php, post: []
2016-12-18 10:42:48 INFO AddIdentifyResult: 10371,013012907220,-3,
2016-12-18 10:45:17 INFO PHP Unknown Error: no: 2, msg: Creating default object from empty value on line 75 in file /data/code/tcsb/service/lib/nusoap.php uri: /service/service.php, post: []
2016-12-18 10:45:17 INFO AddIdentifyResult: 10371,013012907220,12,
2016-12-18 10:45:23 INFO PHP Unknown Error: no: 2, msg: Creating default object from empty value on line 75 in file /data/code/tcsb/service/lib/nusoap.php uri: /service/service.php, post: []
2016-12-18 10:45:23 INFO AddIdentifyResult: 10371,013012907220,10,reg/013012907220_1218104600|reg/013012907220_1218104600|reg/013012907220_1218104412
2016-12-18 10:45:26 INFO PHP Unknown Error: no: 2, msg: Creating default object from empty value on line 75 in file /data/code/tcsb/service/lib/nusoap.php uri: /service/service.php, post: []
2016-12-18 10:45:26 INFO AddIdentifyResult: 10372,018510555363,-1,
2016-12-18 10:45:35 INFO PHP Unknown Error: no: 2, msg: Creating default object from empty value on line 75 in file /data/code/tcsb/service/lib/nusoap.php uri: /service/service.php, post: []
2016-12-18 10:45:35 INFO AddIdentifyResult: 10372,018510555363,-3,
2016-12-18 10:47:48 INFO PHP Unknown Error: no: 2, msg: Creating default object from empty value on line 75 in file /data/code/tcsb/service/lib/nusoap.php uri: /service/service.php, post: []
2016-12-18 10:47:48 INFO AddIdentifyResult: 10372,018510555363,12,
2016-12-18 10:47:54 INFO PHP Unknown Error: no: 2, msg: Creating default object from empty value on line 75 in file /data/code/tcsb/service/lib/nusoap.php uri: /service/service.php, post: []
2016-12-18 10:47:54 INFO AddIdentifyResult: 10372,018510555363,10,reg/018510555363_1218104659|reg/018510555363_1218104659|reg/018510555363_
2016-12-18 10:51:38 INFO PHP Unknown Error: no: 2, msg: Creating default object from empty value on line 75 in file /data/code/tcsb/service/lib/nusoap.php uri: /service/service.php, post: []
2016-12-18 10:51:38 INFO AddIdentifyResult: 10373,013012909707,-1,
2016-12-18 10:53:18 INFO PHP Unknown Error: no: 2, msg: Creating default object from empty value on line 75 in file /data/code/tcsb/service/lib/nusoap.php uri: /service/service.php, post: []
2016-12-18 10:53:18 INFO AddIdentifyResult: 10374,013012909707,-1,
2016-12-18 10:53:24 INFO PHP Unknown Error: no: 2, msg: Creating default object from empty value on line 75 in file /data/code/tcsb/service/lib/nusoap.php uri: /service/service.php, post: []
2016-12-18 10:53:24 INFO AddIdentifyResult: 10374,013012909707,-3,
2016-12-18 10:54:03 INFO PHP Unknown Error: no: 2, msg: Creating default object from empty value on line 75 in file /data/code/tcsb/service/lib/nusoap.php uri: /service/service.php, post: []
2016-12-18 10:54:03 INFO AddIdentifyResult: 10375,013012909132,-1,
2016-12-18 10:54:11 INFO PHP Unknown Error: no: 2, msg: Creating default object from empty value on line 75 in file /data/code/tcsb/service/lib/nusoap.php uri: /service/service.php, post: []
2016-12-18 10:54:11 INFO AddIdentifyResult: 10375,013012909132,-3,
2016-12-18 10:55:04 INFO PHP Unknown Error: no: 2, msg: Creating default object from empty value on line 75 in file /data/code/tcsb/service/lib/nusoap.php uri: /service/service.php, post: []
2016-12-18 10:55:04 INFO AddIdentifyResult: 10374,013012909707,12,
2016-12-18 10:55:10 INFO PHP Unknown Error: no: 2, msg: Creating default object from empty value on line 75 in file /data/code/tcsb/service/lib/nusoap.php uri: /service/service.php, post: []
2016-12-18 10:55:10 INFO AddIdentifyResult: 10374,013012909707,10,reg/013012909707_1218105449|reg/013012909707_1218105449|reg/013012909707_
2016-12-18 10:56:12 INFO PHP Unknown Error: no: 2, msg: Creating default object from empty value on line 75 in file /data/code/tcsb/service/lib/nusoap.php uri: /service/service.php, post: []
2016-12-18 10:56:12 INFO AddIdentifyResult: 10375,013012909132,12,
2016-12-18 10:56:18 INFO PHP Unknown Error: no: 2, msg: Creating default object from empty value on line 75 in file /data/code/tcsb/service/lib/nusoap.php uri: /service/service.php, post: []
2016-12-18 10:56:18 INFO AddIdentifyResult: 10375,013012909132,10,reg/013012909132_1218105535|reg/013012909132_1218105535|reg/013012909132_
2016-12-18 10:57:29 INFO PHP Unknown Error: no: 2, msg: Creating default object from empty value on line 75 in file /data/code/tcsb/service/lib/nusoap.php uri: /service/service.php, post: []
2016-12-18 10:57:29 INFO AddIdentifyResult: 10376,013012908731,-1,
2016-12-18 10:58:03 INFO PHP Unknown Error: no: 2, msg: Creating default object from empty value on line 75 in file /data/code/tcsb/service/lib/nusoap.php uri: /service/service.php, post: []
2016-12-18 10:58:03 INFO AddIdentifyResult: 10377,013465469240,-1,
2016-12-18 10:58:12 INFO PHP Unknown Error: no: 2, msg: Creating default object from empty value on line 75 in file /data/code/tcsb/service/lib/nusoap.php uri: /service/service.php, post: []
2016-12-18 10:58:12 INFO AddIdentifyResult: 10377,013465469240,-3,
2016-12-18 10:58:55 INFO PHP Unknown Error: no: 2, msg: Creating default object from empty value on line 75 in file /data/code/tcsb/service/lib/nusoap.php uri: /service/service.php, post: []
2016-12-18 10:58:55 INFO AddIdentifyResult: 10378,013012908731,-1,
2016-12-18 10:59:09 INFO PHP Unknown Error: no: 2, msg: Creating default object from empty value on line 75 in file /data/code/tcsb/service/lib/nusoap.php uri: /service/service.php, post: []
2016-12-18 10:59:09 INFO AddIdentifyResult: 10378,013012908731,-3,
2016-12-18 11:00:33 INFO PHP Unknown Error: no: 2, msg: Creating default object from empty value on line 75 in file /data/code/tcsb/service/lib/nusoap.php uri: /service/service.php, post: []
2016-12-18 11:00:33 INFO AddIdentifyResult: 10377,013465469240,12,
2016-12-18 11:00:39 INFO PHP Unknown Error: no: 2, msg: Creating default object from empty value on line 75 in file /data/code/tcsb/service/lib/nusoap.php uri: /service/service.php, post: []
2016-12-18 11:00:39 INFO AddIdentifyResult: 10377,013465469240,10,reg/013465469240_1218110125|reg/013465469240_1218110125|reg/013465469240_1218105936
2016-12-18 11:01:26 INFO PHP Unknown Error: no: 2, msg: Creating default object from empty value on line 75 in file /data/code/tcsb/service/lib/nusoap.php uri: /service/service.php, post: []
2016-12-18 11:01:26 INFO AddIdentifyResult: 10378,013012908731,12,
2016-12-18 11:01:33 INFO PHP Unknown Error: no: 2, msg: Creating default object from empty value on line 75 in file /data/code/tcsb/service/lib/nusoap.php uri: /service/service.php, post: []
2016-12-18 11:01:34 INFO AddIdentifyResult: 10378,013012908731,10,reg/013012908731_1218110034|reg/013012908731_1218110034|reg/013012908731_
2016-12-18 11:03:04 INFO PHP Unknown Error: no: 2, msg: Creating default object from empty value on line 75 in file /data/code/tcsb/service/lib/nusoap.php uri: /service/service.php, post: []
2016-12-18 11:03:04 INFO AddIdentifyResult: 10379,013012910527,-1,
2016-12-18 11:03:41 INFO PHP Unknown Error: no: 2, msg: Creating default object from empty value on line 75 in file /data/code/tcsb/service/lib/nusoap.php uri: /service/service.php, post: []
2016-12-18 11:03:41 INFO AddIdentifyResult: 10380,013012910527,-1,
2016-12-18 11:08:32 INFO PHP Unknown Error: no: 2, msg: Creating default object from empty value on line 75 in file /data/code/tcsb/service/lib/nusoap.php uri: /service/service.php, post: []
2016-12-18 11:08:32 INFO AddIdentifyResult: 10381,013012910925,-1,
2016-12-18 11:08:52 INFO PHP Unknown Error: no: 2, msg: Creating default object from empty value on line 75 in file /data/code/tcsb/service/lib/nusoap.php uri: /service/service.php, post: []
2016-12-18 11:08:52 INFO AddIdentifyResult: 10381,013012910925,-3,
2016-12-18 11:09:02 INFO PHP Unknown Error: no: 2, msg: Creating default object from empty value on line 75 in file /data/code/tcsb/service/lib/nusoap.php uri: /service/service.php, post: []
2016-12-18 11:09:02 INFO AddIdentifyResult: 10381,013012910925,11,reg/013012910925_|reg/013012910925_|reg/013012910925_
2016-12-18 11:09:10 INFO PHP Unknown Error: no: 2, msg: Creating default object from empty value on line 75 in file /data/code/tcsb/service/lib/nusoap.php uri: /service/service.php, post: []
2016-12-18 11:09:10 INFO AddIdentifyResult: 10382,013012910036,-1,
2016-12-18 11:09:18 INFO PHP Unknown Error: no: 2, msg: Creating default object from empty value on line 75 in file /data/code/tcsb/service/lib/nusoap.php uri: /service/service.php, post: []
2016-12-18 11:09:18 INFO AddIdentifyResult: 10382,013012910036,-3,
2016-12-18 11:09:23 INFO PHP Unknown Error: no: 2, msg: Creating default object from empty value on line 75 in file /data/code/tcsb/service/lib/nusoap.php uri: /service/service.php, post: []
2016-12-18 11:09:23 INFO AddIdentifyResult: 10383,013012910925,-1,
2016-12-18 11:09:31 INFO PHP Unknown Error: no: 2, msg: Creating default object from empty value on line 75 in file /data/code/tcsb/service/lib/nusoap.php uri: /service/service.php, post: []
2016-12-18 11:09:31 INFO AddIdentifyResult: 10383,013012910925,-3,
2016-12-18 11:10:55 INFO PHP Unknown Error: no: 2, msg: Creating default object from empty value on line 75 in file /data/code/tcsb/service/lib/nusoap.php uri: /service/service.php, post: []
2016-12-18 11:10:55 INFO AddIdentifyResult: 10382,013012910036,12,
2016-12-18 11:11:02 INFO PHP Unknown Error: no: 2, msg: Creating default object from empty value on line 75 in file /data/code/tcsb/service/lib/nusoap.php uri: /service/service.php, post: []
2016-12-18 11:11:02 INFO AddIdentifyResult: 10382,013012910036,10,reg/013012910036_1218111042|reg/013012910036_1218111042|reg/013012910036_
2016-12-18 11:11:19 INFO PHP Unknown Error: no: 2, msg: Creating default object from empty value on line 75 in file /data/code/tcsb/service/lib/nusoap.php uri: /service/service.php, post: []
2016-12-18 11:11:19 INFO AddIdentifyResult: 10384,013954688685,-1,
2016-12-18 11:11:30 INFO PHP Unknown Error: no: 2, msg: Creating default object from empty value on line 75 in file /data/code/tcsb/service/lib/nusoap.php uri: /service/service.php, post: []
2016-12-18 11:11:30 INFO AddIdentifyResult: 10384,013954688685,-3,
2016-12-18 11:11:37 INFO PHP Unknown Error: no: 2, msg: Creating default object from empty value on line 75 in file /data/code/tcsb/service/lib/nusoap.php uri: /service/service.php, post: []
2016-12-18 11:11:37 INFO AddIdentifyResult: 10383,013012910925,12,
2016-12-18 11:11:44 INFO PHP Unknown Error: no: 2, msg: Creating default object from empty value on line 75 in file /data/code/tcsb/service/lib/nusoap.php uri: /service/service.php, post: []
2016-12-18 11:11:44 INFO AddIdentifyResult: 10383,013012910925,10,reg/013012910925_1218111056|reg/013012910925_1218111056|reg/013012910925_
2016-12-18 11:13:25 INFO PHP Unknown Error: no: 2, msg: Creating default object from empty value on line 75 in file /data/code/tcsb/service/lib/nusoap.php uri: /service/service.php, post: []
2016-12-18 11:13:25 INFO AddIdentifyResult: 10384,013954688685,12,
2016-12-18 11:13:32 INFO PHP Unknown Error: no: 2, msg: Creating default object from empty value on line 75 in file /data/code/tcsb/service/lib/nusoap.php uri: /service/service.php, post: []
2016-12-18 11:13:32 INFO AddIdentifyResult: 10384,013954688685,10,reg/013954688685_1218111255|reg/013954688685_1218111255|reg/013954688685_
2016-12-18 11:13:59 INFO PHP Unknown Error: no: 2, msg: Creating default object from empty value on line 75 in file /data/code/tcsb/service/lib/nusoap.php uri: /service/service.php, post: []
2016-12-18 11:13:59 INFO AddIdentifyResult: 10385,013012910527,-1,
2016-12-18 11:14:06 INFO PHP Unknown Error: no: 2, msg: Creating default object from empty value on line 75 in file /data/code/tcsb/service/lib/nusoap.php uri: /service/service.php, post: []
2016-12-18 11:14:06 INFO AddIdentifyResult: 10385,013012910527,-3,
2016-12-18 11:15:49 INFO PHP Unknown Error: no: 2, msg: Creating default object from empty value on line 75 in file /data/code/tcsb/service/lib/nusoap.php uri: /service/service.php, post: []
2016-12-18 11:15:49 INFO AddIdentifyResult: 10385,013012910527,12,
2016-12-18 11:15:56 INFO PHP Unknown Error: no: 2, msg: Creating default object from empty value on line 75 in file /data/code/tcsb/service/lib/nusoap.php uri: /service/service.php, post: []
2016-12-18 11:15:56 INFO AddIdentifyResult: 10385,013012910527,10,reg/013012910527_1218111531|reg/013012910527_1218111531|reg/013012910527_
2016-12-18 11:17:34 INFO PHP Unknown Error: no: 2, msg: Creating default object from empty value on line 75 in file /data/code/tcsb/service/lib/nusoap.php uri: /service/service.php, post: []
2016-12-18 11:17:34 INFO AddIdentifyResult: 10386,013256470080,-1,
2016-12-18 11:17:43 INFO PHP Unknown Error: no: 2, msg: Creating default object from empty value on line 75 in file /data/code/tcsb/service/lib/nusoap.php uri: /service/service.php, post: []
2016-12-18 11:17:43 INFO AddIdentifyResult: 10386,013256470080,-3,
2016-12-18 11:20:06 INFO PHP Unknown Error: no: 2, msg: Creating default object from empty value on line 75 in file /data/code/tcsb/service/lib/nusoap.php uri: /service/service.php, post: []
2016-12-18 11:20:06 INFO AddIdentifyResult: 10386,013256470080,12,
2016-12-18 11:20:14 INFO PHP Unknown Error: no: 2, msg: Creating default object from empty value on line 75 in file /data/code/tcsb/service/lib/nusoap.php uri: /service/service.php, post: []
2016-12-18 11:20:14 INFO AddIdentifyResult: 10386,013256470080,10,reg/013256470080_1218112037|reg/013256470080_1218112037|reg/013256470080_1218111907
2016-12-18 11:27:51 INFO PHP Unknown Error: no: 2, msg: Creating default object from empty value on line 75 in file /data/code/tcsb/service/lib/nusoap.php uri: /service/service.php, post: []
2016-12-18 11:27:51 INFO AddIdentifyResult: 10387,013012911130,-1,
2016-12-18 11:28:08 INFO PHP Unknown Error: no: 2, msg: Creating default object from empty value on line 75 in file /data/code/tcsb/service/lib/nusoap.php uri: /service/service.php, post: []
2016-12-18 11:28:08 INFO AddIdentifyResult: 10388,013012913681,-1,
2016-12-18 11:28:14 INFO PHP Unknown Error: no: 2, msg: Creating default object from empty value on line 75 in file /data/code/tcsb/service/lib/nusoap.php uri: /service/service.php, post: []
2016-12-18 11:28:14 INFO AddIdentifyResult: 10388,013012913681,-3,
2016-12-18 11:28:34 INFO PHP Unknown Error: no: 2, msg: Creating default object from empty value on line 75 in file /data/code/tcsb/service/lib/nusoap.php uri: /service/service.php, post: []
2016-12-18 11:28:34 INFO AddIdentifyResult: 10387,013012911130,-3,
2016-12-18 11:29:46 INFO PHP Unknown Error: no: 2, msg: Creating default object from empty value on line 75 in file /data/code/tcsb/service/lib/nusoap.php uri: /service/service.php, post: []
2016-12-18 11:29:46 INFO AddIdentifyResult: 10388,013012913681,12,
2016-12-18 11:29:52 INFO PHP Unknown Error: no: 2, msg: Creating default object from empty value on line 75 in file /data/code/tcsb/service/lib/nusoap.php uri: /service/service.php, post: []
2016-12-18 11:29:52 INFO AddIdentifyResult: 10388,013012913681,10,reg/013012913681_1218112938|reg/013012913681_1218112938|reg/013012913681_
2016-12-18 11:30:03 INFO PHP Unknown Error: no: 2, msg: Creating default object from empty value on line 75 in file /data/code/tcsb/service/lib/nusoap.php uri: /service/service.php, post: []
2016-12-18 11:30:03 INFO AddIdentifyResult: 10387,013012911130,12,
2016-12-18 11:30:10 INFO PHP Unknown Error: no: 2, msg: Creating default object from empty value on line 75 in file /data/code/tcsb/service/lib/nusoap.php uri: /service/service.php, post: []
2016-12-18 11:30:10 INFO AddIdentifyResult: 10387,013012911130,10,reg/013012911130_1218112959|reg/013012911130_1218112959|reg/013012911130_
2016-12-18 11:31:41 INFO PHP Unknown Error: no: 2, msg: Creating default object from empty value on line 75 in file /data/code/tcsb/service/lib/nusoap.php uri: /service/service.php, post: []
2016-12-18 11:31:41 INFO AddIdentifyResult: 10389,013561003077,-1,
2016-12-18 11:31:48 INFO PHP Unknown Error: no: 2, msg: Creating default object from empty value on line 75 in file /data/code/tcsb/service/lib/nusoap.php uri: /service/service.php, post: []
2016-12-18 11:31:48 INFO AddIdentifyResult: 10389,013561003077,-3,
2016-12-18 11:32:01 INFO PHP Unknown Error: no: 2, msg: Creating default object from empty value on line 75 in file /data/code/tcsb/service/lib/nusoap.php uri: /service/service.php, post: []
2016-12-18 11:32:01 INFO AddIdentifyResult: 10390,018654620799,-1,
2016-12-18 11:32:13 INFO PHP Unknown Error: no: 2, msg: Creating default object from empty value on line 75 in file /data/code/tcsb/service/lib/nusoap.php uri: /service/service.php, post: []
2016-12-18 11:32:13 INFO AddIdentifyResult: 10390,018654620799,-3,
2016-12-18 11:32:24 INFO PHP Unknown Error: no: 2, msg: Creating default object from empty value on line 75 in file /data/code/tcsb/service/lib/nusoap.php uri: /service/service.php, post: []
2016-12-18 11:32:24 INFO AddIdentifyResult: 10391,018654620799,-1,
2016-12-18 11:32:25 INFO PHP Unknown Error: no: 2, msg: Creating default object from empty value on line 75 in file /data/code/tcsb/service/lib/nusoap.php uri: /service/service.php, post: []
2016-12-18 11:32:25 INFO AddIdentifyResult: 10390,018654620799,11,reg/018654620799_|reg/018654620799_|reg/018654620799_
2016-12-18 11:32:32 INFO PHP Unknown Error: no: 2, msg: Creating default object from empty value on line 75 in file /data/code/tcsb/service/lib/nusoap.php uri: /service/service.php, post: []
2016-12-18 11:32:32 INFO AddIdentifyResult: 10391,018654620799,-3,
2016-12-18 11:33:39 INFO PHP Unknown Error: no: 2, msg: Creating default object from empty value on line 75 in file /data/code/tcsb/service/lib/nusoap.php uri: /service/service.php, post: []
2016-12-18 11:33:39 INFO AddIdentifyResult: 10389,013561003077,12,
2016-12-18 11:33:46 INFO PHP Unknown Error: no: 2, msg: Creating default object from empty value on line 75 in file /data/code/tcsb/service/lib/nusoap.php uri: /service/service.php, post: []
2016-12-18 11:33:46 INFO AddIdentifyResult: 10389,013561003077,10,reg/013561003077_1218113313|reg/013561003077_1218113313|reg/013561003077_
2016-12-18 11:34:07 INFO PHP Unknown Error: no: 2, msg: Creating default object from empty value on line 75 in file /data/code/tcsb/service/lib/nusoap.php uri: /service/service.php, post: []
2016-12-18 11:34:07 INFO AddIdentifyResult: 10391,018654620799,12,
2016-12-18 11:34:14 INFO PHP Unknown Error: no: 2, msg: Creating default object from empty value on line 75 in file /data/code/tcsb/service/lib/nusoap.php uri: /service/service.php, post: []
2016-12-18 11:34:14 INFO AddIdentifyResult: 10391,018654620799,10,reg/018654620799_1218113356|reg/018654620799_1218113356|reg/018654620799_
2016-12-18 11:37:23 INFO PHP Unknown Error: no: 2, msg: Creating default object from empty value on line 75 in file /data/code/tcsb/service/lib/nusoap.php uri: /service/service.php, post: []
2016-12-18 11:37:23 INFO AddIdentifyResult: 10392,018254672522,-1,
2016-12-18 11:37:36 INFO PHP Unknown Error: no: 2, msg: Creating default object from empty value on line 75 in file /data/code/tcsb/service/lib/nusoap.php uri: /service/service.php, post: []
2016-12-18 11:37:36 INFO AddIdentifyResult: 10392,018254672522,-3,
2016-12-18 11:39:05 INFO PHP Unknown Error: no: 2, msg: Creating default object from empty value on line 75 in file /data/code/tcsb/service/lib/nusoap.php uri: /service/service.php, post: []
2016-12-18 11:39:05 INFO AddIdentifyResult: 10392,018254672522,12,
2016-12-18 11:39:12 INFO PHP Unknown Error: no: 2, msg: Creating default object from empty value on line 75 in file /data/code/tcsb/service/lib/nusoap.php uri: /service/service.php, post: []
2016-12-18 11:39:12 INFO AddIdentifyResult: 10392,018254672522,10,reg/018254672522_1218113901|reg/018254672522_1218113901|reg/018254672522_
2016-12-18 11:39:25 INFO PHP Unknown Error: no: 2, msg: Creating default object from empty value on line 75 in file /data/code/tcsb/service/lib/nusoap.php uri: /service/service.php, post: []
2016-12-18 11:39:25 INFO AddIdentifyResult: 10393,013012911387,-1,
2016-12-18 11:39:32 INFO PHP Unknown Error: no: 2, msg: Creating default object from empty value on line 75 in file /data/code/tcsb/service/lib/nusoap.php uri: /service/service.php, post: []
2016-12-18 11:39:32 INFO AddIdentifyResult: 10393,013012911387,-3,
2016-12-18 11:41:12 INFO PHP Unknown Error: no: 2, msg: Creating default object from empty value on line 75 in file /data/code/tcsb/service/lib/nusoap.php uri: /service/service.php, post: []
2016-12-18 11:41:12 INFO AddIdentifyResult: 10393,013012911387,12,
2016-12-18 11:41:19 INFO PHP Unknown Error: no: 2, msg: Creating default object from empty value on line 75 in file /data/code/tcsb/service/lib/nusoap.php uri: /service/service.php, post: []
2016-12-18 11:41:19 INFO AddIdentifyResult: 10393,013012911387,10,reg/013012911387_1218114057|reg/013012911387_1218114057|reg/013012911387_
2016-12-18 11:42:27 INFO PHP Unknown Error: no: 2, msg: Creating default object from empty value on line 75 in file /data/code/tcsb/service/lib/nusoap.php uri: /service/service.php, post: []
2016-12-18 11:42:27 INFO AddIdentifyResult: 10394,013012911820,-1,
2016-12-18 11:42:33 INFO PHP Unknown Error: no: 2, msg: Creating default object from empty value on line 75 in file /data/code/tcsb/service/lib/nusoap.php uri: /service/service.php, post: []
2016-12-18 11:42:33 INFO AddIdentifyResult: 10394,013012911820,-3,
2016-12-18 11:43:59 INFO PHP Unknown Error: no: 2, msg: Creating default object from empty value on line 75 in file /data/code/tcsb/service/lib/nusoap.php uri: /service/service.php, post: []
2016-12-18 11:43:59 INFO AddIdentifyResult: 10395,013012911713,-1,
2016-12-18 11:44:04 INFO PHP Unknown Error: no: 2, msg: Creating default object from empty value on line 75 in file /data/code/tcsb/service/lib/nusoap.php uri: /service/service.php, post: []
2016-12-18 11:44:04 INFO AddIdentifyResult: 10394,013012911820,12,
2016-12-18 11:44:11 INFO PHP Unknown Error: no: 2, msg: Creating default object from empty value on line 75 in file /data/code/tcsb/service/lib/nusoap.php uri: /service/service.php, post: []
2016-12-18 11:44:11 INFO AddIdentifyResult: 10394,013012911820,10,reg/013012911820_1218114358|reg/013012911820_1218114358|reg/013012911820_
2016-12-18 11:44:12 INFO PHP Unknown Error: no: 2, msg: Creating default object from empty value on line 75 in file /data/code/tcsb/service/lib/nusoap.php uri: /service/service.php, post: []
2016-12-18 11:44:12 INFO AddIdentifyResult: 10395,013012911713,-3,
2016-12-18 11:46:40 INFO PHP Unknown Error: no: 2, msg: Creating default object from empty value on line 75 in file /data/code/tcsb/service/lib/nusoap.php uri: /service/service.php, post: []
2016-12-18 11:46:41 INFO AddIdentifyResult: 10395,013012911713,12,
2016-12-18 11:46:53 INFO PHP Unknown Error: no: 2, msg: Creating default object from empty value on line 75 in file /data/code/tcsb/service/lib/nusoap.php uri: /service/service.php, post: []
2016-12-18 11:46:53 INFO AddIdentifyResult: 10395,013012911713,10,reg/013012911713_1218114536|reg/013012911713_1218114536|reg/013012911713_
2016-12-18 11:49:30 INFO PHP Unknown Error: no: 2, msg: Creating default object from empty value on line 75 in file /data/code/tcsb/service/lib/nusoap.php uri: /service/service.php, post: []
2016-12-18 11:49:30 INFO AddIdentifyResult: 10396,013012912601,-1,
2016-12-18 11:49:37 INFO PHP Unknown Error: no: 2, msg: Creating default object from empty value on line 75 in file /data/code/tcsb/service/lib/nusoap.php uri: /service/service.php, post: []
2016-12-18 11:49:37 INFO AddIdentifyResult: 10396,013012912601,-3,
2016-12-18 11:50:21 INFO PHP Unknown Error: no: 2, msg: Creating default object from empty value on line 75 in file /data/code/tcsb/service/lib/nusoap.php uri: /service/service.php, post: []
2016-12-18 11:50:21 INFO AddIdentifyResult: 10397,013012912357,-1,
2016-12-18 11:51:48 INFO PHP Unknown Error: no: 2, msg: Creating default object from empty value on line 75 in file /data/code/tcsb/service/lib/nusoap.php uri: /service/service.php, post: []
2016-12-18 11:51:48 INFO AddIdentifyResult: 10396,013012912601,12,
2016-12-18 11:51:54 INFO PHP Unknown Error: no: 2, msg: Creating default object from empty value on line 75 in file /data/code/tcsb/service/lib/nusoap.php uri: /service/service.php, post: []
2016-12-18 11:51:54 INFO AddIdentifyResult: 10396,013012912601,10,reg/013012912601_1218115243|reg/013012912601_1218115243|reg/013012912601_1218115101
2016-12-18 11:51:59 INFO PHP Unknown Error: no: 2, msg: Creating default object from empty value on line 75 in file /data/code/tcsb/service/lib/nusoap.php uri: /service/service.php, post: []
2016-12-18 11:51:59 INFO AddIdentifyResult: 10398,013012912357,-1,
2016-12-18 11:52:05 INFO PHP Unknown Error: no: 2, msg: Creating default object from empty value on line 75 in file /data/code/tcsb/service/lib/nusoap.php uri: /service/service.php, post: []
2016-12-18 11:52:05 INFO AddIdentifyResult: 10398,013012912357,-3,
2016-12-18 11:53:48 INFO PHP Unknown Error: no: 2, msg: Creating default object from empty value on line 75 in file /data/code/tcsb/service/lib/nusoap.php uri: /service/service.php, post: []
2016-12-18 11:53:48 INFO AddIdentifyResult: 10398,013012912357,12,
2016-12-18 11:53:55 INFO PHP Unknown Error: no: 2, msg: Creating default object from empty value on line 75 in file /data/code/tcsb/service/lib/nusoap.php uri: /service/service.php, post: []
2016-12-18 11:53:55 INFO AddIdentifyResult: 10398,013012912357,10,reg/013012912357_1218115329|reg/013012912357_1218115329|reg/013012912357_
2016-12-18 11:56:44 INFO PHP Unknown Error: no: 2, msg: Creating default object from empty value on line 75 in file /data/code/tcsb/service/lib/nusoap.php uri: /service/service.php, post: []
2016-12-18 11:56:44 INFO AddIdentifyResult: 10399,017080037190,-1,
2016-12-18 11:56:51 INFO PHP Unknown Error: no: 2, msg: Creating default object from empty value on line 75 in file /data/code/tcsb/service/lib/nusoap.php uri: /service/service.php, post: []
2016-12-18 11:56:51 INFO AddIdentifyResult: 10399,017080037190,-3,
2016-12-18 11:58:58 INFO PHP Unknown Error: no: 2, msg: Creating default object from empty value on line 75 in file /data/code/tcsb/service/lib/nusoap.php uri: /service/service.php, post: []
2016-12-18 11:58:58 INFO AddIdentifyResult: 10399,017080037190,12,
2016-12-18 11:59:04 INFO PHP Unknown Error: no: 2, msg: Creating default object from empty value on line 75 in file /data/code/tcsb/service/lib/nusoap.php uri: /service/service.php, post: []
2016-12-18 11:59:04 INFO AddIdentifyResult: 10400,013012913039,-1,
2016-12-18 11:59:04 INFO PHP Unknown Error: no: 2, msg: Creating default object from empty value on line 75 in file /data/code/tcsb/service/lib/nusoap.php uri: /service/service.php, post: []
2016-12-18 11:59:04 INFO AddIdentifyResult: 10399,017080037190,10,reg/017080037190_1218115953|reg/017080037190_1218115953|reg/017080037190_1218115816
2016-12-18 11:59:10 INFO PHP Unknown Error: no: 2, msg: Creating default object from empty value on line 75 in file /data/code/tcsb/service/lib/nusoap.php uri: /service/service.php, post: []
2016-12-18 11:59:10 INFO AddIdentifyResult: 10400,013012913039,-3,
2016-12-18 11:59:21 INFO PHP Unknown Error: no: 2, msg: Creating default object from empty value on line 75 in file /data/code/tcsb/service/lib/nusoap.php uri: /service/service.php, post: []
2016-12-18 11:59:21 INFO AddIdentifyResult: 10400,013012913039,11,reg/013012913039_|reg/013012913039_|reg/013012913039_
2016-12-18 11:59:33 INFO PHP Unknown Error: no: 2, msg: Creating default object from empty value on line 75 in file /data/code/tcsb/service/lib/nusoap.php uri: /service/service.php, post: []
2016-12-18 11:59:33 INFO AddIdentifyResult: 10401,013012913039,-1,
2016-12-18 11:59:37 INFO PHP Unknown Error: no: 2, msg: Creating default object from empty value on line 75 in file /data/code/tcsb/service/lib/nusoap.php uri: /service/service.php, post: []
2016-12-18 11:59:37 INFO AddIdentifyResult: 10401,013012913039,-3,
2016-12-18 12:01:12 INFO PHP Unknown Error: no: 2, msg: Creating default object from empty value on line 75 in file /data/code/tcsb/service/lib/nusoap.php uri: /service/service.php, post: []
2016-12-18 12:01:12 INFO AddIdentifyResult: 10401,013012913039,12,
2016-12-18 12:01:19 INFO PHP Unknown Error: no: 2, msg: Creating default object from empty value on line 75 in file /data/code/tcsb/service/lib/nusoap.php uri: /service/service.php, post: []
2016-12-18 12:01:19 INFO AddIdentifyResult: 10401,013012913039,10,reg/013012913039_1218120101|reg/013012913039_1218120101|reg/013012913039_
2016-12-18 12:01:37 INFO PHP Unknown Error: no: 2, msg: Creating default object from empty value on line 75 in file /data/code/tcsb/service/lib/nusoap.php uri: /service/service.php, post: []
2016-12-18 12:01:37 INFO AddIdentifyResult: 10402,013210377188,-1,
2016-12-18 12:01:45 INFO PHP Unknown Error: no: 2, msg: Creating default object from empty value on line 75 in file /data/code/tcsb/service/lib/nusoap.php uri: /service/service.php, post: []
2016-12-18 12:01:45 INFO AddIdentifyResult: 10402,013210377188,-3,
2016-12-18 12:03:42 INFO PHP Unknown Error: no: 2, msg: Creating default object from empty value on line 75 in file /data/code/tcsb/service/lib/nusoap.php uri: /service/service.php, post: []
2016-12-18 12:03:42 INFO AddIdentifyResult: 10402,013210377188,12,
2016-12-18 12:03:50 INFO PHP Unknown Error: no: 2, msg: Creating default object from empty value on line 75 in file /data/code/tcsb/service/lib/nusoap.php uri: /service/service.php, post: []
2016-12-18 12:03:50 INFO AddIdentifyResult: 10402,013210377188,10,reg/013210377188_1218120310|reg/013210377188_1218120310|reg/013210377188_
2016-12-18 12:05:45 INFO PHP Unknown Error: no: 2, msg: Creating default object from empty value on line 75 in file /data/code/tcsb/service/lib/nusoap.php uri: /service/service.php, post: []
2016-12-18 12:05:45 INFO AddIdentifyResult: 10403,013012910019,-1,
2016-12-18 12:05:51 INFO PHP Unknown Error: no: 2, msg: Creating default object from empty value on line 75 in file /data/code/tcsb/service/lib/nusoap.php uri: /service/service.php, post: []
2016-12-18 12:05:51 INFO AddIdentifyResult: 10403,013012910019,-3,
2016-12-18 12:07:52 INFO PHP Unknown Error: no: 2, msg: Creating default object from empty value on line 75 in file /data/code/tcsb/service/lib/nusoap.php uri: /service/service.php, post: []
2016-12-18 12:07:52 INFO AddIdentifyResult: 10403,013012910019,12,
2016-12-18 12:08:01 INFO PHP Unknown Error: no: 2, msg: Creating default object from empty value on line 75 in file /data/code/tcsb/service/lib/nusoap.php uri: /service/service.php, post: []
2016-12-18 12:08:01 INFO AddIdentifyResult: 10403,013012910019,10,reg/013012910019_1218120716|reg/013012910019_1218120716|reg/013012910019_
2016-12-18 12:11:41 INFO PHP Unknown Error: no: 2, msg: Creating default object from empty value on line 75 in file /data/code/tcsb/service/lib/nusoap.php uri: /service/service.php, post: []
2016-12-18 12:11:41 INFO AddIdentifyResult: 10404,013012906172,-1,
2016-12-18 12:11:49 INFO PHP Unknown Error: no: 2, msg: Creating default object from empty value on line 75 in file /data/code/tcsb/service/lib/nusoap.php uri: /service/service.php, post: []
2016-12-18 12:11:49 INFO AddIdentifyResult: 10404,013012906172,-3,
2016-12-18 12:13:24 INFO PHP Unknown Error: no: 2, msg: Creating default object from empty value on line 75 in file /data/code/tcsb/service/lib/nusoap.php uri: /service/service.php, post: []
2016-12-18 12:13:24 INFO AddIdentifyResult: 10404,013012906172,11,reg/013012906172_|reg/013012906172_|reg/013012906172_
2016-12-18 12:13:59 INFO PHP Unknown Error: no: 2, msg: Creating default object from empty value on line 75 in file /data/code/tcsb/service/lib/nusoap.php uri: /service/service.php, post: []
2016-12-18 12:13:59 INFO AddIdentifyResult: 10405,013012906172,-1,
2016-12-18 12:14:13 INFO PHP Unknown Error: no: 2, msg: Creating default object from empty value on line 75 in file /data/code/tcsb/service/lib/nusoap.php uri: /service/service.php, post: []
2016-12-18 12:14:13 INFO AddIdentifyResult: 10406,013012906172,-1,
2016-12-18 12:14:50 INFO PHP Unknown Error: no: 2, msg: Creating default object from empty value on line 75 in file /data/code/tcsb/service/lib/nusoap.php uri: /service/service.php, post: []
2016-12-18 12:14:50 INFO AddIdentifyResult: 10407,013012906172,-1,
2016-12-18 12:14:59 INFO PHP Unknown Error: no: 2, msg: Creating default object from empty value on line 75 in file /data/code/tcsb/service/lib/nusoap.php uri: /service/service.php, post: []
2016-12-18 12:14:59 INFO AddIdentifyResult: 10407,013012906172,-3,
2016-12-18 12:16:24 INFO PHP Unknown Error: no: 2, msg: Creating default object from empty value on line 75 in file /data/code/tcsb/service/lib/nusoap.php uri: /service/service.php, post: []
2016-12-18 12:16:24 INFO AddIdentifyResult: 10407,013012906172,11,reg/013012906172_|reg/013012906172_|reg/013012906172_
2016-12-18 12:18:14 INFO PHP Unknown Error: no: 2, msg: Creating default object from empty value on line 75 in file /data/code/tcsb/service/lib/nusoap.php uri: /service/service.php, post: []
2016-12-18 12:18:14 INFO AddIdentifyResult: 10408,013012906172,-1,
2016-12-18 12:18:22 INFO PHP Unknown Error: no: 2, msg: Creating default object from empty value on line 75 in file /data/code/tcsb/service/lib/nusoap.php uri: /service/service.php, post: []
2016-12-18 12:18:22 INFO AddIdentifyResult: 10408,013012906172,-3,
2016-12-18 12:19:47 INFO PHP Unknown Error: no: 2, msg: Creating default object from empty value on line 75 in file /data/code/tcsb/service/lib/nusoap.php uri: /service/service.php, post: []
2016-12-18 12:19:47 INFO AddIdentifyResult: 10408,013012906172,12,
2016-12-18 12:19:54 INFO PHP Unknown Error: no: 2, msg: Creating default object from empty value on line 75 in file /data/code/tcsb/service/lib/nusoap.php uri: /service/service.php, post: []
2016-12-18 12:19:54 INFO AddIdentifyResult: 10408,013012906172,10,reg/013012906172_1218121946|reg/013012906172_1218121946|reg/013012906172_
2016-12-18 13:49:48 INFO PHP Unknown Error: no: 2, msg: Creating default object from empty value on line 75 in file /data/code/tcsb/service/lib/nusoap.php uri: /service/service.php, post: []
2016-12-18 13:49:48 INFO AddIdentifyResult: 10409,013012908258,-1,
2016-12-18 13:49:53 INFO PHP Unknown Error: no: 2, msg: Creating default object from empty value on line 75 in file /data/code/tcsb/service/lib/nusoap.php uri: /service/service.php, post: []
2016-12-18 13:49:53 INFO AddIdentifyResult: 10409,013012908258,-3,
2016-12-18 13:51:36 INFO PHP Unknown Error: no: 2, msg: Creating default object from empty value on line 75 in file /data/code/tcsb/service/lib/nusoap.php uri: /service/service.php, post: []
2016-12-18 13:51:36 INFO AddIdentifyResult: 10409,013012908258,12,
2016-12-18 13:51:43 INFO PHP Unknown Error: no: 2, msg: Creating default object from empty value on line 75 in file /data/code/tcsb/service/lib/nusoap.php uri: /service/service.php, post: []
2016-12-18 13:51:43 INFO AddIdentifyResult: 10409,013012908258,10,reg/013012908258_1218135230|reg/013012908258_1218135230|reg/013012908258_1218135118
2016-12-18 13:59:06 INFO PHP Unknown Error: no: 2, msg: Creating default object from empty value on line 75 in file /data/code/tcsb/service/lib/nusoap.php uri: /service/service.php, post: []
2016-12-18 13:59:06 INFO AddIdentifyResult: 10410,013675465921,-1,
2016-12-18 13:59:21 INFO PHP Unknown Error: no: 2, msg: Creating default object from empty value on line 75 in file /data/code/tcsb/service/lib/nusoap.php uri: /service/service.php, post: []
2016-12-18 13:59:21 INFO AddIdentifyResult: 10410,013675465921,-3,
2016-12-18 14:00:46 INFO PHP Unknown Error: no: 2, msg: Creating default object from empty value on line 75 in file /data/code/tcsb/service/lib/nusoap.php uri: /service/service.php, post: []
2016-12-18 14:00:46 INFO AddIdentifyResult: 10410,013675465921,12,
2016-12-18 14:00:53 INFO PHP Unknown Error: no: 2, msg: Creating default object from empty value on line 75 in file /data/code/tcsb/service/lib/nusoap.php uri: /service/service.php, post: []
2016-12-18 14:00:53 INFO AddIdentifyResult: 10410,013675465921,10,reg/013675465921_1218140046|reg/013675465921_1218140046|reg/013675465921_
2016-12-18 14:02:06 INFO PHP Unknown Error: no: 2, msg: Creating default object from empty value on line 75 in file /data/code/tcsb/service/lib/nusoap.php uri: /service/service.php, post: []
2016-12-18 14:02:06 INFO AddIdentifyResult: 10411,013176472530,-1,
2016-12-18 14:02:36 INFO PHP Unknown Error: no: 2, msg: Creating default object from empty value on line 75 in file /data/code/tcsb/service/lib/nusoap.php uri: /service/service.php, post: []
2016-12-18 14:02:36 INFO AddIdentifyResult: 10412,013176472530,-1,
2016-12-18 14:02:42 INFO PHP Unknown Error: no: 2, msg: Creating default object from empty value on line 75 in file /data/code/tcsb/service/lib/nusoap.php uri: /service/service.php, post: []
2016-12-18 14:02:42 INFO AddIdentifyResult: 10412,013176472530,-3,
2016-12-18 14:03:02 INFO PHP Unknown Error: no: 2, msg: Creating default object from empty value on line 75 in file /data/code/tcsb/service/lib/nusoap.php uri: /service/service.php, post: []
2016-12-18 14:03:02 INFO AddIdentifyResult: 10413,013176472530,-1,
2016-12-18 14:03:16 INFO PHP Unknown Error: no: 2, msg: Creating default object from empty value on line 75 in file /data/code/tcsb/service/lib/nusoap.php uri: /service/service.php, post: []
2016-12-18 14:03:16 INFO AddIdentifyResult: 10412,013176472530,11,reg/013176472530_|reg/013176472530_|reg/013176472530_
2016-12-18 14:03:30 INFO PHP Unknown Error: no: 2, msg: Creating default object from empty value on line 75 in file /data/code/tcsb/service/lib/nusoap.php uri: /service/service.php, post: []
2016-12-18 14:03:30 INFO AddIdentifyResult: 10414,013176472530,-1,
2016-12-18 14:03:40 INFO PHP Unknown Error: no: 2, msg: Creating default object from empty value on line 75 in file /data/code/tcsb/service/lib/nusoap.php uri: /service/service.php, post: []
2016-12-18 14:03:40 INFO AddIdentifyResult: 10415,013176472530,-1,
2016-12-18 14:06:08 INFO PHP Unknown Error: no: 2, msg: Creating default object from empty value on line 75 in file /data/code/tcsb/service/lib/nusoap.php uri: /service/service.php, post: []
2016-12-18 14:06:08 INFO AddIdentifyResult: 10416,013176472160,-1,
2016-12-18 14:06:21 INFO PHP Unknown Error: no: 2, msg: Creating default object from empty value on line 75 in file /data/code/tcsb/service/lib/nusoap.php uri: /service/service.php, post: []
2016-12-18 14:06:21 INFO AddIdentifyResult: 10416,013176472160,-3,
2016-12-18 14:08:14 INFO PHP Unknown Error: no: 2, msg: Creating default object from empty value on line 75 in file /data/code/tcsb/service/lib/nusoap.php uri: /service/service.php, post: []
2016-12-18 14:08:14 INFO AddIdentifyResult: 10416,013176472160,12,
2016-12-18 14:08:21 INFO PHP Unknown Error: no: 2, msg: Creating default object from empty value on line 75 in file /data/code/tcsb/service/lib/nusoap.php uri: /service/service.php, post: []
2016-12-18 14:08:21 INFO AddIdentifyResult: 10416,013176472160,10,reg/013176472160_1218140900|reg/013176472160_1218140900|reg/013176472160_1218140746
2016-12-18 14:10:38 INFO PHP Unknown Error: no: 2, msg: Creating default object from empty value on line 75 in file /data/code/tcsb/service/lib/nusoap.php uri: /service/service.php, post: []
2016-12-18 14:10:38 INFO AddIdentifyResult: 10417,013176472530,-1,
2016-12-18 14:10:58 INFO PHP Unknown Error: no: 2, msg: Creating default object from empty value on line 75 in file /data/code/tcsb/service/lib/nusoap.php uri: /service/service.php, post: []
2016-12-18 14:10:58 INFO AddIdentifyResult: 10417,013176472530,-3,
2016-12-18 14:12:34 INFO PHP Unknown Error: no: 2, msg: Creating default object from empty value on line 75 in file /data/code/tcsb/service/lib/nusoap.php uri: /service/service.php, post: []
2016-12-18 14:12:34 INFO AddIdentifyResult: 10417,013176472530,12,
2016-12-18 14:12:42 INFO PHP Unknown Error: no: 2, msg: Creating default object from empty value on line 75 in file /data/code/tcsb/service/lib/nusoap.php uri: /service/service.php, post: []
2016-12-18 14:12:42 INFO AddIdentifyResult: 10417,013176472530,10,reg/013176472530_1218141223|reg/013176472530_1218141223|reg/013176472530_
2016-12-18 14:16:11 INFO PHP Unknown Error: no: 2, msg: Creating default object from empty value on line 75 in file /data/code/tcsb/service/lib/nusoap.php uri: /service/service.php, post: []
2016-12-18 14:16:11 INFO AddIdentifyResult: 10418,013176473907,-1,
2016-12-18 14:16:38 INFO PHP Unknown Error: no: 2, msg: Creating default object from empty value on line 75 in file /data/code/tcsb/service/lib/nusoap.php uri: /service/service.php, post: []
2016-12-18 14:16:38 INFO AddIdentifyResult: 10419,013176473907,-1,
2016-12-18 14:19:09 INFO PHP Unknown Error: no: 2, msg: Creating default object from empty value on line 75 in file /data/code/tcsb/service/lib/nusoap.php uri: /service/service.php, post: []
2016-12-18 14:19:09 INFO AddIdentifyResult: 10420,013176473907,-1,
2016-12-18 14:19:24 INFO PHP Unknown Error: no: 2, msg: Creating default object from empty value on line 75 in file /data/code/tcsb/service/lib/nusoap.php uri: /service/service.php, post: []
2016-12-18 14:19:24 INFO AddIdentifyResult: 10420,013176473907,-3,
2016-12-18 14:21:17 INFO PHP Unknown Error: no: 2, msg: Creating default object from empty value on line 75 in file /data/code/tcsb/service/lib/nusoap.php uri: /service/service.php, post: []
2016-12-18 14:21:17 INFO AddIdentifyResult: 10420,013176473907,12,
2016-12-18 14:21:24 INFO PHP Unknown Error: no: 2, msg: Creating default object from empty value on line 75 in file /data/code/tcsb/service/lib/nusoap.php uri: /service/service.php, post: []
2016-12-18 14:21:24 INFO AddIdentifyResult: 10420,013176473907,10,reg/013176473907_1218142049|reg/013176473907_1218142049|reg/013176473907_
2016-12-18 14:21:33 INFO PHP Unknown Error: no: 2, msg: Creating default object from empty value on line 75 in file /data/code/tcsb/service/lib/nusoap.php uri: /service/service.php, post: []
2016-12-18 14:21:33 INFO AddIdentifyResult: 10421,013854654132,-1,
2016-12-18 14:21:40 INFO PHP Unknown Error: no: 2, msg: Creating default object from empty value on line 75 in file /data/code/tcsb/service/lib/nusoap.php uri: /service/service.php, post: []
2016-12-18 14:21:40 INFO AddIdentifyResult: 10421,013854654132,-3,
2016-12-18 14:23:25 INFO PHP Unknown Error: no: 2, msg: Creating default object from empty value on line 75 in file /data/code/tcsb/service/lib/nusoap.php uri: /service/service.php, post: []
2016-12-18 14:23:25 INFO AddIdentifyResult: 10421,013854654132,12,
2016-12-18 14:23:33 INFO PHP Unknown Error: no: 2, msg: Creating default object from empty value on line 75 in file /data/code/tcsb/service/lib/nusoap.php uri: /service/service.php, post: []
2016-12-18 14:23:33 INFO AddIdentifyResult: 10421,013854654132,10,reg/013854654132_1218142305|reg/013854654132_1218142305|reg/013854654132_
2016-12-18 14:26:40 INFO PHP Unknown Error: no: 2, msg: Creating default object from empty value on line 75 in file /data/code/tcsb/service/lib/nusoap.php uri: /service/service.php, post: []
2016-12-18 14:26:40 INFO AddIdentifyResult: 10422,013012909826,-1,
2016-12-18 14:26:50 INFO PHP Unknown Error: no: 2, msg: Creating default object from empty value on line 75 in file /data/code/tcsb/service/lib/nusoap.php uri: /service/service.php, post: []
2016-12-18 14:26:50 INFO AddIdentifyResult: 10422,013012909826,-3,
2016-12-18 14:27:16 INFO PHP Unknown Error: no: 2, msg: Creating default object from empty value on line 75 in file /data/code/tcsb/service/lib/nusoap.php uri: /service/service.php, post: []
2016-12-18 14:27:16 INFO AddIdentifyResult: 10423,013176472802,-1,
2016-12-18 14:27:22 INFO PHP Unknown Error: no: 2, msg: Creating default object from empty value on line 75 in file /data/code/tcsb/service/lib/nusoap.php uri: /service/service.php, post: []
2016-12-18 14:27:22 INFO AddIdentifyResult: 10423,013176472802,-3,
2016-12-18 14:29:11 INFO PHP Unknown Error: no: 2, msg: Creating default object from empty value on line 75 in file /data/code/tcsb/service/lib/nusoap.php uri: /service/service.php, post: []
2016-12-18 14:29:11 INFO AddIdentifyResult: 10422,013012909826,12,
2016-12-18 14:29:14 INFO PHP Unknown Error: no: 2, msg: Creating default object from empty value on line 75 in file /data/code/tcsb/service/lib/nusoap.php uri: /service/service.php, post: []
2016-12-18 14:29:14 INFO AddIdentifyResult: 10423,013176472802,12,
2016-12-18 14:29:18 INFO PHP Unknown Error: no: 2, msg: Creating default object from empty value on line 75 in file /data/code/tcsb/service/lib/nusoap.php uri: /service/service.php, post: []
2016-12-18 14:29:18 INFO AddIdentifyResult: 10422,013012909826,10,reg/013012909826_1218142959|reg/013012909826_1218142959|reg/013012909826_1218142815
2016-12-18 14:29:25 INFO PHP Unknown Error: no: 2, msg: Creating default object from empty value on line 75 in file /data/code/tcsb/service/lib/nusoap.php uri: /service/service.php, post: []
2016-12-18 14:29:25 INFO AddIdentifyResult: 10423,013176472802,10,reg/013176472802_1218142847|reg/013176472802_1218142847|reg/013176472802_
2016-12-18 14:31:21 INFO PHP Unknown Error: no: 2, msg: Creating default object from empty value on line 75 in file /data/code/tcsb/service/lib/nusoap.php uri: /service/service.php, post: []
2016-12-18 14:31:21 INFO AddIdentifyResult: 10424,013054648782,-1,
2016-12-18 14:31:27 INFO PHP Unknown Error: no: 2, msg: Creating default object from empty value on line 75 in file /data/code/tcsb/service/lib/nusoap.php uri: /service/service.php, post: []
2016-12-18 14:31:27 INFO AddIdentifyResult: 10424,013054648782,-3,
2016-12-18 14:33:15 INFO PHP Unknown Error: no: 2, msg: Creating default object from empty value on line 75 in file /data/code/tcsb/service/lib/nusoap.php uri: /service/service.php, post: []
2016-12-18 14:33:15 INFO AddIdentifyResult: 10424,013054648782,12,
2016-12-18 14:33:21 INFO PHP Unknown Error: no: 2, msg: Creating default object from empty value on line 75 in file /data/code/tcsb/service/lib/nusoap.php uri: /service/service.php, post: []
2016-12-18 14:33:21 INFO AddIdentifyResult: 10424,013054648782,10,reg/013054648782_1218143252|reg/013054648782_1218143252|reg/013054648782_
2016-12-18 14:36:52 INFO PHP Unknown Error: no: 2, msg: Creating default object from empty value on line 75 in file /data/code/tcsb/service/lib/nusoap.php uri: /service/service.php, post: []
2016-12-18 14:36:53 INFO AddIdentifyResult: 10425,013021568272,-1,
2016-12-18 14:36:59 INFO PHP Unknown Error: no: 2, msg: Creating default object from empty value on line 75 in file /data/code/tcsb/service/lib/nusoap.php uri: /service/service.php, post: []
2016-12-18 14:36:59 INFO AddIdentifyResult: 10425,013021568272,-3,
2016-12-18 14:39:18 INFO PHP Unknown Error: no: 2, msg: Creating default object from empty value on line 75 in file /data/code/tcsb/service/lib/nusoap.php uri: /service/service.php, post: []
2016-12-18 14:39:18 INFO AddIdentifyResult: 10425,013021568272,12,
2016-12-18 14:39:25 INFO PHP Unknown Error: no: 2, msg: Creating default object from empty value on line 75 in file /data/code/tcsb/service/lib/nusoap.php uri: /service/service.php, post: []
2016-12-18 14:39:25 INFO AddIdentifyResult: 10425,013021568272,10,reg/013021568272_1218143959|reg/013021568272_1218143959|reg/013021568272_1218143825
2016-12-18 14:45:20 INFO PHP Unknown Error: no: 2, msg: Creating default object from empty value on line 75 in file /data/code/tcsb/service/lib/nusoap.php uri: /service/service.php, post: []
2016-12-18 14:45:20 INFO AddIdentifyResult: 10426,015552411977,-1,
2016-12-18 14:45:27 INFO PHP Unknown Error: no: 2, msg: Creating default object from empty value on line 75 in file /data/code/tcsb/service/lib/nusoap.php uri: /service/service.php, post: []
2016-12-18 14:45:27 INFO AddIdentifyResult: 10426,015552411977,-3,
2016-12-18 14:47:04 INFO PHP Unknown Error: no: 2, msg: Creating default object from empty value on line 75 in file /data/code/tcsb/service/lib/nusoap.php uri: /service/service.php, post: []
2016-12-18 14:47:04 INFO AddIdentifyResult: 10426,015552411977,12,
2016-12-18 14:47:11 INFO PHP Unknown Error: no: 2, msg: Creating default object from empty value on line 75 in file /data/code/tcsb/service/lib/nusoap.php uri: /service/service.php, post: []
2016-12-18 14:47:11 INFO AddIdentifyResult: 10426,015552411977,10,reg/015552411977_1218144652|reg/015552411977_1218144652|reg/015552411977_
2016-12-18 14:47:22 INFO PHP Unknown Error: no: 2, msg: Creating default object from empty value on line 75 in file /data/code/tcsb/service/lib/nusoap.php uri: /service/service.php, post: []
2016-12-18 14:47:22 INFO AddIdentifyResult: 10427,013012909708,-1,
2016-12-18 14:47:27 INFO PHP Unknown Error: no: 2, msg: Creating default object from empty value on line 75 in file /data/code/tcsb/service/lib/nusoap.php uri: /service/service.php, post: []
2016-12-18 14:47:27 INFO AddIdentifyResult: 10427,013012909708,-3,
2016-12-18 14:48:36 INFO PHP Unknown Error: no: 2, msg: Creating default object from empty value on line 75 in file /data/code/tcsb/service/lib/nusoap.php uri: /service/service.php, post: []
2016-12-18 14:48:36 INFO AddIdentifyResult: 10428,013156068392,-1,
2016-12-18 14:49:07 INFO PHP Unknown Error: no: 2, msg: Creating default object from empty value on line 75 in file /data/code/tcsb/service/lib/nusoap.php uri: /service/service.php, post: []
2016-12-18 14:49:07 INFO AddIdentifyResult: 10427,013012909708,12,
2016-12-18 14:49:13 INFO PHP Unknown Error: no: 2, msg: Creating default object from empty value on line 75 in file /data/code/tcsb/service/lib/nusoap.php uri: /service/service.php, post: []
2016-12-18 14:49:13 INFO AddIdentifyResult: 10427,013012909708,10,reg/013012909708_1218144852|reg/013012909708_1218144852|reg/013012909708_
2016-12-18 14:51:38 INFO PHP Unknown Error: no: 2, msg: Creating default object from empty value on line 75 in file /data/code/tcsb/service/lib/nusoap.php uri: /service/service.php, post: []
2016-12-18 14:51:38 INFO AddIdentifyResult: 10429,013127193812,-1,
2016-12-18 14:51:49 INFO PHP Unknown Error: no: 2, msg: Creating default object from empty value on line 75 in file /data/code/tcsb/service/lib/nusoap.php uri: /service/service.php, post: []
2016-12-18 14:51:49 INFO AddIdentifyResult: 10429,013127193812,-3,
2016-12-18 14:52:26 INFO PHP Unknown Error: no: 2, msg: Creating default object from empty value on line 75 in file /data/code/tcsb/service/lib/nusoap.php uri: /service/service.php, post: []
2016-12-18 14:52:26 INFO AddIdentifyResult: 10430,013156068392,-1,
2016-12-18 14:52:35 INFO PHP Unknown Error: no: 2, msg: Creating default object from empty value on line 75 in file /data/code/tcsb/service/lib/nusoap.php uri: /service/service.php, post: []
2016-12-18 14:52:35 INFO AddIdentifyResult: 10430,013156068392,-3,
2016-12-18 14:53:12 INFO PHP Unknown Error: no: 2, msg: Creating default object from empty value on line 75 in file /data/code/tcsb/service/lib/nusoap.php uri: /service/service.php, post: []
2016-12-18 14:53:12 INFO AddIdentifyResult: 10430,013156068392,11,reg/013156068392_|reg/013156068392_|reg/013156068392_
2016-12-18 14:53:36 INFO PHP Unknown Error: no: 2, msg: Creating default object from empty value on line 75 in file /data/code/tcsb/service/lib/nusoap.php uri: /service/service.php, post: []
2016-12-18 14:53:36 INFO AddIdentifyResult: 10429,013127193812,12,
2016-12-18 14:53:37 INFO PHP Unknown Error: no: 2, msg: Creating default object from empty value on line 75 in file /data/code/tcsb/service/lib/nusoap.php uri: /service/service.php, post: []
2016-12-18 14:53:37 INFO AddIdentifyResult: 10431,013156068392,-1,
2016-12-18 14:53:41 INFO PHP Unknown Error: no: 2, msg: Creating default object from empty value on line 75 in file /data/code/tcsb/service/lib/nusoap.php uri: /service/service.php, post: []
2016-12-18 14:53:41 INFO AddIdentifyResult: 10431,013156068392,-3,
2016-12-18 14:53:44 INFO PHP Unknown Error: no: 2, msg: Creating default object from empty value on line 75 in file /data/code/tcsb/service/lib/nusoap.php uri: /service/service.php, post: []
2016-12-18 14:53:44 INFO AddIdentifyResult: 10429,013127193812,10,reg/013127193812_1218145430|reg/013127193812_1218145430|reg/013127193812_1218145315
2016-12-18 14:56:02 INFO PHP Unknown Error: no: 2, msg: Creating default object from empty value on line 75 in file /data/code/tcsb/service/lib/nusoap.php uri: /service/service.php, post: []
2016-12-18 14:56:02 INFO AddIdentifyResult: 10431,013156068392,12,
2016-12-18 14:56:10 INFO PHP Unknown Error: no: 2, msg: Creating default object from empty value on line 75 in file /data/code/tcsb/service/lib/nusoap.php uri: /service/service.php, post: []
2016-12-18 14:56:10 INFO AddIdentifyResult: 10431,013156068392,10,reg/013156068392_1218145506|reg/013156068392_1218145506|reg/013156068392_
2016-12-18 14:56:54 INFO PHP Unknown Error: no: 2, msg: Creating default object from empty value on line 75 in file /data/code/tcsb/service/lib/nusoap.php uri: /service/service.php, post: []
2016-12-18 14:56:54 INFO AddIdentifyResult: 10432,015954642682,-1,
2016-12-18 14:57:14 INFO PHP Unknown Error: no: 2, msg: Creating default object from empty value on line 75 in file /data/code/tcsb/service/lib/nusoap.php uri: /service/service.php, post: []
2016-12-18 14:57:14 INFO AddIdentifyResult: 10433,013165259791,-1,
2016-12-18 14:57:21 INFO PHP Unknown Error: no: 2, msg: Creating default object from empty value on line 75 in file /data/code/tcsb/service/lib/nusoap.php uri: /service/service.php, post: []
2016-12-18 14:57:21 INFO AddIdentifyResult: 10433,013165259791,-3,
2016-12-18 14:58:17 INFO PHP Unknown Error: no: 2, msg: Creating default object from empty value on line 75 in file /data/code/tcsb/service/lib/nusoap.php uri: /service/service.php, post: []
2016-12-18 14:58:17 INFO AddIdentifyResult: 10434,015954642682,-1,
2016-12-18 14:59:02 INFO PHP Unknown Error: no: 2, msg: Creating default object from empty value on line 75 in file /data/code/tcsb/service/lib/nusoap.php uri: /service/service.php, post: []
2016-12-18 14:59:02 INFO AddIdentifyResult: 10433,013165259791,12,
2016-12-18 14:59:10 INFO PHP Unknown Error: no: 2, msg: Creating default object from empty value on line 75 in file /data/code/tcsb/service/lib/nusoap.php uri: /service/service.php, post: []
2016-12-18 14:59:10 INFO AddIdentifyResult: 10433,013165259791,10,reg/013165259791_1218145843|reg/013165259791_1218145843|reg/013165259791_
2016-12-18 14:59:12 INFO PHP Unknown Error: no: 2, msg: Creating default object from empty value on line 75 in file /data/code/tcsb/service/lib/nusoap.php uri: /service/service.php, post: []
2016-12-18 14:59:12 INFO AddIdentifyResult: 10435,015865465461,-1,
2016-12-18 14:59:19 INFO PHP Unknown Error: no: 2, msg: Creating default object from empty value on line 75 in file /data/code/tcsb/service/lib/nusoap.php uri: /service/service.php, post: []
2016-12-18 14:59:19 INFO AddIdentifyResult: 10435,015865465461,-3,
2016-12-18 15:00:01 INFO PHP Unknown Error: no: 2, msg: Creating default object from empty value on line 75 in file /data/code/tcsb/service/lib/nusoap.php uri: /service/service.php, post: []
2016-12-18 15:00:01 INFO AddIdentifyResult: 10436,015954642682,-1,
2016-12-18 15:01:06 INFO PHP Unknown Error: no: 2, msg: Creating default object from empty value on line 75 in file /data/code/tcsb/service/lib/nusoap.php uri: /service/service.php, post: []
2016-12-18 15:01:06 INFO AddIdentifyResult: 10435,015865465461,12,
2016-12-18 15:01:14 INFO PHP Unknown Error: no: 2, msg: Creating default object from empty value on line 75 in file /data/code/tcsb/service/lib/nusoap.php uri: /service/service.php, post: []
2016-12-18 15:01:14 INFO AddIdentifyResult: 10435,015865465461,10,reg/015865465461_1218150044|reg/015865465461_1218150044|reg/015865465461_
2016-12-18 15:01:20 INFO PHP Unknown Error: no: 2, msg: Creating default object from empty value on line 75 in file /data/code/tcsb/service/lib/nusoap.php uri: /service/service.php, post: []
2016-12-18 15:01:20 INFO AddIdentifyResult: 10437,018606462380,-1,
2016-12-18 15:01:28 INFO PHP Unknown Error: no: 2, msg: Creating default object from empty value on line 75 in file /data/code/tcsb/service/lib/nusoap.php uri: /service/service.php, post: []
2016-12-18 15:01:28 INFO AddIdentifyResult: 10437,018606462380,-3,
2016-12-18 15:04:46 INFO PHP Unknown Error: no: 2, msg: Creating default object from empty value on line 75 in file /data/code/tcsb/service/lib/nusoap.php uri: /service/service.php, post: []
2016-12-18 15:04:46 INFO AddIdentifyResult: 10437,018606462380,12,
2016-12-18 15:04:52 INFO PHP Unknown Error: no: 2, msg: Creating default object from empty value on line 75 in file /data/code/tcsb/service/lib/nusoap.php uri: /service/service.php, post: []
2016-12-18 15:04:52 INFO AddIdentifyResult: 10438,013176475210,-1,
2016-12-18 15:04:53 INFO PHP Unknown Error: no: 2, msg: Creating default object from empty value on line 75 in file /data/code/tcsb/service/lib/nusoap.php uri: /service/service.php, post: []
2016-12-18 15:04:53 INFO AddIdentifyResult: 10437,018606462380,10,reg/018606462380_1218150520|reg/018606462380_1218150520|reg/018606462380_1218150253
2016-12-18 15:04:57 INFO PHP Unknown Error: no: 2, msg: Creating default object from empty value on line 75 in file /data/code/tcsb/service/lib/nusoap.php uri: /service/service.php, post: []
2016-12-18 15:04:57 INFO AddIdentifyResult: 10438,013176475210,-3,
2016-12-18 15:07:07 INFO PHP Unknown Error: no: 2, msg: Creating default object from empty value on line 75 in file /data/code/tcsb/service/lib/nusoap.php uri: /service/service.php, post: []
2016-12-18 15:07:07 INFO AddIdentifyResult: 10438,013176475210,12,
2016-12-18 15:07:17 INFO PHP Unknown Error: no: 2, msg: Creating default object from empty value on line 75 in file /data/code/tcsb/service/lib/nusoap.php uri: /service/service.php, post: []
2016-12-18 15:07:17 INFO AddIdentifyResult: 10438,013176475210,10,reg/013176475210_1218150622|reg/013176475210_1218150622|reg/013176475210_
2016-12-18 15:07:18 INFO PHP Unknown Error: no: 2, msg: Creating default object from empty value on line 75 in file /data/code/tcsb/service/lib/nusoap.php uri: /service/service.php, post: []
2016-12-18 15:07:18 INFO AddIdentifyResult: 10439,015254682238,-1,
2016-12-18 15:08:28 INFO PHP Unknown Error: no: 2, msg: Creating default object from empty value on line 75 in file /data/code/tcsb/service/lib/nusoap.php uri: /service/service.php, post: []
2016-12-18 15:08:28 INFO AddIdentifyResult: 10440,015254682239,-1,
2016-12-18 15:08:42 INFO PHP Unknown Error: no: 2, msg: Creating default object from empty value on line 75 in file /data/code/tcsb/service/lib/nusoap.php uri: /service/service.php, post: []
2016-12-18 15:08:42 INFO AddIdentifyResult: 10440,015254682239,-3,
2016-12-18 15:11:44 INFO PHP Unknown Error: no: 2, msg: Creating default object from empty value on line 75 in file /data/code/tcsb/service/lib/nusoap.php uri: /service/service.php, post: []
2016-12-18 15:11:44 INFO AddIdentifyResult: 10441,013156058351,-1,
2016-12-18 15:12:59 INFO PHP Unknown Error: no: 2, msg: Creating default object from empty value on line 75 in file /data/code/tcsb/service/lib/nusoap.php uri: /service/service.php, post: []
2016-12-18 15:12:59 INFO AddIdentifyResult: 10442,013156058351,-1,
2016-12-18 15:13:14 INFO PHP Unknown Error: no: 2, msg: Creating default object from empty value on line 75 in file /data/code/tcsb/service/lib/nusoap.php uri: /service/service.php, post: []
2016-12-18 15:13:14 INFO AddIdentifyResult: 10440,015254682239,12,
2016-12-18 15:13:21 INFO PHP Unknown Error: no: 2, msg: Creating default object from empty value on line 75 in file /data/code/tcsb/service/lib/nusoap.php uri: /service/service.php, post: []
2016-12-18 15:13:21 INFO AddIdentifyResult: 10440,015254682239,10,reg/015254682239_1218151402|reg/015254682239_1218151402|reg/015254682239_1218151007
2016-12-18 15:14:45 INFO PHP Unknown Error: no: 2, msg: Creating default object from empty value on line 75 in file /data/code/tcsb/service/lib/nusoap.php uri: /service/service.php, post: []
2016-12-18 15:14:45 INFO AddIdentifyResult: 10443,013156068351,-1,
2016-12-18 15:14:51 INFO PHP Unknown Error: no: 2, msg: Creating default object from empty value on line 75 in file /data/code/tcsb/service/lib/nusoap.php uri: /service/service.php, post: []
2016-12-18 15:14:51 INFO AddIdentifyResult: 10443,013156068351,-3,
2016-12-18 15:17:15 INFO PHP Unknown Error: no: 2, msg: Creating default object from empty value on line 75 in file /data/code/tcsb/service/lib/nusoap.php uri: /service/service.php, post: []
2016-12-18 15:17:15 INFO AddIdentifyResult: 10443,013156068351,12,
2016-12-18 15:17:25 INFO PHP Unknown Error: no: 2, msg: Creating default object from empty value on line 75 in file /data/code/tcsb/service/lib/nusoap.php uri: /service/service.php, post: []
2016-12-18 15:17:25 INFO AddIdentifyResult: 10443,013156068351,10,reg/013156068351_1218151616|reg/013156068351_1218151616|reg/013156068351_
2016-12-18 15:20:20 INFO PHP Unknown Error: no: 2, msg: Creating default object from empty value on line 75 in file /data/code/tcsb/service/lib/nusoap.php uri: /service/service.php, post: []
2016-12-18 15:20:20 INFO AddIdentifyResult: 10444,018366925078,-1,
2016-12-18 15:20:29 INFO PHP Unknown Error: no: 2, msg: Creating default object from empty value on line 75 in file /data/code/tcsb/service/lib/nusoap.php uri: /service/service.php, post: []
2016-12-18 15:20:29 INFO AddIdentifyResult: 10444,018366925078,-3,
2016-12-18 15:22:43 INFO PHP Unknown Error: no: 2, msg: Creating default object from empty value on line 75 in file /data/code/tcsb/service/lib/nusoap.php uri: /service/service.php, post: []
2016-12-18 15:22:43 INFO AddIdentifyResult: 10444,018366925078,12,
2016-12-18 15:22:51 INFO PHP Unknown Error: no: 2, msg: Creating default object from empty value on line 75 in file /data/code/tcsb/service/lib/nusoap.php uri: /service/service.php, post: []
2016-12-18 15:22:51 INFO AddIdentifyResult: 10444,018366925078,10,reg/018366925078_1218152155|reg/018366925078_1218152155|reg/018366925078_
2016-12-18 15:23:13 INFO PHP Unknown Error: no: 2, msg: Creating default object from empty value on line 75 in file /data/code/tcsb/service/lib/nusoap.php uri: /service/service.php, post: []
2016-12-18 15:23:13 INFO AddIdentifyResult: 10445,013127195010,-1,
2016-12-18 15:23:28 INFO PHP Unknown Error: no: 2, msg: Creating default object from empty value on line 75 in file /data/code/tcsb/service/lib/nusoap.php uri: /service/service.php, post: []
2016-12-18 15:23:28 INFO AddIdentifyResult: 10445,013127195010,-3,
2016-12-18 15:25:19 INFO PHP Unknown Error: no: 2, msg: Creating default object from empty value on line 75 in file /data/code/tcsb/service/lib/nusoap.php uri: /service/service.php, post: []
2016-12-18 15:25:19 INFO AddIdentifyResult: 10445,013127195010,12,
2016-12-18 15:25:27 INFO PHP Unknown Error: no: 2, msg: Creating default object from empty value on line 75 in file /data/code/tcsb/service/lib/nusoap.php uri: /service/service.php, post: []
2016-12-18 15:25:27 INFO AddIdentifyResult: 10445,013127195010,10,reg/013127195010_1218152453|reg/013127195010_1218152453|reg/013127195010_
2016-12-18 15:31:41 INFO PHP Unknown Error: no: 2, msg: Creating default object from empty value on line 75 in file /data/code/tcsb/service/lib/nusoap.php uri: /service/service.php, post: []
2016-12-18 15:31:42 INFO AddIdentifyResult: 10446,013127195315,-1,
2016-12-18 15:31:47 INFO PHP Unknown Error: no: 2, msg: Creating default object from empty value on line 75 in file /data/code/tcsb/service/lib/nusoap.php uri: /service/service.php, post: []
2016-12-18 15:31:47 INFO AddIdentifyResult: 10446,013127195315,-3,
2016-12-18 15:33:18 INFO PHP Unknown Error: no: 2, msg: Creating default object from empty value on line 75 in file /data/code/tcsb/service/lib/nusoap.php uri: /service/service.php, post: []
2016-12-18 15:33:18 INFO AddIdentifyResult: 10446,013127195315,12,
2016-12-18 15:33:24 INFO PHP Unknown Error: no: 2, msg: Creating default object from empty value on line 75 in file /data/code/tcsb/service/lib/nusoap.php uri: /service/service.php, post: []
2016-12-18 15:33:24 INFO AddIdentifyResult: 10446,013127195315,10,reg/013127195315_1218153312|reg/013127195315_1218153312|reg/013127195315_
2016-12-18 15:33:39 INFO PHP Unknown Error: no: 2, msg: Creating default object from empty value on line 75 in file /data/code/tcsb/service/lib/nusoap.php uri: /service/service.php, post: []
2016-12-18 15:33:39 INFO AddIdentifyResult: 10447,013678613421,-1,
2016-12-18 15:33:53 INFO PHP Unknown Error: no: 2, msg: Creating default object from empty value on line 75 in file /data/code/tcsb/service/lib/nusoap.php uri: /service/service.php, post: []
2016-12-18 15:33:53 INFO AddIdentifyResult: 10447,013678613421,-3,
2016-12-18 15:35:42 INFO PHP Unknown Error: no: 2, msg: Creating default object from empty value on line 75 in file /data/code/tcsb/service/lib/nusoap.php uri: /service/service.php, post: []
2016-12-18 15:35:42 INFO AddIdentifyResult: 10447,013678613421,12,
2016-12-18 15:35:49 INFO PHP Unknown Error: no: 2, msg: Creating default object from empty value on line 75 in file /data/code/tcsb/service/lib/nusoap.php uri: /service/service.php, post: []
2016-12-18 15:35:49 INFO AddIdentifyResult: 10447,013678613421,10,reg/013678613421_1218153518|reg/013678613421_1218153518|reg/013678613421_
2016-12-18 15:38:52 INFO PHP Unknown Error: no: 2, msg: Creating default object from empty value on line 75 in file /data/code/tcsb/service/lib/nusoap.php uri: /service/service.php, post: []
2016-12-18 15:38:52 INFO AddIdentifyResult: 10448,013156069307,-1,
2016-12-18 15:39:01 INFO PHP Unknown Error: no: 2, msg: Creating default object from empty value on line 75 in file /data/code/tcsb/service/lib/nusoap.php uri: /service/service.php, post: []
2016-12-18 15:39:01 INFO AddIdentifyResult: 10448,013156069307,-3,
2016-12-18 15:40:39 INFO PHP Unknown Error: no: 2, msg: Creating default object from empty value on line 75 in file /data/code/tcsb/service/lib/nusoap.php uri: /service/service.php, post: []
2016-12-18 15:40:39 INFO AddIdentifyResult: 10448,013156069307,12,
2016-12-18 15:40:46 INFO PHP Unknown Error: no: 2, msg: Creating default object from empty value on line 75 in file /data/code/tcsb/service/lib/nusoap.php uri: /service/service.php, post: []
2016-12-18 15:40:46 INFO AddIdentifyResult: 10448,013156069307,10,reg/013156069307_1218154026|reg/013156069307_1218154026|reg/013156069307_
2016-12-18 20:19:39 INFO PHP Unknown Error: no: 2, msg: Creating default object from empty value on line 75 in file /data/code/tcsb/service/lib/nusoap.php uri: /service/service.php, post: []
2016-12-18 20:19:39 INFO AddIdentifyResult: 10449,013810171926,-1,
2016-12-18 20:20:42 INFO PHP Unknown Error: no: 2, msg: Creating default object from empty value on line 75 in file /data/code/tcsb/service/lib/nusoap.php uri: /service/service.php, post: []
2016-12-18 20:20:42 INFO AddIdentifyResult: 10450,013810171926,-1,
2016-12-18 20:22:03 INFO PHP Unknown Error: no: 2, msg: Creating default object from empty value on line 75 in file /data/code/tcsb/service/lib/nusoap.php uri: /service/service.php, post: []
2016-12-18 20:22:03 INFO AddIdentifyResult: 10451,013810171926,-1,
2016-12-18 20:25:51 INFO PHP Unknown Error: no: 2, msg: Creating default object from empty value on line 75 in file /data/code/tcsb/service/lib/nusoap.php uri: /service/service.php, post: []
2016-12-18 20:25:51 INFO AddIdentifyResult: 10452,013810171926,-1,
2016-12-18 20:35:56 INFO PHP Unknown Error: no: 2, msg: Creating default object from empty value on line 75 in file /data/code/tcsb/service/lib/nusoap.php uri: /service/service.php, post: []
2016-12-18 20:35:56 INFO AddIdentifyResult: 10453,013810171926,-1,
2016-12-18 20:37:50 INFO PHP Unknown Error: no: 2, msg: Creating default object from empty value on line 75 in file /data/code/tcsb/service/lib/nusoap.php uri: /service/service.php, post: []
2016-12-18 20:37:50 INFO AddIdentifyResult: 10454,013810171926,-1,
2016-12-18 20:47:03 INFO AddIdentifyResult: 10455,013810171926,-1,
2016-12-18 20:52:19 INFO AddIdentifyResult: 10456,013810171926,-1,
2016-12-18 21:04:29 INFO AddIdentifyResult: 10457,017371146171,-1,
2016-12-18 21:48:55 INFO AddIdentifyResult: 10458,017371146171,-1,
2016-12-18 21:49:50 INFO AddIdentifyResult: 10459,017707292306,-1,
2016-12-18 21:56:31 INFO AddIdentifyResult: 10460,017371146171,-1,
2016-12-18 22:11:13 ERROR Exception: java.lang.NullPointerException uri: /sw_op.php?type=dj&Tid=1762, post: [] trace: [{"file":"\/data\/code\/tcsb\/config\/sub.php","line":409,"function":"common_log","args":["error","Exception: java.lang.NullPointerException uri: \/sw_op.php?type=dj&Tid=1762, post: []"]},{"file":"\/data\/code\/tcsb\/inc\/inc_error.php","line":12,"function":"logError","args":["Exception: java.lang.NullPointerException uri: \/sw_op.php?type=dj&Tid=1762, post: []"]},{"function":"exception_handler","args":[{"faultstring":"java.lang.NullPointerException","faultcode":"soapenv:Server.userException","detail":{"hostname":"admin-pc"}}]}]
2016-12-18 22:17:39 INFO AddIdentifyResult: 10462,013810171926,-1,
2016-12-18 22:19:13 INFO AddIdentifyResult: 10463,017371146171,-1,
2016-12-18 22:20:24 INFO AddIdentifyResult: 10464,017371146171,-1,
2016-12-18 22:24:40 INFO AddIdentifyResult: 10465,017371146171,-1,
2016-12-18 22:27:30 INFO AddIdentifyResult: 10466,017371146171,-1,
2016-12-18 22:29:26 INFO AddIdentifyResult: 10467,013810171926,-1,
