2016-12-24 08:50:37 INFO AddIdentifyResult: 11080,013012912963,-1,
2016-12-24 08:50:45 INFO AddIdentifyResult: 11080,013012912963,-3,
2016-12-24 08:52:18 INFO AddIdentifyResult: 11080,013012912963,12,
2016-12-24 08:52:25 INFO AddIdentifyResult: 11080,013012912963,10,reg/013012912963_1224085207|reg/013012912963_1224085207|reg/013012912963_
2016-12-24 08:52:25 INFO UpdateUserState: 013012912963,1
2016-12-24 08:52:33 INFO AddIdentifyResult: 11081,013012912963,-1,
2016-12-24 08:52:42 INFO AddIdentifyResult: 11081,013012912963,-3,
2016-12-24 08:53:34 INFO AddIdentifyResult: 11081,013012912963,0,ver/12/24/085404_013012912963.wav
2016-12-24 08:57:39 INFO AddIdentifyResult: 11082,013012912898,-1,
2016-12-24 08:57:59 INFO AddIdentifyResult: 11082,013012912898,-3,
2016-12-24 08:59:37 INFO AddIdentifyResult: 11082,013012912898,12,
2016-12-24 08:59:44 INFO AddIdentifyResult: 11082,013012912898,10,reg/013012912898_1224085920|reg/013012912898_1224085920|reg/013012912898_
2016-12-24 08:59:45 INFO UpdateUserState: 013012912898,1
2016-12-24 09:01:27 INFO AddIdentifyResult: 11083,013012913002,-1,
2016-12-24 09:01:35 INFO AddIdentifyResult: 11083,013012913002,-3,
2016-12-24 09:04:08 INFO AddIdentifyResult: 11083,013012913002,12,
2016-12-24 09:04:15 INFO AddIdentifyResult: 11083,013012913002,10,reg/013012913002_1224090453|reg/013012913002_1224090453|reg/013012913002_1224090256
2016-12-24 09:04:15 INFO UpdateUserState: 013012913002,1
2016-12-24 09:04:56 INFO AddIdentifyResult: 11084,013255467305,-1,
2016-12-24 09:05:02 INFO AddIdentifyResult: 11084,013255467305,-3,
2016-12-24 09:06:32 INFO AddIdentifyResult: 11084,013255467305,12,
2016-12-24 09:06:39 INFO AddIdentifyResult: 11084,013255467305,10,reg/013255467305_1224090624|reg/013255467305_1224090624|reg/013255467305_
2016-12-24 09:06:39 INFO UpdateUserState: 013255467305,1
2016-12-24 09:13:06 INFO AddIdentifyResult: 11085,013012913010,-1,
2016-12-24 09:13:11 INFO AddIdentifyResult: 11085,013012913010,-3,
2016-12-24 09:15:17 INFO AddIdentifyResult: 11085,013012913010,12,
2016-12-24 09:15:25 INFO AddIdentifyResult: 11085,013012913010,10,reg/013012913010_1224091433|reg/013012913010_1224091433|reg/013012913010_
2016-12-24 09:15:26 INFO UpdateUserState: 013012913010,1
2016-12-24 09:15:55 INFO AddIdentifyResult: 11086,015254689244,-1,
2016-12-24 09:16:02 INFO AddIdentifyResult: 11086,015254689244,-3,
2016-12-24 09:18:29 INFO AddIdentifyResult: 11086,015254689244,12,
2016-12-24 09:18:38 INFO AddIdentifyResult: 11086,015254689244,10,reg/015254689244_1224091723|reg/015254689244_1224091723|reg/015254689244_
2016-12-24 09:18:38 INFO UpdateUserState: 015254689244,1
2016-12-24 09:20:08 INFO AddIdentifyResult: 11087,013012913058,-1,
2016-12-24 09:20:15 INFO AddIdentifyResult: 11087,013012913058,-3,
2016-12-24 09:21:50 INFO AddIdentifyResult: 11087,013012913058,12,
2016-12-24 09:21:58 INFO AddIdentifyResult: 11087,013012913058,10,reg/013012913058_1224092136|reg/013012913058_1224092136|reg/013012913058_
2016-12-24 09:21:58 INFO UpdateUserState: 013012913058,1
2016-12-24 09:22:11 INFO AddIdentifyResult: 11088,015554641820,-1,
2016-12-24 09:22:17 INFO AddIdentifyResult: 11088,015554641820,-3,
2016-12-24 09:24:14 INFO AddIdentifyResult: 11088,015554641820,12,
2016-12-24 09:24:23 INFO AddIdentifyResult: 11088,015554641820,10,reg/015554641820_1224092339|reg/015554641820_1224092339|reg/015554641820_
2016-12-24 09:24:24 INFO UpdateUserState: 015554641820,1
2016-12-24 09:26:53 INFO AddIdentifyResult: 11089,013012913021,-1,
2016-12-24 09:29:03 INFO AddIdentifyResult: 11090,013012913021,-1,
2016-12-24 09:29:12 INFO AddIdentifyResult: 11090,013012913021,-3,
2016-12-24 09:31:13 INFO AddIdentifyResult: 11090,013012913021,12,
2016-12-24 09:31:21 INFO AddIdentifyResult: 11090,013012913021,10,reg/013012913021_1224093034|reg/013012913021_1224093034|reg/013012913021_
2016-12-24 09:31:21 INFO UpdateUserState: 013012913021,1
2016-12-24 09:36:52 INFO AddIdentifyResult: 11091,013012912885,-1,
2016-12-24 09:36:57 INFO AddIdentifyResult: 11091,013012912885,-3,
2016-12-24 09:39:23 INFO AddIdentifyResult: 11091,013012912885,12,
2016-12-24 09:39:31 INFO AddIdentifyResult: 11091,013012912885,10,reg/013012912885_1224093819|reg/013012912885_1224093819|reg/013012912885_
2016-12-24 09:39:31 INFO UpdateUserState: 013012912885,1
2016-12-24 09:40:50 INFO AddIdentifyResult: 11092,015865453594,-1,
2016-12-24 09:40:58 INFO AddIdentifyResult: 11092,015865453594,-3,
2016-12-24 09:43:11 INFO AddIdentifyResult: 11092,015865453594,12,
2016-12-24 09:43:18 INFO AddIdentifyResult: 11092,015865453594,10,reg/015865453594_1224094354|reg/015865453594_1224094354|reg/015865453594_1224094219
2016-12-24 09:43:18 INFO UpdateUserState: 015865453594,1
2016-12-24 09:45:40 INFO AddIdentifyResult: 11093,013012913105,-1,
2016-12-24 09:45:50 INFO AddIdentifyResult: 11093,013012913105,-3,
2016-12-24 09:48:15 INFO AddIdentifyResult: 11093,013012913105,12,
2016-12-24 09:48:23 INFO AddIdentifyResult: 11093,013012913105,10,reg/013012913105_1224094711|reg/013012913105_1224094711|reg/013012913105_
2016-12-24 09:48:23 INFO UpdateUserState: 013012913105,1
2016-12-24 09:50:46 INFO AddIdentifyResult: 11094,013012913137,-1,
2016-12-24 09:50:52 INFO AddIdentifyResult: 11094,013012913137,-3,
2016-12-24 09:52:36 INFO AddIdentifyResult: 11094,013012913137,12,
2016-12-24 09:52:45 INFO AddIdentifyResult: 11094,013012913137,10,reg/013012913137_1224095214|reg/013012913137_1224095214|reg/013012913137_
2016-12-24 09:52:45 INFO UpdateUserState: 013012913137,1
2016-12-24 09:53:03 INFO AddIdentifyResult: 11095,015666478909,-1,
2016-12-24 09:53:08 INFO AddIdentifyResult: 11095,015666478909,-3,
2016-12-24 09:55:51 INFO AddIdentifyResult: 11095,015666478909,12,
2016-12-24 09:55:59 INFO AddIdentifyResult: 11095,015666478909,10,reg/015666478909_1224095631|reg/015666478909_1224095631|reg/015666478909_1224095430
2016-12-24 09:55:59 INFO UpdateUserState: 015666478909,1
2016-12-24 09:57:07 INFO AddIdentifyResult: 11096,013012913189,-1,
2016-12-24 09:57:28 INFO AddIdentifyResult: 11096,013012913189,-3,
2016-12-24 09:58:55 INFO AddIdentifyResult: 11096,013012913189,12,
2016-12-24 09:59:02 INFO AddIdentifyResult: 11096,013012913189,10,reg/013012913189_1224095850|reg/013012913189_1224095850|reg/013012913189_
2016-12-24 09:59:02 INFO UpdateUserState: 013012913189,1
2016-12-24 10:08:02 INFO AddIdentifyResult: 11097,013012913239,-1,
2016-12-24 10:08:10 INFO AddIdentifyResult: 11097,013012913239,-3,
2016-12-24 10:09:57 INFO AddIdentifyResult: 11097,013012913239,12,
2016-12-24 10:10:06 INFO AddIdentifyResult: 11097,013012913239,10,reg/013012913239_1224100931|reg/013012913239_1224100931|reg/013012913239_
2016-12-24 10:10:06 INFO UpdateUserState: 013012913239,1
2016-12-24 10:12:23 INFO AddIdentifyResult: 11098,013012913253,-1,
2016-12-24 10:12:45 INFO AddIdentifyResult: 11098,013012913253,-3,
2016-12-24 10:15:03 INFO AddIdentifyResult: 11098,013012913253,12,
2016-12-24 10:15:10 INFO AddIdentifyResult: 11098,013012913253,10,reg/013012913253_1224101538|reg/013012913253_1224101538|reg/013012913253_1224101407
2016-12-24 10:15:10 INFO UpdateUserState: 013012913253,1
2016-12-24 10:17:46 INFO AddIdentifyResult: 11099,015965454608,-1,
2016-12-24 10:18:19 INFO AddIdentifyResult: 11100,013012913223,-1,
2016-12-24 10:18:28 INFO AddIdentifyResult: 11100,013012913223,-3,
2016-12-24 10:19:24 INFO AddIdentifyResult: 11101,015511231422,-1,
2016-12-24 10:19:59 INFO AddIdentifyResult: 11102,015511231422,-1,
2016-12-24 10:20:08 INFO AddIdentifyResult: 11102,015511231422,-3,
2016-12-24 10:20:27 INFO AddIdentifyResult: 11100,013012913223,12,
2016-12-24 10:20:36 INFO AddIdentifyResult: 11100,013012913223,10,reg/013012913223_1224101949|reg/013012913223_1224101949|reg/013012913223_
2016-12-24 10:20:36 INFO UpdateUserState: 013012913223,1
2016-12-24 10:21:13 INFO AddIdentifyResult: 11103,01596545460801,-1,
2016-12-24 10:21:34 INFO AddIdentifyResult: 11102,015511231422,12,
2016-12-24 10:21:41 INFO AddIdentifyResult: 11102,015511231422,10,reg/015511231422_1224102130|reg/015511231422_1224102130|reg/015511231422_
2016-12-24 10:21:41 INFO UpdateUserState: 015511231422,1
2016-12-24 10:21:51 INFO AddIdentifyResult: 11104,015511231422,-1,
2016-12-24 10:21:57 INFO AddIdentifyResult: 11104,015511231422,-3,
2016-12-24 10:22:18 INFO AddIdentifyResult: 11105,015965454601,-1,
2016-12-24 10:22:25 INFO AddIdentifyResult: 11105,015965454601,-3,
2016-12-24 10:22:49 INFO AddIdentifyResult: 11104,015511231422,0,ver/12/24/102319_015511231422.wav
2016-12-24 10:24:35 INFO AddIdentifyResult: 11105,015965454601,12,
2016-12-24 10:24:44 INFO AddIdentifyResult: 11105,015965454601,10,reg/015965454601_1224102347|reg/015965454601_1224102347|reg/015965454601_
2016-12-24 10:24:44 INFO UpdateUserState: 015965454601,1
2016-12-24 10:25:45 INFO AddIdentifyResult: 11106,13754524701,-1,
2016-12-24 10:26:21 INFO AddIdentifyResult: 11107,013754524701,-1,
2016-12-24 10:26:29 INFO AddIdentifyResult: 11107,013754524701,-3,
2016-12-24 10:27:53 INFO AddIdentifyResult: 11108,013012913269,-1,
2016-12-24 10:27:57 INFO AddIdentifyResult: 11107,013754524701,12,
2016-12-24 10:27:59 INFO AddIdentifyResult: 11108,013012913269,-3,
2016-12-24 10:28:04 INFO AddIdentifyResult: 11107,013754524701,10,reg/013754524701_1224102751|reg/013754524701_1224102751|reg/013754524701_
2016-12-24 10:28:04 INFO UpdateUserState: 013754524701,1
2016-12-24 10:28:08 INFO AddIdentifyResult: 11109,013754524701,-1,
2016-12-24 10:28:15 INFO AddIdentifyResult: 11109,013754524701,-3,
2016-12-24 10:29:40 INFO AddIdentifyResult: 11110,013754524701,-1,
2016-12-24 10:29:42 INFO AddIdentifyResult: 11108,013012913269,12,
2016-12-24 10:29:48 INFO AddIdentifyResult: 11110,013754524701,-3,
2016-12-24 10:29:49 INFO AddIdentifyResult: 11108,013012913269,10,reg/013012913269_1224102921|reg/013012913269_1224102921|reg/013012913269_
2016-12-24 10:29:49 INFO UpdateUserState: 013012913269,1
2016-12-24 10:30:40 INFO AddIdentifyResult: 11110,013754524701,0,ver/12/24/103110_013754524701.wav
2016-12-24 10:31:15 INFO AddIdentifyResult: 11111,013864713035,-1,
2016-12-24 10:31:26 INFO AddIdentifyResult: 11111,013864713035,-3,
2016-12-24 10:32:44 INFO AddIdentifyResult: 11112,015511204032,-1,
2016-12-24 10:32:52 INFO AddIdentifyResult: 11112,015511204032,-3,
2016-12-24 10:33:02 INFO AddIdentifyResult: 11111,013864713035,12,
2016-12-24 10:33:09 INFO AddIdentifyResult: 11111,013864713035,10,reg/013864713035_1224103248|reg/013864713035_1224103248|reg/013864713035_
2016-12-24 10:33:09 INFO UpdateUserState: 013864713035,1
2016-12-24 10:34:45 INFO AddIdentifyResult: 11112,015511204032,12,
2016-12-24 10:34:52 INFO AddIdentifyResult: 11112,015511204032,10,reg/015511204032_1224103536|reg/015511204032_1224103536|reg/015511204032_1224103413
2016-12-24 10:34:53 INFO UpdateUserState: 015511204032,1
2016-12-24 10:34:56 INFO AddIdentifyResult: 11113,015511204032,-1,
2016-12-24 10:35:10 INFO AddIdentifyResult: 11114,015511204032,-1,
2016-12-24 10:35:25 INFO AddIdentifyResult: 11115,015511204032,-1,
2016-12-24 10:35:33 INFO AddIdentifyResult: 11115,015511204032,-3,
2016-12-24 10:36:26 INFO AddIdentifyResult: 11115,015511204032,0,ver/12/24/103656_015511204032.wav
2016-12-24 10:36:33 INFO AddIdentifyResult: 11116,013012913285,-1,
2016-12-24 10:39:08 INFO AddIdentifyResult: 11117,013012913285,-1,
2016-12-24 10:39:12 INFO AddIdentifyResult: 11117,013012913285,-3,
2016-12-24 10:40:44 INFO AddIdentifyResult: 11117,013012913285,12,
2016-12-24 10:40:52 INFO AddIdentifyResult: 11117,013012913285,10,reg/013012913285_1224104034|reg/013012913285_1224104034|reg/013012913285_
2016-12-24 10:40:52 INFO UpdateUserState: 013012913285,1
2016-12-24 10:43:19 INFO AddIdentifyResult: 11118,013012913601,-1,
2016-12-24 10:43:25 INFO AddIdentifyResult: 11118,013012913601,-3,
2016-12-24 10:44:05 INFO AddIdentifyResult: 11119,015511201542,-1,
2016-12-24 10:44:18 INFO AddIdentifyResult: 11119,015511201542,-3,
2016-12-24 10:44:57 INFO AddIdentifyResult: 11118,013012913601,12,
2016-12-24 10:45:04 INFO AddIdentifyResult: 11118,013012913601,10,reg/013012913601_1224104447|reg/013012913601_1224104447|reg/013012913601_
2016-12-24 10:45:04 INFO UpdateUserState: 013012913601,1
2016-12-24 10:45:43 INFO AddIdentifyResult: 11119,015511201542,12,
2016-12-24 10:45:51 INFO AddIdentifyResult: 11119,015511201542,10,reg/015511201542_1224104540|reg/015511201542_1224104540|reg/015511201542_
2016-12-24 10:45:51 INFO UpdateUserState: 015511201542,1
2016-12-24 10:45:53 INFO AddIdentifyResult: 11120,015511201542,-1,
2016-12-24 10:45:59 INFO AddIdentifyResult: 11120,015511201542,-3,
2016-12-24 10:46:09 INFO AddIdentifyResult: 11120,015511201542,1,
2016-12-24 10:46:16 INFO AddIdentifyResult: 11121,015511201542,-1,
2016-12-24 10:46:33 INFO AddIdentifyResult: 11121,015511201542,-3,
2016-12-24 10:47:26 INFO AddIdentifyResult: 11121,015511201542,0,ver/12/24/104756_015511201542.wav
2016-12-24 10:48:46 INFO AddIdentifyResult: 11122,013012913991,-1,
2016-12-24 10:48:53 INFO AddIdentifyResult: 11122,013012913991,-3,
2016-12-24 10:51:23 INFO AddIdentifyResult: 11122,013012913991,12,
2016-12-24 10:51:30 INFO AddIdentifyResult: 11122,013012913991,10,reg/013012913991_1224105214|reg/013012913991_1224105214|reg/013012913991_1224105015
2016-12-24 10:51:30 INFO UpdateUserState: 013012913991,1
2016-12-24 10:51:32 INFO AddIdentifyResult: 11123,013562299038,-1,
2016-12-24 10:51:35 INFO AddIdentifyResult: 11124,015350617436,-1,
2016-12-24 10:51:39 INFO AddIdentifyResult: 11123,013562299038,-3,
2016-12-24 10:51:44 INFO AddIdentifyResult: 11124,015350617436,-3,
2016-12-24 10:52:02 INFO AddIdentifyResult: 11125,015032474713,-1,
2016-12-24 10:52:08 INFO AddIdentifyResult: 11125,015032474713,-3,
2016-12-24 10:53:07 INFO AddIdentifyResult: 11124,015350617436,12,
2016-12-24 10:53:14 INFO AddIdentifyResult: 11124,015350617436,10,reg/015350617436_1224105306|reg/015350617436_1224105306|reg/015350617436_
2016-12-24 10:53:14 INFO UpdateUserState: 015350617436,1
2016-12-24 10:53:18 INFO AddIdentifyResult: 11126,015350617436,-1,
2016-12-24 10:53:31 INFO AddIdentifyResult: 11126,015350617436,-3,
2016-12-24 10:53:49 INFO AddIdentifyResult: 11125,015032474713,12,
2016-12-24 10:53:56 INFO AddIdentifyResult: 11125,015032474713,10,reg/015032474713_1224105453|reg/015032474713_1224105453|reg/015032474713_1224105330
2016-12-24 10:53:56 INFO UpdateUserState: 015032474713,1
2016-12-24 10:54:24 INFO AddIdentifyResult: 11126,015350617436,0,ver/12/24/105454_015350617436.wav
2016-12-24 10:55:12 INFO AddIdentifyResult: 11123,013562299038,12,
2016-12-24 10:55:18 INFO AddIdentifyResult: 11123,013562299038,10,reg/013562299038_1224105554|reg/013562299038_1224105554|reg/013562299038_1224105301
2016-12-24 10:55:18 INFO UpdateUserState: 013562299038,1
2016-12-24 10:56:32 INFO AddIdentifyResult: 11127,015032474713,-1,
2016-12-24 10:56:39 INFO AddIdentifyResult: 11127,015032474713,-3,
2016-12-24 10:57:31 INFO AddIdentifyResult: 11127,015032474713,0,ver/12/24/105801_015032474713.wav
2016-12-24 10:58:00 INFO AddIdentifyResult: 11128,013012913801,-1,
2016-12-24 10:58:05 INFO AddIdentifyResult: 11128,013012913801,-3,
2016-12-24 10:59:09 INFO AddIdentifyResult: 11129,015533225495,-1,
2016-12-24 10:59:21 INFO AddIdentifyResult: 11129,015533225495,-3,
2016-12-24 10:59:42 INFO AddIdentifyResult: 11128,013012913801,12,
2016-12-24 10:59:50 INFO AddIdentifyResult: 11128,013012913801,10,reg/013012913801_1224105927|reg/013012913801_1224105927|reg/013012913801_
2016-12-24 10:59:51 INFO UpdateUserState: 013012913801,1
2016-12-24 11:00:44 INFO AddIdentifyResult: 11129,015533225495,12,
2016-12-24 11:00:50 INFO AddIdentifyResult: 11129,015533225495,10,reg/015533225495_1224110042|reg/015533225495_1224110042|reg/015533225495_
2016-12-24 11:00:50 INFO UpdateUserState: 015533225495,1
2016-12-24 11:00:58 INFO AddIdentifyResult: 11130,015533225495,-1,
2016-12-24 11:01:03 INFO AddIdentifyResult: 11130,015533225495,-3,
2016-12-24 11:01:19 INFO AddIdentifyResult: 11131,015533124580,-1,
2016-12-24 11:01:24 INFO AddIdentifyResult: 11131,015533124580,-3,
2016-12-24 11:01:55 INFO AddIdentifyResult: 11130,015533225495,0,ver/12/24/110225_015533225495.wav
2016-12-24 11:02:15 INFO AddIdentifyResult: 11132,015130242335,-1,
2016-12-24 11:02:23 INFO AddIdentifyResult: 11132,015130242335,-3,
2016-12-24 11:02:48 INFO AddIdentifyResult: 11131,015533124580,12,
2016-12-24 11:02:54 INFO AddIdentifyResult: 11131,015533124580,10,reg/015533124580_1224110246|reg/015533124580_1224110246|reg/015533124580_
2016-12-24 11:02:54 INFO UpdateUserState: 015533124580,1
2016-12-24 11:03:28 INFO AddIdentifyResult: 11133,015533124580,-1,
2016-12-24 11:03:34 INFO AddIdentifyResult: 11133,015533124580,-3,
2016-12-24 11:03:50 INFO AddIdentifyResult: 11132,015130242335,12,
2016-12-24 11:03:57 INFO AddIdentifyResult: 11132,015130242335,10,reg/015130242335_1224110345|reg/015130242335_1224110345|reg/015130242335_
2016-12-24 11:03:58 INFO UpdateUserState: 015130242335,1
2016-12-24 11:04:02 INFO AddIdentifyResult: 11134,015130242335,-1,
2016-12-24 11:04:09 INFO AddIdentifyResult: 11134,015130242335,-3,
2016-12-24 11:04:26 INFO AddIdentifyResult: 11133,015533124580,0,ver/12/24/110456_015533124580.wav
2016-12-24 11:05:03 INFO AddIdentifyResult: 11134,015130242335,0,ver/12/24/110532_015130242335.wav
2016-12-24 11:06:10 INFO AddIdentifyResult: 11135,015511240392,-1,
2016-12-24 11:06:20 INFO AddIdentifyResult: 11135,015511240392,-3,
2016-12-24 11:06:46 INFO AddIdentifyResult: 11135,015511240392,11,reg/015511240392_|reg/015511240392_|reg/015511240392_
2016-12-24 11:07:04 INFO AddIdentifyResult: 11136,015511240392,-1,
2016-12-24 11:07:12 INFO AddIdentifyResult: 11136,015511240392,-3,
2016-12-24 11:08:50 INFO AddIdentifyResult: 11136,015511240392,12,
2016-12-24 11:08:59 INFO AddIdentifyResult: 11136,015511240392,10,reg/015511240392_1224110834|reg/015511240392_1224110834|reg/015511240392_
2016-12-24 11:08:59 INFO UpdateUserState: 015511240392,1
2016-12-24 11:09:02 INFO AddIdentifyResult: 11137,015511240392,-1,
2016-12-24 11:09:09 INFO AddIdentifyResult: 11137,015511240392,-3,
2016-12-24 11:10:02 INFO AddIdentifyResult: 11137,015511240392,0,ver/12/24/111031_015511240392.wav
2016-12-24 11:14:36 INFO AddIdentifyResult: 11138,015511251437,-1,
2016-12-24 11:14:46 INFO AddIdentifyResult: 11138,015511251437,-3,
2016-12-24 11:16:37 INFO AddIdentifyResult: 11138,015511251437,12,
2016-12-24 11:16:45 INFO AddIdentifyResult: 11138,015511251437,10,reg/015511251437_1224111608|reg/015511251437_1224111608|reg/015511251437_
2016-12-24 11:16:45 INFO UpdateUserState: 015511251437,1
2016-12-24 11:16:51 INFO AddIdentifyResult: 11139,015511251437,-1,
2016-12-24 11:16:58 INFO AddIdentifyResult: 11139,015511251437,-3,
2016-12-24 11:17:51 INFO AddIdentifyResult: 11139,015511251437,0,ver/12/24/111821_015511251437.wav
2016-12-24 11:23:18 INFO AddIdentifyResult: 11140,015511251473,-1,
2016-12-24 11:23:41 INFO AddIdentifyResult: 11140,015511251473,-3,
2016-12-24 11:25:00 INFO AddIdentifyResult: 11141,013483298143,-1,
2016-12-24 11:25:07 INFO AddIdentifyResult: 11141,013483298143,-3,
2016-12-24 11:25:37 INFO AddIdentifyResult: 11140,015511251473,12,
2016-12-24 11:25:44 INFO AddIdentifyResult: 11140,015511251473,10,reg/015511251473_1224112627|reg/015511251473_1224112627|reg/015511251473_1224112503
2016-12-24 11:25:45 INFO UpdateUserState: 015511251473,1
2016-12-24 11:25:51 INFO AddIdentifyResult: 11142,015511251473,-1,
2016-12-24 11:26:00 INFO AddIdentifyResult: 11142,015511251473,-3,
2016-12-24 11:26:49 INFO AddIdentifyResult: 11141,013483298143,12,
2016-12-24 11:26:52 INFO AddIdentifyResult: 11142,015511251473,0,ver/12/24/112722_015511251473.wav
2016-12-24 11:26:56 INFO AddIdentifyResult: 11141,013483298143,10,reg/013483298143_1224112629|reg/013483298143_1224112629|reg/013483298143_
2016-12-24 11:26:56 INFO UpdateUserState: 013483298143,1
2016-12-24 11:27:16 INFO AddIdentifyResult: 11143,013483298143,-1,
2016-12-24 11:27:26 INFO AddIdentifyResult: 11143,013483298143,-3,
2016-12-24 11:28:19 INFO AddIdentifyResult: 11143,013483298143,0,ver/12/24/112849_013483298143.wav
2016-12-24 11:29:54 INFO AddIdentifyResult: 11144,015533204694,-1,
2016-12-24 11:30:01 INFO AddIdentifyResult: 11144,015533204694,-3,
2016-12-24 11:31:51 INFO AddIdentifyResult: 11145,015511235364,-1,
2016-12-24 11:31:53 INFO AddIdentifyResult: 11144,015533204694,12,
2016-12-24 11:31:57 INFO AddIdentifyResult: 11145,015511235364,-3,
2016-12-24 11:32:00 INFO AddIdentifyResult: 11144,015533204694,10,reg/015533204694_1224113247|reg/015533204694_1224113247|reg/015533204694_1224113123
2016-12-24 11:32:00 INFO UpdateUserState: 015533204694,1
2016-12-24 11:32:06 INFO AddIdentifyResult: 11146,015533204694,-1,
2016-12-24 11:32:21 INFO AddIdentifyResult: 11147,015533204694,-1,
2016-12-24 11:32:53 INFO AddIdentifyResult: 11148,015533204694,-1,
2016-12-24 11:33:37 INFO AddIdentifyResult: 11145,015511235364,12,
2016-12-24 11:33:44 INFO AddIdentifyResult: 11145,015511235364,10,reg/015511235364_1224113442|reg/015511235364_1224113442|reg/015511235364_1224113319
2016-12-24 11:33:44 INFO UpdateUserState: 015511235364,1
2016-12-24 11:33:59 INFO AddIdentifyResult: 11149,015511235364,-1,
2016-12-24 11:34:04 INFO AddIdentifyResult: 11150,015533204694,-1,
2016-12-24 11:34:05 INFO AddIdentifyResult: 11149,015511235364,-3,
2016-12-24 11:34:11 INFO AddIdentifyResult: 11150,015533204694,-3,
2016-12-24 11:34:26 INFO AddIdentifyResult: 11149,015511235364,1,
2016-12-24 11:35:08 INFO AddIdentifyResult: 11150,015533204694,1,
2016-12-24 11:35:20 INFO AddIdentifyResult: 11151,015533204694,-1,
2016-12-24 11:35:27 INFO AddIdentifyResult: 11151,015533204694,-3,
2016-12-24 11:35:34 INFO AddIdentifyResult: 11151,015533204694,1,
2016-12-24 11:35:45 INFO AddIdentifyResult: 11152,015533204694,-1,
2016-12-24 11:35:55 INFO AddIdentifyResult: 11152,015533204694,-3,
2016-12-24 11:36:04 INFO AddIdentifyResult: 11152,015533204694,1,
2016-12-24 11:36:20 INFO AddIdentifyResult: 11153,015533204694,-1,
2016-12-24 11:37:48 INFO AddIdentifyResult: 11154,015533204694,-1,
2016-12-24 11:38:01 INFO AddIdentifyResult: 11154,015533204694,-3,
2016-12-24 11:38:07 INFO AddIdentifyResult: 11154,015533204694,1,
2016-12-24 11:38:25 INFO AddIdentifyResult: 11155,015533204694,-1,
2016-12-24 11:39:24 INFO AddIdentifyResult: 11156,015511235364,-1,
2016-12-24 11:39:35 INFO AddIdentifyResult: 11157,015533204694,-1,
2016-12-24 11:39:51 INFO AddIdentifyResult: 11158,015511235364,-1,
2016-12-24 11:42:01 INFO AddIdentifyResult: 11159,015511235364,-1,
2016-12-24 11:42:36 INFO AddIdentifyResult: 11160,015511235364,-1,
2016-12-24 11:43:59 INFO AddIdentifyResult: 11161,015511235364,-1,
2016-12-24 11:44:30 INFO AddIdentifyResult: 11162,015933227264,-1,
2016-12-24 11:44:37 INFO AddIdentifyResult: 11162,015933227264,-3,
2016-12-24 11:45:59 INFO AddIdentifyResult: 11162,015933227264,12,
2016-12-24 11:46:05 INFO AddIdentifyResult: 11162,015933227264,10,reg/015933227264_1224114559|reg/015933227264_1224114559|reg/015933227264_
2016-12-24 11:46:06 INFO UpdateUserState: 015933227264,1
2016-12-24 11:46:09 INFO AddIdentifyResult: 11163,015933227264,-1,
2016-12-24 11:46:09 INFO AddIdentifyResult: 11164,015511235364,-1,
2016-12-24 11:46:15 INFO AddIdentifyResult: 11164,015511235364,-3,
2016-12-24 11:46:16 INFO AddIdentifyResult: 11163,015933227264,-3,
2016-12-24 11:47:07 INFO AddIdentifyResult: 11164,015511235364,0,ver/12/24/114737_015511235364.wav
2016-12-24 11:47:08 INFO AddIdentifyResult: 11163,015933227264,0,ver/12/24/114738_015933227264.wav
2016-12-24 11:48:19 INFO AddIdentifyResult: 11165,015511215946,-1,
2016-12-24 11:48:25 INFO AddIdentifyResult: 11165,015511215946,-3,
2016-12-24 11:49:51 INFO AddIdentifyResult: 11165,015511215946,12,
2016-12-24 11:49:58 INFO AddIdentifyResult: 11165,015511215946,10,reg/015511215946_1224114947|reg/015511215946_1224114947|reg/015511215946_
2016-12-24 11:49:59 INFO UpdateUserState: 015511215946,1
2016-12-24 11:50:12 INFO AddIdentifyResult: 11166,015511215946,-1,
2016-12-24 11:50:13 INFO AddIdentifyResult: 11167,013400129327,-1,
2016-12-24 11:50:21 INFO AddIdentifyResult: 11167,013400129327,-3,
2016-12-24 11:50:32 INFO AddIdentifyResult: 11168,015511215946,-1,
2016-12-24 11:51:13 INFO AddIdentifyResult: 11169,015511215946,-1,
2016-12-24 11:51:19 INFO AddIdentifyResult: 11169,015511215946,-3,
2016-12-24 11:52:10 INFO AddIdentifyResult: 11169,015511215946,0,ver/12/24/115241_015511215946.wav
2016-12-24 11:52:23 INFO AddIdentifyResult: 11167,013400129327,12,
2016-12-24 11:52:29 INFO AddIdentifyResult: 11167,013400129327,10,reg/013400129327_1224115327|reg/013400129327_1224115327|reg/013400129327_1224115143
2016-12-24 11:52:29 INFO UpdateUserState: 013400129327,1
2016-12-24 11:52:54 INFO AddIdentifyResult: 11170,013400129327,-1,
2016-12-24 11:53:03 INFO AddIdentifyResult: 11170,013400129327,-3,
2016-12-24 11:53:55 INFO AddIdentifyResult: 11170,013400129327,0,ver/12/24/115426_013400129327.wav
2016-12-24 11:57:31 INFO AddIdentifyResult: 11171,015533225149,-1,
2016-12-24 11:57:37 INFO AddIdentifyResult: 11171,015533225149,-3,
2016-12-24 11:59:09 INFO AddIdentifyResult: 11171,015533225149,12,
2016-12-24 11:59:12 INFO AddIdentifyResult: 11172,015533224903,-1,
2016-12-24 11:59:17 INFO AddIdentifyResult: 11171,015533225149,10,reg/015533225149_1224115859|reg/015533225149_1224115859|reg/015533225149_
2016-12-24 11:59:17 INFO UpdateUserState: 015533225149,1
2016-12-24 11:59:29 INFO AddIdentifyResult: 11173,015533225149,-1,
2016-12-24 11:59:46 INFO AddIdentifyResult: 11174,015533225149,-1,
2016-12-24 11:59:50 INFO AddIdentifyResult: 11175,015533224903,-1,
2016-12-24 11:59:55 INFO AddIdentifyResult: 11175,015533224903,-3,
2016-12-24 12:00:06 INFO AddIdentifyResult: 11176,015533225149,-1,
2016-12-24 12:00:17 INFO AddIdentifyResult: 11176,015533225149,-3,
2016-12-24 12:01:09 INFO AddIdentifyResult: 11176,015533225149,0,ver/12/24/120139_015533225149.wav
2016-12-24 12:01:28 INFO AddIdentifyResult: 11175,015533224903,11,reg/015533224903_|reg/015533224903_|reg/015533224903_
2016-12-24 12:01:51 INFO AddIdentifyResult: 11177,015533224903,-1,
2016-12-24 12:02:02 INFO AddIdentifyResult: 11177,015533224903,-3,
2016-12-24 12:02:23 INFO AddIdentifyResult: 11177,015533224903,11,reg/015533224903_|reg/015533224903_|reg/015533224903_
2016-12-24 12:04:46 INFO AddIdentifyResult: 11178,015533224903,-1,
2016-12-24 12:04:56 INFO AddIdentifyResult: 11179,015511209487,-1,
2016-12-24 12:05:06 INFO AddIdentifyResult: 11179,015511209487,-3,
2016-12-24 12:05:22 INFO AddIdentifyResult: 11178,015533224903,-3,
2016-12-24 12:05:23 INFO AddIdentifyResult: 11178,015533224903,11,reg/015533224903_|reg/015533224903_|reg/015533224903_
2016-12-24 12:05:25 INFO AddIdentifyResult: 11180,015533224903,-1,
2016-12-24 12:05:30 INFO AddIdentifyResult: 11180,015533224903,-3,
2016-12-24 12:05:42 INFO AddIdentifyResult: 11180,015533224903,11,reg/015533224903_|reg/015533224903_|reg/015533224903_
2016-12-24 12:06:32 INFO AddIdentifyResult: 11179,015511209487,12,
2016-12-24 12:06:39 INFO AddIdentifyResult: 11179,015511209487,10,reg/015511209487_1224120628|reg/015511209487_1224120628|reg/015511209487_
2016-12-24 12:06:39 INFO UpdateUserState: 015511209487,1
2016-12-24 12:06:51 INFO AddIdentifyResult: 11181,015511215946,-1,
2016-12-24 12:07:05 INFO AddIdentifyResult: 11182,015511209487,-1,
2016-12-24 12:07:47 INFO AddIdentifyResult: 11183,015511209487,-1,
2016-12-24 12:07:55 INFO AddIdentifyResult: 11183,015511209487,-3,
2016-12-24 12:08:48 INFO AddIdentifyResult: 11183,015511209487,0,ver/12/24/120918_015511209487.wav
2016-12-24 12:09:54 INFO AddIdentifyResult: 11184,015533224903,-1,
2016-12-24 12:10:07 INFO AddIdentifyResult: 11185,015533204694,-1,
2016-12-24 12:10:17 INFO AddIdentifyResult: 11185,015533204694,-3,
2016-12-24 12:10:21 INFO AddIdentifyResult: 11186,015533224903,-1,
2016-12-24 12:11:07 INFO AddIdentifyResult: 11185,015533204694,0,ver/12/24/121139_015533204694.wav
2016-12-24 12:11:35 INFO AddIdentifyResult: 11187,015533216470,-1,
2016-12-24 12:11:42 INFO AddIdentifyResult: 11187,015533216470,-3,
2016-12-24 12:13:08 INFO AddIdentifyResult: 11187,015533216470,12,
2016-12-24 12:13:15 INFO AddIdentifyResult: 11187,015533216470,10,reg/015533216470_1224121304|reg/015533216470_1224121304|reg/015533216470_
2016-12-24 12:13:15 INFO UpdateUserState: 015533216470,1
2016-12-24 12:13:31 INFO AddIdentifyResult: 11188,015533216470,-1,
2016-12-24 12:13:51 INFO AddIdentifyResult: 11188,015533216470,-3,
2016-12-24 12:14:42 INFO AddIdentifyResult: 11188,015533216470,0,ver/12/24/121513_015533216470.wav
2016-12-24 12:15:04 INFO AddIdentifyResult: 11189,015533224903,-1,
2016-12-24 12:15:07 INFO AddIdentifyResult: 11190,015533121549,-1,
2016-12-24 12:15:10 INFO AddIdentifyResult: 11189,015533224903,-3,
2016-12-24 12:15:23 INFO AddIdentifyResult: 11190,015533121549,-3,
2016-12-24 12:16:38 INFO AddIdentifyResult: 11189,015533224903,12,
2016-12-24 12:16:45 INFO AddIdentifyResult: 11189,015533224903,10,reg/015533224903_1224121632|reg/015533224903_1224121632|reg/015533224903_
2016-12-24 12:16:46 INFO UpdateUserState: 015533224903,1
2016-12-24 12:16:54 INFO AddIdentifyResult: 11190,015533121549,12,
2016-12-24 12:17:01 INFO AddIdentifyResult: 11190,015533121549,10,reg/015533121549_1224121645|reg/015533121549_1224121645|reg/015533121549_
2016-12-24 12:17:01 INFO UpdateUserState: 015533121549,1
2016-12-24 12:17:01 INFO AddIdentifyResult: 11191,015533224903,-1,
2016-12-24 12:17:05 INFO AddIdentifyResult: 11192,015533121549,-1,
2016-12-24 12:17:06 INFO AddIdentifyResult: 11191,015533224903,-3,
2016-12-24 12:17:21 INFO AddIdentifyResult: 11192,015533121549,-3,
2016-12-24 12:17:59 INFO AddIdentifyResult: 11191,015533224903,0,ver/12/24/121829_015533224903.wav
2016-12-24 12:18:14 INFO AddIdentifyResult: 11192,015533121549,0,ver/12/24/121844_015533121549.wav
2016-12-24 12:23:43 INFO AddIdentifyResult: 11193,015933966685,-1,
2016-12-24 12:24:00 INFO AddIdentifyResult: 11193,015933966685,-3,
2016-12-24 12:25:54 INFO AddIdentifyResult: 11193,015933966685,12,
2016-12-24 12:26:02 INFO AddIdentifyResult: 11193,015933966685,10,reg/015933966685_1224122522|reg/015933966685_1224122522|reg/015933966685_
2016-12-24 12:26:03 INFO UpdateUserState: 015933966685,1
2016-12-24 12:26:07 INFO AddIdentifyResult: 11194,015933966685,-1,
2016-12-24 12:26:15 INFO AddIdentifyResult: 11194,015933966685,-3,
2016-12-24 12:27:08 INFO AddIdentifyResult: 11194,015933966685,0,ver/12/24/122738_015933966685.wav
2016-12-24 12:28:21 INFO AddIdentifyResult: 11195,015511232410,-1,
2016-12-24 12:28:28 INFO AddIdentifyResult: 11195,015511232410,-3,
2016-12-24 12:30:26 INFO AddIdentifyResult: 11195,015511232410,12,
2016-12-24 12:30:35 INFO AddIdentifyResult: 11195,015511232410,10,reg/015511232410_1224122950|reg/015511232410_1224122950|reg/015511232410_
2016-12-24 12:30:36 INFO UpdateUserState: 015511232410,1
2016-12-24 12:30:42 INFO AddIdentifyResult: 11196,015511232410,-1,
2016-12-24 12:31:14 INFO AddIdentifyResult: 11197,015511232410,-1,
2016-12-24 12:31:23 INFO AddIdentifyResult: 11197,015511232410,-3,
2016-12-24 12:32:15 INFO AddIdentifyResult: 11197,015511232410,0,ver/12/24/123245_015511232410.wav
2016-12-24 12:34:37 INFO AddIdentifyResult: 11198,015511237549,-1,
2016-12-24 12:35:17 INFO AddIdentifyResult: 11199,015511237549,-1,
2016-12-24 12:35:56 INFO AddIdentifyResult: 11200,015511237549,-1,
2016-12-24 12:36:13 INFO AddIdentifyResult: 11200,015511237549,-3,
2016-12-24 12:36:38 INFO AddIdentifyResult: 11201,015931831338,-1,
2016-12-24 12:36:50 INFO AddIdentifyResult: 11201,015931831338,-3,
2016-12-24 12:38:07 INFO AddIdentifyResult: 11200,015511237549,11,reg/015511237549_|reg/015511237549_|reg/015511237549_
2016-12-24 12:38:26 INFO AddIdentifyResult: 11202,015511237549,-1,
2016-12-24 12:38:45 INFO AddIdentifyResult: 11201,015931831338,12,
2016-12-24 12:38:52 INFO AddIdentifyResult: 11201,015931831338,10,reg/015931831338_1224123944|reg/015931831338_1224123944|reg/015931831338_1224123812
2016-12-24 12:38:52 INFO UpdateUserState: 015931831338,1
2016-12-24 12:38:54 INFO AddIdentifyResult: 11203,015511237549,-1,
2016-12-24 12:39:01 INFO AddIdentifyResult: 11204,015931831338,-1,
2016-12-24 12:39:10 INFO AddIdentifyResult: 11204,015931831338,-3,
2016-12-24 12:39:45 INFO AddIdentifyResult: 11205,015511237549,-1,
2016-12-24 12:40:00 INFO AddIdentifyResult: 11205,015511237549,-3,
2016-12-24 12:40:02 INFO AddIdentifyResult: 11204,015931831338,0,ver/12/24/124033_015931831338.wav
2016-12-24 12:40:13 INFO AddIdentifyResult: 11206,015512212547,-1,
2016-12-24 12:41:14 INFO AddIdentifyResult: 11207,015511212547,-1,
2016-12-24 12:41:21 INFO AddIdentifyResult: 11207,015511212547,-3,
2016-12-24 12:41:25 INFO AddIdentifyResult: 11205,015511237549,12,
2016-12-24 12:41:32 INFO AddIdentifyResult: 11205,015511237549,10,reg/015511237549_1224124122|reg/015511237549_1224124122|reg/015511237549_
2016-12-24 12:41:32 INFO UpdateUserState: 015511237549,1
2016-12-24 12:41:48 INFO AddIdentifyResult: 11208,015511237549,-1,
2016-12-24 12:41:55 INFO AddIdentifyResult: 11208,015511237549,-3,
2016-12-24 12:42:48 INFO AddIdentifyResult: 11208,015511237549,0,ver/12/24/124318_015511237549.wav
2016-12-24 12:42:49 INFO AddIdentifyResult: 11207,015511212547,12,
2016-12-24 12:42:56 INFO AddIdentifyResult: 11207,015511212547,10,reg/015511212547_1224124244|reg/015511212547_1224124244|reg/015511212547_
2016-12-24 12:42:56 INFO UpdateUserState: 015511212547,1
2016-12-24 12:43:03 INFO AddIdentifyResult: 11209,015511212547,-1,
2016-12-24 12:43:05 INFO AddIdentifyResult: 11210,015033761418,-1,
2016-12-24 12:43:10 INFO AddIdentifyResult: 11209,015511212547,-3,
2016-12-24 12:43:14 INFO AddIdentifyResult: 11210,015033761418,-3,
2016-12-24 12:44:03 INFO AddIdentifyResult: 11209,015511212547,0,ver/12/24/124433_015511212547.wav
2016-12-24 12:44:44 INFO AddIdentifyResult: 11210,015033761418,12,
2016-12-24 12:44:51 INFO AddIdentifyResult: 11210,015033761418,10,reg/015033761418_1224124437|reg/015033761418_1224124437|reg/015033761418_
2016-12-24 12:44:52 INFO UpdateUserState: 015033761418,1
2016-12-24 12:45:01 INFO AddIdentifyResult: 11211,015033761418,-1,
2016-12-24 12:45:08 INFO AddIdentifyResult: 11211,015033761418,-3,
2016-12-24 12:46:01 INFO AddIdentifyResult: 11211,015033761418,0,ver/12/24/124631_015033761418.wav
2016-12-24 13:09:01 INFO AddIdentifyResult: 11212,013012913697,-1,
2016-12-24 13:09:10 INFO AddIdentifyResult: 11212,013012913697,-3,
2016-12-24 13:10:45 INFO AddIdentifyResult: 11212,013012913697,12,
2016-12-24 13:10:52 INFO AddIdentifyResult: 11212,013012913697,10,reg/013012913697_1224131032|reg/013012913697_1224131032|reg/013012913697_
2016-12-24 13:10:52 INFO UpdateUserState: 013012913697,1
2016-12-24 13:10:53 INFO AddIdentifyResult: 11213,015254621084,-1,
2016-12-24 13:11:00 INFO AddIdentifyResult: 11213,015254621084,-3,
2016-12-24 13:12:49 INFO AddIdentifyResult: 11213,015254621084,12,
2016-12-24 13:12:56 INFO AddIdentifyResult: 11213,015254621084,10,reg/015254621084_1224131222|reg/015254621084_1224131222|reg/015254621084_
2016-12-24 13:12:57 INFO UpdateUserState: 015254621084,1
2016-12-24 13:29:52 INFO AddIdentifyResult: 11214,013012913852,-1,
2016-12-24 13:30:20 INFO AddIdentifyResult: 11215,013012913852,-1,
2016-12-24 13:30:33 INFO AddIdentifyResult: 11215,013012913852,-3,
2016-12-24 13:30:51 INFO AddIdentifyResult: 11215,013012913852,11,reg/013012913852_|reg/013012913852_|reg/013012913852_
2016-12-24 13:30:57 INFO AddIdentifyResult: 11216,013012913852,-1,
2016-12-24 13:31:03 INFO AddIdentifyResult: 11216,013012913852,-3,
2016-12-24 13:32:53 INFO AddIdentifyResult: 11216,013012913852,12,
2016-12-24 13:33:01 INFO AddIdentifyResult: 11216,013012913852,10,reg/013012913852_1224133225|reg/013012913852_1224133225|reg/013012913852_
2016-12-24 13:33:01 INFO UpdateUserState: 013012913852,1
2016-12-24 13:46:11 INFO AddIdentifyResult: 11217,018254630656,-1,
2016-12-24 13:46:41 INFO AddIdentifyResult: 11217,018254630656,-3,
2016-12-24 13:48:16 INFO AddIdentifyResult: 11217,018254630656,12,
2016-12-24 13:48:23 INFO AddIdentifyResult: 11217,018254630656,10,reg/018254630656_1224134804|reg/018254630656_1224134804|reg/018254630656_
2016-12-24 13:48:23 INFO UpdateUserState: 018254630656,1
2016-12-24 13:52:26 INFO AddIdentifyResult: 11218,013012915096,-1,
2016-12-24 13:52:37 INFO AddIdentifyResult: 11218,013012915096,-3,
2016-12-24 13:54:18 INFO AddIdentifyResult: 11218,013012915096,12,
2016-12-24 13:54:25 INFO AddIdentifyResult: 11218,013012915096,10,reg/013012915096_1224135406|reg/013012915096_1224135406|reg/013012915096_
2016-12-24 13:54:25 INFO UpdateUserState: 013012915096,1
2016-12-24 14:01:47 INFO AddIdentifyResult: 11219,015954655182,-1,
2016-12-24 14:01:54 INFO AddIdentifyResult: 11219,015954655182,-3,
2016-12-24 14:05:27 INFO AddIdentifyResult: 11219,015954655182,12,
2016-12-24 14:05:33 INFO AddIdentifyResult: 11219,015954655182,10,reg/015954655182_1224140607|reg/015954655182_1224140607|reg/015954655182_1224140316
2016-12-24 14:05:33 INFO UpdateUserState: 015954655182,1
2016-12-24 14:37:57 INFO AddIdentifyResult: 11220,013012913960,-1,
2016-12-24 14:38:02 INFO AddIdentifyResult: 11220,013012913960,-3,
2016-12-24 14:40:09 INFO AddIdentifyResult: 11220,013012913960,12,
2016-12-24 14:40:17 INFO AddIdentifyResult: 11220,013012913960,10,reg/013012913960_1224143924|reg/013012913960_1224143924|reg/013012913960_
2016-12-24 14:40:17 INFO UpdateUserState: 013012913960,1
2016-12-24 14:41:40 INFO AddIdentifyResult: 11221,013465469499,-1,
2016-12-24 14:41:46 INFO AddIdentifyResult: 11221,013465469499,-3,
2016-12-24 14:44:50 INFO AddIdentifyResult: 11221,013465469499,12,
2016-12-24 14:44:56 INFO AddIdentifyResult: 11221,013465469499,10,reg/013465469499_1224144528|reg/013465469499_1224144528|reg/013465469499_1224144308
2016-12-24 14:44:56 INFO UpdateUserState: 013465469499,1
2016-12-24 14:45:51 INFO AddIdentifyResult: 11222,013012913937,-1,
2016-12-24 14:45:58 INFO AddIdentifyResult: 11222,013012913937,-3,
2016-12-24 14:48:00 INFO AddIdentifyResult: 11222,013012913937,12,
2016-12-24 14:48:10 INFO AddIdentifyResult: 11222,013012913937,10,reg/013012913937_1224144720|reg/013012913937_1224144720|reg/013012913937_
2016-12-24 14:48:11 INFO UpdateUserState: 013012913937,1
2016-12-24 14:48:20 INFO AddIdentifyResult: 11223,015254657558,-1,
2016-12-24 14:48:31 INFO AddIdentifyResult: 11223,015254657558,-3,
2016-12-24 14:50:31 INFO AddIdentifyResult: 11223,015254657558,12,
2016-12-24 14:50:41 INFO AddIdentifyResult: 11223,015254657558,10,reg/015254657558_1224144953|reg/015254657558_1224144953|reg/015254657558_
2016-12-24 14:50:41 INFO UpdateUserState: 015254657558,1
2016-12-24 14:52:42 INFO AddIdentifyResult: 11224,013012915208,-1,
2016-12-24 14:52:58 INFO AddIdentifyResult: 11224,013012915208,-3,
2016-12-24 14:54:26 INFO AddIdentifyResult: 11224,013012915208,12,
2016-12-24 14:54:32 INFO AddIdentifyResult: 11224,013012915208,10,reg/013012915208_1224145420|reg/013012915208_1224145420|reg/013012915208_
2016-12-24 14:54:32 INFO UpdateUserState: 013012915208,1
2016-12-24 14:54:38 INFO AddIdentifyResult: 11225,013780782914,-1,
2016-12-24 14:54:47 INFO AddIdentifyResult: 11225,013780782914,-3,
2016-12-24 14:56:18 INFO AddIdentifyResult: 11225,013780782914,12,
2016-12-24 14:56:25 INFO AddIdentifyResult: 11225,013780782914,10,reg/013780782914_1224145610|reg/013780782914_1224145610|reg/013780782914_
2016-12-24 14:56:25 INFO UpdateUserState: 013780782914,1
2016-12-24 14:59:39 INFO AddIdentifyResult: 11226,013012912718,-1,
2016-12-24 15:00:13 INFO AddIdentifyResult: 11227,013012912718,-1,
2016-12-24 15:01:17 INFO AddIdentifyResult: 11228,013012912718,-1,
2016-12-24 15:01:23 INFO AddIdentifyResult: 11228,013012912718,-3,
2016-12-24 15:03:18 INFO AddIdentifyResult: 11228,013012912718,12,
2016-12-24 15:03:27 INFO AddIdentifyResult: 11228,013012912718,10,reg/013012912718_1224150245|reg/013012912718_1224150245|reg/013012912718_
2016-12-24 15:03:28 INFO UpdateUserState: 013012912718,1
2016-12-24 15:05:16 INFO AddIdentifyResult: 11229,018254656763,-1,
2016-12-24 15:05:23 INFO AddIdentifyResult: 11229,018254656763,-3,
2016-12-24 15:06:45 INFO AddIdentifyResult: 11229,018254656763,12,
2016-12-24 15:06:52 INFO AddIdentifyResult: 11229,018254656763,10,reg/018254656763_1224150645|reg/018254656763_1224150645|reg/018254656763_
2016-12-24 15:06:53 INFO UpdateUserState: 018254656763,1
2016-12-24 15:09:27 INFO AddIdentifyResult: 11230,013012915295,-1,
2016-12-24 15:09:33 INFO AddIdentifyResult: 11230,013012915295,-3,
2016-12-24 15:11:10 INFO AddIdentifyResult: 11230,013012915295,12,
2016-12-24 15:11:17 INFO AddIdentifyResult: 11230,013012915295,10,reg/013012915295_1224151055|reg/013012915295_1224151055|reg/013012915295_
2016-12-24 15:11:17 INFO UpdateUserState: 013012915295,1
2016-12-24 15:36:23 INFO AddIdentifyResult: 11231,018954025369,-1,
2016-12-24 15:36:30 INFO AddIdentifyResult: 11231,018954025369,-3,
2016-12-24 15:41:01 INFO AddIdentifyResult: 11231,018954025369,12,
2016-12-24 15:41:08 INFO AddIdentifyResult: 11231,018954025369,10,reg/018954025369_1224154049|reg/018954025369_1224154049|reg/018954025369_1224153753
2016-12-24 15:41:08 INFO UpdateUserState: 018954025369,1
2016-12-24 15:41:47 INFO AddIdentifyResult: 11232,013012915735,-1,
2016-12-24 15:41:59 INFO AddIdentifyResult: 11232,013012915735,-3,
2016-12-24 15:44:00 INFO AddIdentifyResult: 11232,013012915735,12,
2016-12-24 15:44:07 INFO AddIdentifyResult: 11232,013012915735,10,reg/013012915735_1224154322|reg/013012915735_1224154322|reg/013012915735_
2016-12-24 15:44:07 INFO UpdateUserState: 013012915735,1
2016-12-24 21:51:21 INFO AddIdentifyResult: 11233,013810171926,-1,
2016-12-24 21:51:32 INFO AddIdentifyResult: 11233,013810171926,-3,
2016-12-24 21:51:39 INFO AddIdentifyResult: 11233,013810171926,11,reg/013810171926_|reg/013810171926_|reg/013810171926_
