2016-12-22 09:40:18 INFO AddIdentifyResult: 10834,015230422306,-1,
2016-12-22 09:40:29 INFO AddIdentifyResult: 10834,015230422306,-3,
2016-12-22 09:42:25 INFO AddIdentifyResult: 10834,015230422306,12,
2016-12-22 09:42:31 INFO AddIdentifyResult: 10834,015230422306,10,reg/015230422306_1222094302|reg/015230422306_1222094302|reg/015230422306_1222094142
2016-12-22 09:42:31 INFO UpdateUserState: 015230422306,1
2016-12-22 09:42:35 INFO AddIdentifyResult: 10835,015230422306,-1,
2016-12-22 09:42:43 INFO AddIdentifyResult: 10835,015230422306,-3,
2016-12-22 09:43:35 INFO AddIdentifyResult: 10835,015230422306,0,ver/12/22/094356_015230422306.wav
2016-12-22 09:44:27 INFO AddIdentifyResult: 10836,013012909619,-1,
2016-12-22 09:44:34 INFO AddIdentifyResult: 10836,013012909619,-3,
2016-12-22 09:46:27 INFO AddIdentifyResult: 10836,013012909619,12,
2016-12-22 09:46:35 INFO AddIdentifyResult: 10836,013012909619,10,reg/013012909619_1222094546|reg/013012909619_1222094546|reg/013012909619_
2016-12-22 09:46:35 INFO UpdateUserState: 013012909619,1
2016-12-22 09:49:03 INFO AddIdentifyResult: 10837,015533124158,-1,
2016-12-22 09:49:12 INFO AddIdentifyResult: 10837,015533124158,-3,
2016-12-22 09:50:43 INFO AddIdentifyResult: 10837,015533124158,12,
2016-12-22 09:50:50 INFO AddIdentifyResult: 10837,015533124158,10,reg/015533124158_1222095025|reg/015533124158_1222095025|reg/015533124158_
2016-12-22 09:50:50 INFO UpdateUserState: 015533124158,1
2016-12-22 09:50:58 INFO AddIdentifyResult: 10838,015533124158,-1,
2016-12-22 09:51:06 INFO AddIdentifyResult: 10838,015533124158,-3,
2016-12-22 09:51:58 INFO AddIdentifyResult: 10838,015533124158,0,ver/12/22/095219_015533124158.wav
2016-12-22 09:55:24 INFO AddIdentifyResult: 10839,015533124216,-1,
2016-12-22 09:55:30 INFO AddIdentifyResult: 10839,015533124216,-3,
2016-12-22 09:57:25 INFO AddIdentifyResult: 10839,015533124216,12,
2016-12-22 09:57:33 INFO AddIdentifyResult: 10839,015533124216,10,reg/015533124216_1222095805|reg/015533124216_1222095805|reg/015533124216_1222095643
2016-12-22 09:57:33 INFO UpdateUserState: 015533124216,1
2016-12-22 09:57:38 INFO AddIdentifyResult: 10840,015533124216,-1,
2016-12-22 09:57:48 INFO AddIdentifyResult: 10840,015533124216,-3,
2016-12-22 09:58:40 INFO AddIdentifyResult: 10840,015533124216,0,ver/12/22/095901_015533124216.wav
2016-12-22 10:01:47 INFO AddIdentifyResult: 10841,015511251079,-1,
2016-12-22 10:01:53 INFO AddIdentifyResult: 10841,015511251079,-3,
2016-12-22 10:03:26 INFO AddIdentifyResult: 10842,013012909298,-1,
2016-12-22 10:04:07 INFO AddIdentifyResult: 10841,015511251079,12,
2016-12-22 10:04:12 INFO AddIdentifyResult: 10841,015511251079,10,reg/015511251079_1222100429|reg/015511251079_1222100429|reg/015511251079_1222100306
2016-12-22 10:04:12 INFO UpdateUserState: 015511251079,1
2016-12-22 10:04:19 INFO AddIdentifyResult: 10843,015511251079,-1,
2016-12-22 10:04:25 INFO AddIdentifyResult: 10843,015511251079,-3,
2016-12-22 10:05:16 INFO AddIdentifyResult: 10843,015511251079,0,ver/12/22/100538_015511251079.wav
2016-12-22 10:08:53 INFO AddIdentifyResult: 10844,015533224716,-1,
2016-12-22 10:09:03 INFO AddIdentifyResult: 10845,013012909298,-1,
2016-12-22 10:09:06 INFO AddIdentifyResult: 10844,015533224716,-3,
2016-12-22 10:09:15 INFO AddIdentifyResult: 10845,013012909298,-3,
2016-12-22 10:10:29 INFO AddIdentifyResult: 10844,015533224716,12,
2016-12-22 10:10:35 INFO AddIdentifyResult: 10844,015533224716,10,reg/015533224716_1222101018|reg/015533224716_1222101018|reg/015533224716_
2016-12-22 10:10:35 INFO UpdateUserState: 015533224716,1
2016-12-22 10:10:38 INFO AddIdentifyResult: 10846,015533224716,-1,
2016-12-22 10:10:44 INFO AddIdentifyResult: 10846,015533224716,-3,
2016-12-22 10:10:59 INFO AddIdentifyResult: 10845,013012909298,12,
2016-12-22 10:11:07 INFO AddIdentifyResult: 10845,013012909298,10,reg/013012909298_1222101027|reg/013012909298_1222101027|reg/013012909298_
2016-12-22 10:11:07 INFO UpdateUserState: 013012909298,1
2016-12-22 10:11:36 INFO AddIdentifyResult: 10846,015533224716,0,ver/12/22/101157_015533224716.wav
2016-12-22 10:14:08 INFO AddIdentifyResult: 10847,013012910363,-1,
2016-12-22 10:14:14 INFO AddIdentifyResult: 10847,013012910363,-3,
2016-12-22 10:15:24 INFO AddIdentifyResult: 10848,015533232848,-1,
2016-12-22 10:15:31 INFO AddIdentifyResult: 10848,015533232848,-3,
2016-12-22 10:16:39 INFO AddIdentifyResult: 10847,013012910363,12,
2016-12-22 10:16:46 INFO AddIdentifyResult: 10847,013012910363,10,reg/013012910363_1222101527|reg/013012910363_1222101527|reg/013012910363_
2016-12-22 10:16:46 INFO UpdateUserState: 013012910363,1
2016-12-22 10:16:54 INFO AddIdentifyResult: 10848,015533232848,12,
2016-12-22 10:17:01 INFO AddIdentifyResult: 10848,015533232848,10,reg/015533232848_1222101644|reg/015533232848_1222101644|reg/015533232848_
2016-12-22 10:17:01 INFO UpdateUserState: 015533232848,1
2016-12-22 10:17:04 INFO AddIdentifyResult: 10849,015533232848,-1,
2016-12-22 10:17:10 INFO AddIdentifyResult: 10849,015533232848,-3,
2016-12-22 10:18:02 INFO AddIdentifyResult: 10849,015533232848,0,ver/12/22/101823_015533232848.wav
2016-12-22 10:18:24 INFO AddIdentifyResult: 10850,013722269446,-1,
2016-12-22 10:18:34 INFO AddIdentifyResult: 10850,013722269446,-3,
2016-12-22 10:20:02 INFO AddIdentifyResult: 10850,013722269446,12,
2016-12-22 10:20:08 INFO AddIdentifyResult: 10850,013722269446,10,reg/013722269446_1222101947|reg/013722269446_1222101947|reg/013722269446_
2016-12-22 10:20:09 INFO UpdateUserState: 013722269446,1
2016-12-22 10:20:13 INFO AddIdentifyResult: 10851,013784437198,-1,
2016-12-22 10:20:13 INFO AddIdentifyResult: 10852,013722269446,-1,
2016-12-22 10:20:20 INFO AddIdentifyResult: 10851,013784437198,-3,
2016-12-22 10:20:20 INFO AddIdentifyResult: 10852,013722269446,-3,
2016-12-22 10:21:13 INFO AddIdentifyResult: 10852,013722269446,0,ver/12/22/102134_013722269446.wav
2016-12-22 10:21:45 INFO AddIdentifyResult: 10851,013784437198,12,
2016-12-22 10:21:52 INFO AddIdentifyResult: 10851,013784437198,10,reg/013784437198_1222102133|reg/013784437198_1222102133|reg/013784437198_
2016-12-22 10:21:52 INFO UpdateUserState: 013784437198,1
2016-12-22 10:22:10 INFO AddIdentifyResult: 10853,013784437198,-1,
2016-12-22 10:22:17 INFO AddIdentifyResult: 10853,013784437198,-3,
2016-12-22 10:22:25 INFO AddIdentifyResult: 10854,013012908151,-1,
2016-12-22 10:22:31 INFO AddIdentifyResult: 10854,013012908151,-3,
2016-12-22 10:23:10 INFO AddIdentifyResult: 10853,013784437198,0,ver/12/22/102330_013784437198.wav
2016-12-22 10:24:01 INFO AddIdentifyResult: 10855,013931354587,-1,
2016-12-22 10:24:08 INFO AddIdentifyResult: 10855,013931354587,-3,
2016-12-22 10:25:05 INFO AddIdentifyResult: 10856,015533273562,-1,
2016-12-22 10:25:10 INFO AddIdentifyResult: 10856,015533273562,-3,
2016-12-22 10:25:47 INFO AddIdentifyResult: 10855,013931354587,12,
2016-12-22 10:25:55 INFO AddIdentifyResult: 10855,013931354587,10,reg/013931354587_1222102521|reg/013931354587_1222102521|reg/013931354587_
2016-12-22 10:25:55 INFO UpdateUserState: 013931354587,1
2016-12-22 10:25:57 INFO AddIdentifyResult: 10857,013931354587,-1,
2016-12-22 10:26:03 INFO AddIdentifyResult: 10857,013931354587,-3,
2016-12-22 10:26:38 INFO AddIdentifyResult: 10856,015533273562,12,
2016-12-22 10:26:45 INFO AddIdentifyResult: 10856,015533273562,10,reg/015533273562_1222102623|reg/015533273562_1222102623|reg/015533273562_
2016-12-22 10:26:45 INFO UpdateUserState: 015533273562,1
2016-12-22 10:26:55 INFO AddIdentifyResult: 10857,013931354587,0,ver/12/22/102716_013931354587.wav
2016-12-22 10:27:04 INFO AddIdentifyResult: 10858,015533273562,-1,
2016-12-22 10:27:09 INFO AddIdentifyResult: 10858,015533273562,-3,
2016-12-22 10:27:22 INFO AddIdentifyResult: 10854,013012908151,12,
2016-12-22 10:27:28 INFO AddIdentifyResult: 10854,013012908151,10,reg/013012908151_1222102759|reg/013012908151_1222102759|reg/013012908151_1222102344
2016-12-22 10:27:28 INFO UpdateUserState: 013012908151,1
2016-12-22 10:28:01 INFO AddIdentifyResult: 10858,015533273562,0,ver/12/22/102822_015533273562.wav
2016-12-22 10:28:46 INFO AddIdentifyResult: 10859,015511240397,-1,
2016-12-22 10:28:53 INFO AddIdentifyResult: 10859,015511240397,-3,
2016-12-22 10:30:55 INFO AddIdentifyResult: 10859,015511240397,12,
2016-12-22 10:31:02 INFO AddIdentifyResult: 10859,015511240397,10,reg/015511240397_1222103127|reg/015511240397_1222103127|reg/015511240397_1222103006
2016-12-22 10:31:02 INFO UpdateUserState: 015511240397,1
2016-12-22 10:31:11 INFO AddIdentifyResult: 10860,015511240397,-1,
2016-12-22 10:31:16 INFO AddIdentifyResult: 10860,015511240397,-3,
2016-12-22 10:32:08 INFO AddIdentifyResult: 10860,015511240397,0,ver/12/22/103229_015511240397.wav
2016-12-22 10:36:00 INFO AddIdentifyResult: 10861,015533204931,-1,
2016-12-22 10:36:11 INFO AddIdentifyResult: 10861,015533204931,-3,
2016-12-22 10:37:00 INFO AddIdentifyResult: 10862,013012910256,-1,
2016-12-22 10:37:09 INFO AddIdentifyResult: 10862,013012910256,-3,
2016-12-22 10:37:43 INFO AddIdentifyResult: 10861,015533204931,12,
2016-12-22 10:37:50 INFO AddIdentifyResult: 10861,015533204931,10,reg/015533204931_1222103724|reg/015533204931_1222103724|reg/015533204931_
2016-12-22 10:37:51 INFO UpdateUserState: 015533204931,1
2016-12-22 10:38:03 INFO AddIdentifyResult: 10863,015533204931,-1,
2016-12-22 10:38:16 INFO AddIdentifyResult: 10863,015533204931,-3,
2016-12-22 10:38:33 INFO AddIdentifyResult: 10862,013012910256,12,
2016-12-22 10:38:40 INFO AddIdentifyResult: 10862,013012910256,10,reg/013012910256_1222103822|reg/013012910256_1222103822|reg/013012910256_
2016-12-22 10:38:41 INFO UpdateUserState: 013012910256,1
2016-12-22 10:39:03 INFO AddIdentifyResult: 10864,015954674438,-1,
2016-12-22 10:39:09 INFO AddIdentifyResult: 10863,015533204931,0,ver/12/22/103930_015533204931.wav
2016-12-22 10:39:15 INFO AddIdentifyResult: 10864,015954674438,-3,
2016-12-22 10:40:57 INFO AddIdentifyResult: 10864,015954674438,12,
2016-12-22 10:41:03 INFO AddIdentifyResult: 10864,015954674438,10,reg/015954674438_1222104028|reg/015954674438_1222104028|reg/015954674438_
2016-12-22 10:41:03 INFO UpdateUserState: 015954674438,1
2016-12-22 10:42:34 INFO AddIdentifyResult: 10865,015511240075,-1,
2016-12-22 10:42:40 INFO AddIdentifyResult: 10865,015511240075,-3,
2016-12-22 10:44:05 INFO AddIdentifyResult: 10865,015511240075,12,
2016-12-22 10:44:12 INFO AddIdentifyResult: 10866,015533204609,-1,
2016-12-22 10:44:12 INFO AddIdentifyResult: 10865,015511240075,10,reg/015511240075_1222104353|reg/015511240075_1222104353|reg/015511240075_
2016-12-22 10:44:12 INFO UpdateUserState: 015511240075,1
2016-12-22 10:44:19 INFO AddIdentifyResult: 10867,015511240075,-1,
2016-12-22 10:44:24 INFO AddIdentifyResult: 10867,015511240075,-3,
2016-12-22 10:44:28 INFO AddIdentifyResult: 10868,018244626582,-1,
2016-12-22 10:44:32 INFO AddIdentifyResult: 10866,015533204609,-3,
2016-12-22 10:44:36 INFO AddIdentifyResult: 10868,018244626582,-3,
2016-12-22 10:45:17 INFO AddIdentifyResult: 10867,015511240075,0,ver/12/22/104538_015511240075.wav
2016-12-22 10:45:37 INFO AddIdentifyResult: 10869,015128487600,-1,
2016-12-22 10:45:44 INFO AddIdentifyResult: 10869,015128487600,-3,
2016-12-22 10:46:04 INFO AddIdentifyResult: 10866,015533204609,12,
2016-12-22 10:46:10 INFO AddIdentifyResult: 10866,015533204609,10,reg/015533204609_1222104545|reg/015533204609_1222104545|reg/015533204609_
2016-12-22 10:46:11 INFO UpdateUserState: 015533204609,1
2016-12-22 10:46:13 INFO AddIdentifyResult: 10870,015533204609,-1,
2016-12-22 10:46:19 INFO AddIdentifyResult: 10870,015533204609,-3,
2016-12-22 10:46:35 INFO AddIdentifyResult: 10868,018244626582,12,
2016-12-22 10:46:42 INFO AddIdentifyResult: 10868,018244626582,10,reg/018244626582_1222104717|reg/018244626582_1222104717|reg/018244626582_1222104549
2016-12-22 10:46:42 INFO UpdateUserState: 018244626582,1
2016-12-22 10:46:48 INFO AddIdentifyResult: 10871,018244626582,-1,
2016-12-22 10:46:55 INFO AddIdentifyResult: 10871,018244626582,-3,
2016-12-22 10:47:11 INFO AddIdentifyResult: 10869,015128487600,12,
2016-12-22 10:47:12 INFO AddIdentifyResult: 10870,015533204609,0,ver/12/22/104733_015533204609.wav
2016-12-22 10:47:17 INFO AddIdentifyResult: 10869,015128487600,10,reg/015128487600_1222104657|reg/015128487600_1222104657|reg/015128487600_
2016-12-22 10:47:17 INFO UpdateUserState: 015128487600,1
2016-12-22 10:47:37 INFO AddIdentifyResult: 10872,015128487600,-1,
2016-12-22 10:47:44 INFO AddIdentifyResult: 10872,015128487600,-3,
2016-12-22 10:47:47 INFO AddIdentifyResult: 10871,018244626582,0,ver/12/22/104808_018244626582.wav
2016-12-22 10:48:20 INFO AddIdentifyResult: 10873,013931223408,-1,
2016-12-22 10:48:28 INFO AddIdentifyResult: 10873,013931223408,-3,
2016-12-22 10:48:37 INFO AddIdentifyResult: 10872,015128487600,0,ver/12/22/104858_015128487600.wav
2016-12-22 10:50:29 INFO AddIdentifyResult: 10873,013931223408,12,
2016-12-22 10:50:36 INFO AddIdentifyResult: 10873,013931223408,10,reg/013931223408_1222105114|reg/013931223408_1222105114|reg/013931223408_1222104941
2016-12-22 10:50:36 INFO UpdateUserState: 013931223408,1
2016-12-22 10:50:40 INFO AddIdentifyResult: 10874,013931223408,-1,
2016-12-22 10:50:48 INFO AddIdentifyResult: 10874,013931223408,-3,
2016-12-22 10:51:26 INFO AddIdentifyResult: 10875,013012909682,-1,
2016-12-22 10:51:32 INFO AddIdentifyResult: 10875,013012909682,-3,
2016-12-22 10:51:39 INFO AddIdentifyResult: 10874,013931223408,0,ver/12/22/105201_013931223408.wav
2016-12-22 10:53:01 INFO AddIdentifyResult: 10875,013012909682,12,
2016-12-22 10:53:07 INFO AddIdentifyResult: 10875,013012909682,10,reg/013012909682_1222105244|reg/013012909682_1222105244|reg/013012909682_
2016-12-22 10:53:07 INFO UpdateUserState: 013012909682,1
2016-12-22 10:53:14 INFO AddIdentifyResult: 10876,015266013197,-1,
2016-12-22 10:53:21 INFO AddIdentifyResult: 10876,015266013197,-3,
2016-12-22 10:54:20 INFO AddIdentifyResult: 10877,015511234884,-1,
2016-12-22 10:55:20 INFO AddIdentifyResult: 10878,015511234884,-1,
2016-12-22 10:55:25 INFO AddIdentifyResult: 10878,015511234884,-3,
2016-12-22 10:55:32 INFO AddIdentifyResult: 10876,015266013197,12,
2016-12-22 10:55:40 INFO AddIdentifyResult: 10876,015266013197,10,reg/015266013197_1222105557|reg/015266013197_1222105557|reg/015266013197_1222105434
2016-12-22 10:55:40 INFO UpdateUserState: 015266013197,1
2016-12-22 10:56:54 INFO AddIdentifyResult: 10878,015511234884,12,
2016-12-22 10:57:01 INFO AddIdentifyResult: 10878,015511234884,10,reg/015511234884_1222105638|reg/015511234884_1222105638|reg/015511234884_
2016-12-22 10:57:02 INFO UpdateUserState: 015511234884,1
2016-12-22 10:57:31 INFO AddIdentifyResult: 10879,015511234884,-1,
2016-12-22 10:57:38 INFO AddIdentifyResult: 10879,015511234884,-3,
2016-12-22 10:58:30 INFO AddIdentifyResult: 10879,015511234884,0,ver/12/22/105851_015511234884.wav
2016-12-22 11:01:52 INFO AddIdentifyResult: 10880,015231296893,-1,
2016-12-22 11:01:57 INFO AddIdentifyResult: 10880,015231296893,-3,
2016-12-22 11:03:25 INFO AddIdentifyResult: 10880,015231296893,12,
2016-12-22 11:03:31 INFO AddIdentifyResult: 10880,015231296893,10,reg/015231296893_1222110310|reg/015231296893_1222110310|reg/015231296893_
2016-12-22 11:03:32 INFO UpdateUserState: 015231296893,1
2016-12-22 11:03:35 INFO AddIdentifyResult: 10881,015231296893,-1,
2016-12-22 11:03:41 INFO AddIdentifyResult: 10881,015231296893,-3,
2016-12-22 11:03:58 INFO AddIdentifyResult: 10882,013012907863,-1,
2016-12-22 11:04:05 INFO AddIdentifyResult: 10882,013012907863,-3,
2016-12-22 11:04:32 INFO AddIdentifyResult: 10881,015231296893,0,ver/12/22/110454_015231296893.wav
2016-12-22 11:05:53 INFO AddIdentifyResult: 10882,013012907863,12,
2016-12-22 11:06:00 INFO AddIdentifyResult: 10882,013012907863,10,reg/013012907863_1222110518|reg/013012907863_1222110518|reg/013012907863_
2016-12-22 11:06:00 INFO UpdateUserState: 013012907863,1
2016-12-22 11:06:30 INFO AddIdentifyResult: 10883,015533129649,-1,
2016-12-22 11:06:35 INFO AddIdentifyResult: 10883,015533129649,-3,
2016-12-22 11:07:53 INFO AddIdentifyResult: 10884,015511202478,-1,
2016-12-22 11:08:00 INFO AddIdentifyResult: 10884,015511202478,-3,
2016-12-22 11:08:27 INFO AddIdentifyResult: 10883,015533129649,12,
2016-12-22 11:08:34 INFO AddIdentifyResult: 10883,015533129649,10,reg/015533129649_1222110911|reg/015533129649_1222110911|reg/015533129649_1222110748
2016-12-22 11:08:34 INFO UpdateUserState: 015533129649,1
2016-12-22 11:08:41 INFO AddIdentifyResult: 10885,015533129649,-1,
2016-12-22 11:09:00 INFO AddIdentifyResult: 10885,015533129649,-3,
2016-12-22 11:09:31 INFO AddIdentifyResult: 10884,015511202478,12,
2016-12-22 11:09:37 INFO AddIdentifyResult: 10884,015511202478,10,reg/015511202478_1222110913|reg/015511202478_1222110913|reg/015511202478_
2016-12-22 11:09:38 INFO UpdateUserState: 015511202478,1
2016-12-22 11:09:41 INFO AddIdentifyResult: 10886,015511202478,-1,
2016-12-22 11:09:46 INFO AddIdentifyResult: 10886,015511202478,-3,
2016-12-22 11:09:53 INFO AddIdentifyResult: 10885,015533129649,0,ver/12/22/111014_015533129649.wav
2016-12-22 11:10:39 INFO AddIdentifyResult: 10886,015511202478,0,ver/12/22/111100_015511202478.wav
2016-12-22 11:14:30 INFO AddIdentifyResult: 10887,015511211439,-1,
2016-12-22 11:14:36 INFO AddIdentifyResult: 10887,015511211439,-3,
2016-12-22 11:17:47 INFO AddIdentifyResult: 10887,015511211439,12,
2016-12-22 11:17:54 INFO AddIdentifyResult: 10887,015511211439,10,reg/015511211439_1222111809|reg/015511211439_1222111809|reg/015511211439_1222111549
2016-12-22 11:17:54 INFO UpdateUserState: 015511211439,1
2016-12-22 11:18:00 INFO AddIdentifyResult: 10888,015511211439,-1,
2016-12-22 11:18:07 INFO AddIdentifyResult: 10888,015511211439,-3,
2016-12-22 11:18:58 INFO AddIdentifyResult: 10888,015511211439,0,ver/12/22/111920_015511211439.wav
2016-12-22 11:24:55 INFO AddIdentifyResult: 10889,015511240578,-1,
2016-12-22 11:25:01 INFO AddIdentifyResult: 10889,015511240578,-3,
2016-12-22 11:26:07 INFO AddIdentifyResult: 10889,015511240578,11,reg/015511240578_|reg/015511240578_|reg/015511240578_
2016-12-22 11:26:31 INFO AddIdentifyResult: 10890,015511240578,-1,
2016-12-22 11:26:37 INFO AddIdentifyResult: 10890,015511240578,-3,
2016-12-22 11:28:14 INFO AddIdentifyResult: 10890,015511240578,12,
2016-12-22 11:28:20 INFO AddIdentifyResult: 10890,015511240578,10,reg/015511240578_1222112750|reg/015511240578_1222112750|reg/015511240578_
2016-12-22 11:28:20 INFO UpdateUserState: 015511240578,1
2016-12-22 11:28:25 INFO AddIdentifyResult: 10891,015511240578,-1,
2016-12-22 11:28:31 INFO AddIdentifyResult: 10891,015511240578,-3,
2016-12-22 11:29:23 INFO AddIdentifyResult: 10891,015511240578,0,ver/12/22/112944_015511240578.wav
2016-12-22 11:32:21 INFO AddIdentifyResult: 10892,015194964179,-1,
2016-12-22 11:32:28 INFO AddIdentifyResult: 10892,015194964179,-3,
2016-12-22 11:34:57 INFO AddIdentifyResult: 10892,015194964179,12,
2016-12-22 11:35:05 INFO AddIdentifyResult: 10892,015194964179,10,reg/015194964179_1222113512|reg/015194964179_1222113512|reg/015194964179_1222113341
2016-12-22 11:35:06 INFO UpdateUserState: 015194964179,1
2016-12-22 11:35:08 INFO AddIdentifyResult: 10893,015194964179,-1,
2016-12-22 11:35:14 INFO AddIdentifyResult: 10893,015194964179,-3,
2016-12-22 11:36:06 INFO AddIdentifyResult: 10893,015194964179,0,ver/12/22/113628_015194964179.wav
2016-12-22 11:38:35 INFO AddIdentifyResult: 10894,013831280929,-1,
2016-12-22 11:39:28 INFO AddIdentifyResult: 10895,013831280929,-1,
2016-12-22 11:39:40 INFO AddIdentifyResult: 10895,013831280929,-3,
2016-12-22 11:41:35 INFO AddIdentifyResult: 10895,013831280929,12,
2016-12-22 11:41:42 INFO AddIdentifyResult: 10895,013831280929,10,reg/013831280929_1222114216|reg/013831280929_1222114216|reg/013831280929_1222114054
2016-12-22 11:41:42 INFO UpdateUserState: 013831280929,1
2016-12-22 11:41:48 INFO AddIdentifyResult: 10896,013831280929,-1,
2016-12-22 11:41:54 INFO AddIdentifyResult: 10896,013831280929,-3,
2016-12-22 11:42:46 INFO AddIdentifyResult: 10896,013831280929,0,ver/12/22/114308_013831280929.wav
2016-12-22 11:42:59 INFO AddIdentifyResult: 10897,015511251004,-1,
2016-12-22 11:43:06 INFO AddIdentifyResult: 10897,015511251004,-3,
2016-12-22 11:45:10 INFO AddIdentifyResult: 10897,015511251004,12,
2016-12-22 11:45:17 INFO AddIdentifyResult: 10897,015511251004,10,reg/015511251004_1222114551|reg/015511251004_1222114551|reg/015511251004_1222114419
2016-12-22 11:45:17 INFO UpdateUserState: 015511251004,1
2016-12-22 11:45:29 INFO AddIdentifyResult: 10898,015511251004,-1,
2016-12-22 11:45:35 INFO AddIdentifyResult: 10898,015511251004,-3,
2016-12-22 11:46:27 INFO AddIdentifyResult: 10898,015511251004,0,ver/12/22/114649_015511251004.wav
2016-12-22 13:16:49 INFO AddIdentifyResult: 10899,013012908235,-1,
2016-12-22 13:17:03 INFO AddIdentifyResult: 10899,013012908235,-3,
2016-12-22 13:18:56 INFO AddIdentifyResult: 10899,013012908235,12,
2016-12-22 13:19:05 INFO AddIdentifyResult: 10899,013012908235,10,reg/013012908235_1222131816|reg/013012908235_1222131816|reg/013012908235_
2016-12-22 13:19:06 INFO UpdateUserState: 013012908235,1
2016-12-22 13:27:07 INFO AddIdentifyResult: 10900,013012908217,-1,
2016-12-22 13:27:43 INFO AddIdentifyResult: 10901,013012908217,-1,
2016-12-22 13:27:49 INFO AddIdentifyResult: 10901,013012908217,-3,
2016-12-22 13:28:42 INFO AddIdentifyResult: 10901,013012908217,11,reg/013012908217_|reg/013012908217_|reg/013012908217_
2016-12-22 13:31:30 INFO AddIdentifyResult: 10902,013012908217,-1,
2016-12-22 13:31:51 INFO AddIdentifyResult: 10903,018254634526,-1,
2016-12-22 13:32:05 INFO AddIdentifyResult: 10904,013012908217,-1,
2016-12-22 13:33:42 INFO AddIdentifyResult: 10905,013012908217,-1,
2016-12-22 13:33:50 INFO AddIdentifyResult: 10905,013012908217,-3,
2016-12-22 13:35:30 INFO AddIdentifyResult: 10905,013012908217,12,
2016-12-22 13:35:38 INFO AddIdentifyResult: 10905,013012908217,10,reg/013012908217_1222133512|reg/013012908217_1222133512|reg/013012908217_1222133504
2016-12-22 13:35:38 INFO UpdateUserState: 013012908217,1
2016-12-22 13:35:48 INFO AddIdentifyResult: 10906,018254634526,-1,
2016-12-22 13:35:56 INFO AddIdentifyResult: 10906,018254634526,-3,
2016-12-22 13:36:07 INFO AddIdentifyResult: 10906,018254634526,11,reg/018254634526_|reg/018254634526_|reg/018254634526_
2016-12-22 13:36:14 INFO AddIdentifyResult: 10907,018254634526,-1,
2016-12-22 13:36:24 INFO AddIdentifyResult: 10907,018254634526,-3,
2016-12-22 13:36:29 INFO AddIdentifyResult: 10907,018254634526,11,reg/018254634526_|reg/018254634526_|reg/018254634526_
2016-12-22 13:36:34 INFO AddIdentifyResult: 10908,018254634526,-1,
2016-12-22 13:36:44 INFO AddIdentifyResult: 10908,018254634526,-3,
2016-12-22 13:38:12 INFO AddIdentifyResult: 10908,018254634526,12,
2016-12-22 13:38:19 INFO AddIdentifyResult: 10908,018254634526,10,reg/018254634526_1222133757|reg/018254634526_1222133757|reg/018254634526_
2016-12-22 13:38:20 INFO UpdateUserState: 018254634526,1
2016-12-22 13:42:04 INFO AddIdentifyResult: 10909,013012908270,-1,
2016-12-22 13:42:10 INFO AddIdentifyResult: 10909,013012908270,-3,
2016-12-22 13:43:44 INFO AddIdentifyResult: 10909,013012908270,12,
2016-12-22 13:43:51 INFO AddIdentifyResult: 10909,013012908270,10,reg/013012908270_1222134323|reg/013012908270_1222134323|reg/013012908270_
2016-12-22 13:43:51 INFO UpdateUserState: 013012908270,1
2016-12-22 13:43:54 INFO AddIdentifyResult: 10910,015954656521,-1,
2016-12-22 13:44:03 INFO AddIdentifyResult: 10910,015954656521,-3,
2016-12-22 13:45:38 INFO AddIdentifyResult: 10910,015954656521,12,
2016-12-22 13:45:45 INFO AddIdentifyResult: 10910,015954656521,10,reg/015954656521_1222134516|reg/015954656521_1222134516|reg/015954656521_
2016-12-22 13:45:45 INFO UpdateUserState: 015954656521,1
2016-12-22 13:49:26 INFO AddIdentifyResult: 10911,013012908285,-1,
2016-12-22 13:49:37 INFO AddIdentifyResult: 10912,013012908285,-1,
2016-12-22 13:49:46 INFO AddIdentifyResult: 10912,013012908285,-3,
2016-12-22 13:51:50 INFO AddIdentifyResult: 10912,013012908285,12,
2016-12-22 13:51:58 INFO AddIdentifyResult: 10912,013012908285,10,reg/013012908285_1222135225|reg/013012908285_1222135225|reg/013012908285_1222135059
2016-12-22 13:51:58 INFO UpdateUserState: 013012908285,1
2016-12-22 13:52:02 INFO AddIdentifyResult: 10913,015254658380,-1,
2016-12-22 13:52:08 INFO AddIdentifyResult: 10913,015254658380,-3,
2016-12-22 13:54:00 INFO AddIdentifyResult: 10913,015254658380,12,
2016-12-22 13:54:06 INFO AddIdentifyResult: 10913,015254658380,10,reg/015254658380_1222135322|reg/015254658380_1222135322|reg/015254658380_
2016-12-22 13:54:06 INFO UpdateUserState: 015254658380,1
2016-12-22 13:55:37 INFO AddIdentifyResult: 10914,013012908375,-1,
2016-12-22 13:55:43 INFO AddIdentifyResult: 10914,013012908375,-3,
2016-12-22 13:57:42 INFO AddIdentifyResult: 10914,013012908375,12,
2016-12-22 13:57:48 INFO AddIdentifyResult: 10914,013012908375,10,reg/013012908375_1222135826|reg/013012908375_1222135826|reg/013012908375_1222135657
2016-12-22 13:57:49 INFO UpdateUserState: 013012908375,1
2016-12-22 14:02:32 INFO AddIdentifyResult: 10915,013012908515,-1,
2016-12-22 14:02:37 INFO AddIdentifyResult: 10915,013012908515,-3,
2016-12-22 14:04:43 INFO AddIdentifyResult: 10915,013012908515,12,
2016-12-22 14:04:51 INFO AddIdentifyResult: 10915,013012908515,10,reg/013012908515_1222140512|reg/013012908515_1222140512|reg/013012908515_1222140351
2016-12-22 14:04:51 INFO UpdateUserState: 013012908515,1
2016-12-22 14:05:04 INFO AddIdentifyResult: 10916,018754676940,-1,
2016-12-22 14:05:12 INFO AddIdentifyResult: 10916,018754676940,-3,
2016-12-22 14:06:47 INFO AddIdentifyResult: 10916,018754676940,12,
2016-12-22 14:06:54 INFO AddIdentifyResult: 10916,018754676940,10,reg/018754676940_1222140625|reg/018754676940_1222140625|reg/018754676940_
2016-12-22 14:06:54 INFO UpdateUserState: 018754676940,1
2016-12-22 14:10:49 INFO AddIdentifyResult: 10917,013012908679,-1,
2016-12-22 14:10:54 INFO AddIdentifyResult: 10917,013012908679,-3,
2016-12-22 14:12:59 INFO AddIdentifyResult: 10917,013012908679,12,
2016-12-22 14:13:05 INFO AddIdentifyResult: 10917,013012908679,10,reg/013012908679_1222141208|reg/013012908679_1222141208|reg/013012908679_
2016-12-22 14:13:05 INFO UpdateUserState: 013012908679,1
2016-12-22 14:13:29 INFO AddIdentifyResult: 10918,015006857814,-1,
2016-12-22 14:13:36 INFO AddIdentifyResult: 10918,015006857814,-3,
2016-12-22 14:15:47 INFO AddIdentifyResult: 10918,015006857814,12,
2016-12-22 14:15:54 INFO AddIdentifyResult: 10918,015006857814,10,reg/015006857814_1222141626|reg/015006857814_1222141626|reg/015006857814_1222141450
2016-12-22 14:15:54 INFO UpdateUserState: 015006857814,1
2016-12-22 14:16:08 INFO AddIdentifyResult: 10919,013012908565,-1,
2016-12-22 14:16:14 INFO AddIdentifyResult: 10919,013012908565,-3,
2016-12-22 14:18:28 INFO AddIdentifyResult: 10919,013012908565,12,
2016-12-22 14:18:34 INFO AddIdentifyResult: 10919,013012908565,10,reg/013012908565_1222141906|reg/013012908565_1222141906|reg/013012908565_1222141727
2016-12-22 14:18:34 INFO UpdateUserState: 013012908565,1
2016-12-22 14:18:34 INFO AddIdentifyResult: 10920,013012908696,-1,
2016-12-22 14:19:06 INFO AddIdentifyResult: 10920,013012908696,-3,
2016-12-22 14:21:14 INFO AddIdentifyResult: 10920,013012908696,12,
2016-12-22 14:21:23 INFO AddIdentifyResult: 10920,013012908696,10,reg/013012908696_1222142020|reg/013012908696_1222142020|reg/013012908696_
2016-12-22 14:21:23 INFO UpdateUserState: 013012908696,1
2016-12-22 14:22:16 INFO AddIdentifyResult: 10921,015865982870,-1,
2016-12-22 14:22:29 INFO AddIdentifyResult: 10921,015865982870,-3,
2016-12-22 14:24:44 INFO AddIdentifyResult: 10921,015865982870,12,
2016-12-22 14:24:51 INFO AddIdentifyResult: 10921,015865982870,10,reg/015865982870_1222142518|reg/015865982870_1222142518|reg/015865982870_1222142342
2016-12-22 14:24:51 INFO UpdateUserState: 015865982870,1
2016-12-22 14:25:40 INFO AddIdentifyResult: 10922,015254683571,-1,
2016-12-22 14:25:48 INFO AddIdentifyResult: 10922,015254683571,-3,
2016-12-22 14:27:25 INFO AddIdentifyResult: 10923,013012908820,-1,
2016-12-22 14:27:32 INFO AddIdentifyResult: 10923,013012908820,-3,
2016-12-22 14:27:50 INFO AddIdentifyResult: 10922,015254683571,12,
2016-12-22 14:27:59 INFO AddIdentifyResult: 10922,015254683571,10,reg/015254683571_1222142701|reg/015254683571_1222142701|reg/015254683571_
2016-12-22 14:27:59 INFO UpdateUserState: 015254683571,1
2016-12-22 14:28:17 INFO AddIdentifyResult: 10924,013012911179,-1,
2016-12-22 14:28:23 INFO AddIdentifyResult: 10924,013012911179,-3,
2016-12-22 14:29:32 INFO AddIdentifyResult: 10923,013012908820,12,
2016-12-22 14:29:38 INFO AddIdentifyResult: 10923,013012908820,10,reg/013012908820_1222143010|reg/013012908820_1222143010|reg/013012908820_1222142846
2016-12-22 14:29:38 INFO UpdateUserState: 013012908820,1
2016-12-22 14:30:06 INFO AddIdentifyResult: 10924,013012911179,12,
2016-12-22 14:30:13 INFO AddIdentifyResult: 10924,013012911179,10,reg/013012911179_1222143048|reg/013012911179_1222143048|reg/013012911179_1222142937
2016-12-22 14:30:13 INFO UpdateUserState: 013012911179,1
2016-12-22 14:32:07 INFO AddIdentifyResult: 10925,013012911205,-1,
2016-12-22 14:32:23 INFO AddIdentifyResult: 10925,013012911205,-3,
2016-12-22 14:34:16 INFO AddIdentifyResult: 10925,013012911205,12,
2016-12-22 14:34:24 INFO AddIdentifyResult: 10925,013012911205,10,reg/013012911205_1222143337|reg/013012911205_1222143337|reg/013012911205_
2016-12-22 14:34:24 INFO UpdateUserState: 013012911205,1
2016-12-22 14:39:23 INFO AddIdentifyResult: 10926,013012909260,-1,
2016-12-22 14:39:40 INFO AddIdentifyResult: 10926,013012909260,-3,
2016-12-22 14:40:40 INFO AddIdentifyResult: 10926,013012909260,11,reg/013012909260_|reg/013012909260_|reg/013012909260_
2016-12-22 14:43:05 INFO AddIdentifyResult: 10927,013012909260,-1,
2016-12-22 14:43:11 INFO AddIdentifyResult: 10927,013012909260,-3,
2016-12-22 14:44:33 INFO AddIdentifyResult: 10927,013012909260,12,
2016-12-22 14:44:40 INFO AddIdentifyResult: 10927,013012909260,10,reg/013012909260_1222144425|reg/013012909260_1222144425|reg/013012909260_
2016-12-22 14:44:40 INFO UpdateUserState: 013012909260,1
2016-12-22 14:46:18 INFO AddIdentifyResult: 10928,013012911180,-1,
2016-12-22 14:46:24 INFO AddIdentifyResult: 10928,013012911180,-3,
2016-12-22 14:47:48 INFO AddIdentifyResult: 10928,013012911180,12,
2016-12-22 14:47:55 INFO AddIdentifyResult: 10928,013012911180,10,reg/013012911180_1222144737|reg/013012911180_1222144737|reg/013012911180_
2016-12-22 14:47:55 INFO UpdateUserState: 013012911180,1
2016-12-22 14:55:33 INFO AddIdentifyResult: 10929,013864794659,-1,
2016-12-22 14:56:01 INFO AddIdentifyResult: 10929,013864794659,-3,
2016-12-22 14:57:41 INFO AddIdentifyResult: 10929,013864794659,12,
2016-12-22 14:57:48 INFO AddIdentifyResult: 10929,013864794659,10,reg/013864794659_1222145824|reg/013864794659_1222145824|reg/013864794659_1222145714
2016-12-22 14:57:48 INFO UpdateUserState: 013864794659,1
2016-12-22 14:57:51 INFO AddIdentifyResult: 10930,013012911226,-1,
2016-12-22 14:57:56 INFO AddIdentifyResult: 10930,013012911226,-3,
2016-12-22 14:59:21 INFO AddIdentifyResult: 10930,013012911226,12,
2016-12-22 14:59:28 INFO AddIdentifyResult: 10930,013012911226,10,reg/013012911226_1222145910|reg/013012911226_1222145910|reg/013012911226_
2016-12-22 14:59:28 INFO UpdateUserState: 013012911226,1
2016-12-22 15:02:09 INFO AddIdentifyResult: 10931,013012911370,-1,
2016-12-22 15:02:18 INFO AddIdentifyResult: 10931,013012911370,-3,
2016-12-22 15:04:32 INFO AddIdentifyResult: 10931,013012911370,12,
2016-12-22 15:04:41 INFO AddIdentifyResult: 10931,013012911370,10,reg/013012911370_1222150332|reg/013012911370_1222150332|reg/013012911370_
2016-12-22 15:04:41 INFO UpdateUserState: 013012911370,1
2016-12-22 15:04:43 INFO AddIdentifyResult: 10932,015965463498,-1,
2016-12-22 15:04:54 INFO AddIdentifyResult: 10932,015965463498,-3,
2016-12-22 15:06:42 INFO AddIdentifyResult: 10932,015965463498,12,
2016-12-22 15:06:49 INFO AddIdentifyResult: 10932,015965463498,10,reg/015965463498_1222150608|reg/015965463498_1222150608|reg/015965463498_
2016-12-22 15:06:49 INFO UpdateUserState: 015965463498,1
2016-12-22 15:18:17 INFO AddIdentifyResult: 10933,013012908375,-1,
2016-12-22 15:18:23 INFO AddIdentifyResult: 10933,013012908375,-3,
2016-12-22 15:20:01 INFO AddIdentifyResult: 10933,013012908375,12,
2016-12-22 15:20:08 INFO AddIdentifyResult: 10933,013012908375,10,reg/013012908375_1222151947|reg/013012908375_1222151947|reg/013012908375_1222151937
2016-12-22 15:20:08 INFO UpdateUserState: 013012908375,1
2016-12-22 15:22:34 INFO AddIdentifyResult: 10934,013012911506,-1,
2016-12-22 15:22:52 INFO AddIdentifyResult: 10934,013012911506,-3,
2016-12-22 15:24:29 INFO AddIdentifyResult: 10934,013012911506,12,
2016-12-22 15:24:37 INFO AddIdentifyResult: 10934,013012911506,10,reg/013012911506_1222152406|reg/013012911506_1222152406|reg/013012911506_
2016-12-22 15:24:37 INFO UpdateUserState: 013012911506,1
2016-12-22 15:26:31 INFO AddIdentifyResult: 10935,015511240529,-1,
2016-12-22 15:26:41 INFO AddIdentifyResult: 10935,015511240529,-3,
2016-12-22 15:28:24 INFO AddIdentifyResult: 10935,015511240529,12,
2016-12-22 15:28:31 INFO AddIdentifyResult: 10935,015511240529,10,reg/015511240529_1222152754|reg/015511240529_1222152754|reg/015511240529_
2016-12-22 15:28:32 INFO UpdateUserState: 015511240529,1
2016-12-22 15:34:30 INFO AddIdentifyResult: 10936,013012912125,-1,
2016-12-22 15:34:41 INFO AddIdentifyResult: 10936,013012912125,-3,
2016-12-22 15:36:06 INFO AddIdentifyResult: 10936,013012912125,12,
2016-12-22 15:36:13 INFO AddIdentifyResult: 10936,013012912125,10,reg/013012912125_1222153554|reg/013012912125_1222153554|reg/013012912125_
2016-12-22 15:36:13 INFO UpdateUserState: 013012912125,1
2016-12-22 15:36:15 INFO AddIdentifyResult: 10937,015511240529,-1,
2016-12-22 15:36:18 INFO AddIdentifyResult: 10938,013475286965,-1,
2016-12-22 15:36:24 INFO AddIdentifyResult: 10937,015511240529,-3,
2016-12-22 15:36:31 INFO AddIdentifyResult: 10938,013475286965,-3,
2016-12-22 15:37:17 INFO AddIdentifyResult: 10937,015511240529,0,ver/12/22/153738_015511240529.wav
2016-12-22 15:37:53 INFO AddIdentifyResult: 10938,013475286965,12,
2016-12-22 15:38:00 INFO AddIdentifyResult: 10938,013475286965,10,reg/013475286965_1222153744|reg/013475286965_1222153744|reg/013475286965_
2016-12-22 15:38:00 INFO UpdateUserState: 013475286965,1
2016-12-22 15:40:15 INFO AddIdentifyResult: 10939,015533234056,-1,
2016-12-22 15:40:25 INFO AddIdentifyResult: 10939,015533234056,-3,
2016-12-22 15:41:05 INFO AddIdentifyResult: 10939,015533234056,11,reg/015533234056_|reg/015533234056_|reg/015533234056_
2016-12-22 15:42:25 INFO AddIdentifyResult: 10940,015533234056,-1,
2016-12-22 15:42:32 INFO AddIdentifyResult: 10940,015533234056,-3,
2016-12-22 15:43:06 INFO AddIdentifyResult: 10941,013012908510,-1,
2016-12-22 15:43:14 INFO AddIdentifyResult: 10941,013012908510,-3,
2016-12-22 15:44:07 INFO AddIdentifyResult: 10940,015533234056,12,
2016-12-22 15:44:13 INFO AddIdentifyResult: 10940,015533234056,10,reg/015533234056_1222154345|reg/015533234056_1222154345|reg/015533234056_
2016-12-22 15:44:14 INFO UpdateUserState: 015533234056,1
2016-12-22 15:44:23 INFO AddIdentifyResult: 10942,015533234056,-1,
2016-12-22 15:44:29 INFO AddIdentifyResult: 10942,015533234056,-3,
2016-12-22 15:45:22 INFO AddIdentifyResult: 10942,015533234056,0,ver/12/22/154544_015533234056.wav
2016-12-22 15:47:35 INFO AddIdentifyResult: 10941,013012908510,12,
2016-12-22 15:47:42 INFO AddIdentifyResult: 10941,013012908510,10,reg/013012908510_1222154819|reg/013012908510_1222154819|reg/013012908510_1222154428
2016-12-22 15:47:42 INFO UpdateUserState: 013012908510,1
2016-12-22 15:51:20 INFO AddIdentifyResult: 10943,015505463191,-1,
2016-12-22 15:51:26 INFO AddIdentifyResult: 10943,015505463191,-3,
2016-12-22 15:53:17 INFO AddIdentifyResult: 10943,015505463191,12,
2016-12-22 15:53:24 INFO AddIdentifyResult: 10943,015505463191,10,reg/015505463191_1222155240|reg/015505463191_1222155240|reg/015505463191_
2016-12-22 15:53:25 INFO UpdateUserState: 015505463191,1
2016-12-22 15:53:30 INFO AddIdentifyResult: 10944,013012910195,-1,
2016-12-22 15:53:38 INFO AddIdentifyResult: 10944,013012910195,-3,
2016-12-22 15:55:11 INFO AddIdentifyResult: 10944,013012910195,12,
2016-12-22 15:55:18 INFO AddIdentifyResult: 10944,013012910195,10,reg/013012910195_1222155602|reg/013012910195_1222155602|reg/013012910195_1222155452
2016-12-22 15:55:19 INFO UpdateUserState: 013012910195,1
2016-12-22 16:01:05 INFO AddIdentifyResult: 10945,013012909556,-1,
2016-12-22 16:01:10 INFO AddIdentifyResult: 10945,013012909556,-3,
2016-12-22 16:02:52 INFO AddIdentifyResult: 10945,013012909556,12,
2016-12-22 16:02:59 INFO AddIdentifyResult: 10945,013012909556,10,reg/013012909556_1222160340|reg/013012909556_1222160340|reg/013012909556_1222160224
2016-12-22 16:03:00 INFO UpdateUserState: 013012909556,1
