2016-12-19 00:04:54 INFO AddIdentifyResult: 10474,017371146171,-1,
2016-12-19 10:52:42 INFO AddIdentifyResult: 10475,013176471705,-1,
2016-12-19 10:53:08 INFO AddIdentifyResult: 10476,013176471705,-1,
2016-12-19 10:54:18 INFO AddIdentifyResult: 10477,013176471705,-1,
2016-12-19 10:54:45 INFO AddIdentifyResult: 10478,013176471705,-1,
2016-12-19 10:55:11 INFO AddIdentifyResult: 10479,013562288990,-1,
2016-12-19 10:55:41 INFO AddIdentifyResult: 10480,013562288990,-1,
2016-12-19 10:56:27 INFO AddIdentifyResult: 10481,013562288990,-1,
2016-12-19 10:56:55 INFO AddIdentifyResult: 10482,013562288990,-1,
2016-12-19 11:00:48 INFO AddIdentifyResult: 10483,013562288990,-1,
2016-12-19 11:01:07 INFO AddIdentifyResult: 10484,013176471705,-1,
2016-12-19 11:04:19 INFO AddIdentifyResult: 10485,013176471705,-1,
2016-12-19 11:06:17 INFO AddIdentifyResult: 10486,013562288990,-1,
2016-12-19 11:13:40 INFO AddIdentifyResult: 10487,013176471705,-1,
2016-12-19 11:14:04 INFO AddIdentifyResult: 10487,013176471705,-3,
2016-12-19 11:16:09 INFO AddIdentifyResult: 10487,013176471705,12,
2016-12-19 11:16:17 INFO AddIdentifyResult: 10487,013176471705,10,reg/013176471705_1219111504|reg/013176471705_1219111504|reg/013176471705_
2016-12-19 11:16:17 INFO UpdateUserState: 013176471705,1
2016-12-19 11:16:45 INFO AddIdentifyResult: 10488,013562288990,-1,
2016-12-19 11:16:55 INFO AddIdentifyResult: 10488,013562288990,-3,
2016-12-19 11:18:45 INFO AddIdentifyResult: 10488,013562288990,12,
2016-12-19 11:18:52 INFO AddIdentifyResult: 10488,013562288990,10,reg/013562288990_1219111755|reg/013562288990_1219111755|reg/013562288990_
2016-12-19 11:18:52 INFO UpdateUserState: 013562288990,1
2016-12-19 11:20:04 INFO AddIdentifyResult: 10489,013176470635,-1,
2016-12-19 11:20:11 INFO AddIdentifyResult: 10489,013176470635,-3,
2016-12-19 11:21:58 INFO AddIdentifyResult: 10489,013176470635,12,
2016-12-19 11:22:04 INFO AddIdentifyResult: 10489,013176470635,10,reg/013176470635_1219112111|reg/013176470635_1219112111|reg/013176470635_
2016-12-19 11:22:05 INFO UpdateUserState: 013176470635,1
2016-12-19 11:27:47 INFO AddIdentifyResult: 10490,013562288990,-1,
2016-12-19 11:28:01 INFO AddIdentifyResult: 10491,013562288990,-1,
2016-12-19 11:28:50 INFO AddIdentifyResult: 10492,013706475151,-1,
2016-12-19 13:09:36 INFO AddIdentifyResult: 10493,013176475213,-1,
2016-12-19 13:09:42 INFO AddIdentifyResult: 10493,013176475213,-3,
2016-12-19 13:11:52 INFO AddIdentifyResult: 10493,013176475213,12,
2016-12-19 13:11:59 INFO AddIdentifyResult: 10493,013176475213,10,reg/013176475213_1219131042|reg/013176475213_1219131042|reg/013176475213_
2016-12-19 13:12:00 INFO UpdateUserState: 013176475213,1
2016-12-19 13:19:31 INFO AddIdentifyResult: 10494,013012905031,-1,
2016-12-19 13:19:38 INFO AddIdentifyResult: 10494,013012905031,-3,
2016-12-19 13:21:26 INFO AddIdentifyResult: 10494,013012905031,12,
2016-12-19 13:21:34 INFO AddIdentifyResult: 10494,013012905031,10,reg/013012905031_1219132038|reg/013012905031_1219132038|reg/013012905031_
2016-12-19 13:21:34 INFO UpdateUserState: 013012905031,1
2016-12-19 13:27:56 INFO AddIdentifyResult: 10495,013678612731,-1,
2016-12-19 13:28:09 INFO AddIdentifyResult: 10495,013678612731,-3,
2016-12-19 13:29:58 INFO AddIdentifyResult: 10495,013678612731,12,
2016-12-19 13:30:07 INFO AddIdentifyResult: 10495,013678612731,10,reg/013678612731_1219132909|reg/013678612731_1219132909|reg/013678612731_
2016-12-19 13:30:07 INFO UpdateUserState: 013678612731,1
2016-12-19 13:33:29 INFO AddIdentifyResult: 10496,013176473615,-1,
2016-12-19 13:33:36 INFO AddIdentifyResult: 10496,013176473615,-3,
2016-12-19 13:35:25 INFO AddIdentifyResult: 10496,013176473615,12,
2016-12-19 13:35:33 INFO AddIdentifyResult: 10496,013176473615,10,reg/013176473615_1219133436|reg/013176473615_1219133436|reg/013176473615_
2016-12-19 13:35:34 INFO UpdateUserState: 013176473615,1
2016-12-19 13:40:58 INFO AddIdentifyResult: 10497,013012905053,-1,
2016-12-19 13:41:04 INFO AddIdentifyResult: 10497,013012905053,-3,
2016-12-19 13:42:50 INFO AddIdentifyResult: 10497,013012905053,12,
2016-12-19 13:42:57 INFO AddIdentifyResult: 10497,013012905053,10,reg/013012905053_1219134322|reg/013012905053_1219134322|reg/013012905053_1219134204
2016-12-19 13:42:58 INFO UpdateUserState: 013012905053,1
2016-12-19 13:46:07 INFO AddIdentifyResult: 10498,013173468975,-1,
2016-12-19 13:46:13 INFO AddIdentifyResult: 10498,013173468975,-3,
2016-12-19 13:47:53 INFO AddIdentifyResult: 10498,013173468975,12,
2016-12-19 13:48:00 INFO AddIdentifyResult: 10498,013173468975,10,reg/013173468975_1219134713|reg/013173468975_1219134713|reg/013173468975_
2016-12-19 13:48:00 INFO UpdateUserState: 013173468975,1
2016-12-19 13:49:20 INFO AddIdentifyResult: 10499,013012905061,-1,
2016-12-19 13:49:27 INFO AddIdentifyResult: 10499,013012905061,-3,
2016-12-19 13:51:19 INFO AddIdentifyResult: 10499,013012905061,12,
2016-12-19 13:51:26 INFO AddIdentifyResult: 10499,013012905061,10,reg/013012905061_1219135027|reg/013012905061_1219135027|reg/013012905061_
2016-12-19 13:51:26 INFO UpdateUserState: 013012905061,1
2016-12-19 13:52:45 INFO AddIdentifyResult: 10500,018764595436,-1,
2016-12-19 13:52:52 INFO AddIdentifyResult: 10500,018764595436,-3,
2016-12-19 13:54:58 INFO AddIdentifyResult: 10500,018764595436,12,
2016-12-19 13:55:06 INFO AddIdentifyResult: 10500,018764595436,10,reg/018764595436_1219135529|reg/018764595436_1219135529|reg/018764595436_1219135352
2016-12-19 13:55:06 INFO UpdateUserState: 018764595436,1
2016-12-19 13:57:26 INFO AddIdentifyResult: 10501,013465467289,-1,
2016-12-19 13:57:43 INFO AddIdentifyResult: 10501,013465467289,-3,
2016-12-19 13:59:43 INFO AddIdentifyResult: 10501,013465467289,12,
2016-12-19 13:59:50 INFO AddIdentifyResult: 10501,013465467289,10,reg/013465467289_1219135843|reg/013465467289_1219135843|reg/013465467289_
2016-12-19 13:59:51 INFO UpdateUserState: 013465467289,1
2016-12-19 13:59:56 INFO AddIdentifyResult: 10502,013012905112,-1,
2016-12-19 14:00:02 INFO AddIdentifyResult: 10502,013012905112,-3,
2016-12-19 14:01:52 INFO AddIdentifyResult: 10502,013012905112,12,
2016-12-19 14:01:59 INFO AddIdentifyResult: 10502,013012905112,10,reg/013012905112_1219140102|reg/013012905112_1219140102|reg/013012905112_
2016-12-19 14:01:59 INFO UpdateUserState: 013012905112,1
2016-12-19 14:04:04 INFO AddIdentifyResult: 10503,013012905083,-1,
2016-12-19 14:04:08 INFO AddIdentifyResult: 10503,013012905083,-3,
2016-12-19 14:06:01 INFO AddIdentifyResult: 10503,013012905083,12,
2016-12-19 14:06:07 INFO AddIdentifyResult: 10503,013012905083,10,reg/013012905083_1219140631|reg/013012905083_1219140631|reg/013012905083_1219140509
2016-12-19 14:06:08 INFO UpdateUserState: 013012905083,1
2016-12-19 14:07:29 INFO AddIdentifyResult: 10504,013012905207,-1,
2016-12-19 14:07:36 INFO AddIdentifyResult: 10504,013012905207,-3,
2016-12-19 14:09:45 INFO AddIdentifyResult: 10504,013012905207,12,
2016-12-19 14:09:52 INFO AddIdentifyResult: 10504,013012905207,10,reg/013012905207_1219141012|reg/013012905207_1219141012|reg/013012905207_1219140836
2016-12-19 14:09:52 INFO UpdateUserState: 013012905207,1
2016-12-19 14:12:40 INFO AddIdentifyResult: 10505,013012905176,-1,
2016-12-19 14:12:48 INFO AddIdentifyResult: 10505,013012905176,-3,
2016-12-19 14:14:39 INFO AddIdentifyResult: 10505,013012905176,12,
2016-12-19 14:14:48 INFO AddIdentifyResult: 10505,013012905176,10,reg/013012905176_1219141348|reg/013012905176_1219141348|reg/013012905176_
2016-12-19 14:14:48 INFO UpdateUserState: 013012905176,1
2016-12-19 14:30:43 INFO AddIdentifyResult: 10506,013012905267,-1,
2016-12-19 14:30:51 INFO AddIdentifyResult: 10506,013012905267,-3,
2016-12-19 14:32:42 INFO AddIdentifyResult: 10506,013012905267,12,
2016-12-19 14:32:49 INFO AddIdentifyResult: 10506,013012905267,10,reg/013012905267_1219143151|reg/013012905267_1219143151|reg/013012905267_
2016-12-19 14:32:49 INFO UpdateUserState: 013012905267,1
2016-12-19 14:57:25 INFO AddIdentifyResult: 10507,013343529565,-1,
2016-12-19 14:57:50 INFO AddIdentifyResult: 10507,013343529565,-3,
2016-12-19 14:59:58 INFO AddIdentifyResult: 10507,013343529565,12,
2016-12-19 15:00:06 INFO AddIdentifyResult: 10507,013343529565,10,reg/013343529565_1219145850|reg/013343529565_1219145850|reg/013343529565_
2016-12-19 15:00:06 INFO UpdateUserState: 013343529565,1
2016-12-19 15:00:27 INFO AddIdentifyResult: 10508,013343529565,-1,
2016-12-19 15:00:41 INFO AddIdentifyResult: 10508,013343529565,-3,
2016-12-19 15:01:32 INFO AddIdentifyResult: 10508,013343529565,0,ver/12/19/150141_013343529565.wav
2016-12-19 15:07:16 INFO AddIdentifyResult: 10509,013012905175,-1,
2016-12-19 15:07:25 INFO AddIdentifyResult: 10509,013012905175,-3,
2016-12-19 15:09:07 INFO AddIdentifyResult: 10509,013012905175,12,
2016-12-19 15:09:14 INFO AddIdentifyResult: 10509,013012905175,10,reg/013012905175_1219150826|reg/013012905175_1219150826|reg/013012905175_
2016-12-19 15:09:14 INFO UpdateUserState: 013012905175,1
2016-12-19 15:16:39 INFO AddIdentifyResult: 10510,013012905703,-1,
2016-12-19 15:16:56 INFO AddIdentifyResult: 10511,018186592028,-1,
2016-12-19 15:17:23 INFO AddIdentifyResult: 10511,018186592028,-3,
2016-12-19 15:18:34 INFO AddIdentifyResult: 10512,013012905703,-1,
2016-12-19 15:18:39 INFO AddIdentifyResult: 10512,013012905703,-3,
2016-12-19 15:19:18 INFO AddIdentifyResult: 10511,018186592028,12,
2016-12-19 15:19:27 INFO AddIdentifyResult: 10511,018186592028,10,reg/018186592028_1219151823|reg/018186592028_1219151823|reg/018186592028_
2016-12-19 15:19:27 INFO UpdateUserState: 018186592028,1
2016-12-19 15:19:48 INFO AddIdentifyResult: 10513,018186592028,-1,
2016-12-19 15:20:19 INFO AddIdentifyResult: 10513,018186592028,-3,
2016-12-19 15:20:41 INFO AddIdentifyResult: 10512,013012905703,12,
2016-12-19 15:20:50 INFO AddIdentifyResult: 10512,013012905703,10,reg/013012905703_1219151940|reg/013012905703_1219151940|reg/013012905703_
2016-12-19 15:20:50 INFO UpdateUserState: 013012905703,1
2016-12-19 15:21:11 INFO AddIdentifyResult: 10513,018186592028,0,ver/12/19/152119_018186592028.wav
2016-12-19 15:26:54 INFO AddIdentifyResult: 10514,013012905305,-1,
2016-12-19 15:27:07 INFO AddIdentifyResult: 10514,013012905305,-3,
2016-12-19 15:28:59 INFO AddIdentifyResult: 10514,013012905305,12,
2016-12-19 15:29:07 INFO AddIdentifyResult: 10514,013012905305,10,reg/013012905305_1219152808|reg/013012905305_1219152808|reg/013012905305_
2016-12-19 15:29:07 INFO UpdateUserState: 013012905305,1
2016-12-19 15:33:53 INFO AddIdentifyResult: 10515,013012905532,-1,
2016-12-19 15:33:59 INFO AddIdentifyResult: 10515,013012905532,-3,
2016-12-19 15:36:26 INFO AddIdentifyResult: 10515,013012905532,12,
2016-12-19 15:36:34 INFO AddIdentifyResult: 10515,013012905532,10,reg/013012905532_1219153645|reg/013012905532_1219153645|reg/013012905532_1219153459
2016-12-19 15:36:34 INFO UpdateUserState: 013012905532,1
2016-12-19 15:36:55 INFO AddIdentifyResult: 10516,013287333304,-1,
2016-12-19 15:37:01 INFO AddIdentifyResult: 10516,013287333304,-3,
2016-12-19 15:39:42 INFO AddIdentifyResult: 10516,013287333304,12,
2016-12-19 15:39:50 INFO AddIdentifyResult: 10516,013287333304,10,reg/013287333304_1219153946|reg/013287333304_1219153946|reg/013287333304_1219153801
2016-12-19 15:39:50 INFO UpdateUserState: 013287333304,1
2016-12-19 15:42:24 INFO AddIdentifyResult: 10517,013012905667,-1,
2016-12-19 15:42:30 INFO AddIdentifyResult: 10517,013012905667,-3,
2016-12-19 15:44:15 INFO AddIdentifyResult: 10517,013012905667,12,
2016-12-19 15:44:22 INFO AddIdentifyResult: 10517,013012905667,10,reg/013012905667_1219154331|reg/013012905667_1219154331|reg/013012905667_
2016-12-19 15:44:22 INFO UpdateUserState: 013012905667,1
2016-12-19 15:56:59 INFO AddIdentifyResult: 10518,013012905591,-1,
2016-12-19 15:57:09 INFO AddIdentifyResult: 10519,015254650321,-1,
2016-12-19 15:57:42 INFO AddIdentifyResult: 10520,015254650321,-1,
2016-12-19 15:57:48 INFO AddIdentifyResult: 10520,015254650321,-3,
2016-12-19 15:59:38 INFO AddIdentifyResult: 10520,015254650321,12,
2016-12-19 15:59:45 INFO AddIdentifyResult: 10520,015254650321,10,reg/015254650321_1219155849|reg/015254650321_1219155849|reg/015254650321_
2016-12-19 15:59:45 INFO UpdateUserState: 015254650321,1
2016-12-19 16:01:30 INFO AddIdentifyResult: 10521,013012905591,-1,
2016-12-19 16:01:35 INFO AddIdentifyResult: 10521,013012905591,-3,
2016-12-19 16:03:23 INFO AddIdentifyResult: 10521,013012905591,12,
2016-12-19 16:03:29 INFO AddIdentifyResult: 10521,013012905591,10,reg/013012905591_1219160235|reg/013012905591_1219160235|reg/013012905591_
2016-12-19 16:03:30 INFO UpdateUserState: 013012905591,1
