2016-12-23 08:42:44 INFO AddIdentifyResult: 10946,013012909923,-1,
2016-12-23 08:42:49 INFO AddIdentifyResult: 10946,013012909923,-3,
2016-12-23 08:44:59 INFO AddIdentifyResult: 10946,013012909923,12,
2016-12-23 08:45:06 INFO AddIdentifyResult: 10946,013012909923,10,reg/013012909923_1223084406|reg/013012909923_1223084406|reg/013012909923_
2016-12-23 08:45:06 INFO UpdateUserState: 013012909923,1
2016-12-23 08:55:35 INFO AddIdentifyResult: 10947,013012910108,-1,
2016-12-23 08:55:42 INFO AddIdentifyResult: 10947,013012910108,-3,
2016-12-23 08:57:40 INFO AddIdentifyResult: 10947,013012910108,12,
2016-12-23 08:57:46 INFO AddIdentifyResult: 10947,013012910108,10,reg/013012910108_1223085819|reg/013012910108_1223085819|reg/013012910108_1223085659
2016-12-23 08:57:47 INFO UpdateUserState: 013012910108,1
2016-12-23 09:01:48 INFO AddIdentifyResult: 10948,013012910350,-1,
2016-12-23 09:02:02 INFO AddIdentifyResult: 10948,013012910350,-3,
2016-12-23 09:04:00 INFO AddIdentifyResult: 10948,013012910350,12,
2016-12-23 09:04:07 INFO AddIdentifyResult: 10948,013012910350,10,reg/013012910350_1223090319|reg/013012910350_1223090319|reg/013012910350_
2016-12-23 09:04:07 INFO UpdateUserState: 013012910350,1
2016-12-23 09:14:54 INFO AddIdentifyResult: 10949,013012910232,-1,
2016-12-23 09:14:59 INFO AddIdentifyResult: 10949,013012910232,-3,
2016-12-23 09:16:56 INFO AddIdentifyResult: 10949,013012910232,12,
2016-12-23 09:17:04 INFO AddIdentifyResult: 10949,013012910232,10,reg/013012910232_1223091616|reg/013012910232_1223091616|reg/013012910232_
2016-12-23 09:17:05 INFO UpdateUserState: 013012910232,1
2016-12-23 09:18:01 INFO AddIdentifyResult: 10950,018754677997,-1,
2016-12-23 09:18:09 INFO AddIdentifyResult: 10950,018754677997,-3,
2016-12-23 09:20:15 INFO AddIdentifyResult: 10950,018754677997,12,
2016-12-23 09:20:26 INFO AddIdentifyResult: 10950,018754677997,10,reg/018754677997_1223091926|reg/018754677997_1223091926|reg/018754677997_
2016-12-23 09:20:26 INFO UpdateUserState: 018754677997,1
2016-12-23 09:24:36 INFO AddIdentifyResult: 10951,013012910359,-1,
2016-12-23 09:24:42 INFO AddIdentifyResult: 10951,013012910359,-3,
2016-12-23 09:26:07 INFO AddIdentifyResult: 10951,013012910359,12,
2016-12-23 09:26:14 INFO AddIdentifyResult: 10951,013012910359,10,reg/013012910359_1223092559|reg/013012910359_1223092559|reg/013012910359_
2016-12-23 09:26:14 INFO UpdateUserState: 013012910359,1
2016-12-23 09:31:07 INFO AddIdentifyResult: 10952,013012910761,-1,
2016-12-23 09:31:22 INFO AddIdentifyResult: 10953,013012910761,-1,
2016-12-23 09:31:39 INFO AddIdentifyResult: 10954,013012910761,-1,
2016-12-23 09:31:44 INFO AddIdentifyResult: 10954,013012910761,-3,
2016-12-23 09:33:55 INFO AddIdentifyResult: 10954,013012910761,12,
2016-12-23 09:34:04 INFO AddIdentifyResult: 10954,013012910761,10,reg/013012910761_1223093301|reg/013012910761_1223093301|reg/013012910761_
2016-12-23 09:34:05 INFO UpdateUserState: 013012910761,1
2016-12-23 09:34:05 INFO AddIdentifyResult: 10955,015066051615,-1,
2016-12-23 09:34:13 INFO AddIdentifyResult: 10955,015066051615,-3,
2016-12-23 09:35:50 INFO AddIdentifyResult: 10955,015066051615,12,
2016-12-23 09:35:57 INFO AddIdentifyResult: 10955,015066051615,10,reg/015066051615_1223093530|reg/015066051615_1223093530|reg/015066051615_
2016-12-23 09:35:57 INFO UpdateUserState: 015066051615,1
2016-12-23 09:37:47 INFO AddIdentifyResult: 10956,013012910963,-1,
2016-12-23 09:38:07 INFO AddIdentifyResult: 10956,013012910963,-3,
2016-12-23 09:40:22 INFO AddIdentifyResult: 10956,013012910963,12,
2016-12-23 09:40:29 INFO AddIdentifyResult: 10956,013012910963,10,reg/013012910963_1223094041|reg/013012910963_1223094041|reg/013012910963_1223093924
2016-12-23 09:40:29 INFO UpdateUserState: 013012910963,1
2016-12-23 09:40:34 INFO AddIdentifyResult: 10957,013054661482,-1,
2016-12-23 09:40:39 INFO AddIdentifyResult: 10957,013054661482,-3,
2016-12-23 09:42:49 INFO AddIdentifyResult: 10957,013054661482,12,
2016-12-23 09:42:56 INFO AddIdentifyResult: 10957,013054661482,10,reg/013054661482_1223094156|reg/013054661482_1223094156|reg/013054661482_
2016-12-23 09:42:56 INFO UpdateUserState: 013054661482,1
2016-12-23 09:43:19 INFO AddIdentifyResult: 10958,013012910790,-1,
2016-12-23 09:43:34 INFO AddIdentifyResult: 10958,013012910790,-3,
2016-12-23 09:46:13 INFO AddIdentifyResult: 10958,013012910790,12,
2016-12-23 09:46:20 INFO AddIdentifyResult: 10958,013012910790,10,reg/013012910790_1223094643|reg/013012910790_1223094643|reg/013012910790_1223094451
2016-12-23 09:46:20 INFO UpdateUserState: 013012910790,1
2016-12-23 09:46:27 INFO AddIdentifyResult: 10959,015154645122,-1,
2016-12-23 09:47:29 INFO AddIdentifyResult: 10960,015154645122,-1,
2016-12-23 09:47:38 INFO AddIdentifyResult: 10960,015154645122,-3,
2016-12-23 09:49:16 INFO AddIdentifyResult: 10960,015154645122,12,
2016-12-23 09:49:23 INFO AddIdentifyResult: 10960,015154645122,10,reg/015154645122_1223094855|reg/015154645122_1223094855|reg/015154645122_
2016-12-23 09:49:23 INFO UpdateUserState: 015154645122,1
2016-12-23 09:50:46 INFO AddIdentifyResult: 10961,013012909013,-1,
2016-12-23 09:50:55 INFO AddIdentifyResult: 10961,013012909013,-3,
2016-12-23 09:52:23 INFO AddIdentifyResult: 10961,013012909013,12,
2016-12-23 09:52:29 INFO AddIdentifyResult: 10961,013012909013,10,reg/013012909013_1223095212|reg/013012909013_1223095212|reg/013012909013_
2016-12-23 09:52:29 INFO UpdateUserState: 013012909013,1
2016-12-23 09:52:50 INFO AddIdentifyResult: 10962,013012909060,-1,
2016-12-23 09:52:55 INFO AddIdentifyResult: 10962,013012909060,-3,
2016-12-23 09:54:43 INFO AddIdentifyResult: 10962,013012909060,12,
2016-12-23 09:54:50 INFO AddIdentifyResult: 10962,013012909060,10,reg/013012909060_1223095533|reg/013012909060_1223095533|reg/013012909060_1223095412
2016-12-23 09:54:50 INFO UpdateUserState: 013012909060,1
2016-12-23 09:55:08 INFO AddIdentifyResult: 10963,013012909106,-1,
2016-12-23 09:55:18 INFO AddIdentifyResult: 10963,013012909106,-3,
2016-12-23 09:57:06 INFO AddIdentifyResult: 10963,013012909106,12,
2016-12-23 09:57:12 INFO AddIdentifyResult: 10963,013012909106,10,reg/013012909106_1223095757|reg/013012909106_1223095757|reg/013012909106_1223095635
2016-12-23 09:57:12 INFO UpdateUserState: 013012909106,1
2016-12-23 09:57:15 INFO AddIdentifyResult: 10964,015266050156,-1,
2016-12-23 09:57:33 INFO AddIdentifyResult: 10965,015266050156,-1,
2016-12-23 09:58:00 INFO AddIdentifyResult: 10966,015266050156,-1,
2016-12-23 09:59:53 INFO AddIdentifyResult: 10967,015266050165,-1,
2016-12-23 10:00:00 INFO AddIdentifyResult: 10967,015266050165,-3,
2016-12-23 10:00:01 INFO AddIdentifyResult: 10967,015266050165,11,reg/015266050165_|reg/015266050165_|reg/015266050165_
2016-12-23 10:00:07 INFO AddIdentifyResult: 10968,015266050165,-1,
2016-12-23 10:00:14 INFO AddIdentifyResult: 10968,015266050165,-3,
2016-12-23 10:01:55 INFO AddIdentifyResult: 10968,015266050165,12,
2016-12-23 10:02:02 INFO AddIdentifyResult: 10968,015266050165,10,reg/015266050165_1223100131|reg/015266050165_1223100131|reg/015266050165_
2016-12-23 10:02:02 INFO UpdateUserState: 015266050165,1
2016-12-23 10:02:16 INFO AddIdentifyResult: 10969,013012909183,-1,
2016-12-23 10:02:22 INFO AddIdentifyResult: 10969,013012909183,-3,
2016-12-23 10:03:49 INFO AddIdentifyResult: 10969,013012909183,12,
2016-12-23 10:03:56 INFO AddIdentifyResult: 10969,013012909183,10,reg/013012909183_1223100339|reg/013012909183_1223100339|reg/013012909183_
2016-12-23 10:03:56 INFO UpdateUserState: 013012909183,1
2016-12-23 10:08:32 INFO AddIdentifyResult: 10970,015275640986,-1,
2016-12-23 10:09:07 INFO AddIdentifyResult: 10971,015275640986,-1,
2016-12-23 10:10:51 INFO AddIdentifyResult: 10972,013012909307,-1,
2016-12-23 10:11:08 INFO AddIdentifyResult: 10972,013012909307,-3,
2016-12-23 10:12:33 INFO AddIdentifyResult: 10972,013012909307,12,
2016-12-23 10:12:39 INFO AddIdentifyResult: 10972,013012909307,10,reg/013012909307_1223101225|reg/013012909307_1223101225|reg/013012909307_
2016-12-23 10:12:40 INFO UpdateUserState: 013012909307,1
2016-12-23 10:13:34 INFO AddIdentifyResult: 10973,013012909193,-1,
2016-12-23 10:13:46 INFO AddIdentifyResult: 10973,013012909193,-3,
2016-12-23 10:15:17 INFO AddIdentifyResult: 10973,013012909193,12,
2016-12-23 10:15:23 INFO AddIdentifyResult: 10973,013012909193,10,reg/013012909193_1223101511|reg/013012909193_1223101511|reg/013012909193_1223101503
2016-12-23 10:15:24 INFO UpdateUserState: 013012909193,1
2016-12-23 10:15:30 INFO AddIdentifyResult: 10974,015275640986,-1,
2016-12-23 10:15:42 INFO AddIdentifyResult: 10974,015275640986,-3,
2016-12-23 10:17:11 INFO AddIdentifyResult: 10974,015275640986,12,
2016-12-23 10:17:18 INFO AddIdentifyResult: 10974,015275640986,10,reg/015275640986_1223101659|reg/015275640986_1223101659|reg/015275640986_
2016-12-23 10:17:18 INFO UpdateUserState: 015275640986,1
2016-12-23 10:18:19 INFO AddIdentifyResult: 10975,013012909387,-1,
2016-12-23 10:18:26 INFO AddIdentifyResult: 10975,013012909387,-3,
2016-12-23 10:20:29 INFO AddIdentifyResult: 10975,013012909387,12,
2016-12-23 10:20:35 INFO AddIdentifyResult: 10975,013012909387,10,reg/013012909387_1223102108|reg/013012909387_1223102108|reg/013012909387_1223101943
2016-12-23 10:20:35 INFO UpdateUserState: 013012909387,1
2016-12-23 10:20:59 INFO AddIdentifyResult: 10976,013012909517,-1,
2016-12-23 10:21:08 INFO AddIdentifyResult: 10976,013012909517,-3,
2016-12-23 10:22:40 INFO AddIdentifyResult: 10976,013012909517,12,
2016-12-23 10:22:47 INFO AddIdentifyResult: 10976,013012909517,10,reg/013012909517_1223102332|reg/013012909517_1223102332|reg/013012909517_1223102225
2016-12-23 10:22:47 INFO UpdateUserState: 013012909517,1
2016-12-23 10:22:56 INFO AddIdentifyResult: 10977,013012909526,-1,
2016-12-23 10:23:03 INFO AddIdentifyResult: 10977,013012909526,-3,
2016-12-23 10:24:24 INFO AddIdentifyResult: 10977,013012909526,12,
2016-12-23 10:24:30 INFO AddIdentifyResult: 10977,013012909526,10,reg/013012909526_1223102420|reg/013012909526_1223102420|reg/013012909526_
2016-12-23 10:24:31 INFO UpdateUserState: 013012909526,1
2016-12-23 10:26:20 INFO AddIdentifyResult: 10978,013012909779,-1,
2016-12-23 10:26:36 INFO AddIdentifyResult: 10978,013012909779,-3,
2016-12-23 10:27:57 INFO AddIdentifyResult: 10978,013012909779,12,
2016-12-23 10:28:04 INFO AddIdentifyResult: 10978,013012909779,10,reg/013012909779_1223102754|reg/013012909779_1223102754|reg/013012909779_
2016-12-23 10:28:04 INFO UpdateUserState: 013012909779,1
2016-12-23 10:29:36 INFO AddIdentifyResult: 10979,013012909318,-1,
2016-12-23 10:29:59 INFO AddIdentifyResult: 10979,013012909318,-3,
2016-12-23 10:31:23 INFO AddIdentifyResult: 10979,013012909318,12,
2016-12-23 10:31:29 INFO AddIdentifyResult: 10979,013012909318,10,reg/013012909318_1223103116|reg/013012909318_1223103116|reg/013012909318_
2016-12-23 10:31:30 INFO UpdateUserState: 013012909318,1
2016-12-23 10:42:38 INFO AddIdentifyResult: 10980,013012909912,-1,
2016-12-23 10:42:46 INFO AddIdentifyResult: 10980,013012909912,-3,
2016-12-23 10:44:22 INFO AddIdentifyResult: 10980,013012909912,12,
2016-12-23 10:44:29 INFO AddIdentifyResult: 10980,013012909912,10,reg/013012909912_1223104403|reg/013012909912_1223104403|reg/013012909912_
2016-12-23 10:44:29 INFO UpdateUserState: 013012909912,1
2016-12-23 10:46:00 INFO AddIdentifyResult: 10981,018186590718,-1,
2016-12-23 10:47:25 INFO AddIdentifyResult: 10982,018186590718,-1,
2016-12-23 10:47:34 INFO AddIdentifyResult: 10982,018186590718,-3,
2016-12-23 10:47:47 INFO AddIdentifyResult: 10982,018186590718,11,reg/018186590718_|reg/018186590718_|reg/018186590718_
2016-12-23 10:48:09 INFO AddIdentifyResult: 10983,018186590718,-1,
2016-12-23 10:48:21 INFO AddIdentifyResult: 10983,018186590718,-3,
2016-12-23 10:50:15 INFO AddIdentifyResult: 10983,018186590718,12,
2016-12-23 10:50:23 INFO AddIdentifyResult: 10983,018186590718,10,reg/018186590718_1223104938|reg/018186590718_1223104938|reg/018186590718_
2016-12-23 10:50:23 INFO UpdateUserState: 018186590718,1
2016-12-23 10:50:29 INFO AddIdentifyResult: 10984,013012912191,-1,
2016-12-23 10:50:35 INFO AddIdentifyResult: 10984,013012912191,-3,
2016-12-23 10:51:16 INFO AddIdentifyResult: 10985,018186590718,-1,
2016-12-23 10:51:28 INFO AddIdentifyResult: 10985,018186590718,-3,
2016-12-23 10:51:56 INFO AddIdentifyResult: 10984,013012912191,12,
2016-12-23 10:52:02 INFO AddIdentifyResult: 10984,013012912191,10,reg/013012912191_1223105152|reg/013012912191_1223105152|reg/013012912191_
2016-12-23 10:52:02 INFO UpdateUserState: 013012912191,1
2016-12-23 10:52:08 INFO AddIdentifyResult: 10986,018860633771,-1,
2016-12-23 10:52:19 INFO AddIdentifyResult: 10985,018186590718,0,ver/12/23/105245_018186590718.wav
2016-12-23 10:53:34 INFO AddIdentifyResult: 10987,018860633771,-1,
2016-12-23 10:53:44 INFO AddIdentifyResult: 10987,018860633771,-3,
2016-12-23 10:54:57 INFO AddIdentifyResult: 10988,015511240227,-1,
2016-12-23 10:55:02 INFO AddIdentifyResult: 10988,015511240227,-3,
2016-12-23 10:55:23 INFO AddIdentifyResult: 10987,018860633771,12,
2016-12-23 10:55:31 INFO AddIdentifyResult: 10987,018860633771,10,reg/018860633771_1223105502|reg/018860633771_1223105502|reg/018860633771_
2016-12-23 10:55:31 INFO UpdateUserState: 018860633771,1
2016-12-23 10:56:57 INFO AddIdentifyResult: 10988,015511240227,12,
2016-12-23 10:57:04 INFO AddIdentifyResult: 10988,015511240227,10,reg/015511240227_1223105745|reg/015511240227_1223105745|reg/015511240227_1223105619
2016-12-23 10:57:05 INFO UpdateUserState: 015511240227,1
2016-12-23 10:57:09 INFO AddIdentifyResult: 10989,015511240227,-1,
2016-12-23 10:57:13 INFO AddIdentifyResult: 10989,015511240227,-3,
2016-12-23 10:58:05 INFO AddIdentifyResult: 10989,015511240227,0,ver/12/23/105831_015511240227.wav
2016-12-23 11:02:13 INFO AddIdentifyResult: 10990,015511204870,-1,
2016-12-23 11:02:20 INFO AddIdentifyResult: 10990,015511204870,-3,
2016-12-23 11:03:44 INFO AddIdentifyResult: 10990,015511204870,12,
2016-12-23 11:03:47 INFO AddIdentifyResult: 10991,013012912280,-1,
2016-12-23 11:03:51 INFO AddIdentifyResult: 10990,015511204870,10,reg/015511204870_1223110337|reg/015511204870_1223110337|reg/015511204870_
2016-12-23 11:03:52 INFO UpdateUserState: 015511204870,1
2016-12-23 11:03:53 INFO AddIdentifyResult: 10992,015511204870,-1,
2016-12-23 11:03:56 INFO AddIdentifyResult: 10992,015511204870,-3,
2016-12-23 11:04:06 INFO AddIdentifyResult: 10992,015511204870,1,
2016-12-23 11:04:17 INFO AddIdentifyResult: 10993,015511204870,-1,
2016-12-23 11:04:25 INFO AddIdentifyResult: 10993,015511204870,-3,
2016-12-23 11:05:18 INFO AddIdentifyResult: 10993,015511204870,0,ver/12/23/110543_015511204870.wav
2016-12-23 11:05:48 INFO AddIdentifyResult: 10994,015512255339,-1,
2016-12-23 11:05:53 INFO AddIdentifyResult: 10994,015512255339,-3,
2016-12-23 11:07:11 INFO AddIdentifyResult: 10995,013012912280,-1,
2016-12-23 11:07:19 INFO AddIdentifyResult: 10995,013012912280,-3,
2016-12-23 11:07:53 INFO AddIdentifyResult: 10994,015512255339,12,
2016-12-23 11:08:00 INFO AddIdentifyResult: 10994,015512255339,10,reg/015512255339_1223110841|reg/015512255339_1223110841|reg/015512255339_1223110711
2016-12-23 11:08:00 INFO UpdateUserState: 015512255339,1
2016-12-23 11:08:16 INFO AddIdentifyResult: 10996,015512255339,-1,
2016-12-23 11:08:28 INFO AddIdentifyResult: 10997,015512255339,-1,
2016-12-23 11:08:33 INFO AddIdentifyResult: 10997,015512255339,-3,
2016-12-23 11:08:38 INFO AddIdentifyResult: 10998,015511216549,-1,
2016-12-23 11:08:45 INFO AddIdentifyResult: 10998,015511216549,-3,
2016-12-23 11:08:57 INFO AddIdentifyResult: 10995,013012912280,12,
2016-12-23 11:09:04 INFO AddIdentifyResult: 10995,013012912280,10,reg/013012912280_1223110837|reg/013012912280_1223110837|reg/013012912280_
2016-12-23 11:09:05 INFO UpdateUserState: 013012912280,1
2016-12-23 11:09:25 INFO AddIdentifyResult: 10997,015512255339,0,ver/12/23/110951_015512255339.wav
2016-12-23 11:09:39 INFO AddIdentifyResult: 10999,015533224725,-1,
2016-12-23 11:09:44 INFO AddIdentifyResult: 10999,015533224725,-3,
2016-12-23 11:10:11 INFO AddIdentifyResult: 10998,015511216549,12,
2016-12-23 11:10:18 INFO AddIdentifyResult: 10998,015511216549,10,reg/015511216549_1223111002|reg/015511216549_1223111002|reg/015511216549_
2016-12-23 11:10:18 INFO UpdateUserState: 015511216549,1
2016-12-23 11:10:54 INFO AddIdentifyResult: 11000,015511216549,-1,
2016-12-23 11:10:59 INFO AddIdentifyResult: 11000,015511216549,-3,
2016-12-23 11:11:41 INFO AddIdentifyResult: 10999,015533224725,12,
2016-12-23 11:11:48 INFO AddIdentifyResult: 10999,015533224725,10,reg/015533224725_1223111231|reg/015533224725_1223111231|reg/015533224725_1223111101
2016-12-23 11:11:48 INFO UpdateUserState: 015533224725,1
2016-12-23 11:11:51 INFO AddIdentifyResult: 11000,015511216549,0,ver/12/23/111217_015511216549.wav
2016-12-23 11:12:02 INFO AddIdentifyResult: 11001,015533224725,-1,
2016-12-23 11:12:07 INFO AddIdentifyResult: 11001,015533224725,-3,
2016-12-23 11:12:59 INFO AddIdentifyResult: 11001,015533224725,0,ver/12/23/111325_015533224725.wav
2016-12-23 11:15:11 INFO AddIdentifyResult: 11002,015076299763,-1,
2016-12-23 11:15:21 INFO AddIdentifyResult: 11002,015076299763,-3,
2016-12-23 11:16:25 INFO AddIdentifyResult: 11003,015032470485,-1,
2016-12-23 11:16:30 INFO AddIdentifyResult: 11004,015032470485,-1,
2016-12-23 11:16:47 INFO AddIdentifyResult: 11005,015032470485,-1,
2016-12-23 11:16:48 INFO AddIdentifyResult: 11002,015076299763,12,
2016-12-23 11:16:55 INFO AddIdentifyResult: 11005,015032470485,-3,
2016-12-23 11:16:56 INFO AddIdentifyResult: 11002,015076299763,10,reg/015076299763_1223111638|reg/015076299763_1223111638|reg/015076299763_
2016-12-23 11:16:56 INFO UpdateUserState: 015076299763,1
2016-12-23 11:17:02 INFO AddIdentifyResult: 11006,015076299763,-1,
2016-12-23 11:17:08 INFO AddIdentifyResult: 11006,015076299763,-3,
2016-12-23 11:18:01 INFO AddIdentifyResult: 11006,015076299763,0,ver/12/23/111826_015076299763.wav
2016-12-23 11:18:59 INFO AddIdentifyResult: 11005,015032470485,12,
2016-12-23 11:19:06 INFO AddIdentifyResult: 11005,015032470485,10,reg/015032470485_1223111944|reg/015032470485_1223111944|reg/015032470485_1223111812
2016-12-23 11:19:06 INFO UpdateUserState: 015032470485,1
2016-12-23 11:19:25 INFO AddIdentifyResult: 11007,015032470485,-1,
2016-12-23 11:19:33 INFO AddIdentifyResult: 11007,015032470485,-3,
2016-12-23 11:19:44 INFO AddIdentifyResult: 11008,015533206405,-1,
2016-12-23 11:19:51 INFO AddIdentifyResult: 11008,015533206405,-3,
2016-12-23 11:20:25 INFO AddIdentifyResult: 11007,015032470485,0,ver/12/23/112051_015032470485.wav
2016-12-23 11:20:49 INFO AddIdentifyResult: 11009,015533124307,-1,
2016-12-23 11:20:54 INFO AddIdentifyResult: 11009,015533124307,-3,
2016-12-23 11:21:30 INFO AddIdentifyResult: 11008,015533206405,12,
2016-12-23 11:21:36 INFO AddIdentifyResult: 11008,015533206405,10,reg/015533206405_1223112109|reg/015533206405_1223112109|reg/015533206405_
2016-12-23 11:21:36 INFO UpdateUserState: 015533206405,1
2016-12-23 11:21:59 INFO AddIdentifyResult: 11010,015533206405,-1,
2016-12-23 11:22:05 INFO AddIdentifyResult: 11010,015533206405,-3,
2016-12-23 11:22:57 INFO AddIdentifyResult: 11010,015533206405,0,ver/12/23/112323_015533206405.wav
2016-12-23 11:22:58 INFO AddIdentifyResult: 11009,015533124307,12,
2016-12-23 11:23:05 INFO AddIdentifyResult: 11009,015533124307,10,reg/015533124307_1223112347|reg/015533124307_1223112347|reg/015533124307_1223112212
2016-12-23 11:23:05 INFO UpdateUserState: 015533124307,1
2016-12-23 11:23:13 INFO AddIdentifyResult: 11011,015533124307,-1,
2016-12-23 11:23:18 INFO AddIdentifyResult: 11011,015533124307,-3,
2016-12-23 11:24:10 INFO AddIdentifyResult: 11011,015533124307,0,ver/12/23/112436_015533124307.wav
2016-12-23 11:26:35 INFO AddIdentifyResult: 11012,015511251480,-1,
2016-12-23 11:26:56 INFO AddIdentifyResult: 11013,013012912110,-1,
2016-12-23 11:27:19 INFO AddIdentifyResult: 11014,015533204263,-1,
2016-12-23 11:27:33 INFO AddIdentifyResult: 11015,015511251480,-1,
2016-12-23 11:27:39 INFO AddIdentifyResult: 11015,015511251480,-3,
2016-12-23 11:29:15 INFO AddIdentifyResult: 11016,015533204263,-1,
2016-12-23 11:29:25 INFO AddIdentifyResult: 11016,015533204263,-3,
2016-12-23 11:30:42 INFO AddIdentifyResult: 11015,015511251480,12,
2016-12-23 11:30:49 INFO AddIdentifyResult: 11015,015511251480,10,reg/015511251480_1223113126|reg/015511251480_1223113126|reg/015511251480_1223112857
2016-12-23 11:30:49 INFO UpdateUserState: 015511251480,1
2016-12-23 11:31:02 INFO AddIdentifyResult: 11017,015511251480,-1,
2016-12-23 11:31:03 INFO AddIdentifyResult: 11016,015533204263,12,
2016-12-23 11:31:06 INFO AddIdentifyResult: 11017,015511251480,-3,
2016-12-23 11:31:10 INFO AddIdentifyResult: 11016,015533204263,10,reg/015533204263_1223113042|reg/015533204263_1223113042|reg/015533204263_
2016-12-23 11:31:10 INFO UpdateUserState: 015533204263,1
2016-12-23 11:31:18 INFO AddIdentifyResult: 11018,015533204263,-1,
2016-12-23 11:31:30 INFO AddIdentifyResult: 11018,015533204263,-3,
2016-12-23 11:31:54 INFO AddIdentifyResult: 11019,013012912110,-1,
2016-12-23 11:31:58 INFO AddIdentifyResult: 11017,015511251480,0,ver/12/23/113224_015511251480.wav
2016-12-23 11:31:59 INFO AddIdentifyResult: 11019,013012912110,-3,
2016-12-23 11:32:22 INFO AddIdentifyResult: 11018,015533204263,0,ver/12/23/113248_015533204263.wav
2016-12-23 11:34:14 INFO AddIdentifyResult: 11019,013012912110,12,
2016-12-23 11:34:21 INFO AddIdentifyResult: 11019,013012912110,10,reg/013012912110_1223113451|reg/013012912110_1223113451|reg/013012912110_1223113316
2016-12-23 11:34:21 INFO UpdateUserState: 013012912110,1
2016-12-23 11:34:21 INFO AddIdentifyResult: 11020,013646471367,-1,
2016-12-23 11:34:32 INFO AddIdentifyResult: 11020,013646471367,-3,
2016-12-23 11:34:43 INFO AddIdentifyResult: 11021,015511211049,-1,
2016-12-23 11:34:50 INFO AddIdentifyResult: 11021,015511211049,-3,
2016-12-23 11:36:01 INFO AddIdentifyResult: 11020,013646471367,12,
2016-12-23 11:36:08 INFO AddIdentifyResult: 11020,013646471367,10,reg/013646471367_1223113549|reg/013646471367_1223113549|reg/013646471367_
2016-12-23 11:36:08 INFO UpdateUserState: 013646471367,1
2016-12-23 11:36:43 INFO AddIdentifyResult: 11021,015511211049,12,
2016-12-23 11:36:50 INFO AddIdentifyResult: 11021,015511211049,10,reg/015511211049_1223113736|reg/015511211049_1223113736|reg/015511211049_1223113608
2016-12-23 11:36:50 INFO UpdateUserState: 015511211049,1
2016-12-23 11:36:58 INFO AddIdentifyResult: 11022,015511211049,-1,
2016-12-23 11:37:13 INFO AddIdentifyResult: 11023,015511211049,-1,
2016-12-23 11:37:17 INFO AddIdentifyResult: 11024,015533126496,-1,
2016-12-23 11:37:22 INFO AddIdentifyResult: 11023,015511211049,-3,
2016-12-23 11:37:33 INFO AddIdentifyResult: 11024,015533126496,-3,
2016-12-23 11:38:14 INFO AddIdentifyResult: 11023,015511211049,0,ver/12/23/113840_015511211049.wav
2016-12-23 11:39:35 INFO AddIdentifyResult: 11024,015533126496,12,
2016-12-23 11:39:42 INFO AddIdentifyResult: 11024,015533126496,10,reg/015533126496_1223114018|reg/015533126496_1223114018|reg/015533126496_1223113850
2016-12-23 11:39:42 INFO UpdateUserState: 015533126496,1
2016-12-23 11:39:47 INFO AddIdentifyResult: 11025,015533126496,-1,
2016-12-23 11:39:50 INFO AddIdentifyResult: 11025,015533126496,-3,
2016-12-23 11:40:02 INFO AddIdentifyResult: 11025,015533126496,1,
2016-12-23 11:40:07 INFO AddIdentifyResult: 11026,015533206043,-1,
2016-12-23 11:40:08 INFO AddIdentifyResult: 11027,015533206043,-1,
2016-12-23 11:40:12 INFO AddIdentifyResult: 11026,015533206043,-3,
2016-12-23 11:40:33 INFO AddIdentifyResult: 11028,015533126496,-1,
2016-12-23 11:40:42 INFO AddIdentifyResult: 11028,015533126496,-3,
2016-12-23 11:41:34 INFO AddIdentifyResult: 11028,015533126496,0,ver/12/23/114200_015533126496.wav
2016-12-23 11:41:47 INFO AddIdentifyResult: 11026,015533206043,12,
2016-12-23 11:41:53 INFO AddIdentifyResult: 11026,015533206043,10,reg/015533206043_1223114130|reg/015533206043_1223114130|reg/015533206043_
2016-12-23 11:41:53 INFO UpdateUserState: 015533206043,1
2016-12-23 11:42:05 INFO AddIdentifyResult: 11029,015533206043,-1,
2016-12-23 11:42:20 INFO AddIdentifyResult: 11030,015533206043,-1,
2016-12-23 11:42:25 INFO AddIdentifyResult: 11030,015533206043,-3,
2016-12-23 11:43:17 INFO AddIdentifyResult: 11030,015533206043,0,ver/12/23/114343_015533206043.wav
2016-12-23 11:45:11 INFO AddIdentifyResult: 11031,015511214915,-1,
2016-12-23 11:45:29 INFO AddIdentifyResult: 11031,015511214915,-3,
2016-12-23 11:47:27 INFO AddIdentifyResult: 11031,015511214915,12,
2016-12-23 11:47:34 INFO AddIdentifyResult: 11031,015511214915,10,reg/015511214915_1223114813|reg/015511214915_1223114813|reg/015511214915_1223114647
2016-12-23 11:47:34 INFO UpdateUserState: 015511214915,1
2016-12-23 11:47:39 INFO AddIdentifyResult: 11032,015511214915,-1,
2016-12-23 11:47:46 INFO AddIdentifyResult: 11032,015511214915,-3,
2016-12-23 11:48:38 INFO AddIdentifyResult: 11032,015511214915,0,ver/12/23/114904_015511214915.wav
2016-12-23 11:48:53 INFO AddIdentifyResult: 11033,018832222420,-1,
2016-12-23 11:49:01 INFO AddIdentifyResult: 11033,018832222420,-3,
2016-12-23 11:50:30 INFO AddIdentifyResult: 11033,018832222420,12,
2016-12-23 11:50:37 INFO AddIdentifyResult: 11033,018832222420,10,reg/018832222420_1223115019|reg/018832222420_1223115019|reg/018832222420_
2016-12-23 11:50:37 INFO UpdateUserState: 018832222420,1
2016-12-23 11:50:44 INFO AddIdentifyResult: 11034,018832222420,-1,
2016-12-23 11:50:50 INFO AddIdentifyResult: 11035,018833274821,-1,
2016-12-23 11:50:51 INFO AddIdentifyResult: 11034,018832222420,-3,
2016-12-23 11:51:43 INFO AddIdentifyResult: 11034,018832222420,0,ver/12/23/115209_018832222420.wav
2016-12-23 11:52:29 INFO AddIdentifyResult: 11036,018833274821,-1,
2016-12-23 11:52:37 INFO AddIdentifyResult: 11036,018833274821,-3,
2016-12-23 11:54:01 INFO AddIdentifyResult: 11037,015533206416,-1,
2016-12-23 11:54:11 INFO AddIdentifyResult: 11037,015533206416,-3,
2016-12-23 11:54:43 INFO AddIdentifyResult: 11036,018833274821,12,
2016-12-23 11:54:49 INFO AddIdentifyResult: 11036,018833274821,10,reg/018833274821_1223115528|reg/018833274821_1223115528|reg/018833274821_1223115355
2016-12-23 11:54:50 INFO UpdateUserState: 018833274821,1
2016-12-23 11:55:00 INFO AddIdentifyResult: 11038,018833274821,-1,
2016-12-23 11:55:06 INFO AddIdentifyResult: 11038,018833274821,-3,
2016-12-23 11:55:39 INFO AddIdentifyResult: 11039,015511214801,-1,
2016-12-23 11:55:44 INFO AddIdentifyResult: 11037,015533206416,12,
2016-12-23 11:55:48 INFO AddIdentifyResult: 11039,015511214801,-3,
2016-12-23 11:55:51 INFO AddIdentifyResult: 11037,015533206416,10,reg/015533206416_1223115529|reg/015533206416_1223115529|reg/015533206416_
2016-12-23 11:55:51 INFO UpdateUserState: 015533206416,1
2016-12-23 11:55:53 INFO AddIdentifyResult: 11040,015533206416,-1,
2016-12-23 11:55:57 INFO AddIdentifyResult: 11038,018833274821,0,ver/12/23/115624_018833274821.wav
2016-12-23 11:56:07 INFO AddIdentifyResult: 11040,015533206416,-3,
2016-12-23 11:56:59 INFO AddIdentifyResult: 11040,015533206416,0,ver/12/23/115725_015533206416.wav
2016-12-23 11:57:38 INFO AddIdentifyResult: 11039,015511214801,12,
2016-12-23 11:57:45 INFO AddIdentifyResult: 11039,015511214801,10,reg/015511214801_1223115826|reg/015511214801_1223115826|reg/015511214801_1223115706
2016-12-23 11:57:45 INFO UpdateUserState: 015511214801,1
2016-12-23 11:57:53 INFO AddIdentifyResult: 11041,015511214801,-1,
2016-12-23 11:57:59 INFO AddIdentifyResult: 11041,015511214801,-3,
2016-12-23 11:58:51 INFO AddIdentifyResult: 11041,015511214801,0,ver/12/23/115917_015511214801.wav
2016-12-23 11:59:43 INFO AddIdentifyResult: 11042,015533224952,-1,
2016-12-23 11:59:49 INFO AddIdentifyResult: 11042,015533224952,-3,
2016-12-23 12:01:49 INFO AddIdentifyResult: 11042,015533224952,12,
2016-12-23 12:01:55 INFO AddIdentifyResult: 11042,015533224952,10,reg/015533224952_1223120238|reg/015533224952_1223120238|reg/015533224952_1223120106
2016-12-23 12:01:56 INFO UpdateUserState: 015533224952,1
2016-12-23 12:02:04 INFO AddIdentifyResult: 11043,015533224952,-1,
2016-12-23 12:02:12 INFO AddIdentifyResult: 11043,015533224952,-3,
2016-12-23 12:03:03 INFO AddIdentifyResult: 11043,015533224952,0,ver/12/23/120330_015533224952.wav
2016-12-23 12:49:58 INFO AddIdentifyResult: 11044,013012912070,-1,
2016-12-23 12:50:05 INFO AddIdentifyResult: 11044,013012912070,-3,
2016-12-23 12:50:24 INFO AddIdentifyResult: 11044,013012912070,11,reg/013012912070_|reg/013012912070_|reg/013012912070_
2016-12-23 12:50:41 INFO AddIdentifyResult: 11045,013012912070,-1,
2016-12-23 12:50:46 INFO AddIdentifyResult: 11045,013012912070,-3,
2016-12-23 12:52:36 INFO AddIdentifyResult: 11045,013012912070,12,
2016-12-23 12:52:43 INFO AddIdentifyResult: 11045,013012912070,10,reg/013012912070_1223125204|reg/013012912070_1223125204|reg/013012912070_
2016-12-23 12:52:43 INFO UpdateUserState: 013012912070,1
2016-12-23 13:05:54 INFO AddIdentifyResult: 11046,013012912528,-1,
2016-12-23 13:06:01 INFO AddIdentifyResult: 11046,013012912528,-3,
2016-12-23 13:08:55 INFO AddIdentifyResult: 11046,013012912528,11,reg/013012912528_|reg/013012912528_|reg/013012912528_
2016-12-23 13:09:32 INFO AddIdentifyResult: 11047,013012912528,-1,
2016-12-23 13:09:45 INFO AddIdentifyResult: 11047,013012912528,-3,
2016-12-23 13:11:59 INFO AddIdentifyResult: 11047,013012912528,12,
2016-12-23 13:12:06 INFO AddIdentifyResult: 11047,013012912528,10,reg/013012912528_1223131237|reg/013012912528_1223131237|reg/013012912528_1223131103
2016-12-23 13:12:06 INFO UpdateUserState: 013012912528,1
2016-12-23 13:18:50 INFO AddIdentifyResult: 11048,013012912065,-1,
2016-12-23 13:18:56 INFO AddIdentifyResult: 11048,013012912065,-3,
2016-12-23 13:20:34 INFO AddIdentifyResult: 11048,013012912065,12,
2016-12-23 13:20:40 INFO AddIdentifyResult: 11048,013012912065,10,reg/013012912065_1223132013|reg/013012912065_1223132013|reg/013012912065_
2016-12-23 13:20:41 INFO UpdateUserState: 013012912065,1
2016-12-23 13:22:46 INFO AddIdentifyResult: 11049,013012911653,-1,
2016-12-23 13:22:53 INFO AddIdentifyResult: 11049,013012911653,-3,
2016-12-23 13:24:35 INFO AddIdentifyResult: 11049,013012911653,12,
2016-12-23 13:24:42 INFO AddIdentifyResult: 11049,013012911653,10,reg/013012911653_1223132411|reg/013012911653_1223132411|reg/013012911653_
2016-12-23 13:24:43 INFO UpdateUserState: 013012911653,1
2016-12-23 13:29:33 INFO AddIdentifyResult: 11050,013012911695,-1,
2016-12-23 13:29:40 INFO AddIdentifyResult: 11050,013012911695,-3,
2016-12-23 13:31:38 INFO AddIdentifyResult: 11050,013012911695,12,
2016-12-23 13:31:46 INFO AddIdentifyResult: 11050,013012911695,10,reg/013012911695_1223133217|reg/013012911695_1223133217|reg/013012911695_1223133057
2016-12-23 13:31:46 INFO UpdateUserState: 013012911695,1
2016-12-23 13:32:14 INFO AddIdentifyResult: 11051,018766760780,-1,
2016-12-23 13:32:30 INFO AddIdentifyResult: 11051,018766760780,-3,
2016-12-23 13:34:26 INFO AddIdentifyResult: 11051,018766760780,12,
2016-12-23 13:34:34 INFO AddIdentifyResult: 11051,018766760780,10,reg/018766760780_1223133348|reg/018766760780_1223133348|reg/018766760780_
2016-12-23 13:34:34 INFO UpdateUserState: 018766760780,1
2016-12-23 13:36:51 INFO AddIdentifyResult: 11052,013012911751,-1,
2016-12-23 13:36:59 INFO AddIdentifyResult: 11052,013012911751,-3,
2016-12-23 13:38:51 INFO AddIdentifyResult: 11052,013012911751,12,
2016-12-23 13:38:59 INFO AddIdentifyResult: 11052,013012911751,10,reg/013012911751_1223133817|reg/013012911751_1223133817|reg/013012911751_
2016-12-23 13:38:59 INFO UpdateUserState: 013012911751,1
2016-12-23 13:41:40 INFO AddIdentifyResult: 11053,013012911862,-1,
2016-12-23 13:41:46 INFO AddIdentifyResult: 11053,013012911862,-3,
2016-12-23 13:44:06 INFO AddIdentifyResult: 11053,013012911862,12,
2016-12-23 13:44:13 INFO AddIdentifyResult: 11054,013455420106,-1,
2016-12-23 13:44:14 INFO AddIdentifyResult: 11053,013012911862,10,reg/013012911862_1223134304|reg/013012911862_1223134304|reg/013012911862_
2016-12-23 13:44:14 INFO UpdateUserState: 013012911862,1
2016-12-23 13:44:26 INFO AddIdentifyResult: 11054,013455420106,-3,
2016-12-23 13:46:29 INFO AddIdentifyResult: 11054,013455420106,12,
2016-12-23 13:46:36 INFO AddIdentifyResult: 11054,013455420106,10,reg/013455420106_1223134715|reg/013455420106_1223134715|reg/013455420106_1223134544
2016-12-23 13:46:36 INFO UpdateUserState: 013455420106,1
2016-12-23 13:48:00 INFO AddIdentifyResult: 11055,013012911875,-1,
2016-12-23 13:48:06 INFO AddIdentifyResult: 11055,013012911875,-3,
2016-12-23 13:49:50 INFO AddIdentifyResult: 11055,013012911875,12,
2016-12-23 13:49:57 INFO AddIdentifyResult: 11055,013012911875,10,reg/013012911875_1223134924|reg/013012911875_1223134924|reg/013012911875_
2016-12-23 13:49:57 INFO UpdateUserState: 013012911875,1
2016-12-23 13:50:42 INFO AddIdentifyResult: 11056,013012912050,-1,
2016-12-23 13:50:59 INFO AddIdentifyResult: 11056,013012912050,-3,
2016-12-23 13:53:23 INFO AddIdentifyResult: 11056,013012912050,12,
2016-12-23 13:53:29 INFO AddIdentifyResult: 11056,013012912050,10,reg/013012912050_1223135339|reg/013012912050_1223135339|reg/013012912050_1223135217
2016-12-23 13:53:30 INFO UpdateUserState: 013012912050,1
2016-12-23 13:53:35 INFO AddIdentifyResult: 11057,013280333233,-1,
2016-12-23 13:53:40 INFO AddIdentifyResult: 11057,013280333233,-3,
2016-12-23 13:56:05 INFO AddIdentifyResult: 11057,013280333233,12,
2016-12-23 13:56:13 INFO AddIdentifyResult: 11057,013280333233,10,reg/013280333233_1223135649|reg/013280333233_1223135649|reg/013280333233_1223135458
2016-12-23 13:56:13 INFO UpdateUserState: 013280333233,1
2016-12-23 13:57:48 INFO AddIdentifyResult: 11058,013012911990,-1,
2016-12-23 13:57:59 INFO AddIdentifyResult: 11058,013012911990,-3,
2016-12-23 13:59:21 INFO AddIdentifyResult: 11058,013012911990,12,
2016-12-23 13:59:27 INFO AddIdentifyResult: 11058,013012911990,10,reg/013012911990_1223135917|reg/013012911990_1223135917|reg/013012911990_
2016-12-23 13:59:27 INFO UpdateUserState: 013012911990,1
2016-12-23 14:00:20 INFO AddIdentifyResult: 11059,013012912057,-1,
2016-12-23 14:00:32 INFO AddIdentifyResult: 11059,013012912057,-3,
2016-12-23 14:02:45 INFO AddIdentifyResult: 11059,013012912057,12,
2016-12-23 14:02:51 INFO AddIdentifyResult: 11059,013012912057,10,reg/013012912057_1223140335|reg/013012912057_1223140335|reg/013012912057_1223140150
2016-12-23 14:02:52 INFO UpdateUserState: 013012912057,1
2016-12-23 14:02:58 INFO AddIdentifyResult: 11060,015154688397,-1,
2016-12-23 14:03:05 INFO AddIdentifyResult: 11060,015154688397,-3,
2016-12-23 14:05:10 INFO AddIdentifyResult: 11060,015154688397,12,
2016-12-23 14:05:17 INFO AddIdentifyResult: 11060,015154688397,10,reg/015154688397_1223140557|reg/015154688397_1223140557|reg/015154688397_1223140423
2016-12-23 14:05:17 INFO UpdateUserState: 015154688397,1
2016-12-23 14:05:57 INFO AddIdentifyResult: 11061,013012912590,-1,
2016-12-23 14:06:03 INFO AddIdentifyResult: 11061,013012912590,-3,
2016-12-23 14:08:00 INFO AddIdentifyResult: 11061,013012912590,12,
2016-12-23 14:08:06 INFO AddIdentifyResult: 11061,013012912590,10,reg/013012912590_1223140721|reg/013012912590_1223140721|reg/013012912590_
2016-12-23 14:08:06 INFO UpdateUserState: 013012912590,1
2016-12-23 14:08:47 INFO AddIdentifyResult: 11062,015553892428,-1,
2016-12-23 14:08:54 INFO AddIdentifyResult: 11062,015553892428,-3,
2016-12-23 14:10:58 INFO AddIdentifyResult: 11062,015553892428,12,
2016-12-23 14:11:04 INFO AddIdentifyResult: 11062,015553892428,10,reg/015553892428_1223141012|reg/015553892428_1223141012|reg/015553892428_
2016-12-23 14:11:04 INFO UpdateUserState: 015553892428,1
2016-12-23 14:12:05 INFO AddIdentifyResult: 11063,013012912618,-1,
2016-12-23 14:12:11 INFO AddIdentifyResult: 11063,013012912618,-3,
2016-12-23 14:13:44 INFO AddIdentifyResult: 11063,013012912618,12,
2016-12-23 14:13:51 INFO AddIdentifyResult: 11063,013012912618,10,reg/013012912618_1223141329|reg/013012912618_1223141329|reg/013012912618_
2016-12-23 14:13:52 INFO UpdateUserState: 013012912618,1
2016-12-23 14:14:03 INFO AddIdentifyResult: 11064,015154696349,-1,
2016-12-23 14:14:12 INFO AddIdentifyResult: 11064,015154696349,-3,
2016-12-23 14:16:14 INFO AddIdentifyResult: 11064,015154696349,12,
2016-12-23 14:16:22 INFO AddIdentifyResult: 11064,015154696349,10,reg/015154696349_1223141651|reg/015154696349_1223141651|reg/015154696349_1223141530
2016-12-23 14:16:22 INFO UpdateUserState: 015154696349,1
2016-12-23 14:16:55 INFO AddIdentifyResult: 11065,013012912596,-1,
2016-12-23 14:17:04 INFO AddIdentifyResult: 11065,013012912596,-3,
2016-12-23 14:18:40 INFO AddIdentifyResult: 11065,013012912596,12,
2016-12-23 14:18:46 INFO AddIdentifyResult: 11065,013012912596,10,reg/013012912596_1223141822|reg/013012912596_1223141822|reg/013012912596_
2016-12-23 14:18:47 INFO UpdateUserState: 013012912596,1
2016-12-23 14:19:50 INFO AddIdentifyResult: 11066,013345057188,-1,
2016-12-23 14:20:00 INFO AddIdentifyResult: 11066,013345057188,-3,
2016-12-23 14:22:22 INFO AddIdentifyResult: 11066,013345057188,12,
2016-12-23 14:22:29 INFO AddIdentifyResult: 11066,013345057188,10,reg/013345057188_1223142308|reg/013345057188_1223142308|reg/013345057188_1223142118
2016-12-23 14:22:29 INFO UpdateUserState: 013345057188,1
2016-12-23 14:22:36 INFO AddIdentifyResult: 11067,013012912660,-1,
2016-12-23 14:22:47 INFO AddIdentifyResult: 11067,013012912660,-3,
2016-12-23 14:24:29 INFO AddIdentifyResult: 11067,013012912660,12,
2016-12-23 14:24:36 INFO AddIdentifyResult: 11067,013012912660,10,reg/013012912660_1223142405|reg/013012912660_1223142405|reg/013012912660_
2016-12-23 14:24:36 INFO UpdateUserState: 013012912660,1
2016-12-23 14:24:46 INFO AddIdentifyResult: 11068,015805463942,-1,
2016-12-23 14:25:40 INFO AddIdentifyResult: 11069,015805463942,-1,
2016-12-23 14:26:07 INFO AddIdentifyResult: 11070,015805463942,-1,
2016-12-23 14:26:50 INFO AddIdentifyResult: 11071,015805463946,-1,
2016-12-23 14:26:57 INFO AddIdentifyResult: 11071,015805463946,-3,
2016-12-23 14:28:43 INFO AddIdentifyResult: 11071,015805463946,12,
2016-12-23 14:28:51 INFO AddIdentifyResult: 11071,015805463946,10,reg/015805463946_1223142815|reg/015805463946_1223142815|reg/015805463946_
2016-12-23 14:28:51 INFO UpdateUserState: 015805463946,1
2016-12-23 14:34:56 INFO AddIdentifyResult: 11072,013012912718,-1,
2016-12-23 14:35:08 INFO AddIdentifyResult: 11072,013012912718,-3,
2016-12-23 14:36:58 INFO AddIdentifyResult: 11072,013012912718,12,
2016-12-23 14:37:06 INFO AddIdentifyResult: 11072,013012912718,10,reg/013012912718_1223143626|reg/013012912718_1223143626|reg/013012912718_
2016-12-23 14:37:06 INFO UpdateUserState: 013012912718,1
2016-12-23 14:42:06 INFO AddIdentifyResult: 11073,013012912731,-1,
2016-12-23 14:42:19 INFO AddIdentifyResult: 11073,013012912731,-3,
2016-12-23 14:44:44 INFO AddIdentifyResult: 11073,013012912731,12,
2016-12-23 14:44:53 INFO AddIdentifyResult: 11073,013012912731,10,reg/013012912731_1223144337|reg/013012912731_1223144337|reg/013012912731_
2016-12-23 14:44:53 INFO UpdateUserState: 013012912731,1
2016-12-23 14:59:13 INFO AddIdentifyResult: 11074,013012911705,-1,
2016-12-23 14:59:19 INFO AddIdentifyResult: 11074,013012911705,-3,
2016-12-23 15:00:45 INFO AddIdentifyResult: 11074,013012911705,12,
2016-12-23 15:00:52 INFO AddIdentifyResult: 11074,013012911705,10,reg/013012911705_1223150038|reg/013012911705_1223150038|reg/013012911705_
2016-12-23 15:00:52 INFO UpdateUserState: 013012911705,1
2016-12-23 15:05:03 INFO AddIdentifyResult: 11075,013012912763,-1,
2016-12-23 15:05:08 INFO AddIdentifyResult: 11075,013012912763,-3,
2016-12-23 15:06:42 INFO AddIdentifyResult: 11075,013012912763,12,
2016-12-23 15:06:49 INFO AddIdentifyResult: 11075,013012912763,10,reg/013012912763_1223150626|reg/013012912763_1223150626|reg/013012912763_
2016-12-23 15:06:50 INFO UpdateUserState: 013012912763,1
2016-12-23 15:19:09 INFO AddIdentifyResult: 11076,013012912861,-1,
2016-12-23 15:19:19 INFO AddIdentifyResult: 11076,013012912861,-3,
2016-12-23 15:21:40 INFO AddIdentifyResult: 11076,013012912861,12,
2016-12-23 15:21:47 INFO AddIdentifyResult: 11076,013012912861,10,reg/013012912861_1223152037|reg/013012912861_1223152037|reg/013012912861_
2016-12-23 15:21:47 INFO UpdateUserState: 013012912861,1
2016-12-23 16:07:45 INFO AddIdentifyResult: 11077,013367227578,-1,
2016-12-23 16:08:33 INFO AddIdentifyResult: 11078,013367227578,-1,
2016-12-23 16:09:32 INFO AddIdentifyResult: 11079,013367227578,-1,
