2016-12-13 08:46:58 INFO PHP Unknown Error: no: 2, msg: Creating default object from empty value on line 75 in file /data/code/tcsb/service/lib/nusoap.php uri: /service/service.php, post: []
2016-12-13 08:46:58 INFO AddIdentifyResult: 9952,013963374295,-1,
2016-12-13 08:47:05 INFO PHP Unknown Error: no: 2, msg: Creating default object from empty value on line 75 in file /data/code/tcsb/service/lib/nusoap.php uri: /service/service.php, post: []
2016-12-13 08:47:05 INFO AddIdentifyResult: 9952,013963374295,-3,
2016-12-13 08:48:58 INFO PHP Unknown Error: no: 2, msg: Creating default object from empty value on line 75 in file /data/code/tcsb/service/lib/nusoap.php uri: /service/service.php, post: []
2016-12-13 08:48:58 INFO AddIdentifyResult: 9952,013963374295,12,
2016-12-13 08:49:05 INFO PHP Unknown Error: no: 2, msg: Creating default object from empty value on line 75 in file /data/code/tcsb/service/lib/nusoap.php uri: /service/service.php, post: []
2016-12-13 08:49:05 INFO AddIdentifyResult: 9952,013963374295,10,reg/013963374295_1213084807|reg/013963374295_1213084807|reg/013963374295_
2016-12-13 08:49:10 INFO PHP Unknown Error: no: 2, msg: Creating default object from empty value on line 75 in file /data/code/tcsb/service/lib/nusoap.php uri: /service/service.php, post: []
2016-12-13 08:49:10 INFO AddIdentifyResult: 9953,015554674875,-1,
2016-12-13 08:49:37 INFO PHP Unknown Error: no: 2, msg: Creating default object from empty value on line 75 in file /data/code/tcsb/service/lib/nusoap.php uri: /service/service.php, post: []
2016-12-13 08:49:37 INFO AddIdentifyResult: 9954,015554674875,-1,
2016-12-13 08:49:48 INFO PHP Unknown Error: no: 2, msg: Creating default object from empty value on line 75 in file /data/code/tcsb/service/lib/nusoap.php uri: /service/service.php, post: []
2016-12-13 08:49:48 INFO AddIdentifyResult: 9954,015554674875,-3,
2016-12-13 08:52:13 INFO PHP Unknown Error: no: 2, msg: Creating default object from empty value on line 75 in file /data/code/tcsb/service/lib/nusoap.php uri: /service/service.php, post: []
2016-12-13 08:52:13 INFO AddIdentifyResult: 9954,015554674875,12,
2016-12-13 08:52:21 INFO PHP Unknown Error: no: 2, msg: Creating default object from empty value on line 75 in file /data/code/tcsb/service/lib/nusoap.php uri: /service/service.php, post: []
2016-12-13 08:52:21 INFO AddIdentifyResult: 9954,015554674875,10,reg/015554674875_1213085049|reg/015554674875_1213085049|reg/015554674875_
2016-12-13 09:22:57 INFO PHP Unknown Error: no: 2, msg: Creating default object from empty value on line 75 in file /data/code/tcsb/service/lib/nusoap.php uri: /service/service.php, post: []
2016-12-13 09:22:57 INFO AddIdentifyResult: 9955,013082608593,-1,
2016-12-13 09:23:11 INFO PHP Unknown Error: no: 2, msg: Creating default object from empty value on line 75 in file /data/code/tcsb/service/lib/nusoap.php uri: /service/service.php, post: []
2016-12-13 09:23:11 INFO AddIdentifyResult: 9955,013082608593,-3,
2016-12-13 09:24:54 INFO PHP Unknown Error: no: 2, msg: Creating default object from empty value on line 75 in file /data/code/tcsb/service/lib/nusoap.php uri: /service/service.php, post: []
2016-12-13 09:24:54 INFO AddIdentifyResult: 9955,013082608593,12,
2016-12-13 09:25:02 INFO PHP Unknown Error: no: 2, msg: Creating default object from empty value on line 75 in file /data/code/tcsb/service/lib/nusoap.php uri: /service/service.php, post: []
2016-12-13 09:25:02 INFO AddIdentifyResult: 9955,013082608593,10,reg/013082608593_1213092524|reg/013082608593_1213092524|reg/013082608593_1213092413
2016-12-13 09:25:12 INFO PHP Unknown Error: no: 2, msg: Creating default object from empty value on line 75 in file /data/code/tcsb/service/lib/nusoap.php uri: /service/service.php, post: []
2016-12-13 09:25:12 INFO AddIdentifyResult: 9956,013054688117,-1,
2016-12-13 09:25:18 INFO PHP Unknown Error: no: 2, msg: Creating default object from empty value on line 75 in file /data/code/tcsb/service/lib/nusoap.php uri: /service/service.php, post: []
2016-12-13 09:25:18 INFO AddIdentifyResult: 9956,013054688117,-3,
2016-12-13 09:26:54 INFO PHP Unknown Error: no: 2, msg: Creating default object from empty value on line 75 in file /data/code/tcsb/service/lib/nusoap.php uri: /service/service.php, post: []
2016-12-13 09:26:54 INFO AddIdentifyResult: 9956,013054688117,12,
2016-12-13 09:27:01 INFO PHP Unknown Error: no: 2, msg: Creating default object from empty value on line 75 in file /data/code/tcsb/service/lib/nusoap.php uri: /service/service.php, post: []
2016-12-13 09:27:01 INFO AddIdentifyResult: 9956,013054688117,10,reg/013054688117_1213092620|reg/013054688117_1213092620|reg/013054688117_
2016-12-13 09:34:25 INFO PHP Unknown Error: no: 2, msg: Creating default object from empty value on line 75 in file /data/code/tcsb/service/lib/nusoap.php uri: /service/service.php, post: []
2016-12-13 09:34:25 INFO AddIdentifyResult: 9957,013012902705,-1,
2016-12-13 09:34:48 INFO PHP Unknown Error: no: 2, msg: Creating default object from empty value on line 75 in file /data/code/tcsb/service/lib/nusoap.php uri: /service/service.php, post: []
2016-12-13 09:34:48 INFO AddIdentifyResult: 9958,013012902705,-1,
2016-12-13 09:35:12 INFO PHP Unknown Error: no: 2, msg: Creating default object from empty value on line 75 in file /data/code/tcsb/service/lib/nusoap.php uri: /service/service.php, post: []
2016-12-13 09:35:12 INFO AddIdentifyResult: 9959,013012902705,-1,
2016-12-13 09:35:21 INFO PHP Unknown Error: no: 2, msg: Creating default object from empty value on line 75 in file /data/code/tcsb/service/lib/nusoap.php uri: /service/service.php, post: []
2016-12-13 09:35:21 INFO AddIdentifyResult: 9959,013012902705,-3,
2016-12-13 09:37:19 INFO PHP Unknown Error: no: 2, msg: Creating default object from empty value on line 75 in file /data/code/tcsb/service/lib/nusoap.php uri: /service/service.php, post: []
2016-12-13 09:37:19 INFO AddIdentifyResult: 9959,013012902705,12,
2016-12-13 09:37:25 INFO PHP Unknown Error: no: 2, msg: Creating default object from empty value on line 75 in file /data/code/tcsb/service/lib/nusoap.php uri: /service/service.php, post: []
2016-12-13 09:37:25 INFO AddIdentifyResult: 9959,013012902705,10,reg/013012902705_1213093753|reg/013012902705_1213093753|reg/013012902705_1213093623
2016-12-13 09:37:27 INFO PHP Unknown Error: no: 2, msg: Creating default object from empty value on line 75 in file /data/code/tcsb/service/lib/nusoap.php uri: /service/service.php, post: []
2016-12-13 09:37:27 INFO AddIdentifyResult: 9960,013864716434,-1,
2016-12-13 09:37:34 INFO PHP Unknown Error: no: 2, msg: Creating default object from empty value on line 75 in file /data/code/tcsb/service/lib/nusoap.php uri: /service/service.php, post: []
2016-12-13 09:37:34 INFO AddIdentifyResult: 9960,013864716434,-3,
2016-12-13 09:39:14 INFO PHP Unknown Error: no: 2, msg: Creating default object from empty value on line 75 in file /data/code/tcsb/service/lib/nusoap.php uri: /service/service.php, post: []
2016-12-13 09:39:14 INFO AddIdentifyResult: 9960,013864716434,12,
2016-12-13 09:39:20 INFO PHP Unknown Error: no: 2, msg: Creating default object from empty value on line 75 in file /data/code/tcsb/service/lib/nusoap.php uri: /service/service.php, post: []
2016-12-13 09:39:20 INFO AddIdentifyResult: 9960,013864716434,10,reg/013864716434_1213093836|reg/013864716434_1213093836|reg/013864716434_
2016-12-13 09:50:05 INFO PHP Unknown Error: no: 2, msg: Creating default object from empty value on line 75 in file /data/code/tcsb/service/lib/nusoap.php uri: /service/service.php, post: []
2016-12-13 09:50:05 INFO AddIdentifyResult: 9961,013026545916,-1,
2016-12-13 09:50:10 INFO PHP Unknown Error: no: 2, msg: Creating default object from empty value on line 75 in file /data/code/tcsb/service/lib/nusoap.php uri: /service/service.php, post: []
2016-12-13 09:50:10 INFO AddIdentifyResult: 9961,013026545916,-3,
2016-12-13 09:52:03 INFO PHP Unknown Error: no: 2, msg: Creating default object from empty value on line 75 in file /data/code/tcsb/service/lib/nusoap.php uri: /service/service.php, post: []
2016-12-13 09:52:03 INFO AddIdentifyResult: 9961,013026545916,12,
2016-12-13 09:52:10 INFO PHP Unknown Error: no: 2, msg: Creating default object from empty value on line 75 in file /data/code/tcsb/service/lib/nusoap.php uri: /service/service.php, post: []
2016-12-13 09:52:10 INFO AddIdentifyResult: 9961,013026545916,10,reg/013026545916_1213095112|reg/013026545916_1213095112|reg/013026545916_
2016-12-13 09:52:47 INFO PHP Unknown Error: no: 2, msg: Creating default object from empty value on line 75 in file /data/code/tcsb/service/lib/nusoap.php uri: /service/service.php, post: []
2016-12-13 09:52:47 INFO AddIdentifyResult: 9962,013210338396,-1,
2016-12-13 09:52:55 INFO PHP Unknown Error: no: 2, msg: Creating default object from empty value on line 75 in file /data/code/tcsb/service/lib/nusoap.php uri: /service/service.php, post: []
2016-12-13 09:52:55 INFO AddIdentifyResult: 9962,013210338396,-3,
2016-12-13 09:54:36 INFO PHP Unknown Error: no: 2, msg: Creating default object from empty value on line 75 in file /data/code/tcsb/service/lib/nusoap.php uri: /service/service.php, post: []
2016-12-13 09:54:36 INFO AddIdentifyResult: 9962,013210338396,12,
2016-12-13 09:54:43 INFO PHP Unknown Error: no: 2, msg: Creating default object from empty value on line 75 in file /data/code/tcsb/service/lib/nusoap.php uri: /service/service.php, post: []
2016-12-13 09:54:43 INFO AddIdentifyResult: 9962,013210338396,10,reg/013210338396_1213095357|reg/013210338396_1213095357|reg/013210338396_
2016-12-13 10:04:18 INFO PHP Unknown Error: no: 2, msg: Creating default object from empty value on line 75 in file /data/code/tcsb/service/lib/nusoap.php uri: /service/service.php, post: []
2016-12-13 10:04:18 INFO AddIdentifyResult: 9963,013012903013,-1,
2016-12-13 10:04:24 INFO PHP Unknown Error: no: 2, msg: Creating default object from empty value on line 75 in file /data/code/tcsb/service/lib/nusoap.php uri: /service/service.php, post: []
2016-12-13 10:04:24 INFO AddIdentifyResult: 9963,013012903013,-3,
2016-12-13 10:05:52 INFO PHP Unknown Error: no: 2, msg: Creating default object from empty value on line 75 in file /data/code/tcsb/service/lib/nusoap.php uri: /service/service.php, post: []
2016-12-13 10:05:52 INFO AddIdentifyResult: 0,018201323322,1,
2016-12-13 10:06:54 INFO PHP Unknown Error: no: 2, msg: Creating default object from empty value on line 75 in file /data/code/tcsb/service/lib/nusoap.php uri: /service/service.php, post: []
2016-12-13 10:06:54 INFO AddIdentifyResult: 9963,013012903013,12,
2016-12-13 10:07:06 INFO PHP Unknown Error: no: 2, msg: Creating default object from empty value on line 75 in file /data/code/tcsb/service/lib/nusoap.php uri: /service/service.php, post: []
2016-12-13 10:07:06 INFO AddIdentifyResult: 9963,013012903013,10,reg/013012903013_1213100526|reg/013012903013_1213100526|reg/013012903013_
2016-12-13 10:07:14 INFO PHP Unknown Error: no: 2, msg: Creating default object from empty value on line 75 in file /data/code/tcsb/service/lib/nusoap.php uri: /service/service.php, post: []
2016-12-13 10:07:14 INFO AddIdentifyResult: 9965,013176629679,-1,
2016-12-13 10:07:24 INFO PHP Unknown Error: no: 2, msg: Creating default object from empty value on line 75 in file /data/code/tcsb/service/lib/nusoap.php uri: /service/service.php, post: []
2016-12-13 10:07:24 INFO AddIdentifyResult: 9965,013176629679,-3,
2016-12-13 10:09:15 INFO PHP Unknown Error: no: 2, msg: Creating default object from empty value on line 75 in file /data/code/tcsb/service/lib/nusoap.php uri: /service/service.php, post: []
2016-12-13 10:09:15 INFO AddIdentifyResult: 9965,013176629679,12,
2016-12-13 10:09:23 INFO PHP Unknown Error: no: 2, msg: Creating default object from empty value on line 75 in file /data/code/tcsb/service/lib/nusoap.php uri: /service/service.php, post: []
2016-12-13 10:09:23 INFO AddIdentifyResult: 9965,013176629679,10,reg/013176629679_1213100826|reg/013176629679_1213100826|reg/013176629679_
2016-12-13 10:27:36 INFO PHP Unknown Error: no: 2, msg: Creating default object from empty value on line 75 in file /data/code/tcsb/service/lib/nusoap.php uri: /service/service.php, post: []
2016-12-13 10:27:36 INFO AddIdentifyResult: 9966,013026540865,-1,
2016-12-13 10:27:48 INFO PHP Unknown Error: no: 2, msg: Creating default object from empty value on line 75 in file /data/code/tcsb/service/lib/nusoap.php uri: /service/service.php, post: []
2016-12-13 10:27:48 INFO AddIdentifyResult: 9966,013026540865,-3,
2016-12-13 10:29:31 INFO PHP Unknown Error: no: 2, msg: Creating default object from empty value on line 75 in file /data/code/tcsb/service/lib/nusoap.php uri: /service/service.php, post: []
2016-12-13 10:29:31 INFO AddIdentifyResult: 9966,013026540865,12,
2016-12-13 10:29:39 INFO PHP Unknown Error: no: 2, msg: Creating default object from empty value on line 75 in file /data/code/tcsb/service/lib/nusoap.php uri: /service/service.php, post: []
2016-12-13 10:29:39 INFO AddIdentifyResult: 9966,013026540865,10,reg/013026540865_1213102850|reg/013026540865_1213102850|reg/013026540865_
2016-12-13 11:00:22 INFO PHP Unknown Error: no: 2, msg: Creating default object from empty value on line 75 in file /data/code/tcsb/service/lib/nusoap.php uri: /service/service.php, post: []
2016-12-13 11:00:22 INFO AddIdentifyResult: 9967,013082605221,-1,
2016-12-13 11:00:31 INFO PHP Unknown Error: no: 2, msg: Creating default object from empty value on line 75 in file /data/code/tcsb/service/lib/nusoap.php uri: /service/service.php, post: []
2016-12-13 11:00:31 INFO AddIdentifyResult: 9967,013082605221,-3,
2016-12-13 11:02:06 INFO PHP Unknown Error: no: 2, msg: Creating default object from empty value on line 75 in file /data/code/tcsb/service/lib/nusoap.php uri: /service/service.php, post: []
2016-12-13 11:02:06 INFO AddIdentifyResult: 9967,013082605221,12,
2016-12-13 11:02:14 INFO PHP Unknown Error: no: 2, msg: Creating default object from empty value on line 75 in file /data/code/tcsb/service/lib/nusoap.php uri: /service/service.php, post: []
2016-12-13 11:02:14 INFO AddIdentifyResult: 9967,013082605221,10,reg/013082605221_1213110133|reg/013082605221_1213110133|reg/013082605221_
2016-12-13 11:02:54 INFO PHP Unknown Error: no: 2, msg: Creating default object from empty value on line 75 in file /data/code/tcsb/service/lib/nusoap.php uri: /service/service.php, post: []
2016-12-13 11:02:54 INFO AddIdentifyResult: 9968,013275467288,-1,
2016-12-13 11:03:15 INFO PHP Unknown Error: no: 2, msg: Creating default object from empty value on line 75 in file /data/code/tcsb/service/lib/nusoap.php uri: /service/service.php, post: []
2016-12-13 11:03:15 INFO AddIdentifyResult: 9968,013275467288,-3,
2016-12-13 11:04:57 INFO PHP Unknown Error: no: 2, msg: Creating default object from empty value on line 75 in file /data/code/tcsb/service/lib/nusoap.php uri: /service/service.php, post: []
2016-12-13 11:04:57 INFO AddIdentifyResult: 9968,013275467288,12,
2016-12-13 11:05:03 INFO PHP Unknown Error: no: 2, msg: Creating default object from empty value on line 75 in file /data/code/tcsb/service/lib/nusoap.php uri: /service/service.php, post: []
2016-12-13 11:05:03 INFO AddIdentifyResult: 9968,013275467288,10,reg/013275467288_1213110523|reg/013275467288_1213110523|reg/013275467288_1213110417
2016-12-13 11:05:21 INFO PHP Unknown Error: no: 2, msg: Creating default object from empty value on line 75 in file /data/code/tcsb/service/lib/nusoap.php uri: /service/service.php, post: []
2016-12-13 11:05:21 INFO AddIdentifyResult: 9969,013275467288,-1,
2016-12-13 11:05:32 INFO PHP Unknown Error: no: 2, msg: Creating default object from empty value on line 75 in file /data/code/tcsb/service/lib/nusoap.php uri: /service/service.php, post: []
2016-12-13 11:05:32 INFO AddIdentifyResult: 9969,013275467288,-3,
2016-12-13 11:06:23 INFO PHP Unknown Error: no: 2, msg: Creating default object from empty value on line 75 in file /data/code/tcsb/service/lib/nusoap.php uri: /service/service.php, post: []
2016-12-13 11:06:23 INFO AddIdentifyResult: 9969,013275467288,0,ver/12/13/110634_013275467288.wav
2016-12-13 11:10:28 INFO PHP Unknown Error: no: 2, msg: Creating default object from empty value on line 75 in file /data/code/tcsb/service/lib/nusoap.php uri: /service/service.php, post: []
2016-12-13 11:10:28 INFO AddIdentifyResult: 9970,013026549205,-1,
2016-12-13 11:10:35 INFO PHP Unknown Error: no: 2, msg: Creating default object from empty value on line 75 in file /data/code/tcsb/service/lib/nusoap.php uri: /service/service.php, post: []
2016-12-13 11:10:35 INFO AddIdentifyResult: 9970,013026549205,-3,
2016-12-13 11:12:03 INFO PHP Unknown Error: no: 2, msg: Creating default object from empty value on line 75 in file /data/code/tcsb/service/lib/nusoap.php uri: /service/service.php, post: []
2016-12-13 11:12:03 INFO AddIdentifyResult: 9970,013026549205,12,
2016-12-13 11:12:10 INFO PHP Unknown Error: no: 2, msg: Creating default object from empty value on line 75 in file /data/code/tcsb/service/lib/nusoap.php uri: /service/service.php, post: []
2016-12-13 11:12:10 INFO AddIdentifyResult: 9970,013026549205,10,reg/013026549205_1213111137|reg/013026549205_1213111137|reg/013026549205_
2016-12-13 11:24:59 INFO PHP Unknown Error: no: 2, msg: Creating default object from empty value on line 75 in file /data/code/tcsb/service/lib/nusoap.php uri: /service/service.php, post: []
2016-12-13 11:24:59 INFO AddIdentifyResult: 9971,013026541019,-1,
2016-12-13 11:25:05 INFO PHP Unknown Error: no: 2, msg: Creating default object from empty value on line 75 in file /data/code/tcsb/service/lib/nusoap.php uri: /service/service.php, post: []
2016-12-13 11:25:05 INFO AddIdentifyResult: 9971,013026541019,-3,
2016-12-13 11:26:44 INFO PHP Unknown Error: no: 2, msg: Creating default object from empty value on line 75 in file /data/code/tcsb/service/lib/nusoap.php uri: /service/service.php, post: []
2016-12-13 11:26:44 INFO AddIdentifyResult: 9971,013026541019,12,
2016-12-13 11:26:51 INFO PHP Unknown Error: no: 2, msg: Creating default object from empty value on line 75 in file /data/code/tcsb/service/lib/nusoap.php uri: /service/service.php, post: []
2016-12-13 11:26:51 INFO AddIdentifyResult: 9971,013026541019,10,reg/013026541019_1213112607|reg/013026541019_1213112607|reg/013026541019_
2016-12-13 11:32:23 INFO PHP Unknown Error: no: 2, msg: Creating default object from empty value on line 75 in file /data/code/tcsb/service/lib/nusoap.php uri: /service/service.php, post: []
2016-12-13 11:32:23 INFO AddIdentifyResult: 9972,013012917190,-1,
2016-12-13 11:32:32 INFO PHP Unknown Error: no: 2, msg: Creating default object from empty value on line 75 in file /data/code/tcsb/service/lib/nusoap.php uri: /service/service.php, post: []
2016-12-13 11:32:32 INFO AddIdentifyResult: 9972,013012917190,-3,
2016-12-13 11:35:56 INFO PHP Unknown Error: no: 2, msg: Creating default object from empty value on line 75 in file /data/code/tcsb/service/lib/nusoap.php uri: /service/service.php, post: []
2016-12-13 11:35:56 INFO AddIdentifyResult: 9972,013012917190,12,
2016-12-13 11:36:03 INFO PHP Unknown Error: no: 2, msg: Creating default object from empty value on line 75 in file /data/code/tcsb/service/lib/nusoap.php uri: /service/service.php, post: []
2016-12-13 11:36:03 INFO AddIdentifyResult: 9972,013012917190,10,reg/013012917190_1213113628|reg/013012917190_1213113628|reg/013012917190_1213113334
2016-12-13 11:38:36 INFO PHP Unknown Error: no: 2, msg: Creating default object from empty value on line 75 in file /data/code/tcsb/service/lib/nusoap.php uri: /service/service.php, post: []
2016-12-13 11:38:36 INFO AddIdentifyResult: 9973,013026541082,-1,
2016-12-13 11:38:47 INFO PHP Unknown Error: no: 2, msg: Creating default object from empty value on line 75 in file /data/code/tcsb/service/lib/nusoap.php uri: /service/service.php, post: []
2016-12-13 11:38:47 INFO AddIdentifyResult: 9973,013026541082,-3,
2016-12-13 11:40:32 INFO PHP Unknown Error: no: 2, msg: Creating default object from empty value on line 75 in file /data/code/tcsb/service/lib/nusoap.php uri: /service/service.php, post: []
2016-12-13 11:40:32 INFO AddIdentifyResult: 9973,013026541082,12,
2016-12-13 11:40:38 INFO PHP Unknown Error: no: 2, msg: Creating default object from empty value on line 75 in file /data/code/tcsb/service/lib/nusoap.php uri: /service/service.php, post: []
2016-12-13 11:40:38 INFO AddIdentifyResult: 9973,013026541082,10,reg/013026541082_1213113950|reg/013026541082_1213113950|reg/013026541082_
2016-12-13 11:45:18 INFO PHP Unknown Error: no: 2, msg: Creating default object from empty value on line 75 in file /data/code/tcsb/service/lib/nusoap.php uri: /service/service.php, post: []
2016-12-13 11:45:18 INFO AddIdentifyResult: 9974,013026540831,-1,
2016-12-13 11:45:24 INFO PHP Unknown Error: no: 2, msg: Creating default object from empty value on line 75 in file /data/code/tcsb/service/lib/nusoap.php uri: /service/service.php, post: []
2016-12-13 11:45:24 INFO AddIdentifyResult: 9974,013026540831,-3,
2016-12-13 11:46:59 INFO PHP Unknown Error: no: 2, msg: Creating default object from empty value on line 75 in file /data/code/tcsb/service/lib/nusoap.php uri: /service/service.php, post: []
2016-12-13 11:46:59 INFO AddIdentifyResult: 9974,013026540831,12,
2016-12-13 11:47:07 INFO PHP Unknown Error: no: 2, msg: Creating default object from empty value on line 75 in file /data/code/tcsb/service/lib/nusoap.php uri: /service/service.php, post: []
2016-12-13 11:47:07 INFO AddIdentifyResult: 9974,013026540831,10,reg/013026540831_1213114626|reg/013026540831_1213114626|reg/013026540831_
2016-12-13 11:50:56 INFO PHP Unknown Error: no: 2, msg: Creating default object from empty value on line 75 in file /data/code/tcsb/service/lib/nusoap.php uri: /service/service.php, post: []
2016-12-13 11:50:56 INFO AddIdentifyResult: 9975,013081400053,-1,
2016-12-13 11:52:13 INFO PHP Unknown Error: no: 2, msg: Creating default object from empty value on line 75 in file /data/code/tcsb/service/lib/nusoap.php uri: /service/service.php, post: []
2016-12-13 11:52:13 INFO AddIdentifyResult: 9976,013081400053,-1,
2016-12-13 11:52:19 INFO PHP Unknown Error: no: 2, msg: Creating default object from empty value on line 75 in file /data/code/tcsb/service/lib/nusoap.php uri: /service/service.php, post: []
2016-12-13 11:52:19 INFO AddIdentifyResult: 9976,013081400053,-3,
2016-12-13 11:53:44 INFO PHP Unknown Error: no: 2, msg: Creating default object from empty value on line 75 in file /data/code/tcsb/service/lib/nusoap.php uri: /service/service.php, post: []
2016-12-13 11:53:44 INFO AddIdentifyResult: 9976,013081400053,12,
2016-12-13 11:53:51 INFO PHP Unknown Error: no: 2, msg: Creating default object from empty value on line 75 in file /data/code/tcsb/service/lib/nusoap.php uri: /service/service.php, post: []
2016-12-13 11:53:51 INFO AddIdentifyResult: 9976,013081400053,10,reg/013081400053_1213115321|reg/013081400053_1213115321|reg/013081400053_
2016-12-13 11:59:29 INFO PHP Unknown Error: no: 2, msg: Creating default object from empty value on line 75 in file /data/code/tcsb/service/lib/nusoap.php uri: /service/service.php, post: []
2016-12-13 11:59:29 INFO AddIdentifyResult: 9977,013054697507,-1,
2016-12-13 11:59:35 INFO PHP Unknown Error: no: 2, msg: Creating default object from empty value on line 75 in file /data/code/tcsb/service/lib/nusoap.php uri: /service/service.php, post: []
2016-12-13 11:59:35 INFO AddIdentifyResult: 9977,013054697507,-3,
2016-12-13 12:01:12 INFO PHP Unknown Error: no: 2, msg: Creating default object from empty value on line 75 in file /data/code/tcsb/service/lib/nusoap.php uri: /service/service.php, post: []
2016-12-13 12:01:12 INFO AddIdentifyResult: 9977,013054697507,11,reg/013054697507_|reg/013054697507_|reg/013054697507_
2016-12-13 12:01:26 INFO PHP Unknown Error: no: 2, msg: Creating default object from empty value on line 75 in file /data/code/tcsb/service/lib/nusoap.php uri: /service/service.php, post: []
2016-12-13 12:01:26 INFO AddIdentifyResult: 9978,013054697507,-1,
2016-12-13 12:01:31 INFO PHP Unknown Error: no: 2, msg: Creating default object from empty value on line 75 in file /data/code/tcsb/service/lib/nusoap.php uri: /service/service.php, post: []
2016-12-13 12:01:31 INFO AddIdentifyResult: 9978,013054697507,-3,
2016-12-13 12:02:56 INFO PHP Unknown Error: no: 2, msg: Creating default object from empty value on line 75 in file /data/code/tcsb/service/lib/nusoap.php uri: /service/service.php, post: []
2016-12-13 12:02:56 INFO AddIdentifyResult: 9978,013054697507,12,
2016-12-13 12:03:03 INFO PHP Unknown Error: no: 2, msg: Creating default object from empty value on line 75 in file /data/code/tcsb/service/lib/nusoap.php uri: /service/service.php, post: []
2016-12-13 12:03:03 INFO AddIdentifyResult: 9978,013054697507,10,reg/013054697507_1213120233|reg/013054697507_1213120233|reg/013054697507_
2016-12-13 12:03:17 INFO PHP Unknown Error: no: 2, msg: Creating default object from empty value on line 75 in file /data/code/tcsb/service/lib/nusoap.php uri: /service/service.php, post: []
2016-12-13 12:03:17 INFO AddIdentifyResult: 9979,013954622096,-1,
2016-12-13 12:03:28 INFO PHP Unknown Error: no: 2, msg: Creating default object from empty value on line 75 in file /data/code/tcsb/service/lib/nusoap.php uri: /service/service.php, post: []
2016-12-13 12:03:28 INFO AddIdentifyResult: 9979,013954622096,-3,
2016-12-13 12:05:29 INFO PHP Unknown Error: no: 2, msg: Creating default object from empty value on line 75 in file /data/code/tcsb/service/lib/nusoap.php uri: /service/service.php, post: []
2016-12-13 12:05:29 INFO AddIdentifyResult: 9979,013954622096,12,
2016-12-13 12:05:36 INFO PHP Unknown Error: no: 2, msg: Creating default object from empty value on line 75 in file /data/code/tcsb/service/lib/nusoap.php uri: /service/service.php, post: []
2016-12-13 12:05:36 INFO AddIdentifyResult: 9979,013954622096,10,reg/013954622096_1213120430|reg/013954622096_1213120430|reg/013954622096_
2016-12-13 12:07:35 INFO PHP Unknown Error: no: 2, msg: Creating default object from empty value on line 75 in file /data/code/tcsb/service/lib/nusoap.php uri: /service/service.php, post: []
2016-12-13 12:07:35 INFO AddIdentifyResult: 9980,013012903517,-1,
2016-12-13 12:07:42 INFO PHP Unknown Error: no: 2, msg: Creating default object from empty value on line 75 in file /data/code/tcsb/service/lib/nusoap.php uri: /service/service.php, post: []
2016-12-13 12:07:42 INFO AddIdentifyResult: 9980,013012903517,-3,
2016-12-13 12:10:56 INFO PHP Unknown Error: no: 2, msg: Creating default object from empty value on line 75 in file /data/code/tcsb/service/lib/nusoap.php uri: /service/service.php, post: []
2016-12-13 12:10:56 INFO AddIdentifyResult: 9980,013012903517,11,reg/013012903517_|reg/013012903517_|reg/013012903517_
2016-12-13 12:11:05 INFO PHP Unknown Error: no: 2, msg: Creating default object from empty value on line 75 in file /data/code/tcsb/service/lib/nusoap.php uri: /service/service.php, post: []
2016-12-13 12:11:05 INFO AddIdentifyResult: 9981,013012903517,-1,
2016-12-13 12:11:12 INFO PHP Unknown Error: no: 2, msg: Creating default object from empty value on line 75 in file /data/code/tcsb/service/lib/nusoap.php uri: /service/service.php, post: []
2016-12-13 12:11:12 INFO AddIdentifyResult: 9981,013012903517,-3,
2016-12-13 12:13:23 INFO PHP Unknown Error: no: 2, msg: Creating default object from empty value on line 75 in file /data/code/tcsb/service/lib/nusoap.php uri: /service/service.php, post: []
2016-12-13 12:13:23 INFO AddIdentifyResult: 9981,013012903517,12,
2016-12-13 12:13:29 INFO PHP Unknown Error: no: 2, msg: Creating default object from empty value on line 75 in file /data/code/tcsb/service/lib/nusoap.php uri: /service/service.php, post: []
2016-12-13 12:13:29 INFO AddIdentifyResult: 9981,013012903517,10,reg/013012903517_1213121348|reg/013012903517_1213121348|reg/013012903517_1213121214
2016-12-13 12:17:12 INFO PHP Unknown Error: no: 2, msg: Creating default object from empty value on line 75 in file /data/code/tcsb/service/lib/nusoap.php uri: /service/service.php, post: []
2016-12-13 12:17:12 INFO AddIdentifyResult: 9982,013026541121,-1,
2016-12-13 12:17:17 INFO PHP Unknown Error: no: 2, msg: Creating default object from empty value on line 75 in file /data/code/tcsb/service/lib/nusoap.php uri: /service/service.php, post: []
2016-12-13 12:17:17 INFO AddIdentifyResult: 9982,013026541121,-3,
2016-12-13 12:19:24 INFO PHP Unknown Error: no: 2, msg: Creating default object from empty value on line 75 in file /data/code/tcsb/service/lib/nusoap.php uri: /service/service.php, post: []
2016-12-13 12:19:24 INFO AddIdentifyResult: 9982,013026541121,12,
2016-12-13 12:19:33 INFO PHP Unknown Error: no: 2, msg: Creating default object from empty value on line 75 in file /data/code/tcsb/service/lib/nusoap.php uri: /service/service.php, post: []
2016-12-13 12:19:33 INFO AddIdentifyResult: 9982,013026541121,10,reg/013026541121_1213121819|reg/013026541121_1213121819|reg/013026541121_
2016-12-13 12:21:14 INFO PHP Unknown Error: no: 2, msg: Creating default object from empty value on line 75 in file /data/code/tcsb/service/lib/nusoap.php uri: /service/service.php, post: []
2016-12-13 12:21:14 INFO AddIdentifyResult: 9983,013081416393,-1,
2016-12-13 12:21:21 INFO PHP Unknown Error: no: 2, msg: Creating default object from empty value on line 75 in file /data/code/tcsb/service/lib/nusoap.php uri: /service/service.php, post: []
2016-12-13 12:21:21 INFO AddIdentifyResult: 9983,013081416393,-3,
2016-12-13 12:23:39 INFO PHP Unknown Error: no: 2, msg: Creating default object from empty value on line 75 in file /data/code/tcsb/service/lib/nusoap.php uri: /service/service.php, post: []
2016-12-13 12:23:39 INFO AddIdentifyResult: 9983,013081416393,12,
2016-12-13 12:23:48 INFO PHP Unknown Error: no: 2, msg: Creating default object from empty value on line 75 in file /data/code/tcsb/service/lib/nusoap.php uri: /service/service.php, post: []
2016-12-13 12:23:48 INFO AddIdentifyResult: 9983,013081416393,10,reg/013081416393_1213122336|reg/013081416393_1213122336|reg/013081416393_1213122223
2016-12-13 12:25:35 INFO PHP Unknown Error: no: 2, msg: Creating default object from empty value on line 75 in file /data/code/tcsb/service/lib/nusoap.php uri: /service/service.php, post: []
2016-12-13 12:25:35 INFO AddIdentifyResult: 9984,013082608963,-1,
2016-12-13 12:25:42 INFO PHP Unknown Error: no: 2, msg: Creating default object from empty value on line 75 in file /data/code/tcsb/service/lib/nusoap.php uri: /service/service.php, post: []
2016-12-13 12:25:42 INFO AddIdentifyResult: 9984,013082608963,-3,
2016-12-13 12:27:23 INFO PHP Unknown Error: no: 2, msg: Creating default object from empty value on line 75 in file /data/code/tcsb/service/lib/nusoap.php uri: /service/service.php, post: []
2016-12-13 12:27:23 INFO AddIdentifyResult: 9984,013082608963,12,
2016-12-13 12:27:29 INFO PHP Unknown Error: no: 2, msg: Creating default object from empty value on line 75 in file /data/code/tcsb/service/lib/nusoap.php uri: /service/service.php, post: []
2016-12-13 12:27:29 INFO AddIdentifyResult: 9984,013082608963,10,reg/013082608963_1213122644|reg/013082608963_1213122644|reg/013082608963_
2016-12-13 13:41:23 INFO PHP Unknown Error: no: 2, msg: Creating default object from empty value on line 75 in file /data/code/tcsb/service/lib/nusoap.php uri: /service/service.php, post: []
2016-12-13 13:41:23 INFO AddIdentifyResult: 9985,013054630381,-1,
2016-12-13 13:41:30 INFO PHP Unknown Error: no: 2, msg: Creating default object from empty value on line 75 in file /data/code/tcsb/service/lib/nusoap.php uri: /service/service.php, post: []
2016-12-13 13:41:30 INFO AddIdentifyResult: 9985,013054630381,-3,
2016-12-13 13:43:25 INFO PHP Unknown Error: no: 2, msg: Creating default object from empty value on line 75 in file /data/code/tcsb/service/lib/nusoap.php uri: /service/service.php, post: []
2016-12-13 13:43:25 INFO AddIdentifyResult: 9985,013054630381,12,
2016-12-13 13:43:32 INFO PHP Unknown Error: no: 2, msg: Creating default object from empty value on line 75 in file /data/code/tcsb/service/lib/nusoap.php uri: /service/service.php, post: []
2016-12-13 13:43:32 INFO AddIdentifyResult: 9985,013054630381,10,reg/013054630381_1213134232|reg/013054630381_1213134232|reg/013054630381_
2016-12-13 13:48:13 INFO PHP Unknown Error: no: 2, msg: Creating default object from empty value on line 75 in file /data/code/tcsb/service/lib/nusoap.php uri: /service/service.php, post: []
2016-12-13 13:48:13 INFO AddIdentifyResult: 9986,013026540697,-1,
2016-12-13 13:48:19 INFO PHP Unknown Error: no: 2, msg: Creating default object from empty value on line 75 in file /data/code/tcsb/service/lib/nusoap.php uri: /service/service.php, post: []
2016-12-13 13:48:19 INFO AddIdentifyResult: 9986,013026540697,-3,
2016-12-13 13:50:17 INFO PHP Unknown Error: no: 2, msg: Creating default object from empty value on line 75 in file /data/code/tcsb/service/lib/nusoap.php uri: /service/service.php, post: []
2016-12-13 13:50:17 INFO AddIdentifyResult: 9986,013026540697,12,
2016-12-13 13:50:25 INFO PHP Unknown Error: no: 2, msg: Creating default object from empty value on line 75 in file /data/code/tcsb/service/lib/nusoap.php uri: /service/service.php, post: []
2016-12-13 13:50:25 INFO AddIdentifyResult: 9986,013026540697,10,reg/013026540697_1213134921|reg/013026540697_1213134921|reg/013026540697_
2016-12-13 13:50:36 INFO PHP Unknown Error: no: 2, msg: Creating default object from empty value on line 75 in file /data/code/tcsb/service/lib/nusoap.php uri: /service/service.php, post: []
2016-12-13 13:50:36 INFO AddIdentifyResult: 9987,015552739898,-1,
2016-12-13 13:50:41 INFO PHP Unknown Error: no: 2, msg: Creating default object from empty value on line 75 in file /data/code/tcsb/service/lib/nusoap.php uri: /service/service.php, post: []
2016-12-13 13:50:41 INFO AddIdentifyResult: 9987,015552739898,-3,
2016-12-13 13:52:35 INFO PHP Unknown Error: no: 2, msg: Creating default object from empty value on line 75 in file /data/code/tcsb/service/lib/nusoap.php uri: /service/service.php, post: []
2016-12-13 13:52:35 INFO AddIdentifyResult: 9987,015552739898,12,
2016-12-13 13:52:43 INFO PHP Unknown Error: no: 2, msg: Creating default object from empty value on line 75 in file /data/code/tcsb/service/lib/nusoap.php uri: /service/service.php, post: []
2016-12-13 13:52:43 INFO AddIdentifyResult: 9987,015552739898,10,reg/015552739898_1213135144|reg/015552739898_1213135144|reg/015552739898_
2016-12-13 14:01:03 INFO PHP Unknown Error: no: 2, msg: Creating default object from empty value on line 75 in file /data/code/tcsb/service/lib/nusoap.php uri: /service/service.php, post: []
2016-12-13 14:01:03 INFO AddIdentifyResult: 9988,013054623079,-1,
2016-12-13 14:01:09 INFO PHP Unknown Error: no: 2, msg: Creating default object from empty value on line 75 in file /data/code/tcsb/service/lib/nusoap.php uri: /service/service.php, post: []
2016-12-13 14:01:09 INFO AddIdentifyResult: 9988,013054623079,-3,
2016-12-13 14:03:44 INFO PHP Unknown Error: no: 2, msg: Creating default object from empty value on line 75 in file /data/code/tcsb/service/lib/nusoap.php uri: /service/service.php, post: []
2016-12-13 14:03:44 INFO AddIdentifyResult: 9988,013054623079,12,
2016-12-13 14:03:51 INFO PHP Unknown Error: no: 2, msg: Creating default object from empty value on line 75 in file /data/code/tcsb/service/lib/nusoap.php uri: /service/service.php, post: []
2016-12-13 14:03:51 INFO AddIdentifyResult: 9988,013054623079,10,reg/013054623079_1213140416|reg/013054623079_1213140416|reg/013054623079_1213140212
2016-12-13 14:04:05 INFO PHP Unknown Error: no: 2, msg: Creating default object from empty value on line 75 in file /data/code/tcsb/service/lib/nusoap.php uri: /service/service.php, post: []
2016-12-13 14:04:05 INFO AddIdentifyResult: 9989,015805463176,-1,
2016-12-13 14:04:14 INFO PHP Unknown Error: no: 2, msg: Creating default object from empty value on line 75 in file /data/code/tcsb/service/lib/nusoap.php uri: /service/service.php, post: []
2016-12-13 14:04:14 INFO AddIdentifyResult: 9989,015805463176,-3,
2016-12-13 14:06:29 INFO PHP Unknown Error: no: 2, msg: Creating default object from empty value on line 75 in file /data/code/tcsb/service/lib/nusoap.php uri: /service/service.php, post: []
2016-12-13 14:06:29 INFO AddIdentifyResult: 9989,015805463176,12,
2016-12-13 14:06:36 INFO PHP Unknown Error: no: 2, msg: Creating default object from empty value on line 75 in file /data/code/tcsb/service/lib/nusoap.php uri: /service/service.php, post: []
2016-12-13 14:06:36 INFO AddIdentifyResult: 9989,015805463176,10,reg/015805463176_1213140517|reg/015805463176_1213140517|reg/015805463176_
2016-12-13 14:10:18 INFO PHP Unknown Error: no: 2, msg: Creating default object from empty value on line 75 in file /data/code/tcsb/service/lib/nusoap.php uri: /service/service.php, post: []
2016-12-13 14:10:18 INFO AddIdentifyResult: 9990,013026548512,-1,
2016-12-13 14:10:35 INFO PHP Unknown Error: no: 2, msg: Creating default object from empty value on line 75 in file /data/code/tcsb/service/lib/nusoap.php uri: /service/service.php, post: []
2016-12-13 14:10:35 INFO AddIdentifyResult: 9991,013026548512,-1,
2016-12-13 14:10:42 INFO PHP Unknown Error: no: 2, msg: Creating default object from empty value on line 75 in file /data/code/tcsb/service/lib/nusoap.php uri: /service/service.php, post: []
2016-12-13 14:10:42 INFO AddIdentifyResult: 9991,013026548512,-3,
2016-12-13 14:12:53 INFO PHP Unknown Error: no: 2, msg: Creating default object from empty value on line 75 in file /data/code/tcsb/service/lib/nusoap.php uri: /service/service.php, post: []
2016-12-13 14:12:53 INFO AddIdentifyResult: 9991,013026548512,12,
2016-12-13 14:13:01 INFO PHP Unknown Error: no: 2, msg: Creating default object from empty value on line 75 in file /data/code/tcsb/service/lib/nusoap.php uri: /service/service.php, post: []
2016-12-13 14:13:01 INFO AddIdentifyResult: 9991,013026548512,10,reg/013026548512_1213141145|reg/013026548512_1213141145|reg/013026548512_
2016-12-13 14:13:08 INFO PHP Unknown Error: no: 2, msg: Creating default object from empty value on line 75 in file /data/code/tcsb/service/lib/nusoap.php uri: /service/service.php, post: []
2016-12-13 14:13:08 INFO AddIdentifyResult: 9992,013156078413,-1,
2016-12-13 14:13:16 INFO PHP Unknown Error: no: 2, msg: Creating default object from empty value on line 75 in file /data/code/tcsb/service/lib/nusoap.php uri: /service/service.php, post: []
2016-12-13 14:13:16 INFO AddIdentifyResult: 9992,013156078413,-3,
2016-12-13 14:15:31 INFO PHP Unknown Error: no: 2, msg: Creating default object from empty value on line 75 in file /data/code/tcsb/service/lib/nusoap.php uri: /service/service.php, post: []
2016-12-13 14:15:31 INFO AddIdentifyResult: 9992,013156078413,12,
2016-12-13 14:15:39 INFO PHP Unknown Error: no: 2, msg: Creating default object from empty value on line 75 in file /data/code/tcsb/service/lib/nusoap.php uri: /service/service.php, post: []
2016-12-13 14:15:39 INFO AddIdentifyResult: 9992,013156078413,10,reg/013156078413_1213141419|reg/013156078413_1213141419|reg/013156078413_
2016-12-13 14:41:37 INFO PHP Unknown Error: no: 2, msg: Creating default object from empty value on line 75 in file /data/code/tcsb/service/lib/nusoap.php uri: /service/service.php, post: []
2016-12-13 14:41:37 INFO AddIdentifyResult: 9993,013082608311,-1,
2016-12-13 14:41:58 INFO PHP Unknown Error: no: 2, msg: Creating default object from empty value on line 75 in file /data/code/tcsb/service/lib/nusoap.php uri: /service/service.php, post: []
2016-12-13 14:41:58 INFO AddIdentifyResult: 9994,013082608311,-1,
2016-12-13 14:44:35 INFO PHP Unknown Error: no: 2, msg: Creating default object from empty value on line 75 in file /data/code/tcsb/service/lib/nusoap.php uri: /service/service.php, post: []
2016-12-13 14:44:35 INFO AddIdentifyResult: 9995,013082608311,-1,
2016-12-13 14:45:10 INFO PHP Unknown Error: no: 2, msg: Creating default object from empty value on line 75 in file /data/code/tcsb/service/lib/nusoap.php uri: /service/service.php, post: []
2016-12-13 14:45:10 INFO AddIdentifyResult: 9996,013082608371,-1,
2016-12-13 14:45:19 INFO PHP Unknown Error: no: 2, msg: Creating default object from empty value on line 75 in file /data/code/tcsb/service/lib/nusoap.php uri: /service/service.php, post: []
2016-12-13 14:45:19 INFO AddIdentifyResult: 9996,013082608371,-3,
2016-12-13 14:46:54 INFO PHP Unknown Error: no: 2, msg: Creating default object from empty value on line 75 in file /data/code/tcsb/service/lib/nusoap.php uri: /service/service.php, post: []
2016-12-13 14:46:54 INFO AddIdentifyResult: 9996,013082608371,12,
2016-12-13 14:47:01 INFO PHP Unknown Error: no: 2, msg: Creating default object from empty value on line 75 in file /data/code/tcsb/service/lib/nusoap.php uri: /service/service.php, post: []
2016-12-13 14:47:01 INFO AddIdentifyResult: 9996,013082608371,10,reg/013082608371_1213144621|reg/013082608371_1213144621|reg/013082608371_
2016-12-13 14:48:33 INFO PHP Unknown Error: no: 2, msg: Creating default object from empty value on line 75 in file /data/code/tcsb/service/lib/nusoap.php uri: /service/service.php, post: []
2016-12-13 14:48:33 INFO AddIdentifyResult: 9997,013082608371,-1,
2016-12-13 14:48:39 INFO PHP Unknown Error: no: 2, msg: Creating default object from empty value on line 75 in file /data/code/tcsb/service/lib/nusoap.php uri: /service/service.php, post: []
2016-12-13 14:48:39 INFO AddIdentifyResult: 9997,013082608371,-3,
2016-12-13 14:49:31 INFO PHP Unknown Error: no: 2, msg: Creating default object from empty value on line 75 in file /data/code/tcsb/service/lib/nusoap.php uri: /service/service.php, post: []
2016-12-13 14:49:31 INFO AddIdentifyResult: 9997,013082608371,0,ver/12/13/144942_013082608371.wav
2016-12-13 15:14:56 INFO PHP Unknown Error: no: 2, msg: Creating default object from empty value on line 75 in file /data/code/tcsb/service/lib/nusoap.php uri: /service/service.php, post: []
2016-12-13 15:14:56 INFO AddIdentifyResult: 9998,013280323527,-1,
2016-12-13 15:15:25 INFO PHP Unknown Error: no: 2, msg: Creating default object from empty value on line 75 in file /data/code/tcsb/service/lib/nusoap.php uri: /service/service.php, post: []
2016-12-13 15:15:25 INFO AddIdentifyResult: 9999,013280323527,-1,
2016-12-13 15:15:33 INFO PHP Unknown Error: no: 2, msg: Creating default object from empty value on line 75 in file /data/code/tcsb/service/lib/nusoap.php uri: /service/service.php, post: []
2016-12-13 15:15:33 INFO AddIdentifyResult: 9999,013280323527,-3,
2016-12-13 15:16:57 INFO PHP Unknown Error: no: 2, msg: Creating default object from empty value on line 75 in file /data/code/tcsb/service/lib/nusoap.php uri: /service/service.php, post: []
2016-12-13 15:16:57 INFO AddIdentifyResult: 9999,013280323527,12,
2016-12-13 15:17:04 INFO PHP Unknown Error: no: 2, msg: Creating default object from empty value on line 75 in file /data/code/tcsb/service/lib/nusoap.php uri: /service/service.php, post: []
2016-12-13 15:17:04 INFO AddIdentifyResult: 9999,013280323527,10,reg/013280323527_1213151635|reg/013280323527_1213151635|reg/013280323527_
2016-12-13 15:39:31 INFO PHP Unknown Error: no: 2, msg: Creating default object from empty value on line 75 in file /data/code/tcsb/service/lib/nusoap.php uri: /service/service.php, post: []
2016-12-13 15:39:31 INFO AddIdentifyResult: 10000,013176473932,-1,
2016-12-13 15:39:51 INFO PHP Unknown Error: no: 2, msg: Creating default object from empty value on line 75 in file /data/code/tcsb/service/lib/nusoap.php uri: /service/service.php, post: []
2016-12-13 15:39:51 INFO AddIdentifyResult: 10001,013176473932,-1,
2016-12-13 15:40:00 INFO PHP Unknown Error: no: 2, msg: Creating default object from empty value on line 75 in file /data/code/tcsb/service/lib/nusoap.php uri: /service/service.php, post: []
2016-12-13 15:40:00 INFO AddIdentifyResult: 10001,013176473932,-3,
2016-12-13 15:41:32 INFO PHP Unknown Error: no: 2, msg: Creating default object from empty value on line 75 in file /data/code/tcsb/service/lib/nusoap.php uri: /service/service.php, post: []
2016-12-13 15:41:32 INFO AddIdentifyResult: 10001,013176473932,12,
2016-12-13 15:41:38 INFO PHP Unknown Error: no: 2, msg: Creating default object from empty value on line 75 in file /data/code/tcsb/service/lib/nusoap.php uri: /service/service.php, post: []
2016-12-13 15:41:38 INFO AddIdentifyResult: 10001,013176473932,10,reg/013176473932_1213154103|reg/013176473932_1213154103|reg/013176473932_
