2017-01-19 09:17:29 INFO AddIdentifyResult: 14923,013339711727,-1,
2017-01-19 09:17:41 INFO AddIdentifyResult: 14923,013339711727,-3,
2017-01-19 09:20:16 INFO AddIdentifyResult: 14923,013339711727,12,
2017-01-19 09:20:26 INFO AddIdentifyResult: 14923,013339711727,10,reg/013339711727_0119091921|reg/013339711727_0119091921|reg/013339711727_
2017-01-19 09:20:26 INFO UpdateUserState: 013339711727,1
2017-01-19 09:20:37 INFO AddIdentifyResult: 14924,013339711727,-1,
2017-01-19 09:20:51 INFO AddIdentifyResult: 14924,013339711727,-3,
2017-01-19 09:21:37 INFO AddIdentifyResult: 14924,013339711727,1,
2017-01-19 09:21:45 INFO AddIdentifyResult: 14925,013339711727,-1,
2017-01-19 09:21:57 INFO AddIdentifyResult: 14925,013339711727,-3,
2017-01-19 09:22:49 INFO AddIdentifyResult: 14925,013339711727,0,ver/01/19/092337_013339711727.wav
2017-01-19 09:35:28 INFO AddIdentifyResult: 14926,013339710830,-1,
2017-01-19 09:35:39 INFO AddIdentifyResult: 14926,013339710830,-3,
2017-01-19 09:37:37 INFO AddIdentifyResult: 14926,013339710830,12,
2017-01-19 09:37:44 INFO AddIdentifyResult: 14926,013339710830,10,reg/013339710830_0119093719|reg/013339710830_0119093719|reg/013339710830_
2017-01-19 09:37:45 INFO UpdateUserState: 013339710830,1
2017-01-19 09:38:00 INFO AddIdentifyResult: 14927,013339710830,-1,
2017-01-19 09:38:14 INFO AddIdentifyResult: 14927,013339710830,-3,
2017-01-19 09:39:05 INFO AddIdentifyResult: 14927,013339710830,0,ver/01/19/093954_013339710830.wav
2017-01-19 10:06:45 INFO AddIdentifyResult: 14928,018571087937,-1,
2017-01-19 10:07:57 INFO AddIdentifyResult: 14929,018571087937,-1,
2017-01-19 10:08:07 INFO AddIdentifyResult: 14929,018571087937,-3,
2017-01-19 10:10:11 INFO AddIdentifyResult: 14929,018571087937,12,
2017-01-19 10:10:18 INFO AddIdentifyResult: 14929,018571087937,10,reg/018571087937_0119100947|reg/018571087937_0119100947|reg/018571087937_
2017-01-19 10:10:18 INFO UpdateUserState: 018571087937,1
2017-01-19 10:11:02 INFO AddIdentifyResult: 14930,018571087937,-1,
2017-01-19 10:11:17 INFO AddIdentifyResult: 14930,018571087937,-3,
2017-01-19 10:12:09 INFO AddIdentifyResult: 14930,018571087937,1,ver/01/19/101257_018571087937.wav
2017-01-19 10:12:38 INFO AddIdentifyResult: 14931,018571087937,-1,
2017-01-19 10:12:53 INFO AddIdentifyResult: 14931,018571087937,-3,
2017-01-19 10:13:03 INFO AddIdentifyResult: 14931,018571087937,1,
2017-01-19 10:13:11 INFO AddIdentifyResult: 14930,018571087937,2,
2017-01-19 10:14:03 INFO AddIdentifyResult: 14932,018571087937,-1,
2017-01-19 10:14:15 INFO AddIdentifyResult: 14932,018571087937,-3,
2017-01-19 10:16:26 INFO AddIdentifyResult: 14932,018571087937,12,
2017-01-19 10:16:34 INFO AddIdentifyResult: 14932,018571087937,10,reg/018571087937_0119101555|reg/018571087937_0119101555|reg/018571087937_
2017-01-19 10:16:34 INFO UpdateUserState: 018571087937,1
2017-01-19 10:17:37 INFO AddIdentifyResult: 14933,018571087937,-1,
2017-01-19 10:17:49 INFO AddIdentifyResult: 14933,018571087937,-3,
2017-01-19 10:18:41 INFO AddIdentifyResult: 14933,018571087937,0,ver/01/19/101929_018571087937.wav
2017-01-19 10:20:55 INFO AddIdentifyResult: 14934,018107251207,-1,
2017-01-19 10:21:58 INFO AddIdentifyResult: 14935,018107251207,-1,
2017-01-19 10:22:10 INFO AddIdentifyResult: 14935,018107251207,-3,
2017-01-19 10:23:26 INFO AddIdentifyResult: 14936,015671984039,-1,
2017-01-19 10:23:35 INFO AddIdentifyResult: 14936,015671984039,-3,
2017-01-19 10:24:07 INFO AddIdentifyResult: 14935,018107251207,12,
2017-01-19 10:24:14 INFO AddIdentifyResult: 14935,018107251207,10,reg/018107251207_0119102350|reg/018107251207_0119102350|reg/018107251207_
2017-01-19 10:24:14 INFO UpdateUserState: 018107251207,1
2017-01-19 10:24:42 INFO AddIdentifyResult: 14937,018107251207,-1,
2017-01-19 10:24:51 INFO AddIdentifyResult: 14937,018107251207,-3,
2017-01-19 10:25:43 INFO AddIdentifyResult: 14937,018107251207,0,ver/01/19/102631_018107251207.wav
2017-01-19 10:26:03 INFO AddIdentifyResult: 14936,015671984039,12,
2017-01-19 10:26:10 INFO AddIdentifyResult: 14936,015671984039,10,reg/015671984039_0119102711|reg/015671984039_0119102711|reg/015671984039_0119102515
2017-01-19 10:26:10 INFO UpdateUserState: 015671984039,1
2017-01-19 10:26:36 INFO AddIdentifyResult: 14938,015671984039,-1,
2017-01-19 10:26:42 INFO AddIdentifyResult: 14938,015671984039,-3,
2017-01-19 10:26:45 INFO AddIdentifyResult: 14938,015671984039,1,
2017-01-19 10:27:21 INFO AddIdentifyResult: 14939,015671984039,-1,
2017-01-19 10:27:34 INFO AddIdentifyResult: 14939,015671984039,-3,
2017-01-19 10:28:26 INFO AddIdentifyResult: 14939,015671984039,0,ver/01/19/102915_015671984039.wav
2017-01-19 10:58:19 INFO AddIdentifyResult: 0,18972663101,1,
2017-01-19 11:04:07 INFO AddIdentifyResult: 14941,015671984039,-1,
2017-01-19 11:04:23 INFO AddIdentifyResult: 14941,015671984039,-3,
2017-01-19 11:04:36 INFO AddIdentifyResult: 14941,015671984039,1,
2017-01-19 11:04:57 INFO AddIdentifyResult: 14942,015337194913,-1,
2017-01-19 11:05:18 INFO AddIdentifyResult: 14942,015337194913,-3,
2017-01-19 11:07:12 INFO AddIdentifyResult: 14942,015337194913,12,
2017-01-19 11:07:19 INFO AddIdentifyResult: 14942,015337194913,10,reg/015337194913_0119110658|reg/015337194913_0119110658|reg/015337194913_
2017-01-19 11:07:19 INFO UpdateUserState: 015337194913,1
2017-01-19 11:08:21 INFO AddIdentifyResult: 14943,015337194913,-1,
2017-01-19 11:08:42 INFO AddIdentifyResult: 14943,015337194913,-3,
2017-01-19 11:09:34 INFO AddIdentifyResult: 14943,015337194913,0,ver/01/19/111023_015337194913.wav
2017-01-19 11:32:01 INFO AddIdentifyResult: 14944,015629710731,-1,
2017-01-19 11:32:33 INFO AddIdentifyResult: 14945,015629710731,-1,
2017-01-19 11:38:08 INFO AddIdentifyResult: 14946,015629710731,-1,
2017-01-19 11:38:27 INFO AddIdentifyResult: 14946,015629710731,-3,
2017-01-19 11:40:19 INFO AddIdentifyResult: 14946,015629710731,12,
2017-01-19 11:40:25 INFO AddIdentifyResult: 14946,015629710731,10,reg/015629710731_0119114007|reg/015629710731_0119114007|reg/015629710731_
2017-01-19 11:40:25 INFO UpdateUserState: 015629710731,1
2017-01-19 11:42:27 INFO AddIdentifyResult: 14947,015629710731,-1,
2017-01-19 11:42:40 INFO AddIdentifyResult: 14947,015629710731,-3,
2017-01-19 11:43:33 INFO AddIdentifyResult: 14947,015629710731,0,ver/01/19/114421_015629710731.wav
2017-01-19 13:46:21 INFO AddIdentifyResult: 0,18162832198,1,ver/01/19/134710_18162832198.wav
2017-01-19 14:42:13 INFO AddIdentifyResult: 14949,018972938784,-1,
2017-01-19 14:42:35 INFO AddIdentifyResult: 14950,018972938784,-1,
2017-01-19 14:43:22 INFO AddIdentifyResult: 14950,018972938784,-3,
2017-01-19 14:45:04 INFO AddIdentifyResult: 14950,018972938784,12,
2017-01-19 14:45:11 INFO AddIdentifyResult: 14950,018972938784,10,reg/018972938784_0119144608|reg/018972938784_0119144608|reg/018972938784_0119144503
2017-01-19 14:45:11 INFO UpdateUserState: 018972938784,1
2017-01-19 14:46:39 INFO AddIdentifyResult: 0,018972938784,0,ver/01/19/144728_018972938784.wav
2017-01-19 15:00:03 INFO AddIdentifyResult: 0,015511200943,1,
2017-01-19 15:23:36 INFO AddIdentifyResult: 14953,13367227517,-1,
2017-01-19 15:24:04 INFO AddIdentifyResult: 14954,13367227517,-1,
2017-01-19 15:24:24 INFO AddIdentifyResult: 14955,013367227517,-1,
2017-01-19 15:24:35 INFO AddIdentifyResult: 14955,013367227517,-3,
2017-01-19 15:27:40 INFO AddIdentifyResult: 14955,013367227517,12,
2017-01-19 15:27:49 INFO AddIdentifyResult: 14955,013367227517,10,reg/013367227517_0119152744|reg/013367227517_0119152744|reg/013367227517_0119152616
2017-01-19 15:27:49 INFO UpdateUserState: 013367227517,1
2017-01-19 15:28:04 INFO AddIdentifyResult: 14956,013367227517,-1,
2017-01-19 15:28:14 INFO AddIdentifyResult: 14956,013367227517,-3,
2017-01-19 15:29:52 INFO AddIdentifyResult: 14956,013367227517,1,ver/01/19/153042_013367227517.wav
