2017-02-10 08:50:50 INFO AddIdentifyResult: 15533,013296476359,-1,
2017-02-10 08:50:58 INFO AddIdentifyResult: 15533,013296476359,-3,
2017-02-10 08:52:27 INFO PHP Unknown Error: no: 2, msg: move_uploaded_file(upFile/17-02-10-08-52-27.xlsx): failed to open stream: Permission denied on line 64 in file /data/code/tcsb/man_xinxi_imp.php uri: /man_xinxi_imp.php, post: {"leadExcel":"true","sjg":"30","add":" \u5bfc \u5165 "}
2017-02-10 08:52:27 INFO PHP Unknown Error: no: 2, msg: move_uploaded_file(): Unable to move '/tmp/phpcF5Jmd' to 'upFile/17-02-10-08-52-27.xlsx' on line 64 in file /data/code/tcsb/man_xinxi_imp.php uri: /man_xinxi_imp.php, post: {"leadExcel":"true","sjg":"30","add":" \u5bfc \u5165 "}
2017-02-10 08:52:49 INFO PHP Unknown Error: no: 2, msg: move_uploaded_file(upFile/17-02-10-08-52-49.xlsx): failed to open stream: Permission denied on line 64 in file /data/code/tcsb/man_xinxi_imp.php uri: /man_xinxi_imp.php, post: {"leadExcel":"true","sjg":"30","add":" \u5bfc \u5165 "}
2017-02-10 08:52:49 INFO PHP Unknown Error: no: 2, msg: move_uploaded_file(): Unable to move '/tmp/php3QsQMn' to 'upFile/17-02-10-08-52-49.xlsx' on line 64 in file /data/code/tcsb/man_xinxi_imp.php uri: /man_xinxi_imp.php, post: {"leadExcel":"true","sjg":"30","add":" \u5bfc \u5165 "}
2017-02-10 08:52:51 INFO AddIdentifyResult: 15533,013296476359,12,
2017-02-10 08:52:52 INFO PHP Unknown Error: no: 2, msg: move_uploaded_file(upFile/17-02-10-08-52-52.xlsx): failed to open stream: Permission denied on line 64 in file /data/code/tcsb/man_xinxi_imp.php uri: /man_xinxi_imp.php, post: {"leadExcel":"true","sjg":"30","add":" \u5bfc \u5165 "}
2017-02-10 08:52:52 INFO PHP Unknown Error: no: 2, msg: move_uploaded_file(): Unable to move '/tmp/phpqGInow' to 'upFile/17-02-10-08-52-52.xlsx' on line 64 in file /data/code/tcsb/man_xinxi_imp.php uri: /man_xinxi_imp.php, post: {"leadExcel":"true","sjg":"30","add":" \u5bfc \u5165 "}
2017-02-10 08:52:59 INFO AddIdentifyResult: 15533,013296476359,10,reg/013296476359_0210085314|reg/013296476359_0210085314|reg/013296476359_
2017-02-10 08:52:59 INFO UpdateUserState: 013296476359,1
2017-02-10 08:53:22 INFO AddIdentifyResult: 15534,013296476359,-1,
2017-02-10 08:53:31 INFO AddIdentifyResult: 15534,013296476359,-3,
2017-02-10 08:54:23 INFO AddIdentifyResult: 15534,013296476359,0,ver/02/10/085548_013296476359.wav
2017-02-10 08:55:29 INFO AddIdentifyResult: 15535,018363102627,-1,
2017-02-10 08:57:55 INFO PHP Unknown Error: no: 2, msg: move_uploaded_file(upFile/17-02-10-08-57-55.xls): failed to open stream: Permission denied on line 64 in file /data/code/tcsb/man_xinxi_imp.php uri: /man_xinxi_imp.php, post: {"leadExcel":"true","sjg":"30","add":" \u5bfc \u5165 "}
2017-02-10 08:57:55 INFO PHP Unknown Error: no: 2, msg: move_uploaded_file(): Unable to move '/tmp/phpXWYCPa' to 'upFile/17-02-10-08-57-55.xls' on line 64 in file /data/code/tcsb/man_xinxi_imp.php uri: /man_xinxi_imp.php, post: {"leadExcel":"true","sjg":"30","add":" \u5bfc \u5165 "}
2017-02-10 08:58:16 INFO PHP Unknown Error: no: 2, msg: move_uploaded_file(upFile/17-02-10-08-58-16.xls): failed to open stream: Permission denied on line 64 in file /data/code/tcsb/man_xinxi_imp.php uri: /man_xinxi_imp.php, post: {"leadExcel":"true","sjg":"30","add":" \u5bfc \u5165 "}
2017-02-10 08:58:16 INFO PHP Unknown Error: no: 2, msg: move_uploaded_file(): Unable to move '/tmp/phph8h71c' to 'upFile/17-02-10-08-58-16.xls' on line 64 in file /data/code/tcsb/man_xinxi_imp.php uri: /man_xinxi_imp.php, post: {"leadExcel":"true","sjg":"30","add":" \u5bfc \u5165 "}
2017-02-10 08:58:21 INFO PHP Unknown Error: no: 2, msg: move_uploaded_file(upFile/17-02-10-08-58-21.xls): failed to open stream: Permission denied on line 64 in file /data/code/tcsb/man_xinxi_imp.php uri: /man_xinxi_imp.php, post: {"leadExcel":"true","sjg":"30","add":" \u5bfc \u5165 "}
2017-02-10 08:58:21 INFO PHP Unknown Error: no: 2, msg: move_uploaded_file(): Unable to move '/tmp/phpDB0aix' to 'upFile/17-02-10-08-58-21.xls' on line 64 in file /data/code/tcsb/man_xinxi_imp.php uri: /man_xinxi_imp.php, post: {"leadExcel":"true","sjg":"30","add":" \u5bfc \u5165 "}
2017-02-10 08:58:24 INFO PHP Unknown Error: no: 2, msg: move_uploaded_file(upFile/17-02-10-08-58-24.xls): failed to open stream: Permission denied on line 64 in file /data/code/tcsb/man_xinxi_imp.php uri: /man_xinxi_imp.php, post: {"leadExcel":"true","sjg":"30","add":" \u5bfc \u5165 "}
2017-02-10 08:58:24 INFO PHP Unknown Error: no: 2, msg: move_uploaded_file(): Unable to move '/tmp/phptHhfKF' to 'upFile/17-02-10-08-58-24.xls' on line 64 in file /data/code/tcsb/man_xinxi_imp.php uri: /man_xinxi_imp.php, post: {"leadExcel":"true","sjg":"30","add":" \u5bfc \u5165 "}
2017-02-10 08:59:44 INFO AddIdentifyResult: 15536,018263102627,-1,
2017-02-10 08:59:52 INFO AddIdentifyResult: 15536,018263102627,-3,
2017-02-10 09:00:31 INFO PHP Unknown Error: no: 2, msg: move_uploaded_file(upFile/17-02-10-09-00-31.xls): failed to open stream: Permission denied on line 64 in file /data/code/tcsb/man_xinxi_imp.php uri: /man_xinxi_imp.php, post: {"leadExcel":"true","sjg":"30","add":" \u5bfc \u5165 "}
2017-02-10 09:00:31 INFO PHP Unknown Error: no: 2, msg: move_uploaded_file(): Unable to move '/tmp/php7dzz9u' to 'upFile/17-02-10-09-00-31.xls' on line 64 in file /data/code/tcsb/man_xinxi_imp.php uri: /man_xinxi_imp.php, post: {"leadExcel":"true","sjg":"30","add":" \u5bfc \u5165 "}
2017-02-10 09:00:34 INFO PHP Unknown Error: no: 2, msg: move_uploaded_file(upFile/17-02-10-09-00-34.xls): failed to open stream: Permission denied on line 64 in file /data/code/tcsb/man_xinxi_imp.php uri: /man_xinxi_imp.php, post: {"leadExcel":"true","sjg":"30","add":" \u5bfc \u5165 "}
2017-02-10 09:00:34 INFO PHP Unknown Error: no: 2, msg: move_uploaded_file(): Unable to move '/tmp/phpO3Uroj' to 'upFile/17-02-10-09-00-34.xls' on line 64 in file /data/code/tcsb/man_xinxi_imp.php uri: /man_xinxi_imp.php, post: {"leadExcel":"true","sjg":"30","add":" \u5bfc \u5165 "}
2017-02-10 09:02:57 INFO AddIdentifyResult: 15537,013092794067,-1,
2017-02-10 09:02:59 INFO AddIdentifyResult: 15536,018263102627,12,
2017-02-10 09:03:07 INFO AddIdentifyResult: 15536,018263102627,10,reg/018263102627_0210090209|reg/018263102627_0210090209|reg/018263102627_
2017-02-10 09:03:08 INFO UpdateUserState: 018263102627,1
2017-02-10 09:03:41 INFO AddIdentifyResult: 15538,013092794067,-1,
2017-02-10 09:03:46 INFO AddIdentifyResult: 15538,013092794067,-3,
2017-02-10 09:05:22 INFO AddIdentifyResult: 15538,013092794067,11,reg/013092794067_|reg/013092794067_|reg/013092794067_
2017-02-10 09:05:34 INFO PHP Unknown Error: no: 2, msg: move_uploaded_file(upFile/17-02-10-09-05-34.xls): failed to open stream: Permission denied on line 64 in file /data/code/tcsb/man_xinxi_imp.php uri: /man_xinxi_imp.php, post: {"leadExcel":"true","sjg":"30","add":" \u5bfc \u5165 "}
2017-02-10 09:05:34 INFO PHP Unknown Error: no: 2, msg: move_uploaded_file(): Unable to move '/tmp/phpfTqqiu' to 'upFile/17-02-10-09-05-34.xls' on line 64 in file /data/code/tcsb/man_xinxi_imp.php uri: /man_xinxi_imp.php, post: {"leadExcel":"true","sjg":"30","add":" \u5bfc \u5165 "}
2017-02-10 09:06:14 INFO AddIdentifyResult: 15539,013092794067,-1,
2017-02-10 09:06:23 INFO AddIdentifyResult: 15539,013092794067,-3,
2017-02-10 09:08:59 INFO AddIdentifyResult: 15539,013092794067,12,
2017-02-10 09:09:08 INFO AddIdentifyResult: 15539,013092794067,10,reg/013092794067_0210090839|reg/013092794067_0210090839|reg/013092794067_
2017-02-10 09:09:08 INFO UpdateUserState: 013092794067,1
2017-02-10 09:09:28 INFO AddIdentifyResult: 15540,013092794067,-1,
2017-02-10 09:09:36 INFO AddIdentifyResult: 15541,013092794067,-1,
2017-02-10 09:09:40 INFO AddIdentifyResult: 15540,013092794067,-3,
2017-02-10 09:10:31 INFO AddIdentifyResult: 15540,013092794067,0,ver/02/10/091157_013092794067.wav
2017-02-10 09:31:21 INFO AddIdentifyResult: 15542,013297643950,-1,
2017-02-10 09:31:38 INFO AddIdentifyResult: 15542,013297643950,-3,
2017-02-10 09:33:16 INFO AddIdentifyResult: 15542,013297643950,11,reg/013297643950_|reg/013297643950_|reg/013297643950_
2017-02-10 09:33:43 INFO AddIdentifyResult: 15543,013297643950,-1,
2017-02-10 09:34:01 INFO AddIdentifyResult: 15543,013297643950,-3,
2017-02-10 09:35:45 INFO AddIdentifyResult: 15543,013297643950,12,
2017-02-10 09:35:52 INFO AddIdentifyResult: 15543,013297643950,10,reg/013297643950_0210093618|reg/013297643950_0210093618|reg/013297643950_
2017-02-10 09:35:52 INFO UpdateUserState: 013297643950,1
2017-02-10 09:36:08 INFO AddIdentifyResult: 15544,013297643950,-1,
2017-02-10 09:36:42 INFO AddIdentifyResult: 15544,013297643950,-3,
2017-02-10 09:37:34 INFO AddIdentifyResult: 15544,013297643950,0,ver/02/10/093859_013297643950.wav
2017-02-10 09:46:36 INFO AddIdentifyResult: 15545,013297243267,-1,
2017-02-10 09:46:52 INFO AddIdentifyResult: 15545,013297243267,-3,
2017-02-10 09:48:52 INFO AddIdentifyResult: 15545,013297243267,12,
2017-02-10 09:48:59 INFO AddIdentifyResult: 15545,013297243267,10,reg/013297243267_0210095040|reg/013297243267_0210095040|reg/013297243267_0210094908
2017-02-10 09:48:59 INFO UpdateUserState: 013297243267,1
2017-02-10 09:50:25 INFO AddIdentifyResult: 0,013297243267,1,ver/02/10/095150_013297243267.wav
2017-02-10 09:51:33 INFO AddIdentifyResult: 15547,013297243267,-1,
2017-02-10 09:51:41 INFO AddIdentifyResult: 15547,013297243267,-3,
2017-02-10 09:52:34 INFO AddIdentifyResult: 15547,013297243267,0,ver/02/10/095359_013297243267.wav
2017-02-10 09:52:56 INFO PHP Unknown Error: no: 2, msg: move_uploaded_file(upFile/17-02-10-09-52-56.xls): failed to open stream: Permission denied on line 64 in file /data/code/tcsb/man_xinxi_imp.php uri: /man_xinxi_imp.php, post: {"leadExcel":"true","sjg":"30","add":" \u5bfc \u5165 "}
2017-02-10 09:52:56 INFO PHP Unknown Error: no: 2, msg: move_uploaded_file(): Unable to move '/tmp/phpkD7KbF' to 'upFile/17-02-10-09-52-56.xls' on line 64 in file /data/code/tcsb/man_xinxi_imp.php uri: /man_xinxi_imp.php, post: {"leadExcel":"true","sjg":"30","add":" \u5bfc \u5165 "}
2017-02-10 09:53:00 INFO PHP Unknown Error: no: 2, msg: move_uploaded_file(upFile/17-02-10-09-53-00.xls): failed to open stream: Permission denied on line 64 in file /data/code/tcsb/man_xinxi_imp.php uri: /man_xinxi_imp.php, post: {"leadExcel":"true","sjg":"30","add":" \u5bfc \u5165 "}
2017-02-10 09:53:00 INFO PHP Unknown Error: no: 2, msg: move_uploaded_file(): Unable to move '/tmp/phpTRL1yQ' to 'upFile/17-02-10-09-53-00.xls' on line 64 in file /data/code/tcsb/man_xinxi_imp.php uri: /man_xinxi_imp.php, post: {"leadExcel":"true","sjg":"30","add":" \u5bfc \u5165 "}
2017-02-10 09:53:29 INFO PHP Unknown Error: no: 2, msg: move_uploaded_file(upFile/17-02-10-09-53-29.xls): failed to open stream: Permission denied on line 64 in file /data/code/tcsb/man_xinxi_imp.php uri: /man_xinxi_imp.php, post: {"leadExcel":"true","sjg":"30","add":" \u5bfc \u5165 "}
2017-02-10 09:53:29 INFO PHP Unknown Error: no: 2, msg: move_uploaded_file(): Unable to move '/tmp/phpTaZNh9' to 'upFile/17-02-10-09-53-29.xls' on line 64 in file /data/code/tcsb/man_xinxi_imp.php uri: /man_xinxi_imp.php, post: {"leadExcel":"true","sjg":"30","add":" \u5bfc \u5165 "}
2017-02-10 09:59:50 INFO AddIdentifyResult: 15548,013245460539,-1,
2017-02-10 10:00:04 INFO AddIdentifyResult: 15548,013245460539,-3,
2017-02-10 10:02:10 INFO AddIdentifyResult: 15548,013245460539,12,
2017-02-10 10:02:18 INFO AddIdentifyResult: 15548,013245460539,10,reg/013245460539_0210100221|reg/013245460539_0210100221|reg/013245460539_
2017-02-10 10:02:18 INFO UpdateUserState: 013245460539,1
2017-02-10 10:02:26 INFO AddIdentifyResult: 15549,015572885091,-1,
2017-02-10 10:02:37 INFO AddIdentifyResult: 15549,015572885091,-3,
2017-02-10 10:04:09 INFO AddIdentifyResult: 15550,013245467217,-1,
2017-02-10 10:04:28 INFO AddIdentifyResult: 15549,015572885091,12,
2017-02-10 10:04:35 INFO AddIdentifyResult: 15550,013245467217,-3,
2017-02-10 10:04:37 INFO AddIdentifyResult: 15549,015572885091,10,reg/015572885091_0210100454|reg/015572885091_0210100454|reg/015572885091_
2017-02-10 10:04:37 INFO UpdateUserState: 015572885091,1
2017-02-10 10:04:49 INFO AddIdentifyResult: 15551,015572885091,-1,
2017-02-10 10:04:54 INFO AddIdentifyResult: 15550,013245467217,11,reg/013245467217_|reg/013245467217_|reg/013245467217_
2017-02-10 10:05:02 INFO AddIdentifyResult: 15551,015572885091,-3,
2017-02-10 10:05:17 INFO AddIdentifyResult: 15552,013245467217,-1,
2017-02-10 10:05:24 INFO AddIdentifyResult: 15552,013245467217,-3,
2017-02-10 10:05:48 INFO AddIdentifyResult: 15552,013245467217,11,reg/013245467217_|reg/013245467217_|reg/013245467217_
2017-02-10 10:05:54 INFO AddIdentifyResult: 15551,015572885091,0,ver/02/10/100719_015572885091.wav
2017-02-10 10:05:57 INFO AddIdentifyResult: 15553,013245467217,-1,
2017-02-10 10:06:09 INFO AddIdentifyResult: 15553,013245467217,-3,
2017-02-10 10:08:16 INFO AddIdentifyResult: 15553,013245467217,11,reg/013245467217_|reg/013245467217_|reg/013245467217_
2017-02-10 10:08:41 INFO AddIdentifyResult: 15554,013245467217,-1,
2017-02-10 10:09:01 INFO AddIdentifyResult: 15554,013245467217,-3,
2017-02-10 10:11:07 INFO AddIdentifyResult: 15554,013245467217,11,reg/013245467217_|reg/013245467217_|reg/013245467217_
2017-02-10 10:11:52 INFO AddIdentifyResult: 15555,013245467217,-1,
2017-02-10 10:12:00 INFO AddIdentifyResult: 15555,013245467217,-3,
2017-02-10 10:13:34 INFO AddIdentifyResult: 15555,013245467217,12,
2017-02-10 10:13:41 INFO AddIdentifyResult: 15555,013245467217,10,reg/013245467217_0210101417|reg/013245467217_0210101417|reg/013245467217_
2017-02-10 10:13:41 INFO UpdateUserState: 013245467217,1
2017-02-10 10:13:57 INFO AddIdentifyResult: 15556,013245467217,-1,
2017-02-10 10:14:04 INFO AddIdentifyResult: 15556,013245467217,-3,
2017-02-10 10:14:56 INFO AddIdentifyResult: 15556,013245467217,0,ver/02/10/101621_013245467217.wav
2017-02-10 10:28:43 INFO AddIdentifyResult: 15557,015572884127,-1,
2017-02-10 10:28:57 INFO AddIdentifyResult: 15557,015572884127,-3,
2017-02-10 10:30:38 INFO AddIdentifyResult: 15557,015572884127,11,reg/015572884127_|reg/015572884127_|reg/015572884127_
2017-02-10 10:33:28 INFO AddIdentifyResult: 15558,015572884127,-1,
2017-02-10 10:33:36 INFO AddIdentifyResult: 15558,015572884127,-3,
2017-02-10 10:35:27 INFO AddIdentifyResult: 15558,015572884127,12,
2017-02-10 10:35:37 INFO AddIdentifyResult: 15558,015572884127,10,reg/015572884127_0210103553|reg/015572884127_0210103553|reg/015572884127_
2017-02-10 10:35:37 INFO UpdateUserState: 015572884127,1
2017-02-10 10:35:45 INFO AddIdentifyResult: 15559,015572884127,-1,
2017-02-10 10:35:57 INFO AddIdentifyResult: 15559,015572884127,-3,
2017-02-10 10:36:45 INFO AddIdentifyResult: 15559,015572884127,0,ver/02/10/103815_015572884127.wav
2017-02-10 10:42:28 INFO AddIdentifyResult: 15560,018107252415,-1,
2017-02-10 10:42:40 INFO AddIdentifyResult: 15560,018107252415,-3,
2017-02-10 10:43:13 INFO AddIdentifyResult: 15561,18972665595,-1,
2017-02-10 10:43:22 INFO AddIdentifyResult: 15561,18972665595,-3,
2017-02-10 10:44:31 INFO AddIdentifyResult: 15560,018107252415,12,
2017-02-10 10:44:39 INFO AddIdentifyResult: 15560,018107252415,10,reg/018107252415_0210104457|reg/018107252415_0210104457|reg/018107252415_
2017-02-10 10:44:40 INFO UpdateUserState: 018107252415,1
2017-02-10 10:44:50 INFO AddIdentifyResult: 15562,018107252415,-1,
2017-02-10 10:45:03 INFO AddIdentifyResult: 15562,018107252415,-3,
2017-02-10 10:45:54 INFO AddIdentifyResult: 15562,018107252415,0,ver/02/10/104720_018107252415.wav
2017-02-10 10:45:57 INFO AddIdentifyResult: 15561,18972665595,12,
2017-02-10 10:46:04 INFO AddIdentifyResult: 15561,18972665595,10,reg/18972665595_0210104713|reg/18972665595_0210104713|reg/18972665595_0210104539
2017-02-10 10:46:05 INFO UpdateUserState: 18972665595,1
2017-02-10 10:50:16 INFO AddIdentifyResult: 0,18972665595,0,ver/02/10/105142_18972665595.wav
2017-02-10 10:50:42 INFO AddIdentifyResult: 15564,013237248911,-1,
2017-02-10 10:50:59 INFO AddIdentifyResult: 15564,013237248911,-3,
2017-02-10 10:52:43 INFO AddIdentifyResult: 15564,013237248911,12,
2017-02-10 10:52:51 INFO AddIdentifyResult: 15564,013237248911,10,reg/013237248911_0210105316|reg/013237248911_0210105316|reg/013237248911_
2017-02-10 10:52:51 INFO UpdateUserState: 013237248911,1
2017-02-10 10:53:51 INFO AddIdentifyResult: 15565,013296473638,-1,
2017-02-10 10:54:00 INFO AddIdentifyResult: 15565,013296473638,-3,
2017-02-10 10:54:27 INFO AddIdentifyResult: 15566,013237248911,-1,
2017-02-10 10:54:41 INFO AddIdentifyResult: 15566,013237248911,-3,
2017-02-10 10:55:30 INFO AddIdentifyResult: 15565,013296473638,12,
2017-02-10 10:55:35 INFO AddIdentifyResult: 15566,013237248911,0,ver/02/10/105659_013237248911.wav
2017-02-10 10:55:38 INFO AddIdentifyResult: 15565,013296473638,10,reg/013296473638_0210105617|reg/013296473638_0210105617|reg/013296473638_
2017-02-10 10:55:38 INFO UpdateUserState: 013296473638,1
2017-02-10 10:58:11 INFO AddIdentifyResult: 15567,018366939806,-1,
2017-02-10 10:58:20 INFO AddIdentifyResult: 15567,018366939806,-3,
2017-02-10 11:00:15 INFO AddIdentifyResult: 15567,018366939806,12,
2017-02-10 11:00:24 INFO AddIdentifyResult: 15567,018366939806,10,reg/018366939806_0210110037|reg/018366939806_0210110037|reg/018366939806_
2017-02-10 11:00:24 INFO UpdateUserState: 018366939806,1
2017-02-10 11:01:12 INFO AddIdentifyResult: 15568,013296473638,-1,
2017-02-10 11:01:20 INFO AddIdentifyResult: 15568,013296473638,-3,
2017-02-10 11:02:12 INFO AddIdentifyResult: 15568,013296473638,1,ver/02/10/110337_013296473638.wav
2017-02-10 11:02:23 INFO AddIdentifyResult: 15569,013296473638,-1,
2017-02-10 11:02:36 INFO AddIdentifyResult: 15569,013296473638,-3,
2017-02-10 11:03:30 INFO AddIdentifyResult: 15569,013296473638,1,ver/02/10/110454_013296473638.wav
2017-02-10 11:03:42 INFO AddIdentifyResult: 15570,013197028755,-1,
2017-02-10 11:04:23 INFO AddIdentifyResult: 15571,013296473638,-1,
2017-02-10 11:04:41 INFO AddIdentifyResult: 15571,013296473638,-3,
2017-02-10 11:05:34 INFO AddIdentifyResult: 15571,013296473638,1,ver/02/10/110658_013296473638.wav
2017-02-10 11:05:56 INFO AddIdentifyResult: 15572,018366939806,-1,
2017-02-10 11:06:12 INFO AddIdentifyResult: 15572,018366939806,-3,
2017-02-10 11:06:28 INFO AddIdentifyResult: 15573,013197028755,-1,
2017-02-10 11:06:42 INFO AddIdentifyResult: 15573,013197028755,-3,
2017-02-10 11:07:04 INFO AddIdentifyResult: 15572,018366939806,1,ver/02/10/110829_018366939806.wav
2017-02-10 11:07:40 INFO AddIdentifyResult: 15573,013197028755,11,reg/013197028755_|reg/013197028755_|reg/013197028755_
2017-02-10 11:08:13 INFO AddIdentifyResult: 15574,013197028755,-1,
2017-02-10 11:08:24 INFO AddIdentifyResult: 15574,013197028755,-3,
2017-02-10 11:09:09 INFO AddIdentifyResult: 15575,013296473638,-1,
2017-02-10 11:09:39 INFO AddIdentifyResult: 15575,013296473638,-3,
2017-02-10 11:11:00 INFO AddIdentifyResult: 15574,013197028755,11,reg/013197028755_|reg/013197028755_|reg/013197028755_
2017-02-10 11:11:08 INFO AddIdentifyResult: 15575,013296473638,12,
2017-02-10 11:11:16 INFO AddIdentifyResult: 15575,013296473638,10,reg/013296473638_0210111156|reg/013296473638_0210111156|reg/013296473638_
2017-02-10 11:11:16 INFO UpdateUserState: 013296473638,1
2017-02-10 11:11:31 INFO AddIdentifyResult: 15576,013296473638,-1,
2017-02-10 11:11:37 INFO AddIdentifyResult: 15576,013296473638,-3,
2017-02-10 11:12:19 INFO AddIdentifyResult: 15577,013197028755,-1,
2017-02-10 11:12:29 INFO AddIdentifyResult: 15576,013296473638,0,ver/02/10/111354_013296473638.wav
2017-02-10 11:12:32 INFO AddIdentifyResult: 15577,013197028755,-3,
2017-02-10 11:12:44 INFO AddIdentifyResult: 15578,018366939806,-1,
2017-02-10 11:12:50 INFO AddIdentifyResult: 15578,018366939806,-3,
2017-02-10 11:14:22 INFO AddIdentifyResult: 15578,018366939806,12,
2017-02-10 11:14:29 INFO AddIdentifyResult: 15578,018366939806,10,reg/018366939806_0210111507|reg/018366939806_0210111507|reg/018366939806_
2017-02-10 11:14:29 INFO UpdateUserState: 018366939806,1
2017-02-10 11:14:30 INFO AddIdentifyResult: 15577,013197028755,12,
2017-02-10 11:14:37 INFO AddIdentifyResult: 15577,013197028755,10,reg/013197028755_0210111611|reg/013197028755_0210111611|reg/013197028755_0210111449
2017-02-10 11:14:37 INFO UpdateUserState: 013197028755,1
2017-02-10 11:14:41 INFO AddIdentifyResult: 15579,018366939806,-1,
2017-02-10 11:14:48 INFO AddIdentifyResult: 15579,018366939806,-3,
2017-02-10 11:15:15 INFO AddIdentifyResult: 15580,013197028755,-1,
2017-02-10 11:15:36 INFO AddIdentifyResult: 15580,013197028755,-3,
2017-02-10 11:15:40 INFO AddIdentifyResult: 15579,018366939806,0,ver/02/10/111705_018366939806.wav
2017-02-10 11:16:14 INFO AddIdentifyResult: 15581,013245463028,-1,
2017-02-10 11:16:24 INFO AddIdentifyResult: 15581,013245463028,-3,
2017-02-10 11:16:26 INFO AddIdentifyResult: 15581,013245463028,11,reg/013245463028_|reg/013245463028_|reg/013245463028_
2017-02-10 11:16:29 INFO AddIdentifyResult: 15580,013197028755,0,ver/02/10/111754_013197028755.wav
2017-02-10 11:17:09 INFO AddIdentifyResult: 15582,013245463028,-1,
2017-02-10 11:17:20 INFO AddIdentifyResult: 15582,013245463028,-3,
2017-02-10 11:19:05 INFO AddIdentifyResult: 15583,013237256522,-1,
2017-02-10 11:19:24 INFO AddIdentifyResult: 15582,013245463028,12,
2017-02-10 11:19:33 INFO AddIdentifyResult: 15582,013245463028,10,reg/013245463028_0210112057|reg/013245463028_0210112057|reg/013245463028_0210111937
2017-02-10 11:19:33 INFO UpdateUserState: 013245463028,1
2017-02-10 11:19:41 INFO AddIdentifyResult: 15584,013245463028,-1,
2017-02-10 11:19:42 INFO AddIdentifyResult: 15583,013237256522,-3,
2017-02-10 11:19:48 INFO AddIdentifyResult: 15584,013245463028,-3,
2017-02-10 11:19:54 INFO AddIdentifyResult: 15583,013237256522,11,reg/013237256522_|reg/013237256522_|reg/013237256522_
2017-02-10 11:20:20 INFO AddIdentifyResult: 15585,013237256522,-1,
2017-02-10 11:20:27 INFO AddIdentifyResult: 15585,013237256522,-3,
2017-02-10 11:20:40 INFO AddIdentifyResult: 15584,013245463028,0,ver/02/10/112205_013245463028.wav
2017-02-10 11:22:00 INFO AddIdentifyResult: 15585,013237256522,12,
2017-02-10 11:22:07 INFO AddIdentifyResult: 15585,013237256522,10,reg/013237256522_0210112245|reg/013237256522_0210112245|reg/013237256522_
2017-02-10 11:22:07 INFO UpdateUserState: 013237256522,1
2017-02-10 11:22:58 INFO AddIdentifyResult: 15586,013237256522,-1,
2017-02-10 11:23:07 INFO AddIdentifyResult: 15586,013237256522,-3,
2017-02-10 11:23:59 INFO AddIdentifyResult: 15586,013237256522,1,ver/02/10/112524_013237256522.wav
2017-02-10 11:26:42 INFO AddIdentifyResult: 15587,013237256522,-1,
2017-02-10 11:27:21 INFO AddIdentifyResult: 15587,013237256522,-3,
2017-02-10 11:28:14 INFO AddIdentifyResult: 15587,013237256522,1,ver/02/10/112939_013237256522.wav
2017-02-10 11:29:19 INFO AddIdentifyResult: 15588,013237256522,-1,
2017-02-10 11:29:31 INFO AddIdentifyResult: 15588,013237256522,-3,
2017-02-10 11:31:07 INFO AddIdentifyResult: 15588,013237256522,12,
2017-02-10 11:31:14 INFO AddIdentifyResult: 15588,013237256522,10,reg/013237256522_0210113148|reg/013237256522_0210113148|reg/013237256522_
2017-02-10 11:31:15 INFO UpdateUserState: 013237256522,1
2017-02-10 11:31:34 INFO AddIdentifyResult: 15589,013237256522,-1,
2017-02-10 11:31:47 INFO AddIdentifyResult: 15589,013237256522,-3,
2017-02-10 11:32:40 INFO AddIdentifyResult: 15589,013237256522,1,ver/02/10/113405_013237256522.wav
2017-02-10 11:34:48 INFO AddIdentifyResult: 15590,013237256522,-1,
2017-02-10 11:34:55 INFO AddIdentifyResult: 15590,013237256522,-3,
2017-02-10 11:36:31 INFO AddIdentifyResult: 15590,013237256522,12,
2017-02-10 11:36:39 INFO AddIdentifyResult: 15590,013237256522,10,reg/013237256522_0210113712|reg/013237256522_0210113712|reg/013237256522_
2017-02-10 11:36:39 INFO UpdateUserState: 013237256522,1
2017-02-10 11:37:49 INFO AddIdentifyResult: 15591,013237256522,-1,
2017-02-10 11:37:56 INFO AddIdentifyResult: 15591,013237256522,-3,
2017-02-10 11:38:48 INFO AddIdentifyResult: 15591,013237256522,0,ver/02/10/114013_013237256522.wav
2017-02-10 11:48:57 INFO AddIdentifyResult: 15592,0132986651302,-1,
2017-02-10 11:50:29 INFO AddIdentifyResult: 15593,013286651302,-1,
2017-02-10 11:50:46 INFO AddIdentifyResult: 15593,013286651302,-3,
2017-02-10 11:52:39 INFO AddIdentifyResult: 15593,013286651302,12,
2017-02-10 11:52:47 INFO AddIdentifyResult: 15593,013286651302,10,reg/013286651302_0210115303|reg/013286651302_0210115303|reg/013286651302_
2017-02-10 11:52:47 INFO UpdateUserState: 013286651302,1
2017-02-10 11:53:06 INFO AddIdentifyResult: 15594,013286651302,-1,
2017-02-10 11:53:18 INFO AddIdentifyResult: 15594,013286651302,-3,
2017-02-10 11:54:11 INFO AddIdentifyResult: 15594,013286651302,0,ver/02/10/115536_013286651302.wav
2017-02-10 11:59:03 INFO AddIdentifyResult: 15595,013042709233,-1,
2017-02-10 12:00:33 INFO AddIdentifyResult: 15596,013042709233,-1,
2017-02-10 12:00:44 INFO AddIdentifyResult: 15596,013042709233,-3,
2017-02-10 12:02:59 INFO AddIdentifyResult: 15596,013042709233,12,
2017-02-10 12:03:07 INFO AddIdentifyResult: 15596,013042709233,10,reg/013042709233_0210120302|reg/013042709233_0210120302|reg/013042709233_
2017-02-10 12:03:08 INFO UpdateUserState: 013042709233,1
2017-02-10 12:04:24 INFO AddIdentifyResult: 15597,013042709233,-1,
2017-02-10 12:04:33 INFO AddIdentifyResult: 15597,013042709233,-3,
2017-02-10 12:05:24 INFO AddIdentifyResult: 15597,013042709233,0,ver/02/10/120650_013042709233.wav
2017-02-10 12:16:35 INFO AddIdentifyResult: 15598,013042707211,-1,
2017-02-10 12:16:46 INFO AddIdentifyResult: 15598,013042707211,-3,
2017-02-10 12:19:09 INFO AddIdentifyResult: 15598,013042707211,12,
2017-02-10 12:19:15 INFO AddIdentifyResult: 15598,013042707211,10,reg/013042707211_0210122051|reg/013042707211_0210122051|reg/013042707211_0210121903
2017-02-10 12:19:15 INFO UpdateUserState: 013042707211,1
2017-02-10 12:19:51 INFO AddIdentifyResult: 15599,013042707211,-1,
2017-02-10 12:20:10 INFO AddIdentifyResult: 15599,013042707211,-3,
2017-02-10 12:21:02 INFO AddIdentifyResult: 15599,013042707211,1,ver/02/10/122228_013042707211.wav
2017-02-10 12:22:00 INFO AddIdentifyResult: 15600,013042707211,-1,
2017-02-10 12:22:15 INFO AddIdentifyResult: 15600,013042707211,-3,
2017-02-10 12:24:21 INFO AddIdentifyResult: 15600,013042707211,12,
2017-02-10 12:24:29 INFO AddIdentifyResult: 15600,013042707211,10,reg/013042707211_0210122432|reg/013042707211_0210122432|reg/013042707211_
2017-02-10 12:24:29 INFO UpdateUserState: 013042707211,1
2017-02-10 12:25:24 INFO AddIdentifyResult: 15601,013042707211,-1,
2017-02-10 12:25:43 INFO AddIdentifyResult: 15601,013042707211,-3,
2017-02-10 12:26:35 INFO AddIdentifyResult: 15601,013042707211,1,ver/02/10/122801_013042707211.wav
2017-02-10 12:27:23 INFO AddIdentifyResult: 15602,013042707211,-1,
2017-02-10 12:27:41 INFO AddIdentifyResult: 15602,013042707211,-3,
2017-02-10 12:28:33 INFO AddIdentifyResult: 15602,013042707211,1,ver/02/10/122959_013042707211.wav
2017-02-10 12:29:27 INFO AddIdentifyResult: 15603,013042707211,-1,
2017-02-10 12:29:47 INFO AddIdentifyResult: 15603,013042707211,-3,
2017-02-10 12:31:37 INFO AddIdentifyResult: 15603,013042707211,12,
2017-02-10 12:31:45 INFO AddIdentifyResult: 15603,013042707211,10,reg/013042707211_0210123204|reg/013042707211_0210123204|reg/013042707211_
2017-02-10 12:31:45 INFO UpdateUserState: 013042707211,1
2017-02-10 12:31:53 INFO AddIdentifyResult: 15604,013042707211,-1,
2017-02-10 12:32:01 INFO AddIdentifyResult: 15605,013042707211,-1,
2017-02-10 12:32:06 INFO AddIdentifyResult: 15604,013042707211,-3,
2017-02-10 12:32:58 INFO AddIdentifyResult: 15604,013042707211,0,ver/02/10/123424_013042707211.wav
2017-02-10 12:37:03 INFO AddIdentifyResult: 15606,013237256122,-1,
2017-02-10 12:37:11 INFO AddIdentifyResult: 15606,013237256122,-3,
2017-02-10 12:38:58 INFO AddIdentifyResult: 15606,013237256122,12,
2017-02-10 12:39:05 INFO AddIdentifyResult: 15606,013237256122,10,reg/013237256122_0210123928|reg/013237256122_0210123928|reg/013237256122_
2017-02-10 12:39:05 INFO UpdateUserState: 013237256122,1
2017-02-10 12:39:19 INFO AddIdentifyResult: 15607,013237256122,-1,
2017-02-10 12:39:59 INFO AddIdentifyResult: 15608,013237256122,-1,
2017-02-10 12:40:48 INFO AddIdentifyResult: 15609,013237256122,-1,
2017-02-10 12:40:56 INFO AddIdentifyResult: 15609,013237256122,-3,
2017-02-10 12:41:48 INFO AddIdentifyResult: 15609,013237256122,1,ver/02/10/124314_013237256122.wav
2017-02-10 12:42:23 INFO AddIdentifyResult: 15610,013237256122,-1,
2017-02-10 12:42:32 INFO AddIdentifyResult: 15610,013237256122,-3,
2017-02-10 12:42:37 INFO AddIdentifyResult: 15610,013237256122,1,
2017-02-10 12:42:38 INFO AddIdentifyResult: 15609,013237256122,2,
2017-02-10 12:43:11 INFO AddIdentifyResult: 15611,013237256122,-1,
2017-02-10 12:43:40 INFO AddIdentifyResult: 15611,013237256122,-3,
2017-02-10 12:44:32 INFO AddIdentifyResult: 15611,013237256122,0,ver/02/10/124557_013237256122.wav
2017-02-10 12:50:11 INFO AddIdentifyResult: 15612,013197028633,-1,
2017-02-10 12:50:19 INFO AddIdentifyResult: 15612,013197028633,-3,
2017-02-10 12:52:58 INFO AddIdentifyResult: 15612,013197028633,12,
2017-02-10 12:53:04 INFO AddIdentifyResult: 15612,013197028633,10,reg/013197028633_0210125451|reg/013197028633_0210125451|reg/013197028633_0210125236
2017-02-10 12:53:04 INFO UpdateUserState: 013197028633,1
2017-02-10 12:53:11 INFO AddIdentifyResult: 15613,013197028633,-1,
2017-02-10 12:53:25 INFO AddIdentifyResult: 15613,013197028633,-3,
2017-02-10 12:53:29 INFO AddIdentifyResult: 15614,013197028633,-1,
2017-02-10 12:54:16 INFO AddIdentifyResult: 15613,013197028633,0,ver/02/10/125542_013197028633.wav
2017-02-10 15:24:52 INFO AddIdentifyResult: 15615,013042709822,-1,
2017-02-10 15:25:00 INFO AddIdentifyResult: 15615,013042709822,-3,
2017-02-10 15:27:21 INFO AddIdentifyResult: 15615,013042709822,12,
2017-02-10 15:27:28 INFO AddIdentifyResult: 15615,013042709822,10,reg/013042709822_0210152717|reg/013042709822_0210152717|reg/013042709822_
2017-02-10 15:27:29 INFO UpdateUserState: 013042709822,1
2017-02-10 15:28:00 INFO AddIdentifyResult: 15616,013042709822,-1,
2017-02-10 15:28:11 INFO AddIdentifyResult: 15616,013042709822,-3,
2017-02-10 15:29:02 INFO AddIdentifyResult: 15616,013042709822,0,ver/02/10/153029_013042709822.wav
2017-02-10 16:08:21 INFO AddIdentifyResult: 15617,15671971687,-1,
2017-02-10 16:09:00 INFO AddIdentifyResult: 15618,18972666215,-1,
2017-02-10 16:09:13 INFO AddIdentifyResult: 15618,18972666215,-3,
2017-02-10 16:11:09 INFO AddIdentifyResult: 15618,18972666215,12,
2017-02-10 16:11:16 INFO AddIdentifyResult: 15618,18972666215,10,reg/18972666215_0210161256|reg/18972666215_0210161256|reg/18972666215_0210161131
2017-02-10 16:11:17 INFO UpdateUserState: 18972666215,1
2017-02-10 16:14:27 INFO AddIdentifyResult: 0,18972666215,0,ver/02/10/161553_18972666215.wav
