2017-01-09 08:55:37 INFO AddIdentifyResult: 13487,013280397263,-1,
2017-01-09 08:55:44 INFO AddIdentifyResult: 13487,013280397263,-3,
2017-01-09 08:58:12 INFO AddIdentifyResult: 13487,013280397263,12,
2017-01-09 08:58:20 INFO AddIdentifyResult: 13487,013280397263,10,reg/013280397263_0109085740|reg/013280397263_0109085740|reg/013280397263_
2017-01-09 08:58:20 INFO UpdateUserState: 013280397263,1
2017-01-09 08:59:54 INFO AddIdentifyResult: 13488,015266031962,-1,
2017-01-09 09:00:04 INFO AddIdentifyResult: 13488,015266031962,-3,
2017-01-09 09:00:53 INFO AddIdentifyResult: 13489,013280397282,-1,
2017-01-09 09:01:00 INFO AddIdentifyResult: 13489,013280397282,-3,
2017-01-09 09:02:21 INFO AddIdentifyResult: 13488,015266031962,12,
2017-01-09 09:02:32 INFO AddIdentifyResult: 13488,015266031962,10,reg/015266031962_0109090200|reg/015266031962_0109090200|reg/015266031962_
2017-01-09 09:02:32 INFO UpdateUserState: 015266031962,1
2017-01-09 09:03:37 INFO AddIdentifyResult: 13490,013205475597,-1,
2017-01-09 09:03:42 INFO AddIdentifyResult: 13489,013280397282,12,
2017-01-09 09:03:44 INFO AddIdentifyResult: 13490,013205475597,-3,
2017-01-09 09:03:52 INFO AddIdentifyResult: 13489,013280397282,10,reg/013280397282_0109090256|reg/013280397282_0109090256|reg/013280397282_
2017-01-09 09:03:53 INFO UpdateUserState: 013280397282,1
2017-01-09 09:05:00 INFO AddIdentifyResult: 13491,013280397297,-1,
2017-01-09 09:05:12 INFO AddIdentifyResult: 13491,013280397297,-3,
2017-01-09 09:05:34 INFO AddIdentifyResult: 13490,013205475597,12,
2017-01-09 09:05:41 INFO AddIdentifyResult: 13490,013205475597,10,reg/013205475597_0109090540|reg/013205475597_0109090540|reg/013205475597_
2017-01-09 09:05:41 INFO UpdateUserState: 013205475597,1
2017-01-09 09:06:32 INFO AddIdentifyResult: 13491,013280397297,12,
2017-01-09 09:06:39 INFO AddIdentifyResult: 13491,013280397297,10,reg/013280397297_0109090804|reg/013280397297_0109090804|reg/013280397297_0109090708
2017-01-09 09:06:39 INFO UpdateUserState: 013280397297,1
2017-01-09 09:07:59 INFO AddIdentifyResult: 13492,013205477019,-1,
2017-01-09 09:08:14 INFO AddIdentifyResult: 13492,013205477019,-3,
2017-01-09 09:08:55 INFO AddIdentifyResult: 13493,013280397313,-1,
2017-01-09 09:09:05 INFO AddIdentifyResult: 13493,013280397313,-3,
2017-01-09 09:10:17 INFO AddIdentifyResult: 13493,013280397313,12,
2017-01-09 09:10:24 INFO AddIdentifyResult: 13493,013280397313,10,reg/013280397313_0109091101|reg/013280397313_0109091101|reg/013280397313_
2017-01-09 09:10:24 INFO UpdateUserState: 013280397313,1
2017-01-09 09:10:24 INFO AddIdentifyResult: 13492,013205477019,12,
2017-01-09 09:10:32 INFO AddIdentifyResult: 13492,013205477019,10,reg/013205477019_0109091137|reg/013205477019_0109091137|reg/013205477019_0109091010
2017-01-09 09:10:32 INFO UpdateUserState: 013205477019,1
2017-01-09 09:13:50 INFO AddIdentifyResult: 13494,013475269626,-1,
2017-01-09 09:14:15 INFO AddIdentifyResult: 13495,013475269626,-1,
2017-01-09 09:14:31 INFO AddIdentifyResult: 13495,013475269626,-3,
2017-01-09 09:16:48 INFO AddIdentifyResult: 13495,013475269626,12,
2017-01-09 09:16:55 INFO AddIdentifyResult: 13495,013475269626,10,reg/013475269626_0109091627|reg/013475269626_0109091627|reg/013475269626_
2017-01-09 09:16:56 INFO UpdateUserState: 013475269626,1
2017-01-09 09:17:03 INFO AddIdentifyResult: 13496,013205476639,-1,
2017-01-09 09:17:09 INFO AddIdentifyResult: 13496,013205476639,-3,
2017-01-09 09:17:21 INFO AddIdentifyResult: 13496,013205476639,11,reg/013205476639_|reg/013205476639_|reg/013205476639_
2017-01-09 09:17:26 INFO AddIdentifyResult: 13497,013205476639,-1,
2017-01-09 09:17:33 INFO AddIdentifyResult: 13497,013205476639,-3,
2017-01-09 09:19:22 INFO AddIdentifyResult: 13498,013280397339,-1,
2017-01-09 09:19:24 INFO AddIdentifyResult: 13497,013205476639,12,
2017-01-09 09:19:28 INFO AddIdentifyResult: 13498,013280397339,-3,
2017-01-09 09:19:33 INFO AddIdentifyResult: 13497,013205476639,10,reg/013205476639_0109091929|reg/013205476639_0109091929|reg/013205476639_
2017-01-09 09:19:33 INFO UpdateUserState: 013205476639,1
2017-01-09 09:20:08 INFO AddIdentifyResult: 13498,013280397339,11,reg/013280397339_|reg/013280397339_|reg/013280397339_
2017-01-09 09:20:32 INFO AddIdentifyResult: 13499,013205477217,-1,
2017-01-09 09:20:34 INFO AddIdentifyResult: 13500,013280397339,-1,
2017-01-09 09:20:42 INFO AddIdentifyResult: 13501,013205477217,-1,
2017-01-09 09:20:45 INFO AddIdentifyResult: 13500,013280397339,-3,
2017-01-09 09:20:46 INFO AddIdentifyResult: 13501,013205477217,-3,
2017-01-09 09:23:01 INFO AddIdentifyResult: 13501,013205477217,12,
2017-01-09 09:23:09 INFO AddIdentifyResult: 13501,013205477217,10,reg/013205477217_0109092242|reg/013205477217_0109092242|reg/013205477217_
2017-01-09 09:23:10 INFO UpdateUserState: 013205477217,1
2017-01-09 09:23:57 INFO AddIdentifyResult: 13500,013280397339,12,
2017-01-09 09:24:04 INFO AddIdentifyResult: 13500,013280397339,10,reg/013280397339_0109092523|reg/013280397339_0109092523|reg/013280397339_0109092241
2017-01-09 09:24:04 INFO UpdateUserState: 013280397339,1
2017-01-09 09:25:54 INFO AddIdentifyResult: 13502,013665464613,-1,
2017-01-09 09:26:09 INFO AddIdentifyResult: 13502,013665464613,-3,
2017-01-09 09:28:29 INFO AddIdentifyResult: 13503,013205482067,-1,
2017-01-09 09:28:37 INFO AddIdentifyResult: 13503,013205482067,-3,
2017-01-09 09:28:56 INFO AddIdentifyResult: 13502,013665464613,12,
2017-01-09 09:29:03 INFO AddIdentifyResult: 13502,013665464613,10,reg/013665464613_0109092805|reg/013665464613_0109092805|reg/013665464613_
2017-01-09 09:29:03 INFO UpdateUserState: 013665464613,1
2017-01-09 09:30:26 INFO AddIdentifyResult: 13503,013205482067,12,
2017-01-09 09:30:35 INFO AddIdentifyResult: 13503,013205482067,10,reg/013205482067_0109093033|reg/013205482067_0109093033|reg/013205482067_
2017-01-09 09:30:35 INFO UpdateUserState: 013205482067,1
2017-01-09 09:30:41 INFO AddIdentifyResult: 13504,015954643722,-1,
2017-01-09 09:30:52 INFO AddIdentifyResult: 13504,015954643722,-3,
2017-01-09 09:32:44 INFO AddIdentifyResult: 13505,013280397395,-1,
2017-01-09 09:32:57 INFO AddIdentifyResult: 13505,013280397395,-3,
2017-01-09 09:33:20 INFO AddIdentifyResult: 13506,015954643722,-1,
2017-01-09 09:33:25 INFO AddIdentifyResult: 13506,015954643722,-3,
2017-01-09 09:35:18 INFO AddIdentifyResult: 13505,013280397395,12,
2017-01-09 09:35:26 INFO AddIdentifyResult: 13505,013280397395,10,reg/013280397395_0109093453|reg/013280397395_0109093453|reg/013280397395_
2017-01-09 09:35:26 INFO UpdateUserState: 013280397395,1
2017-01-09 09:36:20 INFO AddIdentifyResult: 13507,018766764094,-1,
2017-01-09 09:36:24 INFO AddIdentifyResult: 13506,015954643722,12,
2017-01-09 09:36:27 INFO AddIdentifyResult: 13504,015954643722,11,reg/015954643722_|reg/015954643722_|reg/015954643722_
2017-01-09 09:36:28 INFO AddIdentifyResult: 13507,018766764094,-3,
2017-01-09 09:36:30 INFO AddIdentifyResult: 13506,015954643722,10,reg/015954643722_0109093744|reg/015954643722_0109093744|reg/015954643722_0109093521
2017-01-09 09:36:30 INFO UpdateUserState: 015954643722,1
2017-01-09 09:37:13 INFO AddIdentifyResult: 13508,18971941860,-1,
2017-01-09 09:37:21 INFO AddIdentifyResult: 13508,18971941860,-3,
2017-01-09 09:38:23 INFO AddIdentifyResult: 13509,013205485379,-1,
2017-01-09 09:38:30 INFO AddIdentifyResult: 13509,013205485379,-3,
2017-01-09 09:38:58 INFO AddIdentifyResult: 13507,018766764094,12,
2017-01-09 09:39:07 INFO AddIdentifyResult: 13507,018766764094,10,reg/018766764094_0109093824|reg/018766764094_0109093824|reg/018766764094_
2017-01-09 09:39:07 INFO UpdateUserState: 018766764094,1
2017-01-09 09:39:09 INFO AddIdentifyResult: 13508,18971941860,12,
2017-01-09 09:39:16 INFO AddIdentifyResult: 13508,18971941860,10,reg/18971941860_0109093917|reg/18971941860_0109093917|reg/18971941860_
2017-01-09 09:39:17 INFO UpdateUserState: 18971941860,1
2017-01-09 09:39:47 INFO AddIdentifyResult: 13510,18971941860,-1,
2017-01-09 09:39:54 INFO AddIdentifyResult: 13510,18971941860,-3,
2017-01-09 09:40:14 INFO AddIdentifyResult: 13509,013205485379,12,
2017-01-09 09:40:22 INFO AddIdentifyResult: 13509,013205485379,10,reg/013205485379_0109094026|reg/013205485379_0109094026|reg/013205485379_
2017-01-09 09:40:22 INFO UpdateUserState: 013205485379,1
2017-01-09 09:40:36 INFO AddIdentifyResult: 13511,018054614841,-1,
2017-01-09 09:40:43 INFO AddIdentifyResult: 13511,018054614841,-3,
2017-01-09 09:40:47 INFO AddIdentifyResult: 13510,18971941860,0,ver/01/09/094151_18971941860.wav
2017-01-09 09:42:37 INFO AddIdentifyResult: 13511,018054614841,12,
2017-01-09 09:42:45 INFO AddIdentifyResult: 13511,018054614841,10,reg/018054614841_0109094239|reg/018054614841_0109094239|reg/018054614841_
2017-01-09 09:42:45 INFO UpdateUserState: 018054614841,1
2017-01-09 09:43:52 INFO AddIdentifyResult: 13512,013280397396,-1,
2017-01-09 09:44:02 INFO AddIdentifyResult: 13512,013280397396,-3,
2017-01-09 09:44:27 INFO AddIdentifyResult: 13512,013280397396,11,reg/013280397396_|reg/013280397396_|reg/013280397396_
2017-01-09 09:44:58 INFO AddIdentifyResult: 13513,013280397396,-1,
2017-01-09 09:45:04 INFO AddIdentifyResult: 13513,013280397396,-3,
2017-01-09 09:46:57 INFO AddIdentifyResult: 13513,013280397396,12,
2017-01-09 09:47:05 INFO AddIdentifyResult: 13513,013280397396,10,reg/013280397396_0109094700|reg/013280397396_0109094700|reg/013280397396_
2017-01-09 09:47:05 INFO UpdateUserState: 013280397396,1
2017-01-09 09:48:03 INFO AddIdentifyResult: 13514,013205485507,-1,
2017-01-09 09:48:12 INFO AddIdentifyResult: 13514,013205485507,-3,
2017-01-09 09:48:39 INFO AddIdentifyResult: 13515,013280397525,-1,
2017-01-09 09:48:51 INFO AddIdentifyResult: 13515,013280397525,-3,
2017-01-09 09:50:31 INFO AddIdentifyResult: 13514,013205485507,12,
2017-01-09 09:50:35 INFO AddIdentifyResult: 13515,013280397525,12,
2017-01-09 09:50:40 INFO AddIdentifyResult: 13514,013205485507,10,reg/013205485507_0109095008|reg/013205485507_0109095008|reg/013205485507_
2017-01-09 09:50:41 INFO UpdateUserState: 013205485507,1
2017-01-09 09:50:44 INFO AddIdentifyResult: 13516,018562939092,-1,
2017-01-09 09:50:47 INFO AddIdentifyResult: 13515,013280397525,10,reg/013280397525_0109095204|reg/013280397525_0109095204|reg/013280397525_0109095047
2017-01-09 09:50:47 INFO UpdateUserState: 013280397525,1
2017-01-09 09:50:53 INFO AddIdentifyResult: 13516,018562939092,-3,
2017-01-09 09:52:14 INFO AddIdentifyResult: 13516,018562939092,12,
2017-01-09 09:52:20 INFO AddIdentifyResult: 13516,018562939092,10,reg/018562939092_0109095249|reg/018562939092_0109095249|reg/018562939092_
2017-01-09 09:52:21 INFO UpdateUserState: 018562939092,1
2017-01-09 09:52:25 INFO AddIdentifyResult: 13517,18971940920,-1,
2017-01-09 09:52:27 INFO AddIdentifyResult: 13518,015275462662,-1,
2017-01-09 09:52:34 INFO AddIdentifyResult: 13518,015275462662,-3,
2017-01-09 09:52:36 INFO AddIdentifyResult: 13517,18971940920,-3,
2017-01-09 09:52:51 INFO AddIdentifyResult: 13519,013205486017,-1,
2017-01-09 09:53:07 INFO AddIdentifyResult: 13520,015275462664,-1,
2017-01-09 09:53:08 INFO AddIdentifyResult: 13519,013205486017,-3,
2017-01-09 09:53:11 INFO AddIdentifyResult: 13518,015275462662,11,reg/015275462662_|reg/015275462662_|reg/015275462662_
2017-01-09 09:53:22 INFO AddIdentifyResult: 13520,015275462664,-3,
2017-01-09 09:54:44 INFO AddIdentifyResult: 13517,18971940920,12,
2017-01-09 09:54:50 INFO AddIdentifyResult: 13517,18971940920,10,reg/18971940920_0109095432|reg/18971940920_0109095432|reg/18971940920_
2017-01-09 09:54:51 INFO UpdateUserState: 18971940920,1
2017-01-09 09:55:10 INFO AddIdentifyResult: 13521,18971940920,-1,
2017-01-09 09:55:18 INFO AddIdentifyResult: 13521,18971940920,-3,
2017-01-09 09:55:23 INFO AddIdentifyResult: 13519,013205486017,12,
2017-01-09 09:55:30 INFO AddIdentifyResult: 13520,015275462664,12,
2017-01-09 09:55:33 INFO AddIdentifyResult: 13519,013205486017,10,reg/013205486017_0109095504|reg/013205486017_0109095504|reg/013205486017_
2017-01-09 09:55:33 INFO UpdateUserState: 013205486017,1
2017-01-09 09:55:34 INFO AddIdentifyResult: 13522,013954653053,-1,
2017-01-09 09:55:40 INFO AddIdentifyResult: 13520,015275462664,10,reg/015275462664_0109095703|reg/015275462664_0109095703|reg/015275462664_0109095518
2017-01-09 09:55:40 INFO UpdateUserState: 015275462664,1
2017-01-09 09:55:40 INFO AddIdentifyResult: 13522,013954653053,-3,
2017-01-09 09:56:10 INFO AddIdentifyResult: 13521,18971940920,0,ver/01/09/095715_18971940920.wav
2017-01-09 09:57:20 INFO AddIdentifyResult: 13523,013280397552,-1,
2017-01-09 09:57:53 INFO AddIdentifyResult: 13524,013280397552,-1,
2017-01-09 09:57:54 INFO AddIdentifyResult: 13522,013954653053,12,
2017-01-09 09:58:03 INFO AddIdentifyResult: 13522,013954653053,10,reg/013954653053_0109095736|reg/013954653053_0109095736|reg/013954653053_
2017-01-09 09:58:03 INFO UpdateUserState: 013954653053,1
2017-01-09 09:58:12 INFO AddIdentifyResult: 13524,013280397552,-3,
2017-01-09 09:58:29 INFO AddIdentifyResult: 13525,013205487139,-1,
2017-01-09 09:58:38 INFO AddIdentifyResult: 13525,013205487139,-3,
2017-01-09 09:58:43 INFO AddIdentifyResult: 13524,013280397552,11,reg/013280397552_|reg/013280397552_|reg/013280397552_
2017-01-09 09:59:20 INFO AddIdentifyResult: 13526,015154630617,-1,
2017-01-09 09:59:34 INFO AddIdentifyResult: 13526,015154630617,-3,
2017-01-09 10:00:33 INFO AddIdentifyResult: 13525,013205487139,12,
2017-01-09 10:00:42 INFO AddIdentifyResult: 13525,013205487139,10,reg/013205487139_0109100034|reg/013205487139_0109100034|reg/013205487139_
2017-01-09 10:00:42 INFO UpdateUserState: 013205487139,1
2017-01-09 10:01:28 INFO AddIdentifyResult: 13527,013205488509,-1,
2017-01-09 10:01:38 INFO AddIdentifyResult: 13526,015154630617,12,
2017-01-09 10:01:44 INFO AddIdentifyResult: 13527,013205488509,-3,
2017-01-09 10:01:45 INFO AddIdentifyResult: 13526,015154630617,10,reg/015154630617_0109100130|reg/015154630617_0109100130|reg/015154630617_
2017-01-09 10:01:45 INFO UpdateUserState: 015154630617,1
2017-01-09 10:01:54 INFO AddIdentifyResult: 13528,013280397552,-1,
2017-01-09 10:02:14 INFO AddIdentifyResult: 13528,013280397552,-3,
2017-01-09 10:02:22 INFO AddIdentifyResult: 13529,013483214464,-1,
2017-01-09 10:02:40 INFO AddIdentifyResult: 13530,013483214464,-1,
2017-01-09 10:02:49 INFO AddIdentifyResult: 13530,013483214464,-3,
2017-01-09 10:03:04 INFO AddIdentifyResult: 13530,013483214464,11,reg/013483214464_|reg/013483214464_|reg/013483214464_
2017-01-09 10:03:10 INFO AddIdentifyResult: 13531,013483214464,-1,
2017-01-09 10:03:17 INFO AddIdentifyResult: 13531,013483214464,-3,
2017-01-09 10:04:37 INFO AddIdentifyResult: 13528,013280397552,12,
2017-01-09 10:04:41 INFO AddIdentifyResult: 13527,013205488509,12,
2017-01-09 10:04:44 INFO AddIdentifyResult: 13528,013280397552,10,reg/013280397552_0109100410|reg/013280397552_0109100410|reg/013280397552_
2017-01-09 10:04:44 INFO UpdateUserState: 013280397552,1
2017-01-09 10:04:52 INFO AddIdentifyResult: 13527,013205488509,10,reg/013205488509_0109100400|reg/013205488509_0109100400|reg/013205488509_0109100340
2017-01-09 10:04:52 INFO UpdateUserState: 013205488509,1
2017-01-09 10:04:57 INFO AddIdentifyResult: 13531,013483214464,12,
2017-01-09 10:05:04 INFO AddIdentifyResult: 13531,013483214464,10,reg/013483214464_0109100513|reg/013483214464_0109100513|reg/013483214464_
2017-01-09 10:05:04 INFO UpdateUserState: 013483214464,1
2017-01-09 10:05:35 INFO AddIdentifyResult: 13532,013483214464,-1,
2017-01-09 10:05:42 INFO AddIdentifyResult: 13532,013483214464,-3,
2017-01-09 10:06:06 INFO AddIdentifyResult: 13533,013205492179,-1,
2017-01-09 10:06:11 INFO AddIdentifyResult: 13533,013205492179,-3,
2017-01-09 10:06:34 INFO AddIdentifyResult: 13532,013483214464,0,ver/01/09/100738_013483214464.wav
2017-01-09 10:07:11 INFO AddIdentifyResult: 13534,015265862752,-1,
2017-01-09 10:07:29 INFO AddIdentifyResult: 13534,015265862752,-3,
2017-01-09 10:07:48 INFO AddIdentifyResult: 13534,015265862752,11,reg/015265862752_|reg/015265862752_|reg/015265862752_
2017-01-09 10:08:22 INFO AddIdentifyResult: 13533,013205492179,12,
2017-01-09 10:08:30 INFO AddIdentifyResult: 13533,013205492179,10,reg/013205492179_0109100807|reg/013205492179_0109100807|reg/013205492179_
2017-01-09 10:08:30 INFO UpdateUserState: 013205492179,1
2017-01-09 10:08:31 INFO AddIdentifyResult: 13535,015265862752,-1,
2017-01-09 10:08:39 INFO AddIdentifyResult: 13535,015265862752,-3,
2017-01-09 10:09:25 INFO AddIdentifyResult: 13536,013205493019,-1,
2017-01-09 10:09:32 INFO AddIdentifyResult: 13536,013205493019,-3,
2017-01-09 10:10:36 INFO AddIdentifyResult: 13535,015265862752,12,
2017-01-09 10:10:43 INFO AddIdentifyResult: 13535,015265862752,10,reg/015265862752_0109101035|reg/015265862752_0109101035|reg/015265862752_
2017-01-09 10:10:43 INFO UpdateUserState: 015265862752,1
2017-01-09 10:10:47 INFO AddIdentifyResult: 13537,013280397573,-1,
2017-01-09 10:10:55 INFO AddIdentifyResult: 13537,013280397573,-3,
2017-01-09 10:11:25 INFO AddIdentifyResult: 13536,013205493019,12,
2017-01-09 10:11:32 INFO AddIdentifyResult: 13536,013205493019,10,reg/013205493019_0109101128|reg/013205493019_0109101128|reg/013205493019_
2017-01-09 10:11:32 INFO UpdateUserState: 013205493019,1
2017-01-09 10:11:38 INFO AddIdentifyResult: 13538,013864750459,-1,
2017-01-09 10:11:46 INFO AddIdentifyResult: 13538,013864750459,-3,
2017-01-09 10:12:50 INFO AddIdentifyResult: 13537,013280397573,12,
2017-01-09 10:12:57 INFO AddIdentifyResult: 13537,013280397573,10,reg/013280397573_0109101251|reg/013280397573_0109101251|reg/013280397573_
2017-01-09 10:12:57 INFO UpdateUserState: 013280397573,1
2017-01-09 10:13:35 INFO AddIdentifyResult: 13539,018754677369,-1,
2017-01-09 10:13:40 INFO AddIdentifyResult: 13538,013864750459,12,
2017-01-09 10:13:46 INFO AddIdentifyResult: 13539,018754677369,-3,
2017-01-09 10:13:47 INFO AddIdentifyResult: 13538,013864750459,10,reg/013864750459_0109101342|reg/013864750459_0109101342|reg/013864750459_
2017-01-09 10:13:47 INFO UpdateUserState: 013864750459,1
2017-01-09 10:14:01 INFO AddIdentifyResult: 13540,013205495237,-1,
2017-01-09 10:14:08 INFO AddIdentifyResult: 13540,013205495237,-3,
2017-01-09 10:15:43 INFO AddIdentifyResult: 13540,013205495237,12,
2017-01-09 10:15:50 INFO AddIdentifyResult: 13540,013205495237,10,reg/013205495237_0109101604|reg/013205495237_0109101604|reg/013205495237_
2017-01-09 10:15:50 INFO UpdateUserState: 013205495237,1
2017-01-09 10:16:01 INFO AddIdentifyResult: 13541,013562254941,-1,
2017-01-09 10:16:07 INFO AddIdentifyResult: 13541,013562254941,-3,
2017-01-09 10:17:26 INFO AddIdentifyResult: 13539,018754677369,11,reg/018754677369_|reg/018754677369_|reg/018754677369_
2017-01-09 10:17:43 INFO AddIdentifyResult: 13542,013280397960,-1,
2017-01-09 10:17:54 INFO AddIdentifyResult: 13541,013562254941,12,
2017-01-09 10:17:54 INFO AddIdentifyResult: 13542,013280397960,-3,
2017-01-09 10:18:01 INFO AddIdentifyResult: 13541,013562254941,10,reg/013562254941_0109101803|reg/013562254941_0109101803|reg/013562254941_
2017-01-09 10:18:02 INFO UpdateUserState: 013562254941,1
2017-01-09 10:19:50 INFO AddIdentifyResult: 13543,013205495267,-1,
2017-01-09 10:20:18 INFO AddIdentifyResult: 13542,013280397960,12,
2017-01-09 10:20:25 INFO AddIdentifyResult: 13542,013280397960,10,reg/013280397960_0109102143|reg/013280397960_0109102143|reg/013280397960_0109101950
2017-01-09 10:20:25 INFO UpdateUserState: 013280397960,1
2017-01-09 10:20:30 INFO AddIdentifyResult: 13544,018754677369,-1,
2017-01-09 10:20:40 INFO AddIdentifyResult: 13544,018754677369,-3,
2017-01-09 10:22:30 INFO AddIdentifyResult: 13545,013205495267,-1,
2017-01-09 10:23:55 INFO AddIdentifyResult: 13544,018754677369,12,
2017-01-09 10:24:01 INFO AddIdentifyResult: 13544,018754677369,10,reg/018754677369_0109102510|reg/018754677369_0109102510|reg/018754677369_0109102236
2017-01-09 10:24:01 INFO UpdateUserState: 018754677369,1
2017-01-09 10:25:04 INFO AddIdentifyResult: 13546,013205495267,-1,
2017-01-09 10:25:16 INFO AddIdentifyResult: 13546,013205495267,-3,
2017-01-09 10:26:01 INFO AddIdentifyResult: 13547,013280398319,-1,
2017-01-09 10:27:24 INFO AddIdentifyResult: 13546,013205495267,12,
2017-01-09 10:27:32 INFO AddIdentifyResult: 13546,013205495267,10,reg/013205495267_0109102712|reg/013205495267_0109102712|reg/013205495267_
2017-01-09 10:27:32 INFO UpdateUserState: 013205495267,1
2017-01-09 10:27:42 INFO AddIdentifyResult: 13548,013280398319,-1,
2017-01-09 10:27:52 INFO AddIdentifyResult: 13548,013280398319,-3,
2017-01-09 10:29:44 INFO AddIdentifyResult: 13548,013280398319,11,reg/013280398319_|reg/013280398319_|reg/013280398319_
2017-01-09 10:30:32 INFO AddIdentifyResult: 13549,013205496187,-1,
2017-01-09 10:30:42 INFO AddIdentifyResult: 13549,013205496187,-3,
2017-01-09 10:30:42 INFO AddIdentifyResult: 13550,013280398319,-1,
2017-01-09 10:30:51 INFO AddIdentifyResult: 13550,013280398319,-3,
2017-01-09 10:32:19 INFO AddIdentifyResult: 13549,013205496187,12,
2017-01-09 10:32:26 INFO AddIdentifyResult: 13549,013205496187,10,reg/013205496187_0109103238|reg/013205496187_0109103238|reg/013205496187_
2017-01-09 10:32:26 INFO UpdateUserState: 013205496187,1
2017-01-09 10:32:31 INFO AddIdentifyResult: 13551,015166270803,-1,
2017-01-09 10:32:33 INFO AddIdentifyResult: 13550,013280398319,12,
2017-01-09 10:32:41 INFO AddIdentifyResult: 13550,013280398319,10,reg/013280398319_0109103247|reg/013280398319_0109103247|reg/013280398319_
2017-01-09 10:32:41 INFO UpdateUserState: 013280398319,1
2017-01-09 10:33:00 INFO AddIdentifyResult: 13552,015166270803,-1,
2017-01-09 10:33:09 INFO AddIdentifyResult: 13552,015166270803,-3,
2017-01-09 10:34:04 INFO AddIdentifyResult: 13553,013280398532,-1,
2017-01-09 10:34:11 INFO AddIdentifyResult: 13553,013280398532,-3,
2017-01-09 10:35:02 INFO AddIdentifyResult: 13552,015166270803,12,
2017-01-09 10:35:10 INFO AddIdentifyResult: 13552,015166270803,10,reg/015166270803_0109103505|reg/015166270803_0109103505|reg/015166270803_
2017-01-09 10:35:10 INFO UpdateUserState: 015166270803,1
2017-01-09 10:36:06 INFO AddIdentifyResult: 13553,013280398532,12,
2017-01-09 10:36:13 INFO AddIdentifyResult: 13553,013280398532,10,reg/013280398532_0109103607|reg/013280398532_0109103607|reg/013280398532_
2017-01-09 10:36:14 INFO UpdateUserState: 013280398532,1
2017-01-09 10:37:29 INFO AddIdentifyResult: 13554,013210302569,-1,
2017-01-09 10:37:36 INFO AddIdentifyResult: 13554,013210302569,-3,
2017-01-09 10:38:15 INFO AddIdentifyResult: 13555,013406122773,-1,
2017-01-09 10:38:25 INFO AddIdentifyResult: 13555,013406122773,-3,
2017-01-09 10:39:15 INFO AddIdentifyResult: 13554,013210302569,12,
2017-01-09 10:39:22 INFO AddIdentifyResult: 13554,013210302569,10,reg/013210302569_0109103932|reg/013210302569_0109103932|reg/013210302569_
2017-01-09 10:39:22 INFO UpdateUserState: 013210302569,1
2017-01-09 10:39:48 INFO AddIdentifyResult: 13556,013210338668,-1,
2017-01-09 10:39:54 INFO AddIdentifyResult: 13556,013210338668,-3,
2017-01-09 10:40:17 INFO AddIdentifyResult: 13555,013406122773,12,
2017-01-09 10:40:25 INFO AddIdentifyResult: 13555,013406122773,10,reg/013406122773_0109104021|reg/013406122773_0109104021|reg/013406122773_
2017-01-09 10:40:25 INFO UpdateUserState: 013406122773,1
2017-01-09 10:40:27 INFO AddIdentifyResult: 13557,013280399015,-1,
2017-01-09 10:40:35 INFO AddIdentifyResult: 13557,013280399015,-3,
2017-01-09 10:41:08 INFO AddIdentifyResult: 13557,013280399015,11,reg/013280399015_|reg/013280399015_|reg/013280399015_
2017-01-09 10:41:24 INFO AddIdentifyResult: 13558,015166270803,-1,
2017-01-09 10:41:40 INFO AddIdentifyResult: 13558,015166270803,-3,
2017-01-09 10:41:59 INFO AddIdentifyResult: 13559,013280399015,-1,
2017-01-09 10:42:02 INFO AddIdentifyResult: 13558,015166270803,11,reg/015166270803_|reg/015166270803_|reg/015166270803_
2017-01-09 10:42:07 INFO AddIdentifyResult: 13559,013280399015,-3,
2017-01-09 10:42:20 INFO AddIdentifyResult: 13556,013210338668,12,
2017-01-09 10:42:28 INFO AddIdentifyResult: 13556,013210338668,10,reg/013210338668_0109104151|reg/013210338668_0109104151|reg/013210338668_
2017-01-09 10:42:28 INFO UpdateUserState: 013210338668,1
2017-01-09 10:44:08 INFO AddIdentifyResult: 13559,013280399015,11,reg/013280399015_|reg/013280399015_|reg/013280399015_
2017-01-09 10:44:28 INFO AddIdentifyResult: 13560,013280399015,-1,
2017-01-09 10:44:35 INFO AddIdentifyResult: 13560,013280399015,-3,
2017-01-09 10:44:40 INFO AddIdentifyResult: 13561,015265869313,-1,
2017-01-09 10:44:47 INFO AddIdentifyResult: 13561,015265869313,-3,
2017-01-09 10:46:13 INFO AddIdentifyResult: 13560,013280399015,12,
2017-01-09 10:46:20 INFO AddIdentifyResult: 13560,013280399015,10,reg/013280399015_0109104631|reg/013280399015_0109104631|reg/013280399015_
2017-01-09 10:46:20 INFO UpdateUserState: 013280399015,1
2017-01-09 10:47:19 INFO AddIdentifyResult: 13562,13197011031,-1,
2017-01-09 10:47:23 INFO AddIdentifyResult: 13563,013280398772,-1,
2017-01-09 10:47:28 INFO AddIdentifyResult: 13563,013280398772,-3,
2017-01-09 10:47:45 INFO AddIdentifyResult: 13564,13197011031,-1,
2017-01-09 10:48:58 INFO AddIdentifyResult: 13563,013280398772,12,
2017-01-09 10:49:05 INFO AddIdentifyResult: 13563,013280398772,10,reg/013280398772_0109104924|reg/013280398772_0109104924|reg/013280398772_
2017-01-09 10:49:05 INFO UpdateUserState: 013280398772,1
2017-01-09 10:49:12 INFO AddIdentifyResult: 13565,013197011031,-1,
2017-01-09 10:49:32 INFO AddIdentifyResult: 13565,013197011031,-3,
2017-01-09 10:49:38 INFO AddIdentifyResult: 13561,015265869313,11,reg/015265869313_|reg/015265869313_|reg/015265869313_
2017-01-09 10:50:00 INFO AddIdentifyResult: 13566,015265869313,-1,
2017-01-09 10:50:06 INFO AddIdentifyResult: 13565,013197011031,11,reg/013197011031_|reg/013197011031_|reg/013197011031_
2017-01-09 10:50:10 INFO AddIdentifyResult: 13566,015265869313,-3,
2017-01-09 10:50:28 INFO AddIdentifyResult: 13567,013197011031,-1,
2017-01-09 10:50:37 INFO AddIdentifyResult: 13567,013197011031,-3,
2017-01-09 10:51:02 INFO AddIdentifyResult: 13568,013280399509,-1,
2017-01-09 10:51:09 INFO AddIdentifyResult: 13568,013280399509,-3,
2017-01-09 10:51:27 INFO AddIdentifyResult: 13567,013197011031,11,reg/013197011031_|reg/013197011031_|reg/013197011031_
2017-01-09 10:51:55 INFO AddIdentifyResult: 13569,013197011031,-1,
2017-01-09 10:52:06 INFO AddIdentifyResult: 13569,013197011031,-3,
2017-01-09 10:52:16 INFO AddIdentifyResult: 13570,18163589776,-1,
2017-01-09 10:52:30 INFO AddIdentifyResult: 13571,018186596183,-1,
2017-01-09 10:52:31 INFO AddIdentifyResult: 13566,015265869313,12,
2017-01-09 10:52:39 INFO AddIdentifyResult: 13566,015265869313,10,reg/015265869313_0109105218|reg/015265869313_0109105218|reg/015265869313_0109105207
2017-01-09 10:52:40 INFO UpdateUserState: 015265869313,1
2017-01-09 10:52:54 INFO AddIdentifyResult: 13568,013280399509,12,
2017-01-09 10:53:01 INFO AddIdentifyResult: 13568,013280399509,10,reg/013280399509_0109105424|reg/013280399509_0109105424|reg/013280399509_0109105306
2017-01-09 10:53:02 INFO UpdateUserState: 013280399509,1
2017-01-09 10:53:09 INFO AddIdentifyResult: 13572,013210346576,-1,
2017-01-09 10:53:11 INFO AddIdentifyResult: 13573,018186596183,-1,
2017-01-09 10:53:12 INFO AddIdentifyResult: 13574,18163589776,-1,
2017-01-09 10:53:29 INFO AddIdentifyResult: 13572,013210346576,-3,
2017-01-09 10:53:43 INFO AddIdentifyResult: 13575,018186596183,-1,
2017-01-09 10:54:03 INFO AddIdentifyResult: 13576,18163589776,-1,
2017-01-09 10:54:07 INFO AddIdentifyResult: 13569,013197011031,12,
2017-01-09 10:54:14 INFO AddIdentifyResult: 13569,013197011031,10,reg/013197011031_0109105402|reg/013197011031_0109105402|reg/013197011031_
2017-01-09 10:54:14 INFO UpdateUserState: 013197011031,1
2017-01-09 10:54:14 INFO AddIdentifyResult: 13577,018186596183,-1,
2017-01-09 10:54:33 INFO AddIdentifyResult: 13578,013280399285,-1,
2017-01-09 10:54:39 INFO AddIdentifyResult: 13579,013197011031,-1,
2017-01-09 10:54:39 INFO AddIdentifyResult: 13578,013280399285,-3,
2017-01-09 10:54:50 INFO AddIdentifyResult: 13578,013280399285,11,reg/013280399285_|reg/013280399285_|reg/013280399285_
2017-01-09 10:54:55 INFO AddIdentifyResult: 13580,013280399285,-1,
2017-01-09 10:55:00 INFO AddIdentifyResult: 13580,013280399285,-3,
2017-01-09 10:55:14 INFO AddIdentifyResult: 13581,013197011031,-1,
2017-01-09 10:55:18 INFO AddIdentifyResult: 13572,013210346576,12,
2017-01-09 10:55:26 INFO AddIdentifyResult: 13572,013210346576,10,reg/013210346576_0109105637|reg/013210346576_0109105637|reg/013210346576_0109105525
2017-01-09 10:55:26 INFO UpdateUserState: 013210346576,1
2017-01-09 10:55:37 INFO AddIdentifyResult: 13582,018186596183,-1,
2017-01-09 10:56:35 INFO AddIdentifyResult: 13580,013280399285,12,
2017-01-09 10:56:42 INFO AddIdentifyResult: 13580,013280399285,10,reg/013280399285_0109105809|reg/013280399285_0109105809|reg/013280399285_0109105656
2017-01-09 10:56:42 INFO UpdateUserState: 013280399285,1
2017-01-09 10:56:45 INFO AddIdentifyResult: 13583,013197011031,-1,
2017-01-09 10:56:53 INFO AddIdentifyResult: 13583,013197011031,-3,
2017-01-09 10:56:55 INFO AddIdentifyResult: 13584,013280399262,-1,
2017-01-09 10:57:02 INFO AddIdentifyResult: 13584,013280399262,-3,
2017-01-09 10:57:44 INFO AddIdentifyResult: 13583,013197011031,0,ver/01/09/105849_013197011031.wav
2017-01-09 10:58:31 INFO AddIdentifyResult: 13584,013280399262,12,
2017-01-09 10:58:38 INFO AddIdentifyResult: 13584,013280399262,10,reg/013280399262_0109105858|reg/013280399262_0109105858|reg/013280399262_
2017-01-09 10:58:38 INFO UpdateUserState: 013280399262,1
2017-01-09 11:00:18 INFO AddIdentifyResult: 13585,18163589776,-1,
2017-01-09 11:01:06 INFO AddIdentifyResult: 13586,015552402833,-1,
2017-01-09 11:01:13 INFO AddIdentifyResult: 13586,015552402833,-3,
2017-01-09 11:01:23 INFO AddIdentifyResult: 13586,015552402833,11,reg/015552402833_|reg/015552402833_|reg/015552402833_
2017-01-09 11:01:24 INFO AddIdentifyResult: 13587,15342541092,-1,
2017-01-09 11:01:27 INFO AddIdentifyResult: 13588,015552402833,-1,
2017-01-09 11:01:34 INFO AddIdentifyResult: 13588,015552402833,-3,
2017-01-09 11:01:39 INFO AddIdentifyResult: 13587,15342541092,-3,
2017-01-09 11:03:14 INFO AddIdentifyResult: 13588,015552402833,12,
2017-01-09 11:03:21 INFO AddIdentifyResult: 13588,015552402833,10,reg/015552402833_0109110330|reg/015552402833_0109110330|reg/015552402833_
2017-01-09 11:03:21 INFO UpdateUserState: 015552402833,1
2017-01-09 11:03:30 INFO AddIdentifyResult: 13589,013285460050,-1,
2017-01-09 11:03:41 INFO AddIdentifyResult: 13589,013285460050,-3,
2017-01-09 11:03:55 INFO AddIdentifyResult: 13589,013285460050,11,reg/013285460050_|reg/013285460050_|reg/013285460050_
2017-01-09 11:04:40 INFO AddIdentifyResult: 13590,013285460050,-1,
2017-01-09 11:04:55 INFO AddIdentifyResult: 13590,013285460050,-3,
2017-01-09 11:05:09 INFO AddIdentifyResult: 13587,15342541092,12,
2017-01-09 11:05:15 INFO AddIdentifyResult: 13587,15342541092,10,reg/15342541092_0109110607|reg/15342541092_0109110607|reg/15342541092_0109110335
2017-01-09 11:05:15 INFO UpdateUserState: 15342541092,1
2017-01-09 11:06:34 INFO AddIdentifyResult: 0,15342541092,0,ver/01/09/110740_15342541092.wav
2017-01-09 11:07:07 INFO AddIdentifyResult: 13590,013285460050,12,
2017-01-09 11:07:14 INFO AddIdentifyResult: 13590,013285460050,10,reg/013285460050_0109110828|reg/013285460050_0109110828|reg/013285460050_0109110652
2017-01-09 11:07:14 INFO UpdateUserState: 013285460050,1
2017-01-09 11:09:34 INFO AddIdentifyResult: 13592,013280399510,-1,
2017-01-09 11:09:40 INFO AddIdentifyResult: 13592,013280399510,-3,
2017-01-09 11:11:45 INFO AddIdentifyResult: 13592,013280399510,12,
2017-01-09 11:11:45 INFO AddIdentifyResult: 13593,013210347967,-1,
2017-01-09 11:11:54 INFO AddIdentifyResult: 13592,013280399510,10,reg/013280399510_0109111137|reg/013280399510_0109111137|reg/013280399510_
2017-01-09 11:11:54 INFO UpdateUserState: 013280399510,1
2017-01-09 11:11:54 INFO AddIdentifyResult: 13593,013210347967,-3,
2017-01-09 11:13:50 INFO AddIdentifyResult: 13593,013210347967,12,
2017-01-09 11:13:57 INFO AddIdentifyResult: 13593,013210347967,10,reg/013210347967_0109111350|reg/013210347967_0109111350|reg/013210347967_
2017-01-09 11:13:57 INFO UpdateUserState: 013210347967,1
2017-01-09 11:16:21 INFO AddIdentifyResult: 13594,013280399671,-1,
2017-01-09 11:16:29 INFO AddIdentifyResult: 13594,013280399671,-3,
2017-01-09 11:16:45 INFO AddIdentifyResult: 13594,013280399671,11,reg/013280399671_|reg/013280399671_|reg/013280399671_
2017-01-09 11:16:51 INFO AddIdentifyResult: 13595,013280399671,-1,
2017-01-09 11:16:55 INFO AddIdentifyResult: 13595,013280399671,-3,
2017-01-09 11:18:23 INFO AddIdentifyResult: 13595,013280399671,12,
2017-01-09 11:18:29 INFO AddIdentifyResult: 13595,013280399671,10,reg/013280399671_0109111851|reg/013280399671_0109111851|reg/013280399671_
2017-01-09 11:18:29 INFO UpdateUserState: 013280399671,1
2017-01-09 11:18:39 INFO AddIdentifyResult: 13596,015066083839,-1,
2017-01-09 11:18:52 INFO AddIdentifyResult: 13596,015066083839,-3,
2017-01-09 11:20:26 INFO AddIdentifyResult: 13596,015066083839,12,
2017-01-09 11:20:32 INFO AddIdentifyResult: 13596,015066083839,10,reg/015066083839_0109112202|reg/015066083839_0109112202|reg/015066083839_0109112049
2017-01-09 11:20:32 INFO UpdateUserState: 015066083839,1
2017-01-09 11:20:55 INFO AddIdentifyResult: 13597,013280399639,-1,
2017-01-09 11:21:07 INFO AddIdentifyResult: 13597,013280399639,-3,
2017-01-09 11:21:25 INFO AddIdentifyResult: 13597,013280399639,11,reg/013280399639_|reg/013280399639_|reg/013280399639_
2017-01-09 11:21:35 INFO AddIdentifyResult: 13598,013280399639,-1,
2017-01-09 11:21:42 INFO AddIdentifyResult: 13598,013280399639,-3,
2017-01-09 11:23:00 INFO AddIdentifyResult: 13599,015615043265,-1,
2017-01-09 11:23:07 INFO AddIdentifyResult: 13599,015615043265,-3,
2017-01-09 11:23:25 INFO AddIdentifyResult: 13598,013280399639,12,
2017-01-09 11:23:31 INFO AddIdentifyResult: 13598,013280399639,10,reg/013280399639_0109112338|reg/013280399639_0109112338|reg/013280399639_
2017-01-09 11:23:32 INFO UpdateUserState: 013280399639,1
2017-01-09 11:24:15 INFO AddIdentifyResult: 13600,018254697406,-1,
2017-01-09 11:24:28 INFO AddIdentifyResult: 13600,018254697406,-3,
2017-01-09 11:24:34 INFO AddIdentifyResult: 13599,015615043265,12,
2017-01-09 11:24:41 INFO AddIdentifyResult: 13599,015615043265,10,reg/015615043265_0109112604|reg/015615043265_0109112604|reg/015615043265_0109112504
2017-01-09 11:24:41 INFO UpdateUserState: 015615043265,1
2017-01-09 11:26:00 INFO AddIdentifyResult: 13600,018254697406,12,
2017-01-09 11:26:07 INFO AddIdentifyResult: 13600,018254697406,10,reg/018254697406_0109112624|reg/018254697406_0109112624|reg/018254697406_
2017-01-09 11:26:07 INFO UpdateUserState: 018254697406,1
2017-01-09 11:28:31 INFO AddIdentifyResult: 13601,013280399705,-1,
2017-01-09 11:28:38 INFO AddIdentifyResult: 13601,013280399705,-3,
2017-01-09 11:30:30 INFO AddIdentifyResult: 13601,013280399705,12,
2017-01-09 11:30:37 INFO AddIdentifyResult: 13601,013280399705,10,reg/013280399705_0109113034|reg/013280399705_0109113034|reg/013280399705_
2017-01-09 11:30:37 INFO UpdateUserState: 013280399705,1
2017-01-09 11:31:52 INFO AddIdentifyResult: 13602,013210347806,-1,
2017-01-09 11:31:57 INFO AddIdentifyResult: 13602,013210347806,-3,
2017-01-09 11:32:31 INFO AddIdentifyResult: 13603,013280399582,-1,
2017-01-09 11:32:41 INFO AddIdentifyResult: 13603,013280399582,-3,
2017-01-09 11:33:50 INFO AddIdentifyResult: 13602,013210347806,12,
2017-01-09 11:33:58 INFO AddIdentifyResult: 13602,013210347806,10,reg/013210347806_0109113354|reg/013210347806_0109113354|reg/013210347806_
2017-01-09 11:33:58 INFO UpdateUserState: 013210347806,1
2017-01-09 11:34:07 INFO AddIdentifyResult: 13603,013280399582,12,
2017-01-09 11:34:14 INFO AddIdentifyResult: 13603,013280399582,10,reg/013280399582_0109113438|reg/013280399582_0109113438|reg/013280399582_
2017-01-09 11:34:14 INFO UpdateUserState: 013280399582,1
2017-01-09 11:34:19 INFO AddIdentifyResult: 13604,018766479637,-1,
2017-01-09 11:34:29 INFO AddIdentifyResult: 13604,018766479637,-3,
2017-01-09 11:36:21 INFO AddIdentifyResult: 13604,018766479637,12,
2017-01-09 11:36:29 INFO AddIdentifyResult: 13604,018766479637,10,reg/018766479637_0109113625|reg/018766479637_0109113625|reg/018766479637_
2017-01-09 11:36:30 INFO UpdateUserState: 018766479637,1
2017-01-09 11:36:42 INFO AddIdentifyResult: 13605,013210348606,-1,
2017-01-09 11:36:46 INFO AddIdentifyResult: 13605,013210348606,-3,
2017-01-09 11:38:21 INFO AddIdentifyResult: 13605,013210348606,12,
2017-01-09 11:38:28 INFO AddIdentifyResult: 13605,013210348606,10,reg/013210348606_0109113843|reg/013210348606_0109113843|reg/013210348606_
2017-01-09 11:38:28 INFO UpdateUserState: 013210348606,1
2017-01-09 11:40:40 INFO AddIdentifyResult: 13606,013210348908,-1,
2017-01-09 11:40:43 INFO AddIdentifyResult: 13607,013280399730,-1,
2017-01-09 11:40:55 INFO AddIdentifyResult: 13608,013210348908,-1,
2017-01-09 11:41:00 INFO AddIdentifyResult: 13607,013280399730,-3,
2017-01-09 11:41:10 INFO AddIdentifyResult: 13609,013210348908,-1,
2017-01-09 11:41:17 INFO AddIdentifyResult: 13609,013210348908,-3,
2017-01-09 11:42:58 INFO AddIdentifyResult: 13607,013280399730,12,
2017-01-09 11:43:06 INFO AddIdentifyResult: 13607,013280399730,10,reg/013280399730_0109114257|reg/013280399730_0109114257|reg/013280399730_
2017-01-09 11:43:07 INFO UpdateUserState: 013280399730,1
2017-01-09 11:43:42 INFO AddIdentifyResult: 13610,013280399756,-1,
2017-01-09 11:43:49 INFO AddIdentifyResult: 13610,013280399756,-3,
2017-01-09 11:44:48 INFO AddIdentifyResult: 13609,013210348908,11,reg/013210348908_|reg/013210348908_|reg/013210348908_
2017-01-09 11:45:18 INFO AddIdentifyResult: 13611,18871205477,-1,
2017-01-09 11:45:22 INFO AddIdentifyResult: 13610,013280399756,12,
2017-01-09 11:45:29 INFO AddIdentifyResult: 13610,013280399756,10,reg/013280399756_0109114545|reg/013280399756_0109114545|reg/013280399756_
2017-01-09 11:45:29 INFO UpdateUserState: 013280399756,1
2017-01-09 11:45:36 INFO AddIdentifyResult: 13611,18871205477,-3,
2017-01-09 11:45:48 INFO AddIdentifyResult: 13612,013210351267,-1,
2017-01-09 11:46:01 INFO AddIdentifyResult: 13612,013210351267,-3,
2017-01-09 11:47:38 INFO AddIdentifyResult: 13613,18871205477,-1,
2017-01-09 11:48:19 INFO AddIdentifyResult: 13614,013280399870,-1,
2017-01-09 11:48:25 INFO AddIdentifyResult: 13614,013280399870,-3,
2017-01-09 11:48:56 INFO AddIdentifyResult: 13612,013210351267,11,reg/013210351267_|reg/013210351267_|reg/013210351267_
2017-01-09 11:49:04 INFO AddIdentifyResult: 13615,013210351267,-1,
2017-01-09 11:49:09 INFO AddIdentifyResult: 13615,013210351267,-3,
2017-01-09 11:49:32 INFO AddIdentifyResult: 13616,18871205477,-1,
2017-01-09 11:50:13 INFO AddIdentifyResult: 13614,013280399870,12,
2017-01-09 11:50:20 INFO AddIdentifyResult: 13614,013280399870,10,reg/013280399870_0109115022|reg/013280399870_0109115022|reg/013280399870_
2017-01-09 11:50:20 INFO UpdateUserState: 013280399870,1
2017-01-09 11:50:39 INFO AddIdentifyResult: 13617,013406090182,-1,
2017-01-09 11:50:47 INFO AddIdentifyResult: 13617,013406090182,-3,
2017-01-09 11:50:56 INFO AddIdentifyResult: 13615,013210351267,12,
2017-01-09 11:51:03 INFO AddIdentifyResult: 13615,013210351267,10,reg/013210351267_0109115112|reg/013210351267_0109115112|reg/013210351267_
2017-01-09 11:51:03 INFO UpdateUserState: 013210351267,1
2017-01-09 11:51:04 INFO AddIdentifyResult: 13611,18871205477,11,reg/18871205477_|reg/18871205477_|reg/18871205477_
2017-01-09 11:52:18 INFO AddIdentifyResult: 13618,013210348908,-1,
2017-01-09 11:52:29 INFO AddIdentifyResult: 13618,013210348908,-3,
2017-01-09 11:52:31 INFO AddIdentifyResult: 13617,013406090182,12,
2017-01-09 11:52:38 INFO AddIdentifyResult: 13617,013406090182,10,reg/013406090182_0109115243|reg/013406090182_0109115243|reg/013406090182_
2017-01-09 11:52:38 INFO UpdateUserState: 013406090182,1
2017-01-09 11:54:07 INFO AddIdentifyResult: 13618,013210348908,12,
2017-01-09 11:54:13 INFO AddIdentifyResult: 13619,18871205477,-1,
2017-01-09 11:54:15 INFO AddIdentifyResult: 13618,013210348908,10,reg/013210348908_0109115425|reg/013210348908_0109115425|reg/013210348908_
2017-01-09 11:54:15 INFO UpdateUserState: 013210348908,1
2017-01-09 11:54:30 INFO AddIdentifyResult: 13619,18871205477,-3,
2017-01-09 11:56:12 INFO AddIdentifyResult: 13620,013210351839,-1,
2017-01-09 11:56:21 INFO AddIdentifyResult: 13620,013210351839,-3,
2017-01-09 11:57:43 INFO AddIdentifyResult: 13621,013285460136,-1,
2017-01-09 11:57:46 INFO AddIdentifyResult: 13619,18871205477,12,
2017-01-09 11:57:52 INFO AddIdentifyResult: 13621,013285460136,-3,
2017-01-09 11:57:56 INFO AddIdentifyResult: 13619,18871205477,10,reg/18871205477_0109115626|reg/18871205477_0109115626|reg/18871205477_
2017-01-09 11:57:56 INFO UpdateUserState: 18871205477,1
2017-01-09 11:58:18 INFO AddIdentifyResult: 13620,013210351839,12,
2017-01-09 11:58:26 INFO AddIdentifyResult: 13620,013210351839,10,reg/013210351839_0109115817|reg/013210351839_0109115817|reg/013210351839_
2017-01-09 11:58:26 INFO UpdateUserState: 013210351839,1
2017-01-09 11:58:56 INFO AddIdentifyResult: 13622,018366938486,-1,
2017-01-09 11:59:04 INFO AddIdentifyResult: 13622,018366938486,-3,
2017-01-09 11:59:59 INFO AddIdentifyResult: 13621,013285460136,12,
2017-01-09 12:00:09 INFO AddIdentifyResult: 13621,013285460136,10,reg/013285460136_0109115948|reg/013285460136_0109115948|reg/013285460136_
2017-01-09 12:00:10 INFO UpdateUserState: 013285460136,1
2017-01-09 12:00:49 INFO AddIdentifyResult: 13622,018366938486,12,
2017-01-09 12:00:56 INFO AddIdentifyResult: 13622,018366938486,10,reg/018366938486_0109120100|reg/018366938486_0109120100|reg/018366938486_
2017-01-09 12:00:56 INFO UpdateUserState: 018366938486,1
2017-01-09 12:02:05 INFO AddIdentifyResult: 13623,013954699892,-1,
2017-01-09 12:02:09 INFO AddIdentifyResult: 13624,013210355367,-1,
2017-01-09 12:02:28 INFO AddIdentifyResult: 13624,013210355367,-3,
2017-01-09 12:02:40 INFO AddIdentifyResult: 13623,013954699892,-3,
2017-01-09 12:04:15 INFO AddIdentifyResult: 13623,013954699892,12,
2017-01-09 12:04:23 INFO AddIdentifyResult: 13623,013954699892,10,reg/013954699892_0109120436|reg/013954699892_0109120436|reg/013954699892_
2017-01-09 12:04:23 INFO UpdateUserState: 013954699892,1
2017-01-09 12:05:09 INFO AddIdentifyResult: 13624,013210355367,11,reg/013210355367_|reg/013210355367_|reg/013210355367_
2017-01-09 12:05:30 INFO AddIdentifyResult: 13625,013210355367,-1,
2017-01-09 12:05:38 INFO AddIdentifyResult: 13625,013210355367,-3,
2017-01-09 12:07:17 INFO AddIdentifyResult: 13625,013210355367,12,
2017-01-09 12:07:24 INFO AddIdentifyResult: 13625,013210355367,10,reg/013210355367_0109120807|reg/013210355367_0109120807|reg/013210355367_0109120735
2017-01-09 12:07:25 INFO UpdateUserState: 013210355367,1
2017-01-09 12:09:12 INFO AddIdentifyResult: 13626,013285460187,-1,
2017-01-09 12:09:19 INFO AddIdentifyResult: 13626,013285460187,-3,
2017-01-09 12:10:11 INFO AddIdentifyResult: 13627,013210355739,-1,
2017-01-09 12:10:16 INFO AddIdentifyResult: 13627,013210355739,-3,
2017-01-09 12:11:13 INFO AddIdentifyResult: 13626,013285460187,12,
2017-01-09 12:11:20 INFO AddIdentifyResult: 13626,013285460187,10,reg/013285460187_0109121225|reg/013285460187_0109121225|reg/013285460187_0109121116
2017-01-09 12:11:21 INFO UpdateUserState: 013285460187,1
2017-01-09 12:11:54 INFO AddIdentifyResult: 13627,013210355739,12,
2017-01-09 12:12:01 INFO AddIdentifyResult: 13627,013210355739,10,reg/013210355739_0109121213|reg/013210355739_0109121213|reg/013210355739_
2017-01-09 12:12:02 INFO UpdateUserState: 013210355739,1
2017-01-09 12:12:10 INFO AddIdentifyResult: 13628,015066052484,-1,
2017-01-09 12:12:17 INFO AddIdentifyResult: 13628,015066052484,-3,
2017-01-09 12:13:55 INFO AddIdentifyResult: 13628,015066052484,12,
2017-01-09 12:14:02 INFO AddIdentifyResult: 13628,015066052484,10,reg/015066052484_0109121414|reg/015066052484_0109121414|reg/015066052484_
2017-01-09 12:14:02 INFO UpdateUserState: 015066052484,1
2017-01-09 12:14:54 INFO AddIdentifyResult: 13629,015154679694,-1,
2017-01-09 12:15:04 INFO AddIdentifyResult: 13629,015154679694,-3,
2017-01-09 12:17:14 INFO AddIdentifyResult: 13629,015154679694,12,
2017-01-09 12:17:21 INFO AddIdentifyResult: 13629,015154679694,10,reg/015154679694_0109121700|reg/015154679694_0109121700|reg/015154679694_
2017-01-09 12:17:21 INFO UpdateUserState: 015154679694,1
2017-01-09 12:20:29 INFO AddIdentifyResult: 13630,015865453059,-1,
2017-01-09 12:20:35 INFO AddIdentifyResult: 13630,015865453059,-3,
2017-01-09 12:22:19 INFO AddIdentifyResult: 13630,015865453059,12,
2017-01-09 12:22:25 INFO AddIdentifyResult: 13630,015865453059,10,reg/015865453059_0109122232|reg/015865453059_0109122232|reg/015865453059_
2017-01-09 12:22:25 INFO UpdateUserState: 015865453059,1
2017-01-09 12:23:30 INFO AddIdentifyResult: 13631,013280399695,-1,
2017-01-09 12:23:36 INFO AddIdentifyResult: 13631,013280399695,-3,
2017-01-09 12:25:46 INFO AddIdentifyResult: 13631,013280399695,12,
2017-01-09 12:25:54 INFO AddIdentifyResult: 13631,013280399695,10,reg/013280399695_0109122532|reg/013280399695_0109122532|reg/013280399695_
2017-01-09 12:25:54 INFO UpdateUserState: 013280399695,1
2017-01-09 12:28:23 INFO AddIdentifyResult: 13632,013280399965,-1,
2017-01-09 12:28:32 INFO AddIdentifyResult: 13632,013280399965,-3,
2017-01-09 12:30:51 INFO AddIdentifyResult: 13632,013280399965,12,
2017-01-09 12:30:58 INFO AddIdentifyResult: 13632,013280399965,10,reg/013280399965_0109123029|reg/013280399965_0109123029|reg/013280399965_
2017-01-09 12:30:58 INFO UpdateUserState: 013280399965,1
2017-01-09 12:33:14 INFO AddIdentifyResult: 13633,013285460225,-1,
2017-01-09 12:33:50 INFO AddIdentifyResult: 13634,015554620152,-1,
2017-01-09 12:34:10 INFO AddIdentifyResult: 13634,015554620152,-3,
2017-01-09 12:35:41 INFO AddIdentifyResult: 13634,015554620152,12,
2017-01-09 12:35:48 INFO AddIdentifyResult: 13634,015554620152,10,reg/015554620152_0109123607|reg/015554620152_0109123607|reg/015554620152_
2017-01-09 12:35:49 INFO UpdateUserState: 015554620152,1
2017-01-09 12:36:49 INFO AddIdentifyResult: 13635,013285460225,-1,
2017-01-09 12:36:56 INFO AddIdentifyResult: 13635,013285460225,-3,
2017-01-09 12:38:28 INFO AddIdentifyResult: 13635,013285460225,12,
2017-01-09 12:38:34 INFO AddIdentifyResult: 13635,013285460225,10,reg/013285460225_0109123852|reg/013285460225_0109123852|reg/013285460225_
2017-01-09 12:38:34 INFO UpdateUserState: 013285460225,1
2017-01-09 12:45:28 INFO AddIdentifyResult: 13636,013864716075,-1,
2017-01-09 12:45:37 INFO AddIdentifyResult: 13636,013864716075,-3,
2017-01-09 12:45:46 INFO AddIdentifyResult: 13636,013864716075,11,reg/013864716075_|reg/013864716075_|reg/013864716075_
2017-01-09 12:45:51 INFO AddIdentifyResult: 13637,013864716075,-1,
2017-01-09 12:45:59 INFO AddIdentifyResult: 13637,013864716075,-3,
2017-01-09 12:48:24 INFO AddIdentifyResult: 13637,013864716075,12,
2017-01-09 12:48:31 INFO AddIdentifyResult: 13637,013864716075,10,reg/013864716075_0109124942|reg/013864716075_0109124942|reg/013864716075_0109124756
2017-01-09 12:48:31 INFO UpdateUserState: 013864716075,1
2017-01-09 12:48:39 INFO AddIdentifyResult: 13638,013285460236,-1,
2017-01-09 12:48:50 INFO AddIdentifyResult: 13638,013285460236,-3,
2017-01-09 12:50:36 INFO AddIdentifyResult: 13638,013285460236,12,
2017-01-09 12:50:44 INFO AddIdentifyResult: 13638,013285460236,10,reg/013285460236_0109125047|reg/013285460236_0109125047|reg/013285460236_
2017-01-09 12:50:44 INFO UpdateUserState: 013285460236,1
2017-01-09 12:51:44 INFO AddIdentifyResult: 13639,013406126226,-1,
2017-01-09 12:51:54 INFO AddIdentifyResult: 13639,013406126226,-3,
2017-01-09 12:53:44 INFO AddIdentifyResult: 13639,013406126226,12,
2017-01-09 12:53:51 INFO AddIdentifyResult: 13639,013406126226,10,reg/013406126226_0109125350|reg/013406126226_0109125350|reg/013406126226_
2017-01-09 12:53:51 INFO UpdateUserState: 013406126226,1
2017-01-09 12:58:07 INFO AddIdentifyResult: 13640,18864472070,-1,
2017-01-09 12:58:44 INFO AddIdentifyResult: 13641,018864472070,-1,
2017-01-09 12:59:49 INFO AddIdentifyResult: 13642,018864472070,-1,
2017-01-09 13:01:27 INFO AddIdentifyResult: 13643,018866472070,-1,
2017-01-09 13:01:49 INFO AddIdentifyResult: 13644,018866472070,-1,
2017-01-09 13:02:03 INFO AddIdentifyResult: 13644,018866472070,-3,
2017-01-09 13:04:26 INFO AddIdentifyResult: 13644,018866472070,12,
2017-01-09 13:04:33 INFO AddIdentifyResult: 13644,018866472070,10,reg/018866472070_0109130543|reg/018866472070_0109130543|reg/018866472070_0109130400
2017-01-09 13:04:33 INFO UpdateUserState: 018866472070,1
2017-01-09 13:04:42 INFO AddIdentifyResult: 13645,013285460267,-1,
2017-01-09 13:04:53 INFO AddIdentifyResult: 13645,013285460267,-3,
2017-01-09 13:07:01 INFO AddIdentifyResult: 13645,013285460267,12,
2017-01-09 13:07:09 INFO AddIdentifyResult: 13645,013285460267,10,reg/013285460267_0109130649|reg/013285460267_0109130649|reg/013285460267_
2017-01-09 13:07:09 INFO UpdateUserState: 013285460267,1
2017-01-09 13:09:40 INFO AddIdentifyResult: 13646,013285460279,-1,
2017-01-09 13:09:47 INFO AddIdentifyResult: 13646,013285460279,-3,
2017-01-09 13:12:27 INFO AddIdentifyResult: 13646,013285460279,12,
2017-01-09 13:12:37 INFO AddIdentifyResult: 13646,013285460279,10,reg/013285460279_0109131206|reg/013285460279_0109131206|reg/013285460279_0109131144
2017-01-09 13:12:38 INFO UpdateUserState: 013285460279,1
2017-01-09 13:12:40 INFO AddIdentifyResult: 13647,015066058248,-1,
2017-01-09 13:12:47 INFO AddIdentifyResult: 13647,015066058248,-3,
2017-01-09 13:14:33 INFO AddIdentifyResult: 13648,013210356837,-1,
2017-01-09 13:14:41 INFO AddIdentifyResult: 13648,013210356837,-3,
2017-01-09 13:15:09 INFO AddIdentifyResult: 13647,015066058248,12,
2017-01-09 13:15:18 INFO AddIdentifyResult: 13647,015066058248,10,reg/015066058248_0109131444|reg/015066058248_0109131444|reg/015066058248_
2017-01-09 13:15:18 INFO UpdateUserState: 015066058248,1
2017-01-09 13:16:17 INFO AddIdentifyResult: 13648,013210356837,12,
2017-01-09 13:16:24 INFO AddIdentifyResult: 13648,013210356837,10,reg/013210356837_0109131637|reg/013210356837_0109131637|reg/013210356837_
2017-01-09 13:16:24 INFO UpdateUserState: 013210356837,1
2017-01-09 13:21:19 INFO AddIdentifyResult: 13649,013285460630,-1,
2017-01-09 13:21:32 INFO AddIdentifyResult: 13649,013285460630,-3,
2017-01-09 13:21:47 INFO AddIdentifyResult: 13649,013285460630,11,reg/013285460630_|reg/013285460630_|reg/013285460630_
2017-01-09 13:21:55 INFO AddIdentifyResult: 13650,013285460630,-1,
2017-01-09 13:22:01 INFO AddIdentifyResult: 13650,013285460630,-3,
2017-01-09 13:23:54 INFO AddIdentifyResult: 13650,013285460630,12,
2017-01-09 13:24:01 INFO AddIdentifyResult: 13650,013285460630,10,reg/013285460630_0109132358|reg/013285460630_0109132358|reg/013285460630_
2017-01-09 13:24:01 INFO UpdateUserState: 013285460630,1
2017-01-09 13:24:36 INFO AddIdentifyResult: 13651,013210358559,-1,
2017-01-09 13:24:42 INFO AddIdentifyResult: 13651,013210358559,-3,
2017-01-09 13:24:58 INFO AddIdentifyResult: 13651,013210358559,11,reg/013210358559_|reg/013210358559_|reg/013210358559_
2017-01-09 13:25:07 INFO AddIdentifyResult: 13652,013210358559,-1,
2017-01-09 13:25:24 INFO AddIdentifyResult: 13652,013210358559,-3,
2017-01-09 13:25:35 INFO AddIdentifyResult: 13653,013884916956,-1,
2017-01-09 13:25:44 INFO AddIdentifyResult: 13653,013884916956,-3,
2017-01-09 13:27:18 INFO AddIdentifyResult: 13653,013884916956,12,
2017-01-09 13:27:25 INFO AddIdentifyResult: 13653,013884916956,10,reg/013884916956_0109132740|reg/013884916956_0109132740|reg/013884916956_
2017-01-09 13:27:26 INFO UpdateUserState: 013884916956,1
2017-01-09 13:27:41 INFO AddIdentifyResult: 13654,013210358559,-1,
2017-01-09 13:27:56 INFO AddIdentifyResult: 13654,013210358559,-3,
2017-01-09 13:28:13 INFO AddIdentifyResult: 13655,013285460556,-1,
2017-01-09 13:29:23 INFO AddIdentifyResult: 13656,013285460556,-1,
2017-01-09 13:29:30 INFO AddIdentifyResult: 13656,013285460556,-3,
2017-01-09 13:30:08 INFO AddIdentifyResult: 13654,013210358559,12,
2017-01-09 13:30:15 INFO AddIdentifyResult: 13652,013210358559,11,reg/013210358559_|reg/013210358559_|reg/013210358559_
2017-01-09 13:30:15 INFO AddIdentifyResult: 13654,013210358559,10,reg/013210358559_0109133126|reg/013210358559_0109133126|reg/013210358559_0109132953
2017-01-09 13:30:16 INFO UpdateUserState: 013210358559,1
2017-01-09 13:31:06 INFO AddIdentifyResult: 13656,013285460556,12,
2017-01-09 13:31:13 INFO AddIdentifyResult: 13656,013285460556,10,reg/013285460556_0109133126|reg/013285460556_0109133126|reg/013285460556_
2017-01-09 13:31:13 INFO UpdateUserState: 013285460556,1
2017-01-09 13:33:03 INFO AddIdentifyResult: 13657,013285460658,-1,
2017-01-09 13:33:12 INFO AddIdentifyResult: 13657,013285460658,-3,
2017-01-09 13:33:52 INFO AddIdentifyResult: 13658,013210358687,-1,
2017-01-09 13:34:17 INFO AddIdentifyResult: 13658,013210358687,-3,
2017-01-09 13:35:06 INFO AddIdentifyResult: 13657,013285460658,12,
2017-01-09 13:35:13 INFO AddIdentifyResult: 13657,013285460658,10,reg/013285460658_0109133508|reg/013285460658_0109133508|reg/013285460658_
2017-01-09 13:35:13 INFO UpdateUserState: 013285460658,1
2017-01-09 13:37:14 INFO AddIdentifyResult: 13659,013285460776,-1,
2017-01-09 13:37:20 INFO AddIdentifyResult: 13659,013285460776,-3,
2017-01-09 13:37:22 INFO AddIdentifyResult: 13658,013210358687,12,
2017-01-09 13:37:28 INFO AddIdentifyResult: 13658,013210358687,10,reg/013210358687_0109133832|reg/013210358687_0109133832|reg/013210358687_0109133613
2017-01-09 13:37:28 INFO UpdateUserState: 013210358687,1
2017-01-09 13:39:01 INFO AddIdentifyResult: 13659,013285460776,12,
2017-01-09 13:39:08 INFO AddIdentifyResult: 13659,013285460776,10,reg/013285460776_0109133917|reg/013285460776_0109133917|reg/013285460776_
2017-01-09 13:39:08 INFO UpdateUserState: 013285460776,1
2017-01-09 13:39:57 INFO AddIdentifyResult: 13660,013210361007,-1,
2017-01-09 13:40:16 INFO AddIdentifyResult: 13660,013210361007,-3,
2017-01-09 13:40:34 INFO AddIdentifyResult: 13661,013280399685,-1,
2017-01-09 13:40:44 INFO AddIdentifyResult: 13661,013280399685,-3,
2017-01-09 13:42:29 INFO AddIdentifyResult: 13661,013280399685,12,
2017-01-09 13:42:33 INFO AddIdentifyResult: 13660,013210361007,12,
2017-01-09 13:42:37 INFO AddIdentifyResult: 13661,013280399685,10,reg/013280399685_0109134241|reg/013280399685_0109134241|reg/013280399685_
2017-01-09 13:42:38 INFO UpdateUserState: 013280399685,1
2017-01-09 13:42:46 INFO AddIdentifyResult: 13660,013210361007,10,reg/013210361007_0109134213|reg/013210361007_0109134213|reg/013210361007_
2017-01-09 13:42:46 INFO UpdateUserState: 013210361007,1
2017-01-09 13:42:48 INFO AddIdentifyResult: 13662,014768976107,-1,
2017-01-09 13:42:58 INFO AddIdentifyResult: 13663,015165469692,-1,
2017-01-09 13:43:06 INFO AddIdentifyResult: 13662,014768976107,-3,
2017-01-09 13:43:09 INFO AddIdentifyResult: 13663,015165469692,-3,
2017-01-09 13:43:32 INFO AddIdentifyResult: 13662,014768976107,11,reg/014768976107_|reg/014768976107_|reg/014768976107_
2017-01-09 13:43:40 INFO AddIdentifyResult: 13664,014768976107,-1,
2017-01-09 13:44:15 INFO AddIdentifyResult: 13664,014768976107,-3,
2017-01-09 13:44:26 INFO AddIdentifyResult: 13664,014768976107,11,reg/014768976107_|reg/014768976107_|reg/014768976107_
2017-01-09 13:44:36 INFO AddIdentifyResult: 13665,014768976107,-1,
2017-01-09 13:44:45 INFO AddIdentifyResult: 13665,014768976107,-3,
2017-01-09 13:45:30 INFO AddIdentifyResult: 13663,015165469692,12,
2017-01-09 13:45:36 INFO AddIdentifyResult: 13663,015165469692,10,reg/015165469692_0109134506|reg/015165469692_0109134506|reg/015165469692_
2017-01-09 13:45:37 INFO UpdateUserState: 015165469692,1
2017-01-09 13:46:38 INFO AddIdentifyResult: 13665,014768976107,12,
2017-01-09 13:46:46 INFO AddIdentifyResult: 13665,014768976107,10,reg/014768976107_0109134641|reg/014768976107_0109134641|reg/014768976107_
2017-01-09 13:46:47 INFO UpdateUserState: 014768976107,1
2017-01-09 13:47:06 INFO AddIdentifyResult: 13666,013780794072,-1,
2017-01-09 13:47:14 INFO AddIdentifyResult: 13666,013780794072,-3,
2017-01-09 13:49:08 INFO AddIdentifyResult: 13666,013780794072,12,
2017-01-09 13:49:17 INFO AddIdentifyResult: 13666,013780794072,10,reg/013780794072_0109134911|reg/013780794072_0109134911|reg/013780794072_
2017-01-09 13:49:17 INFO UpdateUserState: 013780794072,1
2017-01-09 13:49:24 INFO AddIdentifyResult: 13667,013210363527,-1,
2017-01-09 13:49:31 INFO AddIdentifyResult: 13667,013210363527,-3,
2017-01-09 13:51:11 INFO AddIdentifyResult: 13667,013210363527,12,
2017-01-09 13:51:18 INFO AddIdentifyResult: 13667,013210363527,10,reg/013210363527_0109135128|reg/013210363527_0109135128|reg/013210363527_
2017-01-09 13:51:19 INFO UpdateUserState: 013210363527,1
2017-01-09 13:56:51 INFO AddIdentifyResult: 13668,013285460780,-1,
2017-01-09 13:57:00 INFO AddIdentifyResult: 13668,013285460780,-3,
2017-01-09 13:57:26 INFO AddIdentifyResult: 13669,013210365579,-1,
2017-01-09 13:58:17 INFO AddIdentifyResult: 13670,013210365597,-1,
2017-01-09 13:58:30 INFO AddIdentifyResult: 13670,013210365597,-3,
2017-01-09 13:58:31 INFO AddIdentifyResult: 13668,013285460780,11,reg/013285460780_|reg/013285460780_|reg/013285460780_
2017-01-09 13:58:44 INFO AddIdentifyResult: 13671,013285460780,-1,
2017-01-09 13:58:50 INFO AddIdentifyResult: 13671,013285460780,-3,
2017-01-09 14:00:05 INFO AddIdentifyResult: 13670,013210365597,12,
2017-01-09 14:00:12 INFO AddIdentifyResult: 13670,013210365597,10,reg/013210365597_0109140027|reg/013210365597_0109140027|reg/013210365597_
2017-01-09 14:00:12 INFO UpdateUserState: 013210365597,1
2017-01-09 14:00:14 INFO AddIdentifyResult: 13672,013153565265,-1,
2017-01-09 14:00:17 INFO AddIdentifyResult: 13671,013285460780,12,
2017-01-09 14:00:23 INFO AddIdentifyResult: 13672,013153565265,-3,
2017-01-09 14:00:25 INFO AddIdentifyResult: 13671,013285460780,10,reg/013285460780_0109140047|reg/013285460780_0109140047|reg/013285460780_
2017-01-09 14:00:25 INFO UpdateUserState: 013285460780,1
2017-01-09 14:00:37 INFO AddIdentifyResult: 13673,018954012915,-1,
2017-01-09 14:00:56 INFO AddIdentifyResult: 13673,018954012915,-3,
2017-01-09 14:01:55 INFO AddIdentifyResult: 13672,013153565265,12,
2017-01-09 14:02:02 INFO AddIdentifyResult: 13672,013153565265,10,reg/013153565265_0109140220|reg/013153565265_0109140220|reg/013153565265_
2017-01-09 14:02:02 INFO UpdateUserState: 013153565265,1
2017-01-09 14:02:41 INFO AddIdentifyResult: 13673,018954012915,12,
2017-01-09 14:02:47 INFO AddIdentifyResult: 13673,018954012915,10,reg/018954012915_0109140253|reg/018954012915_0109140253|reg/018954012915_
2017-01-09 14:02:47 INFO UpdateUserState: 018954012915,1
2017-01-09 14:05:14 INFO AddIdentifyResult: 13674,013285460891,-1,
2017-01-09 14:05:42 INFO AddIdentifyResult: 13675,013285460891,-1,
2017-01-09 14:05:48 INFO AddIdentifyResult: 13675,013285460891,-3,
2017-01-09 14:07:33 INFO AddIdentifyResult: 13675,013285460891,12,
2017-01-09 14:07:40 INFO AddIdentifyResult: 13675,013285460891,10,reg/013285460891_0109140745|reg/013285460891_0109140745|reg/013285460891_
2017-01-09 14:07:40 INFO UpdateUserState: 013285460891,1
2017-01-09 14:09:52 INFO AddIdentifyResult: 13676,013285461030,-1,
2017-01-09 14:09:59 INFO AddIdentifyResult: 13676,013285461030,-3,
2017-01-09 14:10:07 INFO AddIdentifyResult: 13676,013285461030,11,reg/013285461030_|reg/013285461030_|reg/013285461030_
2017-01-09 14:10:16 INFO AddIdentifyResult: 13677,013285461030,-1,
2017-01-09 14:10:22 INFO AddIdentifyResult: 13677,013285461030,-3,
2017-01-09 14:12:14 INFO AddIdentifyResult: 13678,013210371167,-1,
2017-01-09 14:12:16 INFO AddIdentifyResult: 13677,013285461030,12,
2017-01-09 14:12:22 INFO AddIdentifyResult: 13678,013210371167,-3,
2017-01-09 14:12:23 INFO AddIdentifyResult: 13677,013285461030,10,reg/013285461030_0109141332|reg/013285461030_0109141332|reg/013285461030_0109141219
2017-01-09 14:12:23 INFO UpdateUserState: 013285461030,1
2017-01-09 14:13:43 INFO AddIdentifyResult: 13678,013210371167,12,
2017-01-09 14:13:50 INFO AddIdentifyResult: 13678,013210371167,10,reg/013210371167_0109141419|reg/013210371167_0109141419|reg/013210371167_
2017-01-09 14:13:50 INFO UpdateUserState: 013210371167,1
2017-01-09 14:16:25 INFO AddIdentifyResult: 13679,018254635365,-1,
2017-01-09 14:16:37 INFO AddIdentifyResult: 13680,013285461065,-1,
2017-01-09 14:16:39 INFO AddIdentifyResult: 13679,018254635365,-3,
2017-01-09 14:16:45 INFO AddIdentifyResult: 13680,013285461065,-3,
2017-01-09 14:18:14 INFO AddIdentifyResult: 13680,013285461065,12,
2017-01-09 14:18:20 INFO AddIdentifyResult: 13680,013285461065,10,reg/013285461065_0109141953|reg/013285461065_0109141953|reg/013285461065_0109141842
2017-01-09 14:18:20 INFO UpdateUserState: 013285461065,1
2017-01-09 14:18:35 INFO AddIdentifyResult: 13679,018254635365,12,
2017-01-09 14:18:42 INFO AddIdentifyResult: 13679,018254635365,10,reg/018254635365_0109141836|reg/018254635365_0109141836|reg/018254635365_
2017-01-09 14:18:42 INFO UpdateUserState: 018254635365,1
2017-01-09 14:18:51 INFO AddIdentifyResult: 13681,013210368927,-1,
2017-01-09 14:18:59 INFO AddIdentifyResult: 13682,013285461035,-1,
2017-01-09 14:19:03 INFO AddIdentifyResult: 13681,013210368927,-3,
2017-01-09 14:19:06 INFO AddIdentifyResult: 13682,013285461035,-3,
2017-01-09 14:19:12 INFO AddIdentifyResult: 13682,013285461035,11,reg/013285461035_|reg/013285461035_|reg/013285461035_
2017-01-09 14:19:30 INFO AddIdentifyResult: 13683,013285461035,-1,
2017-01-09 14:19:39 INFO AddIdentifyResult: 13683,013285461035,-3,
2017-01-09 14:20:45 INFO AddIdentifyResult: 13681,013210368927,12,
2017-01-09 14:20:52 INFO AddIdentifyResult: 13681,013210368927,10,reg/013210368927_0109142100|reg/013210368927_0109142100|reg/013210368927_
2017-01-09 14:20:52 INFO UpdateUserState: 013210368927,1
2017-01-09 14:21:09 INFO AddIdentifyResult: 13683,013285461035,12,
2017-01-09 14:21:15 INFO AddIdentifyResult: 13683,013285461035,10,reg/013285461035_0109142245|reg/013285461035_0109142245|reg/013285461035_0109142136
2017-01-09 14:21:16 INFO UpdateUserState: 013285461035,1
2017-01-09 14:21:16 INFO AddIdentifyResult: 13684,013205496197,-1,
2017-01-09 14:21:22 INFO AddIdentifyResult: 13684,013205496197,-3,
2017-01-09 14:22:27 INFO AddIdentifyResult: 13685,015725860842,-1,
2017-01-09 14:22:37 INFO AddIdentifyResult: 13685,015725860842,-3,
2017-01-09 14:23:02 INFO AddIdentifyResult: 13684,013205496197,12,
2017-01-09 14:23:10 INFO AddIdentifyResult: 13684,013205496197,10,reg/013205496197_0109142319|reg/013205496197_0109142319|reg/013205496197_
2017-01-09 14:23:10 INFO UpdateUserState: 013205496197,1
2017-01-09 14:24:20 INFO AddIdentifyResult: 13686,013210372669,-1,
2017-01-09 14:24:21 INFO AddIdentifyResult: 13685,015725860842,12,
2017-01-09 14:24:28 INFO AddIdentifyResult: 13685,015725860842,10,reg/015725860842_0109142434|reg/015725860842_0109142434|reg/015725860842_
2017-01-09 14:24:29 INFO UpdateUserState: 015725860842,1
2017-01-09 14:24:41 INFO AddIdentifyResult: 13686,013210372669,-3,
2017-01-09 14:27:05 INFO AddIdentifyResult: 13686,013210372669,12,
2017-01-09 14:27:13 INFO AddIdentifyResult: 13686,013210372669,10,reg/013210372669_0109142637|reg/013210372669_0109142637|reg/013210372669_
2017-01-09 14:27:14 INFO UpdateUserState: 013210372669,1
2017-01-09 14:31:09 INFO AddIdentifyResult: 13687,013210381569,-1,
2017-01-09 14:31:18 INFO AddIdentifyResult: 13688,013285461121,-1,
2017-01-09 14:31:22 INFO AddIdentifyResult: 13687,013210381569,-3,
2017-01-09 14:31:32 INFO AddIdentifyResult: 13688,013285461121,-3,
2017-01-09 14:32:54 INFO AddIdentifyResult: 13688,013285461121,12,
2017-01-09 14:33:01 INFO AddIdentifyResult: 13688,013285461121,10,reg/013285461121_0109143329|reg/013285461121_0109143329|reg/013285461121_
2017-01-09 14:33:01 INFO UpdateUserState: 013285461121,1
2017-01-09 14:33:34 INFO AddIdentifyResult: 13687,013210381569,12,
2017-01-09 14:33:39 INFO AddIdentifyResult: 13689,015263859835,-1,
2017-01-09 14:33:42 INFO AddIdentifyResult: 13687,013210381569,10,reg/013210381569_0109143319|reg/013210381569_0109143319|reg/013210381569_
2017-01-09 14:33:42 INFO UpdateUserState: 013210381569,1
2017-01-09 14:33:48 INFO AddIdentifyResult: 13689,015263859835,-3,
2017-01-09 14:34:07 INFO AddIdentifyResult: 13689,015263859835,11,reg/015263859835_|reg/015263859835_|reg/015263859835_
2017-01-09 14:34:48 INFO AddIdentifyResult: 13690,015263859835,-1,
2017-01-09 14:34:55 INFO AddIdentifyResult: 13690,015263859835,-3,
2017-01-09 14:36:59 INFO AddIdentifyResult: 13690,015263859835,12,
2017-01-09 14:37:07 INFO AddIdentifyResult: 13690,015263859835,10,reg/015263859835_0109143652|reg/015263859835_0109143652|reg/015263859835_
2017-01-09 14:37:07 INFO UpdateUserState: 015263859835,1
2017-01-09 14:39:41 INFO AddIdentifyResult: 13691,013210388709,-1,
2017-01-09 14:39:51 INFO AddIdentifyResult: 13692,013285460961,-1,
2017-01-09 14:40:00 INFO AddIdentifyResult: 13692,013285460961,-3,
2017-01-09 14:40:04 INFO AddIdentifyResult: 13693,013210388709,-1,
2017-01-09 14:41:10 INFO AddIdentifyResult: 13694,013210388709,-1,
2017-01-09 14:41:30 INFO AddIdentifyResult: 13694,013210388709,-3,
2017-01-09 14:41:54 INFO AddIdentifyResult: 13692,013285460961,12,
2017-01-09 14:42:01 INFO AddIdentifyResult: 13692,013285460961,10,reg/013285460961_0109144321|reg/013285460961_0109144321|reg/013285460961_0109144157
2017-01-09 14:42:01 INFO UpdateUserState: 013285460961,1
2017-01-09 14:42:32 INFO AddIdentifyResult: 13695,013285461125,-1,
2017-01-09 14:43:30 INFO AddIdentifyResult: 13694,013210388709,12,
2017-01-09 14:43:37 INFO AddIdentifyResult: 13694,013210388709,10,reg/013210388709_0109144327|reg/013210388709_0109144327|reg/013210388709_
2017-01-09 14:43:37 INFO UpdateUserState: 013210388709,1
2017-01-09 14:43:48 INFO AddIdentifyResult: 13696,013285461125,-1,
2017-01-09 14:43:55 INFO AddIdentifyResult: 13696,013285461125,-3,
2017-01-09 14:44:33 INFO AddIdentifyResult: 13697,013210391279,-1,
2017-01-09 14:44:39 INFO AddIdentifyResult: 13697,013210391279,-3,
2017-01-09 14:45:37 INFO AddIdentifyResult: 13696,013285461125,12,
2017-01-09 14:45:44 INFO AddIdentifyResult: 13696,013285461125,10,reg/013285461125_0109144718|reg/013285461125_0109144718|reg/013285461125_0109144552
2017-01-09 14:45:44 INFO UpdateUserState: 013285461125,1
2017-01-09 14:46:32 INFO AddIdentifyResult: 13697,013210391279,12,
2017-01-09 14:46:40 INFO AddIdentifyResult: 13697,013210391279,10,reg/013210391279_0109144636|reg/013210391279_0109144636|reg/013210391279_
2017-01-09 14:46:40 INFO UpdateUserState: 013210391279,1
2017-01-09 14:50:42 INFO AddIdentifyResult: 13698,013285461229,-1,
2017-01-09 14:51:24 INFO AddIdentifyResult: 13699,013285461229,-1,
2017-01-09 14:51:31 INFO AddIdentifyResult: 13699,013285461229,-3,
2017-01-09 14:53:26 INFO AddIdentifyResult: 13699,013285461229,12,
2017-01-09 14:53:33 INFO AddIdentifyResult: 13699,013285461229,10,reg/013285461229_0109145505|reg/013285461229_0109145505|reg/013285461229_0109145328
2017-01-09 14:53:33 INFO UpdateUserState: 013285461229,1
2017-01-09 14:58:22 INFO AddIdentifyResult: 13700,013210395017,-1,
2017-01-09 14:58:38 INFO AddIdentifyResult: 13700,013210395017,-3,
2017-01-09 15:00:48 INFO AddIdentifyResult: 13700,013210395017,11,reg/013210395017_|reg/013210395017_|reg/013210395017_
2017-01-09 15:00:54 INFO AddIdentifyResult: 13701,013210395017,-1,
2017-01-09 15:01:09 INFO AddIdentifyResult: 13701,013210395017,-3,
2017-01-09 15:02:38 INFO AddIdentifyResult: 13702,015032848310,-1,
2017-01-09 15:02:41 INFO AddIdentifyResult: 13701,013210395017,12,
2017-01-09 15:02:46 INFO AddIdentifyResult: 13702,015032848310,-3,
2017-01-09 15:02:47 INFO AddIdentifyResult: 13701,013210395017,10,reg/013210395017_0109150326|reg/013210395017_0109150326|reg/013210395017_0109150306
2017-01-09 15:02:48 INFO UpdateUserState: 013210395017,1
2017-01-09 15:04:45 INFO AddIdentifyResult: 13702,015032848310,12,
2017-01-09 15:04:52 INFO AddIdentifyResult: 13702,015032848310,10,reg/015032848310_0109150443|reg/015032848310_0109150443|reg/015032848310_
2017-01-09 15:04:53 INFO UpdateUserState: 015032848310,1
2017-01-09 15:05:24 INFO AddIdentifyResult: 13703,015032848310,-1,
2017-01-09 15:05:32 INFO AddIdentifyResult: 13703,015032848310,-3,
2017-01-09 15:05:42 INFO AddIdentifyResult: 13704,018354674545,-1,
2017-01-09 15:05:48 INFO AddIdentifyResult: 13704,018354674545,-3,
2017-01-09 15:06:24 INFO AddIdentifyResult: 13703,015032848310,0,ver/01/09/150730_015032848310.wav
2017-01-09 15:07:42 INFO AddIdentifyResult: 13705,013220500209,-1,
2017-01-09 15:07:44 INFO AddIdentifyResult: 13704,018354674545,12,
2017-01-09 15:07:51 INFO AddIdentifyResult: 13704,018354674545,10,reg/018354674545_0109150745|reg/018354674545_0109150745|reg/018354674545_
2017-01-09 15:07:51 INFO UpdateUserState: 018354674545,1
2017-01-09 15:07:54 INFO AddIdentifyResult: 13705,013220500209,-3,
2017-01-09 15:09:31 INFO AddIdentifyResult: 13706,015075188875,-1,
2017-01-09 15:09:40 INFO AddIdentifyResult: 13706,015075188875,-3,
2017-01-09 15:09:42 INFO AddIdentifyResult: 13705,013220500209,12,
2017-01-09 15:09:50 INFO AddIdentifyResult: 13705,013220500209,10,reg/013220500209_0109150951|reg/013220500209_0109150951|reg/013220500209_
2017-01-09 15:09:50 INFO UpdateUserState: 013220500209,1
2017-01-09 15:09:54 INFO AddIdentifyResult: 13707,018754677297,-1,
2017-01-09 15:10:01 INFO AddIdentifyResult: 13707,018754677297,-3,
2017-01-09 15:11:03 INFO AddIdentifyResult: 13708,013285461265,-1,
2017-01-09 15:11:21 INFO AddIdentifyResult: 13708,013285461265,-3,
2017-01-09 15:11:26 INFO AddIdentifyResult: 13706,015075188875,12,
2017-01-09 15:11:33 INFO AddIdentifyResult: 13706,015075188875,10,reg/015075188875_0109151137|reg/015075188875_0109151137|reg/015075188875_
2017-01-09 15:11:33 INFO UpdateUserState: 015075188875,1
2017-01-09 15:11:42 INFO AddIdentifyResult: 13709,015075188875,-1,
2017-01-09 15:11:51 INFO AddIdentifyResult: 13707,018754677297,12,
2017-01-09 15:11:52 INFO AddIdentifyResult: 13709,015075188875,-3,
2017-01-09 15:11:58 INFO AddIdentifyResult: 13707,018754677297,10,reg/018754677297_0109151158|reg/018754677297_0109151158|reg/018754677297_
2017-01-09 15:11:58 INFO UpdateUserState: 018754677297,1
2017-01-09 15:12:43 INFO AddIdentifyResult: 13709,015075188875,0,ver/01/09/151349_015075188875.wav
2017-01-09 15:13:02 INFO AddIdentifyResult: 13708,013285461265,12,
2017-01-09 15:13:09 INFO AddIdentifyResult: 13708,013285461265,10,reg/013285461265_0109151434|reg/013285461265_0109151434|reg/013285461265_0109151318
2017-01-09 15:13:09 INFO UpdateUserState: 013285461265,1
2017-01-09 15:13:14 INFO AddIdentifyResult: 13710,013963399981,-1,
2017-01-09 15:13:22 INFO AddIdentifyResult: 13710,013963399981,-3,
2017-01-09 15:13:29 INFO AddIdentifyResult: 13710,013963399981,11,reg/013963399981_|reg/013963399981_|reg/013963399981_
2017-01-09 15:13:34 INFO AddIdentifyResult: 13711,013963399981,-1,
2017-01-09 15:13:40 INFO AddIdentifyResult: 13711,013963399981,-3,
2017-01-09 15:15:51 INFO AddIdentifyResult: 13712,015965290935,-1,
2017-01-09 15:16:00 INFO AddIdentifyResult: 13711,013963399981,12,
2017-01-09 15:16:06 INFO AddIdentifyResult: 13711,013963399981,10,reg/013963399981_0109151731|reg/013963399981_0109151731|reg/013963399981_0109151537
2017-01-09 15:16:07 INFO UpdateUserState: 013963399981,1
2017-01-09 15:17:21 INFO AddIdentifyResult: 13713,013561061010,-1,
2017-01-09 15:18:26 INFO AddIdentifyResult: 13714,013285461231,-1,
2017-01-09 15:18:30 INFO AddIdentifyResult: 13715,013561060101,-1,
2017-01-09 15:18:36 INFO AddIdentifyResult: 13715,013561060101,-3,
2017-01-09 15:20:41 INFO AddIdentifyResult: 13716,18971942260,-1,
2017-01-09 15:20:51 INFO AddIdentifyResult: 13716,18971942260,-3,
2017-01-09 15:20:51 INFO AddIdentifyResult: 13715,013561060101,12,
2017-01-09 15:20:59 INFO AddIdentifyResult: 13715,013561060101,10,reg/013561060101_0109152033|reg/013561060101_0109152033|reg/013561060101_
2017-01-09 15:20:59 INFO UpdateUserState: 013561060101,1
2017-01-09 15:22:31 INFO AddIdentifyResult: 13716,18971942260,12,
2017-01-09 15:22:37 INFO AddIdentifyResult: 13717,013285461231,-1,
2017-01-09 15:22:38 INFO AddIdentifyResult: 13716,18971942260,10,reg/18971942260_0109152248|reg/18971942260_0109152248|reg/18971942260_
2017-01-09 15:22:38 INFO UpdateUserState: 18971942260,1
2017-01-09 15:22:43 INFO AddIdentifyResult: 13717,013285461231,-3,
2017-01-09 15:24:03 INFO AddIdentifyResult: 13718,013285461238,-1,
2017-01-09 15:24:18 INFO AddIdentifyResult: 13717,013285461231,12,
2017-01-09 15:24:24 INFO AddIdentifyResult: 13717,013285461231,10,reg/013285461231_0109152440|reg/013285461231_0109152440|reg/013285461231_
2017-01-09 15:24:25 INFO UpdateUserState: 013285461231,1
2017-01-09 15:24:28 INFO AddIdentifyResult: 13719,013285461238,-1,
2017-01-09 15:24:35 INFO AddIdentifyResult: 13720,015965290935,-1,
2017-01-09 15:24:47 INFO AddIdentifyResult: 13720,015965290935,-3,
2017-01-09 15:25:03 INFO AddIdentifyResult: 0,18971942260,0,ver/01/09/152608_18971942260.wav
2017-01-09 15:26:20 INFO AddIdentifyResult: 13722,013285461238,-1,
2017-01-09 15:26:25 INFO AddIdentifyResult: 13720,015965290935,12,
2017-01-09 15:26:27 INFO AddIdentifyResult: 13722,013285461238,-3,
2017-01-09 15:26:32 INFO AddIdentifyResult: 13720,015965290935,10,reg/015965290935_0109152801|reg/015965290935_0109152801|reg/015965290935_0109152644
2017-01-09 15:26:32 INFO UpdateUserState: 015965290935,1
2017-01-09 15:28:09 INFO AddIdentifyResult: 13722,013285461238,12,
2017-01-09 15:28:17 INFO AddIdentifyResult: 13722,013285461238,10,reg/013285461238_0109152824|reg/013285461238_0109152824|reg/013285461238_
2017-01-09 15:28:17 INFO UpdateUserState: 013285461238,1
2017-01-09 15:34:35 INFO AddIdentifyResult: 13723,18971942550,-1,
2017-01-09 15:34:43 INFO AddIdentifyResult: 13724,013285462657,-1,
2017-01-09 15:34:58 INFO AddIdentifyResult: 13724,013285462657,-3,
2017-01-09 15:35:08 INFO AddIdentifyResult: 13725,18971942550,-1,
2017-01-09 15:36:25 INFO AddIdentifyResult: 13724,013285462657,12,
2017-01-09 15:36:32 INFO AddIdentifyResult: 13724,013285462657,10,reg/013285462657_0109153655|reg/013285462657_0109153655|reg/013285462657_
2017-01-09 15:36:32 INFO UpdateUserState: 013285462657,1
2017-01-09 15:39:25 INFO AddIdentifyResult: 13726,18971942550,-1,
2017-01-09 15:39:37 INFO AddIdentifyResult: 13726,18971942550,-3,
2017-01-09 15:40:46 INFO AddIdentifyResult: 13727,013285462692,-1,
2017-01-09 15:40:56 INFO AddIdentifyResult: 13727,013285462692,-3,
2017-01-09 15:41:33 INFO AddIdentifyResult: 13726,18971942550,12,
2017-01-09 15:41:41 INFO AddIdentifyResult: 13726,18971942550,10,reg/18971942550_0109154134|reg/18971942550_0109154134|reg/18971942550_
2017-01-09 15:41:42 INFO UpdateUserState: 18971942550,1
2017-01-09 15:42:40 INFO AddIdentifyResult: 13727,013285462692,12,
2017-01-09 15:42:47 INFO AddIdentifyResult: 13727,013285462692,10,reg/013285462692_0109154408|reg/013285462692_0109154408|reg/013285462692_0109154253
2017-01-09 15:42:47 INFO UpdateUserState: 013285462692,1
2017-01-09 15:43:17 INFO AddIdentifyResult: 0,18971942550,0,ver/01/09/154422_18971942550.wav
2017-01-09 15:43:35 INFO AddIdentifyResult: 13729,018366939806,-1,
2017-01-09 15:43:43 INFO AddIdentifyResult: 13729,018366939806,-3,
2017-01-09 15:44:00 INFO AddIdentifyResult: 13729,018366939806,11,reg/018366939806_|reg/018366939806_|reg/018366939806_
2017-01-09 15:44:24 INFO AddIdentifyResult: 13730,018366939806,-1,
2017-01-09 15:44:30 INFO AddIdentifyResult: 13730,018366939806,-3,
2017-01-09 15:44:44 INFO AddIdentifyResult: 13730,018366939806,11,reg/018366939806_|reg/018366939806_|reg/018366939806_
2017-01-09 15:45:01 INFO AddIdentifyResult: 13731,018366939806,-1,
2017-01-09 15:45:07 INFO AddIdentifyResult: 13731,018366939806,-3,
2017-01-09 15:45:28 INFO AddIdentifyResult: 13731,018366939806,11,reg/018366939806_|reg/018366939806_|reg/018366939806_
2017-01-09 15:45:46 INFO AddIdentifyResult: 13732,018366939806,-1,
2017-01-09 15:45:53 INFO AddIdentifyResult: 13732,018366939806,-3,
2017-01-09 15:46:03 INFO AddIdentifyResult: 13732,018366939806,11,reg/018366939806_|reg/018366939806_|reg/018366939806_
2017-01-09 15:46:12 INFO AddIdentifyResult: 13733,018366939806,-1,
2017-01-09 15:46:18 INFO AddIdentifyResult: 13733,018366939806,-3,
2017-01-09 15:48:11 INFO AddIdentifyResult: 13733,018366939806,12,
2017-01-09 15:48:18 INFO AddIdentifyResult: 13733,018366939806,10,reg/018366939806_0109154945|reg/018366939806_0109154945|reg/018366939806_0109154815
2017-01-09 15:48:18 INFO UpdateUserState: 018366939806,1
2017-01-09 15:52:44 INFO AddIdentifyResult: 13734,013280359173,-1,
2017-01-09 15:52:50 INFO AddIdentifyResult: 13734,013280359173,-3,
2017-01-09 15:53:18 INFO AddIdentifyResult: 13734,013280359173,11,reg/013280359173_|reg/013280359173_|reg/013280359173_
2017-01-09 15:53:29 INFO AddIdentifyResult: 13735,013280359173,-1,
2017-01-09 15:53:34 INFO AddIdentifyResult: 13735,013280359173,-3,
2017-01-09 15:54:05 INFO AddIdentifyResult: 13736,013285462717,-1,
2017-01-09 15:54:11 INFO AddIdentifyResult: 13736,013285462717,-3,
2017-01-09 15:55:31 INFO AddIdentifyResult: 13736,013285462717,12,
2017-01-09 15:55:38 INFO AddIdentifyResult: 13736,013285462717,10,reg/013285462717_0109155608|reg/013285462717_0109155608|reg/013285462717_
2017-01-09 15:55:38 INFO UpdateUserState: 013285462717,1
2017-01-09 15:55:47 INFO AddIdentifyResult: 13735,013280359173,12,
2017-01-09 15:55:54 INFO AddIdentifyResult: 13735,013280359173,10,reg/013280359173_0109155531|reg/013280359173_0109155531|reg/013280359173_
2017-01-09 15:55:55 INFO UpdateUserState: 013280359173,1
2017-01-09 15:56:58 INFO AddIdentifyResult: 13737,013285462696,-1,
2017-01-09 15:57:05 INFO AddIdentifyResult: 13737,013285462696,-3,
2017-01-09 15:57:12 INFO AddIdentifyResult: 13737,013285462696,11,reg/013285462696_|reg/013285462696_|reg/013285462696_
2017-01-09 15:57:16 INFO AddIdentifyResult: 13738,013285462696,-1,
2017-01-09 15:57:22 INFO AddIdentifyResult: 13738,013285462696,-3,
2017-01-09 15:58:47 INFO AddIdentifyResult: 13738,013285462696,12,
2017-01-09 15:58:54 INFO AddIdentifyResult: 13738,013285462696,10,reg/013285462696_0109155919|reg/013285462696_0109155919|reg/013285462696_
2017-01-09 15:58:54 INFO UpdateUserState: 013285462696,1
2017-01-09 15:59:00 INFO AddIdentifyResult: 13739,017865678958,-1,
2017-01-09 15:59:12 INFO AddIdentifyResult: 13739,017865678958,-3,
2017-01-09 16:00:42 INFO AddIdentifyResult: 13739,017865678958,12,
2017-01-09 16:00:49 INFO AddIdentifyResult: 13739,017865678958,10,reg/017865678958_0109160109|reg/017865678958_0109160109|reg/017865678958_
2017-01-09 16:00:49 INFO UpdateUserState: 017865678958,1
2017-01-09 16:02:28 INFO AddIdentifyResult: 13740,018754641985,-1,
2017-01-09 16:02:35 INFO AddIdentifyResult: 13740,018754641985,-3,
2017-01-09 16:04:25 INFO AddIdentifyResult: 13740,018754641985,12,
2017-01-09 16:04:32 INFO AddIdentifyResult: 13740,018754641985,10,reg/018754641985_0109160432|reg/018754641985_0109160432|reg/018754641985_
2017-01-09 16:04:33 INFO UpdateUserState: 018754641985,1
2017-01-09 16:09:41 INFO AddIdentifyResult: 13741,013285462973,-1,
2017-01-09 16:09:46 INFO AddIdentifyResult: 13741,013285462973,-3,
2017-01-09 16:11:38 INFO AddIdentifyResult: 13741,013285462973,12,
2017-01-09 16:11:47 INFO AddIdentifyResult: 13741,013285462973,10,reg/013285462973_0109161144|reg/013285462973_0109161144|reg/013285462973_
2017-01-09 16:11:47 INFO UpdateUserState: 013285462973,1
2017-01-09 16:16:31 INFO AddIdentifyResult: 0,18971942550,1,
2017-01-09 16:16:58 INFO AddIdentifyResult: 13743,013285462832,-1,
2017-01-09 16:17:03 INFO AddIdentifyResult: 13743,013285462832,-3,
2017-01-09 16:17:15 INFO AddIdentifyResult: 0,18971942550,1,
2017-01-09 16:18:29 INFO AddIdentifyResult: 13743,013285462832,12,
2017-01-09 16:18:36 INFO AddIdentifyResult: 13743,013285462832,10,reg/013285462832_0109161900|reg/013285462832_0109161900|reg/013285462832_
2017-01-09 16:18:37 INFO UpdateUserState: 013285462832,1
2017-01-09 16:39:05 INFO AddIdentifyResult: 13744,013220505116,-1,
2017-01-09 16:39:15 INFO AddIdentifyResult: 13744,013220505116,-3,
2017-01-09 16:41:22 INFO AddIdentifyResult: 13744,013220505116,12,
2017-01-09 16:41:31 INFO AddIdentifyResult: 13744,013220505116,10,reg/013220505116_0109164112|reg/013220505116_0109164112|reg/013220505116_
2017-01-09 16:41:31 INFO UpdateUserState: 013220505116,1
2017-01-09 16:51:22 INFO AddIdentifyResult: 13745,013285462909,-1,
2017-01-09 16:51:28 INFO AddIdentifyResult: 13745,013285462909,-3,
2017-01-09 16:52:56 INFO AddIdentifyResult: 13745,013285462909,12,
2017-01-09 16:53:04 INFO AddIdentifyResult: 13745,013285462909,10,reg/013285462909_0109165326|reg/013285462909_0109165326|reg/013285462909_
2017-01-09 16:53:04 INFO UpdateUserState: 013285462909,1
2017-01-09 17:50:56 INFO AddIdentifyResult: 13746,013210348086,-1,
2017-01-09 17:51:02 INFO AddIdentifyResult: 13746,013210348086,-3,
2017-01-09 17:52:32 INFO AddIdentifyResult: 13746,013210348086,12,
2017-01-09 17:52:39 INFO AddIdentifyResult: 13746,013210348086,10,reg/013210348086_0109175401|reg/013210348086_0109175401|reg/013210348086_0109175259
2017-01-09 17:52:39 INFO UpdateUserState: 013210348086,1
2017-01-09 17:52:57 INFO AddIdentifyResult: 13747,018754672616,-1,
2017-01-09 17:53:33 INFO AddIdentifyResult: 13748,018754672616,-1,
2017-01-09 17:53:46 INFO AddIdentifyResult: 13748,018754672616,-3,
2017-01-09 17:53:50 INFO AddIdentifyResult: 13748,018754672616,11,reg/018754672616_|reg/018754672616_|reg/018754672616_
2017-01-09 17:54:33 INFO AddIdentifyResult: 13749,013475285535,-1,
2017-01-09 17:54:45 INFO AddIdentifyResult: 13749,013475285535,-3,
2017-01-09 17:56:31 INFO AddIdentifyResult: 13749,013475285535,12,
2017-01-09 17:56:38 INFO AddIdentifyResult: 13749,013475285535,10,reg/013475285535_0109175643|reg/013475285535_0109175643|reg/013475285535_
2017-01-09 17:56:38 INFO UpdateUserState: 013475285535,1
2017-01-09 18:00:25 INFO AddIdentifyResult: 0,013210358559,1,
2017-01-09 18:06:51 INFO AddIdentifyResult: 13751,013220508659,-1,
2017-01-09 18:07:02 INFO AddIdentifyResult: 13751,013220508659,-3,
2017-01-09 18:08:48 INFO AddIdentifyResult: 13751,013220508659,12,
2017-01-09 18:08:54 INFO AddIdentifyResult: 13751,013220508659,10,reg/013220508659_0109180900|reg/013220508659_0109180900|reg/013220508659_
2017-01-09 18:08:54 INFO UpdateUserState: 013220508659,1
2017-01-09 18:13:34 INFO AddIdentifyResult: 13752,013210347117,-1,
2017-01-09 18:13:46 INFO AddIdentifyResult: 13752,013210347117,-3,
2017-01-09 18:15:37 INFO AddIdentifyResult: 13752,013210347117,12,
2017-01-09 18:15:43 INFO AddIdentifyResult: 13752,013210347117,10,reg/013210347117_0109181544|reg/013210347117_0109181544|reg/013210347117_
2017-01-09 18:15:44 INFO UpdateUserState: 013210347117,1
2017-01-09 18:15:54 INFO AddIdentifyResult: 13753,018254634413,-1,
2017-01-09 18:16:00 INFO AddIdentifyResult: 13753,018254634413,-3,
2017-01-09 18:18:16 INFO AddIdentifyResult: 13753,018254634413,12,
2017-01-09 18:18:23 INFO AddIdentifyResult: 13753,018254634413,10,reg/018254634413_0109181934|reg/018254634413_0109181934|reg/018254634413_0109181758
2017-01-09 18:18:23 INFO UpdateUserState: 018254634413,1
2017-01-09 18:19:41 INFO AddIdentifyResult: 13754,013220509216,-1,
2017-01-09 18:20:19 INFO AddIdentifyResult: 13755,013220509216,-1,
2017-01-09 18:20:29 INFO AddIdentifyResult: 13755,013220509216,-3,
2017-01-09 18:22:05 INFO AddIdentifyResult: 13755,013220509216,12,
2017-01-09 18:22:11 INFO AddIdentifyResult: 13755,013220509216,10,reg/013220509216_0109182226|reg/013220509216_0109182226|reg/013220509216_
2017-01-09 18:22:12 INFO UpdateUserState: 013220509216,1
