2017-02-16 08:29:35 INFO AddIdentifyResult: 16757,015629713671,-1,
2017-02-16 08:30:40 INFO AddIdentifyResult: 16758,015629713671,-1,
2017-02-16 08:32:29 INFO AddIdentifyResult: 16759,015629713671,-1,
2017-02-16 08:32:53 INFO AddIdentifyResult: 16760,015629713671,-1,
2017-02-16 08:33:49 INFO AddIdentifyResult: 16761,015629713671,-1,
2017-02-16 08:35:02 INFO AddIdentifyResult: 16762,015629713671,-1,
2017-02-16 08:37:59 INFO AddIdentifyResult: 16763,015629713671,-1,
2017-02-16 08:39:19 INFO AddIdentifyResult: 16764,013296473616,-1,
2017-02-16 08:39:42 INFO AddIdentifyResult: 16765,013477745228,-1,
2017-02-16 08:40:05 INFO AddIdentifyResult: 16766,013296473616,-1,
2017-02-16 08:41:05 INFO AddIdentifyResult: 16767,013296473616,-1,
2017-02-16 08:42:08 INFO AddIdentifyResult: 16768,013561045038,-1,
2017-02-16 08:43:38 INFO AddIdentifyResult: 16769,013561045038,-1,
2017-02-16 08:44:43 INFO AddIdentifyResult: 16770,015629713671,-1,
2017-02-16 08:45:05 INFO AddIdentifyResult: 16771,013561045038,-1,
2017-02-16 08:45:11 INFO AddIdentifyResult: 16772,015629713671,-1,
2017-02-16 08:45:22 INFO AddIdentifyResult: 16771,013561045038,-3,
2017-02-16 08:45:40 INFO AddIdentifyResult: 16772,015629713671,-3,
2017-02-16 08:47:15 INFO AddIdentifyResult: 16771,013561045038,12,
2017-02-16 08:47:21 INFO AddIdentifyResult: 16772,015629713671,12,
2017-02-16 08:47:23 INFO AddIdentifyResult: 16771,013561045038,10,reg/013561045038_0216084704|reg/013561045038_0216084704|reg/013561045038_
2017-02-16 08:47:23 INFO UpdateUserState: 013561045038,1
2017-02-16 08:47:30 INFO AddIdentifyResult: 16772,015629713671,10,reg/015629713671_0216084723|reg/015629713671_0216084723|reg/015629713671_
2017-02-16 08:47:31 INFO UpdateUserState: 015629713671,1
2017-02-16 08:47:41 INFO AddIdentifyResult: 16773,015629713671,-1,
2017-02-16 08:47:46 INFO AddIdentifyResult: 16774,013561045038,-1,
2017-02-16 08:47:48 INFO AddIdentifyResult: 16773,015629713671,-3,
2017-02-16 08:47:57 INFO AddIdentifyResult: 16774,013561045038,-3,
2017-02-16 08:48:40 INFO AddIdentifyResult: 16773,015629713671,0,ver/02/16/084931_015629713671.wav
2017-02-16 08:48:49 INFO AddIdentifyResult: 16774,013561045038,0,ver/02/16/084940_013561045038.wav
2017-02-16 08:49:24 INFO AddIdentifyResult: 16775,013296473616,-1,
2017-02-16 08:49:37 INFO AddIdentifyResult: 16775,013296473616,-3,
2017-02-16 08:50:18 INFO AddIdentifyResult: 16776,015265863170,-1,
2017-02-16 08:50:25 INFO AddIdentifyResult: 16776,015265863170,-3,
2017-02-16 08:51:53 INFO AddIdentifyResult: 16775,013296473616,12,
2017-02-16 08:52:00 INFO AddIdentifyResult: 16775,013296473616,10,reg/013296473616_0216085120|reg/013296473616_0216085120|reg/013296473616_
2017-02-16 08:52:01 INFO UpdateUserState: 013296473616,1
2017-02-16 08:52:31 INFO AddIdentifyResult: 16777,015629901863,-1,
2017-02-16 08:52:38 INFO AddIdentifyResult: 16777,015629901863,-3,
2017-02-16 08:53:10 INFO AddIdentifyResult: 16778,015629901863,-1,
2017-02-16 08:53:10 INFO AddIdentifyResult: 16776,015265863170,12,
2017-02-16 08:53:18 INFO AddIdentifyResult: 16776,015265863170,10,reg/015265863170_0216085405|reg/015265863170_0216085405|reg/015265863170_0216085208
2017-02-16 08:53:18 INFO UpdateUserState: 015265863170,1
2017-02-16 08:53:26 INFO AddIdentifyResult: 16778,015629901863,-3,
2017-02-16 08:53:31 INFO AddIdentifyResult: 16779,18972656297,-1,
2017-02-16 08:53:38 INFO AddIdentifyResult: 16779,18972656297,-3,
2017-02-16 08:53:45 INFO AddIdentifyResult: 16780,013296477865,-1,
2017-02-16 08:53:51 INFO AddIdentifyResult: 16780,013296477865,-3,
2017-02-16 08:53:56 INFO AddIdentifyResult: 16778,015629901863,11,reg/015629901863_|reg/015629901863_|reg/015629901863_
2017-02-16 08:53:57 INFO AddIdentifyResult: 16777,015629901863,11,reg/015629901863_|reg/015629901863_|reg/015629901863_
2017-02-16 08:54:11 INFO AddIdentifyResult: 16781,015629901863,-1,
2017-02-16 08:54:18 INFO AddIdentifyResult: 16781,015629901863,-3,
2017-02-16 08:55:21 INFO AddIdentifyResult: 16779,18972656297,12,
2017-02-16 08:55:28 INFO AddIdentifyResult: 16779,18972656297,10,reg/18972656297_0216085521|reg/18972656297_0216085521|reg/18972656297_
2017-02-16 08:55:28 INFO UpdateUserState: 18972656297,1
2017-02-16 08:56:00 INFO AddIdentifyResult: 16780,013296477865,12,
2017-02-16 08:56:06 INFO AddIdentifyResult: 16780,013296477865,10,reg/013296477865_0216085713|reg/013296477865_0216085713|reg/013296477865_0216085534
2017-02-16 08:56:07 INFO UpdateUserState: 013296477865,1
2017-02-16 08:56:07 INFO AddIdentifyResult: 16782,013287383559,-1,
2017-02-16 08:56:21 INFO AddIdentifyResult: 16782,013287383559,-3,
2017-02-16 08:56:51 INFO AddIdentifyResult: 16781,015629901863,12,
2017-02-16 08:56:57 INFO AddIdentifyResult: 16781,015629901863,10,reg/015629901863_0216085804|reg/015629901863_0216085804|reg/015629901863_0216085600
2017-02-16 08:56:58 INFO UpdateUserState: 015629901863,1
2017-02-16 08:57:15 INFO AddIdentifyResult: 16783,015629901863,-1,
2017-02-16 08:57:22 INFO AddIdentifyResult: 16783,015629901863,-3,
2017-02-16 08:58:11 INFO AddIdentifyResult: 0,18972656297,0,ver/02/16/085902_18972656297.wav
2017-02-16 08:58:18 INFO AddIdentifyResult: 16782,013287383559,12,
2017-02-16 08:58:21 INFO AddIdentifyResult: 16783,015629901863,1,
2017-02-16 08:58:25 INFO AddIdentifyResult: 16782,013287383559,10,reg/013287383559_0216085804|reg/013287383559_0216085804|reg/013287383559_
2017-02-16 08:58:26 INFO UpdateUserState: 013287383559,1
2017-02-16 09:00:05 INFO AddIdentifyResult: 16785,013465298267,-1,
2017-02-16 09:00:12 INFO AddIdentifyResult: 16785,013465298267,-3,
2017-02-16 09:02:29 INFO AddIdentifyResult: 16786,013294231096,-1,
2017-02-16 09:02:30 INFO AddIdentifyResult: 16785,013465298267,12,
2017-02-16 09:02:37 INFO AddIdentifyResult: 16785,013465298267,10,reg/013465298267_0216090154|reg/013465298267_0216090154|reg/013465298267_
2017-02-16 09:02:37 INFO UpdateUserState: 013465298267,1
2017-02-16 09:02:40 INFO AddIdentifyResult: 16786,013294231096,-3,
2017-02-16 09:03:07 INFO AddIdentifyResult: 16786,013294231096,11,reg/013294231096_|reg/013294231096_|reg/013294231096_
2017-02-16 09:03:15 INFO AddIdentifyResult: 16787,013294231096,-1,
2017-02-16 09:03:22 INFO AddIdentifyResult: 16787,013294231096,-3,
2017-02-16 09:04:43 INFO AddIdentifyResult: 16788,013294231096,-1,
2017-02-16 09:04:54 INFO AddIdentifyResult: 16788,013294231096,-3,
2017-02-16 09:04:56 INFO AddIdentifyResult: 16788,013294231096,11,reg/013294231096_|reg/013294231096_|reg/013294231096_
2017-02-16 09:04:58 INFO AddIdentifyResult: 16787,013294231096,11,reg/013294231096_|reg/013294231096_|reg/013294231096_
2017-02-16 09:05:02 INFO AddIdentifyResult: 16789,013294231096,-1,
2017-02-16 09:05:08 INFO AddIdentifyResult: 16789,013294231096,-3,
2017-02-16 09:06:32 INFO AddIdentifyResult: 16789,013294231096,11,reg/013294231096_|reg/013294231096_|reg/013294231096_
2017-02-16 09:06:41 INFO AddIdentifyResult: 16790,013294231096,-1,
2017-02-16 09:06:47 INFO AddIdentifyResult: 16790,013294231096,-3,
2017-02-16 09:08:09 INFO AddIdentifyResult: 16790,013294231096,12,
2017-02-16 09:08:15 INFO AddIdentifyResult: 16791,013287383329,-1,
2017-02-16 09:08:16 INFO AddIdentifyResult: 16790,013294231096,10,reg/013294231096_0216090830|reg/013294231096_0216090830|reg/013294231096_
2017-02-16 09:08:16 INFO UpdateUserState: 013294231096,1
2017-02-16 09:08:24 INFO AddIdentifyResult: 16791,013287383329,-3,
2017-02-16 09:10:00 INFO AddIdentifyResult: 16791,013287383329,12,
2017-02-16 09:10:06 INFO AddIdentifyResult: 16792,013287325129,-1,
2017-02-16 09:10:07 INFO AddIdentifyResult: 16791,013287383329,10,reg/013287383329_0216091007|reg/013287383329_0216091007|reg/013287383329_
2017-02-16 09:10:07 INFO UpdateUserState: 013287383329,1
2017-02-16 09:10:15 INFO AddIdentifyResult: 16792,013287325129,-3,
2017-02-16 09:11:20 INFO AddIdentifyResult: 16793,015629715627,-1,
2017-02-16 09:11:28 INFO AddIdentifyResult: 16793,015629715627,-3,
2017-02-16 09:12:31 INFO AddIdentifyResult: 16794,013561048169,-1,
2017-02-16 09:12:37 INFO AddIdentifyResult: 16792,013287325129,12,
2017-02-16 09:12:38 INFO AddIdentifyResult: 16794,013561048169,-3,
2017-02-16 09:12:46 INFO AddIdentifyResult: 16792,013287325129,10,reg/013287325129_0216091157|reg/013287325129_0216091157|reg/013287325129_
2017-02-16 09:12:46 INFO UpdateUserState: 013287325129,1
2017-02-16 09:13:15 INFO AddIdentifyResult: 16793,015629715627,12,
2017-02-16 09:13:18 INFO AddIdentifyResult: 16794,013561048169,11,reg/013561048169_|reg/013561048169_|reg/013561048169_
2017-02-16 09:13:21 INFO AddIdentifyResult: 16795,013678613682,-1,
2017-02-16 09:13:22 INFO AddIdentifyResult: 16793,015629715627,10,reg/015629715627_0216091310|reg/015629715627_0216091310|reg/015629715627_
2017-02-16 09:13:22 INFO UpdateUserState: 015629715627,1
2017-02-16 09:13:26 INFO AddIdentifyResult: 16796,013561048169,-1,
2017-02-16 09:13:30 INFO AddIdentifyResult: 16796,013561048169,-3,
2017-02-16 09:13:32 INFO AddIdentifyResult: 16795,013678613682,-3,
2017-02-16 09:13:57 INFO AddIdentifyResult: 16797,016529715362,-1,
2017-02-16 09:15:10 INFO AddIdentifyResult: 16795,013678613682,12,
2017-02-16 09:15:18 INFO AddIdentifyResult: 16795,013678613682,10,reg/013678613682_0216091515|reg/013678613682_0216091515|reg/013678613682_
2017-02-16 09:15:18 INFO UpdateUserState: 013678613682,1
2017-02-16 09:15:33 INFO AddIdentifyResult: 16796,013561048169,12,
2017-02-16 09:15:40 INFO AddIdentifyResult: 16796,013561048169,10,reg/013561048169_0216091513|reg/013561048169_0216091513|reg/013561048169_
2017-02-16 09:15:40 INFO UpdateUserState: 013561048169,1
2017-02-16 09:16:35 INFO AddIdentifyResult: 16798,017765106502,-1,
2017-02-16 09:16:58 INFO AddIdentifyResult: 16798,017765106502,-3,
2017-02-16 09:18:36 INFO AddIdentifyResult: 16798,017765106502,12,
2017-02-16 09:18:44 INFO AddIdentifyResult: 16798,017765106502,10,reg/017765106502_0216091841|reg/017765106502_0216091841|reg/017765106502_
2017-02-16 09:18:44 INFO UpdateUserState: 017765106502,1
2017-02-16 09:19:43 INFO AddIdentifyResult: 16799,016529715362,-1,
2017-02-16 09:20:14 INFO AddIdentifyResult: 16800,016529715362,-1,
2017-02-16 09:21:52 INFO AddIdentifyResult: 16801,015629715362,-1,
2017-02-16 09:22:10 INFO AddIdentifyResult: 16801,015629715362,-3,
2017-02-16 09:24:31 INFO AddIdentifyResult: 16802,013884917938,-1,
2017-02-16 09:24:40 INFO AddIdentifyResult: 16802,013884917938,-3,
2017-02-16 09:24:40 INFO AddIdentifyResult: 16801,015629715362,12,
2017-02-16 09:24:43 INFO AddIdentifyResult: 16802,013884917938,11,reg/013884917938_|reg/013884917938_|reg/013884917938_
2017-02-16 09:24:48 INFO AddIdentifyResult: 16801,015629715362,10,reg/015629715362_0216092353|reg/015629715362_0216092353|reg/015629715362_
2017-02-16 09:24:49 INFO UpdateUserState: 015629715362,1
2017-02-16 09:24:51 INFO AddIdentifyResult: 16803,013295468336,-1,
2017-02-16 09:25:01 INFO AddIdentifyResult: 16803,013295468336,-3,
2017-02-16 09:25:50 INFO AddIdentifyResult: 16804,015629905310,-1,
2017-02-16 09:26:01 INFO AddIdentifyResult: 16804,015629905310,-3,
2017-02-16 09:26:12 INFO AddIdentifyResult: 16804,015629905310,11,reg/015629905310_|reg/015629905310_|reg/015629905310_
2017-02-16 09:26:26 INFO AddIdentifyResult: 16805,015629905310,-1,
2017-02-16 09:26:34 INFO AddIdentifyResult: 16805,015629905310,-3,
2017-02-16 09:27:25 INFO AddIdentifyResult: 16803,013295468336,12,
2017-02-16 09:27:34 INFO AddIdentifyResult: 16803,013295468336,10,reg/013295468336_0216092644|reg/013295468336_0216092644|reg/013295468336_
2017-02-16 09:27:34 INFO UpdateUserState: 013295468336,1
2017-02-16 09:27:34 INFO AddIdentifyResult: 16806,013884917938,-1,
2017-02-16 09:27:44 INFO AddIdentifyResult: 16806,013884917938,-3,
2017-02-16 09:28:34 INFO AddIdentifyResult: 16805,015629905310,12,
2017-02-16 09:28:43 INFO AddIdentifyResult: 16805,015629905310,10,reg/015629905310_0216092817|reg/015629905310_0216092817|reg/015629905310_
2017-02-16 09:28:43 INFO UpdateUserState: 015629905310,1
2017-02-16 09:29:17 INFO AddIdentifyResult: 16806,013884917938,12,
2017-02-16 09:29:24 INFO AddIdentifyResult: 16806,013884917938,10,reg/013884917938_0216092927|reg/013884917938_0216092927|reg/013884917938_
2017-02-16 09:29:24 INFO UpdateUserState: 013884917938,1
2017-02-16 09:30:04 INFO AddIdentifyResult: 16807,015629717180,-1,
2017-02-16 09:30:10 INFO AddIdentifyResult: 16807,015629717180,-3,
2017-02-16 09:30:58 INFO AddIdentifyResult: 16808,015629717180,-1,
2017-02-16 09:31:09 INFO AddIdentifyResult: 16808,015629717180,-3,
2017-02-16 09:31:14 INFO AddIdentifyResult: 16808,015629717180,11,reg/015629717180_|reg/015629717180_|reg/015629717180_
2017-02-16 09:31:16 INFO AddIdentifyResult: 16807,015629717180,11,reg/015629717180_|reg/015629717180_|reg/015629717180_
2017-02-16 09:31:20 INFO AddIdentifyResult: 16809,015629717180,-1,
2017-02-16 09:31:27 INFO AddIdentifyResult: 16809,015629717180,-3,
2017-02-16 09:33:15 INFO AddIdentifyResult: 16809,015629717180,12,
2017-02-16 09:33:24 INFO AddIdentifyResult: 16809,015629717180,10,reg/015629717180_0216093310|reg/015629717180_0216093310|reg/015629717180_
2017-02-16 09:33:24 INFO UpdateUserState: 015629717180,1
2017-02-16 09:35:32 INFO AddIdentifyResult: 16810,015629717187,-1,
2017-02-16 09:35:52 INFO AddIdentifyResult: 16810,015629717187,-3,
2017-02-16 09:36:07 INFO AddIdentifyResult: 16810,015629717187,11,reg/015629717187_|reg/015629717187_|reg/015629717187_
2017-02-16 09:36:25 INFO AddIdentifyResult: 16811,015629717187,-1,
2017-02-16 09:36:38 INFO AddIdentifyResult: 16811,015629717187,-3,
2017-02-16 09:38:33 INFO AddIdentifyResult: 16811,015629717187,12,
2017-02-16 09:38:41 INFO AddIdentifyResult: 16811,015629717187,10,reg/015629717187_0216093821|reg/015629717187_0216093821|reg/015629717187_
2017-02-16 09:38:41 INFO UpdateUserState: 015629717187,1
2017-02-16 09:40:51 INFO AddIdentifyResult: 16812,015629717251,-1,
2017-02-16 09:41:11 INFO AddIdentifyResult: 16812,015629717251,-3,
2017-02-16 09:41:25 INFO AddIdentifyResult: 16813,015629717563,-1,
2017-02-16 09:41:42 INFO AddIdentifyResult: 16813,015629717563,-3,
2017-02-16 09:41:47 INFO AddIdentifyResult: 16812,015629717251,11,reg/015629717251_|reg/015629717251_|reg/015629717251_
2017-02-16 09:43:12 INFO AddIdentifyResult: 16813,015629717563,11,reg/015629717563_|reg/015629717563_|reg/015629717563_
2017-02-16 09:44:06 INFO AddIdentifyResult: 16814,015629717563,-1,
2017-02-16 09:44:19 INFO AddIdentifyResult: 16814,015629717563,-3,
2017-02-16 09:46:00 INFO AddIdentifyResult: 16815,013245462187,-1,
2017-02-16 09:46:05 INFO AddIdentifyResult: 16814,015629717563,12,
2017-02-16 09:46:06 INFO AddIdentifyResult: 16815,013245462187,-3,
2017-02-16 09:46:13 INFO AddIdentifyResult: 16814,015629717563,10,reg/015629717563_0216094602|reg/015629717563_0216094602|reg/015629717563_
2017-02-16 09:46:13 INFO UpdateUserState: 015629717563,1
2017-02-16 09:47:59 INFO AddIdentifyResult: 16815,013245462187,12,
2017-02-16 09:48:05 INFO AddIdentifyResult: 16815,013245462187,10,reg/013245462187_0216094749|reg/013245462187_0216094749|reg/013245462187_
2017-02-16 09:48:05 INFO UpdateUserState: 013245462187,1
2017-02-16 09:48:39 INFO AddIdentifyResult: 16816,013954633915,-1,
2017-02-16 09:48:48 INFO AddIdentifyResult: 16816,013954633915,-3,
2017-02-16 09:49:07 INFO AddIdentifyResult: 16817,015629717752,-1,
2017-02-16 09:49:16 INFO AddIdentifyResult: 16817,015629717752,-3,
2017-02-16 09:51:01 INFO AddIdentifyResult: 16817,015629717752,12,
2017-02-16 09:51:08 INFO AddIdentifyResult: 16817,015629717752,10,reg/015629717752_0216095058|reg/015629717752_0216095058|reg/015629717752_
2017-02-16 09:51:08 INFO UpdateUserState: 015629717752,1
2017-02-16 09:51:44 INFO AddIdentifyResult: 16816,013954633915,12,
2017-02-16 09:51:52 INFO AddIdentifyResult: 16816,013954633915,10,reg/013954633915_0216095234|reg/013954633915_0216095234|reg/013954633915_0216095031
2017-02-16 09:51:52 INFO UpdateUserState: 013954633915,1
2017-02-16 09:53:53 INFO AddIdentifyResult: 16818,015629717975,-1,
2017-02-16 09:54:03 INFO AddIdentifyResult: 16819,015572885352,-1,
2017-02-16 09:54:03 INFO AddIdentifyResult: 16818,015629717975,-3,
2017-02-16 09:54:17 INFO AddIdentifyResult: 16819,015572885352,-3,
2017-02-16 09:55:48 INFO AddIdentifyResult: 16818,015629717975,12,
2017-02-16 09:55:57 INFO AddIdentifyResult: 16818,015629717975,10,reg/015629717975_0216095546|reg/015629717975_0216095546|reg/015629717975_
2017-02-16 09:55:57 INFO UpdateUserState: 015629717975,1
2017-02-16 09:56:08 INFO AddIdentifyResult: 16819,015572885352,11,reg/015572885352_|reg/015572885352_|reg/015572885352_
2017-02-16 09:57:00 INFO AddIdentifyResult: 16820,015572885352,-1,
2017-02-16 09:57:00 INFO AddIdentifyResult: 16821,015629717251,-1,
2017-02-16 09:57:09 INFO AddIdentifyResult: 16820,015572885352,-3,
2017-02-16 09:57:15 INFO AddIdentifyResult: 16821,015629717251,-3,
2017-02-16 09:58:56 INFO AddIdentifyResult: 16821,015629717251,12,
2017-02-16 09:59:02 INFO AddIdentifyResult: 16820,015572885352,12,
2017-02-16 09:59:05 INFO AddIdentifyResult: 16821,015629717251,10,reg/015629717251_0216095858|reg/015629717251_0216095858|reg/015629717251_
2017-02-16 09:59:05 INFO UpdateUserState: 015629717251,1
2017-02-16 09:59:12 INFO AddIdentifyResult: 16820,015572885352,10,reg/015572885352_0216095852|reg/015572885352_0216095852|reg/015572885352_
2017-02-16 09:59:12 INFO UpdateUserState: 015572885352,1
2017-02-16 09:59:24 INFO AddIdentifyResult: 16822,015572885352,-1,
2017-02-16 09:59:33 INFO AddIdentifyResult: 16822,015572885352,-3,
2017-02-16 09:59:59 INFO AddIdentifyResult: 16823,015629718323,-1,
2017-02-16 10:00:16 INFO AddIdentifyResult: 16823,015629718323,-3,
2017-02-16 10:00:25 INFO AddIdentifyResult: 16822,015572885352,0,ver/02/16/100117_015572885352.wav
2017-02-16 10:00:35 INFO AddIdentifyResult: 16824,015629718323,-1,
2017-02-16 10:00:46 INFO AddIdentifyResult: 16825,015630805373,-1,
2017-02-16 10:00:47 INFO AddIdentifyResult: 16823,015629718323,11,reg/015629718323_|reg/015629718323_|reg/015629718323_
2017-02-16 10:01:05 INFO AddIdentifyResult: 16826,015629718323,-1,
2017-02-16 10:01:12 INFO AddIdentifyResult: 16826,015629718323,-3,
2017-02-16 10:01:43 INFO AddIdentifyResult: 16827,015630805373,-1,
2017-02-16 10:01:50 INFO AddIdentifyResult: 16827,015630805373,-3,
2017-02-16 10:02:54 INFO AddIdentifyResult: 16826,015629718323,12,
2017-02-16 10:03:01 INFO AddIdentifyResult: 16826,015629718323,10,reg/015629718323_0216100255|reg/015629718323_0216100255|reg/015629718323_
2017-02-16 10:03:01 INFO UpdateUserState: 015629718323,1
2017-02-16 10:03:23 INFO AddIdentifyResult: 16827,015630805373,12,
2017-02-16 10:03:31 INFO AddIdentifyResult: 16827,015630805373,10,reg/015630805373_0216100333|reg/015630805373_0216100333|reg/015630805373_
2017-02-16 10:03:31 INFO UpdateUserState: 015630805373,1
2017-02-16 10:03:35 INFO AddIdentifyResult: 16828,015630805373,-1,
2017-02-16 10:03:40 INFO AddIdentifyResult: 16828,015630805373,-3,
2017-02-16 10:03:49 INFO AddIdentifyResult: 16828,015630805373,1,
2017-02-16 10:03:55 INFO AddIdentifyResult: 16829,015671221915,-1,
2017-02-16 10:03:57 INFO AddIdentifyResult: 16830,015630805373,-1,
2017-02-16 10:04:25 INFO AddIdentifyResult: 16831,015630805373,-1,
2017-02-16 10:04:32 INFO AddIdentifyResult: 16831,015630805373,-3,
2017-02-16 10:04:43 INFO AddIdentifyResult: 16832,015671221915,-1,
2017-02-16 10:05:01 INFO AddIdentifyResult: 16832,015671221915,-3,
2017-02-16 10:05:24 INFO AddIdentifyResult: 16831,015630805373,0,ver/02/16/100615_015630805373.wav
2017-02-16 10:05:26 INFO AddIdentifyResult: 16833,015630805373,-1,
2017-02-16 10:05:41 INFO AddIdentifyResult: 16834,015572882291,-1,
2017-02-16 10:06:00 INFO AddIdentifyResult: 16834,015572882291,-3,
2017-02-16 10:06:06 INFO AddIdentifyResult: 16835,015630805373,-1,
2017-02-16 10:06:14 INFO AddIdentifyResult: 16835,015630805373,-3,
2017-02-16 10:06:53 INFO AddIdentifyResult: 16832,015671221915,12,
2017-02-16 10:07:00 INFO AddIdentifyResult: 16832,015671221915,10,reg/015671221915_0216100644|reg/015671221915_0216100644|reg/015671221915_
2017-02-16 10:07:01 INFO UpdateUserState: 015671221915,1
2017-02-16 10:07:06 INFO AddIdentifyResult: 16835,015630805373,0,ver/02/16/100757_015630805373.wav
2017-02-16 10:07:32 INFO AddIdentifyResult: 16836,015932241308,-1,
2017-02-16 10:07:41 INFO AddIdentifyResult: 16836,015932241308,-3,
2017-02-16 10:07:53 INFO AddIdentifyResult: 16834,015572882291,12,
2017-02-16 10:08:01 INFO AddIdentifyResult: 16834,015572882291,10,reg/015572882291_0216100743|reg/015572882291_0216100743|reg/015572882291_
2017-02-16 10:08:01 INFO UpdateUserState: 015572882291,1
2017-02-16 10:08:08 INFO AddIdentifyResult: 16837,015572882291,-1,
2017-02-16 10:08:17 INFO AddIdentifyResult: 16837,015572882291,-3,
2017-02-16 10:09:09 INFO AddIdentifyResult: 16837,015572882291,0,ver/02/16/101000_015572882291.wav
2017-02-16 10:09:17 INFO AddIdentifyResult: 16836,015932241308,12,
2017-02-16 10:09:25 INFO AddIdentifyResult: 16836,015932241308,10,reg/015932241308_0216100924|reg/015932241308_0216100924|reg/015932241308_
2017-02-16 10:09:25 INFO UpdateUserState: 015932241308,1
2017-02-16 10:09:32 INFO AddIdentifyResult: 16838,015932241308,-1,
2017-02-16 10:10:17 INFO AddIdentifyResult: 16839,015932241308,-1,
2017-02-16 10:10:33 INFO AddIdentifyResult: 16839,015932241308,-3,
2017-02-16 10:10:54 INFO AddIdentifyResult: 16840,015629727180,-1,
2017-02-16 10:11:26 INFO AddIdentifyResult: 16839,015932241308,0,ver/02/16/101217_015932241308.wav
2017-02-16 10:12:28 INFO AddIdentifyResult: 16841,13287383587,-1,
2017-02-16 10:12:52 INFO AddIdentifyResult: 16842,013287383587,-1,
2017-02-16 10:12:59 INFO AddIdentifyResult: 16842,013287383587,-3,
2017-02-16 10:17:10 INFO AddIdentifyResult: 16842,013287383587,12,
2017-02-16 10:17:18 INFO AddIdentifyResult: 16842,013287383587,10,reg/013287383587_0216101818|reg/013287383587_0216101818|reg/013287383587_0216101442
2017-02-16 10:17:18 INFO UpdateUserState: 013287383587,1
2017-02-16 10:17:18 INFO AddIdentifyResult: 16843,015629718613,-1,
2017-02-16 10:17:38 INFO AddIdentifyResult: 16844,013287383587,-1,
2017-02-16 10:17:53 INFO AddIdentifyResult: 16844,013287383587,-3,
2017-02-16 10:18:20 INFO AddIdentifyResult: 16845,013731473945,-1,
2017-02-16 10:18:52 INFO AddIdentifyResult: 16844,013287383587,1,
2017-02-16 10:19:27 INFO AddIdentifyResult: 16846,013287383587,-1,
2017-02-16 10:19:33 INFO AddIdentifyResult: 16846,013287383587,-3,
2017-02-16 10:20:10 INFO AddIdentifyResult: 16847,013473273574,-1,
2017-02-16 10:20:20 INFO AddIdentifyResult: 16847,013473273574,-3,
2017-02-16 10:20:21 INFO AddIdentifyResult: 16848,015629718613,-1,
2017-02-16 10:20:31 INFO AddIdentifyResult: 16848,015629718613,-3,
2017-02-16 10:21:59 INFO AddIdentifyResult: 16847,013473273574,12,
2017-02-16 10:22:02 INFO AddIdentifyResult: 16846,013287383587,11,reg/013287383587_|reg/013287383587_|reg/013287383587_
2017-02-16 10:22:07 INFO AddIdentifyResult: 16847,013473273574,10,reg/013473273574_0216102203|reg/013473273574_0216102203|reg/013473273574_
2017-02-16 10:22:07 INFO UpdateUserState: 013473273574,1
2017-02-16 10:22:09 INFO AddIdentifyResult: 16849,013473273574,-1,
2017-02-16 10:22:10 INFO AddIdentifyResult: 16850,013287383587,-1,
2017-02-16 10:22:15 INFO AddIdentifyResult: 16849,013473273574,-3,
2017-02-16 10:22:16 INFO AddIdentifyResult: 16850,013287383587,-3,
2017-02-16 10:22:55 INFO AddIdentifyResult: 16851,015931949603,-1,
2017-02-16 10:22:57 INFO AddIdentifyResult: 16848,015629718613,11,reg/015629718613_|reg/015629718613_|reg/015629718613_
2017-02-16 10:23:04 INFO AddIdentifyResult: 16851,015931949603,-3,
2017-02-16 10:23:07 INFO AddIdentifyResult: 16849,013473273574,0,ver/02/16/102358_013473273574.wav
2017-02-16 10:23:13 INFO AddIdentifyResult: 16852,015629718613,-1,
2017-02-16 10:23:23 INFO AddIdentifyResult: 16852,015629718613,-3,
2017-02-16 10:24:35 INFO AddIdentifyResult: 16851,015931949603,12,
2017-02-16 10:24:43 INFO AddIdentifyResult: 16851,015931949603,10,reg/015931949603_0216102447|reg/015931949603_0216102447|reg/015931949603_
2017-02-16 10:24:43 INFO UpdateUserState: 015931949603,1
2017-02-16 10:24:59 INFO AddIdentifyResult: 16853,015931949603,-1,
2017-02-16 10:25:01 INFO AddIdentifyResult: 16850,013287383587,12,
2017-02-16 10:25:05 INFO AddIdentifyResult: 16853,015931949603,-3,
2017-02-16 10:25:07 INFO AddIdentifyResult: 16850,013287383587,10,reg/013287383587_0216102613|reg/013287383587_0216102613|reg/013287383587_0216102359
2017-02-16 10:25:08 INFO UpdateUserState: 013287383587,1
2017-02-16 10:25:29 INFO AddIdentifyResult: 16852,015629718613,12,
2017-02-16 10:25:38 INFO AddIdentifyResult: 16852,015629718613,10,reg/015629718613_0216102506|reg/015629718613_0216102506|reg/015629718613_
2017-02-16 10:25:39 INFO UpdateUserState: 015629718613,1
2017-02-16 10:25:58 INFO AddIdentifyResult: 16853,015931949603,0,ver/02/16/102649_015931949603.wav
2017-02-16 10:26:00 INFO AddIdentifyResult: 16854,013091208706,-1,
2017-02-16 10:26:07 INFO AddIdentifyResult: 16854,013091208706,-3,
2017-02-16 10:27:38 INFO AddIdentifyResult: 16855,015629717570,-1,
2017-02-16 10:27:43 INFO AddIdentifyResult: 16854,013091208706,12,
2017-02-16 10:27:48 INFO AddIdentifyResult: 16855,015629717570,-3,
2017-02-16 10:27:50 INFO AddIdentifyResult: 16854,013091208706,10,reg/013091208706_0216102750|reg/013091208706_0216102750|reg/013091208706_
2017-02-16 10:27:50 INFO UpdateUserState: 013091208706,1
2017-02-16 10:27:54 INFO AddIdentifyResult: 16856,013091208706,-1,
2017-02-16 10:27:58 INFO AddIdentifyResult: 16856,013091208706,-3,
2017-02-16 10:28:08 INFO AddIdentifyResult: 16856,013091208706,1,
2017-02-16 10:28:12 INFO AddIdentifyResult: 16857,013223207906,-1,
2017-02-16 10:28:20 INFO AddIdentifyResult: 16858,013091208706,-1,
2017-02-16 10:28:30 INFO AddIdentifyResult: 16857,013223207906,-3,
2017-02-16 10:28:32 INFO AddIdentifyResult: 16858,013091208706,-3,
2017-02-16 10:29:23 INFO AddIdentifyResult: 16858,013091208706,0,ver/02/16/103015_013091208706.wav
2017-02-16 10:29:58 INFO AddIdentifyResult: 16855,015629717570,12,
2017-02-16 10:30:07 INFO AddIdentifyResult: 16855,015629717570,10,reg/015629717570_0216102931|reg/015629717570_0216102931|reg/015629717570_
2017-02-16 10:30:08 INFO UpdateUserState: 015629717570,1
2017-02-16 10:30:23 INFO AddIdentifyResult: 16859,13181403393,-1,
2017-02-16 10:30:32 INFO AddIdentifyResult: 16857,013223207906,12,
2017-02-16 10:30:40 INFO AddIdentifyResult: 16857,013223207906,10,reg/013223207906_0216103144|reg/013223207906_0216103144|reg/013223207906_0216103013
2017-02-16 10:30:40 INFO UpdateUserState: 013223207906,1
2017-02-16 10:30:45 INFO AddIdentifyResult: 16860,013223207906,-1,
2017-02-16 10:30:57 INFO AddIdentifyResult: 16861,013181403393,-1,
2017-02-16 10:30:59 INFO AddIdentifyResult: 16860,013223207906,-3,
2017-02-16 10:31:03 INFO AddIdentifyResult: 16861,013181403393,-3,
2017-02-16 10:31:50 INFO AddIdentifyResult: 16860,013223207906,0,ver/02/16/103242_013223207906.wav
2017-02-16 10:32:58 INFO AddIdentifyResult: 16861,013181403393,11,reg/013181403393_|reg/013181403393_|reg/013181403393_
2017-02-16 10:33:11 INFO AddIdentifyResult: 16862,013091208553,-1,
2017-02-16 10:33:17 INFO AddIdentifyResult: 16862,013091208553,-3,
2017-02-16 10:33:27 INFO AddIdentifyResult: 16863,015629716270,-1,
2017-02-16 10:33:28 INFO AddIdentifyResult: 16864,013181403393,-1,
2017-02-16 10:33:42 INFO AddIdentifyResult: 16863,015629716270,-3,
2017-02-16 10:34:37 INFO AddIdentifyResult: 16865,013181403393,-1,
2017-02-16 10:34:45 INFO AddIdentifyResult: 16865,013181403393,-3,
2017-02-16 10:34:53 INFO AddIdentifyResult: 16862,013091208553,12,
2017-02-16 10:35:01 INFO AddIdentifyResult: 16862,013091208553,10,reg/013091208553_0216103500|reg/013091208553_0216103500|reg/013091208553_
2017-02-16 10:35:01 INFO UpdateUserState: 013091208553,1
2017-02-16 10:35:23 INFO AddIdentifyResult: 16866,013091208553,-1,
2017-02-16 10:35:30 INFO AddIdentifyResult: 16866,013091208553,-3,
2017-02-16 10:35:33 INFO AddIdentifyResult: 16863,015629716270,12,
2017-02-16 10:35:41 INFO AddIdentifyResult: 16863,015629716270,10,reg/015629716270_0216103525|reg/015629716270_0216103525|reg/015629716270_
2017-02-16 10:35:42 INFO UpdateUserState: 015629716270,1
2017-02-16 10:36:03 INFO AddIdentifyResult: 16865,013181403393,12,
2017-02-16 10:36:10 INFO AddIdentifyResult: 16865,013181403393,10,reg/013181403393_0216103628|reg/013181403393_0216103628|reg/013181403393_
2017-02-16 10:36:10 INFO UpdateUserState: 013181403393,1
2017-02-16 10:36:22 INFO AddIdentifyResult: 16866,013091208553,0,ver/02/16/103713_013091208553.wav
2017-02-16 10:36:23 INFO AddIdentifyResult: 16867,015629902737,-1,
2017-02-16 10:37:48 INFO AddIdentifyResult: 16868,015629902737,-1,
2017-02-16 10:39:05 INFO AddIdentifyResult: 16869,015629902737,-1,
2017-02-16 10:39:17 INFO AddIdentifyResult: 16869,015629902737,-3,
2017-02-16 10:40:11 INFO AddIdentifyResult: 0,18972649001,1,
2017-02-16 10:40:56 INFO AddIdentifyResult: 16871,013295468857,-1,
2017-02-16 10:40:57 INFO AddIdentifyResult: 16872,013191678615,-1,
2017-02-16 10:41:07 INFO AddIdentifyResult: 16871,013295468857,-3,
2017-02-16 10:41:08 INFO AddIdentifyResult: 16872,013191678615,-3,
2017-02-16 10:41:29 INFO AddIdentifyResult: 16869,015629902737,12,
2017-02-16 10:41:38 INFO AddIdentifyResult: 16869,015629902737,10,reg/015629902737_0216104100|reg/015629902737_0216104100|reg/015629902737_
2017-02-16 10:41:38 INFO UpdateUserState: 015629902737,1
2017-02-16 10:42:33 INFO AddIdentifyResult: 16871,013295468857,11,reg/013295468857_|reg/013295468857_|reg/013295468857_
2017-02-16 10:42:46 INFO AddIdentifyResult: 16872,013191678615,12,
2017-02-16 10:42:46 INFO AddIdentifyResult: 16873,013295468857,-1,
2017-02-16 10:42:53 INFO AddIdentifyResult: 16872,013191678615,10,reg/013191678615_0216104251|reg/013191678615_0216104251|reg/013191678615_
2017-02-16 10:42:53 INFO UpdateUserState: 013191678615,1
2017-02-16 10:42:55 INFO AddIdentifyResult: 16873,013295468857,-3,
2017-02-16 10:42:57 INFO AddIdentifyResult: 16874,013191678615,-1,
2017-02-16 10:43:06 INFO AddIdentifyResult: 16874,013191678615,-3,
2017-02-16 10:43:58 INFO AddIdentifyResult: 16874,013191678615,0,ver/02/16/104449_013191678615.wav
2017-02-16 10:44:30 INFO AddIdentifyResult: 16873,013295468857,12,
2017-02-16 10:44:37 INFO AddIdentifyResult: 16873,013295468857,10,reg/013295468857_0216104438|reg/013295468857_0216104438|reg/013295468857_
2017-02-16 10:44:37 INFO UpdateUserState: 013295468857,1
2017-02-16 10:44:51 INFO AddIdentifyResult: 16875,013287383603,-1,
2017-02-16 10:45:00 INFO AddIdentifyResult: 16875,013287383603,-3,
2017-02-16 10:45:06 INFO AddIdentifyResult: 16876,015629903201,-1,
2017-02-16 10:45:13 INFO AddIdentifyResult: 16876,015629903201,-3,
2017-02-16 10:45:25 INFO AddIdentifyResult: 16877,013295468857,-1,
2017-02-16 10:45:33 INFO AddIdentifyResult: 16877,013295468857,-3,
2017-02-16 10:46:26 INFO AddIdentifyResult: 16877,013295468857,0,ver/02/16/104717_013295468857.wav
2017-02-16 10:46:56 INFO AddIdentifyResult: 16875,013287383603,12,
2017-02-16 10:47:00 INFO AddIdentifyResult: 16876,015629903201,12,
2017-02-16 10:47:03 INFO AddIdentifyResult: 16875,013287383603,10,reg/013287383603_0216104643|reg/013287383603_0216104643|reg/013287383603_
2017-02-16 10:47:03 INFO UpdateUserState: 013287383603,1
2017-02-16 10:47:11 INFO AddIdentifyResult: 16876,015629903201,10,reg/015629903201_0216104656|reg/015629903201_0216104656|reg/015629903201_
2017-02-16 10:47:12 INFO UpdateUserState: 015629903201,1
2017-02-16 10:47:44 INFO AddIdentifyResult: 16878,015076447572,-1,
2017-02-16 10:48:01 INFO AddIdentifyResult: 16878,015076447572,-3,
2017-02-16 10:48:10 INFO AddIdentifyResult: 16879,013287383603,-1,
2017-02-16 10:48:19 INFO AddIdentifyResult: 16879,013287383603,-3,
2017-02-16 10:49:11 INFO AddIdentifyResult: 16879,013287383603,0,ver/02/16/105002_013287383603.wav
2017-02-16 10:49:26 INFO AddIdentifyResult: 16880,015633778213,-1,
2017-02-16 10:49:34 INFO AddIdentifyResult: 16880,015633778213,-3,
2017-02-16 10:49:34 INFO AddIdentifyResult: 16878,015076447572,12,
2017-02-16 10:49:42 INFO AddIdentifyResult: 16878,015076447572,10,reg/015076447572_0216104944|reg/015076447572_0216104944|reg/015076447572_
2017-02-16 10:49:42 INFO UpdateUserState: 015076447572,1
2017-02-16 10:49:59 INFO AddIdentifyResult: 16881,015629907971,-1,
2017-02-16 10:50:10 INFO AddIdentifyResult: 16882,013884917849,-1,
2017-02-16 10:50:21 INFO AddIdentifyResult: 16882,013884917849,-3,
2017-02-16 10:50:22 INFO AddIdentifyResult: 16883,015076447572,-1,
2017-02-16 10:50:30 INFO AddIdentifyResult: 16881,015629907971,-3,
2017-02-16 10:50:32 INFO AddIdentifyResult: 16883,015076447572,-3,
2017-02-16 10:51:24 INFO AddIdentifyResult: 16883,015076447572,0,ver/02/16/105215_015076447572.wav
2017-02-16 10:52:11 INFO AddIdentifyResult: 16882,013884917849,12,
2017-02-16 10:52:14 INFO AddIdentifyResult: 16880,015633778213,12,
2017-02-16 10:52:19 INFO AddIdentifyResult: 16882,013884917849,10,reg/013884917849_0216105204|reg/013884917849_0216105204|reg/013884917849_
2017-02-16 10:52:19 INFO UpdateUserState: 013884917849,1
2017-02-16 10:52:26 INFO AddIdentifyResult: 16881,015629907971,12,
2017-02-16 10:52:26 INFO AddIdentifyResult: 16880,015633778213,10,reg/015633778213_0216105322|reg/015633778213_0216105322|reg/015633778213_0216105117
2017-02-16 10:52:26 INFO UpdateUserState: 015633778213,1
2017-02-16 10:52:29 INFO AddIdentifyResult: 16884,015633778213,-1,
2017-02-16 10:52:33 INFO AddIdentifyResult: 16884,015633778213,-3,
2017-02-16 10:52:34 INFO AddIdentifyResult: 16881,015629907971,10,reg/015629907971_0216105213|reg/015629907971_0216105213|reg/015629907971_
2017-02-16 10:52:34 INFO UpdateUserState: 015629907971,1
2017-02-16 10:52:43 INFO AddIdentifyResult: 16885,013884917849,-1,
2017-02-16 10:52:55 INFO AddIdentifyResult: 16885,013884917849,-3,
2017-02-16 10:53:25 INFO AddIdentifyResult: 16884,015633778213,0,ver/02/16/105417_015633778213.wav
2017-02-16 10:53:48 INFO AddIdentifyResult: 16885,013884917849,0,ver/02/16/105439_013884917849.wav
2017-02-16 10:53:49 INFO AddIdentifyResult: 16886,015630232713,-1,
2017-02-16 10:53:55 INFO AddIdentifyResult: 16886,015630232713,-3,
2017-02-16 10:55:27 INFO AddIdentifyResult: 16886,015630232713,12,
2017-02-16 10:55:35 INFO AddIdentifyResult: 16886,015630232713,10,reg/015630232713_0216105538|reg/015630232713_0216105538|reg/015630232713_
2017-02-16 10:55:35 INFO UpdateUserState: 015630232713,1
2017-02-16 10:55:39 INFO AddIdentifyResult: 16887,015630232713,-1,
2017-02-16 10:55:44 INFO AddIdentifyResult: 16887,015630232713,-3,
2017-02-16 10:55:54 INFO AddIdentifyResult: 16887,015630232713,1,
2017-02-16 10:56:07 INFO AddIdentifyResult: 16888,015630232713,-1,
2017-02-16 10:56:17 INFO AddIdentifyResult: 16888,015630232713,-3,
2017-02-16 10:57:09 INFO AddIdentifyResult: 16888,015630232713,0,ver/02/16/105800_015630232713.wav
2017-02-16 10:58:29 INFO AddIdentifyResult: 16889,015572886025,-1,
2017-02-16 10:58:41 INFO AddIdentifyResult: 16889,015572886025,-3,
2017-02-16 10:59:21 INFO AddIdentifyResult: 16890,015629902810,-1,
2017-02-16 11:00:35 INFO AddIdentifyResult: 16889,015572886025,12,
2017-02-16 11:00:45 INFO AddIdentifyResult: 16889,015572886025,10,reg/015572886025_0216110024|reg/015572886025_0216110024|reg/015572886025_
2017-02-16 11:00:46 INFO UpdateUserState: 015572886025,1
2017-02-16 11:01:03 INFO AddIdentifyResult: 16891,015572886025,-1,
2017-02-16 11:01:11 INFO AddIdentifyResult: 16891,015572886025,-3,
2017-02-16 11:01:20 INFO AddIdentifyResult: 16892,015133250429,-1,
2017-02-16 11:01:27 INFO AddIdentifyResult: 16892,015133250429,-3,
2017-02-16 11:01:40 INFO AddIdentifyResult: 16893,015629902810,-1,
2017-02-16 11:01:55 INFO AddIdentifyResult: 16893,015629902810,-3,
2017-02-16 11:01:58 INFO AddIdentifyResult: 16891,015572886025,0,ver/02/16/110254_015572886025.wav
2017-02-16 11:02:19 INFO AddIdentifyResult: 16893,015629902810,11,reg/015629902810_|reg/015629902810_|reg/015629902810_
2017-02-16 11:02:25 INFO AddIdentifyResult: 16894,015629902810,-1,
2017-02-16 11:02:31 INFO AddIdentifyResult: 16894,015629902810,-3,
2017-02-16 11:02:57 INFO AddIdentifyResult: 16892,015133250429,12,
2017-02-16 11:03:05 INFO AddIdentifyResult: 16892,015133250429,10,reg/015133250429_0216110310|reg/015133250429_0216110310|reg/015133250429_
2017-02-16 11:03:06 INFO UpdateUserState: 015133250429,1
2017-02-16 11:03:17 INFO AddIdentifyResult: 16895,015133250429,-1,
2017-02-16 11:03:24 INFO AddIdentifyResult: 16895,015133250429,-3,
2017-02-16 11:04:11 INFO AddIdentifyResult: 16896,015630229756,-1,
2017-02-16 11:04:16 INFO AddIdentifyResult: 16896,015630229756,-3,
2017-02-16 11:04:17 INFO AddIdentifyResult: 16895,015133250429,0,ver/02/16/110508_015133250429.wav
2017-02-16 11:04:24 INFO AddIdentifyResult: 16894,015629902810,12,
2017-02-16 11:04:31 INFO AddIdentifyResult: 16894,015629902810,10,reg/015629902810_0216110414|reg/015629902810_0216110414|reg/015629902810_
2017-02-16 11:04:32 INFO UpdateUserState: 015629902810,1
2017-02-16 11:05:50 INFO AddIdentifyResult: 16896,015630229756,12,
2017-02-16 11:05:57 INFO AddIdentifyResult: 16896,015630229756,10,reg/015630229756_0216110559|reg/015630229756_0216110559|reg/015630229756_
2017-02-16 11:05:57 INFO UpdateUserState: 015630229756,1
2017-02-16 11:06:00 INFO AddIdentifyResult: 16897,015630229756,-1,
2017-02-16 11:06:05 INFO AddIdentifyResult: 16897,015630229756,-3,
2017-02-16 11:06:15 INFO AddIdentifyResult: 16897,015630229756,1,
2017-02-16 11:06:20 INFO AddIdentifyResult: 16898,013180227029,-1,
2017-02-16 11:06:22 INFO AddIdentifyResult: 16899,015630229756,-1,
2017-02-16 11:06:26 INFO AddIdentifyResult: 16898,013180227029,-3,
2017-02-16 11:06:31 INFO AddIdentifyResult: 16899,015630229756,-3,
2017-02-16 11:07:23 INFO AddIdentifyResult: 16899,015630229756,0,ver/02/16/110814_015630229756.wav
2017-02-16 11:07:46 INFO AddIdentifyResult: 16898,013180227029,12,
2017-02-16 11:07:52 INFO AddIdentifyResult: 16898,013180227029,10,reg/013180227029_0216110901|reg/013180227029_0216110901|reg/013180227029_0216110809
2017-02-16 11:07:53 INFO UpdateUserState: 013180227029,1
2017-02-16 11:08:03 INFO AddIdentifyResult: 16900,013180227029,-1,
2017-02-16 11:08:07 INFO AddIdentifyResult: 16900,013180227029,-3,
2017-02-16 11:08:21 INFO AddIdentifyResult: 16900,013180227029,1,
2017-02-16 11:08:29 INFO AddIdentifyResult: 16901,013180227029,-1,
2017-02-16 11:08:46 INFO AddIdentifyResult: 16901,013180227029,-3,
2017-02-16 11:08:47 INFO AddIdentifyResult: 16902,015629907835,-1,
2017-02-16 11:08:53 INFO AddIdentifyResult: 16902,015629907835,-3,
2017-02-16 11:09:38 INFO AddIdentifyResult: 16901,013180227029,0,ver/02/16/111029_013180227029.wav
2017-02-16 11:10:46 INFO AddIdentifyResult: 16903,015172067471,-1,
2017-02-16 11:10:58 INFO AddIdentifyResult: 16902,015629907835,12,
2017-02-16 11:11:07 INFO AddIdentifyResult: 16902,015629907835,10,reg/015629907835_0216111036|reg/015629907835_0216111036|reg/015629907835_
2017-02-16 11:11:07 INFO UpdateUserState: 015629907835,1
2017-02-16 11:11:12 INFO AddIdentifyResult: 16904,013223213785,-1,
2017-02-16 11:11:21 INFO AddIdentifyResult: 16904,013223213785,-3,
2017-02-16 11:14:22 INFO AddIdentifyResult: 16904,013223213785,12,
2017-02-16 11:14:29 INFO AddIdentifyResult: 16904,013223213785,10,reg/013223213785_0216111435|reg/013223213785_0216111435|reg/013223213785_0216111304
2017-02-16 11:14:29 INFO UpdateUserState: 013223213785,1
2017-02-16 11:14:34 INFO AddIdentifyResult: 16905,013092762495,-1,
2017-02-16 11:14:38 INFO AddIdentifyResult: 16906,013223213785,-1,
2017-02-16 11:14:43 INFO AddIdentifyResult: 16905,013092762495,-3,
2017-02-16 11:14:51 INFO AddIdentifyResult: 16906,013223213785,-3,
2017-02-16 11:15:43 INFO AddIdentifyResult: 16906,013223213785,0,ver/02/16/111635_013223213785.wav
2017-02-16 11:16:29 INFO AddIdentifyResult: 16905,013092762495,12,
2017-02-16 11:16:36 INFO AddIdentifyResult: 16905,013092762495,10,reg/013092762495_0216111626|reg/013092762495_0216111626|reg/013092762495_
2017-02-16 11:16:36 INFO UpdateUserState: 013092762495,1
2017-02-16 11:17:07 INFO AddIdentifyResult: 16907,015631273681,-1,
2017-02-16 11:17:15 INFO AddIdentifyResult: 16907,015631273681,-3,
2017-02-16 11:18:54 INFO AddIdentifyResult: 16908,018733245649,-1,
2017-02-16 11:19:00 INFO AddIdentifyResult: 16907,015631273681,12,
2017-02-16 11:19:02 INFO AddIdentifyResult: 16908,018733245649,-3,
2017-02-16 11:19:07 INFO AddIdentifyResult: 16907,015631273681,10,reg/015631273681_0216111858|reg/015631273681_0216111858|reg/015631273681_
2017-02-16 11:19:07 INFO UpdateUserState: 015631273681,1
2017-02-16 11:19:14 INFO AddIdentifyResult: 16909,015631273681,-1,
2017-02-16 11:19:17 INFO AddIdentifyResult: 16910,015631273681,-1,
2017-02-16 11:19:47 INFO AddIdentifyResult: 16911,015631273681,-1,
2017-02-16 11:19:52 INFO AddIdentifyResult: 16911,015631273681,-3,
2017-02-16 11:20:33 INFO AddIdentifyResult: 16908,018733245649,12,
2017-02-16 11:20:41 INFO AddIdentifyResult: 16908,018733245649,10,reg/018733245649_0216112045|reg/018733245649_0216112045|reg/018733245649_
2017-02-16 11:20:41 INFO UpdateUserState: 018733245649,1
2017-02-16 11:20:45 INFO AddIdentifyResult: 16911,015631273681,0,ver/02/16/112136_015631273681.wav
2017-02-16 11:20:54 INFO AddIdentifyResult: 16912,018733245649,-1,
2017-02-16 11:21:04 INFO AddIdentifyResult: 16912,018733245649,-3,
2017-02-16 11:21:49 INFO AddIdentifyResult: 16913,015172067471,-1,
2017-02-16 11:21:56 INFO AddIdentifyResult: 16913,015172067471,-3,
2017-02-16 11:21:57 INFO AddIdentifyResult: 16912,018733245649,0,ver/02/16/112248_018733245649.wav
2017-02-16 11:22:18 INFO AddIdentifyResult: 16914,013230260736,-1,
2017-02-16 11:22:32 INFO AddIdentifyResult: 16915,013230260736,-1,
2017-02-16 11:22:48 INFO AddIdentifyResult: 16916,015172067471,-1,
2017-02-16 11:22:53 INFO AddIdentifyResult: 16916,015172067471,-3,
2017-02-16 11:23:22 INFO AddIdentifyResult: 16917,013230260736,-1,
2017-02-16 11:23:26 INFO AddIdentifyResult: 16916,015172067471,11,reg/015172067471_|reg/015172067471_|reg/015172067471_
2017-02-16 11:23:28 INFO AddIdentifyResult: 16913,015172067471,11,reg/015172067471_|reg/015172067471_|reg/015172067471_
2017-02-16 11:23:33 INFO AddIdentifyResult: 16918,013400387695,-1,
2017-02-16 11:23:41 INFO AddIdentifyResult: 16918,013400387695,-3,
2017-02-16 11:23:41 INFO AddIdentifyResult: 16917,013230260736,-3,
2017-02-16 11:23:49 INFO AddIdentifyResult: 16919,015172067471,-1,
2017-02-16 11:24:02 INFO AddIdentifyResult: 16919,015172067471,-3,
2017-02-16 11:25:42 INFO AddIdentifyResult: 16917,013230260736,12,
2017-02-16 11:25:50 INFO AddIdentifyResult: 16917,013230260736,10,reg/013230260736_0216112701|reg/013230260736_0216112701|reg/013230260736_0216112524
2017-02-16 11:25:50 INFO UpdateUserState: 013230260736,1
2017-02-16 11:25:50 INFO AddIdentifyResult: 16919,015172067471,11,reg/015172067471_|reg/015172067471_|reg/015172067471_
2017-02-16 11:26:00 INFO AddIdentifyResult: 16920,013230260736,-1,
2017-02-16 11:26:03 INFO AddIdentifyResult: 16918,013400387695,12,
2017-02-16 11:26:08 INFO AddIdentifyResult: 16921,015632208179,-1,
2017-02-16 11:26:11 INFO AddIdentifyResult: 16918,013400387695,10,reg/013400387695_0216112658|reg/013400387695_0216112658|reg/013400387695_0216112524
2017-02-16 11:26:12 INFO UpdateUserState: 013400387695,1
2017-02-16 11:26:15 INFO AddIdentifyResult: 16922,013400387695,-1,
2017-02-16 11:26:19 INFO AddIdentifyResult: 16921,015632208179,-3,
2017-02-16 11:26:26 INFO AddIdentifyResult: 16922,013400387695,-3,
2017-02-16 11:26:30 INFO AddIdentifyResult: 16923,015172067471,-1,
2017-02-16 11:26:37 INFO AddIdentifyResult: 16923,015172067471,-3,
2017-02-16 11:26:41 INFO AddIdentifyResult: 16924,013230260736,-1,
2017-02-16 11:27:09 INFO AddIdentifyResult: 16925,013230260736,-1,
2017-02-16 11:27:18 INFO AddIdentifyResult: 16922,013400387695,0,ver/02/16/112810_013400387695.wav
2017-02-16 11:27:37 INFO AddIdentifyResult: 16926,013230260736,-1,
2017-02-16 11:28:02 INFO AddIdentifyResult: 16921,015632208179,12,
2017-02-16 11:28:07 INFO AddIdentifyResult: 16923,015172067471,12,
2017-02-16 11:28:11 INFO AddIdentifyResult: 16921,015632208179,10,reg/015632208179_0216112802|reg/015632208179_0216112802|reg/015632208179_
2017-02-16 11:28:11 INFO UpdateUserState: 015632208179,1
2017-02-16 11:28:18 INFO AddIdentifyResult: 16923,015172067471,10,reg/015172067471_0216112820|reg/015172067471_0216112820|reg/015172067471_
2017-02-16 11:28:18 INFO UpdateUserState: 015172067471,1
2017-02-16 11:28:19 INFO AddIdentifyResult: 16927,015632208179,-1,
2017-02-16 11:28:22 INFO AddIdentifyResult: 16927,015632208179,-3,
2017-02-16 11:28:29 INFO AddIdentifyResult: 16928,015172067471,-1,
2017-02-16 11:28:38 INFO AddIdentifyResult: 16927,015632208179,1,
2017-02-16 11:28:38 INFO AddIdentifyResult: 16928,015172067471,-3,
2017-02-16 11:28:54 INFO AddIdentifyResult: 16929,013230260736,-1,
2017-02-16 11:28:58 INFO AddIdentifyResult: 16930,015632208179,-1,
2017-02-16 11:29:02 INFO AddIdentifyResult: 16929,013230260736,-3,
2017-02-16 11:29:12 INFO AddIdentifyResult: 16930,015632208179,-3,
2017-02-16 11:29:30 INFO AddIdentifyResult: 16928,015172067471,0,ver/02/16/113022_015172067471.wav
2017-02-16 11:29:53 INFO AddIdentifyResult: 16929,013230260736,0,ver/02/16/113046_013230260736.wav
2017-02-16 11:29:58 INFO AddIdentifyResult: 16931,013171905883,-1,
2017-02-16 11:30:05 INFO AddIdentifyResult: 16930,015632208179,0,ver/02/16/113056_015632208179.wav
2017-02-16 11:30:09 INFO AddIdentifyResult: 16931,013171905883,-3,
2017-02-16 11:30:50 INFO AddIdentifyResult: 16932,015629907901,-1,
2017-02-16 11:31:01 INFO AddIdentifyResult: 16932,015629907901,-3,
2017-02-16 11:31:49 INFO AddIdentifyResult: 16931,013171905883,12,
2017-02-16 11:31:57 INFO AddIdentifyResult: 16931,013171905883,10,reg/013171905883_0216113152|reg/013171905883_0216113152|reg/013171905883_
2017-02-16 11:31:57 INFO UpdateUserState: 013171905883,1
2017-02-16 11:32:02 INFO AddIdentifyResult: 16933,013171905883,-1,
2017-02-16 11:32:10 INFO AddIdentifyResult: 16933,013171905883,-3,
2017-02-16 11:32:23 INFO AddIdentifyResult: 16933,013171905883,1,
2017-02-16 11:32:35 INFO AddIdentifyResult: 16934,013171905883,-1,
2017-02-16 11:32:51 INFO AddIdentifyResult: 16934,013171905883,-3,
2017-02-16 11:33:42 INFO AddIdentifyResult: 16934,013171905883,0,ver/02/16/113434_013171905883.wav
2017-02-16 11:33:57 INFO AddIdentifyResult: 16932,015629907901,12,
2017-02-16 11:34:08 INFO AddIdentifyResult: 16932,015629907901,10,reg/015629907901_0216113244|reg/015629907901_0216113244|reg/015629907901_
2017-02-16 11:34:08 INFO UpdateUserState: 015629907901,1
2017-02-16 11:35:29 INFO AddIdentifyResult: 16935,013171901187,-1,
2017-02-16 11:35:49 INFO AddIdentifyResult: 16936,015671221757,-1,
2017-02-16 11:36:01 INFO AddIdentifyResult: 16937,013171901187,-1,
2017-02-16 11:36:04 INFO AddIdentifyResult: 16937,013171901187,-3,
2017-02-16 11:36:30 INFO AddIdentifyResult: 16938,015175280748,-1,
2017-02-16 11:36:40 INFO AddIdentifyResult: 16938,015175280748,-3,
2017-02-16 11:36:43 INFO AddIdentifyResult: 16939,015671221757,-1,
2017-02-16 11:36:49 INFO AddIdentifyResult: 16939,015671221757,-3,
2017-02-16 11:36:59 INFO AddIdentifyResult: 16940,013131267693,-1,
2017-02-16 11:37:06 INFO AddIdentifyResult: 16940,013131267693,-3,
2017-02-16 11:37:13 INFO AddIdentifyResult: 16941,015671221757,-1,
2017-02-16 11:37:18 INFO AddIdentifyResult: 16941,015671221757,-3,
2017-02-16 11:37:20 INFO AddIdentifyResult: 16941,015671221757,11,reg/015671221757_|reg/015671221757_|reg/015671221757_
2017-02-16 11:37:21 INFO AddIdentifyResult: 16939,015671221757,11,reg/015671221757_|reg/015671221757_|reg/015671221757_
2017-02-16 11:37:28 INFO AddIdentifyResult: 16942,015671221757,-1,
2017-02-16 11:37:34 INFO AddIdentifyResult: 16942,015671221757,-3,
2017-02-16 11:37:57 INFO AddIdentifyResult: 16937,013171901187,12,
2017-02-16 11:38:04 INFO AddIdentifyResult: 16937,013171901187,10,reg/013171901187_0216113848|reg/013171901187_0216113848|reg/013171901187_0216113748
2017-02-16 11:38:04 INFO UpdateUserState: 013171901187,1
2017-02-16 11:38:06 INFO AddIdentifyResult: 16942,015671221757,11,reg/015671221757_|reg/015671221757_|reg/015671221757_
2017-02-16 11:38:07 INFO AddIdentifyResult: 16943,013171901187,-1,
2017-02-16 11:38:09 INFO AddIdentifyResult: 16938,015175280748,12,
2017-02-16 11:38:12 INFO AddIdentifyResult: 16944,015671221757,-1,
2017-02-16 11:38:13 INFO AddIdentifyResult: 16943,013171901187,-3,
2017-02-16 11:38:16 INFO AddIdentifyResult: 16938,015175280748,10,reg/015175280748_0216113823|reg/015175280748_0216113823|reg/015175280748_
2017-02-16 11:38:17 INFO UpdateUserState: 015175280748,1
2017-02-16 11:38:33 INFO AddIdentifyResult: 16944,015671221757,-3,
2017-02-16 11:39:05 INFO AddIdentifyResult: 16943,013171901187,0,ver/02/16/113957_013171901187.wav
2017-02-16 11:39:51 INFO AddIdentifyResult: 16945,015175280748,-1,
2017-02-16 11:39:57 INFO AddIdentifyResult: 16945,015175280748,-3,
2017-02-16 11:40:11 INFO AddIdentifyResult: 16940,013131267693,12,
2017-02-16 11:40:19 INFO AddIdentifyResult: 16940,013131267693,10,reg/013131267693_0216114056|reg/013131267693_0216114056|reg/013131267693_0216113850
2017-02-16 11:40:20 INFO UpdateUserState: 013131267693,1
2017-02-16 11:40:28 INFO AddIdentifyResult: 16946,013131267693,-1,
2017-02-16 11:40:36 INFO AddIdentifyResult: 16946,013131267693,-3,
2017-02-16 11:40:41 INFO AddIdentifyResult: 16944,015671221757,12,
2017-02-16 11:40:48 INFO AddIdentifyResult: 16944,015671221757,10,reg/015671221757_0216114153|reg/015671221757_0216114153|reg/015671221757_0216114016
2017-02-16 11:40:48 INFO UpdateUserState: 015671221757,1
2017-02-16 11:40:50 INFO AddIdentifyResult: 16945,015175280748,0,ver/02/16/114141_015175280748.wav
2017-02-16 11:41:03 INFO AddIdentifyResult: 16947,015671221757,-1,
2017-02-16 11:41:17 INFO AddIdentifyResult: 16948,013630857964,-1,
2017-02-16 11:41:18 INFO AddIdentifyResult: 16947,015671221757,-3,
2017-02-16 11:41:25 INFO AddIdentifyResult: 16948,013630857964,-3,
2017-02-16 11:41:27 INFO AddIdentifyResult: 16946,013131267693,0,ver/02/16/114219_013131267693.wav
2017-02-16 11:42:10 INFO AddIdentifyResult: 16947,015671221757,0,ver/02/16/114302_015671221757.wav
2017-02-16 11:43:04 INFO AddIdentifyResult: 16948,013630857964,12,
2017-02-16 11:43:12 INFO AddIdentifyResult: 16948,013630857964,10,reg/013630857964_0216114308|reg/013630857964_0216114308|reg/013630857964_
2017-02-16 11:43:12 INFO UpdateUserState: 013630857964,1
2017-02-16 11:43:22 INFO AddIdentifyResult: 16949,013630857964,-1,
2017-02-16 11:43:30 INFO AddIdentifyResult: 16949,013630857964,-3,
2017-02-16 11:43:32 INFO AddIdentifyResult: 16950,013472223256,-1,
2017-02-16 11:43:43 INFO AddIdentifyResult: 16950,013472223256,-3,
2017-02-16 11:44:23 INFO AddIdentifyResult: 16949,013630857964,0,ver/02/16/114514_013630857964.wav
2017-02-16 11:45:16 INFO AddIdentifyResult: 16950,013472223256,12,
2017-02-16 11:45:23 INFO AddIdentifyResult: 16950,013472223256,10,reg/013472223256_0216114526|reg/013472223256_0216114526|reg/013472223256_
2017-02-16 11:45:24 INFO UpdateUserState: 013472223256,1
2017-02-16 11:45:28 INFO AddIdentifyResult: 16951,015671237861,-1,
2017-02-16 11:45:31 INFO AddIdentifyResult: 16952,013472223256,-1,
2017-02-16 11:45:38 INFO AddIdentifyResult: 16952,013472223256,-3,
2017-02-16 11:45:41 INFO AddIdentifyResult: 16951,015671237861,-3,
2017-02-16 11:46:30 INFO AddIdentifyResult: 16952,013472223256,0,ver/02/16/114721_013472223256.wav
2017-02-16 11:47:09 INFO AddIdentifyResult: 16951,015671237861,12,
2017-02-16 11:47:15 INFO AddIdentifyResult: 16953,013223220773,-1,
2017-02-16 11:47:17 INFO AddIdentifyResult: 16951,015671237861,10,reg/015671237861_0216114724|reg/015671237861_0216114724|reg/015671237861_
2017-02-16 11:47:17 INFO UpdateUserState: 015671237861,1
2017-02-16 11:47:24 INFO AddIdentifyResult: 16953,013223220773,-3,
2017-02-16 11:47:31 INFO AddIdentifyResult: 16954,015671237861,-1,
2017-02-16 11:47:42 INFO AddIdentifyResult: 16954,015671237861,-3,
2017-02-16 11:48:34 INFO AddIdentifyResult: 16954,015671237861,0,ver/02/16/114925_015671237861.wav
2017-02-16 11:49:11 INFO AddIdentifyResult: 16955,015630237095,-1,
2017-02-16 11:49:37 INFO AddIdentifyResult: 16956,015630237095,-1,
2017-02-16 11:50:05 INFO AddIdentifyResult: 16957,015630237095,-1,
2017-02-16 11:50:17 INFO AddIdentifyResult: 16958,015671229307,-1,
2017-02-16 11:50:24 INFO AddIdentifyResult: 16957,015630237095,-3,
2017-02-16 11:50:29 INFO AddIdentifyResult: 16958,015671229307,-3,
2017-02-16 11:50:32 INFO AddIdentifyResult: 16953,013223220773,12,
2017-02-16 11:50:39 INFO AddIdentifyResult: 16953,013223220773,10,reg/013223220773_0216115052|reg/013223220773_0216115052|reg/013223220773_0216114907
2017-02-16 11:50:40 INFO UpdateUserState: 013223220773,1
2017-02-16 11:50:49 INFO AddIdentifyResult: 16959,013223220773,-1,
2017-02-16 11:51:15 INFO AddIdentifyResult: 16960,013223220773,-1,
2017-02-16 11:51:25 INFO AddIdentifyResult: 16960,013223220773,-3,
2017-02-16 11:52:17 INFO AddIdentifyResult: 16960,013223220773,0,ver/02/16/115308_013223220773.wav
2017-02-16 11:52:41 INFO AddIdentifyResult: 16961,015128296147,-1,
2017-02-16 11:52:44 INFO AddIdentifyResult: 16958,015671229307,12,
2017-02-16 11:52:49 INFO AddIdentifyResult: 16961,015128296147,-3,
2017-02-16 11:52:52 INFO AddIdentifyResult: 16958,015671229307,10,reg/015671229307_0216115345|reg/015671229307_0216115345|reg/015671229307_0216115212
2017-02-16 11:52:52 INFO UpdateUserState: 015671229307,1
2017-02-16 11:53:00 INFO AddIdentifyResult: 16957,015630237095,12,
2017-02-16 11:53:06 INFO AddIdentifyResult: 16957,015630237095,10,reg/015630237095_0216115415|reg/015630237095_0216115415|reg/015630237095_0216115207
2017-02-16 11:53:07 INFO UpdateUserState: 015630237095,1
2017-02-16 11:53:11 INFO AddIdentifyResult: 16962,015671229307,-1,
2017-02-16 11:53:15 INFO AddIdentifyResult: 16963,015630237095,-1,
2017-02-16 11:53:25 INFO AddIdentifyResult: 16963,015630237095,-3,
2017-02-16 11:53:45 INFO AddIdentifyResult: 16964,015671229307,-1,
2017-02-16 11:53:52 INFO AddIdentifyResult: 16964,015671229307,-3,
2017-02-16 11:54:16 INFO AddIdentifyResult: 16963,015630237095,0,ver/02/16/115508_015630237095.wav
2017-02-16 11:54:24 INFO AddIdentifyResult: 16961,015128296147,12,
2017-02-16 11:54:31 INFO AddIdentifyResult: 16961,015128296147,10,reg/015128296147_0216115432|reg/015128296147_0216115432|reg/015128296147_
2017-02-16 11:54:31 INFO UpdateUserState: 015128296147,1
2017-02-16 11:54:36 INFO AddIdentifyResult: 16965,015128296147,-1,
2017-02-16 11:54:44 INFO AddIdentifyResult: 16965,015128296147,-3,
2017-02-16 11:54:44 INFO AddIdentifyResult: 16964,015671229307,0,ver/02/16/115536_015671229307.wav
2017-02-16 11:55:36 INFO AddIdentifyResult: 16965,015128296147,0,ver/02/16/115628_015128296147.wav
2017-02-16 11:57:03 INFO AddIdentifyResult: 16966,013012059087,-1,
2017-02-16 11:57:09 INFO AddIdentifyResult: 16966,013012059087,-3,
2017-02-16 11:58:34 INFO AddIdentifyResult: 16967,015671229372,-1,
2017-02-16 11:58:40 INFO AddIdentifyResult: 16967,015671229372,-3,
2017-02-16 11:59:04 INFO AddIdentifyResult: 16966,013012059087,12,
2017-02-16 11:59:13 INFO AddIdentifyResult: 16966,013012059087,10,reg/013012059087_0216115852|reg/013012059087_0216115852|reg/013012059087_
2017-02-16 11:59:13 INFO UpdateUserState: 013012059087,1
2017-02-16 11:59:14 INFO AddIdentifyResult: 16968,013012059087,-1,
2017-02-16 11:59:18 INFO AddIdentifyResult: 16968,013012059087,-3,
2017-02-16 11:59:59 INFO AddIdentifyResult: 16969,013730168458,-1,
2017-02-16 12:00:08 INFO AddIdentifyResult: 16969,013730168458,-3,
2017-02-16 12:00:11 INFO AddIdentifyResult: 16968,013012059087,0,ver/02/16/120102_013012059087.wav
2017-02-16 12:00:35 INFO AddIdentifyResult: 16967,015671229372,12,
2017-02-16 12:00:43 INFO AddIdentifyResult: 16967,015671229372,10,reg/015671229372_0216120023|reg/015671229372_0216120023|reg/015671229372_
2017-02-16 12:00:43 INFO UpdateUserState: 015671229372,1
2017-02-16 12:01:50 INFO AddIdentifyResult: 16970,015671237631,-1,
2017-02-16 12:01:57 INFO AddIdentifyResult: 16970,015671237631,-3,
2017-02-16 12:02:11 INFO AddIdentifyResult: 16969,013730168458,12,
2017-02-16 12:02:18 INFO AddIdentifyResult: 16969,013730168458,10,reg/013730168458_0216120327|reg/013730168458_0216120327|reg/013730168458_0216120151
2017-02-16 12:02:18 INFO UpdateUserState: 013730168458,1
2017-02-16 12:02:26 INFO AddIdentifyResult: 16971,013730168458,-1,
2017-02-16 12:02:36 INFO AddIdentifyResult: 16971,013730168458,-3,
2017-02-16 12:03:28 INFO AddIdentifyResult: 16971,013730168458,0,ver/02/16/120420_013730168458.wav
2017-02-16 12:03:36 INFO AddIdentifyResult: 16972,013784058791,-1,
2017-02-16 12:03:41 INFO AddIdentifyResult: 16972,013784058791,-3,
2017-02-16 12:04:00 INFO AddIdentifyResult: 16970,015671237631,12,
2017-02-16 12:04:08 INFO AddIdentifyResult: 16970,015671237631,10,reg/015671237631_0216120340|reg/015671237631_0216120340|reg/015671237631_
2017-02-16 12:04:09 INFO UpdateUserState: 015671237631,1
2017-02-16 12:05:47 INFO AddIdentifyResult: 16972,013784058791,12,
2017-02-16 12:05:55 INFO AddIdentifyResult: 16972,013784058791,10,reg/013784058791_0216120525|reg/013784058791_0216120525|reg/013784058791_
2017-02-16 12:05:55 INFO UpdateUserState: 013784058791,1
2017-02-16 12:05:55 INFO AddIdentifyResult: 16973,013784058791,-1,
2017-02-16 12:06:02 INFO AddIdentifyResult: 16973,013784058791,-3,
2017-02-16 12:06:24 INFO AddIdentifyResult: 16974,015511295726,-1,
2017-02-16 12:06:38 INFO AddIdentifyResult: 16974,015511295726,-3,
2017-02-16 12:06:53 INFO AddIdentifyResult: 16973,013784058791,0,ver/02/16/120745_013784058791.wav
2017-02-16 12:08:42 INFO AddIdentifyResult: 16975,013032081530,-1,
2017-02-16 12:08:47 INFO AddIdentifyResult: 16975,013032081530,-3,
2017-02-16 12:09:30 INFO AddIdentifyResult: 16974,015511295726,11,reg/015511295726_|reg/015511295726_|reg/015511295726_
2017-02-16 12:09:32 INFO AddIdentifyResult: 16976,015511295726,-1,
2017-02-16 12:09:58 INFO AddIdentifyResult: 16977,015511295726,-1,
2017-02-16 12:10:08 INFO AddIdentifyResult: 16977,015511295726,-3,
2017-02-16 12:11:00 INFO AddIdentifyResult: 16975,013032081530,12,
2017-02-16 12:11:07 INFO AddIdentifyResult: 16975,013032081530,10,reg/013032081530_0216121214|reg/013032081530_0216121214|reg/013032081530_0216121031
2017-02-16 12:11:08 INFO UpdateUserState: 013032081530,1
2017-02-16 12:11:10 INFO AddIdentifyResult: 16978,013032081530,-1,
2017-02-16 12:11:16 INFO AddIdentifyResult: 16978,013032081530,-3,
2017-02-16 12:12:08 INFO AddIdentifyResult: 16978,013032081530,0,ver/02/16/121300_013032081530.wav
2017-02-16 12:12:11 INFO AddIdentifyResult: 16977,015511295726,12,
2017-02-16 12:12:18 INFO AddIdentifyResult: 16977,015511295726,10,reg/015511295726_0216121322|reg/015511295726_0216121322|reg/015511295726_0216121152
2017-02-16 12:12:18 INFO UpdateUserState: 015511295726,1
2017-02-16 12:12:48 INFO AddIdentifyResult: 16979,015511295726,-1,
2017-02-16 12:12:59 INFO AddIdentifyResult: 16979,015511295726,-3,
2017-02-16 12:13:47 INFO AddIdentifyResult: 16980,013091210796,-1,
2017-02-16 12:13:51 INFO AddIdentifyResult: 16979,015511295726,0,ver/02/16/121443_015511295726.wav
2017-02-16 12:13:52 INFO AddIdentifyResult: 16980,013091210796,-3,
2017-02-16 12:15:36 INFO AddIdentifyResult: 16980,013091210796,12,
2017-02-16 12:15:43 INFO AddIdentifyResult: 16980,013091210796,10,reg/013091210796_0216121535|reg/013091210796_0216121535|reg/013091210796_
2017-02-16 12:15:43 INFO UpdateUserState: 013091210796,1
2017-02-16 12:15:47 INFO AddIdentifyResult: 16981,013091210796,-1,
2017-02-16 12:15:56 INFO AddIdentifyResult: 16981,013091210796,-3,
2017-02-16 12:16:48 INFO AddIdentifyResult: 16981,013091210796,0,ver/02/16/121740_013091210796.wav
2017-02-16 12:17:01 INFO AddIdentifyResult: 16982,013231210359,-1,
2017-02-16 12:17:15 INFO AddIdentifyResult: 16982,013231210359,-3,
2017-02-16 12:18:16 INFO AddIdentifyResult: 16983,013730204702,-1,
2017-02-16 12:18:38 INFO AddIdentifyResult: 16984,013730204702,-1,
2017-02-16 12:18:44 INFO AddIdentifyResult: 16984,013730204702,-3,
2017-02-16 12:20:24 INFO AddIdentifyResult: 16984,013730204702,12,
2017-02-16 12:20:31 INFO AddIdentifyResult: 16984,013730204702,10,reg/013730204702_0216122027|reg/013730204702_0216122027|reg/013730204702_
2017-02-16 12:20:32 INFO UpdateUserState: 013730204702,1
2017-02-16 12:20:33 INFO AddIdentifyResult: 16985,013730204702,-1,
2017-02-16 12:20:39 INFO AddIdentifyResult: 16985,013730204702,-3,
2017-02-16 12:21:30 INFO AddIdentifyResult: 16985,013730204702,0,ver/02/16/122222_013730204702.wav
2017-02-16 12:22:19 INFO AddIdentifyResult: 16982,013231210359,11,reg/013231210359_|reg/013231210359_|reg/013231210359_
2017-02-16 12:23:34 INFO AddIdentifyResult: 16986,015603209327,-1,
2017-02-16 12:23:46 INFO AddIdentifyResult: 16987,013082375873,-1,
2017-02-16 12:23:52 INFO AddIdentifyResult: 16987,013082375873,-3,
2017-02-16 12:24:03 INFO AddIdentifyResult: 16988,015603209327,-1,
2017-02-16 12:24:14 INFO AddIdentifyResult: 16988,015603209327,-3,
2017-02-16 12:25:30 INFO AddIdentifyResult: 16987,013082375873,12,
2017-02-16 12:25:37 INFO AddIdentifyResult: 16987,013082375873,10,reg/013082375873_0216122536|reg/013082375873_0216122536|reg/013082375873_
2017-02-16 12:25:37 INFO UpdateUserState: 013082375873,1
2017-02-16 12:25:48 INFO AddIdentifyResult: 16989,013082375873,-1,
2017-02-16 12:26:03 INFO AddIdentifyResult: 16989,013082375873,-3,
2017-02-16 12:26:55 INFO AddIdentifyResult: 16989,013082375873,0,ver/02/16/122747_013082375873.wav
2017-02-16 12:27:19 INFO AddIdentifyResult: 16988,015603209327,12,
2017-02-16 12:27:26 INFO AddIdentifyResult: 16988,015603209327,10,reg/015603209327_0216122828|reg/015603209327_0216122828|reg/015603209327_0216122557
2017-02-16 12:27:26 INFO UpdateUserState: 015603209327,1
2017-02-16 12:27:30 INFO AddIdentifyResult: 16990,015603209327,-1,
2017-02-16 12:27:38 INFO AddIdentifyResult: 16990,015603209327,-3,
2017-02-16 12:28:29 INFO AddIdentifyResult: 16990,015603209327,0,ver/02/16/122921_015603209327.wav
2017-02-16 12:31:01 INFO AddIdentifyResult: 16991,015931790847,-1,
2017-02-16 12:31:12 INFO AddIdentifyResult: 16991,015931790847,-3,
2017-02-16 12:33:19 INFO AddIdentifyResult: 16991,015931790847,12,
2017-02-16 12:33:27 INFO AddIdentifyResult: 16991,015931790847,10,reg/015931790847_0216123438|reg/015931790847_0216123438|reg/015931790847_0216123255
2017-02-16 12:33:27 INFO UpdateUserState: 015931790847,1
2017-02-16 12:33:29 INFO AddIdentifyResult: 16992,015931790847,-1,
2017-02-16 12:33:37 INFO AddIdentifyResult: 16992,015931790847,-3,
2017-02-16 12:34:29 INFO AddIdentifyResult: 16992,015931790847,0,ver/02/16/123521_015931790847.wav
2017-02-16 12:35:08 INFO AddIdentifyResult: 16993,015133276956,-1,
2017-02-16 12:35:16 INFO AddIdentifyResult: 16993,015133276956,-3,
2017-02-16 12:36:16 INFO AddIdentifyResult: 16994,015633783097,-1,
2017-02-16 12:36:24 INFO AddIdentifyResult: 16994,015633783097,-3,
2017-02-16 12:37:28 INFO AddIdentifyResult: 16993,015133276956,12,
2017-02-16 12:37:36 INFO AddIdentifyResult: 16993,015133276956,10,reg/015133276956_0216123837|reg/015133276956_0216123837|reg/015133276956_0216123659
2017-02-16 12:37:36 INFO UpdateUserState: 015133276956,1
2017-02-16 12:37:44 INFO AddIdentifyResult: 16995,015133276956,-1,
2017-02-16 12:37:51 INFO AddIdentifyResult: 16995,015133276956,-3,
2017-02-16 12:38:07 INFO AddIdentifyResult: 16994,015633783097,12,
2017-02-16 12:38:15 INFO AddIdentifyResult: 16994,015633783097,10,reg/015633783097_0216123807|reg/015633783097_0216123807|reg/015633783097_
2017-02-16 12:38:15 INFO UpdateUserState: 015633783097,1
2017-02-16 12:38:23 INFO AddIdentifyResult: 16996,015633783097,-1,
2017-02-16 12:38:34 INFO AddIdentifyResult: 16996,015633783097,-3,
2017-02-16 12:38:43 INFO AddIdentifyResult: 16995,015133276956,0,ver/02/16/123935_015133276956.wav
2017-02-16 12:39:26 INFO AddIdentifyResult: 16996,015633783097,0,ver/02/16/124018_015633783097.wav
2017-02-16 12:40:33 INFO AddIdentifyResult: 16997,013171879316,-1,
2017-02-16 12:40:35 INFO AddIdentifyResult: 16998,015931241151,-1,
2017-02-16 12:40:40 INFO AddIdentifyResult: 16997,013171879316,-3,
2017-02-16 12:40:47 INFO AddIdentifyResult: 16998,015931241151,-3,
2017-02-16 12:42:14 INFO AddIdentifyResult: 16997,013171879316,12,
2017-02-16 12:42:19 INFO AddIdentifyResult: 16998,015931241151,12,
2017-02-16 12:42:21 INFO AddIdentifyResult: 16997,013171879316,10,reg/013171879316_0216124224|reg/013171879316_0216124224|reg/013171879316_
2017-02-16 12:42:21 INFO UpdateUserState: 013171879316,1
2017-02-16 12:42:26 INFO AddIdentifyResult: 16999,015931241151,-4,2
2017-02-16 12:42:29 INFO AddIdentifyResult: 16998,015931241151,10,reg/015931241151_0216124231|reg/015931241151_0216124231|reg/015931241151_
2017-02-16 12:42:29 INFO UpdateUserState: 015931241151,1
2017-02-16 12:42:33 INFO AddIdentifyResult: 17000,013171879316,-1,
2017-02-16 12:42:40 INFO AddIdentifyResult: 17001,015931241151,-1,
2017-02-16 12:42:41 INFO AddIdentifyResult: 17000,013171879316,-3,
2017-02-16 12:42:46 INFO AddIdentifyResult: 17001,015931241151,-3,
2017-02-16 12:43:33 INFO AddIdentifyResult: 17000,013171879316,0,ver/02/16/124425_013171879316.wav
2017-02-16 12:43:39 INFO AddIdentifyResult: 17001,015931241151,0,ver/02/16/124430_015931241151.wav
2017-02-16 12:52:08 INFO AddIdentifyResult: 17002,013091228715,-1,
2017-02-16 12:52:12 INFO AddIdentifyResult: 17002,013091228715,-3,
2017-02-16 12:52:31 INFO AddIdentifyResult: 17002,013091228715,11,reg/013091228715_|reg/013091228715_|reg/013091228715_
2017-02-16 12:52:37 INFO AddIdentifyResult: 17003,013091228715,-1,
2017-02-16 12:52:42 INFO AddIdentifyResult: 17003,013091228715,-3,
2017-02-16 12:54:33 INFO AddIdentifyResult: 17003,013091228715,12,
2017-02-16 12:54:40 INFO AddIdentifyResult: 17004,013091228715,-4,2
2017-02-16 12:54:40 INFO AddIdentifyResult: 17003,013091228715,10,reg/013091228715_0216125425|reg/013091228715_0216125425|reg/013091228715_
2017-02-16 12:54:40 INFO UpdateUserState: 013091228715,1
2017-02-16 12:54:55 INFO AddIdentifyResult: 17005,013091228715,-1,
2017-02-16 12:54:59 INFO AddIdentifyResult: 17005,013091228715,-3,
2017-02-16 12:55:51 INFO AddIdentifyResult: 17005,013091228715,0,ver/02/16/125643_013091228715.wav
2017-02-16 13:39:59 INFO AddIdentifyResult: 17006,013287381093,-1,
2017-02-16 13:40:07 INFO AddIdentifyResult: 17006,013287381093,-3,
2017-02-16 13:41:31 INFO AddIdentifyResult: 17006,013287381093,12,
2017-02-16 13:41:38 INFO AddIdentifyResult: 17006,013287381093,10,reg/013287381093_0216134151|reg/013287381093_0216134151|reg/013287381093_
2017-02-16 13:41:38 INFO UpdateUserState: 013287381093,1
2017-02-16 13:41:59 INFO AddIdentifyResult: 17007,013287381093,-1,
2017-02-16 13:42:21 INFO AddIdentifyResult: 17008,013287381093,-1,
2017-02-16 13:42:27 INFO AddIdentifyResult: 17008,013287381093,-3,
2017-02-16 13:43:19 INFO AddIdentifyResult: 17008,013287381093,0,ver/02/16/134411_013287381093.wav
2017-02-16 13:49:06 INFO AddIdentifyResult: 17009,013287379359,-1,
2017-02-16 13:49:12 INFO AddIdentifyResult: 17009,013287379359,-3,
2017-02-16 13:50:59 INFO AddIdentifyResult: 17009,013287379359,12,
2017-02-16 13:51:06 INFO AddIdentifyResult: 17009,013287379359,10,reg/013287379359_0216135214|reg/013287379359_0216135214|reg/013287379359_0216135056
2017-02-16 13:51:06 INFO UpdateUserState: 013287379359,1
2017-02-16 14:11:16 INFO AddIdentifyResult: 17010,013287330653,-1,
2017-02-16 14:11:27 INFO AddIdentifyResult: 17010,013287330653,-3,
2017-02-16 14:11:42 INFO AddIdentifyResult: 17010,013287330653,11,reg/013287330653_|reg/013287330653_|reg/013287330653_
2017-02-16 14:11:51 INFO AddIdentifyResult: 17011,013287330653,-1,
2017-02-16 14:12:00 INFO AddIdentifyResult: 17011,013287330653,-3,
2017-02-16 14:13:26 INFO AddIdentifyResult: 17011,013287330653,12,
2017-02-16 14:13:32 INFO AddIdentifyResult: 17011,013287330653,10,reg/013287330653_0216141344|reg/013287330653_0216141344|reg/013287330653_
2017-02-16 14:13:32 INFO UpdateUserState: 013287330653,1
2017-02-16 14:14:04 INFO AddIdentifyResult: 17012,013287330653,-1,
2017-02-16 14:14:10 INFO AddIdentifyResult: 17012,013287330653,-3,
2017-02-16 14:15:02 INFO AddIdentifyResult: 17012,013287330653,0,ver/02/16/141554_013287330653.wav
2017-02-16 14:16:57 INFO AddIdentifyResult: 17013,015275630433,-1,
2017-02-16 14:17:13 INFO AddIdentifyResult: 17013,015275630433,-3,
2017-02-16 14:17:30 INFO AddIdentifyResult: 17014,015671230970,-1,
2017-02-16 14:17:37 INFO AddIdentifyResult: 17014,015671230970,-3,
2017-02-16 14:17:49 INFO AddIdentifyResult: 17014,015671230970,11,reg/015671230970_|reg/015671230970_|reg/015671230970_
2017-02-16 14:17:58 INFO AddIdentifyResult: 17015,015671230970,-1,
2017-02-16 14:18:05 INFO AddIdentifyResult: 17015,015671230970,-3,
2017-02-16 14:19:01 INFO AddIdentifyResult: 17013,015275630433,12,
2017-02-16 14:19:08 INFO AddIdentifyResult: 17013,015275630433,10,reg/015275630433_0216141857|reg/015275630433_0216141857|reg/015275630433_
2017-02-16 14:19:08 INFO UpdateUserState: 015275630433,1
2017-02-16 14:19:36 INFO AddIdentifyResult: 17016,015275630433,-1,
2017-02-16 14:19:51 INFO AddIdentifyResult: 17016,015275630433,-3,
2017-02-16 14:20:16 INFO AddIdentifyResult: 17015,015671230970,12,
2017-02-16 14:20:23 INFO AddIdentifyResult: 17015,015671230970,10,reg/015671230970_0216142127|reg/015671230970_0216142127|reg/015671230970_0216141948
2017-02-16 14:20:23 INFO UpdateUserState: 015671230970,1
2017-02-16 14:20:43 INFO AddIdentifyResult: 17016,015275630433,0,ver/02/16/142135_015275630433.wav
2017-02-16 14:28:17 INFO AddIdentifyResult: 17017,013886462586,-1,
2017-02-16 14:28:32 INFO AddIdentifyResult: 17017,013886462586,-3,
2017-02-16 14:29:37 INFO AddIdentifyResult: 17017,013886462586,11,reg/013886462586_|reg/013886462586_|reg/013886462586_
2017-02-16 14:29:50 INFO AddIdentifyResult: 17018,013886462586,-1,
2017-02-16 14:29:56 INFO AddIdentifyResult: 17018,013886462586,-3,
2017-02-16 14:31:32 INFO AddIdentifyResult: 17018,013886462586,12,
2017-02-16 14:31:39 INFO AddIdentifyResult: 17018,013886462586,10,reg/013886462586_0216143140|reg/013886462586_0216143140|reg/013886462586_
2017-02-16 14:31:39 INFO UpdateUserState: 013886462586,1
2017-02-16 14:32:55 INFO AddIdentifyResult: 17019,015671237653,-1,
2017-02-16 14:33:05 INFO AddIdentifyResult: 17019,015671237653,-3,
2017-02-16 14:35:07 INFO AddIdentifyResult: 17019,015671237653,12,
2017-02-16 14:35:15 INFO AddIdentifyResult: 17019,015671237653,10,reg/015671237653_0216143448|reg/015671237653_0216143448|reg/015671237653_
2017-02-16 14:35:16 INFO UpdateUserState: 015671237653,1
2017-02-16 14:36:30 INFO AddIdentifyResult: 17020,015671237672,-1,
2017-02-16 14:36:40 INFO AddIdentifyResult: 17020,015671237672,-3,
2017-02-16 14:36:56 INFO AddIdentifyResult: 17020,015671237672,11,reg/015671237672_|reg/015671237672_|reg/015671237672_
2017-02-16 14:36:58 INFO AddIdentifyResult: 17021,015572882723,-1,
2017-02-16 14:37:09 INFO AddIdentifyResult: 17021,015572882723,-3,
2017-02-16 14:37:42 INFO AddIdentifyResult: 17022,015671237672,-1,
2017-02-16 14:37:52 INFO AddIdentifyResult: 17022,015671237672,-3,
2017-02-16 14:39:28 INFO AddIdentifyResult: 17022,015671237672,12,
2017-02-16 14:39:36 INFO AddIdentifyResult: 17022,015671237672,10,reg/015671237672_0216143936|reg/015671237672_0216143936|reg/015671237672_
2017-02-16 14:39:36 INFO UpdateUserState: 015671237672,1
2017-02-16 14:40:33 INFO AddIdentifyResult: 17021,015572882723,12,
2017-02-16 14:40:40 INFO AddIdentifyResult: 17021,015572882723,10,reg/015572882723_0216144125|reg/015572882723_0216144125|reg/015572882723_0216143853
2017-02-16 14:40:40 INFO UpdateUserState: 015572882723,1
2017-02-16 14:40:41 INFO AddIdentifyResult: 17023,015671237753,-1,
2017-02-16 14:40:58 INFO AddIdentifyResult: 17023,015671237753,-3,
2017-02-16 14:41:14 INFO AddIdentifyResult: 17024,015572882723,-1,
2017-02-16 14:41:22 INFO AddIdentifyResult: 17024,015572882723,-3,
2017-02-16 14:42:32 INFO AddIdentifyResult: 17024,015572882723,0,ver/02/16/144353_015572882723.wav
2017-02-16 14:42:48 INFO AddIdentifyResult: 17023,015671237753,12,
2017-02-16 14:42:56 INFO AddIdentifyResult: 17023,015671237753,10,reg/015671237753_0216144241|reg/015671237753_0216144241|reg/015671237753_
2017-02-16 14:42:56 INFO UpdateUserState: 015671237753,1
2017-02-16 14:44:40 INFO AddIdentifyResult: 17025,015926451782,-1,
2017-02-16 14:44:48 INFO AddIdentifyResult: 17025,015926451782,-3,
2017-02-16 14:45:03 INFO AddIdentifyResult: 17025,015926451782,11,reg/015926451782_|reg/015926451782_|reg/015926451782_
2017-02-16 14:47:52 INFO AddIdentifyResult: 17026,015926451782,-1,
2017-02-16 14:48:02 INFO AddIdentifyResult: 17026,015926451782,-3,
2017-02-16 14:49:49 INFO AddIdentifyResult: 17027,018972939346,-1,
2017-02-16 14:50:03 INFO AddIdentifyResult: 17027,018972939346,-3,
2017-02-16 14:50:12 INFO AddIdentifyResult: 17026,015926451782,12,
2017-02-16 14:50:20 INFO AddIdentifyResult: 17026,015926451782,10,reg/015926451782_0216145111|reg/015926451782_0216145111|reg/015926451782_0216144946
2017-02-16 14:50:21 INFO UpdateUserState: 015926451782,1
2017-02-16 14:51:52 INFO AddIdentifyResult: 17027,018972939346,12,
2017-02-16 14:52:00 INFO AddIdentifyResult: 17027,018972939346,10,reg/018972939346_0216145147|reg/018972939346_0216145147|reg/018972939346_
2017-02-16 14:52:00 INFO UpdateUserState: 018972939346,1
2017-02-16 14:52:39 INFO AddIdentifyResult: 17028,018972939346,-1,
2017-02-16 14:52:53 INFO AddIdentifyResult: 17028,018972939346,-3,
2017-02-16 14:53:45 INFO AddIdentifyResult: 17028,018972939346,0,ver/02/16/145437_018972939346.wav
2017-02-16 14:54:52 INFO AddIdentifyResult: 17029,013092787212,-1,
2017-02-16 14:55:33 INFO AddIdentifyResult: 17029,013092787212,-3,
2017-02-16 14:57:31 INFO AddIdentifyResult: 17029,013092787212,12,
2017-02-16 14:57:39 INFO AddIdentifyResult: 17029,013092787212,10,reg/013092787212_0216145717|reg/013092787212_0216145717|reg/013092787212_
2017-02-16 14:57:39 INFO UpdateUserState: 013092787212,1
2017-02-16 14:58:07 INFO AddIdentifyResult: 17030,015572885651,-1,
2017-02-16 14:58:38 INFO AddIdentifyResult: 17030,015572885651,-3,
2017-02-16 14:58:38 INFO AddIdentifyResult: 17030,015572885651,11,reg/015572885651_|reg/015572885651_|reg/015572885651_
2017-02-16 14:58:53 INFO AddIdentifyResult: 17031,015572885651,-1,
2017-02-16 14:59:04 INFO AddIdentifyResult: 17031,015572885651,-3,
2017-02-16 14:59:49 INFO AddIdentifyResult: 17032,015671227062,-1,
2017-02-16 15:00:12 INFO AddIdentifyResult: 17032,015671227062,-3,
2017-02-16 15:00:20 INFO AddIdentifyResult: 17032,015671227062,11,reg/015671227062_|reg/015671227062_|reg/015671227062_
2017-02-16 15:00:32 INFO AddIdentifyResult: 17033,015671227062,-1,
2017-02-16 15:00:43 INFO AddIdentifyResult: 17033,015671227062,-3,
2017-02-16 15:00:54 INFO AddIdentifyResult: 17034,015032496649,-1,
2017-02-16 15:01:44 INFO AddIdentifyResult: 17034,015032496649,-3,
2017-02-16 15:01:44 INFO AddIdentifyResult: 17034,015032496649,11,reg/015032496649_|reg/015032496649_|reg/015032496649_
2017-02-16 15:01:47 INFO AddIdentifyResult: 17035,015032496649,-1,
2017-02-16 15:01:49 INFO AddIdentifyResult: 17031,015572885651,12,
2017-02-16 15:01:56 INFO AddIdentifyResult: 17031,015572885651,10,reg/015572885651_0216150252|reg/015572885651_0216150252|reg/015572885651_0216150047
2017-02-16 15:01:56 INFO UpdateUserState: 015572885651,1
2017-02-16 15:01:58 INFO AddIdentifyResult: 17035,015032496649,-3,
2017-02-16 15:02:07 INFO AddIdentifyResult: 17036,015572885651,-1,
2017-02-16 15:02:13 INFO AddIdentifyResult: 17035,015032496649,11,reg/015032496649_|reg/015032496649_|reg/015032496649_
2017-02-16 15:02:26 INFO AddIdentifyResult: 17037,015032496649,-1,
2017-02-16 15:02:28 INFO AddIdentifyResult: 17036,015572885651,-3,
2017-02-16 15:02:37 INFO AddIdentifyResult: 17037,015032496649,-3,
2017-02-16 15:02:59 INFO AddIdentifyResult: 17033,015671227062,12,
2017-02-16 15:03:08 INFO AddIdentifyResult: 17033,015671227062,10,reg/015671227062_0216150227|reg/015671227062_0216150227|reg/015671227062_
2017-02-16 15:03:08 INFO UpdateUserState: 015671227062,1
2017-02-16 15:03:19 INFO AddIdentifyResult: 17036,015572885651,0,ver/02/16/150412_015572885651.wav
2017-02-16 15:04:05 INFO AddIdentifyResult: 17037,015032496649,12,
2017-02-16 15:04:12 INFO AddIdentifyResult: 17037,015032496649,10,reg/015032496649_0216150421|reg/015032496649_0216150421|reg/015032496649_
2017-02-16 15:04:12 INFO UpdateUserState: 015032496649,1
2017-02-16 15:04:26 INFO AddIdentifyResult: 17038,015032496649,-1,
2017-02-16 15:04:37 INFO AddIdentifyResult: 17038,015032496649,-3,
2017-02-16 15:04:57 INFO AddIdentifyResult: 17039,015697233583,-1,
2017-02-16 15:05:30 INFO AddIdentifyResult: 17038,015032496649,0,ver/02/16/150622_015032496649.wav
2017-02-16 15:05:36 INFO AddIdentifyResult: 17040,015697233583,-1,
2017-02-16 15:05:45 INFO AddIdentifyResult: 17040,015697233583,-3,
2017-02-16 15:06:21 INFO AddIdentifyResult: 17041,018581681660,-1,
2017-02-16 15:06:37 INFO AddIdentifyResult: 17041,018581681660,-3,
2017-02-16 15:07:17 INFO AddIdentifyResult: 17040,015697233583,11,reg/015697233583_|reg/015697233583_|reg/015697233583_
2017-02-16 15:07:27 INFO AddIdentifyResult: 17042,015697233583,-1,
2017-02-16 15:07:59 INFO AddIdentifyResult: 17042,015697233583,-3,
2017-02-16 15:09:50 INFO AddIdentifyResult: 17041,018581681660,12,
2017-02-16 15:10:03 INFO AddIdentifyResult: 17041,018581681660,10,reg/018581681660_0216150821|reg/018581681660_0216150821|reg/018581681660_
2017-02-16 15:10:03 INFO UpdateUserState: 018581681660,1
2017-02-16 15:10:07 INFO AddIdentifyResult: 17042,015697233583,11,reg/015697233583_|reg/015697233583_|reg/015697233583_
2017-02-16 15:10:34 INFO AddIdentifyResult: 17043,015697233583,-1,
2017-02-16 15:10:40 INFO AddIdentifyResult: 17043,015697233583,-3,
2017-02-16 15:11:10 INFO AddIdentifyResult: 17044,018581681660,-1,
2017-02-16 15:11:35 INFO AddIdentifyResult: 17045,013287383559,-1,
2017-02-16 15:11:48 INFO AddIdentifyResult: 17045,013287383559,-3,
2017-02-16 15:12:22 INFO AddIdentifyResult: 17043,015697233583,12,
2017-02-16 15:12:28 INFO AddIdentifyResult: 17043,015697233583,10,reg/015697233583_0216151223|reg/015697233583_0216151223|reg/015697233583_
2017-02-16 15:12:29 INFO UpdateUserState: 015697233583,1
2017-02-16 15:13:34 INFO AddIdentifyResult: 17045,013287383559,12,
2017-02-16 15:13:41 INFO AddIdentifyResult: 17045,013287383559,10,reg/013287383559_0216151332|reg/013287383559_0216151332|reg/013287383559_
2017-02-16 15:13:41 INFO UpdateUserState: 013287383559,1
2017-02-16 15:15:38 INFO AddIdentifyResult: 17046,013296472816,-1,
2017-02-16 15:15:52 INFO AddIdentifyResult: 17046,013296472816,-3,
2017-02-16 15:16:32 INFO AddIdentifyResult: 17047,015629597027,-1,
2017-02-16 15:16:50 INFO AddIdentifyResult: 17047,015629597027,-3,
2017-02-16 15:17:24 INFO AddIdentifyResult: 17047,015629597027,11,reg/015629597027_|reg/015629597027_|reg/015629597027_
2017-02-16 15:17:50 INFO AddIdentifyResult: 17048,015629597027,-1,
2017-02-16 15:17:56 INFO AddIdentifyResult: 17048,015629597027,-3,
2017-02-16 15:18:00 INFO AddIdentifyResult: 17046,013296472816,12,
2017-02-16 15:18:08 INFO AddIdentifyResult: 17046,013296472816,10,reg/013296472816_0216151909|reg/013296472816_0216151909|reg/013296472816_0216151736
2017-02-16 15:18:08 INFO UpdateUserState: 013296472816,1
2017-02-16 15:19:00 INFO AddIdentifyResult: 17048,015629597027,11,reg/015629597027_|reg/015629597027_|reg/015629597027_
2017-02-16 15:19:29 INFO AddIdentifyResult: 17049,015629597027,-1,
2017-02-16 15:19:36 INFO AddIdentifyResult: 17049,015629597027,-3,
2017-02-16 15:20:17 INFO AddIdentifyResult: 17049,015629597027,11,reg/015629597027_|reg/015629597027_|reg/015629597027_
2017-02-16 15:20:31 INFO AddIdentifyResult: 17050,015629597027,-1,
2017-02-16 15:20:40 INFO AddIdentifyResult: 17050,015629597027,-3,
2017-02-16 15:21:17 INFO AddIdentifyResult: 17050,015629597027,11,reg/015629597027_|reg/015629597027_|reg/015629597027_
2017-02-16 15:22:44 INFO AddIdentifyResult: 17051,015629597027,-1,
2017-02-16 15:22:49 INFO AddIdentifyResult: 17051,015629597027,-3,
2017-02-16 15:23:21 INFO AddIdentifyResult: 17051,015629597027,11,reg/015629597027_|reg/015629597027_|reg/015629597027_
2017-02-16 15:24:02 INFO AddIdentifyResult: 17052,015629597027,-1,
2017-02-16 15:24:12 INFO AddIdentifyResult: 17052,015629597027,-3,
2017-02-16 15:26:29 INFO AddIdentifyResult: 17052,015629597027,12,
2017-02-16 15:26:36 INFO AddIdentifyResult: 17052,015629597027,10,reg/015629597027_0216152747|reg/015629597027_0216152747|reg/015629597027_0216152555
2017-02-16 15:26:36 INFO UpdateUserState: 015629597027,1
2017-02-16 15:29:12 INFO AddIdentifyResult: 17053,015629596952,-1,
2017-02-16 15:29:19 INFO AddIdentifyResult: 17053,015629596952,-3,
2017-02-16 15:29:34 INFO AddIdentifyResult: 17053,015629596952,11,reg/015629596952_|reg/015629596952_|reg/015629596952_
2017-02-16 15:29:43 INFO AddIdentifyResult: 17054,015629596952,-1,
2017-02-16 15:29:52 INFO AddIdentifyResult: 17054,015629596952,-3,
2017-02-16 15:30:37 INFO AddIdentifyResult: 17054,015629596952,11,reg/015629596952_|reg/015629596952_|reg/015629596952_
2017-02-16 15:30:40 INFO AddIdentifyResult: 17055,015629596952,-1,
2017-02-16 15:31:19 INFO AddIdentifyResult: 17056,015629596952,-1,
2017-02-16 15:31:25 INFO AddIdentifyResult: 17056,015629596952,-3,
2017-02-16 15:31:54 INFO AddIdentifyResult: 17056,015629596952,11,reg/015629596952_|reg/015629596952_|reg/015629596952_
2017-02-16 15:32:09 INFO AddIdentifyResult: 17057,015629596952,-1,
2017-02-16 15:32:14 INFO AddIdentifyResult: 17057,015629596952,-3,
2017-02-16 15:33:52 INFO AddIdentifyResult: 17057,015629596952,12,
2017-02-16 15:33:59 INFO AddIdentifyResult: 17057,015629596952,10,reg/015629596952_0216153358|reg/015629596952_0216153358|reg/015629596952_
2017-02-16 15:34:00 INFO UpdateUserState: 015629596952,1
2017-02-16 15:35:38 INFO AddIdentifyResult: 17058,015629707652,-1,
2017-02-16 15:35:48 INFO AddIdentifyResult: 17058,015629707652,-3,
2017-02-16 15:36:51 INFO AddIdentifyResult: 17059,013245465618,-1,
2017-02-16 15:36:58 INFO AddIdentifyResult: 17059,013245465618,-3,
2017-02-16 15:37:39 INFO AddIdentifyResult: 17058,015629707652,12,
2017-02-16 15:37:47 INFO AddIdentifyResult: 17058,015629707652,10,reg/015629707652_0216153732|reg/015629707652_0216153732|reg/015629707652_
2017-02-16 15:37:47 INFO UpdateUserState: 015629707652,1
2017-02-16 15:38:42 INFO AddIdentifyResult: 17059,013245465618,12,
2017-02-16 15:38:49 INFO AddIdentifyResult: 17059,013245465618,10,reg/013245465618_0216154004|reg/013245465618_0216154004|reg/013245465618_0216153842
2017-02-16 15:38:49 INFO UpdateUserState: 013245465618,1
2017-02-16 15:39:02 INFO AddIdentifyResult: 17060,013245465618,-1,
2017-02-16 15:39:08 INFO AddIdentifyResult: 17060,013245465618,-3,
2017-02-16 15:40:00 INFO AddIdentifyResult: 17060,013245465618,0,ver/02/16/154053_013245465618.wav
2017-02-16 15:40:40 INFO AddIdentifyResult: 17061,0015629707571,-1,
2017-02-16 15:41:35 INFO AddIdentifyResult: 17062,0015629707571,-1,
2017-02-16 15:42:16 INFO AddIdentifyResult: 17063,015629707571,-1,
2017-02-16 15:42:38 INFO AddIdentifyResult: 17064,015629707571,-1,
2017-02-16 15:42:46 INFO AddIdentifyResult: 17064,015629707571,-3,
2017-02-16 15:44:34 INFO AddIdentifyResult: 17064,015629707571,12,
2017-02-16 15:44:42 INFO AddIdentifyResult: 17064,015629707571,10,reg/015629707571_0216154430|reg/015629707571_0216154430|reg/015629707571_
2017-02-16 15:44:42 INFO UpdateUserState: 015629707571,1
2017-02-16 15:46:10 INFO AddIdentifyResult: 17065,015629702037,-1,
2017-02-16 15:46:34 INFO AddIdentifyResult: 17066,015629702037,-1,
2017-02-16 15:46:40 INFO AddIdentifyResult: 17066,015629702037,-3,
2017-02-16 15:48:10 INFO AddIdentifyResult: 17066,015629702037,12,
2017-02-16 15:48:16 INFO AddIdentifyResult: 17066,015629702037,10,reg/015629702037_0216154824|reg/015629702037_0216154824|reg/015629702037_
2017-02-16 15:48:17 INFO UpdateUserState: 015629702037,1
2017-02-16 15:48:47 INFO AddIdentifyResult: 17067,013287326175,-1,
2017-02-16 15:48:53 INFO AddIdentifyResult: 17067,013287326175,-3,
2017-02-16 15:49:05 INFO AddIdentifyResult: 17068,013287371308,-1,
2017-02-16 15:49:10 INFO AddIdentifyResult: 17068,013287371308,-3,
2017-02-16 15:49:12 INFO AddIdentifyResult: 17067,013287326175,11,reg/013287326175_|reg/013287326175_|reg/013287326175_
2017-02-16 15:49:28 INFO AddIdentifyResult: 17069,013287326175,-1,
2017-02-16 15:49:33 INFO AddIdentifyResult: 17069,013287326175,-3,
2017-02-16 15:50:30 INFO AddIdentifyResult: 17070,015629709517,-1,
2017-02-16 15:50:42 INFO AddIdentifyResult: 17070,015629709517,-3,
2017-02-16 15:51:01 INFO AddIdentifyResult: 17068,013287371308,12,
2017-02-16 15:51:08 INFO AddIdentifyResult: 17068,013287371308,10,reg/013287371308_0216155054|reg/013287371308_0216155054|reg/013287371308_
2017-02-16 15:51:08 INFO UpdateUserState: 013287371308,1
2017-02-16 15:51:50 INFO AddIdentifyResult: 17069,013287326175,12,
2017-02-16 15:51:57 INFO AddIdentifyResult: 17069,013287326175,10,reg/013287326175_0216155117|reg/013287326175_0216155117|reg/013287326175_
2017-02-16 15:51:58 INFO UpdateUserState: 013287326175,1
2017-02-16 15:53:06 INFO AddIdentifyResult: 17070,015629709517,12,
2017-02-16 15:53:15 INFO AddIdentifyResult: 17070,015629709517,10,reg/015629709517_0216155226|reg/015629709517_0216155226|reg/015629709517_
2017-02-16 15:53:15 INFO UpdateUserState: 015629709517,1
2017-02-16 15:53:20 INFO AddIdentifyResult: 17071,013287326175,-1,
2017-02-16 15:53:26 INFO AddIdentifyResult: 17071,013287326175,-3,
2017-02-16 15:54:17 INFO AddIdentifyResult: 17071,013287326175,0,ver/02/16/155510_013287326175.wav
2017-02-16 15:56:48 INFO AddIdentifyResult: 17072,015334287247,-1,
2017-02-16 15:57:00 INFO AddIdentifyResult: 17072,015334287247,-3,
2017-02-16 15:58:32 INFO AddIdentifyResult: 17072,015334287247,12,
2017-02-16 15:58:32 INFO AddIdentifyResult: 17073,013295469938,-1,
2017-02-16 15:58:39 INFO AddIdentifyResult: 17072,015334287247,10,reg/015334287247_0216155844|reg/015334287247_0216155844|reg/015334287247_
2017-02-16 15:58:39 INFO UpdateUserState: 015334287247,1
2017-02-16 15:58:40 INFO AddIdentifyResult: 17073,013295469938,-3,
2017-02-16 16:00:26 INFO AddIdentifyResult: 17073,013295469938,12,
2017-02-16 16:00:33 INFO AddIdentifyResult: 17073,013295469938,10,reg/013295469938_0216160024|reg/013295469938_0216160024|reg/013295469938_
2017-02-16 16:00:33 INFO UpdateUserState: 013295469938,1
2017-02-16 16:01:02 INFO AddIdentifyResult: 17074,013295469938,-1,
2017-02-16 16:01:10 INFO AddIdentifyResult: 17074,013295469938,-3,
2017-02-16 16:02:01 INFO AddIdentifyResult: 17074,013295469938,0,ver/02/16/160254_013295469938.wav
2017-02-16 16:02:25 INFO AddIdentifyResult: 17075,015629712013,-1,
2017-02-16 16:03:19 INFO AddIdentifyResult: 17076,015629712013,-1,
2017-02-16 16:03:24 INFO AddIdentifyResult: 17076,015629712013,-3,
2017-02-16 16:05:06 INFO AddIdentifyResult: 17076,015629712013,12,
2017-02-16 16:05:13 INFO AddIdentifyResult: 17076,015629712013,10,reg/015629712013_0216160612|reg/015629712013_0216160612|reg/015629712013_0216160508
2017-02-16 16:05:13 INFO UpdateUserState: 015629712013,1
2017-02-16 16:06:56 INFO AddIdentifyResult: 17077,013295466610,-1,
2017-02-16 16:07:07 INFO AddIdentifyResult: 17077,013295466610,-3,
2017-02-16 16:09:27 INFO AddIdentifyResult: 17077,013295466610,12,
2017-02-16 16:09:34 INFO AddIdentifyResult: 17077,013295466610,10,reg/013295466610_0216161043|reg/013295466610_0216161043|reg/013295466610_0216160851
2017-02-16 16:09:34 INFO UpdateUserState: 013295466610,1
2017-02-16 16:09:41 INFO AddIdentifyResult: 17078,013295466610,-1,
2017-02-16 16:09:52 INFO AddIdentifyResult: 17078,013295466610,-3,
2017-02-16 16:10:32 INFO AddIdentifyResult: 17079,015629712267,-1,
2017-02-16 16:10:43 INFO AddIdentifyResult: 17078,013295466610,0,ver/02/16/161136_013295466610.wav
2017-02-16 16:10:50 INFO AddIdentifyResult: 17079,015629712267,-3,
2017-02-16 16:12:49 INFO AddIdentifyResult: 17079,015629712267,12,
2017-02-16 16:12:56 INFO AddIdentifyResult: 17079,015629712267,10,reg/015629712267_0216161235|reg/015629712267_0216161235|reg/015629712267_
2017-02-16 16:12:56 INFO UpdateUserState: 015629712267,1
2017-02-16 16:14:43 INFO AddIdentifyResult: 17080,013296473601,-1,
2017-02-16 16:14:59 INFO AddIdentifyResult: 17080,013296473601,-3,
2017-02-16 16:16:38 INFO AddIdentifyResult: 17080,013296473601,12,
2017-02-16 16:16:46 INFO AddIdentifyResult: 17080,013296473601,10,reg/013296473601_0216161643|reg/013296473601_0216161643|reg/013296473601_
2017-02-16 16:16:46 INFO UpdateUserState: 013296473601,1
2017-02-16 16:22:06 INFO AddIdentifyResult: 17081,015629709635,-1,
2017-02-16 16:22:12 INFO AddIdentifyResult: 17081,015629709635,-3,
2017-02-16 16:23:39 INFO AddIdentifyResult: 17081,015629709635,12,
2017-02-16 16:23:45 INFO AddIdentifyResult: 17081,015629709635,10,reg/015629709635_0216162356|reg/015629709635_0216162356|reg/015629709635_
2017-02-16 16:23:46 INFO UpdateUserState: 015629709635,1
2017-02-16 16:44:09 INFO AddIdentifyResult: 17082,01562970390,-1,
2017-02-16 16:47:00 INFO AddIdentifyResult: 17083,015629703901,-1,
2017-02-16 16:50:21 INFO AddIdentifyResult: 17084,015629705390,-1,
2017-02-16 16:50:31 INFO AddIdentifyResult: 17084,015629705390,-3,
2017-02-16 16:52:34 INFO AddIdentifyResult: 17084,015629705390,12,
2017-02-16 16:52:43 INFO AddIdentifyResult: 17084,015629705390,10,reg/015629705390_0216165215|reg/015629705390_0216165215|reg/015629705390_
2017-02-16 16:52:43 INFO UpdateUserState: 015629705390,1
