2017-01-12 08:12:08 INFO AddIdentifyResult: 14195,013181978754,-1,
2017-01-12 08:12:15 INFO AddIdentifyResult: 14195,013181978754,-3,
2017-01-12 08:13:53 INFO AddIdentifyResult: 14195,013181978754,12,
2017-01-12 08:13:59 INFO AddIdentifyResult: 14195,013181978754,10,reg/013181978754_0112081535|reg/013181978754_0112081535|reg/013181978754_0112081424
2017-01-12 08:14:00 INFO UpdateUserState: 013181978754,1
2017-01-12 08:20:27 INFO AddIdentifyResult: 0,018201323322,1,
2017-01-12 08:40:30 INFO AddIdentifyResult: 14196,013522638618,-1,
2017-01-12 08:48:45 INFO AddIdentifyResult: 14197,013287365361,-1,
2017-01-12 08:48:57 INFO AddIdentifyResult: 14197,013287365361,-3,
2017-01-12 08:51:46 INFO AddIdentifyResult: 14197,013287365361,12,
2017-01-12 08:51:53 INFO AddIdentifyResult: 14197,013287365361,10,reg/013287365361_0112085332|reg/013287365361_0112085332|reg/013287365361_0112085106
2017-01-12 08:51:53 INFO UpdateUserState: 013287365361,1
2017-01-12 08:56:15 INFO AddIdentifyResult: 14198,013287365675,-1,
2017-01-12 08:56:26 INFO AddIdentifyResult: 14198,013287365675,-3,
2017-01-12 08:57:14 INFO AddIdentifyResult: 14199,013287365683,-1,
2017-01-12 08:57:22 INFO AddIdentifyResult: 14199,013287365683,-3,
2017-01-12 08:58:15 INFO AddIdentifyResult: 14198,013287365675,12,
2017-01-12 08:58:22 INFO AddIdentifyResult: 14198,013287365675,10,reg/013287365675_0112085835|reg/013287365675_0112085835|reg/013287365675_
2017-01-12 08:58:23 INFO UpdateUserState: 013287365675,1
2017-01-12 08:58:25 INFO AddIdentifyResult: 14200,015263848034,-1,
2017-01-12 08:58:32 INFO AddIdentifyResult: 14200,015263848034,-3,
2017-01-12 08:59:37 INFO AddIdentifyResult: 14199,013287365683,12,
2017-01-12 08:59:44 INFO AddIdentifyResult: 14199,013287365683,10,reg/013287365683_0112090116|reg/013287365683_0112090116|reg/013287365683_0112085931
2017-01-12 08:59:44 INFO UpdateUserState: 013287365683,1
2017-01-12 09:00:48 INFO AddIdentifyResult: 14200,015263848034,12,
2017-01-12 09:00:56 INFO AddIdentifyResult: 14200,015263848034,10,reg/015263848034_0112090228|reg/015263848034_0112090228|reg/015263848034_0112090041
2017-01-12 09:00:56 INFO UpdateUserState: 015263848034,1
2017-01-12 09:04:48 INFO AddIdentifyResult: 14201,013287365708,-1,
2017-01-12 09:04:53 INFO AddIdentifyResult: 14201,013287365708,-3,
2017-01-12 09:07:02 INFO AddIdentifyResult: 14202,013287365720,-1,
2017-01-12 09:07:16 INFO AddIdentifyResult: 14202,013287365720,-3,
2017-01-12 09:08:13 INFO AddIdentifyResult: 14201,013287365708,12,
2017-01-12 09:08:19 INFO AddIdentifyResult: 14201,013287365708,10,reg/013287365708_0112090947|reg/013287365708_0112090947|reg/013287365708_0112090703
2017-01-12 09:08:19 INFO UpdateUserState: 013287365708,1
2017-01-12 09:09:15 INFO AddIdentifyResult: 14202,013287365720,12,
2017-01-12 09:09:22 INFO AddIdentifyResult: 14202,013287365720,10,reg/013287365720_0112091049|reg/013287365720_0112091049|reg/013287365720_0112090925
2017-01-12 09:09:22 INFO UpdateUserState: 013287365720,1
2017-01-12 09:12:11 INFO AddIdentifyResult: 14203,013287365793,-1,
2017-01-12 09:12:23 INFO AddIdentifyResult: 14203,013287365793,-3,
2017-01-12 09:13:47 INFO AddIdentifyResult: 14203,013287365793,12,
2017-01-12 09:13:53 INFO AddIdentifyResult: 14203,013287365793,10,reg/013287365793_0112091432|reg/013287365793_0112091432|reg/013287365793_
2017-01-12 09:13:53 INFO UpdateUserState: 013287365793,1
2017-01-12 09:15:58 INFO AddIdentifyResult: 14204,013287365805,-1,
2017-01-12 09:16:03 INFO AddIdentifyResult: 14204,013287365805,-3,
2017-01-12 09:16:04 INFO AddIdentifyResult: 14204,013287365805,11,reg/013287365805_|reg/013287365805_|reg/013287365805_
2017-01-12 09:16:11 INFO AddIdentifyResult: 14205,013287365805,-1,
2017-01-12 09:16:19 INFO AddIdentifyResult: 14205,013287365805,-3,
2017-01-12 09:18:17 INFO AddIdentifyResult: 14205,013287365805,12,
2017-01-12 09:18:24 INFO AddIdentifyResult: 14205,013287365805,10,reg/013287365805_0112091954|reg/013287365805_0112091954|reg/013287365805_0112091828
2017-01-12 09:18:24 INFO UpdateUserState: 013287365805,1
2017-01-12 09:19:18 INFO AddIdentifyResult: 14206,013287365773,-1,
2017-01-12 09:19:40 INFO AddIdentifyResult: 14206,013287365773,-3,
2017-01-12 09:22:12 INFO AddIdentifyResult: 14206,013287365773,12,
2017-01-12 09:22:19 INFO AddIdentifyResult: 14206,013287365773,10,reg/013287365773_0112092149|reg/013287365773_0112092149|reg/013287365773_
2017-01-12 09:22:20 INFO UpdateUserState: 013287365773,1
2017-01-12 09:22:30 INFO AddIdentifyResult: 14207,013780796001,-1,
2017-01-12 09:22:40 INFO AddIdentifyResult: 14207,013780796001,-3,
2017-01-12 09:25:23 INFO AddIdentifyResult: 14207,013780796001,12,
2017-01-12 09:25:29 INFO AddIdentifyResult: 14207,013780796001,10,reg/013780796001_0112092704|reg/013780796001_0112092704|reg/013780796001_0112092450
2017-01-12 09:25:29 INFO UpdateUserState: 013780796001,1
2017-01-12 09:25:38 INFO AddIdentifyResult: 14208,013287365831,-1,
2017-01-12 09:25:43 INFO AddIdentifyResult: 14208,013287365831,-3,
2017-01-12 09:27:15 INFO AddIdentifyResult: 14208,013287365831,12,
2017-01-12 09:27:22 INFO AddIdentifyResult: 14208,013287365831,10,reg/013287365831_0112092854|reg/013287365831_0112092854|reg/013287365831_0112092752
2017-01-12 09:27:22 INFO UpdateUserState: 013287365831,1
2017-01-12 09:34:50 INFO AddIdentifyResult: 14209,013287365930,-1,
2017-01-12 09:35:05 INFO AddIdentifyResult: 14209,013287365930,-3,
2017-01-12 09:36:38 INFO AddIdentifyResult: 14210,013287365837,-1,
2017-01-12 09:36:53 INFO AddIdentifyResult: 14210,013287365837,-3,
2017-01-12 09:37:06 INFO AddIdentifyResult: 14209,013287365930,12,
2017-01-12 09:37:14 INFO AddIdentifyResult: 14209,013287365930,10,reg/013287365930_0112093714|reg/013287365930_0112093714|reg/013287365930_
2017-01-12 09:37:15 INFO UpdateUserState: 013287365930,1
2017-01-12 09:37:17 INFO AddIdentifyResult: 14211,013589975965,-1,
2017-01-12 09:37:25 INFO AddIdentifyResult: 14211,013589975965,-3,
2017-01-12 09:38:58 INFO AddIdentifyResult: 14211,013589975965,12,
2017-01-12 09:39:05 INFO AddIdentifyResult: 14211,013589975965,10,reg/013589975965_0112093934|reg/013589975965_0112093934|reg/013589975965_
2017-01-12 09:39:06 INFO UpdateUserState: 013589975965,1
2017-01-12 09:39:19 INFO AddIdentifyResult: 14210,013287365837,12,
2017-01-12 09:39:27 INFO AddIdentifyResult: 14210,013287365837,10,reg/013287365837_0112093902|reg/013287365837_0112093902|reg/013287365837_
2017-01-12 09:39:27 INFO UpdateUserState: 013287365837,1
2017-01-12 09:42:48 INFO AddIdentifyResult: 14212,013287366023,-1,
2017-01-12 09:42:53 INFO AddIdentifyResult: 14212,013287366023,-3,
2017-01-12 09:45:23 INFO AddIdentifyResult: 14212,013287366023,12,
2017-01-12 09:45:34 INFO AddIdentifyResult: 14212,013287366023,10,reg/013287366023_0112094503|reg/013287366023_0112094503|reg/013287366023_
2017-01-12 09:45:34 INFO UpdateUserState: 013287366023,1
2017-01-12 09:46:43 INFO AddIdentifyResult: 14213,013287366073,-1,
2017-01-12 09:46:52 INFO AddIdentifyResult: 14213,013287366073,-3,
2017-01-12 09:47:56 INFO AddIdentifyResult: 14214,18163589272,-1,
2017-01-12 09:48:06 INFO AddIdentifyResult: 14214,18163589272,-3,
2017-01-12 09:48:48 INFO AddIdentifyResult: 14213,013287366073,12,
2017-01-12 09:48:56 INFO AddIdentifyResult: 14213,013287366073,10,reg/013287366073_0112094902|reg/013287366073_0112094902|reg/013287366073_
2017-01-12 09:48:57 INFO UpdateUserState: 013287366073,1
2017-01-12 09:49:06 INFO AddIdentifyResult: 14215,015254465722,-1,
2017-01-12 09:49:18 INFO AddIdentifyResult: 14215,015254465722,-3,
2017-01-12 09:49:54 INFO AddIdentifyResult: 14214,18163589272,12,
2017-01-12 09:50:01 INFO AddIdentifyResult: 14214,18163589272,10,reg/18163589272_0112095016|reg/18163589272_0112095016|reg/18163589272_
2017-01-12 09:50:02 INFO UpdateUserState: 18163589272,1
2017-01-12 09:51:06 INFO AddIdentifyResult: 14215,015254465722,12,
2017-01-12 09:51:14 INFO AddIdentifyResult: 14215,015254465722,10,reg/015254465722_0112095128|reg/015254465722_0112095128|reg/015254465722_
2017-01-12 09:51:15 INFO UpdateUserState: 015254465722,1
2017-01-12 09:51:34 INFO AddIdentifyResult: 14216,013287366085,-1,
2017-01-12 09:51:51 INFO AddIdentifyResult: 14216,013287366085,-3,
2017-01-12 09:52:17 INFO AddIdentifyResult: 14217,013287365869,-1,
2017-01-12 09:52:22 INFO AddIdentifyResult: 14217,013287365869,-3,
2017-01-12 09:52:24 INFO AddIdentifyResult: 14217,013287365869,11,reg/013287365869_|reg/013287365869_|reg/013287365869_
2017-01-12 09:52:38 INFO AddIdentifyResult: 14218,013287365869,-1,
2017-01-12 09:52:46 INFO AddIdentifyResult: 14218,013287365869,-3,
2017-01-12 09:53:03 INFO AddIdentifyResult: 0,18163589272,0,ver/01/12/095421_18163589272.wav
2017-01-12 09:53:27 INFO AddIdentifyResult: 14216,013287366085,12,
2017-01-12 09:53:34 INFO AddIdentifyResult: 14216,013287366085,10,reg/013287366085_0112095400|reg/013287366085_0112095400|reg/013287366085_
2017-01-12 09:53:34 INFO UpdateUserState: 013287366085,1
2017-01-12 09:54:29 INFO AddIdentifyResult: 14220,015327856052,-1,
2017-01-12 09:54:33 INFO AddIdentifyResult: 14218,013287365869,12,
2017-01-12 09:54:40 INFO AddIdentifyResult: 14218,013287365869,10,reg/013287365869_0112095608|reg/013287365869_0112095608|reg/013287365869_0112095456
2017-01-12 09:54:40 INFO UpdateUserState: 013287365869,1
2017-01-12 09:54:44 INFO AddIdentifyResult: 14220,015327856052,-3,
2017-01-12 09:55:07 INFO AddIdentifyResult: 14221,013475288644,-1,
2017-01-12 09:55:29 INFO AddIdentifyResult: 14221,013475288644,-3,
2017-01-12 09:55:47 INFO AddIdentifyResult: 14221,013475288644,11,reg/013475288644_|reg/013475288644_|reg/013475288644_
2017-01-12 09:56:56 INFO AddIdentifyResult: 14222,013475288644,-1,
2017-01-12 09:57:03 INFO AddIdentifyResult: 14222,013475288644,-3,
2017-01-12 09:57:50 INFO AddIdentifyResult: 14220,015327856052,12,
2017-01-12 09:58:00 INFO AddIdentifyResult: 14220,015327856052,10,reg/015327856052_0112095653|reg/015327856052_0112095653|reg/015327856052_
2017-01-12 09:58:00 INFO UpdateUserState: 015327856052,1
2017-01-12 09:58:03 INFO AddIdentifyResult: 14223,013287366560,-1,
2017-01-12 09:58:11 INFO AddIdentifyResult: 14223,013287366560,-3,
2017-01-12 09:58:16 INFO AddIdentifyResult: 14224,015327856052,-1,
2017-01-12 09:58:31 INFO AddIdentifyResult: 14224,015327856052,-3,
2017-01-12 09:58:55 INFO AddIdentifyResult: 14222,013475288644,12,
2017-01-12 09:59:02 INFO AddIdentifyResult: 14222,013475288644,10,reg/013475288644_0112095913|reg/013475288644_0112095913|reg/013475288644_
2017-01-12 09:59:03 INFO UpdateUserState: 013475288644,1
2017-01-12 09:59:23 INFO AddIdentifyResult: 14224,015327856052,0,ver/01/12/100041_015327856052.wav
2017-01-12 10:00:25 INFO AddIdentifyResult: 14223,013287366560,12,
2017-01-12 10:00:32 INFO AddIdentifyResult: 14223,013287366560,10,reg/013287366560_0112100209|reg/013287366560_0112100209|reg/013287366560_0112100020
2017-01-12 10:00:32 INFO UpdateUserState: 013287366560,1
2017-01-12 10:02:15 INFO AddIdentifyResult: 14225,013287366605,-1,
2017-01-12 10:02:21 INFO AddIdentifyResult: 14225,013287366605,-3,
2017-01-12 10:03:12 INFO AddIdentifyResult: 14226,013287366570,-1,
2017-01-12 10:03:21 INFO AddIdentifyResult: 14226,013287366570,-3,
2017-01-12 10:04:11 INFO AddIdentifyResult: 14225,013287366605,12,
2017-01-12 10:04:20 INFO AddIdentifyResult: 14225,013287366605,10,reg/013287366605_0112100430|reg/013287366605_0112100430|reg/013287366605_
2017-01-12 10:04:20 INFO UpdateUserState: 013287366605,1
2017-01-12 10:05:04 INFO AddIdentifyResult: 14226,013287366570,12,
2017-01-12 10:05:11 INFO AddIdentifyResult: 14226,013287366570,10,reg/013287366570_0112100530|reg/013287366570_0112100530|reg/013287366570_
2017-01-12 10:05:11 INFO UpdateUserState: 013287366570,1
2017-01-12 10:05:22 INFO AddIdentifyResult: 14227,018865980376,-1,
2017-01-12 10:05:30 INFO AddIdentifyResult: 14227,018865980376,-3,
2017-01-12 10:07:44 INFO AddIdentifyResult: 14227,018865980376,12,
2017-01-12 10:07:52 INFO AddIdentifyResult: 14227,018865980376,10,reg/018865980376_0112100740|reg/018865980376_0112100740|reg/018865980376_
2017-01-12 10:07:52 INFO UpdateUserState: 018865980376,1
2017-01-12 10:32:28 INFO AddIdentifyResult: 14228,013287366720,-1,
2017-01-12 10:32:37 INFO AddIdentifyResult: 14228,013287366720,-3,
2017-01-12 10:33:45 INFO AddIdentifyResult: 14229,013287366685,-1,
2017-01-12 10:33:54 INFO AddIdentifyResult: 14229,013287366685,-3,
2017-01-12 10:34:02 INFO AddIdentifyResult: 14228,013287366720,12,
2017-01-12 10:34:09 INFO AddIdentifyResult: 14228,013287366720,10,reg/013287366720_0112103447|reg/013287366720_0112103447|reg/013287366720_
2017-01-12 10:34:09 INFO UpdateUserState: 013287366720,1
2017-01-12 10:34:29 INFO AddIdentifyResult: 14230,013884914277,-1,
2017-01-12 10:34:39 INFO AddIdentifyResult: 14230,013884914277,-3,
2017-01-12 10:36:02 INFO AddIdentifyResult: 14229,013287366685,12,
2017-01-12 10:36:10 INFO AddIdentifyResult: 14229,013287366685,10,reg/013287366685_0112103741|reg/013287366685_0112103741|reg/013287366685_0112103604
2017-01-12 10:36:10 INFO UpdateUserState: 013287366685,1
2017-01-12 10:36:13 INFO AddIdentifyResult: 14230,013884914277,12,
2017-01-12 10:36:20 INFO AddIdentifyResult: 14230,013884914277,10,reg/013884914277_0112103648|reg/013884914277_0112103648|reg/013884914277_
2017-01-12 10:36:20 INFO UpdateUserState: 013884914277,1
2017-01-12 10:36:43 INFO AddIdentifyResult: 14231,015632263659,-1,
2017-01-12 10:36:51 INFO AddIdentifyResult: 14231,015632263659,-3,
2017-01-12 10:38:51 INFO AddIdentifyResult: 14231,015632263659,12,
2017-01-12 10:38:58 INFO AddIdentifyResult: 14231,015632263659,10,reg/015632263659_0112104028|reg/015632263659_0112104028|reg/015632263659_0112103901
2017-01-12 10:38:58 INFO UpdateUserState: 015632263659,1
2017-01-12 10:39:08 INFO AddIdentifyResult: 14232,015632263659,-1,
2017-01-12 10:39:15 INFO AddIdentifyResult: 14232,015632263659,-3,
2017-01-12 10:40:07 INFO AddIdentifyResult: 14232,015632263659,0,ver/01/12/104125_015632263659.wav
2017-01-12 10:40:24 INFO AddIdentifyResult: 14233,015097781497,-1,
2017-01-12 10:40:33 INFO AddIdentifyResult: 14233,015097781497,-3,
2017-01-12 10:41:01 INFO AddIdentifyResult: 14234,013287366723,-1,
2017-01-12 10:41:04 INFO AddIdentifyResult: 14235,013287366723,-1,
2017-01-12 10:41:09 INFO AddIdentifyResult: 14234,013287366723,-3,
2017-01-12 10:41:27 INFO AddIdentifyResult: 14234,013287366723,11,reg/013287366723_|reg/013287366723_|reg/013287366723_
2017-01-12 10:42:01 INFO AddIdentifyResult: 14236,013287366723,-1,
2017-01-12 10:42:06 INFO AddIdentifyResult: 14233,015097781497,12,
2017-01-12 10:42:08 INFO AddIdentifyResult: 14236,013287366723,-3,
2017-01-12 10:42:13 INFO AddIdentifyResult: 14233,015097781497,10,reg/015097781497_0112104243|reg/015097781497_0112104243|reg/015097781497_
2017-01-12 10:42:13 INFO UpdateUserState: 015097781497,1
2017-01-12 10:42:20 INFO AddIdentifyResult: 14237,015097781497,-1,
2017-01-12 10:42:27 INFO AddIdentifyResult: 14237,015097781497,-3,
2017-01-12 10:42:30 INFO AddIdentifyResult: 14236,013287366723,11,reg/013287366723_|reg/013287366723_|reg/013287366723_
2017-01-12 10:42:51 INFO AddIdentifyResult: 14238,013287366723,-1,
2017-01-12 10:43:00 INFO AddIdentifyResult: 14238,013287366723,-3,
2017-01-12 10:43:19 INFO AddIdentifyResult: 14237,015097781497,0,ver/01/12/104437_015097781497.wav
2017-01-12 10:44:32 INFO AddIdentifyResult: 14238,013287366723,12,
2017-01-12 10:44:39 INFO AddIdentifyResult: 14238,013287366723,10,reg/013287366723_0112104509|reg/013287366723_0112104509|reg/013287366723_
2017-01-12 10:44:40 INFO UpdateUserState: 013287366723,1
2017-01-12 10:45:40 INFO AddIdentifyResult: 14239,015865189306,-1,
2017-01-12 10:46:01 INFO AddIdentifyResult: 14239,015865189306,-3,
2017-01-12 10:47:45 INFO AddIdentifyResult: 14239,015865189306,12,
2017-01-12 10:47:51 INFO AddIdentifyResult: 14239,015865189306,10,reg/015865189306_0112104927|reg/015865189306_0112104927|reg/015865189306_0112104811
2017-01-12 10:47:51 INFO UpdateUserState: 015865189306,1
2017-01-12 10:48:31 INFO AddIdentifyResult: 14240,013287367009,-1,
2017-01-12 10:48:36 INFO AddIdentifyResult: 14240,013287367009,-3,
2017-01-12 10:50:52 INFO AddIdentifyResult: 14240,013287367009,12,
2017-01-12 10:50:59 INFO AddIdentifyResult: 14240,013287367009,10,reg/013287367009_0112105046|reg/013287367009_0112105046|reg/013287367009_
2017-01-12 10:51:00 INFO UpdateUserState: 013287367009,1
2017-01-12 10:51:10 INFO AddIdentifyResult: 14241,013287366730,-1,
2017-01-12 10:51:19 INFO AddIdentifyResult: 14241,013287366730,-3,
2017-01-12 10:53:06 INFO AddIdentifyResult: 14241,013287366730,12,
2017-01-12 10:53:13 INFO AddIdentifyResult: 14241,013287366730,10,reg/013287366730_0112105451|reg/013287366730_0112105451|reg/013287366730_0112105329
2017-01-12 10:53:13 INFO UpdateUserState: 013287366730,1
2017-01-12 11:11:00 INFO AddIdentifyResult: 14242,015327856320,-1,
2017-01-12 11:11:07 INFO AddIdentifyResult: 14242,015327856320,-3,
2017-01-12 11:13:07 INFO AddIdentifyResult: 14242,015327856320,12,
2017-01-12 11:13:15 INFO AddIdentifyResult: 14242,015327856320,10,reg/015327856320_0112111317|reg/015327856320_0112111317|reg/015327856320_
2017-01-12 11:13:15 INFO UpdateUserState: 015327856320,1
2017-01-12 11:13:34 INFO AddIdentifyResult: 14243,015327856320,-1,
2017-01-12 11:14:09 INFO AddIdentifyResult: 14244,015327856320,-1,
2017-01-12 11:14:18 INFO AddIdentifyResult: 14244,015327856320,-3,
2017-01-12 11:14:24 INFO AddIdentifyResult: 14245,015530231069,-1,
2017-01-12 11:14:35 INFO AddIdentifyResult: 14245,015530231069,-3,
2017-01-12 11:15:10 INFO AddIdentifyResult: 14244,015327856320,0,ver/01/12/111628_015327856320.wav
2017-01-12 11:16:44 INFO AddIdentifyResult: 14245,015530231069,12,
2017-01-12 11:16:51 INFO AddIdentifyResult: 14245,015530231069,10,reg/015530231069_0112111821|reg/015530231069_0112111821|reg/015530231069_0112111645
2017-01-12 11:16:51 INFO UpdateUserState: 015530231069,1
2017-01-12 11:17:03 INFO AddIdentifyResult: 14246,015530231069,-1,
2017-01-12 11:17:13 INFO AddIdentifyResult: 14246,015530231069,-3,
2017-01-12 11:18:04 INFO AddIdentifyResult: 14246,015530231069,0,ver/01/12/111923_015530231069.wav
2017-01-12 11:21:45 INFO AddIdentifyResult: 14247,015512273256,-1,
2017-01-12 11:21:52 INFO AddIdentifyResult: 14247,015512273256,-3,
2017-01-12 11:23:29 INFO AddIdentifyResult: 14247,015512273256,12,
2017-01-12 11:23:35 INFO AddIdentifyResult: 14247,015512273256,10,reg/015512273256_0112112401|reg/015512273256_0112112401|reg/015512273256_
2017-01-12 11:23:36 INFO UpdateUserState: 015512273256,1
2017-01-12 11:23:43 INFO AddIdentifyResult: 14248,015512273256,-1,
2017-01-12 11:23:50 INFO AddIdentifyResult: 14248,015512273256,-3,
2017-01-12 11:24:42 INFO AddIdentifyResult: 14248,015512273256,0,ver/01/12/112600_015512273256.wav
2017-01-12 11:35:46 INFO AddIdentifyResult: 14249,015831544934,-1,
2017-01-12 11:35:54 INFO AddIdentifyResult: 14249,015831544934,-3,
2017-01-12 11:36:13 INFO AddIdentifyResult: 14249,015831544934,11,reg/015831544934_|reg/015831544934_|reg/015831544934_
2017-01-12 11:36:45 INFO AddIdentifyResult: 14250,015831544934,-1,
2017-01-12 11:37:00 INFO AddIdentifyResult: 14250,015831544934,-3,
2017-01-12 11:38:32 INFO AddIdentifyResult: 14250,015831544934,12,
2017-01-12 11:38:38 INFO AddIdentifyResult: 14250,015831544934,10,reg/015831544934_0112113910|reg/015831544934_0112113910|reg/015831544934_
2017-01-12 11:38:38 INFO UpdateUserState: 015831544934,1
2017-01-12 11:38:46 INFO AddIdentifyResult: 14251,015831544934,-1,
2017-01-12 11:38:53 INFO AddIdentifyResult: 14251,015831544934,-3,
2017-01-12 11:39:45 INFO AddIdentifyResult: 14251,015831544934,0,ver/01/12/114103_015831544934.wav
2017-01-12 11:41:33 INFO AddIdentifyResult: 14252,015633121183,-1,
2017-01-12 11:41:39 INFO AddIdentifyResult: 14252,015633121183,-3,
2017-01-12 11:44:08 INFO AddIdentifyResult: 14252,015633121183,12,
2017-01-12 11:44:14 INFO AddIdentifyResult: 14252,015633121183,10,reg/015633121183_0112114512|reg/015633121183_0112114512|reg/015633121183_0112114349
2017-01-12 11:44:14 INFO UpdateUserState: 015633121183,1
2017-01-12 11:44:25 INFO AddIdentifyResult: 14253,015633121183,-1,
2017-01-12 11:44:31 INFO AddIdentifyResult: 14253,015633121183,-3,
2017-01-12 11:45:23 INFO AddIdentifyResult: 14253,015633121183,0,ver/01/12/114641_015633121183.wav
2017-01-12 11:49:27 INFO AddIdentifyResult: 14254,015530226320,-1,
2017-01-12 11:49:38 INFO AddIdentifyResult: 14254,015530226320,-3,
2017-01-12 11:51:28 INFO AddIdentifyResult: 14254,015530226320,12,
2017-01-12 11:51:37 INFO AddIdentifyResult: 14254,015530226320,10,reg/015530226320_0112115147|reg/015530226320_0112115147|reg/015530226320_
2017-01-12 11:51:38 INFO UpdateUserState: 015530226320,1
2017-01-12 11:51:40 INFO AddIdentifyResult: 14255,015530226320,-1,
2017-01-12 11:51:48 INFO AddIdentifyResult: 14255,015530226320,-3,
2017-01-12 11:52:34 INFO AddIdentifyResult: 14256,013197026895,-1,
2017-01-12 11:52:41 INFO AddIdentifyResult: 14255,015530226320,0,ver/01/12/115358_015530226320.wav
2017-01-12 11:52:54 INFO AddIdentifyResult: 14256,013197026895,-3,
2017-01-12 11:56:15 INFO AddIdentifyResult: 14256,013197026895,11,reg/013197026895_|reg/013197026895_|reg/013197026895_
2017-01-12 11:56:59 INFO AddIdentifyResult: 14257,013197026895,-1,
2017-01-12 11:57:17 INFO AddIdentifyResult: 14257,013197026895,-3,
2017-01-12 11:59:08 INFO AddIdentifyResult: 14257,013197026895,12,
2017-01-12 11:59:15 INFO AddIdentifyResult: 14257,013197026895,10,reg/013197026895_0112115926|reg/013197026895_0112115926|reg/013197026895_
2017-01-12 11:59:16 INFO UpdateUserState: 013197026895,1
2017-01-12 11:59:22 INFO AddIdentifyResult: 14258,013197026895,-1,
2017-01-12 11:59:35 INFO AddIdentifyResult: 14258,013197026895,-3,
2017-01-12 12:00:27 INFO AddIdentifyResult: 14258,013197026895,0,ver/01/12/120145_013197026895.wav
2017-01-12 12:01:52 INFO AddIdentifyResult: 14259,015633129033,-1,
2017-01-12 12:02:04 INFO AddIdentifyResult: 14259,015633129033,-3,
2017-01-12 12:02:11 INFO AddIdentifyResult: 14259,015633129033,11,reg/015633129033_|reg/015633129033_|reg/015633129033_
2017-01-12 12:02:27 INFO AddIdentifyResult: 14260,015633129033,-1,
2017-01-12 12:03:45 INFO AddIdentifyResult: 14261,013400359065,-1,
2017-01-12 12:03:57 INFO AddIdentifyResult: 14261,013400359065,-3,
2017-01-12 12:05:31 INFO AddIdentifyResult: 14261,013400359065,12,
2017-01-12 12:05:39 INFO AddIdentifyResult: 14261,013400359065,10,reg/013400359065_0112120607|reg/013400359065_0112120607|reg/013400359065_
2017-01-12 12:05:39 INFO UpdateUserState: 013400359065,1
2017-01-12 12:05:40 INFO AddIdentifyResult: 14262,013400359065,-1,
2017-01-12 12:05:46 INFO AddIdentifyResult: 14262,013400359065,-3,
2017-01-12 12:06:40 INFO AddIdentifyResult: 14262,013400359065,0,ver/01/12/120757_013400359065.wav
2017-01-12 12:06:55 INFO AddIdentifyResult: 14263,015633129033,-1,
2017-01-12 12:07:06 INFO AddIdentifyResult: 14263,015633129033,-3,
2017-01-12 12:07:15 INFO AddIdentifyResult: 14263,015633129033,11,reg/015633129033_|reg/015633129033_|reg/015633129033_
2017-01-12 12:08:19 INFO AddIdentifyResult: 14264,015633219033,-1,
2017-01-12 12:08:41 INFO AddIdentifyResult: 14265,015633219033,-1,
2017-01-12 12:08:51 INFO AddIdentifyResult: 14265,015633219033,-3,
2017-01-12 12:09:06 INFO AddIdentifyResult: 14265,015633219033,11,reg/015633219033_|reg/015633219033_|reg/015633219033_
2017-01-12 12:09:12 INFO AddIdentifyResult: 14266,015633219033,-1,
2017-01-12 12:09:23 INFO AddIdentifyResult: 14266,015633219033,-3,
2017-01-12 12:10:48 INFO AddIdentifyResult: 14266,015633219033,12,
2017-01-12 12:10:55 INFO AddIdentifyResult: 14266,015633219033,10,reg/015633219033_0112121133|reg/015633219033_0112121133|reg/015633219033_
2017-01-12 12:10:55 INFO UpdateUserState: 015633219033,1
2017-01-12 12:10:57 INFO AddIdentifyResult: 14267,013400359065,-1,
2017-01-12 12:11:02 INFO AddIdentifyResult: 14268,015633219033,-1,
2017-01-12 12:11:13 INFO AddIdentifyResult: 14268,015633219033,-3,
2017-01-12 12:12:05 INFO AddIdentifyResult: 14268,015633219033,0,ver/01/12/121323_015633219033.wav
2017-01-12 13:27:49 INFO AddIdentifyResult: 14269,013287368001,-1,
2017-01-12 13:28:05 INFO AddIdentifyResult: 14270,013287368001,-1,
2017-01-12 13:28:11 INFO AddIdentifyResult: 14270,013287368001,-3,
2017-01-12 13:29:58 INFO AddIdentifyResult: 14270,013287368001,12,
2017-01-12 13:30:05 INFO AddIdentifyResult: 14270,013287368001,10,reg/013287368001_0112133139|reg/013287368001_0112133139|reg/013287368001_0112133021
2017-01-12 13:30:05 INFO UpdateUserState: 013287368001,1
2017-01-12 13:30:15 INFO AddIdentifyResult: 14271,013515464389,-1,
2017-01-12 13:30:27 INFO AddIdentifyResult: 14271,013515464389,-3,
2017-01-12 13:32:21 INFO AddIdentifyResult: 14271,013515464389,12,
2017-01-12 13:32:28 INFO AddIdentifyResult: 14271,013515464389,10,reg/013515464389_0112133237|reg/013515464389_0112133237|reg/013515464389_
2017-01-12 13:32:28 INFO UpdateUserState: 013515464389,1
2017-01-12 13:48:00 INFO AddIdentifyResult: 14272,013287367013,-1,
2017-01-12 13:48:09 INFO AddIdentifyResult: 14272,013287367013,-3,
2017-01-12 13:50:09 INFO AddIdentifyResult: 14272,013287367013,12,
2017-01-12 13:50:16 INFO AddIdentifyResult: 14272,013287367013,10,reg/013287367013_0112135019|reg/013287367013_0112135019|reg/013287367013_
2017-01-12 13:50:17 INFO UpdateUserState: 013287367013,1
2017-01-12 13:58:26 INFO AddIdentifyResult: 14273,013287377909,-1,
2017-01-12 13:58:32 INFO AddIdentifyResult: 14273,013287377909,-3,
2017-01-12 14:01:29 INFO AddIdentifyResult: 14273,013287377909,12,
2017-01-12 14:01:37 INFO AddIdentifyResult: 14273,013287377909,10,reg/013287377909_0112140042|reg/013287377909_0112140042|reg/013287377909_
2017-01-12 14:01:37 INFO UpdateUserState: 013287377909,1
2017-01-12 14:02:02 INFO AddIdentifyResult: 14274,013854698546,-1,
2017-01-12 14:02:09 INFO AddIdentifyResult: 14274,013854698546,-3,
2017-01-12 14:04:48 INFO AddIdentifyResult: 14274,013854698546,12,
2017-01-12 14:04:57 INFO AddIdentifyResult: 14274,013854698546,10,reg/013854698546_0112140420|reg/013854698546_0112140420|reg/013854698546_
2017-01-12 14:04:57 INFO UpdateUserState: 013854698546,1
2017-01-12 14:07:44 INFO AddIdentifyResult: 14275,013287367139,-1,
2017-01-12 14:07:50 INFO AddIdentifyResult: 14275,013287367139,-3,
2017-01-12 14:08:41 INFO AddIdentifyResult: 14276,013287375758,-1,
2017-01-12 14:09:06 INFO AddIdentifyResult: 14276,013287375758,-3,
2017-01-12 14:09:50 INFO AddIdentifyResult: 14275,013287367139,12,
2017-01-12 14:09:57 INFO AddIdentifyResult: 14275,013287367139,10,reg/013287367139_0112141000|reg/013287367139_0112141000|reg/013287367139_
2017-01-12 14:09:57 INFO UpdateUserState: 013287367139,1
2017-01-12 14:10:13 INFO AddIdentifyResult: 14277,013792064653,-1,
2017-01-12 14:10:19 INFO AddIdentifyResult: 14277,013792064653,-3,
2017-01-12 14:11:03 INFO AddIdentifyResult: 14276,013287375758,12,
2017-01-12 14:11:11 INFO AddIdentifyResult: 14276,013287375758,10,reg/013287375758_0112141116|reg/013287375758_0112141116|reg/013287375758_
2017-01-12 14:11:11 INFO UpdateUserState: 013287375758,1
2017-01-12 14:12:06 INFO AddIdentifyResult: 14277,013792064653,12,
2017-01-12 14:12:12 INFO AddIdentifyResult: 14278,013287375758,-1,
2017-01-12 14:12:13 INFO AddIdentifyResult: 14277,013792064653,10,reg/013792064653_0112141229|reg/013792064653_0112141229|reg/013792064653_
2017-01-12 14:12:13 INFO UpdateUserState: 013792064653,1
2017-01-12 14:12:18 INFO AddIdentifyResult: 14278,013287375758,-3,
2017-01-12 14:14:23 INFO AddIdentifyResult: 14278,013287375758,12,
2017-01-12 14:14:31 INFO AddIdentifyResult: 14278,013287375758,10,reg/013287375758_0112141428|reg/013287375758_0112141428|reg/013287375758_
2017-01-12 14:14:31 INFO UpdateUserState: 013287375758,1
2017-01-12 14:21:41 INFO AddIdentifyResult: 14279,015392951550,-1,
2017-01-12 14:22:09 INFO AddIdentifyResult: 14279,015392951550,-3,
2017-01-12 14:23:26 INFO AddIdentifyResult: 14279,015392951550,12,
2017-01-12 14:23:33 INFO AddIdentifyResult: 14279,015392951550,10,reg/015392951550_0112142419|reg/015392951550_0112142419|reg/015392951550_
2017-01-12 14:23:33 INFO UpdateUserState: 015392951550,1
2017-01-12 14:23:57 INFO AddIdentifyResult: 14280,015392951550,-1,
2017-01-12 14:24:18 INFO AddIdentifyResult: 14280,015392951550,-3,
2017-01-12 14:25:10 INFO AddIdentifyResult: 14280,015392951550,0,ver/01/12/142628_015392951550.wav
2017-01-12 14:29:03 INFO AddIdentifyResult: 14281,018671395357,-1,
2017-01-12 14:29:19 INFO AddIdentifyResult: 14281,018671395357,-3,
2017-01-12 14:30:06 INFO AddIdentifyResult: 14282,013932230247,-1,
2017-01-12 14:30:15 INFO AddIdentifyResult: 14282,013932230247,-3,
2017-01-12 14:30:58 INFO AddIdentifyResult: 14281,018671395357,12,
2017-01-12 14:31:05 INFO AddIdentifyResult: 14281,018671395357,10,reg/018671395357_0112143246|reg/018671395357_0112143246|reg/018671395357_0112143129
2017-01-12 14:31:05 INFO UpdateUserState: 018671395357,1
2017-01-12 14:31:19 INFO AddIdentifyResult: 14283,018671395357,-1,
2017-01-12 14:31:33 INFO AddIdentifyResult: 14283,018671395357,-3,
2017-01-12 14:31:57 INFO AddIdentifyResult: 14282,013932230247,12,
2017-01-12 14:32:05 INFO AddIdentifyResult: 14282,013932230247,10,reg/013932230247_0112143225|reg/013932230247_0112143225|reg/013932230247_
2017-01-12 14:32:05 INFO UpdateUserState: 013932230247,1
2017-01-12 14:32:09 INFO AddIdentifyResult: 14284,013932230247,-1,
2017-01-12 14:32:16 INFO AddIdentifyResult: 14284,013932230247,-3,
2017-01-12 14:32:25 INFO AddIdentifyResult: 14283,018671395357,1,ver/01/12/143343_018671395357.wav
2017-01-12 14:32:40 INFO AddIdentifyResult: 14283,018671395357,2,
2017-01-12 14:32:56 INFO AddIdentifyResult: 14285,018671395357,-1,
2017-01-12 14:33:05 INFO AddIdentifyResult: 14285,018671395357,-3,
2017-01-12 14:33:09 INFO AddIdentifyResult: 14284,013932230247,0,ver/01/12/143427_013932230247.wav
2017-01-12 14:33:58 INFO AddIdentifyResult: 14285,018671395357,1,ver/01/12/143516_018671395357.wav
2017-01-12 14:34:15 INFO AddIdentifyResult: 14286,015530225718,-1,
2017-01-12 14:34:16 INFO AddIdentifyResult: 14287,015334212132,-1,
2017-01-12 14:34:21 INFO AddIdentifyResult: 14286,015530225718,-3,
2017-01-12 14:34:37 INFO AddIdentifyResult: 14288,015334212132,-1,
2017-01-12 14:34:59 INFO AddIdentifyResult: 14289,018671395357,-1,
2017-01-12 14:35:36 INFO AddIdentifyResult: 14289,018671395357,-3,
2017-01-12 14:36:12 INFO AddIdentifyResult: 14289,018671395357,1,
2017-01-12 14:36:35 INFO AddIdentifyResult: 14286,015530225718,12,
2017-01-12 14:36:42 INFO AddIdentifyResult: 14286,015530225718,10,reg/015530225718_0112143805|reg/015530225718_0112143805|reg/015530225718_0112143631
2017-01-12 14:36:43 INFO UpdateUserState: 015530225718,1
2017-01-12 14:36:48 INFO AddIdentifyResult: 14290,015530225718,-1,
2017-01-12 14:36:54 INFO AddIdentifyResult: 14290,015530225718,-3,
2017-01-12 14:37:46 INFO AddIdentifyResult: 14290,015530225718,0,ver/01/12/143905_015530225718.wav
2017-01-12 14:37:48 INFO AddIdentifyResult: 14291,015334212132,-1,
2017-01-12 14:37:58 INFO AddIdentifyResult: 14291,015334212132,-3,
2017-01-12 14:39:46 INFO AddIdentifyResult: 14292,018671395357,-1,
2017-01-12 14:40:09 INFO AddIdentifyResult: 14292,018671395357,-3,
2017-01-12 14:40:32 INFO AddIdentifyResult: 14291,015334212132,12,
2017-01-12 14:40:40 INFO AddIdentifyResult: 14291,015334212132,10,reg/015334212132_0112144151|reg/015334212132_0112144151|reg/015334212132_0112144009
2017-01-12 14:40:40 INFO UpdateUserState: 015334212132,1
2017-01-12 14:40:44 INFO AddIdentifyResult: 14292,018671395357,11,reg/018671395357_|reg/018671395357_|reg/018671395357_
2017-01-12 14:40:57 INFO AddIdentifyResult: 14293,015334212132,-1,
2017-01-12 14:41:07 INFO AddIdentifyResult: 14293,015334212132,-3,
2017-01-12 14:41:11 INFO AddIdentifyResult: 14294,018671395357,-1,
2017-01-12 14:41:19 INFO AddIdentifyResult: 14294,018671395357,-3,
2017-01-12 14:42:18 INFO AddIdentifyResult: 14293,015334212132,0,ver/01/12/144337_015334212132.wav
2017-01-12 14:42:46 INFO AddIdentifyResult: 14294,018671395357,12,
2017-01-12 14:42:53 INFO AddIdentifyResult: 14294,018671395357,10,reg/018671395357_0112144329|reg/018671395357_0112144329|reg/018671395357_
2017-01-12 14:42:53 INFO UpdateUserState: 018671395357,1
2017-01-12 14:43:04 INFO AddIdentifyResult: 14295,018671395357,-1,
2017-01-12 14:43:16 INFO AddIdentifyResult: 14295,018671395357,-3,
2017-01-12 14:44:08 INFO AddIdentifyResult: 14295,018671395357,0,ver/01/12/144526_018671395357.wav
2017-01-12 14:47:56 INFO AddIdentifyResult: 14296,013092798329,-1,
2017-01-12 14:49:45 INFO AddIdentifyResult: 14297,015631277539,-1,
2017-01-12 14:50:00 INFO AddIdentifyResult: 14297,015631277539,-3,
2017-01-12 14:50:03 INFO AddIdentifyResult: 14298,013092798329,-1,
2017-01-12 14:51:31 INFO AddIdentifyResult: 14297,015631277539,12,
2017-01-12 14:51:38 INFO AddIdentifyResult: 14297,015631277539,10,reg/015631277539_0112145210|reg/015631277539_0112145210|reg/015631277539_
2017-01-12 14:51:38 INFO UpdateUserState: 015631277539,1
2017-01-12 14:51:43 INFO AddIdentifyResult: 14299,015631277539,-1,
2017-01-12 14:51:53 INFO AddIdentifyResult: 14299,015631277539,-3,
2017-01-12 14:52:20 INFO AddIdentifyResult: 14300,013092798392,-1,
2017-01-12 14:52:45 INFO AddIdentifyResult: 14299,015631277539,0,ver/01/12/145404_015631277539.wav
2017-01-12 14:52:55 INFO AddIdentifyResult: 14300,013092798392,-3,
2017-01-12 14:53:41 INFO AddIdentifyResult: 14300,013092798392,11,reg/013092798392_|reg/013092798392_|reg/013092798392_
2017-01-12 14:54:01 INFO AddIdentifyResult: 14301,013092798392,-1,
2017-01-12 14:54:39 INFO AddIdentifyResult: 14301,013092798392,-3,
2017-01-12 14:56:29 INFO AddIdentifyResult: 14301,013092798392,12,
2017-01-12 14:56:36 INFO AddIdentifyResult: 14301,013092798392,10,reg/013092798392_0112145649|reg/013092798392_0112145649|reg/013092798392_
2017-01-12 14:56:36 INFO UpdateUserState: 013092798392,1
2017-01-12 14:56:54 INFO AddIdentifyResult: 14302,013092798392,-1,
2017-01-12 14:56:55 INFO AddIdentifyResult: 14303,015630840809,-1,
2017-01-12 14:57:06 INFO AddIdentifyResult: 14303,015630840809,-3,
2017-01-12 14:59:16 INFO AddIdentifyResult: 14303,015630840809,12,
2017-01-12 14:59:24 INFO AddIdentifyResult: 14303,015630840809,10,reg/015630840809_0112145916|reg/015630840809_0112145916|reg/015630840809_
2017-01-12 14:59:24 INFO UpdateUserState: 015630840809,1
2017-01-12 14:59:28 INFO AddIdentifyResult: 14304,013092798392,-1,
2017-01-12 14:59:30 INFO AddIdentifyResult: 14305,015630840809,-1,
2017-01-12 14:59:39 INFO AddIdentifyResult: 14304,013092798392,-3,
2017-01-12 14:59:40 INFO AddIdentifyResult: 14305,015630840809,-3,
2017-01-12 15:00:30 INFO AddIdentifyResult: 14304,013092798392,0,ver/01/12/150149_013092798392.wav
2017-01-12 15:00:31 INFO AddIdentifyResult: 14305,015630840809,0,ver/01/12/150150_015630840809.wav
2017-01-12 15:00:35 INFO AddIdentifyResult: 14306,013287367237,-1,
2017-01-12 15:00:42 INFO AddIdentifyResult: 14306,013287367237,-3,
2017-01-12 15:02:47 INFO AddIdentifyResult: 14306,013287367237,12,
2017-01-12 15:02:55 INFO AddIdentifyResult: 14306,013287367237,10,reg/013287367237_0112150252|reg/013287367237_0112150252|reg/013287367237_
2017-01-12 15:02:55 INFO UpdateUserState: 013287367237,1
2017-01-12 15:03:58 INFO AddIdentifyResult: 14307,015133277947,-1,
2017-01-12 15:04:07 INFO AddIdentifyResult: 14307,015133277947,-3,
2017-01-12 15:04:49 INFO AddIdentifyResult: 14308,013287367262,-1,
2017-01-12 15:04:57 INFO AddIdentifyResult: 14308,013287367262,-3,
2017-01-12 15:05:25 INFO AddIdentifyResult: 14309,013237251810,-1,
2017-01-12 15:05:38 INFO AddIdentifyResult: 14309,013237251810,-3,
2017-01-12 15:05:58 INFO AddIdentifyResult: 14307,015133277947,12,
2017-01-12 15:06:04 INFO AddIdentifyResult: 14307,015133277947,10,reg/015133277947_0112150618|reg/015133277947_0112150618|reg/015133277947_
2017-01-12 15:06:05 INFO UpdateUserState: 015133277947,1
2017-01-12 15:06:08 INFO AddIdentifyResult: 14310,015133277947,-1,
2017-01-12 15:06:15 INFO AddIdentifyResult: 14310,015133277947,-3,
2017-01-12 15:07:07 INFO AddIdentifyResult: 14310,015133277947,0,ver/01/12/150826_015133277947.wav
2017-01-12 15:07:32 INFO AddIdentifyResult: 14309,013237251810,12,
2017-01-12 15:07:39 INFO AddIdentifyResult: 14309,013237251810,10,reg/013237251810_0112150908|reg/013237251810_0112150908|reg/013237251810_0112150748
2017-01-12 15:07:40 INFO UpdateUserState: 013237251810,1
2017-01-12 15:08:15 INFO AddIdentifyResult: 14311,013237251810,-1,
2017-01-12 15:08:27 INFO AddIdentifyResult: 14311,013237251810,-3,
2017-01-12 15:08:51 INFO AddIdentifyResult: 14312,015630840775,-1,
2017-01-12 15:08:58 INFO AddIdentifyResult: 14312,015630840775,-3,
2017-01-12 15:09:03 INFO AddIdentifyResult: 14308,013287367262,12,
2017-01-12 15:09:11 INFO AddIdentifyResult: 14308,013287367262,10,reg/013287367262_0112151016|reg/013287367262_0112151016|reg/013287367262_0112150708
2017-01-12 15:09:11 INFO UpdateUserState: 013287367262,1
2017-01-12 15:09:18 INFO AddIdentifyResult: 14311,013237251810,1,ver/01/12/151037_013237251810.wav
2017-01-12 15:10:23 INFO AddIdentifyResult: 14312,015630840775,12,
2017-01-12 15:10:29 INFO AddIdentifyResult: 14312,015630840775,10,reg/015630840775_0112151109|reg/015630840775_0112151109|reg/015630840775_
2017-01-12 15:10:29 INFO UpdateUserState: 015630840775,1
2017-01-12 15:10:33 INFO AddIdentifyResult: 14313,015630840775,-1,
2017-01-12 15:10:41 INFO AddIdentifyResult: 14313,015630840775,-3,
2017-01-12 15:11:32 INFO AddIdentifyResult: 14313,015630840775,0,ver/01/12/151251_015630840775.wav
2017-01-12 15:13:05 INFO AddIdentifyResult: 14314,013237251810,-1,
2017-01-12 15:13:17 INFO AddIdentifyResult: 14314,013237251810,-3,
2017-01-12 15:14:08 INFO AddIdentifyResult: 14314,013237251810,1,ver/01/12/151527_013237251810.wav
2017-01-12 15:14:23 INFO AddIdentifyResult: 14315,013287367305,-1,
2017-01-12 15:14:29 INFO AddIdentifyResult: 14315,013287367305,-3,
2017-01-12 15:14:51 INFO AddIdentifyResult: 14316,013623327781,-1,
2017-01-12 15:14:52 INFO AddIdentifyResult: 14317,013237251810,-1,
2017-01-12 15:15:46 INFO AddIdentifyResult: 14318,013237251810,-1,
2017-01-12 15:15:57 INFO AddIdentifyResult: 14319,013287367263,-1,
2017-01-12 15:15:59 INFO AddIdentifyResult: 14318,013237251810,-3,
2017-01-12 15:16:32 INFO AddIdentifyResult: 14319,013287367263,-3,
2017-01-12 15:16:33 INFO AddIdentifyResult: 14319,013287367263,11,reg/013287367263_|reg/013287367263_|reg/013287367263_
2017-01-12 15:16:53 INFO AddIdentifyResult: 14315,013287367305,12,
2017-01-12 15:16:59 INFO AddIdentifyResult: 14320,018244624697,-1,
2017-01-12 15:17:00 INFO AddIdentifyResult: 14315,013287367305,10,reg/013287367305_0112151639|reg/013287367305_0112151639|reg/013287367305_
2017-01-12 15:17:00 INFO UpdateUserState: 013287367305,1
2017-01-12 15:17:05 INFO AddIdentifyResult: 14321,013287367263,-1,
2017-01-12 15:17:10 INFO AddIdentifyResult: 14322,015254683517,-1,
2017-01-12 15:17:11 INFO AddIdentifyResult: 14321,013287367263,-3,
2017-01-12 15:17:11 INFO AddIdentifyResult: 14320,018244624697,-3,
2017-01-12 15:17:23 INFO AddIdentifyResult: 14322,015254683517,-3,
2017-01-12 15:17:37 INFO AddIdentifyResult: 14318,013237251810,12,
2017-01-12 15:17:44 INFO AddIdentifyResult: 14318,013237251810,10,reg/013237251810_0112151809|reg/013237251810_0112151809|reg/013237251810_
2017-01-12 15:17:44 INFO UpdateUserState: 013237251810,1
2017-01-12 15:17:45 INFO AddIdentifyResult: 14323,013730163594,-1,
2017-01-12 15:17:51 INFO AddIdentifyResult: 14323,013730163594,-3,
2017-01-12 15:17:55 INFO AddIdentifyResult: 14324,013237251810,-1,
2017-01-12 15:18:12 INFO AddIdentifyResult: 14324,013237251810,-3,
2017-01-12 15:19:00 INFO AddIdentifyResult: 14321,013287367263,12,
2017-01-12 15:19:03 INFO AddIdentifyResult: 14324,013237251810,0,ver/01/12/152022_013237251810.wav
2017-01-12 15:19:07 INFO AddIdentifyResult: 14321,013287367263,10,reg/013287367263_0112151921|reg/013287367263_0112151921|reg/013287367263_
2017-01-12 15:19:07 INFO UpdateUserState: 013287367263,1
2017-01-12 15:19:17 INFO AddIdentifyResult: 14320,018244624697,12,
2017-01-12 15:19:22 INFO AddIdentifyResult: 14325,013561028505,-1,
2017-01-12 15:19:24 INFO AddIdentifyResult: 14320,018244624697,10,reg/018244624697_0112152053|reg/018244624697_0112152053|reg/018244624697_0112151922
2017-01-12 15:19:25 INFO UpdateUserState: 018244624697,1
2017-01-12 15:19:25 INFO AddIdentifyResult: 14322,015254683517,12,
2017-01-12 15:19:30 INFO AddIdentifyResult: 14322,015254683517,10,reg/015254683517_0112151934|reg/015254683517_0112151934|reg/015254683517_
2017-01-12 15:19:31 INFO UpdateUserState: 015254683517,1
2017-01-12 15:19:31 INFO AddIdentifyResult: 14326,018244624697,-1,
2017-01-12 15:19:34 INFO AddIdentifyResult: 14325,013561028505,-3,
2017-01-12 15:19:35 INFO AddIdentifyResult: 14323,013730163594,12,
2017-01-12 15:19:39 INFO AddIdentifyResult: 14326,018244624697,-3,
2017-01-12 15:19:42 INFO AddIdentifyResult: 14323,013730163594,10,reg/013730163594_0112152127|reg/013730163594_0112152127|reg/013730163594_0112152002
2017-01-12 15:19:42 INFO UpdateUserState: 013730163594,1
2017-01-12 15:19:46 INFO AddIdentifyResult: 14327,013730163594,-1,
2017-01-12 15:19:52 INFO AddIdentifyResult: 14327,013730163594,-3,
2017-01-12 15:20:30 INFO AddIdentifyResult: 14326,018244624697,0,ver/01/12/152149_018244624697.wav
2017-01-12 15:20:44 INFO AddIdentifyResult: 14327,013730163594,0,ver/01/12/152203_013730163594.wav
2017-01-12 15:21:35 INFO AddIdentifyResult: 14325,013561028505,12,
2017-01-12 15:21:43 INFO AddIdentifyResult: 14325,013561028505,10,reg/013561028505_0112152144|reg/013561028505_0112152144|reg/013561028505_
2017-01-12 15:21:44 INFO UpdateUserState: 013561028505,1
2017-01-12 15:22:44 INFO AddIdentifyResult: 14328,013287367850,-1,
2017-01-12 15:22:49 INFO AddIdentifyResult: 14328,013287367850,-3,
2017-01-12 15:23:07 INFO AddIdentifyResult: 14329,015632267927,-1,
2017-01-12 15:23:16 INFO AddIdentifyResult: 14329,015632267927,-3,
2017-01-12 15:24:13 INFO AddIdentifyResult: 14328,013287367850,12,
2017-01-12 15:24:20 INFO AddIdentifyResult: 14328,013287367850,10,reg/013287367850_0112152459|reg/013287367850_0112152459|reg/013287367850_
2017-01-12 15:24:20 INFO UpdateUserState: 013287367850,1
2017-01-12 15:24:53 INFO AddIdentifyResult: 14329,015632267927,12,
2017-01-12 15:24:59 INFO AddIdentifyResult: 14329,015632267927,10,reg/015632267927_0112152527|reg/015632267927_0112152527|reg/015632267927_
2017-01-12 15:24:59 INFO UpdateUserState: 015632267927,1
2017-01-12 15:25:04 INFO AddIdentifyResult: 14330,015632267927,-1,
2017-01-12 15:25:10 INFO AddIdentifyResult: 14330,015632267927,-3,
2017-01-12 15:25:41 INFO AddIdentifyResult: 14331,013180264559,-1,
2017-01-12 15:25:53 INFO AddIdentifyResult: 14331,013180264559,-3,
2017-01-12 15:26:01 INFO AddIdentifyResult: 14330,015632267927,0,ver/01/12/152720_015632267927.wav
2017-01-12 15:27:29 INFO AddIdentifyResult: 14331,013180264559,12,
2017-01-12 15:27:36 INFO AddIdentifyResult: 14331,013180264559,10,reg/013180264559_0112152803|reg/013180264559_0112152803|reg/013180264559_
2017-01-12 15:27:36 INFO UpdateUserState: 013180264559,1
2017-01-12 15:27:47 INFO AddIdentifyResult: 14332,013180264559,-1,
2017-01-12 15:27:54 INFO AddIdentifyResult: 14332,013180264559,-3,
2017-01-12 15:28:04 INFO AddIdentifyResult: 14333,013561005006,-1,
2017-01-12 15:28:20 INFO AddIdentifyResult: 14334,015633221209,-1,
2017-01-12 15:28:25 INFO AddIdentifyResult: 14333,013561005006,-3,
2017-01-12 15:28:32 INFO AddIdentifyResult: 14334,015633221209,-3,
2017-01-12 15:28:46 INFO AddIdentifyResult: 14332,013180264559,0,ver/01/12/153005_013180264559.wav
2017-01-12 15:30:51 INFO AddIdentifyResult: 14333,013561005006,12,
2017-01-12 15:30:58 INFO AddIdentifyResult: 14333,013561005006,10,reg/013561005006_0112153035|reg/013561005006_0112153035|reg/013561005006_
2017-01-12 15:30:58 INFO UpdateUserState: 013561005006,1
2017-01-12 15:31:45 INFO AddIdentifyResult: 14334,015633221209,12,
2017-01-12 15:31:52 INFO AddIdentifyResult: 14334,015633221209,10,reg/015633221209_0112153313|reg/015633221209_0112153313|reg/015633221209_0112153042
2017-01-12 15:31:52 INFO UpdateUserState: 015633221209,1
2017-01-12 15:32:05 INFO AddIdentifyResult: 14335,015633221209,-1,
2017-01-12 15:32:12 INFO AddIdentifyResult: 14335,015633221209,-3,
2017-01-12 15:33:25 INFO AddIdentifyResult: 14335,015633221209,0,ver/01/12/153510_015633221209.wav
2017-01-12 15:37:07 INFO AddIdentifyResult: 14336,015154633110,-1,
2017-01-12 15:37:31 INFO AddIdentifyResult: 14337,015532271355,-1,
2017-01-12 15:38:06 INFO AddIdentifyResult: 14337,015532271355,-3,
2017-01-12 15:38:12 INFO AddIdentifyResult: 14338,015154633110,-1,
2017-01-12 15:38:21 INFO AddIdentifyResult: 14338,015154633110,-3,
2017-01-12 15:38:51 INFO AddIdentifyResult: 14339,015632271355,-1,
2017-01-12 15:38:57 INFO AddIdentifyResult: 14339,015632271355,-3,
2017-01-12 15:39:10 INFO AddIdentifyResult: 14337,015532271355,11,reg/015532271355_|reg/015532271355_|reg/015532271355_
2017-01-12 15:40:08 INFO AddIdentifyResult: 14338,015154633110,12,
2017-01-12 15:40:15 INFO AddIdentifyResult: 14338,015154633110,10,reg/015154633110_0112154032|reg/015154633110_0112154032|reg/015154633110_
2017-01-12 15:40:16 INFO UpdateUserState: 015154633110,1
2017-01-12 15:40:25 INFO AddIdentifyResult: 14339,015632271355,12,
2017-01-12 15:40:28 INFO AddIdentifyResult: 14340,013287368615,-1,
2017-01-12 15:40:32 INFO AddIdentifyResult: 14339,015632271355,10,reg/015632271355_0112154107|reg/015632271355_0112154107|reg/015632271355_
2017-01-12 15:40:32 INFO UpdateUserState: 015632271355,1
2017-01-12 15:40:35 INFO AddIdentifyResult: 14341,015632271355,-1,
2017-01-12 15:40:38 INFO AddIdentifyResult: 14340,013287368615,-3,
2017-01-12 15:40:42 INFO AddIdentifyResult: 14341,015632271355,-3,
2017-01-12 15:40:58 INFO AddIdentifyResult: 14342,013287379858,-1,
2017-01-12 15:41:04 INFO AddIdentifyResult: 14342,013287379858,-3,
2017-01-12 15:41:34 INFO AddIdentifyResult: 14341,015632271355,0,ver/01/12/154252_015632271355.wav
2017-01-12 15:42:40 INFO AddIdentifyResult: 14342,013287379858,12,
2017-01-12 15:42:48 INFO AddIdentifyResult: 14342,013287379858,10,reg/013287379858_0112154314|reg/013287379858_0112154314|reg/013287379858_
2017-01-12 15:42:48 INFO UpdateUserState: 013287379858,1
2017-01-12 15:43:14 INFO AddIdentifyResult: 14340,013287368615,12,
2017-01-12 15:43:20 INFO AddIdentifyResult: 14340,013287368615,10,reg/013287368615_0112154456|reg/013287368615_0112154456|reg/013287368615_0112154248
2017-01-12 15:43:20 INFO UpdateUserState: 013287368615,1
2017-01-12 15:45:36 INFO AddIdentifyResult: 14343,18972660109,-1,
2017-01-12 15:45:48 INFO AddIdentifyResult: 14343,18972660109,-3,
2017-01-12 15:47:32 INFO AddIdentifyResult: 14343,18972660109,12,
2017-01-12 15:47:38 INFO AddIdentifyResult: 14343,18972660109,10,reg/18972660109_0112154758|reg/18972660109_0112154758|reg/18972660109_
2017-01-12 15:47:38 INFO UpdateUserState: 18972660109,1
2017-01-12 15:49:29 INFO AddIdentifyResult: 0,18972660109,1,ver/01/12/155059_18972660109.wav
2017-01-12 15:50:21 INFO AddIdentifyResult: 14345,013287376838,-1,
2017-01-12 15:50:23 INFO AddIdentifyResult: 0,18972660109,2,ver/01/12/155140_18972660109.wav
2017-01-12 15:50:30 INFO AddIdentifyResult: 14345,013287376838,-3,
2017-01-12 15:51:42 INFO AddIdentifyResult: 0,18972660109,1,ver/01/12/155301_18972660109.wav
2017-01-12 15:52:32 INFO AddIdentifyResult: 14345,013287376838,12,
2017-01-12 15:52:40 INFO AddIdentifyResult: 14345,013287376838,10,reg/013287376838_0112155240|reg/013287376838_0112155240|reg/013287376838_
2017-01-12 15:52:40 INFO UpdateUserState: 013287376838,1
2017-01-12 16:08:02 INFO AddIdentifyResult: 14346,013339718212,-1,
2017-01-12 16:08:14 INFO AddIdentifyResult: 14347,015954626251,-1,
2017-01-12 16:08:22 INFO AddIdentifyResult: 14347,015954626251,-3,
2017-01-12 16:09:29 INFO AddIdentifyResult: 14348,013290315826,-1,
2017-01-12 16:09:38 INFO AddIdentifyResult: 14348,013290315826,-3,
2017-01-12 16:10:03 INFO AddIdentifyResult: 14349,013339718212,-1,
2017-01-12 16:10:41 INFO AddIdentifyResult: 14347,015954626251,12,
2017-01-12 16:10:48 INFO AddIdentifyResult: 14347,015954626251,10,reg/015954626251_0112161214|reg/015954626251_0112161214|reg/015954626251_0112161032
2017-01-12 16:10:48 INFO UpdateUserState: 015954626251,1
2017-01-12 16:10:58 INFO AddIdentifyResult: 14350,013287371007,-1,
2017-01-12 16:11:03 INFO AddIdentifyResult: 14351,013339718212,-1,
2017-01-12 16:11:04 INFO AddIdentifyResult: 14350,013287371007,-3,
2017-01-12 16:11:20 INFO AddIdentifyResult: 14351,013339718212,-3,
2017-01-12 16:12:12 INFO AddIdentifyResult: 14348,013290315826,12,
2017-01-12 16:12:20 INFO AddIdentifyResult: 14348,013290315826,10,reg/013290315826_0112161149|reg/013290315826_0112161149|reg/013290315826_
2017-01-12 16:12:21 INFO UpdateUserState: 013290315826,1
2017-01-12 16:12:55 INFO AddIdentifyResult: 14350,013287371007,12,
2017-01-12 16:13:01 INFO AddIdentifyResult: 14350,013287371007,10,reg/013287371007_0112161315|reg/013287371007_0112161315|reg/013287371007_
2017-01-12 16:13:02 INFO UpdateUserState: 013287371007,1
2017-01-12 16:13:44 INFO AddIdentifyResult: 14351,013339718212,12,
2017-01-12 16:13:52 INFO AddIdentifyResult: 14351,013339718212,10,reg/013339718212_0112161330|reg/013339718212_0112161330|reg/013339718212_
2017-01-12 16:13:52 INFO UpdateUserState: 013339718212,1
2017-01-12 16:14:15 INFO AddIdentifyResult: 14352,013339718212,-1,
2017-01-12 16:14:25 INFO AddIdentifyResult: 14352,013339718212,-3,
2017-01-12 16:14:55 INFO AddIdentifyResult: 14352,013339718212,1,
2017-01-12 16:15:03 INFO AddIdentifyResult: 14353,013339718212,-1,
2017-01-12 16:15:17 INFO AddIdentifyResult: 14353,013339718212,-3,
2017-01-12 16:16:09 INFO AddIdentifyResult: 14353,013339718212,0,ver/01/12/161728_013339718212.wav
2017-01-12 18:17:22 INFO AddIdentifyResult: 14354,017371146171,-1,
2017-01-12 18:17:53 INFO AddIdentifyResult: 14355,017371146171,-1,
2017-01-12 18:18:08 INFO AddIdentifyResult: 14355,017371146171,-3,
2017-01-12 18:18:40 INFO AddIdentifyResult: 14355,017371146171,1,ver/01/12/182033_017371146171.wav
2017-01-12 18:19:04 INFO AddIdentifyResult: 14355,017371146171,0,ver/01/12/182057_017371146171.wav
2017-01-12 18:21:51 INFO AddIdentifyResult: 0,017371146171,0,ver/01/12/182344_017371146171.wav
