2017-02-03 09:28:19 INFO AddIdentifyResult: 15195,015076295534,-1,
2017-02-03 09:28:28 INFO AddIdentifyResult: 15195,015076295534,-3,
2017-02-03 09:30:09 INFO AddIdentifyResult: 15195,015076295534,12,
2017-02-03 09:30:16 INFO AddIdentifyResult: 15195,015076295534,10,reg/015076295534_0203093014|reg/015076295534_0203093014|reg/015076295534_
2017-02-03 09:30:17 INFO UpdateUserState: 015076295534,1
2017-02-03 09:30:50 INFO AddIdentifyResult: 15196,015076295534,-1,
2017-02-03 09:30:58 INFO AddIdentifyResult: 15196,015076295534,-3,
2017-02-03 09:31:50 INFO AddIdentifyResult: 15196,015076295534,0,ver/02/03/093244_015076295534.wav
2017-02-03 10:06:46 INFO AddIdentifyResult: 15197,018171964115,-1,
2017-02-03 10:06:54 INFO AddIdentifyResult: 15197,018171964115,-3,
2017-02-03 10:09:54 INFO AddIdentifyResult: 15197,018171964115,12,
2017-02-03 10:10:03 INFO AddIdentifyResult: 15197,018171964115,10,reg/018171964115_0203100840|reg/018171964115_0203100840|reg/018171964115_
2017-02-03 10:10:03 INFO UpdateUserState: 018171964115,1
2017-02-03 10:10:17 INFO AddIdentifyResult: 15198,018171964115,-1,
2017-02-03 10:10:29 INFO AddIdentifyResult: 15198,018171964115,-3,
2017-02-03 10:11:20 INFO AddIdentifyResult: 15198,018171964115,0,ver/02/03/101215_018171964115.wav
2017-02-03 10:23:11 INFO AddIdentifyResult: 15199,18972667793,-1,
2017-02-03 10:23:25 INFO AddIdentifyResult: 15199,18972667793,-3,
2017-02-03 10:27:21 INFO AddIdentifyResult: 15199,18972667793,12,
2017-02-03 10:27:29 INFO AddIdentifyResult: 15199,18972667793,10,reg/18972667793_0203102724|reg/18972667793_0203102724|reg/18972667793_0203102511
2017-02-03 10:27:29 INFO UpdateUserState: 18972667793,1
2017-02-03 10:29:59 INFO AddIdentifyResult: 0,18972667793,1,
2017-02-03 10:32:29 INFO AddIdentifyResult: 0,18972667793,1,
2017-02-03 10:35:01 INFO AddIdentifyResult: 15201,013349706702,-1,
2017-02-03 10:35:11 INFO AddIdentifyResult: 15201,013349706702,-3,
2017-02-03 10:35:27 INFO AddIdentifyResult: 15201,013349706702,11,reg/013349706702_|reg/013349706702_|reg/013349706702_
2017-02-03 10:35:45 INFO AddIdentifyResult: 15202,013349706702,-1,
2017-02-03 10:36:23 INFO AddIdentifyResult: 15203,013349706702,-1,
2017-02-03 10:36:37 INFO AddIdentifyResult: 15203,013349706702,-3,
2017-02-03 10:38:08 INFO AddIdentifyResult: 15203,013349706702,12,
2017-02-03 10:38:15 INFO AddIdentifyResult: 15203,013349706702,10,reg/013349706702_0203103823|reg/013349706702_0203103823|reg/013349706702_
2017-02-03 10:38:15 INFO UpdateUserState: 013349706702,1
2017-02-03 10:38:24 INFO AddIdentifyResult: 15204,013349706702,-1,
2017-02-03 10:38:55 INFO AddIdentifyResult: 15205,013349706702,-1,
2017-02-03 10:39:07 INFO AddIdentifyResult: 15205,013349706702,-3,
2017-02-03 10:40:00 INFO AddIdentifyResult: 15205,013349706702,0,ver/02/03/104054_013349706702.wav
2017-02-03 10:41:12 INFO AddIdentifyResult: 15206,18972668516,-1,
2017-02-03 10:41:19 INFO AddIdentifyResult: 15206,18972668516,-3,
2017-02-03 10:43:25 INFO AddIdentifyResult: 15206,18972668516,12,
2017-02-03 10:43:32 INFO AddIdentifyResult: 15206,18972668516,10,reg/18972668516_0203104305|reg/18972668516_0203104305|reg/18972668516_
2017-02-03 10:43:32 INFO UpdateUserState: 18972668516,1
2017-02-03 10:50:42 INFO AddIdentifyResult: 15207,013343529051,-1,
2017-02-03 10:50:59 INFO AddIdentifyResult: 15207,013343529051,-3,
2017-02-03 10:53:05 INFO AddIdentifyResult: 15207,013343529051,12,
2017-02-03 10:53:13 INFO AddIdentifyResult: 15207,013343529051,10,reg/013343529051_0203105245|reg/013343529051_0203105245|reg/013343529051_
2017-02-03 10:53:13 INFO UpdateUserState: 013343529051,1
2017-02-03 10:53:30 INFO AddIdentifyResult: 15208,013343529051,-1,
2017-02-03 10:53:40 INFO AddIdentifyResult: 15208,013343529051,-3,
2017-02-03 10:54:33 INFO AddIdentifyResult: 15208,013343529051,0,ver/02/03/105527_013343529051.wav
2017-02-03 11:02:07 INFO AddIdentifyResult: 15209,018171964252,-1,
2017-02-03 11:02:26 INFO AddIdentifyResult: 15209,018171964252,-3,
2017-02-03 11:04:55 INFO AddIdentifyResult: 15209,018171964252,11,reg/018171964252_|reg/018171964252_|reg/018171964252_
2017-02-03 11:05:14 INFO AddIdentifyResult: 15210,018171964252,-1,
2017-02-03 11:05:32 INFO AddIdentifyResult: 15210,018171964252,-3,
2017-02-03 11:08:15 INFO AddIdentifyResult: 15210,018171964252,12,
2017-02-03 11:08:28 INFO AddIdentifyResult: 15210,018171964252,10,reg/018171964252_0203110718|reg/018171964252_0203110718|reg/018171964252_
2017-02-03 11:08:28 INFO UpdateUserState: 018171964252,1
2017-02-03 11:08:35 INFO AddIdentifyResult: 15211,018171964252,-1,
2017-02-03 11:09:02 INFO AddIdentifyResult: 15212,018171964252,-1,
2017-02-03 11:09:15 INFO AddIdentifyResult: 15212,018171964252,-3,
2017-02-03 11:10:07 INFO AddIdentifyResult: 15212,018171964252,0,ver/02/03/111101_018171964252.wav
2017-02-03 11:15:59 INFO AddIdentifyResult: 15213,018972934626,-1,
2017-02-03 11:16:10 INFO AddIdentifyResult: 15213,018972934626,-3,
2017-02-03 11:18:41 INFO AddIdentifyResult: 15213,018972934626,12,
2017-02-03 11:18:49 INFO AddIdentifyResult: 15213,018972934626,10,reg/018972934626_0203111756|reg/018972934626_0203111756|reg/018972934626_
2017-02-03 11:18:49 INFO UpdateUserState: 018972934626,1
2017-02-03 11:19:05 INFO AddIdentifyResult: 15214,018972934626,-1,
2017-02-03 11:19:15 INFO AddIdentifyResult: 15214,018972934626,-3,
2017-02-03 11:20:05 INFO AddIdentifyResult: 15214,018972934626,0,ver/02/03/112101_018972934626.wav
2017-02-03 11:23:28 INFO AddIdentifyResult: 15215,018171964263,-1,
2017-02-03 11:23:42 INFO AddIdentifyResult: 15215,018171964263,-3,
2017-02-03 11:25:26 INFO AddIdentifyResult: 15215,018171964263,12,
2017-02-03 11:25:32 INFO AddIdentifyResult: 15215,018171964263,10,reg/018171964263_0203112528|reg/018171964263_0203112528|reg/018171964263_
2017-02-03 11:25:33 INFO UpdateUserState: 018171964263,1
2017-02-03 11:25:54 INFO AddIdentifyResult: 15216,018171964263,-1,
2017-02-03 11:26:04 INFO AddIdentifyResult: 15216,018171964263,-3,
2017-02-03 11:26:56 INFO AddIdentifyResult: 15216,018171964263,0,ver/02/03/112751_018171964263.wav
2017-02-03 11:33:50 INFO AddIdentifyResult: 15217,018972932964,-1,
2017-02-03 11:33:59 INFO AddIdentifyResult: 15217,018972932964,-3,
2017-02-03 11:36:07 INFO AddIdentifyResult: 15217,018972932964,12,
2017-02-03 11:36:16 INFO AddIdentifyResult: 15217,018972932964,10,reg/018972932964_0203113545|reg/018972932964_0203113545|reg/018972932964_
2017-02-03 11:36:16 INFO UpdateUserState: 018972932964,1
2017-02-03 11:36:26 INFO AddIdentifyResult: 15218,018972932964,-1,
2017-02-03 11:36:41 INFO AddIdentifyResult: 15219,018972932964,-1,
2017-02-03 11:36:51 INFO AddIdentifyResult: 15219,018972932964,-3,
2017-02-03 11:37:43 INFO AddIdentifyResult: 15219,018972932964,0,ver/02/03/113837_018972932964.wav
2017-02-03 11:43:37 INFO AddIdentifyResult: 15220,018972937472,-1,
2017-02-03 11:43:54 INFO AddIdentifyResult: 15221,018972937472,-1,
2017-02-03 11:45:16 INFO AddIdentifyResult: 15222,018972937472,-1,
2017-02-03 11:45:35 INFO AddIdentifyResult: 15222,018972937472,-3,
2017-02-03 11:48:38 INFO AddIdentifyResult: 15222,018972937472,12,
2017-02-03 11:48:50 INFO AddIdentifyResult: 15222,018972937472,10,reg/018972937472_0203114732|reg/018972937472_0203114732|reg/018972937472_0203114722
2017-02-03 11:48:50 INFO UpdateUserState: 018972937472,1
2017-02-03 11:48:58 INFO AddIdentifyResult: 15223,018972937472,-1,
2017-02-03 11:49:10 INFO AddIdentifyResult: 15223,018972937472,-3,
2017-02-03 11:50:02 INFO AddIdentifyResult: 15223,018972937472,0,ver/02/03/115056_018972937472.wav
2017-02-03 11:54:02 INFO AddIdentifyResult: 15224,018171966946,-1,
2017-02-03 11:54:28 INFO AddIdentifyResult: 15225,018171966946,-1,
2017-02-03 12:00:56 INFO AddIdentifyResult: 15226,018171966946,-1,
2017-02-03 12:01:40 INFO AddIdentifyResult: 15227,018171966946,-1,
2017-02-03 12:01:54 INFO AddIdentifyResult: 15227,018171966946,-3,
2017-02-03 12:03:52 INFO AddIdentifyResult: 15227,018171966946,12,
2017-02-03 12:04:01 INFO AddIdentifyResult: 15227,018171966946,10,reg/018171966946_0203120341|reg/018171966946_0203120341|reg/018171966946_
2017-02-03 12:04:01 INFO UpdateUserState: 018171966946,1
2017-02-03 12:04:08 INFO AddIdentifyResult: 15228,018171966946,-1,
2017-02-03 12:04:17 INFO AddIdentifyResult: 15228,018171966946,-3,
2017-02-03 12:05:10 INFO AddIdentifyResult: 15228,018171966946,0,ver/02/03/120604_018171966946.wav
2017-02-03 12:10:50 INFO AddIdentifyResult: 15229,018107256187,-1,
2017-02-03 12:11:16 INFO AddIdentifyResult: 15230,018107256187,-1,
2017-02-03 12:11:24 INFO AddIdentifyResult: 15230,018107256187,-3,
2017-02-03 12:13:43 INFO AddIdentifyResult: 15230,018107256187,12,
2017-02-03 12:13:50 INFO AddIdentifyResult: 15230,018107256187,10,reg/018107256187_0203121322|reg/018107256187_0203121322|reg/018107256187_0203121310
2017-02-03 12:13:51 INFO UpdateUserState: 018107256187,1
2017-02-03 12:13:53 INFO AddIdentifyResult: 15231,018107256187,-1,
2017-02-03 12:14:02 INFO AddIdentifyResult: 15231,018107256187,-3,
2017-02-03 12:14:55 INFO AddIdentifyResult: 15231,018107256187,0,ver/02/03/121549_018107256187.wav
2017-02-03 12:24:39 INFO AddIdentifyResult: 15232,018972937403,-1,
2017-02-03 12:25:52 INFO AddIdentifyResult: 15233,018972937403,-1,
2017-02-03 12:26:00 INFO AddIdentifyResult: 15233,018972937403,-3,
2017-02-03 12:27:56 INFO AddIdentifyResult: 15233,018972937403,12,
2017-02-03 12:28:04 INFO AddIdentifyResult: 15233,018972937403,10,reg/018972937403_0203122756|reg/018972937403_0203122756|reg/018972937403_0203122747
2017-02-03 12:28:04 INFO UpdateUserState: 018972937403,1
2017-02-03 12:28:17 INFO AddIdentifyResult: 15234,018972937403,-1,
2017-02-03 12:28:26 INFO AddIdentifyResult: 15234,018972937403,-3,
2017-02-03 12:29:38 INFO AddIdentifyResult: 15234,018972937403,0,ver/02/03/123032_018972937403.wav
2017-02-03 14:42:46 INFO AddIdentifyResult: 15235,018171964345,-1,
2017-02-03 14:43:00 INFO AddIdentifyResult: 15235,018171964345,-3,
2017-02-03 14:45:11 INFO AddIdentifyResult: 15235,018171964345,12,
2017-02-03 14:45:20 INFO AddIdentifyResult: 15235,018171964345,10,reg/018171964345_0203144447|reg/018171964345_0203144447|reg/018171964345_
2017-02-03 14:45:20 INFO UpdateUserState: 018171964345,1
2017-02-03 14:45:35 INFO AddIdentifyResult: 15236,018171964345,-1,
2017-02-03 14:45:44 INFO AddIdentifyResult: 15236,018171964345,-3,
2017-02-03 14:46:36 INFO AddIdentifyResult: 15236,018171964345,0,ver/02/03/144731_018171964345.wav
2017-02-03 15:04:54 INFO AddIdentifyResult: 15237,013349707723,-1,
2017-02-03 15:05:05 INFO AddIdentifyResult: 15237,013349707723,-3,
2017-02-03 15:07:26 INFO AddIdentifyResult: 15237,013349707723,12,
2017-02-03 15:07:35 INFO AddIdentifyResult: 15237,013349707723,10,reg/013349707723_0203150652|reg/013349707723_0203150652|reg/013349707723_
2017-02-03 15:07:35 INFO UpdateUserState: 013349707723,1
2017-02-03 15:07:44 INFO AddIdentifyResult: 15238,013349707723,-1,
2017-02-03 15:07:53 INFO AddIdentifyResult: 15238,013349707723,-3,
2017-02-03 15:08:45 INFO AddIdentifyResult: 15238,013349707723,0,ver/02/03/150940_013349707723.wav
2017-02-03 15:37:00 INFO AddIdentifyResult: 15239,15826874856,-1,
2017-02-03 15:37:11 INFO AddIdentifyResult: 15239,15826874856,-3,
2017-02-03 15:38:54 INFO AddIdentifyResult: 15239,15826874856,12,
2017-02-03 15:39:01 INFO AddIdentifyResult: 15239,15826874856,10,reg/15826874856_0203153857|reg/15826874856_0203153857|reg/15826874856_
2017-02-03 15:39:01 INFO UpdateUserState: 15826874856,1
