2017-01-25 08:41:12 INFO AddIdentifyResult: 15158,015629282800,-1,
2017-01-25 08:41:20 INFO AddIdentifyResult: 15158,015629282800,-3,
2017-01-25 08:43:33 INFO AddIdentifyResult: 15158,015629282800,12,
2017-01-25 08:43:41 INFO AddIdentifyResult: 15158,015629282800,10,reg/015629282800_0125084326|reg/015629282800_0125084326|reg/015629282800_
2017-01-25 08:43:41 INFO UpdateUserState: 015629282800,1
2017-01-25 08:43:55 INFO AddIdentifyResult: 15159,015629282800,-1,
2017-01-25 08:44:06 INFO AddIdentifyResult: 15159,015629282800,-3,
2017-01-25 08:44:58 INFO AddIdentifyResult: 15159,015629282800,0,ver/01/25/084613_015629282800.wav
2017-01-25 08:51:30 INFO AddIdentifyResult: 15160,015629280100,-1,
2017-01-25 08:51:39 INFO AddIdentifyResult: 15160,015629280100,-3,
2017-01-25 08:53:28 INFO AddIdentifyResult: 15160,015629280100,12,
2017-01-25 08:53:34 INFO AddIdentifyResult: 15160,015629280100,10,reg/015629280100_0125085523|reg/015629280100_0125085523|reg/015629280100_0125085345
2017-01-25 08:53:35 INFO UpdateUserState: 015629280100,1
2017-01-25 08:53:57 INFO AddIdentifyResult: 15161,015629280100,-1,
2017-01-25 08:54:06 INFO AddIdentifyResult: 15161,015629280100,-3,
2017-01-25 08:54:58 INFO AddIdentifyResult: 15161,015629280100,0,ver/01/25/085612_015629280100.wav
2017-01-25 08:58:47 INFO AddIdentifyResult: 15162,015629281470,-1,
2017-01-25 08:58:58 INFO AddIdentifyResult: 15162,015629281470,-3,
2017-01-25 09:00:05 INFO AddIdentifyResult: 15162,015629281470,11,reg/015629281470_|reg/015629281470_|reg/015629281470_
2017-01-25 09:00:10 INFO AddIdentifyResult: 15163,015629281470,-1,
2017-01-25 09:00:21 INFO AddIdentifyResult: 15163,015629281470,-3,
2017-01-25 09:03:38 INFO AddIdentifyResult: 15163,015629281470,12,
2017-01-25 09:03:47 INFO AddIdentifyResult: 15163,015629281470,10,reg/015629281470_0125090348|reg/015629281470_0125090348|reg/015629281470_0125090228
2017-01-25 09:03:47 INFO UpdateUserState: 015629281470,1
2017-01-25 09:04:08 INFO AddIdentifyResult: 15164,015629281470,-1,
2017-01-25 09:04:17 INFO AddIdentifyResult: 15164,015629281470,-3,
2017-01-25 09:05:10 INFO AddIdentifyResult: 15164,015629281470,0,ver/01/25/090624_015629281470.wav
2017-01-25 10:17:37 INFO AddIdentifyResult: 15165,015629283182,-1,
2017-01-25 10:17:47 INFO AddIdentifyResult: 15165,015629283182,-3,
2017-01-25 10:20:08 INFO AddIdentifyResult: 15165,015629283182,12,
2017-01-25 10:20:17 INFO AddIdentifyResult: 15165,015629283182,10,reg/015629283182_0125101954|reg/015629283182_0125101954|reg/015629283182_
2017-01-25 10:20:17 INFO UpdateUserState: 015629283182,1
2017-01-25 10:20:29 INFO AddIdentifyResult: 15166,015629283182,-1,
2017-01-25 10:20:44 INFO AddIdentifyResult: 15166,015629283182,-3,
2017-01-25 10:21:37 INFO AddIdentifyResult: 15166,015629283182,0,ver/01/25/102251_015629283182.wav
2017-01-25 10:29:43 INFO AddIdentifyResult: 15167,015629280090,-1,
2017-01-25 10:29:54 INFO AddIdentifyResult: 15167,015629280090,-3,
2017-01-25 10:32:03 INFO AddIdentifyResult: 15167,015629280090,12,
2017-01-25 10:32:11 INFO AddIdentifyResult: 15167,015629280090,10,reg/015629280090_0125103329|reg/015629280090_0125103329|reg/015629280090_0125103201
2017-01-25 10:32:11 INFO UpdateUserState: 015629280090,1
2017-01-25 10:32:36 INFO AddIdentifyResult: 15168,015629280090,-1,
2017-01-25 10:32:44 INFO AddIdentifyResult: 15168,015629280090,-3,
2017-01-25 10:33:36 INFO AddIdentifyResult: 15168,015629280090,0,ver/01/25/103451_015629280090.wav
2017-01-25 10:47:49 INFO AddIdentifyResult: 15169,015629282622,-1,
2017-01-25 10:47:56 INFO AddIdentifyResult: 15169,015629282622,-3,
2017-01-25 10:50:51 INFO AddIdentifyResult: 15169,015629282622,12,
2017-01-25 10:50:59 INFO AddIdentifyResult: 15169,015629282622,10,reg/015629282622_0125105130|reg/015629282622_0125105130|reg/015629282622_0125105003
2017-01-25 10:51:00 INFO UpdateUserState: 015629282622,1
2017-01-25 10:51:11 INFO AddIdentifyResult: 15170,015629282622,-1,
2017-01-25 10:51:18 INFO AddIdentifyResult: 15170,015629282622,-3,
2017-01-25 10:52:10 INFO AddIdentifyResult: 15170,015629282622,0,ver/01/25/105325_015629282622.wav
2017-01-25 10:59:27 INFO AddIdentifyResult: 15171,015629288952,-1,
2017-01-25 10:59:38 INFO AddIdentifyResult: 15171,015629288952,-3,
2017-01-25 11:01:51 INFO AddIdentifyResult: 15171,015629288952,12,
2017-01-25 11:01:59 INFO AddIdentifyResult: 15171,015629288952,10,reg/015629288952_0125110145|reg/015629288952_0125110145|reg/015629288952_
2017-01-25 11:01:59 INFO UpdateUserState: 015629288952,1
2017-01-25 11:02:34 INFO AddIdentifyResult: 15172,015629288952,-1,
2017-01-25 11:02:43 INFO AddIdentifyResult: 15172,015629288952,-3,
2017-01-25 11:03:35 INFO AddIdentifyResult: 15172,015629288952,0,ver/01/25/110450_015629288952.wav
2017-01-25 14:34:01 INFO AddIdentifyResult: 15173,015629286552,-1,
2017-01-25 14:34:45 INFO AddIdentifyResult: 15174,015629286552,-1,
2017-01-25 14:34:55 INFO AddIdentifyResult: 15174,015629286552,-3,
2017-01-25 14:38:05 INFO AddIdentifyResult: 15174,015629286552,11,reg/015629286552_|reg/015629286552_|reg/015629286552_
2017-01-25 14:38:27 INFO AddIdentifyResult: 15175,015629286552,-1,
2017-01-25 14:38:45 INFO AddIdentifyResult: 15175,015629286552,-3,
2017-01-25 14:42:40 INFO AddIdentifyResult: 15175,015629286552,11,reg/015629286552_|reg/015629286552_|reg/015629286552_
2017-01-25 14:43:01 INFO AddIdentifyResult: 15176,015629286552,-1,
2017-01-25 14:43:10 INFO AddIdentifyResult: 15176,015629286552,-3,
2017-01-25 14:45:37 INFO AddIdentifyResult: 15176,015629286552,12,
2017-01-25 14:45:45 INFO AddIdentifyResult: 15176,015629286552,10,reg/015629286552_0125144518|reg/015629286552_0125144518|reg/015629286552_
2017-01-25 14:45:45 INFO UpdateUserState: 015629286552,1
2017-01-25 14:45:56 INFO AddIdentifyResult: 15177,015629286552,-1,
2017-01-25 14:46:06 INFO AddIdentifyResult: 15177,015629286552,-3,
2017-01-25 14:46:57 INFO AddIdentifyResult: 15177,015629286552,0,ver/01/25/144813_015629286552.wav
2017-01-25 14:49:11 INFO AddIdentifyResult: 15178,015629283098,-1,
2017-01-25 14:49:38 INFO AddIdentifyResult: 15179,015629283098,-1,
2017-01-25 14:50:45 INFO AddIdentifyResult: 15180,015629280398,-1,
2017-01-25 14:50:56 INFO AddIdentifyResult: 15180,015629280398,-3,
2017-01-25 14:53:00 INFO AddIdentifyResult: 15180,015629280398,12,
2017-01-25 14:53:10 INFO AddIdentifyResult: 15180,015629280398,10,reg/015629280398_0125145303|reg/015629280398_0125145303|reg/015629280398_
2017-01-25 14:53:10 INFO UpdateUserState: 015629280398,1
2017-01-25 14:53:30 INFO AddIdentifyResult: 15181,015629280398,-1,
2017-01-25 14:53:41 INFO AddIdentifyResult: 15181,015629280398,-3,
2017-01-25 14:54:34 INFO AddIdentifyResult: 15181,015629280398,0,ver/01/25/145549_015629280398.wav
2017-01-25 16:28:04 INFO AddIdentifyResult: 15182,015629285035,-1,
2017-01-25 16:28:17 INFO AddIdentifyResult: 15182,015629285035,-3,
2017-01-25 16:31:24 INFO AddIdentifyResult: 15182,015629285035,12,
2017-01-25 16:31:35 INFO AddIdentifyResult: 15182,015629285035,10,reg/015629285035_0125163024|reg/015629285035_0125163024|reg/015629285035_
2017-01-25 16:31:35 INFO UpdateUserState: 015629285035,1
2017-01-25 16:31:59 INFO AddIdentifyResult: 15183,015629285035,-1,
2017-01-25 16:32:14 INFO AddIdentifyResult: 15183,015629285035,-3,
2017-01-25 16:33:05 INFO AddIdentifyResult: 15183,015629285035,0,ver/01/25/163422_015629285035.wav
2017-01-25 16:49:35 INFO AddIdentifyResult: 15184,015629285508,-1,
2017-01-25 16:49:49 INFO AddIdentifyResult: 15184,015629285508,-3,
2017-01-25 16:52:44 INFO AddIdentifyResult: 15184,015629285508,12,
2017-01-25 16:52:55 INFO AddIdentifyResult: 15184,015629285508,10,reg/015629285508_0125165157|reg/015629285508_0125165157|reg/015629285508_
2017-01-25 16:52:56 INFO UpdateUserState: 015629285508,1
2017-01-25 16:53:08 INFO AddIdentifyResult: 15185,015629285508,-1,
2017-01-25 16:53:28 INFO AddIdentifyResult: 15186,015629285508,-1,
2017-01-25 16:53:33 INFO AddIdentifyResult: 15186,015629285508,-3,
2017-01-25 16:54:25 INFO AddIdentifyResult: 15186,015629285508,0,ver/01/25/165541_015629285508.wav
