2017-04-08 08:35:13 INFO AddIdentifyResult: 30097,013295462128,-1,
2017-04-08 08:35:18 INFO AddIdentifyResult: 30097,013295462128,-3,
2017-04-08 08:37:17 INFO AddIdentifyResult: 30097,013295462128,12,
2017-04-08 08:37:26 INFO AddIdentifyResult: 30097,013295462128,10,reg/013295462128_0408083744|reg/013295462128_0408083744|reg/013295462128_
2017-04-08 08:37:26 INFO UpdateUserState: 013295462128,1
2017-04-08 08:38:35 INFO AddIdentifyResult: 30098,013295462128,-1,
2017-04-08 08:38:40 INFO AddIdentifyResult: 30098,013295462128,-3,
2017-04-08 08:39:32 INFO AddIdentifyResult: 30098,013295462128,0,ver/04/08/084106_013295462128.wav
2017-04-08 08:42:09 INFO AddIdentifyResult: 30099,013081407633,-1,
2017-04-08 08:42:17 INFO AddIdentifyResult: 30099,013081407633,-3,
2017-04-08 08:43:41 INFO AddIdentifyResult: 30099,013081407633,11,reg/013081407633_|reg/013081407633_|reg/013081407633_
2017-04-08 08:43:59 INFO AddIdentifyResult: 30100,013081407633,-1,
2017-04-08 08:44:05 INFO AddIdentifyResult: 30100,013081407633,-3,
2017-04-08 08:45:56 INFO AddIdentifyResult: 30100,013081407633,12,
2017-04-08 08:46:04 INFO AddIdentifyResult: 30100,013081407633,10,reg/013081407633_0408084630|reg/013081407633_0408084630|reg/013081407633_
2017-04-08 08:46:04 INFO UpdateUserState: 013081407633,1
2017-04-08 08:46:16 INFO AddIdentifyResult: 30101,013081407633,-1,
2017-04-08 08:46:22 INFO AddIdentifyResult: 30101,013081407633,-3,
2017-04-08 08:47:14 INFO AddIdentifyResult: 30101,013081407633,0,ver/04/08/084848_013081407633.wav
2017-04-08 08:50:06 INFO AddIdentifyResult: 30102,013081403230,-1,
2017-04-08 08:50:30 INFO AddIdentifyResult: 30103,013081403230,-1,
2017-04-08 08:50:38 INFO AddIdentifyResult: 30103,013081403230,-3,
2017-04-08 08:52:26 INFO AddIdentifyResult: 30103,013081403230,12,
2017-04-08 08:52:34 INFO AddIdentifyResult: 30103,013081403230,10,reg/013081403230_0408085304|reg/013081403230_0408085304|reg/013081403230_
2017-04-08 08:52:34 INFO UpdateUserState: 013081403230,1
2017-04-08 09:04:44 INFO AddIdentifyResult: 30104,013081401669,-1,
2017-04-08 09:04:50 INFO AddIdentifyResult: 30104,013081401669,-3,
2017-04-08 09:06:32 INFO AddIdentifyResult: 30104,013081401669,11,reg/013081401669_|reg/013081401669_|reg/013081401669_
2017-04-08 09:06:43 INFO AddIdentifyResult: 30105,013081401669,-1,
2017-04-08 09:06:50 INFO AddIdentifyResult: 30105,013081401669,-3,
2017-04-08 09:08:21 INFO AddIdentifyResult: 30105,013081401669,11,reg/013081401669_|reg/013081401669_|reg/013081401669_
2017-04-08 09:08:38 INFO AddIdentifyResult: 30106,013081401669,-1,
2017-04-08 09:08:43 INFO AddIdentifyResult: 30106,013081401669,-3,
2017-04-08 09:10:15 INFO AddIdentifyResult: 30106,013081401669,12,
2017-04-08 09:10:21 INFO AddIdentifyResult: 30106,013081401669,10,reg/013081401669_0408091109|reg/013081401669_0408091109|reg/013081401669_
2017-04-08 09:10:21 INFO UpdateUserState: 013081401669,1
2017-04-08 09:10:53 INFO AddIdentifyResult: 30107,013295461726,-1,
2017-04-08 09:11:00 INFO AddIdentifyResult: 30107,013295461726,-3,
2017-04-08 09:12:44 INFO AddIdentifyResult: 30107,013295461726,12,
2017-04-08 09:12:51 INFO AddIdentifyResult: 30107,013295461726,10,reg/013295461726_0408091326|reg/013295461726_0408091326|reg/013295461726_
2017-04-08 09:12:51 INFO UpdateUserState: 013295461726,1
2017-04-08 09:13:45 INFO AddIdentifyResult: 30108,013295461726,-1,
2017-04-08 09:13:50 INFO AddIdentifyResult: 30108,013295461726,-3,
2017-04-08 09:14:43 INFO AddIdentifyResult: 30108,013295461726,1,ver/04/08/091617_013295461726.wav
2017-04-08 09:15:38 INFO AddIdentifyResult: 30108,013295461726,0,ver/04/08/091711_013295461726.wav
2017-04-08 09:25:29 INFO AddIdentifyResult: 30109,013081408638,-1,
2017-04-08 09:25:34 INFO AddIdentifyResult: 30109,013081408638,-3,
2017-04-08 09:27:44 INFO AddIdentifyResult: 30109,013081408638,12,
2017-04-08 09:27:51 INFO AddIdentifyResult: 30109,013081408638,10,reg/013081408638_0408092800|reg/013081408638_0408092800|reg/013081408638_
2017-04-08 09:27:51 INFO UpdateUserState: 013081408638,1
2017-04-08 09:28:08 INFO AddIdentifyResult: 30110,013081408638,-1,
2017-04-08 09:28:12 INFO AddIdentifyResult: 30110,013081408638,-3,
2017-04-08 09:29:04 INFO AddIdentifyResult: 30110,013081408638,0,ver/04/08/093039_013081408638.wav
2017-04-08 09:33:51 INFO AddIdentifyResult: 30111,013081403530,-1,
2017-04-08 09:33:58 INFO AddIdentifyResult: 30111,013081403530,-3,
2017-04-08 09:36:21 INFO AddIdentifyResult: 30111,013081403530,12,
2017-04-08 09:36:28 INFO AddIdentifyResult: 30111,013081403530,10,reg/013081403530_0408093819|reg/013081403530_0408093819|reg/013081403530_0408093624
2017-04-08 09:36:28 INFO UpdateUserState: 013081403530,1
2017-04-08 09:37:07 INFO AddIdentifyResult: 30112,013081403530,-1,
2017-04-08 09:37:12 INFO AddIdentifyResult: 30112,013081403530,-3,
2017-04-08 09:38:04 INFO AddIdentifyResult: 30112,013081403530,0,ver/04/08/093939_013081403530.wav
2017-04-08 09:58:36 INFO AddIdentifyResult: 30113,0132903103221,-1,
2017-04-08 09:59:02 INFO AddIdentifyResult: 30114,0132903103221,-1,
2017-04-08 10:00:31 INFO AddIdentifyResult: 30115,013290310321,-1,
2017-04-08 10:00:37 INFO AddIdentifyResult: 30115,013290310321,-3,
2017-04-08 10:02:24 INFO AddIdentifyResult: 30115,013290310321,12,
2017-04-08 10:02:31 INFO AddIdentifyResult: 30115,013290310321,10,reg/013290310321_0408100303|reg/013290310321_0408100303|reg/013290310321_
2017-04-08 10:02:31 INFO UpdateUserState: 013290310321,1
2017-04-08 10:03:26 INFO AddIdentifyResult: 30116,013290310321,-1,
2017-04-08 10:03:32 INFO AddIdentifyResult: 30116,013290310321,-3,
2017-04-08 10:04:23 INFO AddIdentifyResult: 30116,013290310321,0,ver/04/08/100558_013290310321.wav
2017-04-08 10:20:19 INFO AddIdentifyResult: 30117,013287388522,-1,
2017-04-08 10:23:05 INFO AddIdentifyResult: 30118,013287388522,-1,
2017-04-08 10:23:27 INFO AddIdentifyResult: 30118,013287388522,-3,
2017-04-08 10:25:41 INFO AddIdentifyResult: 30118,013287388522,12,
2017-04-08 10:25:49 INFO AddIdentifyResult: 30118,013287388522,10,reg/013287388522_0408102553|reg/013287388522_0408102553|reg/013287388522_
2017-04-08 10:25:49 INFO UpdateUserState: 013287388522,1
2017-04-08 10:26:45 INFO AddIdentifyResult: 30119,013287388522,-1,
2017-04-08 10:26:52 INFO AddIdentifyResult: 30119,013287388522,-3,
2017-04-08 10:27:44 INFO AddIdentifyResult: 30119,013287388522,0,ver/04/08/102919_013287388522.wav
2017-04-08 10:32:08 INFO AddIdentifyResult: 30120,013561003093,-1,
2017-04-08 10:32:17 INFO AddIdentifyResult: 30120,013561003093,-3,
2017-04-08 10:32:24 INFO AddIdentifyResult: 30121,013561003093,-1,
2017-04-08 10:35:19 INFO AddIdentifyResult: 30120,013561003093,12,
2017-04-08 10:35:27 INFO AddIdentifyResult: 30120,013561003093,10,reg/013561003093_0408103443|reg/013561003093_0408103443|reg/013561003093_
2017-04-08 10:35:28 INFO UpdateUserState: 013561003093,1
2017-04-08 10:49:25 INFO AddIdentifyResult: 30122,013287377665,-1,
2017-04-08 10:49:31 INFO AddIdentifyResult: 30122,013287377665,-3,
2017-04-08 10:51:40 INFO AddIdentifyResult: 30122,013287377665,12,
2017-04-08 10:51:47 INFO AddIdentifyResult: 30122,013287377665,10,reg/013287377665_0408105157|reg/013287377665_0408105157|reg/013287377665_
2017-04-08 10:51:47 INFO UpdateUserState: 013287377665,1
2017-04-08 10:52:38 INFO AddIdentifyResult: 30123,013287377665,-1,
2017-04-08 10:52:43 INFO AddIdentifyResult: 30123,013287377665,-3,
2017-04-08 10:53:35 INFO AddIdentifyResult: 30123,013287377665,0,ver/04/08/105510_013287377665.wav
2017-04-08 11:08:24 INFO AddIdentifyResult: 30124,013285460811,-1,
2017-04-08 11:08:31 INFO AddIdentifyResult: 30124,013285460811,-3,
2017-04-08 11:11:10 INFO AddIdentifyResult: 30124,013285460811,12,
2017-04-08 11:11:18 INFO AddIdentifyResult: 30124,013285460811,10,reg/013285460811_0408111057|reg/013285460811_0408111057|reg/013285460811_
2017-04-08 11:11:18 INFO UpdateUserState: 013285460811,1
2017-04-08 11:12:03 INFO AddIdentifyResult: 30125,013285460811,-1,
2017-04-08 11:12:10 INFO AddIdentifyResult: 30125,013285460811,-3,
2017-04-08 11:13:02 INFO AddIdentifyResult: 30125,013285460811,0,ver/04/08/111437_013285460811.wav
2017-04-08 11:25:54 INFO AddIdentifyResult: 30126,013281406381,-1,
2017-04-08 11:26:22 INFO AddIdentifyResult: 30127,013281406381,-1,
2017-04-08 11:30:13 INFO AddIdentifyResult: 30128,013081406381,-1,
2017-04-08 11:30:20 INFO AddIdentifyResult: 30128,013081406381,-3,
2017-04-08 11:32:06 INFO AddIdentifyResult: 30128,013081406381,12,
2017-04-08 11:32:13 INFO AddIdentifyResult: 30128,013081406381,10,reg/013081406381_0408113246|reg/013081406381_0408113246|reg/013081406381_
2017-04-08 11:32:13 INFO UpdateUserState: 013081406381,1
2017-04-08 11:35:47 INFO AddIdentifyResult: 30129,013287377812,-1,
2017-04-08 11:35:54 INFO AddIdentifyResult: 30129,013287377812,-3,
2017-04-08 11:37:53 INFO AddIdentifyResult: 30129,013287377812,12,
2017-04-08 11:38:00 INFO AddIdentifyResult: 30129,013287377812,10,reg/013287377812_0408113821|reg/013287377812_0408113821|reg/013287377812_
2017-04-08 11:38:00 INFO UpdateUserState: 013287377812,1
2017-04-08 14:03:51 INFO AddIdentifyResult: 30130,013081402993,-1,
2017-04-08 14:04:01 INFO AddIdentifyResult: 30130,013081402993,-3,
2017-04-08 14:07:01 INFO AddIdentifyResult: 30130,013081402993,12,
2017-04-08 14:07:08 INFO AddIdentifyResult: 30130,013081402993,10,reg/013081402993_0408140854|reg/013081402993_0408140854|reg/013081402993_0408140628
2017-04-08 14:07:08 INFO UpdateUserState: 013081402993,1
2017-04-08 14:07:51 INFO AddIdentifyResult: 30131,013081402993,-1,
2017-04-08 14:08:00 INFO AddIdentifyResult: 30131,013081402993,-3,
2017-04-08 14:08:51 INFO AddIdentifyResult: 30131,013081402993,0,ver/04/08/141027_013081402993.wav
2017-04-08 14:13:19 INFO AddIdentifyResult: 30132,013081403019,-1,
2017-04-08 14:14:29 INFO AddIdentifyResult: 30133,013081403019,-1,
2017-04-08 14:14:34 INFO AddIdentifyResult: 30133,013081403019,-3,
2017-04-08 14:16:24 INFO AddIdentifyResult: 30133,013081403019,12,
2017-04-08 14:16:31 INFO AddIdentifyResult: 30133,013081403019,10,reg/013081403019_0408141701|reg/013081403019_0408141701|reg/013081403019_
2017-04-08 14:16:31 INFO UpdateUserState: 013081403019,1
2017-04-08 14:20:02 INFO AddIdentifyResult: 30134,013081406108,-1,
2017-04-08 14:20:07 INFO AddIdentifyResult: 30134,013081406108,-3,
2017-04-08 14:22:03 INFO AddIdentifyResult: 30134,013081406108,12,
2017-04-08 14:22:11 INFO AddIdentifyResult: 30134,013081406108,10,reg/013081406108_0408142234|reg/013081406108_0408142234|reg/013081406108_
2017-04-08 14:22:11 INFO UpdateUserState: 013081406108,1
2017-04-08 14:23:01 INFO AddIdentifyResult: 30135,013081406108,-1,
2017-04-08 14:23:21 INFO AddIdentifyResult: 30136,013081402761,-1,
2017-04-08 14:23:34 INFO AddIdentifyResult: 30136,013081402761,-3,
2017-04-08 14:25:20 INFO AddIdentifyResult: 30136,013081402761,12,
2017-04-08 14:25:27 INFO AddIdentifyResult: 30136,013081402761,10,reg/013081402761_0408142714|reg/013081402761_0408142714|reg/013081402761_0408142601
2017-04-08 14:25:27 INFO UpdateUserState: 013081402761,1
2017-04-08 14:26:41 INFO AddIdentifyResult: 30137,013081406108,-1,
2017-04-08 14:26:46 INFO AddIdentifyResult: 30137,013081406108,-3,
2017-04-08 14:27:38 INFO AddIdentifyResult: 30137,013081406108,0,ver/04/08/142913_013081406108.wav
2017-04-08 14:31:16 INFO AddIdentifyResult: 30138,013792094991,-1,
2017-04-08 14:31:23 INFO AddIdentifyResult: 30138,013792094991,-3,
2017-04-08 14:32:56 INFO AddIdentifyResult: 30139,013854658601,-1,
2017-04-08 14:33:04 INFO AddIdentifyResult: 30139,013854658601,-3,
2017-04-08 14:34:04 INFO AddIdentifyResult: 30138,013792094991,12,
2017-04-08 14:34:12 INFO AddIdentifyResult: 30138,013792094991,10,reg/013792094991_0408143553|reg/013792094991_0408143553|reg/013792094991_0408143350
2017-04-08 14:34:12 INFO UpdateUserState: 013792094991,1
2017-04-08 14:34:37 INFO AddIdentifyResult: 30139,013854658601,12,
2017-04-08 14:34:44 INFO AddIdentifyResult: 30139,013854658601,10,reg/013854658601_0408143531|reg/013854658601_0408143531|reg/013854658601_
2017-04-08 14:34:44 INFO UpdateUserState: 013854658601,1
2017-04-08 14:35:34 INFO AddIdentifyResult: 30140,013854658601,-1,
2017-04-08 14:35:42 INFO AddIdentifyResult: 30140,013854658601,-3,
2017-04-08 14:36:33 INFO AddIdentifyResult: 30140,013854658601,0,ver/04/08/143809_013854658601.wav
2017-04-08 14:47:07 INFO AddIdentifyResult: 30141,013963394556,-1,
2017-04-08 14:47:19 INFO AddIdentifyResult: 30141,013963394556,-3,
2017-04-08 14:49:38 INFO AddIdentifyResult: 30141,013963394556,12,
2017-04-08 14:49:45 INFO AddIdentifyResult: 30141,013963394556,10,reg/013963394556_0408144946|reg/013963394556_0408144946|reg/013963394556_
2017-04-08 14:49:45 INFO UpdateUserState: 013963394556,1
2017-04-08 14:50:31 INFO AddIdentifyResult: 30142,013963394556,-1,
2017-04-08 14:50:42 INFO AddIdentifyResult: 30142,013963394556,-3,
2017-04-08 14:51:34 INFO AddIdentifyResult: 30142,013963394556,0,ver/04/08/145310_013963394556.wav
2017-04-08 14:55:33 INFO AddIdentifyResult: 30143,013287377636,-1,
2017-04-08 14:55:39 INFO AddIdentifyResult: 30143,013287377636,-3,
2017-04-08 14:57:46 INFO AddIdentifyResult: 30143,013287377636,12,
2017-04-08 14:57:56 INFO AddIdentifyResult: 30143,013287377636,10,reg/013287377636_0408145806|reg/013287377636_0408145806|reg/013287377636_
2017-04-08 14:57:56 INFO UpdateUserState: 013287377636,1
2017-04-08 14:58:15 INFO AddIdentifyResult: 30144,013081401562,-1,
2017-04-08 14:58:21 INFO AddIdentifyResult: 30145,013287377636,-1,
2017-04-08 14:58:26 INFO AddIdentifyResult: 30145,013287377636,-3,
2017-04-08 14:59:05 INFO AddIdentifyResult: 30146,013081401562,-1,
2017-04-08 14:59:10 INFO AddIdentifyResult: 30146,013081401562,-3,
2017-04-08 14:59:19 INFO AddIdentifyResult: 30145,013287377636,0,ver/04/08/150054_013287377636.wav
2017-04-08 15:01:22 INFO AddIdentifyResult: 30146,013081401562,12,
2017-04-08 15:01:29 INFO AddIdentifyResult: 30146,013081401562,10,reg/013081401562_0408150319|reg/013081401562_0408150319|reg/013081401562_0408150137
2017-04-08 15:01:29 INFO UpdateUserState: 013081401562,1
2017-04-08 15:03:09 INFO AddIdentifyResult: 30147,015922028527,-1,
2017-04-08 15:03:17 INFO AddIdentifyResult: 30147,015922028527,-3,
2017-04-08 15:05:19 INFO AddIdentifyResult: 30147,015922028527,12,
2017-04-08 15:05:30 INFO AddIdentifyResult: 30147,015922028527,10,reg/015922028527_0408150544|reg/015922028527_0408150544|reg/015922028527_
2017-04-08 15:05:30 INFO UpdateUserState: 015922028527,1
2017-04-08 15:05:32 INFO AddIdentifyResult: 30148,015922028527,-1,
2017-04-08 15:05:41 INFO AddIdentifyResult: 30148,015922028527,-3,
2017-04-08 15:06:33 INFO AddIdentifyResult: 30148,015922028527,0,ver/04/08/150808_015922028527.wav
2017-04-08 15:33:37 INFO AddIdentifyResult: 30149,013090319390,-1,
2017-04-08 15:34:20 INFO AddIdentifyResult: 30150,013090319390,-1,
2017-04-08 15:36:57 INFO AddIdentifyResult: 30151,013290319390,-1,
2017-04-08 15:37:02 INFO AddIdentifyResult: 30151,013290319390,-3,
2017-04-08 15:39:41 INFO AddIdentifyResult: 30151,013290319390,12,
2017-04-08 15:39:49 INFO AddIdentifyResult: 30151,013290319390,10,reg/013290319390_0408153929|reg/013290319390_0408153929|reg/013290319390_
2017-04-08 15:39:50 INFO UpdateUserState: 013290319390,1
2017-04-08 15:41:08 INFO AddIdentifyResult: 30152,013290319390,-1,
2017-04-08 15:41:18 INFO AddIdentifyResult: 30152,013290319390,-3,
2017-04-08 15:42:10 INFO AddIdentifyResult: 30152,013290319390,0,ver/04/08/154346_013290319390.wav
2017-04-08 16:18:24 INFO AddIdentifyResult: 30153,013081403700,-1,
2017-04-08 16:18:32 INFO AddIdentifyResult: 30153,013081403700,-3,
2017-04-08 16:20:26 INFO AddIdentifyResult: 30153,013081403700,12,
2017-04-08 16:20:34 INFO AddIdentifyResult: 30153,013081403700,10,reg/013081403700_0408162059|reg/013081403700_0408162059|reg/013081403700_
2017-04-08 16:20:35 INFO UpdateUserState: 013081403700,1
2017-04-08 16:24:47 INFO AddIdentifyResult: 30154,018765469925,-1,
2017-04-08 16:24:55 INFO AddIdentifyResult: 30154,018765469925,-3,
2017-04-08 16:26:29 INFO AddIdentifyResult: 30154,018765469925,12,
2017-04-08 16:26:37 INFO AddIdentifyResult: 30154,018765469925,10,reg/018765469925_0408162722|reg/018765469925_0408162722|reg/018765469925_
2017-04-08 16:26:37 INFO UpdateUserState: 018765469925,1
