2017-02-17 08:32:27 INFO AddIdentifyResult: 17085,013290312706,-1,
2017-02-17 08:32:54 INFO AddIdentifyResult: 17086,013290312706,-1,
2017-02-17 08:33:23 INFO AddIdentifyResult: 17087,013290312706,-1,
2017-02-17 08:33:51 INFO AddIdentifyResult: 17088,013290312706,-1,
2017-02-17 08:34:43 INFO AddIdentifyResult: 17089,013290312706,-1,
2017-02-17 08:37:31 INFO AddIdentifyResult: 17090,013290312706,-1,
2017-02-17 08:38:36 INFO AddIdentifyResult: 17091,013290312706,-1,
2017-02-17 08:40:13 INFO AddIdentifyResult: 17092,013290312706,-1,
2017-02-17 08:40:39 INFO AddIdentifyResult: 17093,013290312706,-1,
2017-02-17 08:42:48 INFO AddIdentifyResult: 17094,013290312706,-1,
2017-02-17 08:43:18 INFO AddIdentifyResult: 17094,013290312706,-3,
2017-02-17 08:44:46 INFO AddIdentifyResult: 17094,013290312706,12,
2017-02-17 08:44:53 INFO AddIdentifyResult: 17094,013290312706,10,reg/013290312706_0217084505|reg/013290312706_0217084505|reg/013290312706_
2017-02-17 08:44:53 INFO UpdateUserState: 013290312706,1
2017-02-17 08:45:02 INFO AddIdentifyResult: 17095,013290312706,-1,
2017-02-17 08:45:11 INFO AddIdentifyResult: 17095,013290312706,-3,
2017-02-17 08:46:02 INFO AddIdentifyResult: 17095,013290312706,0,ver/02/17/084658_013290312706.wav
2017-02-17 08:48:39 INFO AddIdentifyResult: 17096,013296473019,-1,
2017-02-17 08:48:46 INFO AddIdentifyResult: 17096,013296473019,-3,
2017-02-17 08:50:59 INFO AddIdentifyResult: 17096,013296473019,12,
2017-02-17 08:51:07 INFO AddIdentifyResult: 17096,013296473019,10,reg/013296473019_0217085214|reg/013296473019_0217085214|reg/013296473019_0217085033
2017-02-17 08:51:07 INFO UpdateUserState: 013296473019,1
2017-02-17 08:52:17 INFO AddIdentifyResult: 17097,015671750763,-1,
2017-02-17 08:53:29 INFO AddIdentifyResult: 17098,013455726121,-1,
2017-02-17 08:53:39 INFO AddIdentifyResult: 17099,013597694406,-1,
2017-02-17 08:53:39 INFO AddIdentifyResult: 17098,013455726121,-3,
2017-02-17 08:53:51 INFO AddIdentifyResult: 17099,013597694406,-3,
2017-02-17 08:55:12 INFO AddIdentifyResult: 17099,013597694406,12,
2017-02-17 08:55:19 INFO AddIdentifyResult: 17099,013597694406,10,reg/013597694406_0217085631|reg/013597694406_0217085631|reg/013597694406_0217085538
2017-02-17 08:55:19 INFO UpdateUserState: 013597694406,1
2017-02-17 08:55:37 INFO AddIdentifyResult: 17100,013287383139,-1,
2017-02-17 08:55:42 INFO AddIdentifyResult: 17100,013287383139,-3,
2017-02-17 08:56:00 INFO AddIdentifyResult: 17098,013455726121,12,
2017-02-17 08:56:06 INFO AddIdentifyResult: 17101,013245469018,-1,
2017-02-17 08:56:07 INFO AddIdentifyResult: 17098,013455726121,10,reg/013455726121_0217085711|reg/013455726121_0217085711|reg/013455726121_0217085527
2017-02-17 08:56:07 INFO UpdateUserState: 013455726121,1
2017-02-17 08:56:13 INFO AddIdentifyResult: 17101,013245469018,-3,
2017-02-17 08:57:24 INFO AddIdentifyResult: 17100,013287383139,12,
2017-02-17 08:57:32 INFO AddIdentifyResult: 17100,013287383139,10,reg/013287383139_0217085730|reg/013287383139_0217085730|reg/013287383139_
2017-02-17 08:57:32 INFO UpdateUserState: 013287383139,1
2017-02-17 08:58:12 INFO AddIdentifyResult: 17101,013245469018,12,
2017-02-17 08:58:19 INFO AddIdentifyResult: 17101,013245469018,10,reg/013245469018_0217085800|reg/013245469018_0217085800|reg/013245469018_
2017-02-17 08:58:19 INFO UpdateUserState: 013245469018,1
2017-02-17 08:58:37 INFO AddIdentifyResult: 17102,013245469018,-1,
2017-02-17 08:58:44 INFO AddIdentifyResult: 17102,013245469018,-3,
2017-02-17 08:59:26 INFO AddIdentifyResult: 17103,015671750763,-1,
2017-02-17 08:59:35 INFO AddIdentifyResult: 17102,013245469018,1,ver/02/17/090031_013245469018.wav
2017-02-17 08:59:38 INFO AddIdentifyResult: 17103,015671750763,-3,
2017-02-17 08:59:53 INFO AddIdentifyResult: 17104,013455726121,-1,
2017-02-17 09:00:01 INFO AddIdentifyResult: 17104,013455726121,-3,
2017-02-17 09:00:24 INFO AddIdentifyResult: 17105,013562264278,-1,
2017-02-17 09:00:36 INFO AddIdentifyResult: 17105,013562264278,-3,
2017-02-17 09:00:52 INFO AddIdentifyResult: 17104,013455726121,0,ver/02/17/090148_013455726121.wav
2017-02-17 09:01:20 INFO AddIdentifyResult: 17106,013245469018,-1,
2017-02-17 09:01:26 INFO AddIdentifyResult: 17106,013245469018,-3,
2017-02-17 09:01:35 INFO AddIdentifyResult: 17103,015671750763,12,
2017-02-17 09:01:43 INFO AddIdentifyResult: 17103,015671750763,10,reg/015671750763_0217090252|reg/015671750763_0217090252|reg/015671750763_0217090125
2017-02-17 09:01:43 INFO UpdateUserState: 015671750763,1
2017-02-17 09:02:17 INFO AddIdentifyResult: 17106,013245469018,0,ver/02/17/090313_013245469018.wav
2017-02-17 09:02:20 INFO AddIdentifyResult: 17105,013562264278,12,
2017-02-17 09:02:28 INFO AddIdentifyResult: 17105,013562264278,10,reg/013562264278_0217090223|reg/013562264278_0217090223|reg/013562264278_
2017-02-17 09:02:28 INFO UpdateUserState: 013562264278,1
2017-02-17 09:03:53 INFO AddIdentifyResult: 17107,015572885339,-1,
2017-02-17 09:04:11 INFO AddIdentifyResult: 17107,015572885339,-3,
2017-02-17 09:05:58 INFO AddIdentifyResult: 17107,015572885339,12,
2017-02-17 09:06:07 INFO AddIdentifyResult: 17107,015572885339,10,reg/015572885339_0217090558|reg/015572885339_0217090558|reg/015572885339_
2017-02-17 09:06:07 INFO UpdateUserState: 015572885339,1
2017-02-17 09:06:29 INFO AddIdentifyResult: 17108,015572885339,-1,
2017-02-17 09:06:39 INFO AddIdentifyResult: 17108,015572885339,-3,
2017-02-17 09:07:28 INFO AddIdentifyResult: 17108,015572885339,0,ver/02/17/090827_015572885339.wav
2017-02-17 09:07:50 INFO AddIdentifyResult: 17109,013287383731,-1,
2017-02-17 09:07:57 INFO AddIdentifyResult: 17109,013287383731,-3,
2017-02-17 09:09:01 INFO AddIdentifyResult: 17110,015671751813,-1,
2017-02-17 09:09:29 INFO AddIdentifyResult: 17111,015671751813,-1,
2017-02-17 09:09:33 INFO AddIdentifyResult: 17109,013287383731,12,
2017-02-17 09:09:40 INFO AddIdentifyResult: 17109,013287383731,10,reg/013287383731_0217090945|reg/013287383731_0217090945|reg/013287383731_
2017-02-17 09:09:40 INFO UpdateUserState: 013287383731,1
2017-02-17 09:09:43 INFO AddIdentifyResult: 17111,015671751813,-3,
2017-02-17 09:10:44 INFO AddIdentifyResult: 17112,013864709513,-1,
2017-02-17 09:10:52 INFO AddIdentifyResult: 17112,013864709513,-3,
2017-02-17 09:11:07 INFO AddIdentifyResult: 17111,015671751813,12,
2017-02-17 09:11:14 INFO AddIdentifyResult: 17111,015671751813,10,reg/015671751813_0217091130|reg/015671751813_0217091130|reg/015671751813_
2017-02-17 09:11:14 INFO UpdateUserState: 015671751813,1
2017-02-17 09:12:37 INFO AddIdentifyResult: 17112,013864709513,12,
2017-02-17 09:12:45 INFO AddIdentifyResult: 17112,013864709513,10,reg/013864709513_0217091239|reg/013864709513_0217091239|reg/013864709513_
2017-02-17 09:12:45 INFO UpdateUserState: 013864709513,1
2017-02-17 09:13:02 INFO AddIdentifyResult: 17113,015671229172,-1,
2017-02-17 09:13:57 INFO AddIdentifyResult: 17114,015671229170,-1,
2017-02-17 09:14:04 INFO AddIdentifyResult: 17114,015671229170,-3,
2017-02-17 09:15:49 INFO AddIdentifyResult: 17114,015671229170,12,
2017-02-17 09:15:56 INFO AddIdentifyResult: 17114,015671229170,10,reg/015671229170_0217091700|reg/015671229170_0217091700|reg/015671229170_0217091551
2017-02-17 09:15:56 INFO UpdateUserState: 015671229170,1
2017-02-17 09:16:41 INFO AddIdentifyResult: 17115,013290312261,-1,
2017-02-17 09:16:48 INFO AddIdentifyResult: 17115,013290312261,-3,
2017-02-17 09:16:55 INFO AddIdentifyResult: 17115,013290312261,11,reg/013290312261_|reg/013290312261_|reg/013290312261_
2017-02-17 09:17:04 INFO AddIdentifyResult: 17116,013290312261,-1,
2017-02-17 09:17:09 INFO AddIdentifyResult: 17116,013290312261,-3,
2017-02-17 09:18:41 INFO AddIdentifyResult: 17117,015671229257,-1,
2017-02-17 09:18:41 INFO AddIdentifyResult: 17116,013290312261,12,
2017-02-17 09:18:48 INFO AddIdentifyResult: 17116,013290312261,10,reg/013290312261_0217091856|reg/013290312261_0217091856|reg/013290312261_
2017-02-17 09:18:48 INFO UpdateUserState: 013290312261,1
2017-02-17 09:19:04 INFO AddIdentifyResult: 17117,015671229257,-3,
2017-02-17 09:19:06 INFO AddIdentifyResult: 17118,013783222295,-1,
2017-02-17 09:19:10 INFO AddIdentifyResult: 17119,013697833305,-1,
2017-02-17 09:19:15 INFO AddIdentifyResult: 17118,013783222295,-3,
2017-02-17 09:19:17 INFO AddIdentifyResult: 17119,013697833305,-3,
2017-02-17 09:20:50 INFO AddIdentifyResult: 17117,015671229257,12,
2017-02-17 09:20:51 INFO AddIdentifyResult: 17118,013783222295,12,
2017-02-17 09:20:58 INFO AddIdentifyResult: 17117,015671229257,10,reg/015671229257_0217092052|reg/015671229257_0217092052|reg/015671229257_
2017-02-17 09:20:58 INFO UpdateUserState: 015671229257,1
2017-02-17 09:20:58 INFO AddIdentifyResult: 17120,013245461136,-1,
2017-02-17 09:21:05 INFO AddIdentifyResult: 17118,013783222295,10,reg/013783222295_0217092206|reg/013783222295_0217092206|reg/013783222295_0217092102
2017-02-17 09:21:05 INFO UpdateUserState: 013783222295,1
2017-02-17 09:21:09 INFO AddIdentifyResult: 17119,013697833305,12,
2017-02-17 09:21:16 INFO AddIdentifyResult: 17119,013697833305,10,reg/013697833305_0217092104|reg/013697833305_0217092104|reg/013697833305_
2017-02-17 09:21:16 INFO UpdateUserState: 013697833305,1
2017-02-17 09:21:47 INFO AddIdentifyResult: 17121,013783222295,-1,
2017-02-17 09:21:51 INFO AddIdentifyResult: 17122,013245461136,-1,
2017-02-17 09:21:56 INFO AddIdentifyResult: 17121,013783222295,-3,
2017-02-17 09:22:49 INFO AddIdentifyResult: 17121,013783222295,0,ver/02/17/092344_013783222295.wav
2017-02-17 09:24:09 INFO AddIdentifyResult: 0,013783222295,1,
2017-02-17 09:25:19 INFO AddIdentifyResult: 0,013783222295,1,ver/02/17/092615_013783222295.wav
2017-02-17 09:26:18 INFO AddIdentifyResult: 17124,015629712295,-1,
2017-02-17 09:26:22 INFO AddIdentifyResult: 17125,013287380272,-1,
2017-02-17 09:26:27 INFO AddIdentifyResult: 17125,013287380272,-3,
2017-02-17 09:26:30 INFO AddIdentifyResult: 17124,015629712295,-3,
2017-02-17 09:28:01 INFO AddIdentifyResult: 17125,013287380272,12,
2017-02-17 09:28:08 INFO AddIdentifyResult: 17125,013287380272,10,reg/013287380272_0217092815|reg/013287380272_0217092815|reg/013287380272_
2017-02-17 09:28:09 INFO UpdateUserState: 013287380272,1
2017-02-17 09:28:10 INFO AddIdentifyResult: 17124,015629712295,12,
2017-02-17 09:28:17 INFO AddIdentifyResult: 17124,015629712295,10,reg/015629712295_0217092817|reg/015629712295_0217092817|reg/015629712295_
2017-02-17 09:28:17 INFO UpdateUserState: 015629712295,1
2017-02-17 09:28:25 INFO AddIdentifyResult: 17126,013245461136,-1,
2017-02-17 09:28:31 INFO AddIdentifyResult: 17126,013245461136,-3,
2017-02-17 09:28:31 INFO AddIdentifyResult: 17127,013287380272,-1,
2017-02-17 09:28:36 INFO AddIdentifyResult: 17127,013287380272,-3,
2017-02-17 09:29:29 INFO AddIdentifyResult: 17127,013287380272,0,ver/02/17/093024_013287380272.wav
2017-02-17 09:30:19 INFO AddIdentifyResult: 17126,013245461136,12,
2017-02-17 09:30:26 INFO AddIdentifyResult: 17126,013245461136,10,reg/013245461136_0217093137|reg/013245461136_0217093137|reg/013245461136_0217093018
2017-02-17 09:30:27 INFO UpdateUserState: 013245461136,1
2017-02-17 09:30:40 INFO AddIdentifyResult: 17128,015205462682,-1,
2017-02-17 09:30:47 INFO AddIdentifyResult: 17128,015205462682,-3,
2017-02-17 09:30:55 INFO AddIdentifyResult: 17129,013290310963,-1,
2017-02-17 09:31:01 INFO AddIdentifyResult: 17130,013245461136,-1,
2017-02-17 09:31:06 INFO AddIdentifyResult: 17131,013290310963,-1,
2017-02-17 09:31:07 INFO AddIdentifyResult: 17130,013245461136,-3,
2017-02-17 09:31:45 INFO AddIdentifyResult: 17132,013290310963,-1,
2017-02-17 09:31:59 INFO AddIdentifyResult: 17130,013245461136,0,ver/02/17/093254_013245461136.wav
2017-02-17 09:32:26 INFO AddIdentifyResult: 17128,015205462682,12,
2017-02-17 09:32:33 INFO AddIdentifyResult: 17128,015205462682,10,reg/015205462682_0217093234|reg/015205462682_0217093234|reg/015205462682_
2017-02-17 09:32:33 INFO UpdateUserState: 015205462682,1
2017-02-17 09:34:07 INFO AddIdentifyResult: 17133,015629702275,-1,
2017-02-17 09:34:19 INFO AddIdentifyResult: 17133,015629702275,-3,
2017-02-17 09:34:27 INFO AddIdentifyResult: 17134,013290310783,-1,
2017-02-17 09:34:35 INFO AddIdentifyResult: 17134,013290310783,-3,
2017-02-17 09:34:38 INFO AddIdentifyResult: 17135,013287382029,-1,
2017-02-17 09:34:43 INFO AddIdentifyResult: 17135,013287382029,-3,
2017-02-17 09:35:37 INFO AddIdentifyResult: 17136,013287330183,-1,
2017-02-17 09:36:24 INFO AddIdentifyResult: 17134,013290310783,12,
2017-02-17 09:36:24 INFO AddIdentifyResult: 17133,015629702275,12,
2017-02-17 09:36:31 INFO AddIdentifyResult: 17135,013287382029,12,
2017-02-17 09:36:31 INFO AddIdentifyResult: 17134,013290310783,10,reg/013290310783_0217093622|reg/013290310783_0217093622|reg/013290310783_
2017-02-17 09:36:31 INFO UpdateUserState: 013290310783,1
2017-02-17 09:36:40 INFO AddIdentifyResult: 17133,015629702275,10,reg/015629702275_0217093735|reg/015629702275_0217093735|reg/015629702275_0217093607
2017-02-17 09:36:40 INFO UpdateUserState: 015629702275,1
2017-02-17 09:36:48 INFO AddIdentifyResult: 17135,013287382029,10,reg/013287382029_0217093630|reg/013287382029_0217093630|reg/013287382029_
2017-02-17 09:36:48 INFO UpdateUserState: 013287382029,1
2017-02-17 09:39:46 INFO AddIdentifyResult: 17137,015629721083,-1,
2017-02-17 09:40:34 INFO AddIdentifyResult: 17138,015629711083,-1,
2017-02-17 09:40:39 INFO AddIdentifyResult: 17138,015629711083,-3,
2017-02-17 09:40:40 INFO AddIdentifyResult: 17139,013287387856,-1,
2017-02-17 09:40:47 INFO AddIdentifyResult: 17140,013296473196,-1,
2017-02-17 09:40:50 INFO AddIdentifyResult: 17139,013287387856,-3,
2017-02-17 09:40:52 INFO AddIdentifyResult: 17140,013296473196,-3,
2017-02-17 09:42:27 INFO AddIdentifyResult: 17139,013287387856,12,
2017-02-17 09:42:34 INFO AddIdentifyResult: 17139,013287387856,10,reg/013287387856_0217094237|reg/013287387856_0217094237|reg/013287387856_
2017-02-17 09:42:35 INFO UpdateUserState: 013287387856,1
2017-02-17 09:42:54 INFO AddIdentifyResult: 17138,015629711083,12,
2017-02-17 09:43:01 INFO AddIdentifyResult: 17138,015629711083,10,reg/015629711083_0217094405|reg/015629711083_0217094405|reg/015629711083_0217094226
2017-02-17 09:43:02 INFO UpdateUserState: 015629711083,1
2017-02-17 09:43:11 INFO AddIdentifyResult: 17140,013296473196,12,
2017-02-17 09:43:18 INFO AddIdentifyResult: 17140,013296473196,10,reg/013296473196_0217094426|reg/013296473196_0217094426|reg/013296473196_0217094239
2017-02-17 09:43:18 INFO UpdateUserState: 013296473196,1
2017-02-17 09:45:01 INFO AddIdentifyResult: 17141,013792054248,-1,
2017-02-17 09:45:15 INFO AddIdentifyResult: 17141,013792054248,-3,
2017-02-17 09:45:30 INFO AddIdentifyResult: 17142,015629705062,-1,
2017-02-17 09:45:57 INFO AddIdentifyResult: 17143,015629705062,-1,
2017-02-17 09:46:03 INFO AddIdentifyResult: 17143,015629705062,-3,
2017-02-17 09:47:21 INFO AddIdentifyResult: 17143,015629705062,12,
2017-02-17 09:47:27 INFO AddIdentifyResult: 17143,015629705062,10,reg/015629705062_0217094750|reg/015629705062_0217094750|reg/015629705062_
2017-02-17 09:47:28 INFO UpdateUserState: 015629705062,1
2017-02-17 09:47:39 INFO AddIdentifyResult: 17141,013792054248,12,
2017-02-17 09:47:47 INFO AddIdentifyResult: 17141,013792054248,10,reg/013792054248_0217094829|reg/013792054248_0217094829|reg/013792054248_0217094702
2017-02-17 09:47:47 INFO UpdateUserState: 013792054248,1
2017-02-17 09:49:20 INFO AddIdentifyResult: 17144,015629711357,-1,
2017-02-17 09:49:55 INFO AddIdentifyResult: 17144,015629711357,-3,
2017-02-17 09:51:42 INFO AddIdentifyResult: 17144,015629711357,12,
2017-02-17 09:51:49 INFO AddIdentifyResult: 17144,015629711357,10,reg/015629711357_0217095255|reg/015629711357_0217095255|reg/015629711357_0217095142
2017-02-17 09:51:50 INFO UpdateUserState: 015629711357,1
2017-02-17 09:52:34 INFO AddIdentifyResult: 17145,013287378085,-1,
2017-02-17 09:52:45 INFO AddIdentifyResult: 17145,013287378085,-3,
2017-02-17 09:54:19 INFO AddIdentifyResult: 17145,013287378085,12,
2017-02-17 09:54:26 INFO AddIdentifyResult: 17145,013287378085,10,reg/013287378085_0217095433|reg/013287378085_0217095433|reg/013287378085_
2017-02-17 09:54:26 INFO UpdateUserState: 013287378085,1
2017-02-17 09:54:43 INFO AddIdentifyResult: 17146,013287378085,-1,
2017-02-17 09:54:51 INFO AddIdentifyResult: 17146,013287378085,-3,
2017-02-17 09:55:08 INFO AddIdentifyResult: 17147,015629711231,-1,
2017-02-17 09:55:29 INFO AddIdentifyResult: 17147,015629711231,-3,
2017-02-17 09:55:43 INFO AddIdentifyResult: 17146,013287378085,0,ver/02/17/095639_013287378085.wav
2017-02-17 09:56:48 INFO AddIdentifyResult: 17147,015629711231,12,
2017-02-17 09:56:56 INFO AddIdentifyResult: 17147,015629711231,10,reg/015629711231_0217095716|reg/015629711231_0217095716|reg/015629711231_
2017-02-17 09:56:56 INFO UpdateUserState: 015629711231,1
2017-02-17 09:58:31 INFO AddIdentifyResult: 17148,015629705065,-1,
2017-02-17 09:58:39 INFO AddIdentifyResult: 17149,013287326351,-1,
2017-02-17 09:58:44 INFO AddIdentifyResult: 17149,013287326351,-3,
2017-02-17 09:58:59 INFO AddIdentifyResult: 17148,015629705065,-3,
2017-02-17 09:59:06 INFO AddIdentifyResult: 17150,013287379160,-1,
2017-02-17 09:59:13 INFO AddIdentifyResult: 17150,013287379160,-3,
2017-02-17 10:00:30 INFO AddIdentifyResult: 17148,015629705065,12,
2017-02-17 10:00:32 INFO AddIdentifyResult: 17149,013287326351,12,
2017-02-17 10:00:37 INFO AddIdentifyResult: 17148,015629705065,10,reg/015629705065_0217100047|reg/015629705065_0217100047|reg/015629705065_
2017-02-17 10:00:37 INFO UpdateUserState: 015629705065,1
2017-02-17 10:00:44 INFO AddIdentifyResult: 17149,013287326351,10,reg/013287326351_0217100138|reg/013287326351_0217100138|reg/013287326351_0217100032
2017-02-17 10:00:45 INFO UpdateUserState: 013287326351,1
2017-02-17 10:00:52 INFO AddIdentifyResult: 17150,013287379160,12,
2017-02-17 10:00:59 INFO AddIdentifyResult: 17150,013287379160,10,reg/013287379160_0217100216|reg/013287379160_0217100216|reg/013287379160_0217100100
2017-02-17 10:01:00 INFO UpdateUserState: 013287379160,1
2017-02-17 10:01:01 INFO AddIdentifyResult: 17151,013864755690,-1,
2017-02-17 10:01:10 INFO AddIdentifyResult: 17151,013864755690,-3,
2017-02-17 10:01:52 INFO AddIdentifyResult: 17152,015629705203,-1,
2017-02-17 10:01:58 INFO AddIdentifyResult: 17152,015629705203,-3,
2017-02-17 10:03:00 INFO AddIdentifyResult: 17151,013864755690,12,
2017-02-17 10:03:09 INFO AddIdentifyResult: 17151,013864755690,10,reg/013864755690_0217100407|reg/013864755690_0217100407|reg/013864755690_0217100257
2017-02-17 10:03:09 INFO UpdateUserState: 013864755690,1
2017-02-17 10:03:20 INFO AddIdentifyResult: 17152,015629705203,12,
2017-02-17 10:03:27 INFO AddIdentifyResult: 17152,015629705203,10,reg/015629705203_0217100345|reg/015629705203_0217100345|reg/015629705203_
2017-02-17 10:03:27 INFO UpdateUserState: 015629705203,1
2017-02-17 10:03:45 INFO AddIdentifyResult: 17153,013864755690,-1,
2017-02-17 10:03:56 INFO AddIdentifyResult: 17153,013864755690,-3,
2017-02-17 10:04:47 INFO AddIdentifyResult: 17153,013864755690,0,ver/02/17/100543_013864755690.wav
2017-02-17 10:05:15 INFO AddIdentifyResult: 17154,015629597810,-1,
2017-02-17 10:05:46 INFO AddIdentifyResult: 17154,015629597810,-3,
2017-02-17 10:05:48 INFO AddIdentifyResult: 17154,015629597810,11,reg/015629597810_|reg/015629597810_|reg/015629597810_
2017-02-17 10:06:17 INFO AddIdentifyResult: 17155,015572885406,-1,
2017-02-17 10:06:25 INFO AddIdentifyResult: 17155,015572885406,-3,
2017-02-17 10:07:06 INFO AddIdentifyResult: 17156,015629597810,-1,
2017-02-17 10:07:13 INFO AddIdentifyResult: 17156,015629597810,-3,
2017-02-17 10:07:58 INFO AddIdentifyResult: 17155,015572885406,12,
2017-02-17 10:08:06 INFO AddIdentifyResult: 17155,015572885406,10,reg/015572885406_0217100813|reg/015572885406_0217100813|reg/015572885406_
2017-02-17 10:08:06 INFO UpdateUserState: 015572885406,1
2017-02-17 10:08:12 INFO AddIdentifyResult: 17157,015572885406,-1,
2017-02-17 10:08:20 INFO AddIdentifyResult: 17157,015572885406,-3,
2017-02-17 10:08:48 INFO AddIdentifyResult: 17156,015629597810,12,
2017-02-17 10:08:55 INFO AddIdentifyResult: 17156,015629597810,10,reg/015629597810_0217100901|reg/015629597810_0217100901|reg/015629597810_
2017-02-17 10:08:55 INFO UpdateUserState: 015629597810,1
2017-02-17 10:09:13 INFO AddIdentifyResult: 17157,015572885406,0,ver/02/17/101008_015572885406.wav
2017-02-17 10:09:18 INFO AddIdentifyResult: 17158,013245463516,-1,
2017-02-17 10:09:23 INFO AddIdentifyResult: 17158,013245463516,-3,
2017-02-17 10:09:53 INFO AddIdentifyResult: 17158,013245463516,11,reg/013245463516_|reg/013245463516_|reg/013245463516_
2017-02-17 10:09:56 INFO AddIdentifyResult: 17159,013245463516,-1,
2017-02-17 10:10:01 INFO AddIdentifyResult: 17159,013245463516,-3,
2017-02-17 10:11:05 INFO AddIdentifyResult: 17160,015172099868,-1,
2017-02-17 10:11:18 INFO AddIdentifyResult: 17160,015172099868,-3,
2017-02-17 10:12:07 INFO AddIdentifyResult: 17159,013245463516,12,
2017-02-17 10:12:15 INFO AddIdentifyResult: 17159,013245463516,10,reg/013245463516_0217101306|reg/013245463516_0217101306|reg/013245463516_0217101149
2017-02-17 10:12:15 INFO UpdateUserState: 013245463516,1
2017-02-17 10:12:45 INFO AddIdentifyResult: 17161,013245463516,-1,
2017-02-17 10:12:50 INFO AddIdentifyResult: 17161,013245463516,-3,
2017-02-17 10:13:18 INFO AddIdentifyResult: 17160,015172099868,12,
2017-02-17 10:13:25 INFO AddIdentifyResult: 17160,015172099868,10,reg/015172099868_0217101428|reg/015172099868_0217101428|reg/015172099868_0217101305
2017-02-17 10:13:26 INFO UpdateUserState: 015172099868,1
2017-02-17 10:13:42 INFO AddIdentifyResult: 17161,013245463516,0,ver/02/17/101438_013245463516.wav
2017-02-17 10:13:56 INFO AddIdentifyResult: 17162,015629708532,-1,
2017-02-17 10:14:09 INFO AddIdentifyResult: 17162,015629708532,-3,
2017-02-17 10:14:25 INFO AddIdentifyResult: 17163,013245463516,-1,
2017-02-17 10:14:30 INFO AddIdentifyResult: 17163,013245463516,-3,
2017-02-17 10:14:40 INFO AddIdentifyResult: 17163,013245463516,1,
2017-02-17 10:15:16 INFO AddIdentifyResult: 17164,013287330183,-1,
2017-02-17 10:15:26 INFO AddIdentifyResult: 17162,015629708532,12,
2017-02-17 10:15:32 INFO AddIdentifyResult: 17162,015629708532,10,reg/015629708532_0217101556|reg/015629708532_0217101556|reg/015629708532_
2017-02-17 10:15:33 INFO UpdateUserState: 015629708532,1
2017-02-17 10:16:08 INFO AddIdentifyResult: 17165,013287327325,-1,
2017-02-17 10:16:15 INFO AddIdentifyResult: 17165,013287327325,-3,
2017-02-17 10:18:05 INFO AddIdentifyResult: 17165,013287327325,12,
2017-02-17 10:18:12 INFO AddIdentifyResult: 17165,013287327325,10,reg/013287327325_0217101920|reg/013287327325_0217101920|reg/013287327325_0217101802
2017-02-17 10:18:13 INFO UpdateUserState: 013287327325,1
2017-02-17 10:18:28 INFO AddIdentifyResult: 17166,013287327325,-1,
2017-02-17 10:18:34 INFO AddIdentifyResult: 17166,013287327325,-3,
2017-02-17 10:18:45 INFO AddIdentifyResult: 17167,015629711853,-1,
2017-02-17 10:19:14 INFO AddIdentifyResult: 17168,015629711853,-1,
2017-02-17 10:19:23 INFO AddIdentifyResult: 17168,015629711853,-3,
2017-02-17 10:19:27 INFO AddIdentifyResult: 17166,013287327325,0,ver/02/17/102022_013287327325.wav
2017-02-17 10:20:48 INFO AddIdentifyResult: 17168,015629711853,12,
2017-02-17 10:20:55 INFO AddIdentifyResult: 17168,015629711853,10,reg/015629711853_0217102110|reg/015629711853_0217102110|reg/015629711853_
2017-02-17 10:20:56 INFO UpdateUserState: 015629711853,1
2017-02-17 10:21:53 INFO AddIdentifyResult: 17169,015629597982,-1,
2017-02-17 10:21:59 INFO AddIdentifyResult: 17169,015629597982,-3,
2017-02-17 10:22:04 INFO AddIdentifyResult: 17169,015629597982,11,reg/015629597982_|reg/015629597982_|reg/015629597982_
2017-02-17 10:22:14 INFO AddIdentifyResult: 17170,015629597982,-1,
2017-02-17 10:22:36 INFO AddIdentifyResult: 17170,015629597982,-3,
2017-02-17 10:24:43 INFO AddIdentifyResult: 17170,015629597982,12,
2017-02-17 10:24:51 INFO AddIdentifyResult: 17170,015629597982,10,reg/015629597982_0217102602|reg/015629597982_0217102602|reg/015629597982_0217102423
2017-02-17 10:24:51 INFO UpdateUserState: 015629597982,1
2017-02-17 10:27:32 INFO AddIdentifyResult: 17171,013287325662,-1,
2017-02-17 10:27:39 INFO AddIdentifyResult: 17171,013287325662,-3,
2017-02-17 10:28:43 INFO AddIdentifyResult: 17172,015629700731,-1,
2017-02-17 10:29:28 INFO AddIdentifyResult: 17173,015629700731,-1,
2017-02-17 10:29:34 INFO AddIdentifyResult: 17173,015629700731,-3,
2017-02-17 10:29:40 INFO AddIdentifyResult: 17171,013287325662,12,
2017-02-17 10:29:48 INFO AddIdentifyResult: 17171,013287325662,10,reg/013287325662_0217103039|reg/013287325662_0217103039|reg/013287325662_0217102926
2017-02-17 10:29:49 INFO UpdateUserState: 013287325662,1
2017-02-17 10:30:49 INFO AddIdentifyResult: 17173,015629700731,12,
2017-02-17 10:30:56 INFO AddIdentifyResult: 17173,015629700731,10,reg/015629700731_0217103121|reg/015629700731_0217103121|reg/015629700731_
2017-02-17 10:30:56 INFO UpdateUserState: 015629700731,1
2017-02-17 10:31:00 INFO AddIdentifyResult: 17174,013287325662,-1,
2017-02-17 10:31:05 INFO AddIdentifyResult: 17174,013287325662,-3,
2017-02-17 10:31:54 INFO AddIdentifyResult: 17175,015629712910,-1,
2017-02-17 10:31:58 INFO AddIdentifyResult: 17174,013287325662,0,ver/02/17/103253_013287325662.wav
2017-02-17 10:32:08 INFO AddIdentifyResult: 17175,015629712910,-3,
2017-02-17 10:32:36 INFO AddIdentifyResult: 17175,015629712910,11,reg/015629712910_|reg/015629712910_|reg/015629712910_
2017-02-17 10:33:10 INFO AddIdentifyResult: 17176,015629597982,-1,
2017-02-17 10:33:28 INFO AddIdentifyResult: 17177,015629597982,-1,
2017-02-17 10:33:34 INFO AddIdentifyResult: 17178,015629712910,-1,
2017-02-17 10:33:34 INFO AddIdentifyResult: 17176,015629597982,-3,
2017-02-17 10:33:41 INFO AddIdentifyResult: 17178,015629712910,-3,
2017-02-17 10:34:15 INFO AddIdentifyResult: 17176,015629597982,11,reg/015629597982_|reg/015629597982_|reg/015629597982_
2017-02-17 10:35:01 INFO AddIdentifyResult: 17178,015629712910,12,
2017-02-17 10:35:08 INFO AddIdentifyResult: 17178,015629712910,10,reg/015629712910_0217103528|reg/015629712910_0217103528|reg/015629712910_
2017-02-17 10:35:08 INFO UpdateUserState: 015629712910,1
2017-02-17 10:35:52 INFO AddIdentifyResult: 17179,015619702753,-1,
2017-02-17 10:36:13 INFO AddIdentifyResult: 17180,015619702753,-1,
2017-02-17 10:36:32 INFO AddIdentifyResult: 17181,015619702753,-1,
2017-02-17 10:37:02 INFO AddIdentifyResult: 17182,01562702753,-1,
2017-02-17 10:37:05 INFO AddIdentifyResult: 17183,013296477631,-1,
2017-02-17 10:37:13 INFO AddIdentifyResult: 17183,013296477631,-3,
2017-02-17 10:37:52 INFO AddIdentifyResult: 17184,015629702753,-1,
2017-02-17 10:37:59 INFO AddIdentifyResult: 17184,015629702753,-3,
2017-02-17 10:38:19 INFO AddIdentifyResult: 17184,015629702753,11,reg/015629702753_|reg/015629702753_|reg/015629702753_
2017-02-17 10:38:24 INFO AddIdentifyResult: 17185,015629702753,-1,
2017-02-17 10:38:31 INFO AddIdentifyResult: 17185,015629702753,-3,
2017-02-17 10:38:47 INFO AddIdentifyResult: 17183,013296477631,12,
2017-02-17 10:38:55 INFO AddIdentifyResult: 17183,013296477631,10,reg/013296477631_0217103900|reg/013296477631_0217103900|reg/013296477631_
2017-02-17 10:38:55 INFO UpdateUserState: 013296477631,1
2017-02-17 10:39:53 INFO AddIdentifyResult: 17186,013296477631,-1,
2017-02-17 10:39:59 INFO AddIdentifyResult: 17186,013296477631,-3,
2017-02-17 10:40:15 INFO AddIdentifyResult: 17185,015629702753,12,
2017-02-17 10:40:22 INFO AddIdentifyResult: 17185,015629702753,10,reg/015629702753_0217104139|reg/015629702753_0217104139|reg/015629702753_0217104018
2017-02-17 10:40:22 INFO UpdateUserState: 015629702753,1
2017-02-17 10:40:50 INFO AddIdentifyResult: 17186,013296477631,0,ver/02/17/104146_013296477631.wav
2017-02-17 10:44:13 INFO AddIdentifyResult: 17187,015629708713,-1,
2017-02-17 10:44:25 INFO AddIdentifyResult: 17187,015629708713,-3,
2017-02-17 10:45:47 INFO AddIdentifyResult: 17187,015629708713,12,
2017-02-17 10:45:53 INFO AddIdentifyResult: 17187,015629708713,10,reg/015629708713_0217104612|reg/015629708713_0217104612|reg/015629708713_
2017-02-17 10:45:54 INFO UpdateUserState: 015629708713,1
2017-02-17 10:48:22 INFO AddIdentifyResult: 17188,013287371191,-1,
2017-02-17 10:48:23 INFO AddIdentifyResult: 17189,018171380424,-1,
2017-02-17 10:48:30 INFO AddIdentifyResult: 17189,018171380424,-3,
2017-02-17 10:48:47 INFO AddIdentifyResult: 17189,018171380424,11,reg/018171380424_|reg/018171380424_|reg/018171380424_
2017-02-17 10:48:48 INFO AddIdentifyResult: 17190,013287371191,-1,
2017-02-17 10:48:56 INFO AddIdentifyResult: 17190,013287371191,-3,
2017-02-17 10:49:00 INFO AddIdentifyResult: 17191,018171380424,-1,
2017-02-17 10:49:08 INFO AddIdentifyResult: 17191,018171380424,-3,
2017-02-17 10:50:51 INFO AddIdentifyResult: 17191,018171380424,12,
2017-02-17 10:50:58 INFO AddIdentifyResult: 17191,018171380424,10,reg/018171380424_0217105215|reg/018171380424_0217105215|reg/018171380424_0217105055
2017-02-17 10:50:58 INFO UpdateUserState: 018171380424,1
2017-02-17 10:50:59 INFO AddIdentifyResult: 17190,013287371191,12,
2017-02-17 10:51:09 INFO AddIdentifyResult: 17190,013287371191,10,reg/013287371191_0217105043|reg/013287371191_0217105043|reg/013287371191_
2017-02-17 10:51:09 INFO UpdateUserState: 013287371191,1
2017-02-17 10:51:31 INFO AddIdentifyResult: 17192,013287371191,-1,
2017-02-17 10:51:35 INFO AddIdentifyResult: 17192,013287371191,-3,
2017-02-17 10:51:41 INFO AddIdentifyResult: 17193,015629713393,-1,
2017-02-17 10:51:47 INFO AddIdentifyResult: 17193,015629713393,-3,
2017-02-17 10:52:27 INFO AddIdentifyResult: 17192,013287371191,0,ver/02/17/105323_013287371191.wav
2017-02-17 10:54:27 INFO AddIdentifyResult: 17193,015629713393,12,
2017-02-17 10:54:33 INFO AddIdentifyResult: 17193,015629713393,10,reg/015629713393_0217105552|reg/015629713393_0217105552|reg/015629713393_0217105335
2017-02-17 10:54:33 INFO UpdateUserState: 015629713393,1
2017-02-17 10:55:08 INFO AddIdentifyResult: 17194,015172111735,-1,
2017-02-17 10:55:20 INFO AddIdentifyResult: 17194,015172111735,-3,
2017-02-17 10:55:23 INFO AddIdentifyResult: 17194,015172111735,11,reg/015172111735_|reg/015172111735_|reg/015172111735_
2017-02-17 10:55:36 INFO AddIdentifyResult: 17195,015172111735,-1,
2017-02-17 10:55:51 INFO AddIdentifyResult: 17195,015172111735,-3,
2017-02-17 10:56:19 INFO AddIdentifyResult: 17195,015172111735,11,reg/015172111735_|reg/015172111735_|reg/015172111735_
2017-02-17 10:56:32 INFO AddIdentifyResult: 17196,015172111735,-1,
2017-02-17 10:56:41 INFO AddIdentifyResult: 17196,015172111735,-3,
2017-02-17 10:58:36 INFO AddIdentifyResult: 17196,015172111735,12,
2017-02-17 10:58:43 INFO AddIdentifyResult: 17196,015172111735,10,reg/015172111735_0217110004|reg/015172111735_0217110004|reg/015172111735_0217105828
2017-02-17 10:58:43 INFO UpdateUserState: 015172111735,1
2017-02-17 10:58:53 INFO AddIdentifyResult: 17197,015629700731,-1,
2017-02-17 10:59:01 INFO AddIdentifyResult: 17198,015629700731,-1,
2017-02-17 10:59:24 INFO AddIdentifyResult: 17199,015172111735,-1,
2017-02-17 10:59:31 INFO AddIdentifyResult: 17199,015172111735,-3,
2017-02-17 11:01:00 INFO AddIdentifyResult: 17199,015172111735,12,
2017-02-17 11:01:07 INFO AddIdentifyResult: 17199,015172111735,10,reg/015172111735_0217110226|reg/015172111735_0217110226|reg/015172111735_0217110118
2017-02-17 11:01:07 INFO UpdateUserState: 015172111735,1
2017-02-17 11:02:36 INFO AddIdentifyResult: 17200,015629713192,-1,
2017-02-17 11:02:42 INFO AddIdentifyResult: 17200,015629713192,-3,
2017-02-17 11:04:04 INFO AddIdentifyResult: 17200,015629713192,12,
2017-02-17 11:04:11 INFO AddIdentifyResult: 17200,015629713192,10,reg/015629713192_0217110429|reg/015629713192_0217110429|reg/015629713192_
2017-02-17 11:04:11 INFO UpdateUserState: 015629713192,1
2017-02-17 11:04:38 INFO AddIdentifyResult: 17201,015629703053,-1,
2017-02-17 11:04:44 INFO AddIdentifyResult: 17201,015629703053,-3,
2017-02-17 11:04:50 INFO AddIdentifyResult: 17201,015629703053,11,reg/015629703053_|reg/015629703053_|reg/015629703053_
2017-02-17 11:04:56 INFO AddIdentifyResult: 17202,015629703053,-1,
2017-02-17 11:05:03 INFO AddIdentifyResult: 17202,015629703053,-3,
2017-02-17 11:05:26 INFO AddIdentifyResult: 17202,015629703053,11,reg/015629703053_|reg/015629703053_|reg/015629703053_
2017-02-17 11:05:34 INFO AddIdentifyResult: 17203,015629703053,-1,
2017-02-17 11:05:40 INFO AddIdentifyResult: 17203,015629703053,-3,
2017-02-17 11:07:10 INFO AddIdentifyResult: 17203,015629703053,12,
2017-02-17 11:07:16 INFO AddIdentifyResult: 17203,015629703053,10,reg/015629703053_0217110837|reg/015629703053_0217110837|reg/015629703053_0217110728
2017-02-17 11:07:16 INFO UpdateUserState: 015629703053,1
2017-02-17 11:08:22 INFO AddIdentifyResult: 17204,013287325360,-1,
2017-02-17 11:08:28 INFO AddIdentifyResult: 17204,013287325360,-3,
2017-02-17 11:09:21 INFO AddIdentifyResult: 17205,015629713513,-1,
2017-02-17 11:09:35 INFO AddIdentifyResult: 17205,015629713513,-3,
2017-02-17 11:09:50 INFO AddIdentifyResult: 17205,015629713513,11,reg/015629713513_|reg/015629713513_|reg/015629713513_
2017-02-17 11:10:13 INFO AddIdentifyResult: 17206,015629713513,-1,
2017-02-17 11:10:16 INFO AddIdentifyResult: 17204,013287325360,12,
2017-02-17 11:10:23 INFO AddIdentifyResult: 17206,015629713513,-3,
2017-02-17 11:10:23 INFO AddIdentifyResult: 17204,013287325360,10,reg/013287325360_0217111015|reg/013287325360_0217111015|reg/013287325360_
2017-02-17 11:10:24 INFO UpdateUserState: 013287325360,1
2017-02-17 11:11:04 INFO AddIdentifyResult: 17207,013287325360,-1,
2017-02-17 11:11:18 INFO AddIdentifyResult: 17207,013287325360,-3,
2017-02-17 11:11:39 INFO AddIdentifyResult: 17206,015629713513,11,reg/015629713513_|reg/015629713513_|reg/015629713513_
2017-02-17 11:11:51 INFO AddIdentifyResult: 17208,015629713513,-1,
2017-02-17 11:12:10 INFO AddIdentifyResult: 17207,013287325360,0,ver/02/17/111306_013287325360.wav
2017-02-17 11:12:15 INFO AddIdentifyResult: 17209,015629713513,-1,
2017-02-17 11:12:24 INFO AddIdentifyResult: 17209,015629713513,-3,
2017-02-17 11:14:17 INFO AddIdentifyResult: 17209,015629713513,12,
2017-02-17 11:14:23 INFO AddIdentifyResult: 17209,015629713513,10,reg/015629713513_0217111542|reg/015629713513_0217111542|reg/015629713513_0217111412
2017-02-17 11:14:24 INFO UpdateUserState: 015629713513,1
2017-02-17 11:15:59 INFO AddIdentifyResult: 17210,015629700113,-1,
2017-02-17 11:16:06 INFO AddIdentifyResult: 17210,015629700113,-3,
2017-02-17 11:17:40 INFO AddIdentifyResult: 17210,015629700113,12,
2017-02-17 11:17:46 INFO AddIdentifyResult: 17210,015629700113,10,reg/015629700113_0217111906|reg/015629700113_0217111906|reg/015629700113_0217111754
2017-02-17 11:17:46 INFO UpdateUserState: 015629700113,1
2017-02-17 11:18:12 INFO AddIdentifyResult: 17211,015629705927,-1,
2017-02-17 11:18:36 INFO AddIdentifyResult: 17211,015629705927,-3,
2017-02-17 11:20:12 INFO AddIdentifyResult: 17211,015629705927,12,
2017-02-17 11:20:19 INFO AddIdentifyResult: 17211,015629705927,10,reg/015629705927_0217112141|reg/015629705927_0217112141|reg/015629705927_0217112023
2017-02-17 11:20:19 INFO UpdateUserState: 015629705927,1
2017-02-17 11:22:14 INFO AddIdentifyResult: 17212,013561005098,-1,
2017-02-17 11:22:27 INFO AddIdentifyResult: 17212,013561005098,-3,
2017-02-17 11:23:42 INFO AddIdentifyResult: 17213,015629700852,-1,
2017-02-17 11:23:48 INFO AddIdentifyResult: 17213,015629700852,-3,
2017-02-17 11:24:16 INFO AddIdentifyResult: 17213,015629700852,11,reg/015629700852_|reg/015629700852_|reg/015629700852_
2017-02-17 11:24:19 INFO AddIdentifyResult: 17212,013561005098,12,
2017-02-17 11:24:27 INFO AddIdentifyResult: 17212,013561005098,10,reg/013561005098_0217112414|reg/013561005098_0217112414|reg/013561005098_
2017-02-17 11:24:27 INFO UpdateUserState: 013561005098,1
2017-02-17 11:24:28 INFO AddIdentifyResult: 17214,013561005098,-1,
2017-02-17 11:24:28 INFO AddIdentifyResult: 17215,015629700852,-1,
2017-02-17 11:24:40 INFO AddIdentifyResult: 17214,013561005098,-3,
2017-02-17 11:24:40 INFO AddIdentifyResult: 17215,015629700852,-3,
2017-02-17 11:25:32 INFO AddIdentifyResult: 17214,013561005098,0,ver/02/17/112628_013561005098.wav
2017-02-17 11:25:44 INFO AddIdentifyResult: 17216,013287372539,-1,
2017-02-17 11:25:51 INFO AddIdentifyResult: 17216,013287372539,-3,
2017-02-17 11:25:59 INFO AddIdentifyResult: 17215,015629700852,12,
2017-02-17 11:26:06 INFO AddIdentifyResult: 17215,015629700852,10,reg/015629700852_0217112628|reg/015629700852_0217112628|reg/015629700852_
2017-02-17 11:26:06 INFO UpdateUserState: 015629700852,1
2017-02-17 11:27:31 INFO AddIdentifyResult: 17217,015629703162,-1,
2017-02-17 11:27:37 INFO AddIdentifyResult: 17216,013287372539,12,
2017-02-17 11:27:39 INFO AddIdentifyResult: 17217,015629703162,-3,
2017-02-17 11:27:46 INFO AddIdentifyResult: 17216,013287372539,10,reg/013287372539_0217112739|reg/013287372539_0217112739|reg/013287372539_
2017-02-17 11:27:46 INFO UpdateUserState: 013287372539,1
2017-02-17 11:27:51 INFO AddIdentifyResult: 17218,013287372539,-1,
2017-02-17 11:28:02 INFO AddIdentifyResult: 17217,015629703162,11,reg/015629703162_|reg/015629703162_|reg/015629703162_
2017-02-17 11:28:03 INFO AddIdentifyResult: 17218,013287372539,-3,
2017-02-17 11:28:13 INFO AddIdentifyResult: 17219,015629703162,-1,
2017-02-17 11:28:20 INFO AddIdentifyResult: 17219,015629703162,-3,
2017-02-17 11:28:56 INFO AddIdentifyResult: 17218,013287372539,0,ver/02/17/112951_013287372539.wav
2017-02-17 11:29:42 INFO AddIdentifyResult: 17219,015629703162,12,
2017-02-17 11:29:50 INFO AddIdentifyResult: 17219,015629703162,10,reg/015629703162_0217113007|reg/015629703162_0217113007|reg/015629703162_
2017-02-17 11:29:50 INFO UpdateUserState: 015629703162,1
2017-02-17 11:33:48 INFO AddIdentifyResult: 17220,015629701807,-1,
2017-02-17 11:34:02 INFO AddIdentifyResult: 17220,015629701807,-3,
2017-02-17 11:34:15 INFO AddIdentifyResult: 17220,015629701807,11,reg/015629701807_|reg/015629701807_|reg/015629701807_
2017-02-17 11:34:25 INFO AddIdentifyResult: 17221,015629701807,-1,
2017-02-17 11:34:31 INFO AddIdentifyResult: 17221,015629701807,-3,
2017-02-17 11:36:34 INFO AddIdentifyResult: 17221,015629701807,12,
2017-02-17 11:36:40 INFO AddIdentifyResult: 17221,015629701807,10,reg/015629701807_0217113755|reg/015629701807_0217113755|reg/015629701807_0217113618
2017-02-17 11:36:40 INFO UpdateUserState: 015629701807,1
2017-02-17 11:39:20 INFO AddIdentifyResult: 17222,013197010225,-1,
2017-02-17 11:39:37 INFO AddIdentifyResult: 17222,013197010225,-3,
2017-02-17 11:39:49 INFO AddIdentifyResult: 17222,013197010225,11,reg/013197010225_|reg/013197010225_|reg/013197010225_
2017-02-17 11:39:59 INFO AddIdentifyResult: 17223,013197010225,-1,
2017-02-17 11:40:11 INFO AddIdentifyResult: 17223,013197010225,-3,
2017-02-17 11:40:24 INFO AddIdentifyResult: 17223,013197010225,11,reg/013197010225_|reg/013197010225_|reg/013197010225_
2017-02-17 11:40:37 INFO AddIdentifyResult: 17224,013197010225,-1,
2017-02-17 11:41:03 INFO AddIdentifyResult: 17225,013197010225,-1,
2017-02-17 11:41:11 INFO AddIdentifyResult: 17225,013197010225,-3,
2017-02-17 11:41:25 INFO AddIdentifyResult: 17225,013197010225,11,reg/013197010225_|reg/013197010225_|reg/013197010225_
2017-02-17 11:41:58 INFO AddIdentifyResult: 17226,013197010225,-1,
2017-02-17 11:42:08 INFO AddIdentifyResult: 17226,013197010225,-3,
2017-02-17 11:43:29 INFO AddIdentifyResult: 17226,013197010225,11,reg/013197010225_|reg/013197010225_|reg/013197010225_
2017-02-17 11:44:11 INFO AddIdentifyResult: 17227,013197010225,-1,
2017-02-17 11:44:19 INFO AddIdentifyResult: 17227,013197010225,-3,
2017-02-17 11:45:35 INFO AddIdentifyResult: 17227,013197010225,11,reg/013197010225_|reg/013197010225_|reg/013197010225_
2017-02-17 11:49:35 INFO AddIdentifyResult: 17228,013197010225,-1,
2017-02-17 11:49:43 INFO AddIdentifyResult: 17228,013197010225,-3,
2017-02-17 11:50:03 INFO AddIdentifyResult: 17228,013197010225,11,reg/013197010225_|reg/013197010225_|reg/013197010225_
2017-02-17 11:51:13 INFO AddIdentifyResult: 17229,013197010225,-1,
2017-02-17 11:51:22 INFO AddIdentifyResult: 17229,013197010225,-3,
2017-02-17 11:53:17 INFO AddIdentifyResult: 17229,013197010225,11,reg/013197010225_|reg/013197010225_|reg/013197010225_
2017-02-17 11:55:12 INFO AddIdentifyResult: 17230,013197010225,-1,
2017-02-17 11:55:24 INFO AddIdentifyResult: 17230,013197010225,-3,
2017-02-17 11:58:35 INFO AddIdentifyResult: 17230,013197010225,11,reg/013197010225_|reg/013197010225_|reg/013197010225_
2017-02-17 12:00:17 INFO AddIdentifyResult: 17231,013197010225,-1,
2017-02-17 12:00:27 INFO AddIdentifyResult: 17231,013197010225,-3,
2017-02-17 12:03:03 INFO AddIdentifyResult: 17231,013197010225,11,reg/013197010225_|reg/013197010225_|reg/013197010225_
2017-02-17 12:04:28 INFO AddIdentifyResult: 17232,013197010225,-1,
2017-02-17 12:04:36 INFO AddIdentifyResult: 17232,013197010225,-3,
2017-02-17 12:08:19 INFO AddIdentifyResult: 17232,013197010225,11,reg/013197010225_|reg/013197010225_|reg/013197010225_
2017-02-17 12:10:50 INFO AddIdentifyResult: 17233,013197010225,-1,
2017-02-17 12:11:04 INFO AddIdentifyResult: 17233,013197010225,-3,
2017-02-17 12:13:22 INFO AddIdentifyResult: 17233,013197010225,12,
2017-02-17 12:13:29 INFO AddIdentifyResult: 17233,013197010225,10,reg/013197010225_0217121436|reg/013197010225_0217121436|reg/013197010225_0217121252
2017-02-17 12:13:30 INFO UpdateUserState: 013197010225,1
2017-02-17 13:24:09 INFO AddIdentifyResult: 17234,013287375172,-1,
2017-02-17 13:24:13 INFO AddIdentifyResult: 17234,013287375172,-3,
2017-02-17 13:24:37 INFO AddIdentifyResult: 17234,013287375172,11,reg/013287375172_|reg/013287375172_|reg/013287375172_
2017-02-17 13:24:44 INFO AddIdentifyResult: 17235,013287375172,-1,
2017-02-17 13:24:49 INFO AddIdentifyResult: 17235,013287375172,-3,
2017-02-17 13:26:41 INFO AddIdentifyResult: 17236,015020598767,-1,
2017-02-17 13:26:48 INFO AddIdentifyResult: 17235,013287375172,12,
2017-02-17 13:26:52 INFO AddIdentifyResult: 17236,015020598767,-3,
2017-02-17 13:26:55 INFO AddIdentifyResult: 17235,013287375172,10,reg/013287375172_0217132805|reg/013287375172_0217132805|reg/013287375172_0217132637
2017-02-17 13:26:55 INFO UpdateUserState: 013287375172,1
2017-02-17 13:27:16 INFO AddIdentifyResult: 17237,013287375172,-1,
2017-02-17 13:27:23 INFO AddIdentifyResult: 17237,013287375172,-3,
2017-02-17 13:28:16 INFO AddIdentifyResult: 17237,013287375172,0,ver/02/17/132912_013287375172.wav
2017-02-17 13:28:42 INFO AddIdentifyResult: 17236,015020598767,12,
2017-02-17 13:28:50 INFO AddIdentifyResult: 17236,015020598767,10,reg/015020598767_0217132950|reg/015020598767_0217132950|reg/015020598767_0217132839
2017-02-17 13:28:51 INFO UpdateUserState: 015020598767,1
2017-02-17 13:31:23 INFO AddIdentifyResult: 17238,013287332272,-1,
2017-02-17 13:31:44 INFO AddIdentifyResult: 17239,013287332272,-1,
2017-02-17 13:31:54 INFO AddIdentifyResult: 17239,013287332272,-3,
2017-02-17 13:33:33 INFO AddIdentifyResult: 17239,013287332272,12,
2017-02-17 13:33:40 INFO AddIdentifyResult: 17239,013287332272,10,reg/013287332272_0217133342|reg/013287332272_0217133342|reg/013287332272_
2017-02-17 13:33:40 INFO UpdateUserState: 013287332272,1
2017-02-17 13:34:29 INFO AddIdentifyResult: 17240,013287332272,-1,
2017-02-17 13:34:35 INFO AddIdentifyResult: 17240,013287332272,-3,
2017-02-17 13:35:27 INFO AddIdentifyResult: 17240,013287332272,0,ver/02/17/133623_013287332272.wav
2017-02-17 13:40:41 INFO AddIdentifyResult: 17241,013287328227,-1,
2017-02-17 13:40:48 INFO AddIdentifyResult: 17241,013287328227,-3,
2017-02-17 13:41:11 INFO AddIdentifyResult: 17241,013287328227,11,reg/013287328227_|reg/013287328227_|reg/013287328227_
2017-02-17 13:41:30 INFO AddIdentifyResult: 17242,013287328227,-1,
2017-02-17 13:41:36 INFO AddIdentifyResult: 17242,013287328227,-3,
2017-02-17 13:43:27 INFO AddIdentifyResult: 17242,013287328227,12,
2017-02-17 13:43:35 INFO AddIdentifyResult: 17242,013287328227,10,reg/013287328227_0217134433|reg/013287328227_0217134433|reg/013287328227_0217134324
2017-02-17 13:43:35 INFO UpdateUserState: 013287328227,1
2017-02-17 13:44:12 INFO AddIdentifyResult: 17243,013287328227,-1,
2017-02-17 13:44:19 INFO AddIdentifyResult: 17243,013287328227,-3,
2017-02-17 13:45:10 INFO AddIdentifyResult: 17243,013287328227,0,ver/02/17/134607_013287328227.wav
2017-02-17 13:56:25 INFO AddIdentifyResult: 17244,015263863836,-1,
2017-02-17 13:56:32 INFO AddIdentifyResult: 17244,015263863836,-3,
2017-02-17 13:56:33 INFO AddIdentifyResult: 17245,013245465627,-1,
2017-02-17 13:56:41 INFO AddIdentifyResult: 17245,013245465627,-3,
2017-02-17 13:56:58 INFO AddIdentifyResult: 17244,015263863836,11,reg/015263863836_|reg/015263863836_|reg/015263863836_
2017-02-17 13:57:08 INFO AddIdentifyResult: 17246,015263863836,-1,
2017-02-17 13:57:15 INFO AddIdentifyResult: 17246,015263863836,-3,
2017-02-17 13:58:40 INFO AddIdentifyResult: 17245,013245465627,12,
2017-02-17 13:58:47 INFO AddIdentifyResult: 17245,013245465627,10,reg/013245465627_0217135829|reg/013245465627_0217135829|reg/013245465627_
2017-02-17 13:58:47 INFO UpdateUserState: 013245465627,1
2017-02-17 13:58:51 INFO AddIdentifyResult: 17246,015263863836,12,
2017-02-17 13:58:59 INFO AddIdentifyResult: 17246,015263863836,10,reg/015263863836_0217135903|reg/015263863836_0217135903|reg/015263863836_
2017-02-17 13:58:59 INFO UpdateUserState: 015263863836,1
2017-02-17 13:59:18 INFO AddIdentifyResult: 17247,015263863836,-1,
2017-02-17 13:59:25 INFO AddIdentifyResult: 17247,015263863836,-3,
2017-02-17 13:59:38 INFO AddIdentifyResult: 17248,013245465627,-1,
2017-02-17 13:59:46 INFO AddIdentifyResult: 17248,013245465627,-3,
2017-02-17 14:00:18 INFO AddIdentifyResult: 17247,015263863836,0,ver/02/17/140114_015263863836.wav
2017-02-17 14:00:38 INFO AddIdentifyResult: 17248,013245465627,0,ver/02/17/140134_013245465627.wav
2017-02-17 14:01:52 INFO AddIdentifyResult: 17249,013245463512,-1,
2017-02-17 14:02:02 INFO AddIdentifyResult: 17249,013245463512,-3,
2017-02-17 14:02:14 INFO AddIdentifyResult: 17249,013245463512,11,reg/013245463512_|reg/013245463512_|reg/013245463512_
2017-02-17 14:02:35 INFO AddIdentifyResult: 17250,013245463512,-1,
2017-02-17 14:02:46 INFO AddIdentifyResult: 17250,013245463512,-3,
2017-02-17 14:03:04 INFO AddIdentifyResult: 17251,013287378020,-1,
2017-02-17 14:03:04 INFO AddIdentifyResult: 17250,013245463512,11,reg/013245463512_|reg/013245463512_|reg/013245463512_
2017-02-17 14:03:19 INFO AddIdentifyResult: 17251,013287378020,-3,
2017-02-17 14:03:31 INFO AddIdentifyResult: 17252,013245463512,-1,
2017-02-17 14:03:38 INFO AddIdentifyResult: 17252,013245463512,-3,
2017-02-17 14:04:44 INFO AddIdentifyResult: 17253,015671227212,-1,
2017-02-17 14:05:03 INFO AddIdentifyResult: 17253,015671227212,-3,
2017-02-17 14:05:21 INFO AddIdentifyResult: 17251,013287378020,12,
2017-02-17 14:05:27 INFO AddIdentifyResult: 17251,013287378020,10,reg/013287378020_0217140648|reg/013287378020_0217140648|reg/013287378020_0217140507
2017-02-17 14:05:28 INFO UpdateUserState: 013287378020,1
2017-02-17 14:05:53 INFO AddIdentifyResult: 17252,013245463512,12,
2017-02-17 14:06:01 INFO AddIdentifyResult: 17252,013245463512,10,reg/013245463512_0217140700|reg/013245463512_0217140700|reg/013245463512_0217140526
2017-02-17 14:06:01 INFO UpdateUserState: 013245463512,1
2017-02-17 14:06:25 INFO AddIdentifyResult: 17254,013245463512,-1,
2017-02-17 14:06:33 INFO AddIdentifyResult: 17254,013245463512,-3,
2017-02-17 14:07:00 INFO AddIdentifyResult: 17253,015671227212,12,
2017-02-17 14:07:08 INFO AddIdentifyResult: 17253,015671227212,10,reg/015671227212_0217140820|reg/015671227212_0217140820|reg/015671227212_0217140651
2017-02-17 14:07:08 INFO UpdateUserState: 015671227212,1
2017-02-17 14:07:26 INFO AddIdentifyResult: 17254,013245463512,0,ver/02/17/140822_013245463512.wav
2017-02-17 14:09:55 INFO AddIdentifyResult: 17255,018370260603,-1,
2017-02-17 14:10:43 INFO AddIdentifyResult: 17255,018370260603,-3,
2017-02-17 14:12:15 INFO AddIdentifyResult: 17255,018370260603,11,reg/018370260603_|reg/018370260603_|reg/018370260603_
2017-02-17 14:12:29 INFO AddIdentifyResult: 17256,018370260603,-1,
2017-02-17 14:12:41 INFO AddIdentifyResult: 17256,018370260603,-3,
2017-02-17 14:14:36 INFO AddIdentifyResult: 17256,018370260603,12,
2017-02-17 14:14:43 INFO AddIdentifyResult: 17256,018370260603,10,reg/018370260603_0217141557|reg/018370260603_0217141557|reg/018370260603_0217141429
2017-02-17 14:14:43 INFO UpdateUserState: 018370260603,1
2017-02-17 14:16:35 INFO AddIdentifyResult: 17257,015072938317,-1,
2017-02-17 14:16:50 INFO AddIdentifyResult: 17257,015072938317,-3,
2017-02-17 14:18:11 INFO AddIdentifyResult: 17257,015072938317,12,
2017-02-17 14:18:18 INFO AddIdentifyResult: 17257,015072938317,10,reg/015072938317_0217141838|reg/015072938317_0217141838|reg/015072938317_
2017-02-17 14:18:18 INFO UpdateUserState: 015072938317,1
2017-02-17 14:19:09 INFO AddIdentifyResult: 17258,015671237562,-1,
2017-02-17 14:19:18 INFO AddIdentifyResult: 17258,015671237562,-3,
2017-02-17 14:20:20 INFO AddIdentifyResult: 17258,015671237562,11,reg/015671237562_|reg/015671237562_|reg/015671237562_
2017-02-17 14:20:28 INFO AddIdentifyResult: 17259,015671237562,-1,
2017-02-17 14:20:39 INFO AddIdentifyResult: 17259,015671237562,-3,
2017-02-17 14:20:44 INFO AddIdentifyResult: 17260,013245468367,-1,
2017-02-17 14:20:50 INFO AddIdentifyResult: 17260,013245468367,-3,
2017-02-17 14:22:04 INFO AddIdentifyResult: 17259,015671237562,12,
2017-02-17 14:22:12 INFO AddIdentifyResult: 17259,015671237562,10,reg/015671237562_0217142227|reg/015671237562_0217142227|reg/015671237562_
2017-02-17 14:22:12 INFO UpdateUserState: 015671237562,1
2017-02-17 14:23:15 INFO AddIdentifyResult: 17260,013245468367,12,
2017-02-17 14:23:22 INFO AddIdentifyResult: 17260,013245468367,10,reg/013245468367_0217142400|reg/013245468367_0217142400|reg/013245468367_0217142238
2017-02-17 14:23:22 INFO UpdateUserState: 013245468367,1
2017-02-17 14:23:26 INFO AddIdentifyResult: 17261,013290312779,-1,
2017-02-17 14:23:33 INFO AddIdentifyResult: 17261,013290312779,-3,
2017-02-17 14:23:43 INFO AddIdentifyResult: 17262,013280305776,-1,
2017-02-17 14:23:51 INFO AddIdentifyResult: 17262,013280305776,-3,
2017-02-17 14:25:17 INFO AddIdentifyResult: 17261,013290312779,12,
2017-02-17 14:25:25 INFO AddIdentifyResult: 17261,013290312779,10,reg/013290312779_0217142521|reg/013290312779_0217142521|reg/013290312779_
2017-02-17 14:25:25 INFO UpdateUserState: 013290312779,1
2017-02-17 14:25:33 INFO AddIdentifyResult: 17263,013290312779,-1,
2017-02-17 14:25:48 INFO AddIdentifyResult: 17263,013290312779,-3,
2017-02-17 14:26:41 INFO AddIdentifyResult: 17263,013290312779,0,ver/02/17/142737_013290312779.wav
2017-02-17 14:27:28 INFO AddIdentifyResult: 17262,013280305776,11,reg/013280305776_|reg/013280305776_|reg/013280305776_
2017-02-17 14:27:33 INFO AddIdentifyResult: 17264,013506361902,-1,
2017-02-17 14:27:43 INFO AddIdentifyResult: 17264,013506361902,-3,
2017-02-17 14:27:51 INFO AddIdentifyResult: 17265,013280305776,-1,
2017-02-17 14:27:58 INFO AddIdentifyResult: 17265,013280305776,-3,
2017-02-17 14:28:20 INFO AddIdentifyResult: 17266,015671237592,-1,
2017-02-17 14:29:01 INFO AddIdentifyResult: 17266,015671237592,-3,
2017-02-17 14:29:43 INFO AddIdentifyResult: 17264,013506361902,12,
2017-02-17 14:29:52 INFO AddIdentifyResult: 17264,013506361902,10,reg/013506361902_0217142932|reg/013506361902_0217142932|reg/013506361902_
2017-02-17 14:29:53 INFO UpdateUserState: 013506361902,1
2017-02-17 14:30:32 INFO AddIdentifyResult: 17265,013280305776,12,
2017-02-17 14:30:39 INFO AddIdentifyResult: 17265,013280305776,10,reg/013280305776_0217143131|reg/013280305776_0217143131|reg/013280305776_0217142947
2017-02-17 14:30:39 INFO UpdateUserState: 013280305776,1
2017-02-17 14:30:50 INFO AddIdentifyResult: 17266,015671237592,12,
2017-02-17 14:30:57 INFO AddIdentifyResult: 17266,015671237592,10,reg/015671237592_0217143212|reg/015671237592_0217143212|reg/015671237592_0217143049
2017-02-17 14:30:57 INFO UpdateUserState: 015671237592,1
2017-02-17 14:31:15 INFO AddIdentifyResult: 17267,013245468367,-1,
2017-02-17 14:31:21 INFO AddIdentifyResult: 17267,013245468367,-3,
2017-02-17 14:32:12 INFO AddIdentifyResult: 17267,013245468367,1,ver/02/17/143310_013245468367.wav
2017-02-17 14:32:34 INFO AddIdentifyResult: 17267,013245468367,2,
2017-02-17 14:33:10 INFO AddIdentifyResult: 17268,013245468367,-1,
2017-02-17 14:33:16 INFO AddIdentifyResult: 17268,013245468367,-3,
2017-02-17 14:34:07 INFO AddIdentifyResult: 17268,013245468367,1,ver/02/17/143505_013245468367.wav
2017-02-17 14:34:43 INFO AddIdentifyResult: 17269,013280305776,-1,
2017-02-17 14:34:49 INFO AddIdentifyResult: 17269,013280305776,-3,
2017-02-17 14:35:40 INFO AddIdentifyResult: 17269,013280305776,0,ver/02/17/143637_013280305776.wav
2017-02-17 14:35:59 INFO AddIdentifyResult: 17270,013245468367,-1,
2017-02-17 14:36:06 INFO AddIdentifyResult: 17270,013245468367,-3,
2017-02-17 14:36:58 INFO AddIdentifyResult: 17270,013245468367,1,ver/02/17/143755_013245468367.wav
2017-02-17 14:38:35 INFO AddIdentifyResult: 17271,013245468367,-1,
2017-02-17 14:38:45 INFO AddIdentifyResult: 17271,013245468367,-3,
2017-02-17 14:41:23 INFO AddIdentifyResult: 17271,013245468367,12,
2017-02-17 14:41:25 INFO AddIdentifyResult: 17272,013287389332,-1,
2017-02-17 14:41:30 INFO AddIdentifyResult: 17271,013245468367,10,reg/013245468367_0217144235|reg/013245468367_0217144235|reg/013245468367_0217144033
2017-02-17 14:41:30 INFO UpdateUserState: 013245468367,1
2017-02-17 14:41:34 INFO AddIdentifyResult: 17272,013287389332,-3,
2017-02-17 14:41:51 INFO AddIdentifyResult: 17273,013245468367,-1,
2017-02-17 14:41:58 INFO AddIdentifyResult: 17273,013245468367,-3,
2017-02-17 14:42:50 INFO AddIdentifyResult: 17273,013245468367,0,ver/02/17/144347_013245468367.wav
2017-02-17 14:43:10 INFO AddIdentifyResult: 17274,015671232937,-1,
2017-02-17 14:43:28 INFO AddIdentifyResult: 17272,013287389332,12,
2017-02-17 14:43:36 INFO AddIdentifyResult: 17272,013287389332,10,reg/013287389332_0217144322|reg/013287389332_0217144322|reg/013287389332_
2017-02-17 14:43:36 INFO UpdateUserState: 013287389332,1
2017-02-17 14:43:47 INFO AddIdentifyResult: 17275,013287389332,-1,
2017-02-17 14:43:57 INFO AddIdentifyResult: 17275,013287389332,-3,
2017-02-17 14:44:49 INFO AddIdentifyResult: 17275,013287389332,0,ver/02/17/144545_013287389332.wav
2017-02-17 14:45:33 INFO AddIdentifyResult: 17276,015671232937,-1,
2017-02-17 14:45:39 INFO AddIdentifyResult: 17276,015671232937,-3,
2017-02-17 14:45:42 INFO AddIdentifyResult: 17276,015671232937,11,reg/015671232937_|reg/015671232937_|reg/015671232937_
2017-02-17 14:46:43 INFO AddIdentifyResult: 17277,015671232937,-1,
2017-02-17 14:47:01 INFO AddIdentifyResult: 17277,015671232937,-3,
2017-02-17 14:48:39 INFO AddIdentifyResult: 17277,015671232937,12,
2017-02-17 14:48:46 INFO AddIdentifyResult: 17277,015671232937,10,reg/015671232937_0217144849|reg/015671232937_0217144849|reg/015671232937_
2017-02-17 14:48:46 INFO UpdateUserState: 015671232937,1
2017-02-17 14:51:31 INFO AddIdentifyResult: 17278,015228141920,-1,
2017-02-17 14:51:44 INFO AddIdentifyResult: 17278,015228141920,-3,
2017-02-17 14:52:01 INFO AddIdentifyResult: 17278,015228141920,11,reg/015228141920_|reg/015228141920_|reg/015228141920_
2017-02-17 14:52:14 INFO AddIdentifyResult: 17279,015228141920,-1,
2017-02-17 14:52:24 INFO AddIdentifyResult: 17279,015228141920,-3,
2017-02-17 14:53:53 INFO AddIdentifyResult: 17279,015228141920,12,
2017-02-17 14:54:00 INFO AddIdentifyResult: 17279,015228141920,10,reg/015228141920_0217145413|reg/015228141920_0217145413|reg/015228141920_
2017-02-17 14:54:01 INFO UpdateUserState: 015228141920,1
2017-02-17 14:54:27 INFO AddIdentifyResult: 17280,015228141920,-1,
2017-02-17 14:54:36 INFO AddIdentifyResult: 17280,015228141920,-3,
2017-02-17 14:55:28 INFO AddIdentifyResult: 17280,015228141920,0,ver/02/17/145624_015228141920.wav
2017-02-17 15:01:01 INFO AddIdentifyResult: 17281,015671238162,-1,
2017-02-17 15:01:44 INFO AddIdentifyResult: 17282,015671238162,-1,
2017-02-17 15:01:52 INFO AddIdentifyResult: 17282,015671238162,-3,
2017-02-17 15:03:15 INFO AddIdentifyResult: 17282,015671238162,12,
2017-02-17 15:03:22 INFO AddIdentifyResult: 17282,015671238162,10,reg/015671238162_0217150340|reg/015671238162_0217150340|reg/015671238162_
2017-02-17 15:03:22 INFO UpdateUserState: 015671238162,1
2017-02-17 15:12:12 INFO AddIdentifyResult: 17283,015671233091,-1,
2017-02-17 15:12:32 INFO AddIdentifyResult: 17283,015671233091,-3,
2017-02-17 15:13:47 INFO AddIdentifyResult: 17284,013287383835,-1,
2017-02-17 15:13:54 INFO AddIdentifyResult: 17283,015671233091,12,
2017-02-17 15:13:57 INFO AddIdentifyResult: 17284,013287383835,-3,
2017-02-17 15:14:01 INFO AddIdentifyResult: 17283,015671233091,10,reg/015671233091_0217151420|reg/015671233091_0217151420|reg/015671233091_
2017-02-17 15:14:01 INFO UpdateUserState: 015671233091,1
2017-02-17 15:15:41 INFO AddIdentifyResult: 17284,013287383835,12,
2017-02-17 15:15:49 INFO AddIdentifyResult: 17284,013287383835,10,reg/013287383835_0217151545|reg/013287383835_0217151545|reg/013287383835_
2017-02-17 15:15:50 INFO UpdateUserState: 013287383835,1
2017-02-17 15:16:03 INFO AddIdentifyResult: 17285,013287383835,-1,
2017-02-17 15:16:10 INFO AddIdentifyResult: 17285,013287383835,-3,
2017-02-17 15:17:03 INFO AddIdentifyResult: 17285,013287383835,0,ver/02/17/151759_013287383835.wav
2017-02-17 15:19:04 INFO AddIdentifyResult: 17286,015717237686,-1,
2017-02-17 15:19:29 INFO AddIdentifyResult: 17286,015717237686,-3,
2017-02-17 15:20:06 INFO AddIdentifyResult: 17287,013287371201,-1,
2017-02-17 15:20:11 INFO AddIdentifyResult: 17287,013287371201,-3,
2017-02-17 15:20:48 INFO AddIdentifyResult: 17286,015717237686,12,
2017-02-17 15:20:56 INFO AddIdentifyResult: 17286,015717237686,10,reg/015717237686_0217152118|reg/015717237686_0217152118|reg/015717237686_
2017-02-17 15:20:56 INFO UpdateUserState: 015717237686,1
2017-02-17 15:21:58 INFO AddIdentifyResult: 17287,013287371201,12,
2017-02-17 15:22:07 INFO AddIdentifyResult: 17287,013287371201,10,reg/013287371201_0217152200|reg/013287371201_0217152200|reg/013287371201_
2017-02-17 15:22:08 INFO UpdateUserState: 013287371201,1
2017-02-17 15:22:13 INFO AddIdentifyResult: 17288,013287371201,-1,
2017-02-17 15:22:15 INFO AddIdentifyResult: 17289,015629703252,-1,
2017-02-17 15:22:19 INFO AddIdentifyResult: 17288,013287371201,-3,
2017-02-17 15:22:24 INFO AddIdentifyResult: 17289,015629703252,-3,
2017-02-17 15:23:11 INFO AddIdentifyResult: 17288,013287371201,0,ver/02/17/152407_013287371201.wav
2017-02-17 15:23:58 INFO AddIdentifyResult: 17289,015629703252,12,
2017-02-17 15:24:05 INFO AddIdentifyResult: 17289,015629703252,10,reg/015629703252_0217152412|reg/015629703252_0217152412|reg/015629703252_
2017-02-17 15:24:05 INFO UpdateUserState: 015629703252,1
2017-02-17 15:28:57 INFO AddIdentifyResult: 17290,015629706072,-1,
2017-02-17 15:29:06 INFO AddIdentifyResult: 17290,015629706072,-3,
2017-02-17 15:29:20 INFO AddIdentifyResult: 17290,015629706072,11,reg/015629706072_|reg/015629706072_|reg/015629706072_
2017-02-17 15:29:37 INFO AddIdentifyResult: 17291,015629706072,-1,
2017-02-17 15:29:53 INFO AddIdentifyResult: 17291,015629706072,-3,
2017-02-17 15:30:13 INFO AddIdentifyResult: 17291,015629706072,11,reg/015629706072_|reg/015629706072_|reg/015629706072_
2017-02-17 15:30:30 INFO AddIdentifyResult: 17292,015629706072,-1,
2017-02-17 15:31:17 INFO AddIdentifyResult: 17293,015629706072,-1,
2017-02-17 15:32:16 INFO AddIdentifyResult: 17294,015629706072,-1,
2017-02-17 15:32:25 INFO AddIdentifyResult: 17295,013181982684,-1,
2017-02-17 15:32:29 INFO AddIdentifyResult: 17294,015629706072,-3,
2017-02-17 15:32:34 INFO AddIdentifyResult: 17295,013181982684,-3,
2017-02-17 15:34:29 INFO AddIdentifyResult: 17295,013181982684,12,
2017-02-17 15:34:35 INFO AddIdentifyResult: 17296,013181982684,-4,2
2017-02-17 15:34:36 INFO AddIdentifyResult: 17295,013181982684,10,reg/013181982684_0217153422|reg/013181982684_0217153422|reg/013181982684_
2017-02-17 15:34:36 INFO UpdateUserState: 013181982684,1
2017-02-17 15:34:49 INFO AddIdentifyResult: 17297,013181982684,-1,
2017-02-17 15:34:56 INFO AddIdentifyResult: 17294,015629706072,11,reg/015629706072_|reg/015629706072_|reg/015629706072_
2017-02-17 15:34:58 INFO AddIdentifyResult: 17297,013181982684,-3,
2017-02-17 15:35:13 INFO AddIdentifyResult: 17298,015629706072,-1,
2017-02-17 15:35:35 INFO AddIdentifyResult: 17298,015629706072,-3,
2017-02-17 15:35:50 INFO AddIdentifyResult: 17297,013181982684,0,ver/02/17/153647_013181982684.wav
2017-02-17 15:37:32 INFO AddIdentifyResult: 17298,015629706072,12,
2017-02-17 15:37:39 INFO AddIdentifyResult: 17298,015629706072,10,reg/015629706072_0217153821|reg/015629706072_0217153821|reg/015629706072_0217153723
2017-02-17 15:37:39 INFO UpdateUserState: 015629706072,1
2017-02-17 16:06:15 INFO AddIdentifyResult: 17299,015629903367,-1,
2017-02-17 16:06:43 INFO AddIdentifyResult: 17300,015629903367,-1,
2017-02-17 16:06:50 INFO AddIdentifyResult: 17300,015629903367,-3,
2017-02-17 16:08:36 INFO AddIdentifyResult: 17300,015629903367,12,
2017-02-17 16:08:42 INFO AddIdentifyResult: 17300,015629903367,10,reg/015629903367_0217161000|reg/015629903367_0217161000|reg/015629903367_0217160838
2017-02-17 16:08:42 INFO UpdateUserState: 015629903367,1
2017-02-17 16:32:49 INFO AddIdentifyResult: 17301,015629903753,-1,
2017-02-17 16:34:02 INFO AddIdentifyResult: 17302,015629903753,-1,
2017-02-17 16:35:28 INFO AddIdentifyResult: 17303,015629903753,-1,
2017-02-17 16:35:35 INFO AddIdentifyResult: 17303,015629903753,-3,
2017-02-17 16:37:49 INFO AddIdentifyResult: 17303,015629903753,12,
2017-02-17 16:37:56 INFO AddIdentifyResult: 17303,015629903753,10,reg/015629903753_0217163910|reg/015629903753_0217163910|reg/015629903753_0217163723
2017-02-17 16:37:56 INFO UpdateUserState: 015629903753,1
2017-02-17 16:38:35 INFO AddIdentifyResult: 17304,013545507577,-1,
2017-02-17 16:38:42 INFO AddIdentifyResult: 17304,013545507577,-3,
2017-02-17 16:40:09 INFO AddIdentifyResult: 17304,013545507577,12,
2017-02-17 16:40:16 INFO AddIdentifyResult: 17304,013545507577,10,reg/013545507577_0217164030|reg/013545507577_0217164030|reg/013545507577_
2017-02-17 16:40:16 INFO UpdateUserState: 013545507577,1
2017-02-17 16:46:06 INFO AddIdentifyResult: 17305,015628715150,-1,
2017-02-17 16:46:37 INFO AddIdentifyResult: 17306,015629715150,-1,
2017-02-17 16:46:47 INFO AddIdentifyResult: 17306,015629715150,-3,
2017-02-17 16:47:12 INFO AddIdentifyResult: 17306,015629715150,11,reg/015629715150_|reg/015629715150_|reg/015629715150_
2017-02-17 16:47:25 INFO AddIdentifyResult: 17307,015629715150,-1,
2017-02-17 16:47:32 INFO AddIdentifyResult: 17307,015629715150,-3,
2017-02-17 16:47:54 INFO AddIdentifyResult: 17307,015629715150,11,reg/015629715150_|reg/015629715150_|reg/015629715150_
2017-02-17 16:48:16 INFO AddIdentifyResult: 17308,015629715150,-1,
2017-02-17 16:48:30 INFO AddIdentifyResult: 17308,015629715150,-3,
2017-02-17 16:49:11 INFO AddIdentifyResult: 17308,015629715150,11,reg/015629715150_|reg/015629715150_|reg/015629715150_
2017-02-17 16:50:26 INFO AddIdentifyResult: 17309,015629715150,-1,
2017-02-17 16:50:32 INFO AddIdentifyResult: 17309,015629715150,-3,
2017-02-17 16:52:31 INFO AddIdentifyResult: 17309,015629715150,12,
2017-02-17 16:52:38 INFO AddIdentifyResult: 17309,015629715150,10,reg/015629715150_0217165358|reg/015629715150_0217165358|reg/015629715150_0217165220
2017-02-17 16:52:38 INFO UpdateUserState: 015629715150,1
2017-02-17 17:45:35 INFO AddIdentifyResult: 0,015629901863,1,
