2017-04-10 08:36:48 INFO AddIdentifyResult: 30156,013081401915,-1,
2017-04-10 08:37:08 INFO AddIdentifyResult: 30156,013081401915,-3,
2017-04-10 08:39:56 INFO AddIdentifyResult: 30156,013081401915,12,
2017-04-10 08:40:03 INFO AddIdentifyResult: 30156,013081401915,10,reg/013081401915_0410083942|reg/013081401915_0410083942|reg/013081401915_
2017-04-10 08:40:03 INFO UpdateUserState: 013081401915,1
2017-04-10 08:41:15 INFO AddIdentifyResult: 30157,013081401915,-1,
2017-04-10 08:41:20 INFO AddIdentifyResult: 30157,013081401915,-3,
2017-04-10 08:42:12 INFO AddIdentifyResult: 30157,013081401915,0,ver/04/10/084356_013081401915.wav
2017-04-10 08:56:26 INFO AddIdentifyResult: 30158,013290315951,-1,
2017-04-10 08:56:33 INFO AddIdentifyResult: 30158,013290315951,-3,
2017-04-10 08:58:27 INFO AddIdentifyResult: 30158,013290315951,12,
2017-04-10 08:58:36 INFO AddIdentifyResult: 30158,013290315951,10,reg/013290315951_0410085908|reg/013290315951_0410085908|reg/013290315951_
2017-04-10 08:58:36 INFO UpdateUserState: 013290315951,1
2017-04-10 08:59:35 INFO AddIdentifyResult: 30159,013290315951,-1,
2017-04-10 08:59:42 INFO AddIdentifyResult: 30159,013290315951,-3,
2017-04-10 09:00:34 INFO AddIdentifyResult: 30159,013290315951,0,ver/04/10/090217_013290315951.wav
2017-04-10 09:09:02 INFO AddIdentifyResult: 30160,015671191277,-1,
2017-04-10 09:09:46 INFO AddIdentifyResult: 30161,015671191277,-1,
2017-04-10 09:11:04 INFO AddIdentifyResult: 30162,015671191277,-1,
2017-04-10 09:11:20 INFO AddIdentifyResult: 30162,015671191277,-3,
2017-04-10 09:13:38 INFO AddIdentifyResult: 30162,015671191277,12,
2017-04-10 09:13:44 INFO AddIdentifyResult: 30162,015671191277,10,reg/015671191277_0410091541|reg/015671191277_0410091541|reg/015671191277_0410091354
2017-04-10 09:13:45 INFO UpdateUserState: 015671191277,1
2017-04-10 09:15:15 INFO AddIdentifyResult: 30163,013290316581,-1,
2017-04-10 09:15:24 INFO AddIdentifyResult: 30163,013290316581,-3,
2017-04-10 09:17:55 INFO AddIdentifyResult: 30163,013290316581,12,
2017-04-10 09:18:02 INFO AddIdentifyResult: 30163,013290316581,10,reg/013290316581_0410091950|reg/013290316581_0410091950|reg/013290316581_0410091759
2017-04-10 09:18:03 INFO UpdateUserState: 013290316581,1
2017-04-10 09:18:33 INFO AddIdentifyResult: 30164,013290316581,-1,
2017-04-10 09:18:42 INFO AddIdentifyResult: 30164,013290316581,-3,
2017-04-10 09:19:34 INFO AddIdentifyResult: 30164,013290316581,0,ver/04/10/092117_013290316581.wav
2017-04-10 09:28:10 INFO AddIdentifyResult: 30165,015290762140,-1,
2017-04-10 09:28:30 INFO AddIdentifyResult: 30166,015290762140,-1,
2017-04-10 09:28:35 INFO AddIdentifyResult: 30166,015290762140,-3,
2017-04-10 09:29:06 INFO AddIdentifyResult: 30167,015290762140,-1,
2017-04-10 09:29:10 INFO AddIdentifyResult: 30166,015290762140,11,reg/015290762140_|reg/015290762140_|reg/015290762140_
2017-04-10 09:29:16 INFO AddIdentifyResult: 30168,015290762140,-1,
2017-04-10 09:29:22 INFO AddIdentifyResult: 30168,015290762140,-3,
2017-04-10 09:31:48 INFO AddIdentifyResult: 30168,015290762140,12,
2017-04-10 09:31:57 INFO AddIdentifyResult: 30168,015290762140,10,reg/015290762140_0410093157|reg/015290762140_0410093157|reg/015290762140_
2017-04-10 09:31:57 INFO UpdateUserState: 015290762140,1
2017-04-10 09:32:58 INFO AddIdentifyResult: 30169,015290762140,-1,
2017-04-10 09:33:07 INFO AddIdentifyResult: 30169,015290762140,-3,
2017-04-10 09:33:59 INFO AddIdentifyResult: 30169,015290762140,0,ver/04/10/093542_015290762140.wav
2017-04-10 09:37:28 INFO AddIdentifyResult: 30170,015671182415,-1,
2017-04-10 09:37:44 INFO AddIdentifyResult: 30170,015671182415,-3,
2017-04-10 09:39:27 INFO AddIdentifyResult: 30170,015671182415,12,
2017-04-10 09:39:33 INFO AddIdentifyResult: 30170,015671182415,10,reg/015671182415_0410094019|reg/015671182415_0410094019|reg/015671182415_
2017-04-10 09:39:34 INFO UpdateUserState: 015671182415,1
2017-04-10 09:45:52 INFO AddIdentifyResult: 30171,013081401801,-1,
2017-04-10 09:45:59 INFO AddIdentifyResult: 30171,013081401801,-3,
2017-04-10 09:48:35 INFO AddIdentifyResult: 30171,013081401801,12,
2017-04-10 09:48:42 INFO AddIdentifyResult: 30171,013081401801,10,reg/013081401801_0410094834|reg/013081401801_0410094834|reg/013081401801_
2017-04-10 09:48:43 INFO UpdateUserState: 013081401801,1
2017-04-10 09:48:48 INFO AddIdentifyResult: 30172,018354607240,-1,
2017-04-10 09:48:57 INFO AddIdentifyResult: 30172,018354607240,-3,
2017-04-10 09:50:51 INFO AddIdentifyResult: 30172,018354607240,12,
2017-04-10 09:50:58 INFO AddIdentifyResult: 30172,018354607240,10,reg/018354607240_0410095132|reg/018354607240_0410095132|reg/018354607240_
2017-04-10 09:50:58 INFO UpdateUserState: 018354607240,1
2017-04-10 09:51:14 INFO AddIdentifyResult: 30173,015697281277,-1,
2017-04-10 09:51:35 INFO AddIdentifyResult: 30173,015697281277,-3,
2017-04-10 09:53:21 INFO AddIdentifyResult: 30173,015697281277,12,
2017-04-10 09:53:29 INFO AddIdentifyResult: 30173,015697281277,10,reg/015697281277_0410095410|reg/015697281277_0410095410|reg/015697281277_
2017-04-10 09:53:29 INFO UpdateUserState: 015697281277,1
2017-04-10 10:00:54 INFO AddIdentifyResult: 30174,013081402097,-1,
2017-04-10 10:01:01 INFO AddIdentifyResult: 30174,013081402097,-3,
2017-04-10 10:04:17 INFO AddIdentifyResult: 30175,013290319113,-1,
2017-04-10 10:04:25 INFO AddIdentifyResult: 30175,013290319113,-3,
2017-04-10 10:05:04 INFO AddIdentifyResult: 30174,013081402097,11,reg/013081402097_|reg/013081402097_|reg/013081402097_
2017-04-10 10:06:05 INFO AddIdentifyResult: 30176,013081402097,-1,
2017-04-10 10:06:11 INFO AddIdentifyResult: 30176,013081402097,-3,
2017-04-10 10:07:00 INFO AddIdentifyResult: 30175,013290319113,12,
2017-04-10 10:07:07 INFO AddIdentifyResult: 30175,013290319113,10,reg/013290319113_0410100839|reg/013290319113_0410100839|reg/013290319113_0410100659
2017-04-10 10:07:07 INFO UpdateUserState: 013290319113,1
2017-04-10 10:08:20 INFO AddIdentifyResult: 30177,013290319113,-1,
2017-04-10 10:08:26 INFO AddIdentifyResult: 30177,013290319113,-3,
2017-04-10 10:09:09 INFO AddIdentifyResult: 30176,013081402097,12,
2017-04-10 10:09:15 INFO AddIdentifyResult: 30176,013081402097,10,reg/013081402097_0410101104|reg/013081402097_0410101104|reg/013081402097_0410100846
2017-04-10 10:09:16 INFO UpdateUserState: 013081402097,1
2017-04-10 10:09:17 INFO AddIdentifyResult: 30177,013290319113,0,ver/04/10/101101_013290319113.wav
2017-04-10 10:15:11 INFO AddIdentifyResult: 30178,013405463452,-1,
2017-04-10 10:16:34 INFO AddIdentifyResult: 30179,013081406269,-1,
2017-04-10 10:16:43 INFO AddIdentifyResult: 30179,013081406269,-3,
2017-04-10 10:18:14 INFO AddIdentifyResult: 30179,013081406269,11,reg/013081406269_|reg/013081406269_|reg/013081406269_
2017-04-10 10:18:28 INFO AddIdentifyResult: 30180,013405463452,-1,
2017-04-10 10:18:34 INFO AddIdentifyResult: 30181,013081406269,-1,
2017-04-10 10:19:34 INFO AddIdentifyResult: 30182,013081406269,-1,
2017-04-10 10:19:39 INFO AddIdentifyResult: 30182,013081406269,-3,
2017-04-10 10:20:17 INFO AddIdentifyResult: 30183,015305463452,-1,
2017-04-10 10:20:26 INFO AddIdentifyResult: 30183,015305463452,-3,
2017-04-10 10:22:08 INFO AddIdentifyResult: 30182,013081406269,12,
2017-04-10 10:22:17 INFO AddIdentifyResult: 30182,013081406269,10,reg/013081406269_0410102214|reg/013081406269_0410102214|reg/013081406269_
2017-04-10 10:22:17 INFO UpdateUserState: 013081406269,1
2017-04-10 10:22:23 INFO AddIdentifyResult: 30184,013081406269,-1,
2017-04-10 10:22:28 INFO AddIdentifyResult: 30184,013081406269,-3,
2017-04-10 10:23:01 INFO AddIdentifyResult: 30183,015305463452,12,
2017-04-10 10:23:09 INFO AddIdentifyResult: 30183,015305463452,10,reg/015305463452_0410102301|reg/015305463452_0410102301|reg/015305463452_
2017-04-10 10:23:09 INFO UpdateUserState: 015305463452,1
2017-04-10 10:23:20 INFO AddIdentifyResult: 30184,013081406269,0,ver/04/10/102504_013081406269.wav
2017-04-10 10:45:12 INFO AddIdentifyResult: 30185,013290319017,-1,
2017-04-10 10:45:49 INFO AddIdentifyResult: 30186,013290319017,-1,
2017-04-10 10:47:18 INFO AddIdentifyResult: 30187,013290319017,-1,
2017-04-10 10:47:23 INFO AddIdentifyResult: 30187,013290319017,-3,
2017-04-10 10:49:57 INFO AddIdentifyResult: 30187,013290319017,12,
2017-04-10 10:50:04 INFO AddIdentifyResult: 30187,013290319017,10,reg/013290319017_0410104958|reg/013290319017_0410104958|reg/013290319017_
2017-04-10 10:50:05 INFO UpdateUserState: 013290319017,1
2017-04-10 10:51:11 INFO AddIdentifyResult: 30188,013290319017,-1,
2017-04-10 10:51:15 INFO AddIdentifyResult: 30188,013290319017,-3,
2017-04-10 10:51:27 INFO AddIdentifyResult: 30188,013290319017,1,
2017-04-10 10:51:31 INFO AddIdentifyResult: 30189,013290319017,-1,
2017-04-10 10:51:41 INFO AddIdentifyResult: 30189,013290319017,-3,
2017-04-10 10:52:33 INFO AddIdentifyResult: 30189,013290319017,1,ver/04/10/105416_013290319017.wav
2017-04-10 10:53:27 INFO AddIdentifyResult: 30189,013290319017,2,ver/04/10/105509_013290319017.wav
2017-04-10 10:53:58 INFO AddIdentifyResult: 30190,013290319017,-1,
2017-04-10 10:54:03 INFO AddIdentifyResult: 30190,013290319017,-3,
2017-04-10 10:55:33 INFO AddIdentifyResult: 30191,013081406723,-1,
2017-04-10 10:55:39 INFO AddIdentifyResult: 30191,013081406723,-3,
2017-04-10 10:56:10 INFO AddIdentifyResult: 30190,013290319017,12,
2017-04-10 10:56:18 INFO AddIdentifyResult: 30190,013290319017,10,reg/013290319017_0410105638|reg/013290319017_0410105638|reg/013290319017_
2017-04-10 10:56:18 INFO UpdateUserState: 013290319017,1
2017-04-10 10:56:27 INFO AddIdentifyResult: 30192,013290319017,-1,
2017-04-10 10:56:32 INFO AddIdentifyResult: 30192,013290319017,-3,
2017-04-10 10:57:24 INFO AddIdentifyResult: 30192,013290319017,0,ver/04/10/105908_013290319017.wav
2017-04-10 10:58:46 INFO AddIdentifyResult: 30191,013081406723,12,
2017-04-10 10:58:52 INFO AddIdentifyResult: 30191,013081406723,10,reg/013081406723_0410110024|reg/013081406723_0410110024|reg/013081406723_0410105814
2017-04-10 10:58:52 INFO UpdateUserState: 013081406723,1
2017-04-10 10:59:41 INFO AddIdentifyResult: 30193,013081406723,-1,
2017-04-10 10:59:46 INFO AddIdentifyResult: 30193,013081406723,-3,
2017-04-10 11:00:38 INFO AddIdentifyResult: 30193,013081406723,0,ver/04/10/110222_013081406723.wav
2017-04-10 11:15:56 INFO AddIdentifyResult: 30194,013081408589,-1,
2017-04-10 11:16:02 INFO AddIdentifyResult: 30194,013081408589,-3,
2017-04-10 11:19:06 INFO AddIdentifyResult: 30194,013081408589,12,
2017-04-10 11:19:13 INFO AddIdentifyResult: 30194,013081408589,10,reg/013081408589_0410112047|reg/013081408589_0410112047|reg/013081408589_0410111837
2017-04-10 11:19:13 INFO UpdateUserState: 013081408589,1
2017-04-10 11:20:08 INFO AddIdentifyResult: 30195,013081408589,-1,
2017-04-10 11:20:17 INFO AddIdentifyResult: 30195,013081408589,-3,
2017-04-10 11:21:09 INFO AddIdentifyResult: 30195,013081408589,0,ver/04/10/112253_013081408589.wav
2017-04-10 12:00:28 INFO AddIdentifyResult: 30196,013295461726,-1,
2017-04-10 12:00:44 INFO AddIdentifyResult: 30196,013295461726,-3,
2017-04-10 12:02:14 INFO AddIdentifyResult: 30196,013295461726,12,
2017-04-10 12:02:21 INFO AddIdentifyResult: 30196,013295461726,10,reg/013295461726_0410120319|reg/013295461726_0410120319|reg/013295461726_
2017-04-10 12:02:22 INFO UpdateUserState: 013295461726,1
2017-04-10 12:02:48 INFO AddIdentifyResult: 30197,013295461726,-1,
2017-04-10 12:03:01 INFO AddIdentifyResult: 30197,013295461726,-3,
2017-04-10 12:03:53 INFO AddIdentifyResult: 30197,013295461726,0,ver/04/10/120536_013295461726.wav
2017-04-10 13:53:43 INFO AddIdentifyResult: 30198,013295460730,-1,
2017-04-10 13:53:50 INFO AddIdentifyResult: 30198,013295460730,-3,
2017-04-10 13:56:57 INFO AddIdentifyResult: 30198,013295460730,12,
2017-04-10 13:57:04 INFO AddIdentifyResult: 30198,013295460730,10,reg/013295460730_0410135626|reg/013295460730_0410135626|reg/013295460730_
2017-04-10 13:57:04 INFO UpdateUserState: 013295460730,1
2017-04-10 13:58:40 INFO AddIdentifyResult: 30199,013295460730,-1,
2017-04-10 13:58:49 INFO AddIdentifyResult: 30199,013295460730,-3,
2017-04-10 14:00:28 INFO AddIdentifyResult: 30199,013295460730,0,ver/04/10/140212_013295460730.wav
2017-04-10 14:17:11 INFO AddIdentifyResult: 30200,013026541559,-1,
2017-04-10 14:17:15 INFO AddIdentifyResult: 30200,013026541559,-3,
2017-04-10 14:19:06 INFO AddIdentifyResult: 30200,013026541559,12,
2017-04-10 14:19:13 INFO AddIdentifyResult: 30200,013026541559,10,reg/013026541559_0410141950|reg/013026541559_0410141950|reg/013026541559_
2017-04-10 14:19:14 INFO UpdateUserState: 013026541559,1
2017-04-10 14:19:55 INFO AddIdentifyResult: 30201,013026541559,-1,
2017-04-10 14:20:01 INFO AddIdentifyResult: 30201,013026541559,-3,
2017-04-10 14:20:53 INFO AddIdentifyResult: 30201,013026541559,0,ver/04/10/142237_013026541559.wav
2017-04-10 14:28:12 INFO AddIdentifyResult: 30202,013287319011,-1,
2017-04-10 14:28:18 INFO AddIdentifyResult: 30202,013287319011,-3,
2017-04-10 14:30:53 INFO AddIdentifyResult: 30202,013287319011,12,
2017-04-10 14:31:00 INFO AddIdentifyResult: 30202,013287319011,10,reg/013287319011_0410143249|reg/013287319011_0410143249|reg/013287319011_0410143054
2017-04-10 14:31:00 INFO UpdateUserState: 013287319011,1
2017-04-10 14:31:48 INFO AddIdentifyResult: 30203,013287319011,-1,
2017-04-10 14:31:54 INFO AddIdentifyResult: 30203,013287319011,-3,
2017-04-10 14:32:45 INFO AddIdentifyResult: 30203,013287319011,0,ver/04/10/143430_013287319011.wav
2017-04-10 14:40:38 INFO AddIdentifyResult: 30204,013081402132,-1,
2017-04-10 14:40:56 INFO AddIdentifyResult: 30204,013081402132,-3,
2017-04-10 14:41:00 INFO AddIdentifyResult: 30205,015671197517,-1,
2017-04-10 14:41:18 INFO AddIdentifyResult: 30205,015671197517,-3,
2017-04-10 14:42:56 INFO AddIdentifyResult: 30204,013081402132,12,
2017-04-10 14:43:04 INFO AddIdentifyResult: 30204,013081402132,10,reg/013081402132_0410144332|reg/013081402132_0410144332|reg/013081402132_
2017-04-10 14:43:04 INFO UpdateUserState: 013081402132,1
2017-04-10 14:43:06 INFO AddIdentifyResult: 30205,015671197517,12,
2017-04-10 14:43:13 INFO AddIdentifyResult: 30205,015671197517,10,reg/015671197517_0410144354|reg/015671197517_0410144354|reg/015671197517_
2017-04-10 14:43:13 INFO UpdateUserState: 015671197517,1
2017-04-10 14:44:09 INFO AddIdentifyResult: 30206,013081402132,-1,
2017-04-10 14:44:14 INFO AddIdentifyResult: 30206,013081402132,-3,
2017-04-10 14:45:06 INFO AddIdentifyResult: 30206,013081402132,0,ver/04/10/144650_013081402132.wav
2017-04-10 14:50:25 INFO AddIdentifyResult: 30207,013290310200,-1,
2017-04-10 14:50:30 INFO AddIdentifyResult: 30207,013290310200,-3,
2017-04-10 14:53:09 INFO AddIdentifyResult: 30207,013290310200,12,
2017-04-10 14:53:16 INFO AddIdentifyResult: 30207,013290310200,10,reg/013290310200_0410145306|reg/013290310200_0410145306|reg/013290310200_
2017-04-10 14:53:16 INFO UpdateUserState: 013290310200,1
2017-04-10 14:53:52 INFO AddIdentifyResult: 30208,013290310200,-1,
2017-04-10 14:53:57 INFO AddIdentifyResult: 30208,013290310200,-3,
2017-04-10 14:54:49 INFO AddIdentifyResult: 30208,013290310200,0,ver/04/10/145634_013290310200.wav
2017-04-10 15:06:40 INFO AddIdentifyResult: 30209,013290317336,-1,
2017-04-10 15:06:51 INFO AddIdentifyResult: 30209,013290317336,-3,
2017-04-10 15:08:41 INFO AddIdentifyResult: 30209,013290317336,12,
2017-04-10 15:08:49 INFO AddIdentifyResult: 30209,013290317336,10,reg/013290317336_0410150927|reg/013290317336_0410150927|reg/013290317336_
2017-04-10 15:08:50 INFO UpdateUserState: 013290317336,1
2017-04-10 15:09:39 INFO AddIdentifyResult: 30210,013290317336,-1,
2017-04-10 15:09:47 INFO AddIdentifyResult: 30210,013290317336,-3,
2017-04-10 15:10:39 INFO AddIdentifyResult: 30210,013290317336,0,ver/04/10/151223_013290317336.wav
2017-04-10 15:43:14 INFO AddIdentifyResult: 30211,013287377693,-1,
2017-04-10 15:43:24 INFO AddIdentifyResult: 30211,013287377693,-3,
2017-04-10 15:45:05 INFO AddIdentifyResult: 30211,013287377693,12,
2017-04-10 15:45:12 INFO AddIdentifyResult: 30211,013287377693,10,reg/013287377693_0410154600|reg/013287377693_0410154600|reg/013287377693_
2017-04-10 15:45:13 INFO UpdateUserState: 013287377693,1
2017-04-10 15:46:06 INFO AddIdentifyResult: 30212,013287377693,-1,
2017-04-10 15:46:15 INFO AddIdentifyResult: 30212,013287377693,-3,
2017-04-10 15:47:06 INFO AddIdentifyResult: 30212,013287377693,0,ver/04/10/154851_013287377693.wav
2017-04-10 16:01:12 INFO AddIdentifyResult: 30213,013081405191,-1,
2017-04-10 16:01:21 INFO AddIdentifyResult: 30213,013081405191,-3,
2017-04-10 16:03:17 INFO AddIdentifyResult: 30213,013081405191,12,
2017-04-10 16:03:24 INFO AddIdentifyResult: 30213,013081405191,10,reg/013081405191_0410160357|reg/013081405191_0410160357|reg/013081405191_
2017-04-10 16:03:24 INFO UpdateUserState: 013081405191,1
2017-04-10 16:04:17 INFO AddIdentifyResult: 30214,013081405191,-1,
2017-04-10 16:04:24 INFO AddIdentifyResult: 30214,013081405191,-3,
2017-04-10 16:05:16 INFO AddIdentifyResult: 30214,013081405191,0,ver/04/10/160700_013081405191.wav
2017-04-10 16:15:36 INFO AddIdentifyResult: 30215,013081401633,-1,
2017-04-10 16:15:43 INFO AddIdentifyResult: 30215,013081401633,-3,
2017-04-10 16:17:53 INFO AddIdentifyResult: 30215,013081401633,12,
2017-04-10 16:18:00 INFO AddIdentifyResult: 30215,013081401633,10,reg/013081401633_0410161955|reg/013081401633_0410161955|reg/013081401633_0410161819
2017-04-10 16:18:00 INFO UpdateUserState: 013081401633,1
2017-04-10 16:19:44 INFO AddIdentifyResult: 30216,013081401633,-1,
2017-04-10 16:19:49 INFO AddIdentifyResult: 30216,013081401633,-3,
2017-04-10 16:20:41 INFO AddIdentifyResult: 30216,013081401633,0,ver/04/10/162226_013081401633.wav
2017-04-10 16:28:24 INFO AddIdentifyResult: 30217,013026541683,-1,
2017-04-10 16:28:29 INFO AddIdentifyResult: 30217,013026541683,-3,
2017-04-10 16:31:22 INFO AddIdentifyResult: 30217,013026541683,12,
2017-04-10 16:31:29 INFO AddIdentifyResult: 30217,013026541683,10,reg/013026541683_0410163323|reg/013026541683_0410163323|reg/013026541683_0410163105
2017-04-10 16:31:29 INFO UpdateUserState: 013026541683,1
2017-04-10 16:31:53 INFO AddIdentifyResult: 30218,013026541683,-1,
2017-04-10 16:32:01 INFO AddIdentifyResult: 30218,013026541683,-3,
2017-04-10 16:32:52 INFO AddIdentifyResult: 30218,013026541683,0,ver/04/10/163437_013026541683.wav
2017-04-10 16:35:37 INFO AddIdentifyResult: 30219,013081406765,-1,
2017-04-10 16:35:46 INFO AddIdentifyResult: 30219,013081406765,-3,
2017-04-10 16:38:22 INFO AddIdentifyResult: 30219,013081406765,12,
2017-04-10 16:38:30 INFO AddIdentifyResult: 30219,013081406765,10,reg/013081406765_0410163822|reg/013081406765_0410163822|reg/013081406765_
2017-04-10 16:38:30 INFO UpdateUserState: 013081406765,1
2017-04-10 16:39:19 INFO AddIdentifyResult: 30220,013081406765,-1,
2017-04-10 16:39:27 INFO AddIdentifyResult: 30220,013081406765,-3,
2017-04-10 16:40:19 INFO AddIdentifyResult: 30220,013081406765,0,ver/04/10/164204_013081406765.wav
2017-04-10 16:51:29 INFO AddIdentifyResult: 30221,013081401758,-1,
2017-04-10 16:51:37 INFO AddIdentifyResult: 30221,013081401758,-3,
2017-04-10 16:53:16 INFO AddIdentifyResult: 30221,013081401758,12,
2017-04-10 16:53:23 INFO AddIdentifyResult: 30221,013081401758,10,reg/013081401758_0410165413|reg/013081401758_0410165413|reg/013081401758_
2017-04-10 16:53:23 INFO UpdateUserState: 013081401758,1
2017-04-10 16:54:26 INFO AddIdentifyResult: 30222,013081401758,-1,
2017-04-10 16:54:32 INFO AddIdentifyResult: 30222,013081401758,-3,
2017-04-10 16:55:24 INFO AddIdentifyResult: 30222,013081401758,0,ver/04/10/165709_013081401758.wav
2017-04-10 16:56:43 INFO AddIdentifyResult: 30223,13081403301,-1,
2017-04-10 16:57:17 INFO AddIdentifyResult: 30224,013081403301,-1,
2017-04-10 16:57:23 INFO AddIdentifyResult: 30224,013081403301,-3,
2017-04-10 16:59:50 INFO AddIdentifyResult: 30224,013081403301,12,
2017-04-10 16:59:56 INFO AddIdentifyResult: 30224,013081403301,10,reg/013081403301_0410170200|reg/013081403301_0410170200|reg/013081403301_0410165959
2017-04-10 16:59:56 INFO UpdateUserState: 013081403301,1
2017-04-10 17:00:35 INFO AddIdentifyResult: 30225,013605463903,-1,
2017-04-10 17:00:44 INFO AddIdentifyResult: 30225,013605463903,-3,
2017-04-10 17:03:42 INFO AddIdentifyResult: 30225,013605463903,12,
2017-04-10 17:03:52 INFO AddIdentifyResult: 30226,013605463903,-4,2
2017-04-10 17:03:53 INFO AddIdentifyResult: 30225,013605463903,10,reg/013605463903_0410170320|reg/013605463903_0410170320|reg/013605463903_
2017-04-10 17:03:54 INFO UpdateUserState: 013605463903,1
2017-04-10 17:04:11 INFO AddIdentifyResult: 30227,013605463903,-1,
2017-04-10 17:04:18 INFO AddIdentifyResult: 30227,013605463903,-3,
2017-04-10 17:05:10 INFO AddIdentifyResult: 30227,013605463903,1,ver/04/10/170655_013605463903.wav
2017-04-10 17:06:07 INFO AddIdentifyResult: 30227,013605463903,0,ver/04/10/170750_013605463903.wav
