2017-03-11 09:04:03 INFO AddIdentifyResult: 21689,013280378620,-1,
2017-03-11 09:04:08 INFO AddIdentifyResult: 21689,013280378620,-3,
2017-03-11 09:05:34 INFO AddIdentifyResult: 21689,013280378620,12,
2017-03-11 09:05:41 INFO AddIdentifyResult: 21689,013280378620,10,reg/013280378620_0311090632|reg/013280378620_0311090632|reg/013280378620_
2017-03-11 09:05:41 INFO UpdateUserState: 013280378620,1
2017-03-11 09:06:50 INFO AddIdentifyResult: 21690,013280378620,-1,
2017-03-11 09:06:56 INFO AddIdentifyResult: 21690,013280378620,-3,
2017-03-11 09:07:45 INFO AddIdentifyResult: 21690,013280378620,0,ver/03/11/090920_013280378620.wav
2017-03-11 09:09:23 INFO AddIdentifyResult: 21691,013280378620,-1,
2017-03-11 09:09:27 INFO AddIdentifyResult: 21691,013280378620,-3,
2017-03-11 09:10:19 INFO AddIdentifyResult: 21691,013280378620,0,ver/03/11/091151_013280378620.wav
2017-03-11 10:38:09 INFO AddIdentifyResult: 0,18162832386,1,
2017-03-11 10:46:17 INFO AddIdentifyResult: 21693,013285460801,-1,
2017-03-11 10:46:35 INFO AddIdentifyResult: 21693,013285460801,-3,
2017-03-11 10:48:12 INFO AddIdentifyResult: 21693,013285460801,12,
2017-03-11 10:48:19 INFO AddIdentifyResult: 21693,013285460801,10,reg/013285460801_0311104859|reg/013285460801_0311104859|reg/013285460801_
2017-03-11 10:48:19 INFO UpdateUserState: 013285460801,1
2017-03-11 10:48:42 INFO AddIdentifyResult: 21694,013285460801,-1,
2017-03-11 10:48:52 INFO AddIdentifyResult: 21694,013285460801,-3,
2017-03-11 10:49:44 INFO AddIdentifyResult: 21694,013285460801,0,ver/03/11/105117_013285460801.wav
2017-03-11 13:58:15 INFO AddIdentifyResult: 21695,013001560228,-1,
2017-03-11 13:58:28 INFO AddIdentifyResult: 21695,013001560228,-3,
2017-03-11 14:00:44 INFO AddIdentifyResult: 21695,013001560228,12,
2017-03-11 14:00:51 INFO AddIdentifyResult: 21695,013001560228,10,reg/013001560228_0311140238|reg/013001560228_0311140238|reg/013001560228_0311140053
2017-03-11 14:00:51 INFO UpdateUserState: 013001560228,1
2017-03-11 14:13:31 INFO AddIdentifyResult: 21696,013280369890,-1,
2017-03-11 14:13:45 INFO AddIdentifyResult: 21696,013280369890,-3,
2017-03-11 14:13:53 INFO AddIdentifyResult: 21696,013280369890,11,reg/013280369890_|reg/013280369890_|reg/013280369890_
2017-03-11 14:14:41 INFO AddIdentifyResult: 21697,013280375093,-1,
2017-03-11 14:14:49 INFO AddIdentifyResult: 21697,013280375093,-3,
2017-03-11 14:16:15 INFO AddIdentifyResult: 21697,013280375093,12,
2017-03-11 14:16:22 INFO AddIdentifyResult: 21697,013280375093,10,reg/013280375093_0311141714|reg/013280375093_0311141714|reg/013280375093_
2017-03-11 14:16:23 INFO UpdateUserState: 013280375093,1
2017-03-11 14:16:33 INFO AddIdentifyResult: 21698,013280375093,-1,
2017-03-11 14:16:39 INFO AddIdentifyResult: 21698,013280375093,-3,
2017-03-11 14:17:36 INFO AddIdentifyResult: 21698,013280375093,1,
2017-03-11 14:18:45 INFO AddIdentifyResult: 21699,013280375093,-1,
2017-03-11 14:18:54 INFO AddIdentifyResult: 21699,013280375093,-3,
2017-03-11 14:20:36 INFO AddIdentifyResult: 21699,013280375093,12,
2017-03-11 14:20:44 INFO AddIdentifyResult: 21699,013280375093,10,reg/013280375093_0311142119|reg/013280375093_0311142119|reg/013280375093_
2017-03-11 14:20:44 INFO UpdateUserState: 013280375093,1
2017-03-11 14:21:20 INFO AddIdentifyResult: 21700,013280369890,-1,
2017-03-11 14:21:27 INFO AddIdentifyResult: 21700,013280369890,-3,
2017-03-11 14:21:35 INFO AddIdentifyResult: 21700,013280369890,11,reg/013280369890_|reg/013280369890_|reg/013280369890_
2017-03-11 14:21:44 INFO AddIdentifyResult: 21701,013280369890,-1,
2017-03-11 14:21:49 INFO AddIdentifyResult: 21701,013280369890,-3,
2017-03-11 14:23:47 INFO AddIdentifyResult: 21701,013280369890,12,
2017-03-11 14:23:55 INFO AddIdentifyResult: 21701,013280369890,10,reg/013280369890_0311142414|reg/013280369890_0311142414|reg/013280369890_
2017-03-11 14:23:55 INFO UpdateUserState: 013280369890,1
2017-03-11 16:56:26 INFO AddIdentifyResult: 0,013135957397,1,
