2017-01-23 07:47:16 INFO AddIdentifyResult: 0,013280320179,1,
2017-01-23 08:50:06 INFO AddIdentifyResult: 15052,015607226533,-1,
2017-01-23 08:50:17 INFO AddIdentifyResult: 15052,015607226533,-3,
2017-01-23 08:53:28 INFO AddIdentifyResult: 15052,015607226533,12,
2017-01-23 08:53:35 INFO AddIdentifyResult: 15052,015607226533,10,reg/015607226533_0123085429|reg/015607226533_0123085429|reg/015607226533_0123085214
2017-01-23 08:53:36 INFO UpdateUserState: 015607226533,1
2017-01-23 08:53:53 INFO AddIdentifyResult: 15053,015607226533,-1,
2017-01-23 08:54:02 INFO AddIdentifyResult: 15053,015607226533,-3,
2017-01-23 08:54:54 INFO AddIdentifyResult: 15053,015607226533,0,ver/01/23/085600_015607226533.wav
2017-01-23 09:10:59 INFO AddIdentifyResult: 15054,015607226631,-1,
2017-01-23 09:11:08 INFO AddIdentifyResult: 15054,015607226631,-3,
2017-01-23 09:13:29 INFO AddIdentifyResult: 15054,015607226631,12,
2017-01-23 09:13:37 INFO AddIdentifyResult: 15054,015607226631,10,reg/015607226631_0123091305|reg/015607226631_0123091305|reg/015607226631_
2017-01-23 09:13:37 INFO UpdateUserState: 015607226631,1
2017-01-23 09:13:54 INFO AddIdentifyResult: 15055,015607226631,-1,
2017-01-23 09:14:05 INFO AddIdentifyResult: 15055,015607226631,-3,
2017-01-23 09:14:57 INFO AddIdentifyResult: 15055,015607226631,0,ver/01/23/091603_015607226631.wav
2017-01-23 09:29:05 INFO AddIdentifyResult: 15056,015629288511,-1,
2017-01-23 09:29:15 INFO AddIdentifyResult: 15056,015629288511,-3,
2017-01-23 09:31:37 INFO AddIdentifyResult: 15056,015629288511,12,
2017-01-23 09:31:48 INFO AddIdentifyResult: 15056,015629288511,10,reg/015629288511_0123093112|reg/015629288511_0123093112|reg/015629288511_
2017-01-23 09:31:49 INFO UpdateUserState: 015629288511,1
2017-01-23 09:32:01 INFO AddIdentifyResult: 15057,015629288511,-1,
2017-01-23 09:32:09 INFO AddIdentifyResult: 15057,015629288511,-3,
2017-01-23 09:33:02 INFO AddIdentifyResult: 15057,015629288511,0,ver/01/23/093407_015629288511.wav
2017-01-23 09:42:32 INFO AddIdentifyResult: 15058,015629286671,-1,
2017-01-23 09:42:47 INFO AddIdentifyResult: 15058,015629286671,-3,
2017-01-23 09:45:42 INFO AddIdentifyResult: 15058,015629286671,12,
2017-01-23 09:45:53 INFO AddIdentifyResult: 15058,015629286671,10,reg/015629286671_0123094445|reg/015629286671_0123094445|reg/015629286671_
2017-01-23 09:45:53 INFO UpdateUserState: 015629286671,1
2017-01-23 09:46:09 INFO AddIdentifyResult: 15059,015629286671,-1,
2017-01-23 09:46:19 INFO AddIdentifyResult: 15059,015629286671,-3,
2017-01-23 09:47:12 INFO AddIdentifyResult: 15059,015629286671,0,ver/01/23/094817_015629286671.wav
2017-01-23 10:03:37 INFO AddIdentifyResult: 15060,015629286700,-1,
2017-01-23 10:03:52 INFO AddIdentifyResult: 15060,015629286700,-3,
2017-01-23 10:05:45 INFO AddIdentifyResult: 15060,015629286700,12,
2017-01-23 10:05:53 INFO AddIdentifyResult: 15060,015629286700,10,reg/015629286700_0123100550|reg/015629286700_0123100550|reg/015629286700_
2017-01-23 10:05:53 INFO UpdateUserState: 015629286700,1
2017-01-23 10:06:07 INFO AddIdentifyResult: 15061,015629286700,-1,
2017-01-23 10:06:19 INFO AddIdentifyResult: 15061,015629286700,-3,
2017-01-23 10:07:11 INFO AddIdentifyResult: 15061,015629286700,0,ver/01/23/100817_015629286700.wav
2017-01-23 10:49:12 INFO AddIdentifyResult: 15062,015629285100,-1,
2017-01-23 10:49:22 INFO AddIdentifyResult: 15062,015629285100,-3,
2017-01-23 10:51:36 INFO AddIdentifyResult: 15062,015629285100,12,
2017-01-23 10:51:43 INFO AddIdentifyResult: 15062,015629285100,10,reg/015629285100_0123105120|reg/015629285100_0123105120|reg/015629285100_
2017-01-23 10:51:44 INFO UpdateUserState: 015629285100,1
2017-01-23 10:52:02 INFO AddIdentifyResult: 15063,015629285100,-1,
2017-01-23 10:52:11 INFO AddIdentifyResult: 15063,015629285100,-3,
2017-01-23 10:53:02 INFO AddIdentifyResult: 15063,015629285100,0,ver/01/23/105409_015629285100.wav
2017-01-23 10:55:41 INFO AddIdentifyResult: 15064,015629281457,-1,
2017-01-23 10:55:50 INFO AddIdentifyResult: 15064,015629281457,-3,
2017-01-23 10:57:28 INFO AddIdentifyResult: 15064,015629281457,12,
2017-01-23 10:57:35 INFO AddIdentifyResult: 15064,015629281457,10,reg/015629281457_0123105748|reg/015629281457_0123105748|reg/015629281457_
2017-01-23 10:57:35 INFO UpdateUserState: 015629281457,1
2017-01-23 10:57:51 INFO AddIdentifyResult: 15065,015629281457,-1,
2017-01-23 10:57:59 INFO AddIdentifyResult: 15065,015629281457,-3,
2017-01-23 10:58:51 INFO AddIdentifyResult: 15065,015629281457,0,ver/01/23/105957_015629281457.wav
2017-01-23 11:02:23 INFO AddIdentifyResult: 15066,018608661835,-1,
2017-01-23 11:02:32 INFO AddIdentifyResult: 15066,018608661835,-3,
2017-01-23 11:04:11 INFO AddIdentifyResult: 15066,018608661835,11,reg/018608661835_|reg/018608661835_|reg/018608661835_
2017-01-23 11:04:20 INFO AddIdentifyResult: 15067,018608661835,-1,
2017-01-23 11:04:28 INFO AddIdentifyResult: 15067,018608661835,-3,
2017-01-23 11:06:53 INFO AddIdentifyResult: 15067,018608661835,12,
2017-01-23 11:07:02 INFO AddIdentifyResult: 15067,018608661835,10,reg/018608661835_0123110745|reg/018608661835_0123110745|reg/018608661835_0123110626
2017-01-23 11:07:02 INFO UpdateUserState: 018608661835,1
2017-01-23 11:07:13 INFO AddIdentifyResult: 15068,018608661835,-1,
2017-01-23 11:07:21 INFO AddIdentifyResult: 15068,018608661835,-3,
2017-01-23 11:08:13 INFO AddIdentifyResult: 15068,018608661835,0,ver/01/23/110919_018608661835.wav
2017-01-23 11:12:38 INFO AddIdentifyResult: 15069,015629282291,-1,
2017-01-23 11:12:47 INFO AddIdentifyResult: 15069,015629282291,-3,
2017-01-23 11:15:02 INFO AddIdentifyResult: 15069,015629282291,12,
2017-01-23 11:15:11 INFO AddIdentifyResult: 15069,015629282291,10,reg/015629282291_0123111444|reg/015629282291_0123111444|reg/015629282291_
2017-01-23 11:15:11 INFO UpdateUserState: 015629282291,1
2017-01-23 11:15:32 INFO AddIdentifyResult: 15070,015629282291,-1,
2017-01-23 11:22:27 INFO AddIdentifyResult: 15071,015629282291,-1,
2017-01-23 11:22:40 INFO AddIdentifyResult: 15071,015629282291,-3,
2017-01-23 11:23:32 INFO AddIdentifyResult: 15071,015629282291,0,ver/01/23/112438_015629282291.wav
2017-01-23 11:33:18 INFO AddIdentifyResult: 15072,18972668101,-1,
2017-01-23 11:33:26 INFO AddIdentifyResult: 15072,18972668101,-3,
2017-01-23 11:35:01 INFO AddIdentifyResult: 15072,18972668101,12,
2017-01-23 11:35:07 INFO AddIdentifyResult: 15072,18972668101,10,reg/18972668101_0123113634|reg/18972668101_0123113634|reg/18972668101_0123113524
2017-01-23 11:35:08 INFO UpdateUserState: 18972668101,1
2017-01-23 11:36:25 INFO AddIdentifyResult: 0,18972668101,0,ver/01/23/113736_18972668101.wav
2017-01-23 11:39:02 INFO AddIdentifyResult: 15074,13172255533,-1,
2017-01-23 11:40:09 INFO AddIdentifyResult: 15075,1317725553,-1,
2017-01-23 11:40:35 INFO AddIdentifyResult: 15076,13177255533,-1,
2017-01-23 11:40:45 INFO AddIdentifyResult: 15076,13177255533,-3,
2017-01-23 11:42:29 INFO AddIdentifyResult: 15076,13177255533,12,
2017-01-23 11:42:35 INFO AddIdentifyResult: 15076,13177255533,10,reg/13177255533_0123114243|reg/13177255533_0123114243|reg/13177255533_
2017-01-23 11:42:36 INFO UpdateUserState: 13177255533,1
2017-01-23 11:42:54 INFO AddIdentifyResult: 15077,13177255533,-1,
2017-01-23 11:43:10 INFO AddIdentifyResult: 15077,13177255533,-3,
2017-01-23 11:43:29 INFO AddIdentifyResult: 15077,13177255533,1,
2017-01-23 11:45:17 INFO AddIdentifyResult: 15078,13177255533,-1,
2017-01-23 11:45:30 INFO AddIdentifyResult: 15078,13177255533,-3,
2017-01-23 11:45:51 INFO AddIdentifyResult: 15079,015607228615,-1,
2017-01-23 11:46:02 INFO AddIdentifyResult: 15079,015607228615,-3,
2017-01-23 11:46:22 INFO AddIdentifyResult: 15078,13177255533,0,ver/01/23/114729_13177255533.wav
2017-01-23 11:47:45 INFO AddIdentifyResult: 15079,015607228615,12,
2017-01-23 11:47:52 INFO AddIdentifyResult: 15079,015607228615,10,reg/015607228615_0123114800|reg/015607228615_0123114800|reg/015607228615_
2017-01-23 11:47:52 INFO UpdateUserState: 015607228615,1
2017-01-23 11:48:04 INFO AddIdentifyResult: 15080,015607228615,-1,
2017-01-23 11:48:14 INFO AddIdentifyResult: 15080,015607228615,-3,
2017-01-23 11:49:07 INFO AddIdentifyResult: 15080,015607228615,0,ver/01/23/115013_015607228615.wav
2017-01-23 11:49:31 INFO AddIdentifyResult: 15081,17786541083,-4,2
2017-01-23 11:49:47 INFO AddIdentifyResult: 15082,17786541083,-4,2
2017-01-23 11:52:12 INFO AddIdentifyResult: 15083,17786541083,-1,
2017-01-23 11:53:15 INFO AddIdentifyResult: 15084,17786541083,-1,
2017-01-23 11:54:03 INFO AddIdentifyResult: 15085,17786541083,-1,
2017-01-23 11:55:43 INFO AddIdentifyResult: 15086,13172255533,-1,
2017-01-23 11:56:27 INFO AddIdentifyResult: 15087,13172255533,-1,
2017-01-23 11:57:53 INFO AddIdentifyResult: 15088,13172255533,-4,2
2017-01-23 11:58:22 INFO AddIdentifyResult: 15089,13172255533,-1,
2017-01-23 11:59:59 INFO AddIdentifyResult: 15090,13177255533,-1,
2017-01-23 12:00:43 INFO AddIdentifyResult: 15090,13177255533,-3,
2017-01-23 12:02:07 INFO AddIdentifyResult: 15090,13177255533,12,
2017-01-23 12:02:14 INFO AddIdentifyResult: 15090,13177255533,10,reg/13177255533_0123120241|reg/13177255533_0123120241|reg/13177255533_
2017-01-23 12:02:14 INFO UpdateUserState: 13177255533,1
2017-01-23 12:03:41 INFO AddIdentifyResult: 0,13177255533,0,ver/01/23/120452_13177255533.wav
2017-01-23 15:01:23 INFO AddIdentifyResult: 15092,015629286255,-1,
2017-01-23 15:01:37 INFO AddIdentifyResult: 15092,015629286255,-3,
2017-01-23 15:03:51 INFO AddIdentifyResult: 15092,015629286255,12,
2017-01-23 15:04:00 INFO AddIdentifyResult: 15092,015629286255,10,reg/015629286255_0123150335|reg/015629286255_0123150335|reg/015629286255_
2017-01-23 15:04:00 INFO UpdateUserState: 015629286255,1
2017-01-23 15:04:29 INFO AddIdentifyResult: 15093,015629286255,-1,
2017-01-23 15:04:36 INFO AddIdentifyResult: 15093,015629286255,-3,
2017-01-23 15:05:28 INFO AddIdentifyResult: 15093,015629286255,0,ver/01/23/150635_015629286255.wav
2017-01-23 15:07:59 INFO AddIdentifyResult: 15094,015629284886,-1,
2017-01-23 15:08:17 INFO AddIdentifyResult: 15094,015629284886,-3,
2017-01-23 15:10:33 INFO AddIdentifyResult: 15094,015629284886,12,
2017-01-23 15:10:44 INFO AddIdentifyResult: 15094,015629284886,10,reg/015629284886_0123151015|reg/015629284886_0123151015|reg/015629284886_
2017-01-23 15:10:44 INFO UpdateUserState: 015629284886,1
2017-01-23 15:11:04 INFO AddIdentifyResult: 15095,015629284886,-1,
2017-01-23 15:11:12 INFO AddIdentifyResult: 15095,015629284886,-3,
2017-01-23 15:12:05 INFO AddIdentifyResult: 15095,015629284886,0,ver/01/23/151311_015629284886.wav
2017-01-23 15:49:45 INFO AddIdentifyResult: 15096,015607226131,-1,
2017-01-23 15:49:57 INFO AddIdentifyResult: 15096,015607226131,-3,
2017-01-23 15:53:18 INFO AddIdentifyResult: 15096,015607226131,12,
2017-01-23 15:53:26 INFO AddIdentifyResult: 15096,015607226131,10,reg/015607226131_0123155405|reg/015607226131_0123155405|reg/015607226131_0123155156
2017-01-23 15:53:26 INFO UpdateUserState: 015607226131,1
2017-01-23 15:53:43 INFO AddIdentifyResult: 15097,015607226131,-1,
2017-01-23 15:53:55 INFO AddIdentifyResult: 15097,015607226131,-3,
2017-01-23 15:54:46 INFO AddIdentifyResult: 15097,015607226131,0,ver/01/23/155554_015607226131.wav
2017-01-23 16:36:26 INFO AddIdentifyResult: 15098,015607221385,-1,
2017-01-23 16:37:00 INFO AddIdentifyResult: 15099,015607221385,-1,
2017-01-23 16:37:19 INFO AddIdentifyResult: 15099,015607221385,-3,
2017-01-23 16:39:42 INFO AddIdentifyResult: 15099,015607221385,12,
2017-01-23 16:39:48 INFO AddIdentifyResult: 15099,015607221385,10,reg/015607221385_0123164107|reg/015607221385_0123164107|reg/015607221385_0123163918
2017-01-23 16:39:49 INFO UpdateUserState: 015607221385,1
2017-01-23 16:40:01 INFO AddIdentifyResult: 15100,015607221385,-1,
2017-01-23 16:40:17 INFO AddIdentifyResult: 15100,015607221385,-3,
2017-01-23 16:41:08 INFO AddIdentifyResult: 15100,015607221385,0,ver/01/23/164216_015607221385.wav
