2017-03-25 08:51:42 INFO AddIdentifyResult: 26946,013013561583,-1,
2017-03-25 08:51:56 INFO AddIdentifyResult: 26946,013013561583,-3,
2017-03-25 08:53:50 INFO AddIdentifyResult: 26946,013013561583,12,
2017-03-25 08:53:56 INFO AddIdentifyResult: 26946,013013561583,10,reg/013013561583_0325085421|reg/013013561583_0325085421|reg/013013561583_
2017-03-25 08:53:56 INFO UpdateUserState: 013013561583,1
2017-03-25 08:59:00 INFO AddIdentifyResult: 26947,013280377620,-1,
2017-03-25 08:59:07 INFO AddIdentifyResult: 26947,013280377620,-3,
2017-03-25 09:01:10 INFO AddIdentifyResult: 26947,013280377620,12,
2017-03-25 09:01:16 INFO AddIdentifyResult: 26947,013280377620,10,reg/013280377620_0325090309|reg/013280377620_0325090309|reg/013280377620_0325090132
2017-03-25 09:01:16 INFO UpdateUserState: 013280377620,1
2017-03-25 09:01:51 INFO AddIdentifyResult: 26948,013280377620,-1,
2017-03-25 09:02:00 INFO AddIdentifyResult: 26948,013280377620,-3,
2017-03-25 09:02:52 INFO AddIdentifyResult: 26948,013280377620,0,ver/03/25/090426_013280377620.wav
2017-03-25 09:08:50 INFO AddIdentifyResult: 26949,013012918981,-1,
2017-03-25 09:09:11 INFO AddIdentifyResult: 26949,013012918981,-3,
2017-03-25 09:11:29 INFO AddIdentifyResult: 26949,013012918981,12,
2017-03-25 09:11:36 INFO AddIdentifyResult: 26949,013012918981,10,reg/013012918981_0325091317|reg/013012918981_0325091317|reg/013012918981_0325091136
2017-03-25 09:11:36 INFO UpdateUserState: 013012918981,1
2017-03-25 09:13:40 INFO AddIdentifyResult: 26950,013561075243,-1,
2017-03-25 09:13:58 INFO AddIdentifyResult: 26950,013561075243,-3,
2017-03-25 09:15:51 INFO AddIdentifyResult: 26950,013561075243,12,
2017-03-25 09:15:58 INFO AddIdentifyResult: 26950,013561075243,10,reg/013561075243_0325091623|reg/013561075243_0325091623|reg/013561075243_
2017-03-25 09:15:58 INFO UpdateUserState: 013561075243,1
2017-03-25 09:17:31 INFO AddIdentifyResult: 26951,013012918981,-1,
2017-03-25 09:17:56 INFO AddIdentifyResult: 26951,013012918981,-3,
2017-03-25 09:18:48 INFO AddIdentifyResult: 26951,013012918981,0,ver/03/25/092021_013012918981.wav
2017-03-25 09:23:19 INFO AddIdentifyResult: 26952,013012918622,-1,
2017-03-25 09:23:30 INFO AddIdentifyResult: 26952,013012918622,-3,
2017-03-25 09:24:44 INFO AddIdentifyResult: 26953,013285460831,-1,
2017-03-25 09:24:51 INFO AddIdentifyResult: 26953,013285460831,-3,
2017-03-25 09:25:24 INFO AddIdentifyResult: 26952,013012918622,12,
2017-03-25 09:25:32 INFO AddIdentifyResult: 26952,013012918622,10,reg/013012918622_0325092555|reg/013012918622_0325092555|reg/013012918622_
2017-03-25 09:25:32 INFO UpdateUserState: 013012918622,1
2017-03-25 09:27:33 INFO AddIdentifyResult: 26953,013285460831,12,
2017-03-25 09:27:40 INFO AddIdentifyResult: 26953,013285460831,10,reg/013285460831_0325092716|reg/013285460831_0325092716|reg/013285460831_
2017-03-25 09:27:40 INFO UpdateUserState: 013285460831,1
2017-03-25 09:27:58 INFO AddIdentifyResult: 26954,013963363848,-1,
2017-03-25 09:28:12 INFO AddIdentifyResult: 26954,013963363848,-3,
2017-03-25 09:29:45 INFO AddIdentifyResult: 26955,013816492190,-1,
2017-03-25 09:29:59 INFO AddIdentifyResult: 26955,013816492190,-3,
2017-03-25 09:31:37 INFO AddIdentifyResult: 26954,013963363848,12,
2017-03-25 09:31:44 INFO AddIdentifyResult: 26954,013963363848,10,reg/013963363848_0325093315|reg/013963363848_0325093315|reg/013963363848_0325093037
2017-03-25 09:31:44 INFO UpdateUserState: 013963363848,1
2017-03-25 09:31:56 INFO AddIdentifyResult: 26955,013816492190,12,
2017-03-25 09:32:04 INFO AddIdentifyResult: 26955,013816492190,10,reg/013816492190_0325093224|reg/013816492190_0325093224|reg/013816492190_
2017-03-25 09:32:05 INFO UpdateUserState: 013816492190,1
2017-03-25 09:32:43 INFO AddIdentifyResult: 26956,013285460831,-1,
2017-03-25 09:32:51 INFO AddIdentifyResult: 26956,013285460831,-3,
2017-03-25 09:33:42 INFO AddIdentifyResult: 26956,013285460831,0,ver/03/25/093516_013285460831.wav
2017-03-25 09:38:09 INFO AddIdentifyResult: 26957,013001567731,-1,
2017-03-25 09:39:17 INFO AddIdentifyResult: 26958,013001567731,-1,
2017-03-25 09:39:24 INFO AddIdentifyResult: 26958,013001567731,-3,
2017-03-25 09:41:22 INFO AddIdentifyResult: 26958,013001567731,12,
2017-03-25 09:41:29 INFO AddIdentifyResult: 26958,013001567731,10,reg/013001567731_0325094319|reg/013001567731_0325094319|reg/013001567731_0325094149
2017-03-25 09:41:30 INFO UpdateUserState: 013001567731,1
2017-03-25 09:41:50 INFO AddIdentifyResult: 26959,013001567731,-1,
2017-03-25 09:41:55 INFO AddIdentifyResult: 26959,013001567731,-3,
2017-03-25 09:42:48 INFO AddIdentifyResult: 26959,013001567731,0,ver/03/25/094421_013001567731.wav
2017-03-25 09:48:55 INFO AddIdentifyResult: 26960,013012919801,-1,
2017-03-25 09:49:04 INFO AddIdentifyResult: 26960,013012919801,-3,
2017-03-25 09:51:31 INFO AddIdentifyResult: 26960,013012919801,11,reg/013012919801_|reg/013012919801_|reg/013012919801_
2017-03-25 09:51:47 INFO AddIdentifyResult: 26961,013012919801,-1,
2017-03-25 09:51:57 INFO AddIdentifyResult: 26961,013012919801,-3,
2017-03-25 09:53:58 INFO AddIdentifyResult: 26961,013012919801,12,
2017-03-25 09:54:06 INFO AddIdentifyResult: 26961,013012919801,10,reg/013012919801_0325095422|reg/013012919801_0325095422|reg/013012919801_
2017-03-25 09:54:06 INFO UpdateUserState: 013012919801,1
2017-03-25 09:57:41 INFO AddIdentifyResult: 26962,013012907003,-1,
2017-03-25 09:57:47 INFO AddIdentifyResult: 26962,013012907003,-3,
2017-03-25 09:57:56 INFO AddIdentifyResult: 26962,013012907003,11,reg/013012907003_|reg/013012907003_|reg/013012907003_
2017-03-25 09:58:04 INFO AddIdentifyResult: 26963,013012907003,-1,
2017-03-25 09:58:09 INFO AddIdentifyResult: 26963,013012907003,-3,
2017-03-25 09:58:17 INFO AddIdentifyResult: 26963,013012907003,11,reg/013012907003_|reg/013012907003_|reg/013012907003_
2017-03-25 09:58:25 INFO AddIdentifyResult: 26964,013012907003,-1,
2017-03-25 09:58:32 INFO AddIdentifyResult: 26964,013012907003,-3,
2017-03-25 10:01:04 INFO AddIdentifyResult: 26964,013012907003,12,
2017-03-25 10:01:12 INFO AddIdentifyResult: 26964,013012907003,10,reg/013012907003_0325100057|reg/013012907003_0325100057|reg/013012907003_
2017-03-25 10:01:12 INFO UpdateUserState: 013012907003,1
2017-03-25 10:01:33 INFO AddIdentifyResult: 26965,013012907003,-1,
2017-03-25 10:01:39 INFO AddIdentifyResult: 26965,013012907003,-3,
2017-03-25 10:02:31 INFO AddIdentifyResult: 26965,013012907003,0,ver/03/25/100405_013012907003.wav
2017-03-25 10:05:40 INFO AddIdentifyResult: 26966,013013566537,-1,
2017-03-25 10:05:51 INFO AddIdentifyResult: 26966,013013566537,-3,
2017-03-25 10:07:41 INFO AddIdentifyResult: 26966,013013566537,12,
2017-03-25 10:07:48 INFO AddIdentifyResult: 26966,013013566537,10,reg/013013566537_0325100816|reg/013013566537_0325100816|reg/013013566537_
2017-03-25 10:07:48 INFO UpdateUserState: 013013566537,1
2017-03-25 10:12:37 INFO AddIdentifyResult: 26967,013280371605,-1,
2017-03-25 10:18:26 INFO AddIdentifyResult: 26968,013280371605,-1,
2017-03-25 10:18:33 INFO AddIdentifyResult: 26968,013280371605,-3,
2017-03-25 10:20:17 INFO AddIdentifyResult: 26968,013280371605,12,
2017-03-25 10:20:24 INFO AddIdentifyResult: 26968,013280371605,10,reg/013280371605_0325102058|reg/013280371605_0325102058|reg/013280371605_
2017-03-25 10:20:25 INFO UpdateUserState: 013280371605,1
2017-03-25 10:24:09 INFO AddIdentifyResult: 26969,013013566008,-1,
2017-03-25 10:24:15 INFO AddIdentifyResult: 26969,013013566008,-3,
2017-03-25 10:26:12 INFO AddIdentifyResult: 26969,013013566008,12,
2017-03-25 10:26:20 INFO AddIdentifyResult: 26969,013013566008,10,reg/013013566008_0325102641|reg/013013566008_0325102641|reg/013013566008_
2017-03-25 10:26:20 INFO UpdateUserState: 013013566008,1
2017-03-25 10:31:46 INFO AddIdentifyResult: 26970,013012901098,-1,
2017-03-25 10:32:18 INFO AddIdentifyResult: 26971,013012901098,-1,
2017-03-25 10:32:51 INFO AddIdentifyResult: 26972,013012901098,-1,
2017-03-25 10:33:04 INFO AddIdentifyResult: 26972,013012901098,-3,
2017-03-25 10:34:43 INFO AddIdentifyResult: 26972,013012901098,12,
2017-03-25 10:34:49 INFO AddIdentifyResult: 26972,013012901098,10,reg/013012901098_0325103530|reg/013012901098_0325103530|reg/013012901098_
2017-03-25 10:34:49 INFO UpdateUserState: 013012901098,1
2017-03-25 10:36:53 INFO AddIdentifyResult: 26973,015865986629,-1,
2017-03-25 10:37:50 INFO AddIdentifyResult: 26974,015865986629,-1,
2017-03-25 10:38:51 INFO AddIdentifyResult: 26975,015865986629,-1,
2017-03-25 10:39:13 INFO AddIdentifyResult: 26975,015865986629,-3,
2017-03-25 10:40:51 INFO AddIdentifyResult: 26975,015865986629,12,
2017-03-25 10:40:58 INFO AddIdentifyResult: 26975,015865986629,10,reg/015865986629_0325104138|reg/015865986629_0325104138|reg/015865986629_
2017-03-25 10:40:58 INFO UpdateUserState: 015865986629,1
2017-03-25 10:46:24 INFO AddIdentifyResult: 26976,013012906082,-1,
2017-03-25 10:46:33 INFO AddIdentifyResult: 26976,013012906082,-3,
2017-03-25 10:48:04 INFO AddIdentifyResult: 26976,013012906082,12,
2017-03-25 10:48:11 INFO AddIdentifyResult: 26976,013012906082,10,reg/013012906082_0325104858|reg/013012906082_0325104858|reg/013012906082_
2017-03-25 10:48:11 INFO UpdateUserState: 013012906082,1
2017-03-25 10:52:53 INFO AddIdentifyResult: 26977,013475293151,-1,
2017-03-25 10:53:14 INFO AddIdentifyResult: 26978,013475293151,-1,
2017-03-25 10:53:30 INFO AddIdentifyResult: 26978,013475293151,-3,
2017-03-25 10:56:06 INFO AddIdentifyResult: 26978,013475293151,11,reg/013475293151_|reg/013475293151_|reg/013475293151_
2017-03-25 10:57:43 INFO AddIdentifyResult: 26979,013475293151,-1,
2017-03-25 10:58:01 INFO AddIdentifyResult: 26979,013475293151,-3,
2017-03-25 11:01:07 INFO AddIdentifyResult: 26979,013475293151,12,
2017-03-25 11:01:13 INFO AddIdentifyResult: 26979,013475293151,10,reg/013475293151_0325110251|reg/013475293151_0325110251|reg/013475293151_0325110026
2017-03-25 11:01:13 INFO UpdateUserState: 013475293151,1
2017-03-25 11:01:40 INFO AddIdentifyResult: 26980,013475293151,-1,
2017-03-25 11:01:50 INFO AddIdentifyResult: 26980,013475293151,-3,
2017-03-25 11:02:41 INFO AddIdentifyResult: 26980,013475293151,0,ver/03/25/110416_013475293151.wav
2017-03-25 11:05:48 INFO AddIdentifyResult: 26981,013006546697,-1,
2017-03-25 11:05:54 INFO AddIdentifyResult: 26981,013006546697,-3,
2017-03-25 11:06:42 INFO AddIdentifyResult: 26982,013013560786,-1,
2017-03-25 11:07:35 INFO AddIdentifyResult: 26981,013006546697,12,
2017-03-25 11:07:43 INFO AddIdentifyResult: 26981,013006546697,10,reg/013006546697_0325110819|reg/013006546697_0325110819|reg/013006546697_
2017-03-25 11:07:43 INFO UpdateUserState: 013006546697,1
2017-03-25 11:07:43 INFO AddIdentifyResult: 26983,013013560786,-1,
2017-03-25 11:08:26 INFO AddIdentifyResult: 26984,013006546697,-1,
2017-03-25 11:08:32 INFO AddIdentifyResult: 26984,013006546697,-3,
2017-03-25 11:08:43 INFO AddIdentifyResult: 26985,013013560786,-1,
2017-03-25 11:08:49 INFO AddIdentifyResult: 26985,013013560786,-3,
2017-03-25 11:09:24 INFO AddIdentifyResult: 26984,013006546697,0,ver/03/25/111058_013006546697.wav
2017-03-25 11:11:16 INFO AddIdentifyResult: 26985,013013560786,12,
2017-03-25 11:11:24 INFO AddIdentifyResult: 26985,013013560786,10,reg/013013560786_0325111114|reg/013013560786_0325111114|reg/013013560786_
2017-03-25 11:11:25 INFO UpdateUserState: 013013560786,1
2017-03-25 11:12:34 INFO AddIdentifyResult: 26986,013695469726,-1,
2017-03-25 11:12:42 INFO AddIdentifyResult: 26986,013695469726,-3,
2017-03-25 11:13:53 INFO AddIdentifyResult: 26987,013013565527,-1,
2017-03-25 11:14:14 INFO AddIdentifyResult: 26987,013013565527,-3,
2017-03-25 11:15:22 INFO AddIdentifyResult: 26986,013695469726,12,
2017-03-25 11:15:29 INFO AddIdentifyResult: 26986,013695469726,10,reg/013695469726_0325111507|reg/013695469726_0325111507|reg/013695469726_
2017-03-25 11:15:29 INFO UpdateUserState: 013695469726,1
2017-03-25 11:17:02 INFO AddIdentifyResult: 26987,013013565527,12,
2017-03-25 11:17:08 INFO AddIdentifyResult: 26987,013013565527,10,reg/013013565527_0325111640|reg/013013565527_0325111640|reg/013013565527_
2017-03-25 11:17:08 INFO UpdateUserState: 013013565527,1
2017-03-25 11:18:48 INFO AddIdentifyResult: 26988,013695469726,-1,
2017-03-25 11:18:55 INFO AddIdentifyResult: 26988,013695469726,-3,
2017-03-25 11:19:46 INFO AddIdentifyResult: 26988,013695469726,0,ver/03/25/112121_013695469726.wav
2017-03-25 11:22:09 INFO AddIdentifyResult: 26989,015865188875,-1,
2017-03-25 11:22:17 INFO AddIdentifyResult: 26989,015865188875,-3,
2017-03-25 11:23:14 INFO AddIdentifyResult: 26990,013012906816,-1,
2017-03-25 11:23:28 INFO AddIdentifyResult: 26990,013012906816,-3,
2017-03-25 11:24:10 INFO AddIdentifyResult: 26989,015865188875,12,
2017-03-25 11:24:17 INFO AddIdentifyResult: 26989,015865188875,10,reg/015865188875_0325112443|reg/015865188875_0325112443|reg/015865188875_
2017-03-25 11:24:17 INFO UpdateUserState: 015865188875,1
2017-03-25 11:25:04 INFO AddIdentifyResult: 26991,013013565527,-1,
2017-03-25 11:25:15 INFO AddIdentifyResult: 26991,013013565527,-3,
2017-03-25 11:25:45 INFO AddIdentifyResult: 0,018354605283,1,
2017-03-25 11:25:51 INFO AddIdentifyResult: 26990,013012906816,12,
2017-03-25 11:25:58 INFO AddIdentifyResult: 26990,013012906816,10,reg/013012906816_0325112554|reg/013012906816_0325112554|reg/013012906816_
2017-03-25 11:25:58 INFO UpdateUserState: 013012906816,1
2017-03-25 11:26:06 INFO AddIdentifyResult: 26991,013013565527,0,ver/03/25/112740_013013565527.wav
2017-03-25 11:29:02 INFO AddIdentifyResult: 26993,013012902006,-1,
2017-03-25 11:29:10 INFO AddIdentifyResult: 26993,013012902006,-3,
2017-03-25 11:31:26 INFO AddIdentifyResult: 26993,013012902006,12,
2017-03-25 11:31:34 INFO AddIdentifyResult: 26993,013012902006,10,reg/013012902006_0325113135|reg/013012902006_0325113135|reg/013012902006_
2017-03-25 11:31:34 INFO UpdateUserState: 013012902006,1
2017-03-25 11:35:20 INFO AddIdentifyResult: 26994,013012903600,-1,
2017-03-25 11:35:26 INFO AddIdentifyResult: 26994,013012903600,-3,
2017-03-25 11:37:17 INFO AddIdentifyResult: 26995,013013561670,-1,
2017-03-25 11:37:26 INFO AddIdentifyResult: 26995,013013561670,-3,
2017-03-25 11:37:30 INFO AddIdentifyResult: 26994,013012903600,12,
2017-03-25 11:37:37 INFO AddIdentifyResult: 26994,013012903600,10,reg/013012903600_0325113751|reg/013012903600_0325113751|reg/013012903600_
2017-03-25 11:37:37 INFO UpdateUserState: 013012903600,1
2017-03-25 11:39:16 INFO AddIdentifyResult: 26995,013013561670,12,
2017-03-25 11:39:22 INFO AddIdentifyResult: 26995,013013561670,10,reg/013013561670_0325113951|reg/013013561670_0325113951|reg/013013561670_
2017-03-25 11:39:22 INFO UpdateUserState: 013013561670,1
2017-03-25 11:42:00 INFO AddIdentifyResult: 26996,013013565933,-1,
2017-03-25 11:42:15 INFO AddIdentifyResult: 26996,013013565933,-3,
2017-03-25 11:44:27 INFO AddIdentifyResult: 26996,013013565933,12,
2017-03-25 11:44:33 INFO AddIdentifyResult: 26996,013013565933,10,reg/013013565933_0325114620|reg/013013565933_0325114620|reg/013013565933_0325114440
2017-03-25 11:44:34 INFO UpdateUserState: 013013565933,1
2017-03-25 11:44:59 INFO AddIdentifyResult: 26997,013013565933,-1,
2017-03-25 11:45:06 INFO AddIdentifyResult: 26997,013013565933,-3,
2017-03-25 11:45:58 INFO AddIdentifyResult: 26997,013013565933,0,ver/03/25/114732_013013565933.wav
2017-03-25 11:51:06 INFO AddIdentifyResult: 26998,013012915778,-1,
2017-03-25 11:51:16 INFO AddIdentifyResult: 26998,013012915778,-3,
2017-03-25 11:54:12 INFO AddIdentifyResult: 26998,013012915778,12,
2017-03-25 11:54:20 INFO AddIdentifyResult: 26998,013012915778,10,reg/013012915778_0325115342|reg/013012915778_0325115342|reg/013012915778_
2017-03-25 11:54:20 INFO UpdateUserState: 013012915778,1
2017-03-25 11:55:07 INFO AddIdentifyResult: 26999,013012915778,-1,
2017-03-25 11:55:15 INFO AddIdentifyResult: 26999,013012915778,-3,
2017-03-25 11:56:07 INFO AddIdentifyResult: 26999,013012915778,0,ver/03/25/115741_013012915778.wav
2017-03-25 13:41:11 INFO AddIdentifyResult: 27000,013013566285,-1,
2017-03-25 13:41:51 INFO AddIdentifyResult: 27000,013013566285,-3,
2017-03-25 13:44:17 INFO AddIdentifyResult: 27000,013013566285,12,
2017-03-25 13:44:28 INFO AddIdentifyResult: 27000,013013566285,10,reg/013013566285_0325134417|reg/013013566285_0325134417|reg/013013566285_
2017-03-25 13:44:28 INFO UpdateUserState: 013013566285,1
2017-03-25 13:46:33 INFO AddIdentifyResult: 27001,013963353094,-1,
2017-03-25 13:47:04 INFO AddIdentifyResult: 27001,013963353094,-3,
2017-03-25 13:49:07 INFO AddIdentifyResult: 27001,013963353094,12,
2017-03-25 13:49:16 INFO AddIdentifyResult: 27001,013963353094,10,reg/013963353094_0325134930|reg/013963353094_0325134930|reg/013963353094_
2017-03-25 13:49:17 INFO UpdateUserState: 013963353094,1
2017-03-25 13:55:42 INFO AddIdentifyResult: 27002,013001568533,-1,
2017-03-25 13:55:55 INFO AddIdentifyResult: 27002,013001568533,-3,
2017-03-25 13:58:16 INFO AddIdentifyResult: 27002,013001568533,12,
2017-03-25 13:58:23 INFO AddIdentifyResult: 27002,013001568533,10,reg/013001568533_0325140000|reg/013001568533_0325140000|reg/013001568533_0325135821
2017-03-25 13:58:23 INFO UpdateUserState: 013001568533,1
2017-03-25 14:00:20 INFO AddIdentifyResult: 27003,018706662656,-1,
2017-03-25 14:00:28 INFO AddIdentifyResult: 27003,018706662656,-3,
2017-03-25 14:02:17 INFO AddIdentifyResult: 27003,018706662656,12,
2017-03-25 14:02:24 INFO AddIdentifyResult: 27003,018706662656,10,reg/018706662656_0325140254|reg/018706662656_0325140254|reg/018706662656_
2017-03-25 14:02:25 INFO UpdateUserState: 018706662656,1
2017-03-25 14:03:10 INFO AddIdentifyResult: 27004,013001568533,-1,
2017-03-25 14:03:20 INFO AddIdentifyResult: 27004,013001568533,-3,
2017-03-25 14:04:12 INFO AddIdentifyResult: 27004,013001568533,0,ver/03/25/140546_013001568533.wav
2017-03-25 14:11:06 INFO AddIdentifyResult: 27005,013012918391,-1,
2017-03-25 14:11:22 INFO AddIdentifyResult: 27005,013012918391,-3,
2017-03-25 14:12:57 INFO AddIdentifyResult: 27005,013012918391,12,
2017-03-25 14:13:05 INFO AddIdentifyResult: 27005,013012918391,10,reg/013012918391_0325141348|reg/013012918391_0325141348|reg/013012918391_
2017-03-25 14:13:05 INFO UpdateUserState: 013012918391,1
2017-03-25 14:20:20 INFO AddIdentifyResult: 27006,013013562003,-1,
2017-03-25 14:20:29 INFO AddIdentifyResult: 27006,013013562003,-3,
2017-03-25 14:23:18 INFO AddIdentifyResult: 27006,013013562003,12,
2017-03-25 14:23:25 INFO AddIdentifyResult: 27006,013013562003,10,reg/013013562003_0325142454|reg/013013562003_0325142454|reg/013013562003_0325142255
2017-03-25 14:23:25 INFO UpdateUserState: 013013562003,1
2017-03-25 14:53:31 INFO AddIdentifyResult: 27007,013013565756,-1,
2017-03-25 14:53:39 INFO AddIdentifyResult: 27007,013013565756,-3,
2017-03-25 14:55:42 INFO AddIdentifyResult: 27007,013013565756,12,
2017-03-25 14:55:49 INFO AddIdentifyResult: 27007,013013565756,10,reg/013013565756_0325145741|reg/013013565756_0325145741|reg/013013565756_0325145605
2017-03-25 14:55:49 INFO UpdateUserState: 013013565756,1
2017-03-25 14:57:00 INFO AddIdentifyResult: 27008,013013562332,-1,
2017-03-25 14:57:06 INFO AddIdentifyResult: 27008,013013562332,-3,
2017-03-25 14:59:01 INFO AddIdentifyResult: 27008,013013562332,12,
2017-03-25 14:59:08 INFO AddIdentifyResult: 27008,013013562332,10,reg/013013562332_0325145932|reg/013013562332_0325145932|reg/013013562332_
2017-03-25 14:59:09 INFO UpdateUserState: 013013562332,1
2017-03-25 15:02:51 INFO AddIdentifyResult: 27009,013561038850,-1,
2017-03-25 15:02:58 INFO AddIdentifyResult: 27009,013561038850,-3,
2017-03-25 15:04:40 INFO AddIdentifyResult: 27009,013561038850,12,
2017-03-25 15:04:46 INFO AddIdentifyResult: 27009,013561038850,10,reg/013561038850_0325150524|reg/013561038850_0325150524|reg/013561038850_
2017-03-25 15:04:47 INFO UpdateUserState: 013561038850,1
2017-03-25 15:08:40 INFO AddIdentifyResult: 27010,013013561517,-1,
2017-03-25 15:09:21 INFO AddIdentifyResult: 27011,013013561517,-1,
2017-03-25 15:10:07 INFO AddIdentifyResult: 27012,013013561517,-1,
2017-03-25 15:11:08 INFO AddIdentifyResult: 27013,013013561517,-1,
2017-03-25 15:12:22 INFO AddIdentifyResult: 27014,013013561517,-1,
2017-03-25 15:12:58 INFO AddIdentifyResult: 27015,013013561517,-1,
2017-03-25 15:17:03 INFO AddIdentifyResult: 27016,013013561517,-1,
2017-03-25 15:37:18 INFO AddIdentifyResult: 27017,013013561622,-1,
2017-03-25 15:37:34 INFO AddIdentifyResult: 27017,013013561622,-3,
2017-03-25 15:39:43 INFO AddIdentifyResult: 27017,013013561622,12,
2017-03-25 15:39:53 INFO AddIdentifyResult: 27017,013013561622,10,reg/013013561622_0325154000|reg/013013561622_0325154000|reg/013013561622_
2017-03-25 15:39:53 INFO UpdateUserState: 013013561622,1
2017-03-25 15:40:27 INFO AddIdentifyResult: 27018,013013561622,-1,
2017-03-25 15:40:35 INFO AddIdentifyResult: 27018,013013561622,-3,
2017-03-25 15:41:26 INFO AddIdentifyResult: 27018,013013561622,1,ver/03/25/154301_013013561622.wav
2017-03-25 15:42:56 INFO AddIdentifyResult: 27019,013013561622,-1,
2017-03-25 15:43:03 INFO AddIdentifyResult: 27019,013013561622,-3,
2017-03-25 15:45:01 INFO AddIdentifyResult: 27019,013013561622,12,
2017-03-25 15:45:11 INFO AddIdentifyResult: 27019,013013561622,10,reg/013013561622_0325154529|reg/013013561622_0325154529|reg/013013561622_
2017-03-25 15:45:11 INFO UpdateUserState: 013013561622,1
2017-03-25 15:45:24 INFO AddIdentifyResult: 27020,013013561622,-1,
2017-03-25 15:45:35 INFO AddIdentifyResult: 27020,013013561622,-3,
2017-03-25 15:46:27 INFO AddIdentifyResult: 27020,013013561622,0,ver/03/25/154801_013013561622.wav
2017-03-25 15:55:34 INFO AddIdentifyResult: 27021,013792093262,-1,
2017-03-25 15:55:42 INFO AddIdentifyResult: 27021,013792093262,-3,
2017-03-25 15:57:27 INFO AddIdentifyResult: 27021,013792093262,12,
2017-03-25 15:57:33 INFO AddIdentifyResult: 27021,013792093262,10,reg/013792093262_0325155931|reg/013792093262_0325155931|reg/013792093262_0325155808
2017-03-25 15:57:34 INFO UpdateUserState: 013792093262,1
2017-03-25 15:57:40 INFO AddIdentifyResult: 27022,013792093262,-1,
2017-03-25 15:57:51 INFO AddIdentifyResult: 27022,013792093262,-3,
2017-03-25 15:58:42 INFO AddIdentifyResult: 27022,013792093262,0,ver/03/25/160017_013792093262.wav
2017-03-25 15:59:26 INFO AddIdentifyResult: 27023,013006543233,-1,
2017-03-25 15:59:34 INFO AddIdentifyResult: 27023,013006543233,-3,
2017-03-25 16:00:57 INFO AddIdentifyResult: 27023,013006543233,12,
2017-03-25 16:01:03 INFO AddIdentifyResult: 27023,013006543233,10,reg/013006543233_0325160201|reg/013006543233_0325160201|reg/013006543233_
2017-03-25 16:01:03 INFO UpdateUserState: 013006543233,1
2017-03-25 16:01:36 INFO AddIdentifyResult: 27024,013006543233,-1,
2017-03-25 16:01:46 INFO AddIdentifyResult: 27024,013006543233,-3,
2017-03-25 16:02:38 INFO AddIdentifyResult: 27024,013006543233,0,ver/03/25/160413_013006543233.wav
2017-03-25 16:05:42 INFO AddIdentifyResult: 27025,013280371331,-1,
2017-03-25 16:05:51 INFO AddIdentifyResult: 27025,013280371331,-3,
2017-03-25 16:08:01 INFO AddIdentifyResult: 27025,013280371331,12,
2017-03-25 16:08:08 INFO AddIdentifyResult: 27025,013280371331,10,reg/013280371331_0325160952|reg/013280371331_0325160952|reg/013280371331_0325160818
2017-03-25 16:08:08 INFO UpdateUserState: 013280371331,1
2017-03-25 16:08:29 INFO AddIdentifyResult: 27026,013280371331,-1,
2017-03-25 16:08:41 INFO AddIdentifyResult: 27026,013280371331,-3,
2017-03-25 16:09:33 INFO AddIdentifyResult: 27026,013280371331,0,ver/03/25/161108_013280371331.wav
2017-03-25 16:11:53 INFO AddIdentifyResult: 27027,015154675756,-1,
2017-03-25 16:13:38 INFO AddIdentifyResult: 27028,015615822615,-1,
2017-03-25 16:13:47 INFO AddIdentifyResult: 27028,015615822615,-3,
2017-03-25 16:16:04 INFO AddIdentifyResult: 27028,015615822615,12,
2017-03-25 16:16:10 INFO AddIdentifyResult: 27028,015615822615,10,reg/015615822615_0325161613|reg/015615822615_0325161613|reg/015615822615_
2017-03-25 16:16:10 INFO UpdateUserState: 015615822615,1
2017-03-25 16:20:46 INFO AddIdentifyResult: 27029,013012919722,-1,
2017-03-25 16:20:58 INFO AddIdentifyResult: 27029,013012919722,-3,
2017-03-25 16:23:06 INFO AddIdentifyResult: 27029,013012919722,12,
2017-03-25 16:23:14 INFO AddIdentifyResult: 27029,013012919722,10,reg/013012919722_0325162325|reg/013012919722_0325162325|reg/013012919722_
2017-03-25 16:23:14 INFO UpdateUserState: 013012919722,1
2017-03-25 16:23:46 INFO AddIdentifyResult: 27030,013012919722,-1,
2017-03-25 16:23:55 INFO AddIdentifyResult: 27030,013012919722,-3,
2017-03-25 16:24:23 INFO AddIdentifyResult: 27030,013012919722,1,
2017-03-25 16:24:37 INFO AddIdentifyResult: 27031,013012919722,-1,
2017-03-25 16:24:46 INFO AddIdentifyResult: 27031,013012919722,-3,
2017-03-25 16:25:38 INFO AddIdentifyResult: 27031,013012919722,0,ver/03/25/162713_013012919722.wav
2017-03-25 16:36:56 INFO AddIdentifyResult: 27032,013013561517,-1,
2017-03-25 16:37:10 INFO AddIdentifyResult: 27032,013013561517,-3,
2017-03-25 16:39:06 INFO AddIdentifyResult: 27032,013013561517,11,reg/013013561517_|reg/013013561517_|reg/013013561517_
2017-03-25 16:39:30 INFO AddIdentifyResult: 27033,013013561517,-1,
2017-03-25 16:39:39 INFO AddIdentifyResult: 27033,013013561517,-3,
2017-03-25 16:41:41 INFO AddIdentifyResult: 27033,013013561517,11,reg/013013561517_|reg/013013561517_|reg/013013561517_
2017-03-25 16:42:21 INFO AddIdentifyResult: 27034,013013561517,-1,
2017-03-25 16:42:29 INFO AddIdentifyResult: 27034,013013561517,-3,
2017-03-25 16:44:33 INFO AddIdentifyResult: 27034,013013561517,12,
2017-03-25 16:44:42 INFO AddIdentifyResult: 27034,013013561517,10,reg/013013561517_0325164455|reg/013013561517_0325164455|reg/013013561517_
2017-03-25 16:44:42 INFO UpdateUserState: 013013561517,1
2017-03-25 16:58:00 INFO AddIdentifyResult: 27035,018254655796,-1,
2017-03-25 16:58:09 INFO AddIdentifyResult: 27035,018254655796,-3,
2017-03-25 16:59:51 INFO AddIdentifyResult: 27035,018254655796,12,
2017-03-25 16:59:58 INFO AddIdentifyResult: 27035,018254655796,10,reg/018254655796_0325170151|reg/018254655796_0325170151|reg/018254655796_0325170036
2017-03-25 16:59:58 INFO UpdateUserState: 018254655796,1
2017-03-25 18:18:16 INFO AddIdentifyResult: 0,015613226159,1,
