2017-01-03 08:34:57 INFO AddIdentifyResult: 12024,013886463061,-1,
2017-01-03 08:35:36 INFO AddIdentifyResult: 12024,013886463061,-3,
2017-01-03 08:36:12 INFO AddIdentifyResult: 12025,015166261934,-1,
2017-01-03 08:36:25 INFO AddIdentifyResult: 12025,015166261934,-3,
2017-01-03 08:37:17 INFO AddIdentifyResult: 12024,013886463061,12,
2017-01-03 08:37:23 INFO AddIdentifyResult: 12024,013886463061,10,reg/013886463061_0103083706|reg/013886463061_0103083706|reg/013886463061_
2017-01-03 08:37:24 INFO UpdateUserState: 013886463061,1
2017-01-03 08:37:58 INFO AddIdentifyResult: 12026,013886463061,-1,
2017-01-03 08:38:05 INFO AddIdentifyResult: 12025,015166261934,12,
2017-01-03 08:38:10 INFO AddIdentifyResult: 12026,013886463061,-3,
2017-01-03 08:38:13 INFO AddIdentifyResult: 12025,015166261934,10,reg/015166261934_0103083754|reg/015166261934_0103083754|reg/015166261934_
2017-01-03 08:38:13 INFO UpdateUserState: 015166261934,1
2017-01-03 08:38:24 INFO AddIdentifyResult: 12027,013255613058,-1,
2017-01-03 08:38:30 INFO AddIdentifyResult: 12027,013255613058,-3,
2017-01-03 08:39:03 INFO AddIdentifyResult: 12026,013886463061,0,ver/01/03/083940_013886463061.wav
2017-01-03 08:40:17 INFO AddIdentifyResult: 12027,013255613058,12,
2017-01-03 08:40:24 INFO AddIdentifyResult: 12028,013092756290,-1,
2017-01-03 08:40:26 INFO AddIdentifyResult: 12027,013255613058,10,reg/013255613058_0103083959|reg/013255613058_0103083959|reg/013255613058_
2017-01-03 08:40:26 INFO UpdateUserState: 013255613058,1
2017-01-03 08:42:57 INFO AddIdentifyResult: 12029,013092756290,-1,
2017-01-03 08:43:05 INFO AddIdentifyResult: 12029,013092756290,-3,
2017-01-03 08:44:39 INFO AddIdentifyResult: 12029,013092756290,12,
2017-01-03 08:44:47 INFO AddIdentifyResult: 12029,013092756290,10,reg/013092756290_0103084434|reg/013092756290_0103084434|reg/013092756290_
2017-01-03 08:44:47 INFO UpdateUserState: 013092756290,1
2017-01-03 08:44:58 INFO AddIdentifyResult: 12030,013092756290,-1,
2017-01-03 08:45:08 INFO AddIdentifyResult: 12030,013092756290,-3,
2017-01-03 08:46:01 INFO AddIdentifyResult: 12030,013092756290,0,ver/01/03/084638_013092756290.wav
2017-01-03 08:50:37 INFO AddIdentifyResult: 12031,015552778631,-1,
2017-01-03 08:50:50 INFO AddIdentifyResult: 12031,015552778631,-3,
2017-01-03 08:52:22 INFO AddIdentifyResult: 12031,015552778631,12,
2017-01-03 08:52:29 INFO AddIdentifyResult: 12031,015552778631,10,reg/015552778631_0103085219|reg/015552778631_0103085219|reg/015552778631_
2017-01-03 08:52:29 INFO UpdateUserState: 015552778631,1
2017-01-03 08:52:33 INFO AddIdentifyResult: 12032,013805463457,-1,
2017-01-03 08:52:47 INFO AddIdentifyResult: 12032,013805463457,-3,
2017-01-03 08:54:19 INFO AddIdentifyResult: 12032,013805463457,12,
2017-01-03 08:54:26 INFO AddIdentifyResult: 12032,013805463457,10,reg/013805463457_0103085416|reg/013805463457_0103085416|reg/013805463457_
2017-01-03 08:54:26 INFO UpdateUserState: 013805463457,1
2017-01-03 08:56:14 INFO AddIdentifyResult: 12033,015254653904,-1,
2017-01-03 08:56:22 INFO AddIdentifyResult: 12033,015254653904,-3,
2017-01-03 08:58:23 INFO AddIdentifyResult: 12033,015254653904,12,
2017-01-03 08:58:30 INFO AddIdentifyResult: 12033,015254653904,10,reg/015254653904_0103085918|reg/015254653904_0103085918|reg/015254653904_0103085751
2017-01-03 08:58:30 INFO UpdateUserState: 015254653904,1
2017-01-03 08:58:35 INFO AddIdentifyResult: 12034,015553835981,-1,
2017-01-03 08:58:43 INFO AddIdentifyResult: 12034,015553835981,-3,
2017-01-03 09:01:27 INFO AddIdentifyResult: 12034,015553835981,12,
2017-01-03 09:01:35 INFO AddIdentifyResult: 12034,015553835981,10,reg/015553835981_0103090201|reg/015553835981_0103090201|reg/015553835981_0103090012
2017-01-03 09:01:35 INFO UpdateUserState: 015553835981,1
2017-01-03 09:02:44 INFO AddIdentifyResult: 12035,013210324762,-1,
2017-01-03 09:02:53 INFO AddIdentifyResult: 12035,013210324762,-3,
2017-01-03 09:04:53 INFO AddIdentifyResult: 12035,013210324762,12,
2017-01-03 09:05:01 INFO AddIdentifyResult: 12035,013210324762,10,reg/013210324762_0103090422|reg/013210324762_0103090422|reg/013210324762_
2017-01-03 09:05:01 INFO UpdateUserState: 013210324762,1
2017-01-03 09:05:07 INFO AddIdentifyResult: 12036,015553828905,-1,
2017-01-03 09:05:42 INFO AddIdentifyResult: 12036,015553828905,-3,
2017-01-03 09:07:46 INFO AddIdentifyResult: 12036,015553828905,12,
2017-01-03 09:07:46 INFO AddIdentifyResult: 12037,18163586084,-1,
2017-01-03 09:07:53 INFO AddIdentifyResult: 12036,015553828905,10,reg/015553828905_0103090830|reg/015553828905_0103090830|reg/015553828905_0103090712
2017-01-03 09:07:53 INFO UpdateUserState: 015553828905,1
2017-01-03 09:07:53 INFO AddIdentifyResult: 12037,18163586084,-3,
2017-01-03 09:09:47 INFO AddIdentifyResult: 12038,015552750851,-1,
2017-01-03 09:10:03 INFO AddIdentifyResult: 12038,015552750851,-3,
2017-01-03 09:10:29 INFO AddIdentifyResult: 12037,18163586084,11,reg/18163586084_|reg/18163586084_|reg/18163586084_
2017-01-03 09:10:46 INFO AddIdentifyResult: 12039,18163586084,-1,
2017-01-03 09:10:56 INFO AddIdentifyResult: 12039,18163586084,-3,
2017-01-03 09:11:02 INFO AddIdentifyResult: 12039,18163586084,11,reg/18163586084_|reg/18163586084_|reg/18163586084_
2017-01-03 09:11:13 INFO AddIdentifyResult: 12040,18163586084,-1,
2017-01-03 09:11:20 INFO AddIdentifyResult: 12040,18163586084,-3,
2017-01-03 09:12:06 INFO AddIdentifyResult: 12038,015552750851,12,
2017-01-03 09:12:14 INFO AddIdentifyResult: 12038,015552750851,10,reg/015552750851_0103091133|reg/015552750851_0103091133|reg/015552750851_
2017-01-03 09:12:14 INFO UpdateUserState: 015552750851,1
2017-01-03 09:12:17 INFO AddIdentifyResult: 12041,015963088705,-1,
2017-01-03 09:12:28 INFO AddIdentifyResult: 12041,015963088705,-3,
2017-01-03 09:13:46 INFO AddIdentifyResult: 12040,18163586084,12,
2017-01-03 09:13:52 INFO AddIdentifyResult: 12040,18163586084,10,reg/18163586084_0103091442|reg/18163586084_0103091442|reg/18163586084_0103091250
2017-01-03 09:13:52 INFO UpdateUserState: 18163586084,1
2017-01-03 09:14:11 INFO AddIdentifyResult: 12041,015963088705,12,
2017-01-03 09:14:18 INFO AddIdentifyResult: 12041,015963088705,10,reg/015963088705_0103091357|reg/015963088705_0103091357|reg/015963088705_
2017-01-03 09:14:19 INFO UpdateUserState: 015963088705,1
2017-01-03 09:15:22 INFO AddIdentifyResult: 12042,013789839326,-1,
2017-01-03 09:15:35 INFO AddIdentifyResult: 12042,013789839326,-3,
2017-01-03 09:17:48 INFO AddIdentifyResult: 12042,013789839326,12,
2017-01-03 09:17:55 INFO AddIdentifyResult: 12042,013789839326,10,reg/013789839326_0103091705|reg/013789839326_0103091705|reg/013789839326_
2017-01-03 09:17:55 INFO UpdateUserState: 013789839326,1
2017-01-03 09:18:02 INFO AddIdentifyResult: 12043,015554672495,-1,
2017-01-03 09:18:10 INFO AddIdentifyResult: 12043,015554672495,-3,
2017-01-03 09:19:58 INFO AddIdentifyResult: 12043,015554672495,12,
2017-01-03 09:20:06 INFO AddIdentifyResult: 12043,015554672495,10,reg/015554672495_0103091939|reg/015554672495_0103091939|reg/015554672495_
2017-01-03 09:20:06 INFO UpdateUserState: 015554672495,1
2017-01-03 09:23:11 INFO AddIdentifyResult: 12044,013287322385,-1,
2017-01-03 09:23:23 INFO AddIdentifyResult: 12044,013287322385,-3,
2017-01-03 09:25:20 INFO AddIdentifyResult: 12044,013287322385,12,
2017-01-03 09:25:28 INFO AddIdentifyResult: 12044,013287322385,10,reg/013287322385_0103092452|reg/013287322385_0103092452|reg/013287322385_
2017-01-03 09:25:28 INFO UpdateUserState: 013287322385,1
2017-01-03 09:27:36 INFO AddIdentifyResult: 12045,015553832781,-1,
2017-01-03 09:27:45 INFO AddIdentifyResult: 12045,015553832781,-3,
2017-01-03 09:29:37 INFO AddIdentifyResult: 12045,015553832781,12,
2017-01-03 09:29:43 INFO AddIdentifyResult: 12045,015553832781,10,reg/015553832781_0103092914|reg/015553832781_0103092914|reg/015553832781_
2017-01-03 09:29:44 INFO UpdateUserState: 015553832781,1
2017-01-03 09:33:32 INFO AddIdentifyResult: 12046,013021569671,-1,
2017-01-03 09:34:37 INFO AddIdentifyResult: 12047,013021569671,-1,
2017-01-03 09:34:48 INFO AddIdentifyResult: 12047,013021569671,-3,
2017-01-03 09:35:25 INFO AddIdentifyResult: 12047,013021569671,11,reg/013021569671_|reg/013021569671_|reg/013021569671_
2017-01-03 09:35:35 INFO AddIdentifyResult: 12048,013954671235,-1,
2017-01-03 09:35:45 INFO AddIdentifyResult: 12048,013954671235,-3,
2017-01-03 09:37:19 INFO AddIdentifyResult: 12048,013954671235,11,reg/013954671235_|reg/013954671235_|reg/013954671235_
2017-01-03 09:37:47 INFO AddIdentifyResult: 12049,013297656173,-1,
2017-01-03 09:38:14 INFO AddIdentifyResult: 12050,013954671235,-1,
2017-01-03 09:38:22 INFO AddIdentifyResult: 12050,013954671235,-3,
2017-01-03 09:39:24 INFO AddIdentifyResult: 12051,013297656173,-1,
2017-01-03 09:39:45 INFO AddIdentifyResult: 12051,013297656173,-3,
2017-01-03 09:40:01 INFO AddIdentifyResult: 12050,013954671235,12,
2017-01-03 09:40:09 INFO AddIdentifyResult: 12050,013954671235,10,reg/013954671235_0103093952|reg/013954671235_0103093952|reg/013954671235_
2017-01-03 09:40:09 INFO UpdateUserState: 013954671235,1
2017-01-03 09:40:21 INFO AddIdentifyResult: 12052,013021569671,-1,
2017-01-03 09:40:29 INFO AddIdentifyResult: 12052,013021569671,-3,
2017-01-03 09:41:24 INFO AddIdentifyResult: 12051,013297656173,12,
2017-01-03 09:41:32 INFO AddIdentifyResult: 12051,013297656173,10,reg/013297656173_0103094115|reg/013297656173_0103094115|reg/013297656173_
2017-01-03 09:41:32 INFO UpdateUserState: 013297656173,1
2017-01-03 09:42:27 INFO AddIdentifyResult: 12053,013297656173,-1,
2017-01-03 09:42:37 INFO AddIdentifyResult: 12053,013297656173,-3,
2017-01-03 09:43:01 INFO AddIdentifyResult: 12052,013021569671,12,
2017-01-03 09:43:08 INFO AddIdentifyResult: 12052,013021569671,10,reg/013021569671_0103094158|reg/013021569671_0103094158|reg/013021569671_
2017-01-03 09:43:08 INFO UpdateUserState: 013021569671,1
2017-01-03 09:43:29 INFO AddIdentifyResult: 12053,013297656173,0,ver/01/03/094407_013297656173.wav
2017-01-03 09:44:59 INFO AddIdentifyResult: 12054,015965279554,-1,
2017-01-03 09:45:17 INFO AddIdentifyResult: 12054,015965279554,-3,
2017-01-03 09:45:28 INFO AddIdentifyResult: 12054,015965279554,11,reg/015965279554_|reg/015965279554_|reg/015965279554_
2017-01-03 09:45:33 INFO AddIdentifyResult: 12055,015965279554,-1,
2017-01-03 09:46:19 INFO AddIdentifyResult: 12056,15327858320,-1,
2017-01-03 09:46:36 INFO AddIdentifyResult: 12057,017862121002,-1,
2017-01-03 09:46:44 INFO AddIdentifyResult: 12057,017862121002,-3,
2017-01-03 09:46:52 INFO AddIdentifyResult: 12058,015327858320,-1,
2017-01-03 09:47:10 INFO AddIdentifyResult: 12058,015327858320,-3,
2017-01-03 09:47:57 INFO AddIdentifyResult: 12059,18971946221,-1,
2017-01-03 09:48:05 INFO AddIdentifyResult: 12059,18971946221,-3,
2017-01-03 09:48:15 INFO AddIdentifyResult: 12059,18971946221,11,reg/18971946221_|reg/18971946221_|reg/18971946221_
2017-01-03 09:48:24 INFO AddIdentifyResult: 12060,18971946221,-1,
2017-01-03 09:48:29 INFO AddIdentifyResult: 12060,18971946221,-3,
2017-01-03 09:49:16 INFO AddIdentifyResult: 12057,017862121002,12,
2017-01-03 09:49:18 INFO AddIdentifyResult: 12058,015327858320,12,
2017-01-03 09:49:24 INFO AddIdentifyResult: 12057,017862121002,10,reg/017862121002_0103094813|reg/017862121002_0103094813|reg/017862121002_
2017-01-03 09:49:24 INFO UpdateUserState: 017862121002,1
2017-01-03 09:49:31 INFO AddIdentifyResult: 12058,015327858320,10,reg/015327858320_0103094840|reg/015327858320_0103094840|reg/015327858320_
2017-01-03 09:49:31 INFO UpdateUserState: 015327858320,1
2017-01-03 09:50:00 INFO AddIdentifyResult: 12061,015327858320,-1,
2017-01-03 09:50:08 INFO AddIdentifyResult: 12060,18971946221,12,
2017-01-03 09:50:10 INFO AddIdentifyResult: 12061,015327858320,-3,
2017-01-03 09:50:16 INFO AddIdentifyResult: 12060,18971946221,10,reg/18971946221_0103094958|reg/18971946221_0103094958|reg/18971946221_
2017-01-03 09:50:16 INFO UpdateUserState: 18971946221,1
2017-01-03 09:51:02 INFO AddIdentifyResult: 12061,015327858320,0,ver/01/03/095140_015327858320.wav
2017-01-03 10:02:19 INFO AddIdentifyResult: 12062,18163585894,-1,
2017-01-03 10:02:27 INFO AddIdentifyResult: 12062,18163585894,-3,
2017-01-03 10:04:35 INFO AddIdentifyResult: 12062,18163585894,12,
2017-01-03 10:04:42 INFO AddIdentifyResult: 12062,18163585894,10,reg/18163585894_0103100357|reg/18163585894_0103100357|reg/18163585894_
2017-01-03 10:04:42 INFO UpdateUserState: 18163585894,1
2017-01-03 10:20:25 INFO AddIdentifyResult: 12063,015194961699,-1,
2017-01-03 10:20:35 INFO AddIdentifyResult: 12063,015194961699,-3,
2017-01-03 10:22:11 INFO AddIdentifyResult: 12063,015194961699,12,
2017-01-03 10:22:18 INFO AddIdentifyResult: 12063,015194961699,10,reg/015194961699_0103102204|reg/015194961699_0103102204|reg/015194961699_
2017-01-03 10:22:18 INFO UpdateUserState: 015194961699,1
2017-01-03 10:22:24 INFO AddIdentifyResult: 12064,015194961699,-1,
2017-01-03 10:22:33 INFO AddIdentifyResult: 12064,015194961699,-3,
2017-01-03 10:23:25 INFO AddIdentifyResult: 12064,015194961699,0,ver/01/03/102403_015194961699.wav
2017-01-03 10:24:32 INFO AddIdentifyResult: 12065,015533206205,-1,
2017-01-03 10:24:39 INFO AddIdentifyResult: 12065,015533206205,-3,
2017-01-03 10:26:27 INFO AddIdentifyResult: 12065,015533206205,12,
2017-01-03 10:26:34 INFO AddIdentifyResult: 12065,015533206205,10,reg/015533206205_0103102609|reg/015533206205_0103102609|reg/015533206205_
2017-01-03 10:26:34 INFO UpdateUserState: 015533206205,1
2017-01-03 10:26:37 INFO AddIdentifyResult: 12066,015533206205,-1,
2017-01-03 10:26:53 INFO AddIdentifyResult: 12067,015533206205,-1,
2017-01-03 10:27:02 INFO AddIdentifyResult: 12067,015533206205,-3,
2017-01-03 10:27:54 INFO AddIdentifyResult: 12067,015533206205,0,ver/01/03/102832_015533206205.wav
2017-01-03 10:34:32 INFO AddIdentifyResult: 12068,015176346106,-1,
2017-01-03 10:34:43 INFO AddIdentifyResult: 12068,015176346106,-3,
2017-01-03 10:36:07 INFO AddIdentifyResult: 12068,015176346106,12,
2017-01-03 10:36:13 INFO AddIdentifyResult: 12068,015176346106,10,reg/015176346106_0103103613|reg/015176346106_0103103613|reg/015176346106_
2017-01-03 10:36:13 INFO UpdateUserState: 015176346106,1
2017-01-03 10:36:18 INFO AddIdentifyResult: 12069,015176346106,-1,
2017-01-03 10:36:26 INFO AddIdentifyResult: 12069,015176346106,-3,
2017-01-03 10:37:19 INFO AddIdentifyResult: 12069,015176346106,0,ver/01/03/103756_015176346106.wav
2017-01-03 10:38:54 INFO AddIdentifyResult: 12070,015512203638,-1,
2017-01-03 10:39:01 INFO AddIdentifyResult: 12070,015512203638,-3,
2017-01-03 10:40:33 INFO AddIdentifyResult: 12070,015512203638,12,
2017-01-03 10:40:41 INFO AddIdentifyResult: 12070,015512203638,10,reg/015512203638_0103104031|reg/015512203638_0103104031|reg/015512203638_
2017-01-03 10:40:41 INFO UpdateUserState: 015512203638,1
2017-01-03 10:40:47 INFO AddIdentifyResult: 12071,015512203638,-1,
2017-01-03 10:41:01 INFO AddIdentifyResult: 12072,015512203638,-1,
2017-01-03 10:41:44 INFO AddIdentifyResult: 12073,015512203638,-1,
2017-01-03 10:41:55 INFO AddIdentifyResult: 12073,015512203638,-3,
2017-01-03 10:42:47 INFO AddIdentifyResult: 12073,015512203638,0,ver/01/03/104325_015512203638.wav
2017-01-03 10:46:18 INFO AddIdentifyResult: 12074,015511292515,-1,
2017-01-03 10:46:26 INFO AddIdentifyResult: 12074,015511292515,-3,
2017-01-03 10:48:02 INFO AddIdentifyResult: 12074,015511292515,12,
2017-01-03 10:48:09 INFO AddIdentifyResult: 12074,015511292515,10,reg/015511292515_0103104756|reg/015511292515_0103104756|reg/015511292515_
2017-01-03 10:48:10 INFO UpdateUserState: 015511292515,1
2017-01-03 10:48:18 INFO AddIdentifyResult: 12075,015511292515,-1,
2017-01-03 10:48:39 INFO AddIdentifyResult: 12075,015511292515,-3,
2017-01-03 10:49:32 INFO AddIdentifyResult: 12075,015511292515,0,ver/01/03/105009_015511292515.wav
2017-01-03 10:54:52 INFO AddIdentifyResult: 12076,015130457286,-1,
2017-01-03 10:55:03 INFO AddIdentifyResult: 12076,015130457286,-3,
2017-01-03 10:57:43 INFO AddIdentifyResult: 12076,015130457286,12,
2017-01-03 10:57:51 INFO AddIdentifyResult: 12076,015130457286,10,reg/015130457286_0103105825|reg/015130457286_0103105825|reg/015130457286_0103105633
2017-01-03 10:57:51 INFO UpdateUserState: 015130457286,1
2017-01-03 10:59:52 INFO AddIdentifyResult: 12077,015130457286,-1,
2017-01-03 11:00:00 INFO AddIdentifyResult: 12077,015130457286,-3,
2017-01-03 11:00:52 INFO AddIdentifyResult: 12077,015130457286,0,ver/01/03/110130_015130457286.wav
2017-01-03 11:09:18 INFO AddIdentifyResult: 12078,18163585894,-1,
2017-01-03 11:09:27 INFO AddIdentifyResult: 12078,18163585894,-3,
2017-01-03 11:10:52 INFO AddIdentifyResult: 12078,18163585894,12,
2017-01-03 11:10:53 INFO AddIdentifyResult: 12079,015334213231,-1,
2017-01-03 11:10:59 INFO AddIdentifyResult: 12078,18163585894,10,reg/18163585894_0103111056|reg/18163585894_0103111056|reg/18163585894_
2017-01-03 11:10:59 INFO UpdateUserState: 18163585894,1
2017-01-03 11:11:07 INFO AddIdentifyResult: 12080,18163585894,-1,
2017-01-03 11:11:19 INFO AddIdentifyResult: 12080,18163585894,-3,
2017-01-03 11:11:31 INFO AddIdentifyResult: 12081,015334213231,-1,
2017-01-03 11:11:41 INFO AddIdentifyResult: 12081,015334213231,-3,
2017-01-03 11:12:12 INFO AddIdentifyResult: 12080,18163585894,0,ver/01/03/111249_18163585894.wav
2017-01-03 11:13:57 INFO AddIdentifyResult: 12081,015334213231,12,
2017-01-03 11:14:05 INFO AddIdentifyResult: 12081,015334213231,10,reg/015334213231_0103111311|reg/015334213231_0103111311|reg/015334213231_
2017-01-03 11:14:05 INFO UpdateUserState: 015334213231,1
2017-01-03 11:14:40 INFO AddIdentifyResult: 12082,015334213231,-1,
2017-01-03 11:15:15 INFO AddIdentifyResult: 12083,015334213231,-1,
2017-01-03 11:15:29 INFO AddIdentifyResult: 12083,015334213231,-3,
2017-01-03 11:16:21 INFO AddIdentifyResult: 12083,015334213231,0,ver/01/03/111659_015334213231.wav
2017-01-03 11:38:38 INFO AddIdentifyResult: 12084,015511267593,-1,
2017-01-03 11:39:19 INFO AddIdentifyResult: 12085,015511267593,-1,
2017-01-03 11:42:18 INFO AddIdentifyResult: 12086,015511267193,-1,
2017-01-03 11:42:27 INFO AddIdentifyResult: 12086,015511267193,-3,
2017-01-03 11:44:06 INFO AddIdentifyResult: 12086,015511267193,12,
2017-01-03 11:44:14 INFO AddIdentifyResult: 12086,015511267193,10,reg/015511267193_0103114357|reg/015511267193_0103114357|reg/015511267193_
2017-01-03 11:44:14 INFO UpdateUserState: 015511267193,1
2017-01-03 11:44:21 INFO AddIdentifyResult: 12087,015511267193,-1,
2017-01-03 11:44:36 INFO AddIdentifyResult: 12087,015511267193,-3,
2017-01-03 11:45:28 INFO AddIdentifyResult: 12087,015511267193,0,ver/01/03/114606_015511267193.wav
2017-01-03 11:49:50 INFO AddIdentifyResult: 12088,015511201861,-1,
2017-01-03 11:50:17 INFO AddIdentifyResult: 12089,015511201861,-1,
2017-01-03 11:50:48 INFO AddIdentifyResult: 12090,015511201861,-1,
2017-01-03 11:51:19 INFO AddIdentifyResult: 12091,015511201861,-1,
2017-01-03 11:53:08 INFO AddIdentifyResult: 12092,015511201861,-1,
2017-01-03 11:53:48 INFO AddIdentifyResult: 12093,015511201861,-1,
2017-01-03 11:54:14 INFO AddIdentifyResult: 12094,015511201861,-1,
2017-01-03 11:56:34 INFO AddIdentifyResult: 12095,015512201861,-1,
2017-01-03 11:56:43 INFO AddIdentifyResult: 12095,015512201861,-3,
2017-01-03 11:58:09 INFO AddIdentifyResult: 12095,015512201861,12,
2017-01-03 11:58:16 INFO AddIdentifyResult: 12095,015512201861,10,reg/015512201861_0103115813|reg/015512201861_0103115813|reg/015512201861_
2017-01-03 11:58:16 INFO UpdateUserState: 015512201861,1
2017-01-03 11:58:21 INFO AddIdentifyResult: 12096,015512201861,-1,
2017-01-03 11:58:29 INFO AddIdentifyResult: 12096,015512201861,-3,
2017-01-03 11:59:21 INFO AddIdentifyResult: 12096,015512201861,0,ver/01/03/115959_015512201861.wav
2017-01-03 13:20:58 INFO AddIdentifyResult: 12097,017371146171,-1,
2017-01-03 13:21:08 INFO AddIdentifyResult: 12097,017371146171,-3,
2017-01-03 13:21:18 INFO AddIdentifyResult: 12097,017371146171,11,reg/017371146171_|reg/017371146171_|reg/017371146171_
2017-01-03 14:38:37 INFO AddIdentifyResult: 12098,0115175325130,-1,
2017-01-03 14:39:53 INFO AddIdentifyResult: 12099,015175325130,-1,
2017-01-03 14:40:03 INFO AddIdentifyResult: 12099,015175325130,-3,
2017-01-03 14:41:42 INFO AddIdentifyResult: 12099,015175325130,12,
2017-01-03 14:41:49 INFO AddIdentifyResult: 12099,015175325130,10,reg/015175325130_0103144133|reg/015175325130_0103144133|reg/015175325130_
2017-01-03 14:41:49 INFO UpdateUserState: 015175325130,1
2017-01-03 14:42:00 INFO AddIdentifyResult: 12100,015175325130,-1,
2017-01-03 14:42:09 INFO AddIdentifyResult: 12100,015175325130,-3,
2017-01-03 14:43:01 INFO AddIdentifyResult: 12100,015175325130,0,ver/01/03/144340_015175325130.wav
2017-01-03 14:45:59 INFO AddIdentifyResult: 12101,015033764392,-1,
2017-01-03 14:46:11 INFO AddIdentifyResult: 12101,015033764392,-3,
2017-01-03 14:46:37 INFO AddIdentifyResult: 12102,18971945351,-1,
2017-01-03 14:46:49 INFO AddIdentifyResult: 12102,18971945351,-3,
2017-01-03 14:47:36 INFO AddIdentifyResult: 12101,015033764392,12,
2017-01-03 14:47:43 INFO AddIdentifyResult: 12101,015033764392,10,reg/015033764392_0103144742|reg/015033764392_0103144742|reg/015033764392_
2017-01-03 14:47:44 INFO UpdateUserState: 015033764392,1
2017-01-03 14:47:48 INFO AddIdentifyResult: 12103,015033764392,-1,
2017-01-03 14:47:57 INFO AddIdentifyResult: 12103,015033764392,-3,
2017-01-03 14:48:35 INFO AddIdentifyResult: 12102,18971945351,12,
2017-01-03 14:48:42 INFO AddIdentifyResult: 12102,18971945351,10,reg/18971945351_0103144819|reg/18971945351_0103144819|reg/18971945351_
2017-01-03 14:48:43 INFO UpdateUserState: 18971945351,1
2017-01-03 14:48:50 INFO AddIdentifyResult: 12103,015033764392,0,ver/01/03/144928_015033764392.wav
2017-01-03 14:49:46 INFO AddIdentifyResult: 0,18971945351,0,ver/01/03/145025_18971945351.wav
2017-01-03 14:50:00 INFO AddIdentifyResult: 12105,015512216505,-1,
2017-01-03 14:50:07 INFO AddIdentifyResult: 12105,015512216505,-3,
2017-01-03 14:51:35 INFO AddIdentifyResult: 12105,015512216505,12,
2017-01-03 14:51:42 INFO AddIdentifyResult: 12105,015512216505,10,reg/015512216505_0103145137|reg/015512216505_0103145137|reg/015512216505_
2017-01-03 14:51:42 INFO UpdateUserState: 015512216505,1
2017-01-03 14:51:43 INFO AddIdentifyResult: 12106,015512216505,-1,
2017-01-03 14:51:54 INFO AddIdentifyResult: 12107,015512216505,-1,
2017-01-03 14:52:05 INFO AddIdentifyResult: 12108,015512216505,-1,
2017-01-03 14:52:26 INFO AddIdentifyResult: 12109,015512216505,-1,
2017-01-03 14:52:36 INFO AddIdentifyResult: 12109,015512216505,-3,
2017-01-03 14:53:28 INFO AddIdentifyResult: 12109,015512216505,0,ver/01/03/145406_015512216505.wav
2017-01-03 14:56:50 INFO AddIdentifyResult: 12110,015533120803,-1,
2017-01-03 14:57:01 INFO AddIdentifyResult: 12110,015533120803,-3,
2017-01-03 14:58:09 INFO AddIdentifyResult: 12111,013567761664,-1,
2017-01-03 14:58:15 INFO AddIdentifyResult: 12112,013567761664,-1,
2017-01-03 14:58:30 INFO AddIdentifyResult: 12110,015533120803,12,
2017-01-03 14:58:32 INFO AddIdentifyResult: 12113,013567761664,-1,
2017-01-03 14:58:36 INFO AddIdentifyResult: 12110,015533120803,10,reg/015533120803_0103145831|reg/015533120803_0103145831|reg/015533120803_
2017-01-03 14:58:37 INFO UpdateUserState: 015533120803,1
2017-01-03 14:58:44 INFO AddIdentifyResult: 12114,015533120803,-1,
2017-01-03 14:58:52 INFO AddIdentifyResult: 12114,015533120803,-3,
2017-01-03 14:59:44 INFO AddIdentifyResult: 12114,015533120803,0,ver/01/03/150023_015533120803.wav
2017-01-03 15:02:40 INFO AddIdentifyResult: 12115,013630860042,-1,
2017-01-03 15:02:49 INFO AddIdentifyResult: 12115,013630860042,-3,
2017-01-03 15:05:03 INFO AddIdentifyResult: 12115,013630860042,12,
2017-01-03 15:05:10 INFO AddIdentifyResult: 12115,013630860042,10,reg/013630860042_0103150554|reg/013630860042_0103150554|reg/013630860042_0103150420
2017-01-03 15:05:11 INFO UpdateUserState: 013630860042,1
2017-01-03 15:05:15 INFO AddIdentifyResult: 12116,013630860042,-1,
2017-01-03 15:05:23 INFO AddIdentifyResult: 12116,013630860042,-3,
2017-01-03 15:06:15 INFO AddIdentifyResult: 12116,013630860042,0,ver/01/03/150654_013630860042.wav
2017-01-03 15:07:59 INFO AddIdentifyResult: 12117,015512202983,-1,
2017-01-03 15:08:08 INFO AddIdentifyResult: 12117,015512202983,-3,
2017-01-03 15:09:37 INFO AddIdentifyResult: 12117,015512202983,12,
2017-01-03 15:09:43 INFO AddIdentifyResult: 12117,015512202983,10,reg/015512202983_0103150939|reg/015512202983_0103150939|reg/015512202983_
2017-01-03 15:09:43 INFO UpdateUserState: 015512202983,1
2017-01-03 15:09:54 INFO AddIdentifyResult: 12118,015512202983,-1,
2017-01-03 15:10:06 INFO AddIdentifyResult: 12118,015512202983,-3,
2017-01-03 15:10:58 INFO AddIdentifyResult: 12118,015512202983,0,ver/01/03/151137_015512202983.wav
2017-01-03 15:13:09 INFO AddIdentifyResult: 12119,015512210079,-1,
2017-01-03 15:13:15 INFO AddIdentifyResult: 12119,015512210079,-3,
2017-01-03 15:14:51 INFO AddIdentifyResult: 12119,015512210079,12,
2017-01-03 15:14:58 INFO AddIdentifyResult: 12119,015512210079,10,reg/015512210079_0103151445|reg/015512210079_0103151445|reg/015512210079_
2017-01-03 15:14:58 INFO UpdateUserState: 015512210079,1
2017-01-03 15:15:03 INFO AddIdentifyResult: 12120,015512210079,-1,
2017-01-03 15:15:17 INFO AddIdentifyResult: 12121,015512210079,-1,
2017-01-03 15:15:26 INFO AddIdentifyResult: 12121,015512210079,-3,
2017-01-03 15:16:18 INFO AddIdentifyResult: 12121,015512210079,0,ver/01/03/151657_015512210079.wav
2017-01-03 15:19:32 INFO AddIdentifyResult: 12122,015830243149,-1,
2017-01-03 15:19:43 INFO AddIdentifyResult: 12122,015830243149,-3,
2017-01-03 15:21:13 INFO AddIdentifyResult: 12122,015830243149,12,
2017-01-03 15:21:20 INFO AddIdentifyResult: 12122,015830243149,10,reg/015830243149_0103152114|reg/015830243149_0103152114|reg/015830243149_
2017-01-03 15:21:20 INFO UpdateUserState: 015830243149,1
2017-01-03 15:21:25 INFO AddIdentifyResult: 12123,015830243149,-1,
2017-01-03 15:21:33 INFO AddIdentifyResult: 12123,015830243149,-3,
2017-01-03 15:22:26 INFO AddIdentifyResult: 12123,015830243149,0,ver/01/03/152304_015830243149.wav
2017-01-03 15:23:33 INFO AddIdentifyResult: 12124,015511230398,-1,
2017-01-03 15:23:41 INFO AddIdentifyResult: 12124,015511230398,-3,
2017-01-03 15:25:12 INFO AddIdentifyResult: 12124,015511230398,12,
2017-01-03 15:25:19 INFO AddIdentifyResult: 12124,015511230398,10,reg/015511230398_0103152512|reg/015511230398_0103152512|reg/015511230398_
2017-01-03 15:25:19 INFO UpdateUserState: 015511230398,1
2017-01-03 15:25:23 INFO AddIdentifyResult: 12125,015511230398,-1,
2017-01-03 15:25:36 INFO AddIdentifyResult: 12126,015511230398,-1,
2017-01-03 15:25:57 INFO AddIdentifyResult: 12127,015511230398,-1,
2017-01-03 15:26:08 INFO AddIdentifyResult: 12127,015511230398,-3,
2017-01-03 15:27:01 INFO AddIdentifyResult: 12127,015511230398,0,ver/01/03/152739_015511230398.wav
2017-01-03 15:30:59 INFO AddIdentifyResult: 12128,015130477436,-1,
2017-01-03 15:31:10 INFO AddIdentifyResult: 12128,015130477436,-3,
2017-01-03 15:32:39 INFO AddIdentifyResult: 12128,015130477436,12,
2017-01-03 15:32:46 INFO AddIdentifyResult: 12128,015130477436,10,reg/015130477436_0103153240|reg/015130477436_0103153240|reg/015130477436_
2017-01-03 15:32:46 INFO UpdateUserState: 015130477436,1
2017-01-03 15:32:49 INFO AddIdentifyResult: 12129,015130477436,-1,
2017-01-03 15:33:06 INFO AddIdentifyResult: 12129,015130477436,-3,
2017-01-03 15:33:58 INFO AddIdentifyResult: 12129,015130477436,0,ver/01/03/153437_015130477436.wav
2017-01-03 15:35:33 INFO AddIdentifyResult: 12130,015511275821,-1,
2017-01-03 15:35:42 INFO AddIdentifyResult: 12130,015511275821,-3,
2017-01-03 15:37:17 INFO AddIdentifyResult: 12130,015511275821,12,
2017-01-03 15:37:25 INFO AddIdentifyResult: 12130,015511275821,10,reg/015511275821_0103153712|reg/015511275821_0103153712|reg/015511275821_
2017-01-03 15:37:25 INFO UpdateUserState: 015511275821,1
2017-01-03 15:37:30 INFO AddIdentifyResult: 12131,015511275821,-1,
2017-01-03 15:37:40 INFO AddIdentifyResult: 12131,015511275821,-3,
2017-01-03 15:38:33 INFO AddIdentifyResult: 12131,015511275821,0,ver/01/03/153911_015511275821.wav
2017-01-03 15:41:18 INFO AddIdentifyResult: 12132,015511283617,-1,
2017-01-03 15:41:26 INFO AddIdentifyResult: 12132,015511283617,-3,
2017-01-03 15:42:54 INFO AddIdentifyResult: 12132,015511283617,12,
2017-01-03 15:43:01 INFO AddIdentifyResult: 12132,015511283617,10,reg/015511283617_0103154256|reg/015511283617_0103154256|reg/015511283617_
2017-01-03 15:43:01 INFO UpdateUserState: 015511283617,1
2017-01-03 15:43:05 INFO AddIdentifyResult: 12133,015511283617,-1,
2017-01-03 15:43:18 INFO AddIdentifyResult: 12134,015511283617,-1,
2017-01-03 15:43:34 INFO AddIdentifyResult: 12135,015511283617,-1,
2017-01-03 15:43:41 INFO AddIdentifyResult: 12135,015511283617,-3,
2017-01-03 15:44:33 INFO AddIdentifyResult: 12135,015511283617,0,ver/01/03/154512_015511283617.wav
2017-01-03 15:47:05 INFO AddIdentifyResult: 12136,015903220730,-1,
2017-01-03 15:47:38 INFO AddIdentifyResult: 12136,015903220730,-3,
2017-01-03 15:49:04 INFO AddIdentifyResult: 12136,015903220730,12,
2017-01-03 15:49:12 INFO AddIdentifyResult: 12136,015903220730,10,reg/015903220730_0103154909|reg/015903220730_0103154909|reg/015903220730_
2017-01-03 15:49:12 INFO UpdateUserState: 015903220730,1
2017-01-03 15:49:44 INFO AddIdentifyResult: 12137,015903220730,-1,
2017-01-03 15:49:54 INFO AddIdentifyResult: 12137,015903220730,-3,
2017-01-03 15:50:47 INFO AddIdentifyResult: 12137,015903220730,0,ver/01/03/155125_015903220730.wav
2017-01-03 15:52:08 INFO AddIdentifyResult: 12138,015511209719,-1,
2017-01-03 15:52:16 INFO AddIdentifyResult: 12138,015511209719,-3,
2017-01-03 15:53:45 INFO AddIdentifyResult: 12138,015511209719,12,
2017-01-03 15:53:52 INFO AddIdentifyResult: 12138,015511209719,10,reg/015511209719_0103155347|reg/015511209719_0103155347|reg/015511209719_
2017-01-03 15:53:52 INFO UpdateUserState: 015511209719,1
2017-01-03 15:53:58 INFO AddIdentifyResult: 12139,015511209719,-1,
2017-01-03 15:54:10 INFO AddIdentifyResult: 12139,015511209719,-3,
2017-01-03 15:55:02 INFO AddIdentifyResult: 12139,015511209719,0,ver/01/03/155541_015511209719.wav
2017-01-03 15:59:09 INFO AddIdentifyResult: 12140,013731207356,-1,
2017-01-03 15:59:24 INFO AddIdentifyResult: 12140,013731207356,-3,
2017-01-03 16:00:54 INFO AddIdentifyResult: 12140,013731207356,12,
2017-01-03 16:01:02 INFO AddIdentifyResult: 12140,013731207356,10,reg/013731207356_0103160054|reg/013731207356_0103160054|reg/013731207356_
2017-01-03 16:01:02 INFO UpdateUserState: 013731207356,1
2017-01-03 16:01:15 INFO AddIdentifyResult: 12141,013731207356,-1,
2017-01-03 16:01:28 INFO AddIdentifyResult: 12141,013731207356,-3,
2017-01-03 16:02:21 INFO AddIdentifyResult: 12141,013731207356,0,ver/01/03/160259_013731207356.wav
2017-01-03 16:02:51 INFO AddIdentifyResult: 12142,015533127513,-1,
2017-01-03 16:02:59 INFO AddIdentifyResult: 12142,015533127513,-3,
2017-01-03 16:04:38 INFO AddIdentifyResult: 12142,015533127513,12,
2017-01-03 16:04:46 INFO AddIdentifyResult: 12142,015533127513,10,reg/015533127513_0103160430|reg/015533127513_0103160430|reg/015533127513_
2017-01-03 16:04:46 INFO UpdateUserState: 015533127513,1
2017-01-03 16:04:48 INFO AddIdentifyResult: 12143,015533127513,-1,
2017-01-03 16:04:55 INFO AddIdentifyResult: 12143,015533127513,-3,
2017-01-03 16:05:08 INFO AddIdentifyResult: 12144,013633326701,-1,
2017-01-03 16:05:16 INFO AddIdentifyResult: 12144,013633326701,-3,
2017-01-03 16:05:47 INFO AddIdentifyResult: 12143,015533127513,0,ver/01/03/160626_015533127513.wav
2017-01-03 16:06:54 INFO AddIdentifyResult: 12144,013633326701,12,
2017-01-03 16:07:01 INFO AddIdentifyResult: 12144,013633326701,10,reg/013633326701_0103160647|reg/013633326701_0103160647|reg/013633326701_
2017-01-03 16:07:02 INFO UpdateUserState: 013633326701,1
2017-01-03 16:07:10 INFO AddIdentifyResult: 12145,013633326701,-1,
2017-01-03 16:07:19 INFO AddIdentifyResult: 12145,013633326701,-3,
2017-01-03 16:08:11 INFO AddIdentifyResult: 12145,013633326701,0,ver/01/03/160850_013633326701.wav
2017-01-03 16:09:25 INFO AddIdentifyResult: 12146,015028427501,-1,
2017-01-03 16:09:34 INFO AddIdentifyResult: 12146,015028427501,-3,
2017-01-03 16:10:07 INFO AddIdentifyResult: 12147,015081242860,-1,
2017-01-03 16:10:15 INFO AddIdentifyResult: 12147,015081242860,-3,
2017-01-03 16:11:05 INFO AddIdentifyResult: 12146,015028427501,12,
2017-01-03 16:11:11 INFO AddIdentifyResult: 12146,015028427501,10,reg/015028427501_0103161104|reg/015028427501_0103161104|reg/015028427501_
2017-01-03 16:11:12 INFO UpdateUserState: 015028427501,1
2017-01-03 16:11:16 INFO AddIdentifyResult: 12148,015028427501,-1,
2017-01-03 16:11:24 INFO AddIdentifyResult: 12148,015028427501,-3,
2017-01-03 16:11:50 INFO AddIdentifyResult: 12147,015081242860,12,
2017-01-03 16:11:56 INFO AddIdentifyResult: 12147,015081242860,10,reg/015081242860_0103161145|reg/015081242860_0103161145|reg/015081242860_
2017-01-03 16:11:56 INFO UpdateUserState: 015081242860,1
2017-01-03 16:12:01 INFO AddIdentifyResult: 12149,015081242860,-1,
2017-01-03 16:12:07 INFO AddIdentifyResult: 12149,015081242860,-3,
2017-01-03 16:12:16 INFO AddIdentifyResult: 12148,015028427501,0,ver/01/03/161255_015028427501.wav
2017-01-03 16:12:47 INFO AddIdentifyResult: 12150,015511282035,-1,
2017-01-03 16:12:53 INFO AddIdentifyResult: 12150,015511282035,-3,
2017-01-03 16:12:59 INFO AddIdentifyResult: 12149,015081242860,0,ver/01/03/161338_015081242860.wav
2017-01-03 16:14:21 INFO AddIdentifyResult: 12150,015511282035,12,
2017-01-03 16:14:28 INFO AddIdentifyResult: 12150,015511282035,10,reg/015511282035_0103161424|reg/015511282035_0103161424|reg/015511282035_
2017-01-03 16:14:28 INFO UpdateUserState: 015511282035,1
2017-01-03 16:14:30 INFO AddIdentifyResult: 12151,015511282035,-1,
2017-01-03 16:14:39 INFO AddIdentifyResult: 12151,015511282035,-3,
2017-01-03 16:14:57 INFO AddIdentifyResult: 12152,015512201179,-1,
2017-01-03 16:15:02 INFO AddIdentifyResult: 12152,015512201179,-3,
2017-01-03 16:15:31 INFO AddIdentifyResult: 12151,015511282035,0,ver/01/03/161610_015511282035.wav
2017-01-03 16:16:35 INFO AddIdentifyResult: 12152,015512201179,12,
2017-01-03 16:16:42 INFO AddIdentifyResult: 12152,015512201179,10,reg/015512201179_0103161633|reg/015512201179_0103161633|reg/015512201179_
2017-01-03 16:16:42 INFO UpdateUserState: 015512201179,1
2017-01-03 16:16:55 INFO AddIdentifyResult: 12153,015512201179,-1,
2017-01-03 16:17:04 INFO AddIdentifyResult: 12154,015512201179,-1,
2017-01-03 16:17:09 INFO AddIdentifyResult: 12154,015512201179,-3,
2017-01-03 16:18:02 INFO AddIdentifyResult: 12154,015512201179,0,ver/01/03/161840_015512201179.wav
2017-01-03 16:19:40 INFO AddIdentifyResult: 12155,015511292829,-1,
2017-01-03 16:19:52 INFO AddIdentifyResult: 12155,015511292829,-3,
2017-01-03 16:20:17 INFO AddIdentifyResult: 12156,015511292893,-1,
2017-01-03 16:20:19 INFO AddIdentifyResult: 12155,015511292829,11,reg/015511292829_|reg/015511292829_|reg/015511292829_
2017-01-03 16:20:25 INFO AddIdentifyResult: 12156,015511292893,-3,
2017-01-03 16:22:01 INFO AddIdentifyResult: 12157,015833857569,-1,
2017-01-03 16:22:06 INFO AddIdentifyResult: 12156,015511292893,12,
2017-01-03 16:22:09 INFO AddIdentifyResult: 12157,015833857569,-3,
2017-01-03 16:22:13 INFO AddIdentifyResult: 12156,015511292893,10,reg/015511292893_0103162155|reg/015511292893_0103162155|reg/015511292893_
2017-01-03 16:22:13 INFO UpdateUserState: 015511292893,1
2017-01-03 16:22:23 INFO AddIdentifyResult: 12158,015511292893,-1,
2017-01-03 16:22:29 INFO AddIdentifyResult: 12158,015511292893,-3,
2017-01-03 16:23:22 INFO AddIdentifyResult: 12158,015511292893,0,ver/01/03/162401_015511292893.wav
2017-01-03 16:23:41 INFO AddIdentifyResult: 12157,015833857569,12,
2017-01-03 16:23:48 INFO AddIdentifyResult: 12157,015833857569,10,reg/015833857569_0103162339|reg/015833857569_0103162339|reg/015833857569_
2017-01-03 16:23:48 INFO UpdateUserState: 015833857569,1
2017-01-03 16:23:52 INFO AddIdentifyResult: 12159,015833857569,-1,
2017-01-03 16:23:58 INFO AddIdentifyResult: 12159,015833857569,-3,
2017-01-03 16:24:50 INFO AddIdentifyResult: 12159,015833857569,0,ver/01/03/162529_015833857569.wav
2017-01-03 16:27:13 INFO AddIdentifyResult: 12160,015511281719,-1,
2017-01-03 16:27:19 INFO AddIdentifyResult: 12160,015511281719,-3,
2017-01-03 16:29:25 INFO AddIdentifyResult: 12161,015831477557,-1,
2017-01-03 16:29:40 INFO AddIdentifyResult: 12160,015511281719,12,
2017-01-03 16:29:46 INFO AddIdentifyResult: 12160,015511281719,10,reg/015511281719_0103163046|reg/015511281719_0103163046|reg/015511281719_0103162850
2017-01-03 16:29:47 INFO UpdateUserState: 015511281719,1
2017-01-03 16:29:52 INFO AddIdentifyResult: 12161,015831477557,-3,
2017-01-03 16:29:57 INFO AddIdentifyResult: 12162,015511281719,-1,
2017-01-03 16:30:02 INFO AddIdentifyResult: 12162,015511281719,-3,
2017-01-03 16:30:53 INFO AddIdentifyResult: 12162,015511281719,0,ver/01/03/163133_015511281719.wav
2017-01-03 16:32:22 INFO AddIdentifyResult: 12161,015831477557,12,
2017-01-03 16:32:28 INFO AddIdentifyResult: 12161,015831477557,10,reg/015831477557_0103163316|reg/015831477557_0103163316|reg/015831477557_0103163123
2017-01-03 16:32:28 INFO UpdateUserState: 015831477557,1
2017-01-03 16:32:33 INFO AddIdentifyResult: 12163,015831477557,-1,
2017-01-03 16:32:49 INFO AddIdentifyResult: 12163,015831477557,-3,
2017-01-03 16:33:40 INFO AddIdentifyResult: 12163,015831477557,0,ver/01/03/163420_015831477557.wav
2017-01-03 16:34:54 INFO AddIdentifyResult: 12164,015512205157,-1,
2017-01-03 16:35:06 INFO AddIdentifyResult: 12164,015512205157,-3,
2017-01-03 16:36:37 INFO AddIdentifyResult: 12165,015511255662,-1,
2017-01-03 16:36:48 INFO AddIdentifyResult: 12165,015511255662,-3,
2017-01-03 16:36:54 INFO AddIdentifyResult: 12164,015512205157,12,
2017-01-03 16:37:01 INFO AddIdentifyResult: 12164,015512205157,10,reg/015512205157_0103163637|reg/015512205157_0103163637|reg/015512205157_
2017-01-03 16:37:01 INFO UpdateUserState: 015512205157,1
2017-01-03 16:37:05 INFO AddIdentifyResult: 12166,015512205157,-1,
2017-01-03 16:37:18 INFO AddIdentifyResult: 12166,015512205157,-3,
2017-01-03 16:38:09 INFO AddIdentifyResult: 12166,015512205157,0,ver/01/03/163849_015512205157.wav
2017-01-03 16:38:23 INFO AddIdentifyResult: 12165,015511255662,12,
2017-01-03 16:38:30 INFO AddIdentifyResult: 12165,015511255662,10,reg/015511255662_0103163819|reg/015511255662_0103163819|reg/015511255662_
2017-01-03 16:38:30 INFO UpdateUserState: 015511255662,1
2017-01-03 16:38:35 INFO AddIdentifyResult: 12167,015511255662,-1,
2017-01-03 16:38:44 INFO AddIdentifyResult: 12167,015511255662,-3,
2017-01-03 16:39:36 INFO AddIdentifyResult: 12167,015511255662,0,ver/01/03/164015_015511255662.wav
2017-01-03 16:40:16 INFO AddIdentifyResult: 12168,013931216429,-1,
2017-01-03 16:40:26 INFO AddIdentifyResult: 12168,013931216429,-3,
2017-01-03 16:41:52 INFO AddIdentifyResult: 12168,013931216429,12,
2017-01-03 16:41:59 INFO AddIdentifyResult: 12168,013931216429,10,reg/013931216429_0103164157|reg/013931216429_0103164157|reg/013931216429_
2017-01-03 16:41:59 INFO UpdateUserState: 013931216429,1
2017-01-03 16:42:02 INFO AddIdentifyResult: 12169,013931216429,-1,
2017-01-03 16:42:11 INFO AddIdentifyResult: 12169,013931216429,-3,
2017-01-03 16:43:03 INFO AddIdentifyResult: 12169,013931216429,0,ver/01/03/164342_013931216429.wav
2017-01-03 16:43:13 INFO AddIdentifyResult: 12170,015511239733,-1,
2017-01-03 16:43:21 INFO AddIdentifyResult: 12170,015511239733,-3,
2017-01-03 16:44:55 INFO AddIdentifyResult: 12170,015511239733,12,
2017-01-03 16:45:01 INFO AddIdentifyResult: 12170,015511239733,10,reg/015511239733_0103164451|reg/015511239733_0103164451|reg/015511239733_
2017-01-03 16:45:02 INFO UpdateUserState: 015511239733,1
2017-01-03 16:45:19 INFO AddIdentifyResult: 12171,015511239733,-1,
2017-01-03 16:45:25 INFO AddIdentifyResult: 12171,015511239733,-3,
2017-01-03 16:46:17 INFO AddIdentifyResult: 12171,015511239733,0,ver/01/03/164656_015511239733.wav
2017-01-03 16:46:36 INFO AddIdentifyResult: 12172,013141042275,-1,
2017-01-03 16:46:53 INFO AddIdentifyResult: 12172,013141042275,-3,
2017-01-03 16:48:23 INFO AddIdentifyResult: 12172,013141042275,12,
2017-01-03 16:48:29 INFO AddIdentifyResult: 12172,013141042275,10,reg/013141042275_0103164824|reg/013141042275_0103164824|reg/013141042275_
2017-01-03 16:48:29 INFO UpdateUserState: 013141042275,1
2017-01-03 16:48:33 INFO AddIdentifyResult: 12173,013141042275,-1,
2017-01-03 16:48:45 INFO AddIdentifyResult: 12173,013141042275,-3,
2017-01-03 16:49:25 INFO AddIdentifyResult: 12174,018833276279,-1,
2017-01-03 16:49:33 INFO AddIdentifyResult: 12174,018833276279,-3,
2017-01-03 16:49:36 INFO AddIdentifyResult: 12173,013141042275,0,ver/01/03/165016_013141042275.wav
2017-01-03 16:51:34 INFO AddIdentifyResult: 12174,018833276279,12,
2017-01-03 16:51:41 INFO AddIdentifyResult: 12174,018833276279,10,reg/018833276279_0103165234|reg/018833276279_0103165234|reg/018833276279_0103165104
2017-01-03 16:51:42 INFO UpdateUserState: 018833276279,1
2017-01-03 16:51:52 INFO AddIdentifyResult: 12175,018833276279,-1,
2017-01-03 16:51:56 INFO AddIdentifyResult: 12176,015512205070,-1,
2017-01-03 16:52:01 INFO AddIdentifyResult: 12175,018833276279,-3,
2017-01-03 16:52:52 INFO AddIdentifyResult: 12175,018833276279,0,ver/01/03/165332_018833276279.wav
2017-01-03 16:52:58 INFO AddIdentifyResult: 12177,015512205070,-1,
2017-01-03 16:53:33 INFO AddIdentifyResult: 12178,015512205070,-1,
2017-01-03 16:53:45 INFO AddIdentifyResult: 12178,015512205070,-3,
2017-01-03 16:55:01 INFO AddIdentifyResult: 12179,015511203561,-1,
2017-01-03 16:55:14 INFO AddIdentifyResult: 12180,015511203561,-1,
2017-01-03 16:55:30 INFO AddIdentifyResult: 12178,015512205070,12,
2017-01-03 16:55:38 INFO AddIdentifyResult: 12178,015512205070,10,reg/015512205070_0103165515|reg/015512205070_0103165515|reg/015512205070_
2017-01-03 16:55:38 INFO UpdateUserState: 015512205070,1
2017-01-03 16:55:43 INFO AddIdentifyResult: 12181,015512205070,-1,
2017-01-03 16:55:51 INFO AddIdentifyResult: 12182,015511203516,-1,
2017-01-03 16:55:55 INFO AddIdentifyResult: 12181,015512205070,-3,
2017-01-03 16:55:58 INFO AddIdentifyResult: 12182,015511203516,-3,
2017-01-03 16:56:48 INFO AddIdentifyResult: 12181,015512205070,0,ver/01/03/165727_015512205070.wav
2017-01-03 16:57:35 INFO AddIdentifyResult: 12182,015511203516,12,
2017-01-03 16:57:42 INFO AddIdentifyResult: 12182,015511203516,10,reg/015511203516_0103165729|reg/015511203516_0103165729|reg/015511203516_
2017-01-03 16:57:42 INFO UpdateUserState: 015511203516,1
2017-01-03 16:57:53 INFO AddIdentifyResult: 12183,015511203516,-1,
2017-01-03 16:57:58 INFO AddIdentifyResult: 12183,015511203516,-3,
2017-01-03 16:58:50 INFO AddIdentifyResult: 12183,015511203516,0,ver/01/03/165930_015511203516.wav
2017-01-03 16:59:16 INFO AddIdentifyResult: 12184,015512215303,-1,
2017-01-03 16:59:25 INFO AddIdentifyResult: 12184,015512215303,-3,
2017-01-03 17:01:27 INFO AddIdentifyResult: 12184,015512215303,12,
2017-01-03 17:01:33 INFO AddIdentifyResult: 12184,015512215303,10,reg/015512215303_0103170223|reg/015512215303_0103170223|reg/015512215303_0103170055
2017-01-03 17:01:33 INFO UpdateUserState: 015512215303,1
2017-01-03 17:01:41 INFO AddIdentifyResult: 12185,015512215303,-1,
2017-01-03 17:01:48 INFO AddIdentifyResult: 12185,015512215303,-3,
2017-01-03 17:02:39 INFO AddIdentifyResult: 12185,015512215303,0,ver/01/03/170319_015512215303.wav
2017-01-03 17:03:16 INFO AddIdentifyResult: 12186,013613394989,-1,
2017-01-03 17:03:24 INFO AddIdentifyResult: 12186,013613394989,-3,
2017-01-03 17:05:27 INFO AddIdentifyResult: 12186,013613394989,12,
2017-01-03 17:05:33 INFO AddIdentifyResult: 12186,013613394989,10,reg/013613394989_0103170630|reg/013613394989_0103170630|reg/013613394989_0103170455
2017-01-03 17:05:33 INFO UpdateUserState: 013613394989,1
2017-01-03 17:05:46 INFO AddIdentifyResult: 12187,013613394989,-1,
2017-01-03 17:05:59 INFO AddIdentifyResult: 12187,013613394989,-3,
2017-01-03 17:06:50 INFO AddIdentifyResult: 12187,013613394989,0,ver/01/03/170730_013613394989.wav
2017-01-03 17:08:20 INFO AddIdentifyResult: 12188,015511255729,-1,
2017-01-03 17:08:30 INFO AddIdentifyResult: 12188,015511255729,-3,
2017-01-03 17:09:27 INFO AddIdentifyResult: 12189,015533203195,-1,
2017-01-03 17:09:35 INFO AddIdentifyResult: 12189,015533203195,-3,
2017-01-03 17:10:18 INFO AddIdentifyResult: 12188,015511255729,12,
2017-01-03 17:10:24 INFO AddIdentifyResult: 12188,015511255729,10,reg/015511255729_0103171001|reg/015511255729_0103171001|reg/015511255729_
2017-01-03 17:10:25 INFO UpdateUserState: 015511255729,1
2017-01-03 17:10:30 INFO AddIdentifyResult: 12190,015511255729,-1,
2017-01-03 17:11:16 INFO AddIdentifyResult: 12191,015511255729,-1,
2017-01-03 17:11:26 INFO AddIdentifyResult: 12191,015511255729,-3,
2017-01-03 17:11:39 INFO AddIdentifyResult: 12189,015533203195,12,
2017-01-03 17:11:46 INFO AddIdentifyResult: 12189,015533203195,10,reg/015533203195_0103171246|reg/015533203195_0103171246|reg/015533203195_0103171106
2017-01-03 17:11:46 INFO UpdateUserState: 015533203195,1
2017-01-03 17:11:51 INFO AddIdentifyResult: 12192,013831227140,-1,
2017-01-03 17:11:55 INFO AddIdentifyResult: 12193,015533203195,-1,
2017-01-03 17:11:58 INFO AddIdentifyResult: 12192,013831227140,-3,
2017-01-03 17:12:01 INFO AddIdentifyResult: 12193,015533203195,-3,
2017-01-03 17:12:17 INFO AddIdentifyResult: 12191,015511255729,0,ver/01/03/171257_015511255729.wav
2017-01-03 17:12:53 INFO AddIdentifyResult: 12193,015533203195,0,ver/01/03/171333_015533203195.wav
2017-01-03 17:13:30 INFO AddIdentifyResult: 12192,013831227140,12,
2017-01-03 17:13:37 INFO AddIdentifyResult: 12192,013831227140,10,reg/013831227140_0103171329|reg/013831227140_0103171329|reg/013831227140_
2017-01-03 17:13:37 INFO UpdateUserState: 013831227140,1
2017-01-03 17:13:48 INFO AddIdentifyResult: 12194,013831227140,-1,
2017-01-03 17:13:55 INFO AddIdentifyResult: 12194,013831227140,-3,
2017-01-03 17:14:47 INFO AddIdentifyResult: 12194,013831227140,0,ver/01/03/171526_013831227140.wav
2017-01-03 17:17:09 INFO AddIdentifyResult: 12195,018331064863,-1,
2017-01-03 17:17:20 INFO AddIdentifyResult: 12196,015511219059,-1,
2017-01-03 17:17:23 INFO AddIdentifyResult: 12195,018331064863,-3,
2017-01-03 17:18:11 INFO AddIdentifyResult: 12197,015511219059,-1,
2017-01-03 17:18:16 INFO AddIdentifyResult: 12197,015511219059,-3,
2017-01-03 17:19:24 INFO AddIdentifyResult: 12195,018331064863,12,
2017-01-03 17:19:31 INFO AddIdentifyResult: 12195,018331064863,10,reg/018331064863_0103172024|reg/018331064863_0103172024|reg/018331064863_0103171854
2017-01-03 17:19:31 INFO UpdateUserState: 018331064863,1
2017-01-03 17:19:38 INFO AddIdentifyResult: 12198,018331064863,-1,
2017-01-03 17:19:47 INFO AddIdentifyResult: 12198,018331064863,-3,
2017-01-03 17:19:51 INFO AddIdentifyResult: 12197,015511219059,12,
2017-01-03 17:19:53 INFO AddIdentifyResult: 12199,015511213268,-1,
2017-01-03 17:19:58 INFO AddIdentifyResult: 12197,015511219059,10,reg/015511219059_0103171947|reg/015511219059_0103171947|reg/015511219059_
2017-01-03 17:19:58 INFO UpdateUserState: 015511219059,1
2017-01-03 17:20:01 INFO AddIdentifyResult: 12200,015511219059,-1,
2017-01-03 17:20:03 INFO AddIdentifyResult: 12199,015511213268,-3,
2017-01-03 17:20:14 INFO AddIdentifyResult: 12201,015511219059,-1,
2017-01-03 17:20:34 INFO AddIdentifyResult: 12202,015511219059,-1,
2017-01-03 17:20:39 INFO AddIdentifyResult: 12198,018331064863,0,ver/01/03/172118_018331064863.wav
2017-01-03 17:20:41 INFO AddIdentifyResult: 12202,015511219059,-3,
2017-01-03 17:21:33 INFO AddIdentifyResult: 12202,015511219059,0,ver/01/03/172212_015511219059.wav
2017-01-03 17:21:34 INFO AddIdentifyResult: 12199,015511213268,12,
2017-01-03 17:21:41 INFO AddIdentifyResult: 12199,015511213268,10,reg/015511213268_0103172134|reg/015511213268_0103172134|reg/015511213268_
2017-01-03 17:21:41 INFO UpdateUserState: 015511213268,1
2017-01-03 17:22:11 INFO AddIdentifyResult: 12203,015511213268,-1,
2017-01-03 17:22:16 INFO AddIdentifyResult: 12203,015511213268,-3,
2017-01-03 17:22:35 INFO AddIdentifyResult: 12204,015511203869,-1,
2017-01-03 17:23:08 INFO AddIdentifyResult: 12203,015511213268,0,ver/01/03/172347_015511213268.wav
2017-01-03 17:23:19 INFO AddIdentifyResult: 12205,015511203869,-1,
2017-01-03 17:25:33 INFO AddIdentifyResult: 12206,015512203869,-1,
2017-01-03 17:25:39 INFO AddIdentifyResult: 12207,015512207129,-1,
2017-01-03 17:25:41 INFO AddIdentifyResult: 12206,015512203869,-3,
2017-01-03 17:25:51 INFO AddIdentifyResult: 12207,015512207129,-3,
2017-01-03 17:27:09 INFO AddIdentifyResult: 12206,015512203869,12,
2017-01-03 17:27:16 INFO AddIdentifyResult: 12206,015512203869,10,reg/015512203869_0103172712|reg/015512203869_0103172712|reg/015512203869_
2017-01-03 17:27:16 INFO UpdateUserState: 015512203869,1
2017-01-03 17:27:29 INFO AddIdentifyResult: 12207,015512207129,12,
2017-01-03 17:27:35 INFO AddIdentifyResult: 12207,015512207129,10,reg/015512207129_0103172722|reg/015512207129_0103172722|reg/015512207129_
2017-01-03 17:27:36 INFO UpdateUserState: 015512207129,1
2017-01-03 17:27:37 INFO AddIdentifyResult: 12208,015512207129,-1,
2017-01-03 17:27:49 INFO AddIdentifyResult: 12208,015512207129,-3,
2017-01-03 17:28:33 INFO AddIdentifyResult: 0,015512203869,0,ver/01/03/172912_015512203869.wav
2017-01-03 17:28:40 INFO AddIdentifyResult: 12208,015512207129,0,ver/01/03/172920_015512207129.wav
2017-01-03 17:29:03 INFO AddIdentifyResult: 12210,015033743722,-1,
2017-01-03 17:29:08 INFO AddIdentifyResult: 12211,015033761013,-1,
2017-01-03 17:29:11 INFO AddIdentifyResult: 12210,015033743722,-3,
2017-01-03 17:29:18 INFO AddIdentifyResult: 12211,015033761013,-3,
2017-01-03 17:30:57 INFO AddIdentifyResult: 12211,015033761013,12,
2017-01-03 17:30:59 INFO AddIdentifyResult: 12210,015033743722,12,
2017-01-03 17:31:04 INFO AddIdentifyResult: 12211,015033761013,10,reg/015033761013_0103173211|reg/015033761013_0103173211|reg/015033761013_0103173048
2017-01-03 17:31:04 INFO UpdateUserState: 015033761013,1
2017-01-03 17:31:06 INFO AddIdentifyResult: 12212,015033743722,-4,2
2017-01-03 17:31:11 INFO AddIdentifyResult: 12210,015033743722,10,reg/015033743722_0103173041|reg/015033743722_0103173041|reg/015033743722_
2017-01-03 17:31:11 INFO UpdateUserState: 015033743722,1
2017-01-03 17:31:13 INFO AddIdentifyResult: 12213,015033743722,-1,
2017-01-03 17:31:19 INFO AddIdentifyResult: 12213,015033743722,-3,
2017-01-03 17:31:27 INFO AddIdentifyResult: 12214,015033761013,-1,
2017-01-03 17:31:35 INFO AddIdentifyResult: 12214,015033761013,-3,
2017-01-03 17:32:11 INFO AddIdentifyResult: 12213,015033743722,0,ver/01/03/173250_015033743722.wav
2017-01-03 17:32:27 INFO AddIdentifyResult: 12214,015033761013,0,ver/01/03/173306_015033761013.wav
2017-01-03 17:32:30 INFO AddIdentifyResult: 12215,018233216621,-1,
2017-01-03 17:33:13 INFO AddIdentifyResult: 12216,018233216641,-1,
2017-01-03 17:33:25 INFO AddIdentifyResult: 12216,018233216641,-3,
2017-01-03 17:35:01 INFO AddIdentifyResult: 12216,018233216641,12,
2017-01-03 17:35:08 INFO AddIdentifyResult: 12216,018233216641,10,reg/018233216641_0103173456|reg/018233216641_0103173456|reg/018233216641_
2017-01-03 17:35:09 INFO UpdateUserState: 018233216641,1
2017-01-03 17:35:12 INFO AddIdentifyResult: 12217,018233216641,-1,
2017-01-03 17:35:20 INFO AddIdentifyResult: 12217,018233216641,-3,
2017-01-03 17:36:12 INFO AddIdentifyResult: 12217,018233216641,0,ver/01/03/173651_018233216641.wav
2017-01-03 17:36:51 INFO AddIdentifyResult: 12218,015511259056,-1,
2017-01-03 17:36:59 INFO AddIdentifyResult: 12218,015511259056,-3,
2017-01-03 17:37:31 INFO AddIdentifyResult: 12219,013731499857,-1,
2017-01-03 17:37:38 INFO AddIdentifyResult: 12219,013731499857,-3,
2017-01-03 17:37:40 INFO AddIdentifyResult: 12220,015511262936,-1,
2017-01-03 17:37:46 INFO AddIdentifyResult: 12220,015511262936,-3,
2017-01-03 17:39:09 INFO AddIdentifyResult: 12218,015511259056,12,
2017-01-03 17:39:16 INFO AddIdentifyResult: 12218,015511259056,10,reg/015511259056_0103174018|reg/015511259056_0103174018|reg/015511259056_0103173830
2017-01-03 17:39:16 INFO UpdateUserState: 015511259056,1
2017-01-03 17:39:25 INFO AddIdentifyResult: 12221,015511259056,-1,
2017-01-03 17:39:32 INFO AddIdentifyResult: 12221,015511259056,-3,
2017-01-03 17:39:35 INFO AddIdentifyResult: 12219,013731499857,12,
2017-01-03 17:39:40 INFO AddIdentifyResult: 12220,015511262936,12,
2017-01-03 17:39:41 INFO AddIdentifyResult: 12219,013731499857,10,reg/013731499857_0103174039|reg/013731499857_0103174039|reg/013731499857_0103173909
2017-01-03 17:39:41 INFO UpdateUserState: 013731499857,1
2017-01-03 17:39:50 INFO AddIdentifyResult: 12220,015511262936,10,reg/015511262936_0103173917|reg/015511262936_0103173917|reg/015511262936_
2017-01-03 17:39:50 INFO UpdateUserState: 015511262936,1
2017-01-03 17:39:52 INFO AddIdentifyResult: 12222,013731499857,-1,
2017-01-03 17:39:59 INFO AddIdentifyResult: 12222,013731499857,-3,
2017-01-03 17:40:23 INFO AddIdentifyResult: 12221,015511259056,0,ver/01/03/174103_015511259056.wav
2017-01-03 17:40:50 INFO AddIdentifyResult: 12222,013731499857,0,ver/01/03/174130_013731499857.wav
2017-01-03 17:41:36 INFO AddIdentifyResult: 0,015511262936,0,ver/01/03/174215_015511262936.wav
2017-01-03 17:43:11 INFO AddIdentifyResult: 12224,015512200936,-1,
2017-01-03 17:43:16 INFO AddIdentifyResult: 12224,015512200936,-3,
2017-01-03 17:44:55 INFO AddIdentifyResult: 12224,015512200936,12,
2017-01-03 17:45:03 INFO AddIdentifyResult: 12224,015512200936,10,reg/015512200936_0103174447|reg/015512200936_0103174447|reg/015512200936_
2017-01-03 17:45:03 INFO UpdateUserState: 015512200936,1
2017-01-03 17:45:09 INFO AddIdentifyResult: 12225,015512200936,-1,
2017-01-03 17:45:25 INFO AddIdentifyResult: 12226,015512200936,-1,
2017-01-03 17:45:34 INFO AddIdentifyResult: 12227,015512200936,-1,
2017-01-03 17:45:52 INFO AddIdentifyResult: 12228,015512200936,-1,
2017-01-03 17:45:59 INFO AddIdentifyResult: 12228,015512200936,-3,
2017-01-03 17:46:51 INFO AddIdentifyResult: 12228,015512200936,0,ver/01/03/174730_015512200936.wav
