2017-01-22 08:58:12 INFO AddIdentifyResult: 15016,015607225621,-1,
2017-01-22 08:59:48 INFO AddIdentifyResult: 15017,015607225621,-1,
2017-01-22 09:00:03 INFO AddIdentifyResult: 15017,015607225621,-3,
2017-01-22 09:00:39 INFO AddIdentifyResult: 15017,015607225621,11,reg/015607225621_|reg/015607225621_|reg/015607225621_
2017-01-22 09:00:45 INFO AddIdentifyResult: 15018,015607225621,-1,
2017-01-22 09:00:58 INFO AddIdentifyResult: 15018,015607225621,-3,
2017-01-22 09:02:40 INFO AddIdentifyResult: 15018,015607225621,12,
2017-01-22 09:02:48 INFO AddIdentifyResult: 15018,015607225621,10,reg/015607225621_0122090251|reg/015607225621_0122090251|reg/015607225621_
2017-01-22 09:02:48 INFO UpdateUserState: 015607225621,1
2017-01-22 09:03:01 INFO AddIdentifyResult: 15019,015607225621,-1,
2017-01-22 09:03:11 INFO AddIdentifyResult: 15019,015607225621,-3,
2017-01-22 09:04:03 INFO AddIdentifyResult: 15019,015607225621,0,ver/01/22/090504_015607225621.wav
2017-01-22 09:18:51 INFO AddIdentifyResult: 15020,015607227051,-1,
2017-01-22 09:19:05 INFO AddIdentifyResult: 15020,015607227051,-3,
2017-01-22 09:21:46 INFO AddIdentifyResult: 15020,015607227051,12,
2017-01-22 09:21:57 INFO AddIdentifyResult: 15020,015607227051,10,reg/015607227051_0122092058|reg/015607227051_0122092058|reg/015607227051_
2017-01-22 09:21:57 INFO UpdateUserState: 015607227051,1
2017-01-22 09:22:15 INFO AddIdentifyResult: 15021,015607227051,-1,
2017-01-22 09:22:23 INFO AddIdentifyResult: 15021,015607227051,-3,
2017-01-22 09:23:15 INFO AddIdentifyResult: 15021,015607227051,0,ver/01/22/092417_015607227051.wav
2017-01-22 09:34:45 INFO AddIdentifyResult: 15022,015607228203,-1,
2017-01-22 09:35:22 INFO AddIdentifyResult: 15023,015607228203,-1,
2017-01-22 09:35:52 INFO AddIdentifyResult: 15023,015607228203,-3,
2017-01-22 09:37:10 INFO AddIdentifyResult: 15023,015607228203,11,reg/015607228203_|reg/015607228203_|reg/015607228203_
2017-01-22 09:37:51 INFO AddIdentifyResult: 15024,015607228203,-1,
2017-01-22 09:38:00 INFO AddIdentifyResult: 15024,015607228203,-3,
2017-01-22 09:39:43 INFO AddIdentifyResult: 15024,015607228203,12,
2017-01-22 09:39:50 INFO AddIdentifyResult: 15024,015607228203,10,reg/015607228203_0122093953|reg/015607228203_0122093953|reg/015607228203_
2017-01-22 09:39:50 INFO UpdateUserState: 015607228203,1
2017-01-22 09:40:08 INFO AddIdentifyResult: 15025,015607228203,-1,
2017-01-22 09:40:34 INFO AddIdentifyResult: 15026,015607228203,-1,
2017-01-22 09:40:43 INFO AddIdentifyResult: 15026,015607228203,-3,
2017-01-22 09:41:35 INFO AddIdentifyResult: 15026,015607228203,0,ver/01/22/094237_015607228203.wav
2017-01-22 09:50:56 INFO AddIdentifyResult: 15027,015607228350,-1,
2017-01-22 09:51:10 INFO AddIdentifyResult: 15027,015607228350,-3,
2017-01-22 09:53:36 INFO AddIdentifyResult: 15027,015607228350,12,
2017-01-22 09:53:46 INFO AddIdentifyResult: 15027,015607228350,10,reg/015607228350_0122095303|reg/015607228350_0122095303|reg/015607228350_
2017-01-22 09:53:46 INFO UpdateUserState: 015607228350,1
2017-01-22 09:54:02 INFO AddIdentifyResult: 15028,015607228350,-1,
2017-01-22 09:54:18 INFO AddIdentifyResult: 15028,015607228350,-3,
2017-01-22 09:54:35 INFO AddIdentifyResult: 0,015607225621,1,
2017-01-22 09:55:11 INFO AddIdentifyResult: 15028,015607228350,0,ver/01/22/095612_015607228350.wav
2017-01-22 09:55:58 INFO AddIdentifyResult: 0,015607225621,1,
2017-01-22 09:56:58 INFO AddIdentifyResult: 0,015607225621,1,
2017-01-22 10:00:34 INFO AddIdentifyResult: 0,015607225621,1,
2017-01-22 10:23:03 INFO AddIdentifyResult: 15030,015607228067,-1,
2017-01-22 10:23:12 INFO AddIdentifyResult: 15030,015607228067,-3,
2017-01-22 10:25:38 INFO AddIdentifyResult: 15030,015607228067,12,
2017-01-22 10:25:45 INFO AddIdentifyResult: 15030,015607228067,10,reg/015607228067_0122102505|reg/015607228067_0122102505|reg/015607228067_
2017-01-22 10:25:45 INFO UpdateUserState: 015607228067,1
2017-01-22 10:26:09 INFO AddIdentifyResult: 15031,015607228067,-1,
2017-01-22 10:26:17 INFO AddIdentifyResult: 15031,015607228067,-3,
2017-01-22 10:27:09 INFO AddIdentifyResult: 15031,015607228067,0,ver/01/22/102811_015607228067.wav
2017-01-22 11:07:43 INFO AddIdentifyResult: 15032,015607228173,-1,
2017-01-22 11:07:54 INFO AddIdentifyResult: 15032,015607228173,-3,
2017-01-22 11:08:31 INFO AddIdentifyResult: 15032,015607228173,11,reg/015607228173_|reg/015607228173_|reg/015607228173_
2017-01-22 11:10:14 INFO AddIdentifyResult: 15033,015607228173,-1,
2017-01-22 11:10:33 INFO AddIdentifyResult: 15033,015607228173,-3,
2017-01-22 11:13:01 INFO AddIdentifyResult: 15033,015607228173,12,
2017-01-22 11:13:10 INFO AddIdentifyResult: 15033,015607228173,10,reg/015607228173_0122111227|reg/015607228173_0122111227|reg/015607228173_
2017-01-22 11:13:10 INFO UpdateUserState: 015607228173,1
2017-01-22 11:13:30 INFO AddIdentifyResult: 15034,015607228173,-1,
2017-01-22 11:13:43 INFO AddIdentifyResult: 15034,015607228173,-3,
2017-01-22 11:14:34 INFO AddIdentifyResult: 15034,015607228173,0,ver/01/22/111536_015607228173.wav
2017-01-22 11:24:07 INFO AddIdentifyResult: 15035,015607227139,-1,
2017-01-22 11:24:15 INFO AddIdentifyResult: 15035,015607227139,-3,
2017-01-22 11:26:01 INFO AddIdentifyResult: 15035,015607227139,12,
2017-01-22 11:26:08 INFO AddIdentifyResult: 15035,015607227139,10,reg/015607227139_0122112609|reg/015607227139_0122112609|reg/015607227139_
2017-01-22 11:26:08 INFO UpdateUserState: 015607227139,1
2017-01-22 11:26:28 INFO AddIdentifyResult: 15036,015607227139,-1,
2017-01-22 11:26:37 INFO AddIdentifyResult: 15036,015607227139,-3,
2017-01-22 11:27:29 INFO AddIdentifyResult: 15036,015607227139,0,ver/01/22/112831_015607227139.wav
2017-01-22 11:36:26 INFO AddIdentifyResult: 15037,015607227813,-1,
2017-01-22 11:36:41 INFO AddIdentifyResult: 15037,015607227813,-3,
2017-01-22 11:38:13 INFO AddIdentifyResult: 15037,015607227813,12,
2017-01-22 11:38:19 INFO AddIdentifyResult: 15037,015607227813,10,reg/015607227813_0122113834|reg/015607227813_0122113834|reg/015607227813_
2017-01-22 11:38:19 INFO UpdateUserState: 015607227813,1
2017-01-22 11:38:31 INFO AddIdentifyResult: 15038,015607227813,-1,
2017-01-22 11:38:38 INFO AddIdentifyResult: 15038,015607227813,-3,
2017-01-22 11:41:28 INFO AddIdentifyResult: 15038,015607227813,1,
2017-01-22 11:41:41 INFO AddIdentifyResult: 15039,015607227813,-1,
2017-01-22 11:41:51 INFO AddIdentifyResult: 15039,015607227813,-3,
2017-01-22 11:42:43 INFO AddIdentifyResult: 15039,015607227813,0,ver/01/22/114345_015607227813.wav
2017-01-22 15:06:02 INFO AddIdentifyResult: 15040,015607228529,-1,
2017-01-22 15:06:11 INFO AddIdentifyResult: 15040,015607228529,-3,
2017-01-22 15:08:33 INFO AddIdentifyResult: 15040,015607228529,12,
2017-01-22 15:08:44 INFO AddIdentifyResult: 15040,015607228529,10,reg/015607228529_0122150805|reg/015607228529_0122150805|reg/015607228529_
2017-01-22 15:08:45 INFO UpdateUserState: 015607228529,1
2017-01-22 15:09:01 INFO AddIdentifyResult: 15041,015607228529,-1,
2017-01-22 15:09:09 INFO AddIdentifyResult: 15041,015607228529,-3,
2017-01-22 15:10:01 INFO AddIdentifyResult: 15041,015607228529,1,ver/01/22/151104_015607228529.wav
2017-01-22 15:10:19 INFO AddIdentifyResult: 15042,015607228529,-1,
2017-01-22 15:10:34 INFO AddIdentifyResult: 15042,015607228529,-3,
2017-01-22 15:11:26 INFO AddIdentifyResult: 15042,015607228529,0,ver/01/22/151228_015607228529.wav
2017-01-22 15:19:35 INFO AddIdentifyResult: 15043,015672882378,-1,
2017-01-22 15:20:00 INFO AddIdentifyResult: 15044,015672882378,-1,
2017-01-22 15:21:13 INFO AddIdentifyResult: 15045,015572882378,-1,
2017-01-22 15:21:32 INFO AddIdentifyResult: 15045,015572882378,-3,
2017-01-22 15:22:57 INFO AddIdentifyResult: 15045,015572882378,12,
2017-01-22 15:23:04 INFO AddIdentifyResult: 15045,015572882378,10,reg/015572882378_0122152326|reg/015572882378_0122152326|reg/015572882378_
2017-01-22 15:23:04 INFO UpdateUserState: 015572882378,1
2017-01-22 15:23:36 INFO AddIdentifyResult: 15046,015572882378,-1,
2017-01-22 15:23:59 INFO AddIdentifyResult: 15047,015572882378,-1,
2017-01-22 15:24:08 INFO AddIdentifyResult: 15047,015572882378,-3,
2017-01-22 15:25:00 INFO AddIdentifyResult: 15047,015572882378,0,ver/01/22/152602_015572882378.wav
2017-01-22 15:47:33 INFO AddIdentifyResult: 15048,015607226227,-1,
2017-01-22 15:47:44 INFO AddIdentifyResult: 15048,015607226227,-3,
2017-01-22 15:49:41 INFO AddIdentifyResult: 15048,015607226227,12,
2017-01-22 15:49:47 INFO AddIdentifyResult: 15048,015607226227,10,reg/015607226227_0122154938|reg/015607226227_0122154938|reg/015607226227_
2017-01-22 15:49:48 INFO UpdateUserState: 015607226227,1
2017-01-22 15:50:15 INFO AddIdentifyResult: 15049,015607226227,-1,
2017-01-22 15:50:26 INFO AddIdentifyResult: 15049,015607226227,-3,
2017-01-22 15:51:18 INFO AddIdentifyResult: 15049,015607226227,0,ver/01/22/155221_015607226227.wav
2017-01-22 19:09:37 INFO AddIdentifyResult: 0,018107251207,1,
2017-01-22 21:51:18 INFO AddIdentifyResult: 0,018201323322,1,
