2017-03-05 08:59:46 INFO AddIdentifyResult: 20092,013255626980,-1,
2017-03-05 08:59:51 INFO AddIdentifyResult: 20092,013255626980,-3,
2017-03-05 09:01:45 INFO AddIdentifyResult: 20093,013255461162,-1,
2017-03-05 09:01:50 INFO AddIdentifyResult: 20093,013255461162,-3,
2017-03-05 09:02:09 INFO AddIdentifyResult: 20092,013255626980,12,
2017-03-05 09:02:16 INFO AddIdentifyResult: 20092,013255626980,10,reg/013255626980_0305090334|reg/013255626980_0305090334|reg/013255626980_0305090148
2017-03-05 09:02:16 INFO UpdateUserState: 013255626980,1
2017-03-05 09:02:39 INFO AddIdentifyResult: 20094,013255626980,-1,
2017-03-05 09:03:03 INFO AddIdentifyResult: 20095,013255626980,-1,
2017-03-05 09:03:18 INFO AddIdentifyResult: 20095,013255626980,-3,
2017-03-05 09:03:20 INFO AddIdentifyResult: 20093,013255461162,12,
2017-03-05 09:03:26 INFO AddIdentifyResult: 20093,013255461162,10,reg/013255461162_0305090347|reg/013255461162_0305090347|reg/013255461162_
2017-03-05 09:03:26 INFO UpdateUserState: 013255461162,1
2017-03-05 09:04:10 INFO AddIdentifyResult: 20095,013255626980,0,ver/03/05/090516_013255626980.wav
2017-03-05 09:09:24 INFO AddIdentifyResult: 20096,013245455236,-1,
2017-03-05 09:09:30 INFO AddIdentifyResult: 20096,013245455236,-3,
2017-03-05 09:11:24 INFO AddIdentifyResult: 20096,013245455236,12,
2017-03-05 09:11:32 INFO AddIdentifyResult: 20096,013245455236,10,reg/013245455236_0305091247|reg/013245455236_0305091247|reg/013245455236_0305091127
2017-03-05 09:11:32 INFO UpdateUserState: 013245455236,1
2017-03-05 09:11:32 INFO AddIdentifyResult: 20097,013255462509,-1,
2017-03-05 09:11:37 INFO AddIdentifyResult: 20097,013255462509,-3,
2017-03-05 09:13:13 INFO AddIdentifyResult: 20097,013255462509,12,
2017-03-05 09:13:20 INFO AddIdentifyResult: 20097,013255462509,10,reg/013255462509_0305091334|reg/013255462509_0305091334|reg/013255462509_
2017-03-05 09:13:20 INFO UpdateUserState: 013255462509,1
2017-03-05 09:26:02 INFO AddIdentifyResult: 20098,013255632980,-1,
2017-03-05 09:26:11 INFO AddIdentifyResult: 20098,013255632980,-3,
2017-03-05 09:28:11 INFO AddIdentifyResult: 20098,013255632980,12,
2017-03-05 09:28:16 INFO AddIdentifyResult: 20099,013854474855,-1,
2017-03-05 09:28:18 INFO AddIdentifyResult: 20098,013255632980,10,reg/013255632980_0305092809|reg/013255632980_0305092809|reg/013255632980_
2017-03-05 09:28:19 INFO UpdateUserState: 013255632980,1
2017-03-05 09:28:28 INFO AddIdentifyResult: 20099,013854474855,-3,
2017-03-05 09:30:23 INFO AddIdentifyResult: 20099,013854474855,12,
2017-03-05 09:30:31 INFO AddIdentifyResult: 20099,013854474855,10,reg/013854474855_0305093025|reg/013854474855_0305093025|reg/013854474855_
2017-03-05 09:30:31 INFO UpdateUserState: 013854474855,1
2017-03-05 09:33:45 INFO AddIdentifyResult: 20100,013255619387,-1,
2017-03-05 09:33:52 INFO AddIdentifyResult: 20101,013255619387,-1,
2017-03-05 09:33:57 INFO AddIdentifyResult: 20100,013255619387,-3,
2017-03-05 09:34:27 INFO AddIdentifyResult: 20102,013256478821,-1,
2017-03-05 09:34:33 INFO AddIdentifyResult: 20102,013256478821,-3,
2017-03-05 09:35:24 INFO AddIdentifyResult: 20100,013255619387,12,
2017-03-05 09:35:31 INFO AddIdentifyResult: 20100,013255619387,10,reg/013255619387_0305093555|reg/013255619387_0305093555|reg/013255619387_
2017-03-05 09:35:31 INFO UpdateUserState: 013255619387,1
2017-03-05 09:36:34 INFO AddIdentifyResult: 20102,013256478821,12,
2017-03-05 09:36:42 INFO AddIdentifyResult: 20102,013256478821,10,reg/013256478821_0305093630|reg/013256478821_0305093630|reg/013256478821_
2017-03-05 09:36:42 INFO UpdateUserState: 013256478821,1
2017-03-05 09:37:10 INFO AddIdentifyResult: 20103,013256478821,-1,
2017-03-05 09:37:17 INFO AddIdentifyResult: 20103,013256478821,-3,
2017-03-05 09:37:34 INFO AddIdentifyResult: 20104,013256476568,-1,
2017-03-05 09:37:40 INFO AddIdentifyResult: 20104,013256476568,-3,
2017-03-05 09:38:09 INFO AddIdentifyResult: 20103,013256478821,0,ver/03/05/093915_013256478821.wav
2017-03-05 09:40:03 INFO AddIdentifyResult: 20104,013256476568,12,
2017-03-05 09:40:10 INFO AddIdentifyResult: 20104,013256476568,10,reg/013256476568_0305094127|reg/013256476568_0305094127|reg/013256476568_0305093938
2017-03-05 09:40:10 INFO UpdateUserState: 013256476568,1
2017-03-05 09:43:36 INFO AddIdentifyResult: 20105,013255638179,-1,
2017-03-05 09:43:41 INFO AddIdentifyResult: 20105,013255638179,-3,
2017-03-05 09:45:51 INFO AddIdentifyResult: 20105,013255638179,12,
2017-03-05 09:45:59 INFO AddIdentifyResult: 20105,013255638179,10,reg/013255638179_0305094538|reg/013255638179_0305094538|reg/013255638179_
2017-03-05 09:45:59 INFO UpdateUserState: 013255638179,1
2017-03-05 09:46:02 INFO AddIdentifyResult: 20106,015254680776,-1,
2017-03-05 09:46:15 INFO AddIdentifyResult: 20106,015254680776,-3,
2017-03-05 09:48:33 INFO AddIdentifyResult: 20106,015254680776,12,
2017-03-05 09:48:40 INFO AddIdentifyResult: 20106,015254680776,10,reg/015254680776_0305094812|reg/015254680776_0305094812|reg/015254680776_
2017-03-05 09:48:41 INFO UpdateUserState: 015254680776,1
2017-03-05 09:50:02 INFO AddIdentifyResult: 20107,013255630951,-1,
2017-03-05 09:50:07 INFO AddIdentifyResult: 20107,013255630951,-3,
2017-03-05 09:51:50 INFO AddIdentifyResult: 20107,013255630951,12,
2017-03-05 09:51:57 INFO AddIdentifyResult: 20107,013255630951,10,reg/013255630951_0305095205|reg/013255630951_0305095205|reg/013255630951_
2017-03-05 09:51:58 INFO UpdateUserState: 013255630951,1
2017-03-05 09:53:56 INFO AddIdentifyResult: 20108,13255638716,-1,
2017-03-05 09:54:42 INFO AddIdentifyResult: 20109,13255638716,-1,
2017-03-05 09:55:02 INFO AddIdentifyResult: 20110,013255638716,-1,
2017-03-05 09:55:08 INFO AddIdentifyResult: 20110,013255638716,-3,
2017-03-05 09:55:26 INFO AddIdentifyResult: 20110,013255638716,11,reg/013255638716_|reg/013255638716_|reg/013255638716_
2017-03-05 09:55:31 INFO AddIdentifyResult: 20111,013255638716,-1,
2017-03-05 09:55:35 INFO AddIdentifyResult: 20111,013255638716,-3,
2017-03-05 09:57:19 INFO AddIdentifyResult: 20111,013255638716,12,
2017-03-05 09:57:26 INFO AddIdentifyResult: 20111,013255638716,10,reg/013255638716_0305095732|reg/013255638716_0305095732|reg/013255638716_
2017-03-05 09:57:26 INFO UpdateUserState: 013255638716,1
2017-03-05 10:02:22 INFO AddIdentifyResult: 20112,018266630373,-1,
2017-03-05 10:02:29 INFO AddIdentifyResult: 20112,018266630373,-3,
2017-03-05 10:04:33 INFO AddIdentifyResult: 20112,018266630373,12,
2017-03-05 10:04:41 INFO AddIdentifyResult: 20112,018266630373,10,reg/018266630373_0305100426|reg/018266630373_0305100426|reg/018266630373_
2017-03-05 10:04:41 INFO UpdateUserState: 018266630373,1
2017-03-05 10:10:13 INFO AddIdentifyResult: 20113,013256477598,-1,
2017-03-05 10:10:19 INFO AddIdentifyResult: 20113,013256477598,-3,
2017-03-05 10:10:26 INFO AddIdentifyResult: 20113,013256477598,11,reg/013256477598_|reg/013256477598_|reg/013256477598_
2017-03-05 10:10:33 INFO AddIdentifyResult: 20114,013256477598,-1,
2017-03-05 10:10:39 INFO AddIdentifyResult: 20114,013256477598,-3,
2017-03-05 10:11:02 INFO AddIdentifyResult: 20114,013256477598,11,reg/013256477598_|reg/013256477598_|reg/013256477598_
2017-03-05 10:11:10 INFO AddIdentifyResult: 20115,013256477598,-1,
2017-03-05 10:11:16 INFO AddIdentifyResult: 20115,013256477598,-3,
2017-03-05 10:13:45 INFO AddIdentifyResult: 20115,013256477598,12,
2017-03-05 10:13:51 INFO AddIdentifyResult: 20115,013256477598,10,reg/013256477598_0305101517|reg/013256477598_0305101517|reg/013256477598_0305101314
2017-03-05 10:13:52 INFO UpdateUserState: 013256477598,1
2017-03-05 10:18:36 INFO AddIdentifyResult: 20116,013255463121,-1,
2017-03-05 10:18:41 INFO AddIdentifyResult: 20116,013255463121,-3,
2017-03-05 10:21:39 INFO AddIdentifyResult: 20116,013255463121,12,
2017-03-05 10:21:46 INFO AddIdentifyResult: 20116,013255463121,10,reg/013255463121_0305102302|reg/013255463121_0305102302|reg/013255463121_0305102038
2017-03-05 10:21:46 INFO UpdateUserState: 013255463121,1
2017-03-05 10:40:54 INFO AddIdentifyResult: 20117,013255465181,-1,
2017-03-05 10:41:01 INFO AddIdentifyResult: 20117,013255465181,-3,
2017-03-05 10:42:48 INFO AddIdentifyResult: 20117,013255465181,12,
2017-03-05 10:42:55 INFO AddIdentifyResult: 20118,018354606038,-1,
2017-03-05 10:42:56 INFO AddIdentifyResult: 20117,013255465181,10,reg/013255465181_0305104258|reg/013255465181_0305104258|reg/013255465181_
2017-03-05 10:42:56 INFO UpdateUserState: 013255465181,1
2017-03-05 10:43:02 INFO AddIdentifyResult: 20118,018354606038,-3,
2017-03-05 10:43:19 INFO AddIdentifyResult: 20118,018354606038,11,reg/018354606038_|reg/018354606038_|reg/018354606038_
2017-03-05 10:43:30 INFO AddIdentifyResult: 20119,018354606038,-1,
2017-03-05 10:43:37 INFO AddIdentifyResult: 20119,018354606038,-3,
2017-03-05 10:45:04 INFO AddIdentifyResult: 20119,018354606038,12,
2017-03-05 10:45:11 INFO AddIdentifyResult: 20119,018354606038,10,reg/018354606038_0305104535|reg/018354606038_0305104535|reg/018354606038_
2017-03-05 10:45:11 INFO UpdateUserState: 018354606038,1
2017-03-05 10:59:29 INFO AddIdentifyResult: 20120,018266630373,-1,
2017-03-05 10:59:36 INFO AddIdentifyResult: 20120,018266630373,-3,
2017-03-05 11:01:34 INFO AddIdentifyResult: 20120,018266630373,12,
2017-03-05 11:01:42 INFO AddIdentifyResult: 20120,018266630373,10,reg/018266630373_0305110133|reg/018266630373_0305110133|reg/018266630373_
2017-03-05 11:01:42 INFO UpdateUserState: 018266630373,1
2017-03-05 11:08:15 INFO AddIdentifyResult: 20121,013255461751,-1,
2017-03-05 11:09:56 INFO AddIdentifyResult: 20122,013255461751,-1,
2017-03-05 11:10:03 INFO AddIdentifyResult: 20122,013255461751,-3,
2017-03-05 11:12:08 INFO AddIdentifyResult: 20122,013255461751,12,
2017-03-05 11:12:16 INFO AddIdentifyResult: 20122,013255461751,10,reg/013255461751_0305111201|reg/013255461751_0305111201|reg/013255461751_
2017-03-05 11:12:16 INFO UpdateUserState: 013255461751,1
2017-03-05 11:12:17 INFO AddIdentifyResult: 20123,015550517619,-1,
2017-03-05 11:12:23 INFO AddIdentifyResult: 20123,015550517619,-3,
2017-03-05 11:14:20 INFO AddIdentifyResult: 20123,015550517619,12,
2017-03-05 11:14:27 INFO AddIdentifyResult: 20123,015550517619,10,reg/015550517619_0305111421|reg/015550517619_0305111421|reg/015550517619_
2017-03-05 11:14:27 INFO UpdateUserState: 015550517619,1
2017-03-05 11:24:50 INFO AddIdentifyResult: 20124,015954648751,-1,
2017-03-05 11:25:00 INFO AddIdentifyResult: 20124,015954648751,-3,
2017-03-05 11:26:49 INFO AddIdentifyResult: 20124,015954648751,12,
2017-03-05 11:26:56 INFO AddIdentifyResult: 20124,015954648751,10,reg/015954648751_0305112658|reg/015954648751_0305112658|reg/015954648751_
2017-03-05 11:26:56 INFO UpdateUserState: 015954648751,1
2017-03-05 11:26:57 INFO AddIdentifyResult: 20125,013256476318,-1,
2017-03-05 11:27:05 INFO AddIdentifyResult: 20125,013256476318,-3,
2017-03-05 11:29:10 INFO AddIdentifyResult: 20125,013256476318,12,
2017-03-05 11:29:17 INFO AddIdentifyResult: 20125,013256476318,10,reg/013256476318_0305113038|reg/013256476318_0305113038|reg/013256476318_0305112903
2017-03-05 11:29:17 INFO UpdateUserState: 013256476318,1
2017-03-05 11:30:45 INFO AddIdentifyResult: 20126,013256476050,-1,
2017-03-05 11:30:51 INFO AddIdentifyResult: 20126,013256476050,-3,
2017-03-05 11:32:28 INFO AddIdentifyResult: 20126,013256476050,12,
2017-03-05 11:32:35 INFO AddIdentifyResult: 20126,013256476050,10,reg/013256476050_0305113249|reg/013256476050_0305113249|reg/013256476050_
2017-03-05 11:32:35 INFO UpdateUserState: 013256476050,1
2017-03-05 11:36:08 INFO AddIdentifyResult: 20127,013255632689,-1,
2017-03-05 11:36:16 INFO AddIdentifyResult: 20127,013255632689,-3,
2017-03-05 11:38:15 INFO AddIdentifyResult: 20127,013255632689,12,
2017-03-05 11:38:22 INFO AddIdentifyResult: 20127,013255632689,10,reg/013255632689_0305113935|reg/013255632689_0305113935|reg/013255632689_0305113814
2017-03-05 11:38:23 INFO UpdateUserState: 013255632689,1
2017-03-05 13:52:48 INFO AddIdentifyResult: 20128,013256477323,-1,
2017-03-05 13:52:55 INFO AddIdentifyResult: 20128,013256477323,-3,
2017-03-05 13:54:45 INFO AddIdentifyResult: 20128,013256477323,12,
2017-03-05 13:54:53 INFO AddIdentifyResult: 20128,013256477323,10,reg/013256477323_0305135453|reg/013256477323_0305135453|reg/013256477323_
2017-03-05 13:54:53 INFO UpdateUserState: 013256477323,1
2017-03-05 14:02:28 INFO AddIdentifyResult: 20129,013255622010,-1,
2017-03-05 14:02:34 INFO AddIdentifyResult: 20129,013255622010,-3,
2017-03-05 14:04:34 INFO AddIdentifyResult: 20129,013255622010,12,
2017-03-05 14:04:41 INFO AddIdentifyResult: 20129,013255622010,10,reg/013255622010_0305140433|reg/013255622010_0305140433|reg/013255622010_
2017-03-05 14:04:42 INFO UpdateUserState: 013255622010,1
2017-03-05 14:09:49 INFO AddIdentifyResult: 20130,018266630373,-1,
2017-03-05 14:09:55 INFO AddIdentifyResult: 20130,018266630373,-3,
2017-03-05 14:11:50 INFO AddIdentifyResult: 20130,018266630373,12,
2017-03-05 14:11:58 INFO AddIdentifyResult: 20130,018266630373,10,reg/018266630373_0305141316|reg/018266630373_0305141316|reg/018266630373_0305141154
2017-03-05 14:11:58 INFO UpdateUserState: 018266630373,1
2017-03-05 14:15:14 INFO AddIdentifyResult: 20131,013255460761,-1,
2017-03-05 14:15:20 INFO AddIdentifyResult: 20131,013255460761,-3,
2017-03-05 14:17:10 INFO AddIdentifyResult: 20131,013255460761,12,
2017-03-05 14:17:18 INFO AddIdentifyResult: 20131,013255460761,10,reg/013255460761_0305141718|reg/013255460761_0305141718|reg/013255460761_
2017-03-05 14:17:18 INFO UpdateUserState: 013255460761,1
2017-03-05 14:21:31 INFO AddIdentifyResult: 20132,013255463560,-1,
2017-03-05 14:21:36 INFO AddIdentifyResult: 20132,013255463560,-3,
2017-03-05 14:23:33 INFO AddIdentifyResult: 20132,013255463560,12,
2017-03-05 14:23:41 INFO AddIdentifyResult: 20132,013255463560,10,reg/013255463560_0305142335|reg/013255463560_0305142335|reg/013255463560_
2017-03-05 14:23:41 INFO UpdateUserState: 013255463560,1
2017-03-05 14:29:53 INFO AddIdentifyResult: 20133,013255600596,-1,
2017-03-05 14:29:58 INFO AddIdentifyResult: 20133,013255600596,-3,
2017-03-05 14:32:05 INFO AddIdentifyResult: 20133,013255600596,12,
2017-03-05 14:32:11 INFO AddIdentifyResult: 20134,018266630373,-1,
2017-03-05 14:32:11 INFO AddIdentifyResult: 20133,013255600596,10,reg/013255600596_0305143335|reg/013255600596_0305143335|reg/013255600596_0305143156
2017-03-05 14:32:12 INFO UpdateUserState: 013255600596,1
2017-03-05 14:32:18 INFO AddIdentifyResult: 20134,018266630373,-3,
2017-03-05 14:34:01 INFO AddIdentifyResult: 20134,018266630373,12,
2017-03-05 14:34:09 INFO AddIdentifyResult: 20134,018266630373,10,reg/018266630373_0305143416|reg/018266630373_0305143416|reg/018266630373_
2017-03-05 14:34:09 INFO UpdateUserState: 018266630373,1
2017-03-05 14:37:53 INFO AddIdentifyResult: 20135,013255628138,-1,
2017-03-05 14:38:01 INFO AddIdentifyResult: 20135,013255628138,-3,
2017-03-05 14:40:03 INFO AddIdentifyResult: 20135,013255628138,12,
2017-03-05 14:40:10 INFO AddIdentifyResult: 20135,013255628138,10,reg/013255628138_0305143959|reg/013255628138_0305143959|reg/013255628138_
2017-03-05 14:40:10 INFO UpdateUserState: 013255628138,1
2017-03-05 14:44:14 INFO AddIdentifyResult: 20136,013255462576,-1,
2017-03-05 14:44:19 INFO AddIdentifyResult: 20136,013255462576,-3,
2017-03-05 14:45:05 INFO AddIdentifyResult: 20137,018766767072,-1,
2017-03-05 14:45:14 INFO AddIdentifyResult: 20137,018766767072,-3,
2017-03-05 14:45:36 INFO AddIdentifyResult: 20137,018766767072,11,reg/018766767072_|reg/018766767072_|reg/018766767072_
2017-03-05 14:45:46 INFO AddIdentifyResult: 20136,013255462576,12,
2017-03-05 14:45:52 INFO AddIdentifyResult: 20138,018678641873,-1,
2017-03-05 14:45:53 INFO AddIdentifyResult: 20136,013255462576,10,reg/013255462576_0305144617|reg/013255462576_0305144617|reg/013255462576_
2017-03-05 14:45:53 INFO UpdateUserState: 013255462576,1
2017-03-05 14:46:13 INFO AddIdentifyResult: 20139,018766767072,-1,
2017-03-05 14:46:18 INFO AddIdentifyResult: 20140,018678641873,-1,
2017-03-05 14:46:19 INFO AddIdentifyResult: 20139,018766767072,-3,
2017-03-05 14:46:23 INFO AddIdentifyResult: 20140,018678641873,-3,
2017-03-05 14:47:56 INFO AddIdentifyResult: 20139,018766767072,12,
2017-03-05 14:48:03 INFO AddIdentifyResult: 20139,018766767072,10,reg/018766767072_0305144818|reg/018766767072_0305144818|reg/018766767072_
2017-03-05 14:48:03 INFO UpdateUserState: 018766767072,1
2017-03-05 14:48:09 INFO AddIdentifyResult: 20140,018678641873,12,
2017-03-05 14:48:16 INFO AddIdentifyResult: 20140,018678641873,10,reg/018678641873_0305144933|reg/018678641873_0305144933|reg/018678641873_0305144822
2017-03-05 14:48:16 INFO UpdateUserState: 018678641873,1
2017-03-05 14:52:03 INFO AddIdentifyResult: 20141,013255625502,-1,
2017-03-05 14:52:07 INFO AddIdentifyResult: 20141,013255625502,-3,
2017-03-05 14:54:12 INFO AddIdentifyResult: 20141,013255625502,12,
2017-03-05 14:54:19 INFO AddIdentifyResult: 20141,013255625502,10,reg/013255625502_0305145544|reg/013255625502_0305145544|reg/013255625502_0305145405
2017-03-05 14:54:20 INFO UpdateUserState: 013255625502,1
2017-03-05 14:58:33 INFO AddIdentifyResult: 20142,013256473710,-1,
2017-03-05 14:58:39 INFO AddIdentifyResult: 20142,013256473710,-3,
2017-03-05 15:00:01 INFO AddIdentifyResult: 20142,013256473710,12,
2017-03-05 15:00:07 INFO AddIdentifyResult: 20143,015216472987,-1,
2017-03-05 15:00:08 INFO AddIdentifyResult: 20142,013256473710,10,reg/013256473710_0305150037|reg/013256473710_0305150037|reg/013256473710_
2017-03-05 15:00:08 INFO UpdateUserState: 013256473710,1
2017-03-05 15:00:19 INFO AddIdentifyResult: 20143,015216472987,-3,
2017-03-05 15:01:40 INFO AddIdentifyResult: 20143,015216472987,12,
2017-03-05 15:01:46 INFO AddIdentifyResult: 20143,015216472987,10,reg/015216472987_0305150218|reg/015216472987_0305150218|reg/015216472987_
2017-03-05 15:01:47 INFO UpdateUserState: 015216472987,1
2017-03-05 15:05:52 INFO AddIdentifyResult: 20144,013255620365,-1,
2017-03-05 15:06:42 INFO AddIdentifyResult: 20145,013255620365,-1,
2017-03-05 15:06:48 INFO AddIdentifyResult: 20145,013255620365,-3,
2017-03-05 15:08:24 INFO AddIdentifyResult: 20145,013255620365,12,
2017-03-05 15:08:31 INFO AddIdentifyResult: 20145,013255620365,10,reg/013255620365_0305150847|reg/013255620365_0305150847|reg/013255620365_
2017-03-05 15:08:31 INFO UpdateUserState: 013255620365,1
2017-03-05 15:13:15 INFO AddIdentifyResult: 20146,013255463183,-1,
2017-03-05 15:13:22 INFO AddIdentifyResult: 20146,013255463183,-3,
2017-03-05 15:14:00 INFO AddIdentifyResult: 20147,013255629891,-1,
2017-03-05 15:14:06 INFO AddIdentifyResult: 20147,013255629891,-3,
2017-03-05 15:15:02 INFO AddIdentifyResult: 20146,013255463183,12,
2017-03-05 15:15:09 INFO AddIdentifyResult: 20146,013255463183,10,reg/013255463183_0305151520|reg/013255463183_0305151520|reg/013255463183_
2017-03-05 15:15:10 INFO UpdateUserState: 013255463183,1
2017-03-05 15:16:55 INFO AddIdentifyResult: 20147,013255629891,12,
2017-03-05 15:17:02 INFO AddIdentifyResult: 20147,013255629891,10,reg/013255629891_0305151807|reg/013255629891_0305151807|reg/013255629891_0305151605
2017-03-05 15:17:02 INFO UpdateUserState: 013255629891,1
2017-03-05 15:19:25 INFO AddIdentifyResult: 20148,013054611096,-1,
2017-03-05 15:19:36 INFO AddIdentifyResult: 20148,013054611096,-3,
2017-03-05 15:20:35 INFO AddIdentifyResult: 20149,018266630373,-1,
2017-03-05 15:20:42 INFO AddIdentifyResult: 20149,018266630373,-3,
2017-03-05 15:21:46 INFO AddIdentifyResult: 20148,013054611096,12,
2017-03-05 15:21:53 INFO AddIdentifyResult: 20148,013054611096,10,reg/013054611096_0305152135|reg/013054611096_0305152135|reg/013054611096_
2017-03-05 15:21:53 INFO UpdateUserState: 013054611096,1
2017-03-05 15:22:43 INFO AddIdentifyResult: 20149,018266630373,12,
2017-03-05 15:22:51 INFO AddIdentifyResult: 20149,018266630373,10,reg/018266630373_0305152240|reg/018266630373_0305152240|reg/018266630373_
2017-03-05 15:22:51 INFO UpdateUserState: 018266630373,1
2017-03-05 15:27:51 INFO AddIdentifyResult: 20150,013255463620,-1,
2017-03-05 15:27:58 INFO AddIdentifyResult: 20150,013255463620,-3,
2017-03-05 15:29:26 INFO AddIdentifyResult: 20150,013255463620,12,
2017-03-05 15:29:32 INFO AddIdentifyResult: 20150,013255463620,10,reg/013255463620_0305152956|reg/013255463620_0305152956|reg/013255463620_
2017-03-05 15:29:33 INFO UpdateUserState: 013255463620,1
2017-03-05 15:29:40 INFO AddIdentifyResult: 20151,013255625887,-1,
2017-03-05 15:29:48 INFO AddIdentifyResult: 20151,013255625887,-3,
2017-03-05 15:31:44 INFO AddIdentifyResult: 20152,013255463801,-1,
2017-03-05 15:31:50 INFO AddIdentifyResult: 20152,013255463801,-3,
2017-03-05 15:32:02 INFO AddIdentifyResult: 20152,013255463801,11,reg/013255463801_|reg/013255463801_|reg/013255463801_
2017-03-05 15:32:09 INFO AddIdentifyResult: 20153,013255463801,-1,
2017-03-05 15:32:14 INFO AddIdentifyResult: 20153,013255463801,-3,
2017-03-05 15:32:15 INFO AddIdentifyResult: 20151,013255625887,12,
2017-03-05 15:32:22 INFO AddIdentifyResult: 20151,013255625887,10,reg/013255625887_0305153342|reg/013255625887_0305153342|reg/013255625887_0305153147
2017-03-05 15:32:22 INFO UpdateUserState: 013255625887,1
2017-03-05 15:34:28 INFO AddIdentifyResult: 20153,013255463801,12,
2017-03-05 15:34:35 INFO AddIdentifyResult: 20153,013255463801,10,reg/013255463801_0305153550|reg/013255463801_0305153550|reg/013255463801_0305153412
2017-03-05 15:34:35 INFO UpdateUserState: 013255463801,1
2017-03-05 15:39:34 INFO AddIdentifyResult: 20154,013255465030,-1,
2017-03-05 15:39:39 INFO AddIdentifyResult: 20154,013255465030,-3,
2017-03-05 15:40:57 INFO AddIdentifyResult: 20154,013255465030,12,
2017-03-05 15:41:04 INFO AddIdentifyResult: 20154,013255465030,10,reg/013255465030_0305154137|reg/013255465030_0305154137|reg/013255465030_
2017-03-05 15:41:04 INFO UpdateUserState: 013255465030,1
2017-03-05 15:44:02 INFO AddIdentifyResult: 20155,018266630373,-1,
2017-03-05 15:44:09 INFO AddIdentifyResult: 20155,018266630373,-3,
2017-03-05 15:45:53 INFO AddIdentifyResult: 20155,018266630373,12,
2017-03-05 15:46:00 INFO AddIdentifyResult: 20155,018266630373,10,reg/018266630373_0305154607|reg/018266630373_0305154607|reg/018266630373_
2017-03-05 15:46:01 INFO UpdateUserState: 018266630373,1
2017-03-05 15:51:16 INFO AddIdentifyResult: 20156,018266630373,-1,
2017-03-05 15:51:22 INFO AddIdentifyResult: 20156,018266630373,-3,
2017-03-05 15:52:43 INFO AddIdentifyResult: 20156,018266630373,12,
2017-03-05 15:52:50 INFO AddIdentifyResult: 20156,018266630373,10,reg/018266630373_0305155321|reg/018266630373_0305155321|reg/018266630373_
2017-03-05 15:52:50 INFO UpdateUserState: 018266630373,1
2017-03-05 15:56:21 INFO AddIdentifyResult: 20157,013275460991,-1,
2017-03-05 15:56:26 INFO AddIdentifyResult: 20157,013275460991,-3,
2017-03-05 15:58:06 INFO AddIdentifyResult: 20157,013275460991,12,
2017-03-05 15:58:13 INFO AddIdentifyResult: 20157,013275460991,10,reg/013275460991_0305155939|reg/013275460991_0305155939|reg/013275460991_0305155825
2017-03-05 15:58:13 INFO UpdateUserState: 013275460991,1
2017-03-05 16:02:49 INFO AddIdentifyResult: 20158,013255625990,-1,
2017-03-05 16:02:55 INFO AddIdentifyResult: 20158,013255625990,-3,
2017-03-05 16:04:59 INFO AddIdentifyResult: 20158,013255625990,12,
2017-03-05 16:05:07 INFO AddIdentifyResult: 20158,013255625990,10,reg/013255625990_0305160453|reg/013255625990_0305160453|reg/013255625990_
2017-03-05 16:05:07 INFO UpdateUserState: 013255625990,1
2017-03-05 16:06:03 INFO AddIdentifyResult: 20159,013280319516,-1,
2017-03-05 16:06:08 INFO AddIdentifyResult: 20159,013280319516,-3,
2017-03-05 16:07:56 INFO AddIdentifyResult: 20159,013280319516,12,
2017-03-05 16:08:03 INFO AddIdentifyResult: 20159,013280319516,10,reg/013280319516_0305160806|reg/013280319516_0305160806|reg/013280319516_
2017-03-05 16:08:04 INFO UpdateUserState: 013280319516,1
2017-03-05 16:08:04 INFO AddIdentifyResult: 20160,013255626679,-1,
2017-03-05 16:08:11 INFO AddIdentifyResult: 20160,013255626679,-3,
2017-03-05 16:10:07 INFO AddIdentifyResult: 20160,013255626679,12,
2017-03-05 16:10:14 INFO AddIdentifyResult: 20160,013255626679,10,reg/013255626679_0305161129|reg/013255626679_0305161129|reg/013255626679_0305161010
2017-03-05 16:10:15 INFO UpdateUserState: 013255626679,1
2017-03-05 16:12:53 INFO AddIdentifyResult: 20161,013275460991,-1,
2017-03-05 16:12:59 INFO AddIdentifyResult: 20161,013275460991,-3,
2017-03-05 16:13:54 INFO AddIdentifyResult: 20162,013255626080,-1,
2017-03-05 16:14:00 INFO AddIdentifyResult: 20162,013255626080,-3,
2017-03-05 16:15:10 INFO AddIdentifyResult: 20161,013275460991,12,
2017-03-05 16:15:17 INFO AddIdentifyResult: 20161,013275460991,10,reg/013275460991_0305161458|reg/013275460991_0305161458|reg/013275460991_
2017-03-05 16:15:17 INFO UpdateUserState: 013275460991,1
2017-03-05 16:16:37 INFO AddIdentifyResult: 20162,013255626080,12,
2017-03-05 16:16:44 INFO AddIdentifyResult: 20162,013255626080,10,reg/013255626080_0305161750|reg/013255626080_0305161750|reg/013255626080_0305161558
2017-03-05 16:16:44 INFO UpdateUserState: 013255626080,1
2017-03-05 16:19:28 INFO AddIdentifyResult: 20163,013255602358,-1,
2017-03-05 16:19:40 INFO AddIdentifyResult: 20163,013255602358,-3,
2017-03-05 16:21:08 INFO AddIdentifyResult: 20163,013255602358,12,
2017-03-05 16:21:15 INFO AddIdentifyResult: 20163,013255602358,10,reg/013255602358_0305162138|reg/013255602358_0305162138|reg/013255602358_
2017-03-05 16:21:15 INFO UpdateUserState: 013255602358,1
2017-03-05 16:27:30 INFO AddIdentifyResult: 20164,013255619157,-1,
2017-03-05 16:27:35 INFO AddIdentifyResult: 20164,013255619157,-3,
2017-03-05 16:29:24 INFO AddIdentifyResult: 20164,013255619157,12,
2017-03-05 16:29:32 INFO AddIdentifyResult: 20164,013255619157,10,reg/013255619157_0305162934|reg/013255619157_0305162934|reg/013255619157_
2017-03-05 16:29:32 INFO UpdateUserState: 013255619157,1
2017-03-05 16:39:30 INFO AddIdentifyResult: 20165,013256479781,-1,
2017-03-05 16:39:36 INFO AddIdentifyResult: 20165,013256479781,-3,
2017-03-05 16:41:04 INFO AddIdentifyResult: 20165,013256479781,12,
2017-03-05 16:41:10 INFO AddIdentifyResult: 20165,013256479781,10,reg/013256479781_0305164135|reg/013256479781_0305164135|reg/013256479781_
2017-03-05 16:41:11 INFO UpdateUserState: 013256479781,1
2017-03-05 16:44:10 INFO AddIdentifyResult: 20166,018266630373,-1,
2017-03-05 16:44:16 INFO AddIdentifyResult: 20166,018266630373,-3,
2017-03-05 16:45:47 INFO AddIdentifyResult: 20166,018266630373,12,
2017-03-05 16:45:55 INFO AddIdentifyResult: 20166,018266630373,10,reg/018266630373_0305164614|reg/018266630373_0305164614|reg/018266630373_
2017-03-05 16:45:55 INFO UpdateUserState: 018266630373,1
2017-03-05 16:54:09 INFO AddIdentifyResult: 20167,013255463801,-1,
2017-03-05 16:54:15 INFO AddIdentifyResult: 20167,013255463801,-3,
2017-03-05 16:54:59 INFO AddIdentifyResult: 20167,013255463801,11,reg/013255463801_|reg/013255463801_|reg/013255463801_
2017-03-05 16:55:03 INFO AddIdentifyResult: 20168,013255463801,-1,
2017-03-05 16:55:07 INFO AddIdentifyResult: 20168,013255463801,-3,
2017-03-05 16:57:49 INFO AddIdentifyResult: 20168,013255463801,12,
2017-03-05 16:57:58 INFO AddIdentifyResult: 20168,013255463801,10,reg/013255463801_0305165706|reg/013255463801_0305165706|reg/013255463801_
2017-03-05 16:57:58 INFO UpdateUserState: 013255463801,1
