2017-02-25 08:34:21 INFO AddIdentifyResult: 18664,013245463693,-1,
2017-02-25 08:34:27 INFO AddIdentifyResult: 18664,013245463693,-3,
2017-02-25 08:35:58 INFO AddIdentifyResult: 18664,013245463693,12,
2017-02-25 08:36:05 INFO AddIdentifyResult: 18664,013245463693,10,reg/013245463693_0225083649|reg/013245463693_0225083649|reg/013245463693_
2017-02-25 08:36:05 INFO UpdateUserState: 013245463693,1
2017-02-25 08:36:54 INFO AddIdentifyResult: 18665,013245463693,-1,
2017-02-25 08:36:59 INFO AddIdentifyResult: 18665,013245463693,-3,
2017-02-25 08:37:51 INFO AddIdentifyResult: 18665,013245463693,0,ver/02/25/083922_013245463693.wav
2017-02-25 09:04:49 INFO AddIdentifyResult: 18666,013287380563,-1,
2017-02-25 09:04:55 INFO AddIdentifyResult: 18666,013287380563,-3,
2017-02-25 09:07:07 INFO AddIdentifyResult: 18666,013287380563,12,
2017-02-25 09:07:16 INFO AddIdentifyResult: 18666,013287380563,10,reg/013287380563_0225090717|reg/013287380563_0225090717|reg/013287380563_
2017-02-25 09:07:16 INFO UpdateUserState: 013287380563,1
2017-02-25 09:07:41 INFO AddIdentifyResult: 18667,013287380563,-1,
2017-02-25 09:07:48 INFO AddIdentifyResult: 18667,013287380563,-3,
2017-02-25 09:08:40 INFO AddIdentifyResult: 18667,013287380563,0,ver/02/25/091011_013287380563.wav
2017-02-25 09:13:45 INFO AddIdentifyResult: 18668,013287306360,-1,
2017-02-25 09:13:54 INFO AddIdentifyResult: 18668,013287306360,-3,
2017-02-25 09:13:56 INFO AddIdentifyResult: 18669,013287387607,-1,
2017-02-25 09:14:05 INFO AddIdentifyResult: 18669,013287387607,-3,
2017-02-25 09:14:14 INFO AddIdentifyResult: 18668,013287306360,11,reg/013287306360_|reg/013287306360_|reg/013287306360_
2017-02-25 09:14:27 INFO AddIdentifyResult: 18670,013287306360,-1,
2017-02-25 09:15:13 INFO AddIdentifyResult: 18671,013287306360,-1,
2017-02-25 09:15:46 INFO AddIdentifyResult: 18672,013287306360,-1,
2017-02-25 09:16:54 INFO AddIdentifyResult: 18669,013287387607,12,
2017-02-25 09:17:03 INFO AddIdentifyResult: 18669,013287387607,10,reg/013287387607_0225091628|reg/013287387607_0225091628|reg/013287387607_
2017-02-25 09:17:04 INFO UpdateUserState: 013287387607,1
2017-02-25 09:18:36 INFO AddIdentifyResult: 18673,018865983630,-1,
2017-02-25 09:20:00 INFO AddIdentifyResult: 18674,018865983630,-1,
2017-02-25 09:20:43 INFO AddIdentifyResult: 18675,013287389012,-1,
2017-02-25 09:20:48 INFO AddIdentifyResult: 18676,013356839331,-1,
2017-02-25 09:20:48 INFO AddIdentifyResult: 18675,013287389012,-3,
2017-02-25 09:20:55 INFO AddIdentifyResult: 18676,013356839331,-3,
2017-02-25 09:22:25 INFO AddIdentifyResult: 18676,013356839331,12,
2017-02-25 09:22:32 INFO AddIdentifyResult: 18676,013356839331,10,reg/013356839331_0225092317|reg/013356839331_0225092317|reg/013356839331_
2017-02-25 09:22:32 INFO UpdateUserState: 013356839331,1
2017-02-25 09:23:18 INFO AddIdentifyResult: 18675,013287389012,12,
2017-02-25 09:23:28 INFO AddIdentifyResult: 18675,013287389012,10,reg/013287389012_0225092311|reg/013287389012_0225092311|reg/013287389012_
2017-02-25 09:23:28 INFO UpdateUserState: 013287389012,1
2017-02-25 09:26:12 INFO AddIdentifyResult: 18677,013287325261,-1,
2017-02-25 09:26:13 INFO AddIdentifyResult: 18678,013287373357,-1,
2017-02-25 09:26:18 INFO AddIdentifyResult: 18677,013287325261,-3,
2017-02-25 09:26:19 INFO AddIdentifyResult: 18678,013287373357,-3,
2017-02-25 09:27:51 INFO AddIdentifyResult: 18677,013287325261,12,
2017-02-25 09:27:59 INFO AddIdentifyResult: 18677,013287325261,10,reg/013287325261_0225092841|reg/013287325261_0225092841|reg/013287325261_
2017-02-25 09:27:59 INFO UpdateUserState: 013287325261,1
2017-02-25 09:28:33 INFO AddIdentifyResult: 18678,013287373357,12,
2017-02-25 09:28:42 INFO AddIdentifyResult: 18678,013287373357,10,reg/013287373357_0225092841|reg/013287373357_0225092841|reg/013287373357_
2017-02-25 09:28:42 INFO UpdateUserState: 013287373357,1
2017-02-25 09:28:52 INFO AddIdentifyResult: 18679,013287325261,-1,
2017-02-25 09:28:58 INFO AddIdentifyResult: 18679,013287325261,-3,
2017-02-25 09:29:50 INFO AddIdentifyResult: 18679,013287325261,0,ver/02/25/093121_013287325261.wav
2017-02-25 09:41:23 INFO AddIdentifyResult: 18680,013296477923,-1,
2017-02-25 09:41:29 INFO AddIdentifyResult: 18680,013296477923,-3,
2017-02-25 09:43:26 INFO AddIdentifyResult: 18680,013296477923,12,
2017-02-25 09:43:34 INFO AddIdentifyResult: 18680,013296477923,10,reg/013296477923_0225094351|reg/013296477923_0225094351|reg/013296477923_
2017-02-25 09:43:34 INFO UpdateUserState: 013296477923,1
2017-02-25 09:45:39 INFO AddIdentifyResult: 18681,013296479863,-1,
2017-02-25 09:45:46 INFO AddIdentifyResult: 18681,013296479863,-3,
2017-02-25 09:47:22 INFO AddIdentifyResult: 18681,013296479863,12,
2017-02-25 09:47:29 INFO AddIdentifyResult: 18681,013296479863,10,reg/013296479863_0225094809|reg/013296479863_0225094809|reg/013296479863_
2017-02-25 09:47:29 INFO UpdateUserState: 013296479863,1
2017-02-25 09:53:09 INFO AddIdentifyResult: 18682,013280323383,-1,
2017-02-25 09:53:17 INFO AddIdentifyResult: 18682,013280323383,-3,
2017-02-25 09:55:23 INFO AddIdentifyResult: 18682,013280323383,12,
2017-02-25 09:55:30 INFO AddIdentifyResult: 18682,013280323383,10,reg/013280323383_0225095540|reg/013280323383_0225095540|reg/013280323383_
2017-02-25 09:55:31 INFO UpdateUserState: 013280323383,1
2017-02-25 09:58:20 INFO AddIdentifyResult: 18683,013275468996,-1,
2017-02-25 09:58:26 INFO AddIdentifyResult: 18683,013275468996,-3,
2017-02-25 09:59:48 INFO AddIdentifyResult: 18683,013275468996,12,
2017-02-25 09:59:54 INFO AddIdentifyResult: 18683,013275468996,10,reg/013275468996_0225100048|reg/013275468996_0225100048|reg/013275468996_
2017-02-25 09:59:54 INFO UpdateUserState: 013275468996,1
2017-02-25 10:22:51 INFO AddIdentifyResult: 18684,013280338909,-1,
2017-02-25 10:22:57 INFO AddIdentifyResult: 18684,013280338909,-3,
2017-02-25 10:24:53 INFO AddIdentifyResult: 18684,013280338909,12,
2017-02-25 10:25:02 INFO AddIdentifyResult: 18684,013280338909,10,reg/013280338909_0225102519|reg/013280338909_0225102519|reg/013280338909_
2017-02-25 10:25:02 INFO UpdateUserState: 013280338909,1
2017-02-25 10:26:32 INFO AddIdentifyResult: 18685,013280338909,-1,
2017-02-25 10:26:37 INFO AddIdentifyResult: 18685,013280338909,-3,
2017-02-25 10:27:29 INFO AddIdentifyResult: 18685,013280338909,0,ver/02/25/102900_013280338909.wav
2017-02-25 10:59:16 INFO AddIdentifyResult: 18686,013220502620,-1,
2017-02-25 10:59:21 INFO AddIdentifyResult: 18686,013220502620,-3,
2017-02-25 11:01:02 INFO AddIdentifyResult: 18686,013220502620,12,
2017-02-25 11:01:08 INFO AddIdentifyResult: 18686,013220502620,10,reg/013220502620_0225110300|reg/013220502620_0225110300|reg/013220502620_0225110144
2017-02-25 11:01:09 INFO UpdateUserState: 013220502620,1
2017-02-25 14:41:47 INFO AddIdentifyResult: 0,013400432171,1,
2017-02-25 15:08:48 INFO AddIdentifyResult: 18688,015275441662,-1,
2017-02-25 15:09:01 INFO AddIdentifyResult: 18688,015275441662,-3,
2017-02-25 15:11:02 INFO AddIdentifyResult: 18688,015275441662,12,
2017-02-25 15:11:10 INFO AddIdentifyResult: 18688,015275441662,10,reg/015275441662_0225151124|reg/015275441662_0225151124|reg/015275441662_
2017-02-25 15:11:10 INFO UpdateUserState: 015275441662,1
2017-02-25 15:13:43 INFO AddIdentifyResult: 18689,013255463201,-1,
2017-02-25 15:13:59 INFO AddIdentifyResult: 18689,013255463201,-3,
2017-02-25 15:16:02 INFO AddIdentifyResult: 18689,013255463201,12,
2017-02-25 15:16:10 INFO AddIdentifyResult: 18689,013255463201,10,reg/013255463201_0225151740|reg/013255463201_0225151740|reg/013255463201_0225151623
2017-02-25 15:16:10 INFO UpdateUserState: 013255463201,1
2017-02-25 15:16:16 INFO AddIdentifyResult: 18690,013255463201,-1,
2017-02-25 15:16:25 INFO AddIdentifyResult: 18690,013255463201,-3,
2017-02-25 15:17:17 INFO AddIdentifyResult: 18690,013255463201,0,ver/02/25/151849_013255463201.wav
2017-02-25 15:27:17 INFO AddIdentifyResult: 18691,015066055313,-1,
2017-02-25 15:27:26 INFO AddIdentifyResult: 18691,015066055313,-3,
2017-02-25 15:29:07 INFO AddIdentifyResult: 18691,015066055313,12,
2017-02-25 15:29:15 INFO AddIdentifyResult: 18691,015066055313,10,reg/015066055313_0225152950|reg/015066055313_0225152950|reg/015066055313_
2017-02-25 15:29:15 INFO UpdateUserState: 015066055313,1
2017-02-25 15:29:55 INFO AddIdentifyResult: 18692,013210341020,-1,
2017-02-25 15:30:05 INFO AddIdentifyResult: 18692,013210341020,-3,
2017-02-25 15:31:47 INFO AddIdentifyResult: 18692,013210341020,12,
2017-02-25 15:31:52 INFO AddIdentifyResult: 18693,013295463283,-1,
2017-02-25 15:31:54 INFO AddIdentifyResult: 18692,013210341020,10,reg/013210341020_0225153228|reg/013210341020_0225153228|reg/013210341020_
2017-02-25 15:31:55 INFO UpdateUserState: 013210341020,1
2017-02-25 15:32:01 INFO AddIdentifyResult: 18693,013295463283,-3,
2017-02-25 15:33:17 INFO AddIdentifyResult: 18693,013295463283,12,
2017-02-25 15:33:23 INFO AddIdentifyResult: 18693,013295463283,10,reg/013295463283_0225153424|reg/013295463283_0225153424|reg/013295463283_
2017-02-25 15:33:24 INFO UpdateUserState: 013295463283,1
2017-02-25 15:34:07 INFO AddIdentifyResult: 18694,013295463283,-1,
2017-02-25 15:34:49 INFO AddIdentifyResult: 18695,013295463283,-1,
2017-02-25 15:34:58 INFO AddIdentifyResult: 18695,013295463283,-3,
2017-02-25 15:35:50 INFO AddIdentifyResult: 18695,013295463283,1,ver/02/25/153722_013295463283.wav
2017-02-25 15:36:35 INFO AddIdentifyResult: 18696,013295463283,-1,
2017-02-25 15:36:46 INFO AddIdentifyResult: 18696,013295463283,-3,
2017-02-25 15:37:39 INFO AddIdentifyResult: 18696,013295463283,1,ver/02/25/153910_013295463283.wav
2017-02-25 15:38:42 INFO AddIdentifyResult: 18697,013295463283,-1,
2017-02-25 15:38:50 INFO AddIdentifyResult: 18697,013295463283,-3,
2017-02-25 15:40:50 INFO AddIdentifyResult: 18697,013295463283,12,
2017-02-25 15:40:59 INFO AddIdentifyResult: 18697,013295463283,10,reg/013295463283_0225154114|reg/013295463283_0225154114|reg/013295463283_
2017-02-25 15:41:00 INFO UpdateUserState: 013295463283,1
2017-02-25 15:41:06 INFO AddIdentifyResult: 18698,013295463283,-1,
2017-02-25 15:41:12 INFO AddIdentifyResult: 18698,013295463283,-3,
2017-02-25 15:42:05 INFO AddIdentifyResult: 18698,013295463283,0,ver/02/25/154336_013295463283.wav
2017-02-25 15:44:08 INFO AddIdentifyResult: 18699,013296479913,-1,
2017-02-25 15:44:19 INFO AddIdentifyResult: 18699,013296479913,-3,
2017-02-25 15:46:57 INFO AddIdentifyResult: 18699,013296479913,12,
2017-02-25 15:47:08 INFO AddIdentifyResult: 18699,013296479913,10,reg/013296479913_0225154642|reg/013296479913_0225154642|reg/013296479913_
2017-02-25 15:47:08 INFO UpdateUserState: 013296479913,1
2017-02-25 15:47:50 INFO AddIdentifyResult: 18700,013296479913,-1,
2017-02-25 15:47:57 INFO AddIdentifyResult: 18700,013296479913,-3,
2017-02-25 15:49:12 INFO AddIdentifyResult: 18700,013296479913,0,ver/02/25/155043_013296479913.wav
2017-02-25 16:57:26 INFO AddIdentifyResult: 18701,013210352363,-1,
2017-02-25 16:57:39 INFO AddIdentifyResult: 18701,013210352363,-3,
2017-02-25 17:00:55 INFO AddIdentifyResult: 18701,013210352363,12,
2017-02-25 17:01:02 INFO AddIdentifyResult: 18701,013210352363,10,reg/013210352363_0225170231|reg/013210352363_0225170231|reg/013210352363_0225170003
2017-02-25 17:01:02 INFO UpdateUserState: 013210352363,1
2017-02-25 17:08:50 INFO AddIdentifyResult: 18702,013210350583,-1,
2017-02-25 17:08:59 INFO AddIdentifyResult: 18702,013210350583,-3,
2017-02-25 17:11:36 INFO AddIdentifyResult: 18702,013210350583,12,
2017-02-25 17:11:44 INFO AddIdentifyResult: 18702,013210350583,10,reg/013210350583_0225171123|reg/013210350583_0225171123|reg/013210350583_
2017-02-25 17:11:45 INFO UpdateUserState: 013210350583,1
2017-02-25 17:44:35 INFO AddIdentifyResult: 0,015334282462,1,
