2017-03-03 08:34:53 INFO AddIdentifyResult: 0,15342553310,1,
2017-03-03 09:11:36 INFO AddIdentifyResult: 19882,013255468505,-1,
2017-03-03 09:11:41 INFO AddIdentifyResult: 19882,013255468505,-3,
2017-03-03 09:14:08 INFO AddIdentifyResult: 19882,013255468505,12,
2017-03-03 09:14:15 INFO AddIdentifyResult: 19882,013255468505,10,reg/013255468505_0303091329|reg/013255468505_0303091329|reg/013255468505_
2017-03-03 09:14:16 INFO UpdateUserState: 013255468505,1
2017-03-03 09:16:54 INFO AddIdentifyResult: 19883,013255468923,-1,
2017-03-03 09:17:01 INFO AddIdentifyResult: 19883,013255468923,-3,
2017-03-03 09:18:49 INFO AddIdentifyResult: 19883,013255468923,12,
2017-03-03 09:18:56 INFO AddIdentifyResult: 19883,013255468923,10,reg/013255468923_0303091850|reg/013255468923_0303091850|reg/013255468923_
2017-03-03 09:18:56 INFO UpdateUserState: 013255468923,1
2017-03-03 09:20:09 INFO AddIdentifyResult: 19884,013864765622,-1,
2017-03-03 09:20:18 INFO AddIdentifyResult: 19884,013864765622,-3,
2017-03-03 09:22:40 INFO AddIdentifyResult: 19884,013864765622,12,
2017-03-03 09:22:47 INFO AddIdentifyResult: 19884,013864765622,10,reg/013864765622_0303092342|reg/013864765622_0303092342|reg/013864765622_0303092206
2017-03-03 09:22:47 INFO UpdateUserState: 013864765622,1
2017-03-03 09:48:41 INFO AddIdentifyResult: 19885,013255466321,-1,
2017-03-03 09:48:46 INFO AddIdentifyResult: 19885,013255466321,-3,
2017-03-03 09:50:41 INFO AddIdentifyResult: 19885,013255466321,12,
2017-03-03 09:50:49 INFO AddIdentifyResult: 19885,013255466321,10,reg/013255466321_0303095035|reg/013255466321_0303095035|reg/013255466321_
2017-03-03 09:50:49 INFO UpdateUserState: 013255466321,1
2017-03-03 09:51:12 INFO AddIdentifyResult: 19886,013255466321,-1,
2017-03-03 09:51:17 INFO AddIdentifyResult: 19886,013255466321,-3,
2017-03-03 09:51:52 INFO AddIdentifyResult: 19887,013255469030,-1,
2017-03-03 09:51:57 INFO AddIdentifyResult: 19887,013255469030,-3,
2017-03-03 09:52:09 INFO AddIdentifyResult: 19886,013255466321,0,ver/03/03/095306_013255466321.wav
2017-03-03 09:53:46 INFO AddIdentifyResult: 19887,013255469030,12,
2017-03-03 09:53:53 INFO AddIdentifyResult: 19887,013255469030,10,reg/013255469030_0303095346|reg/013255469030_0303095346|reg/013255469030_
2017-03-03 09:53:53 INFO UpdateUserState: 013255469030,1
2017-03-03 09:54:53 INFO AddIdentifyResult: 19888,015127492563,-1,
2017-03-03 09:55:01 INFO AddIdentifyResult: 19888,015127492563,-3,
2017-03-03 09:57:28 INFO AddIdentifyResult: 19888,015127492563,12,
2017-03-03 09:57:35 INFO AddIdentifyResult: 19888,015127492563,10,reg/015127492563_0303095821|reg/015127492563_0303095821|reg/015127492563_0303095650
2017-03-03 09:57:35 INFO UpdateUserState: 015127492563,1
2017-03-03 09:57:53 INFO AddIdentifyResult: 19889,015127492563,-1,
2017-03-03 09:58:00 INFO AddIdentifyResult: 19889,015127492563,-3,
2017-03-03 09:58:42 INFO AddIdentifyResult: 19890,013255466353,-1,
2017-03-03 09:58:47 INFO AddIdentifyResult: 19890,013255466353,-3,
2017-03-03 09:58:52 INFO AddIdentifyResult: 19889,015127492563,0,ver/03/03/095949_015127492563.wav
2017-03-03 10:00:20 INFO AddIdentifyResult: 19890,013255466353,12,
2017-03-03 10:00:26 INFO AddIdentifyResult: 19890,013255466353,10,reg/013255466353_0303100137|reg/013255466353_0303100137|reg/013255466353_0303100036
2017-03-03 10:00:27 INFO UpdateUserState: 013255466353,1
2017-03-03 10:00:34 INFO AddIdentifyResult: 19891,013255466353,-1,
2017-03-03 10:00:40 INFO AddIdentifyResult: 19891,013255466353,-3,
2017-03-03 10:00:42 INFO AddIdentifyResult: 19892,013255469161,-1,
2017-03-03 10:01:32 INFO AddIdentifyResult: 19891,013255466353,0,ver/03/03/100229_013255466353.wav
2017-03-03 10:01:47 INFO AddIdentifyResult: 19893,013255469161,-1,
2017-03-03 10:01:52 INFO AddIdentifyResult: 19893,013255469161,-3,
2017-03-03 10:03:17 INFO AddIdentifyResult: 19894,015633120590,-1,
2017-03-03 10:03:24 INFO AddIdentifyResult: 19894,015633120590,-3,
2017-03-03 10:04:11 INFO AddIdentifyResult: 19893,013255469161,12,
2017-03-03 10:04:18 INFO AddIdentifyResult: 19893,013255469161,10,reg/013255469161_0303100341|reg/013255469161_0303100341|reg/013255469161_
2017-03-03 10:04:19 INFO UpdateUserState: 013255469161,1
2017-03-03 10:04:26 INFO AddIdentifyResult: 19895,018354673063,-1,
2017-03-03 10:04:32 INFO AddIdentifyResult: 19895,018354673063,-3,
2017-03-03 10:05:58 INFO AddIdentifyResult: 19895,018354673063,12,
2017-03-03 10:06:04 INFO AddIdentifyResult: 19895,018354673063,10,reg/018354673063_0303100620|reg/018354673063_0303100620|reg/018354673063_
2017-03-03 10:06:04 INFO UpdateUserState: 018354673063,1
2017-03-03 10:06:32 INFO AddIdentifyResult: 19894,015633120590,11,reg/015633120590_|reg/015633120590_|reg/015633120590_
2017-03-03 10:08:18 INFO AddIdentifyResult: 19896,013255469031,-1,
2017-03-03 10:08:23 INFO AddIdentifyResult: 19896,013255469031,-3,
2017-03-03 10:08:25 INFO AddIdentifyResult: 19896,013255469031,11,reg/013255469031_|reg/013255469031_|reg/013255469031_
2017-03-03 10:08:32 INFO AddIdentifyResult: 19897,013255469031,-1,
2017-03-03 10:08:37 INFO AddIdentifyResult: 19897,013255469031,-3,
2017-03-03 10:09:21 INFO AddIdentifyResult: 19898,015633120590,-1,
2017-03-03 10:09:26 INFO AddIdentifyResult: 19898,015633120590,-3,
2017-03-03 10:10:17 INFO AddIdentifyResult: 19897,013255469031,12,
2017-03-03 10:10:25 INFO AddIdentifyResult: 19897,013255469031,10,reg/013255469031_0303101025|reg/013255469031_0303101025|reg/013255469031_
2017-03-03 10:10:25 INFO UpdateUserState: 013255469031,1
2017-03-03 10:11:11 INFO AddIdentifyResult: 19898,015633120590,12,
2017-03-03 10:11:18 INFO AddIdentifyResult: 19898,015633120590,10,reg/015633120590_0303101115|reg/015633120590_0303101115|reg/015633120590_
2017-03-03 10:11:18 INFO UpdateUserState: 015633120590,1
2017-03-03 10:11:21 INFO AddIdentifyResult: 19899,015633120590,-1,
2017-03-03 10:11:28 INFO AddIdentifyResult: 19899,015633120590,-3,
2017-03-03 10:12:19 INFO AddIdentifyResult: 19899,015633120590,0,ver/03/03/101317_015633120590.wav
2017-03-03 10:14:00 INFO AddIdentifyResult: 19900,013255469172,-1,
2017-03-03 10:14:11 INFO AddIdentifyResult: 19900,013255469172,-3,
2017-03-03 10:15:50 INFO AddIdentifyResult: 19901,015633125728,-1,
2017-03-03 10:15:50 INFO AddIdentifyResult: 19900,013255469172,12,
2017-03-03 10:15:58 INFO AddIdentifyResult: 19900,013255469172,10,reg/013255469172_0303101559|reg/013255469172_0303101559|reg/013255469172_
2017-03-03 10:15:58 INFO UpdateUserState: 013255469172,1
2017-03-03 10:16:01 INFO AddIdentifyResult: 19901,015633125728,-3,
2017-03-03 10:18:11 INFO AddIdentifyResult: 19901,015633125728,12,
2017-03-03 10:18:20 INFO AddIdentifyResult: 19901,015633125728,10,reg/015633125728_0303101750|reg/015633125728_0303101750|reg/015633125728_
2017-03-03 10:18:20 INFO UpdateUserState: 015633125728,1
2017-03-03 10:18:42 INFO AddIdentifyResult: 19902,015633125728,-1,
2017-03-03 10:18:48 INFO AddIdentifyResult: 19902,015633125728,-3,
2017-03-03 10:19:40 INFO AddIdentifyResult: 19902,015633125728,1,ver/03/03/102037_015633125728.wav
2017-03-03 10:19:43 INFO AddIdentifyResult: 19903,013255469171,-1,
2017-03-03 10:19:48 INFO AddIdentifyResult: 19903,013255469171,-3,
2017-03-03 10:20:15 INFO AddIdentifyResult: 19904,015633125728,-1,
2017-03-03 10:20:22 INFO AddIdentifyResult: 19904,015633125728,-3,
2017-03-03 10:21:14 INFO AddIdentifyResult: 19904,015633125728,1,ver/03/03/102211_015633125728.wav
2017-03-03 10:21:32 INFO AddIdentifyResult: 19903,013255469171,12,
2017-03-03 10:21:40 INFO AddIdentifyResult: 19903,013255469171,10,reg/013255469171_0303102137|reg/013255469171_0303102137|reg/013255469171_
2017-03-03 10:21:41 INFO UpdateUserState: 013255469171,1
2017-03-03 10:21:45 INFO AddIdentifyResult: 19905,018266630373,-1,
2017-03-03 10:21:56 INFO AddIdentifyResult: 19905,018266630373,-3,
2017-03-03 10:22:49 INFO AddIdentifyResult: 19906,015175204720,-1,
2017-03-03 10:22:58 INFO AddIdentifyResult: 19906,015175204720,-3,
2017-03-03 10:23:44 INFO AddIdentifyResult: 19905,018266630373,12,
2017-03-03 10:23:52 INFO AddIdentifyResult: 19905,018266630373,10,reg/018266630373_0303102345|reg/018266630373_0303102345|reg/018266630373_
2017-03-03 10:23:52 INFO UpdateUserState: 018266630373,1
2017-03-03 10:24:52 INFO AddIdentifyResult: 19906,015175204720,12,
2017-03-03 10:25:01 INFO AddIdentifyResult: 19906,015175204720,10,reg/015175204720_0303102446|reg/015175204720_0303102446|reg/015175204720_
2017-03-03 10:25:01 INFO UpdateUserState: 015175204720,1
2017-03-03 10:25:02 INFO AddIdentifyResult: 19907,015175204720,-1,
2017-03-03 10:25:11 INFO AddIdentifyResult: 19907,015175204720,-3,
2017-03-03 10:26:03 INFO AddIdentifyResult: 19907,015175204720,0,ver/03/03/102700_015175204720.wav
2017-03-03 10:26:45 INFO AddIdentifyResult: 19908,013255468935,-1,
2017-03-03 10:27:07 INFO AddIdentifyResult: 19909,015633125728,-1,
2017-03-03 10:27:16 INFO AddIdentifyResult: 19909,015633125728,-3,
2017-03-03 10:27:46 INFO AddIdentifyResult: 19910,013255468935,-1,
2017-03-03 10:27:51 INFO AddIdentifyResult: 19910,013255468935,-3,
2017-03-03 10:28:09 INFO AddIdentifyResult: 19910,013255468935,11,reg/013255468935_|reg/013255468935_|reg/013255468935_
2017-03-03 10:28:14 INFO AddIdentifyResult: 19911,013255468935,-1,
2017-03-03 10:28:17 INFO AddIdentifyResult: 19911,013255468935,-3,
2017-03-03 10:29:17 INFO AddIdentifyResult: 19909,015633125728,12,
2017-03-03 10:29:25 INFO AddIdentifyResult: 19909,015633125728,10,reg/015633125728_0303102904|reg/015633125728_0303102904|reg/015633125728_
2017-03-03 10:29:25 INFO UpdateUserState: 015633125728,1
2017-03-03 10:29:28 INFO AddIdentifyResult: 19912,015633125728,-1,
2017-03-03 10:29:35 INFO AddIdentifyResult: 19912,015633125728,-3,
2017-03-03 10:29:56 INFO AddIdentifyResult: 19911,013255468935,12,
2017-03-03 10:30:03 INFO AddIdentifyResult: 19911,013255468935,10,reg/013255468935_0303103115|reg/013255468935_0303103115|reg/013255468935_0303103005
2017-03-03 10:30:03 INFO UpdateUserState: 013255468935,1
2017-03-03 10:30:15 INFO AddIdentifyResult: 19913,015066096293,-1,
2017-03-03 10:30:21 INFO AddIdentifyResult: 19913,015066096293,-3,
2017-03-03 10:30:27 INFO AddIdentifyResult: 19912,015633125728,0,ver/03/03/103124_015633125728.wav
2017-03-03 10:30:49 INFO AddIdentifyResult: 19914,015630225736,-1,
2017-03-03 10:30:56 INFO AddIdentifyResult: 19914,015630225736,-3,
2017-03-03 10:32:16 INFO AddIdentifyResult: 19913,015066096293,12,
2017-03-03 10:32:24 INFO AddIdentifyResult: 19913,015066096293,10,reg/015066096293_0303103328|reg/015066096293_0303103328|reg/015066096293_0303103210
2017-03-03 10:32:24 INFO UpdateUserState: 015066096293,1
2017-03-03 10:32:36 INFO AddIdentifyResult: 19914,015630225736,12,
2017-03-03 10:32:43 INFO AddIdentifyResult: 19914,015630225736,10,reg/015630225736_0303103245|reg/015630225736_0303103245|reg/015630225736_
2017-03-03 10:32:43 INFO UpdateUserState: 015630225736,1
2017-03-03 10:33:00 INFO AddIdentifyResult: 19915,015630225736,-1,
2017-03-03 10:33:31 INFO AddIdentifyResult: 19916,015630225736,-1,
2017-03-03 10:33:42 INFO AddIdentifyResult: 19916,015630225736,-3,
2017-03-03 10:33:53 INFO AddIdentifyResult: 19916,015630225736,1,
2017-03-03 10:33:58 INFO AddIdentifyResult: 19917,015630225736,-1,
2017-03-03 10:34:06 INFO AddIdentifyResult: 19917,015630225736,-3,
2017-03-03 10:34:21 INFO AddIdentifyResult: 19917,015630225736,1,
2017-03-03 10:34:40 INFO AddIdentifyResult: 19918,015630225736,-1,
2017-03-03 10:34:46 INFO AddIdentifyResult: 19918,015630225736,-3,
2017-03-03 10:34:49 INFO AddIdentifyResult: 19919,013255468953,-1,
2017-03-03 10:34:57 INFO AddIdentifyResult: 19919,013255468953,-3,
2017-03-03 10:35:38 INFO AddIdentifyResult: 19918,015630225736,0,ver/03/03/103635_015630225736.wav
2017-03-03 10:36:25 INFO AddIdentifyResult: 19919,013255468953,12,
2017-03-03 10:36:32 INFO AddIdentifyResult: 19919,013255468953,10,reg/013255468953_0303103646|reg/013255468953_0303103646|reg/013255468953_
2017-03-03 10:36:32 INFO UpdateUserState: 013255468953,1
2017-03-03 10:40:40 INFO AddIdentifyResult: 19920,013255468716,-1,
2017-03-03 10:40:47 INFO AddIdentifyResult: 19920,013255468716,-3,
2017-03-03 10:43:10 INFO AddIdentifyResult: 19920,013255468716,12,
2017-03-03 10:43:19 INFO AddIdentifyResult: 19920,013255468716,10,reg/013255468716_0303104236|reg/013255468716_0303104236|reg/013255468716_
2017-03-03 10:43:19 INFO UpdateUserState: 013255468716,1
2017-03-03 10:47:20 INFO AddIdentifyResult: 19921,013255466505,-1,
2017-03-03 10:47:25 INFO AddIdentifyResult: 19921,013255466505,-3,
2017-03-03 10:48:38 INFO AddIdentifyResult: 19921,013255466505,11,reg/013255466505_|reg/013255466505_|reg/013255466505_
2017-03-03 10:49:45 INFO AddIdentifyResult: 19922,013255466505,-1,
2017-03-03 10:49:50 INFO AddIdentifyResult: 19922,013255466505,-3,
2017-03-03 10:52:38 INFO AddIdentifyResult: 19922,013255466505,12,
2017-03-03 10:52:45 INFO AddIdentifyResult: 19922,013255466505,10,reg/013255466505_0303105404|reg/013255466505_0303105404|reg/013255466505_0303105139
2017-03-03 10:52:45 INFO UpdateUserState: 013255466505,1
2017-03-03 10:52:53 INFO AddIdentifyResult: 19923,013255466505,-1,
2017-03-03 10:52:57 INFO AddIdentifyResult: 19923,013255466505,-3,
2017-03-03 10:53:49 INFO AddIdentifyResult: 19923,013255466505,0,ver/03/03/105447_013255466505.wav
2017-03-03 11:03:35 INFO AddIdentifyResult: 19924,013255468081,-1,
2017-03-03 11:03:52 INFO AddIdentifyResult: 19924,013255468081,-3,
2017-03-03 11:04:10 INFO AddIdentifyResult: 19924,013255468081,11,reg/013255468081_|reg/013255468081_|reg/013255468081_
2017-03-03 11:04:15 INFO AddIdentifyResult: 19925,013255468081,-1,
2017-03-03 11:04:18 INFO AddIdentifyResult: 19925,013255468081,-3,
2017-03-03 11:06:39 INFO AddIdentifyResult: 19925,013255468081,12,
2017-03-03 11:06:47 INFO AddIdentifyResult: 19925,013255468081,10,reg/013255468081_0303110607|reg/013255468081_0303110607|reg/013255468081_
2017-03-03 11:06:48 INFO UpdateUserState: 013255468081,1
2017-03-03 11:07:20 INFO AddIdentifyResult: 19926,013255468081,-1,
2017-03-03 11:07:27 INFO AddIdentifyResult: 19926,013255468081,-3,
2017-03-03 11:08:18 INFO AddIdentifyResult: 19926,013255468081,0,ver/03/03/110916_013255468081.wav
2017-03-03 11:12:01 INFO AddIdentifyResult: 19927,013255467308,-1,
2017-03-03 11:12:06 INFO AddIdentifyResult: 19927,013255467308,-3,
2017-03-03 11:14:46 INFO AddIdentifyResult: 19927,013255467308,11,reg/013255467308_|reg/013255467308_|reg/013255467308_
2017-03-03 11:15:01 INFO AddIdentifyResult: 19928,013255467308,-1,
2017-03-03 11:15:06 INFO AddIdentifyResult: 19928,013255467308,-3,
2017-03-03 11:15:20 INFO AddIdentifyResult: 19928,013255467308,11,reg/013255467308_|reg/013255467308_|reg/013255467308_
2017-03-03 11:15:26 INFO AddIdentifyResult: 19929,013255467308,-1,
2017-03-03 11:15:31 INFO AddIdentifyResult: 19929,013255467308,-3,
2017-03-03 11:15:53 INFO AddIdentifyResult: 19929,013255467308,11,reg/013255467308_|reg/013255467308_|reg/013255467308_
2017-03-03 11:15:58 INFO AddIdentifyResult: 19930,013255467308,-1,
2017-03-03 11:16:04 INFO AddIdentifyResult: 19930,013255467308,-3,
2017-03-03 11:19:15 INFO AddIdentifyResult: 19930,013255467308,12,
2017-03-03 11:19:21 INFO AddIdentifyResult: 19930,013255467308,10,reg/013255467308_0303111948|reg/013255467308_0303111948|reg/013255467308_0303111753
2017-03-03 11:19:22 INFO UpdateUserState: 013255467308,1
2017-03-03 11:19:48 INFO AddIdentifyResult: 19931,013255467308,-1,
2017-03-03 11:19:54 INFO AddIdentifyResult: 19931,013255467308,-3,
2017-03-03 11:20:45 INFO AddIdentifyResult: 19931,013255467308,0,ver/03/03/112143_013255467308.wav
2017-03-03 11:26:15 INFO AddIdentifyResult: 19932,013255466838,-1,
2017-03-03 11:26:20 INFO AddIdentifyResult: 19932,013255466838,-3,
2017-03-03 11:27:37 INFO AddIdentifyResult: 19932,013255466838,12,
2017-03-03 11:27:44 INFO AddIdentifyResult: 19932,013255466838,10,reg/013255466838_0303112809|reg/013255466838_0303112809|reg/013255466838_
2017-03-03 11:27:44 INFO UpdateUserState: 013255466838,1
2017-03-03 11:32:21 INFO AddIdentifyResult: 19933,015690253163,-1,
2017-03-03 11:32:26 INFO AddIdentifyResult: 19933,015690253163,-3,
2017-03-03 11:34:20 INFO AddIdentifyResult: 19933,015690253163,11,reg/015690253163_|reg/015690253163_|reg/015690253163_
2017-03-03 11:34:31 INFO AddIdentifyResult: 19934,015690253163,-1,
2017-03-03 11:34:35 INFO AddIdentifyResult: 19934,015690253163,-3,
2017-03-03 11:34:40 INFO AddIdentifyResult: 19935,013255469609,-1,
2017-03-03 11:34:47 INFO AddIdentifyResult: 19935,013255469609,-3,
2017-03-03 11:36:19 INFO AddIdentifyResult: 19935,013255469609,11,reg/013255469609_|reg/013255469609_|reg/013255469609_
2017-03-03 11:36:44 INFO AddIdentifyResult: 19936,013255469609,-1,
2017-03-03 11:36:49 INFO AddIdentifyResult: 19936,013255469609,-3,
2017-03-03 11:36:52 INFO AddIdentifyResult: 19934,015690253163,12,
2017-03-03 11:36:59 INFO AddIdentifyResult: 19934,015690253163,10,reg/015690253163_0303113807|reg/015690253163_0303113807|reg/015690253163_0303113624
2017-03-03 11:36:59 INFO UpdateUserState: 015690253163,1
2017-03-03 11:37:04 INFO AddIdentifyResult: 19937,015690253163,-1,
2017-03-03 11:37:31 INFO AddIdentifyResult: 19938,015690253163,-1,
2017-03-03 11:37:35 INFO AddIdentifyResult: 19938,015690253163,-3,
2017-03-03 11:38:26 INFO AddIdentifyResult: 19938,015690253163,0,ver/03/03/113924_015690253163.wav
2017-03-03 11:38:26 INFO AddIdentifyResult: 19936,013255469609,12,
2017-03-03 11:38:34 INFO AddIdentifyResult: 19936,013255469609,10,reg/013255469609_0303113838|reg/013255469609_0303113838|reg/013255469609_
2017-03-03 11:38:34 INFO UpdateUserState: 013255469609,1
2017-03-03 11:40:47 INFO AddIdentifyResult: 19939,013255469637,-1,
2017-03-03 11:40:53 INFO AddIdentifyResult: 19939,013255469637,-3,
2017-03-03 11:42:59 INFO AddIdentifyResult: 19939,013255469637,12,
2017-03-03 11:43:07 INFO AddIdentifyResult: 19939,013255469637,10,reg/013255469637_0303114242|reg/013255469637_0303114242|reg/013255469637_
2017-03-03 11:43:07 INFO UpdateUserState: 013255469637,1
2017-03-03 11:48:00 INFO AddIdentifyResult: 19940,013255469220,-1,
2017-03-03 11:48:07 INFO AddIdentifyResult: 19940,013255469220,-3,
2017-03-03 11:48:33 INFO AddIdentifyResult: 19941,013255469220,-1,
2017-03-03 11:48:54 INFO AddIdentifyResult: 19941,013255469220,-3,
2017-03-03 11:51:14 INFO AddIdentifyResult: 19941,013255469220,11,reg/013255469220_|reg/013255469220_|reg/013255469220_
2017-03-03 11:51:30 INFO AddIdentifyResult: 19940,013255469220,12,
2017-03-03 11:51:42 INFO AddIdentifyResult: 19940,013255469220,10,reg/013255469220_0303114956|reg/013255469220_0303114956|reg/013255469220_
2017-03-03 11:51:42 INFO UpdateUserState: 013255469220,1
2017-03-03 11:51:59 INFO AddIdentifyResult: 19942,013255469220,-1,
2017-03-03 11:52:07 INFO AddIdentifyResult: 19942,013255469220,-3,
2017-03-03 11:52:22 INFO AddIdentifyResult: 19942,013255469220,11,reg/013255469220_|reg/013255469220_|reg/013255469220_
2017-03-03 11:53:53 INFO AddIdentifyResult: 19943,013255469368,-1,
2017-03-03 11:53:59 INFO AddIdentifyResult: 19943,013255469368,-3,
2017-03-03 11:55:42 INFO AddIdentifyResult: 19943,013255469368,12,
2017-03-03 11:55:50 INFO AddIdentifyResult: 19943,013255469368,10,reg/013255469368_0303115548|reg/013255469368_0303115548|reg/013255469368_
2017-03-03 11:55:50 INFO UpdateUserState: 013255469368,1
2017-03-03 12:10:44 INFO AddIdentifyResult: 19944,013483760987,-1,
2017-03-03 12:10:53 INFO AddIdentifyResult: 19944,013483760987,-3,
2017-03-03 12:10:55 INFO AddIdentifyResult: 19944,013483760987,11,reg/013483760987_|reg/013483760987_|reg/013483760987_
2017-03-03 12:11:43 INFO AddIdentifyResult: 19945,013483760987,-1,
2017-03-03 12:11:50 INFO AddIdentifyResult: 19945,013483760987,-3,
2017-03-03 12:13:29 INFO AddIdentifyResult: 19945,013483760987,12,
2017-03-03 12:13:36 INFO AddIdentifyResult: 19945,013483760987,10,reg/013483760987_0303121339|reg/013483760987_0303121339|reg/013483760987_
2017-03-03 12:13:36 INFO UpdateUserState: 013483760987,1
2017-03-03 12:13:47 INFO AddIdentifyResult: 19946,013483760987,-1,
2017-03-03 12:13:55 INFO AddIdentifyResult: 19946,013483760987,-3,
2017-03-03 12:14:43 INFO AddIdentifyResult: 19946,013483760987,0,ver/03/03/121544_013483760987.wav
2017-03-03 12:17:03 INFO AddIdentifyResult: 19947,015632260565,-1,
2017-03-03 12:17:09 INFO AddIdentifyResult: 19947,015632260565,-3,
2017-03-03 12:18:38 INFO AddIdentifyResult: 19947,015632260565,12,
2017-03-03 12:18:45 INFO AddIdentifyResult: 19947,015632260565,10,reg/015632260565_0303121858|reg/015632260565_0303121858|reg/015632260565_
2017-03-03 12:18:45 INFO UpdateUserState: 015632260565,1
2017-03-03 12:18:52 INFO AddIdentifyResult: 19948,015632260565,-1,
2017-03-03 12:18:57 INFO AddIdentifyResult: 19948,015632260565,-3,
2017-03-03 12:19:49 INFO AddIdentifyResult: 19948,015632260565,0,ver/03/03/122047_015632260565.wav
2017-03-03 13:30:49 INFO AddIdentifyResult: 19949,013255466531,-1,
2017-03-03 13:31:47 INFO AddIdentifyResult: 19950,013255469071,-1,
2017-03-03 13:31:52 INFO AddIdentifyResult: 19950,013255469071,-3,
2017-03-03 13:33:50 INFO AddIdentifyResult: 19950,013255469071,12,
2017-03-03 13:33:58 INFO AddIdentifyResult: 19950,013255469071,10,reg/013255469071_0303133341|reg/013255469071_0303133341|reg/013255469071_
2017-03-03 13:33:58 INFO UpdateUserState: 013255469071,1
2017-03-03 13:36:51 INFO AddIdentifyResult: 19951,013255466531,-1,
2017-03-03 13:37:05 INFO AddIdentifyResult: 19951,013255466531,-3,
2017-03-03 13:38:46 INFO AddIdentifyResult: 19951,013255466531,12,
2017-03-03 13:38:53 INFO AddIdentifyResult: 19951,013255466531,10,reg/013255466531_0303133854|reg/013255466531_0303133854|reg/013255466531_
2017-03-03 13:38:53 INFO UpdateUserState: 013255466531,1
2017-03-03 13:40:34 INFO AddIdentifyResult: 19952,013255466531,-1,
2017-03-03 13:40:41 INFO AddIdentifyResult: 19952,013255466531,-3,
2017-03-03 13:41:34 INFO AddIdentifyResult: 19952,013255466531,1,ver/03/03/134231_013255466531.wav
2017-03-03 13:41:43 INFO AddIdentifyResult: 19953,013255466531,-1,
2017-03-03 13:41:51 INFO AddIdentifyResult: 19953,013255466531,-3,
2017-03-03 13:42:43 INFO AddIdentifyResult: 19953,013255466531,1,ver/03/03/134340_013255466531.wav
2017-03-03 13:43:46 INFO AddIdentifyResult: 19954,013255466531,-1,
2017-03-03 13:43:54 INFO AddIdentifyResult: 19954,013255466531,-3,
2017-03-03 13:44:46 INFO AddIdentifyResult: 19954,013255466531,1,ver/03/03/134544_013255466531.wav
2017-03-03 13:45:15 INFO AddIdentifyResult: 19955,013255466531,-1,
2017-03-03 13:45:22 INFO AddIdentifyResult: 19955,013255466531,-3,
2017-03-03 13:47:14 INFO AddIdentifyResult: 19955,013255466531,12,
2017-03-03 13:47:21 INFO AddIdentifyResult: 19955,013255466531,10,reg/013255466531_0303134711|reg/013255466531_0303134711|reg/013255466531_
2017-03-03 13:47:21 INFO UpdateUserState: 013255466531,1
2017-03-03 13:47:42 INFO AddIdentifyResult: 19956,013255466531,-1,
2017-03-03 13:47:49 INFO AddIdentifyResult: 19956,013255466531,-3,
2017-03-03 13:48:41 INFO AddIdentifyResult: 19956,013255466531,0,ver/03/03/134939_013255466531.wav
2017-03-03 13:50:57 INFO AddIdentifyResult: 19957,013255466890,-1,
2017-03-03 13:51:05 INFO AddIdentifyResult: 19957,013255466890,-3,
2017-03-03 13:53:14 INFO AddIdentifyResult: 19957,013255466890,12,
2017-03-03 13:53:21 INFO AddIdentifyResult: 19957,013255466890,10,reg/013255466890_0303135430|reg/013255466890_0303135430|reg/013255466890_0303135254
2017-03-03 13:53:21 INFO UpdateUserState: 013255466890,1
2017-03-03 13:53:33 INFO AddIdentifyResult: 19958,013255466890,-1,
2017-03-03 13:53:40 INFO AddIdentifyResult: 19958,013255466890,-3,
2017-03-03 13:54:32 INFO AddIdentifyResult: 19958,013255466890,0,ver/03/03/135530_013255466890.wav
2017-03-03 13:58:49 INFO AddIdentifyResult: 19959,013255466983,-1,
2017-03-03 14:01:02 INFO AddIdentifyResult: 19960,013255466983,-1,
2017-03-03 14:01:07 INFO AddIdentifyResult: 19960,013255466983,-3,
2017-03-03 14:03:46 INFO AddIdentifyResult: 19960,013255466983,12,
2017-03-03 14:03:52 INFO AddIdentifyResult: 19960,013255466983,10,reg/013255466983_0303140459|reg/013255466983_0303140459|reg/013255466983_0303140257
2017-03-03 14:03:53 INFO UpdateUserState: 013255466983,1
2017-03-03 14:03:57 INFO AddIdentifyResult: 19961,013255466983,-1,
2017-03-03 14:04:02 INFO AddIdentifyResult: 19961,013255466983,-3,
2017-03-03 14:04:54 INFO AddIdentifyResult: 19961,013255466983,0,ver/03/03/140552_013255466983.wav
2017-03-03 14:06:53 INFO AddIdentifyResult: 19962,013287357292,-1,
2017-03-03 14:07:00 INFO AddIdentifyResult: 19962,013287357292,-3,
2017-03-03 14:08:44 INFO AddIdentifyResult: 19963,013255468937,-1,
2017-03-03 14:08:48 INFO AddIdentifyResult: 19963,013255468937,-3,
2017-03-03 14:09:47 INFO AddIdentifyResult: 19962,013287357292,12,
2017-03-03 14:09:54 INFO AddIdentifyResult: 19962,013287357292,10,reg/013287357292_0303141102|reg/013287357292_0303141102|reg/013287357292_0303140849
2017-03-03 14:09:54 INFO UpdateUserState: 013287357292,1
2017-03-03 14:10:12 INFO AddIdentifyResult: 19964,013287357292,-1,
2017-03-03 14:10:17 INFO AddIdentifyResult: 19964,013287357292,-3,
2017-03-03 14:11:08 INFO AddIdentifyResult: 19964,013287357292,0,ver/03/03/141207_013287357292.wav
2017-03-03 14:11:34 INFO AddIdentifyResult: 19963,013255468937,12,
2017-03-03 14:11:44 INFO AddIdentifyResult: 19963,013255468937,10,reg/013255468937_0303141038|reg/013255468937_0303141038|reg/013255468937_
2017-03-03 14:11:45 INFO UpdateUserState: 013255468937,1
2017-03-03 14:14:37 INFO AddIdentifyResult: 19965,013255461109,-1,
2017-03-03 14:14:42 INFO AddIdentifyResult: 19965,013255461109,-3,
2017-03-03 14:16:32 INFO AddIdentifyResult: 19965,013255461109,12,
2017-03-03 14:16:39 INFO AddIdentifyResult: 19965,013255461109,10,reg/013255461109_0303141632|reg/013255461109_0303141632|reg/013255461109_
2017-03-03 14:16:40 INFO UpdateUserState: 013255461109,1
2017-03-03 14:28:29 INFO AddIdentifyResult: 19966,013255469802,-1,
2017-03-03 14:28:35 INFO AddIdentifyResult: 19966,013255469802,-3,
2017-03-03 14:29:17 INFO AddIdentifyResult: 19967,013255466891,-1,
2017-03-03 14:29:23 INFO AddIdentifyResult: 19967,013255466891,-3,
2017-03-03 14:30:05 INFO AddIdentifyResult: 19966,013255469802,12,
2017-03-03 14:30:12 INFO AddIdentifyResult: 19966,013255469802,10,reg/013255469802_0303143025|reg/013255469802_0303143025|reg/013255469802_
2017-03-03 14:30:12 INFO UpdateUserState: 013255469802,1
2017-03-03 14:31:10 INFO AddIdentifyResult: 19967,013255466891,12,
2017-03-03 14:31:17 INFO AddIdentifyResult: 19967,013255466891,10,reg/013255466891_0303143220|reg/013255466891_0303143220|reg/013255466891_0303143112
2017-03-03 14:31:17 INFO UpdateUserState: 013255466891,1
2017-03-03 14:31:22 INFO AddIdentifyResult: 19968,013255466891,-1,
2017-03-03 14:31:28 INFO AddIdentifyResult: 19968,013255466891,-3,
2017-03-03 14:32:20 INFO AddIdentifyResult: 19968,013255466891,0,ver/03/03/143318_013255466891.wav
2017-03-03 14:34:38 INFO AddIdentifyResult: 19969,013255466675,-1,
2017-03-03 14:34:43 INFO AddIdentifyResult: 19969,013255466675,-3,
2017-03-03 14:36:31 INFO AddIdentifyResult: 19969,013255466675,12,
2017-03-03 14:36:38 INFO AddIdentifyResult: 19969,013255466675,10,reg/013255466675_0303143633|reg/013255466675_0303143633|reg/013255466675_
2017-03-03 14:36:38 INFO UpdateUserState: 013255466675,1
2017-03-03 14:36:48 INFO AddIdentifyResult: 19970,013255466675,-1,
2017-03-03 14:36:53 INFO AddIdentifyResult: 19970,013255466675,-3,
2017-03-03 14:37:45 INFO AddIdentifyResult: 19970,013255466675,0,ver/03/03/143843_013255466675.wav
2017-03-03 14:39:44 INFO AddIdentifyResult: 19971,013255460578,-1,
2017-03-03 14:39:50 INFO AddIdentifyResult: 19971,013255460578,-3,
2017-03-03 14:40:10 INFO AddIdentifyResult: 19971,013255460578,11,reg/013255460578_|reg/013255460578_|reg/013255460578_
2017-03-03 14:40:17 INFO AddIdentifyResult: 19972,013255460578,-1,
2017-03-03 14:40:21 INFO AddIdentifyResult: 19972,013255460578,-3,
2017-03-03 14:42:13 INFO AddIdentifyResult: 19972,013255460578,12,
2017-03-03 14:42:19 INFO AddIdentifyResult: 19972,013255460578,10,reg/013255460578_0303144328|reg/013255460578_0303144328|reg/013255460578_0303144210
2017-03-03 14:42:20 INFO UpdateUserState: 013255460578,1
2017-03-03 14:47:52 INFO AddIdentifyResult: 19973,013255460287,-1,
2017-03-03 14:47:56 INFO AddIdentifyResult: 19973,013255460287,-3,
2017-03-03 14:49:13 INFO AddIdentifyResult: 19973,013255460287,12,
2017-03-03 14:49:20 INFO AddIdentifyResult: 19973,013255460287,10,reg/013255460287_0303144946|reg/013255460287_0303144946|reg/013255460287_
2017-03-03 14:49:20 INFO UpdateUserState: 013255460287,1
2017-03-03 14:52:43 INFO AddIdentifyResult: 19974,018171957110,-1,
2017-03-03 14:52:49 INFO AddIdentifyResult: 19975,013255463886,-1,
2017-03-03 14:52:54 INFO AddIdentifyResult: 19975,013255463886,-3,
2017-03-03 14:53:04 INFO AddIdentifyResult: 19974,018171957110,-3,
2017-03-03 14:55:03 INFO AddIdentifyResult: 19975,013255463886,12,
2017-03-03 14:55:09 INFO AddIdentifyResult: 19975,013255463886,10,reg/013255463886_0303145615|reg/013255463886_0303145615|reg/013255463886_0303145444
2017-03-03 14:55:09 INFO UpdateUserState: 013255463886,1
2017-03-03 14:56:08 INFO AddIdentifyResult: 19974,018171957110,11,reg/018171957110_|reg/018171957110_|reg/018171957110_
2017-03-03 14:56:29 INFO AddIdentifyResult: 19976,018171957110,-1,
2017-03-03 14:56:38 INFO AddIdentifyResult: 19976,018171957110,-3,
2017-03-03 14:57:27 INFO AddIdentifyResult: 19977,015275448063,-1,
2017-03-03 14:57:37 INFO AddIdentifyResult: 19977,015275448063,-3,
2017-03-03 14:58:58 INFO AddIdentifyResult: 19976,018171957110,12,
2017-03-03 14:59:04 INFO AddIdentifyResult: 19976,018171957110,10,reg/018171957110_0303150008|reg/018171957110_0303150008|reg/018171957110_0303145828
2017-03-03 14:59:04 INFO UpdateUserState: 018171957110,1
2017-03-03 14:59:31 INFO AddIdentifyResult: 19977,015275448063,12,
2017-03-03 14:59:39 INFO AddIdentifyResult: 19977,015275448063,10,reg/015275448063_0303145927|reg/015275448063_0303145927|reg/015275448063_
2017-03-03 14:59:39 INFO UpdateUserState: 015275448063,1
2017-03-03 15:03:31 INFO AddIdentifyResult: 19978,015572883575,-1,
2017-03-03 15:03:47 INFO AddIdentifyResult: 19978,015572883575,-3,
2017-03-03 15:04:23 INFO AddIdentifyResult: 19979,013255462993,-1,
2017-03-03 15:04:44 INFO AddIdentifyResult: 19979,013255462993,-3,
2017-03-03 15:05:01 INFO AddIdentifyResult: 19980,015671756037,-1,
2017-03-03 15:05:07 INFO AddIdentifyResult: 19979,013255462993,11,reg/013255462993_|reg/013255462993_|reg/013255462993_
2017-03-03 15:05:09 INFO AddIdentifyResult: 19980,015671756037,-3,
2017-03-03 15:05:21 INFO AddIdentifyResult: 19981,013255467096,-1,
2017-03-03 15:05:35 INFO AddIdentifyResult: 19981,013255467096,-3,
2017-03-03 15:05:38 INFO AddIdentifyResult: 19982,013255462993,-1,
2017-03-03 15:05:45 INFO AddIdentifyResult: 19982,013255462993,-3,
2017-03-03 15:05:50 INFO AddIdentifyResult: 19978,015572883575,12,
2017-03-03 15:05:57 INFO AddIdentifyResult: 19978,015572883575,10,reg/015572883575_0303150537|reg/015572883575_0303150537|reg/015572883575_
2017-03-03 15:05:57 INFO UpdateUserState: 015572883575,1
2017-03-03 15:06:07 INFO AddIdentifyResult: 19983,015572883575,-1,
2017-03-03 15:06:23 INFO AddIdentifyResult: 19983,015572883575,-3,
2017-03-03 15:06:50 INFO AddIdentifyResult: 19980,015671756037,12,
2017-03-03 15:06:57 INFO AddIdentifyResult: 19980,015671756037,10,reg/015671756037_0303150659|reg/015671756037_0303150659|reg/015671756037_
2017-03-03 15:06:58 INFO UpdateUserState: 015671756037,1
2017-03-03 15:07:04 INFO AddIdentifyResult: 19982,013255462993,12,
2017-03-03 15:07:11 INFO AddIdentifyResult: 19982,013255462993,10,reg/013255462993_0303150735|reg/013255462993_0303150735|reg/013255462993_
2017-03-03 15:07:11 INFO UpdateUserState: 013255462993,1
2017-03-03 15:07:16 INFO AddIdentifyResult: 19983,015572883575,0,ver/03/03/150814_015572883575.wav
2017-03-03 15:07:28 INFO AddIdentifyResult: 19984,015671756037,-1,
2017-03-03 15:07:36 INFO AddIdentifyResult: 19984,015671756037,-3,
2017-03-03 15:07:53 INFO AddIdentifyResult: 19981,013255467096,12,
2017-03-03 15:07:59 INFO AddIdentifyResult: 19981,013255467096,10,reg/013255467096_0303150725|reg/013255467096_0303150725|reg/013255467096_
2017-03-03 15:08:00 INFO UpdateUserState: 013255467096,1
2017-03-03 15:08:18 INFO AddIdentifyResult: 19985,013255462993,-1,
2017-03-03 15:08:26 INFO AddIdentifyResult: 19986,013255467096,-1,
2017-03-03 15:08:28 INFO AddIdentifyResult: 19984,015671756037,0,ver/03/03/150926_015671756037.wav
2017-03-03 15:08:32 INFO AddIdentifyResult: 19985,013255462993,-3,
2017-03-03 15:08:37 INFO AddIdentifyResult: 19986,013255467096,-3,
2017-03-03 15:09:24 INFO AddIdentifyResult: 19985,013255462993,0,ver/03/03/151022_013255462993.wav
2017-03-03 15:09:28 INFO AddIdentifyResult: 19987,013255465158,-1,
2017-03-03 15:09:28 INFO AddIdentifyResult: 19986,013255467096,0,ver/03/03/151027_013255467096.wav
2017-03-03 15:09:35 INFO AddIdentifyResult: 19987,013255465158,-3,
2017-03-03 15:11:37 INFO AddIdentifyResult: 19987,013255465158,12,
2017-03-03 15:11:44 INFO AddIdentifyResult: 19987,013255465158,10,reg/013255465158_0303151125|reg/013255465158_0303151125|reg/013255465158_
2017-03-03 15:11:44 INFO UpdateUserState: 013255465158,1
2017-03-03 15:12:21 INFO AddIdentifyResult: 19988,018766738183,-1,
2017-03-03 15:12:36 INFO AddIdentifyResult: 19988,018766738183,-3,
2017-03-03 15:14:51 INFO AddIdentifyResult: 19988,018766738183,12,
2017-03-03 15:14:58 INFO AddIdentifyResult: 19988,018766738183,10,reg/018766738183_0303151425|reg/018766738183_0303151425|reg/018766738183_
2017-03-03 15:14:58 INFO UpdateUserState: 018766738183,1
2017-03-03 15:15:42 INFO AddIdentifyResult: 19989,018766738183,-1,
2017-03-03 15:15:52 INFO AddIdentifyResult: 19989,018766738183,-3,
2017-03-03 15:16:29 INFO AddIdentifyResult: 19990,013255463159,-1,
2017-03-03 15:16:33 INFO AddIdentifyResult: 19990,013255463159,-3,
2017-03-03 15:16:43 INFO AddIdentifyResult: 19989,018766738183,0,ver/03/03/151742_018766738183.wav
2017-03-03 15:19:00 INFO AddIdentifyResult: 19990,013255463159,12,
2017-03-03 15:19:10 INFO AddIdentifyResult: 19991,018654630552,-1,
2017-03-03 15:19:11 INFO AddIdentifyResult: 19990,013255463159,10,reg/013255463159_0303151823|reg/013255463159_0303151823|reg/013255463159_
2017-03-03 15:19:11 INFO UpdateUserState: 013255463159,1
2017-03-03 15:19:17 INFO AddIdentifyResult: 19991,018654630552,-3,
2017-03-03 15:21:10 INFO AddIdentifyResult: 19991,018654630552,12,
2017-03-03 15:21:19 INFO AddIdentifyResult: 19991,018654630552,10,reg/018654630552_0303152107|reg/018654630552_0303152107|reg/018654630552_
2017-03-03 15:21:19 INFO UpdateUserState: 018654630552,1
2017-03-03 15:27:40 INFO AddIdentifyResult: 19992,018266630373,-1,
2017-03-03 15:27:51 INFO AddIdentifyResult: 19992,018266630373,-3,
2017-03-03 15:29:20 INFO AddIdentifyResult: 19992,018266630373,12,
2017-03-03 15:29:28 INFO AddIdentifyResult: 19992,018266630373,10,reg/018266630373_0303152941|reg/018266630373_0303152941|reg/018266630373_
2017-03-03 15:29:28 INFO UpdateUserState: 018266630373,1
2017-03-03 15:29:52 INFO AddIdentifyResult: 19993,013255460938,-1,
2017-03-03 15:29:57 INFO AddIdentifyResult: 19993,013255460938,-3,
2017-03-03 15:31:36 INFO AddIdentifyResult: 19993,013255460938,12,
2017-03-03 15:31:44 INFO AddIdentifyResult: 19993,013255460938,10,reg/013255460938_0303153147|reg/013255460938_0303153147|reg/013255460938_
2017-03-03 15:31:44 INFO UpdateUserState: 013255460938,1
2017-03-03 15:42:15 INFO AddIdentifyResult: 0,018201323322,1,
2017-03-03 16:20:40 INFO AddIdentifyResult: 19994,013255460729,-1,
2017-03-03 16:20:48 INFO AddIdentifyResult: 19994,013255460729,-3,
2017-03-03 16:24:00 INFO AddIdentifyResult: 19994,013255460729,12,
2017-03-03 16:24:10 INFO AddIdentifyResult: 19994,013255460729,10,reg/013255460729_0303162238|reg/013255460729_0303162238|reg/013255460729_
2017-03-03 16:24:10 INFO UpdateUserState: 013255460729,1
2017-03-03 20:30:01 INFO AddIdentifyResult: 0,018201323322,1,
