2017-01-20 08:28:19 INFO AddIdentifyResult: 14957,013339711583,-1,
2017-01-20 08:28:53 INFO AddIdentifyResult: 14958,013339711583,-1,
2017-01-20 08:29:05 INFO AddIdentifyResult: 14957,013339711583,-3,
2017-01-20 08:29:28 INFO AddIdentifyResult: 14957,013339711583,11,reg/013339711583_|reg/013339711583_|reg/013339711583_
2017-01-20 08:30:06 INFO AddIdentifyResult: 14959,013339711583,-1,
2017-01-20 08:30:24 INFO AddIdentifyResult: 14959,013339711583,-3,
2017-01-20 08:32:40 INFO AddIdentifyResult: 14959,013339711583,12,
2017-01-20 08:32:47 INFO AddIdentifyResult: 14959,013339711583,10,reg/013339711583_0120083216|reg/013339711583_0120083216|reg/013339711583_
2017-01-20 08:32:47 INFO UpdateUserState: 013339711583,1
2017-01-20 08:33:10 INFO AddIdentifyResult: 14960,013339711583,-1,
2017-01-20 08:33:24 INFO AddIdentifyResult: 14960,013339711583,-3,
2017-01-20 08:34:15 INFO AddIdentifyResult: 14960,013339711583,0,ver/01/20/083508_013339711583.wav
2017-01-20 08:45:25 INFO AddIdentifyResult: 14961,015327856201,-1,
2017-01-20 08:45:40 INFO AddIdentifyResult: 14961,015327856201,-3,
2017-01-20 08:48:46 INFO AddIdentifyResult: 14961,015327856201,12,
2017-01-20 08:48:54 INFO AddIdentifyResult: 14961,015327856201,10,reg/015327856201_0120084911|reg/015327856201_0120084911|reg/015327856201_0120084725
2017-01-20 08:48:54 INFO UpdateUserState: 015327856201,1
2017-01-20 08:48:59 INFO AddIdentifyResult: 14962,015327856201,-1,
2017-01-20 08:49:13 INFO AddIdentifyResult: 14962,015327856201,-3,
2017-01-20 08:50:04 INFO AddIdentifyResult: 14962,015327856201,0,ver/01/20/085057_015327856201.wav
2017-01-20 09:31:08 INFO AddIdentifyResult: 14963,18163586340,-1,
2017-01-20 09:31:21 INFO AddIdentifyResult: 14963,18163586340,-3,
2017-01-20 09:33:36 INFO AddIdentifyResult: 14963,18163586340,12,
2017-01-20 09:33:45 INFO AddIdentifyResult: 14963,18163586340,10,reg/18163586340_0120093406|reg/18163586340_0120093406|reg/18163586340_0120093305
2017-01-20 09:33:45 INFO UpdateUserState: 18163586340,1
2017-01-20 09:39:19 INFO AddIdentifyResult: 0,18163586340,0,ver/01/20/094011_18163586340.wav
2017-01-20 10:20:23 INFO AddIdentifyResult: 14965,015607223796,-1,
2017-01-20 10:20:33 INFO AddIdentifyResult: 14965,015607223796,-3,
2017-01-20 10:21:32 INFO AddIdentifyResult: 14966,015607223796,-1,
2017-01-20 10:21:51 INFO AddIdentifyResult: 14966,015607223796,-3,
2017-01-20 10:24:05 INFO AddIdentifyResult: 14966,015607223796,12,
2017-01-20 10:24:10 INFO AddIdentifyResult: 14965,015607223796,11,reg/015607223796_|reg/015607223796_|reg/015607223796_
2017-01-20 10:24:14 INFO AddIdentifyResult: 14966,015607223796,10,reg/015607223796_0120102344|reg/015607223796_0120102344|reg/015607223796_
2017-01-20 10:24:14 INFO UpdateUserState: 015607223796,1
2017-01-20 10:24:31 INFO AddIdentifyResult: 14967,015607223796,-1,
2017-01-20 10:24:39 INFO AddIdentifyResult: 14967,015607223796,-3,
2017-01-20 10:25:32 INFO AddIdentifyResult: 14967,015607223796,0,ver/01/20/102624_015607223796.wav
2017-01-20 10:37:47 INFO AddIdentifyResult: 14968,013197020963,-1,
2017-01-20 10:38:19 INFO AddIdentifyResult: 14968,013197020963,-3,
2017-01-20 10:40:00 INFO AddIdentifyResult: 14968,013197020963,12,
2017-01-20 10:40:07 INFO AddIdentifyResult: 14968,013197020963,10,reg/013197020963_0120104003|reg/013197020963_0120104003|reg/013197020963_
2017-01-20 10:40:07 INFO UpdateUserState: 013197020963,1
2017-01-20 10:40:39 INFO AddIdentifyResult: 14969,013197020963,-1,
2017-01-20 10:40:47 INFO AddIdentifyResult: 14969,013197020963,-3,
2017-01-20 10:41:39 INFO AddIdentifyResult: 14969,013197020963,0,ver/01/20/104232_013197020963.wav
2017-01-20 10:56:12 INFO AddIdentifyResult: 14970,015607228270,-1,
2017-01-20 10:56:36 INFO AddIdentifyResult: 14970,015607228270,-3,
2017-01-20 10:59:37 INFO AddIdentifyResult: 14970,015607228270,11,reg/015607228270_|reg/015607228270_|reg/015607228270_
2017-01-20 10:59:57 INFO AddIdentifyResult: 14971,015607228270,-1,
2017-01-20 11:00:23 INFO AddIdentifyResult: 14971,015607228270,-3,
2017-01-20 11:02:32 INFO AddIdentifyResult: 14971,015607228270,12,
2017-01-20 11:02:42 INFO AddIdentifyResult: 14971,015607228270,10,reg/015607228270_0120110207|reg/015607228270_0120110207|reg/015607228270_
2017-01-20 11:02:42 INFO UpdateUserState: 015607228270,1
2017-01-20 11:02:43 INFO AddIdentifyResult: 14972,015607228270,-1,
2017-01-20 11:02:54 INFO AddIdentifyResult: 14972,015607228270,-3,
2017-01-20 11:03:46 INFO AddIdentifyResult: 14972,015607228270,0,ver/01/20/110439_015607228270.wav
2017-01-20 11:13:04 INFO AddIdentifyResult: 14973,015607228063,-1,
2017-01-20 11:13:32 INFO AddIdentifyResult: 14973,015607228063,-3,
2017-01-20 11:16:16 INFO AddIdentifyResult: 14973,015607228063,12,
2017-01-20 11:16:23 INFO AddIdentifyResult: 14973,015607228063,10,reg/015607228063_0120111516|reg/015607228063_0120111516|reg/015607228063_
2017-01-20 11:16:23 INFO UpdateUserState: 015607228063,1
2017-01-20 11:16:38 INFO AddIdentifyResult: 14974,015607228063,-1,
2017-01-20 11:16:59 INFO AddIdentifyResult: 14974,015607228063,-3,
2017-01-20 11:17:50 INFO AddIdentifyResult: 14974,015607228063,0,ver/01/20/111844_015607228063.wav
2017-01-20 11:20:16 INFO AddIdentifyResult: 14975,015607225882,-1,
2017-01-20 11:20:23 INFO AddIdentifyResult: 14975,015607225882,-3,
2017-01-20 11:21:43 INFO AddIdentifyResult: 14976,013165686171,-1,
2017-01-20 11:21:50 INFO AddIdentifyResult: 14976,013165686171,-3,
2017-01-20 11:22:06 INFO AddIdentifyResult: 14976,013165686171,11,reg/013165686171_|reg/013165686171_|reg/013165686171_
2017-01-20 11:22:17 INFO AddIdentifyResult: 14977,013165686171,-1,
2017-01-20 11:22:28 INFO AddIdentifyResult: 14977,013165686171,-3,
2017-01-20 11:22:39 INFO AddIdentifyResult: 14975,015607225882,12,
2017-01-20 11:22:47 INFO AddIdentifyResult: 14978,015607225882,-4,2
2017-01-20 11:22:47 INFO AddIdentifyResult: 14975,015607225882,10,reg/015607225882_0120112208|reg/015607225882_0120112208|reg/015607225882_
2017-01-20 11:22:48 INFO UpdateUserState: 015607225882,1
2017-01-20 11:23:00 INFO AddIdentifyResult: 14979,015607225882,-1,
2017-01-20 11:23:10 INFO AddIdentifyResult: 14979,015607225882,-3,
2017-01-20 11:23:14 INFO AddIdentifyResult: 14977,013165686171,11,reg/013165686171_|reg/013165686171_|reg/013165686171_
2017-01-20 11:23:35 INFO AddIdentifyResult: 14980,013165686171,-1,
2017-01-20 11:23:51 INFO AddIdentifyResult: 14980,013165686171,-3,
2017-01-20 11:24:01 INFO AddIdentifyResult: 14979,015607225882,0,ver/01/20/112455_015607225882.wav
2017-01-20 11:24:25 INFO AddIdentifyResult: 14980,013165686171,11,reg/013165686171_|reg/013165686171_|reg/013165686171_
2017-01-20 11:24:59 INFO AddIdentifyResult: 14981,013165686171,-1,
2017-01-20 11:25:03 INFO AddIdentifyResult: 14981,013165686171,-3,
2017-01-20 11:25:22 INFO AddIdentifyResult: 14982,015607222107,-1,
2017-01-20 11:25:39 INFO AddIdentifyResult: 14982,015607222107,-3,
2017-01-20 11:26:15 INFO AddIdentifyResult: 14981,013165686171,11,reg/013165686171_|reg/013165686171_|reg/013165686171_
2017-01-20 11:27:32 INFO AddIdentifyResult: 14983,013165686171,-1,
2017-01-20 11:27:40 INFO AddIdentifyResult: 14983,013165686171,-3,
2017-01-20 11:27:46 INFO AddIdentifyResult: 14982,015607222107,12,
2017-01-20 11:27:56 INFO AddIdentifyResult: 14982,015607222107,10,reg/015607222107_0120112724|reg/015607222107_0120112724|reg/015607222107_
2017-01-20 11:27:56 INFO UpdateUserState: 015607222107,1
2017-01-20 11:28:07 INFO AddIdentifyResult: 14984,015607222107,-1,
2017-01-20 11:28:15 INFO AddIdentifyResult: 14984,015607222107,-3,
2017-01-20 11:29:07 INFO AddIdentifyResult: 14984,015607222107,0,ver/01/20/113000_015607222107.wav
2017-01-20 11:29:19 INFO AddIdentifyResult: 14983,013165686171,12,
2017-01-20 11:29:26 INFO AddIdentifyResult: 14983,013165686171,10,reg/013165686171_0120112924|reg/013165686171_0120112924|reg/013165686171_
2017-01-20 11:29:26 INFO UpdateUserState: 013165686171,1
2017-01-20 11:29:47 INFO AddIdentifyResult: 14985,013165686171,-1,
2017-01-20 11:30:03 INFO AddIdentifyResult: 14985,013165686171,-3,
2017-01-20 11:30:51 INFO AddIdentifyResult: 14986,015607228676,-1,
2017-01-20 11:30:55 INFO AddIdentifyResult: 14985,013165686171,0,ver/01/20/113148_013165686171.wav
2017-01-20 11:31:01 INFO AddIdentifyResult: 14986,015607228676,-3,
2017-01-20 11:33:45 INFO AddIdentifyResult: 14986,015607228676,11,reg/015607228676_|reg/015607228676_|reg/015607228676_
2017-01-20 11:33:56 INFO AddIdentifyResult: 14987,015607228676,-1,
2017-01-20 11:34:08 INFO AddIdentifyResult: 14987,015607228676,-3,
2017-01-20 11:36:29 INFO AddIdentifyResult: 14987,015607228676,12,
2017-01-20 11:36:37 INFO AddIdentifyResult: 14987,015607228676,10,reg/015607228676_0120113552|reg/015607228676_0120113552|reg/015607228676_
2017-01-20 11:36:37 INFO UpdateUserState: 015607228676,1
2017-01-20 11:36:54 INFO AddIdentifyResult: 14988,015607228676,-1,
2017-01-20 11:37:02 INFO AddIdentifyResult: 14988,015607228676,-3,
2017-01-20 11:39:50 INFO AddIdentifyResult: 14989,015607228676,-1,
2017-01-20 11:39:58 INFO AddIdentifyResult: 14989,015607228676,-3,
2017-01-20 11:40:50 INFO AddIdentifyResult: 14989,015607228676,0,ver/01/20/114143_015607228676.wav
2017-01-20 11:50:00 INFO AddIdentifyResult: 14990,015607225831,-1,
2017-01-20 11:50:47 INFO AddIdentifyResult: 14991,015607225831,-1,
2017-01-20 11:50:56 INFO AddIdentifyResult: 14991,015607225831,-3,
2017-01-20 11:53:22 INFO AddIdentifyResult: 14991,015607225831,12,
2017-01-20 11:53:32 INFO AddIdentifyResult: 14991,015607225831,10,reg/015607225831_0120115241|reg/015607225831_0120115241|reg/015607225831_
2017-01-20 11:53:32 INFO UpdateUserState: 015607225831,1
2017-01-20 11:53:42 INFO AddIdentifyResult: 14992,015607225831,-1,
2017-01-20 11:53:53 INFO AddIdentifyResult: 14992,015607225831,-3,
2017-01-20 11:54:45 INFO AddIdentifyResult: 14992,015607225831,0,ver/01/20/115538_015607225831.wav
2017-01-20 11:57:20 INFO AddIdentifyResult: 14993,013871992458,-1,
2017-01-20 11:57:40 INFO AddIdentifyResult: 14993,013871992458,-3,
2017-01-20 11:57:56 INFO AddIdentifyResult: 14993,013871992458,11,reg/013871992458_|reg/013871992458_|reg/013871992458_
2017-01-20 11:58:18 INFO AddIdentifyResult: 14994,013871992458,-1,
2017-01-20 11:58:29 INFO AddIdentifyResult: 14994,013871992458,-3,
2017-01-20 12:00:19 INFO AddIdentifyResult: 14994,013871992458,12,
2017-01-20 12:00:27 INFO AddIdentifyResult: 14994,013871992458,10,reg/013871992458_0120120014|reg/013871992458_0120120014|reg/013871992458_
2017-01-20 12:00:27 INFO UpdateUserState: 013871992458,1
2017-01-20 12:00:53 INFO AddIdentifyResult: 14995,013871992458,-1,
2017-01-20 12:01:04 INFO AddIdentifyResult: 14995,013871992458,-3,
2017-01-20 12:01:56 INFO AddIdentifyResult: 14995,013871992458,0,ver/01/20/120249_013871992458.wav
2017-01-20 15:03:21 INFO AddIdentifyResult: 14996,015334213532,-1,
2017-01-20 15:04:05 INFO AddIdentifyResult: 14996,015334213532,-3,
2017-01-20 15:06:30 INFO AddIdentifyResult: 14996,015334213532,12,
2017-01-20 15:06:37 INFO AddIdentifyResult: 14996,015334213532,10,reg/015334213532_0120150740|reg/015334213532_0120150740|reg/015334213532_0120150550
2017-01-20 15:06:37 INFO UpdateUserState: 015334213532,1
2017-01-20 15:08:03 INFO AddIdentifyResult: 0,015334213532,1,ver/01/20/150857_015334213532.wav
2017-01-20 15:09:03 INFO AddIdentifyResult: 0,015334213532,2,ver/01/20/150954_015334213532.wav
2017-01-20 15:09:47 INFO AddIdentifyResult: 14998,015334213532,-1,
2017-01-20 15:10:09 INFO AddIdentifyResult: 14998,015334213532,-3,
2017-01-20 15:10:43 INFO AddIdentifyResult: 14999,015334213532,-1,
2017-01-20 15:10:57 INFO AddIdentifyResult: 14999,015334213532,-3,
2017-01-20 15:11:11 INFO AddIdentifyResult: 14998,015334213532,1,ver/01/20/151205_015334213532.wav
2017-01-20 15:11:49 INFO AddIdentifyResult: 14999,015334213532,1,ver/01/20/151243_015334213532.wav
2017-01-20 15:13:45 INFO AddIdentifyResult: 15000,015334213532,-1,
2017-01-20 15:14:09 INFO AddIdentifyResult: 15000,015334213532,-3,
2017-01-20 15:15:01 INFO AddIdentifyResult: 15000,015334213532,1,ver/01/20/151554_015334213532.wav
2017-01-20 15:16:29 INFO AddIdentifyResult: 15001,015334213532,-1,
2017-01-20 15:16:45 INFO AddIdentifyResult: 15001,015334213532,-3,
2017-01-20 15:18:07 INFO AddIdentifyResult: 0,15327062180,0,ver/01/20/151900_15327062180.wav
2017-01-20 15:18:42 INFO AddIdentifyResult: 15001,015334213532,12,
2017-01-20 15:18:50 INFO AddIdentifyResult: 15001,015334213532,10,reg/015334213532_0120151830|reg/015334213532_0120151830|reg/015334213532_
2017-01-20 15:18:50 INFO UpdateUserState: 015334213532,1
2017-01-20 15:19:58 INFO AddIdentifyResult: 0,015334213532,0,ver/01/20/152052_015334213532.wav
2017-01-20 15:32:13 INFO AddIdentifyResult: 15004,015607226796,-1,
2017-01-20 15:32:33 INFO AddIdentifyResult: 15004,015607226796,-3,
2017-01-20 15:34:35 INFO AddIdentifyResult: 15004,015607226796,12,
2017-01-20 15:34:42 INFO AddIdentifyResult: 15004,015607226796,10,reg/015607226796_0120153550|reg/015607226796_0120153550|reg/015607226796_0120153418
2017-01-20 15:34:42 INFO UpdateUserState: 015607226796,1
2017-01-20 15:35:04 INFO AddIdentifyResult: 15005,015607226796,-1,
2017-01-20 15:35:59 INFO AddIdentifyResult: 0,015607226796,0,ver/01/20/153652_015607226796.wav
2017-01-20 15:39:17 INFO AddIdentifyResult: 15007,015607226975,-1,
2017-01-20 15:39:31 INFO AddIdentifyResult: 15007,015607226975,-3,
2017-01-20 15:39:48 INFO AddIdentifyResult: 15007,015607226975,11,reg/015607226975_|reg/015607226975_|reg/015607226975_
2017-01-20 15:40:07 INFO AddIdentifyResult: 15008,015607226975,-1,
2017-01-20 15:40:18 INFO AddIdentifyResult: 15008,015607226975,-3,
2017-01-20 15:41:44 INFO AddIdentifyResult: 15008,015607226975,12,
2017-01-20 15:41:50 INFO AddIdentifyResult: 15008,015607226975,10,reg/015607226975_0120154203|reg/015607226975_0120154203|reg/015607226975_
2017-01-20 15:41:51 INFO UpdateUserState: 015607226975,1
2017-01-20 15:42:59 INFO AddIdentifyResult: 15009,015607226975,-1,
2017-01-20 15:43:12 INFO AddIdentifyResult: 0,015607226975,0,ver/01/20/154406_015607226975.wav
2017-01-20 16:05:36 INFO AddIdentifyResult: 15011,018186599173,-1,
2017-01-20 16:05:51 INFO AddIdentifyResult: 15011,018186599173,-3,
2017-01-20 16:08:33 INFO AddIdentifyResult: 15011,018186599173,12,
2017-01-20 16:08:43 INFO AddIdentifyResult: 15011,018186599173,10,reg/018186599173_0120160737|reg/018186599173_0120160737|reg/018186599173_
2017-01-20 16:08:43 INFO UpdateUserState: 018186599173,1
2017-01-20 16:09:53 INFO AddIdentifyResult: 0,018186599173,0,ver/01/20/161047_018186599173.wav
2017-01-20 16:15:44 INFO AddIdentifyResult: 15013,015607225031,-1,
2017-01-20 16:16:21 INFO AddIdentifyResult: 15013,015607225031,-3,
2017-01-20 16:17:49 INFO AddIdentifyResult: 15013,015607225031,12,
2017-01-20 16:17:56 INFO AddIdentifyResult: 15013,015607225031,10,reg/015607225031_0120161807|reg/015607225031_0120161807|reg/015607225031_
2017-01-20 16:17:56 INFO UpdateUserState: 015607225031,1
2017-01-20 16:19:05 INFO AddIdentifyResult: 0,015607225031,0,ver/01/20/161959_015607225031.wav
