2017-03-04 05:58:42 INFO AddIdentifyResult: 0,013255469171,1,
2017-03-04 06:23:50 INFO AddIdentifyResult: 0,013255469171,1,
2017-03-04 08:38:42 INFO AddIdentifyResult: 19997,013255611038,-1,
2017-03-04 08:38:46 INFO AddIdentifyResult: 19997,013255611038,-3,
2017-03-04 08:40:16 INFO AddIdentifyResult: 19997,013255611038,12,
2017-03-04 08:40:23 INFO AddIdentifyResult: 19997,013255611038,10,reg/013255611038_0304084144|reg/013255611038_0304084144|reg/013255611038_0304084039
2017-03-04 08:40:23 INFO UpdateUserState: 013255611038,1
2017-03-04 08:45:38 INFO AddIdentifyResult: 19998,013255460220,-1,
2017-03-04 08:45:46 INFO AddIdentifyResult: 19998,013255460220,-3,
2017-03-04 08:47:39 INFO AddIdentifyResult: 19998,013255460220,12,
2017-03-04 08:47:47 INFO AddIdentifyResult: 19998,013255460220,10,reg/013255460220_0304084739|reg/013255460220_0304084739|reg/013255460220_
2017-03-04 08:47:48 INFO UpdateUserState: 013255460220,1
2017-03-04 08:47:50 INFO AddIdentifyResult: 19999,013455718211,-1,
2017-03-04 08:48:00 INFO AddIdentifyResult: 19999,013455718211,-3,
2017-03-04 08:49:49 INFO AddIdentifyResult: 19999,013455718211,12,
2017-03-04 08:49:56 INFO AddIdentifyResult: 19999,013455718211,10,reg/013455718211_0304085112|reg/013455718211_0304085112|reg/013455718211_0304084953
2017-03-04 08:49:57 INFO UpdateUserState: 013455718211,1
2017-03-04 09:06:23 INFO AddIdentifyResult: 20000,013255460691,-1,
2017-03-04 09:06:31 INFO AddIdentifyResult: 20000,013255460691,-3,
2017-03-04 09:08:28 INFO AddIdentifyResult: 20000,013255460691,12,
2017-03-04 09:08:35 INFO AddIdentifyResult: 20000,013255460691,10,reg/013255460691_0304090948|reg/013255460691_0304090948|reg/013255460691_0304090824
2017-03-04 09:08:36 INFO UpdateUserState: 013255460691,1
2017-03-04 09:08:56 INFO AddIdentifyResult: 20001,013589962687,-1,
2017-03-04 09:09:03 INFO AddIdentifyResult: 20001,013589962687,-3,
2017-03-04 09:11:08 INFO AddIdentifyResult: 20001,013589962687,12,
2017-03-04 09:11:15 INFO AddIdentifyResult: 20001,013589962687,10,reg/013589962687_0304091225|reg/013589962687_0304091225|reg/013589962687_0304091056
2017-03-04 09:11:15 INFO UpdateUserState: 013589962687,1
2017-03-04 09:13:57 INFO AddIdentifyResult: 20002,013255467729,-1,
2017-03-04 09:14:04 INFO AddIdentifyResult: 20002,013255467729,-3,
2017-03-04 09:15:43 INFO AddIdentifyResult: 20002,013255467729,12,
2017-03-04 09:15:50 INFO AddIdentifyResult: 20002,013255467729,10,reg/013255467729_0304091557|reg/013255467729_0304091557|reg/013255467729_
2017-03-04 09:15:50 INFO UpdateUserState: 013255467729,1
2017-03-04 09:17:40 INFO AddIdentifyResult: 20003,015263885036,-1,
2017-03-04 09:17:49 INFO AddIdentifyResult: 20003,015263885036,-3,
2017-03-04 09:18:07 INFO AddIdentifyResult: 20004,013255631989,-1,
2017-03-04 09:19:35 INFO AddIdentifyResult: 20003,015263885036,12,
2017-03-04 09:19:42 INFO AddIdentifyResult: 20003,015263885036,10,reg/015263885036_0304092049|reg/015263885036_0304092049|reg/015263885036_0304091942
2017-03-04 09:19:42 INFO UpdateUserState: 015263885036,1
2017-03-04 09:21:29 INFO AddIdentifyResult: 20005,015263885036,-1,
2017-03-04 09:21:38 INFO AddIdentifyResult: 20005,015263885036,-3,
2017-03-04 09:22:29 INFO AddIdentifyResult: 20005,015263885036,1,ver/03/04/092331_015263885036.wav
2017-03-04 09:22:41 INFO AddIdentifyResult: 20006,015263885036,-1,
2017-03-04 09:22:48 INFO AddIdentifyResult: 20006,015263885036,-3,
2017-03-04 09:23:39 INFO AddIdentifyResult: 20006,015263885036,1,ver/03/04/092441_015263885036.wav
2017-03-04 09:24:24 INFO AddIdentifyResult: 20007,015263885036,-1,
2017-03-04 09:24:38 INFO AddIdentifyResult: 20007,015263885036,-3,
2017-03-04 09:24:41 INFO AddIdentifyResult: 20008,013255631989,-1,
2017-03-04 09:24:49 INFO AddIdentifyResult: 20008,013255631989,-3,
2017-03-04 09:26:17 INFO AddIdentifyResult: 20007,015263885036,12,
2017-03-04 09:26:24 INFO AddIdentifyResult: 20007,015263885036,10,reg/015263885036_0304092745|reg/015263885036_0304092745|reg/015263885036_0304092631
2017-03-04 09:26:24 INFO UpdateUserState: 015263885036,1
2017-03-04 09:26:53 INFO AddIdentifyResult: 20008,013255631989,12,
2017-03-04 09:27:00 INFO AddIdentifyResult: 20008,013255631989,10,reg/013255631989_0304092642|reg/013255631989_0304092642|reg/013255631989_
2017-03-04 09:27:00 INFO UpdateUserState: 013255631989,1
2017-03-04 09:29:41 INFO AddIdentifyResult: 20009,013255619885,-1,
2017-03-04 09:29:45 INFO AddIdentifyResult: 20009,013255619885,-3,
2017-03-04 09:29:52 INFO AddIdentifyResult: 20010,013256479298,-1,
2017-03-04 09:29:58 INFO AddIdentifyResult: 20010,013256479298,-3,
2017-03-04 09:31:31 INFO AddIdentifyResult: 20009,013255619885,12,
2017-03-04 09:31:38 INFO AddIdentifyResult: 20009,013255619885,10,reg/013255619885_0304093138|reg/013255619885_0304093138|reg/013255619885_
2017-03-04 09:31:38 INFO UpdateUserState: 013255619885,1
2017-03-04 09:31:56 INFO AddIdentifyResult: 20010,013256479298,12,
2017-03-04 09:32:04 INFO AddIdentifyResult: 20010,013256479298,10,reg/013256479298_0304093151|reg/013256479298_0304093151|reg/013256479298_
2017-03-04 09:32:04 INFO UpdateUserState: 013256479298,1
2017-03-04 09:32:16 INFO AddIdentifyResult: 20011,013256479298,-1,
2017-03-04 09:32:22 INFO AddIdentifyResult: 20011,013256479298,-3,
2017-03-04 09:33:14 INFO AddIdentifyResult: 20011,013256479298,0,ver/03/04/093416_013256479298.wav
2017-03-04 09:35:51 INFO AddIdentifyResult: 20012,013255628016,-1,
2017-03-04 09:35:56 INFO AddIdentifyResult: 20012,013255628016,-3,
2017-03-04 09:38:46 INFO AddIdentifyResult: 20012,013255628016,12,
2017-03-04 09:38:53 INFO AddIdentifyResult: 20012,013255628016,10,reg/013255628016_0304093956|reg/013255628016_0304093956|reg/013255628016_0304093758
2017-03-04 09:38:53 INFO UpdateUserState: 013255628016,1
2017-03-04 09:39:09 INFO AddIdentifyResult: 20013,013255628016,-1,
2017-03-04 09:39:15 INFO AddIdentifyResult: 20013,013255628016,-3,
2017-03-04 09:40:07 INFO AddIdentifyResult: 20013,013255628016,0,ver/03/04/094109_013255628016.wav
2017-03-04 09:42:54 INFO AddIdentifyResult: 20014,013256478026,-1,
2017-03-04 09:43:00 INFO AddIdentifyResult: 20014,013256478026,-3,
2017-03-04 09:44:57 INFO AddIdentifyResult: 20014,013256478026,12,
2017-03-04 09:45:04 INFO AddIdentifyResult: 20014,013256478026,10,reg/013256478026_0304094453|reg/013256478026_0304094453|reg/013256478026_
2017-03-04 09:45:04 INFO UpdateUserState: 013256478026,1
2017-03-04 09:45:22 INFO AddIdentifyResult: 20015,013256478026,-1,
2017-03-04 09:45:29 INFO AddIdentifyResult: 20015,013256478026,-3,
2017-03-04 09:46:21 INFO AddIdentifyResult: 20015,013256478026,0,ver/03/04/094723_013256478026.wav
2017-03-04 09:49:53 INFO AddIdentifyResult: 20016,013255625979,-1,
2017-03-04 09:50:00 INFO AddIdentifyResult: 20016,013255625979,-3,
2017-03-04 09:51:51 INFO AddIdentifyResult: 20016,013255625979,12,
2017-03-04 09:51:58 INFO AddIdentifyResult: 20016,013255625979,10,reg/013255625979_0304095153|reg/013255625979_0304095153|reg/013255625979_
2017-03-04 09:51:58 INFO UpdateUserState: 013255625979,1
2017-03-04 09:53:16 INFO AddIdentifyResult: 20017,013255625979,-1,
2017-03-04 09:53:24 INFO AddIdentifyResult: 20017,013255625979,-3,
2017-03-04 09:54:15 INFO AddIdentifyResult: 20017,013255625979,0,ver/03/04/095517_013255625979.wav
2017-03-04 09:58:30 INFO AddIdentifyResult: 20018,013255468167,-1,
2017-03-04 09:58:37 INFO AddIdentifyResult: 20018,013255468167,-3,
2017-03-04 09:59:23 INFO AddIdentifyResult: 20018,013255468167,11,reg/013255468167_|reg/013255468167_|reg/013255468167_
2017-03-04 09:59:47 INFO AddIdentifyResult: 20019,013255468167,-1,
2017-03-04 10:00:22 INFO AddIdentifyResult: 20020,013255468167,-1,
2017-03-04 10:00:29 INFO AddIdentifyResult: 20020,013255468167,-3,
2017-03-04 10:02:18 INFO AddIdentifyResult: 20020,013255468167,12,
2017-03-04 10:02:25 INFO AddIdentifyResult: 20020,013255468167,10,reg/013255468167_0304100222|reg/013255468167_0304100222|reg/013255468167_
2017-03-04 10:02:25 INFO UpdateUserState: 013255468167,1
2017-03-04 10:04:59 INFO AddIdentifyResult: 20021,015006856831,-1,
2017-03-04 10:05:16 INFO AddIdentifyResult: 20021,015006856831,-3,
2017-03-04 10:05:31 INFO AddIdentifyResult: 20021,015006856831,11,reg/015006856831_|reg/015006856831_|reg/015006856831_
2017-03-04 10:05:42 INFO AddIdentifyResult: 20022,015006856831,-1,
2017-03-04 10:05:48 INFO AddIdentifyResult: 20022,015006856831,-3,
2017-03-04 10:07:02 INFO AddIdentifyResult: 20022,015006856831,11,reg/015006856831_|reg/015006856831_|reg/015006856831_
2017-03-04 10:07:42 INFO AddIdentifyResult: 20023,015006856831,-1,
2017-03-04 10:07:50 INFO AddIdentifyResult: 20023,015006856831,-3,
2017-03-04 10:09:26 INFO AddIdentifyResult: 20023,015006856831,12,
2017-03-04 10:09:33 INFO AddIdentifyResult: 20023,015006856831,10,reg/015006856831_0304101057|reg/015006856831_0304101057|reg/015006856831_0304100943
2017-03-04 10:09:33 INFO UpdateUserState: 015006856831,1
2017-03-04 10:12:10 INFO AddIdentifyResult: 20024,013255467862,-1,
2017-03-04 10:12:14 INFO AddIdentifyResult: 20024,013255467862,-3,
2017-03-04 10:14:05 INFO AddIdentifyResult: 20024,013255467862,12,
2017-03-04 10:14:12 INFO AddIdentifyResult: 20024,013255467862,10,reg/013255467862_0304101407|reg/013255467862_0304101407|reg/013255467862_
2017-03-04 10:14:12 INFO UpdateUserState: 013255467862,1
2017-03-04 10:17:28 INFO AddIdentifyResult: 20025,015550522921,-1,
2017-03-04 10:20:14 INFO AddIdentifyResult: 20026,013356839331,-1,
2017-03-04 10:20:22 INFO AddIdentifyResult: 20026,013356839331,-3,
2017-03-04 10:22:45 INFO AddIdentifyResult: 20026,013356839331,12,
2017-03-04 10:22:53 INFO AddIdentifyResult: 20026,013356839331,10,reg/013356839331_0304102215|reg/013356839331_0304102215|reg/013356839331_
2017-03-04 10:22:53 INFO UpdateUserState: 013356839331,1
2017-03-04 10:41:03 INFO AddIdentifyResult: 20027,015963863965,-1,
2017-03-04 10:41:16 INFO AddIdentifyResult: 20027,015963863965,-3,
2017-03-04 10:43:00 INFO AddIdentifyResult: 20027,015963863965,12,
2017-03-04 10:43:07 INFO AddIdentifyResult: 20027,015963863965,10,reg/015963863965_0304104420|reg/015963863965_0304104420|reg/015963863965_0304104310
2017-03-04 10:43:07 INFO UpdateUserState: 015963863965,1
2017-03-04 10:43:23 INFO AddIdentifyResult: 20028,015963863965,-1,
2017-03-04 10:43:36 INFO AddIdentifyResult: 20028,015963863965,-3,
2017-03-04 10:44:27 INFO AddIdentifyResult: 20028,015963863965,1,ver/03/04/104529_015963863965.wav
2017-03-04 10:44:52 INFO AddIdentifyResult: 20029,015963863965,-1,
2017-03-04 10:44:59 INFO AddIdentifyResult: 20029,015963863965,-3,
2017-03-04 10:46:47 INFO AddIdentifyResult: 20029,015963863965,12,
2017-03-04 10:46:54 INFO AddIdentifyResult: 20029,015963863965,10,reg/015963863965_0304104653|reg/015963863965_0304104653|reg/015963863965_
2017-03-04 10:46:55 INFO UpdateUserState: 015963863965,1
2017-03-04 10:47:12 INFO AddIdentifyResult: 20030,015963863965,-1,
2017-03-04 10:47:22 INFO AddIdentifyResult: 20030,015963863965,-3,
2017-03-04 10:48:14 INFO AddIdentifyResult: 20030,015963863965,0,ver/03/04/104916_015963863965.wav
2017-03-04 10:48:27 INFO AddIdentifyResult: 20031,013255467967,-1,
2017-03-04 10:48:41 INFO AddIdentifyResult: 20031,013255467967,-3,
2017-03-04 10:50:30 INFO AddIdentifyResult: 20031,013255467967,12,
2017-03-04 10:50:37 INFO AddIdentifyResult: 20031,013255467967,10,reg/013255467967_0304105152|reg/013255467967_0304105152|reg/013255467967_0304105034
2017-03-04 10:50:37 INFO UpdateUserState: 013255467967,1
2017-03-04 10:50:49 INFO AddIdentifyResult: 20032,013255467967,-1,
2017-03-04 10:50:53 INFO AddIdentifyResult: 20032,013255467967,-3,
2017-03-04 10:51:45 INFO AddIdentifyResult: 20032,013255467967,0,ver/03/04/105247_013255467967.wav
2017-03-04 10:54:53 INFO AddIdentifyResult: 20033,013255467732,-1,
2017-03-04 10:54:58 INFO AddIdentifyResult: 20033,013255467732,-3,
2017-03-04 10:56:35 INFO AddIdentifyResult: 20033,013255467732,12,
2017-03-04 10:56:42 INFO AddIdentifyResult: 20033,013255467732,10,reg/013255467732_0304105652|reg/013255467732_0304105652|reg/013255467732_
2017-03-04 10:56:42 INFO UpdateUserState: 013255467732,1
2017-03-04 10:56:55 INFO AddIdentifyResult: 20034,013255467732,-1,
2017-03-04 10:57:04 INFO AddIdentifyResult: 20034,013255467732,-3,
2017-03-04 10:57:56 INFO AddIdentifyResult: 20034,013255467732,0,ver/03/04/105858_013255467732.wav
2017-03-04 11:11:03 INFO AddIdentifyResult: 20035,013255618978,-1,
2017-03-04 11:11:08 INFO AddIdentifyResult: 20035,013255618978,-3,
2017-03-04 11:12:50 INFO AddIdentifyResult: 20035,013255618978,12,
2017-03-04 11:12:57 INFO AddIdentifyResult: 20035,013255618978,10,reg/013255618978_0304111302|reg/013255618978_0304111302|reg/013255618978_
2017-03-04 11:12:58 INFO UpdateUserState: 013255618978,1
2017-03-04 11:26:56 INFO AddIdentifyResult: 20036,013255622297,-1,
2017-03-04 11:27:08 INFO AddIdentifyResult: 20036,013255622297,-3,
2017-03-04 11:29:37 INFO AddIdentifyResult: 20036,013255622297,12,
2017-03-04 11:29:44 INFO AddIdentifyResult: 20036,013255622297,10,reg/013255622297_0304112902|reg/013255622297_0304112902|reg/013255622297_
2017-03-04 11:29:45 INFO UpdateUserState: 013255622297,1
2017-03-04 11:30:12 INFO AddIdentifyResult: 20037,013255622297,-1,
2017-03-04 11:30:20 INFO AddIdentifyResult: 20037,013255622297,-3,
2017-03-04 11:31:12 INFO AddIdentifyResult: 20037,013255622297,0,ver/03/04/113214_013255622297.wav
2017-03-04 11:49:13 INFO AddIdentifyResult: 20038,013255467267,-1,
2017-03-04 11:49:29 INFO AddIdentifyResult: 20038,013255467267,-3,
2017-03-04 11:51:54 INFO AddIdentifyResult: 20038,013255467267,12,
2017-03-04 11:52:02 INFO AddIdentifyResult: 20038,013255467267,10,reg/013255467267_0304115122|reg/013255467267_0304115122|reg/013255467267_
2017-03-04 11:52:02 INFO UpdateUserState: 013255467267,1
2017-03-04 11:52:21 INFO AddIdentifyResult: 20039,013255467267,-1,
2017-03-04 11:52:33 INFO AddIdentifyResult: 20039,013255467267,-3,
2017-03-04 11:53:24 INFO AddIdentifyResult: 20039,013255467267,0,ver/03/04/115426_013255467267.wav
2017-03-04 11:53:54 INFO AddIdentifyResult: 20040,018254655327,-1,
2017-03-04 11:54:06 INFO AddIdentifyResult: 20040,018254655327,-3,
2017-03-04 11:56:05 INFO AddIdentifyResult: 20040,018254655327,12,
2017-03-04 11:56:12 INFO AddIdentifyResult: 20040,018254655327,10,reg/018254655327_0304115600|reg/018254655327_0304115600|reg/018254655327_
2017-03-04 11:56:12 INFO UpdateUserState: 018254655327,1
2017-03-04 11:56:20 INFO AddIdentifyResult: 20041,018254655327,-1,
2017-03-04 11:56:32 INFO AddIdentifyResult: 20041,018254655327,-3,
2017-03-04 11:57:23 INFO AddIdentifyResult: 20041,018254655327,0,ver/03/04/115826_018254655327.wav
2017-03-04 14:01:28 INFO AddIdentifyResult: 20042,013255633001,-1,
2017-03-04 14:02:28 INFO AddIdentifyResult: 20043,013255633001,-1,
2017-03-04 14:02:33 INFO AddIdentifyResult: 20043,013255633001,-3,
2017-03-04 14:04:14 INFO AddIdentifyResult: 20043,013255633001,12,
2017-03-04 14:04:21 INFO AddIdentifyResult: 20043,013255633001,10,reg/013255633001_0304140427|reg/013255633001_0304140427|reg/013255633001_
2017-03-04 14:04:22 INFO UpdateUserState: 013255633001,1
2017-03-04 14:16:13 INFO AddIdentifyResult: 20044,013255467395,-1,
2017-03-04 14:16:21 INFO AddIdentifyResult: 20044,013255467395,-3,
2017-03-04 14:17:59 INFO AddIdentifyResult: 20044,013255467395,12,
2017-03-04 14:18:06 INFO AddIdentifyResult: 20044,013255467395,10,reg/013255467395_0304141923|reg/013255467395_0304141923|reg/013255467395_0304141815
2017-03-04 14:18:06 INFO UpdateUserState: 013255467395,1
2017-03-04 14:19:36 INFO AddIdentifyResult: 20045,013678614153,-1,
2017-03-04 14:19:47 INFO AddIdentifyResult: 20045,013678614153,-3,
2017-03-04 14:21:41 INFO AddIdentifyResult: 20045,013678614153,12,
2017-03-04 14:21:47 INFO AddIdentifyResult: 20046,013255461050,-1,
2017-03-04 14:21:49 INFO AddIdentifyResult: 20045,013678614153,10,reg/013678614153_0304142141|reg/013678614153_0304142141|reg/013678614153_
2017-03-04 14:21:49 INFO UpdateUserState: 013678614153,1
2017-03-04 14:21:54 INFO AddIdentifyResult: 20046,013255461050,-3,
2017-03-04 14:23:45 INFO AddIdentifyResult: 20046,013255461050,12,
2017-03-04 14:23:53 INFO AddIdentifyResult: 20046,013255461050,10,reg/013255461050_0304142348|reg/013255461050_0304142348|reg/013255461050_
2017-03-04 14:23:53 INFO UpdateUserState: 013255461050,1
2017-03-04 14:29:17 INFO AddIdentifyResult: 20047,013275461518,-1,
2017-03-04 14:29:22 INFO AddIdentifyResult: 20047,013275461518,-3,
2017-03-04 14:31:09 INFO AddIdentifyResult: 20047,013275461518,12,
2017-03-04 14:31:17 INFO AddIdentifyResult: 20047,013275461518,10,reg/013275461518_0304143203|reg/013275461518_0304143203|reg/013275461518_0304143116
2017-03-04 14:31:17 INFO UpdateUserState: 013275461518,1
2017-03-04 14:36:18 INFO AddIdentifyResult: 20048,013255463516,-1,
2017-03-04 14:36:33 INFO AddIdentifyResult: 20048,013255463516,-3,
2017-03-04 14:38:43 INFO AddIdentifyResult: 20048,013255463516,12,
2017-03-04 14:38:53 INFO AddIdentifyResult: 20048,013255463516,10,reg/013255463516_0304143827|reg/013255463516_0304143827|reg/013255463516_
2017-03-04 14:38:53 INFO UpdateUserState: 013255463516,1
2017-03-04 14:42:37 INFO AddIdentifyResult: 20049,013280321332,-1,
2017-03-04 14:42:41 INFO AddIdentifyResult: 20049,013280321332,-3,
2017-03-04 14:44:33 INFO AddIdentifyResult: 20049,013280321332,12,
2017-03-04 14:44:40 INFO AddIdentifyResult: 20049,013280321332,10,reg/013280321332_0304144435|reg/013280321332_0304144435|reg/013280321332_
2017-03-04 14:44:40 INFO UpdateUserState: 013280321332,1
2017-03-04 14:51:03 INFO AddIdentifyResult: 20050,013255633528,-1,
2017-03-04 14:51:08 INFO AddIdentifyResult: 20050,013255633528,-3,
2017-03-04 14:53:00 INFO AddIdentifyResult: 20050,013255633528,12,
2017-03-04 14:53:07 INFO AddIdentifyResult: 20050,013255633528,10,reg/013255633528_0304145302|reg/013255633528_0304145302|reg/013255633528_
2017-03-04 14:53:07 INFO UpdateUserState: 013255633528,1
2017-03-04 14:53:08 INFO AddIdentifyResult: 20051,015166240922,-1,
2017-03-04 14:53:15 INFO AddIdentifyResult: 20051,015166240922,-3,
2017-03-04 14:54:58 INFO AddIdentifyResult: 20051,015166240922,12,
2017-03-04 14:55:05 INFO AddIdentifyResult: 20051,015166240922,10,reg/015166240922_0304145509|reg/015166240922_0304145509|reg/015166240922_
2017-03-04 14:55:06 INFO UpdateUserState: 015166240922,1
2017-03-04 15:00:41 INFO AddIdentifyResult: 20052,013255465380,-1,
2017-03-04 15:00:46 INFO AddIdentifyResult: 20052,013255465380,-3,
2017-03-04 15:02:36 INFO AddIdentifyResult: 20052,013255465380,12,
2017-03-04 15:02:42 INFO AddIdentifyResult: 20052,013255465380,10,reg/013255465380_0304150357|reg/013255465380_0304150357|reg/013255465380_0304150240
2017-03-04 15:02:42 INFO UpdateUserState: 013255465380,1
2017-03-04 15:02:57 INFO AddIdentifyResult: 20053,018254655338,-1,
2017-03-04 15:03:04 INFO AddIdentifyResult: 20053,018254655338,-3,
2017-03-04 15:03:25 INFO AddIdentifyResult: 20053,018254655338,11,reg/018254655338_|reg/018254655338_|reg/018254655338_
2017-03-04 15:03:33 INFO AddIdentifyResult: 20054,018254655338,-1,
2017-03-04 15:03:39 INFO AddIdentifyResult: 20054,018254655338,-3,
2017-03-04 15:05:25 INFO AddIdentifyResult: 20054,018254655338,12,
2017-03-04 15:05:32 INFO AddIdentifyResult: 20054,018254655338,10,reg/018254655338_0304150533|reg/018254655338_0304150533|reg/018254655338_
2017-03-04 15:05:32 INFO UpdateUserState: 018254655338,1
2017-03-04 15:08:37 INFO AddIdentifyResult: 20055,013563353987,-1,
2017-03-04 15:08:44 INFO AddIdentifyResult: 20055,013563353987,-3,
2017-03-04 15:10:30 INFO AddIdentifyResult: 20055,013563353987,12,
2017-03-04 15:10:38 INFO AddIdentifyResult: 20055,013563353987,10,reg/013563353987_0304151038|reg/013563353987_0304151038|reg/013563353987_
2017-03-04 15:10:38 INFO UpdateUserState: 013563353987,1
2017-03-04 15:10:40 INFO AddIdentifyResult: 20056,013256476038,-1,
2017-03-04 15:10:45 INFO AddIdentifyResult: 20056,013256476038,-3,
2017-03-04 15:11:51 INFO AddIdentifyResult: 20057,013255625096,-1,
2017-03-04 15:11:57 INFO AddIdentifyResult: 20057,013255625096,-3,
2017-03-04 15:12:18 INFO AddIdentifyResult: 20056,013256476038,12,
2017-03-04 15:12:25 INFO AddIdentifyResult: 20056,013256476038,10,reg/013256476038_0304151239|reg/013256476038_0304151239|reg/013256476038_
2017-03-04 15:12:25 INFO UpdateUserState: 013256476038,1
2017-03-04 15:13:55 INFO AddIdentifyResult: 20057,013255625096,12,
2017-03-04 15:14:03 INFO AddIdentifyResult: 20057,013255625096,10,reg/013255625096_0304151504|reg/013255625096_0304151504|reg/013255625096_0304151351
2017-03-04 15:14:04 INFO UpdateUserState: 013255625096,1
2017-03-04 15:15:47 INFO AddIdentifyResult: 20058,015954656431,-1,
2017-03-04 15:15:52 INFO AddIdentifyResult: 20058,015954656431,-3,
2017-03-04 15:16:13 INFO AddIdentifyResult: 20058,015954656431,11,reg/015954656431_|reg/015954656431_|reg/015954656431_
2017-03-04 15:16:35 INFO AddIdentifyResult: 20059,013255632356,-1,
2017-03-04 15:16:42 INFO AddIdentifyResult: 20059,013255632356,-3,
2017-03-04 15:17:10 INFO AddIdentifyResult: 20060,015954656431,-1,
2017-03-04 15:17:15 INFO AddIdentifyResult: 20060,015954656431,-3,
2017-03-04 15:18:12 INFO AddIdentifyResult: 20060,015954656431,11,reg/015954656431_|reg/015954656431_|reg/015954656431_
2017-03-04 15:18:20 INFO AddIdentifyResult: 20059,013255632356,12,
2017-03-04 15:18:20 INFO AddIdentifyResult: 20061,015954656431,-1,
2017-03-04 15:18:26 INFO AddIdentifyResult: 20059,013255632356,10,reg/013255632356_0304151837|reg/013255632356_0304151837|reg/013255632356_
2017-03-04 15:18:26 INFO UpdateUserState: 013255632356,1
2017-03-04 15:18:28 INFO AddIdentifyResult: 20061,015954656431,-3,
2017-03-04 15:18:40 INFO AddIdentifyResult: 20062,015275467261,-1,
2017-03-04 15:18:47 INFO AddIdentifyResult: 20062,015275467261,-3,
2017-03-04 15:20:13 INFO AddIdentifyResult: 20061,015954656431,12,
2017-03-04 15:20:20 INFO AddIdentifyResult: 20061,015954656431,10,reg/015954656431_0304152142|reg/015954656431_0304152142|reg/015954656431_0304152022
2017-03-04 15:20:20 INFO UpdateUserState: 015954656431,1
2017-03-04 15:20:22 INFO AddIdentifyResult: 20062,015275467261,12,
2017-03-04 15:20:28 INFO AddIdentifyResult: 20062,015275467261,10,reg/015275467261_0304152042|reg/015275467261_0304152042|reg/015275467261_
2017-03-04 15:20:29 INFO UpdateUserState: 015275467261,1
2017-03-04 15:21:16 INFO AddIdentifyResult: 20063,015954656431,-1,
2017-03-04 15:21:22 INFO AddIdentifyResult: 20063,015954656431,-3,
2017-03-04 15:22:14 INFO AddIdentifyResult: 20063,015954656431,0,ver/03/04/152316_015954656431.wav
2017-03-04 15:23:11 INFO AddIdentifyResult: 20064,013255620298,-1,
2017-03-04 15:23:16 INFO AddIdentifyResult: 20064,013255620298,-3,
2017-03-04 15:24:46 INFO AddIdentifyResult: 20064,013255620298,12,
2017-03-04 15:24:53 INFO AddIdentifyResult: 20064,013255620298,10,reg/013255620298_0304152510|reg/013255620298_0304152510|reg/013255620298_
2017-03-04 15:24:53 INFO UpdateUserState: 013255620298,1
2017-03-04 15:27:26 INFO AddIdentifyResult: 20065,013255467235,-1,
2017-03-04 15:27:31 INFO AddIdentifyResult: 20065,013255467235,-3,
2017-03-04 15:29:25 INFO AddIdentifyResult: 20065,013255467235,12,
2017-03-04 15:29:32 INFO AddIdentifyResult: 20065,013255467235,10,reg/013255467235_0304153050|reg/013255467235_0304153050|reg/013255467235_0304152926
2017-03-04 15:29:32 INFO UpdateUserState: 013255467235,1
2017-03-04 15:30:08 INFO AddIdentifyResult: 20066,013255618358,-1,
2017-03-04 15:30:16 INFO AddIdentifyResult: 20066,013255618358,-3,
2017-03-04 15:30:51 INFO AddIdentifyResult: 20067,018764591071,-1,
2017-03-04 15:30:57 INFO AddIdentifyResult: 20067,018764591071,-3,
2017-03-04 15:32:29 INFO AddIdentifyResult: 20066,013255618358,12,
2017-03-04 15:32:36 INFO AddIdentifyResult: 20066,013255618358,10,reg/013255618358_0304153343|reg/013255618358_0304153343|reg/013255618358_0304153210
2017-03-04 15:32:36 INFO UpdateUserState: 013255618358,1
2017-03-04 15:32:44 INFO AddIdentifyResult: 20068,018266630373,-1,
2017-03-04 15:32:51 INFO AddIdentifyResult: 20068,018266630373,-3,
2017-03-04 15:32:55 INFO AddIdentifyResult: 20067,018764591071,12,
2017-03-04 15:33:03 INFO AddIdentifyResult: 20067,018764591071,10,reg/018764591071_0304153251|reg/018764591071_0304153251|reg/018764591071_
2017-03-04 15:33:03 INFO UpdateUserState: 018764591071,1
2017-03-04 15:34:26 INFO AddIdentifyResult: 20068,018266630373,12,
2017-03-04 15:34:34 INFO AddIdentifyResult: 20068,018266630373,10,reg/018266630373_0304153445|reg/018266630373_0304153445|reg/018266630373_
2017-03-04 15:34:34 INFO UpdateUserState: 018266630373,1
2017-03-04 15:37:48 INFO AddIdentifyResult: 20069,013256473780,-1,
2017-03-04 15:37:53 INFO AddIdentifyResult: 20069,013256473780,-3,
2017-03-04 15:39:35 INFO AddIdentifyResult: 20069,013256473780,12,
2017-03-04 15:39:41 INFO AddIdentifyResult: 20069,013256473780,10,reg/013256473780_0304153947|reg/013256473780_0304153947|reg/013256473780_
2017-03-04 15:39:42 INFO UpdateUserState: 013256473780,1
2017-03-04 15:59:39 INFO AddIdentifyResult: 20070,013255620170,-1,
2017-03-04 15:59:43 INFO AddIdentifyResult: 20070,013255620170,-3,
2017-03-04 16:00:58 INFO AddIdentifyResult: 20070,013255620170,12,
2017-03-04 16:01:05 INFO AddIdentifyResult: 20070,013255620170,10,reg/013255620170_0304160138|reg/013255620170_0304160138|reg/013255620170_
2017-03-04 16:01:05 INFO UpdateUserState: 013255620170,1
2017-03-04 16:01:30 INFO AddIdentifyResult: 20071,013468270133,-1,
2017-03-04 16:01:38 INFO AddIdentifyResult: 20071,013468270133,-3,
2017-03-04 16:03:31 INFO AddIdentifyResult: 20071,013468270133,12,
2017-03-04 16:03:38 INFO AddIdentifyResult: 20071,013468270133,10,reg/013468270133_0304160333|reg/013468270133_0304160333|reg/013468270133_
2017-03-04 16:03:38 INFO UpdateUserState: 013468270133,1
2017-03-04 16:10:10 INFO AddIdentifyResult: 20072,015254658639,-1,
2017-03-04 16:10:18 INFO AddIdentifyResult: 20072,015254658639,-3,
2017-03-04 16:11:45 INFO AddIdentifyResult: 20072,015254658639,12,
2017-03-04 16:11:51 INFO AddIdentifyResult: 20072,015254658639,10,reg/015254658639_0304161212|reg/015254658639_0304161212|reg/015254658639_
2017-03-04 16:11:51 INFO UpdateUserState: 015254658639,1
2017-03-04 16:11:54 INFO AddIdentifyResult: 20073,013256477768,-1,
2017-03-04 16:12:02 INFO AddIdentifyResult: 20073,013256477768,-3,
2017-03-04 16:14:03 INFO AddIdentifyResult: 20073,013256477768,12,
2017-03-04 16:14:11 INFO AddIdentifyResult: 20073,013256477768,10,reg/013256477768_0304161519|reg/013256477768_0304161519|reg/013256477768_0304161356
2017-03-04 16:14:11 INFO UpdateUserState: 013256477768,1
2017-03-04 16:37:32 INFO AddIdentifyResult: 20074,013255601771,-1,
2017-03-04 16:37:37 INFO AddIdentifyResult: 20074,013255601771,-3,
2017-03-04 16:39:23 INFO AddIdentifyResult: 20074,013255601771,12,
2017-03-04 16:39:30 INFO AddIdentifyResult: 20074,013255601771,10,reg/013255601771_0304164056|reg/013255601771_0304164056|reg/013255601771_0304163931
2017-03-04 16:39:31 INFO UpdateUserState: 013255601771,1
2017-03-04 16:46:38 INFO AddIdentifyResult: 20075,015006875525,-1,
2017-03-04 16:46:49 INFO AddIdentifyResult: 20075,015006875525,-3,
2017-03-04 16:48:33 INFO AddIdentifyResult: 20075,015006875525,12,
2017-03-04 16:48:41 INFO AddIdentifyResult: 20075,015006875525,10,reg/015006875525_0304164955|reg/015006875525_0304164955|reg/015006875525_0304164843
2017-03-04 16:48:41 INFO UpdateUserState: 015006875525,1
2017-03-04 16:52:41 INFO AddIdentifyResult: 20076,013255467572,-1,
2017-03-04 16:52:46 INFO AddIdentifyResult: 20076,013255467572,-3,
2017-03-04 16:54:17 INFO AddIdentifyResult: 20076,013255467572,12,
2017-03-04 16:54:24 INFO AddIdentifyResult: 20076,013255467572,10,reg/013255467572_0304165441|reg/013255467572_0304165441|reg/013255467572_
2017-03-04 16:54:25 INFO UpdateUserState: 013255467572,1
2017-03-04 16:56:51 INFO AddIdentifyResult: 20077,013255602068,-1,
2017-03-04 16:56:57 INFO AddIdentifyResult: 20077,013255602068,-3,
2017-03-04 16:59:00 INFO AddIdentifyResult: 20077,013255602068,12,
2017-03-04 16:59:07 INFO AddIdentifyResult: 20077,013255602068,10,reg/013255602068_0304170029|reg/013255602068_0304170029|reg/013255602068_0304165852
2017-03-04 16:59:07 INFO UpdateUserState: 013255602068,1
2017-03-04 17:15:59 INFO AddIdentifyResult: 20078,013256478556,-1,
2017-03-04 17:17:18 INFO AddIdentifyResult: 20079,013256478556,-1,
2017-03-04 17:18:16 INFO AddIdentifyResult: 20080,013256478556,-1,
2017-03-04 17:19:18 INFO AddIdentifyResult: 20081,013256478556,-1,
2017-03-04 17:21:30 INFO AddIdentifyResult: 20082,013256478556,-1,
2017-03-04 17:22:49 INFO AddIdentifyResult: 20083,013256478556,-1,
2017-03-04 17:23:59 INFO AddIdentifyResult: 20084,013256478556,-1,
2017-03-04 17:25:05 INFO AddIdentifyResult: 20085,013256478556,-1,
2017-03-04 17:30:12 INFO AddIdentifyResult: 20086,013256478556,-1,
2017-03-04 17:30:24 INFO AddIdentifyResult: 20086,013256478556,-3,
2017-03-04 17:31:58 INFO AddIdentifyResult: 20086,013256478556,12,
2017-03-04 17:32:05 INFO AddIdentifyResult: 20086,013256478556,10,reg/013256478556_0304173325|reg/013256478556_0304173325|reg/013256478556_0304173219
2017-03-04 17:32:05 INFO UpdateUserState: 013256478556,1
2017-03-04 17:32:55 INFO AddIdentifyResult: 20087,013256478612,-1,
2017-03-04 17:33:08 INFO AddIdentifyResult: 20087,013256478612,-3,
2017-03-04 17:34:47 INFO AddIdentifyResult: 20087,013256478612,12,
2017-03-04 17:34:54 INFO AddIdentifyResult: 20087,013256478612,10,reg/013256478612_0304173502|reg/013256478612_0304173502|reg/013256478612_
2017-03-04 17:34:54 INFO UpdateUserState: 013256478612,1
2017-03-04 17:35:30 INFO AddIdentifyResult: 20088,015006848720,-1,
2017-03-04 17:35:42 INFO AddIdentifyResult: 20088,015006848720,-3,
2017-03-04 17:37:11 INFO AddIdentifyResult: 20088,015006848720,12,
2017-03-04 17:37:18 INFO AddIdentifyResult: 20088,015006848720,10,reg/015006848720_0304173736|reg/015006848720_0304173736|reg/015006848720_
2017-03-04 17:37:18 INFO UpdateUserState: 015006848720,1
2017-03-04 17:41:31 INFO AddIdentifyResult: 20089,013255465720,-1,
2017-03-04 17:41:38 INFO AddIdentifyResult: 20089,013255465720,-3,
2017-03-04 17:43:48 INFO AddIdentifyResult: 20089,013255465720,12,
2017-03-04 17:43:55 INFO AddIdentifyResult: 20089,013255465720,10,reg/013255465720_0304174332|reg/013255465720_0304174332|reg/013255465720_
2017-03-04 17:43:55 INFO UpdateUserState: 013255465720,1
2017-03-04 18:03:02 INFO AddIdentifyResult: 20090,013255626217,-1,
2017-03-04 18:03:16 INFO AddIdentifyResult: 20090,013255626217,-3,
2017-03-04 18:05:34 INFO AddIdentifyResult: 20090,013255626217,12,
2017-03-04 18:05:41 INFO AddIdentifyResult: 20090,013255626217,10,reg/013255626217_0304180659|reg/013255626217_0304180659|reg/013255626217_0304180511
2017-03-04 18:05:41 INFO UpdateUserState: 013255626217,1
2017-03-04 18:19:41 INFO AddIdentifyResult: 20091,013255623860,-1,
2017-03-04 18:19:47 INFO AddIdentifyResult: 20091,013255623860,-3,
2017-03-04 18:21:06 INFO AddIdentifyResult: 20091,013255623860,12,
2017-03-04 18:21:12 INFO AddIdentifyResult: 20091,013255623860,10,reg/013255623860_0304182142|reg/013255623860_0304182142|reg/013255623860_
2017-03-04 18:21:12 INFO UpdateUserState: 013255623860,1
