2017-03-31 07:37:02 INFO AddIdentifyResult: 0,013522638618,1,ver/03/31/073802_013522638618.wav
2017-03-31 07:37:57 INFO AddIdentifyResult: 0,013522638618,2,ver/03/31/073855_013522638618.wav
2017-03-31 07:39:21 INFO AddIdentifyResult: 0,013522638618,1,ver/03/31/074021_013522638618.wav
2017-03-31 07:40:20 INFO AddIdentifyResult: 0,013522638618,2,ver/03/31/074118_013522638618.wav
2017-03-31 07:51:21 INFO AddIdentifyResult: 0,015931227038,1,
2017-03-31 07:51:21 INFO AddIdentifyResult: 0,013522638618,1,ver/03/31/075221_013522638618.wav
2017-03-31 07:56:06 INFO AddIdentifyResult: 0,017801195545,0,ver/03/31/075705_017801195545.wav
2017-03-31 07:57:18 INFO AddIdentifyResult: 0,017801195545,0,ver/03/31/075818_017801195545.wav
2017-03-31 08:57:11 INFO AddIdentifyResult: 29153,013180213670,-1,
2017-03-31 08:57:36 INFO AddIdentifyResult: 29153,013180213670,-3,
2017-03-31 08:59:24 INFO AddIdentifyResult: 29153,013180213670,12,
2017-03-31 08:59:31 INFO AddIdentifyResult: 29153,013180213670,10,reg/013180213670_0331090034|reg/013180213670_0331090034|reg/013180213670_0331085927
2017-03-31 08:59:31 INFO UpdateUserState: 013180213670,1
2017-03-31 09:12:07 INFO AddIdentifyResult: 29154,013180213670,-1,
2017-03-31 09:12:18 INFO AddIdentifyResult: 29154,013180213670,-3,
2017-03-31 09:13:11 INFO AddIdentifyResult: 29154,013180213670,0,ver/03/31/091410_013180213670.wav
2017-03-31 09:21:49 INFO AddIdentifyResult: 29155,013171906172,-1,
2017-03-31 09:24:43 INFO AddIdentifyResult: 29156,013285465911,-1,
2017-03-31 09:24:52 INFO AddIdentifyResult: 29156,013285465911,-3,
2017-03-31 09:25:22 INFO AddIdentifyResult: 29157,013171906172,-1,
2017-03-31 09:26:58 INFO AddIdentifyResult: 29156,013285465911,12,
2017-03-31 09:27:07 INFO AddIdentifyResult: 29156,013285465911,10,reg/013285465911_0331092643|reg/013285465911_0331092643|reg/013285465911_
2017-03-31 09:27:07 INFO UpdateUserState: 013285465911,1
2017-03-31 09:27:44 INFO AddIdentifyResult: 29158,013285465911,-1,
2017-03-31 09:27:57 INFO AddIdentifyResult: 29158,013285465911,-3,
2017-03-31 09:28:49 INFO AddIdentifyResult: 29158,013285465911,0,ver/03/31/092948_013285465911.wav
2017-03-31 09:35:11 INFO AddIdentifyResult: 29159,013287307931,-1,
2017-03-31 09:35:20 INFO AddIdentifyResult: 29159,013287307931,-3,
2017-03-31 09:36:53 INFO AddIdentifyResult: 29159,013287307931,12,
2017-03-31 09:36:56 INFO AddIdentifyResult: 29160,013032023692,-1,
2017-03-31 09:37:00 INFO AddIdentifyResult: 29159,013287307931,10,reg/013287307931_0331093711|reg/013287307931_0331093711|reg/013287307931_
2017-03-31 09:37:01 INFO UpdateUserState: 013287307931,1
2017-03-31 09:37:11 INFO AddIdentifyResult: 29160,013032023692,-3,
2017-03-31 09:37:18 INFO AddIdentifyResult: 29161,013287307931,-1,
2017-03-31 09:37:31 INFO AddIdentifyResult: 29161,013287307931,-3,
2017-03-31 09:38:24 INFO AddIdentifyResult: 29161,013287307931,0,ver/03/31/093923_013287307931.wav
2017-03-31 09:39:42 INFO AddIdentifyResult: 29160,013032023692,12,
2017-03-31 09:39:50 INFO AddIdentifyResult: 29160,013032023692,10,reg/013032023692_0331093902|reg/013032023692_0331093902|reg/013032023692_
2017-03-31 09:39:50 INFO UpdateUserState: 013032023692,1
2017-03-31 09:40:20 INFO AddIdentifyResult: 29162,013032023692,-1,
2017-03-31 09:40:33 INFO AddIdentifyResult: 29162,013032023692,-3,
2017-03-31 09:41:25 INFO AddIdentifyResult: 29162,013032023692,0,ver/03/31/094225_013032023692.wav
2017-03-31 09:46:07 INFO AddIdentifyResult: 29163,013171906172,-1,
2017-03-31 09:46:28 INFO AddIdentifyResult: 29164,13012917082,-1,
2017-03-31 09:46:57 INFO AddIdentifyResult: 29165,013012917082,-1,
2017-03-31 09:47:03 INFO AddIdentifyResult: 29165,013012917082,-3,
2017-03-31 09:50:03 INFO AddIdentifyResult: 29166,015612250732,-1,
2017-03-31 09:50:51 INFO AddIdentifyResult: 29165,013012917082,12,
2017-03-31 09:51:01 INFO AddIdentifyResult: 29165,013012917082,10,reg/013012917082_0331095118|reg/013012917082_0331095118|reg/013012917082_0331094854
2017-03-31 09:51:02 INFO UpdateUserState: 013012917082,1
2017-03-31 09:53:04 INFO AddIdentifyResult: 29167,013012917082,-1,
2017-03-31 09:53:12 INFO AddIdentifyResult: 29167,013012917082,-3,
2017-03-31 09:54:03 INFO AddIdentifyResult: 29167,013012917082,0,ver/03/31/095503_013012917082.wav
2017-03-31 09:54:54 INFO AddIdentifyResult: 29168,013257637930,-1,
2017-03-31 09:57:04 INFO AddIdentifyResult: 29169,013257637930,-1,
2017-03-31 09:57:12 INFO AddIdentifyResult: 29169,013257637930,-3,
2017-03-31 09:58:44 INFO AddIdentifyResult: 29169,013257637930,12,
2017-03-31 09:58:51 INFO AddIdentifyResult: 29169,013257637930,10,reg/013257637930_0331095903|reg/013257637930_0331095903|reg/013257637930_
2017-03-31 09:58:52 INFO UpdateUserState: 013257637930,1
2017-03-31 09:58:56 INFO AddIdentifyResult: 29170,013780790813,-1,
2017-03-31 09:59:02 INFO AddIdentifyResult: 29171,013257637930,-1,
2017-03-31 09:59:06 INFO AddIdentifyResult: 29170,013780790813,-3,
2017-03-31 09:59:12 INFO AddIdentifyResult: 29171,013257637930,-3,
2017-03-31 10:00:28 INFO AddIdentifyResult: 29171,013257637930,0,ver/03/31/100143_013257637930.wav
2017-03-31 10:01:55 INFO AddIdentifyResult: 29170,013780790813,12,
2017-03-31 10:02:02 INFO AddIdentifyResult: 29170,013780790813,10,reg/013780790813_0331100229|reg/013780790813_0331100229|reg/013780790813_0331100057
2017-03-31 10:02:02 INFO UpdateUserState: 013780790813,1
2017-03-31 10:02:29 INFO AddIdentifyResult: 29172,013780790813,-1,
2017-03-31 10:02:37 INFO AddIdentifyResult: 29172,013780790813,-3,
2017-03-31 10:02:38 INFO AddIdentifyResult: 29173,015612206837,-1,
2017-03-31 10:02:45 INFO AddIdentifyResult: 29173,015612206837,-3,
2017-03-31 10:03:28 INFO AddIdentifyResult: 29172,013780790813,0,ver/03/31/100428_013780790813.wav
2017-03-31 10:04:41 INFO AddIdentifyResult: 29173,015612206837,12,
2017-03-31 10:04:49 INFO AddIdentifyResult: 29173,015612206837,10,reg/015612206837_0331100436|reg/015612206837_0331100436|reg/015612206837_
2017-03-31 10:04:49 INFO UpdateUserState: 015612206837,1
2017-03-31 10:05:08 INFO AddIdentifyResult: 29174,015612206837,-1,
2017-03-31 10:05:50 INFO AddIdentifyResult: 29175,015612206837,-1,
2017-03-31 10:07:03 INFO AddIdentifyResult: 29176,015612206837,-1,
2017-03-31 10:07:07 INFO AddIdentifyResult: 29176,015612206837,-3,
2017-03-31 10:07:58 INFO AddIdentifyResult: 29176,015612206837,1,ver/03/31/100859_015612206837.wav
2017-03-31 10:08:46 INFO AddIdentifyResult: 29177,013171906172,-1,
2017-03-31 10:10:28 INFO AddIdentifyResult: 29178,013287309001,-1,
2017-03-31 10:10:32 INFO AddIdentifyResult: 29178,013287309001,-3,
2017-03-31 10:11:05 INFO AddIdentifyResult: 29179,013589455392,-1,
2017-03-31 10:11:13 INFO AddIdentifyResult: 29179,013589455392,-3,
2017-03-31 10:13:01 INFO AddIdentifyResult: 29179,013589455392,12,
2017-03-31 10:13:03 INFO AddIdentifyResult: 29178,013287309001,12,
2017-03-31 10:13:08 INFO AddIdentifyResult: 29179,013589455392,10,reg/013589455392_0331101304|reg/013589455392_0331101304|reg/013589455392_
2017-03-31 10:13:08 INFO UpdateUserState: 013589455392,1
2017-03-31 10:13:15 INFO AddIdentifyResult: 29178,013287309001,10,reg/013287309001_0331101223|reg/013287309001_0331101223|reg/013287309001_
2017-03-31 10:13:15 INFO UpdateUserState: 013287309001,1
2017-03-31 10:13:25 INFO AddIdentifyResult: 29180,013171906172,-1,
2017-03-31 10:13:30 INFO AddIdentifyResult: 29181,013287309001,-1,
2017-03-31 10:13:36 INFO AddIdentifyResult: 29181,013287309001,-3,
2017-03-31 10:13:54 INFO AddIdentifyResult: 29182,013171906172,-1,
2017-03-31 10:14:28 INFO AddIdentifyResult: 29181,013287309001,1,ver/03/31/101528_013287309001.wav
2017-03-31 10:14:50 INFO AddIdentifyResult: 29183,013171906172,-1,
2017-03-31 10:15:11 INFO AddIdentifyResult: 29184,013287309001,-1,
2017-03-31 10:15:18 INFO AddIdentifyResult: 29184,013287309001,-3,
2017-03-31 10:16:10 INFO AddIdentifyResult: 29184,013287309001,1,ver/03/31/101710_013287309001.wav
2017-03-31 10:16:26 INFO AddIdentifyResult: 29185,013171906172,-1,
2017-03-31 10:17:06 INFO AddIdentifyResult: 29184,013287309001,2,ver/03/31/101804_013287309001.wav
2017-03-31 10:17:33 INFO AddIdentifyResult: 29186,013171906172,-1,
2017-03-31 10:18:04 INFO AddIdentifyResult: 29184,013287309001,3,ver/03/31/101901_013287309001.wav
2017-03-31 10:18:43 INFO AddIdentifyResult: 29187,013287309001,-1,
2017-03-31 10:18:54 INFO AddIdentifyResult: 29187,013287309001,-3,
2017-03-31 10:21:01 INFO AddIdentifyResult: 29187,013287309001,12,
2017-03-31 10:21:08 INFO AddIdentifyResult: 29187,013287309001,10,reg/013287309001_0331102045|reg/013287309001_0331102045|reg/013287309001_
2017-03-31 10:21:08 INFO UpdateUserState: 013287309001,1
2017-03-31 10:21:17 INFO AddIdentifyResult: 29188,015633200272,-1,
2017-03-31 10:21:19 INFO AddIdentifyResult: 29189,013287309001,-1,
2017-03-31 10:21:25 INFO AddIdentifyResult: 29189,013287309001,-3,
2017-03-31 10:21:32 INFO AddIdentifyResult: 29188,015633200272,-3,
2017-03-31 10:22:16 INFO AddIdentifyResult: 29189,013287309001,0,ver/03/31/102316_013287309001.wav
2017-03-31 10:23:19 INFO AddIdentifyResult: 29188,015633200272,12,
2017-03-31 10:23:27 INFO AddIdentifyResult: 29188,015633200272,10,reg/015633200272_0331102323|reg/015633200272_0331102323|reg/015633200272_
2017-03-31 10:23:28 INFO UpdateUserState: 015633200272,1
2017-03-31 10:23:39 INFO AddIdentifyResult: 29190,015633200272,-1,
2017-03-31 10:23:46 INFO AddIdentifyResult: 29190,015633200272,-3,
2017-03-31 10:24:38 INFO AddIdentifyResult: 29190,015633200272,0,ver/03/31/102537_015633200272.wav
2017-03-31 10:26:05 INFO AddIdentifyResult: 29191,013171906172,-1,
2017-03-31 10:27:07 INFO AddIdentifyResult: 29192,013171906172,-1,
2017-03-31 10:27:13 INFO AddIdentifyResult: 29193,013285465860,-1,
2017-03-31 10:27:21 INFO AddIdentifyResult: 29193,013285465860,-3,
2017-03-31 10:27:44 INFO AddIdentifyResult: 29193,013285465860,11,reg/013285465860_|reg/013285465860_|reg/013285465860_
2017-03-31 10:28:14 INFO AddIdentifyResult: 29194,013171906172,-1,
2017-03-31 10:28:15 INFO AddIdentifyResult: 29195,013285465860,-1,
2017-03-31 10:28:35 INFO AddIdentifyResult: 29195,013285465860,-3,
2017-03-31 10:30:26 INFO AddIdentifyResult: 29196,013287307031,-1,
2017-03-31 10:30:36 INFO AddIdentifyResult: 29196,013287307031,-3,
2017-03-31 10:30:45 INFO AddIdentifyResult: 29195,013285465860,12,
2017-03-31 10:30:53 INFO AddIdentifyResult: 29195,013285465860,10,reg/013285465860_0331103026|reg/013285465860_0331103026|reg/013285465860_
2017-03-31 10:30:53 INFO UpdateUserState: 013285465860,1
2017-03-31 10:32:36 INFO AddIdentifyResult: 29197,013165573760,-1,
2017-03-31 10:32:47 INFO AddIdentifyResult: 29197,013165573760,-3,
2017-03-31 10:33:24 INFO AddIdentifyResult: 29196,013287307031,12,
2017-03-31 10:33:31 INFO AddIdentifyResult: 29196,013287307031,10,reg/013287307031_0331103227|reg/013287307031_0331103227|reg/013287307031_
2017-03-31 10:33:31 INFO UpdateUserState: 013287307031,1
2017-03-31 10:35:12 INFO AddIdentifyResult: 29197,013165573760,12,
2017-03-31 10:35:22 INFO AddIdentifyResult: 29197,013165573760,10,reg/013165573760_0331103438|reg/013165573760_0331103438|reg/013165573760_
2017-03-31 10:35:22 INFO UpdateUserState: 013165573760,1
2017-03-31 10:35:31 INFO AddIdentifyResult: 29198,013165573760,-1,
2017-03-31 10:35:43 INFO AddIdentifyResult: 29198,013165573760,-3,
2017-03-31 10:35:55 INFO AddIdentifyResult: 29199,013287370632,-1,
2017-03-31 10:36:01 INFO AddIdentifyResult: 29199,013287370632,-3,
2017-03-31 10:36:36 INFO AddIdentifyResult: 29198,013165573760,0,ver/03/31/103735_013165573760.wav
2017-03-31 10:36:37 INFO AddIdentifyResult: 29200,013287307211,-1,
2017-03-31 10:36:44 INFO AddIdentifyResult: 29200,013287307211,-3,
2017-03-31 10:37:17 INFO AddIdentifyResult: 29200,013287307211,11,reg/013287307211_|reg/013287307211_|reg/013287307211_
2017-03-31 10:37:24 INFO AddIdentifyResult: 29201,013287307211,-1,
2017-03-31 10:37:36 INFO AddIdentifyResult: 29201,013287307211,-3,
2017-03-31 10:37:47 INFO AddIdentifyResult: 29199,013287370632,12,
2017-03-31 10:37:53 INFO AddIdentifyResult: 29199,013287370632,10,reg/013287370632_0331103752|reg/013287370632_0331103752|reg/013287370632_
2017-03-31 10:37:53 INFO UpdateUserState: 013287370632,1
2017-03-31 10:39:24 INFO AddIdentifyResult: 29202,013035363255,-1,
2017-03-31 10:39:26 INFO AddIdentifyResult: 29201,013287307211,12,
2017-03-31 10:39:32 INFO AddIdentifyResult: 29201,013287307211,10,reg/013287307211_0331103927|reg/013287307211_0331103927|reg/013287307211_
2017-03-31 10:39:32 INFO UpdateUserState: 013287307211,1
2017-03-31 10:39:41 INFO AddIdentifyResult: 29202,013035363255,-3,
2017-03-31 10:39:49 INFO AddIdentifyResult: 29203,015632236380,-1,
2017-03-31 10:39:53 INFO AddIdentifyResult: 29204,013287307211,-1,
2017-03-31 10:39:59 INFO AddIdentifyResult: 29204,013287307211,-3,
2017-03-31 10:40:02 INFO AddIdentifyResult: 29203,015632236380,-3,
2017-03-31 10:40:51 INFO AddIdentifyResult: 29204,013287307211,0,ver/03/31/104151_013287307211.wav
2017-03-31 10:41:23 INFO AddIdentifyResult: 29202,013035363255,12,
2017-03-31 10:41:29 INFO AddIdentifyResult: 29202,013035363255,10,reg/013035363255_0331104132|reg/013035363255_0331104132|reg/013035363255_
2017-03-31 10:41:29 INFO UpdateUserState: 013035363255,1
2017-03-31 10:41:38 INFO AddIdentifyResult: 29203,015632236380,12,
2017-03-31 10:41:45 INFO AddIdentifyResult: 29203,015632236380,10,reg/015632236380_0331104153|reg/015632236380_0331104153|reg/015632236380_
2017-03-31 10:41:45 INFO UpdateUserState: 015632236380,1
2017-03-31 10:41:54 INFO AddIdentifyResult: 29205,015632236380,-1,
2017-03-31 10:42:24 INFO AddIdentifyResult: 29206,015632236380,-1,
2017-03-31 10:42:30 INFO AddIdentifyResult: 29206,015632236380,-3,
2017-03-31 10:43:22 INFO AddIdentifyResult: 29206,015632236380,0,ver/03/31/104421_015632236380.wav
2017-03-31 10:46:23 INFO AddIdentifyResult: 29207,013285466531,-1,
2017-03-31 10:46:34 INFO AddIdentifyResult: 29207,013285466531,-3,
2017-03-31 10:48:08 INFO AddIdentifyResult: 29207,013285466531,12,
2017-03-31 10:48:14 INFO AddIdentifyResult: 29207,013285466531,10,reg/013285466531_0331104825|reg/013285466531_0331104825|reg/013285466531_
2017-03-31 10:48:14 INFO UpdateUserState: 013285466531,1
2017-03-31 10:48:42 INFO AddIdentifyResult: 29208,013285466531,-1,
2017-03-31 10:48:50 INFO AddIdentifyResult: 29208,013285466531,-3,
2017-03-31 10:49:41 INFO AddIdentifyResult: 29208,013285466531,0,ver/03/31/105041_013285466531.wav
2017-03-31 10:50:29 INFO AddIdentifyResult: 29209,013287303706,-1,
2017-03-31 10:50:36 INFO AddIdentifyResult: 29209,013287303706,-3,
2017-03-31 10:52:14 INFO AddIdentifyResult: 29209,013287303706,12,
2017-03-31 10:52:20 INFO AddIdentifyResult: 29209,013287303706,10,reg/013287303706_0331105227|reg/013287303706_0331105227|reg/013287303706_
2017-03-31 10:52:21 INFO UpdateUserState: 013287303706,1
2017-03-31 10:52:37 INFO AddIdentifyResult: 29210,013287303706,-1,
2017-03-31 10:52:41 INFO AddIdentifyResult: 29211,013011902505,-1,
2017-03-31 10:52:49 INFO AddIdentifyResult: 29210,013287303706,-3,
2017-03-31 10:53:21 INFO AddIdentifyResult: 29212,013011902505,-1,
2017-03-31 10:53:41 INFO AddIdentifyResult: 29210,013287303706,0,ver/03/31/105441_013287303706.wav
2017-03-31 10:54:24 INFO AddIdentifyResult: 29213,013011902505,-1,
2017-03-31 10:55:33 INFO AddIdentifyResult: 29214,013011902505,-1,
2017-03-31 10:56:08 INFO AddIdentifyResult: 29215,013011902505,-1,
2017-03-31 10:56:19 INFO AddIdentifyResult: 29215,013011902505,-3,
2017-03-31 10:58:12 INFO AddIdentifyResult: 29215,013011902505,12,
2017-03-31 10:58:19 INFO AddIdentifyResult: 29215,013011902505,10,reg/013011902505_0331105925|reg/013011902505_0331105925|reg/013011902505_0331105810
2017-03-31 10:58:20 INFO UpdateUserState: 013011902505,1
2017-03-31 10:58:32 INFO AddIdentifyResult: 29216,013011902505,-1,
2017-03-31 10:58:37 INFO AddIdentifyResult: 29216,013011902505,-3,
2017-03-31 10:59:29 INFO AddIdentifyResult: 29216,013011902505,0,ver/03/31/110028_013011902505.wav
2017-03-31 11:01:12 INFO AddIdentifyResult: 29217,013285468121,-1,
2017-03-31 11:01:18 INFO AddIdentifyResult: 29217,013285468121,-3,
2017-03-31 11:03:43 INFO AddIdentifyResult: 29217,013285468121,12,
2017-03-31 11:03:51 INFO AddIdentifyResult: 29217,013285468121,10,reg/013285468121_0331110432|reg/013285468121_0331110432|reg/013285468121_0331110309
2017-03-31 11:03:51 INFO UpdateUserState: 013285468121,1
2017-03-31 11:04:08 INFO AddIdentifyResult: 29218,013285468121,-1,
2017-03-31 11:04:14 INFO AddIdentifyResult: 29218,013285468121,-3,
2017-03-31 11:05:05 INFO AddIdentifyResult: 29218,013285468121,1,ver/03/31/110605_013285468121.wav
2017-03-31 11:06:01 INFO AddIdentifyResult: 29218,013285468121,2,ver/03/31/110659_013285468121.wav
2017-03-31 11:06:58 INFO AddIdentifyResult: 29218,013285468121,3,ver/03/31/110755_013285468121.wav
2017-03-31 11:07:19 INFO AddIdentifyResult: 29219,013285468121,-1,
2017-03-31 11:07:24 INFO AddIdentifyResult: 29219,013285468121,-3,
2017-03-31 11:09:17 INFO AddIdentifyResult: 29219,013285468121,12,
2017-03-31 11:09:24 INFO AddIdentifyResult: 29219,013285468121,10,reg/013285468121_0331110915|reg/013285468121_0331110915|reg/013285468121_
2017-03-31 11:09:24 INFO UpdateUserState: 013285468121,1
2017-03-31 11:09:30 INFO AddIdentifyResult: 29220,013285468121,-1,
2017-03-31 11:09:35 INFO AddIdentifyResult: 29220,013285468121,-3,
2017-03-31 11:10:26 INFO AddIdentifyResult: 29220,013285468121,0,ver/03/31/111126_013285468121.wav
2017-03-31 11:12:20 INFO AddIdentifyResult: 29221,013171906172,-1,
2017-03-31 11:13:00 INFO AddIdentifyResult: 29222,013171906172,-1,
2017-03-31 11:14:15 INFO AddIdentifyResult: 29223,013562279634,-1,
2017-03-31 11:14:50 INFO AddIdentifyResult: 29224,013562279634,-1,
2017-03-31 11:14:56 INFO AddIdentifyResult: 29224,013562279634,-3,
2017-03-31 11:17:17 INFO AddIdentifyResult: 29224,013562279634,12,
2017-03-31 11:17:25 INFO AddIdentifyResult: 29224,013562279634,10,reg/013562279634_0331111647|reg/013562279634_0331111647|reg/013562279634_
2017-03-31 11:17:25 INFO UpdateUserState: 013562279634,1
2017-03-31 11:21:53 INFO AddIdentifyResult: 29225,013287310830,-1,
2017-03-31 11:22:00 INFO AddIdentifyResult: 29225,013287310830,-3,
2017-03-31 11:23:44 INFO AddIdentifyResult: 29225,013287310830,12,
2017-03-31 11:23:51 INFO AddIdentifyResult: 29225,013287310830,10,reg/013287310830_0331112351|reg/013287310830_0331112351|reg/013287310830_
2017-03-31 11:23:51 INFO UpdateUserState: 013287310830,1
2017-03-31 11:27:39 INFO AddIdentifyResult: 29226,015006858183,-1,
2017-03-31 11:28:21 INFO AddIdentifyResult: 29227,015006858183,-1,
2017-03-31 11:28:32 INFO AddIdentifyResult: 29227,015006858183,-3,
2017-03-31 11:28:56 INFO AddIdentifyResult: 29227,015006858183,11,reg/015006858183_|reg/015006858183_|reg/015006858183_
2017-03-31 11:29:06 INFO AddIdentifyResult: 29228,018366907752,-1,
2017-03-31 11:29:11 INFO AddIdentifyResult: 29229,015006858183,-1,
2017-03-31 11:29:19 INFO AddIdentifyResult: 29229,015006858183,-3,
2017-03-31 11:29:36 INFO AddIdentifyResult: 29228,018366907752,-3,
2017-03-31 11:31:33 INFO AddIdentifyResult: 29229,015006858183,12,
2017-03-31 11:31:40 INFO AddIdentifyResult: 29229,015006858183,10,reg/015006858183_0331113247|reg/015006858183_0331113247|reg/015006858183_0331113110
2017-03-31 11:31:40 INFO UpdateUserState: 015006858183,1
2017-03-31 11:31:46 INFO AddIdentifyResult: 29228,018366907752,12,
2017-03-31 11:31:53 INFO AddIdentifyResult: 29228,018366907752,10,reg/018366907752_0331113304|reg/018366907752_0331113304|reg/018366907752_0331113128
2017-03-31 11:31:54 INFO UpdateUserState: 018366907752,1
2017-03-31 11:32:38 INFO AddIdentifyResult: 29230,018366907752,-1,
2017-03-31 11:32:46 INFO AddIdentifyResult: 29230,018366907752,-3,
2017-03-31 11:33:38 INFO AddIdentifyResult: 29230,018366907752,0,ver/03/31/113438_018366907752.wav
2017-03-31 11:34:08 INFO AddIdentifyResult: 29231,013287370311,-1,
2017-03-31 11:34:14 INFO AddIdentifyResult: 29231,013287370311,-3,
2017-03-31 11:35:17 INFO AddIdentifyResult: 29232,013287307259,-1,
2017-03-31 11:35:55 INFO AddIdentifyResult: 29231,013287370311,12,
2017-03-31 11:36:02 INFO AddIdentifyResult: 29231,013287370311,10,reg/013287370311_0331113606|reg/013287370311_0331113606|reg/013287370311_
2017-03-31 11:36:03 INFO UpdateUserState: 013287370311,1
2017-03-31 11:36:09 INFO AddIdentifyResult: 29233,013287307259,-1,
2017-03-31 11:36:14 INFO AddIdentifyResult: 29233,013287307259,-3,
2017-03-31 11:38:18 INFO AddIdentifyResult: 29233,013287307259,12,
2017-03-31 11:38:25 INFO AddIdentifyResult: 29233,013287307259,10,reg/013287307259_0331113806|reg/013287307259_0331113806|reg/013287307259_
2017-03-31 11:38:25 INFO UpdateUserState: 013287307259,1
2017-03-31 11:45:20 INFO AddIdentifyResult: 29234,013287309360,-1,
2017-03-31 11:45:25 INFO AddIdentifyResult: 29234,013287309360,-3,
2017-03-31 11:47:31 INFO AddIdentifyResult: 29234,013287309360,12,
2017-03-31 11:47:38 INFO AddIdentifyResult: 29234,013287309360,10,reg/013287309360_0331114716|reg/013287309360_0331114716|reg/013287309360_
2017-03-31 11:47:38 INFO UpdateUserState: 013287309360,1
2017-03-31 11:57:12 INFO AddIdentifyResult: 29235,013697839020,-1,
2017-03-31 11:57:19 INFO AddIdentifyResult: 29235,013697839020,-3,
2017-03-31 11:59:35 INFO AddIdentifyResult: 29235,013697839020,12,
2017-03-31 11:59:43 INFO AddIdentifyResult: 29235,013697839020,10,reg/013697839020_0331115911|reg/013697839020_0331115911|reg/013697839020_
2017-03-31 11:59:43 INFO UpdateUserState: 013697839020,1
2017-03-31 12:03:11 INFO AddIdentifyResult: 29236,013287300921,-1,
2017-03-31 12:03:17 INFO AddIdentifyResult: 29236,013287300921,-3,
2017-03-31 12:04:03 INFO AddIdentifyResult: 29237,013285468550,-1,
2017-03-31 12:04:10 INFO AddIdentifyResult: 29237,013285468550,-3,
2017-03-31 12:06:15 INFO AddIdentifyResult: 29237,013285468550,12,
2017-03-31 12:06:23 INFO AddIdentifyResult: 29237,013285468550,10,reg/013285468550_0331120601|reg/013285468550_0331120601|reg/013285468550_
2017-03-31 12:06:23 INFO UpdateUserState: 013285468550,1
2017-03-31 12:06:28 INFO AddIdentifyResult: 29236,013287300921,12,
2017-03-31 12:06:36 INFO AddIdentifyResult: 29236,013287300921,10,reg/013287300921_0331120509|reg/013287300921_0331120509|reg/013287300921_
2017-03-31 12:06:36 INFO UpdateUserState: 013287300921,1
2017-03-31 12:06:52 INFO AddIdentifyResult: 29238,013906473920,-1,
2017-03-31 12:13:07 INFO AddIdentifyResult: 29239,013906473751,-1,
2017-03-31 12:13:16 INFO AddIdentifyResult: 29239,013906473751,-3,
2017-03-31 12:15:16 INFO AddIdentifyResult: 29239,013906473751,12,
2017-03-31 12:15:25 INFO AddIdentifyResult: 29239,013906473751,10,reg/013906473751_0331121508|reg/013906473751_0331121508|reg/013906473751_
2017-03-31 12:15:25 INFO UpdateUserState: 013906473751,1
2017-03-31 12:17:26 INFO AddIdentifyResult: 29240,013906473920,-1,
2017-03-31 12:17:36 INFO AddIdentifyResult: 29240,013906473920,-3,
2017-03-31 12:19:52 INFO AddIdentifyResult: 29240,013906473920,12,
2017-03-31 12:20:00 INFO AddIdentifyResult: 29240,013906473920,10,reg/013906473920_0331121928|reg/013906473920_0331121928|reg/013906473920_
2017-03-31 12:20:00 INFO UpdateUserState: 013906473920,1
2017-03-31 12:20:27 INFO AddIdentifyResult: 29241,013906473920,-1,
2017-03-31 12:20:40 INFO AddIdentifyResult: 29241,013906473920,-3,
2017-03-31 12:21:32 INFO AddIdentifyResult: 29241,013906473920,0,ver/03/31/122232_013906473920.wav
2017-03-31 13:40:28 INFO AddIdentifyResult: 29242,01328546890,-1,
2017-03-31 13:41:03 INFO AddIdentifyResult: 29243,01328546890,-1,
2017-03-31 13:42:48 INFO AddIdentifyResult: 29244,013285465890,-1,
2017-03-31 13:42:58 INFO AddIdentifyResult: 29244,013285465890,-3,
2017-03-31 13:45:18 INFO AddIdentifyResult: 29244,013285465890,12,
2017-03-31 13:45:28 INFO AddIdentifyResult: 29244,013285465890,10,reg/013285465890_0331134450|reg/013285465890_0331134450|reg/013285465890_
2017-03-31 13:45:29 INFO UpdateUserState: 013285465890,1
2017-03-31 13:46:10 INFO AddIdentifyResult: 29245,013285465890,-1,
2017-03-31 13:46:16 INFO AddIdentifyResult: 29245,013285465890,-3,
2017-03-31 13:47:08 INFO AddIdentifyResult: 29245,013285465890,0,ver/03/31/134808_013285465890.wav
2017-03-31 13:50:14 INFO AddIdentifyResult: 29246,013780793708,-1,
2017-03-31 13:50:28 INFO AddIdentifyResult: 29246,013780793708,-3,
2017-03-31 13:52:06 INFO AddIdentifyResult: 29246,013780793708,12,
2017-03-31 13:52:13 INFO AddIdentifyResult: 29246,013780793708,10,reg/013780793708_0331135219|reg/013780793708_0331135219|reg/013780793708_
2017-03-31 13:52:13 INFO UpdateUserState: 013780793708,1
2017-03-31 14:06:35 INFO AddIdentifyResult: 29247,013287321311,-1,
2017-03-31 14:06:39 INFO AddIdentifyResult: 29247,013287321311,-3,
2017-03-31 14:08:42 INFO AddIdentifyResult: 29247,013287321311,12,
2017-03-31 14:08:49 INFO AddIdentifyResult: 29247,013287321311,10,reg/013287321311_0331140831|reg/013287321311_0331140831|reg/013287321311_
2017-03-31 14:08:49 INFO UpdateUserState: 013287321311,1
2017-03-31 14:09:40 INFO AddIdentifyResult: 29248,013287321311,-1,
2017-03-31 14:09:46 INFO AddIdentifyResult: 29248,013287321311,-3,
2017-03-31 14:10:37 INFO AddIdentifyResult: 29248,013287321311,0,ver/03/31/141138_013287321311.wav
2017-03-31 14:13:57 INFO AddIdentifyResult: 29249,013475288617,-1,
2017-03-31 14:14:04 INFO AddIdentifyResult: 29250,013287370309,-1,
2017-03-31 14:14:05 INFO AddIdentifyResult: 29249,013475288617,-3,
2017-03-31 14:14:15 INFO AddIdentifyResult: 29250,013287370309,-3,
2017-03-31 14:14:25 INFO AddIdentifyResult: 29249,013475288617,11,reg/013475288617_|reg/013475288617_|reg/013475288617_
2017-03-31 14:14:41 INFO AddIdentifyResult: 29251,013475288617,-1,
2017-03-31 14:14:52 INFO AddIdentifyResult: 29251,013475288617,-3,
2017-03-31 14:16:14 INFO AddIdentifyResult: 29250,013287370309,12,
2017-03-31 14:16:22 INFO AddIdentifyResult: 29250,013287370309,10,reg/013287370309_0331141607|reg/013287370309_0331141607|reg/013287370309_
2017-03-31 14:16:22 INFO UpdateUserState: 013287370309,1
2017-03-31 14:16:24 INFO AddIdentifyResult: 29252,013864769346,-1,
2017-03-31 14:16:35 INFO AddIdentifyResult: 29252,013864769346,-3,
2017-03-31 14:18:17 INFO AddIdentifyResult: 29252,013864769346,12,
2017-03-31 14:18:24 INFO AddIdentifyResult: 29252,013864769346,10,reg/013864769346_0331141941|reg/013864769346_0331141941|reg/013864769346_0331141827
2017-03-31 14:18:24 INFO UpdateUserState: 013864769346,1
2017-03-31 14:18:25 INFO AddIdentifyResult: 29251,013475288617,12,
2017-03-31 14:18:32 INFO AddIdentifyResult: 29251,013475288617,10,reg/013475288617_0331141905|reg/013475288617_0331141905|reg/013475288617_0331141644
2017-03-31 14:18:32 INFO UpdateUserState: 013475288617,1
2017-03-31 14:18:46 INFO AddIdentifyResult: 29253,013475288617,-1,
2017-03-31 14:18:54 INFO AddIdentifyResult: 29253,013475288617,-3,
2017-03-31 14:20:33 INFO AddIdentifyResult: 29253,013475288617,0,ver/03/31/142133_013475288617.wav
2017-03-31 14:22:42 INFO AddIdentifyResult: 29254,013285467650,-1,
2017-03-31 14:22:56 INFO AddIdentifyResult: 29254,013285467650,-3,
2017-03-31 14:24:41 INFO AddIdentifyResult: 29254,013285467650,12,
2017-03-31 14:24:47 INFO AddIdentifyResult: 29254,013285467650,10,reg/013285467650_0331142448|reg/013285467650_0331142448|reg/013285467650_
2017-03-31 14:24:48 INFO UpdateUserState: 013285467650,1
2017-03-31 14:24:50 INFO AddIdentifyResult: 29255,013864753340,-1,
2017-03-31 14:25:03 INFO AddIdentifyResult: 29255,013864753340,-3,
2017-03-31 14:26:43 INFO AddIdentifyResult: 29255,013864753340,12,
2017-03-31 14:26:49 INFO AddIdentifyResult: 29255,013864753340,10,reg/013864753340_0331142655|reg/013864753340_0331142655|reg/013864753340_
2017-03-31 14:26:49 INFO UpdateUserState: 013864753340,1
2017-03-31 14:33:36 INFO AddIdentifyResult: 29256,013285465930,-1,
2017-03-31 14:33:41 INFO AddIdentifyResult: 29256,013285465930,-3,
2017-03-31 14:34:58 INFO AddIdentifyResult: 29257,013287302173,-1,
2017-03-31 14:35:08 INFO AddIdentifyResult: 29257,013287302173,-3,
2017-03-31 14:35:47 INFO AddIdentifyResult: 29256,013285465930,12,
2017-03-31 14:35:54 INFO AddIdentifyResult: 29256,013285465930,10,reg/013285465930_0331143533|reg/013285465930_0331143533|reg/013285465930_
2017-03-31 14:35:55 INFO UpdateUserState: 013285465930,1
2017-03-31 14:36:41 INFO AddIdentifyResult: 29258,013285465930,-1,
2017-03-31 14:36:48 INFO AddIdentifyResult: 29258,013285465930,-3,
2017-03-31 14:36:50 INFO AddIdentifyResult: 29257,013287302173,12,
2017-03-31 14:36:57 INFO AddIdentifyResult: 29257,013287302173,10,reg/013287302173_0331143700|reg/013287302173_0331143700|reg/013287302173_
2017-03-31 14:36:58 INFO UpdateUserState: 013287302173,1
2017-03-31 14:37:01 INFO AddIdentifyResult: 29259,015963083768,-1,
2017-03-31 14:37:09 INFO AddIdentifyResult: 29259,015963083768,-3,
2017-03-31 14:37:15 INFO AddIdentifyResult: 29258,013285465930,1,
2017-03-31 14:37:32 INFO AddIdentifyResult: 29260,015963083768,-1,
2017-03-31 14:37:35 INFO AddIdentifyResult: 29261,013285465930,-1,
2017-03-31 14:37:44 INFO AddIdentifyResult: 29261,013285465930,-3,
2017-03-31 14:38:35 INFO AddIdentifyResult: 29261,013285465930,0,ver/03/31/143936_013285465930.wav
2017-03-31 14:39:12 INFO AddIdentifyResult: 29259,015963083768,12,
2017-03-31 14:39:19 INFO AddIdentifyResult: 29259,015963083768,10,reg/015963083768_0331143901|reg/015963083768_0331143901|reg/015963083768_
2017-03-31 14:39:19 INFO UpdateUserState: 015963083768,1
2017-03-31 14:48:40 INFO AddIdentifyResult: 29262,013287311086,-1,
2017-03-31 14:49:30 INFO AddIdentifyResult: 29263,013287311086,-1,
2017-03-31 14:49:35 INFO AddIdentifyResult: 29263,013287311086,-3,
2017-03-31 14:50:31 INFO AddIdentifyResult: 29264,013287370822,-1,
2017-03-31 14:50:48 INFO AddIdentifyResult: 29264,013287370822,-3,
2017-03-31 14:51:51 INFO AddIdentifyResult: 29263,013287311086,12,
2017-03-31 14:51:58 INFO AddIdentifyResult: 29263,013287311086,10,reg/013287311086_0331145127|reg/013287311086_0331145127|reg/013287311086_
2017-03-31 14:51:59 INFO UpdateUserState: 013287311086,1
2017-03-31 14:52:25 INFO AddIdentifyResult: 29265,013287311086,-1,
2017-03-31 14:52:31 INFO AddIdentifyResult: 29265,013287311086,-3,
2017-03-31 14:53:22 INFO AddIdentifyResult: 29265,013287311086,0,ver/03/31/145423_013287311086.wav
2017-03-31 14:53:25 INFO AddIdentifyResult: 29264,013287370822,12,
2017-03-31 14:53:34 INFO AddIdentifyResult: 29264,013287370822,10,reg/013287370822_0331145240|reg/013287370822_0331145240|reg/013287370822_
2017-03-31 14:53:34 INFO UpdateUserState: 013287370822,1
2017-03-31 14:56:07 INFO AddIdentifyResult: 29266,015505461330,-1,
2017-03-31 14:56:15 INFO AddIdentifyResult: 29266,015505461330,-3,
2017-03-31 14:56:17 INFO AddIdentifyResult: 29266,015505461330,11,reg/015505461330_|reg/015505461330_|reg/015505461330_
2017-03-31 14:56:22 INFO AddIdentifyResult: 29267,015505461330,-1,
2017-03-31 14:56:28 INFO AddIdentifyResult: 29267,015505461330,-3,
2017-03-31 14:56:37 INFO AddIdentifyResult: 29267,015505461330,11,reg/015505461330_|reg/015505461330_|reg/015505461330_
2017-03-31 14:56:43 INFO AddIdentifyResult: 29268,015505461330,-1,
2017-03-31 14:56:50 INFO AddIdentifyResult: 29268,015505461330,-3,
2017-03-31 14:59:37 INFO AddIdentifyResult: 29268,015505461330,12,
2017-03-31 14:59:45 INFO AddIdentifyResult: 29268,015505461330,10,reg/015505461330_0331150034|reg/015505461330_0331150034|reg/015505461330_0331145842
2017-03-31 14:59:46 INFO UpdateUserState: 015505461330,1
2017-03-31 14:59:58 INFO AddIdentifyResult: 29269,015505461330,-1,
2017-03-31 15:00:04 INFO AddIdentifyResult: 29269,015505461330,-3,
2017-03-31 15:00:56 INFO AddIdentifyResult: 29269,015505461330,0,ver/03/31/150157_015505461330.wav
2017-03-31 15:05:43 INFO AddIdentifyResult: 29270,013012910529,-1,
2017-03-31 15:06:15 INFO AddIdentifyResult: 29270,013012910529,-3,
2017-03-31 15:08:44 INFO AddIdentifyResult: 29270,013012910529,12,
2017-03-31 15:08:51 INFO AddIdentifyResult: 29270,013012910529,10,reg/013012910529_0331150807|reg/013012910529_0331150807|reg/013012910529_
2017-03-31 15:08:51 INFO UpdateUserState: 013012910529,1
2017-03-31 15:09:30 INFO AddIdentifyResult: 29271,013012910529,-1,
2017-03-31 15:09:36 INFO AddIdentifyResult: 29271,013012910529,-3,
2017-03-31 15:10:27 INFO AddIdentifyResult: 29271,013012910529,0,ver/03/31/151128_013012910529.wav
2017-03-31 15:16:40 INFO AddIdentifyResult: 29272,013012917529,-1,
2017-03-31 15:16:51 INFO AddIdentifyResult: 29272,013012917529,-3,
2017-03-31 15:19:02 INFO AddIdentifyResult: 29272,013012917529,12,
2017-03-31 15:19:09 INFO AddIdentifyResult: 29272,013012917529,10,reg/013012917529_0331151843|reg/013012917529_0331151843|reg/013012917529_
2017-03-31 15:19:09 INFO UpdateUserState: 013012917529,1
2017-03-31 15:20:04 INFO AddIdentifyResult: 29273,013012917529,-1,
2017-03-31 15:20:13 INFO AddIdentifyResult: 29273,013012917529,-3,
2017-03-31 15:21:05 INFO AddIdentifyResult: 29273,013012917529,0,ver/03/31/152206_013012917529.wav
2017-03-31 15:22:56 INFO AddIdentifyResult: 29274,013287301530,-1,
2017-03-31 15:23:04 INFO AddIdentifyResult: 29274,013287301530,-3,
2017-03-31 15:24:44 INFO AddIdentifyResult: 29274,013287301530,12,
2017-03-31 15:24:51 INFO AddIdentifyResult: 29274,013287301530,10,reg/013287301530_0331152456|reg/013287301530_0331152456|reg/013287301530_
2017-03-31 15:24:51 INFO UpdateUserState: 013287301530,1
2017-03-31 15:25:00 INFO AddIdentifyResult: 29275,013287303609,-1,
2017-03-31 15:25:03 INFO AddIdentifyResult: 29276,013287301530,-1,
2017-03-31 15:25:05 INFO AddIdentifyResult: 29275,013287303609,-3,
2017-03-31 15:25:13 INFO AddIdentifyResult: 29276,013287301530,-3,
2017-03-31 15:26:06 INFO AddIdentifyResult: 29276,013287301530,0,ver/03/31/152706_013287301530.wav
2017-03-31 15:27:00 INFO AddIdentifyResult: 29275,013287303609,12,
2017-03-31 15:27:07 INFO AddIdentifyResult: 29275,013287303609,10,reg/013287303609_0331152657|reg/013287303609_0331152657|reg/013287303609_
2017-03-31 15:27:07 INFO UpdateUserState: 013287303609,1
2017-03-31 15:27:57 INFO AddIdentifyResult: 29277,013287303609,-1,
2017-03-31 15:28:04 INFO AddIdentifyResult: 29277,013287303609,-3,
2017-03-31 15:28:55 INFO AddIdentifyResult: 29277,013287303609,0,ver/03/31/152956_013287303609.wav
2017-03-31 15:31:07 INFO AddIdentifyResult: 29278,013287303591,-1,
2017-03-31 15:31:14 INFO AddIdentifyResult: 29278,013287303591,-3,
2017-03-31 15:32:31 INFO AddIdentifyResult: 29278,013287303591,12,
2017-03-31 15:32:37 INFO AddIdentifyResult: 29278,013287303591,10,reg/013287303591_0331153306|reg/013287303591_0331153306|reg/013287303591_
2017-03-31 15:32:37 INFO UpdateUserState: 013287303591,1
2017-03-31 15:32:46 INFO AddIdentifyResult: 29279,013012911615,-1,
2017-03-31 15:32:52 INFO AddIdentifyResult: 29279,013012911615,-3,
2017-03-31 15:33:06 INFO AddIdentifyResult: 29280,013287303591,-1,
2017-03-31 15:33:10 INFO AddIdentifyResult: 29280,013287303591,-3,
2017-03-31 15:34:03 INFO AddIdentifyResult: 29280,013287303591,0,ver/03/31/153503_013287303591.wav
2017-03-31 15:34:36 INFO AddIdentifyResult: 29279,013012911615,12,
2017-03-31 15:34:44 INFO AddIdentifyResult: 29279,013012911615,10,reg/013012911615_0331153444|reg/013012911615_0331153444|reg/013012911615_
2017-03-31 15:34:44 INFO UpdateUserState: 013012911615,1
2017-03-31 15:35:21 INFO AddIdentifyResult: 29281,013012911615,-1,
2017-03-31 15:35:30 INFO AddIdentifyResult: 29281,013012911615,-3,
2017-03-31 15:36:21 INFO AddIdentifyResult: 29281,013012911615,1,ver/03/31/153722_013012911615.wav
2017-03-31 15:37:16 INFO AddIdentifyResult: 29281,013012911615,2,ver/03/31/153815_013012911615.wav
2017-03-31 15:37:55 INFO AddIdentifyResult: 29282,013012911615,-1,
2017-03-31 15:38:07 INFO AddIdentifyResult: 29282,013012911615,-3,
2017-03-31 15:40:27 INFO AddIdentifyResult: 29282,013012911615,12,
2017-03-31 15:40:36 INFO AddIdentifyResult: 29282,013012911615,10,reg/013012911615_0331153959|reg/013012911615_0331153959|reg/013012911615_
2017-03-31 15:40:36 INFO UpdateUserState: 013012911615,1
2017-03-31 15:40:55 INFO AddIdentifyResult: 29283,013012911615,-1,
2017-03-31 15:41:00 INFO AddIdentifyResult: 29283,013012911615,-3,
2017-03-31 15:41:51 INFO AddIdentifyResult: 29283,013012911615,0,ver/03/31/154252_013012911615.wav
2017-03-31 16:02:20 INFO AddIdentifyResult: 29284,013001568713,-1,
2017-03-31 16:02:37 INFO AddIdentifyResult: 29284,013001568713,-3,
2017-03-31 16:03:32 INFO AddIdentifyResult: 29285,015933925961,-1,
2017-03-31 16:03:45 INFO AddIdentifyResult: 29285,015933925961,-3,
2017-03-31 16:03:47 INFO AddIdentifyResult: 29285,015933925961,11,reg/015933925961_|reg/015933925961_|reg/015933925961_
2017-03-31 16:04:03 INFO AddIdentifyResult: 29286,015933925961,-1,
2017-03-31 16:04:14 INFO AddIdentifyResult: 29286,015933925961,-3,
2017-03-31 16:06:43 INFO AddIdentifyResult: 29284,013001568713,12,
2017-03-31 16:06:49 INFO AddIdentifyResult: 29284,013001568713,10,reg/013001568713_0331160800|reg/013001568713_0331160800|reg/013001568713_0331160429
2017-03-31 16:06:49 INFO UpdateUserState: 013001568713,1
2017-03-31 16:07:35 INFO AddIdentifyResult: 29286,015933925961,12,
2017-03-31 16:07:41 INFO AddIdentifyResult: 29286,015933925961,10,reg/015933925961_0331160859|reg/015933925961_0331160859|reg/015933925961_0331160606
2017-03-31 16:07:41 INFO UpdateUserState: 015933925961,1
2017-03-31 16:08:11 INFO AddIdentifyResult: 29287,015933925961,-1,
2017-03-31 16:08:20 INFO AddIdentifyResult: 29287,015933925961,-3,
2017-03-31 16:09:12 INFO AddIdentifyResult: 29287,015933925961,0,ver/03/31/161013_015933925961.wav
2017-03-31 16:13:03 INFO AddIdentifyResult: 29288,013285468771,-1,
2017-03-31 16:13:09 INFO AddIdentifyResult: 29288,013285468771,-3,
2017-03-31 16:16:29 INFO AddIdentifyResult: 29288,013285468771,12,
2017-03-31 16:16:37 INFO AddIdentifyResult: 29288,013285468771,10,reg/013285468771_0331161722|reg/013285468771_0331161722|reg/013285468771_0331161501
2017-03-31 16:16:37 INFO UpdateUserState: 013285468771,1
2017-03-31 16:17:13 INFO AddIdentifyResult: 29289,013285468771,-1,
2017-03-31 16:17:22 INFO AddIdentifyResult: 29289,013285468771,-3,
2017-03-31 16:17:25 INFO AddIdentifyResult: 29290,013280396720,-1,
2017-03-31 16:17:37 INFO AddIdentifyResult: 29290,013280396720,-3,
2017-03-31 16:18:15 INFO AddIdentifyResult: 29289,013285468771,1,ver/03/31/161915_013285468771.wav
2017-03-31 16:19:15 INFO AddIdentifyResult: 29290,013280396720,12,
2017-03-31 16:19:22 INFO AddIdentifyResult: 29290,013280396720,10,reg/013280396720_0331161929|reg/013280396720_0331161929|reg/013280396720_
2017-03-31 16:19:22 INFO UpdateUserState: 013280396720,1
2017-03-31 16:20:26 INFO AddIdentifyResult: 29291,013285468771,-1,
2017-03-31 16:20:33 INFO AddIdentifyResult: 29291,013285468771,-3,
2017-03-31 16:22:16 INFO AddIdentifyResult: 29291,013285468771,12,
2017-03-31 16:22:24 INFO AddIdentifyResult: 29291,013285468771,10,reg/013285468771_0331162225|reg/013285468771_0331162225|reg/013285468771_
2017-03-31 16:22:24 INFO UpdateUserState: 013285468771,1
2017-03-31 16:22:35 INFO AddIdentifyResult: 29292,013285468771,-1,
2017-03-31 16:22:42 INFO AddIdentifyResult: 29292,013285468771,-3,
2017-03-31 16:23:34 INFO AddIdentifyResult: 29292,013285468771,0,ver/03/31/162434_013285468771.wav
2017-03-31 16:26:50 INFO AddIdentifyResult: 29293,013562288990,-1,
2017-03-31 16:27:01 INFO AddIdentifyResult: 29293,013562288990,-3,
2017-03-31 16:29:22 INFO AddIdentifyResult: 29293,013562288990,12,
2017-03-31 16:29:32 INFO AddIdentifyResult: 29293,013562288990,10,reg/013562288990_0331162853|reg/013562288990_0331162853|reg/013562288990_
2017-03-31 16:29:33 INFO UpdateUserState: 013562288990,1
2017-03-31 16:30:31 INFO AddIdentifyResult: 29294,013006543593,-1,
2017-03-31 16:30:43 INFO AddIdentifyResult: 29294,013006543593,-3,
2017-03-31 16:31:12 INFO AddIdentifyResult: 29295,013553162502,-1,
2017-03-31 16:31:21 INFO AddIdentifyResult: 29295,013553162502,-3,
2017-03-31 16:32:40 INFO AddIdentifyResult: 29294,013006543593,12,
2017-03-31 16:32:48 INFO AddIdentifyResult: 29294,013006543593,10,reg/013006543593_0331163235|reg/013006543593_0331163235|reg/013006543593_
2017-03-31 16:32:48 INFO UpdateUserState: 013006543593,1
2017-03-31 16:33:37 INFO AddIdentifyResult: 29295,013553162502,12,
2017-03-31 16:33:45 INFO AddIdentifyResult: 29295,013553162502,10,reg/013553162502_0331163437|reg/013553162502_0331163437|reg/013553162502_0331163313
2017-03-31 16:33:45 INFO UpdateUserState: 013553162502,1
2017-03-31 16:34:14 INFO AddIdentifyResult: 29296,013553162502,-1,
2017-03-31 16:34:23 INFO AddIdentifyResult: 29296,013553162502,-3,
2017-03-31 16:35:15 INFO AddIdentifyResult: 29296,013553162502,0,ver/03/31/163615_013553162502.wav
2017-03-31 16:42:27 INFO AddIdentifyResult: 29297,018833240608,-1,
2017-03-31 16:42:36 INFO AddIdentifyResult: 29297,018833240608,-3,
2017-03-31 16:44:14 INFO AddIdentifyResult: 29297,018833240608,12,
2017-03-31 16:44:21 INFO AddIdentifyResult: 29297,018833240608,10,reg/018833240608_0331164428|reg/018833240608_0331164428|reg/018833240608_
2017-03-31 16:44:21 INFO UpdateUserState: 018833240608,1
2017-03-31 16:44:30 INFO AddIdentifyResult: 29298,018833240608,-1,
2017-03-31 16:44:38 INFO AddIdentifyResult: 29298,018833240608,-3,
2017-03-31 16:45:31 INFO AddIdentifyResult: 29298,018833240608,0,ver/03/31/164631_018833240608.wav
2017-03-31 16:45:57 INFO AddIdentifyResult: 29299,018764576653,-1,
2017-03-31 16:46:08 INFO AddIdentifyResult: 29299,018764576653,-3,
2017-03-31 16:47:41 INFO AddIdentifyResult: 29299,018764576653,12,
2017-03-31 16:47:48 INFO AddIdentifyResult: 29299,018764576653,10,reg/018764576653_0331164801|reg/018764576653_0331164801|reg/018764576653_
2017-03-31 16:47:48 INFO UpdateUserState: 018764576653,1
2017-03-31 16:52:09 INFO AddIdentifyResult: 29300,013562288990,-1,
2017-03-31 16:52:17 INFO AddIdentifyResult: 29300,013562288990,-3,
2017-03-31 16:53:09 INFO AddIdentifyResult: 29300,013562288990,0,ver/03/31/165410_013562288990.wav
2017-03-31 16:54:27 INFO AddIdentifyResult: 29301,018632218258,-1,
2017-03-31 16:55:30 INFO AddIdentifyResult: 29302,018632218258,-1,
2017-03-31 16:56:29 INFO AddIdentifyResult: 29303,015531211602,-1,
2017-03-31 16:56:41 INFO AddIdentifyResult: 29303,015531211602,-3,
2017-03-31 16:57:42 INFO AddIdentifyResult: 29303,015531211602,11,reg/015531211602_|reg/015531211602_|reg/015531211602_
2017-03-31 16:58:02 INFO AddIdentifyResult: 29304,015531211602,-1,
2017-03-31 16:58:15 INFO AddIdentifyResult: 29304,015531211602,-3,
2017-03-31 16:59:50 INFO AddIdentifyResult: 29304,015531211602,12,
2017-03-31 16:59:57 INFO AddIdentifyResult: 29304,015531211602,10,reg/015531211602_0331170007|reg/015531211602_0331170007|reg/015531211602_
2017-03-31 16:59:57 INFO UpdateUserState: 015531211602,1
2017-03-31 17:00:15 INFO AddIdentifyResult: 29305,015531211602,-1,
2017-03-31 17:00:27 INFO AddIdentifyResult: 29305,015531211602,-3,
2017-03-31 17:01:19 INFO AddIdentifyResult: 29305,015531211602,0,ver/03/31/170220_015531211602.wav
2017-03-31 17:03:26 INFO AddIdentifyResult: 29306,015531211602,-1,
2017-03-31 17:06:33 INFO AddIdentifyResult: 29307,018632262668,-1,
2017-03-31 17:06:48 INFO AddIdentifyResult: 29307,018632262668,-3,
2017-03-31 17:08:15 INFO AddIdentifyResult: 29307,018632262668,12,
2017-03-31 17:08:22 INFO AddIdentifyResult: 29307,018632262668,10,reg/018632262668_0331170901|reg/018632262668_0331170901|reg/018632262668_0331170841
2017-03-31 17:08:22 INFO UpdateUserState: 018632262668,1
2017-03-31 17:08:47 INFO AddIdentifyResult: 29308,018632262668,-1,
2017-03-31 17:08:54 INFO AddIdentifyResult: 29308,018632262668,-3,
2017-03-31 17:09:47 INFO AddIdentifyResult: 29308,018632262668,0,ver/03/31/171047_018632262668.wav
2017-03-31 17:14:24 INFO AddIdentifyResult: 29309,018630209698,-1,
2017-03-31 17:14:37 INFO AddIdentifyResult: 29309,018630209698,-3,
2017-03-31 17:16:12 INFO AddIdentifyResult: 29309,018630209698,12,
2017-03-31 17:16:19 INFO AddIdentifyResult: 29309,018630209698,10,reg/018630209698_0331171744|reg/018630209698_0331171744|reg/018630209698_0331171629
2017-03-31 17:16:20 INFO UpdateUserState: 018630209698,1
2017-03-31 17:16:42 INFO AddIdentifyResult: 29310,018630209698,-1,
2017-03-31 17:16:50 INFO AddIdentifyResult: 29310,018630209698,-3,
2017-03-31 17:17:54 INFO AddIdentifyResult: 29310,018630209698,0,ver/03/31/171854_018630209698.wav
2017-03-31 17:20:40 INFO AddIdentifyResult: 29311,015531211602,-1,
2017-03-31 17:20:53 INFO AddIdentifyResult: 29311,015531211602,-3,
2017-03-31 17:22:56 INFO AddIdentifyResult: 29311,015531211602,12,
2017-03-31 17:23:06 INFO AddIdentifyResult: 29311,015531211602,10,reg/015531211602_0331172245|reg/015531211602_0331172245|reg/015531211602_
2017-03-31 17:23:06 INFO UpdateUserState: 015531211602,1
2017-03-31 17:23:37 INFO AddIdentifyResult: 29312,015531211602,-1,
2017-03-31 17:23:48 INFO AddIdentifyResult: 29312,015531211602,-3,
2017-03-31 17:24:41 INFO AddIdentifyResult: 29312,015531211602,0,ver/03/31/172541_015531211602.wav
2017-03-31 17:26:53 INFO AddIdentifyResult: 29313,018632218258,-1,
2017-03-31 17:27:04 INFO AddIdentifyResult: 29313,018632218258,-3,
2017-03-31 17:28:37 INFO AddIdentifyResult: 29313,018632218258,12,
2017-03-31 17:28:44 INFO AddIdentifyResult: 29313,018632218258,10,reg/018632218258_0331173008|reg/018632218258_0331173008|reg/018632218258_0331172857
2017-03-31 17:28:44 INFO UpdateUserState: 018632218258,1
2017-03-31 17:29:03 INFO AddIdentifyResult: 29314,018632218258,-1,
2017-03-31 17:29:16 INFO AddIdentifyResult: 29314,018632218258,-3,
2017-03-31 17:30:04 INFO AddIdentifyResult: 29314,018632218258,1,ver/03/31/173109_018632218258.wav
2017-03-31 17:30:22 INFO AddIdentifyResult: 29314,018632218258,2,
2017-03-31 17:31:12 INFO AddIdentifyResult: 29315,018632218258,-1,
2017-03-31 17:31:22 INFO AddIdentifyResult: 29315,018632218258,-3,
2017-03-31 17:32:15 INFO AddIdentifyResult: 29315,018632218258,1,ver/03/31/173315_018632218258.wav
