2017-04-06 08:29:39 INFO AddIdentifyResult: 0,18972653306,1,
2017-04-06 08:32:15 INFO AddIdentifyResult: 0,18972653306,1,ver/04/06/083340_18972653306.wav
2017-04-06 08:34:29 INFO AddIdentifyResult: 29724,15837589002,-1,
2017-04-06 08:35:04 INFO AddIdentifyResult: 29725,015837589002,-1,
2017-04-06 08:35:17 INFO AddIdentifyResult: 29725,015837589002,-3,
2017-04-06 08:37:38 INFO AddIdentifyResult: 29725,015837589002,12,
2017-04-06 08:37:45 INFO AddIdentifyResult: 29725,015837589002,10,reg/015837589002_0406083931|reg/015837589002_0406083931|reg/015837589002_0406083734
2017-04-06 08:37:46 INFO UpdateUserState: 015837589002,1
2017-04-06 08:46:03 INFO AddIdentifyResult: 29726,017703751950,-1,
2017-04-06 08:46:17 INFO AddIdentifyResult: 29726,017703751950,-3,
2017-04-06 08:48:03 INFO AddIdentifyResult: 29726,017703751950,12,
2017-04-06 08:48:10 INFO AddIdentifyResult: 29726,017703751950,10,reg/017703751950_0406084834|reg/017703751950_0406084834|reg/017703751950_
2017-04-06 08:48:10 INFO UpdateUserState: 017703751950,1
2017-04-06 08:59:23 INFO AddIdentifyResult: 29727,015671141351,-1,
2017-04-06 08:59:48 INFO AddIdentifyResult: 29727,015671141351,-3,
2017-04-06 09:01:56 INFO AddIdentifyResult: 29727,015671141351,12,
2017-04-06 09:02:02 INFO AddIdentifyResult: 29727,015671141351,10,reg/015671141351_0406090346|reg/015671141351_0406090346|reg/015671141351_0406090205
2017-04-06 09:02:02 INFO UpdateUserState: 015671141351,1
2017-04-06 09:41:32 INFO AddIdentifyResult: 29728,018839943322,-1,
2017-04-06 09:41:47 INFO AddIdentifyResult: 29728,018839943322,-3,
2017-04-06 09:43:43 INFO AddIdentifyResult: 29728,018839943322,12,
2017-04-06 09:43:51 INFO AddIdentifyResult: 29728,018839943322,10,reg/018839943322_0406094404|reg/018839943322_0406094404|reg/018839943322_
2017-04-06 09:43:51 INFO UpdateUserState: 018839943322,1
2017-04-06 09:45:18 INFO AddIdentifyResult: 29729,018839943322,-1,
2017-04-06 09:45:28 INFO AddIdentifyResult: 29729,018839943322,-3,
2017-04-06 09:46:20 INFO AddIdentifyResult: 29729,018839943322,0,ver/04/06/094746_018839943322.wav
2017-04-06 09:48:22 INFO AddIdentifyResult: 29730,18839943322,-1,
2017-04-06 09:49:25 INFO AddIdentifyResult: 29731,018839943322,-1,
2017-04-06 09:49:34 INFO AddIdentifyResult: 29731,018839943322,-3,
2017-04-06 09:51:22 INFO AddIdentifyResult: 29731,018839943322,11,reg/018839943322_|reg/018839943322_|reg/018839943322_
2017-04-06 09:51:47 INFO AddIdentifyResult: 29732,018839943322,-1,
2017-04-06 09:51:54 INFO AddIdentifyResult: 29732,018839943322,-3,
2017-04-06 09:53:29 INFO AddIdentifyResult: 29732,018839943322,12,
2017-04-06 09:53:36 INFO AddIdentifyResult: 29732,018839943322,10,reg/018839943322_0406095531|reg/018839943322_0406095531|reg/018839943322_0406095411
2017-04-06 09:53:36 INFO UpdateUserState: 018839943322,1
2017-04-06 09:55:06 INFO AddIdentifyResult: 29733,018839943322,-1,
2017-04-06 09:55:13 INFO AddIdentifyResult: 29733,018839943322,-3,
2017-04-06 09:56:05 INFO AddIdentifyResult: 29733,018839943322,0,ver/04/06/095731_018839943322.wav
2017-04-06 09:59:06 INFO AddIdentifyResult: 29734,013285462510,-1,
2017-04-06 09:59:11 INFO AddIdentifyResult: 29734,013285462510,-3,
2017-04-06 10:01:19 INFO AddIdentifyResult: 29734,013285462510,12,
2017-04-06 10:01:26 INFO AddIdentifyResult: 29734,013285462510,10,reg/013285462510_0406100128|reg/013285462510_0406100128|reg/013285462510_
2017-04-06 10:01:27 INFO UpdateUserState: 013285462510,1
2017-04-06 10:01:50 INFO AddIdentifyResult: 29735,013285462510,-1,
2017-04-06 10:01:55 INFO AddIdentifyResult: 29735,013285462510,-3,
2017-04-06 10:02:47 INFO AddIdentifyResult: 29735,013285462510,0,ver/04/06/100413_013285462510.wav
2017-04-06 10:11:40 INFO AddIdentifyResult: 29736,013226542680,-1,
2017-04-06 10:12:25 INFO AddIdentifyResult: 29737,013026542680,-1,
2017-04-06 10:12:38 INFO AddIdentifyResult: 29737,013026542680,-3,
2017-04-06 10:14:37 INFO AddIdentifyResult: 29737,013026542680,12,
2017-04-06 10:14:44 INFO AddIdentifyResult: 29737,013026542680,10,reg/013026542680_0406101456|reg/013026542680_0406101456|reg/013026542680_
2017-04-06 10:14:44 INFO UpdateUserState: 013026542680,1
2017-04-06 10:22:13 INFO AddIdentifyResult: 29738,013026542682,-1,
2017-04-06 10:22:19 INFO AddIdentifyResult: 29738,013026542682,-3,
2017-04-06 10:24:00 INFO AddIdentifyResult: 29738,013026542682,12,
2017-04-06 10:24:08 INFO AddIdentifyResult: 29738,013026542682,10,reg/013026542682_0406102437|reg/013026542682_0406102437|reg/013026542682_
2017-04-06 10:24:08 INFO UpdateUserState: 013026542682,1
2017-04-06 10:24:29 INFO AddIdentifyResult: 29739,013026542682,-1,
2017-04-06 10:24:38 INFO AddIdentifyResult: 29739,013026542682,-3,
2017-04-06 10:25:30 INFO AddIdentifyResult: 29739,013026542682,0,ver/04/06/102656_013026542682.wav
2017-04-06 10:35:18 INFO AddIdentifyResult: 29740,013026543350,-1,
2017-04-06 10:35:25 INFO AddIdentifyResult: 29740,013026543350,-3,
2017-04-06 10:38:15 INFO AddIdentifyResult: 29740,013026543350,12,
2017-04-06 10:38:22 INFO AddIdentifyResult: 29740,013026543350,10,reg/013026543350_0406103944|reg/013026543350_0406103944|reg/013026543350_0406103742
2017-04-06 10:38:22 INFO UpdateUserState: 013026543350,1
2017-04-06 10:38:41 INFO AddIdentifyResult: 29741,013026543350,-1,
2017-04-06 10:38:47 INFO AddIdentifyResult: 29741,013026543350,-3,
2017-04-06 10:39:38 INFO AddIdentifyResult: 29741,013026543350,0,ver/04/06/104105_013026543350.wav
2017-04-06 10:47:39 INFO AddIdentifyResult: 29742,013026543022,-1,
2017-04-06 10:47:41 INFO AddIdentifyResult: 29743,015512276209,-1,
2017-04-06 10:47:47 INFO AddIdentifyResult: 29742,013026543022,-3,
2017-04-06 10:47:48 INFO AddIdentifyResult: 29743,015512276209,-3,
2017-04-06 10:49:11 INFO AddIdentifyResult: 29743,015512276209,12,
2017-04-06 10:49:19 INFO AddIdentifyResult: 29743,015512276209,10,reg/015512276209_0406105006|reg/015512276209_0406105006|reg/015512276209_
2017-04-06 10:49:19 INFO UpdateUserState: 015512276209,1
2017-04-06 10:49:31 INFO AddIdentifyResult: 29744,015512276209,-1,
2017-04-06 10:49:39 INFO AddIdentifyResult: 29744,015512276209,-3,
2017-04-06 10:50:17 INFO AddIdentifyResult: 29742,013026543022,12,
2017-04-06 10:50:25 INFO AddIdentifyResult: 29742,013026543022,10,reg/013026543022_0406105005|reg/013026543022_0406105005|reg/013026543022_
2017-04-06 10:50:25 INFO UpdateUserState: 013026543022,1
2017-04-06 10:50:32 INFO AddIdentifyResult: 29744,015512276209,0,ver/04/06/105157_015512276209.wav
2017-04-06 10:50:57 INFO AddIdentifyResult: 29745,013026543022,-1,
2017-04-06 10:51:02 INFO AddIdentifyResult: 29745,013026543022,-3,
2017-04-06 10:51:54 INFO AddIdentifyResult: 29745,013026543022,0,ver/04/06/105320_013026543022.wav
2017-04-06 10:51:56 INFO AddIdentifyResult: 29746,015132206567,-1,
2017-04-06 10:52:05 INFO AddIdentifyResult: 29746,015132206567,-3,
2017-04-06 10:55:11 INFO AddIdentifyResult: 29746,015132206567,12,
2017-04-06 10:55:18 INFO AddIdentifyResult: 29746,015132206567,10,reg/015132206567_0406105632|reg/015132206567_0406105632|reg/015132206567_0406105423
2017-04-06 10:55:18 INFO UpdateUserState: 015132206567,1
2017-04-06 10:55:23 INFO AddIdentifyResult: 29747,015132206567,-1,
2017-04-06 10:55:35 INFO AddIdentifyResult: 29747,015132206567,-3,
2017-04-06 10:56:26 INFO AddIdentifyResult: 29747,015132206567,0,ver/04/06/105753_015132206567.wav
2017-04-06 10:59:20 INFO AddIdentifyResult: 29748,013465279133,-1,
2017-04-06 10:59:27 INFO AddIdentifyResult: 29748,013465279133,-3,
2017-04-06 11:01:39 INFO AddIdentifyResult: 29749,015530200136,-1,
2017-04-06 11:01:54 INFO AddIdentifyResult: 29749,015530200136,-3,
2017-04-06 11:03:00 INFO AddIdentifyResult: 29748,013465279133,12,
2017-04-06 11:03:06 INFO AddIdentifyResult: 29748,013465279133,10,reg/013465279133_0406110449|reg/013465279133_0406110449|reg/013465279133_0406110145
2017-04-06 11:03:06 INFO UpdateUserState: 013465279133,1
2017-04-06 11:03:38 INFO AddIdentifyResult: 29749,015530200136,12,
2017-04-06 11:03:45 INFO AddIdentifyResult: 29749,015530200136,10,reg/015530200136_0406110411|reg/015530200136_0406110411|reg/015530200136_
2017-04-06 11:03:45 INFO UpdateUserState: 015530200136,1
2017-04-06 11:03:45 INFO AddIdentifyResult: 29750,013026543511,-1,
2017-04-06 11:03:50 INFO AddIdentifyResult: 29750,013026543511,-3,
2017-04-06 11:03:52 INFO AddIdentifyResult: 29751,015530200136,-1,
2017-04-06 11:03:56 INFO AddIdentifyResult: 29751,015530200136,-3,
2017-04-06 11:04:48 INFO AddIdentifyResult: 29751,015530200136,0,ver/04/06/110614_015530200136.wav
2017-04-06 11:05:46 INFO AddIdentifyResult: 29750,013026543511,12,
2017-04-06 11:05:53 INFO AddIdentifyResult: 29750,013026543511,10,reg/013026543511_0406110608|reg/013026543511_0406110608|reg/013026543511_
2017-04-06 11:05:53 INFO UpdateUserState: 013026543511,1
2017-04-06 11:06:16 INFO AddIdentifyResult: 29752,013465279133,-1,
2017-04-06 11:06:24 INFO AddIdentifyResult: 29752,013465279133,-3,
2017-04-06 11:06:25 INFO AddIdentifyResult: 29753,015687161322,-1,
2017-04-06 11:06:55 INFO AddIdentifyResult: 29754,015613228716,-1,
2017-04-06 11:07:00 INFO AddIdentifyResult: 29754,015613228716,-3,
2017-04-06 11:07:15 INFO AddIdentifyResult: 29752,013465279133,0,ver/04/06/110842_013465279133.wav
2017-04-06 11:09:19 INFO AddIdentifyResult: 29754,015613228716,12,
2017-04-06 11:09:28 INFO AddIdentifyResult: 29754,015613228716,10,reg/015613228716_0406110918|reg/015613228716_0406110918|reg/015613228716_
2017-04-06 11:09:28 INFO UpdateUserState: 015613228716,1
2017-04-06 11:09:30 INFO AddIdentifyResult: 29755,015613228716,-1,
2017-04-06 11:09:38 INFO AddIdentifyResult: 29755,015613228716,-3,
2017-04-06 11:10:30 INFO AddIdentifyResult: 29755,015613228716,0,ver/04/06/111156_015613228716.wav
2017-04-06 11:11:43 INFO AddIdentifyResult: 29756,015612268159,-1,
2017-04-06 11:11:57 INFO AddIdentifyResult: 29756,015612268159,-3,
2017-04-06 11:12:01 INFO AddIdentifyResult: 29756,015612268159,11,reg/015612268159_|reg/015612268159_|reg/015612268159_
2017-04-06 11:12:07 INFO AddIdentifyResult: 29757,015612268159,-1,
2017-04-06 11:12:15 INFO AddIdentifyResult: 29757,015612268159,-3,
2017-04-06 11:12:20 INFO AddIdentifyResult: 29757,015612268159,11,reg/015612268159_|reg/015612268159_|reg/015612268159_
2017-04-06 11:12:32 INFO AddIdentifyResult: 29758,015512268159,-1,
2017-04-06 11:12:37 INFO AddIdentifyResult: 29758,015512268159,-3,
2017-04-06 11:14:20 INFO AddIdentifyResult: 29759,015671136955,-1,
2017-04-06 11:14:25 INFO AddIdentifyResult: 29758,015512268159,12,
2017-04-06 11:14:34 INFO AddIdentifyResult: 29758,015512268159,10,reg/015512268159_0406111455|reg/015512268159_0406111455|reg/015512268159_
2017-04-06 11:14:34 INFO UpdateUserState: 015512268159,1
2017-04-06 11:14:34 INFO AddIdentifyResult: 29759,015671136955,-3,
2017-04-06 11:14:44 INFO AddIdentifyResult: 29760,015512268159,-1,
2017-04-06 11:14:51 INFO AddIdentifyResult: 29760,015512268159,-3,
2017-04-06 11:15:43 INFO AddIdentifyResult: 29760,015512268159,0,ver/04/06/111709_015512268159.wav
2017-04-06 11:16:22 INFO AddIdentifyResult: 29759,015671136955,12,
2017-04-06 11:16:30 INFO AddIdentifyResult: 29759,015671136955,10,reg/015671136955_0406111651|reg/015671136955_0406111651|reg/015671136955_
2017-04-06 11:16:30 INFO UpdateUserState: 015671136955,1
2017-04-06 11:18:25 INFO AddIdentifyResult: 29761,015511285893,-1,
2017-04-06 11:18:31 INFO AddIdentifyResult: 29761,015511285893,-3,
2017-04-06 11:19:53 INFO AddIdentifyResult: 29761,015511285893,12,
2017-04-06 11:19:59 INFO AddIdentifyResult: 29761,015511285893,10,reg/015511285893_0406112048|reg/015511285893_0406112048|reg/015511285893_
2017-04-06 11:19:59 INFO UpdateUserState: 015511285893,1
2017-04-06 11:20:22 INFO AddIdentifyResult: 29762,015511285893,-1,
2017-04-06 11:20:27 INFO AddIdentifyResult: 29762,015511285893,-3,
2017-04-06 11:21:19 INFO AddIdentifyResult: 29762,015511285893,0,ver/04/06/112245_015511285893.wav
2017-04-06 11:21:32 INFO AddIdentifyResult: 29763,013831271649,-1,
2017-04-06 11:21:41 INFO AddIdentifyResult: 29763,013831271649,-3,
2017-04-06 11:23:35 INFO AddIdentifyResult: 29763,013831271649,12,
2017-04-06 11:23:42 INFO AddIdentifyResult: 29763,013831271649,10,reg/013831271649_0406112358|reg/013831271649_0406112358|reg/013831271649_
2017-04-06 11:23:42 INFO UpdateUserState: 013831271649,1
2017-04-06 11:23:45 INFO AddIdentifyResult: 29764,013831271649,-1,
2017-04-06 11:23:52 INFO AddIdentifyResult: 29764,013831271649,-3,
2017-04-06 11:24:44 INFO AddIdentifyResult: 29764,013831271649,0,ver/04/06/112610_013831271649.wav
2017-04-06 11:26:49 INFO AddIdentifyResult: 29765,015512262190,-1,
2017-04-06 11:26:59 INFO AddIdentifyResult: 29765,015512262190,-3,
2017-04-06 11:28:50 INFO AddIdentifyResult: 29765,015512262190,12,
2017-04-06 11:28:57 INFO AddIdentifyResult: 29765,015512262190,10,reg/015512262190_0406112917|reg/015512262190_0406112917|reg/015512262190_
2017-04-06 11:28:57 INFO UpdateUserState: 015512262190,1
2017-04-06 11:29:00 INFO AddIdentifyResult: 29766,015512262190,-1,
2017-04-06 11:29:06 INFO AddIdentifyResult: 29766,015512262190,-3,
2017-04-06 11:29:58 INFO AddIdentifyResult: 29766,015512262190,0,ver/04/06/113124_015512262190.wav
2017-04-06 11:32:20 INFO AddIdentifyResult: 29767,015512287607,-1,
2017-04-06 11:32:25 INFO AddIdentifyResult: 29767,015512287607,-3,
2017-04-06 11:34:44 INFO AddIdentifyResult: 29767,015512287607,12,
2017-04-06 11:34:51 INFO AddIdentifyResult: 29767,015512287607,10,reg/015512287607_0406113613|reg/015512287607_0406113613|reg/015512287607_0406113442
2017-04-06 11:34:52 INFO UpdateUserState: 015512287607,1
2017-04-06 11:35:06 INFO AddIdentifyResult: 29768,015512287607,-1,
2017-04-06 11:35:13 INFO AddIdentifyResult: 29768,015512287607,-3,
2017-04-06 11:36:05 INFO AddIdentifyResult: 29768,015512287607,0,ver/04/06/113731_015512287607.wav
2017-04-06 11:38:54 INFO AddIdentifyResult: 29769,015512287169,-1,
2017-04-06 11:39:03 INFO AddIdentifyResult: 29769,015512287169,-3,
2017-04-06 11:41:10 INFO AddIdentifyResult: 29769,015512287169,12,
2017-04-06 11:41:19 INFO AddIdentifyResult: 29769,015512287169,10,reg/015512287169_0406114120|reg/015512287169_0406114120|reg/015512287169_
2017-04-06 11:41:19 INFO UpdateUserState: 015512287169,1
2017-04-06 11:41:50 INFO AddIdentifyResult: 29770,015512287169,-1,
2017-04-06 11:41:59 INFO AddIdentifyResult: 29770,015512287169,-3,
2017-04-06 11:42:52 INFO AddIdentifyResult: 29770,015512287169,1,ver/04/06/114418_015512287169.wav
2017-04-06 11:43:32 INFO AddIdentifyResult: 29771,015512287169,-1,
2017-04-06 11:43:39 INFO AddIdentifyResult: 29771,015512287169,-3,
2017-04-06 11:44:31 INFO AddIdentifyResult: 29771,015512287169,1,ver/04/06/114557_015512287169.wav
2017-04-06 11:46:00 INFO AddIdentifyResult: 29772,015231229498,-1,
2017-04-06 11:46:09 INFO AddIdentifyResult: 29772,015231229498,-3,
2017-04-06 11:47:53 INFO AddIdentifyResult: 29772,015231229498,12,
2017-04-06 11:48:00 INFO AddIdentifyResult: 29772,015231229498,10,reg/015231229498_0406114826|reg/015231229498_0406114826|reg/015231229498_
2017-04-06 11:48:00 INFO UpdateUserState: 015231229498,1
2017-04-06 11:48:04 INFO AddIdentifyResult: 29773,015231229498,-1,
2017-04-06 11:48:13 INFO AddIdentifyResult: 29773,015231229498,-3,
2017-04-06 11:49:06 INFO AddIdentifyResult: 29773,015231229498,0,ver/04/06/115032_015231229498.wav
2017-04-06 11:50:55 INFO AddIdentifyResult: 29774,015512285190,-1,
2017-04-06 11:51:55 INFO AddIdentifyResult: 29775,015512287169,-1,
2017-04-06 11:53:45 INFO AddIdentifyResult: 29776,015512287169,-1,
2017-04-06 11:56:26 INFO AddIdentifyResult: 29777,015512287169,-1,
2017-04-06 11:56:39 INFO AddIdentifyResult: 29777,015512287169,-3,
2017-04-06 11:58:06 INFO AddIdentifyResult: 29777,015512287169,12,
2017-04-06 11:58:13 INFO AddIdentifyResult: 29777,015512287169,10,reg/015512287169_0406115857|reg/015512287169_0406115857|reg/015512287169_
2017-04-06 11:58:13 INFO UpdateUserState: 015512287169,1
2017-04-06 11:58:17 INFO AddIdentifyResult: 29778,015512287169,-1,
2017-04-06 11:58:24 INFO AddIdentifyResult: 29778,015512287169,-3,
2017-04-06 11:59:27 INFO AddIdentifyResult: 29778,015512287169,0,ver/04/06/120053_015512287169.wav
2017-04-06 12:01:36 INFO AddIdentifyResult: 29779,015512285190,-1,
2017-04-06 12:01:44 INFO AddIdentifyResult: 29779,015512285190,-3,
2017-04-06 12:03:20 INFO AddIdentifyResult: 29779,015512285190,12,
2017-04-06 12:03:26 INFO AddIdentifyResult: 29779,015512285190,10,reg/015512285190_0406120402|reg/015512285190_0406120402|reg/015512285190_
2017-04-06 12:03:27 INFO UpdateUserState: 015512285190,1
2017-04-06 12:03:33 INFO AddIdentifyResult: 29780,015512285190,-1,
2017-04-06 12:03:37 INFO AddIdentifyResult: 29780,015512285190,-3,
2017-04-06 12:04:30 INFO AddIdentifyResult: 29780,015512285190,0,ver/04/06/120556_015512285190.wav
2017-04-06 12:05:07 INFO AddIdentifyResult: 29781,015231230169,-1,
2017-04-06 12:05:12 INFO AddIdentifyResult: 29781,015231230169,-3,
2017-04-06 12:05:21 INFO AddIdentifyResult: 29782,015612280103,-1,
2017-04-06 12:05:51 INFO AddIdentifyResult: 29783,015612280103,-1,
2017-04-06 12:07:02 INFO AddIdentifyResult: 29784,013673222436,-1,
2017-04-06 12:07:17 INFO AddIdentifyResult: 29784,013673222436,-3,
2017-04-06 12:07:28 INFO AddIdentifyResult: 29781,015231230169,12,
2017-04-06 12:07:35 INFO AddIdentifyResult: 29781,015231230169,10,reg/015231230169_0406120857|reg/015231230169_0406120857|reg/015231230169_0406120730
2017-04-06 12:07:35 INFO UpdateUserState: 015231230169,1
2017-04-06 12:07:36 INFO AddIdentifyResult: 29785,015231230169,-1,
2017-04-06 12:07:42 INFO AddIdentifyResult: 29785,015231230169,-3,
2017-04-06 12:08:33 INFO AddIdentifyResult: 29785,015231230169,0,ver/04/06/121000_015231230169.wav
2017-04-06 12:08:57 INFO AddIdentifyResult: 29784,013673222436,12,
2017-04-06 12:09:04 INFO AddIdentifyResult: 29784,013673222436,10,reg/013673222436_0406120935|reg/013673222436_0406120935|reg/013673222436_
2017-04-06 12:09:04 INFO UpdateUserState: 013673222436,1
2017-04-06 12:09:26 INFO AddIdentifyResult: 29786,013673222436,-1,
2017-04-06 12:09:36 INFO AddIdentifyResult: 29786,013673222436,-3,
2017-04-06 12:09:47 INFO AddIdentifyResult: 29787,015512282815,-1,
2017-04-06 12:10:00 INFO AddIdentifyResult: 29787,015512282815,-3,
2017-04-06 12:10:17 INFO AddIdentifyResult: 29788,015512280103,-1,
2017-04-06 12:10:24 INFO AddIdentifyResult: 29788,015512280103,-3,
2017-04-06 12:10:29 INFO AddIdentifyResult: 29786,013673222436,0,ver/04/06/121155_013673222436.wav
2017-04-06 12:11:56 INFO AddIdentifyResult: 29788,015512280103,12,
2017-04-06 12:12:00 INFO AddIdentifyResult: 29787,015512282815,12,
2017-04-06 12:12:03 INFO AddIdentifyResult: 29788,015512280103,10,reg/015512280103_0406121242|reg/015512280103_0406121242|reg/015512280103_
2017-04-06 12:12:03 INFO UpdateUserState: 015512280103,1
2017-04-06 12:12:12 INFO AddIdentifyResult: 29787,015512282815,10,reg/015512282815_0406121218|reg/015512282815_0406121218|reg/015512282815_
2017-04-06 12:12:12 INFO UpdateUserState: 015512282815,1
2017-04-06 12:12:17 INFO AddIdentifyResult: 29789,015512280103,-1,
2017-04-06 12:12:22 INFO AddIdentifyResult: 29789,015512280103,-3,
2017-04-06 12:12:30 INFO AddIdentifyResult: 29790,015512282815,-1,
2017-04-06 12:12:39 INFO AddIdentifyResult: 29790,015512282815,-3,
2017-04-06 12:12:53 INFO AddIdentifyResult: 29791,015512287960,-1,
2017-04-06 12:12:57 INFO AddIdentifyResult: 29791,015512287960,-3,
2017-04-06 12:13:16 INFO AddIdentifyResult: 29789,015512280103,0,ver/04/06/121441_015512280103.wav
2017-04-06 12:13:31 INFO AddIdentifyResult: 29790,015512282815,0,ver/04/06/121457_015512282815.wav
2017-04-06 12:15:26 INFO AddIdentifyResult: 29791,015512287960,12,
2017-04-06 12:15:34 INFO AddIdentifyResult: 29791,015512287960,10,reg/015512287960_0406121658|reg/015512287960_0406121658|reg/015512287960_0406121515
2017-04-06 12:15:34 INFO UpdateUserState: 015512287960,1
2017-04-06 12:15:47 INFO AddIdentifyResult: 29792,015512287960,-1,
2017-04-06 12:15:51 INFO AddIdentifyResult: 29792,015512287960,-3,
2017-04-06 12:16:42 INFO AddIdentifyResult: 29792,015512287960,0,ver/04/06/121809_015512287960.wav
2017-04-06 12:17:19 INFO AddIdentifyResult: 29793,015512286310,-1,
2017-04-06 12:17:25 INFO AddIdentifyResult: 29793,015512286310,-3,
2017-04-06 12:19:26 INFO AddIdentifyResult: 29793,015512286310,12,
2017-04-06 12:19:32 INFO AddIdentifyResult: 29793,015512286310,10,reg/015512286310_0406121943|reg/015512286310_0406121943|reg/015512286310_
2017-04-06 12:19:33 INFO UpdateUserState: 015512286310,1
2017-04-06 12:19:37 INFO AddIdentifyResult: 29794,015512286310,-1,
2017-04-06 12:19:42 INFO AddIdentifyResult: 29794,015512286310,-3,
2017-04-06 12:20:33 INFO AddIdentifyResult: 29794,015512286310,0,ver/04/06/122200_015512286310.wav
2017-04-06 12:21:56 INFO AddIdentifyResult: 29795,015512286913,-1,
2017-04-06 12:22:01 INFO AddIdentifyResult: 29795,015512286913,-3,
2017-04-06 12:22:03 INFO AddIdentifyResult: 29796,015512287550,-1,
2017-04-06 12:22:19 INFO AddIdentifyResult: 29796,015512287550,-3,
2017-04-06 12:23:05 INFO AddIdentifyResult: 29797,013463681508,-1,
2017-04-06 12:23:26 INFO AddIdentifyResult: 29797,013463681508,-3,
2017-04-06 12:24:00 INFO AddIdentifyResult: 29795,015512286913,12,
2017-04-06 12:24:07 INFO AddIdentifyResult: 29795,015512286913,10,reg/015512286913_0406122419|reg/015512286913_0406122419|reg/015512286913_
2017-04-06 12:24:08 INFO UpdateUserState: 015512286913,1
2017-04-06 12:24:08 INFO AddIdentifyResult: 29796,015512287550,12,
2017-04-06 12:24:13 INFO AddIdentifyResult: 29798,015512286913,-1,
2017-04-06 12:24:14 INFO AddIdentifyResult: 29796,015512287550,10,reg/015512287550_0406122437|reg/015512287550_0406122437|reg/015512287550_
2017-04-06 12:24:14 INFO UpdateUserState: 015512287550,1
2017-04-06 12:24:21 INFO AddIdentifyResult: 29798,015512286913,-3,
2017-04-06 12:24:25 INFO AddIdentifyResult: 29799,015512287550,-1,
2017-04-06 12:24:30 INFO AddIdentifyResult: 29799,015512287550,-3,
2017-04-06 12:24:49 INFO AddIdentifyResult: 29797,013463681508,11,reg/013463681508_|reg/013463681508_|reg/013463681508_
2017-04-06 12:25:05 INFO AddIdentifyResult: 29800,013463681508,-1,
2017-04-06 12:25:12 INFO AddIdentifyResult: 29800,013463681508,-3,
2017-04-06 12:25:13 INFO AddIdentifyResult: 29798,015512286913,0,ver/04/06/122639_015512286913.wav
2017-04-06 12:25:22 INFO AddIdentifyResult: 29799,015512287550,0,ver/04/06/122649_015512287550.wav
2017-04-06 12:26:09 INFO AddIdentifyResult: 29801,015512285970,-1,
2017-04-06 12:26:15 INFO AddIdentifyResult: 29801,015512285970,-3,
2017-04-06 12:26:55 INFO AddIdentifyResult: 29800,013463681508,12,
2017-04-06 12:27:01 INFO AddIdentifyResult: 29800,013463681508,10,reg/013463681508_0406122730|reg/013463681508_0406122730|reg/013463681508_
2017-04-06 12:27:01 INFO UpdateUserState: 013463681508,1
2017-04-06 12:27:26 INFO AddIdentifyResult: 29802,013463681508,-1,
2017-04-06 12:27:32 INFO AddIdentifyResult: 29802,013463681508,-3,
2017-04-06 12:28:02 INFO AddIdentifyResult: 29801,015512285970,12,
2017-04-06 12:28:09 INFO AddIdentifyResult: 29801,015512285970,10,reg/015512285970_0406122833|reg/015512285970_0406122833|reg/015512285970_
2017-04-06 12:28:10 INFO UpdateUserState: 015512285970,1
2017-04-06 12:28:21 INFO AddIdentifyResult: 29803,015512285970,-1,
2017-04-06 12:28:25 INFO AddIdentifyResult: 29802,013463681508,0,ver/04/06/122951_013463681508.wav
2017-04-06 12:28:26 INFO AddIdentifyResult: 29803,015512285970,-3,
2017-04-06 12:29:18 INFO AddIdentifyResult: 29803,015512285970,0,ver/04/06/123044_015512285970.wav
2017-04-06 12:30:11 INFO AddIdentifyResult: 29804,015512285633,-1,
2017-04-06 12:30:17 INFO AddIdentifyResult: 29804,015512285633,-3,
2017-04-06 12:31:57 INFO AddIdentifyResult: 29804,015512285633,12,
2017-04-06 12:32:04 INFO AddIdentifyResult: 29804,015512285633,10,reg/015512285633_0406123235|reg/015512285633_0406123235|reg/015512285633_
2017-04-06 12:32:04 INFO UpdateUserState: 015512285633,1
2017-04-06 12:32:12 INFO AddIdentifyResult: 29805,015512285633,-1,
2017-04-06 12:32:17 INFO AddIdentifyResult: 29805,015512285633,-3,
2017-04-06 12:32:31 INFO AddIdentifyResult: 29806,015512281620,-1,
2017-04-06 12:32:36 INFO AddIdentifyResult: 29806,015512281620,-3,
2017-04-06 12:33:09 INFO AddIdentifyResult: 29805,015512285633,0,ver/04/06/123435_015512285633.wav
2017-04-06 12:34:12 INFO AddIdentifyResult: 29806,015512281620,12,
2017-04-06 12:34:14 INFO AddIdentifyResult: 29807,013582056131,-1,
2017-04-06 12:34:18 INFO AddIdentifyResult: 29806,015512281620,10,reg/015512281620_0406123454|reg/015512281620_0406123454|reg/015512281620_
2017-04-06 12:34:18 INFO UpdateUserState: 015512281620,1
2017-04-06 12:34:21 INFO AddIdentifyResult: 29808,015512281620,-1,
2017-04-06 12:34:27 INFO AddIdentifyResult: 29808,015512281620,-3,
2017-04-06 12:34:38 INFO AddIdentifyResult: 29807,013582056131,-3,
2017-04-06 12:35:08 INFO AddIdentifyResult: 29809,015512285331,-1,
2017-04-06 12:35:15 INFO AddIdentifyResult: 29809,015512285331,-3,
2017-04-06 12:35:19 INFO AddIdentifyResult: 29808,015512281620,0,ver/04/06/123646_015512281620.wav
2017-04-06 12:35:52 INFO AddIdentifyResult: 29810,013473202782,-1,
2017-04-06 12:36:03 INFO AddIdentifyResult: 29810,013473202782,-3,
2017-04-06 12:36:27 INFO AddIdentifyResult: 29807,013582056131,12,
2017-04-06 12:36:35 INFO AddIdentifyResult: 29807,013582056131,10,reg/013582056131_0406123656|reg/013582056131_0406123656|reg/013582056131_
2017-04-06 12:36:35 INFO UpdateUserState: 013582056131,1
2017-04-06 12:36:53 INFO AddIdentifyResult: 29811,013582056131,-1,
2017-04-06 12:36:59 INFO AddIdentifyResult: 29811,013582056131,-3,
2017-04-06 12:37:12 INFO AddIdentifyResult: 29809,015512285331,12,
2017-04-06 12:37:19 INFO AddIdentifyResult: 29809,015512285331,10,reg/015512285331_0406123904|reg/015512285331_0406123904|reg/015512285331_0406123733
2017-04-06 12:37:19 INFO UpdateUserState: 015512285331,1
2017-04-06 12:37:32 INFO AddIdentifyResult: 29812,015512285331,-1,
2017-04-06 12:37:35 INFO AddIdentifyResult: 29812,015512285331,-3,
2017-04-06 12:37:52 INFO AddIdentifyResult: 29811,013582056131,0,ver/04/06/123918_013582056131.wav
2017-04-06 12:37:54 INFO AddIdentifyResult: 29810,013473202782,12,
2017-04-06 12:37:55 INFO AddIdentifyResult: 29813,015512287219,-1,
2017-04-06 12:38:01 INFO AddIdentifyResult: 29810,013473202782,10,reg/013473202782_0406123821|reg/013473202782_0406123821|reg/013473202782_
2017-04-06 12:38:01 INFO UpdateUserState: 013473202782,1
2017-04-06 12:38:02 INFO AddIdentifyResult: 29813,015512287219,-3,
2017-04-06 12:38:28 INFO AddIdentifyResult: 29812,015512285331,0,ver/04/06/123954_015512285331.wav
2017-04-06 12:38:33 INFO AddIdentifyResult: 29814,013473202782,-1,
2017-04-06 12:38:44 INFO AddIdentifyResult: 29814,013473202782,-3,
2017-04-06 12:39:37 INFO AddIdentifyResult: 29814,013473202782,0,ver/04/06/124103_013473202782.wav
2017-04-06 12:39:43 INFO AddIdentifyResult: 29813,015512287219,12,
2017-04-06 12:39:51 INFO AddIdentifyResult: 29813,015512287219,10,reg/015512287219_0406124020|reg/015512287219_0406124020|reg/015512287219_
2017-04-06 12:39:51 INFO UpdateUserState: 015512287219,1
2017-04-06 12:39:56 INFO AddIdentifyResult: 29815,015512287219,-1,
2017-04-06 12:40:03 INFO AddIdentifyResult: 29815,015512287219,-3,
2017-04-06 12:40:49 INFO AddIdentifyResult: 29816,015512286391,-1,
2017-04-06 12:40:54 INFO AddIdentifyResult: 29816,015512286391,-3,
2017-04-06 12:40:55 INFO AddIdentifyResult: 29815,015512287219,0,ver/04/06/124221_015512287219.wav
2017-04-06 12:41:41 INFO AddIdentifyResult: 29817,015512283287,-1,
2017-04-06 12:41:49 INFO AddIdentifyResult: 29817,015512283287,-3,
2017-04-06 12:42:29 INFO AddIdentifyResult: 29816,015512286391,12,
2017-04-06 12:42:36 INFO AddIdentifyResult: 29816,015512286391,10,reg/015512286391_0406124312|reg/015512286391_0406124312|reg/015512286391_
2017-04-06 12:42:36 INFO UpdateUserState: 015512286391,1
2017-04-06 12:43:23 INFO AddIdentifyResult: 29817,015512283287,12,
2017-04-06 12:43:30 INFO AddIdentifyResult: 29817,015512283287,10,reg/015512283287_0406124407|reg/015512283287_0406124407|reg/015512283287_
2017-04-06 12:43:30 INFO UpdateUserState: 015512283287,1
2017-04-06 12:43:37 INFO AddIdentifyResult: 29818,015512283287,-1,
2017-04-06 12:43:41 INFO AddIdentifyResult: 29819,015512286391,-1,
2017-04-06 12:43:43 INFO AddIdentifyResult: 29818,015512283287,-3,
2017-04-06 12:43:48 INFO AddIdentifyResult: 29819,015512286391,-3,
2017-04-06 12:44:36 INFO AddIdentifyResult: 29818,015512283287,0,ver/04/06/124602_015512283287.wav
2017-04-06 12:44:40 INFO AddIdentifyResult: 29819,015512286391,0,ver/04/06/124606_015512286391.wav
2017-04-06 12:45:17 INFO AddIdentifyResult: 29820,015512283287,-1,
2017-04-06 12:45:33 INFO AddIdentifyResult: 29820,015512283287,-3,
2017-04-06 12:46:25 INFO AddIdentifyResult: 29820,015512283287,1,ver/04/06/124751_015512283287.wav
2017-04-06 12:46:25 INFO AddIdentifyResult: 29821,015512282019,-1,
2017-04-06 12:46:40 INFO AddIdentifyResult: 29821,015512282019,-3,
2017-04-06 12:46:42 INFO AddIdentifyResult: 29822,015230283461,-1,
2017-04-06 12:46:50 INFO AddIdentifyResult: 29822,015230283461,-3,
2017-04-06 12:47:20 INFO AddIdentifyResult: 29823,015512281526,-1,
2017-04-06 12:47:25 INFO AddIdentifyResult: 29823,015512281526,-3,
2017-04-06 12:48:22 INFO AddIdentifyResult: 29822,015230283461,12,
2017-04-06 12:48:25 INFO AddIdentifyResult: 29821,015512282019,12,
2017-04-06 12:48:28 INFO AddIdentifyResult: 29822,015230283461,10,reg/015230283461_0406124907|reg/015230283461_0406124907|reg/015230283461_
2017-04-06 12:48:29 INFO UpdateUserState: 015230283461,1
2017-04-06 12:48:35 INFO AddIdentifyResult: 29821,015512282019,10,reg/015512282019_0406124858|reg/015512282019_0406124858|reg/015512282019_
2017-04-06 12:48:35 INFO UpdateUserState: 015512282019,1
2017-04-06 12:48:37 INFO AddIdentifyResult: 29824,015230283461,-1,
2017-04-06 12:48:45 INFO AddIdentifyResult: 29824,015230283461,-3,
2017-04-06 12:49:08 INFO AddIdentifyResult: 29825,015512282019,-1,
2017-04-06 12:49:20 INFO AddIdentifyResult: 29825,015512282019,-3,
2017-04-06 12:49:37 INFO AddIdentifyResult: 29824,015230283461,0,ver/04/06/125104_015230283461.wav
2017-04-06 12:50:06 INFO AddIdentifyResult: 29823,015512281526,12,
2017-04-06 12:50:11 INFO AddIdentifyResult: 29825,015512282019,0,ver/04/06/125138_015512282019.wav
2017-04-06 12:50:13 INFO AddIdentifyResult: 29823,015512281526,10,reg/015512281526_0406125141|reg/015512281526_0406125141|reg/015512281526_0406124943
2017-04-06 12:50:13 INFO UpdateUserState: 015512281526,1
2017-04-06 12:50:20 INFO AddIdentifyResult: 29826,015512281526,-1,
2017-04-06 12:50:25 INFO AddIdentifyResult: 29826,015512281526,-3,
2017-04-06 12:51:16 INFO AddIdentifyResult: 29826,015512281526,0,ver/04/06/125243_015512281526.wav
2017-04-06 12:53:40 INFO AddIdentifyResult: 29827,018244626134,-1,
2017-04-06 12:53:50 INFO AddIdentifyResult: 29827,018244626134,-3,
2017-04-06 12:54:00 INFO AddIdentifyResult: 29828,015194890328,-1,
2017-04-06 12:54:11 INFO AddIdentifyResult: 29828,015194890328,-3,
2017-04-06 12:55:25 INFO AddIdentifyResult: 29829,015512286509,-1,
2017-04-06 12:55:30 INFO AddIdentifyResult: 29829,015512286509,-3,
2017-04-06 12:55:35 INFO AddIdentifyResult: 29830,015512283865,-1,
2017-04-06 12:55:41 INFO AddIdentifyResult: 29830,015512283865,-3,
2017-04-06 12:56:15 INFO AddIdentifyResult: 29828,015194890328,12,
2017-04-06 12:56:22 INFO AddIdentifyResult: 29828,015194890328,10,reg/015194890328_0406125803|reg/015194890328_0406125803|reg/015194890328_0406125628
2017-04-06 12:56:22 INFO UpdateUserState: 015194890328,1
2017-04-06 12:56:32 INFO AddIdentifyResult: 29831,015194890328,-1,
2017-04-06 12:56:43 INFO AddIdentifyResult: 29831,015194890328,-3,
2017-04-06 12:56:50 INFO AddIdentifyResult: 29827,018244626134,11,reg/018244626134_|reg/018244626134_|reg/018244626134_
2017-04-06 12:57:25 INFO AddIdentifyResult: 29829,015512286509,12,
2017-04-06 12:57:33 INFO AddIdentifyResult: 29829,015512286509,10,reg/015512286509_0406125748|reg/015512286509_0406125748|reg/015512286509_
2017-04-06 12:57:33 INFO UpdateUserState: 015512286509,1
2017-04-06 12:57:34 INFO AddIdentifyResult: 29831,015194890328,0,ver/04/06/125901_015194890328.wav
2017-04-06 12:57:43 INFO AddIdentifyResult: 29832,015512286509,-1,
2017-04-06 12:57:48 INFO AddIdentifyResult: 29832,015512286509,-3,
2017-04-06 12:57:52 INFO AddIdentifyResult: 29830,015512283865,12,
2017-04-06 12:58:00 INFO AddIdentifyResult: 29830,015512283865,10,reg/015512283865_0406125759|reg/015512283865_0406125759|reg/015512283865_
2017-04-06 12:58:00 INFO UpdateUserState: 015512283865,1
2017-04-06 12:58:03 INFO AddIdentifyResult: 29833,015512287309,-1,
2017-04-06 12:58:08 INFO AddIdentifyResult: 29834,015512283865,-1,
2017-04-06 12:58:08 INFO AddIdentifyResult: 29833,015512287309,-3,
2017-04-06 12:58:13 INFO AddIdentifyResult: 29834,015512283865,-3,
2017-04-06 12:58:39 INFO AddIdentifyResult: 29832,015512286509,0,ver/04/06/130006_015512286509.wav
2017-04-06 12:59:04 INFO AddIdentifyResult: 29834,015512283865,0,ver/04/06/130031_015512283865.wav
2017-04-06 12:59:36 INFO AddIdentifyResult: 29835,015175305854,-1,
2017-04-06 12:59:44 INFO AddIdentifyResult: 29833,015512287309,12,
2017-04-06 12:59:44 INFO AddIdentifyResult: 29835,015175305854,-3,
2017-04-06 12:59:51 INFO AddIdentifyResult: 29833,015512287309,10,reg/015512287309_0406130026|reg/015512287309_0406130026|reg/015512287309_
2017-04-06 12:59:51 INFO UpdateUserState: 015512287309,1
2017-04-06 12:59:53 INFO AddIdentifyResult: 29836,015512287309,-1,
2017-04-06 12:59:57 INFO AddIdentifyResult: 29836,015512287309,-3,
2017-04-06 13:00:50 INFO AddIdentifyResult: 29836,015512287309,0,ver/04/06/130216_015512287309.wav
2017-04-06 13:01:42 INFO AddIdentifyResult: 29835,015175305854,12,
2017-04-06 13:01:50 INFO AddIdentifyResult: 29835,015175305854,10,reg/015175305854_0406130202|reg/015175305854_0406130202|reg/015175305854_
2017-04-06 13:01:50 INFO UpdateUserState: 015175305854,1
2017-04-06 13:01:52 INFO AddIdentifyResult: 29837,015175305854,-1,
2017-04-06 13:02:00 INFO AddIdentifyResult: 29838,018333247520,-1,
2017-04-06 13:02:03 INFO AddIdentifyResult: 29837,015175305854,-3,
2017-04-06 13:02:05 INFO AddIdentifyResult: 29839,015512286615,-1,
2017-04-06 13:02:08 INFO AddIdentifyResult: 29838,018333247520,-3,
2017-04-06 13:02:11 INFO AddIdentifyResult: 29839,015512286615,-3,
2017-04-06 13:02:56 INFO AddIdentifyResult: 29837,015175305854,0,ver/04/06/130422_015175305854.wav
2017-04-06 13:04:11 INFO AddIdentifyResult: 29838,018333247520,12,
2017-04-06 13:04:12 INFO AddIdentifyResult: 29840,015512285681,-1,
2017-04-06 13:04:17 INFO AddIdentifyResult: 29839,015512286615,12,
2017-04-06 13:04:18 INFO AddIdentifyResult: 29838,018333247520,10,reg/018333247520_0406130426|reg/018333247520_0406130426|reg/018333247520_
2017-04-06 13:04:18 INFO UpdateUserState: 018333247520,1
2017-04-06 13:04:19 INFO AddIdentifyResult: 29840,015512285681,-3,
2017-04-06 13:04:25 INFO AddIdentifyResult: 29839,015512286615,10,reg/015512286615_0406130429|reg/015512286615_0406130429|reg/015512286615_
2017-04-06 13:04:26 INFO UpdateUserState: 015512286615,1
2017-04-06 13:04:30 INFO AddIdentifyResult: 29841,015512286615,-1,
2017-04-06 13:04:32 INFO AddIdentifyResult: 29842,018333247520,-1,
2017-04-06 13:04:36 INFO AddIdentifyResult: 29841,015512286615,-3,
2017-04-06 13:04:39 INFO AddIdentifyResult: 29842,018333247520,-3,
2017-04-06 13:05:28 INFO AddIdentifyResult: 29841,015512286615,0,ver/04/06/130655_015512286615.wav
2017-04-06 13:05:31 INFO AddIdentifyResult: 29842,018333247520,0,ver/04/06/130658_018333247520.wav
2017-04-06 13:05:52 INFO AddIdentifyResult: 29840,015512285681,12,
2017-04-06 13:05:59 INFO AddIdentifyResult: 29840,015512285681,10,reg/015512285681_0406130637|reg/015512285681_0406130637|reg/015512285681_
2017-04-06 13:06:00 INFO UpdateUserState: 015512285681,1
2017-04-06 13:06:01 INFO AddIdentifyResult: 29843,015512289861,-1,
2017-04-06 13:06:08 INFO AddIdentifyResult: 29843,015512289861,-3,
2017-04-06 13:06:11 INFO AddIdentifyResult: 29844,015512285681,-1,
2017-04-06 13:06:16 INFO AddIdentifyResult: 29844,015512285681,-3,
2017-04-06 13:07:08 INFO AddIdentifyResult: 29844,015512285681,0,ver/04/06/130834_015512285681.wav
2017-04-06 13:09:00 INFO AddIdentifyResult: 29843,015512289861,12,
2017-04-06 13:09:06 INFO AddIdentifyResult: 29843,015512289861,10,reg/015512289861_0406131043|reg/015512289861_0406131043|reg/015512289861_0406130826
2017-04-06 13:09:06 INFO UpdateUserState: 015512289861,1
2017-04-06 13:09:19 INFO AddIdentifyResult: 29845,015931856740,-1,
2017-04-06 13:09:22 INFO AddIdentifyResult: 29846,015512289861,-1,
2017-04-06 13:09:26 INFO AddIdentifyResult: 29846,015512289861,-3,
2017-04-06 13:09:26 INFO AddIdentifyResult: 29845,015931856740,-3,
2017-04-06 13:10:17 INFO AddIdentifyResult: 29846,015512289861,1,ver/04/06/131144_015512289861.wav
2017-04-06 13:10:58 INFO AddIdentifyResult: 29845,015931856740,12,
2017-04-06 13:11:05 INFO AddIdentifyResult: 29845,015931856740,10,reg/015931856740_0406131144|reg/015931856740_0406131144|reg/015931856740_
2017-04-06 13:11:06 INFO UpdateUserState: 015931856740,1
2017-04-06 13:11:11 INFO AddIdentifyResult: 29846,015512289861,2,ver/04/06/131237_015512289861.wav
2017-04-06 13:11:16 INFO AddIdentifyResult: 29847,015931856740,-1,
2017-04-06 13:11:23 INFO AddIdentifyResult: 29847,015931856740,-3,
2017-04-06 13:11:25 INFO AddIdentifyResult: 29848,015512289861,-1,
2017-04-06 13:11:30 INFO AddIdentifyResult: 29848,015512289861,-3,
2017-04-06 13:12:15 INFO AddIdentifyResult: 29847,015931856740,0,ver/04/06/131341_015931856740.wav
2017-04-06 13:12:22 INFO AddIdentifyResult: 29848,015512289861,0,ver/04/06/131349_015512289861.wav
2017-04-06 14:09:55 INFO AddIdentifyResult: 29849,015175733104,-1,
2017-04-06 14:10:05 INFO AddIdentifyResult: 29849,015175733104,-3,
2017-04-06 14:12:12 INFO AddIdentifyResult: 29849,015175733104,12,
2017-04-06 14:12:23 INFO AddIdentifyResult: 29849,015175733104,10,reg/015175733104_0406141223|reg/015175733104_0406141223|reg/015175733104_
2017-04-06 14:12:23 INFO UpdateUserState: 015175733104,1
2017-04-06 14:12:26 INFO AddIdentifyResult: 29850,015175733104,-1,
2017-04-06 14:12:41 INFO AddIdentifyResult: 29850,015175733104,-3,
2017-04-06 14:13:34 INFO AddIdentifyResult: 29850,015175733104,0,ver/04/06/141500_015175733104.wav
2017-04-06 14:14:07 INFO AddIdentifyResult: 29851,015512280590,-1,
2017-04-06 14:14:16 INFO AddIdentifyResult: 29851,015512280590,-3,
2017-04-06 14:15:34 INFO AddIdentifyResult: 29852,013026542711,-1,
2017-04-06 14:15:42 INFO AddIdentifyResult: 29852,013026542711,-3,
2017-04-06 14:16:04 INFO AddIdentifyResult: 29851,015512280590,12,
2017-04-06 14:16:12 INFO AddIdentifyResult: 29851,015512280590,10,reg/015512280590_0406141634|reg/015512280590_0406141634|reg/015512280590_
2017-04-06 14:16:12 INFO UpdateUserState: 015512280590,1
2017-04-06 14:16:15 INFO AddIdentifyResult: 29853,015512280590,-1,
2017-04-06 14:16:20 INFO AddIdentifyResult: 29853,015512280590,-3,
2017-04-06 14:17:12 INFO AddIdentifyResult: 29853,015512280590,0,ver/04/06/141838_015512280590.wav
2017-04-06 14:17:43 INFO AddIdentifyResult: 29852,013026542711,12,
2017-04-06 14:17:50 INFO AddIdentifyResult: 29852,013026542711,10,reg/013026542711_0406141934|reg/013026542711_0406141934|reg/013026542711_0406141800
2017-04-06 14:17:50 INFO UpdateUserState: 013026542711,1
2017-04-06 14:18:28 INFO AddIdentifyResult: 29854,013884916180,-1,
2017-04-06 14:18:36 INFO AddIdentifyResult: 29854,013884916180,-3,
2017-04-06 14:18:37 INFO AddIdentifyResult: 29855,015003323952,-1,
2017-04-06 14:18:50 INFO AddIdentifyResult: 29855,015003323952,-3,
2017-04-06 14:20:12 INFO AddIdentifyResult: 29854,013884916180,12,
2017-04-06 14:20:19 INFO AddIdentifyResult: 29854,013884916180,10,reg/013884916180_0406142054|reg/013884916180_0406142054|reg/013884916180_
2017-04-06 14:20:19 INFO UpdateUserState: 013884916180,1
2017-04-06 14:20:50 INFO AddIdentifyResult: 29855,015003323952,12,
2017-04-06 14:20:58 INFO AddIdentifyResult: 29855,015003323952,10,reg/015003323952_0406142108|reg/015003323952_0406142108|reg/015003323952_
2017-04-06 14:20:59 INFO UpdateUserState: 015003323952,1
2017-04-06 14:21:06 INFO AddIdentifyResult: 29856,015003323952,-1,
2017-04-06 14:21:22 INFO AddIdentifyResult: 29857,013026542711,-1,
2017-04-06 14:21:28 INFO AddIdentifyResult: 29857,013026542711,-3,
2017-04-06 14:21:30 INFO AddIdentifyResult: 29858,015003323952,-1,
2017-04-06 14:21:40 INFO AddIdentifyResult: 29858,015003323952,-3,
2017-04-06 14:22:20 INFO AddIdentifyResult: 29857,013026542711,0,ver/04/06/142347_013026542711.wav
2017-04-06 14:22:33 INFO AddIdentifyResult: 29858,015003323952,0,ver/04/06/142359_015003323952.wav
2017-04-06 14:23:39 INFO AddIdentifyResult: 29859,013653127413,-1,
2017-04-06 14:23:48 INFO AddIdentifyResult: 29859,013653127413,-3,
2017-04-06 14:25:44 INFO AddIdentifyResult: 29859,013653127413,12,
2017-04-06 14:25:54 INFO AddIdentifyResult: 29859,013653127413,10,reg/013653127413_0406142606|reg/013653127413_0406142606|reg/013653127413_
2017-04-06 14:25:54 INFO UpdateUserState: 013653127413,1
2017-04-06 14:26:03 INFO AddIdentifyResult: 29860,013653127413,-1,
2017-04-06 14:26:12 INFO AddIdentifyResult: 29860,013653127413,-3,
2017-04-06 14:27:05 INFO AddIdentifyResult: 29860,013653127413,0,ver/04/06/142831_013653127413.wav
2017-04-06 14:29:04 INFO AddIdentifyResult: 29861,013026543526,-1,
2017-04-06 14:29:14 INFO AddIdentifyResult: 29861,013026543526,-3,
2017-04-06 14:29:48 INFO AddIdentifyResult: 29862,015831269461,-1,
2017-04-06 14:30:03 INFO AddIdentifyResult: 29862,015831269461,-3,
2017-04-06 14:31:43 INFO AddIdentifyResult: 29862,015831269461,12,
2017-04-06 14:31:50 INFO AddIdentifyResult: 29862,015831269461,10,reg/015831269461_0406143221|reg/015831269461_0406143221|reg/015831269461_
2017-04-06 14:31:50 INFO UpdateUserState: 015831269461,1
2017-04-06 14:31:54 INFO AddIdentifyResult: 29863,015831269461,-1,
2017-04-06 14:32:03 INFO AddIdentifyResult: 29863,015831269461,-3,
2017-04-06 14:32:28 INFO AddIdentifyResult: 29864,013280373531,-1,
2017-04-06 14:32:30 INFO AddIdentifyResult: 29861,013026543526,12,
2017-04-06 14:32:36 INFO AddIdentifyResult: 29864,013280373531,-3,
2017-04-06 14:32:39 INFO AddIdentifyResult: 29861,013026543526,10,reg/013026543526_0406143132|reg/013026543526_0406143132|reg/013026543526_
2017-04-06 14:32:39 INFO UpdateUserState: 013026543526,1
2017-04-06 14:32:55 INFO AddIdentifyResult: 29863,015831269461,0,ver/04/06/143421_015831269461.wav
2017-04-06 14:35:07 INFO AddIdentifyResult: 29865,015175754631,-1,
2017-04-06 14:35:43 INFO AddIdentifyResult: 29866,015175754637,-1,
2017-04-06 14:35:54 INFO AddIdentifyResult: 29866,015175754637,-3,
2017-04-06 14:37:20 INFO AddIdentifyResult: 29864,013280373531,12,
2017-04-06 14:37:38 INFO AddIdentifyResult: 29864,013280373531,10,reg/013280373531_0406143455|reg/013280373531_0406143455|reg/013280373531_
2017-04-06 14:37:38 INFO UpdateUserState: 013280373531,1
2017-04-06 14:37:42 INFO AddIdentifyResult: 29866,015175754637,12,
2017-04-06 14:37:49 INFO AddIdentifyResult: 29866,015175754637,10,reg/015175754637_0406143812|reg/015175754637_0406143812|reg/015175754637_
2017-04-06 14:37:49 INFO UpdateUserState: 015175754637,1
2017-04-06 14:37:53 INFO AddIdentifyResult: 29867,015175754637,-1,
2017-04-06 14:38:01 INFO AddIdentifyResult: 29867,015175754637,-3,
2017-04-06 14:38:22 INFO AddIdentifyResult: 29868,013280373531,-1,
2017-04-06 14:38:31 INFO AddIdentifyResult: 29868,013280373531,-3,
2017-04-06 14:38:49 INFO AddIdentifyResult: 29869,013026543086,-1,
2017-04-06 14:38:53 INFO AddIdentifyResult: 29867,015175754637,0,ver/04/06/144020_015175754637.wav
2017-04-06 14:38:55 INFO AddIdentifyResult: 29869,013026543086,-3,
2017-04-06 14:39:12 INFO AddIdentifyResult: 29870,015512286531,-1,
2017-04-06 14:39:17 INFO AddIdentifyResult: 29870,015512286531,-3,
2017-04-06 14:39:23 INFO AddIdentifyResult: 29868,013280373531,0,ver/04/06/144050_013280373531.wav
2017-04-06 14:40:39 INFO AddIdentifyResult: 29869,013026543086,12,
2017-04-06 14:40:45 INFO AddIdentifyResult: 29869,013026543086,10,reg/013026543086_0406144113|reg/013026543086_0406144113|reg/013026543086_
2017-04-06 14:40:46 INFO UpdateUserState: 013026543086,1
2017-04-06 14:40:49 INFO AddIdentifyResult: 29871,015254624491,-1,
2017-04-06 14:40:57 INFO AddIdentifyResult: 29871,015254624491,-3,
2017-04-06 14:41:04 INFO AddIdentifyResult: 29870,015512286531,12,
2017-04-06 14:41:11 INFO AddIdentifyResult: 29870,015512286531,10,reg/015512286531_0406144136|reg/015512286531_0406144136|reg/015512286531_
2017-04-06 14:41:11 INFO UpdateUserState: 015512286531,1
2017-04-06 14:41:11 INFO AddIdentifyResult: 29872,015512286531,-1,
2017-04-06 14:41:16 INFO AddIdentifyResult: 29872,015512286531,-3,
2017-04-06 14:42:08 INFO AddIdentifyResult: 29872,015512286531,0,ver/04/06/144335_015512286531.wav
2017-04-06 14:42:34 INFO AddIdentifyResult: 29871,015254624491,12,
2017-04-06 14:42:41 INFO AddIdentifyResult: 29871,015254624491,10,reg/015254624491_0406144316|reg/015254624491_0406144316|reg/015254624491_
2017-04-06 14:42:42 INFO UpdateUserState: 015254624491,1
2017-04-06 14:43:11 INFO AddIdentifyResult: 29873,015254624491,-1,
2017-04-06 14:43:20 INFO AddIdentifyResult: 29873,015254624491,-3,
2017-04-06 14:44:01 INFO AddIdentifyResult: 29874,015713324378,-1,
2017-04-06 14:44:08 INFO AddIdentifyResult: 29874,015713324378,-3,
2017-04-06 14:44:12 INFO AddIdentifyResult: 29873,015254624491,0,ver/04/06/144538_015254624491.wav
2017-04-06 14:46:09 INFO AddIdentifyResult: 29874,015713324378,12,
2017-04-06 14:46:18 INFO AddIdentifyResult: 29874,015713324378,10,reg/015713324378_0406144626|reg/015713324378_0406144626|reg/015713324378_
2017-04-06 14:46:18 INFO UpdateUserState: 015713324378,1
2017-04-06 14:46:22 INFO AddIdentifyResult: 29875,015713324378,-1,
2017-04-06 14:46:29 INFO AddIdentifyResult: 29875,015713324378,-3,
2017-04-06 14:47:22 INFO AddIdentifyResult: 29875,015713324378,0,ver/04/06/144848_015713324378.wav
2017-04-06 14:47:41 INFO AddIdentifyResult: 29876,015512281653,-1,
2017-04-06 14:47:48 INFO AddIdentifyResult: 29876,015512281653,-3,
2017-04-06 14:49:15 INFO AddIdentifyResult: 29876,015512281653,12,
2017-04-06 14:49:21 INFO AddIdentifyResult: 29876,015512281653,10,reg/015512281653_0406145006|reg/015512281653_0406145006|reg/015512281653_
2017-04-06 14:49:22 INFO UpdateUserState: 015512281653,1
2017-04-06 14:49:23 INFO AddIdentifyResult: 29877,015512281653,-1,
2017-04-06 14:49:30 INFO AddIdentifyResult: 29877,015512281653,-3,
2017-04-06 14:50:21 INFO AddIdentifyResult: 29877,015512281653,0,ver/04/06/145148_015512281653.wav
2017-04-06 14:51:14 INFO AddIdentifyResult: 29878,015512287685,-1,
2017-04-06 14:51:21 INFO AddIdentifyResult: 29878,015512287685,-3,
2017-04-06 14:51:25 INFO AddIdentifyResult: 29879,015512286783,-1,
2017-04-06 14:51:33 INFO AddIdentifyResult: 29879,015512286783,-3,
2017-04-06 14:52:08 INFO AddIdentifyResult: 29880,013026543165,-1,
2017-04-06 14:52:47 INFO AddIdentifyResult: 29881,013026543165,-1,
2017-04-06 14:52:52 INFO AddIdentifyResult: 29881,013026543165,-3,
2017-04-06 14:53:33 INFO AddIdentifyResult: 29878,015512287685,12,
2017-04-06 14:53:41 INFO AddIdentifyResult: 29882,015512287685,-4,2
2017-04-06 14:53:41 INFO AddIdentifyResult: 29878,015512287685,10,reg/015512287685_0406145339|reg/015512287685_0406145339|reg/015512287685_
2017-04-06 14:53:41 INFO UpdateUserState: 015512287685,1
2017-04-06 14:53:43 INFO AddIdentifyResult: 29879,015512286783,12,
2017-04-06 14:53:50 INFO AddIdentifyResult: 29883,015512287685,-1,
2017-04-06 14:53:50 INFO AddIdentifyResult: 29879,015512286783,10,reg/015512286783_0406145525|reg/015512286783_0406145525|reg/015512286783_0406145352
2017-04-06 14:53:51 INFO UpdateUserState: 015512286783,1
2017-04-06 14:53:55 INFO AddIdentifyResult: 29883,015512287685,-3,
2017-04-06 14:54:01 INFO AddIdentifyResult: 29884,015512286783,-1,
2017-04-06 14:54:05 INFO AddIdentifyResult: 29884,015512286783,-3,
2017-04-06 14:54:47 INFO AddIdentifyResult: 29883,015512287685,0,ver/04/06/145614_015512287685.wav
2017-04-06 14:54:57 INFO AddIdentifyResult: 29884,015512286783,0,ver/04/06/145624_015512286783.wav
2017-04-06 14:55:15 INFO AddIdentifyResult: 29881,013026543165,12,
2017-04-06 14:55:22 INFO AddIdentifyResult: 29881,013026543165,10,reg/013026543165_0406145510|reg/013026543165_0406145510|reg/013026543165_
2017-04-06 14:55:22 INFO UpdateUserState: 013026543165,1
2017-04-06 14:55:52 INFO AddIdentifyResult: 29885,013780767376,-1,
2017-04-06 14:56:15 INFO AddIdentifyResult: 29885,013780767376,-3,
2017-04-06 14:56:37 INFO AddIdentifyResult: 29886,015512283630,-1,
2017-04-06 14:56:43 INFO AddIdentifyResult: 29886,015512283630,-3,
2017-04-06 14:57:57 INFO AddIdentifyResult: 29887,015933797084,-1,
2017-04-06 14:58:10 INFO AddIdentifyResult: 29887,015933797084,-3,
2017-04-06 14:58:41 INFO AddIdentifyResult: 29885,013780767376,11,reg/013780767376_|reg/013780767376_|reg/013780767376_
2017-04-06 14:58:53 INFO AddIdentifyResult: 29888,013780767376,-1,
2017-04-06 14:58:59 INFO AddIdentifyResult: 29888,013780767376,-3,
2017-04-06 14:59:15 INFO AddIdentifyResult: 29886,015512283630,12,
2017-04-06 14:59:23 INFO AddIdentifyResult: 29886,015512283630,10,reg/015512283630_0406150033|reg/015512283630_0406150033|reg/015512283630_0406145902
2017-04-06 14:59:23 INFO UpdateUserState: 015512283630,1
2017-04-06 14:59:24 INFO AddIdentifyResult: 29889,015512283630,-1,
2017-04-06 14:59:32 INFO AddIdentifyResult: 29889,015512283630,-3,
2017-04-06 14:59:58 INFO AddIdentifyResult: 29887,015933797084,12,
2017-04-06 15:00:05 INFO AddIdentifyResult: 29887,015933797084,10,reg/015933797084_0406150149|reg/015933797084_0406150149|reg/015933797084_0406150028
2017-04-06 15:00:06 INFO UpdateUserState: 015933797084,1
2017-04-06 15:00:16 INFO AddIdentifyResult: 29890,015933797084,-1,
2017-04-06 15:00:23 INFO AddIdentifyResult: 29890,015933797084,-3,
2017-04-06 15:00:24 INFO AddIdentifyResult: 29889,015512283630,0,ver/04/06/150151_015512283630.wav
2017-04-06 15:01:03 INFO AddIdentifyResult: 29888,013780767376,12,
2017-04-06 15:01:11 INFO AddIdentifyResult: 29888,013780767376,10,reg/013780767376_0406150118|reg/013780767376_0406150118|reg/013780767376_
2017-04-06 15:01:11 INFO UpdateUserState: 013780767376,1
2017-04-06 15:01:16 INFO AddIdentifyResult: 29890,015933797084,0,ver/04/06/150242_015933797084.wav
2017-04-06 15:01:48 INFO AddIdentifyResult: 29891,013287307752,-1,
2017-04-06 15:01:58 INFO AddIdentifyResult: 29891,013287307752,-3,
2017-04-06 15:02:03 INFO AddIdentifyResult: 29892,015512287926,-1,
2017-04-06 15:02:09 INFO AddIdentifyResult: 29892,015512287926,-3,
2017-04-06 15:03:53 INFO AddIdentifyResult: 29891,013287307752,12,
2017-04-06 15:03:59 INFO AddIdentifyResult: 29891,013287307752,10,reg/013287307752_0406150542|reg/013287307752_0406150542|reg/013287307752_0406150417
2017-04-06 15:03:59 INFO UpdateUserState: 013287307752,1
2017-04-06 15:04:28 INFO AddIdentifyResult: 29892,015512287926,12,
2017-04-06 15:04:35 INFO AddIdentifyResult: 29893,013287307752,-1,
2017-04-06 15:04:36 INFO AddIdentifyResult: 29892,015512287926,10,reg/015512287926_0406150600|reg/015512287926_0406150600|reg/015512287926_0406150427
2017-04-06 15:04:37 INFO UpdateUserState: 015512287926,1
2017-04-06 15:04:45 INFO AddIdentifyResult: 29893,013287307752,-3,
2017-04-06 15:05:11 INFO AddIdentifyResult: 29894,015512287926,-1,
2017-04-06 15:05:18 INFO AddIdentifyResult: 29894,015512287926,-3,
2017-04-06 15:05:35 INFO AddIdentifyResult: 29893,013287307752,0,ver/04/06/150703_013287307752.wav
2017-04-06 15:06:10 INFO AddIdentifyResult: 29894,015512287926,0,ver/04/06/150737_015512287926.wav
2017-04-06 15:07:10 INFO AddIdentifyResult: 29895,013287307752,-1,
2017-04-06 15:07:15 INFO AddIdentifyResult: 29896,015512281157,-1,
2017-04-06 15:07:20 INFO AddIdentifyResult: 29895,013287307752,-3,
2017-04-06 15:07:22 INFO AddIdentifyResult: 29896,015512281157,-3,
2017-04-06 15:08:48 INFO AddIdentifyResult: 29897,013026541892,-1,
2017-04-06 15:08:54 INFO AddIdentifyResult: 29897,013026541892,-3,
2017-04-06 15:08:54 INFO AddIdentifyResult: 29898,015512287108,-1,
2017-04-06 15:09:00 INFO AddIdentifyResult: 29898,015512287108,-3,
2017-04-06 15:09:21 INFO AddIdentifyResult: 29895,013287307752,12,
2017-04-06 15:09:22 INFO AddIdentifyResult: 29896,015512281157,12,
2017-04-06 15:09:28 INFO AddIdentifyResult: 29895,013287307752,10,reg/013287307752_0406150939|reg/013287307752_0406150939|reg/013287307752_
2017-04-06 15:09:28 INFO UpdateUserState: 013287307752,1
2017-04-06 15:09:32 INFO AddIdentifyResult: 29899,013287307752,-1,
2017-04-06 15:09:35 INFO AddIdentifyResult: 29896,015512281157,10,reg/015512281157_0406151113|reg/015512281157_0406151113|reg/015512281157_0406150940
2017-04-06 15:09:35 INFO UpdateUserState: 015512281157,1
2017-04-06 15:09:42 INFO AddIdentifyResult: 29899,013287307752,-3,
2017-04-06 15:09:42 INFO AddIdentifyResult: 29900,015512281157,-1,
2017-04-06 15:09:47 INFO AddIdentifyResult: 29900,015512281157,-3,
2017-04-06 15:10:32 INFO AddIdentifyResult: 29899,013287307752,0,ver/04/06/151200_013287307752.wav
2017-04-06 15:10:39 INFO AddIdentifyResult: 29900,015512281157,0,ver/04/06/151206_015512281157.wav
2017-04-06 15:10:45 INFO AddIdentifyResult: 29897,013026541892,12,
2017-04-06 15:10:51 INFO AddIdentifyResult: 29897,013026541892,10,reg/013026541892_0406151233|reg/013026541892_0406151233|reg/013026541892_0406151113
2017-04-06 15:10:51 INFO UpdateUserState: 013026541892,1
2017-04-06 15:11:08 INFO AddIdentifyResult: 29898,015512287108,11,reg/015512287108_|reg/015512287108_|reg/015512287108_
2017-04-06 15:11:28 INFO AddIdentifyResult: 29901,015512287108,-1,
2017-04-06 15:11:35 INFO AddIdentifyResult: 29901,015512287108,-3,
2017-04-06 15:12:16 INFO AddIdentifyResult: 29902,013954633386,-1,
2017-04-06 15:12:21 INFO AddIdentifyResult: 29903,015230438892,-1,
2017-04-06 15:12:28 INFO AddIdentifyResult: 29903,015230438892,-3,
2017-04-06 15:12:29 INFO AddIdentifyResult: 29902,013954633386,-3,
2017-04-06 15:13:33 INFO AddIdentifyResult: 29904,013884914086,-1,
2017-04-06 15:13:41 INFO AddIdentifyResult: 29904,013884914086,-3,
2017-04-06 15:13:47 INFO AddIdentifyResult: 29901,015512287108,11,reg/015512287108_|reg/015512287108_|reg/015512287108_
2017-04-06 15:13:57 INFO AddIdentifyResult: 29903,015230438892,12,
2017-04-06 15:14:04 INFO AddIdentifyResult: 29903,015230438892,10,reg/015230438892_0406151446|reg/015230438892_0406151446|reg/015230438892_
2017-04-06 15:14:04 INFO UpdateUserState: 015230438892,1
2017-04-06 15:14:17 INFO AddIdentifyResult: 29905,015230438892,-1,
2017-04-06 15:14:22 INFO AddIdentifyResult: 29905,015230438892,-3,
2017-04-06 15:15:08 INFO AddIdentifyResult: 29906,015512287108,-1,
2017-04-06 15:15:14 INFO AddIdentifyResult: 29906,015512287108,-3,
2017-04-06 15:15:15 INFO AddIdentifyResult: 29905,015230438892,0,ver/04/06/151641_015230438892.wav
2017-04-06 15:15:28 INFO AddIdentifyResult: 29904,013884914086,12,
2017-04-06 15:15:36 INFO AddIdentifyResult: 29904,013884914086,10,reg/013884914086_0406151559|reg/013884914086_0406151559|reg/013884914086_
2017-04-06 15:15:36 INFO UpdateUserState: 013884914086,1
2017-04-06 15:15:45 INFO AddIdentifyResult: 29906,015512287108,11,reg/015512287108_|reg/015512287108_|reg/015512287108_
2017-04-06 15:15:46 INFO AddIdentifyResult: 29907,013884914086,-1,
2017-04-06 15:15:54 INFO AddIdentifyResult: 29907,013884914086,-3,
2017-04-06 15:16:05 INFO AddIdentifyResult: 29902,013954633386,12,
2017-04-06 15:16:12 INFO AddIdentifyResult: 29902,013954633386,10,reg/013954633386_0406151728|reg/013954633386_0406151728|reg/013954633386_0406151448
2017-04-06 15:16:12 INFO UpdateUserState: 013954633386,1
2017-04-06 15:16:46 INFO AddIdentifyResult: 29907,013884914086,0,ver/04/06/151813_013884914086.wav
2017-04-06 15:17:45 INFO AddIdentifyResult: 29908,015033242650,-1,
2017-04-06 15:17:52 INFO AddIdentifyResult: 29908,015033242650,-3,
2017-04-06 15:18:25 INFO AddIdentifyResult: 29909,015512285071,-1,
2017-04-06 15:18:33 INFO AddIdentifyResult: 29909,015512285071,-3,
2017-04-06 15:18:46 INFO AddIdentifyResult: 29910,013026541933,-1,
2017-04-06 15:18:55 INFO AddIdentifyResult: 29910,013026541933,-3,
2017-04-06 15:19:12 INFO AddIdentifyResult: 29908,015033242650,11,reg/015033242650_|reg/015033242650_|reg/015033242650_
2017-04-06 15:19:38 INFO AddIdentifyResult: 29911,015033242650,-1,
2017-04-06 15:19:55 INFO AddIdentifyResult: 29911,015033242650,-3,
2017-04-06 15:20:07 INFO AddIdentifyResult: 29909,015512285071,12,
2017-04-06 15:20:13 INFO AddIdentifyResult: 29909,015512285071,10,reg/015512285071_0406152051|reg/015512285071_0406152051|reg/015512285071_
2017-04-06 15:20:14 INFO UpdateUserState: 015512285071,1
2017-04-06 15:20:21 INFO AddIdentifyResult: 29912,015512285071,-1,
2017-04-06 15:20:24 INFO AddIdentifyResult: 29912,015512285071,-3,
2017-04-06 15:21:16 INFO AddIdentifyResult: 29912,015512285071,0,ver/04/06/152243_015512285071.wav
2017-04-06 15:22:46 INFO AddIdentifyResult: 29910,013026541933,12,
2017-04-06 15:22:52 INFO AddIdentifyResult: 29910,013026541933,10,reg/013026541933_0406152424|reg/013026541933_0406152424|reg/013026541933_0406152113
2017-04-06 15:22:52 INFO UpdateUserState: 013026541933,1
2017-04-06 15:23:04 INFO AddIdentifyResult: 29911,015033242650,12,
2017-04-06 15:23:12 INFO AddIdentifyResult: 29911,015033242650,10,reg/015033242650_0406152422|reg/015033242650_0406152422|reg/015033242650_0406152214
2017-04-06 15:23:12 INFO UpdateUserState: 015033242650,1
2017-04-06 15:23:20 INFO AddIdentifyResult: 29913,015033242650,-1,
2017-04-06 15:23:24 INFO AddIdentifyResult: 29914,013931361014,-1,
2017-04-06 15:23:26 INFO AddIdentifyResult: 29913,015033242650,-3,
2017-04-06 15:23:33 INFO AddIdentifyResult: 29914,013931361014,-3,
2017-04-06 15:24:17 INFO AddIdentifyResult: 29913,015033242650,0,ver/04/06/152545_015033242650.wav
2017-04-06 15:25:19 INFO AddIdentifyResult: 29914,013931361014,12,
2017-04-06 15:25:24 INFO AddIdentifyResult: 29915,015512289853,-1,
2017-04-06 15:25:27 INFO AddIdentifyResult: 29914,013931361014,10,reg/013931361014_0406152552|reg/013931361014_0406152552|reg/013931361014_
2017-04-06 15:25:27 INFO UpdateUserState: 013931361014,1
2017-04-06 15:25:33 INFO AddIdentifyResult: 29915,015512289853,-3,
2017-04-06 15:25:36 INFO AddIdentifyResult: 29916,013931361014,-1,
2017-04-06 15:25:43 INFO AddIdentifyResult: 29916,013931361014,-3,
2017-04-06 15:26:35 INFO AddIdentifyResult: 29916,013931361014,0,ver/04/06/152802_013931361014.wav
2017-04-06 15:27:01 INFO AddIdentifyResult: 29915,015512289853,12,
2017-04-06 15:27:08 INFO AddIdentifyResult: 29915,015512289853,10,reg/015512289853_0406152751|reg/015512289853_0406152751|reg/015512289853_
2017-04-06 15:27:08 INFO UpdateUserState: 015512289853,1
2017-04-06 15:27:10 INFO AddIdentifyResult: 29917,015512289853,-1,
2017-04-06 15:27:15 INFO AddIdentifyResult: 29917,015512289853,-3,
2017-04-06 15:28:07 INFO AddIdentifyResult: 29917,015512289853,0,ver/04/06/152934_015512289853.wav
2017-04-06 15:29:10 INFO AddIdentifyResult: 29918,015512287108,-1,
2017-04-06 15:29:18 INFO AddIdentifyResult: 29918,015512287108,-3,
2017-04-06 15:29:54 INFO AddIdentifyResult: 29919,013483299129,-1,
2017-04-06 15:30:02 INFO AddIdentifyResult: 29919,013483299129,-3,
2017-04-06 15:31:11 INFO AddIdentifyResult: 29918,015512287108,12,
2017-04-06 15:31:19 INFO AddIdentifyResult: 29920,015512287108,-4,2
2017-04-06 15:31:20 INFO AddIdentifyResult: 29918,015512287108,10,reg/015512287108_0406153136|reg/015512287108_0406153136|reg/015512287108_
2017-04-06 15:31:20 INFO UpdateUserState: 015512287108,1
2017-04-06 15:31:30 INFO AddIdentifyResult: 29921,015512287108,-1,
2017-04-06 15:31:35 INFO AddIdentifyResult: 29921,015512287108,-3,
2017-04-06 15:31:37 INFO AddIdentifyResult: 29919,013483299129,12,
2017-04-06 15:31:44 INFO AddIdentifyResult: 29919,013483299129,10,reg/013483299129_0406153220|reg/013483299129_0406153220|reg/013483299129_
2017-04-06 15:31:44 INFO UpdateUserState: 013483299129,1
2017-04-06 15:31:55 INFO AddIdentifyResult: 29922,013483299129,-1,
2017-04-06 15:32:01 INFO AddIdentifyResult: 29922,013483299129,-3,
2017-04-06 15:32:27 INFO AddIdentifyResult: 29921,015512287108,0,ver/04/06/153354_015512287108.wav
2017-04-06 15:32:53 INFO AddIdentifyResult: 29922,013483299129,0,ver/04/06/153420_013483299129.wav
2017-04-06 15:34:07 INFO AddIdentifyResult: 29923,015512280037,-1,
2017-04-06 15:34:13 INFO AddIdentifyResult: 29923,015512280037,-3,
2017-04-06 15:35:23 INFO AddIdentifyResult: 29924,015512287563,-1,
2017-04-06 15:35:38 INFO AddIdentifyResult: 29923,015512280037,12,
2017-04-06 15:35:41 INFO AddIdentifyResult: 29925,015512287563,-1,
2017-04-06 15:35:45 INFO AddIdentifyResult: 29923,015512280037,10,reg/015512280037_0406153631|reg/015512280037_0406153631|reg/015512280037_
2017-04-06 15:35:45 INFO UpdateUserState: 015512280037,1
2017-04-06 15:35:46 INFO AddIdentifyResult: 29925,015512287563,-3,
2017-04-06 15:35:49 INFO AddIdentifyResult: 29926,015512280037,-1,
2017-04-06 15:36:00 INFO AddIdentifyResult: 29927,015512280037,-1,
2017-04-06 15:36:20 INFO AddIdentifyResult: 29928,015512280037,-1,
2017-04-06 15:36:26 INFO AddIdentifyResult: 29928,015512280037,-3,
2017-04-06 15:37:18 INFO AddIdentifyResult: 29928,015512280037,0,ver/04/06/153845_015512280037.wav
2017-04-06 15:37:30 INFO AddIdentifyResult: 29925,015512287563,12,
2017-04-06 15:37:38 INFO AddIdentifyResult: 29925,015512287563,10,reg/015512287563_0406153805|reg/015512287563_0406153805|reg/015512287563_
2017-04-06 15:37:38 INFO UpdateUserState: 015512287563,1
2017-04-06 15:37:45 INFO AddIdentifyResult: 29929,015512287563,-1,
2017-04-06 15:37:50 INFO AddIdentifyResult: 29929,015512287563,-3,
2017-04-06 15:38:43 INFO AddIdentifyResult: 29929,015512287563,0,ver/04/06/154009_015512287563.wav
2017-04-06 15:39:52 INFO AddIdentifyResult: 29930,015512282835,-1,
2017-04-06 15:39:57 INFO AddIdentifyResult: 29930,015512282835,-3,
2017-04-06 15:41:40 INFO AddIdentifyResult: 29931,015512286713,-1,
2017-04-06 15:41:43 INFO AddIdentifyResult: 29931,015512286713,-3,
2017-04-06 15:41:53 INFO AddIdentifyResult: 29930,015512282835,12,
2017-04-06 15:42:00 INFO AddIdentifyResult: 29930,015512282835,10,reg/015512282835_0406154338|reg/015512282835_0406154338|reg/015512282835_0406154215
2017-04-06 15:42:01 INFO UpdateUserState: 015512282835,1
2017-04-06 15:42:09 INFO AddIdentifyResult: 29932,015512282835,-1,
2017-04-06 15:42:22 INFO AddIdentifyResult: 29933,015512282835,-1,
2017-04-06 15:42:29 INFO AddIdentifyResult: 29933,015512282835,-3,
2017-04-06 15:43:20 INFO AddIdentifyResult: 29933,015512282835,1,ver/04/06/154447_015512282835.wav
2017-04-06 15:43:22 INFO AddIdentifyResult: 29931,015512286713,12,
2017-04-06 15:43:29 INFO AddIdentifyResult: 29931,015512286713,10,reg/015512286713_0406154402|reg/015512286713_0406154402|reg/015512286713_
2017-04-06 15:43:29 INFO UpdateUserState: 015512286713,1
2017-04-06 15:43:35 INFO AddIdentifyResult: 29934,015512286713,-1,
2017-04-06 15:43:38 INFO AddIdentifyResult: 29934,015512286713,-3,
2017-04-06 15:43:53 INFO AddIdentifyResult: 29935,015512282835,-1,
2017-04-06 15:44:01 INFO AddIdentifyResult: 29935,015512282835,-3,
2017-04-06 15:44:30 INFO AddIdentifyResult: 29934,015512286713,0,ver/04/06/154557_015512286713.wav
2017-04-06 15:44:52 INFO AddIdentifyResult: 29935,015512282835,1,ver/04/06/154619_015512282835.wav
2017-04-06 15:47:18 INFO AddIdentifyResult: 29936,015512280861,-1,
2017-04-06 15:47:26 INFO AddIdentifyResult: 29936,015512280861,-3,
2017-04-06 15:47:54 INFO AddIdentifyResult: 29937,015512283931,-1,
2017-04-06 15:47:59 INFO AddIdentifyResult: 29937,015512283931,-3,
2017-04-06 15:48:56 INFO AddIdentifyResult: 29936,015512280861,12,
2017-04-06 15:49:03 INFO AddIdentifyResult: 29936,015512280861,10,reg/015512280861_0406154944|reg/015512280861_0406154944|reg/015512280861_
2017-04-06 15:49:03 INFO UpdateUserState: 015512280861,1
2017-04-06 15:49:05 INFO AddIdentifyResult: 29938,015512280861,-1,
2017-04-06 15:49:15 INFO AddIdentifyResult: 29939,015512280861,-1,
2017-04-06 15:49:27 INFO AddIdentifyResult: 29940,015512280861,-1,
2017-04-06 15:49:39 INFO AddIdentifyResult: 29937,015512283931,12,
2017-04-06 15:49:46 INFO AddIdentifyResult: 29937,015512283931,10,reg/015512283931_0406155018|reg/015512283931_0406155018|reg/015512283931_
2017-04-06 15:49:46 INFO UpdateUserState: 015512283931,1
2017-04-06 15:49:54 INFO AddIdentifyResult: 29941,015512283931,-1,
2017-04-06 15:49:57 INFO AddIdentifyResult: 29941,015512283931,-3,
2017-04-06 15:50:42 INFO AddIdentifyResult: 0,015512280861,0,ver/04/06/155209_015512280861.wav
2017-04-06 15:50:49 INFO AddIdentifyResult: 29941,015512283931,0,ver/04/06/155216_015512283931.wav
2017-04-06 15:52:47 INFO AddIdentifyResult: 29943,015512282835,-1,
2017-04-06 15:52:51 INFO AddIdentifyResult: 29943,015512282835,-3,
2017-04-06 15:52:59 INFO AddIdentifyResult: 29944,015833436038,-1,
2017-04-06 15:53:09 INFO AddIdentifyResult: 29944,015833436038,-3,
2017-04-06 15:53:24 INFO AddIdentifyResult: 29945,013290315055,-1,
2017-04-06 15:54:25 INFO AddIdentifyResult: 29943,015512282835,12,
2017-04-06 15:54:32 INFO AddIdentifyResult: 29943,015512282835,10,reg/015512282835_0406155510|reg/015512282835_0406155510|reg/015512282835_
2017-04-06 15:54:32 INFO UpdateUserState: 015512282835,1
2017-04-06 15:54:33 INFO AddIdentifyResult: 29946,015512282835,-1,
2017-04-06 15:54:40 INFO AddIdentifyResult: 29946,015512282835,-3,
2017-04-06 15:55:13 INFO AddIdentifyResult: 29944,015833436038,12,
2017-04-06 15:55:21 INFO AddIdentifyResult: 29944,015833436038,10,reg/015833436038_0406155528|reg/015833436038_0406155528|reg/015833436038_
2017-04-06 15:55:21 INFO UpdateUserState: 015833436038,1
2017-04-06 15:55:30 INFO AddIdentifyResult: 29947,015833436038,-1,
2017-04-06 15:55:32 INFO AddIdentifyResult: 29946,015512282835,0,ver/04/06/155659_015512282835.wav
2017-04-06 15:55:38 INFO AddIdentifyResult: 29947,015833436038,-3,
2017-04-06 15:56:30 INFO AddIdentifyResult: 29947,015833436038,1,ver/04/06/155757_015833436038.wav
2017-04-06 15:56:46 INFO AddIdentifyResult: 29948,015833436038,-1,
2017-04-06 15:56:56 INFO AddIdentifyResult: 29948,015833436038,-3,
2017-04-06 15:57:06 INFO AddIdentifyResult: 29949,015512206309,-1,
2017-04-06 15:57:13 INFO AddIdentifyResult: 29949,015512206309,-3,
2017-04-06 15:57:48 INFO AddIdentifyResult: 29948,015833436038,0,ver/04/06/155915_015833436038.wav
2017-04-06 15:58:52 INFO AddIdentifyResult: 29949,015512206309,12,
2017-04-06 15:58:59 INFO AddIdentifyResult: 29949,015512206309,10,reg/015512206309_0406155931|reg/015512206309_0406155931|reg/015512206309_
2017-04-06 15:58:59 INFO UpdateUserState: 015512206309,1
2017-04-06 15:59:02 INFO AddIdentifyResult: 29950,015512206309,-1,
2017-04-06 15:59:08 INFO AddIdentifyResult: 29950,015512206309,-3,
2017-04-06 16:00:00 INFO AddIdentifyResult: 29950,015512206309,0,ver/04/06/160127_015512206309.wav
2017-04-06 16:03:12 INFO AddIdentifyResult: 29951,015512285283,-1,
2017-04-06 16:03:18 INFO AddIdentifyResult: 29951,015512285283,-3,
2017-04-06 16:04:27 INFO AddIdentifyResult: 29952,013290315055,-1,
2017-04-06 16:04:34 INFO AddIdentifyResult: 29952,013290315055,-3,
2017-04-06 16:04:52 INFO AddIdentifyResult: 29951,015512285283,12,
2017-04-06 16:04:59 INFO AddIdentifyResult: 29951,015512285283,10,reg/015512285283_0406160537|reg/015512285283_0406160537|reg/015512285283_
2017-04-06 16:04:59 INFO UpdateUserState: 015512285283,1
2017-04-06 16:05:03 INFO AddIdentifyResult: 29953,015512285283,-1,
2017-04-06 16:05:14 INFO AddIdentifyResult: 29954,015512285283,-1,
2017-04-06 16:05:37 INFO AddIdentifyResult: 29955,015512285283,-1,
2017-04-06 16:05:43 INFO AddIdentifyResult: 29955,015512285283,-3,
2017-04-06 16:06:35 INFO AddIdentifyResult: 29955,015512285283,0,ver/04/06/160802_015512285283.wav
2017-04-06 16:06:46 INFO AddIdentifyResult: 29956,015130243382,-1,
2017-04-06 16:06:53 INFO AddIdentifyResult: 29956,015130243382,-3,
2017-04-06 16:07:53 INFO AddIdentifyResult: 29957,015512283723,-1,
2017-04-06 16:07:58 INFO AddIdentifyResult: 29957,015512283723,-3,
2017-04-06 16:09:08 INFO AddIdentifyResult: 29956,015130243382,12,
2017-04-06 16:09:13 INFO AddIdentifyResult: 29952,013290315055,11,reg/013290315055_|reg/013290315055_|reg/013290315055_
2017-04-06 16:09:17 INFO AddIdentifyResult: 29956,015130243382,10,reg/015130243382_0406160912|reg/015130243382_0406160912|reg/015130243382_
2017-04-06 16:09:17 INFO UpdateUserState: 015130243382,1
2017-04-06 16:09:20 INFO AddIdentifyResult: 29958,013290315055,-1,
2017-04-06 16:09:20 INFO AddIdentifyResult: 29959,015130243382,-1,
2017-04-06 16:09:29 INFO AddIdentifyResult: 29959,015130243382,-3,
2017-04-06 16:10:04 INFO AddIdentifyResult: 29957,015512283723,12,
2017-04-06 16:10:10 INFO AddIdentifyResult: 29957,015512283723,10,reg/015512283723_0406161204|reg/015512283723_0406161204|reg/015512283723_0406161017
2017-04-06 16:10:10 INFO UpdateUserState: 015512283723,1
2017-04-06 16:10:13 INFO AddIdentifyResult: 29960,013290315055,-1,
2017-04-06 16:10:19 INFO AddIdentifyResult: 29960,013290315055,-3,
2017-04-06 16:10:21 INFO AddIdentifyResult: 29959,015130243382,0,ver/04/06/161148_015130243382.wav
2017-04-06 16:10:23 INFO AddIdentifyResult: 29961,015512283723,-1,
2017-04-06 16:10:27 INFO AddIdentifyResult: 29961,015512283723,-3,
2017-04-06 16:11:19 INFO AddIdentifyResult: 29961,015512283723,0,ver/04/06/161246_015512283723.wav
2017-04-06 16:13:21 INFO AddIdentifyResult: 29960,013290315055,11,reg/013290315055_|reg/013290315055_|reg/013290315055_
2017-04-06 16:14:30 INFO AddIdentifyResult: 29962,013290315055,-1,
2017-04-06 16:14:35 INFO AddIdentifyResult: 29962,013290315055,-3,
2017-04-06 16:16:52 INFO AddIdentifyResult: 29963,013026542623,-1,
2017-04-06 16:17:04 INFO AddIdentifyResult: 29963,013026542623,-3,
2017-04-06 16:17:35 INFO AddIdentifyResult: 29964,015512280267,-1,
2017-04-06 16:17:41 INFO AddIdentifyResult: 29964,015512280267,-3,
2017-04-06 16:17:43 INFO AddIdentifyResult: 29962,013290315055,12,
2017-04-06 16:17:51 INFO AddIdentifyResult: 29962,013290315055,10,reg/013290315055_0406161654|reg/013290315055_0406161654|reg/013290315055_
2017-04-06 16:17:51 INFO UpdateUserState: 013290315055,1
2017-04-06 16:18:08 INFO AddIdentifyResult: 29965,015512281960,-1,
2017-04-06 16:18:14 INFO AddIdentifyResult: 29965,015512281960,-3,
2017-04-06 16:18:57 INFO AddIdentifyResult: 29966,013290315055,-1,
2017-04-06 16:19:01 INFO AddIdentifyResult: 29966,013290315055,-3,
2017-04-06 16:19:42 INFO AddIdentifyResult: 29964,015512280267,12,
2017-04-06 16:19:50 INFO AddIdentifyResult: 29964,015512280267,10,reg/015512280267_0406161959|reg/015512280267_0406161959|reg/015512280267_
2017-04-06 16:19:50 INFO UpdateUserState: 015512280267,1
2017-04-06 16:19:52 INFO AddIdentifyResult: 29966,013290315055,0,ver/04/06/162120_013290315055.wav
2017-04-06 16:19:55 INFO AddIdentifyResult: 29967,015512280267,-1,
2017-04-06 16:20:01 INFO AddIdentifyResult: 29967,015512280267,-3,
2017-04-06 16:20:16 INFO AddIdentifyResult: 29963,013026542623,12,
2017-04-06 16:20:26 INFO AddIdentifyResult: 29963,013026542623,10,reg/013026542623_0406161923|reg/013026542623_0406161923|reg/013026542623_
2017-04-06 16:20:27 INFO UpdateUserState: 013026542623,1
2017-04-06 16:20:36 INFO AddIdentifyResult: 29965,015512281960,12,
2017-04-06 16:20:41 INFO AddIdentifyResult: 29968,013026542623,-1,
2017-04-06 16:20:42 INFO AddIdentifyResult: 29965,015512281960,10,reg/015512281960_0406162230|reg/015512281960_0406162230|reg/015512281960_0406162033
2017-04-06 16:20:43 INFO UpdateUserState: 015512281960,1
2017-04-06 16:20:47 INFO AddIdentifyResult: 29968,013026542623,-3,
2017-04-06 16:20:53 INFO AddIdentifyResult: 29967,015512280267,0,ver/04/06/162220_015512280267.wav
2017-04-06 16:20:59 INFO AddIdentifyResult: 29969,015512281960,-1,
2017-04-06 16:21:03 INFO AddIdentifyResult: 29969,015512281960,-3,
2017-04-06 16:21:13 INFO AddIdentifyResult: 29970,013473235580,-1,
2017-04-06 16:21:21 INFO AddIdentifyResult: 29970,013473235580,-3,
2017-04-06 16:21:39 INFO AddIdentifyResult: 29968,013026542623,0,ver/04/06/162306_013026542623.wav
2017-04-06 16:21:55 INFO AddIdentifyResult: 29969,015512281960,0,ver/04/06/162322_015512281960.wav
2017-04-06 16:23:04 INFO AddIdentifyResult: 29970,013473235580,12,
2017-04-06 16:23:11 INFO AddIdentifyResult: 29970,013473235580,10,reg/013473235580_0406162339|reg/013473235580_0406162339|reg/013473235580_
2017-04-06 16:23:11 INFO UpdateUserState: 013473235580,1
2017-04-06 16:23:14 INFO AddIdentifyResult: 29971,013473235580,-1,
2017-04-06 16:23:20 INFO AddIdentifyResult: 29971,013473235580,-3,
2017-04-06 16:24:12 INFO AddIdentifyResult: 29971,013473235580,0,ver/04/06/162539_013473235580.wav
2017-04-06 16:30:06 INFO AddIdentifyResult: 29972,015275447186,-1,
2017-04-06 16:30:17 INFO AddIdentifyResult: 29972,015275447186,-3,
2017-04-06 16:32:19 INFO AddIdentifyResult: 29972,015275447186,12,
2017-04-06 16:32:25 INFO AddIdentifyResult: 29972,015275447186,10,reg/015275447186_0406163236|reg/015275447186_0406163236|reg/015275447186_
2017-04-06 16:32:26 INFO UpdateUserState: 015275447186,1
2017-04-06 16:32:48 INFO AddIdentifyResult: 29973,013026542003,-1,
2017-04-06 16:32:52 INFO AddIdentifyResult: 29974,015275447186,-1,
2017-04-06 16:33:00 INFO AddIdentifyResult: 29974,015275447186,-3,
2017-04-06 16:33:46 INFO AddIdentifyResult: 29975,013026542003,-1,
2017-04-06 16:33:52 INFO AddIdentifyResult: 29974,015275447186,0,ver/04/06/163519_015275447186.wav
2017-04-06 16:33:52 INFO AddIdentifyResult: 29975,013026542003,-3,
2017-04-06 16:36:22 INFO AddIdentifyResult: 29976,015512285070,-1,
2017-04-06 16:36:29 INFO AddIdentifyResult: 29976,015512285070,-3,
2017-04-06 16:36:29 INFO AddIdentifyResult: 29975,013026542003,12,
2017-04-06 16:36:38 INFO AddIdentifyResult: 29977,013656479791,-1,
2017-04-06 16:36:39 INFO AddIdentifyResult: 29975,013026542003,10,reg/013026542003_0406163611|reg/013026542003_0406163611|reg/013026542003_
2017-04-06 16:36:39 INFO UpdateUserState: 013026542003,1
2017-04-06 16:36:48 INFO AddIdentifyResult: 29977,013656479791,-3,
2017-04-06 16:37:00 INFO AddIdentifyResult: 29978,013026542003,-1,
2017-04-06 16:37:06 INFO AddIdentifyResult: 29978,013026542003,-3,
2017-04-06 16:37:58 INFO AddIdentifyResult: 29978,013026542003,0,ver/04/06/163925_013026542003.wav
2017-04-06 16:38:00 INFO AddIdentifyResult: 29979,015512209378,-1,
2017-04-06 16:38:06 INFO AddIdentifyResult: 29979,015512209378,-3,
2017-04-06 16:38:21 INFO AddIdentifyResult: 29976,015512285070,12,
2017-04-06 16:38:28 INFO AddIdentifyResult: 29976,015512285070,10,reg/015512285070_0406163848|reg/015512285070_0406163848|reg/015512285070_
2017-04-06 16:38:29 INFO UpdateUserState: 015512285070,1
2017-04-06 16:38:43 INFO AddIdentifyResult: 29980,015512285070,-1,
2017-04-06 16:38:51 INFO AddIdentifyResult: 29980,015512285070,-3,
2017-04-06 16:39:43 INFO AddIdentifyResult: 29980,015512285070,0,ver/04/06/164110_015512285070.wav
2017-04-06 16:39:53 INFO AddIdentifyResult: 29977,013656479791,12,
2017-04-06 16:40:00 INFO AddIdentifyResult: 29977,013656479791,10,reg/013656479791_0406164105|reg/013656479791_0406164105|reg/013656479791_0406163907
2017-04-06 16:40:00 INFO UpdateUserState: 013656479791,1
2017-04-06 16:40:06 INFO AddIdentifyResult: 29979,015512209378,12,
2017-04-06 16:40:12 INFO AddIdentifyResult: 29979,015512209378,10,reg/015512209378_0406164158|reg/015512209378_0406164158|reg/015512209378_0406164024
2017-04-06 16:40:13 INFO UpdateUserState: 015512209378,1
2017-04-06 16:40:21 INFO AddIdentifyResult: 29981,013656479791,-1,
2017-04-06 16:40:25 INFO AddIdentifyResult: 29982,015512209378,-1,
2017-04-06 16:40:27 INFO AddIdentifyResult: 29981,013656479791,-3,
2017-04-06 16:40:30 INFO AddIdentifyResult: 29982,015512209378,-3,
2017-04-06 16:41:18 INFO AddIdentifyResult: 29981,013656479791,0,ver/04/06/164246_013656479791.wav
2017-04-06 16:41:22 INFO AddIdentifyResult: 29982,015512209378,0,ver/04/06/164249_015512209378.wav
2017-04-06 16:42:23 INFO AddIdentifyResult: 29983,015512207626,-1,
2017-04-06 16:42:27 INFO AddIdentifyResult: 29983,015512207626,-3,
2017-04-06 16:43:15 INFO AddIdentifyResult: 29984,015031207288,-1,
2017-04-06 16:43:20 INFO AddIdentifyResult: 29985,013026542162,-1,
2017-04-06 16:43:23 INFO AddIdentifyResult: 29984,015031207288,-3,
2017-04-06 16:43:29 INFO AddIdentifyResult: 29985,013026542162,-3,
2017-04-06 16:44:48 INFO AddIdentifyResult: 29983,015512207626,12,
2017-04-06 16:44:56 INFO AddIdentifyResult: 29984,015031207288,12,
2017-04-06 16:44:56 INFO AddIdentifyResult: 29983,015512207626,10,reg/015512207626_0406164445|reg/015512207626_0406164445|reg/015512207626_
2017-04-06 16:44:56 INFO UpdateUserState: 015512207626,1
2017-04-06 16:45:03 INFO AddIdentifyResult: 29986,013285468500,-1,
2017-04-06 16:45:03 INFO AddIdentifyResult: 29984,015031207288,10,reg/015031207288_0406164542|reg/015031207288_0406164542|reg/015031207288_
2017-04-06 16:45:04 INFO UpdateUserState: 015031207288,1
2017-04-06 16:45:07 INFO AddIdentifyResult: 29985,013026542162,12,
2017-04-06 16:45:09 INFO AddIdentifyResult: 29987,015512207626,-1,
2017-04-06 16:45:12 INFO AddIdentifyResult: 29988,015031207288,-1,
2017-04-06 16:45:14 INFO AddIdentifyResult: 29985,013026542162,10,reg/013026542162_0406164548|reg/013026542162_0406164548|reg/013026542162_
2017-04-06 16:45:14 INFO UpdateUserState: 013026542162,1
2017-04-06 16:45:16 INFO AddIdentifyResult: 29987,015512207626,-3,
2017-04-06 16:45:16 INFO AddIdentifyResult: 29989,013285468500,-1,
2017-04-06 16:45:18 INFO AddIdentifyResult: 29988,015031207288,-3,
2017-04-06 16:45:26 INFO AddIdentifyResult: 29989,013285468500,-3,
2017-04-06 16:45:30 INFO AddIdentifyResult: 29990,013026542162,-1,
2017-04-06 16:45:43 INFO AddIdentifyResult: 29990,013026542162,-3,
2017-04-06 16:46:07 INFO AddIdentifyResult: 29987,015512207626,0,ver/04/06/164735_015512207626.wav
2017-04-06 16:46:10 INFO AddIdentifyResult: 29988,015031207288,0,ver/04/06/164737_015031207288.wav
2017-04-06 16:46:35 INFO AddIdentifyResult: 29990,013026542162,0,ver/04/06/164802_013026542162.wav
2017-04-06 16:48:17 INFO AddIdentifyResult: 29989,013285468500,12,
2017-04-06 16:48:26 INFO AddIdentifyResult: 29989,013285468500,10,reg/013285468500_0406164744|reg/013285468500_0406164744|reg/013285468500_
2017-04-06 16:48:26 INFO UpdateUserState: 013285468500,1
2017-04-06 16:48:46 INFO AddIdentifyResult: 29991,013285468500,-1,
2017-04-06 16:48:50 INFO AddIdentifyResult: 29991,013285468500,-3,
2017-04-06 16:49:43 INFO AddIdentifyResult: 29991,013285468500,0,ver/04/06/165110_013285468500.wav
2017-04-06 16:50:14 INFO AddIdentifyResult: 29992,015512205091,-1,
2017-04-06 16:50:20 INFO AddIdentifyResult: 29992,015512205091,-3,
2017-04-06 16:52:24 INFO AddIdentifyResult: 29992,015512205091,12,
2017-04-06 16:52:31 INFO AddIdentifyResult: 29992,015512205091,10,reg/015512205091_0406165238|reg/015512205091_0406165238|reg/015512205091_
2017-04-06 16:52:31 INFO UpdateUserState: 015512205091,1
2017-04-06 16:52:35 INFO AddIdentifyResult: 29993,015512205091,-1,
2017-04-06 16:52:40 INFO AddIdentifyResult: 29993,015512205091,-3,
2017-04-06 16:52:56 INFO AddIdentifyResult: 29994,013026542689,-1,
2017-04-06 16:53:03 INFO AddIdentifyResult: 29994,013026542689,-3,
2017-04-06 16:53:33 INFO AddIdentifyResult: 29993,015512205091,0,ver/04/06/165500_015512205091.wav
2017-04-06 16:55:32 INFO AddIdentifyResult: 29995,015512209187,-1,
2017-04-06 16:55:36 INFO AddIdentifyResult: 29995,015512209187,-3,
2017-04-06 16:55:56 INFO AddIdentifyResult: 29994,013026542689,12,
2017-04-06 16:56:02 INFO AddIdentifyResult: 29994,013026542689,10,reg/013026542689_0406165744|reg/013026542689_0406165744|reg/013026542689_0406165522
2017-04-06 16:56:03 INFO UpdateUserState: 013026542689,1
2017-04-06 16:56:16 INFO AddIdentifyResult: 29996,013026542689,-1,
2017-04-06 16:56:25 INFO AddIdentifyResult: 29996,013026542689,-3,
2017-04-06 16:57:17 INFO AddIdentifyResult: 29996,013026542689,0,ver/04/06/165844_013026542689.wav
2017-04-06 16:57:52 INFO AddIdentifyResult: 29995,015512209187,12,
2017-04-06 16:58:01 INFO AddIdentifyResult: 29995,015512209187,10,reg/015512209187_0406165755|reg/015512209187_0406165755|reg/015512209187_
2017-04-06 16:58:01 INFO UpdateUserState: 015512209187,1
2017-04-06 16:58:06 INFO AddIdentifyResult: 29997,015512209187,-1,
2017-04-06 16:58:11 INFO AddIdentifyResult: 29997,015512209187,-3,
2017-04-06 16:59:05 INFO AddIdentifyResult: 29997,015512209187,0,ver/04/06/170031_015512209187.wav
2017-04-06 16:59:36 INFO AddIdentifyResult: 29998,013287380100,-1,
2017-04-06 16:59:42 INFO AddIdentifyResult: 29998,013287380100,-3,
2017-04-06 17:00:15 INFO AddIdentifyResult: 29999,015512258103,-1,
2017-04-06 17:00:26 INFO AddIdentifyResult: 29999,015512258103,-3,
2017-04-06 17:02:13 INFO AddIdentifyResult: 29998,013287380100,12,
2017-04-06 17:02:19 INFO AddIdentifyResult: 29998,013287380100,10,reg/013287380100_0406170400|reg/013287380100_0406170400|reg/013287380100_0406170200
2017-04-06 17:02:19 INFO UpdateUserState: 013287380100,1
2017-04-06 17:02:34 INFO AddIdentifyResult: 30000,013287380100,-1,
2017-04-06 17:03:07 INFO AddIdentifyResult: 30000,013287380100,-3,
2017-04-06 17:03:08 INFO AddIdentifyResult: 30000,013287380100,1,
2017-04-06 17:03:32 INFO AddIdentifyResult: 30001,013287380100,-1,
2017-04-06 17:03:38 INFO AddIdentifyResult: 30001,013287380100,-3,
2017-04-06 17:03:58 INFO AddIdentifyResult: 30002,015512207187,-1,
2017-04-06 17:04:07 INFO AddIdentifyResult: 30002,015512207187,-3,
2017-04-06 17:04:30 INFO AddIdentifyResult: 30001,013287380100,1,ver/04/06/170557_013287380100.wav
2017-04-06 17:04:41 INFO AddIdentifyResult: 29999,015512258103,12,
2017-04-06 17:04:48 INFO AddIdentifyResult: 29999,015512258103,10,reg/015512258103_0406170600|reg/015512258103_0406170600|reg/015512258103_0406170244
2017-04-06 17:04:48 INFO UpdateUserState: 015512258103,1
2017-04-06 17:04:55 INFO AddIdentifyResult: 30003,013287380100,-1,
2017-04-06 17:05:01 INFO AddIdentifyResult: 30004,015512258103,-1,
2017-04-06 17:05:01 INFO AddIdentifyResult: 30003,013287380100,-3,
2017-04-06 17:05:17 INFO AddIdentifyResult: 30004,015512258103,-3,
2017-04-06 17:05:53 INFO AddIdentifyResult: 30002,015512207187,12,
2017-04-06 17:06:01 INFO AddIdentifyResult: 30002,015512207187,10,reg/015512207187_0406170645|reg/015512207187_0406170645|reg/015512207187_0406170625
2017-04-06 17:06:01 INFO UpdateUserState: 015512207187,1
2017-04-06 17:06:06 INFO AddIdentifyResult: 30005,015512207187,-1,
2017-04-06 17:06:15 INFO AddIdentifyResult: 30005,015512207187,-3,
2017-04-06 17:06:56 INFO AddIdentifyResult: 30004,015512258103,1,ver/04/06/170823_015512258103.wav
2017-04-06 17:07:08 INFO AddIdentifyResult: 30005,015512207187,0,ver/04/06/170834_015512207187.wav
2017-04-06 17:07:08 INFO AddIdentifyResult: 30003,013287380100,12,
2017-04-06 17:07:14 INFO AddIdentifyResult: 30003,013287380100,10,reg/013287380100_0406170720|reg/013287380100_0406170720|reg/013287380100_
2017-04-06 17:07:15 INFO UpdateUserState: 013287380100,1
2017-04-06 17:07:17 INFO AddIdentifyResult: 30006,013287380100,-1,
2017-04-06 17:07:23 INFO AddIdentifyResult: 30006,013287380100,-3,
2017-04-06 17:08:14 INFO AddIdentifyResult: 30006,013287380100,0,ver/04/06/170942_013287380100.wav
2017-04-06 17:08:23 INFO AddIdentifyResult: 30007,015512258103,-1,
2017-04-06 17:08:32 INFO AddIdentifyResult: 30007,015512258103,-3,
2017-04-06 17:10:11 INFO AddIdentifyResult: 30007,015512258103,1,ver/04/06/171138_015512258103.wav
2017-04-06 17:10:33 INFO AddIdentifyResult: 30008,015512205091,-1,
2017-04-06 17:10:42 INFO AddIdentifyResult: 30008,015512205091,-3,
2017-04-06 17:10:51 INFO AddIdentifyResult: 30009,015512258103,-1,
2017-04-06 17:10:58 INFO AddIdentifyResult: 30009,015512258103,-3,
2017-04-06 17:13:05 INFO AddIdentifyResult: 30010,015512202709,-1,
2017-04-06 17:13:07 INFO AddIdentifyResult: 30008,015512205091,1,ver/04/06/171435_015512205091.wav
2017-04-06 17:13:10 INFO AddIdentifyResult: 30010,015512202709,-3,
2017-04-06 17:14:34 INFO AddIdentifyResult: 30010,015512202709,12,
2017-04-06 17:14:41 INFO AddIdentifyResult: 30010,015512202709,10,reg/015512202709_0406171529|reg/015512202709_0406171529|reg/015512202709_
2017-04-06 17:14:41 INFO UpdateUserState: 015512202709,1
2017-04-06 17:14:50 INFO AddIdentifyResult: 30011,015512202709,-1,
2017-04-06 17:15:02 INFO AddIdentifyResult: 30012,015512202709,-1,
2017-04-06 17:15:12 INFO AddIdentifyResult: 30013,015512202709,-1,
2017-04-06 17:15:25 INFO AddIdentifyResult: 30014,015512202709,-1,
2017-04-06 17:15:45 INFO AddIdentifyResult: 30015,015512202709,-1,
2017-04-06 17:16:13 INFO AddIdentifyResult: 30016,015512202709,-1,
2017-04-06 17:17:00 INFO AddIdentifyResult: 30017,015512202709,-1,
2017-04-06 17:17:05 INFO AddIdentifyResult: 30017,015512202709,-3,
2017-04-06 17:17:57 INFO AddIdentifyResult: 30017,015512202709,0,ver/04/06/171924_015512202709.wav
2017-04-06 17:19:36 INFO AddIdentifyResult: 30018,015512206028,-1,
2017-04-06 17:19:42 INFO AddIdentifyResult: 30018,015512206028,-3,
2017-04-06 17:21:41 INFO AddIdentifyResult: 30018,015512206028,12,
2017-04-06 17:21:48 INFO AddIdentifyResult: 30018,015512206028,10,reg/015512206028_0406172330|reg/015512206028_0406172330|reg/015512206028_0406172200
2017-04-06 17:21:48 INFO UpdateUserState: 015512206028,1
2017-04-06 17:21:59 INFO AddIdentifyResult: 30019,015512206028,-1,
2017-04-06 17:22:03 INFO AddIdentifyResult: 30019,015512206028,-3,
2017-04-06 17:22:55 INFO AddIdentifyResult: 30019,015512206028,0,ver/04/06/172422_015512206028.wav
2017-04-06 17:25:50 INFO AddIdentifyResult: 30020,015512258103,-1,
2017-04-06 17:26:00 INFO AddIdentifyResult: 30020,015512258103,-3,
2017-04-06 17:26:56 INFO AddIdentifyResult: 30020,015512258103,1,
2017-04-06 17:27:11 INFO AddIdentifyResult: 30021,015512258103,-1,
2017-04-06 17:27:18 INFO AddIdentifyResult: 30021,015512258103,-3,
2017-04-06 17:28:09 INFO AddIdentifyResult: 30021,015512258103,1,ver/04/06/172937_015512258103.wav
2017-04-06 17:28:41 INFO AddIdentifyResult: 30022,015512258103,-1,
2017-04-06 17:28:48 INFO AddIdentifyResult: 30022,015512258103,-3,
2017-04-06 17:29:39 INFO AddIdentifyResult: 30022,015512258103,1,ver/04/06/173107_015512258103.wav
2017-04-06 17:29:43 INFO AddIdentifyResult: 30023,013930839878,-1,
2017-04-06 17:29:50 INFO AddIdentifyResult: 30023,013930839878,-3,
2017-04-06 17:32:29 INFO AddIdentifyResult: 30023,013930839878,12,
2017-04-06 17:32:37 INFO AddIdentifyResult: 30024,013930839878,-4,2
2017-04-06 17:32:40 INFO AddIdentifyResult: 30023,013930839878,10,reg/013930839878_0406173209|reg/013930839878_0406173209|reg/013930839878_
2017-04-06 17:32:40 INFO UpdateUserState: 013930839878,1
2017-04-06 17:32:44 INFO AddIdentifyResult: 30025,013930839878,-1,
2017-04-06 17:32:50 INFO AddIdentifyResult: 30025,013930839878,-3,
2017-04-06 17:33:43 INFO AddIdentifyResult: 30025,013930839878,0,ver/04/06/173510_013930839878.wav
2017-04-06 17:35:48 INFO AddIdentifyResult: 30026,013171879859,-1,
2017-04-06 17:36:00 INFO AddIdentifyResult: 30026,013171879859,-3,
2017-04-06 17:37:49 INFO AddIdentifyResult: 30026,013171879859,12,
2017-04-06 17:37:58 INFO AddIdentifyResult: 30026,013171879859,10,reg/013171879859_0406173819|reg/013171879859_0406173819|reg/013171879859_
2017-04-06 17:37:59 INFO UpdateUserState: 013171879859,1
2017-04-06 17:39:46 INFO AddIdentifyResult: 30027,013171879859,-1,
2017-04-06 17:39:53 INFO AddIdentifyResult: 30027,013171879859,-3,
2017-04-06 17:40:45 INFO AddIdentifyResult: 30027,013171879859,0,ver/04/06/174212_013171879859.wav
2017-04-06 17:44:30 INFO AddIdentifyResult: 30028,018633291374,-1,
2017-04-06 17:46:11 INFO AddIdentifyResult: 30029,015232976414,-1,
2017-04-06 17:46:29 INFO AddIdentifyResult: 30029,015232976414,-3,
2017-04-06 17:48:09 INFO AddIdentifyResult: 30029,015232976414,12,
2017-04-06 17:48:15 INFO AddIdentifyResult: 30029,015232976414,10,reg/015232976414_0406174848|reg/015232976414_0406174848|reg/015232976414_
2017-04-06 17:48:15 INFO UpdateUserState: 015232976414,1
2017-04-06 17:48:21 INFO AddIdentifyResult: 30030,015232976414,-1,
2017-04-06 17:48:27 INFO AddIdentifyResult: 30030,015232976414,-3,
2017-04-06 17:49:18 INFO AddIdentifyResult: 30030,015232976414,0,ver/04/06/175046_015232976414.wav
2017-04-06 21:29:52 INFO AddIdentifyResult: 0,018571087605,1,
2017-04-06 22:02:33 INFO AddIdentifyResult: 0,018571087605,1,ver/04/06/220423_018571087605.wav
2017-04-06 22:02:55 INFO AddIdentifyResult: 0,018571087605,2,
