2017-03-10 00:32:51 INFO AddIdentifyResult: 21415,017371149171,-1,
2017-03-10 00:33:03 INFO AddIdentifyResult: 21415,017371149171,-3,
2017-03-10 00:38:22 INFO AddIdentifyResult: 21415,017371149171,12,
2017-03-10 00:38:24 INFO AddIdentifyResult: 21415,017371149171,10,reg/017371149171_0310003551|reg/017371149171_0310003551|reg/017371149171_0310003620
2017-03-10 00:38:24 INFO UpdateUserState: 017371149171,1
2017-03-10 00:39:37 INFO AddIdentifyResult: 0,017371149171,0,ver/03/10/004137_017371149171.wav
2017-03-10 00:40:24 INFO AddIdentifyResult: 0,017371149171,0,ver/03/10/004224_017371149171.wav
2017-03-10 00:41:57 INFO AddIdentifyResult: 0,017371146171,1,ver/03/10/004357_017371146171.wav
2017-03-10 00:42:23 INFO AddIdentifyResult: 0,017371146171,2,ver/03/10/004423_017371146171.wav
2017-03-10 00:43:12 INFO AddIdentifyResult: 21419,017371146171,-1,
2017-03-10 00:43:23 INFO AddIdentifyResult: 21419,017371146171,-3,
2017-03-10 00:44:43 INFO AddIdentifyResult: 21419,017371146171,12,
2017-03-10 00:44:50 INFO AddIdentifyResult: 21419,017371146171,10,reg/017371146171_0310004541|reg/017371146171_0310004541|reg/017371146171_
2017-03-10 00:44:50 INFO UpdateUserState: 017371146171,1
2017-03-10 00:45:55 INFO AddIdentifyResult: 0,017371146171,0,ver/03/10/004721_017371146171.wav
2017-03-10 09:16:23 INFO AddIdentifyResult: 21420,015603207193,-1,
2017-03-10 09:21:33 INFO AddIdentifyResult: 21421,015954676563,-1,
2017-03-10 09:21:40 INFO AddIdentifyResult: 21421,015954676563,-3,
2017-03-10 09:23:15 INFO AddIdentifyResult: 21421,015954676563,12,
2017-03-10 09:23:23 INFO AddIdentifyResult: 21421,015954676563,10,reg/015954676563_0310092400|reg/015954676563_0310092400|reg/015954676563_
2017-03-10 09:23:23 INFO UpdateUserState: 015954676563,1
2017-03-10 09:23:51 INFO AddIdentifyResult: 21422,015954676563,-1,
2017-03-10 09:23:58 INFO AddIdentifyResult: 21422,015954676563,-3,
2017-03-10 09:24:50 INFO AddIdentifyResult: 21422,015954676563,0,ver/03/10/092618_015954676563.wav
2017-03-10 09:25:54 INFO AddIdentifyResult: 21423,013280372159,-1,
2017-03-10 09:25:59 INFO AddIdentifyResult: 21423,013280372159,-3,
2017-03-10 09:26:06 INFO AddIdentifyResult: 21424,015603207193,-1,
2017-03-10 09:26:44 INFO AddIdentifyResult: 21425,013255625651,-1,
2017-03-10 09:26:49 INFO AddIdentifyResult: 21425,013255625651,-3,
2017-03-10 09:28:04 INFO AddIdentifyResult: 21423,013280372159,12,
2017-03-10 09:28:12 INFO AddIdentifyResult: 21423,013280372159,10,reg/013280372159_0310092818|reg/013280372159_0310092818|reg/013280372159_
2017-03-10 09:28:12 INFO UpdateUserState: 013280372159,1
2017-03-10 09:28:52 INFO AddIdentifyResult: 21425,013255625651,12,
2017-03-10 09:28:59 INFO AddIdentifyResult: 21425,013255625651,10,reg/013255625651_0310093042|reg/013255625651_0310093042|reg/013255625651_0310092909
2017-03-10 09:28:59 INFO UpdateUserState: 013255625651,1
2017-03-10 09:30:31 INFO AddIdentifyResult: 21426,013197031079,-1,
2017-03-10 09:30:35 INFO AddIdentifyResult: 21426,013197031079,-3,
2017-03-10 09:30:53 INFO AddIdentifyResult: 21427,015603207193,-1,
2017-03-10 09:30:58 INFO AddIdentifyResult: 21427,015603207193,-3,
2017-03-10 09:31:22 INFO AddIdentifyResult: 21428,013475276505,-1,
2017-03-10 09:31:34 INFO AddIdentifyResult: 21428,013475276505,-3,
2017-03-10 09:32:31 INFO AddIdentifyResult: 21426,013197031079,12,
2017-03-10 09:32:34 INFO AddIdentifyResult: 21427,015603207193,12,
2017-03-10 09:32:37 INFO AddIdentifyResult: 21426,013197031079,10,reg/013197031079_0310093255|reg/013197031079_0310093255|reg/013197031079_
2017-03-10 09:32:37 INFO UpdateUserState: 013197031079,1
2017-03-10 09:32:43 INFO AddIdentifyResult: 21427,015603207193,10,reg/015603207193_0310093318|reg/015603207193_0310093318|reg/015603207193_
2017-03-10 09:32:44 INFO UpdateUserState: 015603207193,1
2017-03-10 09:33:05 INFO AddIdentifyResult: 21428,013475276505,12,
2017-03-10 09:33:09 INFO AddIdentifyResult: 21429,013197031079,-1,
2017-03-10 09:33:12 INFO AddIdentifyResult: 21428,013475276505,10,reg/013475276505_0310093449|reg/013475276505_0310093449|reg/013475276505_0310093353
2017-03-10 09:33:12 INFO UpdateUserState: 013475276505,1
2017-03-10 09:33:15 INFO AddIdentifyResult: 21429,013197031079,-3,
2017-03-10 09:33:43 INFO AddIdentifyResult: 21430,015603207193,-1,
2017-03-10 09:33:48 INFO AddIdentifyResult: 21430,015603207193,-3,
2017-03-10 09:34:06 INFO AddIdentifyResult: 21429,013197031079,0,ver/03/10/093535_013197031079.wav
2017-03-10 09:34:40 INFO AddIdentifyResult: 21430,015603207193,0,ver/03/10/093608_015603207193.wav
2017-03-10 09:36:05 INFO AddIdentifyResult: 21431,013280369896,-1,
2017-03-10 09:36:12 INFO AddIdentifyResult: 21431,013280369896,-3,
2017-03-10 09:38:15 INFO AddIdentifyResult: 21431,013280369896,12,
2017-03-10 09:38:22 INFO AddIdentifyResult: 21431,013280369896,10,reg/013280369896_0310094005|reg/013280369896_0310094005|reg/013280369896_0310093831
2017-03-10 09:38:22 INFO UpdateUserState: 013280369896,1
2017-03-10 09:38:34 INFO AddIdentifyResult: 21432,013280369896,-1,
2017-03-10 09:38:39 INFO AddIdentifyResult: 21432,013280369896,-3,
2017-03-10 09:39:31 INFO AddIdentifyResult: 21432,013280369896,0,ver/03/10/094059_013280369896.wav
2017-03-10 09:40:45 INFO AddIdentifyResult: 21433,015265862798,-1,
2017-03-10 09:40:51 INFO AddIdentifyResult: 21433,015265862798,-3,
2017-03-10 09:42:57 INFO AddIdentifyResult: 21433,015265862798,12,
2017-03-10 09:43:04 INFO AddIdentifyResult: 21433,015265862798,10,reg/015265862798_0310094311|reg/015265862798_0310094311|reg/015265862798_
2017-03-10 09:43:04 INFO UpdateUserState: 015265862798,1
2017-03-10 09:48:31 INFO AddIdentifyResult: 21434,013042850362,-1,
2017-03-10 09:48:43 INFO AddIdentifyResult: 21434,013042850362,-3,
2017-03-10 09:49:50 INFO AddIdentifyResult: 21435,013280377732,-1,
2017-03-10 09:49:56 INFO AddIdentifyResult: 21435,013280377732,-3,
2017-03-10 09:50:31 INFO AddIdentifyResult: 21434,013042850362,12,
2017-03-10 09:50:40 INFO AddIdentifyResult: 21434,013042850362,10,reg/013042850362_0310095103|reg/013042850362_0310095103|reg/013042850362_
2017-03-10 09:50:40 INFO UpdateUserState: 013042850362,1
2017-03-10 09:52:06 INFO AddIdentifyResult: 21435,013280377732,12,
2017-03-10 09:52:14 INFO AddIdentifyResult: 21435,013280377732,10,reg/013280377732_0310095216|reg/013280377732_0310095216|reg/013280377732_
2017-03-10 09:52:14 INFO UpdateUserState: 013280377732,1
2017-03-10 09:52:42 INFO AddIdentifyResult: 21436,013280377732,-1,
2017-03-10 09:52:49 INFO AddIdentifyResult: 21436,013280377732,-3,
2017-03-10 09:53:41 INFO AddIdentifyResult: 21436,013280377732,0,ver/03/10/095509_013280377732.wav
2017-03-10 09:54:41 INFO AddIdentifyResult: 21437,015603289329,-1,
2017-03-10 09:54:42 INFO AddIdentifyResult: 21438,013042860191,-1,
2017-03-10 09:54:46 INFO AddIdentifyResult: 21437,015603289329,-3,
2017-03-10 09:55:00 INFO AddIdentifyResult: 21438,013042860191,-3,
2017-03-10 09:56:00 INFO AddIdentifyResult: 21439,015166247410,-1,
2017-03-10 09:56:08 INFO AddIdentifyResult: 21439,015166247410,-3,
2017-03-10 09:56:40 INFO AddIdentifyResult: 21438,013042860191,12,
2017-03-10 09:56:48 INFO AddIdentifyResult: 21438,013042860191,10,reg/013042860191_0310095720|reg/013042860191_0310095720|reg/013042860191_
2017-03-10 09:56:48 INFO UpdateUserState: 013042860191,1
2017-03-10 09:57:02 INFO AddIdentifyResult: 21437,015603289329,11,reg/015603289329_|reg/015603289329_|reg/015603289329_
2017-03-10 09:57:23 INFO AddIdentifyResult: 21440,015603289329,-1,
2017-03-10 09:57:29 INFO AddIdentifyResult: 21440,015603289329,-3,
2017-03-10 09:58:18 INFO AddIdentifyResult: 21439,015166247410,12,
2017-03-10 09:58:25 INFO AddIdentifyResult: 21439,015166247410,10,reg/015166247410_0310095828|reg/015166247410_0310095828|reg/015166247410_
2017-03-10 09:58:25 INFO UpdateUserState: 015166247410,1
2017-03-10 10:00:08 INFO AddIdentifyResult: 21440,015603289329,12,
2017-03-10 10:00:15 INFO AddIdentifyResult: 21440,015603289329,10,reg/015603289329_0310095949|reg/015603289329_0310095949|reg/015603289329_
2017-03-10 10:00:15 INFO UpdateUserState: 015603289329,1
2017-03-10 10:00:19 INFO AddIdentifyResult: 21441,015603289329,-1,
2017-03-10 10:00:24 INFO AddIdentifyResult: 21441,015603289329,-3,
2017-03-10 10:01:15 INFO AddIdentifyResult: 21441,015603289329,0,ver/03/10/100244_015603289329.wav
2017-03-10 10:05:19 INFO AddIdentifyResult: 21442,015603212665,-1,
2017-03-10 10:05:36 INFO AddIdentifyResult: 21442,015603212665,-3,
2017-03-10 10:07:08 INFO AddIdentifyResult: 21443,018766736781,-1,
2017-03-10 10:07:17 INFO AddIdentifyResult: 21443,018766736781,-3,
2017-03-10 10:07:21 INFO AddIdentifyResult: 21442,015603212665,12,
2017-03-10 10:07:28 INFO AddIdentifyResult: 21444,015603225181,-1,
2017-03-10 10:07:28 INFO AddIdentifyResult: 21442,015603212665,10,reg/015603212665_0310100755|reg/015603212665_0310100755|reg/015603212665_
2017-03-10 10:07:29 INFO UpdateUserState: 015603212665,1
2017-03-10 10:07:33 INFO AddIdentifyResult: 21444,015603225181,-3,
2017-03-10 10:07:37 INFO AddIdentifyResult: 21445,015603212665,-1,
2017-03-10 10:07:53 INFO AddIdentifyResult: 21445,015603212665,-3,
2017-03-10 10:08:45 INFO AddIdentifyResult: 21445,015603212665,0,ver/03/10/101013_015603212665.wav
2017-03-10 10:09:08 INFO AddIdentifyResult: 21446,015127495033,-1,
2017-03-10 10:09:11 INFO AddIdentifyResult: 21443,018766736781,12,
2017-03-10 10:09:15 INFO AddIdentifyResult: 21446,015127495033,-3,
2017-03-10 10:09:19 INFO AddIdentifyResult: 21443,018766736781,10,reg/018766736781_0310100936|reg/018766736781_0310100936|reg/018766736781_
2017-03-10 10:09:19 INFO UpdateUserState: 018766736781,1
2017-03-10 10:09:28 INFO AddIdentifyResult: 21444,015603225181,12,
2017-03-10 10:09:34 INFO AddIdentifyResult: 21447,018766736781,-1,
2017-03-10 10:09:34 INFO AddIdentifyResult: 21444,015603225181,10,reg/015603225181_0310101123|reg/015603225181_0310101123|reg/015603225181_0310100952
2017-03-10 10:09:35 INFO UpdateUserState: 015603225181,1
2017-03-10 10:09:44 INFO AddIdentifyResult: 21447,018766736781,-3,
2017-03-10 10:09:44 INFO AddIdentifyResult: 21448,015603225181,-1,
2017-03-10 10:09:49 INFO AddIdentifyResult: 21448,015603225181,-3,
2017-03-10 10:10:01 INFO AddIdentifyResult: 21449,013280371130,-1,
2017-03-10 10:10:04 INFO AddIdentifyResult: 21450,018766736781,-1,
2017-03-10 10:10:05 INFO AddIdentifyResult: 21447,018766736781,1,
2017-03-10 10:10:12 INFO AddIdentifyResult: 21450,018766736781,-3,
2017-03-10 10:10:40 INFO AddIdentifyResult: 21448,015603225181,0,ver/03/10/101209_015603225181.wav
2017-03-10 10:10:52 INFO AddIdentifyResult: 21450,018766736781,0,ver/03/10/101232_018766736781.wav
2017-03-10 10:11:23 INFO AddIdentifyResult: 21446,015127495033,12,
2017-03-10 10:11:30 INFO AddIdentifyResult: 21446,015127495033,10,reg/015127495033_0310101306|reg/015127495033_0310101306|reg/015127495033_0310101135
2017-03-10 10:11:31 INFO UpdateUserState: 015127495033,1
2017-03-10 10:11:37 INFO AddIdentifyResult: 21451,015127495033,-1,
2017-03-10 10:11:44 INFO AddIdentifyResult: 21451,015127495033,-3,
2017-03-10 10:12:36 INFO AddIdentifyResult: 21451,015127495033,0,ver/03/10/101404_015127495033.wav
2017-03-10 10:15:07 INFO AddIdentifyResult: 21452,015613278096,-1,
2017-03-10 10:15:13 INFO AddIdentifyResult: 21452,015613278096,-3,
2017-03-10 10:17:08 INFO AddIdentifyResult: 21452,015613278096,12,
2017-03-10 10:17:17 INFO AddIdentifyResult: 21452,015613278096,10,reg/015613278096_0310101733|reg/015613278096_0310101733|reg/015613278096_
2017-03-10 10:17:18 INFO UpdateUserState: 015613278096,1
2017-03-10 10:17:19 INFO AddIdentifyResult: 21453,015613278096,-1,
2017-03-10 10:17:25 INFO AddIdentifyResult: 21453,015613278096,-3,
2017-03-10 10:18:17 INFO AddIdentifyResult: 21453,015613278096,0,ver/03/10/101945_015613278096.wav
2017-03-10 10:18:35 INFO AddIdentifyResult: 21454,013463268846,-1,
2017-03-10 10:18:44 INFO AddIdentifyResult: 21454,013463268846,-3,
2017-03-10 10:20:17 INFO AddIdentifyResult: 21454,013463268846,12,
2017-03-10 10:20:24 INFO AddIdentifyResult: 21454,013463268846,10,reg/013463268846_0310102103|reg/013463268846_0310102103|reg/013463268846_
2017-03-10 10:20:25 INFO UpdateUserState: 013463268846,1
2017-03-10 10:20:26 INFO AddIdentifyResult: 21455,013463268846,-1,
2017-03-10 10:20:29 INFO AddIdentifyResult: 21456,015633758603,-1,
2017-03-10 10:20:32 INFO AddIdentifyResult: 21455,013463268846,-3,
2017-03-10 10:20:34 INFO AddIdentifyResult: 21456,015633758603,-3,
2017-03-10 10:21:24 INFO AddIdentifyResult: 21455,013463268846,0,ver/03/10/102252_013463268846.wav
2017-03-10 10:22:41 INFO AddIdentifyResult: 21456,015633758603,12,
2017-03-10 10:22:48 INFO AddIdentifyResult: 21456,015633758603,10,reg/015633758603_0310102254|reg/015633758603_0310102254|reg/015633758603_
2017-03-10 10:22:48 INFO UpdateUserState: 015633758603,1
2017-03-10 10:22:51 INFO AddIdentifyResult: 21457,015633758603,-1,
2017-03-10 10:22:57 INFO AddIdentifyResult: 21457,015633758603,-3,
2017-03-10 10:23:09 INFO AddIdentifyResult: 21458,015603283671,-1,
2017-03-10 10:23:15 INFO AddIdentifyResult: 21458,015603283671,-3,
2017-03-10 10:23:48 INFO AddIdentifyResult: 21457,015633758603,0,ver/03/10/102517_015633758603.wav
2017-03-10 10:24:50 INFO AddIdentifyResult: 21459,015247252666,-1,
2017-03-10 10:25:00 INFO AddIdentifyResult: 21459,015247252666,-3,
2017-03-10 10:25:34 INFO AddIdentifyResult: 21459,015247252666,11,reg/015247252666_|reg/015247252666_|reg/015247252666_
2017-03-10 10:25:46 INFO AddIdentifyResult: 21458,015603283671,12,
2017-03-10 10:25:47 INFO AddIdentifyResult: 21460,015247252666,-1,
2017-03-10 10:25:53 INFO AddIdentifyResult: 21458,015603283671,10,reg/015603283671_0310102732|reg/015603283671_0310102732|reg/015603283671_0310102534
2017-03-10 10:25:53 INFO UpdateUserState: 015603283671,1
2017-03-10 10:25:56 INFO AddIdentifyResult: 21460,015247252666,-3,
2017-03-10 10:26:08 INFO AddIdentifyResult: 21461,013339719838,-1,
2017-03-10 10:26:15 INFO AddIdentifyResult: 21462,015603283671,-1,
2017-03-10 10:26:21 INFO AddIdentifyResult: 21462,015603283671,-3,
2017-03-10 10:26:37 INFO AddIdentifyResult: 21463,013339719838,-1,
2017-03-10 10:26:51 INFO AddIdentifyResult: 21463,013339719838,-3,
2017-03-10 10:27:13 INFO AddIdentifyResult: 21462,015603283671,0,ver/03/10/102841_015603283671.wav
2017-03-10 10:27:26 INFO AddIdentifyResult: 21464,013673121107,-1,
2017-03-10 10:27:38 INFO AddIdentifyResult: 21464,013673121107,-3,
2017-03-10 10:27:49 INFO AddIdentifyResult: 21460,015247252666,12,
2017-03-10 10:27:55 INFO AddIdentifyResult: 21460,015247252666,10,reg/015247252666_0310102942|reg/015247252666_0310102942|reg/015247252666_0310102816
2017-03-10 10:27:55 INFO UpdateUserState: 015247252666,1
2017-03-10 10:28:32 INFO AddIdentifyResult: 21463,013339719838,12,
2017-03-10 10:28:39 INFO AddIdentifyResult: 21463,013339719838,10,reg/013339719838_0310102910|reg/013339719838_0310102910|reg/013339719838_
2017-03-10 10:28:39 INFO UpdateUserState: 013339719838,1
2017-03-10 10:29:05 INFO AddIdentifyResult: 21464,013673121107,12,
2017-03-10 10:29:11 INFO AddIdentifyResult: 21464,013673121107,10,reg/013673121107_0310102957|reg/013673121107_0310102957|reg/013673121107_
2017-03-10 10:29:12 INFO UpdateUserState: 013673121107,1
2017-03-10 10:29:17 INFO AddIdentifyResult: 21465,013673121107,-1,
2017-03-10 10:29:22 INFO AddIdentifyResult: 21465,013673121107,-3,
2017-03-10 10:29:50 INFO AddIdentifyResult: 0,015247252666,1,ver/03/10/103118_015247252666.wav
2017-03-10 10:30:14 INFO AddIdentifyResult: 21465,013673121107,0,ver/03/10/103142_013673121107.wav
2017-03-10 10:30:42 INFO AddIdentifyResult: 21467,015632270353,-1,
2017-03-10 10:30:50 INFO AddIdentifyResult: 21467,015632270353,-3,
2017-03-10 10:31:16 INFO AddIdentifyResult: 0,015247252666,1,ver/03/10/103244_015247252666.wav
2017-03-10 10:31:22 INFO AddIdentifyResult: 21468,015690445489,-1,
2017-03-10 10:31:27 INFO AddIdentifyResult: 21468,015690445489,-3,
2017-03-10 10:32:15 INFO AddIdentifyResult: 0,015247252666,0,ver/03/10/103341_015247252666.wav
2017-03-10 10:32:23 INFO AddIdentifyResult: 21467,015632270353,12,
2017-03-10 10:32:30 INFO AddIdentifyResult: 21467,015632270353,10,reg/015632270353_0310103309|reg/015632270353_0310103309|reg/015632270353_
2017-03-10 10:32:30 INFO UpdateUserState: 015632270353,1
2017-03-10 10:32:34 INFO AddIdentifyResult: 21469,015632270353,-1,
2017-03-10 10:32:40 INFO AddIdentifyResult: 21469,015632270353,-3,
2017-03-10 10:33:18 INFO AddIdentifyResult: 21468,015690445489,12,
2017-03-10 10:33:24 INFO AddIdentifyResult: 21468,015690445489,10,reg/015690445489_0310103517|reg/015690445489_0310103517|reg/015690445489_0310103347
2017-03-10 10:33:24 INFO UpdateUserState: 015690445489,1
2017-03-10 10:33:27 INFO AddIdentifyResult: 21470,015690445489,-1,
2017-03-10 10:33:32 INFO AddIdentifyResult: 21469,015632270353,0,ver/03/10/103500_015632270353.wav
2017-03-10 10:33:32 INFO AddIdentifyResult: 21470,015690445489,-3,
2017-03-10 10:34:19 INFO AddIdentifyResult: 21471,015613279671,-1,
2017-03-10 10:34:23 INFO AddIdentifyResult: 21470,015690445489,0,ver/03/10/103552_015690445489.wav
2017-03-10 10:35:07 INFO AddIdentifyResult: 21472,015613279671,-1,
2017-03-10 10:35:13 INFO AddIdentifyResult: 21472,015613279671,-3,
2017-03-10 10:37:42 INFO AddIdentifyResult: 21473,015603229853,-1,
2017-03-10 10:37:50 INFO AddIdentifyResult: 21473,015603229853,-3,
2017-03-10 10:38:13 INFO AddIdentifyResult: 21472,015613279671,12,
2017-03-10 10:38:14 INFO AddIdentifyResult: 21473,015603229853,11,reg/015603229853_|reg/015603229853_|reg/015603229853_
2017-03-10 10:38:16 INFO AddIdentifyResult: 21474,015633706587,-1,
2017-03-10 10:38:22 INFO AddIdentifyResult: 21472,015613279671,10,reg/015613279671_0310103929|reg/015613279671_0310103929|reg/015613279671_0310103733
2017-03-10 10:38:22 INFO UpdateUserState: 015613279671,1
2017-03-10 10:38:22 INFO AddIdentifyResult: 21475,015613279671,-1,
2017-03-10 10:38:22 INFO AddIdentifyResult: 21476,015603229853,-1,
2017-03-10 10:38:27 INFO AddIdentifyResult: 21476,015603229853,-3,
2017-03-10 10:38:29 INFO AddIdentifyResult: 21475,015613279671,-3,
2017-03-10 10:39:08 INFO AddIdentifyResult: 21477,015603209507,-1,
2017-03-10 10:39:12 INFO AddIdentifyResult: 21477,015603209507,-3,
2017-03-10 10:39:21 INFO AddIdentifyResult: 21475,015613279671,0,ver/03/10/104049_015613279671.wav
2017-03-10 10:39:32 INFO AddIdentifyResult: 21478,013400231811,-1,
2017-03-10 10:39:39 INFO AddIdentifyResult: 21478,013400231811,-3,
2017-03-10 10:40:08 INFO AddIdentifyResult: 21476,015603229853,12,
2017-03-10 10:40:14 INFO AddIdentifyResult: 21476,015603229853,10,reg/015603229853_0310104047|reg/015603229853_0310104047|reg/015603229853_
2017-03-10 10:40:15 INFO UpdateUserState: 015603229853,1
2017-03-10 10:40:28 INFO AddIdentifyResult: 21479,015603229853,-1,
2017-03-10 10:40:34 INFO AddIdentifyResult: 21479,015603229853,-3,
2017-03-10 10:40:34 INFO AddIdentifyResult: 21477,015603209507,12,
2017-03-10 10:40:41 INFO AddIdentifyResult: 21477,015603209507,10,reg/015603209507_0310104131|reg/015603209507_0310104131|reg/015603209507_
2017-03-10 10:40:41 INFO UpdateUserState: 015603209507,1
2017-03-10 10:41:24 INFO AddIdentifyResult: 21478,013400231811,12,
2017-03-10 10:41:25 INFO AddIdentifyResult: 21480,015603209507,-1,
2017-03-10 10:41:26 INFO AddIdentifyResult: 21479,015603229853,0,ver/03/10/104254_015603229853.wav
2017-03-10 10:41:30 INFO AddIdentifyResult: 21480,015603209507,-3,
2017-03-10 10:41:30 INFO AddIdentifyResult: 21478,013400231811,10,reg/013400231811_0310104158|reg/013400231811_0310104158|reg/013400231811_
2017-03-10 10:41:31 INFO UpdateUserState: 013400231811,1
2017-03-10 10:41:37 INFO AddIdentifyResult: 21481,013400231811,-1,
2017-03-10 10:41:43 INFO AddIdentifyResult: 21481,013400231811,-3,
2017-03-10 10:42:22 INFO AddIdentifyResult: 21480,015603209507,0,ver/03/10/104350_015603209507.wav
2017-03-10 10:42:35 INFO AddIdentifyResult: 21481,013400231811,0,ver/03/10/104403_013400231811.wav
2017-03-10 10:44:48 INFO AddIdentifyResult: 21482,015633706587,-1,
2017-03-10 10:44:53 INFO AddIdentifyResult: 21482,015633706587,-3,
2017-03-10 10:46:51 INFO AddIdentifyResult: 21482,015633706587,12,
2017-03-10 10:46:57 INFO AddIdentifyResult: 21482,015633706587,10,reg/015633706587_0310104850|reg/015633706587_0310104850|reg/015633706587_0310104713
2017-03-10 10:46:57 INFO UpdateUserState: 015633706587,1
2017-03-10 10:47:19 INFO AddIdentifyResult: 21483,015633706587,-1,
2017-03-10 10:47:26 INFO AddIdentifyResult: 21483,015633706587,-3,
2017-03-10 10:48:18 INFO AddIdentifyResult: 21483,015633706587,0,ver/03/10/104946_015633706587.wav
2017-03-10 10:50:38 INFO AddIdentifyResult: 21484,013280368892,-1,
2017-03-10 10:50:48 INFO AddIdentifyResult: 21484,013280368892,-3,
2017-03-10 10:52:31 INFO AddIdentifyResult: 21484,013280368892,12,
2017-03-10 10:52:39 INFO AddIdentifyResult: 21484,013280368892,10,reg/013280368892_0310105308|reg/013280368892_0310105308|reg/013280368892_
2017-03-10 10:52:39 INFO UpdateUserState: 013280368892,1
2017-03-10 10:53:55 INFO AddIdentifyResult: 21485,013280368892,-1,
2017-03-10 10:54:06 INFO AddIdentifyResult: 21485,013280368892,-3,
2017-03-10 10:54:58 INFO AddIdentifyResult: 21485,013280368892,0,ver/03/10/105626_013280368892.wav
2017-03-10 10:56:29 INFO AddIdentifyResult: 21486,015630277013,-1,
2017-03-10 10:56:39 INFO AddIdentifyResult: 21486,015630277013,-3,
2017-03-10 10:58:49 INFO AddIdentifyResult: 21486,015630277013,12,
2017-03-10 10:58:56 INFO AddIdentifyResult: 21486,015630277013,10,reg/015630277013_0310105859|reg/015630277013_0310105859|reg/015630277013_
2017-03-10 10:58:56 INFO UpdateUserState: 015630277013,1
2017-03-10 10:59:04 INFO AddIdentifyResult: 21487,015630277013,-1,
2017-03-10 10:59:07 INFO AddIdentifyResult: 21488,018733837461,-1,
2017-03-10 10:59:09 INFO AddIdentifyResult: 21487,015630277013,-3,
2017-03-10 10:59:17 INFO AddIdentifyResult: 21488,018733837461,-3,
2017-03-10 11:00:01 INFO AddIdentifyResult: 21487,015630277013,0,ver/03/10/110129_015630277013.wav
2017-03-10 11:00:21 INFO AddIdentifyResult: 21488,018733837461,11,reg/018733837461_|reg/018733837461_|reg/018733837461_
2017-03-10 11:00:29 INFO AddIdentifyResult: 21489,018733837461,-1,
2017-03-10 11:00:37 INFO AddIdentifyResult: 21489,018733837461,-3,
2017-03-10 11:02:08 INFO AddIdentifyResult: 21489,018733837461,12,
2017-03-10 11:02:15 INFO AddIdentifyResult: 21489,018733837461,10,reg/018733837461_0310110256|reg/018733837461_0310110256|reg/018733837461_
2017-03-10 11:02:15 INFO UpdateUserState: 018733837461,1
2017-03-10 11:02:25 INFO AddIdentifyResult: 21490,018733837461,-1,
2017-03-10 11:02:33 INFO AddIdentifyResult: 21490,018733837461,-3,
2017-03-10 11:02:37 INFO AddIdentifyResult: 21491,015081255921,-1,
2017-03-10 11:02:50 INFO AddIdentifyResult: 21491,015081255921,-3,
2017-03-10 11:03:25 INFO AddIdentifyResult: 21490,018733837461,0,ver/03/10/110453_018733837461.wav
2017-03-10 11:05:05 INFO AddIdentifyResult: 21491,015081255921,12,
2017-03-10 11:05:13 INFO AddIdentifyResult: 21491,015081255921,10,reg/015081255921_0310110510|reg/015081255921_0310110510|reg/015081255921_
2017-03-10 11:05:14 INFO UpdateUserState: 015081255921,1
2017-03-10 11:05:22 INFO AddIdentifyResult: 21492,015081255921,-1,
2017-03-10 11:05:28 INFO AddIdentifyResult: 21492,015081255921,-3,
2017-03-10 11:06:20 INFO AddIdentifyResult: 21492,015081255921,0,ver/03/10/110748_015081255921.wav
2017-03-10 11:07:55 INFO AddIdentifyResult: 21493,015630212719,-1,
2017-03-10 11:07:57 INFO AddIdentifyResult: 21494,015603203087,-1,
2017-03-10 11:08:05 INFO AddIdentifyResult: 21494,015603203087,-3,
2017-03-10 11:08:25 INFO AddIdentifyResult: 21495,015630212719,-1,
2017-03-10 11:08:52 INFO AddIdentifyResult: 21496,015630212719,-1,
2017-03-10 11:08:58 INFO AddIdentifyResult: 21496,015630212719,-3,
2017-03-10 11:09:50 INFO AddIdentifyResult: 21494,015603203087,12,
2017-03-10 11:09:58 INFO AddIdentifyResult: 21494,015603203087,10,reg/015603203087_0310111024|reg/015603203087_0310111024|reg/015603203087_
2017-03-10 11:09:58 INFO UpdateUserState: 015603203087,1
2017-03-10 11:10:03 INFO AddIdentifyResult: 21497,015603203087,-1,
2017-03-10 11:10:11 INFO AddIdentifyResult: 21497,015603203087,-3,
2017-03-10 11:10:33 INFO AddIdentifyResult: 21496,015630212719,12,
2017-03-10 11:10:40 INFO AddIdentifyResult: 21496,015630212719,10,reg/015630212719_0310111118|reg/015630212719_0310111118|reg/015630212719_
2017-03-10 11:10:40 INFO UpdateUserState: 015630212719,1
2017-03-10 11:10:49 INFO AddIdentifyResult: 21498,015630212719,-1,
2017-03-10 11:10:53 INFO AddIdentifyResult: 21498,015630212719,-3,
2017-03-10 11:11:04 INFO AddIdentifyResult: 21497,015603203087,0,ver/03/10/111231_015603203087.wav
2017-03-10 11:11:46 INFO AddIdentifyResult: 21498,015630212719,0,ver/03/10/111314_015630212719.wav
2017-03-10 11:12:02 INFO AddIdentifyResult: 21499,015603271090,-1,
2017-03-10 11:12:10 INFO AddIdentifyResult: 21499,015603271090,-3,
2017-03-10 11:14:26 INFO AddIdentifyResult: 21499,015603271090,12,
2017-03-10 11:14:34 INFO AddIdentifyResult: 21499,015603271090,10,reg/015603271090_0310111605|reg/015603271090_0310111605|reg/015603271090_0310111430
2017-03-10 11:14:34 INFO UpdateUserState: 015603271090,1
2017-03-10 11:14:41 INFO AddIdentifyResult: 21500,015603271090,-1,
2017-03-10 11:14:47 INFO AddIdentifyResult: 21500,015603271090,-3,
2017-03-10 11:15:39 INFO AddIdentifyResult: 21500,015603271090,0,ver/03/10/111707_015603271090.wav
2017-03-10 11:20:36 INFO AddIdentifyResult: 21501,015633203575,-1,
2017-03-10 11:20:42 INFO AddIdentifyResult: 21501,015633203575,-3,
2017-03-10 11:22:15 INFO AddIdentifyResult: 21501,015633203575,12,
2017-03-10 11:22:22 INFO AddIdentifyResult: 21501,015633203575,10,reg/015633203575_0310112301|reg/015633203575_0310112301|reg/015633203575_
2017-03-10 11:22:23 INFO UpdateUserState: 015633203575,1
2017-03-10 11:22:33 INFO AddIdentifyResult: 21502,015633203575,-1,
2017-03-10 11:22:38 INFO AddIdentifyResult: 21502,015633203575,-3,
2017-03-10 11:23:31 INFO AddIdentifyResult: 21502,015633203575,0,ver/03/10/112458_015633203575.wav
2017-03-10 11:27:21 INFO AddIdentifyResult: 21503,013280375969,-1,
2017-03-10 11:27:26 INFO AddIdentifyResult: 21503,013280375969,-3,
2017-03-10 11:28:02 INFO AddIdentifyResult: 21504,013754524038,-1,
2017-03-10 11:28:08 INFO AddIdentifyResult: 21504,013754524038,-3,
2017-03-10 11:28:44 INFO AddIdentifyResult: 21503,013280375969,12,
2017-03-10 11:28:51 INFO AddIdentifyResult: 21503,013280375969,10,reg/013280375969_0310112946|reg/013280375969_0310112946|reg/013280375969_
2017-03-10 11:28:52 INFO UpdateUserState: 013280375969,1
2017-03-10 11:31:04 INFO AddIdentifyResult: 21504,013754524038,11,reg/013754524038_|reg/013754524038_|reg/013754524038_
2017-03-10 11:31:20 INFO AddIdentifyResult: 21505,015603263275,-1,
2017-03-10 11:31:26 INFO AddIdentifyResult: 21505,015603263275,-3,
2017-03-10 11:33:20 INFO AddIdentifyResult: 21505,015603263275,12,
2017-03-10 11:33:27 INFO AddIdentifyResult: 21505,015603263275,10,reg/015603263275_0310113346|reg/015603263275_0310113346|reg/015603263275_
2017-03-10 11:33:28 INFO UpdateUserState: 015603263275,1
2017-03-10 11:33:32 INFO AddIdentifyResult: 21506,015603263275,-1,
2017-03-10 11:33:37 INFO AddIdentifyResult: 21506,015603263275,-3,
2017-03-10 11:34:30 INFO AddIdentifyResult: 21506,015603263275,0,ver/03/10/113558_015603263275.wav
2017-03-10 11:34:59 INFO AddIdentifyResult: 21507,015603281913,-1,
2017-03-10 11:35:08 INFO AddIdentifyResult: 21508,015231219904,-1,
2017-03-10 11:35:10 INFO AddIdentifyResult: 21507,015603281913,-3,
2017-03-10 11:35:14 INFO AddIdentifyResult: 21508,015231219904,-3,
2017-03-10 11:36:54 INFO AddIdentifyResult: 21508,015231219904,12,
2017-03-10 11:37:02 INFO AddIdentifyResult: 21508,015231219904,10,reg/015231219904_0310113733|reg/015231219904_0310113733|reg/015231219904_
2017-03-10 11:37:02 INFO UpdateUserState: 015231219904,1
2017-03-10 11:37:05 INFO AddIdentifyResult: 21509,015231219904,-1,
2017-03-10 11:37:09 INFO AddIdentifyResult: 21507,015603281913,12,
2017-03-10 11:37:10 INFO AddIdentifyResult: 21509,015231219904,-3,
2017-03-10 11:37:15 INFO AddIdentifyResult: 21507,015603281913,10,reg/015603281913_0310113904|reg/015603281913_0310113904|reg/015603281913_0310113729
2017-03-10 11:37:15 INFO UpdateUserState: 015603281913,1
2017-03-10 11:37:21 INFO AddIdentifyResult: 21510,015603281913,-1,
2017-03-10 11:37:25 INFO AddIdentifyResult: 21510,015603281913,-3,
2017-03-10 11:37:26 INFO AddIdentifyResult: 21511,018354647005,-1,
2017-03-10 11:37:36 INFO AddIdentifyResult: 21511,018354647005,-3,
2017-03-10 11:38:03 INFO AddIdentifyResult: 21509,015231219904,0,ver/03/10/113931_015231219904.wav
2017-03-10 11:38:17 INFO AddIdentifyResult: 21510,015603281913,0,ver/03/10/113945_015603281913.wav
2017-03-10 11:39:36 INFO AddIdentifyResult: 21511,018354647005,12,
2017-03-10 11:39:43 INFO AddIdentifyResult: 21511,018354647005,10,reg/018354647005_0310113955|reg/018354647005_0310113955|reg/018354647005_
2017-03-10 11:39:43 INFO UpdateUserState: 018354647005,1
2017-03-10 11:44:01 INFO AddIdentifyResult: 21512,013255601739,-1,
2017-03-10 11:44:10 INFO AddIdentifyResult: 21512,013255601739,-3,
2017-03-10 11:46:24 INFO AddIdentifyResult: 21512,013255601739,12,
2017-03-10 11:46:32 INFO AddIdentifyResult: 21512,013255601739,10,reg/013255601739_0310114630|reg/013255601739_0310114630|reg/013255601739_
2017-03-10 11:46:32 INFO UpdateUserState: 013255601739,1
2017-03-10 11:48:23 INFO AddIdentifyResult: 21513,015263858103,-1,
2017-03-10 11:48:46 INFO AddIdentifyResult: 21513,015263858103,-3,
2017-03-10 11:50:48 INFO AddIdentifyResult: 21513,015263858103,12,
2017-03-10 11:50:56 INFO AddIdentifyResult: 21513,015263858103,10,reg/015263858103_0310115106|reg/015263858103_0310115106|reg/015263858103_
2017-03-10 11:50:56 INFO UpdateUserState: 015263858103,1
2017-03-10 11:52:11 INFO AddIdentifyResult: 21514,015603270939,-1,
2017-03-10 11:52:18 INFO AddIdentifyResult: 21514,015603270939,-3,
2017-03-10 11:53:54 INFO AddIdentifyResult: 21514,015603270939,12,
2017-03-10 11:54:01 INFO AddIdentifyResult: 21514,015603270939,10,reg/015603270939_0310115438|reg/015603270939_0310115438|reg/015603270939_
2017-03-10 11:54:01 INFO UpdateUserState: 015603270939,1
2017-03-10 11:58:36 INFO AddIdentifyResult: 21515,015603270939,-1,
2017-03-10 11:58:56 INFO AddIdentifyResult: 21516,015603270939,-1,
2017-03-10 12:00:42 INFO AddIdentifyResult: 21517,015603270939,-1,
2017-03-10 13:49:55 INFO AddIdentifyResult: 21518,013255601605,-1,
2017-03-10 13:50:08 INFO AddIdentifyResult: 21518,013255601605,-3,
2017-03-10 13:51:50 INFO AddIdentifyResult: 21518,013255601605,12,
2017-03-10 13:51:57 INFO AddIdentifyResult: 21518,013255601605,10,reg/013255601605_0310135228|reg/013255601605_0310135228|reg/013255601605_
2017-03-10 13:51:58 INFO UpdateUserState: 013255601605,1
2017-03-10 13:53:10 INFO AddIdentifyResult: 0,18162832386,1,
2017-03-10 13:53:57 INFO AddIdentifyResult: 0,18162832386,1,
2017-03-10 13:58:03 INFO AddIdentifyResult: 21520,013255602731,-1,
2017-03-10 13:58:08 INFO AddIdentifyResult: 21520,013255602731,-3,
2017-03-10 13:59:30 INFO AddIdentifyResult: 21520,013255602731,12,
2017-03-10 13:59:36 INFO AddIdentifyResult: 21520,013255602731,10,reg/013255602731_0310140028|reg/013255602731_0310140028|reg/013255602731_
2017-03-10 13:59:37 INFO UpdateUserState: 013255602731,1
2017-03-10 14:05:49 INFO AddIdentifyResult: 21521,018581681660,-1,
2017-03-10 14:06:07 INFO AddIdentifyResult: 21521,018581681660,-3,
2017-03-10 14:06:59 INFO AddIdentifyResult: 21521,018581681660,1,ver/03/10/140828_018581681660.wav
2017-03-10 14:52:17 INFO AddIdentifyResult: 21522,013280378689,-1,
2017-03-10 14:52:22 INFO AddIdentifyResult: 21522,013280378689,-3,
2017-03-10 14:54:04 INFO AddIdentifyResult: 21522,013280378689,12,
2017-03-10 14:54:11 INFO AddIdentifyResult: 21522,013280378689,10,reg/013280378689_0310145442|reg/013280378689_0310145442|reg/013280378689_
2017-03-10 14:54:12 INFO UpdateUserState: 013280378689,1
2017-03-10 14:54:51 INFO AddIdentifyResult: 21523,013280378689,-1,
2017-03-10 14:54:55 INFO AddIdentifyResult: 21523,013280378689,-3,
2017-03-10 14:55:47 INFO AddIdentifyResult: 21523,013280378689,0,ver/03/10/145716_013280378689.wav
2017-03-10 14:57:37 INFO AddIdentifyResult: 21524,018827011849,-1,
2017-03-10 14:57:47 INFO AddIdentifyResult: 21524,018827011849,-3,
2017-03-10 14:58:48 INFO AddIdentifyResult: 21525,015603299715,-1,
2017-03-10 14:59:13 INFO AddIdentifyResult: 21526,013094256318,-1,
2017-03-10 14:59:24 INFO AddIdentifyResult: 21526,013094256318,-3,
2017-03-10 14:59:26 INFO AddIdentifyResult: 21527,015603299715,-1,
2017-03-10 14:59:29 INFO AddIdentifyResult: 21524,018827011849,12,
2017-03-10 14:59:36 INFO AddIdentifyResult: 21524,018827011849,10,reg/018827011849_0310150119|reg/018827011849_0310150119|reg/018827011849_0310150007
2017-03-10 14:59:37 INFO UpdateUserState: 018827011849,1
2017-03-10 15:00:30 INFO AddIdentifyResult: 21528,015603299715,-1,
2017-03-10 15:00:35 INFO AddIdentifyResult: 21529,018827011849,-1,
2017-03-10 15:00:39 INFO AddIdentifyResult: 21528,015603299715,-3,
2017-03-10 15:00:50 INFO AddIdentifyResult: 21529,018827011849,-3,
2017-03-10 15:01:02 INFO AddIdentifyResult: 21526,013094256318,12,
2017-03-10 15:01:03 INFO AddIdentifyResult: 21530,013280367928,-1,
2017-03-10 15:01:09 INFO AddIdentifyResult: 21526,013094256318,10,reg/013094256318_0310150144|reg/013094256318_0310150144|reg/013094256318_
2017-03-10 15:01:10 INFO UpdateUserState: 013094256318,1
2017-03-10 15:01:21 INFO AddIdentifyResult: 21531,013280367928,-1,
2017-03-10 15:01:25 INFO AddIdentifyResult: 21531,013280367928,-3,
2017-03-10 15:01:32 INFO AddIdentifyResult: 21531,013280367928,11,reg/013280367928_|reg/013280367928_|reg/013280367928_
2017-03-10 15:01:41 INFO AddIdentifyResult: 21529,018827011849,0,ver/03/10/150310_018827011849.wav
2017-03-10 15:01:45 INFO AddIdentifyResult: 21532,013280367928,-1,
2017-03-10 15:01:53 INFO AddIdentifyResult: 21532,013280367928,-3,
2017-03-10 15:02:13 INFO AddIdentifyResult: 21528,015603299715,12,
2017-03-10 15:02:19 INFO AddIdentifyResult: 21528,015603299715,10,reg/015603299715_0310150259|reg/015603299715_0310150259|reg/015603299715_
2017-03-10 15:02:20 INFO UpdateUserState: 015603299715,1
2017-03-10 15:02:40 INFO AddIdentifyResult: 21533,015603299715,-1,
2017-03-10 15:02:46 INFO AddIdentifyResult: 21533,015603299715,-3,
2017-03-10 15:03:38 INFO AddIdentifyResult: 21533,015603299715,0,ver/03/10/150507_015603299715.wav
2017-03-10 15:03:58 INFO AddIdentifyResult: 21532,013280367928,12,
2017-03-10 15:04:07 INFO AddIdentifyResult: 21532,013280367928,10,reg/013280367928_0310150413|reg/013280367928_0310150413|reg/013280367928_
2017-03-10 15:04:07 INFO UpdateUserState: 013280367928,1
2017-03-10 15:04:19 INFO AddIdentifyResult: 0,018827011849,1,ver/03/10/150548_018827011849.wav
2017-03-10 15:06:11 INFO AddIdentifyResult: 21535,013135957397,-1,
2017-03-10 15:06:21 INFO AddIdentifyResult: 21535,013135957397,-3,
2017-03-10 15:07:46 INFO AddIdentifyResult: 21535,013135957397,12,
2017-03-10 15:07:52 INFO AddIdentifyResult: 21535,013135957397,10,reg/013135957397_0310150942|reg/013135957397_0310150942|reg/013135957397_0310150841
2017-03-10 15:07:52 INFO UpdateUserState: 013135957397,1
2017-03-10 15:09:51 INFO AddIdentifyResult: 0,013135957397,1,
2017-03-10 15:13:56 INFO AddIdentifyResult: 21537,013280376391,-1,
2017-03-10 15:14:03 INFO AddIdentifyResult: 21537,013280376391,-3,
2017-03-10 15:15:24 INFO AddIdentifyResult: 21538,013042845991,-1,
2017-03-10 15:15:29 INFO AddIdentifyResult: 21537,013280376391,12,
2017-03-10 15:15:34 INFO AddIdentifyResult: 21538,013042845991,-3,
2017-03-10 15:15:36 INFO AddIdentifyResult: 21537,013280376391,10,reg/013280376391_0310151623|reg/013280376391_0310151623|reg/013280376391_
2017-03-10 15:15:36 INFO UpdateUserState: 013280376391,1
2017-03-10 15:17:14 INFO AddIdentifyResult: 21538,013042845991,12,
2017-03-10 15:17:23 INFO AddIdentifyResult: 21538,013042845991,10,reg/013042845991_0310151754|reg/013042845991_0310151754|reg/013042845991_
2017-03-10 15:17:23 INFO UpdateUserState: 013042845991,1
2017-03-10 15:18:59 INFO AddIdentifyResult: 21539,013280368259,-1,
2017-03-10 15:19:04 INFO AddIdentifyResult: 21539,013280368259,-3,
2017-03-10 15:21:55 INFO AddIdentifyResult: 21539,013280368259,12,
2017-03-10 15:22:01 INFO AddIdentifyResult: 21539,013280368259,10,reg/013280368259_0310152341|reg/013280368259_0310152341|reg/013280368259_0310152124
2017-03-10 15:22:02 INFO UpdateUserState: 013280368259,1
2017-03-10 15:22:37 INFO AddIdentifyResult: 21540,013280368259,-1,
2017-03-10 15:22:41 INFO AddIdentifyResult: 21540,013280368259,-3,
2017-03-10 15:23:32 INFO AddIdentifyResult: 21540,013280368259,1,ver/03/10/152502_013280368259.wav
2017-03-10 15:23:58 INFO AddIdentifyResult: 21541,013280368259,-1,
2017-03-10 15:24:03 INFO AddIdentifyResult: 21541,013280368259,-3,
2017-03-10 15:26:35 INFO AddIdentifyResult: 21541,013280368259,12,
2017-03-10 15:26:42 INFO AddIdentifyResult: 21541,013280368259,10,reg/013280368259_0310152623|reg/013280368259_0310152623|reg/013280368259_
2017-03-10 15:26:42 INFO UpdateUserState: 013280368259,1
2017-03-10 15:26:48 INFO AddIdentifyResult: 21542,013280368259,-1,
2017-03-10 15:26:53 INFO AddIdentifyResult: 21542,013280368259,-3,
2017-03-10 15:27:50 INFO AddIdentifyResult: 21543,013280368259,-1,
2017-03-10 15:28:02 INFO AddIdentifyResult: 21544,013280368259,-1,
2017-03-10 15:28:11 INFO AddIdentifyResult: 21542,013280368259,1,
2017-03-10 15:28:17 INFO AddIdentifyResult: 21545,013280368259,-1,
2017-03-10 15:28:22 INFO AddIdentifyResult: 21545,013280368259,-3,
2017-03-10 15:29:31 INFO AddIdentifyResult: 21546,013280368259,-1,
2017-03-10 15:29:39 INFO AddIdentifyResult: 21546,013280368259,-3,
2017-03-10 15:32:17 INFO AddIdentifyResult: 21546,013280368259,12,
2017-03-10 15:32:24 INFO AddIdentifyResult: 21546,013280368259,10,reg/013280368259_0310153413|reg/013280368259_0310153413|reg/013280368259_0310153159
2017-03-10 15:32:24 INFO UpdateUserState: 013280368259,1
2017-03-10 15:32:33 INFO AddIdentifyResult: 21547,013280368259,-1,
2017-03-10 15:32:38 INFO AddIdentifyResult: 21547,013280368259,-3,
2017-03-10 15:33:02 INFO AddIdentifyResult: 21548,013280368259,-1,
2017-03-10 15:33:10 INFO AddIdentifyResult: 21549,013280368259,-1,
2017-03-10 15:33:15 INFO AddIdentifyResult: 21549,013280368259,-3,
2017-03-10 15:33:15 INFO AddIdentifyResult: 21549,013280368259,1,
2017-03-10 15:33:16 INFO AddIdentifyResult: 21547,013280368259,1,
2017-03-10 15:33:27 INFO AddIdentifyResult: 21550,013280368259,-1,
2017-03-10 15:33:32 INFO AddIdentifyResult: 21550,013280368259,-3,
2017-03-10 15:34:23 INFO AddIdentifyResult: 21550,013280368259,0,ver/03/10/153553_013280368259.wav
2017-03-10 15:34:26 INFO AddIdentifyResult: 21551,013135957397,-1,
2017-03-10 15:34:43 INFO AddIdentifyResult: 21551,013135957397,-3,
2017-03-10 15:35:57 INFO AddIdentifyResult: 21552,015603207106,-1,
2017-03-10 15:36:02 INFO AddIdentifyResult: 21552,015603207106,-3,
2017-03-10 15:36:09 INFO AddIdentifyResult: 21551,013135957397,1,ver/03/10/153800_013135957397.wav
2017-03-10 15:36:37 INFO AddIdentifyResult: 21551,013135957397,2,
2017-03-10 15:37:18 INFO AddIdentifyResult: 21553,013135957397,-1,
2017-03-10 15:37:30 INFO AddIdentifyResult: 21553,013135957397,-3,
2017-03-10 15:37:48 INFO AddIdentifyResult: 21552,015603207106,12,
2017-03-10 15:37:56 INFO AddIdentifyResult: 21552,015603207106,10,reg/015603207106_0310153823|reg/015603207106_0310153823|reg/015603207106_
2017-03-10 15:37:56 INFO UpdateUserState: 015603207106,1
2017-03-10 15:38:03 INFO AddIdentifyResult: 21554,015603207106,-1,
2017-03-10 15:38:10 INFO AddIdentifyResult: 21554,015603207106,-3,
2017-03-10 15:38:22 INFO AddIdentifyResult: 21553,013135957397,0,ver/03/10/153951_013135957397.wav
2017-03-10 15:39:02 INFO AddIdentifyResult: 21554,015603207106,0,ver/03/10/154031_015603207106.wav
2017-03-10 15:39:16 INFO AddIdentifyResult: 21555,017371149171,-1,
2017-03-10 15:39:35 INFO AddIdentifyResult: 21555,017371149171,-3,
2017-03-10 15:40:06 INFO AddIdentifyResult: 21555,017371149171,1,ver/03/10/154209_017371149171.wav
2017-03-10 15:40:31 INFO AddIdentifyResult: 21555,017371149171,0,ver/03/10/154234_017371149171.wav
2017-03-10 15:41:29 INFO AddIdentifyResult: 0,017371149171,0,ver/03/10/154332_017371149171.wav
2017-03-10 15:41:42 INFO AddIdentifyResult: 21557,015690439855,-1,
2017-03-10 15:41:48 INFO AddIdentifyResult: 21558,018331052298,-1,
2017-03-10 15:41:53 INFO AddIdentifyResult: 21557,015690439855,-3,
2017-03-10 15:42:01 INFO AddIdentifyResult: 21558,018331052298,-3,
2017-03-10 15:43:31 INFO AddIdentifyResult: 21558,018331052298,12,
2017-03-10 15:43:38 INFO AddIdentifyResult: 21558,018331052298,10,reg/018331052298_0310154422|reg/018331052298_0310154422|reg/018331052298_
2017-03-10 15:43:38 INFO UpdateUserState: 018331052298,1
2017-03-10 15:43:47 INFO AddIdentifyResult: 21557,015690439855,12,
2017-03-10 15:43:54 INFO AddIdentifyResult: 21557,015690439855,10,reg/015690439855_0310154413|reg/015690439855_0310154413|reg/015690439855_
2017-03-10 15:43:54 INFO UpdateUserState: 015690439855,1
2017-03-10 15:43:59 INFO AddIdentifyResult: 21559,015690439855,-1,
2017-03-10 15:44:01 INFO AddIdentifyResult: 21560,015690439855,-1,
2017-03-10 15:44:06 INFO AddIdentifyResult: 21559,015690439855,-3,
2017-03-10 15:44:19 INFO AddIdentifyResult: 21561,018331052298,-1,
2017-03-10 15:44:27 INFO AddIdentifyResult: 21561,018331052298,-3,
2017-03-10 15:44:58 INFO AddIdentifyResult: 21559,015690439855,0,ver/03/10/154627_015690439855.wav
2017-03-10 15:45:20 INFO AddIdentifyResult: 21561,018331052298,0,ver/03/10/154648_018331052298.wav
2017-03-10 15:45:53 INFO AddIdentifyResult: 21562,015690439855,-1,
2017-03-10 15:45:59 INFO AddIdentifyResult: 21562,015690439855,-3,
2017-03-10 15:46:31 INFO AddIdentifyResult: 21563,013255468118,-1,
2017-03-10 15:46:35 INFO AddIdentifyResult: 21563,013255468118,-3,
2017-03-10 15:46:51 INFO AddIdentifyResult: 21562,015690439855,0,ver/03/10/154820_015690439855.wav
2017-03-10 15:48:37 INFO AddIdentifyResult: 21563,013255468118,12,
2017-03-10 15:48:46 INFO AddIdentifyResult: 21563,013255468118,10,reg/013255468118_0310154856|reg/013255468118_0310154856|reg/013255468118_
2017-03-10 15:48:46 INFO UpdateUserState: 013255468118,1
2017-03-10 15:49:22 INFO AddIdentifyResult: 21564,015603262089,-1,
2017-03-10 15:49:24 INFO AddIdentifyResult: 21565,013255468118,-1,
2017-03-10 15:49:28 INFO AddIdentifyResult: 21565,013255468118,-3,
2017-03-10 15:49:28 INFO AddIdentifyResult: 21564,015603262089,-3,
2017-03-10 15:49:40 INFO AddIdentifyResult: 21566,015603251330,-1,
2017-03-10 15:49:54 INFO AddIdentifyResult: 21566,015603251330,-3,
2017-03-10 15:50:21 INFO AddIdentifyResult: 21565,013255468118,0,ver/03/10/155149_013255468118.wav
2017-03-10 15:50:21 INFO AddIdentifyResult: 21567,015603278731,-1,
2017-03-10 15:50:36 INFO AddIdentifyResult: 21567,015603278731,-3,
2017-03-10 15:51:26 INFO AddIdentifyResult: 21564,015603262089,12,
2017-03-10 15:51:33 INFO AddIdentifyResult: 21564,015603262089,10,reg/015603262089_0310155149|reg/015603262089_0310155149|reg/015603262089_
2017-03-10 15:51:33 INFO UpdateUserState: 015603262089,1
2017-03-10 15:51:36 INFO AddIdentifyResult: 21568,015603262089,-1,
2017-03-10 15:51:42 INFO AddIdentifyResult: 21568,015603262089,-3,
2017-03-10 15:51:45 INFO AddIdentifyResult: 21566,015603251330,12,
2017-03-10 15:51:52 INFO AddIdentifyResult: 21566,015603251330,10,reg/015603251330_0310155337|reg/015603251330_0310155337|reg/015603251330_0310155214
2017-03-10 15:51:52 INFO UpdateUserState: 015603251330,1
2017-03-10 15:52:34 INFO AddIdentifyResult: 21568,015603262089,0,ver/03/10/155403_015603262089.wav
2017-03-10 15:52:35 INFO AddIdentifyResult: 21567,015603278731,12,
2017-03-10 15:52:42 INFO AddIdentifyResult: 21567,015603278731,10,reg/015603278731_0310155257|reg/015603278731_0310155257|reg/015603278731_
2017-03-10 15:52:42 INFO UpdateUserState: 015603278731,1
2017-03-10 15:52:46 INFO AddIdentifyResult: 21569,015603278731,-1,
2017-03-10 15:52:51 INFO AddIdentifyResult: 21569,015603278731,-3,
2017-03-10 15:53:18 INFO AddIdentifyResult: 21570,018233238447,-1,
2017-03-10 15:53:25 INFO AddIdentifyResult: 21570,018233238447,-3,
2017-03-10 15:53:31 INFO AddIdentifyResult: 21571,015603251330,-1,
2017-03-10 15:53:41 INFO AddIdentifyResult: 21571,015603251330,-3,
2017-03-10 15:53:43 INFO AddIdentifyResult: 21569,015603278731,0,ver/03/10/155512_015603278731.wav
2017-03-10 15:54:28 INFO AddIdentifyResult: 21572,013280365350,-1,
2017-03-10 15:54:33 INFO AddIdentifyResult: 21571,015603251330,0,ver/03/10/155602_015603251330.wav
2017-03-10 15:54:33 INFO AddIdentifyResult: 21572,013280365350,-3,
2017-03-10 15:55:37 INFO AddIdentifyResult: 21570,018233238447,12,
2017-03-10 15:55:46 INFO AddIdentifyResult: 21570,018233238447,10,reg/018233238447_0310155546|reg/018233238447_0310155546|reg/018233238447_
2017-03-10 15:55:47 INFO UpdateUserState: 018233238447,1
2017-03-10 15:55:49 INFO AddIdentifyResult: 21573,018233238447,-1,
2017-03-10 15:55:57 INFO AddIdentifyResult: 21573,018233238447,-3,
2017-03-10 15:56:19 INFO AddIdentifyResult: 21572,013280365350,12,
2017-03-10 15:56:26 INFO AddIdentifyResult: 21572,013280365350,10,reg/013280365350_0310155654|reg/013280365350_0310155654|reg/013280365350_
2017-03-10 15:56:26 INFO UpdateUserState: 013280365350,1
2017-03-10 15:56:49 INFO AddIdentifyResult: 21573,018233238447,0,ver/03/10/155818_018233238447.wav
2017-03-10 15:59:07 INFO AddIdentifyResult: 21574,015603201227,-1,
2017-03-10 15:59:15 INFO AddIdentifyResult: 21574,015603201227,-3,
2017-03-10 16:01:01 INFO AddIdentifyResult: 21574,015603201227,12,
2017-03-10 16:01:09 INFO AddIdentifyResult: 21574,015603201227,10,reg/015603201227_0310160136|reg/015603201227_0310160136|reg/015603201227_
2017-03-10 16:01:09 INFO UpdateUserState: 015603201227,1
2017-03-10 16:01:11 INFO AddIdentifyResult: 21575,015603201227,-1,
2017-03-10 16:01:17 INFO AddIdentifyResult: 21575,015603201227,-3,
2017-03-10 16:02:09 INFO AddIdentifyResult: 21575,015603201227,0,ver/03/10/160338_015603201227.wav
2017-03-10 16:04:00 INFO AddIdentifyResult: 21576,013954695079,-1,
2017-03-10 16:04:07 INFO AddIdentifyResult: 21576,013954695079,-3,
2017-03-10 16:05:26 INFO AddIdentifyResult: 21577,015075291939,-1,
2017-03-10 16:05:36 INFO AddIdentifyResult: 21577,015075291939,-3,
2017-03-10 16:05:57 INFO AddIdentifyResult: 21577,015075291939,11,reg/015075291939_|reg/015075291939_|reg/015075291939_
2017-03-10 16:06:29 INFO AddIdentifyResult: 21576,013954695079,12,
2017-03-10 16:06:37 INFO AddIdentifyResult: 21576,013954695079,10,reg/013954695079_0310160628|reg/013954695079_0310160628|reg/013954695079_
2017-03-10 16:06:37 INFO UpdateUserState: 013954695079,1
2017-03-10 16:06:40 INFO AddIdentifyResult: 21578,015075291939,-1,
2017-03-10 16:06:47 INFO AddIdentifyResult: 21578,015075291939,-3,
2017-03-10 16:07:19 INFO AddIdentifyResult: 21579,013255625225,-1,
2017-03-10 16:07:24 INFO AddIdentifyResult: 21579,013255625225,-3,
2017-03-10 16:08:25 INFO AddIdentifyResult: 21578,015075291939,12,
2017-03-10 16:08:32 INFO AddIdentifyResult: 21578,015075291939,10,reg/015075291939_0310160907|reg/015075291939_0310160907|reg/015075291939_
2017-03-10 16:08:32 INFO UpdateUserState: 015075291939,1
2017-03-10 16:08:42 INFO AddIdentifyResult: 21580,015603295198,-1,
2017-03-10 16:08:43 INFO AddIdentifyResult: 21581,015075291939,-1,
2017-03-10 16:08:45 INFO AddIdentifyResult: 21580,015603295198,-3,
2017-03-10 16:08:49 INFO AddIdentifyResult: 21581,015075291939,-3,
2017-03-10 16:09:16 INFO AddIdentifyResult: 21579,013255625225,12,
2017-03-10 16:09:23 INFO AddIdentifyResult: 21579,013255625225,10,reg/013255625225_0310160945|reg/013255625225_0310160945|reg/013255625225_
2017-03-10 16:09:23 INFO UpdateUserState: 013255625225,1
2017-03-10 16:09:41 INFO AddIdentifyResult: 21581,015075291939,0,ver/03/10/161110_015075291939.wav
2017-03-10 16:10:49 INFO AddIdentifyResult: 21580,015603295198,11,reg/015603295198_|reg/015603295198_|reg/015603295198_
2017-03-10 16:11:03 INFO AddIdentifyResult: 21582,015603295198,-1,
2017-03-10 16:11:05 INFO AddIdentifyResult: 21582,015603295198,-3,
2017-03-10 16:11:15 INFO AddIdentifyResult: 21582,015603295198,11,reg/015603295198_|reg/015603295198_|reg/015603295198_
2017-03-10 16:11:22 INFO AddIdentifyResult: 21583,015603295198,-1,
2017-03-10 16:11:26 INFO AddIdentifyResult: 21583,015603295198,-3,
2017-03-10 16:11:55 INFO AddIdentifyResult: 21584,015633756325,-1,
2017-03-10 16:12:01 INFO AddIdentifyResult: 21584,015633756325,-3,
2017-03-10 16:12:30 INFO AddIdentifyResult: 21585,013255602379,-1,
2017-03-10 16:12:35 INFO AddIdentifyResult: 21585,013255602379,-3,
2017-03-10 16:13:49 INFO AddIdentifyResult: 21583,015603295198,12,
2017-03-10 16:13:53 INFO AddIdentifyResult: 21584,015633756325,12,
2017-03-10 16:13:55 INFO AddIdentifyResult: 21583,015603295198,10,reg/015603295198_0310161537|reg/015603295198_0310161537|reg/015603295198_0310161347
2017-03-10 16:13:56 INFO UpdateUserState: 015603295198,1
2017-03-10 16:14:02 INFO AddIdentifyResult: 21586,013513227450,-1,
2017-03-10 16:14:03 INFO AddIdentifyResult: 21584,015633756325,10,reg/015633756325_0310161422|reg/015633756325_0310161422|reg/015633756325_
2017-03-10 16:14:04 INFO UpdateUserState: 015633756325,1
2017-03-10 16:14:06 INFO AddIdentifyResult: 21587,015633756325,-1,
2017-03-10 16:14:14 INFO AddIdentifyResult: 21588,015603295198,-1,
2017-03-10 16:14:17 INFO AddIdentifyResult: 21587,015633756325,-3,
2017-03-10 16:14:19 INFO AddIdentifyResult: 21588,015603295198,-3,
2017-03-10 16:14:47 INFO AddIdentifyResult: 21585,013255602379,12,
2017-03-10 16:14:54 INFO AddIdentifyResult: 21585,013255602379,10,reg/013255602379_0310161633|reg/013255602379_0310161633|reg/013255602379_0310161456
2017-03-10 16:14:54 INFO UpdateUserState: 013255602379,1
2017-03-10 16:15:09 INFO AddIdentifyResult: 21587,015633756325,0,ver/03/10/161638_015633756325.wav
2017-03-10 16:15:10 INFO AddIdentifyResult: 21588,015603295198,0,ver/03/10/161640_015603295198.wav
2017-03-10 16:15:35 INFO AddIdentifyResult: 21589,013513227450,-1,
2017-03-10 16:15:41 INFO AddIdentifyResult: 21589,013513227450,-3,
2017-03-10 16:17:09 INFO AddIdentifyResult: 21589,013513227450,12,
2017-03-10 16:17:16 INFO AddIdentifyResult: 21589,013513227450,10,reg/013513227450_0310161802|reg/013513227450_0310161802|reg/013513227450_
2017-03-10 16:17:16 INFO UpdateUserState: 013513227450,1
2017-03-10 16:17:17 INFO AddIdentifyResult: 21590,013513227450,-1,
2017-03-10 16:17:24 INFO AddIdentifyResult: 21590,013513227450,-3,
2017-03-10 16:18:17 INFO AddIdentifyResult: 21590,013513227450,0,ver/03/10/161945_013513227450.wav
2017-03-10 16:19:13 INFO AddIdentifyResult: 21591,015603232713,-1,
2017-03-10 16:19:22 INFO AddIdentifyResult: 21591,015603232713,-3,
2017-03-10 16:19:35 INFO AddIdentifyResult: 21592,015603223105,-1,
2017-03-10 16:19:39 INFO AddIdentifyResult: 21592,015603223105,-3,
2017-03-10 16:21:09 INFO AddIdentifyResult: 21591,015603232713,11,reg/015603232713_|reg/015603232713_|reg/015603232713_
2017-03-10 16:21:23 INFO AddIdentifyResult: 21592,015603223105,12,
2017-03-10 16:21:30 INFO AddIdentifyResult: 21592,015603223105,10,reg/015603223105_0310162159|reg/015603223105_0310162159|reg/015603223105_
2017-03-10 16:21:30 INFO UpdateUserState: 015603223105,1
2017-03-10 16:21:34 INFO AddIdentifyResult: 21593,015603223105,-1,
2017-03-10 16:21:39 INFO AddIdentifyResult: 21593,015603223105,-3,
2017-03-10 16:21:50 INFO AddIdentifyResult: 21593,015603223105,1,
2017-03-10 16:21:58 INFO AddIdentifyResult: 21594,015603223105,-1,
2017-03-10 16:22:01 INFO AddIdentifyResult: 21594,015603223105,-3,
2017-03-10 16:22:04 INFO AddIdentifyResult: 21595,015603232713,-1,
2017-03-10 16:22:08 INFO AddIdentifyResult: 21594,015603223105,1,
2017-03-10 16:22:11 INFO AddIdentifyResult: 21595,015603232713,-3,
2017-03-10 16:22:20 INFO AddIdentifyResult: 21596,015603223105,-1,
2017-03-10 16:22:26 INFO AddIdentifyResult: 21596,015603223105,-3,
2017-03-10 16:23:18 INFO AddIdentifyResult: 21596,015603223105,0,ver/03/10/162447_015603223105.wav
2017-03-10 16:24:19 INFO AddIdentifyResult: 21595,015603232713,12,
2017-03-10 16:24:25 INFO AddIdentifyResult: 21595,015603232713,10,reg/015603232713_0310162602|reg/015603232713_0310162602|reg/015603232713_0310162431
2017-03-10 16:24:25 INFO UpdateUserState: 015603232713,1
2017-03-10 16:24:34 INFO AddIdentifyResult: 21597,015603232713,-1,
2017-03-10 16:24:43 INFO AddIdentifyResult: 21597,015603232713,-3,
2017-03-10 16:25:36 INFO AddIdentifyResult: 21597,015603232713,0,ver/03/10/162705_015603232713.wav
2017-03-10 16:27:39 INFO AddIdentifyResult: 21598,015603225917,-1,
2017-03-10 16:27:46 INFO AddIdentifyResult: 21598,015603225917,-3,
2017-03-10 16:29:20 INFO AddIdentifyResult: 21598,015603225917,12,
2017-03-10 16:29:27 INFO AddIdentifyResult: 21598,015603225917,10,reg/015603225917_0310163006|reg/015603225917_0310163006|reg/015603225917_
2017-03-10 16:29:27 INFO UpdateUserState: 015603225917,1
2017-03-10 16:29:34 INFO AddIdentifyResult: 21599,015603225917,-1,
2017-03-10 16:29:42 INFO AddIdentifyResult: 21599,015603225917,-3,
2017-03-10 16:30:36 INFO AddIdentifyResult: 21599,015603225917,0,ver/03/10/163204_015603225917.wav
2017-03-10 16:30:37 INFO AddIdentifyResult: 21600,013630852732,-1,
2017-03-10 16:30:53 INFO AddIdentifyResult: 21600,013630852732,-3,
2017-03-10 16:33:16 INFO AddIdentifyResult: 21600,013630852732,12,
2017-03-10 16:33:24 INFO AddIdentifyResult: 21600,013630852732,10,reg/013630852732_0310163313|reg/013630852732_0310163313|reg/013630852732_
2017-03-10 16:33:25 INFO UpdateUserState: 013630852732,1
2017-03-10 16:33:26 INFO AddIdentifyResult: 21601,013630852732,-1,
2017-03-10 16:33:35 INFO AddIdentifyResult: 21601,013630852732,-3,
2017-03-10 16:34:27 INFO AddIdentifyResult: 21601,013630852732,0,ver/03/10/163556_013630852732.wav
2017-03-10 16:34:40 INFO AddIdentifyResult: 21602,015603206679,-1,
2017-03-10 16:34:44 INFO AddIdentifyResult: 21603,015603298101,-1,
2017-03-10 16:34:46 INFO AddIdentifyResult: 21602,015603206679,-3,
2017-03-10 16:34:54 INFO AddIdentifyResult: 21603,015603298101,-3,
2017-03-10 16:36:17 INFO AddIdentifyResult: 21602,015603206679,12,
2017-03-10 16:36:24 INFO AddIdentifyResult: 21602,015603206679,10,reg/015603206679_0310163707|reg/015603206679_0310163707|reg/015603206679_
2017-03-10 16:36:25 INFO UpdateUserState: 015603206679,1
2017-03-10 16:36:37 INFO AddIdentifyResult: 21604,015603206679,-1,
2017-03-10 16:36:37 INFO AddIdentifyResult: 21603,015603298101,12,
2017-03-10 16:36:42 INFO AddIdentifyResult: 21604,015603206679,-3,
2017-03-10 16:36:45 INFO AddIdentifyResult: 21605,015603298101,-4,2
2017-03-10 16:36:45 INFO AddIdentifyResult: 21603,015603298101,10,reg/015603298101_0310163715|reg/015603298101_0310163715|reg/015603298101_
2017-03-10 16:36:45 INFO UpdateUserState: 015603298101,1
2017-03-10 16:37:01 INFO AddIdentifyResult: 21606,015603298101,-1,
2017-03-10 16:37:09 INFO AddIdentifyResult: 21606,015603298101,-3,
2017-03-10 16:37:36 INFO AddIdentifyResult: 21604,015603206679,0,ver/03/10/163904_015603206679.wav
2017-03-10 16:38:01 INFO AddIdentifyResult: 21606,015603298101,0,ver/03/10/163930_015603298101.wav
2017-03-10 16:40:43 INFO AddIdentifyResult: 21607,015603275209,-1,
2017-03-10 16:40:47 INFO AddIdentifyResult: 21608,015632216513,-1,
2017-03-10 16:40:49 INFO AddIdentifyResult: 21607,015603275209,-3,
2017-03-10 16:40:52 INFO AddIdentifyResult: 21608,015632216513,-3,
2017-03-10 16:41:48 INFO AddIdentifyResult: 21609,015603282856,-1,
2017-03-10 16:42:10 INFO AddIdentifyResult: 21610,015603282856,-1,
2017-03-10 16:42:14 INFO AddIdentifyResult: 21610,015603282856,-3,
2017-03-10 16:42:22 INFO AddIdentifyResult: 21607,015603275209,12,
2017-03-10 16:42:30 INFO AddIdentifyResult: 21607,015603275209,10,reg/015603275209_0310164309|reg/015603275209_0310164309|reg/015603275209_
2017-03-10 16:42:30 INFO UpdateUserState: 015603275209,1
2017-03-10 16:42:36 INFO AddIdentifyResult: 21611,015603206679,-1,
2017-03-10 16:42:38 INFO AddIdentifyResult: 21610,015603282856,11,reg/015603282856_|reg/015603282856_|reg/015603282856_
2017-03-10 16:42:43 INFO AddIdentifyResult: 21612,015603275209,-1,
2017-03-10 16:42:44 INFO AddIdentifyResult: 21613,015603282856,-1,
2017-03-10 16:42:48 INFO AddIdentifyResult: 21613,015603282856,-3,
2017-03-10 16:42:50 INFO AddIdentifyResult: 21608,015632216513,12,
2017-03-10 16:42:59 INFO AddIdentifyResult: 21608,015632216513,10,reg/015632216513_0310164313|reg/015632216513_0310164313|reg/015632216513_
2017-03-10 16:42:59 INFO UpdateUserState: 015632216513,1
2017-03-10 16:43:01 INFO AddIdentifyResult: 21614,015603275209,-1,
2017-03-10 16:43:02 INFO AddIdentifyResult: 21615,015632216513,-1,
2017-03-10 16:43:07 INFO AddIdentifyResult: 21614,015603275209,-3,
2017-03-10 16:43:11 INFO AddIdentifyResult: 21615,015632216513,-3,
2017-03-10 16:44:00 INFO AddIdentifyResult: 21614,015603275209,0,ver/03/10/164529_015603275209.wav
2017-03-10 16:44:04 INFO AddIdentifyResult: 21615,015632216513,0,ver/03/10/164533_015632216513.wav
2017-03-10 16:44:39 INFO AddIdentifyResult: 21613,015603282856,12,
2017-03-10 16:44:47 INFO AddIdentifyResult: 21613,015603282856,10,reg/015603282856_0310164508|reg/015603282856_0310164508|reg/015603282856_
2017-03-10 16:44:47 INFO UpdateUserState: 015603282856,1
2017-03-10 16:44:48 INFO AddIdentifyResult: 21616,015603282856,-1,
2017-03-10 16:44:52 INFO AddIdentifyResult: 21616,015603282856,-3,
2017-03-10 16:45:45 INFO AddIdentifyResult: 21616,015603282856,0,ver/03/10/164714_015603282856.wav
2017-03-10 16:46:02 INFO AddIdentifyResult: 21617,015128967400,-1,
2017-03-10 16:46:08 INFO AddIdentifyResult: 21617,015128967400,-3,
2017-03-10 16:47:40 INFO AddIdentifyResult: 21618,015603237609,-1,
2017-03-10 16:47:44 INFO AddIdentifyResult: 21617,015128967400,12,
2017-03-10 16:47:51 INFO AddIdentifyResult: 21617,015128967400,10,reg/015128967400_0310164829|reg/015128967400_0310164829|reg/015128967400_
2017-03-10 16:47:52 INFO UpdateUserState: 015128967400,1
2017-03-10 16:47:56 INFO AddIdentifyResult: 21619,015128967400,-1,
2017-03-10 16:48:01 INFO AddIdentifyResult: 21620,015603237609,-1,
2017-03-10 16:48:02 INFO AddIdentifyResult: 21619,015128967400,-3,
2017-03-10 16:48:07 INFO AddIdentifyResult: 21620,015603237609,-3,
2017-03-10 16:48:35 INFO AddIdentifyResult: 21621,015130477280,-1,
2017-03-10 16:48:42 INFO AddIdentifyResult: 21621,015130477280,-3,
2017-03-10 16:48:54 INFO AddIdentifyResult: 21619,015128967400,0,ver/03/10/165023_015128967400.wav
2017-03-10 16:49:40 INFO AddIdentifyResult: 21620,015603237609,12,
2017-03-10 16:49:47 INFO AddIdentifyResult: 21620,015603237609,10,reg/015603237609_0310165028|reg/015603237609_0310165028|reg/015603237609_
2017-03-10 16:49:47 INFO UpdateUserState: 015603237609,1
2017-03-10 16:49:57 INFO AddIdentifyResult: 21622,015603237609,-1,
2017-03-10 16:50:02 INFO AddIdentifyResult: 21622,015603237609,-3,
2017-03-10 16:50:37 INFO AddIdentifyResult: 21621,015130477280,12,
2017-03-10 16:50:44 INFO AddIdentifyResult: 21621,015130477280,10,reg/015130477280_0310165103|reg/015130477280_0310165103|reg/015130477280_
2017-03-10 16:50:44 INFO UpdateUserState: 015130477280,1
2017-03-10 16:50:54 INFO AddIdentifyResult: 21622,015603237609,0,ver/03/10/165223_015603237609.wav
2017-03-10 16:50:59 INFO AddIdentifyResult: 21623,015130477280,-1,
2017-03-10 16:51:06 INFO AddIdentifyResult: 21623,015130477280,-3,
2017-03-10 16:51:57 INFO AddIdentifyResult: 21623,015130477280,0,ver/03/10/165327_015130477280.wav
2017-03-10 16:52:19 INFO AddIdentifyResult: 21624,015603269398,-1,
2017-03-10 16:52:30 INFO AddIdentifyResult: 21625,018332859896,-1,
2017-03-10 16:52:36 INFO AddIdentifyResult: 21625,018332859896,-3,
2017-03-10 16:52:57 INFO AddIdentifyResult: 21626,015603267398,-1,
2017-03-10 16:53:03 INFO AddIdentifyResult: 21626,015603267398,-3,
2017-03-10 16:53:32 INFO AddIdentifyResult: 21627,015931895056,-1,
2017-03-10 16:53:40 INFO AddIdentifyResult: 21627,015931895056,-3,
2017-03-10 16:54:17 INFO AddIdentifyResult: 21625,018332859896,12,
2017-03-10 16:54:23 INFO AddIdentifyResult: 21625,018332859896,10,reg/018332859896_0310165457|reg/018332859896_0310165457|reg/018332859896_
2017-03-10 16:54:24 INFO UpdateUserState: 018332859896,1
2017-03-10 16:54:31 INFO AddIdentifyResult: 21628,018332859896,-1,
2017-03-10 16:54:48 INFO AddIdentifyResult: 21629,018332859896,-1,
2017-03-10 16:54:59 INFO AddIdentifyResult: 21626,015603267398,12,
2017-03-10 16:55:07 INFO AddIdentifyResult: 21626,015603267398,10,reg/015603267398_0310165523|reg/015603267398_0310165523|reg/015603267398_
2017-03-10 16:55:08 INFO UpdateUserState: 015603267398,1
2017-03-10 16:55:09 INFO AddIdentifyResult: 21630,015603267398,-1,
2017-03-10 16:55:11 INFO AddIdentifyResult: 21631,018332859896,-1,
2017-03-10 16:55:13 INFO AddIdentifyResult: 21627,015931895056,12,
2017-03-10 16:55:15 INFO AddIdentifyResult: 21630,015603267398,-3,
2017-03-10 16:55:17 INFO AddIdentifyResult: 21631,018332859896,-3,
2017-03-10 16:55:21 INFO AddIdentifyResult: 21627,015931895056,10,reg/015931895056_0310165601|reg/015931895056_0310165601|reg/015931895056_
2017-03-10 16:55:21 INFO UpdateUserState: 015931895056,1
2017-03-10 16:55:27 INFO AddIdentifyResult: 21632,015931895056,-1,
2017-03-10 16:55:38 INFO AddIdentifyResult: 21632,015931895056,-3,
2017-03-10 16:56:08 INFO AddIdentifyResult: 21630,015603267398,0,ver/03/10/165737_015603267398.wav
2017-03-10 16:56:10 INFO AddIdentifyResult: 21631,018332859896,0,ver/03/10/165739_018332859896.wav
2017-03-10 16:56:30 INFO AddIdentifyResult: 21632,015931895056,0,ver/03/10/165759_015931895056.wav
2017-03-10 16:57:44 INFO AddIdentifyResult: 21633,015603252519,-1,
2017-03-10 16:57:49 INFO AddIdentifyResult: 21633,015603252519,-3,
2017-03-10 16:59:23 INFO AddIdentifyResult: 21633,015603252519,12,
2017-03-10 16:59:30 INFO AddIdentifyResult: 21633,015603252519,10,reg/015603252519_0310170010|reg/015603252519_0310170010|reg/015603252519_
2017-03-10 16:59:30 INFO UpdateUserState: 015603252519,1
2017-03-10 16:59:38 INFO AddIdentifyResult: 21634,015603252519,-1,
2017-03-10 16:59:43 INFO AddIdentifyResult: 21634,015603252519,-3,
2017-03-10 16:59:49 INFO AddIdentifyResult: 21635,015603209126,-1,
2017-03-10 16:59:54 INFO AddIdentifyResult: 21635,015603209126,-3,
2017-03-10 17:00:05 INFO AddIdentifyResult: 21636,015128200047,-1,
2017-03-10 17:00:34 INFO AddIdentifyResult: 21637,015128200047,-1,
2017-03-10 17:00:35 INFO AddIdentifyResult: 21634,015603252519,0,ver/03/10/170204_015603252519.wav
2017-03-10 17:01:35 INFO AddIdentifyResult: 21635,015603209126,12,
2017-03-10 17:01:41 INFO AddIdentifyResult: 21635,015603209126,10,reg/015603209126_0310170215|reg/015603209126_0310170215|reg/015603209126_
2017-03-10 17:01:41 INFO UpdateUserState: 015603209126,1
2017-03-10 17:01:46 INFO AddIdentifyResult: 21638,015603209126,-1,
2017-03-10 17:01:50 INFO AddIdentifyResult: 21638,015603209126,-3,
2017-03-10 17:02:41 INFO AddIdentifyResult: 21638,015603209126,0,ver/03/10/170411_015603209126.wav
2017-03-10 17:02:45 INFO AddIdentifyResult: 21639,015633735069,-1,
2017-03-10 17:02:51 INFO AddIdentifyResult: 21639,015633735069,-3,
2017-03-10 17:03:04 INFO AddIdentifyResult: 21640,015603232236,-1,
2017-03-10 17:03:10 INFO AddIdentifyResult: 21640,015603232236,-3,
2017-03-10 17:04:00 INFO AddIdentifyResult: 21641,015633209735,-1,
2017-03-10 17:04:07 INFO AddIdentifyResult: 21641,015633209735,-3,
2017-03-10 17:04:23 INFO AddIdentifyResult: 21639,015633735069,12,
2017-03-10 17:04:30 INFO AddIdentifyResult: 21639,015633735069,10,reg/015633735069_0310170512|reg/015633735069_0310170512|reg/015633735069_
2017-03-10 17:04:30 INFO UpdateUserState: 015633735069,1
2017-03-10 17:04:45 INFO AddIdentifyResult: 21640,015603232236,12,
2017-03-10 17:04:51 INFO AddIdentifyResult: 21642,015633735069,-1,
2017-03-10 17:04:52 INFO AddIdentifyResult: 21640,015603232236,10,reg/015603232236_0310170531|reg/015603232236_0310170531|reg/015603232236_
2017-03-10 17:04:52 INFO UpdateUserState: 015603232236,1
2017-03-10 17:04:54 INFO AddIdentifyResult: 21643,015603232236,-1,
2017-03-10 17:04:57 INFO AddIdentifyResult: 21643,015603232236,-3,
2017-03-10 17:05:04 INFO AddIdentifyResult: 21643,015603232236,1,
2017-03-10 17:05:12 INFO AddIdentifyResult: 21644,015603232236,-1,
2017-03-10 17:05:13 INFO AddIdentifyResult: 21645,015633735069,-1,
2017-03-10 17:05:17 INFO AddIdentifyResult: 21644,015603232236,-3,
2017-03-10 17:05:19 INFO AddIdentifyResult: 21645,015633735069,-3,
2017-03-10 17:05:32 INFO AddIdentifyResult: 21644,015603232236,1,
2017-03-10 17:05:51 INFO AddIdentifyResult: 21646,015603232236,-1,
2017-03-10 17:05:58 INFO AddIdentifyResult: 21641,015633209735,12,
2017-03-10 17:06:04 INFO AddIdentifyResult: 21646,015603232236,-3,
2017-03-10 17:06:05 INFO AddIdentifyResult: 21641,015633209735,10,reg/015633209735_0310170752|reg/015633209735_0310170752|reg/015633209735_0310170628
2017-03-10 17:06:05 INFO UpdateUserState: 015633209735,1
2017-03-10 17:06:05 INFO AddIdentifyResult: 21647,015690436323,-1,
2017-03-10 17:06:11 INFO AddIdentifyResult: 21645,015633735069,0,ver/03/10/170740_015633735069.wav
2017-03-10 17:06:15 INFO AddIdentifyResult: 21647,015690436323,-3,
2017-03-10 17:06:15 INFO AddIdentifyResult: 21648,015633209735,-1,
2017-03-10 17:06:21 INFO AddIdentifyResult: 21648,015633209735,-3,
2017-03-10 17:06:57 INFO AddIdentifyResult: 21646,015603232236,0,ver/03/10/170826_015603232236.wav
2017-03-10 17:07:13 INFO AddIdentifyResult: 21648,015633209735,0,ver/03/10/170842_015633209735.wav
2017-03-10 17:07:37 INFO AddIdentifyResult: 21647,015690436323,11,reg/015690436323_|reg/015690436323_|reg/015690436323_
2017-03-10 17:07:46 INFO AddIdentifyResult: 21649,015690436323,-1,
2017-03-10 17:08:01 INFO AddIdentifyResult: 21650,017317033626,-1,
2017-03-10 17:08:10 INFO AddIdentifyResult: 21651,015690436323,-1,
2017-03-10 17:08:16 INFO AddIdentifyResult: 21650,017317033626,-3,
2017-03-10 17:08:17 INFO AddIdentifyResult: 21651,015690436323,-3,
2017-03-10 17:09:52 INFO AddIdentifyResult: 21651,015690436323,12,
2017-03-10 17:09:53 INFO AddIdentifyResult: 21650,017317033626,12,
2017-03-10 17:09:58 INFO AddIdentifyResult: 21652,015690436323,-4,2
2017-03-10 17:09:59 INFO AddIdentifyResult: 21651,015690436323,10,reg/015690436323_0310171038|reg/015690436323_0310171038|reg/015690436323_
2017-03-10 17:09:59 INFO UpdateUserState: 015690436323,1
2017-03-10 17:10:06 INFO AddIdentifyResult: 21650,017317033626,10,reg/017317033626_0310171037|reg/017317033626_0310171037|reg/017317033626_
2017-03-10 17:10:06 INFO UpdateUserState: 017317033626,1
2017-03-10 17:10:18 INFO AddIdentifyResult: 21653,017317033626,-1,
2017-03-10 17:10:20 INFO AddIdentifyResult: 21654,015690436323,-1,
2017-03-10 17:10:29 INFO AddIdentifyResult: 21654,015690436323,-3,
2017-03-10 17:10:30 INFO AddIdentifyResult: 21653,017317033626,-3,
2017-03-10 17:11:21 INFO AddIdentifyResult: 21654,015690436323,0,ver/03/10/171250_015690436323.wav
2017-03-10 17:11:22 INFO AddIdentifyResult: 21653,017317033626,0,ver/03/10/171251_017317033626.wav
2017-03-10 17:12:37 INFO AddIdentifyResult: 21655,015603232365,-1,
2017-03-10 17:12:43 INFO AddIdentifyResult: 21655,015603232365,-3,
2017-03-10 17:14:48 INFO AddIdentifyResult: 21655,015603232365,12,
2017-03-10 17:14:55 INFO AddIdentifyResult: 21655,015603232365,10,reg/015603232365_0310171632|reg/015603232365_0310171632|reg/015603232365_0310171504
2017-03-10 17:14:55 INFO UpdateUserState: 015603232365,1
2017-03-10 17:15:02 INFO AddIdentifyResult: 21656,015603232365,-1,
2017-03-10 17:15:07 INFO AddIdentifyResult: 21656,015603232365,-3,
2017-03-10 17:15:58 INFO AddIdentifyResult: 21656,015603232365,0,ver/03/10/171728_015603232365.wav
2017-03-10 17:21:05 INFO AddIdentifyResult: 21657,015603258096,-1,
2017-03-10 17:23:22 INFO AddIdentifyResult: 21658,015603258096,-1,
2017-03-10 17:28:25 INFO AddIdentifyResult: 21659,013483912151,-1,
2017-03-10 17:28:38 INFO AddIdentifyResult: 21659,013483912151,-3,
2017-03-10 17:30:38 INFO AddIdentifyResult: 21660,015603223793,-1,
2017-03-10 17:30:44 INFO AddIdentifyResult: 21660,015603223793,-3,
2017-03-10 17:30:48 INFO AddIdentifyResult: 21659,013483912151,12,
2017-03-10 17:30:55 INFO AddIdentifyResult: 21659,013483912151,10,reg/013483912151_0310173230|reg/013483912151_0310173230|reg/013483912151_0310173058
2017-03-10 17:30:55 INFO UpdateUserState: 013483912151,1
2017-03-10 17:31:12 INFO AddIdentifyResult: 21661,013483912151,-1,
2017-03-10 17:31:20 INFO AddIdentifyResult: 21661,013483912151,-3,
2017-03-10 17:32:12 INFO AddIdentifyResult: 21661,013483912151,0,ver/03/10/173341_013483912151.wav
2017-03-10 17:32:18 INFO AddIdentifyResult: 21660,015603223793,12,
2017-03-10 17:32:25 INFO AddIdentifyResult: 21660,015603223793,10,reg/015603223793_0310173305|reg/015603223793_0310173305|reg/015603223793_
2017-03-10 17:32:25 INFO UpdateUserState: 015603223793,1
2017-03-10 17:32:28 INFO AddIdentifyResult: 21662,015603223793,-1,
2017-03-10 17:32:32 INFO AddIdentifyResult: 21662,015603223793,-3,
2017-03-10 17:32:49 INFO AddIdentifyResult: 21663,015603209529,-1,
2017-03-10 17:33:17 INFO AddIdentifyResult: 21664,015603209529,-1,
2017-03-10 17:33:25 INFO AddIdentifyResult: 21662,015603223793,0,ver/03/10/173454_015603223793.wav
2017-03-10 17:33:25 INFO AddIdentifyResult: 21664,015603209529,-3,
2017-03-10 17:36:05 INFO AddIdentifyResult: 21664,015603209529,12,
2017-03-10 17:36:13 INFO AddIdentifyResult: 21664,015603209529,10,reg/015603209529_0310173751|reg/015603209529_0310173751|reg/015603209529_0310173546
2017-03-10 17:36:13 INFO UpdateUserState: 015603209529,1
2017-03-10 17:36:15 INFO AddIdentifyResult: 21665,015603209529,-1,
2017-03-10 17:36:21 INFO AddIdentifyResult: 21665,015603209529,-3,
2017-03-10 17:37:13 INFO AddIdentifyResult: 21665,015603209529,0,ver/03/10/173843_015603209529.wav
2017-03-10 17:37:27 INFO AddIdentifyResult: 21666,015633206013,-1,
2017-03-10 17:37:34 INFO AddIdentifyResult: 21666,015633206013,-3,
2017-03-10 17:39:46 INFO AddIdentifyResult: 21666,015633206013,12,
2017-03-10 17:39:53 INFO AddIdentifyResult: 21666,015633206013,10,reg/015633206013_0310174137|reg/015633206013_0310174137|reg/015633206013_0310173955
2017-03-10 17:39:54 INFO UpdateUserState: 015633206013,1
2017-03-10 17:39:55 INFO AddIdentifyResult: 21667,015603258096,-1,
2017-03-10 17:39:59 INFO AddIdentifyResult: 21668,015633209710,-1,
2017-03-10 17:40:06 INFO AddIdentifyResult: 21669,015633206013,-1,
2017-03-10 17:40:06 INFO AddIdentifyResult: 21667,015603258096,-3,
2017-03-10 17:40:08 INFO AddIdentifyResult: 21668,015633209710,-3,
2017-03-10 17:40:12 INFO AddIdentifyResult: 21669,015633206013,-3,
2017-03-10 17:41:04 INFO AddIdentifyResult: 21669,015633206013,0,ver/03/10/174233_015633206013.wav
2017-03-10 17:41:38 INFO AddIdentifyResult: 21667,015603258096,12,
2017-03-10 17:41:45 INFO AddIdentifyResult: 21667,015603258096,10,reg/015603258096_0310174227|reg/015603258096_0310174227|reg/015603258096_
2017-03-10 17:41:45 INFO UpdateUserState: 015603258096,1
2017-03-10 17:41:48 INFO AddIdentifyResult: 21670,015633209710,-1,
2017-03-10 17:41:50 INFO AddIdentifyResult: 21668,015633209710,12,
2017-03-10 17:41:56 INFO AddIdentifyResult: 21668,015633209710,10,reg/015633209710_0310174229|reg/015633209710_0310174229|reg/015633209710_
2017-03-10 17:41:57 INFO UpdateUserState: 015633209710,1
2017-03-10 17:42:02 INFO AddIdentifyResult: 21671,015633209710,-1,
2017-03-10 17:42:05 INFO AddIdentifyResult: 21670,015633209710,-3,
2017-03-10 17:42:16 INFO AddIdentifyResult: 21672,015603258096,-1,
2017-03-10 17:42:20 INFO AddIdentifyResult: 21672,015603258096,-3,
2017-03-10 17:43:13 INFO AddIdentifyResult: 21672,015603258096,0,ver/03/10/174442_015603258096.wav
2017-03-10 17:43:27 INFO AddIdentifyResult: 21670,015633209710,11,reg/015633209710_|reg/015633209710_|reg/015633209710_
2017-03-10 17:45:48 INFO AddIdentifyResult: 21673,013483760834,-1,
2017-03-10 17:46:02 INFO AddIdentifyResult: 21673,013483760834,-3,
2017-03-10 17:46:28 INFO AddIdentifyResult: 21673,013483760834,11,reg/013483760834_|reg/013483760834_|reg/013483760834_
2017-03-10 17:47:02 INFO AddIdentifyResult: 21674,013483760834,-1,
2017-03-10 17:47:09 INFO AddIdentifyResult: 21674,013483760834,-3,
2017-03-10 17:47:48 INFO AddIdentifyResult: 21675,015633209710,-1,
2017-03-10 17:47:57 INFO AddIdentifyResult: 21675,015633209710,-3,
2017-03-10 17:48:49 INFO AddIdentifyResult: 21675,015633209710,0,ver/03/10/175018_015633209710.wav
2017-03-10 17:49:02 INFO AddIdentifyResult: 21674,013483760834,11,reg/013483760834_|reg/013483760834_|reg/013483760834_
2017-03-10 17:49:36 INFO AddIdentifyResult: 21676,013483760834,-1,
2017-03-10 17:49:45 INFO AddIdentifyResult: 21676,013483760834,-3,
2017-03-10 17:51:47 INFO AddIdentifyResult: 21676,013483760834,11,reg/013483760834_|reg/013483760834_|reg/013483760834_
2017-03-10 17:55:29 INFO AddIdentifyResult: 21677,015633730187,-1,
2017-03-10 17:55:36 INFO AddIdentifyResult: 21677,015633730187,-3,
2017-03-10 17:57:12 INFO AddIdentifyResult: 21677,015633730187,12,
2017-03-10 17:57:20 INFO AddIdentifyResult: 21677,015633730187,10,reg/015633730187_0310175757|reg/015633730187_0310175757|reg/015633730187_
2017-03-10 17:57:20 INFO UpdateUserState: 015633730187,1
2017-03-10 17:57:23 INFO AddIdentifyResult: 21678,015633730187,-1,
2017-03-10 17:57:29 INFO AddIdentifyResult: 21678,015633730187,-3,
2017-03-10 17:58:21 INFO AddIdentifyResult: 21678,015633730187,0,ver/03/10/175950_015633730187.wav
2017-03-10 17:58:35 INFO AddIdentifyResult: 21679,013483760834,-1,
2017-03-10 17:58:46 INFO AddIdentifyResult: 21679,013483760834,-3,
2017-03-10 18:01:01 INFO AddIdentifyResult: 21679,013483760834,12,
2017-03-10 18:01:08 INFO AddIdentifyResult: 21679,013483760834,10,reg/013483760834_0310180255|reg/013483760834_0310180255|reg/013483760834_0310180107
2017-03-10 18:01:08 INFO UpdateUserState: 013483760834,1
2017-03-10 18:01:18 INFO AddIdentifyResult: 21680,013483760834,-1,
2017-03-10 18:01:29 INFO AddIdentifyResult: 21680,013483760834,-3,
2017-03-10 18:02:21 INFO AddIdentifyResult: 21680,013483760834,0,ver/03/10/180351_013483760834.wav
2017-03-10 18:20:38 INFO AddIdentifyResult: 21681,015613280083,-1,
2017-03-10 18:21:03 INFO AddIdentifyResult: 21681,015613280083,-3,
2017-03-10 18:23:33 INFO AddIdentifyResult: 21681,015613280083,11,reg/015613280083_|reg/015613280083_|reg/015613280083_
2017-03-10 18:27:34 INFO AddIdentifyResult: 21682,015613280083,-1,
2017-03-10 18:27:37 INFO AddIdentifyResult: 21682,015613280083,-3,
2017-03-10 18:31:26 INFO AddIdentifyResult: 21682,015613280083,11,reg/015613280083_|reg/015613280083_|reg/015613280083_
2017-03-10 18:31:42 INFO AddIdentifyResult: 21683,013643323689,-1,
2017-03-10 18:31:49 INFO AddIdentifyResult: 21683,013643323689,-3,
2017-03-10 18:33:23 INFO AddIdentifyResult: 21683,013643323689,12,
2017-03-10 18:33:30 INFO AddIdentifyResult: 21683,013643323689,10,reg/013643323689_0310183410|reg/013643323689_0310183410|reg/013643323689_
2017-03-10 18:33:31 INFO UpdateUserState: 013643323689,1
2017-03-10 18:33:34 INFO AddIdentifyResult: 21684,013643323689,-1,
2017-03-10 18:33:40 INFO AddIdentifyResult: 21684,013643323689,-3,
2017-03-10 18:34:33 INFO AddIdentifyResult: 21684,013643323689,0,ver/03/10/183602_013643323689.wav
2017-03-10 18:35:21 INFO AddIdentifyResult: 21685,015613280083,-1,
2017-03-10 18:35:32 INFO AddIdentifyResult: 21685,015613280083,-3,
2017-03-10 18:37:16 INFO AddIdentifyResult: 21685,015613280083,12,
2017-03-10 18:37:23 INFO AddIdentifyResult: 21685,015613280083,10,reg/015613280083_0310183753|reg/015613280083_0310183753|reg/015613280083_
2017-03-10 18:37:23 INFO UpdateUserState: 015613280083,1
2017-03-10 18:37:27 INFO AddIdentifyResult: 21686,015613280083,-1,
2017-03-10 18:37:34 INFO AddIdentifyResult: 21686,015613280083,-3,
2017-03-10 18:38:25 INFO AddIdentifyResult: 21686,015613280083,0,ver/03/10/183955_015613280083.wav
2017-03-10 19:14:02 INFO AddIdentifyResult: 0,015603201227,1,
2017-03-10 19:17:28 INFO AddIdentifyResult: 0,015603201227,1,
2017-03-10 19:19:44 INFO AddIdentifyResult: 0,015603201227,1,
2017-03-10 19:25:44 INFO AddIdentifyResult: 0,015603201227,1,
