2017-01-16 08:53:46 INFO AddIdentifyResult: 14444,18971940359,-1,
2017-01-16 08:53:57 INFO AddIdentifyResult: 14444,18971940359,-3,
2017-01-16 08:55:46 INFO AddIdentifyResult: 14444,18971940359,12,
2017-01-16 08:55:54 INFO AddIdentifyResult: 14444,18971940359,10,reg/18971940359_0116085636|reg/18971940359_0116085636|reg/18971940359_0116085523
2017-01-16 08:55:54 INFO UpdateUserState: 18971940359,1
2017-01-16 08:58:08 INFO AddIdentifyResult: 0,18971940359,1,
2017-01-16 08:59:43 INFO AddIdentifyResult: 0,18971940359,0,ver/01/16/090017_18971940359.wav
2017-01-16 09:08:37 INFO AddIdentifyResult: 14446,013296473698,-1,
2017-01-16 09:08:45 INFO AddIdentifyResult: 14446,013296473698,-3,
2017-01-16 09:10:38 INFO AddIdentifyResult: 14446,013296473698,12,
2017-01-16 09:10:45 INFO AddIdentifyResult: 14446,013296473698,10,reg/013296473698_0116091012|reg/013296473698_0116091012|reg/013296473698_
2017-01-16 09:10:45 INFO UpdateUserState: 013296473698,1
2017-01-16 09:10:56 INFO AddIdentifyResult: 14447,013561076503,-1,
2017-01-16 09:11:18 INFO AddIdentifyResult: 14447,013561076503,-3,
2017-01-16 09:12:16 INFO AddIdentifyResult: 14448,015392802443,-1,
2017-01-16 09:12:34 INFO AddIdentifyResult: 14448,015392802443,-3,
2017-01-16 09:13:09 INFO AddIdentifyResult: 14447,013561076503,12,
2017-01-16 09:13:18 INFO AddIdentifyResult: 14447,013561076503,10,reg/013561076503_0116091245|reg/013561076503_0116091245|reg/013561076503_
2017-01-16 09:13:18 INFO UpdateUserState: 013561076503,1
2017-01-16 09:15:10 INFO AddIdentifyResult: 14448,015392802443,12,
2017-01-16 09:15:18 INFO AddIdentifyResult: 14448,015392802443,10,reg/015392802443_0116091400|reg/015392802443_0116091400|reg/015392802443_
2017-01-16 09:15:18 INFO UpdateUserState: 015392802443,1
2017-01-16 09:15:30 INFO AddIdentifyResult: 14449,015392802443,-1,
2017-01-16 09:15:40 INFO AddIdentifyResult: 14449,015392802443,-3,
2017-01-16 09:16:32 INFO AddIdentifyResult: 14449,015392802443,0,ver/01/16/091707_015392802443.wav
2017-01-16 09:19:44 INFO AddIdentifyResult: 14450,013245463368,-1,
2017-01-16 09:20:06 INFO AddIdentifyResult: 14450,013245463368,-3,
2017-01-16 09:22:10 INFO AddIdentifyResult: 14450,013245463368,12,
2017-01-16 09:22:18 INFO AddIdentifyResult: 14450,013245463368,10,reg/013245463368_0116092132|reg/013245463368_0116092132|reg/013245463368_
2017-01-16 09:22:18 INFO UpdateUserState: 013245463368,1
2017-01-16 09:26:17 INFO AddIdentifyResult: 14451,013287368289,-1,
2017-01-16 09:26:24 INFO AddIdentifyResult: 14451,013287368289,-3,
2017-01-16 09:28:15 INFO AddIdentifyResult: 14451,013287368289,12,
2017-01-16 09:28:23 INFO AddIdentifyResult: 14451,013287368289,10,reg/013287368289_0116092750|reg/013287368289_0116092750|reg/013287368289_
2017-01-16 09:28:24 INFO UpdateUserState: 013287368289,1
2017-01-16 09:28:31 INFO AddIdentifyResult: 14452,013065061531,-1,
2017-01-16 09:28:40 INFO AddIdentifyResult: 14452,013065061531,-3,
2017-01-16 09:29:21 INFO AddIdentifyResult: 14453,013296473758,-1,
2017-01-16 09:29:27 INFO AddIdentifyResult: 14453,013296473758,-3,
2017-01-16 09:30:31 INFO AddIdentifyResult: 14452,013065061531,12,
2017-01-16 09:30:39 INFO AddIdentifyResult: 14452,013065061531,10,reg/013065061531_0116093122|reg/013065061531_0116093122|reg/013065061531_0116093006
2017-01-16 09:30:39 INFO UpdateUserState: 013065061531,1
2017-01-16 09:31:31 INFO AddIdentifyResult: 14453,013296473758,12,
2017-01-16 09:31:39 INFO AddIdentifyResult: 14453,013296473758,10,reg/013296473758_0116093054|reg/013296473758_0116093054|reg/013296473758_
2017-01-16 09:31:39 INFO UpdateUserState: 013296473758,1
2017-01-16 09:31:49 INFO AddIdentifyResult: 14454,015666891307,-1,
2017-01-16 09:31:58 INFO AddIdentifyResult: 14454,015666891307,-3,
2017-01-16 09:34:04 INFO AddIdentifyResult: 14454,015666891307,12,
2017-01-16 09:34:11 INFO AddIdentifyResult: 14454,015666891307,10,reg/015666891307_0116093324|reg/015666891307_0116093324|reg/015666891307_
2017-01-16 09:34:11 INFO UpdateUserState: 015666891307,1
2017-01-16 09:38:03 INFO AddIdentifyResult: 14455,013287368087,-1,
2017-01-16 09:38:08 INFO AddIdentifyResult: 14455,013287368087,-3,
2017-01-16 09:38:20 INFO AddIdentifyResult: 14456,015630843023,-1,
2017-01-16 09:38:47 INFO AddIdentifyResult: 14457,015630843023,-1,
2017-01-16 09:38:55 INFO AddIdentifyResult: 14457,015630843023,-3,
2017-01-16 09:39:26 INFO AddIdentifyResult: 14455,013287368087,12,
2017-01-16 09:39:33 INFO AddIdentifyResult: 14455,013287368087,10,reg/013287368087_0116093935|reg/013287368087_0116093935|reg/013287368087_
2017-01-16 09:39:33 INFO UpdateUserState: 013287368087,1
2017-01-16 09:40:25 INFO AddIdentifyResult: 14457,015630843023,12,
2017-01-16 09:40:32 INFO AddIdentifyResult: 14457,015630843023,10,reg/015630843023_0116094022|reg/015630843023_0116094022|reg/015630843023_
2017-01-16 09:40:32 INFO UpdateUserState: 015630843023,1
2017-01-16 09:40:36 INFO AddIdentifyResult: 14458,015630843023,-1,
2017-01-16 09:40:52 INFO AddIdentifyResult: 14459,015630843023,-1,
2017-01-16 09:40:58 INFO AddIdentifyResult: 14459,015630843023,-3,
2017-01-16 09:41:51 INFO AddIdentifyResult: 14459,015630843023,0,ver/01/16/094225_015630843023.wav
2017-01-16 09:45:44 INFO AddIdentifyResult: 14460,015690430378,-1,
2017-01-16 09:45:49 INFO AddIdentifyResult: 14460,015690430378,-3,
2017-01-16 09:45:58 INFO AddIdentifyResult: 14461,013245465598,-1,
2017-01-16 09:46:18 INFO AddIdentifyResult: 14462,013245465598,-1,
2017-01-16 09:46:27 INFO AddIdentifyResult: 14462,013245465598,-3,
2017-01-16 09:47:36 INFO AddIdentifyResult: 14460,015690430378,12,
2017-01-16 09:47:43 INFO AddIdentifyResult: 14460,015690430378,10,reg/015690430378_0116094837|reg/015690430378_0116094837|reg/015690430378_0116094716
2017-01-16 09:47:43 INFO UpdateUserState: 015690430378,1
2017-01-16 09:47:47 INFO AddIdentifyResult: 14463,015690430378,-1,
2017-01-16 09:47:58 INFO AddIdentifyResult: 14464,015690430378,-1,
2017-01-16 09:48:25 INFO AddIdentifyResult: 14465,015690430378,-1,
2017-01-16 09:48:32 INFO AddIdentifyResult: 14462,013245465598,12,
2017-01-16 09:48:39 INFO AddIdentifyResult: 14462,013245465598,10,reg/013245465598_0116094931|reg/013245465598_0116094931|reg/013245465598_0116094754
2017-01-16 09:48:39 INFO UpdateUserState: 013245465598,1
2017-01-16 09:48:41 INFO AddIdentifyResult: 14465,015690430378,-3,
2017-01-16 09:49:33 INFO AddIdentifyResult: 14465,015690430378,0,ver/01/16/095008_015690430378.wav
2017-01-16 09:51:25 INFO AddIdentifyResult: 14466,013296475028,-1,
2017-01-16 09:51:34 INFO AddIdentifyResult: 14466,013296475028,-3,
2017-01-16 09:53:34 INFO AddIdentifyResult: 14466,013296475028,12,
2017-01-16 09:53:43 INFO AddIdentifyResult: 14466,013296475028,10,reg/013296475028_0116095301|reg/013296475028_0116095301|reg/013296475028_
2017-01-16 09:53:44 INFO UpdateUserState: 013296475028,1
2017-01-16 09:53:53 INFO AddIdentifyResult: 14467,015633269981,-1,
2017-01-16 09:54:07 INFO AddIdentifyResult: 14468,015931832102,-1,
2017-01-16 09:54:16 INFO AddIdentifyResult: 14468,015931832102,-3,
2017-01-16 09:55:45 INFO AddIdentifyResult: 14468,015931832102,12,
2017-01-16 09:55:52 INFO AddIdentifyResult: 14468,015931832102,10,reg/015931832102_0116095542|reg/015931832102_0116095542|reg/015931832102_
2017-01-16 09:55:52 INFO UpdateUserState: 015931832102,1
2017-01-16 09:56:01 INFO AddIdentifyResult: 14469,015931832102,-1,
2017-01-16 09:56:18 INFO AddIdentifyResult: 14469,015931832102,-3,
2017-01-16 09:57:10 INFO AddIdentifyResult: 14469,015931832102,0,ver/01/16/095745_015931832102.wav
2017-01-16 09:57:37 INFO AddIdentifyResult: 14470,013287373089,-1,
2017-01-16 09:57:49 INFO AddIdentifyResult: 14470,013287373089,-3,
2017-01-16 09:58:11 INFO AddIdentifyResult: 14471,015633269981,-1,
2017-01-16 09:58:17 INFO AddIdentifyResult: 14471,015633269981,-3,
2017-01-16 09:59:23 INFO AddIdentifyResult: 14470,013287373089,12,
2017-01-16 09:59:30 INFO AddIdentifyResult: 14470,013287373089,10,reg/013287373089_0116095916|reg/013287373089_0116095916|reg/013287373089_
2017-01-16 09:59:30 INFO UpdateUserState: 013287373089,1
2017-01-16 09:59:45 INFO AddIdentifyResult: 14471,015633269981,12,
2017-01-16 09:59:46 INFO AddIdentifyResult: 14472,013561055596,-1,
2017-01-16 09:59:52 INFO AddIdentifyResult: 14471,015633269981,10,reg/015633269981_0116095944|reg/015633269981_0116095944|reg/015633269981_
2017-01-16 09:59:52 INFO UpdateUserState: 015633269981,1
2017-01-16 09:59:56 INFO AddIdentifyResult: 14473,015633269981,-1,
2017-01-16 10:00:02 INFO AddIdentifyResult: 14473,015633269981,-3,
2017-01-16 10:00:24 INFO AddIdentifyResult: 14474,013561065596,-1,
2017-01-16 10:00:33 INFO AddIdentifyResult: 14474,013561065596,-3,
2017-01-16 10:00:54 INFO AddIdentifyResult: 14473,015633269981,0,ver/01/16/100129_015633269981.wav
2017-01-16 10:00:58 INFO AddIdentifyResult: 14475,013245468806,-1,
2017-01-16 10:01:07 INFO AddIdentifyResult: 14475,013245468806,-3,
2017-01-16 10:02:23 INFO AddIdentifyResult: 14474,013561065596,12,
2017-01-16 10:02:30 INFO AddIdentifyResult: 14474,013561065596,10,reg/013561065596_0116100200|reg/013561065596_0116100200|reg/013561065596_
2017-01-16 10:02:30 INFO UpdateUserState: 013561065596,1
2017-01-16 10:02:59 INFO AddIdentifyResult: 14475,013245468806,12,
2017-01-16 10:03:05 INFO AddIdentifyResult: 14475,013245468806,10,reg/013245468806_0116100234|reg/013245468806_0116100234|reg/013245468806_
2017-01-16 10:03:06 INFO UpdateUserState: 013245468806,1
2017-01-16 10:03:56 INFO AddIdentifyResult: 14476,015933124593,-1,
2017-01-16 10:04:11 INFO AddIdentifyResult: 14476,015933124593,-3,
2017-01-16 10:04:42 INFO AddIdentifyResult: 14477,013245468806,-1,
2017-01-16 10:04:48 INFO AddIdentifyResult: 14477,013245468806,-3,
2017-01-16 10:05:52 INFO AddIdentifyResult: 14476,015933124593,12,
2017-01-16 10:06:00 INFO AddIdentifyResult: 14476,015933124593,10,reg/015933124593_0116100537|reg/015933124593_0116100537|reg/015933124593_
2017-01-16 10:06:00 INFO UpdateUserState: 015933124593,1
2017-01-16 10:06:06 INFO AddIdentifyResult: 14478,015933124593,-1,
2017-01-16 10:06:20 INFO AddIdentifyResult: 14478,015933124593,-3,
2017-01-16 10:06:36 INFO AddIdentifyResult: 14477,013245468806,12,
2017-01-16 10:06:43 INFO AddIdentifyResult: 14477,013245468806,10,reg/013245468806_0116100615|reg/013245468806_0116100615|reg/013245468806_
2017-01-16 10:06:44 INFO UpdateUserState: 013245468806,1
2017-01-16 10:07:12 INFO AddIdentifyResult: 14478,015933124593,0,ver/01/16/100747_015933124593.wav
2017-01-16 10:07:53 INFO AddIdentifyResult: 14479,0156322321898,-1,
2017-01-16 10:08:51 INFO AddIdentifyResult: 14480,015632232189,-1,
2017-01-16 10:08:59 INFO AddIdentifyResult: 14480,015632232189,-3,
2017-01-16 10:09:30 INFO AddIdentifyResult: 14481,013287326286,-1,
2017-01-16 10:09:50 INFO AddIdentifyResult: 14481,013287326286,-3,
2017-01-16 10:10:35 INFO AddIdentifyResult: 14480,015632232189,12,
2017-01-16 10:10:42 INFO AddIdentifyResult: 14480,015632232189,10,reg/015632232189_0116101025|reg/015632232189_0116101025|reg/015632232189_
2017-01-16 10:10:43 INFO UpdateUserState: 015632232189,1
2017-01-16 10:10:44 INFO AddIdentifyResult: 14482,015712516911,-1,
2017-01-16 10:10:52 INFO AddIdentifyResult: 14483,015632232189,-1,
2017-01-16 10:10:52 INFO AddIdentifyResult: 14482,015712516911,-3,
2017-01-16 10:10:57 INFO AddIdentifyResult: 14483,015632232189,-3,
2017-01-16 10:11:49 INFO AddIdentifyResult: 14483,015632232189,0,ver/01/16/101224_015632232189.wav
2017-01-16 10:12:22 INFO AddIdentifyResult: 14482,015712516911,12,
2017-01-16 10:12:29 INFO AddIdentifyResult: 14482,015712516911,10,reg/015712516911_0116101219|reg/015712516911_0116101219|reg/015712516911_
2017-01-16 10:12:30 INFO UpdateUserState: 015712516911,1
2017-01-16 10:12:35 INFO AddIdentifyResult: 14484,015712516911,-1,
2017-01-16 10:12:42 INFO AddIdentifyResult: 14484,015712516911,-3,
2017-01-16 10:12:44 INFO AddIdentifyResult: 14481,013287326286,12,
2017-01-16 10:12:51 INFO AddIdentifyResult: 14481,013287326286,10,reg/013287326286_0116101332|reg/013287326286_0116101332|reg/013287326286_0116101117
2017-01-16 10:12:51 INFO UpdateUserState: 013287326286,1
2017-01-16 10:13:34 INFO AddIdentifyResult: 14484,015712516911,0,ver/01/16/101409_015712516911.wav
2017-01-16 10:15:02 INFO AddIdentifyResult: 14485,015633279129,-1,
2017-01-16 10:15:11 INFO AddIdentifyResult: 14485,015633279129,-3,
2017-01-16 10:15:45 INFO AddIdentifyResult: 14486,013297668930,-1,
2017-01-16 10:15:59 INFO AddIdentifyResult: 14486,013297668930,-3,
2017-01-16 10:16:23 INFO AddIdentifyResult: 14487,015690441716,-1,
2017-01-16 10:16:27 INFO AddIdentifyResult: 14487,015690441716,-3,
2017-01-16 10:16:37 INFO AddIdentifyResult: 14485,015633279129,12,
2017-01-16 10:16:44 INFO AddIdentifyResult: 14485,015633279129,10,reg/015633279129_0116101637|reg/015633279129_0116101637|reg/015633279129_
2017-01-16 10:16:44 INFO UpdateUserState: 015633279129,1
2017-01-16 10:16:48 INFO AddIdentifyResult: 14488,013296475091,-1,
2017-01-16 10:16:54 INFO AddIdentifyResult: 14486,013297668930,11,reg/013297668930_|reg/013297668930_|reg/013297668930_
2017-01-16 10:16:55 INFO AddIdentifyResult: 14488,013296475091,-3,
2017-01-16 10:16:57 INFO AddIdentifyResult: 14489,015633279129,-1,
2017-01-16 10:17:04 INFO AddIdentifyResult: 14489,015633279129,-3,
2017-01-16 10:17:35 INFO AddIdentifyResult: 14490,013297668930,-1,
2017-01-16 10:17:46 INFO AddIdentifyResult: 14490,013297668930,-3,
2017-01-16 10:17:56 INFO AddIdentifyResult: 14489,015633279129,0,ver/01/16/101831_015633279129.wav
2017-01-16 10:18:00 INFO AddIdentifyResult: 14487,015690441716,12,
2017-01-16 10:18:08 INFO AddIdentifyResult: 14487,015690441716,10,reg/015690441716_0116101754|reg/015690441716_0116101754|reg/015690441716_
2017-01-16 10:18:08 INFO UpdateUserState: 015690441716,1
2017-01-16 10:18:17 INFO AddIdentifyResult: 14491,015690441716,-1,
2017-01-16 10:18:24 INFO AddIdentifyResult: 14491,015690441716,-3,
2017-01-16 10:19:08 INFO AddIdentifyResult: 14488,013296475091,12,
2017-01-16 10:19:17 INFO AddIdentifyResult: 14491,015690441716,0,ver/01/16/101951_015690441716.wav
2017-01-16 10:19:17 INFO AddIdentifyResult: 14488,013296475091,10,reg/013296475091_0116101822|reg/013296475091_0116101822|reg/013296475091_
2017-01-16 10:19:17 INFO UpdateUserState: 013296475091,1
2017-01-16 10:20:56 INFO AddIdentifyResult: 14490,013297668930,11,reg/013297668930_|reg/013297668930_|reg/013297668930_
2017-01-16 10:21:26 INFO AddIdentifyResult: 14492,013297668930,-1,
2017-01-16 10:21:51 INFO AddIdentifyResult: 14493,015632203957,-1,
2017-01-16 10:22:23 INFO AddIdentifyResult: 14494,015632203957,-1,
2017-01-16 10:22:32 INFO AddIdentifyResult: 14494,015632203957,-3,
2017-01-16 10:23:34 INFO AddIdentifyResult: 14495,013297668930,-1,
2017-01-16 10:23:42 INFO AddIdentifyResult: 14495,013297668930,-3,
2017-01-16 10:24:41 INFO AddIdentifyResult: 14494,015632203957,12,
2017-01-16 10:24:49 INFO AddIdentifyResult: 14494,015632203957,10,reg/015632203957_0116102532|reg/015632203957_0116102532|reg/015632203957_0116102359
2017-01-16 10:24:49 INFO UpdateUserState: 015632203957,1
2017-01-16 10:24:56 INFO AddIdentifyResult: 14496,015632203957,-1,
2017-01-16 10:25:27 INFO AddIdentifyResult: 14495,013297668930,12,
2017-01-16 10:25:32 INFO AddIdentifyResult: 14497,015632203957,-1,
2017-01-16 10:25:33 INFO AddIdentifyResult: 14495,013297668930,10,reg/013297668930_0116102508|reg/013297668930_0116102508|reg/013297668930_
2017-01-16 10:25:34 INFO UpdateUserState: 013297668930,1
2017-01-16 10:25:44 INFO AddIdentifyResult: 14497,015632203957,-3,
2017-01-16 10:26:15 INFO AddIdentifyResult: 14498,013297668930,-1,
2017-01-16 10:26:22 INFO AddIdentifyResult: 14498,013297668930,-3,
2017-01-16 10:26:36 INFO AddIdentifyResult: 14497,015632203957,0,ver/01/16/102711_015632203957.wav
2017-01-16 10:27:14 INFO AddIdentifyResult: 14498,013297668930,0,ver/01/16/102749_013297668930.wav
2017-01-16 10:28:49 INFO AddIdentifyResult: 14499,013296478138,-1,
2017-01-16 10:28:56 INFO AddIdentifyResult: 14499,013296478138,-3,
2017-01-16 10:29:14 INFO AddIdentifyResult: 14500,015633799617,-1,
2017-01-16 10:29:46 INFO AddIdentifyResult: 14501,015633799617,-1,
2017-01-16 10:29:52 INFO AddIdentifyResult: 14501,015633799617,-3,
2017-01-16 10:29:57 INFO AddIdentifyResult: 14502,015633772693,-1,
2017-01-16 10:30:03 INFO AddIdentifyResult: 14502,015633772693,-3,
2017-01-16 10:30:45 INFO AddIdentifyResult: 14499,013296478138,12,
2017-01-16 10:30:52 INFO AddIdentifyResult: 14499,013296478138,10,reg/013296478138_0116103023|reg/013296478138_0116103023|reg/013296478138_
2017-01-16 10:30:52 INFO UpdateUserState: 013296478138,1
2017-01-16 10:31:02 INFO AddIdentifyResult: 14503,015066042195,-1,
2017-01-16 10:31:10 INFO AddIdentifyResult: 14503,015066042195,-3,
2017-01-16 10:31:46 INFO AddIdentifyResult: 14501,015633799617,12,
2017-01-16 10:31:55 INFO AddIdentifyResult: 14501,015633799617,10,reg/015633799617_0116103119|reg/015633799617_0116103119|reg/015633799617_
2017-01-16 10:31:55 INFO UpdateUserState: 015633799617,1
2017-01-16 10:32:05 INFO AddIdentifyResult: 14504,015633799617,-1,
2017-01-16 10:32:14 INFO AddIdentifyResult: 14504,015633799617,-3,
2017-01-16 10:32:21 INFO AddIdentifyResult: 14502,015633772693,12,
2017-01-16 10:32:28 INFO AddIdentifyResult: 14502,015633772693,10,reg/015633772693_0116103311|reg/015633772693_0116103311|reg/015633772693_0116103129
2017-01-16 10:32:28 INFO UpdateUserState: 015633772693,1
2017-01-16 10:32:44 INFO AddIdentifyResult: 14503,015066042195,12,
2017-01-16 10:32:46 INFO AddIdentifyResult: 14505,015633772693,-1,
2017-01-16 10:32:51 INFO AddIdentifyResult: 14503,015066042195,10,reg/015066042195_0116103237|reg/015066042195_0116103237|reg/015066042195_
2017-01-16 10:32:51 INFO UpdateUserState: 015066042195,1
2017-01-16 10:32:53 INFO AddIdentifyResult: 14505,015633772693,-3,
2017-01-16 10:33:06 INFO AddIdentifyResult: 14504,015633799617,0,ver/01/16/103341_015633799617.wav
2017-01-16 10:33:44 INFO AddIdentifyResult: 14505,015633772693,0,ver/01/16/103420_015633772693.wav
2017-01-16 10:33:56 INFO AddIdentifyResult: 14506,015033243684,-1,
2017-01-16 10:34:03 INFO AddIdentifyResult: 14506,015033243684,-3,
2017-01-16 10:34:34 INFO AddIdentifyResult: 14507,015130456587,-1,
2017-01-16 10:34:46 INFO AddIdentifyResult: 14507,015130456587,-3,
2017-01-16 10:35:41 INFO AddIdentifyResult: 14506,015033243684,11,reg/015033243684_|reg/015033243684_|reg/015033243684_
2017-01-16 10:35:52 INFO AddIdentifyResult: 14508,015033243684,-1,
2017-01-16 10:36:04 INFO AddIdentifyResult: 14508,015033243684,-3,
2017-01-16 10:36:19 INFO AddIdentifyResult: 14507,015130456587,12,
2017-01-16 10:36:27 INFO AddIdentifyResult: 14507,015130456587,10,reg/015130456587_0116103613|reg/015130456587_0116103613|reg/015130456587_
2017-01-16 10:36:27 INFO UpdateUserState: 015130456587,1
2017-01-16 10:36:38 INFO AddIdentifyResult: 14509,015130456587,-1,
2017-01-16 10:36:46 INFO AddIdentifyResult: 14509,015130456587,-3,
2017-01-16 10:36:55 INFO AddIdentifyResult: 14510,013245460316,-1,
2017-01-16 10:37:06 INFO AddIdentifyResult: 14510,013245460316,-3,
2017-01-16 10:37:10 INFO AddIdentifyResult: 14511,013295469303,-1,
2017-01-16 10:37:17 INFO AddIdentifyResult: 14511,013295469303,-3,
2017-01-16 10:37:18 INFO AddIdentifyResult: 14511,013295469303,11,reg/013295469303_|reg/013295469303_|reg/013295469303_
2017-01-16 10:37:30 INFO AddIdentifyResult: 14512,013295469303,-1,
2017-01-16 10:37:36 INFO AddIdentifyResult: 14512,013295469303,-3,
2017-01-16 10:37:38 INFO AddIdentifyResult: 14509,015130456587,0,ver/01/16/103813_015130456587.wav
2017-01-16 10:37:41 INFO AddIdentifyResult: 14508,015033243684,12,
2017-01-16 10:37:48 INFO AddIdentifyResult: 14508,015033243684,10,reg/015033243684_0116103731|reg/015033243684_0116103731|reg/015033243684_
2017-01-16 10:37:48 INFO UpdateUserState: 015033243684,1
2017-01-16 10:38:07 INFO AddIdentifyResult: 14513,015033243684,-1,
2017-01-16 10:38:18 INFO AddIdentifyResult: 14513,015033243684,-3,
2017-01-16 10:39:00 INFO AddIdentifyResult: 14510,013245460316,12,
2017-01-16 10:39:07 INFO AddIdentifyResult: 14510,013245460316,10,reg/013245460316_0116103833|reg/013245460316_0116103833|reg/013245460316_
2017-01-16 10:39:07 INFO UpdateUserState: 013245460316,1
2017-01-16 10:39:10 INFO AddIdentifyResult: 14513,015033243684,0,ver/01/16/103945_015033243684.wav
2017-01-16 10:39:18 INFO AddIdentifyResult: 14512,013295469303,12,
2017-01-16 10:39:26 INFO AddIdentifyResult: 14512,013295469303,10,reg/013295469303_0116104011|reg/013295469303_0116104011|reg/013295469303_0116103903
2017-01-16 10:39:26 INFO UpdateUserState: 013295469303,1
2017-01-16 10:39:57 INFO AddIdentifyResult: 14514,015554682147,-1,
2017-01-16 10:40:07 INFO AddIdentifyResult: 14514,015554682147,-3,
2017-01-16 10:41:50 INFO AddIdentifyResult: 14515,015632261870,-1,
2017-01-16 10:42:18 INFO AddIdentifyResult: 14516,015632261870,-1,
2017-01-16 10:42:31 INFO AddIdentifyResult: 14514,015554682147,12,
2017-01-16 10:42:31 INFO AddIdentifyResult: 14515,015632261870,-3,
2017-01-16 10:42:38 INFO AddIdentifyResult: 14514,015554682147,10,reg/015554682147_0116104316|reg/015554682147_0116104316|reg/015554682147_0116104134
2017-01-16 10:42:38 INFO UpdateUserState: 015554682147,1
2017-01-16 10:42:38 INFO AddIdentifyResult: 14515,015632261870,11,reg/015632261870_|reg/015632261870_|reg/015632261870_
2017-01-16 10:42:55 INFO AddIdentifyResult: 14517,015632261870,-1,
2017-01-16 10:43:18 INFO AddIdentifyResult: 14517,015632261870,-3,
2017-01-16 10:43:40 INFO AddIdentifyResult: 14517,015632261870,11,reg/015632261870_|reg/015632261870_|reg/015632261870_
2017-01-16 10:44:03 INFO AddIdentifyResult: 14518,015633261870,-1,
2017-01-16 10:44:18 INFO AddIdentifyResult: 14519,013296475105,-1,
2017-01-16 10:44:23 INFO AddIdentifyResult: 14518,015633261870,-3,
2017-01-16 10:44:24 INFO AddIdentifyResult: 14519,013296475105,-3,
2017-01-16 10:46:01 INFO AddIdentifyResult: 14518,015633261870,12,
2017-01-16 10:46:08 INFO AddIdentifyResult: 14518,015633261870,10,reg/015633261870_0116104550|reg/015633261870_0116104550|reg/015633261870_
2017-01-16 10:46:08 INFO UpdateUserState: 015633261870,1
2017-01-16 10:46:16 INFO AddIdentifyResult: 14520,015633261870,-1,
2017-01-16 10:46:20 INFO AddIdentifyResult: 14519,013296475105,12,
2017-01-16 10:46:27 INFO AddIdentifyResult: 14519,013296475105,10,reg/013296475105_0116104550|reg/013296475105_0116104550|reg/013296475105_
2017-01-16 10:46:27 INFO UpdateUserState: 013296475105,1
2017-01-16 10:46:33 INFO AddIdentifyResult: 14520,015633261870,-3,
2017-01-16 10:46:45 INFO AddIdentifyResult: 14521,013678618723,-1,
2017-01-16 10:47:01 INFO AddIdentifyResult: 14521,013678618723,-3,
2017-01-16 10:47:26 INFO AddIdentifyResult: 14520,015633261870,0,ver/01/16/104801_015633261870.wav
2017-01-16 10:49:11 INFO AddIdentifyResult: 14521,013678618723,12,
2017-01-16 10:49:19 INFO AddIdentifyResult: 14521,013678618723,10,reg/013678618723_0116104828|reg/013678618723_0116104828|reg/013678618723_
2017-01-16 10:49:20 INFO UpdateUserState: 013678618723,1
2017-01-16 10:50:48 INFO AddIdentifyResult: 14522,015630270370,-1,
2017-01-16 10:50:53 INFO AddIdentifyResult: 14522,015630270370,-3,
2017-01-16 10:52:23 INFO AddIdentifyResult: 14523,013111691715,-1,
2017-01-16 10:52:33 INFO AddIdentifyResult: 14522,015630270370,12,
2017-01-16 10:52:35 INFO AddIdentifyResult: 14523,013111691715,-3,
2017-01-16 10:52:40 INFO AddIdentifyResult: 14522,015630270370,10,reg/015630270370_0116105220|reg/015630270370_0116105220|reg/015630270370_
2017-01-16 10:52:40 INFO UpdateUserState: 015630270370,1
2017-01-16 10:52:48 INFO AddIdentifyResult: 14524,015630270370,-1,
2017-01-16 10:52:52 INFO AddIdentifyResult: 14524,015630270370,-3,
2017-01-16 10:53:44 INFO AddIdentifyResult: 14524,015630270370,0,ver/01/16/105419_015630270370.wav
2017-01-16 10:54:26 INFO AddIdentifyResult: 14525,013296475261,-1,
2017-01-16 10:54:39 INFO AddIdentifyResult: 14525,013296475261,-3,
2017-01-16 10:54:56 INFO AddIdentifyResult: 14523,013111691715,12,
2017-01-16 10:55:03 INFO AddIdentifyResult: 14523,013111691715,10,reg/013111691715_0116105551|reg/013111691715_0116105551|reg/013111691715_0116105402
2017-01-16 10:55:03 INFO UpdateUserState: 013111691715,1
2017-01-16 10:55:22 INFO AddIdentifyResult: 14526,013111691715,-1,
2017-01-16 10:55:29 INFO AddIdentifyResult: 14526,013111691715,-3,
2017-01-16 10:56:21 INFO AddIdentifyResult: 14526,013111691715,0,ver/01/16/105657_013111691715.wav
2017-01-16 10:57:00 INFO AddIdentifyResult: 14525,013296475261,11,reg/013296475261_|reg/013296475261_|reg/013296475261_
2017-01-16 10:57:19 INFO AddIdentifyResult: 14527,013296475261,-1,
2017-01-16 10:57:27 INFO AddIdentifyResult: 14527,013296475261,-3,
2017-01-16 10:57:35 INFO AddIdentifyResult: 14528,015633281680,-1,
2017-01-16 10:57:47 INFO AddIdentifyResult: 14528,015633281680,-3,
2017-01-16 10:59:45 INFO AddIdentifyResult: 14528,015633281680,12,
2017-01-16 10:59:47 INFO AddIdentifyResult: 14527,013296475261,12,
2017-01-16 10:59:52 INFO AddIdentifyResult: 14528,015633281680,10,reg/015633281680_0116110040|reg/015633281680_0116110040|reg/015633281680_0116105914
2017-01-16 10:59:53 INFO UpdateUserState: 015633281680,1
2017-01-16 10:59:56 INFO AddIdentifyResult: 14529,013864716493,-1,
2017-01-16 10:59:57 INFO AddIdentifyResult: 14530,015633281680,-1,
2017-01-16 11:00:00 INFO AddIdentifyResult: 14527,013296475261,10,reg/013296475261_0116105925|reg/013296475261_0116105925|reg/013296475261_0116105853
2017-01-16 11:00:01 INFO UpdateUserState: 013296475261,1
2017-01-16 11:00:03 INFO AddIdentifyResult: 14530,015633281680,-3,
2017-01-16 11:00:04 INFO AddIdentifyResult: 14529,013864716493,-3,
2017-01-16 11:00:26 INFO AddIdentifyResult: 14531,015830930459,-1,
2017-01-16 11:00:33 INFO AddIdentifyResult: 14531,015830930459,-3,
2017-01-16 11:00:55 INFO AddIdentifyResult: 14530,015633281680,0,ver/01/16/110130_015633281680.wav
2017-01-16 11:02:03 INFO AddIdentifyResult: 14529,013864716493,12,
2017-01-16 11:02:06 INFO AddIdentifyResult: 14531,015830930459,12,
2017-01-16 11:02:10 INFO AddIdentifyResult: 14529,013864716493,10,reg/013864716493_0116110131|reg/013864716493_0116110131|reg/013864716493_
2017-01-16 11:02:11 INFO UpdateUserState: 013864716493,1
2017-01-16 11:02:17 INFO AddIdentifyResult: 14531,015830930459,10,reg/015830930459_0116110200|reg/015830930459_0116110200|reg/015830930459_
2017-01-16 11:02:17 INFO UpdateUserState: 015830930459,1
2017-01-16 11:02:22 INFO AddIdentifyResult: 14532,015830930459,-1,
2017-01-16 11:02:30 INFO AddIdentifyResult: 14532,015830930459,-3,
2017-01-16 11:03:04 INFO AddIdentifyResult: 14533,013296475815,-1,
2017-01-16 11:03:18 INFO AddIdentifyResult: 14533,013296475815,-3,
2017-01-16 11:03:22 INFO AddIdentifyResult: 14532,015830930459,0,ver/01/16/110357_015830930459.wav
2017-01-16 11:03:34 INFO AddIdentifyResult: 14534,013237238167,-1,
2017-01-16 11:05:00 INFO AddIdentifyResult: 14535,013237238167,-1,
2017-01-16 11:05:17 INFO AddIdentifyResult: 14536,015603216829,-1,
2017-01-16 11:05:28 INFO AddIdentifyResult: 14536,015603216829,-3,
2017-01-16 11:05:43 INFO AddIdentifyResult: 14533,013296475815,12,
2017-01-16 11:05:49 INFO AddIdentifyResult: 14533,013296475815,10,reg/013296475815_0116110638|reg/013296475815_0116110638|reg/013296475815_0116110445
2017-01-16 11:05:50 INFO UpdateUserState: 013296475815,1
2017-01-16 11:06:10 INFO AddIdentifyResult: 14537,015154629137,-1,
2017-01-16 11:06:22 INFO AddIdentifyResult: 14537,015154629137,-3,
2017-01-16 11:06:28 INFO AddIdentifyResult: 14538,013237238167,-1,
2017-01-16 11:06:34 INFO AddIdentifyResult: 14538,013237238167,-3,
2017-01-16 11:06:36 INFO AddIdentifyResult: 14538,013237238167,11,reg/013237238167_|reg/013237238167_|reg/013237238167_
2017-01-16 11:06:51 INFO AddIdentifyResult: 14539,013237238167,-1,
2017-01-16 11:06:59 INFO AddIdentifyResult: 14536,015603216829,12,
2017-01-16 11:07:06 INFO AddIdentifyResult: 14536,015603216829,10,reg/015603216829_0116110654|reg/015603216829_0116110654|reg/015603216829_
2017-01-16 11:07:07 INFO UpdateUserState: 015603216829,1
2017-01-16 11:07:10 INFO AddIdentifyResult: 14540,015603216829,-1,
2017-01-16 11:07:14 INFO AddIdentifyResult: 14540,015603216829,-3,
2017-01-16 11:07:34 INFO AddIdentifyResult: 14541,18972660807,-1,
2017-01-16 11:07:35 INFO AddIdentifyResult: 14542,015128491760,-1,
2017-01-16 11:07:44 INFO AddIdentifyResult: 14542,015128491760,-3,
2017-01-16 11:08:07 INFO AddIdentifyResult: 14540,015603216829,0,ver/01/16/110842_015603216829.wav
2017-01-16 11:09:04 INFO AddIdentifyResult: 14543,015154629137,-1,
2017-01-16 11:09:09 INFO AddIdentifyResult: 14537,015154629137,11,reg/015154629137_|reg/015154629137_|reg/015154629137_
2017-01-16 11:09:14 INFO AddIdentifyResult: 14544,015154629137,-1,
2017-01-16 11:09:18 INFO AddIdentifyResult: 14542,015128491760,12,
2017-01-16 11:09:21 INFO AddIdentifyResult: 14544,015154629137,-3,
2017-01-16 11:09:24 INFO AddIdentifyResult: 14542,015128491760,10,reg/015128491760_0116110910|reg/015128491760_0116110910|reg/015128491760_
2017-01-16 11:09:25 INFO UpdateUserState: 015128491760,1
2017-01-16 11:09:30 INFO AddIdentifyResult: 14545,015128491760,-1,
2017-01-16 11:09:50 INFO AddIdentifyResult: 14546,013237238167,-1,
2017-01-16 11:09:57 INFO AddIdentifyResult: 14545,015128491760,-3,
2017-01-16 11:10:02 INFO AddIdentifyResult: 14546,013237238167,-3,
2017-01-16 11:10:24 INFO AddIdentifyResult: 14546,013237238167,11,reg/013237238167_|reg/013237238167_|reg/013237238167_
2017-01-16 11:10:49 INFO AddIdentifyResult: 14545,015128491760,0,ver/01/16/111124_015128491760.wav
2017-01-16 11:11:37 INFO AddIdentifyResult: 14547,015633267353,-1,
2017-01-16 11:11:39 INFO AddIdentifyResult: 14548,015633783536,-1,
2017-01-16 11:11:44 INFO AddIdentifyResult: 14548,015633783536,-3,
2017-01-16 11:11:49 INFO AddIdentifyResult: 14547,015633267353,-3,
2017-01-16 11:12:05 INFO AddIdentifyResult: 14544,015154629137,12,
2017-01-16 11:12:10 INFO AddIdentifyResult: 14549,013237238167,-1,
2017-01-16 11:12:12 INFO AddIdentifyResult: 14544,015154629137,10,reg/015154629137_0116111254|reg/015154629137_0116111254|reg/015154629137_0116111055
2017-01-16 11:12:12 INFO UpdateUserState: 015154629137,1
2017-01-16 11:12:19 INFO AddIdentifyResult: 14549,013237238167,-3,
2017-01-16 11:12:35 INFO AddIdentifyResult: 14549,013237238167,11,reg/013237238167_|reg/013237238167_|reg/013237238167_
2017-01-16 11:13:52 INFO AddIdentifyResult: 14547,015633267353,12,
2017-01-16 11:13:52 INFO AddIdentifyResult: 14550,013237238167,-1,
2017-01-16 11:13:58 INFO AddIdentifyResult: 14547,015633267353,10,reg/015633267353_0116111450|reg/015633267353_0116111450|reg/015633267353_0116111316
2017-01-16 11:13:59 INFO UpdateUserState: 015633267353,1
2017-01-16 11:14:01 INFO AddIdentifyResult: 14550,013237238167,-3,
2017-01-16 11:14:02 INFO AddIdentifyResult: 14548,015633783536,11,reg/015633783536_|reg/015633783536_|reg/015633783536_
2017-01-16 11:14:07 INFO AddIdentifyResult: 14551,015633267353,-1,
2017-01-16 11:14:12 INFO AddIdentifyResult: 14551,015633267353,-3,
2017-01-16 11:14:19 INFO AddIdentifyResult: 14550,013237238167,11,reg/013237238167_|reg/013237238167_|reg/013237238167_
2017-01-16 11:14:27 INFO AddIdentifyResult: 14552,013245469396,-1,
2017-01-16 11:14:42 INFO AddIdentifyResult: 14552,013245469396,-3,
2017-01-16 11:14:43 INFO AddIdentifyResult: 14553,013237238167,-1,
2017-01-16 11:14:52 INFO AddIdentifyResult: 14553,013237238167,-3,
2017-01-16 11:15:01 INFO AddIdentifyResult: 14554,015633783536,-1,
2017-01-16 11:15:05 INFO AddIdentifyResult: 14551,015633267353,0,ver/01/16/111540_015633267353.wav
2017-01-16 11:15:46 INFO AddIdentifyResult: 14555,015633783536,-1,
2017-01-16 11:15:55 INFO AddIdentifyResult: 14555,015633783536,-3,
2017-01-16 11:16:25 INFO AddIdentifyResult: 14552,013245469396,12,
2017-01-16 11:16:32 INFO AddIdentifyResult: 14552,013245469396,10,reg/013245469396_0116111609|reg/013245469396_0116111609|reg/013245469396_
2017-01-16 11:16:32 INFO UpdateUserState: 013245469396,1
2017-01-16 11:16:53 INFO AddIdentifyResult: 14553,013237238167,12,
2017-01-16 11:17:00 INFO AddIdentifyResult: 14553,013237238167,10,reg/013237238167_0116111618|reg/013237238167_0116111618|reg/013237238167_
2017-01-16 11:17:00 INFO UpdateUserState: 013237238167,1
2017-01-16 11:17:08 INFO AddIdentifyResult: 14556,013831220455,-1,
2017-01-16 11:17:15 INFO AddIdentifyResult: 14557,013237238167,-1,
2017-01-16 11:17:18 INFO AddIdentifyResult: 14556,013831220455,-3,
2017-01-16 11:17:40 INFO AddIdentifyResult: 14555,015633783536,12,
2017-01-16 11:17:43 INFO AddIdentifyResult: 14557,013237238167,-3,
2017-01-16 11:17:48 INFO AddIdentifyResult: 14555,015633783536,10,reg/015633783536_0116111722|reg/015633783536_0116111722|reg/015633783536_
2017-01-16 11:17:48 INFO UpdateUserState: 015633783536,1
2017-01-16 11:17:53 INFO AddIdentifyResult: 14558,015633783536,-1,
2017-01-16 11:17:58 INFO AddIdentifyResult: 14558,015633783536,-3,
2017-01-16 11:18:10 INFO AddIdentifyResult: 14559,013296475835,-1,
2017-01-16 11:18:17 INFO AddIdentifyResult: 14559,013296475835,-3,
2017-01-16 11:18:36 INFO AddIdentifyResult: 14557,013237238167,0,ver/01/16/111911_013237238167.wav
2017-01-16 11:18:47 INFO AddIdentifyResult: 14556,013831220455,12,
2017-01-16 11:18:50 INFO AddIdentifyResult: 14558,015633783536,0,ver/01/16/111925_015633783536.wav
2017-01-16 11:18:54 INFO AddIdentifyResult: 14556,013831220455,10,reg/013831220455_0116111844|reg/013831220455_0116111844|reg/013831220455_
2017-01-16 11:18:54 INFO UpdateUserState: 013831220455,1
2017-01-16 11:18:59 INFO AddIdentifyResult: 14560,013831220455,-1,
2017-01-16 11:19:06 INFO AddIdentifyResult: 14560,013831220455,-3,
2017-01-16 11:19:58 INFO AddIdentifyResult: 14560,013831220455,0,ver/01/16/112033_013831220455.wav
2017-01-16 11:20:14 INFO AddIdentifyResult: 14559,013296475835,12,
2017-01-16 11:20:21 INFO AddIdentifyResult: 14559,013296475835,10,reg/013296475835_0116112113|reg/013296475835_0116112113|reg/013296475835_0116111944
2017-01-16 11:20:21 INFO UpdateUserState: 013296475835,1
2017-01-16 11:21:51 INFO AddIdentifyResult: 14561,015633282021,-1,
2017-01-16 11:21:58 INFO AddIdentifyResult: 14561,015633282021,-3,
2017-01-16 11:22:10 INFO AddIdentifyResult: 14562,013287329121,-1,
2017-01-16 11:22:19 INFO AddIdentifyResult: 14562,013287329121,-3,
2017-01-16 11:22:41 INFO AddIdentifyResult: 14563,015933485920,-1,
2017-01-16 11:22:48 INFO AddIdentifyResult: 14563,015933485920,-3,
2017-01-16 11:23:01 INFO AddIdentifyResult: 14563,015933485920,11,reg/015933485920_|reg/015933485920_|reg/015933485920_
2017-01-16 11:23:29 INFO AddIdentifyResult: 14564,015933485920,-1,
2017-01-16 11:23:31 INFO AddIdentifyResult: 14561,015633282021,12,
2017-01-16 11:23:35 INFO AddIdentifyResult: 14564,015933485920,-3,
2017-01-16 11:23:38 INFO AddIdentifyResult: 14561,015633282021,10,reg/015633282021_0116112325|reg/015633282021_0116112325|reg/015633282021_
2017-01-16 11:23:38 INFO UpdateUserState: 015633282021,1
2017-01-16 11:23:41 INFO AddIdentifyResult: 14565,015633282021,-1,
2017-01-16 11:23:51 INFO AddIdentifyResult: 14566,013954692381,-1,
2017-01-16 11:23:54 INFO AddIdentifyResult: 14567,015633282021,-1,
2017-01-16 11:23:59 INFO AddIdentifyResult: 14567,015633282021,-3,
2017-01-16 11:24:07 INFO AddIdentifyResult: 14566,013954692381,-3,
2017-01-16 11:24:30 INFO AddIdentifyResult: 14562,013287329121,12,
2017-01-16 11:24:37 INFO AddIdentifyResult: 14562,013287329121,10,reg/013287329121_0116112345|reg/013287329121_0116112345|reg/013287329121_
2017-01-16 11:24:37 INFO UpdateUserState: 013287329121,1
2017-01-16 11:24:51 INFO AddIdentifyResult: 14567,015633282021,0,ver/01/16/112526_015633282021.wav
2017-01-16 11:26:43 INFO AddIdentifyResult: 14568,015633278293,-1,
2017-01-16 11:27:16 INFO AddIdentifyResult: 14566,013954692381,12,
2017-01-16 11:27:19 INFO AddIdentifyResult: 14564,015933485920,12,
2017-01-16 11:27:24 INFO AddIdentifyResult: 14566,013954692381,10,reg/013954692381_0116112736|reg/013954692381_0116112736|reg/013954692381_0116112534
2017-01-16 11:27:24 INFO UpdateUserState: 013954692381,1
2017-01-16 11:27:31 INFO AddIdentifyResult: 14564,015933485920,10,reg/015933485920_0116112749|reg/015933485920_0116112749|reg/015933485920_0116112502
2017-01-16 11:27:31 INFO UpdateUserState: 015933485920,1
2017-01-16 11:27:46 INFO AddIdentifyResult: 14569,015933485920,-1,
2017-01-16 11:27:53 INFO AddIdentifyResult: 14569,015933485920,-3,
2017-01-16 11:27:59 INFO AddIdentifyResult: 14570,015633278293,-1,
2017-01-16 11:28:03 INFO AddIdentifyResult: 14570,015633278293,-3,
2017-01-16 11:28:44 INFO AddIdentifyResult: 14569,015933485920,0,ver/01/16/112920_015933485920.wav
2017-01-16 11:30:12 INFO AddIdentifyResult: 14570,015633278293,12,
2017-01-16 11:30:18 INFO AddIdentifyResult: 14570,015633278293,10,reg/015633278293_0116113105|reg/015633278293_0116113105|reg/015633278293_0116112930
2017-01-16 11:30:18 INFO UpdateUserState: 015633278293,1
2017-01-16 11:30:26 INFO AddIdentifyResult: 14571,013561045738,-1,
2017-01-16 11:30:30 INFO AddIdentifyResult: 14572,015633237358,-1,
2017-01-16 11:30:34 INFO AddIdentifyResult: 14573,015633278293,-1,
2017-01-16 11:30:34 INFO AddIdentifyResult: 14571,013561045738,-3,
2017-01-16 11:30:35 INFO AddIdentifyResult: 14574,015633262127,-1,
2017-01-16 11:30:38 INFO AddIdentifyResult: 14572,015633237358,-3,
2017-01-16 11:30:40 INFO AddIdentifyResult: 14573,015633278293,-3,
2017-01-16 11:30:41 INFO AddIdentifyResult: 14574,015633262127,-3,
2017-01-16 11:30:54 INFO AddIdentifyResult: 14575,013287329121,-1,
2017-01-16 11:31:04 INFO AddIdentifyResult: 14575,013287329121,-3,
2017-01-16 11:31:31 INFO AddIdentifyResult: 14573,015633278293,0,ver/01/16/113207_015633278293.wav
2017-01-16 11:32:13 INFO AddIdentifyResult: 14574,015633262127,12,
2017-01-16 11:32:17 INFO AddIdentifyResult: 14572,015633237358,12,
2017-01-16 11:32:20 INFO AddIdentifyResult: 14574,015633262127,10,reg/015633262127_0116113208|reg/015633262127_0116113208|reg/015633262127_
2017-01-16 11:32:20 INFO UpdateUserState: 015633262127,1
2017-01-16 11:32:24 INFO AddIdentifyResult: 14576,015633262127,-1,
2017-01-16 11:32:26 INFO AddIdentifyResult: 14572,015633237358,10,reg/015633237358_0116113205|reg/015633237358_0116113205|reg/015633237358_
2017-01-16 11:32:26 INFO UpdateUserState: 015633237358,1
2017-01-16 11:32:29 INFO AddIdentifyResult: 14571,013561045738,12,
2017-01-16 11:32:30 INFO AddIdentifyResult: 14576,015633262127,-3,
2017-01-16 11:32:31 INFO AddIdentifyResult: 14577,015633237358,-1,
2017-01-16 11:32:35 INFO AddIdentifyResult: 14571,013561045738,10,reg/013561045738_0116113201|reg/013561045738_0116113201|reg/013561045738_
2017-01-16 11:32:36 INFO UpdateUserState: 013561045738,1
2017-01-16 11:32:38 INFO AddIdentifyResult: 14577,015633237358,-3,
2017-01-16 11:33:22 INFO AddIdentifyResult: 14576,015633262127,0,ver/01/16/113357_015633262127.wav
2017-01-16 11:33:29 INFO AddIdentifyResult: 14577,015633237358,0,ver/01/16/113405_015633237358.wav
2017-01-16 11:33:57 INFO AddIdentifyResult: 14578,015633265385,-1,
2017-01-16 11:34:01 INFO AddIdentifyResult: 14575,013287329121,12,
2017-01-16 11:34:03 INFO AddIdentifyResult: 14578,015633265385,-3,
2017-01-16 11:34:08 INFO AddIdentifyResult: 14575,013287329121,10,reg/013287329121_0116113443|reg/013287329121_0116113443|reg/013287329121_0116113231
2017-01-16 11:34:08 INFO UpdateUserState: 013287329121,1
2017-01-16 11:35:57 INFO AddIdentifyResult: 14578,015633265385,12,
2017-01-16 11:36:05 INFO AddIdentifyResult: 14578,015633265385,10,reg/015633265385_0116113530|reg/015633265385_0116113530|reg/015633265385_
2017-01-16 11:36:05 INFO UpdateUserState: 015633265385,1
2017-01-16 11:36:09 INFO AddIdentifyResult: 14579,015633265385,-1,
2017-01-16 11:36:14 INFO AddIdentifyResult: 14579,015633265385,-3,
2017-01-16 11:36:46 INFO AddIdentifyResult: 14580,013854673138,-1,
2017-01-16 11:36:59 INFO AddIdentifyResult: 14580,013854673138,-3,
2017-01-16 11:37:07 INFO AddIdentifyResult: 14579,015633265385,0,ver/01/16/113741_015633265385.wav
2017-01-16 11:37:10 INFO AddIdentifyResult: 14581,015633286535,-1,
2017-01-16 11:37:16 INFO AddIdentifyResult: 14581,015633286535,-3,
2017-01-16 11:38:39 INFO AddIdentifyResult: 14582,015631277960,-1,
2017-01-16 11:38:45 INFO AddIdentifyResult: 14582,015631277960,-3,
2017-01-16 11:38:48 INFO AddIdentifyResult: 14581,015633286535,12,
2017-01-16 11:38:55 INFO AddIdentifyResult: 14581,015633286535,10,reg/015633286535_0116113842|reg/015633286535_0116113842|reg/015633286535_
2017-01-16 11:38:55 INFO UpdateUserState: 015633286535,1
2017-01-16 11:38:58 INFO AddIdentifyResult: 14583,015633286535,-1,
2017-01-16 11:39:04 INFO AddIdentifyResult: 14583,015633286535,-3,
2017-01-16 11:39:12 INFO AddIdentifyResult: 14580,013854673138,12,
2017-01-16 11:39:19 INFO AddIdentifyResult: 14580,013854673138,10,reg/013854673138_0116113826|reg/013854673138_0116113826|reg/013854673138_
2017-01-16 11:39:19 INFO UpdateUserState: 013854673138,1
2017-01-16 11:39:55 INFO AddIdentifyResult: 14583,015633286535,0,ver/01/16/114031_015633286535.wav
2017-01-16 11:40:04 INFO AddIdentifyResult: 14584,015632210695,-1,
2017-01-16 11:40:14 INFO AddIdentifyResult: 14584,015632210695,-3,
2017-01-16 11:40:36 INFO AddIdentifyResult: 14582,015631277960,12,
2017-01-16 11:40:42 INFO AddIdentifyResult: 14582,015631277960,10,reg/015631277960_0116114143|reg/015631277960_0116114143|reg/015631277960_0116114012
2017-01-16 11:40:43 INFO UpdateUserState: 015631277960,1
2017-01-16 11:40:50 INFO AddIdentifyResult: 14585,015631277960,-1,
2017-01-16 11:41:02 INFO AddIdentifyResult: 14586,015631277960,-1,
2017-01-16 11:41:07 INFO AddIdentifyResult: 14586,015631277960,-3,
2017-01-16 11:41:18 INFO AddIdentifyResult: 14587,013287370809,-1,
2017-01-16 11:41:28 INFO AddIdentifyResult: 14587,013287370809,-3,
2017-01-16 11:41:44 INFO AddIdentifyResult: 14584,015632210695,12,
2017-01-16 11:41:50 INFO AddIdentifyResult: 14584,015632210695,10,reg/015632210695_0116114141|reg/015632210695_0116114141|reg/015632210695_
2017-01-16 11:41:51 INFO UpdateUserState: 015632210695,1
2017-01-16 11:41:52 INFO AddIdentifyResult: 14588,015632210695,-1,
2017-01-16 11:41:58 INFO AddIdentifyResult: 14586,015631277960,0,ver/01/16/114234_015631277960.wav
2017-01-16 11:42:00 INFO AddIdentifyResult: 14588,015632210695,-3,
2017-01-16 11:42:52 INFO AddIdentifyResult: 14588,015632210695,0,ver/01/16/114327_015632210695.wav
2017-01-16 11:42:56 INFO AddIdentifyResult: 14587,013287370809,12,
2017-01-16 11:43:03 INFO AddIdentifyResult: 14587,013287370809,10,reg/013287370809_0116114255|reg/013287370809_0116114255|reg/013287370809_
2017-01-16 11:43:03 INFO UpdateUserState: 013287370809,1
2017-01-16 11:43:47 INFO AddIdentifyResult: 14589,015230409299,-1,
2017-01-16 11:43:52 INFO AddIdentifyResult: 14589,015230409299,-3,
2017-01-16 11:45:20 INFO AddIdentifyResult: 14589,015230409299,12,
2017-01-16 11:45:27 INFO AddIdentifyResult: 14589,015230409299,10,reg/015230409299_0116114519|reg/015230409299_0116114519|reg/015230409299_
2017-01-16 11:45:27 INFO UpdateUserState: 015230409299,1
2017-01-16 11:45:28 INFO AddIdentifyResult: 14590,015230409299,-1,
2017-01-16 11:45:31 INFO AddIdentifyResult: 14591,015028274275,-1,
2017-01-16 11:45:34 INFO AddIdentifyResult: 14590,015230409299,-3,
2017-01-16 11:45:39 INFO AddIdentifyResult: 14591,015028274275,-3,
2017-01-16 11:46:19 INFO AddIdentifyResult: 14590,015230409299,0,ver/01/16/114701_015230409299.wav
2017-01-16 11:46:42 INFO AddIdentifyResult: 14592,013287368560,-1,
2017-01-16 11:46:48 INFO AddIdentifyResult: 14592,013287368560,-3,
2017-01-16 11:47:04 INFO AddIdentifyResult: 14591,015028274275,12,
2017-01-16 11:47:11 INFO AddIdentifyResult: 14591,015028274275,10,reg/015028274275_0116114706|reg/015028274275_0116114706|reg/015028274275_
2017-01-16 11:47:11 INFO UpdateUserState: 015028274275,1
2017-01-16 11:47:15 INFO AddIdentifyResult: 14593,015028274275,-1,
2017-01-16 11:47:21 INFO AddIdentifyResult: 14593,015028274275,-3,
2017-01-16 11:48:14 INFO AddIdentifyResult: 14593,015028274275,0,ver/01/16/114849_015028274275.wav
2017-01-16 11:48:52 INFO AddIdentifyResult: 14592,013287368560,12,
2017-01-16 11:49:01 INFO AddIdentifyResult: 14592,013287368560,10,reg/013287368560_0116114815|reg/013287368560_0116114815|reg/013287368560_
2017-01-16 11:49:01 INFO UpdateUserState: 013287368560,1
2017-01-16 11:49:20 INFO AddIdentifyResult: 14594,015690200267,-1,
2017-01-16 11:49:32 INFO AddIdentifyResult: 14594,015690200267,-3,
2017-01-16 11:50:03 INFO AddIdentifyResult: 14594,015690200267,11,reg/015690200267_|reg/015690200267_|reg/015690200267_
2017-01-16 11:50:25 INFO AddIdentifyResult: 14595,015690200267,-1,
2017-01-16 11:50:33 INFO AddIdentifyResult: 14595,015690200267,-3,
2017-01-16 11:51:56 INFO AddIdentifyResult: 14595,015690200267,12,
2017-01-16 11:51:59 INFO AddIdentifyResult: 14596,013297248150,-1,
2017-01-16 11:52:03 INFO AddIdentifyResult: 14595,015690200267,10,reg/015690200267_0116115200|reg/015690200267_0116115200|reg/015690200267_
2017-01-16 11:52:03 INFO UpdateUserState: 015690200267,1
2017-01-16 11:52:07 INFO AddIdentifyResult: 14596,013297248150,-3,
2017-01-16 11:52:10 INFO AddIdentifyResult: 14597,015690200267,-1,
2017-01-16 11:52:17 INFO AddIdentifyResult: 14597,015690200267,-3,
2017-01-16 11:53:10 INFO AddIdentifyResult: 14597,015690200267,0,ver/01/16/115344_015690200267.wav
2017-01-16 11:54:34 INFO AddIdentifyResult: 14596,013297248150,11,reg/013297248150_|reg/013297248150_|reg/013297248150_
2017-01-16 11:55:19 INFO AddIdentifyResult: 14598,013297248150,-1,
2017-01-16 11:55:29 INFO AddIdentifyResult: 14598,013297248150,-3,
2017-01-16 11:57:29 INFO AddIdentifyResult: 14598,013297248150,12,
2017-01-16 11:57:35 INFO AddIdentifyResult: 14598,013297248150,10,reg/013297248150_0116115656|reg/013297248150_0116115656|reg/013297248150_
2017-01-16 11:57:35 INFO UpdateUserState: 013297248150,1
2017-01-16 11:57:53 INFO AddIdentifyResult: 14599,013297248150,-1,
2017-01-16 11:58:11 INFO AddIdentifyResult: 14599,013297248150,-3,
2017-01-16 11:58:49 INFO AddIdentifyResult: 14599,013297248150,1,
2017-01-16 11:59:04 INFO AddIdentifyResult: 14600,013297248150,-1,
2017-01-16 11:59:12 INFO AddIdentifyResult: 14600,013297248150,-3,
2017-01-16 12:00:03 INFO AddIdentifyResult: 14600,013297248150,1,ver/01/16/120039_013297248150.wav
2017-01-16 12:01:45 INFO AddIdentifyResult: 14601,013297248150,-1,
2017-01-16 12:01:56 INFO AddIdentifyResult: 14601,013297248150,-3,
2017-01-16 12:02:11 INFO AddIdentifyResult: 14602,013297248150,-1,
2017-01-16 12:02:53 INFO AddIdentifyResult: 14603,013297248150,-1,
2017-01-16 12:04:38 INFO AddIdentifyResult: 14601,013297248150,12,
2017-01-16 12:04:46 INFO AddIdentifyResult: 14601,013297248150,10,reg/013297248150_0116120509|reg/013297248150_0116120509|reg/013297248150_0116120330
2017-01-16 12:04:46 INFO UpdateUserState: 013297248150,1
2017-01-16 12:05:55 INFO AddIdentifyResult: 14604,013297248150,-1,
2017-01-16 12:06:09 INFO AddIdentifyResult: 14604,013297248150,-3,
2017-01-16 12:07:49 INFO AddIdentifyResult: 14604,013297248150,12,
2017-01-16 12:07:56 INFO AddIdentifyResult: 14604,013297248150,10,reg/013297248150_0116120736|reg/013297248150_0116120736|reg/013297248150_
2017-01-16 12:07:56 INFO UpdateUserState: 013297248150,1
2017-01-16 12:08:07 INFO AddIdentifyResult: 14605,013297248150,-1,
2017-01-16 12:08:14 INFO AddIdentifyResult: 14605,013297248150,-3,
2017-01-16 12:09:06 INFO AddIdentifyResult: 14605,013297248150,0,ver/01/16/120941_013297248150.wav
2017-01-16 12:12:13 INFO AddIdentifyResult: 14606,015672449546,-1,
2017-01-16 12:12:34 INFO AddIdentifyResult: 14606,015672449546,-3,
2017-01-16 12:13:57 INFO AddIdentifyResult: 14606,015672449546,12,
2017-01-16 12:14:04 INFO AddIdentifyResult: 14606,015672449546,10,reg/015672449546_0116121401|reg/015672449546_0116121401|reg/015672449546_
2017-01-16 12:14:04 INFO UpdateUserState: 015672449546,1
2017-01-16 12:14:20 INFO AddIdentifyResult: 14607,015672449546,-1,
2017-01-16 12:14:26 INFO AddIdentifyResult: 14607,015672449546,-3,
2017-01-16 12:15:17 INFO AddIdentifyResult: 14607,015672449546,0,ver/01/16/121553_015672449546.wav
2017-01-16 12:28:46 INFO AddIdentifyResult: 14608,013287367873,-1,
2017-01-16 12:28:52 INFO AddIdentifyResult: 14608,013287367873,-3,
2017-01-16 12:30:47 INFO AddIdentifyResult: 14608,013287367873,11,reg/013287367873_|reg/013287367873_|reg/013287367873_
2017-01-16 12:32:12 INFO AddIdentifyResult: 14609,013287367873,-1,
2017-01-16 12:32:30 INFO AddIdentifyResult: 14609,013287367873,-3,
2017-01-16 12:34:05 INFO AddIdentifyResult: 14609,013287367873,12,
2017-01-16 12:34:12 INFO AddIdentifyResult: 14609,013287367873,10,reg/013287367873_0116123507|reg/013287367873_0116123507|reg/013287367873_0116123357
2017-01-16 12:34:12 INFO UpdateUserState: 013287367873,1
2017-01-16 12:43:32 INFO AddIdentifyResult: 14610,013287367873,-1,
2017-01-16 12:43:39 INFO AddIdentifyResult: 14610,013287367873,-3,
2017-01-16 12:44:32 INFO AddIdentifyResult: 14610,013287367873,0,ver/01/16/124507_013287367873.wav
2017-01-16 13:23:45 INFO AddIdentifyResult: 14611,013287368560,-1,
2017-01-16 13:23:52 INFO AddIdentifyResult: 14611,013287368560,-3,
2017-01-16 13:25:32 INFO AddIdentifyResult: 14611,013287368560,12,
2017-01-16 13:25:39 INFO AddIdentifyResult: 14611,013287368560,10,reg/013287368560_0116132519|reg/013287368560_0116132519|reg/013287368560_
2017-01-16 13:25:39 INFO UpdateUserState: 013287368560,1
2017-01-16 13:32:31 INFO AddIdentifyResult: 14612,013287367897,-1,
2017-01-16 13:32:40 INFO AddIdentifyResult: 14612,013287367897,-3,
2017-01-16 13:35:17 INFO AddIdentifyResult: 14612,013287367897,12,
2017-01-16 13:35:24 INFO AddIdentifyResult: 14612,013287367897,10,reg/013287367897_0116133610|reg/013287367897_0116133610|reg/013287367897_0116133407
2017-01-16 13:35:24 INFO UpdateUserState: 013287367897,1
2017-01-16 13:53:26 INFO AddIdentifyResult: 14613,013287367992,-1,
2017-01-16 13:53:33 INFO AddIdentifyResult: 14613,013287367992,-3,
2017-01-16 13:53:53 INFO AddIdentifyResult: 14613,013287367992,11,reg/013287367992_|reg/013287367992_|reg/013287367992_
2017-01-16 13:54:13 INFO AddIdentifyResult: 14614,013287367992,-1,
2017-01-16 13:54:18 INFO AddIdentifyResult: 14614,013287367992,-3,
2017-01-16 13:56:57 INFO AddIdentifyResult: 14614,013287367992,12,
2017-01-16 13:57:05 INFO AddIdentifyResult: 14614,013287367992,10,reg/013287367992_0116135738|reg/013287367992_0116135738|reg/013287367992_0116135545
2017-01-16 13:57:05 INFO UpdateUserState: 013287367992,1
2017-01-16 13:57:10 INFO AddIdentifyResult: 14615,015066058301,-1,
2017-01-16 13:57:18 INFO AddIdentifyResult: 14615,015066058301,-3,
2017-01-16 13:59:08 INFO AddIdentifyResult: 14615,015066058301,12,
2017-01-16 13:59:14 INFO AddIdentifyResult: 14615,015066058301,10,reg/015066058301_0116135845|reg/015066058301_0116135845|reg/015066058301_
2017-01-16 13:59:15 INFO UpdateUserState: 015066058301,1
2017-01-16 14:20:27 INFO AddIdentifyResult: 14616,013280323226,-1,
2017-01-16 14:20:37 INFO AddIdentifyResult: 14616,013280323226,-3,
2017-01-16 14:22:22 INFO AddIdentifyResult: 14616,013280323226,12,
2017-01-16 14:22:29 INFO AddIdentifyResult: 14616,013280323226,10,reg/013280323226_0116142321|reg/013280323226_0116142321|reg/013280323226_0116142205
2017-01-16 14:22:30 INFO UpdateUserState: 013280323226,1
2017-01-16 14:28:07 INFO AddIdentifyResult: 14617,015633286281,-1,
2017-01-16 14:28:15 INFO AddIdentifyResult: 14617,015633286281,-3,
2017-01-16 14:30:14 INFO AddIdentifyResult: 14617,015633286281,12,
2017-01-16 14:30:24 INFO AddIdentifyResult: 14617,015633286281,10,reg/015633286281_0116142942|reg/015633286281_0116142942|reg/015633286281_
2017-01-16 14:30:24 INFO UpdateUserState: 015633286281,1
2017-01-16 14:30:29 INFO AddIdentifyResult: 14618,015633286281,-1,
2017-01-16 14:30:34 INFO AddIdentifyResult: 14618,015633286281,-3,
2017-01-16 14:31:27 INFO AddIdentifyResult: 14618,015633286281,0,ver/01/16/143202_015633286281.wav
2017-01-16 14:34:50 INFO AddIdentifyResult: 14619,015632260593,-1,
2017-01-16 14:34:56 INFO AddIdentifyResult: 14619,015632260593,-3,
2017-01-16 14:36:25 INFO AddIdentifyResult: 14619,015632260593,12,
2017-01-16 14:36:31 INFO AddIdentifyResult: 14619,015632260593,10,reg/015632260593_0116143623|reg/015632260593_0116143623|reg/015632260593_
2017-01-16 14:36:32 INFO UpdateUserState: 015632260593,1
2017-01-16 14:36:46 INFO AddIdentifyResult: 14620,015632260593,-1,
2017-01-16 14:37:03 INFO AddIdentifyResult: 14620,015632260593,-3,
2017-01-16 14:37:55 INFO AddIdentifyResult: 14620,015632260593,0,ver/01/16/143831_015632260593.wav
2017-01-16 14:41:39 INFO AddIdentifyResult: 14621,015932165689,-1,
2017-01-16 14:42:31 INFO AddIdentifyResult: 14622,015931265689,-1,
2017-01-16 14:42:49 INFO AddIdentifyResult: 14622,015931265689,-3,
2017-01-16 14:44:27 INFO AddIdentifyResult: 14622,015931265689,12,
2017-01-16 14:44:34 INFO AddIdentifyResult: 14622,015931265689,10,reg/015931265689_0116144417|reg/015931265689_0116144417|reg/015931265689_
2017-01-16 14:44:34 INFO UpdateUserState: 015931265689,1
2017-01-16 14:44:47 INFO AddIdentifyResult: 14623,015931265689,-1,
2017-01-16 14:44:58 INFO AddIdentifyResult: 14623,015931265689,-3,
2017-01-16 14:45:50 INFO AddIdentifyResult: 14623,015931265689,0,ver/01/16/144626_015931265689.wav
2017-01-16 14:50:20 INFO AddIdentifyResult: 14624,015630223025,-1,
2017-01-16 14:50:26 INFO AddIdentifyResult: 14624,015630223025,-3,
2017-01-16 14:52:06 INFO AddIdentifyResult: 14624,015630223025,12,
2017-01-16 14:52:12 INFO AddIdentifyResult: 14624,015630223025,10,reg/015630223025_0116145153|reg/015630223025_0116145153|reg/015630223025_
2017-01-16 14:52:12 INFO UpdateUserState: 015630223025,1
2017-01-16 14:52:15 INFO AddIdentifyResult: 14625,015630223025,-1,
2017-01-16 14:52:20 INFO AddIdentifyResult: 14625,015630223025,-3,
2017-01-16 14:53:11 INFO AddIdentifyResult: 14625,015630223025,0,ver/01/16/145348_015630223025.wav
2017-01-16 14:53:30 INFO AddIdentifyResult: 14626,015712515735,-1,
2017-01-16 14:53:37 INFO AddIdentifyResult: 14626,015712515735,-3,
2017-01-16 14:55:11 INFO AddIdentifyResult: 14626,015712515735,12,
2017-01-16 14:55:17 INFO AddIdentifyResult: 14626,015712515735,10,reg/015712515735_0116145505|reg/015712515735_0116145505|reg/015712515735_
2017-01-16 14:55:17 INFO UpdateUserState: 015712515735,1
2017-01-16 14:55:24 INFO AddIdentifyResult: 14627,015712515735,-1,
2017-01-16 14:55:32 INFO AddIdentifyResult: 14627,015712515735,-3,
2017-01-16 14:56:24 INFO AddIdentifyResult: 14627,015712515735,0,ver/01/16/145700_015712515735.wav
2017-01-16 15:00:12 INFO AddIdentifyResult: 14628,015630803107,-1,
2017-01-16 15:00:18 INFO AddIdentifyResult: 14628,015630803107,-3,
2017-01-16 15:01:53 INFO AddIdentifyResult: 14628,015630803107,12,
2017-01-16 15:02:00 INFO AddIdentifyResult: 14628,015630803107,10,reg/015630803107_0116150145|reg/015630803107_0116150145|reg/015630803107_
2017-01-16 15:02:00 INFO UpdateUserState: 015630803107,1
2017-01-16 15:02:02 INFO AddIdentifyResult: 14629,015630803107,-1,
2017-01-16 15:02:17 INFO AddIdentifyResult: 14630,015630803107,-1,
2017-01-16 15:02:45 INFO AddIdentifyResult: 14631,015630803107,-1,
2017-01-16 15:03:35 INFO AddIdentifyResult: 14632,015630803107,-1,
2017-01-16 15:03:42 INFO AddIdentifyResult: 14632,015630803107,-3,
2017-01-16 15:04:34 INFO AddIdentifyResult: 14632,015630803107,0,ver/01/16/150510_015630803107.wav
2017-01-16 15:07:11 INFO AddIdentifyResult: 14633,015633279589,-1,
2017-01-16 15:07:16 INFO AddIdentifyResult: 14633,015633279589,-3,
2017-01-16 15:08:10 INFO AddIdentifyResult: 14634,015603282395,-1,
2017-01-16 15:08:28 INFO AddIdentifyResult: 14634,015603282395,-3,
2017-01-16 15:08:47 INFO AddIdentifyResult: 14633,015633279589,12,
2017-01-16 15:08:54 INFO AddIdentifyResult: 14633,015633279589,10,reg/015633279589_0116150843|reg/015633279589_0116150843|reg/015633279589_
2017-01-16 15:08:55 INFO UpdateUserState: 015633279589,1
2017-01-16 15:08:58 INFO AddIdentifyResult: 14635,015633279589,-1,
2017-01-16 15:09:10 INFO AddIdentifyResult: 14636,015633279589,-1,
2017-01-16 15:09:40 INFO AddIdentifyResult: 14637,015633279589,-1,
2017-01-16 15:09:47 INFO AddIdentifyResult: 14637,015633279589,-3,
2017-01-16 15:09:57 INFO AddIdentifyResult: 14634,015603282395,12,
2017-01-16 15:10:04 INFO AddIdentifyResult: 14634,015603282395,10,reg/015603282395_0116150956|reg/015603282395_0116150956|reg/015603282395_
2017-01-16 15:10:04 INFO UpdateUserState: 015603282395,1
2017-01-16 15:10:13 INFO AddIdentifyResult: 14638,015603282395,-1,
2017-01-16 15:10:22 INFO AddIdentifyResult: 14638,015603282395,-3,
2017-01-16 15:10:39 INFO AddIdentifyResult: 14637,015633279589,0,ver/01/16/151115_015633279589.wav
2017-01-16 15:11:14 INFO AddIdentifyResult: 14638,015603282395,0,ver/01/16/151150_015603282395.wav
2017-01-16 15:14:19 INFO AddIdentifyResult: 14639,015194998201,-1,
2017-01-16 15:14:27 INFO AddIdentifyResult: 14639,015194998201,-3,
2017-01-16 15:16:06 INFO AddIdentifyResult: 14639,015194998201,12,
2017-01-16 15:16:13 INFO AddIdentifyResult: 14639,015194998201,10,reg/015194998201_0116151554|reg/015194998201_0116151554|reg/015194998201_
2017-01-16 15:16:13 INFO UpdateUserState: 015194998201,1
2017-01-16 15:16:17 INFO AddIdentifyResult: 14640,015194998201,-1,
2017-01-16 15:16:25 INFO AddIdentifyResult: 14640,015194998201,-3,
2017-01-16 15:17:17 INFO AddIdentifyResult: 14640,015194998201,0,ver/01/16/151753_015194998201.wav
2017-01-16 15:18:27 INFO AddIdentifyResult: 14641,015690441906,-1,
2017-01-16 15:18:33 INFO AddIdentifyResult: 14641,015690441906,-3,
2017-01-16 15:20:06 INFO AddIdentifyResult: 14641,015690441906,12,
2017-01-16 15:20:12 INFO AddIdentifyResult: 14641,015690441906,10,reg/015690441906_0116152001|reg/015690441906_0116152001|reg/015690441906_
2017-01-16 15:20:12 INFO UpdateUserState: 015690441906,1
2017-01-16 15:20:20 INFO AddIdentifyResult: 14642,015690441906,-1,
2017-01-16 15:20:27 INFO AddIdentifyResult: 14642,015690441906,-3,
2017-01-16 15:21:19 INFO AddIdentifyResult: 14642,015690441906,0,ver/01/16/152155_015690441906.wav
2017-01-16 15:21:20 INFO AddIdentifyResult: 14643,013230226613,-1,
2017-01-16 15:21:26 INFO AddIdentifyResult: 14643,013230226613,-3,
2017-01-16 15:22:03 INFO AddIdentifyResult: 14644,013287372928,-1,
2017-01-16 15:22:11 INFO AddIdentifyResult: 14644,013287372928,-3,
2017-01-16 15:23:06 INFO AddIdentifyResult: 14643,013230226613,12,
2017-01-16 15:23:14 INFO AddIdentifyResult: 14643,013230226613,10,reg/013230226613_0116152253|reg/013230226613_0116152253|reg/013230226613_
2017-01-16 15:23:14 INFO UpdateUserState: 013230226613,1
2017-01-16 15:23:21 INFO AddIdentifyResult: 14645,013230226613,-1,
2017-01-16 15:23:31 INFO AddIdentifyResult: 14645,013230226613,-3,
2017-01-16 15:24:03 INFO AddIdentifyResult: 14644,013287372928,12,
2017-01-16 15:24:08 INFO AddIdentifyResult: 14645,013230226613,0,ver/01/16/152459_013230226613.wav
2017-01-16 15:24:12 INFO AddIdentifyResult: 14644,013287372928,10,reg/013287372928_0116152339|reg/013287372928_0116152339|reg/013287372928_
2017-01-16 15:24:12 INFO UpdateUserState: 013287372928,1
2017-01-16 15:24:14 INFO AddIdentifyResult: 14646,013784975428,-1,
2017-01-16 15:24:20 INFO AddIdentifyResult: 14646,013784975428,-3,
2017-01-16 15:26:14 INFO AddIdentifyResult: 14646,013784975428,12,
2017-01-16 15:26:21 INFO AddIdentifyResult: 14646,013784975428,10,reg/013784975428_0116152711|reg/013784975428_0116152711|reg/013784975428_0116152548
2017-01-16 15:26:21 INFO UpdateUserState: 013784975428,1
2017-01-16 15:26:26 INFO AddIdentifyResult: 14647,013784975428,-1,
2017-01-16 15:26:32 INFO AddIdentifyResult: 14647,013784975428,-3,
2017-01-16 15:26:43 INFO AddIdentifyResult: 14648,015633285719,-1,
2017-01-16 15:26:50 INFO AddIdentifyResult: 14648,015633285719,-3,
2017-01-16 15:27:24 INFO AddIdentifyResult: 14647,013784975428,0,ver/01/16/152800_013784975428.wav
2017-01-16 15:28:22 INFO AddIdentifyResult: 14648,015633285719,12,
2017-01-16 15:28:29 INFO AddIdentifyResult: 14648,015633285719,10,reg/015633285719_0116152926|reg/015633285719_0116152926|reg/015633285719_0116152817
2017-01-16 15:28:29 INFO UpdateUserState: 015633285719,1
2017-01-16 15:28:34 INFO AddIdentifyResult: 14649,015633285719,-1,
2017-01-16 15:28:47 INFO AddIdentifyResult: 14650,015690200565,-1,
2017-01-16 15:28:48 INFO AddIdentifyResult: 14651,015633285719,-1,
2017-01-16 15:29:05 INFO AddIdentifyResult: 14652,015633285719,-1,
2017-01-16 15:29:10 INFO AddIdentifyResult: 14652,015633285719,-3,
2017-01-16 15:29:25 INFO AddIdentifyResult: 14653,015690200565,-1,
2017-01-16 15:29:34 INFO AddIdentifyResult: 14653,015690200565,-3,
2017-01-16 15:29:47 INFO AddIdentifyResult: 14652,015633285719,0,ver/01/16/153038_015633285719.wav
2017-01-16 15:30:35 INFO AddIdentifyResult: 14654,013026547719,-1,
2017-01-16 15:30:42 INFO AddIdentifyResult: 14654,013026547719,-3,
2017-01-16 15:31:23 INFO AddIdentifyResult: 14653,015690200565,12,
2017-01-16 15:31:29 INFO AddIdentifyResult: 14653,015690200565,10,reg/015690200565_0116153102|reg/015690200565_0116153102|reg/015690200565_
2017-01-16 15:31:30 INFO UpdateUserState: 015690200565,1
2017-01-16 15:31:38 INFO AddIdentifyResult: 14655,015690200565,-1,
2017-01-16 15:31:55 INFO AddIdentifyResult: 14655,015690200565,-3,
2017-01-16 15:32:47 INFO AddIdentifyResult: 14655,015690200565,0,ver/01/16/153323_015690200565.wav
2017-01-16 15:33:43 INFO AddIdentifyResult: 14654,013026547719,12,
2017-01-16 15:33:51 INFO AddIdentifyResult: 14654,013026547719,10,reg/013026547719_0116153209|reg/013026547719_0116153209|reg/013026547719_
2017-01-16 15:33:51 INFO UpdateUserState: 013026547719,1
2017-01-16 15:35:50 INFO AddIdentifyResult: 14656,015194995847,-1,
2017-01-16 15:36:00 INFO AddIdentifyResult: 14656,015194995847,-3,
2017-01-16 15:38:04 INFO AddIdentifyResult: 14656,015194995847,12,
2017-01-16 15:38:11 INFO AddIdentifyResult: 14656,015194995847,10,reg/015194995847_0116153859|reg/015194995847_0116153859|reg/015194995847_0116153728
2017-01-16 15:38:11 INFO UpdateUserState: 015194995847,1
2017-01-16 15:38:15 INFO AddIdentifyResult: 14657,015194995847,-1,
2017-01-16 15:38:22 INFO AddIdentifyResult: 14657,015194995847,-3,
2017-01-16 15:39:13 INFO AddIdentifyResult: 14657,015194995847,0,ver/01/16/153950_015194995847.wav
2017-01-16 15:40:17 INFO AddIdentifyResult: 14658,015632203329,-1,
2017-01-16 15:40:26 INFO AddIdentifyResult: 14658,015632203329,-3,
2017-01-16 15:42:40 INFO AddIdentifyResult: 14658,015632203329,12,
2017-01-16 15:42:48 INFO AddIdentifyResult: 14658,015632203329,10,reg/015632203329_0116154331|reg/015632203329_0116154331|reg/015632203329_0116154153
2017-01-16 15:42:48 INFO UpdateUserState: 015632203329,1
2017-01-16 15:43:34 INFO AddIdentifyResult: 14659,015632203329,-1,
2017-01-16 15:43:48 INFO AddIdentifyResult: 14659,015632203329,-3,
2017-01-16 15:44:41 INFO AddIdentifyResult: 14659,015632203329,0,ver/01/16/154517_015632203329.wav
2017-01-16 15:48:30 INFO AddIdentifyResult: 14660,015632211079,-1,
2017-01-16 15:48:35 INFO AddIdentifyResult: 14660,015632211079,-3,
2017-01-16 15:50:57 INFO AddIdentifyResult: 14660,015632211079,12,
2017-01-16 15:51:04 INFO AddIdentifyResult: 14660,015632211079,10,reg/015632211079_0116155146|reg/015632211079_0116155146|reg/015632211079_0116155003
2017-01-16 15:51:04 INFO UpdateUserState: 015632211079,1
2017-01-16 15:51:10 INFO AddIdentifyResult: 14661,015632211079,-1,
2017-01-16 15:51:16 INFO AddIdentifyResult: 14661,015632211079,-3,
2017-01-16 15:52:08 INFO AddIdentifyResult: 14661,015632211079,0,ver/01/16/155244_015632211079.wav
2017-01-16 15:53:36 INFO AddIdentifyResult: 14662,013582625422,-1,
2017-01-16 15:53:43 INFO AddIdentifyResult: 14662,013582625422,-3,
2017-01-16 15:56:55 INFO AddIdentifyResult: 14662,013582625422,12,
2017-01-16 15:57:02 INFO AddIdentifyResult: 14662,013582625422,10,reg/013582625422_0116155738|reg/013582625422_0116155738|reg/013582625422_0116155510
2017-01-16 15:57:02 INFO UpdateUserState: 013582625422,1
2017-01-16 15:57:04 INFO AddIdentifyResult: 14663,013582625422,-1,
2017-01-16 15:57:12 INFO AddIdentifyResult: 14663,013582625422,-3,
2017-01-16 15:58:03 INFO AddIdentifyResult: 14663,013582625422,0,ver/01/16/155840_013582625422.wav
2017-01-16 16:00:52 INFO AddIdentifyResult: 14664,015632212319,-1,
2017-01-16 16:01:01 INFO AddIdentifyResult: 14664,015632212319,-3,
2017-01-16 16:04:08 INFO AddIdentifyResult: 14664,015632212319,12,
2017-01-16 16:04:15 INFO AddIdentifyResult: 14664,015632212319,10,reg/015632212319_0116160447|reg/015632212319_0116160447|reg/015632212319_0116160228
2017-01-16 16:04:15 INFO UpdateUserState: 015632212319,1
2017-01-16 16:04:33 INFO AddIdentifyResult: 14665,015632212319,-1,
2017-01-16 16:04:39 INFO AddIdentifyResult: 14665,015632212319,-3,
2017-01-16 16:05:31 INFO AddIdentifyResult: 14665,015632212319,0,ver/01/16/160607_015632212319.wav
2017-01-16 16:08:36 INFO AddIdentifyResult: 14666,015632200963,-1,
2017-01-16 16:08:52 INFO AddIdentifyResult: 14666,015632200963,-3,
2017-01-16 16:10:16 INFO AddIdentifyResult: 14666,015632200963,12,
2017-01-16 16:10:23 INFO AddIdentifyResult: 14666,015632200963,10,reg/015632200963_0116161019|reg/015632200963_0116161019|reg/015632200963_
2017-01-16 16:10:23 INFO UpdateUserState: 015632200963,1
2017-01-16 16:10:31 INFO AddIdentifyResult: 14667,015632200963,-1,
2017-01-16 16:11:29 INFO AddIdentifyResult: 14668,015632200963,-1,
2017-01-16 16:11:41 INFO AddIdentifyResult: 14668,015632200963,-3,
2017-01-16 16:12:33 INFO AddIdentifyResult: 14668,015632200963,0,ver/01/16/161309_015632200963.wav
2017-01-16 16:14:58 INFO AddIdentifyResult: 14669,015933467187,-1,
2017-01-16 16:15:15 INFO AddIdentifyResult: 14669,015933467187,-3,
2017-01-16 16:15:20 INFO AddIdentifyResult: 14670,017831010951,-1,
2017-01-16 16:15:40 INFO AddIdentifyResult: 14670,017831010951,-3,
2017-01-16 16:16:01 INFO AddIdentifyResult: 14669,015933467187,11,reg/015933467187_|reg/015933467187_|reg/015933467187_
2017-01-16 16:16:31 INFO AddIdentifyResult: 14671,015933467187,-1,
2017-01-16 16:16:38 INFO AddIdentifyResult: 14671,015933467187,-3,
2017-01-16 16:17:16 INFO AddIdentifyResult: 14670,017831010951,12,
2017-01-16 16:17:23 INFO AddIdentifyResult: 14670,017831010951,10,reg/017831010951_0116161707|reg/017831010951_0116161707|reg/017831010951_
2017-01-16 16:17:23 INFO UpdateUserState: 017831010951,1
2017-01-16 16:17:35 INFO AddIdentifyResult: 14672,017831010951,-1,
2017-01-16 16:17:45 INFO AddIdentifyResult: 14672,017831010951,-3,
2017-01-16 16:18:37 INFO AddIdentifyResult: 14672,017831010951,0,ver/01/16/161913_017831010951.wav
2017-01-16 16:21:16 INFO AddIdentifyResult: 14671,015933467187,12,
2017-01-16 16:21:24 INFO AddIdentifyResult: 14671,015933467187,10,reg/015933467187_0116162148|reg/015933467187_0116162148|reg/015933467187_0116161806
2017-01-16 16:21:24 INFO UpdateUserState: 015933467187,1
2017-01-16 16:21:27 INFO AddIdentifyResult: 14673,015933467187,-1,
2017-01-16 16:21:33 INFO AddIdentifyResult: 14673,015933467187,-3,
2017-01-16 16:22:06 INFO AddIdentifyResult: 14674,015633280829,-1,
2017-01-16 16:22:13 INFO AddIdentifyResult: 14674,015633280829,-3,
2017-01-16 16:23:23 INFO AddIdentifyResult: 14673,015933467187,0,ver/01/16/162414_015933467187.wav
2017-01-16 16:24:13 INFO AddIdentifyResult: 14674,015633280829,12,
2017-01-16 16:24:20 INFO AddIdentifyResult: 14674,015633280829,10,reg/015633280829_0116162340|reg/015633280829_0116162340|reg/015633280829_
2017-01-16 16:24:20 INFO UpdateUserState: 015633280829,1
2017-01-16 16:24:35 INFO AddIdentifyResult: 14675,015633280829,-1,
2017-01-16 16:24:36 INFO AddIdentifyResult: 14676,015630223728,-1,
2017-01-16 16:24:41 INFO AddIdentifyResult: 14676,015630223728,-3,
2017-01-16 16:24:41 INFO AddIdentifyResult: 14675,015633280829,-3,
2017-01-16 16:25:33 INFO AddIdentifyResult: 14675,015633280829,0,ver/01/16/162609_015633280829.wav
2017-01-16 16:26:21 INFO AddIdentifyResult: 14676,015630223728,12,
2017-01-16 16:26:28 INFO AddIdentifyResult: 14676,015630223728,10,reg/015630223728_0116162609|reg/015630223728_0116162609|reg/015630223728_
2017-01-16 16:26:29 INFO UpdateUserState: 015630223728,1
2017-01-16 16:26:35 INFO AddIdentifyResult: 14677,015630223728,-1,
2017-01-16 16:26:50 INFO AddIdentifyResult: 14678,015630223728,-1,
2017-01-16 16:26:55 INFO AddIdentifyResult: 14678,015630223728,-3,
2017-01-16 16:27:47 INFO AddIdentifyResult: 14678,015630223728,0,ver/01/16/162823_015630223728.wav
2017-01-16 16:29:15 INFO AddIdentifyResult: 14679,015633285978,-1,
2017-01-16 16:29:20 INFO AddIdentifyResult: 14679,015633285978,-3,
2017-01-16 16:31:13 INFO AddIdentifyResult: 14679,015633285978,12,
2017-01-16 16:31:20 INFO AddIdentifyResult: 14679,015633285978,10,reg/015633285978_0116163048|reg/015633285978_0116163048|reg/015633285978_
2017-01-16 16:31:20 INFO UpdateUserState: 015633285978,1
2017-01-16 16:31:40 INFO AddIdentifyResult: 14680,015633285978,-1,
2017-01-16 16:31:59 INFO AddIdentifyResult: 14681,015633285978,-1,
2017-01-16 16:32:26 INFO AddIdentifyResult: 14682,015633285978,-1,
2017-01-16 16:33:23 INFO AddIdentifyResult: 14683,015633285978,-1,
2017-01-16 16:33:29 INFO AddIdentifyResult: 14683,015633285978,-3,
2017-01-16 16:34:21 INFO AddIdentifyResult: 14683,015633285978,0,ver/01/16/163457_015633285978.wav
