2017-02-26 13:54:04 INFO AddIdentifyResult: 18704,013276475229,-1,
2017-02-26 13:54:11 INFO AddIdentifyResult: 18704,013276475229,-3,
2017-02-26 13:56:04 INFO AddIdentifyResult: 18704,013276475229,12,
2017-02-26 13:56:12 INFO AddIdentifyResult: 18704,013276475229,10,reg/013276475229_0226135639|reg/013276475229_0226135639|reg/013276475229_
2017-02-26 13:56:13 INFO UpdateUserState: 013276475229,1
2017-02-26 13:56:55 INFO AddIdentifyResult: 18705,013276475229,-1,
2017-02-26 13:57:01 INFO AddIdentifyResult: 18705,013276475229,-3,
2017-02-26 13:57:53 INFO AddIdentifyResult: 18705,013276475229,0,ver/02/26/135929_013276475229.wav
2017-02-26 14:02:14 INFO AddIdentifyResult: 18706,013280321328,-1,
2017-02-26 14:02:19 INFO AddIdentifyResult: 18706,013280321328,-3,
2017-02-26 14:04:01 INFO AddIdentifyResult: 18706,013280321328,12,
2017-02-26 14:04:07 INFO AddIdentifyResult: 18706,013280321328,10,reg/013280321328_0226140555|reg/013280321328_0226140555|reg/013280321328_0226140446
2017-02-26 14:04:08 INFO UpdateUserState: 013280321328,1
2017-02-26 14:04:56 INFO AddIdentifyResult: 18707,013280321328,-1,
2017-02-26 14:05:02 INFO AddIdentifyResult: 18707,013280321328,-3,
2017-02-26 14:05:53 INFO AddIdentifyResult: 18707,013280321328,0,ver/02/26/140730_013280321328.wav
2017-02-26 14:30:39 INFO AddIdentifyResult: 18708,013245462925,-1,
2017-02-26 14:31:28 INFO AddIdentifyResult: 18709,013245465925,-1,
2017-02-26 14:31:34 INFO AddIdentifyResult: 18709,013245465925,-3,
2017-02-26 14:33:18 INFO AddIdentifyResult: 18709,013245465925,12,
2017-02-26 14:33:25 INFO AddIdentifyResult: 18709,013245465925,10,reg/013245465925_0226143402|reg/013245465925_0226143402|reg/013245465925_
2017-02-26 14:33:25 INFO UpdateUserState: 013245465925,1
2017-02-26 14:33:40 INFO AddIdentifyResult: 18710,013245465925,-1,
2017-02-26 14:33:48 INFO AddIdentifyResult: 18710,013245465925,-3,
2017-02-26 14:34:39 INFO AddIdentifyResult: 18710,013245465925,0,ver/02/26/143616_013245465925.wav
2017-02-26 14:37:57 INFO AddIdentifyResult: 18711,013290317959,-1,
2017-02-26 14:38:02 INFO AddIdentifyResult: 18711,013290317959,-3,
2017-02-26 14:40:11 INFO AddIdentifyResult: 18711,013290317959,12,
2017-02-26 14:40:17 INFO AddIdentifyResult: 18711,013290317959,10,reg/013290317959_0226144202|reg/013290317959_0226144202|reg/013290317959_0226144030
2017-02-26 14:40:18 INFO UpdateUserState: 013290317959,1
2017-02-26 14:40:37 INFO AddIdentifyResult: 18712,013290317959,-1,
2017-02-26 14:40:45 INFO AddIdentifyResult: 18712,013290317959,-3,
2017-02-26 14:41:36 INFO AddIdentifyResult: 18712,013290317959,0,ver/02/26/144313_013290317959.wav
2017-02-26 14:50:52 INFO AddIdentifyResult: 18713,013245461093,-1,
2017-02-26 14:51:03 INFO AddIdentifyResult: 18713,013245461093,-3,
2017-02-26 14:52:44 INFO AddIdentifyResult: 18714,013255630969,-1,
2017-02-26 14:52:52 INFO AddIdentifyResult: 18714,013255630969,-3,
2017-02-26 14:53:18 INFO AddIdentifyResult: 18713,013245461093,12,
2017-02-26 14:53:26 INFO AddIdentifyResult: 18713,013245461093,10,reg/013245461093_0226145331|reg/013245461093_0226145331|reg/013245461093_
2017-02-26 14:53:26 INFO UpdateUserState: 013245461093,1
2017-02-26 14:53:57 INFO AddIdentifyResult: 18715,013245461093,-1,
2017-02-26 14:54:06 INFO AddIdentifyResult: 18715,013245461093,-3,
2017-02-26 14:54:56 INFO AddIdentifyResult: 18714,013255630969,12,
2017-02-26 14:54:58 INFO AddIdentifyResult: 18715,013245461093,0,ver/02/26/145635_013245461093.wav
2017-02-26 14:55:04 INFO AddIdentifyResult: 18714,013255630969,10,reg/013255630969_0226145520|reg/013255630969_0226145520|reg/013255630969_
2017-02-26 14:55:04 INFO UpdateUserState: 013255630969,1
2017-02-26 14:55:31 INFO AddIdentifyResult: 18716,013255630969,-1,
2017-02-26 14:55:38 INFO AddIdentifyResult: 18716,013255630969,-3,
2017-02-26 14:56:30 INFO AddIdentifyResult: 18716,013255630969,0,ver/02/26/145806_013255630969.wav
2017-02-26 14:57:54 INFO AddIdentifyResult: 18717,013287306189,-1,
2017-02-26 14:58:02 INFO AddIdentifyResult: 18717,013287306189,-3,
2017-02-26 14:58:26 INFO AddIdentifyResult: 18718,013406122915,-1,
2017-02-26 14:58:33 INFO AddIdentifyResult: 18718,013406122915,-3,
2017-02-26 15:00:02 INFO AddIdentifyResult: 18718,013406122915,12,
2017-02-26 15:00:08 INFO AddIdentifyResult: 18718,013406122915,10,reg/013406122915_0226150101|reg/013406122915_0226150101|reg/013406122915_
2017-02-26 15:00:08 INFO UpdateUserState: 013406122915,1
2017-02-26 15:00:19 INFO AddIdentifyResult: 18717,013287306189,12,
2017-02-26 15:00:26 INFO AddIdentifyResult: 18717,013287306189,10,reg/013287306189_0226150030|reg/013287306189_0226150030|reg/013287306189_
2017-02-26 15:00:26 INFO UpdateUserState: 013287306189,1
2017-02-26 15:00:34 INFO AddIdentifyResult: 18719,013406122915,-1,
2017-02-26 15:00:43 INFO AddIdentifyResult: 18720,013287306189,-1,
2017-02-26 15:00:49 INFO AddIdentifyResult: 18719,013406122915,-3,
2017-02-26 15:00:50 INFO AddIdentifyResult: 18720,013287306189,-3,
2017-02-26 15:01:41 INFO AddIdentifyResult: 18719,013406122915,0,ver/02/26/150317_013406122915.wav
2017-02-26 15:01:42 INFO AddIdentifyResult: 18720,013287306189,0,ver/02/26/150319_013287306189.wav
2017-02-26 15:06:39 INFO AddIdentifyResult: 18721,013220518103,-1,
2017-02-26 15:06:45 INFO AddIdentifyResult: 18721,013220518103,-3,
2017-02-26 15:07:17 INFO AddIdentifyResult: 18722,013287332120,-1,
2017-02-26 15:07:28 INFO AddIdentifyResult: 18722,013287332120,-3,
2017-02-26 15:08:51 INFO AddIdentifyResult: 18721,013220518103,12,
2017-02-26 15:08:59 INFO AddIdentifyResult: 18721,013220518103,10,reg/013220518103_0226150913|reg/013220518103_0226150913|reg/013220518103_
2017-02-26 15:08:59 INFO UpdateUserState: 013220518103,1
2017-02-26 15:09:17 INFO AddIdentifyResult: 18722,013287332120,12,
2017-02-26 15:09:24 INFO AddIdentifyResult: 18722,013287332120,10,reg/013287332120_0226150956|reg/013287332120_0226150956|reg/013287332120_
2017-02-26 15:09:25 INFO UpdateUserState: 013287332120,1
2017-02-26 15:09:52 INFO AddIdentifyResult: 18723,013287332120,-1,
2017-02-26 15:09:59 INFO AddIdentifyResult: 18723,013287332120,-3,
2017-02-26 15:10:51 INFO AddIdentifyResult: 18723,013287332120,0,ver/02/26/151228_013287332120.wav
2017-02-26 15:11:57 INFO AddIdentifyResult: 18724,013210342813,-1,
2017-02-26 15:12:02 INFO AddIdentifyResult: 18724,013210342813,-3,
2017-02-26 15:13:53 INFO AddIdentifyResult: 18724,013210342813,12,
2017-02-26 15:14:01 INFO AddIdentifyResult: 18724,013210342813,10,reg/013210342813_0226151430|reg/013210342813_0226151430|reg/013210342813_
2017-02-26 15:14:01 INFO UpdateUserState: 013210342813,1
2017-02-26 15:15:02 INFO AddIdentifyResult: 18725,013561054229,-1,
2017-02-26 15:15:09 INFO AddIdentifyResult: 18725,013561054229,-3,
2017-02-26 15:17:12 INFO AddIdentifyResult: 18725,013561054229,12,
2017-02-26 15:17:19 INFO AddIdentifyResult: 18725,013561054229,10,reg/013561054229_0226151745|reg/013561054229_0226151745|reg/013561054229_0226151737
2017-02-26 15:17:19 INFO UpdateUserState: 013561054229,1
2017-02-26 15:17:49 INFO AddIdentifyResult: 18726,013678611470,-1,
2017-02-26 15:17:49 INFO AddIdentifyResult: 18727,013561054229,-1,
2017-02-26 15:17:56 INFO AddIdentifyResult: 18726,013678611470,-3,
2017-02-26 15:17:57 INFO AddIdentifyResult: 18727,013561054229,-3,
2017-02-26 15:18:48 INFO AddIdentifyResult: 18727,013561054229,0,ver/02/26/152025_013561054229.wav
2017-02-26 15:19:36 INFO AddIdentifyResult: 18726,013678611470,12,
2017-02-26 15:19:44 INFO AddIdentifyResult: 18726,013678611470,10,reg/013678611470_0226152024|reg/013678611470_0226152024|reg/013678611470_
2017-02-26 15:19:44 INFO UpdateUserState: 013678611470,1
2017-02-26 15:24:07 INFO AddIdentifyResult: 18728,013225468206,-1,
2017-02-26 15:24:12 INFO AddIdentifyResult: 18728,013225468206,-3,
2017-02-26 15:26:11 INFO AddIdentifyResult: 18728,013225468206,12,
2017-02-26 15:26:18 INFO AddIdentifyResult: 18728,013225468206,10,reg/013225468206_0226152802|reg/013225468206_0226152802|reg/013225468206_0226152640
2017-02-26 15:26:18 INFO UpdateUserState: 013225468206,1
2017-02-26 15:26:38 INFO AddIdentifyResult: 18729,013225468206,-1,
2017-02-26 15:26:44 INFO AddIdentifyResult: 18729,013225468206,-3,
2017-02-26 15:27:36 INFO AddIdentifyResult: 18729,013225468206,0,ver/02/26/152913_013225468206.wav
2017-02-26 15:30:33 INFO AddIdentifyResult: 18730,015965454603,-1,
2017-02-26 15:30:41 INFO AddIdentifyResult: 18730,015965454603,-3,
2017-02-26 15:32:56 INFO AddIdentifyResult: 18730,015965454603,12,
2017-02-26 15:33:04 INFO AddIdentifyResult: 18730,015965454603,10,reg/015965454603_0226153309|reg/015965454603_0226153309|reg/015965454603_
2017-02-26 15:33:04 INFO UpdateUserState: 015965454603,1
2017-02-26 15:57:50 INFO AddIdentifyResult: 18731,013287331570,-1,
2017-02-26 15:57:59 INFO AddIdentifyResult: 18731,013287331570,-3,
2017-02-26 15:59:38 INFO AddIdentifyResult: 18731,013287331570,12,
2017-02-26 15:59:44 INFO AddIdentifyResult: 18731,013287331570,10,reg/013287331570_0226160027|reg/013287331570_0226160027|reg/013287331570_
2017-02-26 15:59:45 INFO UpdateUserState: 013287331570,1
2017-02-26 16:00:20 INFO AddIdentifyResult: 18732,013287331570,-1,
2017-02-26 16:00:38 INFO AddIdentifyResult: 18732,013287331570,-3,
2017-02-26 16:01:30 INFO AddIdentifyResult: 18732,013287331570,0,ver/02/26/160306_013287331570.wav
2017-02-26 16:01:48 INFO AddIdentifyResult: 18733,013255467916,-1,
2017-02-26 16:02:17 INFO AddIdentifyResult: 18734,013255467916,-1,
2017-02-26 16:03:07 INFO AddIdentifyResult: 18735,013255467916,-1,
2017-02-26 16:04:03 INFO AddIdentifyResult: 18736,013255467916,-1,
2017-02-26 16:05:50 INFO AddIdentifyResult: 18737,013255467916,-1,
2017-02-26 16:07:49 INFO AddIdentifyResult: 18738,013287330353,-1,
2017-02-26 16:07:53 INFO AddIdentifyResult: 18739,013255467916,-1,
2017-02-26 16:08:18 INFO AddIdentifyResult: 18740,013255467916,-1,
2017-02-26 16:08:31 INFO AddIdentifyResult: 18740,013255467916,-3,
2017-02-26 16:10:54 INFO AddIdentifyResult: 18741,013287330353,-1,
2017-02-26 16:10:57 INFO AddIdentifyResult: 18740,013255467916,12,
2017-02-26 16:11:05 INFO AddIdentifyResult: 18740,013255467916,10,reg/013255467916_0226161059|reg/013255467916_0226161059|reg/013255467916_
2017-02-26 16:11:05 INFO UpdateUserState: 013255467916,1
2017-02-26 16:11:07 INFO AddIdentifyResult: 18741,013287330353,-3,
2017-02-26 16:13:01 INFO AddIdentifyResult: 18741,013287330353,12,
2017-02-26 16:13:09 INFO AddIdentifyResult: 18741,013287330353,10,reg/013287330353_0226161335|reg/013287330353_0226161335|reg/013287330353_
2017-02-26 16:13:09 INFO UpdateUserState: 013287330353,1
2017-02-26 16:13:36 INFO AddIdentifyResult: 18742,013287330353,-1,
2017-02-26 16:13:45 INFO AddIdentifyResult: 18742,013287330353,-3,
2017-02-26 16:14:36 INFO AddIdentifyResult: 18742,013287330353,0,ver/02/26/161613_013287330353.wav
2017-02-26 16:27:40 INFO AddIdentifyResult: 18743,013285465859,-1,
2017-02-26 16:27:48 INFO AddIdentifyResult: 18743,013285465859,-3,
2017-02-26 16:29:11 INFO AddIdentifyResult: 18743,013285465859,12,
2017-02-26 16:29:18 INFO AddIdentifyResult: 18743,013285465859,10,reg/013285465859_0226163016|reg/013285465859_0226163016|reg/013285465859_
2017-02-26 16:29:18 INFO UpdateUserState: 013285465859,1
2017-02-26 16:30:56 INFO AddIdentifyResult: 18744,015166261756,-1,
2017-02-26 16:31:03 INFO AddIdentifyResult: 18744,015166261756,-3,
2017-02-26 16:32:26 INFO AddIdentifyResult: 18744,015166261756,12,
2017-02-26 16:32:33 INFO AddIdentifyResult: 18744,015166261756,10,reg/015166261756_0226163331|reg/015166261756_0226163331|reg/015166261756_
2017-02-26 16:32:33 INFO UpdateUserState: 015166261756,1
2017-02-26 16:32:49 INFO AddIdentifyResult: 18745,015166261756,-1,
2017-02-26 16:32:56 INFO AddIdentifyResult: 18745,015166261756,-3,
2017-02-26 16:33:48 INFO AddIdentifyResult: 18745,015166261756,0,ver/02/26/163525_015166261756.wav
2017-02-26 16:35:28 INFO AddIdentifyResult: 18746,013210353691,-1,
2017-02-26 16:35:35 INFO AddIdentifyResult: 18746,013210353691,-3,
2017-02-26 16:38:43 INFO AddIdentifyResult: 18746,013210353691,12,
2017-02-26 16:38:50 INFO AddIdentifyResult: 18746,013210353691,10,reg/013210353691_0226164011|reg/013210353691_0226164011|reg/013210353691_0226163804
2017-02-26 16:38:50 INFO UpdateUserState: 013210353691,1
2017-02-26 16:49:29 INFO AddIdentifyResult: 18747,013255632209,-1,
2017-02-26 16:49:34 INFO AddIdentifyResult: 18747,013255632209,-3,
2017-02-26 16:51:48 INFO AddIdentifyResult: 18747,013255632209,12,
2017-02-26 16:51:56 INFO AddIdentifyResult: 18747,013255632209,10,reg/013255632209_0226165202|reg/013255632209_0226165202|reg/013255632209_
2017-02-26 16:51:56 INFO UpdateUserState: 013255632209,1
2017-02-26 16:57:43 INFO AddIdentifyResult: 18748,013210355579,-1,
2017-02-26 16:57:57 INFO AddIdentifyResult: 18748,013210355579,-3,
2017-02-26 16:59:38 INFO AddIdentifyResult: 18748,013210355579,12,
2017-02-26 16:59:45 INFO AddIdentifyResult: 18748,013210355579,10,reg/013210355579_0226170025|reg/013210355579_0226170025|reg/013210355579_
2017-02-26 16:59:45 INFO UpdateUserState: 013210355579,1
2017-02-26 17:02:52 INFO AddIdentifyResult: 18749,013255469079,-1,
2017-02-26 17:02:59 INFO AddIdentifyResult: 18749,013255469079,-3,
2017-02-26 17:04:22 INFO AddIdentifyResult: 18749,013255469079,11,reg/013255469079_|reg/013255469079_|reg/013255469079_
2017-02-26 17:04:31 INFO AddIdentifyResult: 18750,013255469079,-1,
2017-02-26 17:04:42 INFO AddIdentifyResult: 18750,013255469079,-3,
2017-02-26 17:06:33 INFO AddIdentifyResult: 18750,013255469079,12,
2017-02-26 17:06:39 INFO AddIdentifyResult: 18750,013255469079,10,reg/013255469079_0226170827|reg/013255469079_0226170827|reg/013255469079_0226170710
2017-02-26 17:06:39 INFO UpdateUserState: 013255469079,1
2017-02-26 17:06:50 INFO AddIdentifyResult: 18751,013255469079,-1,
2017-02-26 17:06:56 INFO AddIdentifyResult: 18751,013255469079,-3,
2017-02-26 17:07:47 INFO AddIdentifyResult: 18751,013255469079,0,ver/02/26/170924_013255469079.wav
2017-02-26 17:09:17 INFO AddIdentifyResult: 18752,013255618652,-1,
2017-02-26 17:09:24 INFO AddIdentifyResult: 18752,013255618652,-3,
2017-02-26 17:09:48 INFO AddIdentifyResult: 0,18972643659,1,
2017-02-26 17:10:06 INFO AddIdentifyResult: 0,18972643659,1,
2017-02-26 17:11:08 INFO AddIdentifyResult: 18752,013255618652,12,
2017-02-26 17:11:14 INFO AddIdentifyResult: 18752,013255618652,10,reg/013255618652_0226171158|reg/013255618652_0226171158|reg/013255618652_
2017-02-26 17:11:14 INFO UpdateUserState: 013255618652,1
2017-02-26 17:14:16 INFO AddIdentifyResult: 18754,013210359681,-1,
2017-02-26 17:14:22 INFO AddIdentifyResult: 18754,013210359681,-3,
2017-02-26 17:14:33 INFO AddIdentifyResult: 18755,013210359681,-1,
2017-02-26 17:14:36 INFO AddIdentifyResult: 18754,013210359681,11,reg/013210359681_|reg/013210359681_|reg/013210359681_
2017-02-26 17:14:41 INFO AddIdentifyResult: 18755,013210359681,-3,
2017-02-26 17:16:21 INFO AddIdentifyResult: 18755,013210359681,12,
2017-02-26 17:16:28 INFO AddIdentifyResult: 18755,013210359681,10,reg/013210359681_0226171709|reg/013210359681_0226171709|reg/013210359681_
2017-02-26 17:16:28 INFO UpdateUserState: 013210359681,1
2017-02-26 17:18:21 INFO AddIdentifyResult: 18756,013220528229,-1,
2017-02-26 17:18:28 INFO AddIdentifyResult: 18756,013220528229,-3,
2017-02-26 17:20:09 INFO AddIdentifyResult: 18756,013220528229,12,
2017-02-26 17:20:16 INFO AddIdentifyResult: 18756,013220528229,10,reg/013220528229_0226172056|reg/013220528229_0226172056|reg/013220528229_
2017-02-26 17:20:16 INFO UpdateUserState: 013220528229,1
2017-02-26 17:23:01 INFO AddIdentifyResult: 18757,013255466202,-1,
2017-02-26 17:23:06 INFO AddIdentifyResult: 18757,013255466202,-3,
2017-02-26 17:24:52 INFO AddIdentifyResult: 18757,013255466202,12,
2017-02-26 17:24:59 INFO AddIdentifyResult: 18757,013255466202,10,reg/013255466202_0226172535|reg/013255466202_0226172535|reg/013255466202_
2017-02-26 17:24:59 INFO UpdateUserState: 013255466202,1
2017-02-26 17:28:24 INFO AddIdentifyResult: 18758,013210355001,-1,
2017-02-26 17:28:29 INFO AddIdentifyResult: 18758,013210355001,-3,
2017-02-26 17:30:18 INFO AddIdentifyResult: 18758,013210355001,12,
2017-02-26 17:30:25 INFO AddIdentifyResult: 18758,013210355001,10,reg/013210355001_0226173214|reg/013210355001_0226173214|reg/013210355001_0226173057
2017-02-26 17:30:26 INFO UpdateUserState: 013210355001,1
2017-02-26 17:34:23 INFO AddIdentifyResult: 18759,013255463509,-1,
2017-02-26 17:34:27 INFO AddIdentifyResult: 18759,013255463509,-3,
2017-02-26 17:34:53 INFO AddIdentifyResult: 18759,013255463509,11,reg/013255463509_|reg/013255463509_|reg/013255463509_
2017-02-26 17:35:05 INFO AddIdentifyResult: 18760,013255463509,-1,
2017-02-26 17:35:10 INFO AddIdentifyResult: 18760,013255463509,-3,
2017-02-26 17:37:16 INFO AddIdentifyResult: 18760,013255463509,12,
2017-02-26 17:37:23 INFO AddIdentifyResult: 18760,013255463509,10,reg/013255463509_0226173738|reg/013255463509_0226173738|reg/013255463509_
2017-02-26 17:37:23 INFO UpdateUserState: 013255463509,1
2017-02-26 19:49:25 INFO AddIdentifyResult: 0,013287330353,1,
