2017-01-26 08:46:10 INFO AddIdentifyResult: 15187,013349709771,-1,
2017-01-26 08:46:23 INFO AddIdentifyResult: 15187,013349709771,-3,
2017-01-26 08:47:59 INFO AddIdentifyResult: 15187,013349709771,11,reg/013349709771_|reg/013349709771_|reg/013349709771_
2017-01-26 08:48:24 INFO AddIdentifyResult: 15188,013349709771,-1,
2017-01-26 08:48:34 INFO AddIdentifyResult: 15188,013349709771,-3,
2017-01-26 08:50:02 INFO AddIdentifyResult: 15188,013349709771,12,
2017-01-26 08:50:09 INFO AddIdentifyResult: 15188,013349709771,10,reg/013349709771_0126085044|reg/013349709771_0126085044|reg/013349709771_
2017-01-26 08:50:09 INFO UpdateUserState: 013349709771,1
2017-01-26 08:50:18 INFO AddIdentifyResult: 15189,013349709771,-1,
2017-01-26 08:50:24 INFO AddIdentifyResult: 15189,013349709771,-3,
2017-01-26 08:51:16 INFO AddIdentifyResult: 15189,013349709771,0,ver/01/26/085235_013349709771.wav
2017-01-26 09:47:03 INFO AddIdentifyResult: 15190,018986934831,-1,
2017-01-26 09:47:35 INFO AddIdentifyResult: 15191,018986934831,-1,
2017-01-26 09:48:37 INFO AddIdentifyResult: 15192,018986934831,-1,
2017-01-26 09:48:55 INFO AddIdentifyResult: 15192,018986934831,-3,
2017-01-26 09:51:55 INFO AddIdentifyResult: 15192,018986934831,11,reg/018986934831_|reg/018986934831_|reg/018986934831_
2017-01-26 09:52:13 INFO AddIdentifyResult: 15193,018986934831,-1,
2017-01-26 09:52:28 INFO AddIdentifyResult: 15193,018986934831,-3,
2017-01-26 09:55:06 INFO AddIdentifyResult: 15193,018986934831,11,reg/018986934831_|reg/018986934831_|reg/018986934831_
2017-01-26 09:55:23 INFO AddIdentifyResult: 15194,018986934831,-1,
2017-01-26 09:55:44 INFO AddIdentifyResult: 15194,018986934831,-3,
2017-01-26 09:58:01 INFO AddIdentifyResult: 15194,018986934831,11,reg/018986934831_|reg/018986934831_|reg/018986934831_
