2017-02-21 08:17:15 INFO AddIdentifyResult: 17882,015671775370,-1,
2017-02-21 08:17:23 INFO AddIdentifyResult: 17882,015671775370,-3,
2017-02-21 08:18:14 INFO AddIdentifyResult: 17882,015671775370,11,reg/015671775370_|reg/015671775370_|reg/015671775370_
2017-02-21 08:18:31 INFO AddIdentifyResult: 17883,015671775370,-1,
2017-02-21 08:18:49 INFO AddIdentifyResult: 17884,015671775370,-1,
2017-02-21 08:18:53 INFO AddIdentifyResult: 17884,015671775370,-3,
2017-02-21 08:19:09 INFO AddIdentifyResult: 17884,015671775370,11,reg/015671775370_|reg/015671775370_|reg/015671775370_
2017-02-21 08:19:13 INFO AddIdentifyResult: 17885,015671775370,-1,
2017-02-21 08:19:19 INFO AddIdentifyResult: 17885,015671775370,-3,
2017-02-21 08:20:40 INFO AddIdentifyResult: 17885,015671775370,12,
2017-02-21 08:20:46 INFO AddIdentifyResult: 17885,015671775370,10,reg/015671775370_0221082123|reg/015671775370_0221082123|reg/015671775370_
2017-02-21 08:20:47 INFO UpdateUserState: 015671775370,1
2017-02-21 08:21:41 INFO AddIdentifyResult: 17886,015671775320,-1,
2017-02-21 08:21:51 INFO AddIdentifyResult: 17886,015671775320,-3,
2017-02-21 08:23:39 INFO AddIdentifyResult: 17886,015671775320,12,
2017-02-21 08:23:47 INFO AddIdentifyResult: 17886,015671775320,10,reg/015671775320_0221082513|reg/015671775320_0221082513|reg/015671775320_0221082356
2017-02-21 08:23:47 INFO UpdateUserState: 015671775320,1
2017-02-21 08:26:18 INFO AddIdentifyResult: 17887,015671767803,-1,
2017-02-21 08:26:29 INFO AddIdentifyResult: 17887,015671767803,-3,
2017-02-21 08:29:26 INFO AddIdentifyResult: 17887,015671767803,12,
2017-02-21 08:29:33 INFO AddIdentifyResult: 17887,015671767803,10,reg/015671767803_0221083043|reg/015671767803_0221083043|reg/015671767803_0221082833
2017-02-21 08:29:33 INFO UpdateUserState: 015671767803,1
2017-02-21 08:33:20 INFO AddIdentifyResult: 17888,0154671770631,-1,
2017-02-21 08:34:06 INFO AddIdentifyResult: 17889,015671770631,-1,
2017-02-21 08:34:15 INFO AddIdentifyResult: 17889,015671770631,-3,
2017-02-21 08:35:54 INFO AddIdentifyResult: 17889,015671770631,12,
2017-02-21 08:36:01 INFO AddIdentifyResult: 17889,015671770631,10,reg/015671770631_0221083743|reg/015671770631_0221083743|reg/015671770631_0221083619
2017-02-21 08:36:01 INFO UpdateUserState: 015671770631,1
2017-02-21 08:37:32 INFO AddIdentifyResult: 17890,015671770332,-1,
2017-02-21 08:37:41 INFO AddIdentifyResult: 17890,015671770332,-3,
2017-02-21 08:38:18 INFO AddIdentifyResult: 17890,015671770332,11,reg/015671770332_|reg/015671770332_|reg/015671770332_
2017-02-21 08:38:56 INFO AddIdentifyResult: 17891,015671770332,-1,
2017-02-21 08:39:04 INFO AddIdentifyResult: 17891,015671770332,-3,
2017-02-21 08:41:05 INFO AddIdentifyResult: 17891,015671770332,12,
2017-02-21 08:41:12 INFO AddIdentifyResult: 17891,015671770332,10,reg/015671770332_0221084244|reg/015671770332_0221084244|reg/015671770332_0221084109
2017-02-21 08:41:12 INFO UpdateUserState: 015671770332,1
2017-02-21 08:44:09 INFO AddIdentifyResult: 17892,015671768917,-1,
2017-02-21 08:44:14 INFO AddIdentifyResult: 17892,015671768917,-3,
2017-02-21 08:46:09 INFO AddIdentifyResult: 17892,015671768917,12,
2017-02-21 08:46:16 INFO AddIdentifyResult: 17892,015671768917,10,reg/015671768917_0221084748|reg/015671768917_0221084748|reg/015671768917_0221084619
2017-02-21 08:46:16 INFO UpdateUserState: 015671768917,1
2017-02-21 08:47:25 INFO AddIdentifyResult: 17893,015671770337,-1,
2017-02-21 08:47:35 INFO AddIdentifyResult: 17893,015671770337,-3,
2017-02-21 08:48:58 INFO AddIdentifyResult: 17893,015671770337,12,
2017-02-21 08:49:05 INFO AddIdentifyResult: 17893,015671770337,10,reg/015671770337_0221084940|reg/015671770337_0221084940|reg/015671770337_
2017-02-21 08:49:05 INFO UpdateUserState: 015671770337,1
2017-02-21 08:50:16 INFO AddIdentifyResult: 17894,015671771350,-1,
2017-02-21 08:50:25 INFO AddIdentifyResult: 17894,015671771350,-3,
2017-02-21 08:52:43 INFO AddIdentifyResult: 17894,015671771350,12,
2017-02-21 08:52:49 INFO AddIdentifyResult: 17894,015671771350,10,reg/015671771350_0221085420|reg/015671771350_0221085420|reg/015671771350_0221085229
2017-02-21 08:52:50 INFO UpdateUserState: 015671771350,1
2017-02-21 08:54:56 INFO AddIdentifyResult: 17895,015671770280,-1,
2017-02-21 08:55:03 INFO AddIdentifyResult: 17895,015671770280,-3,
2017-02-21 08:55:22 INFO AddIdentifyResult: 17895,015671770280,11,reg/015671770280_|reg/015671770280_|reg/015671770280_
2017-02-21 08:55:30 INFO AddIdentifyResult: 17896,015671770280,-1,
2017-02-21 08:55:35 INFO AddIdentifyResult: 17896,015671770280,-3,
2017-02-21 08:56:04 INFO AddIdentifyResult: 17896,015671770280,11,reg/015671770280_|reg/015671770280_|reg/015671770280_
2017-02-21 08:56:12 INFO AddIdentifyResult: 17897,015671770280,-1,
2017-02-21 08:56:29 INFO AddIdentifyResult: 17897,015671770280,-3,
2017-02-21 08:58:12 INFO AddIdentifyResult: 17897,015671770280,12,
2017-02-21 08:58:18 INFO AddIdentifyResult: 17897,015671770280,10,reg/015671770280_0221085954|reg/015671770280_0221085954|reg/015671770280_0221085834
2017-02-21 08:58:19 INFO UpdateUserState: 015671770280,1
2017-02-21 08:59:58 INFO AddIdentifyResult: 17898,015671771371,-1,
2017-02-21 09:00:09 INFO AddIdentifyResult: 17898,015671771371,-3,
2017-02-21 09:01:44 INFO AddIdentifyResult: 17898,015671771371,12,
2017-02-21 09:01:51 INFO AddIdentifyResult: 17898,015671771371,10,reg/015671771371_0221090319|reg/015671771371_0221090319|reg/015671771371_0221090214
2017-02-21 09:01:51 INFO UpdateUserState: 015671771371,1
2017-02-21 09:04:20 INFO AddIdentifyResult: 17899,015671766105,-1,
2017-02-21 09:04:28 INFO AddIdentifyResult: 17899,015671766105,-3,
2017-02-21 09:04:47 INFO AddIdentifyResult: 17899,015671766105,11,reg/015671766105_|reg/015671766105_|reg/015671766105_
2017-02-21 09:04:56 INFO AddIdentifyResult: 17900,015671766105,-1,
2017-02-21 09:05:04 INFO AddIdentifyResult: 17900,015671766105,-3,
2017-02-21 09:06:45 INFO AddIdentifyResult: 17900,015671766105,12,
2017-02-21 09:06:53 INFO AddIdentifyResult: 17900,015671766105,10,reg/015671766105_0221090709|reg/015671766105_0221090709|reg/015671766105_
2017-02-21 09:06:53 INFO UpdateUserState: 015671766105,1
2017-02-21 09:08:09 INFO AddIdentifyResult: 17901,015671770070,-1,
2017-02-21 09:08:20 INFO AddIdentifyResult: 17901,015671770070,-3,
2017-02-21 09:09:43 INFO AddIdentifyResult: 17902,015572887062,-1,
2017-02-21 09:09:48 INFO AddIdentifyResult: 17901,015671770070,12,
2017-02-21 09:09:49 INFO AddIdentifyResult: 17902,015572887062,-3,
2017-02-21 09:09:55 INFO AddIdentifyResult: 17901,015671770070,10,reg/015671770070_0221091025|reg/015671770070_0221091025|reg/015671770070_
2017-02-21 09:09:55 INFO UpdateUserState: 015671770070,1
2017-02-21 09:10:18 INFO AddIdentifyResult: 17902,015572887062,11,reg/015572887062_|reg/015572887062_|reg/015572887062_
2017-02-21 09:11:08 INFO AddIdentifyResult: 17903,015572887062,-1,
2017-02-21 09:11:15 INFO AddIdentifyResult: 17903,015572887062,-3,
2017-02-21 09:13:59 INFO AddIdentifyResult: 17903,015572887062,12,
2017-02-21 09:14:05 INFO AddIdentifyResult: 17903,015572887062,10,reg/015572887062_0221091340|reg/015572887062_0221091340|reg/015572887062_0221091320
2017-02-21 09:14:06 INFO UpdateUserState: 015572887062,1
2017-02-21 09:14:22 INFO AddIdentifyResult: 17904,015572887062,-1,
2017-02-21 09:14:29 INFO AddIdentifyResult: 17905,015671771397,-1,
2017-02-21 09:14:31 INFO AddIdentifyResult: 17904,015572887062,-3,
2017-02-21 09:14:36 INFO AddIdentifyResult: 17905,015671771397,-3,
2017-02-21 09:15:39 INFO AddIdentifyResult: 17904,015572887062,1,ver/02/21/091653_015572887062.wav
2017-02-21 09:15:58 INFO AddIdentifyResult: 17905,015671771397,12,
2017-02-21 09:16:04 INFO AddIdentifyResult: 17905,015671771397,10,reg/015671771397_0221091640|reg/015671771397_0221091640|reg/015671771397_
2017-02-21 09:16:05 INFO UpdateUserState: 015671771397,1
2017-02-21 09:16:28 INFO AddIdentifyResult: 17906,015572887062,-1,
2017-02-21 09:16:33 INFO AddIdentifyResult: 17904,015572887062,0,ver/02/21/091746_015572887062.wav
2017-02-21 09:25:00 INFO AddIdentifyResult: 17907,015697236595,-1,
2017-02-21 09:25:15 INFO AddIdentifyResult: 17908,015697236595,-1,
2017-02-21 09:25:20 INFO AddIdentifyResult: 17908,015697236595,-3,
2017-02-21 09:28:11 INFO AddIdentifyResult: 17908,015697236595,12,
2017-02-21 09:28:18 INFO AddIdentifyResult: 17908,015697236595,10,reg/015697236595_0221092932|reg/015697236595_0221092932|reg/015697236595_0221092725
2017-02-21 09:28:18 INFO UpdateUserState: 015697236595,1
2017-02-21 09:28:51 INFO AddIdentifyResult: 17909,015671761753,-1,
2017-02-21 09:29:03 INFO AddIdentifyResult: 17909,015671761753,-3,
2017-02-21 09:29:15 INFO AddIdentifyResult: 17909,015671761753,11,reg/015671761753_|reg/015671761753_|reg/015671761753_
2017-02-21 09:29:28 INFO AddIdentifyResult: 17910,015671761753,-1,
2017-02-21 09:29:37 INFO AddIdentifyResult: 17910,015671761753,-3,
2017-02-21 09:29:55 INFO AddIdentifyResult: 17911,18972676065,-1,
2017-02-21 09:30:04 INFO AddIdentifyResult: 17911,18972676065,-3,
2017-02-21 09:31:23 INFO AddIdentifyResult: 17910,015671761753,12,
2017-02-21 09:31:30 INFO AddIdentifyResult: 17910,015671761753,10,reg/015671761753_0221093303|reg/015671761753_0221093303|reg/015671761753_0221093142
2017-02-21 09:31:30 INFO UpdateUserState: 015671761753,1
2017-02-21 09:32:25 INFO AddIdentifyResult: 17911,18972676065,12,
2017-02-21 09:32:34 INFO AddIdentifyResult: 17911,18972676065,10,reg/18972676065_0221093209|reg/18972676065_0221093209|reg/18972676065_
2017-02-21 09:32:34 INFO UpdateUserState: 18972676065,1
2017-02-21 09:32:45 INFO AddIdentifyResult: 17912,015671755563,-1,
2017-02-21 09:32:53 INFO AddIdentifyResult: 17912,015671755563,-3,
2017-02-21 09:35:00 INFO AddIdentifyResult: 17912,015671755563,12,
2017-02-21 09:35:06 INFO AddIdentifyResult: 17912,015671755563,10,reg/015671755563_0221093641|reg/015671755563_0221093641|reg/015671755563_0221093458
2017-02-21 09:35:07 INFO UpdateUserState: 015671755563,1
2017-02-21 09:36:32 INFO AddIdentifyResult: 17913,015671759327,-1,
2017-02-21 09:36:38 INFO AddIdentifyResult: 17913,015671759327,-3,
2017-02-21 09:38:03 INFO AddIdentifyResult: 17913,015671759327,12,
2017-02-21 09:38:09 INFO AddIdentifyResult: 17913,015671759327,10,reg/015671759327_0221093843|reg/015671759327_0221093843|reg/015671759327_
2017-02-21 09:38:09 INFO UpdateUserState: 015671759327,1
2017-02-21 09:40:11 INFO AddIdentifyResult: 17914,015671761890,-1,
2017-02-21 09:40:17 INFO AddIdentifyResult: 17914,015671761890,-3,
2017-02-21 09:40:37 INFO AddIdentifyResult: 17914,015671761890,11,reg/015671761890_|reg/015671761890_|reg/015671761890_
2017-02-21 09:40:49 INFO AddIdentifyResult: 17915,015671761890,-1,
2017-02-21 09:40:55 INFO AddIdentifyResult: 17915,015671761890,-3,
2017-02-21 09:42:47 INFO AddIdentifyResult: 17915,015671761890,12,
2017-02-21 09:42:54 INFO AddIdentifyResult: 17915,015671761890,10,reg/015671761890_0221094427|reg/015671761890_0221094427|reg/015671761890_0221094300
2017-02-21 09:42:54 INFO UpdateUserState: 015671761890,1
2017-02-21 09:44:14 INFO AddIdentifyResult: 17916,015671755807,-1,
2017-02-21 09:44:21 INFO AddIdentifyResult: 17916,015671755807,-3,
2017-02-21 09:46:05 INFO AddIdentifyResult: 17916,015671755807,12,
2017-02-21 09:46:12 INFO AddIdentifyResult: 17916,015671755807,10,reg/015671755807_0221094744|reg/015671755807_0221094744|reg/015671755807_0221094626
2017-02-21 09:46:12 INFO UpdateUserState: 015671755807,1
2017-02-21 09:48:04 INFO AddIdentifyResult: 17917,015671758667,-1,
2017-02-21 09:48:09 INFO AddIdentifyResult: 17917,015671758667,-3,
2017-02-21 09:48:32 INFO AddIdentifyResult: 17917,015671758667,11,reg/015671758667_|reg/015671758667_|reg/015671758667_
2017-02-21 09:48:43 INFO AddIdentifyResult: 17918,015671758667,-1,
2017-02-21 09:48:48 INFO AddIdentifyResult: 17919,015176285999,-1,
2017-02-21 09:48:54 INFO AddIdentifyResult: 17918,015671758667,-3,
2017-02-21 09:49:00 INFO AddIdentifyResult: 17919,015176285999,-3,
2017-02-21 09:50:22 INFO AddIdentifyResult: 17918,015671758667,12,
2017-02-21 09:50:28 INFO AddIdentifyResult: 17918,015671758667,10,reg/015671758667_0221095059|reg/015671758667_0221095059|reg/015671758667_
2017-02-21 09:50:28 INFO UpdateUserState: 015671758667,1
2017-02-21 09:50:31 INFO AddIdentifyResult: 17919,015176285999,12,
2017-02-21 09:50:38 INFO AddIdentifyResult: 17919,015176285999,10,reg/015176285999_0221095105|reg/015176285999_0221095105|reg/015176285999_
2017-02-21 09:50:38 INFO UpdateUserState: 015176285999,1
2017-02-21 09:50:52 INFO AddIdentifyResult: 17920,015176285999,-1,
2017-02-21 09:51:03 INFO AddIdentifyResult: 17920,015176285999,-3,
2017-02-21 09:51:55 INFO AddIdentifyResult: 17920,015176285999,0,ver/02/21/095308_015176285999.wav
2017-02-21 09:53:55 INFO AddIdentifyResult: 17921,015690438580,-1,
2017-02-21 09:54:01 INFO AddIdentifyResult: 17922,015671759272,-1,
2017-02-21 09:54:13 INFO AddIdentifyResult: 17922,015671759272,-3,
2017-02-21 09:54:17 INFO AddIdentifyResult: 17923,015690438580,-1,
2017-02-21 09:54:24 INFO AddIdentifyResult: 17923,015690438580,-3,
2017-02-21 09:55:51 INFO AddIdentifyResult: 17923,015690438580,12,
2017-02-21 09:55:58 INFO AddIdentifyResult: 17923,015690438580,10,reg/015690438580_0221095629|reg/015690438580_0221095629|reg/015690438580_
2017-02-21 09:55:58 INFO UpdateUserState: 015690438580,1
2017-02-21 09:56:03 INFO AddIdentifyResult: 17922,015671759272,12,
2017-02-21 09:56:10 INFO AddIdentifyResult: 17922,015671759272,10,reg/015671759272_0221095744|reg/015671759272_0221095744|reg/015671759272_0221095618
2017-02-21 09:56:10 INFO UpdateUserState: 015671759272,1
2017-02-21 09:56:13 INFO AddIdentifyResult: 17924,015690438580,-1,
2017-02-21 09:56:19 INFO AddIdentifyResult: 17924,015690438580,-3,
2017-02-21 09:57:11 INFO AddIdentifyResult: 17924,015690438580,0,ver/02/21/095824_015690438580.wav
2017-02-21 09:57:18 INFO AddIdentifyResult: 17925,015572887915,-1,
2017-02-21 09:57:51 INFO AddIdentifyResult: 17926,015572887915,-1,
2017-02-21 09:58:02 INFO AddIdentifyResult: 17926,015572887915,-3,
2017-02-21 09:59:07 INFO AddIdentifyResult: 17927,015629709670,-1,
2017-02-21 09:59:12 INFO AddIdentifyResult: 17927,015629709670,-3,
2017-02-21 09:59:32 INFO AddIdentifyResult: 17926,015572887915,12,
2017-02-21 09:59:40 INFO AddIdentifyResult: 17926,015572887915,10,reg/015572887915_0221100007|reg/015572887915_0221100007|reg/015572887915_
2017-02-21 09:59:40 INFO UpdateUserState: 015572887915,1
2017-02-21 09:59:46 INFO AddIdentifyResult: 17928,015572887915,-1,
2017-02-21 09:59:57 INFO AddIdentifyResult: 17928,015572887915,-3,
2017-02-21 10:00:06 INFO AddIdentifyResult: 17929,015511239601,-1,
2017-02-21 10:00:11 INFO AddIdentifyResult: 17929,015511239601,-3,
2017-02-21 10:00:39 INFO AddIdentifyResult: 17927,015629709670,12,
2017-02-21 10:00:46 INFO AddIdentifyResult: 17927,015629709670,10,reg/015629709670_0221100117|reg/015629709670_0221100117|reg/015629709670_
2017-02-21 10:00:46 INFO UpdateUserState: 015629709670,1
2017-02-21 10:00:49 INFO AddIdentifyResult: 17928,015572887915,0,ver/02/21/100202_015572887915.wav
2017-02-21 10:01:38 INFO AddIdentifyResult: 17929,015511239601,12,
2017-02-21 10:01:45 INFO AddIdentifyResult: 17929,015511239601,10,reg/015511239601_0221100216|reg/015511239601_0221100216|reg/015511239601_
2017-02-21 10:01:46 INFO UpdateUserState: 015511239601,1
2017-02-21 10:01:55 INFO AddIdentifyResult: 17930,015511239601,-1,
2017-02-21 10:01:58 INFO AddIdentifyResult: 17931,015671759127,-1,
2017-02-21 10:02:00 INFO AddIdentifyResult: 17930,015511239601,-3,
2017-02-21 10:02:05 INFO AddIdentifyResult: 17931,015671759127,-3,
2017-02-21 10:02:21 INFO AddIdentifyResult: 17931,015671759127,11,reg/015671759127_|reg/015671759127_|reg/015671759127_
2017-02-21 10:02:52 INFO AddIdentifyResult: 17930,015511239601,0,ver/02/21/100405_015511239601.wav
2017-02-21 10:04:22 INFO AddIdentifyResult: 17932,015172099199,-1,
2017-02-21 10:04:32 INFO AddIdentifyResult: 17933,015172099199,-1,
2017-02-21 10:04:38 INFO AddIdentifyResult: 17934,015671759127,-1,
2017-02-21 10:04:46 INFO AddIdentifyResult: 17934,015671759127,-3,
2017-02-21 10:05:12 INFO AddIdentifyResult: 17932,015172099199,-3,
2017-02-21 10:05:19 INFO AddIdentifyResult: 17932,015172099199,11,reg/015172099199_|reg/015172099199_|reg/015172099199_
2017-02-21 10:06:13 INFO AddIdentifyResult: 17934,015671759127,12,
2017-02-21 10:06:20 INFO AddIdentifyResult: 17934,015671759127,10,reg/015671759127_0221100651|reg/015671759127_0221100651|reg/015671759127_
2017-02-21 10:06:20 INFO UpdateUserState: 015671759127,1
2017-02-21 10:07:13 INFO AddIdentifyResult: 17935,015915351792,-1,
2017-02-21 10:07:51 INFO AddIdentifyResult: 17935,015915351792,-3,
2017-02-21 10:08:21 INFO AddIdentifyResult: 17935,015915351792,11,reg/015915351792_|reg/015915351792_|reg/015915351792_
2017-02-21 10:08:36 INFO AddIdentifyResult: 17936,013670282914,-1,
2017-02-21 10:08:52 INFO AddIdentifyResult: 17936,013670282914,-3,
2017-02-21 10:10:24 INFO AddIdentifyResult: 17936,013670282914,12,
2017-02-21 10:10:31 INFO AddIdentifyResult: 17936,013670282914,10,reg/013670282914_0221101118|reg/013670282914_0221101118|reg/013670282914_0221101057
2017-02-21 10:10:31 INFO UpdateUserState: 013670282914,1
2017-02-21 10:16:08 INFO AddIdentifyResult: 17937,015671760737,-1,
2017-02-21 10:16:15 INFO AddIdentifyResult: 17937,015671760737,-3,
2017-02-21 10:18:37 INFO AddIdentifyResult: 17937,015671760737,12,
2017-02-21 10:18:43 INFO AddIdentifyResult: 17937,015671760737,10,reg/015671760737_0221102011|reg/015671760737_0221102011|reg/015671760737_0221101820
2017-02-21 10:18:44 INFO UpdateUserState: 015671760737,1
2017-02-21 10:20:47 INFO AddIdentifyResult: 17938,018086335434,-1,
2017-02-21 10:20:55 INFO AddIdentifyResult: 17938,018086335434,-3,
2017-02-21 10:20:57 INFO AddIdentifyResult: 17938,018086335434,11,reg/018086335434_|reg/018086335434_|reg/018086335434_
2017-02-21 10:21:03 INFO AddIdentifyResult: 17939,018086335434,-1,
2017-02-21 10:21:09 INFO AddIdentifyResult: 17939,018086335434,-3,
2017-02-21 10:23:00 INFO AddIdentifyResult: 17939,018086335434,12,
2017-02-21 10:23:08 INFO AddIdentifyResult: 17939,018086335434,10,reg/018086335434_0221102314|reg/018086335434_0221102314|reg/018086335434_
2017-02-21 10:23:08 INFO UpdateUserState: 018086335434,1
2017-02-21 10:24:26 INFO AddIdentifyResult: 17940,015671761103,-1,
2017-02-21 10:24:32 INFO AddIdentifyResult: 17940,015671761103,-3,
2017-02-21 10:25:55 INFO AddIdentifyResult: 17940,015671761103,12,
2017-02-21 10:26:02 INFO AddIdentifyResult: 17940,015671761103,10,reg/015671761103_0221102637|reg/015671761103_0221102637|reg/015671761103_
2017-02-21 10:26:02 INFO UpdateUserState: 015671761103,1
2017-02-21 10:31:28 INFO AddIdentifyResult: 17941,015671752707,-1,
2017-02-21 10:31:36 INFO AddIdentifyResult: 17941,015671752707,-3,
2017-02-21 10:33:02 INFO AddIdentifyResult: 17941,015671752707,12,
2017-02-21 10:33:08 INFO AddIdentifyResult: 17941,015671752707,10,reg/015671752707_0221103341|reg/015671752707_0221103341|reg/015671752707_
2017-02-21 10:33:09 INFO UpdateUserState: 015671752707,1
2017-02-21 10:35:42 INFO AddIdentifyResult: 17942,015671757061,-1,
2017-02-21 10:35:55 INFO AddIdentifyResult: 17942,015671757061,-3,
2017-02-21 10:37:22 INFO AddIdentifyResult: 17942,015671757061,12,
2017-02-21 10:37:28 INFO AddIdentifyResult: 17942,015671757061,10,reg/015671757061_0221103800|reg/015671757061_0221103800|reg/015671757061_
2017-02-21 10:37:29 INFO UpdateUserState: 015671757061,1
2017-02-21 10:39:02 INFO AddIdentifyResult: 17943,014671761232,-1,
2017-02-21 10:49:20 INFO AddIdentifyResult: 17944,013597658737,-1,
2017-02-21 10:49:29 INFO AddIdentifyResult: 17944,013597658737,-3,
2017-02-21 10:52:04 INFO AddIdentifyResult: 17944,013597658737,12,
2017-02-21 10:52:11 INFO AddIdentifyResult: 17944,013597658737,10,reg/013597658737_0221105334|reg/013597658737_0221105334|reg/013597658737_0221105134
2017-02-21 10:52:12 INFO UpdateUserState: 013597658737,1
2017-02-21 10:54:21 INFO AddIdentifyResult: 17945,015671761232,-1,
2017-02-21 10:54:29 INFO AddIdentifyResult: 17945,015671761232,-3,
2017-02-21 10:56:11 INFO AddIdentifyResult: 17945,015671761232,12,
2017-02-21 10:56:18 INFO AddIdentifyResult: 17945,015671761232,10,reg/015671761232_0221105758|reg/015671761232_0221105758|reg/015671761232_0221105634
2017-02-21 10:56:18 INFO UpdateUserState: 015671761232,1
2017-02-21 10:57:28 INFO AddIdentifyResult: 17946,015671762672,-1,
2017-02-21 10:57:36 INFO AddIdentifyResult: 17946,015671762672,-3,
2017-02-21 10:59:24 INFO AddIdentifyResult: 17946,015671762672,12,
2017-02-21 10:59:31 INFO AddIdentifyResult: 17946,015671762672,10,reg/015671762672_0221110104|reg/015671762672_0221110104|reg/015671762672_0221105941
2017-02-21 10:59:32 INFO UpdateUserState: 015671762672,1
2017-02-21 11:02:15 INFO AddIdentifyResult: 17947,015697237223,-1,
2017-02-21 11:02:31 INFO AddIdentifyResult: 17947,015697237223,-3,
2017-02-21 11:04:56 INFO AddIdentifyResult: 17947,015697237223,12,
2017-02-21 11:05:03 INFO AddIdentifyResult: 17947,015697237223,10,reg/015697237223_0221110625|reg/015697237223_0221110625|reg/015697237223_0221110436
2017-02-21 11:05:03 INFO UpdateUserState: 015697237223,1
2017-02-21 11:06:20 INFO AddIdentifyResult: 17948,018872187901,-1,
2017-02-21 11:06:37 INFO AddIdentifyResult: 17948,018872187901,-3,
2017-02-21 11:08:04 INFO AddIdentifyResult: 17948,018872187901,12,
2017-02-21 11:08:11 INFO AddIdentifyResult: 17948,018872187901,10,reg/018872187901_0221110842|reg/018872187901_0221110842|reg/018872187901_
2017-02-21 11:08:11 INFO UpdateUserState: 018872187901,1
2017-02-21 11:08:13 INFO AddIdentifyResult: 17949,015572883721,-1,
2017-02-21 11:08:23 INFO AddIdentifyResult: 17949,015572883721,-3,
2017-02-21 11:09:45 INFO AddIdentifyResult: 17950,015671757203,-1,
2017-02-21 11:09:55 INFO AddIdentifyResult: 17949,015572883721,12,
2017-02-21 11:09:57 INFO AddIdentifyResult: 17950,015671757203,-3,
2017-02-21 11:10:02 INFO AddIdentifyResult: 17949,015572883721,10,reg/015572883721_0221111028|reg/015572883721_0221111028|reg/015572883721_
2017-02-21 11:10:02 INFO UpdateUserState: 015572883721,1
2017-02-21 11:10:12 INFO AddIdentifyResult: 17951,015572883721,-1,
2017-02-21 11:10:12 INFO AddIdentifyResult: 17950,015671757203,11,reg/015671757203_|reg/015671757203_|reg/015671757203_
2017-02-21 11:10:19 INFO AddIdentifyResult: 17951,015572883721,-3,
2017-02-21 11:10:26 INFO AddIdentifyResult: 17952,015671757203,-1,
2017-02-21 11:10:34 INFO AddIdentifyResult: 17952,015671757203,-3,
2017-02-21 11:11:12 INFO AddIdentifyResult: 17951,015572883721,0,ver/02/21/111225_015572883721.wav
2017-02-21 11:11:17 INFO AddIdentifyResult: 17952,015671757203,11,reg/015671757203_|reg/015671757203_|reg/015671757203_
2017-02-21 11:11:28 INFO AddIdentifyResult: 17953,015671757203,-1,
2017-02-21 11:11:42 INFO AddIdentifyResult: 17953,015671757203,-3,
2017-02-21 11:13:07 INFO AddIdentifyResult: 17953,015671757203,12,
2017-02-21 11:13:13 INFO AddIdentifyResult: 17953,015671757203,10,reg/015671757203_0221111347|reg/015671757203_0221111347|reg/015671757203_
2017-02-21 11:13:14 INFO UpdateUserState: 015671757203,1
2017-02-21 11:13:54 INFO AddIdentifyResult: 17954,015671760373,-1,
2017-02-21 11:14:02 INFO AddIdentifyResult: 17954,015671760373,-3,
2017-02-21 11:16:00 INFO AddIdentifyResult: 17954,015671760373,12,
2017-02-21 11:16:07 INFO AddIdentifyResult: 17954,015671760373,10,reg/015671760373_0221111731|reg/015671760373_0221111731|reg/015671760373_0221111607
2017-02-21 11:16:07 INFO UpdateUserState: 015671760373,1
2017-02-21 11:16:27 INFO AddIdentifyResult: 17955,015972366443,-1,
2017-02-21 11:17:57 INFO AddIdentifyResult: 17956,015334282462,-1,
2017-02-21 11:18:05 INFO AddIdentifyResult: 17956,015334282462,-3,
2017-02-21 11:19:33 INFO AddIdentifyResult: 17956,015334282462,12,
2017-02-21 11:19:39 INFO AddIdentifyResult: 17956,015334282462,10,reg/015334282462_0221112010|reg/015334282462_0221112010|reg/015334282462_
2017-02-21 11:19:39 INFO UpdateUserState: 015334282462,1
2017-02-21 11:20:03 INFO AddIdentifyResult: 17957,015671750607,-1,
2017-02-21 11:20:19 INFO AddIdentifyResult: 17957,015671750607,-3,
2017-02-21 11:21:45 INFO AddIdentifyResult: 17957,015671750607,12,
2017-02-21 11:21:52 INFO AddIdentifyResult: 17957,015671750607,10,reg/015671750607_0221112224|reg/015671750607_0221112224|reg/015671750607_
2017-02-21 11:21:52 INFO UpdateUserState: 015671750607,1
2017-02-21 11:22:29 INFO AddIdentifyResult: 17958,018872758675,-1,
2017-02-21 11:22:40 INFO AddIdentifyResult: 17958,018872758675,-3,
2017-02-21 11:24:09 INFO AddIdentifyResult: 17958,018872758675,12,
2017-02-21 11:24:16 INFO AddIdentifyResult: 17958,018872758675,10,reg/018872758675_0221112445|reg/018872758675_0221112445|reg/018872758675_
2017-02-21 11:24:16 INFO UpdateUserState: 018872758675,1
2017-02-21 11:26:35 INFO AddIdentifyResult: 17959,015671755261,-1,
2017-02-21 11:26:48 INFO AddIdentifyResult: 17959,015671755261,-3,
2017-02-21 11:28:16 INFO AddIdentifyResult: 17959,015671755261,12,
2017-02-21 11:28:23 INFO AddIdentifyResult: 17959,015671755261,10,reg/015671755261_0221112853|reg/015671755261_0221112853|reg/015671755261_
2017-02-21 11:28:23 INFO UpdateUserState: 015671755261,1
2017-02-21 11:29:01 INFO AddIdentifyResult: 17960,015671761052,-1,
2017-02-21 11:29:15 INFO AddIdentifyResult: 17960,015671761052,-3,
2017-02-21 11:30:43 INFO AddIdentifyResult: 17960,015671761052,12,
2017-02-21 11:30:50 INFO AddIdentifyResult: 17960,015671761052,10,reg/015671761052_0221113120|reg/015671761052_0221113120|reg/015671761052_
2017-02-21 11:30:50 INFO UpdateUserState: 015671761052,1
2017-02-21 11:32:40 INFO AddIdentifyResult: 17961,015671763980,-1,
2017-02-21 11:33:31 INFO AddIdentifyResult: 17962,015671763980,-1,
2017-02-21 11:33:43 INFO AddIdentifyResult: 17962,015671763980,-3,
2017-02-21 11:35:23 INFO AddIdentifyResult: 17962,015671763980,12,
2017-02-21 11:35:30 INFO AddIdentifyResult: 17962,015671763980,10,reg/015671763980_0221113702|reg/015671763980_0221113702|reg/015671763980_0221113548
2017-02-21 11:35:30 INFO UpdateUserState: 015671763980,1
2017-02-21 11:38:15 INFO AddIdentifyResult: 17963,014708268549,-1,
2017-02-21 11:39:20 INFO AddIdentifyResult: 17964,018381103749,-1,
2017-02-21 11:39:28 INFO AddIdentifyResult: 17964,018381103749,-3,
2017-02-21 11:41:34 INFO AddIdentifyResult: 17964,018381103749,12,
2017-02-21 11:41:40 INFO AddIdentifyResult: 17964,018381103749,10,reg/018381103749_0221114309|reg/018381103749_0221114309|reg/018381103749_0221114134
2017-02-21 11:41:41 INFO UpdateUserState: 018381103749,1
2017-02-21 11:42:00 INFO AddIdentifyResult: 17965,015671756253,-1,
2017-02-21 11:42:17 INFO AddIdentifyResult: 17965,015671756253,-3,
2017-02-21 11:42:33 INFO AddIdentifyResult: 17965,015671756253,11,reg/015671756253_|reg/015671756253_|reg/015671756253_
2017-02-21 11:42:53 INFO AddIdentifyResult: 17966,015671756253,-1,
2017-02-21 11:43:01 INFO AddIdentifyResult: 17966,015671756253,-3,
2017-02-21 11:44:30 INFO AddIdentifyResult: 17966,015671756253,12,
2017-02-21 11:44:37 INFO AddIdentifyResult: 17966,015671756253,10,reg/015671756253_0221114506|reg/015671756253_0221114506|reg/015671756253_
2017-02-21 11:44:37 INFO UpdateUserState: 015671756253,1
2017-02-21 11:45:02 INFO AddIdentifyResult: 17967,015697237191,-1,
2017-02-21 11:45:17 INFO AddIdentifyResult: 17967,015697237191,-3,
2017-02-21 11:46:43 INFO AddIdentifyResult: 17967,015697237191,12,
2017-02-21 11:46:51 INFO AddIdentifyResult: 17967,015697237191,10,reg/015697237191_0221114722|reg/015697237191_0221114722|reg/015697237191_
2017-02-21 11:46:51 INFO UpdateUserState: 015697237191,1
2017-02-21 11:47:22 INFO AddIdentifyResult: 17968,017082679159,-1,
2017-02-21 11:47:48 INFO AddIdentifyResult: 17968,017082679159,-3,
2017-02-21 11:48:02 INFO AddIdentifyResult: 17968,017082679159,11,reg/017082679159_|reg/017082679159_|reg/017082679159_
2017-02-21 11:48:18 INFO AddIdentifyResult: 17969,017082679159,-1,
2017-02-21 11:48:25 INFO AddIdentifyResult: 17969,017082679159,-3,
2017-02-21 11:48:55 INFO AddIdentifyResult: 17969,017082679159,11,reg/017082679159_|reg/017082679159_|reg/017082679159_
2017-02-21 11:49:11 INFO AddIdentifyResult: 17970,017082679159,-1,
2017-02-21 11:49:18 INFO AddIdentifyResult: 17970,017082679159,-3,
2017-02-21 11:50:44 INFO AddIdentifyResult: 17970,017082679159,12,
2017-02-21 11:50:51 INFO AddIdentifyResult: 17970,017082679159,10,reg/017082679159_0221115124|reg/017082679159_0221115124|reg/017082679159_
2017-02-21 11:50:51 INFO UpdateUserState: 017082679159,1
2017-02-21 11:51:18 INFO AddIdentifyResult: 17971,015671755397,-1,
2017-02-21 11:51:26 INFO AddIdentifyResult: 17971,015671755397,-3,
2017-02-21 11:52:49 INFO AddIdentifyResult: 17971,015671755397,12,
2017-02-21 11:52:56 INFO AddIdentifyResult: 17971,015671755397,10,reg/015671755397_0221115331|reg/015671755397_0221115331|reg/015671755397_
2017-02-21 11:52:57 INFO UpdateUserState: 015671755397,1
2017-02-21 11:53:57 INFO AddIdentifyResult: 17972,013527883318,-1,
2017-02-21 11:54:07 INFO AddIdentifyResult: 17972,013527883318,-3,
2017-02-21 11:54:14 INFO AddIdentifyResult: 17972,013527883318,11,reg/013527883318_|reg/013527883318_|reg/013527883318_
2017-02-21 11:55:07 INFO AddIdentifyResult: 17973,015327883318,-1,
2017-02-21 11:55:22 INFO AddIdentifyResult: 17973,015327883318,-3,
2017-02-21 11:55:36 INFO AddIdentifyResult: 17973,015327883318,11,reg/015327883318_|reg/015327883318_|reg/015327883318_
2017-02-21 11:55:43 INFO AddIdentifyResult: 17974,015327883318,-1,
2017-02-21 11:56:57 INFO AddIdentifyResult: 17975,015327883318,-1,
2017-02-21 11:57:05 INFO AddIdentifyResult: 17975,015327883318,-3,
2017-02-21 11:57:23 INFO AddIdentifyResult: 17975,015327883318,11,reg/015327883318_|reg/015327883318_|reg/015327883318_
2017-02-21 11:57:45 INFO AddIdentifyResult: 17976,015327883318,-1,
2017-02-21 11:57:58 INFO AddIdentifyResult: 17976,015327883318,-3,
2017-02-21 11:58:26 INFO AddIdentifyResult: 17976,015327883318,11,reg/015327883318_|reg/015327883318_|reg/015327883318_
2017-02-21 11:58:31 INFO AddIdentifyResult: 17977,017767704419,-1,
2017-02-21 11:58:38 INFO AddIdentifyResult: 17977,017767704419,-3,
2017-02-21 11:59:01 INFO AddIdentifyResult: 17978,015671760352,-1,
2017-02-21 11:59:10 INFO AddIdentifyResult: 17978,015671760352,-3,
2017-02-21 11:59:25 INFO AddIdentifyResult: 17978,015671760352,11,reg/015671760352_|reg/015671760352_|reg/015671760352_
2017-02-21 11:59:34 INFO AddIdentifyResult: 17979,015671760352,-1,
2017-02-21 11:59:41 INFO AddIdentifyResult: 17979,015671760352,-3,
2017-02-21 12:00:48 INFO AddIdentifyResult: 17977,017767704419,12,
2017-02-21 12:00:55 INFO AddIdentifyResult: 17977,017767704419,10,reg/017767704419_0221120210|reg/017767704419_0221120210|reg/017767704419_0221120043
2017-02-21 12:00:56 INFO UpdateUserState: 017767704419,1
2017-02-21 12:01:07 INFO AddIdentifyResult: 17979,015671760352,12,
2017-02-21 12:01:14 INFO AddIdentifyResult: 17979,015671760352,10,reg/015671760352_0221120146|reg/015671760352_0221120146|reg/015671760352_
2017-02-21 12:01:14 INFO UpdateUserState: 015671760352,1
2017-02-21 12:01:15 INFO AddIdentifyResult: 17980,017767704419,-1,
2017-02-21 12:01:24 INFO AddIdentifyResult: 17980,017767704419,-3,
2017-02-21 12:01:41 INFO AddIdentifyResult: 17981,015671763793,-1,
2017-02-21 12:01:59 INFO AddIdentifyResult: 17981,015671763793,-3,
2017-02-21 12:02:16 INFO AddIdentifyResult: 17980,017767704419,0,ver/02/21/120330_017767704419.wav
2017-02-21 12:03:30 INFO AddIdentifyResult: 17981,015671763793,11,reg/015671763793_|reg/015671763793_|reg/015671763793_
2017-02-21 12:03:39 INFO AddIdentifyResult: 17982,015671763793,-1,
2017-02-21 12:03:58 INFO AddIdentifyResult: 17983,015671763793,-1,
2017-02-21 12:04:08 INFO AddIdentifyResult: 17983,015671763793,-3,
2017-02-21 12:05:40 INFO AddIdentifyResult: 17983,015671763793,12,
2017-02-21 12:05:48 INFO AddIdentifyResult: 17983,015671763793,10,reg/015671763793_0221120613|reg/015671763793_0221120613|reg/015671763793_
2017-02-21 12:05:48 INFO UpdateUserState: 015671763793,1
2017-02-21 12:07:40 INFO AddIdentifyResult: 17984,015671762610,-1,
2017-02-21 12:07:44 INFO AddIdentifyResult: 17984,015671762610,-3,
2017-02-21 12:10:06 INFO AddIdentifyResult: 17984,015671762610,12,
2017-02-21 12:10:12 INFO AddIdentifyResult: 17984,015671762610,10,reg/015671762610_0221121135|reg/015671762610_0221121135|reg/015671762610_0221120949
2017-02-21 12:10:13 INFO UpdateUserState: 015671762610,1
2017-02-21 12:11:30 INFO AddIdentifyResult: 17985,015671762703,-1,
2017-02-21 12:11:41 INFO AddIdentifyResult: 17985,015671762703,-3,
2017-02-21 12:13:35 INFO AddIdentifyResult: 17985,015671762703,12,
2017-02-21 12:13:42 INFO AddIdentifyResult: 17985,015671762703,10,reg/015671762703_0221121508|reg/015671762703_0221121508|reg/015671762703_0221121346
2017-02-21 12:13:42 INFO UpdateUserState: 015671762703,1
2017-02-21 12:14:10 INFO AddIdentifyResult: 17986,015327883318,-1,
2017-02-21 12:14:18 INFO AddIdentifyResult: 17986,015327883318,-3,
2017-02-21 12:16:21 INFO AddIdentifyResult: 17986,015327883318,12,
2017-02-21 12:16:28 INFO AddIdentifyResult: 17986,015327883318,10,reg/015327883318_0221121756|reg/015327883318_0221121756|reg/015327883318_0221121624
2017-02-21 12:16:28 INFO UpdateUserState: 015327883318,1
2017-02-21 12:17:33 INFO AddIdentifyResult: 17987,015327883318,-1,
2017-02-21 12:17:41 INFO AddIdentifyResult: 17987,015327883318,-3,
2017-02-21 12:18:33 INFO AddIdentifyResult: 17987,015327883318,0,ver/02/21/121947_015327883318.wav
2017-02-21 14:21:19 INFO AddIdentifyResult: 17988,015671769760,-1,
2017-02-21 14:21:30 INFO AddIdentifyResult: 17988,015671769760,-3,
2017-02-21 14:23:23 INFO AddIdentifyResult: 17988,015671769760,11,reg/015671769760_|reg/015671769760_|reg/015671769760_
2017-02-21 14:23:52 INFO AddIdentifyResult: 17989,015671769760,-1,
2017-02-21 14:24:09 INFO AddIdentifyResult: 17989,015671769760,-3,
2017-02-21 14:25:51 INFO AddIdentifyResult: 17989,015671769760,12,
2017-02-21 14:25:57 INFO AddIdentifyResult: 17989,015671769760,10,reg/015671769760_0221142725|reg/015671769760_0221142725|reg/015671769760_0221142615
2017-02-21 14:25:57 INFO UpdateUserState: 015671769760,1
2017-02-21 14:26:11 INFO AddIdentifyResult: 17990,015671769760,-1,
2017-02-21 14:26:21 INFO AddIdentifyResult: 17990,015671769760,-3,
2017-02-21 14:27:12 INFO AddIdentifyResult: 17990,015671769760,0,ver/02/21/142827_015671769760.wav
2017-02-21 14:32:15 INFO AddIdentifyResult: 17991,015671769773,-1,
2017-02-21 14:32:22 INFO AddIdentifyResult: 17991,015671769773,-3,
2017-02-21 14:33:21 INFO AddIdentifyResult: 17991,015671769773,11,reg/015671769773_|reg/015671769773_|reg/015671769773_
2017-02-21 14:33:40 INFO AddIdentifyResult: 17992,015671769773,-1,
2017-02-21 14:34:30 INFO AddIdentifyResult: 17993,015671769773,-1,
2017-02-21 14:35:32 INFO AddIdentifyResult: 17994,015671769773,-1,
2017-02-21 14:35:49 INFO AddIdentifyResult: 17994,015671769773,-3,
2017-02-21 14:37:45 INFO AddIdentifyResult: 17994,015671769773,12,
2017-02-21 14:37:52 INFO AddIdentifyResult: 17994,015671769773,10,reg/015671769773_0221143916|reg/015671769773_0221143916|reg/015671769773_0221143754
2017-02-21 14:37:52 INFO UpdateUserState: 015671769773,1
2017-02-21 14:38:57 INFO AddIdentifyResult: 17995,015671767731,-1,
2017-02-21 14:39:09 INFO AddIdentifyResult: 17995,015671767731,-3,
2017-02-21 14:40:45 INFO AddIdentifyResult: 17995,015671767731,12,
2017-02-21 14:40:52 INFO AddIdentifyResult: 17995,015671767731,10,reg/015671767731_0221144115|reg/015671767731_0221144115|reg/015671767731_
2017-02-21 14:40:52 INFO UpdateUserState: 015671767731,1
2017-02-21 14:42:12 INFO AddIdentifyResult: 17996,015334282556,-1,
2017-02-21 14:42:30 INFO AddIdentifyResult: 17996,015334282556,-3,
2017-02-21 14:44:11 INFO AddIdentifyResult: 17996,015334282556,12,
2017-02-21 14:44:18 INFO AddIdentifyResult: 17996,015334282556,10,reg/015334282556_0221144435|reg/015334282556_0221144435|reg/015334282556_
2017-02-21 14:44:19 INFO UpdateUserState: 015334282556,1
2017-02-21 14:46:53 INFO AddIdentifyResult: 17997,015671769831,-1,
2017-02-21 14:47:11 INFO AddIdentifyResult: 17997,015671769831,-3,
2017-02-21 14:49:04 INFO AddIdentifyResult: 17997,015671769831,12,
2017-02-21 14:49:10 INFO AddIdentifyResult: 17997,015671769831,10,reg/015671769831_0221144917|reg/015671769831_0221144917|reg/015671769831_
2017-02-21 14:49:10 INFO UpdateUserState: 015671769831,1
2017-02-21 14:49:33 INFO AddIdentifyResult: 17998,015671769831,-1,
2017-02-21 14:49:40 INFO AddIdentifyResult: 17998,015671769831,-3,
2017-02-21 14:50:32 INFO AddIdentifyResult: 17998,015671769831,0,ver/02/21/145146_015671769831.wav
2017-02-21 14:54:32 INFO AddIdentifyResult: 17999,015671779081,-1,
2017-02-21 14:55:08 INFO AddIdentifyResult: 18000,015671779081,-1,
2017-02-21 14:55:16 INFO AddIdentifyResult: 18000,015671779081,-3,
2017-02-21 14:55:31 INFO AddIdentifyResult: 18000,015671779081,11,reg/015671779081_|reg/015671779081_|reg/015671779081_
2017-02-21 14:56:11 INFO AddIdentifyResult: 18001,015671779081,-1,
2017-02-21 14:56:17 INFO AddIdentifyResult: 18001,015671779081,-3,
2017-02-21 14:56:52 INFO AddIdentifyResult: 18001,015671779081,11,reg/015671779081_|reg/015671779081_|reg/015671779081_
2017-02-21 14:58:08 INFO AddIdentifyResult: 18002,015671779081,-1,
2017-02-21 14:58:18 INFO AddIdentifyResult: 18002,015671779081,-3,
2017-02-21 15:00:52 INFO AddIdentifyResult: 18002,015671779081,12,
2017-02-21 15:00:58 INFO AddIdentifyResult: 18002,015671779081,10,reg/015671779081_0221150213|reg/015671779081_0221150213|reg/015671779081_0221150024
2017-02-21 15:00:59 INFO UpdateUserState: 015671779081,1
2017-02-21 15:08:25 INFO AddIdentifyResult: 18003,015671777532,-1,
2017-02-21 15:08:39 INFO AddIdentifyResult: 18003,015671777532,-3,
2017-02-21 15:10:41 INFO AddIdentifyResult: 18003,015671777532,12,
2017-02-21 15:10:48 INFO AddIdentifyResult: 18003,015671777532,10,reg/015671777532_0221151045|reg/015671777532_0221151045|reg/015671777532_
2017-02-21 15:10:49 INFO UpdateUserState: 015671777532,1
2017-02-21 15:11:19 INFO AddIdentifyResult: 18004,015671777532,-1,
2017-02-21 15:11:29 INFO AddIdentifyResult: 18004,015671777532,-3,
2017-02-21 15:12:21 INFO AddIdentifyResult: 18004,015671777532,0,ver/02/21/151335_015671777532.wav
2017-02-21 15:25:43 INFO AddIdentifyResult: 18005,015671777863,-1,
2017-02-21 15:25:50 INFO AddIdentifyResult: 18005,015671777863,-3,
2017-02-21 15:26:04 INFO AddIdentifyResult: 18005,015671777863,11,reg/015671777863_|reg/015671777863_|reg/015671777863_
2017-02-21 15:26:21 INFO AddIdentifyResult: 18006,015671777863,-1,
2017-02-21 15:26:28 INFO AddIdentifyResult: 18006,015671777863,-3,
2017-02-21 15:28:35 INFO AddIdentifyResult: 18006,015671777863,12,
2017-02-21 15:28:41 INFO AddIdentifyResult: 18006,015671777863,10,reg/015671777863_0221153000|reg/015671777863_0221153000|reg/015671777863_0221152834
2017-02-21 15:28:41 INFO UpdateUserState: 015671777863,1
2017-02-21 15:28:59 INFO AddIdentifyResult: 18007,015671777863,-1,
2017-02-21 15:29:16 INFO AddIdentifyResult: 18007,015671777863,-3,
2017-02-21 15:30:07 INFO AddIdentifyResult: 18007,015671777863,0,ver/02/21/153122_015671777863.wav
2017-02-21 15:37:05 INFO AddIdentifyResult: 18008,015671778260,-1,
2017-02-21 15:37:33 INFO AddIdentifyResult: 18009,015671778260,-1,
2017-02-21 15:37:41 INFO AddIdentifyResult: 18009,015671778260,-3,
2017-02-21 15:39:54 INFO AddIdentifyResult: 18009,015671778260,12,
2017-02-21 15:40:00 INFO AddIdentifyResult: 18009,015671778260,10,reg/015671778260_0221154135|reg/015671778260_0221154135|reg/015671778260_0221153947
2017-02-21 15:40:00 INFO UpdateUserState: 015671778260,1
2017-02-21 15:40:32 INFO AddIdentifyResult: 18010,015671778260,-1,
2017-02-21 15:40:46 INFO AddIdentifyResult: 18010,015671778260,-3,
2017-02-21 15:41:37 INFO AddIdentifyResult: 18010,015671778260,1,ver/02/21/154252_015671778260.wav
2017-02-21 15:42:12 INFO AddIdentifyResult: 18011,015671778260,-1,
2017-02-21 15:42:20 INFO AddIdentifyResult: 18011,015671778260,-3,
2017-02-21 15:44:39 INFO AddIdentifyResult: 18011,015671778260,12,
2017-02-21 15:44:46 INFO AddIdentifyResult: 18011,015671778260,10,reg/015671778260_0221154540|reg/015671778260_0221154540|reg/015671778260_0221154426
2017-02-21 15:44:46 INFO UpdateUserState: 015671778260,1
2017-02-21 15:47:17 INFO AddIdentifyResult: 18012,0115671771561,-1,
2017-02-21 15:48:54 INFO AddIdentifyResult: 18013,015671771561,-1,
2017-02-21 15:49:08 INFO AddIdentifyResult: 18013,015671771561,-3,
2017-02-21 15:51:56 INFO AddIdentifyResult: 18013,015671771561,12,
2017-02-21 15:52:02 INFO AddIdentifyResult: 18013,015671771561,10,reg/015671771561_0221155329|reg/015671771561_0221155329|reg/015671771561_0221155114
2017-02-21 15:52:03 INFO UpdateUserState: 015671771561,1
2017-02-21 15:52:27 INFO AddIdentifyResult: 18014,015671771561,-1,
2017-02-21 15:52:36 INFO AddIdentifyResult: 18014,015671771561,-3,
2017-02-21 15:53:27 INFO AddIdentifyResult: 18014,015671771561,0,ver/02/21/155442_015671771561.wav
2017-02-21 15:56:13 INFO AddIdentifyResult: 18015,015671771582,-1,
2017-02-21 15:56:22 INFO AddIdentifyResult: 18015,015671771582,-3,
2017-02-21 15:58:21 INFO AddIdentifyResult: 18015,015671771582,12,
2017-02-21 15:58:30 INFO AddIdentifyResult: 18015,015671771582,10,reg/015671771582_0221155828|reg/015671771582_0221155828|reg/015671771582_
2017-02-21 15:58:30 INFO UpdateUserState: 015671771582,1
2017-02-21 16:04:54 INFO AddIdentifyResult: 18016,013972800917,-1,
2017-02-21 16:05:07 INFO AddIdentifyResult: 18016,013972800917,-3,
2017-02-21 16:06:50 INFO AddIdentifyResult: 18016,013972800917,12,
2017-02-21 16:06:57 INFO AddIdentifyResult: 18016,013972800917,10,reg/013972800917_0221160713|reg/013972800917_0221160713|reg/013972800917_
2017-02-21 16:06:57 INFO UpdateUserState: 013972800917,1
2017-02-21 16:10:33 INFO AddIdentifyResult: 18017,015671775691,-1,
2017-02-21 16:10:45 INFO AddIdentifyResult: 18017,015671775691,-3,
2017-02-21 16:12:43 INFO AddIdentifyResult: 18017,015671775691,12,
2017-02-21 16:12:50 INFO AddIdentifyResult: 18017,015671775691,10,reg/015671775691_0221161251|reg/015671775691_0221161251|reg/015671775691_
2017-02-21 16:12:50 INFO UpdateUserState: 015671775691,1
