2017-04-02 08:57:54 INFO AddIdentifyResult: 29506,013287301191,-1,
2017-04-02 08:58:04 INFO AddIdentifyResult: 29506,013287301191,-3,
2017-04-02 08:59:46 INFO AddIdentifyResult: 29506,013287301191,12,
2017-04-02 08:59:52 INFO AddIdentifyResult: 29506,013287301191,10,reg/013287301191_0402090004|reg/013287301191_0402090004|reg/013287301191_
2017-04-02 08:59:53 INFO UpdateUserState: 013287301191,1
2017-04-02 09:00:40 INFO AddIdentifyResult: 29507,013006546219,-1,
2017-04-02 09:01:05 INFO AddIdentifyResult: 29507,013006546219,-3,
2017-04-02 09:02:02 INFO AddIdentifyResult: 29508,013006546219,-1,
2017-04-02 09:02:19 INFO AddIdentifyResult: 29508,013006546219,-3,
2017-04-02 09:05:10 INFO AddIdentifyResult: 29508,013006546219,12,
2017-04-02 09:05:19 INFO AddIdentifyResult: 29508,013006546219,10,reg/013006546219_0402090419|reg/013006546219_0402090419|reg/013006546219_
2017-04-02 09:05:19 INFO UpdateUserState: 013006546219,1
2017-04-02 09:06:25 INFO AddIdentifyResult: 29509,013006546219,-1,
2017-04-02 09:06:39 INFO AddIdentifyResult: 29509,013006546219,-3,
2017-04-02 09:08:18 INFO AddIdentifyResult: 29509,013006546219,0,ver/04/02/090926_013006546219.wav
2017-04-02 09:08:28 INFO AddIdentifyResult: 29507,013006546219,11,reg/013006546219_|reg/013006546219_|reg/013006546219_
2017-04-02 09:11:15 INFO AddIdentifyResult: 29510,015954656750,-1,
2017-04-02 09:11:29 INFO AddIdentifyResult: 29510,015954656750,-3,
2017-04-02 09:13:29 INFO AddIdentifyResult: 29510,015954656750,12,
2017-04-02 09:13:37 INFO AddIdentifyResult: 29510,015954656750,10,reg/015954656750_0402091328|reg/015954656750_0402091328|reg/015954656750_
2017-04-02 09:13:37 INFO UpdateUserState: 015954656750,1
2017-04-02 09:13:43 INFO AddIdentifyResult: 29511,015954656750,-1,
2017-04-02 09:14:02 INFO AddIdentifyResult: 29511,015954656750,-3,
2017-04-02 09:16:07 INFO AddIdentifyResult: 29512,015954656750,-1,
2017-04-02 09:16:40 INFO AddIdentifyResult: 29511,015954656750,1,
2017-04-02 09:16:46 INFO AddIdentifyResult: 29513,015954656750,-1,
2017-04-02 09:17:06 INFO AddIdentifyResult: 29513,015954656750,-3,
2017-04-02 09:17:58 INFO AddIdentifyResult: 29513,015954656750,0,ver/04/02/091906_015954656750.wav
2017-04-02 09:24:55 INFO AddIdentifyResult: 29514,013287309330,-1,
2017-04-02 09:27:14 INFO AddIdentifyResult: 29515,013287309330,-1,
2017-04-02 09:27:19 INFO AddIdentifyResult: 29515,013287309330,-3,
2017-04-02 09:28:46 INFO AddIdentifyResult: 29515,013287309330,12,
2017-04-02 09:28:53 INFO AddIdentifyResult: 29515,013287309330,10,reg/013287309330_0402092919|reg/013287309330_0402092919|reg/013287309330_
2017-04-02 09:28:54 INFO UpdateUserState: 013287309330,1
2017-04-02 09:29:38 INFO AddIdentifyResult: 29516,013287309330,-1,
2017-04-02 09:29:46 INFO AddIdentifyResult: 29516,013287309330,-3,
2017-04-02 09:30:39 INFO AddIdentifyResult: 29516,013287309330,0,ver/04/02/093146_013287309330.wav
2017-04-02 09:34:14 INFO AddIdentifyResult: 29517,013287370971,-1,
2017-04-02 09:34:24 INFO AddIdentifyResult: 29517,013287370971,-3,
2017-04-02 09:36:37 INFO AddIdentifyResult: 29517,013287370971,11,reg/013287370971_|reg/013287370971_|reg/013287370971_
2017-04-02 09:37:09 INFO AddIdentifyResult: 29518,013287370971,-1,
2017-04-02 09:37:14 INFO AddIdentifyResult: 29518,013287370971,-3,
2017-04-02 09:38:12 INFO AddIdentifyResult: 29518,013287370971,11,reg/013287370971_|reg/013287370971_|reg/013287370971_
2017-04-02 09:38:30 INFO AddIdentifyResult: 29519,013287370971,-1,
2017-04-02 09:38:36 INFO AddIdentifyResult: 29519,013287370971,-3,
2017-04-02 09:39:31 INFO AddIdentifyResult: 29519,013287370971,11,reg/013287370971_|reg/013287370971_|reg/013287370971_
2017-04-02 09:41:10 INFO AddIdentifyResult: 29520,013287370971,-1,
2017-04-02 09:41:16 INFO AddIdentifyResult: 29520,013287370971,-3,
2017-04-02 09:43:39 INFO AddIdentifyResult: 29520,013287370971,12,
2017-04-02 09:43:47 INFO AddIdentifyResult: 29520,013287370971,10,reg/013287370971_0402094315|reg/013287370971_0402094315|reg/013287370971_
2017-04-02 09:43:48 INFO UpdateUserState: 013287370971,1
2017-04-02 09:44:32 INFO AddIdentifyResult: 29521,013287370971,-1,
2017-04-02 09:44:41 INFO AddIdentifyResult: 29521,013287370971,-3,
2017-04-02 09:45:32 INFO AddIdentifyResult: 29521,013287370971,0,ver/04/02/094641_013287370971.wav
2017-04-02 09:51:30 INFO AddIdentifyResult: 29522,013285469121,-1,
2017-04-02 09:52:30 INFO AddIdentifyResult: 29523,013285469121,-1,
2017-04-02 09:52:37 INFO AddIdentifyResult: 29523,013285469121,-3,
2017-04-02 09:54:44 INFO AddIdentifyResult: 29523,013285469121,12,
2017-04-02 09:54:53 INFO AddIdentifyResult: 29523,013285469121,10,reg/013285469121_0402095436|reg/013285469121_0402095436|reg/013285469121_
2017-04-02 09:54:53 INFO UpdateUserState: 013285469121,1
2017-04-02 09:58:22 INFO AddIdentifyResult: 29524,013884912159,-1,
2017-04-02 09:58:30 INFO AddIdentifyResult: 29524,013884912159,-3,
2017-04-02 09:59:16 INFO AddIdentifyResult: 29524,013884912159,11,reg/013884912159_|reg/013884912159_|reg/013884912159_
2017-04-02 10:00:05 INFO AddIdentifyResult: 29525,013884912159,-1,
2017-04-02 10:00:13 INFO AddIdentifyResult: 29525,013884912159,-3,
2017-04-02 10:01:41 INFO AddIdentifyResult: 29525,013884912159,11,reg/013884912159_|reg/013884912159_|reg/013884912159_
2017-04-02 10:04:02 INFO AddIdentifyResult: 29526,013884912159,-1,
2017-04-02 10:04:09 INFO AddIdentifyResult: 29526,013884912159,-3,
2017-04-02 10:04:36 INFO AddIdentifyResult: 29526,013884912159,11,reg/013884912159_|reg/013884912159_|reg/013884912159_
2017-04-02 10:05:06 INFO AddIdentifyResult: 29527,013884912159,-1,
2017-04-02 10:05:14 INFO AddIdentifyResult: 29527,013884912159,-3,
2017-04-02 10:06:25 INFO AddIdentifyResult: 29527,013884912159,11,reg/013884912159_|reg/013884912159_|reg/013884912159_
2017-04-02 10:09:45 INFO AddIdentifyResult: 29528,013287370832,-1,
2017-04-02 10:09:50 INFO AddIdentifyResult: 29528,013287370832,-3,
2017-04-02 10:11:27 INFO AddIdentifyResult: 29528,013287370832,12,
2017-04-02 10:11:33 INFO AddIdentifyResult: 29528,013287370832,10,reg/013287370832_0402101150|reg/013287370832_0402101150|reg/013287370832_
2017-04-02 10:11:34 INFO UpdateUserState: 013287370832,1
2017-04-02 10:13:34 INFO AddIdentifyResult: 29529,013854675352,-1,
2017-04-02 10:13:41 INFO AddIdentifyResult: 29529,013854675352,-3,
2017-04-02 10:15:29 INFO AddIdentifyResult: 29529,013854675352,12,
2017-04-02 10:15:36 INFO AddIdentifyResult: 29529,013854675352,10,reg/013854675352_0402101541|reg/013854675352_0402101541|reg/013854675352_
2017-04-02 10:15:36 INFO UpdateUserState: 013854675352,1
2017-04-02 10:16:13 INFO AddIdentifyResult: 29530,013854675352,-1,
2017-04-02 10:16:24 INFO AddIdentifyResult: 29530,013854675352,-3,
2017-04-02 10:17:15 INFO AddIdentifyResult: 29530,013854675352,0,ver/04/02/101824_013854675352.wav
2017-04-02 10:19:23 INFO AddIdentifyResult: 29531,013884912159,-1,
2017-04-02 10:19:36 INFO AddIdentifyResult: 29531,013884912159,-3,
2017-04-02 10:19:37 INFO AddIdentifyResult: 29531,013884912159,11,reg/013884912159_|reg/013884912159_|reg/013884912159_
2017-04-02 10:19:45 INFO AddIdentifyResult: 29532,013884912159,-1,
2017-04-02 10:19:53 INFO AddIdentifyResult: 29532,013884912159,-3,
2017-04-02 10:20:18 INFO AddIdentifyResult: 29532,013884912159,11,reg/013884912159_|reg/013884912159_|reg/013884912159_
2017-04-02 10:20:45 INFO AddIdentifyResult: 29533,013884912159,-1,
2017-04-02 10:20:53 INFO AddIdentifyResult: 29533,013884912159,-3,
2017-04-02 10:25:41 INFO AddIdentifyResult: 29533,013884912159,12,
2017-04-02 10:25:47 INFO AddIdentifyResult: 29533,013884912159,10,reg/013884912159_0402102540|reg/013884912159_0402102540|reg/013884912159_0402102253
2017-04-02 10:25:48 INFO UpdateUserState: 013884912159,1
2017-04-02 10:28:59 INFO AddIdentifyResult: 29534,013285469121,-1,
2017-04-02 10:29:05 INFO AddIdentifyResult: 29534,013285469121,-3,
2017-04-02 10:29:58 INFO AddIdentifyResult: 29534,013285469121,0,ver/04/02/103106_013285469121.wav
2017-04-02 11:00:36 INFO AddIdentifyResult: 29535,013012912712,-1,
2017-04-02 11:00:44 INFO AddIdentifyResult: 29535,013012912712,-3,
2017-04-02 11:02:34 INFO AddIdentifyResult: 29535,013012912712,12,
2017-04-02 11:02:41 INFO AddIdentifyResult: 29535,013012912712,10,reg/013012912712_0402110244|reg/013012912712_0402110244|reg/013012912712_
2017-04-02 11:02:41 INFO UpdateUserState: 013012912712,1
2017-04-02 11:03:08 INFO AddIdentifyResult: 29536,013905463827,-1,
2017-04-02 11:03:16 INFO AddIdentifyResult: 29536,013905463827,-3,
2017-04-02 11:04:45 INFO AddIdentifyResult: 29536,013905463827,12,
2017-04-02 11:04:52 INFO AddIdentifyResult: 29536,013905463827,10,reg/013905463827_0402110516|reg/013905463827_0402110516|reg/013905463827_
2017-04-02 11:04:52 INFO UpdateUserState: 013905463827,1
2017-04-02 11:05:53 INFO AddIdentifyResult: 29537,013905463827,-1,
2017-04-02 11:06:01 INFO AddIdentifyResult: 29537,013905463827,-3,
2017-04-02 11:06:54 INFO AddIdentifyResult: 29537,013905463827,0,ver/04/02/110802_013905463827.wav
2017-04-02 11:12:39 INFO AddIdentifyResult: 29538,013006545603,-1,
2017-04-02 11:12:45 INFO AddIdentifyResult: 29538,013006545603,-3,
2017-04-02 11:15:20 INFO AddIdentifyResult: 29539,013287310080,-1,
2017-04-02 11:15:39 INFO AddIdentifyResult: 29538,013006545603,12,
2017-04-02 11:15:40 INFO AddIdentifyResult: 29539,013287310080,-3,
2017-04-02 11:15:47 INFO AddIdentifyResult: 29538,013006545603,10,reg/013006545603_0402111635|reg/013006545603_0402111635|reg/013006545603_0402111446
2017-04-02 11:15:47 INFO UpdateUserState: 013006545603,1
2017-04-02 11:16:30 INFO AddIdentifyResult: 29540,013006545603,-1,
2017-04-02 11:16:36 INFO AddIdentifyResult: 29540,013006545603,-3,
2017-04-02 11:17:26 INFO AddIdentifyResult: 29539,013287310080,12,
2017-04-02 11:17:27 INFO AddIdentifyResult: 29540,013006545603,0,ver/04/02/111836_013006545603.wav
2017-04-02 11:17:32 INFO AddIdentifyResult: 29539,013287310080,10,reg/013287310080_0402111740|reg/013287310080_0402111740|reg/013287310080_
2017-04-02 11:17:32 INFO UpdateUserState: 013287310080,1
2017-04-02 11:22:03 INFO AddIdentifyResult: 29541,013287310080,-1,
2017-04-02 11:22:14 INFO AddIdentifyResult: 29541,013287310080,-3,
2017-04-02 11:23:05 INFO AddIdentifyResult: 29541,013287310080,0,ver/04/02/112414_013287310080.wav
2017-04-02 14:06:01 INFO AddIdentifyResult: 29542,013012909032,-1,
2017-04-02 14:06:09 INFO AddIdentifyResult: 29542,013012909032,-3,
2017-04-02 14:08:40 INFO AddIdentifyResult: 29542,013012909032,12,
2017-04-02 14:08:49 INFO AddIdentifyResult: 29542,013012909032,10,reg/013012909032_0402140810|reg/013012909032_0402140810|reg/013012909032_
2017-04-02 14:08:50 INFO UpdateUserState: 013012909032,1
2017-04-02 14:10:14 INFO AddIdentifyResult: 29543,013012909032,-1,
2017-04-02 14:10:21 INFO AddIdentifyResult: 29543,013012909032,-3,
2017-04-02 14:11:14 INFO AddIdentifyResult: 29543,013012909032,1,ver/04/02/141223_013012909032.wav
2017-04-02 14:12:21 INFO AddIdentifyResult: 29544,013287368707,-1,
2017-04-02 14:13:25 INFO AddIdentifyResult: 29545,013012909032,-1,
2017-04-02 14:13:31 INFO AddIdentifyResult: 29545,013012909032,-3,
2017-04-02 14:14:11 INFO AddIdentifyResult: 29545,013012909032,1,ver/04/02/141532_013012909032.wav
2017-04-02 14:16:15 INFO AddIdentifyResult: 29546,013012909032,-1,
2017-04-02 14:16:19 INFO AddIdentifyResult: 29546,013012909032,-3,
2017-04-02 14:17:44 INFO AddIdentifyResult: 29546,013012909032,12,
2017-04-02 14:17:51 INFO AddIdentifyResult: 29546,013012909032,10,reg/013012909032_0402141820|reg/013012909032_0402141820|reg/013012909032_
2017-04-02 14:17:51 INFO UpdateUserState: 013012909032,1
2017-04-02 14:17:52 INFO AddIdentifyResult: 29547,013287368707,-1,
2017-04-02 14:17:58 INFO AddIdentifyResult: 29548,013012909032,-1,
2017-04-02 14:18:05 INFO AddIdentifyResult: 29547,013287368707,-3,
2017-04-02 14:18:10 INFO AddIdentifyResult: 29548,013012909032,-3,
2017-04-02 14:19:02 INFO AddIdentifyResult: 29548,013012909032,0,ver/04/02/142011_013012909032.wav
2017-04-02 14:20:10 INFO AddIdentifyResult: 29547,013287368707,12,
2017-04-02 14:20:18 INFO AddIdentifyResult: 29547,013287368707,10,reg/013287368707_0402142005|reg/013287368707_0402142005|reg/013287368707_
2017-04-02 14:20:18 INFO UpdateUserState: 013287368707,1
2017-04-02 14:20:47 INFO AddIdentifyResult: 29549,013287368707,-1,
2017-04-02 14:20:55 INFO AddIdentifyResult: 29549,013287368707,-3,
2017-04-02 14:21:48 INFO AddIdentifyResult: 29549,013287368707,0,ver/04/02/142257_013287368707.wav
2017-04-02 14:39:45 INFO AddIdentifyResult: 29550,013287307731,-1,
2017-04-02 14:39:51 INFO AddIdentifyResult: 29550,013287307731,-3,
2017-04-02 14:41:48 INFO AddIdentifyResult: 29550,013287307731,12,
2017-04-02 14:41:55 INFO AddIdentifyResult: 29550,013287307731,10,reg/013287307731_0402144321|reg/013287307731_0402144321|reg/013287307731_0402144152
2017-04-02 14:41:55 INFO UpdateUserState: 013287307731,1
2017-04-02 14:42:25 INFO AddIdentifyResult: 29551,013287307731,-1,
2017-04-02 14:42:32 INFO AddIdentifyResult: 29551,013287307731,-3,
2017-04-02 14:43:23 INFO AddIdentifyResult: 29551,013287307731,0,ver/04/02/144433_013287307731.wav
2017-04-02 14:47:12 INFO AddIdentifyResult: 29552,013013565273,-1,
2017-04-02 14:47:19 INFO AddIdentifyResult: 29552,013013565273,-3,
2017-04-02 14:48:48 INFO AddIdentifyResult: 29552,013013565273,12,
2017-04-02 14:48:55 INFO AddIdentifyResult: 29552,013013565273,10,reg/013013565273_0402144920|reg/013013565273_0402144920|reg/013013565273_
2017-04-02 14:48:55 INFO UpdateUserState: 013013565273,1
2017-04-02 14:49:04 INFO AddIdentifyResult: 29553,013954673152,-1,
2017-04-02 14:49:56 INFO AddIdentifyResult: 29554,013954673152,-1,
2017-04-02 14:50:04 INFO AddIdentifyResult: 29554,013954673152,-3,
2017-04-02 14:51:29 INFO AddIdentifyResult: 29554,013954673152,12,
2017-04-02 14:51:36 INFO AddIdentifyResult: 29554,013954673152,10,reg/013954673152_0402145205|reg/013954673152_0402145205|reg/013954673152_
2017-04-02 14:51:36 INFO UpdateUserState: 013954673152,1
2017-04-02 14:52:02 INFO AddIdentifyResult: 29555,013954673152,-1,
2017-04-02 14:52:08 INFO AddIdentifyResult: 29555,013954673152,-3,
2017-04-02 14:53:01 INFO AddIdentifyResult: 29555,013954673152,0,ver/04/02/145410_013954673152.wav
2017-04-02 15:05:32 INFO AddIdentifyResult: 29556,015254650553,-1,
2017-04-02 15:05:40 INFO AddIdentifyResult: 29556,015254650553,-3,
2017-04-02 15:07:01 INFO AddIdentifyResult: 29556,015254650553,12,
2017-04-02 15:07:08 INFO AddIdentifyResult: 29556,015254650553,10,reg/015254650553_0402150741|reg/015254650553_0402150741|reg/015254650553_
2017-04-02 15:07:08 INFO UpdateUserState: 015254650553,1
2017-04-02 15:07:14 INFO AddIdentifyResult: 29557,013285466071,-1,
2017-04-02 15:07:21 INFO AddIdentifyResult: 29557,013285466071,-3,
2017-04-02 15:08:49 INFO AddIdentifyResult: 29557,013285466071,12,
2017-04-02 15:08:56 INFO AddIdentifyResult: 29557,013285466071,10,reg/013285466071_0402150922|reg/013285466071_0402150922|reg/013285466071_
2017-04-02 15:08:56 INFO UpdateUserState: 013285466071,1
2017-04-02 15:09:40 INFO AddIdentifyResult: 29558,015254650553,-1,
2017-04-02 15:09:49 INFO AddIdentifyResult: 29558,015254650553,-3,
2017-04-02 15:10:41 INFO AddIdentifyResult: 29558,015254650553,0,ver/04/02/151150_015254650553.wav
2017-04-02 15:23:56 INFO AddIdentifyResult: 29559,013012907231,-1,
2017-04-02 15:24:22 INFO AddIdentifyResult: 29559,013012907231,-3,
2017-04-02 15:27:00 INFO AddIdentifyResult: 29559,013012907231,12,
2017-04-02 15:27:07 INFO AddIdentifyResult: 29559,013012907231,10,reg/013012907231_0402152825|reg/013012907231_0402152825|reg/013012907231_0402152623
2017-04-02 15:27:08 INFO UpdateUserState: 013012907231,1
2017-04-02 15:41:44 INFO AddIdentifyResult: 29560,013287313811,-1,
2017-04-02 15:41:58 INFO AddIdentifyResult: 29560,013287313811,-3,
2017-04-02 15:43:31 INFO AddIdentifyResult: 29560,013287313811,12,
2017-04-02 15:43:38 INFO AddIdentifyResult: 29560,013287313811,10,reg/013287313811_0402154359|reg/013287313811_0402154359|reg/013287313811_
2017-04-02 15:43:38 INFO UpdateUserState: 013287313811,1
2017-04-02 15:43:39 INFO AddIdentifyResult: 29561,013780785067,-1,
2017-04-02 15:43:51 INFO AddIdentifyResult: 29561,013780785067,-3,
2017-04-02 15:44:43 INFO AddIdentifyResult: 29562,013562263179,-1,
2017-04-02 15:44:51 INFO AddIdentifyResult: 29562,013562263179,-3,
2017-04-02 15:45:31 INFO AddIdentifyResult: 29561,013780785067,12,
2017-04-02 15:45:39 INFO AddIdentifyResult: 29561,013780785067,10,reg/013780785067_0402154552|reg/013780785067_0402154552|reg/013780785067_
2017-04-02 15:45:39 INFO UpdateUserState: 013780785067,1
2017-04-02 15:46:42 INFO AddIdentifyResult: 29562,013562263179,12,
2017-04-02 15:46:48 INFO AddIdentifyResult: 29562,013562263179,10,reg/013562263179_0402154652|reg/013562263179_0402154652|reg/013562263179_
2017-04-02 15:46:48 INFO UpdateUserState: 013562263179,1
2017-04-02 15:47:08 INFO AddIdentifyResult: 29563,013562263179,-1,
2017-04-02 15:47:14 INFO AddIdentifyResult: 29563,013562263179,-3,
2017-04-02 15:48:06 INFO AddIdentifyResult: 29563,013562263179,0,ver/04/02/154916_013562263179.wav
2017-04-02 16:59:06 INFO AddIdentifyResult: 29564,013287306975,-1,
2017-04-02 16:59:41 INFO AddIdentifyResult: 29564,013287306975,-3,
2017-04-02 17:01:21 INFO AddIdentifyResult: 29564,013287306975,11,reg/013287306975_|reg/013287306975_|reg/013287306975_
2017-04-02 17:01:50 INFO AddIdentifyResult: 29565,013287306975,-1,
2017-04-02 17:01:58 INFO AddIdentifyResult: 29565,013287306975,-3,
2017-04-02 17:03:56 INFO AddIdentifyResult: 29565,013287306975,12,
2017-04-02 17:04:02 INFO AddIdentifyResult: 29565,013287306975,10,reg/013287306975_0402170527|reg/013287306975_0402170527|reg/013287306975_0402170359
2017-04-02 17:04:03 INFO UpdateUserState: 013287306975,1
