2017-01-06 08:47:44 INFO AddIdentifyResult: 12601,013176600912,-1,
2017-01-06 08:47:53 INFO AddIdentifyResult: 12601,013176600912,-3,
2017-01-06 08:49:30 INFO AddIdentifyResult: 12601,013176600912,12,
2017-01-06 08:49:37 INFO AddIdentifyResult: 12601,013176600912,10,reg/013176600912_0106084935|reg/013176600912_0106084935|reg/013176600912_
2017-01-06 08:49:37 INFO UpdateUserState: 013176600912,1
2017-01-06 08:51:48 INFO AddIdentifyResult: 12602,013210342569,-1,
2017-01-06 08:51:54 INFO AddIdentifyResult: 12602,013210342569,-3,
2017-01-06 08:53:35 INFO AddIdentifyResult: 12602,013210342569,12,
2017-01-06 08:53:42 INFO AddIdentifyResult: 12602,013210342569,10,reg/013210342569_0106085336|reg/013210342569_0106085336|reg/013210342569_
2017-01-06 08:53:43 INFO UpdateUserState: 013210342569,1
2017-01-06 08:54:33 INFO AddIdentifyResult: 12603,013884922009,-1,
2017-01-06 08:54:42 INFO AddIdentifyResult: 12603,013884922009,-3,
2017-01-06 08:56:35 INFO AddIdentifyResult: 12603,013884922009,12,
2017-01-06 08:56:41 INFO AddIdentifyResult: 12603,013884922009,10,reg/013884922009_0106085625|reg/013884922009_0106085625|reg/013884922009_
2017-01-06 08:56:42 INFO UpdateUserState: 013884922009,1
2017-01-06 08:59:56 INFO AddIdentifyResult: 12604,013176603252,-1,
2017-01-06 09:00:07 INFO AddIdentifyResult: 12604,013176603252,-3,
2017-01-06 09:01:49 INFO AddIdentifyResult: 12604,013176603252,12,
2017-01-06 09:01:56 INFO AddIdentifyResult: 12604,013176603252,10,reg/013176603252_0106090150|reg/013176603252_0106090150|reg/013176603252_
2017-01-06 09:01:56 INFO UpdateUserState: 013176603252,1
2017-01-06 09:03:44 INFO AddIdentifyResult: 12605,013561029508,-1,
2017-01-06 09:04:00 INFO AddIdentifyResult: 12605,013561029508,-3,
2017-01-06 09:04:45 INFO AddIdentifyResult: 12606,013210343027,-1,
2017-01-06 09:04:51 INFO AddIdentifyResult: 12606,013210343027,-3,
2017-01-06 09:05:50 INFO AddIdentifyResult: 12605,013561029508,12,
2017-01-06 09:05:56 INFO AddIdentifyResult: 12605,013561029508,10,reg/013561029508_0106090542|reg/013561029508_0106090542|reg/013561029508_
2017-01-06 09:05:57 INFO UpdateUserState: 013561029508,1
2017-01-06 09:06:24 INFO AddIdentifyResult: 12606,013210343027,12,
2017-01-06 09:06:30 INFO AddIdentifyResult: 12606,013210343027,10,reg/013210343027_0106090633|reg/013210343027_0106090633|reg/013210343027_
2017-01-06 09:06:31 INFO UpdateUserState: 013210343027,1
2017-01-06 09:09:58 INFO AddIdentifyResult: 12607,013176609872,-1,
2017-01-06 09:10:05 INFO AddIdentifyResult: 12607,013176609872,-3,
2017-01-06 09:12:02 INFO AddIdentifyResult: 12607,013176609872,12,
2017-01-06 09:12:10 INFO AddIdentifyResult: 12607,013176609872,10,reg/013176609872_0106091148|reg/013176609872_0106091148|reg/013176609872_
2017-01-06 09:12:11 INFO UpdateUserState: 013176609872,1
2017-01-06 09:15:46 INFO AddIdentifyResult: 12608,013176609783,-1,
2017-01-06 09:15:59 INFO AddIdentifyResult: 12608,013176609783,-3,
2017-01-06 09:18:02 INFO AddIdentifyResult: 12608,013176609783,12,
2017-01-06 09:18:08 INFO AddIdentifyResult: 12608,013176609783,10,reg/013176609783_0106091915|reg/013176609783_0106091915|reg/013176609783_0106091742
2017-01-06 09:18:08 INFO UpdateUserState: 013176609783,1
2017-01-06 09:18:09 INFO AddIdentifyResult: 12609,013210343058,-1,
2017-01-06 09:18:25 INFO AddIdentifyResult: 12609,013210343058,-3,
2017-01-06 09:20:12 INFO AddIdentifyResult: 12609,013210343058,12,
2017-01-06 09:20:20 INFO AddIdentifyResult: 12609,013210343058,10,reg/013210343058_0106092007|reg/013210343058_0106092007|reg/013210343058_
2017-01-06 09:20:20 INFO UpdateUserState: 013210343058,1
2017-01-06 09:20:47 INFO AddIdentifyResult: 12610,018562046226,-1,
2017-01-06 09:20:55 INFO AddIdentifyResult: 12610,018562046226,-3,
2017-01-06 09:21:34 INFO AddIdentifyResult: 12611,013181863350,-1,
2017-01-06 09:21:48 INFO AddIdentifyResult: 12611,013181863350,-3,
2017-01-06 09:21:59 INFO AddIdentifyResult: 12611,013181863350,11,reg/013181863350_|reg/013181863350_|reg/013181863350_
2017-01-06 09:22:22 INFO AddIdentifyResult: 12610,018562046226,12,
2017-01-06 09:22:30 INFO AddIdentifyResult: 12610,018562046226,10,reg/018562046226_0106092238|reg/018562046226_0106092238|reg/018562046226_
2017-01-06 09:22:30 INFO UpdateUserState: 018562046226,1
2017-01-06 09:22:52 INFO AddIdentifyResult: 12612,013181863350,-1,
2017-01-06 09:23:00 INFO AddIdentifyResult: 12612,013181863350,-3,
2017-01-06 09:24:50 INFO AddIdentifyResult: 12612,013181863350,12,
2017-01-06 09:24:56 INFO AddIdentifyResult: 12612,013181863350,10,reg/013181863350_0106092443|reg/013181863350_0106092443|reg/013181863350_
2017-01-06 09:24:56 INFO UpdateUserState: 013181863350,1
2017-01-06 09:28:08 INFO AddIdentifyResult: 12613,013181401885,-1,
2017-01-06 09:28:16 INFO AddIdentifyResult: 12613,013181401885,-3,
2017-01-06 09:30:05 INFO AddIdentifyResult: 12613,013181401885,12,
2017-01-06 09:30:11 INFO AddIdentifyResult: 12613,013181401885,10,reg/013181401885_0106092959|reg/013181401885_0106092959|reg/013181401885_
2017-01-06 09:30:12 INFO UpdateUserState: 013181401885,1
2017-01-06 09:30:26 INFO AddIdentifyResult: 12614,013210343529,-1,
2017-01-06 09:30:32 INFO AddIdentifyResult: 12614,013210343529,-3,
2017-01-06 09:30:33 INFO AddIdentifyResult: 12614,013210343529,11,reg/013210343529_|reg/013210343529_|reg/013210343529_
2017-01-06 09:30:40 INFO AddIdentifyResult: 12615,013210343529,-1,
2017-01-06 09:30:44 INFO AddIdentifyResult: 12615,013210343529,-3,
2017-01-06 09:31:41 INFO AddIdentifyResult: 12616,013884916533,-1,
2017-01-06 09:31:51 INFO AddIdentifyResult: 12616,013884916533,-3,
2017-01-06 09:32:39 INFO AddIdentifyResult: 12615,013210343529,12,
2017-01-06 09:32:46 INFO AddIdentifyResult: 12615,013210343529,10,reg/013210343529_0106093227|reg/013210343529_0106093227|reg/013210343529_
2017-01-06 09:32:46 INFO UpdateUserState: 013210343529,1
2017-01-06 09:34:01 INFO AddIdentifyResult: 12616,013884916533,12,
2017-01-06 09:34:07 INFO AddIdentifyResult: 12616,013884916533,10,reg/013884916533_0106093512|reg/013884916533_0106093512|reg/013884916533_0106093334
2017-01-06 09:34:07 INFO UpdateUserState: 013884916533,1
2017-01-06 09:35:49 INFO AddIdentifyResult: 12617,018354622576,-1,
2017-01-06 09:35:56 INFO AddIdentifyResult: 12617,018354622576,-3,
2017-01-06 09:36:52 INFO AddIdentifyResult: 12618,013181865693,-1,
2017-01-06 09:37:02 INFO AddIdentifyResult: 12618,013181865693,-3,
2017-01-06 09:37:58 INFO AddIdentifyResult: 12617,018354622576,12,
2017-01-06 09:38:06 INFO AddIdentifyResult: 12617,018354622576,10,reg/018354622576_0106093739|reg/018354622576_0106093739|reg/018354622576_
2017-01-06 09:38:06 INFO UpdateUserState: 018354622576,1
2017-01-06 09:39:35 INFO AddIdentifyResult: 12618,013181865693,12,
2017-01-06 09:39:43 INFO AddIdentifyResult: 12618,013181865693,10,reg/013181865693_0106093845|reg/013181865693_0106093845|reg/013181865693_
2017-01-06 09:39:43 INFO UpdateUserState: 013181865693,1
2017-01-06 09:42:08 INFO AddIdentifyResult: 12619,013297663850,-1,
2017-01-06 09:42:23 INFO AddIdentifyResult: 12620,013181863879,-1,
2017-01-06 09:42:30 INFO AddIdentifyResult: 12621,013297663850,-1,
2017-01-06 09:42:35 INFO AddIdentifyResult: 12620,013181863879,-3,
2017-01-06 09:44:47 INFO AddIdentifyResult: 12622,013297663850,-1,
2017-01-06 09:44:48 INFO AddIdentifyResult: 12620,013181863879,12,
2017-01-06 09:44:55 INFO AddIdentifyResult: 12620,013181863879,10,reg/013181863879_0106094418|reg/013181863879_0106094418|reg/013181863879_
2017-01-06 09:44:55 INFO UpdateUserState: 013181863879,1
2017-01-06 09:45:00 INFO AddIdentifyResult: 12622,013297663850,-3,
2017-01-06 09:45:50 INFO AddIdentifyResult: 12622,013297663850,11,reg/013297663850_|reg/013297663850_|reg/013297663850_
2017-01-06 09:46:16 INFO AddIdentifyResult: 12623,018354670218,-1,
2017-01-06 09:46:17 INFO AddIdentifyResult: 12624,013297663850,-1,
2017-01-06 09:46:34 INFO AddIdentifyResult: 12624,013297663850,-3,
2017-01-06 09:46:36 INFO AddIdentifyResult: 12624,013297663850,11,reg/013297663850_|reg/013297663850_|reg/013297663850_
2017-01-06 09:46:47 INFO AddIdentifyResult: 12625,013297663850,-1,
2017-01-06 09:46:52 INFO AddIdentifyResult: 12626,018354670218,-1,
2017-01-06 09:46:54 INFO AddIdentifyResult: 12625,013297663850,-3,
2017-01-06 09:47:00 INFO AddIdentifyResult: 12626,018354670218,-3,
2017-01-06 09:47:41 INFO AddIdentifyResult: 12625,013297663850,11,reg/013297663850_|reg/013297663850_|reg/013297663850_
2017-01-06 09:48:11 INFO AddIdentifyResult: 12627,013297663850,-1,
2017-01-06 09:48:23 INFO AddIdentifyResult: 12627,013297663850,-3,
2017-01-06 09:49:08 INFO AddIdentifyResult: 12626,018354670218,12,
2017-01-06 09:49:15 INFO AddIdentifyResult: 12628,013245469680,-1,
2017-01-06 09:49:16 INFO AddIdentifyResult: 12626,018354670218,10,reg/018354670218_0106094843|reg/018354670218_0106094843|reg/018354670218_
2017-01-06 09:49:16 INFO UpdateUserState: 018354670218,1
2017-01-06 09:49:52 INFO AddIdentifyResult: 12629,013245469680,-1,
2017-01-06 09:49:57 INFO AddIdentifyResult: 12629,013245469680,-3,
2017-01-06 09:50:01 INFO AddIdentifyResult: 12627,013297663850,12,
2017-01-06 09:50:08 INFO AddIdentifyResult: 12627,013297663850,10,reg/013297663850_0106095005|reg/013297663850_0106095005|reg/013297663850_
2017-01-06 09:50:08 INFO UpdateUserState: 013297663850,1
2017-01-06 09:50:21 INFO AddIdentifyResult: 12630,013297663850,-1,
2017-01-06 09:50:35 INFO AddIdentifyResult: 12630,013297663850,-3,
2017-01-06 09:51:27 INFO AddIdentifyResult: 12630,013297663850,0,ver/01/06/095218_013297663850.wav
2017-01-06 09:52:10 INFO AddIdentifyResult: 12631,013181866351,-1,
2017-01-06 09:52:11 INFO AddIdentifyResult: 12629,013245469680,12,
2017-01-06 09:52:17 INFO AddIdentifyResult: 12631,013181866351,-3,
2017-01-06 09:52:19 INFO AddIdentifyResult: 12629,013245469680,10,reg/013245469680_0106095140|reg/013245469680_0106095140|reg/013245469680_
2017-01-06 09:52:19 INFO UpdateUserState: 013245469680,1
2017-01-06 09:52:49 INFO AddIdentifyResult: 12632,013210343619,-1,
2017-01-06 09:54:06 INFO AddIdentifyResult: 12633,013210343619,-1,
2017-01-06 09:54:15 INFO AddIdentifyResult: 12633,013210343619,-3,
2017-01-06 09:54:42 INFO AddIdentifyResult: 12631,013181866351,12,
2017-01-06 09:54:49 INFO AddIdentifyResult: 12631,013181866351,10,reg/013181866351_0106095400|reg/013181866351_0106095400|reg/013181866351_
2017-01-06 09:54:49 INFO UpdateUserState: 013181866351,1
2017-01-06 09:56:22 INFO AddIdentifyResult: 12633,013210343619,12,
2017-01-06 09:56:29 INFO AddIdentifyResult: 12633,013210343619,10,reg/013210343619_0106095557|reg/013210343619_0106095557|reg/013210343619_
2017-01-06 09:56:29 INFO UpdateUserState: 013210343619,1
2017-01-06 09:57:13 INFO AddIdentifyResult: 12634,013406079741,-1,
2017-01-06 09:57:19 INFO AddIdentifyResult: 12634,013406079741,-3,
2017-01-06 09:58:25 INFO AddIdentifyResult: 12635,013181950312,-1,
2017-01-06 09:58:37 INFO AddIdentifyResult: 12635,013181950312,-3,
2017-01-06 09:58:49 INFO AddIdentifyResult: 12634,013406079741,12,
2017-01-06 09:58:55 INFO AddIdentifyResult: 12634,013406079741,10,reg/013406079741_0106095902|reg/013406079741_0106095902|reg/013406079741_
2017-01-06 09:58:56 INFO UpdateUserState: 013406079741,1
2017-01-06 10:00:09 INFO AddIdentifyResult: 12635,013181950312,12,
2017-01-06 10:00:16 INFO AddIdentifyResult: 12635,013181950312,10,reg/013181950312_0106100020|reg/013181950312_0106100020|reg/013181950312_
2017-01-06 10:00:16 INFO UpdateUserState: 013181950312,1
2017-01-06 10:01:16 INFO AddIdentifyResult: 12636,013255462003,-1,
2017-01-06 10:01:22 INFO AddIdentifyResult: 12636,013255462003,-3,
2017-01-06 10:03:46 INFO AddIdentifyResult: 12636,013255462003,12,
2017-01-06 10:03:54 INFO AddIdentifyResult: 12636,013255462003,10,reg/013255462003_0106100305|reg/013255462003_0106100305|reg/013255462003_
2017-01-06 10:03:54 INFO UpdateUserState: 013255462003,1
2017-01-06 10:03:56 INFO AddIdentifyResult: 12637,015066055529,-1,
2017-01-06 10:04:02 INFO AddIdentifyResult: 12637,015066055529,-3,
2017-01-06 10:06:24 INFO AddIdentifyResult: 12637,015066055529,12,
2017-01-06 10:06:32 INFO AddIdentifyResult: 12637,015066055529,10,reg/015066055529_0106100545|reg/015066055529_0106100545|reg/015066055529_
2017-01-06 10:06:32 INFO UpdateUserState: 015066055529,1
2017-01-06 10:08:31 INFO AddIdentifyResult: 12638,013181953237,-1,
2017-01-06 10:08:44 INFO AddIdentifyResult: 12638,013181953237,-3,
2017-01-06 10:08:58 INFO AddIdentifyResult: 12639,013255463697,-1,
2017-01-06 10:09:03 INFO AddIdentifyResult: 12639,013255463697,-3,
2017-01-06 10:09:18 INFO AddIdentifyResult: 12640,18971943862,-1,
2017-01-06 10:09:30 INFO AddIdentifyResult: 12640,18971943862,-3,
2017-01-06 10:10:22 INFO AddIdentifyResult: 12638,013181953237,12,
2017-01-06 10:10:29 INFO AddIdentifyResult: 12638,013181953237,10,reg/013181953237_0106101027|reg/013181953237_0106101027|reg/013181953237_
2017-01-06 10:10:29 INFO UpdateUserState: 013181953237,1
2017-01-06 10:11:08 INFO AddIdentifyResult: 12639,013255463697,12,
2017-01-06 10:11:16 INFO AddIdentifyResult: 12639,013255463697,10,reg/013255463697_0106101046|reg/013255463697_0106101046|reg/013255463697_
2017-01-06 10:11:17 INFO UpdateUserState: 013255463697,1
2017-01-06 10:11:20 INFO AddIdentifyResult: 12641,015554636499,-1,
2017-01-06 10:11:28 INFO AddIdentifyResult: 12641,015554636499,-3,
2017-01-06 10:12:01 INFO AddIdentifyResult: 12640,18971943862,12,
2017-01-06 10:12:09 INFO AddIdentifyResult: 12640,18971943862,10,reg/18971943862_0106101113|reg/18971943862_0106101113|reg/18971943862_
2017-01-06 10:12:09 INFO UpdateUserState: 18971943862,1
2017-01-06 10:12:46 INFO AddIdentifyResult: 12642,015965298096,-1,
2017-01-06 10:12:53 INFO AddIdentifyResult: 12642,015965298096,-3,
2017-01-06 10:13:21 INFO AddIdentifyResult: 0,18971943862,0,ver/01/06/101413_18971943862.wav
2017-01-06 10:14:25 INFO AddIdentifyResult: 12641,015554636499,12,
2017-01-06 10:14:31 INFO AddIdentifyResult: 12641,015554636499,10,reg/015554636499_0106101532|reg/015554636499_0106101532|reg/015554636499_0106101311
2017-01-06 10:14:32 INFO UpdateUserState: 015554636499,1
2017-01-06 10:14:39 INFO AddIdentifyResult: 12642,015965298096,12,
2017-01-06 10:14:45 INFO AddIdentifyResult: 12642,015965298096,10,reg/015965298096_0106101436|reg/015965298096_0106101436|reg/015965298096_
2017-01-06 10:14:45 INFO UpdateUserState: 015965298096,1
2017-01-06 10:17:32 INFO AddIdentifyResult: 12644,013255463986,-1,
2017-01-06 10:18:00 INFO AddIdentifyResult: 12645,013255463986,-1,
2017-01-06 10:18:05 INFO AddIdentifyResult: 12645,013255463986,-3,
2017-01-06 10:18:19 INFO AddIdentifyResult: 12646,013465282367,-1,
2017-01-06 10:18:33 INFO AddIdentifyResult: 12646,013465282367,-3,
2017-01-06 10:20:09 INFO AddIdentifyResult: 12645,013255463986,12,
2017-01-06 10:20:17 INFO AddIdentifyResult: 12645,013255463986,10,reg/013255463986_0106101948|reg/013255463986_0106101948|reg/013255463986_
2017-01-06 10:20:17 INFO UpdateUserState: 013255463986,1
2017-01-06 10:20:23 INFO AddIdentifyResult: 12647,013406123998,-1,
2017-01-06 10:20:31 INFO AddIdentifyResult: 12647,013406123998,-3,
2017-01-06 10:20:33 INFO AddIdentifyResult: 12646,013465282367,12,
2017-01-06 10:20:40 INFO AddIdentifyResult: 12646,013465282367,10,reg/013465282367_0106102143|reg/013465282367_0106102143|reg/013465282367_0106102016
2017-01-06 10:20:40 INFO UpdateUserState: 013465282367,1
2017-01-06 10:22:50 INFO AddIdentifyResult: 12647,013406123998,12,
2017-01-06 10:22:57 INFO AddIdentifyResult: 12647,013406123998,10,reg/013406123998_0106102214|reg/013406123998_0106102214|reg/013406123998_
2017-01-06 10:22:57 INFO UpdateUserState: 013406123998,1
2017-01-06 10:24:34 INFO AddIdentifyResult: 12648,013805467599,-1,
2017-01-06 10:24:45 INFO AddIdentifyResult: 12648,013805467599,-3,
2017-01-06 10:25:32 INFO AddIdentifyResult: 12649,18267035120,-1,
2017-01-06 10:27:09 INFO AddIdentifyResult: 12648,013805467599,12,
2017-01-06 10:27:10 INFO AddIdentifyResult: 12650,18267035120,-1,
2017-01-06 10:27:17 INFO AddIdentifyResult: 12648,013805467599,10,reg/013805467599_0106102628|reg/013805467599_0106102628|reg/013805467599_
2017-01-06 10:27:17 INFO UpdateUserState: 013805467599,1
2017-01-06 10:27:17 INFO AddIdentifyResult: 12651,013255463728,-1,
2017-01-06 10:27:22 INFO AddIdentifyResult: 12651,013255463728,-3,
2017-01-06 10:27:41 INFO AddIdentifyResult: 12652,013181998280,-1,
2017-01-06 10:27:54 INFO AddIdentifyResult: 12652,013181998280,-3,
2017-01-06 10:28:25 INFO AddIdentifyResult: 12653,15335757431,-1,
2017-01-06 10:28:31 INFO AddIdentifyResult: 12653,15335757431,-3,
2017-01-06 10:29:40 INFO AddIdentifyResult: 12651,013255463728,12,
2017-01-06 10:29:49 INFO AddIdentifyResult: 12651,013255463728,10,reg/013255463728_0106102905|reg/013255463728_0106102905|reg/013255463728_
2017-01-06 10:29:49 INFO UpdateUserState: 013255463728,1
2017-01-06 10:30:12 INFO AddIdentifyResult: 12652,013181998280,12,
2017-01-06 10:30:19 INFO AddIdentifyResult: 12652,013181998280,10,reg/013181998280_0106102937|reg/013181998280_0106102937|reg/013181998280_
2017-01-06 10:30:20 INFO UpdateUserState: 013181998280,1
2017-01-06 10:30:56 INFO AddIdentifyResult: 12653,15335757431,12,
2017-01-06 10:31:04 INFO AddIdentifyResult: 12653,15335757431,10,reg/15335757431_0106103014|reg/15335757431_0106103014|reg/15335757431_
2017-01-06 10:31:04 INFO UpdateUserState: 15335757431,1
2017-01-06 10:31:36 INFO AddIdentifyResult: 12654,013255465796,-1,
2017-01-06 10:31:40 INFO AddIdentifyResult: 12654,013255465796,-3,
2017-01-06 10:33:12 INFO AddIdentifyResult: 12654,013255465796,12,
2017-01-06 10:33:18 INFO AddIdentifyResult: 12654,013255465796,10,reg/013255465796_0106103323|reg/013255465796_0106103323|reg/013255465796_
2017-01-06 10:33:18 INFO UpdateUserState: 013255465796,1
2017-01-06 10:34:32 INFO AddIdentifyResult: 12655,018860635260,-1,
2017-01-06 10:34:43 INFO AddIdentifyResult: 12655,018860635260,-3,
2017-01-06 10:35:17 INFO AddIdentifyResult: 12656,013255465796,-1,
2017-01-06 10:36:30 INFO AddIdentifyResult: 12655,018860635260,12,
2017-01-06 10:36:37 INFO AddIdentifyResult: 12655,018860635260,10,reg/018860635260_0106103626|reg/018860635260_0106103626|reg/018860635260_
2017-01-06 10:36:37 INFO UpdateUserState: 018860635260,1
2017-01-06 10:39:11 INFO AddIdentifyResult: 12657,013275469938,-1,
2017-01-06 10:39:29 INFO AddIdentifyResult: 12658,015254650381,-1,
2017-01-06 10:39:40 INFO AddIdentifyResult: 12659,013275469938,-1,
2017-01-06 10:39:44 INFO AddIdentifyResult: 12658,015254650381,-3,
2017-01-06 10:41:58 INFO AddIdentifyResult: 12660,013275469938,-1,
2017-01-06 10:42:03 INFO AddIdentifyResult: 12658,015254650381,12,
2017-01-06 10:42:04 INFO AddIdentifyResult: 12660,013275469938,-3,
2017-01-06 10:42:09 INFO AddIdentifyResult: 12658,015254650381,10,reg/015254650381_0106104318|reg/015254650381_0106104318|reg/015254650381_0106104127
2017-01-06 10:42:09 INFO UpdateUserState: 015254650381,1
2017-01-06 10:42:58 INFO AddIdentifyResult: 12661,013181983197,-1,
2017-01-06 10:43:13 INFO AddIdentifyResult: 12661,013181983197,-3,
2017-01-06 10:43:36 INFO AddIdentifyResult: 12660,013275469938,12,
2017-01-06 10:43:44 INFO AddIdentifyResult: 12660,013275469938,10,reg/013275469938_0106104347|reg/013275469938_0106104347|reg/013275469938_
2017-01-06 10:43:44 INFO UpdateUserState: 013275469938,1
2017-01-06 10:45:29 INFO AddIdentifyResult: 12661,013181983197,12,
2017-01-06 10:45:35 INFO AddIdentifyResult: 12661,013181983197,10,reg/013181983197_0106104643|reg/013181983197_0106104643|reg/013181983197_0106104456
2017-01-06 10:45:35 INFO UpdateUserState: 013181983197,1
2017-01-06 10:45:36 INFO AddIdentifyResult: 12662,013256476828,-1,
2017-01-06 10:45:45 INFO AddIdentifyResult: 12662,013256476828,-3,
2017-01-06 10:46:05 INFO AddIdentifyResult: 0,013210342569,1,
2017-01-06 10:47:04 INFO AddIdentifyResult: 12662,013256476828,12,
2017-01-06 10:47:10 INFO AddIdentifyResult: 12662,013256476828,10,reg/013256476828_0106104728|reg/013256476828_0106104728|reg/013256476828_
2017-01-06 10:47:11 INFO UpdateUserState: 013256476828,1
2017-01-06 10:48:03 INFO AddIdentifyResult: 12664,013181401862,-1,
2017-01-06 10:48:13 INFO AddIdentifyResult: 12664,013181401862,-3,
2017-01-06 10:50:25 INFO AddIdentifyResult: 12664,013181401862,12,
2017-01-06 10:50:33 INFO AddIdentifyResult: 12664,013181401862,10,reg/013181401862_0106104956|reg/013181401862_0106104956|reg/013181401862_
2017-01-06 10:50:33 INFO UpdateUserState: 013181401862,1
2017-01-06 10:50:50 INFO AddIdentifyResult: 12665,015166261219,-1,
2017-01-06 10:50:58 INFO AddIdentifyResult: 12665,015166261219,-3,
2017-01-06 10:51:58 INFO AddIdentifyResult: 12666,013255466252,-1,
2017-01-06 10:52:03 INFO AddIdentifyResult: 12666,013255466252,-3,
2017-01-06 10:53:14 INFO AddIdentifyResult: 12665,015166261219,12,
2017-01-06 10:53:21 INFO AddIdentifyResult: 12665,015166261219,10,reg/015166261219_0106105241|reg/015166261219_0106105241|reg/015166261219_
2017-01-06 10:53:21 INFO UpdateUserState: 015166261219,1
2017-01-06 10:53:37 INFO AddIdentifyResult: 12666,013255466252,12,
2017-01-06 10:53:44 INFO AddIdentifyResult: 12666,013255466252,10,reg/013255466252_0106105346|reg/013255466252_0106105346|reg/013255466252_
2017-01-06 10:53:44 INFO UpdateUserState: 013255466252,1
2017-01-06 10:54:52 INFO AddIdentifyResult: 12667,013181402107,-1,
2017-01-06 10:54:56 INFO AddIdentifyResult: 12667,013181402107,-3,
2017-01-06 10:55:15 INFO AddIdentifyResult: 12667,013181402107,11,reg/013181402107_|reg/013181402107_|reg/013181402107_
2017-01-06 10:55:27 INFO AddIdentifyResult: 12668,013181402107,-1,
2017-01-06 10:55:31 INFO AddIdentifyResult: 12668,013181402107,-3,
2017-01-06 10:56:36 INFO AddIdentifyResult: 12668,013181402107,11,reg/013181402107_|reg/013181402107_|reg/013181402107_
2017-01-06 10:56:51 INFO AddIdentifyResult: 12669,013256472887,-1,
2017-01-06 10:57:01 INFO AddIdentifyResult: 12669,013256472887,-3,
2017-01-06 10:57:38 INFO AddIdentifyResult: 12670,013181402107,-1,
2017-01-06 10:57:45 INFO AddIdentifyResult: 12670,013181402107,-3,
2017-01-06 10:59:01 INFO AddIdentifyResult: 12669,013256472887,12,
2017-01-06 10:59:09 INFO AddIdentifyResult: 12669,013256472887,10,reg/013256472887_0106105844|reg/013256472887_0106105844|reg/013256472887_
2017-01-06 10:59:09 INFO UpdateUserState: 013256472887,1
2017-01-06 10:59:13 INFO AddIdentifyResult: 12671,018765468748,-1,
2017-01-06 10:59:15 INFO AddIdentifyResult: 12670,013181402107,11,reg/013181402107_|reg/013181402107_|reg/013181402107_
2017-01-06 10:59:19 INFO AddIdentifyResult: 12671,018765468748,-3,
2017-01-06 11:00:45 INFO AddIdentifyResult: 12672,013181402107,-1,
2017-01-06 11:00:51 INFO AddIdentifyResult: 12672,013181402107,-3,
2017-01-06 11:01:11 INFO AddIdentifyResult: 12671,018765468748,12,
2017-01-06 11:01:19 INFO AddIdentifyResult: 12671,018765468748,10,reg/018765468748_0106110102|reg/018765468748_0106110102|reg/018765468748_
2017-01-06 11:01:19 INFO UpdateUserState: 018765468748,1
2017-01-06 11:02:35 INFO AddIdentifyResult: 12672,013181402107,12,
2017-01-06 11:02:42 INFO AddIdentifyResult: 12672,013181402107,10,reg/013181402107_0106110234|reg/013181402107_0106110234|reg/013181402107_
2017-01-06 11:02:43 INFO UpdateUserState: 013181402107,1
2017-01-06 11:03:30 INFO AddIdentifyResult: 12673,013255468090,-1,
2017-01-06 11:03:38 INFO AddIdentifyResult: 12673,013255468090,-3,
2017-01-06 11:05:19 INFO AddIdentifyResult: 12673,013255468090,12,
2017-01-06 11:05:27 INFO AddIdentifyResult: 12673,013255468090,10,reg/013255468090_0106110520|reg/013255468090_0106110520|reg/013255468090_
2017-01-06 11:05:27 INFO UpdateUserState: 013255468090,1
2017-01-06 11:05:46 INFO AddIdentifyResult: 12674,013697832226,-1,
2017-01-06 11:05:54 INFO AddIdentifyResult: 12674,013697832226,-3,
2017-01-06 11:08:05 INFO AddIdentifyResult: 12674,013697832226,12,
2017-01-06 11:08:14 INFO AddIdentifyResult: 12674,013697832226,10,reg/013697832226_0106110737|reg/013697832226_0106110737|reg/013697832226_
2017-01-06 11:08:14 INFO UpdateUserState: 013697832226,1
2017-01-06 11:08:23 INFO AddIdentifyResult: 12675,013181401895,-1,
2017-01-06 11:08:28 INFO AddIdentifyResult: 12675,013181401895,-3,
2017-01-06 11:08:43 INFO AddIdentifyResult: 12675,013181401895,11,reg/013181401895_|reg/013181401895_|reg/013181401895_
2017-01-06 11:08:53 INFO AddIdentifyResult: 12676,013181401895,-1,
2017-01-06 11:08:59 INFO AddIdentifyResult: 12676,013181401895,-3,
2017-01-06 11:09:15 INFO AddIdentifyResult: 12677,013678618073,-1,
2017-01-06 11:09:21 INFO AddIdentifyResult: 12677,013678618073,-3,
2017-01-06 11:11:08 INFO AddIdentifyResult: 12676,013181401895,12,
2017-01-06 11:11:15 INFO AddIdentifyResult: 12676,013181401895,10,reg/013181401895_0106111042|reg/013181401895_0106111042|reg/013181401895_
2017-01-06 11:11:16 INFO UpdateUserState: 013181401895,1
2017-01-06 11:11:28 INFO AddIdentifyResult: 12677,013678618073,12,
2017-01-06 11:11:37 INFO AddIdentifyResult: 12677,013678618073,10,reg/013678618073_0106111104|reg/013678618073_0106111104|reg/013678618073_
2017-01-06 11:11:37 INFO UpdateUserState: 013678618073,1
2017-01-06 11:12:21 INFO AddIdentifyResult: 12678,013181402267,-1,
2017-01-06 11:12:35 INFO AddIdentifyResult: 12678,013181402267,-3,
2017-01-06 11:14:51 INFO AddIdentifyResult: 12678,013181402267,12,
2017-01-06 11:14:59 INFO AddIdentifyResult: 12678,013181402267,10,reg/013181402267_0106111418|reg/013181402267_0106111418|reg/013181402267_
2017-01-06 11:14:59 INFO UpdateUserState: 013181402267,1
2017-01-06 11:20:02 INFO AddIdentifyResult: 12679,013255606919,-1,
2017-01-06 11:20:13 INFO AddIdentifyResult: 12679,013255606919,-3,
2017-01-06 11:21:39 INFO AddIdentifyResult: 12680,013675468039,-1,
2017-01-06 11:21:49 INFO AddIdentifyResult: 12679,013255606919,12,
2017-01-06 11:21:52 INFO AddIdentifyResult: 12680,013675468039,-3,
2017-01-06 11:21:55 INFO AddIdentifyResult: 12679,013255606919,10,reg/013255606919_0106112156|reg/013255606919_0106112156|reg/013255606919_
2017-01-06 11:21:55 INFO UpdateUserState: 013255606919,1
2017-01-06 11:22:24 INFO AddIdentifyResult: 12681,013406081275,-1,
2017-01-06 11:22:31 INFO AddIdentifyResult: 12681,013406081275,-3,
2017-01-06 11:24:31 INFO AddIdentifyResult: 12681,013406081275,12,
2017-01-06 11:24:37 INFO AddIdentifyResult: 12681,013406081275,10,reg/013406081275_0106112414|reg/013406081275_0106112414|reg/013406081275_
2017-01-06 11:24:38 INFO UpdateUserState: 013406081275,1
2017-01-06 11:25:12 INFO AddIdentifyResult: 12680,013675468039,11,reg/013675468039_|reg/013675468039_|reg/013675468039_
2017-01-06 11:25:24 INFO AddIdentifyResult: 12682,013255603087,-1,
2017-01-06 11:25:35 INFO AddIdentifyResult: 12683,013675468039,-1,
2017-01-06 11:25:42 INFO AddIdentifyResult: 12683,013675468039,-3,
2017-01-06 11:26:30 INFO AddIdentifyResult: 12684,013255603087,-1,
2017-01-06 11:27:28 INFO AddIdentifyResult: 12683,013675468039,12,
2017-01-06 11:27:35 INFO AddIdentifyResult: 12683,013675468039,10,reg/013675468039_0106112725|reg/013675468039_0106112725|reg/013675468039_
2017-01-06 11:27:35 INFO UpdateUserState: 013675468039,1
2017-01-06 11:27:48 INFO AddIdentifyResult: 12685,013181402127,-1,
2017-01-06 11:27:58 INFO AddIdentifyResult: 12685,013181402127,-3,
2017-01-06 11:28:10 INFO AddIdentifyResult: 12685,013181402127,11,reg/013181402127_|reg/013181402127_|reg/013181402127_
2017-01-06 11:28:22 INFO AddIdentifyResult: 12686,013181402127,-1,
2017-01-06 11:28:38 INFO AddIdentifyResult: 12687,013255469657,-1,
2017-01-06 11:28:39 INFO AddIdentifyResult: 12686,013181402127,-3,
2017-01-06 11:28:43 INFO AddIdentifyResult: 12687,013255469657,-3,
2017-01-06 11:30:13 INFO AddIdentifyResult: 12686,013181402127,12,
2017-01-06 11:30:20 INFO AddIdentifyResult: 12686,013181402127,10,reg/013181402127_0106113022|reg/013181402127_0106113022|reg/013181402127_
2017-01-06 11:30:20 INFO UpdateUserState: 013181402127,1
2017-01-06 11:30:54 INFO AddIdentifyResult: 12688,013181402621,-1,
2017-01-06 11:31:20 INFO AddIdentifyResult: 12687,013255469657,12,
2017-01-06 11:31:26 INFO AddIdentifyResult: 12687,013255469657,10,reg/013255469657_0106113229|reg/013255469657_0106113229|reg/013255469657_0106113026
2017-01-06 11:31:27 INFO UpdateUserState: 013255469657,1
2017-01-06 11:31:29 INFO AddIdentifyResult: 12689,013405460710,-1,
2017-01-06 11:31:52 INFO AddIdentifyResult: 12690,013405460710,-1,
2017-01-06 11:32:29 INFO AddIdentifyResult: 12691,013181402692,-1,
2017-01-06 11:32:44 INFO AddIdentifyResult: 12691,013181402692,-3,
2017-01-06 11:33:50 INFO AddIdentifyResult: 12692,013256471739,-1,
2017-01-06 11:33:55 INFO AddIdentifyResult: 12693,13181402287,-1,
2017-01-06 11:34:20 INFO AddIdentifyResult: 12691,013181402692,12,
2017-01-06 11:34:27 INFO AddIdentifyResult: 12691,013181402692,10,reg/013181402692_0106113427|reg/013181402692_0106113427|reg/013181402692_
2017-01-06 11:34:28 INFO UpdateUserState: 013181402692,1
2017-01-06 11:34:46 INFO AddIdentifyResult: 12694,013181402287,-1,
2017-01-06 11:35:13 INFO AddIdentifyResult: 12695,013181402287,-1,
2017-01-06 11:36:18 INFO AddIdentifyResult: 12696,013256471739,-1,
2017-01-06 11:36:46 INFO AddIdentifyResult: 12697,013256471739,-1,
2017-01-06 11:36:50 INFO AddIdentifyResult: 12698,013181402621,-1,
2017-01-06 11:36:55 INFO AddIdentifyResult: 12697,013256471739,-3,
2017-01-06 11:39:08 INFO AddIdentifyResult: 12697,013256471739,12,
2017-01-06 11:39:15 INFO AddIdentifyResult: 12697,013256471739,10,reg/013256471739_0106114011|reg/013256471739_0106114011|reg/013256471739_0106113838
2017-01-06 11:39:15 INFO UpdateUserState: 013256471739,1
2017-01-06 11:39:25 INFO AddIdentifyResult: 12699,013552918213,-1,
2017-01-06 11:39:36 INFO AddIdentifyResult: 12699,013552918213,-3,
2017-01-06 11:39:42 INFO AddIdentifyResult: 12700,013181402621,-1,
2017-01-06 11:39:51 INFO AddIdentifyResult: 12700,013181402621,-3,
2017-01-06 11:41:24 INFO AddIdentifyResult: 12701,018764591075,-1,
2017-01-06 11:41:42 INFO AddIdentifyResult: 12701,018764591075,-3,
2017-01-06 11:42:01 INFO AddIdentifyResult: 12700,013181402621,12,
2017-01-06 11:42:08 INFO AddIdentifyResult: 12700,013181402621,10,reg/013181402621_0106114309|reg/013181402621_0106114309|reg/013181402621_0106114134
2017-01-06 11:42:08 INFO UpdateUserState: 013181402621,1
2017-01-06 11:42:19 INFO AddIdentifyResult: 12699,013552918213,11,reg/013552918213_|reg/013552918213_|reg/013552918213_
2017-01-06 11:43:16 INFO AddIdentifyResult: 12701,018764591075,12,
2017-01-06 11:43:22 INFO AddIdentifyResult: 12701,018764591075,10,reg/018764591075_0106114325|reg/018764591075_0106114325|reg/018764591075_
2017-01-06 11:43:22 INFO UpdateUserState: 018764591075,1
2017-01-06 11:44:00 INFO AddIdentifyResult: 12702,013255603087,-1,
2017-01-06 11:46:12 INFO AddIdentifyResult: 12703,013255603087,-1,
2017-01-06 11:46:54 INFO AddIdentifyResult: 12704,013181402287,-1,
2017-01-06 11:47:00 INFO AddIdentifyResult: 12704,013181402287,-3,
2017-01-06 11:47:34 INFO AddIdentifyResult: 12705,013256473387,-1,
2017-01-06 11:47:51 INFO AddIdentifyResult: 12705,013256473387,-3,
2017-01-06 11:48:32 INFO AddIdentifyResult: 12704,013181402287,12,
2017-01-06 11:48:39 INFO AddIdentifyResult: 12704,013181402287,10,reg/013181402287_0106114843|reg/013181402287_0106114843|reg/013181402287_
2017-01-06 11:48:40 INFO UpdateUserState: 013181402287,1
2017-01-06 11:49:32 INFO AddIdentifyResult: 12705,013256473387,12,
2017-01-06 11:49:40 INFO AddIdentifyResult: 12705,013256473387,10,reg/013256473387_0106114934|reg/013256473387_0106114934|reg/013256473387_
2017-01-06 11:49:40 INFO UpdateUserState: 013256473387,1
2017-01-06 11:50:38 INFO AddIdentifyResult: 12706,013255607816,-1,
2017-01-06 11:50:49 INFO AddIdentifyResult: 12706,013255607816,-3,
2017-01-06 11:52:36 INFO AddIdentifyResult: 12706,013255607816,12,
2017-01-06 11:52:43 INFO AddIdentifyResult: 12706,013255607816,10,reg/013255607816_0106115232|reg/013255607816_0106115232|reg/013255607816_
2017-01-06 11:52:43 INFO UpdateUserState: 013255607816,1
2017-01-06 11:52:49 INFO AddIdentifyResult: 12707,015965464263,-1,
2017-01-06 11:52:56 INFO AddIdentifyResult: 12707,015965464263,-3,
2017-01-06 11:54:32 INFO AddIdentifyResult: 12707,015965464263,12,
2017-01-06 11:54:39 INFO AddIdentifyResult: 12707,015965464263,10,reg/015965464263_0106115440|reg/015965464263_0106115440|reg/015965464263_
2017-01-06 11:54:39 INFO UpdateUserState: 015965464263,1
2017-01-06 11:55:09 INFO AddIdentifyResult: 12708,013256473606,-1,
2017-01-06 11:55:17 INFO AddIdentifyResult: 12708,013256473606,-3,
2017-01-06 11:56:59 INFO AddIdentifyResult: 12708,013256473606,12,
2017-01-06 11:57:07 INFO AddIdentifyResult: 12708,013256473606,10,reg/013256473606_0106115701|reg/013256473606_0106115701|reg/013256473606_
2017-01-06 11:57:07 INFO UpdateUserState: 013256473606,1
2017-01-06 11:57:29 INFO AddIdentifyResult: 12709,013280312153,-1,
2017-01-06 11:57:35 INFO AddIdentifyResult: 12709,013280312153,-3,
2017-01-06 11:59:50 INFO AddIdentifyResult: 12709,013280312153,12,
2017-01-06 11:59:56 INFO AddIdentifyResult: 12709,013280312153,10,reg/013280312153_0106120102|reg/013280312153_0106120102|reg/013280312153_0106115918
2017-01-06 11:59:57 INFO UpdateUserState: 013280312153,1
2017-01-06 12:00:06 INFO AddIdentifyResult: 12710,014768925794,-1,
2017-01-06 12:00:40 INFO AddIdentifyResult: 12711,014768925794,-1,
2017-01-06 12:02:14 INFO AddIdentifyResult: 12712,013256475273,-1,
2017-01-06 12:02:19 INFO AddIdentifyResult: 12712,013256475273,-3,
2017-01-06 12:02:20 INFO AddIdentifyResult: 12713,013280339509,-1,
2017-01-06 12:02:57 INFO AddIdentifyResult: 12714,013280339509,-1,
2017-01-06 12:03:04 INFO AddIdentifyResult: 12714,013280339509,-3,
2017-01-06 12:04:13 INFO AddIdentifyResult: 12712,013256475273,12,
2017-01-06 12:04:20 INFO AddIdentifyResult: 12712,013256475273,10,reg/013256475273_0106120526|reg/013256475273_0106120526|reg/013256475273_0106120403
2017-01-06 12:04:20 INFO UpdateUserState: 013256475273,1
2017-01-06 12:04:27 INFO AddIdentifyResult: 12715,018754677192,-1,
2017-01-06 12:04:35 INFO AddIdentifyResult: 12715,018754677192,-3,
2017-01-06 12:05:59 INFO AddIdentifyResult: 12714,013280339509,12,
2017-01-06 12:06:07 INFO AddIdentifyResult: 12714,013280339509,10,reg/013280339509_0106120656|reg/013280339509_0106120656|reg/013280339509_0106120448
2017-01-06 12:06:07 INFO UpdateUserState: 013280339509,1
2017-01-06 12:06:29 INFO AddIdentifyResult: 12715,018754677192,12,
2017-01-06 12:06:36 INFO AddIdentifyResult: 12715,018754677192,10,reg/018754677192_0106120618|reg/018754677192_0106120618|reg/018754677192_
2017-01-06 12:06:36 INFO UpdateUserState: 018754677192,1
2017-01-06 12:08:01 INFO AddIdentifyResult: 12716,015954608790,-1,
2017-01-06 12:08:14 INFO AddIdentifyResult: 12716,015954608790,-3,
2017-01-06 12:10:58 INFO AddIdentifyResult: 12716,015954608790,12,
2017-01-06 12:11:06 INFO AddIdentifyResult: 12716,015954608790,10,reg/015954608790_0106121134|reg/015954608790_0106121134|reg/015954608790_0106120957
2017-01-06 12:11:06 INFO UpdateUserState: 015954608790,1
2017-01-06 12:11:31 INFO AddIdentifyResult: 12717,013256473537,-1,
2017-01-06 12:11:42 INFO AddIdentifyResult: 12717,013256473537,-3,
2017-01-06 12:14:00 INFO AddIdentifyResult: 12717,013256473537,12,
2017-01-06 12:14:08 INFO AddIdentifyResult: 12717,013256473537,10,reg/013256473537_0106121325|reg/013256473537_0106121325|reg/013256473537_
2017-01-06 12:14:08 INFO UpdateUserState: 013256473537,1
2017-01-06 12:16:46 INFO AddIdentifyResult: 12718,018764591075,-1,
2017-01-06 12:16:56 INFO AddIdentifyResult: 12718,018764591075,-3,
2017-01-06 12:19:28 INFO AddIdentifyResult: 12718,018764591075,12,
2017-01-06 12:19:34 INFO AddIdentifyResult: 12718,018764591075,10,reg/018764591075_0106122030|reg/018764591075_0106122030|reg/018764591075_0106121839
2017-01-06 12:19:35 INFO UpdateUserState: 018764591075,1
2017-01-06 12:19:59 INFO AddIdentifyResult: 12719,013256473621,-1,
2017-01-06 12:20:03 INFO AddIdentifyResult: 12720,013256473395,-1,
2017-01-06 12:20:06 INFO AddIdentifyResult: 12719,013256473621,-3,
2017-01-06 12:20:16 INFO AddIdentifyResult: 12720,013256473395,-3,
2017-01-06 12:22:10 INFO AddIdentifyResult: 12720,013256473395,12,
2017-01-06 12:22:17 INFO AddIdentifyResult: 12720,013256473395,10,reg/013256473395_0106122200|reg/013256473395_0106122200|reg/013256473395_
2017-01-06 12:22:18 INFO UpdateUserState: 013256473395,1
2017-01-06 12:22:19 INFO AddIdentifyResult: 12721,015965283607,-1,
2017-01-06 12:22:25 INFO AddIdentifyResult: 12719,013256473621,12,
2017-01-06 12:22:27 INFO AddIdentifyResult: 12721,015965283607,-3,
2017-01-06 12:22:33 INFO AddIdentifyResult: 12719,013256473621,10,reg/013256473621_0106122336|reg/013256473621_0106122336|reg/013256473621_0106122149
2017-01-06 12:22:33 INFO UpdateUserState: 013256473621,1
2017-01-06 12:22:41 INFO AddIdentifyResult: 12722,013780790097,-1,
2017-01-06 12:22:49 INFO AddIdentifyResult: 12722,013780790097,-3,
2017-01-06 12:24:19 INFO AddIdentifyResult: 12721,015965283607,12,
2017-01-06 12:24:27 INFO AddIdentifyResult: 12721,015965283607,10,reg/015965283607_0106122411|reg/015965283607_0106122411|reg/015965283607_
2017-01-06 12:24:27 INFO UpdateUserState: 015965283607,1
2017-01-06 12:24:36 INFO AddIdentifyResult: 12722,013780790097,12,
2017-01-06 12:24:43 INFO AddIdentifyResult: 12722,013780790097,10,reg/013780790097_0106122432|reg/013780790097_0106122432|reg/013780790097_
2017-01-06 12:24:43 INFO UpdateUserState: 013780790097,1
2017-01-06 12:25:06 INFO AddIdentifyResult: 12723,013256473618,-1,
2017-01-06 12:25:12 INFO AddIdentifyResult: 12723,013256473618,-3,
2017-01-06 12:26:47 INFO AddIdentifyResult: 12724,013563365809,-1,
2017-01-06 12:26:54 INFO AddIdentifyResult: 12724,013563365809,-3,
2017-01-06 12:27:13 INFO AddIdentifyResult: 12723,013256473618,12,
2017-01-06 12:27:20 INFO AddIdentifyResult: 12723,013256473618,10,reg/013256473618_0106122655|reg/013256473618_0106122655|reg/013256473618_
2017-01-06 12:27:20 INFO UpdateUserState: 013256473618,1
2017-01-06 12:27:44 INFO AddIdentifyResult: 12725,013256473653,-1,
2017-01-06 12:27:53 INFO AddIdentifyResult: 12725,013256473653,-3,
2017-01-06 12:28:49 INFO AddIdentifyResult: 12724,013563365809,12,
2017-01-06 12:28:55 INFO AddIdentifyResult: 12724,013563365809,10,reg/013563365809_0106122837|reg/013563365809_0106122837|reg/013563365809_
2017-01-06 12:28:56 INFO UpdateUserState: 013563365809,1
2017-01-06 12:30:17 INFO AddIdentifyResult: 12726,013256473697,-1,
2017-01-06 12:30:23 INFO AddIdentifyResult: 12726,013256473697,-3,
2017-01-06 12:30:55 INFO AddIdentifyResult: 12725,013256473653,12,
2017-01-06 12:31:01 INFO AddIdentifyResult: 12725,013256473653,10,reg/013256473653_0106123210|reg/013256473653_0106123210|reg/013256473653_0106122936
2017-01-06 12:31:01 INFO UpdateUserState: 013256473653,1
2017-01-06 12:32:15 INFO AddIdentifyResult: 12726,013256473697,12,
2017-01-06 12:32:21 INFO AddIdentifyResult: 12726,013256473697,10,reg/013256473697_0106123327|reg/013256473697_0106123327|reg/013256473697_0106123206
2017-01-06 12:32:21 INFO UpdateUserState: 013256473697,1
2017-01-06 13:38:43 INFO AddIdentifyResult: 12727,018354692307,-1,
2017-01-06 13:38:54 INFO AddIdentifyResult: 12727,018354692307,-3,
2017-01-06 13:40:39 INFO AddIdentifyResult: 12728,013181401827,-1,
2017-01-06 13:40:49 INFO AddIdentifyResult: 12728,013181401827,-3,
2017-01-06 13:41:00 INFO AddIdentifyResult: 12727,018354692307,12,
2017-01-06 13:41:08 INFO AddIdentifyResult: 12727,018354692307,10,reg/018354692307_0106134038|reg/018354692307_0106134038|reg/018354692307_
2017-01-06 13:41:08 INFO UpdateUserState: 018354692307,1
2017-01-06 13:42:43 INFO AddIdentifyResult: 12728,013181401827,12,
2017-01-06 13:42:46 INFO AddIdentifyResult: 12729,015263831829,-1,
2017-01-06 13:42:50 INFO AddIdentifyResult: 12728,013181401827,10,reg/013181401827_0106134232|reg/013181401827_0106134232|reg/013181401827_
2017-01-06 13:42:50 INFO UpdateUserState: 013181401827,1
2017-01-06 13:42:55 INFO AddIdentifyResult: 12729,015263831829,-3,
2017-01-06 13:43:01 INFO AddIdentifyResult: 12730,013054665486,-1,
2017-01-06 13:43:12 INFO AddIdentifyResult: 12730,013054665486,-3,
2017-01-06 13:45:04 INFO AddIdentifyResult: 12730,013054665486,12,
2017-01-06 13:45:10 INFO AddIdentifyResult: 12730,013054665486,10,reg/013054665486_0106134455|reg/013054665486_0106134455|reg/013054665486_
2017-01-06 13:45:11 INFO UpdateUserState: 013054665486,1
2017-01-06 13:45:25 INFO AddIdentifyResult: 12729,015263831829,12,
2017-01-06 13:45:33 INFO AddIdentifyResult: 12729,015263831829,10,reg/015263831829_0106134632|reg/015263831829_0106134632|reg/015263831829_0106134438
2017-01-06 13:45:33 INFO UpdateUserState: 015263831829,1
2017-01-06 13:45:46 INFO AddIdentifyResult: 12731,013256475091,-1,
2017-01-06 13:45:51 INFO AddIdentifyResult: 12731,013256475091,-3,
2017-01-06 13:48:00 INFO AddIdentifyResult: 12732,013181401897,-1,
2017-01-06 13:48:09 INFO AddIdentifyResult: 12732,013181401897,-3,
2017-01-06 13:48:24 INFO AddIdentifyResult: 12731,013256475091,12,
2017-01-06 13:48:31 INFO AddIdentifyResult: 12731,013256475091,10,reg/013256475091_0106134934|reg/013256475091_0106134934|reg/013256475091_0106134735
2017-01-06 13:48:31 INFO UpdateUserState: 013256475091,1
2017-01-06 13:50:04 INFO AddIdentifyResult: 12733,013255603087,-1,
2017-01-06 13:50:15 INFO AddIdentifyResult: 12733,013255603087,-3,
2017-01-06 13:50:29 INFO AddIdentifyResult: 12732,013181401897,12,
2017-01-06 13:50:35 INFO AddIdentifyResult: 12732,013181401897,10,reg/013181401897_0106134953|reg/013181401897_0106134953|reg/013181401897_
2017-01-06 13:50:35 INFO UpdateUserState: 013181401897,1
2017-01-06 13:50:49 INFO AddIdentifyResult: 12734,013176619502,-1,
2017-01-06 13:51:45 INFO AddIdentifyResult: 12735,013176619502,-1,
2017-01-06 13:52:20 INFO AddIdentifyResult: 12733,013255603087,12,
2017-01-06 13:52:27 INFO AddIdentifyResult: 12733,013255603087,10,reg/013255603087_0106135158|reg/013255603087_0106135158|reg/013255603087_
2017-01-06 13:52:27 INFO UpdateUserState: 013255603087,1
2017-01-06 13:55:04 INFO AddIdentifyResult: 12736,013256473726,-1,
2017-01-06 13:55:11 INFO AddIdentifyResult: 12736,013256473726,-3,
2017-01-06 13:55:46 INFO AddIdentifyResult: 12737,013406111149,-1,
2017-01-06 13:55:55 INFO AddIdentifyResult: 12737,013406111149,-3,
2017-01-06 13:57:11 INFO AddIdentifyResult: 12736,013256473726,12,
2017-01-06 13:57:19 INFO AddIdentifyResult: 12736,013256473726,10,reg/013256473726_0106135654|reg/013256473726_0106135654|reg/013256473726_
2017-01-06 13:57:19 INFO UpdateUserState: 013256473726,1
2017-01-06 13:57:23 INFO AddIdentifyResult: 12738,013287373738,-1,
2017-01-06 13:57:28 INFO AddIdentifyResult: 12738,013287373738,-3,
2017-01-06 13:58:53 INFO AddIdentifyResult: 12737,013406111149,12,
2017-01-06 13:58:57 INFO AddIdentifyResult: 12738,013287373738,12,
2017-01-06 13:58:59 INFO AddIdentifyResult: 12737,013406111149,10,reg/013406111149_0106140011|reg/013406111149_0106140011|reg/013406111149_0106135739
2017-01-06 13:59:00 INFO UpdateUserState: 013406111149,1
2017-01-06 13:59:07 INFO AddIdentifyResult: 12738,013287373738,10,reg/013287373738_0106135912|reg/013287373738_0106135912|reg/013287373738_
2017-01-06 13:59:07 INFO UpdateUserState: 013287373738,1
2017-01-06 14:00:13 INFO AddIdentifyResult: 12739,013256471667,-1,
2017-01-06 14:01:28 INFO AddIdentifyResult: 12740,013256472109,-1,
2017-01-06 14:01:47 INFO AddIdentifyResult: 12741,013256472667,-1,
2017-01-06 14:01:53 INFO AddIdentifyResult: 12741,013256472667,-3,
2017-01-06 14:01:58 INFO AddIdentifyResult: 12740,013256472109,-3,
2017-01-06 14:02:23 INFO AddIdentifyResult: 12740,013256472109,11,reg/013256472109_|reg/013256472109_|reg/013256472109_
2017-01-06 14:04:06 INFO AddIdentifyResult: 12741,013256472667,12,
2017-01-06 14:04:13 INFO AddIdentifyResult: 12741,013256472667,10,reg/013256472667_0106140337|reg/013256472667_0106140337|reg/013256472667_
2017-01-06 14:04:13 INFO UpdateUserState: 013256472667,1
2017-01-06 14:04:34 INFO AddIdentifyResult: 12742,013256473726,-1,
2017-01-06 14:04:41 INFO AddIdentifyResult: 12743,013173469952,-1,
2017-01-06 14:04:46 INFO AddIdentifyResult: 12742,013256473726,-3,
2017-01-06 14:04:50 INFO AddIdentifyResult: 12743,013173469952,-3,
2017-01-06 14:05:58 INFO AddIdentifyResult: 12744,013256473675,-1,
2017-01-06 14:06:10 INFO AddIdentifyResult: 12745,013256473675,-1,
2017-01-06 14:06:15 INFO AddIdentifyResult: 12745,013256473675,-3,
2017-01-06 14:06:30 INFO AddIdentifyResult: 12743,013173469952,12,
2017-01-06 14:06:36 INFO AddIdentifyResult: 12743,013173469952,10,reg/013173469952_0106140633|reg/013173469952_0106140633|reg/013173469952_
2017-01-06 14:06:37 INFO UpdateUserState: 013173469952,1
2017-01-06 14:06:45 INFO AddIdentifyResult: 12746,013275467288,-1,
2017-01-06 14:06:51 INFO AddIdentifyResult: 12746,013275467288,-3,
2017-01-06 14:07:01 INFO AddIdentifyResult: 12746,013275467288,11,reg/013275467288_|reg/013275467288_|reg/013275467288_
2017-01-06 14:07:46 INFO AddIdentifyResult: 12747,013275467288,-1,
2017-01-06 14:07:54 INFO AddIdentifyResult: 12747,013275467288,-3,
2017-01-06 14:08:35 INFO AddIdentifyResult: 12745,013256473675,12,
2017-01-06 14:08:42 INFO AddIdentifyResult: 12745,013256473675,10,reg/013256473675_0106140947|reg/013256473675_0106140947|reg/013256473675_0106140758
2017-01-06 14:08:42 INFO UpdateUserState: 013256473675,1
2017-01-06 14:09:10 INFO AddIdentifyResult: 12748,015066059467,-1,
2017-01-06 14:09:22 INFO AddIdentifyResult: 12749,015066059467,-1,
2017-01-06 14:09:28 INFO AddIdentifyResult: 12750,015066059467,-1,
2017-01-06 14:09:38 INFO AddIdentifyResult: 12750,015066059467,-3,
2017-01-06 14:10:33 INFO AddIdentifyResult: 12747,013275467288,12,
2017-01-06 14:10:40 INFO AddIdentifyResult: 12747,013275467288,10,reg/013275467288_0106140937|reg/013275467288_0106140937|reg/013275467288_
2017-01-06 14:10:41 INFO UpdateUserState: 013275467288,1
2017-01-06 14:12:13 INFO AddIdentifyResult: 12750,015066059467,12,
2017-01-06 14:12:18 INFO AddIdentifyResult: 12750,015066059467,10,reg/015066059467_0106141319|reg/015066059467_0106141319|reg/015066059467_0106141121
2017-01-06 14:12:19 INFO UpdateUserState: 015066059467,1
2017-01-06 14:12:37 INFO AddIdentifyResult: 12751,013276478908,-1,
2017-01-06 14:13:56 INFO AddIdentifyResult: 12752,013276478908,-1,
2017-01-06 14:14:01 INFO AddIdentifyResult: 12752,013276478908,-3,
2017-01-06 14:15:43 INFO AddIdentifyResult: 12752,013276478908,12,
2017-01-06 14:15:50 INFO AddIdentifyResult: 12752,013276478908,10,reg/013276478908_0106141545|reg/013276478908_0106141545|reg/013276478908_
2017-01-06 14:15:50 INFO UpdateUserState: 013276478908,1
2017-01-06 14:16:26 INFO AddIdentifyResult: 12753,013280321656,-1,
2017-01-06 14:16:43 INFO AddIdentifyResult: 12753,013280321656,-3,
2017-01-06 14:18:09 INFO AddIdentifyResult: 12754,013280323226,-1,
2017-01-06 14:18:15 INFO AddIdentifyResult: 12754,013280323226,-3,
2017-01-06 14:18:48 INFO AddIdentifyResult: 12755,013256473795,-1,
2017-01-06 14:18:50 INFO AddIdentifyResult: 12753,013280321656,12,
2017-01-06 14:18:53 INFO AddIdentifyResult: 12755,013256473795,-3,
2017-01-06 14:18:58 INFO AddIdentifyResult: 12753,013280321656,10,reg/013280321656_0106141826|reg/013280321656_0106141826|reg/013280321656_
2017-01-06 14:18:58 INFO UpdateUserState: 013280321656,1
2017-01-06 14:19:01 INFO AddIdentifyResult: 12756,013465251521,-1,
2017-01-06 14:19:17 INFO AddIdentifyResult: 12756,013465251521,-3,
2017-01-06 14:20:31 INFO AddIdentifyResult: 12754,013280323226,12,
2017-01-06 14:20:38 INFO AddIdentifyResult: 12754,013280323226,10,reg/013280323226_0106142145|reg/013280323226_0106142145|reg/013280323226_0106141959
2017-01-06 14:20:38 INFO UpdateUserState: 013280323226,1
2017-01-06 14:20:51 INFO AddIdentifyResult: 12755,013256473795,12,
2017-01-06 14:20:57 INFO AddIdentifyResult: 12755,013256473795,10,reg/013256473795_0106142037|reg/013256473795_0106142037|reg/013256473795_
2017-01-06 14:20:57 INFO UpdateUserState: 013256473795,1
2017-01-06 14:21:07 INFO AddIdentifyResult: 12756,013465251521,12,
2017-01-06 14:21:13 INFO AddIdentifyResult: 12756,013465251521,10,reg/013465251521_0106142100|reg/013465251521_0106142100|reg/013465251521_
2017-01-06 14:21:14 INFO UpdateUserState: 013465251521,1
2017-01-06 14:21:22 INFO AddIdentifyResult: 12757,013256473701,-1,
2017-01-06 14:21:30 INFO AddIdentifyResult: 12757,013256473701,-3,
2017-01-06 14:23:25 INFO AddIdentifyResult: 12758,018375466208,-1,
2017-01-06 14:23:34 INFO AddIdentifyResult: 12757,013256473701,12,
2017-01-06 14:23:36 INFO AddIdentifyResult: 12758,018375466208,-3,
2017-01-06 14:23:41 INFO AddIdentifyResult: 12757,013256473701,10,reg/013256473701_0106142314|reg/013256473701_0106142314|reg/013256473701_
2017-01-06 14:23:41 INFO UpdateUserState: 013256473701,1
2017-01-06 14:24:40 INFO AddIdentifyResult: 12759,013256473360,-1,
2017-01-06 14:25:05 INFO AddIdentifyResult: 12760,013256473360,-1,
2017-01-06 14:25:13 INFO AddIdentifyResult: 12760,013256473360,-3,
2017-01-06 14:25:21 INFO AddIdentifyResult: 12758,018375466208,12,
2017-01-06 14:25:28 INFO AddIdentifyResult: 12758,018375466208,10,reg/018375466208_0106142519|reg/018375466208_0106142519|reg/018375466208_
2017-01-06 14:25:28 INFO UpdateUserState: 018375466208,1
2017-01-06 14:27:20 INFO AddIdentifyResult: 12760,013256473360,12,
2017-01-06 14:27:27 INFO AddIdentifyResult: 12760,013256473360,10,reg/013256473360_0106142657|reg/013256473360_0106142657|reg/013256473360_
2017-01-06 14:27:27 INFO UpdateUserState: 013256473360,1
2017-01-06 14:28:39 INFO AddIdentifyResult: 12761,015216475125,-1,
2017-01-06 14:28:50 INFO AddIdentifyResult: 12761,015216475125,-3,
2017-01-06 14:29:41 INFO AddIdentifyResult: 12762,018766742025,-1,
2017-01-06 14:29:52 INFO AddIdentifyResult: 12762,018766742025,-3,
2017-01-06 14:31:18 INFO AddIdentifyResult: 12761,015216475125,12,
2017-01-06 14:31:24 INFO AddIdentifyResult: 12761,015216475125,10,reg/015216475125_0106143227|reg/015216475125_0106143227|reg/015216475125_0106143033
2017-01-06 14:31:25 INFO UpdateUserState: 015216475125,1
2017-01-06 14:31:50 INFO AddIdentifyResult: 12762,018766742025,12,
2017-01-06 14:31:58 INFO AddIdentifyResult: 12762,018766742025,10,reg/018766742025_0106143135|reg/018766742025_0106143135|reg/018766742025_
2017-01-06 14:31:58 INFO UpdateUserState: 018766742025,1
2017-01-06 14:34:37 INFO AddIdentifyResult: 12763,013256473793,-1,
2017-01-06 14:34:41 INFO AddIdentifyResult: 12763,013256473793,-3,
2017-01-06 14:36:31 INFO AddIdentifyResult: 12763,013256473793,12,
2017-01-06 14:36:38 INFO AddIdentifyResult: 12763,013256473793,10,reg/013256473793_0106143625|reg/013256473793_0106143625|reg/013256473793_
2017-01-06 14:36:39 INFO UpdateUserState: 013256473793,1
2017-01-06 14:38:32 INFO AddIdentifyResult: 12764,013275466896,-1,
2017-01-06 14:38:40 INFO AddIdentifyResult: 12764,013275466896,-3,
2017-01-06 14:39:03 INFO AddIdentifyResult: 12765,013256472109,-1,
2017-01-06 14:39:09 INFO AddIdentifyResult: 12765,013256472109,-3,
2017-01-06 14:41:13 INFO AddIdentifyResult: 12764,013275466896,12,
2017-01-06 14:41:21 INFO AddIdentifyResult: 12764,013275466896,10,reg/013275466896_0106144211|reg/013275466896_0106144211|reg/013275466896_0106144024
2017-01-06 14:41:21 INFO UpdateUserState: 013275466896,1
2017-01-06 14:41:36 INFO AddIdentifyResult: 12765,013256472109,12,
2017-01-06 14:41:43 INFO AddIdentifyResult: 12765,013256472109,10,reg/013256472109_0106144236|reg/013256472109_0106144236|reg/013256472109_0106144053
2017-01-06 14:41:43 INFO UpdateUserState: 013256472109,1
2017-01-06 14:41:43 INFO AddIdentifyResult: 12766,013475293828,-1,
2017-01-06 14:41:51 INFO AddIdentifyResult: 12766,013475293828,-3,
2017-01-06 14:43:22 INFO AddIdentifyResult: 12767,013256475895,-1,
2017-01-06 14:43:27 INFO AddIdentifyResult: 12767,013256475895,-3,
2017-01-06 14:43:49 INFO AddIdentifyResult: 12767,013256475895,11,reg/013256475895_|reg/013256475895_|reg/013256475895_
2017-01-06 14:43:58 INFO AddIdentifyResult: 12768,013256475895,-1,
2017-01-06 14:44:03 INFO AddIdentifyResult: 12768,013256475895,-3,
2017-01-06 14:44:10 INFO AddIdentifyResult: 12766,013475293828,12,
2017-01-06 14:44:19 INFO AddIdentifyResult: 12766,013475293828,10,reg/013475293828_0106144335|reg/013475293828_0106144335|reg/013475293828_
2017-01-06 14:44:19 INFO UpdateUserState: 013475293828,1
2017-01-06 14:44:48 INFO AddIdentifyResult: 12769,013256476087,-1,
2017-01-06 14:44:54 INFO AddIdentifyResult: 12769,013256476087,-3,
2017-01-06 14:45:59 INFO AddIdentifyResult: 12768,013256475895,12,
2017-01-06 14:46:07 INFO AddIdentifyResult: 12768,013256475895,10,reg/013256475895_0106144546|reg/013256475895_0106144546|reg/013256475895_
2017-01-06 14:46:07 INFO UpdateUserState: 013256475895,1
2017-01-06 14:46:53 INFO AddIdentifyResult: 12769,013256476087,12,
2017-01-06 14:47:02 INFO AddIdentifyResult: 12769,013256476087,10,reg/013256476087_0106144638|reg/013256476087_0106144638|reg/013256476087_
2017-01-06 14:47:02 INFO UpdateUserState: 013256476087,1
2017-01-06 14:47:11 INFO AddIdentifyResult: 12770,013475255962,-1,
2017-01-06 14:47:18 INFO AddIdentifyResult: 12770,013475255962,-3,
2017-01-06 14:47:49 INFO AddIdentifyResult: 12771,013256475751,-1,
2017-01-06 14:47:58 INFO AddIdentifyResult: 12771,013256475751,-3,
2017-01-06 14:49:04 INFO AddIdentifyResult: 12770,013475255962,12,
2017-01-06 14:49:10 INFO AddIdentifyResult: 12770,013475255962,10,reg/013475255962_0106144901|reg/013475255962_0106144901|reg/013475255962_
2017-01-06 14:49:10 INFO UpdateUserState: 013475255962,1
2017-01-06 14:49:50 INFO AddIdentifyResult: 12771,013256475751,12,
2017-01-06 14:49:59 INFO AddIdentifyResult: 12771,013256475751,10,reg/013256475751_0106144942|reg/013256475751_0106144942|reg/013256475751_
2017-01-06 14:49:59 INFO UpdateUserState: 013256475751,1
2017-01-06 14:53:45 INFO AddIdentifyResult: 12772,013255463127,-1,
2017-01-06 14:53:49 INFO AddIdentifyResult: 12772,013255463127,-3,
2017-01-06 14:54:38 INFO AddIdentifyResult: 12773,013280311260,-1,
2017-01-06 14:54:47 INFO AddIdentifyResult: 12773,013280311260,-3,
2017-01-06 14:55:39 INFO AddIdentifyResult: 12772,013255463127,12,
2017-01-06 14:55:47 INFO AddIdentifyResult: 12772,013255463127,10,reg/013255463127_0106145533|reg/013255463127_0106145533|reg/013255463127_
2017-01-06 14:55:47 INFO UpdateUserState: 013255463127,1
2017-01-06 14:56:58 INFO AddIdentifyResult: 12773,013280311260,12,
2017-01-06 14:57:05 INFO AddIdentifyResult: 12773,013280311260,10,reg/013280311260_0106145630|reg/013280311260_0106145630|reg/013280311260_
2017-01-06 14:57:06 INFO UpdateUserState: 013280311260,1
2017-01-06 14:57:48 INFO AddIdentifyResult: 12774,015315057506,-1,
2017-01-06 14:58:58 INFO AddIdentifyResult: 12775,013280328806,-1,
2017-01-06 14:59:07 INFO AddIdentifyResult: 12775,013280328806,-3,
2017-01-06 14:59:16 INFO AddIdentifyResult: 12776,015615822615,-1,
2017-01-06 14:59:23 INFO AddIdentifyResult: 12776,015615822615,-3,
2017-01-06 15:01:01 INFO AddIdentifyResult: 12775,013280328806,12,
2017-01-06 15:01:08 INFO AddIdentifyResult: 12775,013280328806,10,reg/013280328806_0106150051|reg/013280328806_0106150051|reg/013280328806_
2017-01-06 15:01:08 INFO UpdateUserState: 013280328806,1
2017-01-06 15:01:15 INFO AddIdentifyResult: 12776,015615822615,12,
2017-01-06 15:01:22 INFO AddIdentifyResult: 12776,015615822615,10,reg/015615822615_0106150106|reg/015615822615_0106150106|reg/015615822615_
2017-01-06 15:01:22 INFO UpdateUserState: 015615822615,1
2017-01-06 15:01:30 INFO AddIdentifyResult: 12777,018354603757,-1,
2017-01-06 15:01:48 INFO AddIdentifyResult: 12777,018354603757,-3,
2017-01-06 15:02:34 INFO AddIdentifyResult: 12778,013256476026,-1,
2017-01-06 15:02:39 INFO AddIdentifyResult: 12778,013256476026,-3,
2017-01-06 15:04:39 INFO AddIdentifyResult: 12778,013256476026,12,
2017-01-06 15:04:47 INFO AddIdentifyResult: 12778,013256476026,10,reg/013256476026_0106150422|reg/013256476026_0106150422|reg/013256476026_
2017-01-06 15:04:48 INFO UpdateUserState: 013256476026,1
2017-01-06 15:06:06 INFO AddIdentifyResult: 12777,018354603757,11,reg/018354603757_|reg/018354603757_|reg/018354603757_
2017-01-06 15:06:33 INFO AddIdentifyResult: 12779,018354603757,-1,
2017-01-06 15:06:44 INFO AddIdentifyResult: 12779,018354603757,-3,
2017-01-06 15:07:23 INFO AddIdentifyResult: 12780,013275467536,-1,
2017-01-06 15:07:29 INFO AddIdentifyResult: 12780,013275467536,-3,
2017-01-06 15:09:01 INFO AddIdentifyResult: 12779,018354603757,12,
2017-01-06 15:09:01 INFO AddIdentifyResult: 12780,013275467536,12,
2017-01-06 15:09:07 INFO AddIdentifyResult: 12779,018354603757,10,reg/018354603757_0106150828|reg/018354603757_0106150828|reg/018354603757_
2017-01-06 15:09:07 INFO UpdateUserState: 018354603757,1
2017-01-06 15:09:14 INFO AddIdentifyResult: 12780,013275467536,10,reg/013275467536_0106150912|reg/013275467536_0106150912|reg/013275467536_
2017-01-06 15:09:14 INFO UpdateUserState: 013275467536,1
2017-01-06 15:10:14 INFO AddIdentifyResult: 12781,013054642941,-1,
2017-01-06 15:10:34 INFO AddIdentifyResult: 12781,013054642941,-3,
2017-01-06 15:11:07 INFO AddIdentifyResult: 12782,013275463220,-1,
2017-01-06 15:11:48 INFO AddIdentifyResult: 12783,013275463220,-1,
2017-01-06 15:11:54 INFO AddIdentifyResult: 12783,013275463220,-3,
2017-01-06 15:12:22 INFO AddIdentifyResult: 12781,013054642941,12,
2017-01-06 15:12:28 INFO AddIdentifyResult: 12781,013054642941,10,reg/013054642941_0106151338|reg/013054642941_0106151338|reg/013054642941_0106151218
2017-01-06 15:12:28 INFO UpdateUserState: 013054642941,1
2017-01-06 15:12:46 INFO AddIdentifyResult: 12784,013256475913,-1,
2017-01-06 15:12:51 INFO AddIdentifyResult: 12784,013256475913,-3,
2017-01-06 15:13:24 INFO AddIdentifyResult: 12785,015334212825,-1,
2017-01-06 15:13:37 INFO AddIdentifyResult: 12785,015334212825,-3,
2017-01-06 15:14:26 INFO AddIdentifyResult: 12783,013275463220,12,
2017-01-06 15:14:32 INFO AddIdentifyResult: 12784,013256475913,12,
2017-01-06 15:14:34 INFO AddIdentifyResult: 12783,013275463220,10,reg/013275463220_0106151511|reg/013275463220_0106151511|reg/013275463220_0106151337
2017-01-06 15:14:35 INFO UpdateUserState: 013275463220,1
2017-01-06 15:14:42 INFO AddIdentifyResult: 12784,013256475913,10,reg/013256475913_0106151435|reg/013256475913_0106151435|reg/013256475913_
2017-01-06 15:14:42 INFO UpdateUserState: 013256475913,1
2017-01-06 15:15:25 INFO AddIdentifyResult: 12785,015334212825,12,
2017-01-06 15:15:32 INFO AddIdentifyResult: 12785,015334212825,10,reg/015334212825_0106151521|reg/015334212825_0106151521|reg/015334212825_
2017-01-06 15:15:32 INFO UpdateUserState: 015334212825,1
2017-01-06 15:16:25 INFO AddIdentifyResult: 12786,015334212825,-1,
2017-01-06 15:16:43 INFO AddIdentifyResult: 12786,015334212825,-3,
2017-01-06 15:17:59 INFO AddIdentifyResult: 12786,015334212825,1,
2017-01-06 15:18:09 INFO AddIdentifyResult: 12787,015334212825,-1,
2017-01-06 15:18:18 INFO AddIdentifyResult: 12787,015334212825,-3,
2017-01-06 15:19:10 INFO AddIdentifyResult: 12787,015334212825,0,ver/01/06/152002_015334212825.wav
2017-01-06 15:20:47 INFO AddIdentifyResult: 12788,013256476107,-1,
2017-01-06 15:20:58 INFO AddIdentifyResult: 12788,013256476107,-3,
2017-01-06 15:24:05 INFO AddIdentifyResult: 12788,013256476107,12,
2017-01-06 15:24:14 INFO AddIdentifyResult: 12788,013256476107,10,reg/013256476107_0106152445|reg/013256476107_0106152445|reg/013256476107_0106152241
2017-01-06 15:24:14 INFO UpdateUserState: 013256476107,1
2017-01-06 15:27:16 INFO AddIdentifyResult: 12789,017707298816,-1,
2017-01-06 15:27:25 INFO AddIdentifyResult: 12789,017707298816,-3,
2017-01-06 15:29:33 INFO AddIdentifyResult: 12789,017707298816,12,
2017-01-06 15:29:41 INFO AddIdentifyResult: 12789,017707298816,10,reg/017707298816_0106152916|reg/017707298816_0106152916|reg/017707298816_
2017-01-06 15:29:41 INFO UpdateUserState: 017707298816,1
2017-01-06 15:30:44 INFO AddIdentifyResult: 12790,017707298816,-1,
2017-01-06 15:30:53 INFO AddIdentifyResult: 12790,017707298816,-3,
2017-01-06 15:31:41 INFO AddIdentifyResult: 12791,013256477073,-1,
2017-01-06 15:31:46 INFO AddIdentifyResult: 12790,017707298816,0,ver/01/06/153238_017707298816.wav
2017-01-06 15:31:47 INFO AddIdentifyResult: 12791,013256477073,-3,
2017-01-06 15:33:28 INFO AddIdentifyResult: 12791,013256477073,12,
2017-01-06 15:33:35 INFO AddIdentifyResult: 12791,013256477073,10,reg/013256477073_0106153331|reg/013256477073_0106153331|reg/013256477073_
2017-01-06 15:33:35 INFO UpdateUserState: 013256477073,1
2017-01-06 15:34:19 INFO AddIdentifyResult: 12792,017371133520,-1,
2017-01-06 15:34:30 INFO AddIdentifyResult: 12792,017371133520,-3,
2017-01-06 15:36:15 INFO AddIdentifyResult: 12793,013280312180,-1,
2017-01-06 15:36:23 INFO AddIdentifyResult: 12793,013280312180,-3,
2017-01-06 15:36:27 INFO AddIdentifyResult: 12792,017371133520,12,
2017-01-06 15:36:33 INFO AddIdentifyResult: 12792,017371133520,10,reg/017371133520_0106153748|reg/017371133520_0106153748|reg/017371133520_0106153614
2017-01-06 15:36:33 INFO UpdateUserState: 017371133520,1
2017-01-06 15:37:54 INFO AddIdentifyResult: 12794,017371133520,-1,
2017-01-06 15:38:05 INFO AddIdentifyResult: 12794,017371133520,-3,
2017-01-06 15:39:15 INFO AddIdentifyResult: 12794,017371133520,0,ver/01/06/154019_017371133520.wav
2017-01-06 15:39:31 INFO AddIdentifyResult: 12793,013280312180,12,
2017-01-06 15:39:39 INFO AddIdentifyResult: 12793,013280312180,10,reg/013280312180_0106153806|reg/013280312180_0106153806|reg/013280312180_
2017-01-06 15:39:39 INFO UpdateUserState: 013280312180,1
2017-01-06 15:43:38 INFO AddIdentifyResult: 12795,018202788490,-1,
2017-01-06 15:44:01 INFO AddIdentifyResult: 12795,018202788490,-3,
2017-01-06 15:44:47 INFO AddIdentifyResult: 12795,018202788490,11,reg/018202788490_|reg/018202788490_|reg/018202788490_
2017-01-06 15:45:27 INFO AddIdentifyResult: 12796,018202788490,-1,
2017-01-06 15:45:42 INFO AddIdentifyResult: 12796,018202788490,-3,
2017-01-06 15:47:47 INFO AddIdentifyResult: 12796,018202788490,12,
2017-01-06 15:47:53 INFO AddIdentifyResult: 12796,018202788490,10,reg/018202788490_0106154725|reg/018202788490_0106154725|reg/018202788490_
2017-01-06 15:47:53 INFO UpdateUserState: 018202788490,1
2017-01-06 16:01:01 INFO AddIdentifyResult: 12797,013256479865,-1,
2017-01-06 16:01:10 INFO AddIdentifyResult: 12797,013256479865,-3,
2017-01-06 16:02:13 INFO AddIdentifyResult: 12798,018107254928,-1,
2017-01-06 16:03:13 INFO AddIdentifyResult: 12797,013256479865,12,
2017-01-06 16:03:20 INFO AddIdentifyResult: 12797,013256479865,10,reg/013256479865_0106160420|reg/013256479865_0106160420|reg/013256479865_0106160254
2017-01-06 16:03:20 INFO UpdateUserState: 013256479865,1
2017-01-06 16:03:57 INFO AddIdentifyResult: 12799,018630225625,-1,
2017-01-06 16:04:04 INFO AddIdentifyResult: 12799,018630225625,-3,
2017-01-06 16:06:21 INFO AddIdentifyResult: 12799,018630225625,12,
2017-01-06 16:06:28 INFO AddIdentifyResult: 12799,018630225625,10,reg/018630225625_0106160548|reg/018630225625_0106160548|reg/018630225625_
2017-01-06 16:06:29 INFO UpdateUserState: 018630225625,1
2017-01-06 16:07:27 INFO AddIdentifyResult: 12800,013280312367,-1,
2017-01-06 16:07:31 INFO AddIdentifyResult: 12801,018630225625,-1,
2017-01-06 16:07:33 INFO AddIdentifyResult: 12800,013280312367,-3,
2017-01-06 16:07:37 INFO AddIdentifyResult: 12801,018630225625,-3,
2017-01-06 16:08:28 INFO AddIdentifyResult: 12801,018630225625,0,ver/01/06/160921_018630225625.wav
2017-01-06 16:09:15 INFO AddIdentifyResult: 12800,013280312367,12,
2017-01-06 16:09:24 INFO AddIdentifyResult: 12800,013280312367,10,reg/013280312367_0106160917|reg/013280312367_0106160917|reg/013280312367_
2017-01-06 16:09:24 INFO UpdateUserState: 013280312367,1
2017-01-06 16:09:46 INFO AddIdentifyResult: 12802,015615822615,-1,
2017-01-06 16:09:52 INFO AddIdentifyResult: 12802,015615822615,-3,
2017-01-06 16:11:41 INFO AddIdentifyResult: 12802,015615822615,12,
2017-01-06 16:11:48 INFO AddIdentifyResult: 12802,015615822615,10,reg/015615822615_0106161136|reg/015615822615_0106161136|reg/015615822615_
2017-01-06 16:11:48 INFO UpdateUserState: 015615822615,1
2017-01-06 16:19:38 INFO AddIdentifyResult: 12803,013455465185,-1,
2017-01-06 16:20:29 INFO AddIdentifyResult: 12804,013275460591,-1,
2017-01-06 16:20:37 INFO AddIdentifyResult: 12804,013275460591,-3,
2017-01-06 16:22:05 INFO AddIdentifyResult: 12804,013275460591,11,reg/013275460591_|reg/013275460591_|reg/013275460591_
2017-01-06 16:23:15 INFO AddIdentifyResult: 12805,013455465185,-1,
2017-01-06 16:23:25 INFO AddIdentifyResult: 12805,013455465185,-3,
2017-01-06 16:25:01 INFO AddIdentifyResult: 12805,013455465185,12,
2017-01-06 16:25:09 INFO AddIdentifyResult: 12805,013455465185,10,reg/013455465185_0106162509|reg/013455465185_0106162509|reg/013455465185_
2017-01-06 16:25:09 INFO UpdateUserState: 013455465185,1
2017-01-06 16:25:10 INFO AddIdentifyResult: 12806,015629282028,-1,
2017-01-06 16:25:19 INFO AddIdentifyResult: 12807,013275460591,-1,
2017-01-06 16:25:27 INFO AddIdentifyResult: 12807,013275460591,-3,
2017-01-06 16:25:28 INFO AddIdentifyResult: 12806,015629282028,-3,
2017-01-06 16:25:43 INFO AddIdentifyResult: 12808,013254677172,-1,
2017-01-06 16:26:33 INFO AddIdentifyResult: 12807,013275460591,11,reg/013275460591_|reg/013275460591_|reg/013275460591_
2017-01-06 16:26:40 INFO AddIdentifyResult: 12809,013256477172,-1,
2017-01-06 16:26:48 INFO AddIdentifyResult: 12809,013256477172,-3,
2017-01-06 16:27:07 INFO AddIdentifyResult: 12806,015629282028,11,reg/015629282028_|reg/015629282028_|reg/015629282028_
2017-01-06 16:27:37 INFO AddIdentifyResult: 12810,015629282028,-1,
2017-01-06 16:27:45 INFO AddIdentifyResult: 12810,015629282028,-3,
2017-01-06 16:28:04 INFO AddIdentifyResult: 12809,013256477172,12,
2017-01-06 16:28:09 INFO AddIdentifyResult: 12811,013455465185,-1,
2017-01-06 16:28:11 INFO AddIdentifyResult: 12809,013256477172,10,reg/013256477172_0106162832|reg/013256477172_0106162832|reg/013256477172_
2017-01-06 16:28:11 INFO UpdateUserState: 013256477172,1
2017-01-06 16:28:17 INFO AddIdentifyResult: 12811,013455465185,-3,
2017-01-06 16:29:09 INFO AddIdentifyResult: 12812,013762064662,-1,
2017-01-06 16:29:38 INFO AddIdentifyResult: 12813,013762064662,-1,
2017-01-06 16:29:44 INFO AddIdentifyResult: 12812,013762064662,-3,
2017-01-06 16:29:52 INFO AddIdentifyResult: 12811,013455465185,12,
2017-01-06 16:29:59 INFO AddIdentifyResult: 12811,013455465185,10,reg/013455465185_0106163001|reg/013455465185_0106163001|reg/013455465185_
2017-01-06 16:29:59 INFO UpdateUserState: 013455465185,1
2017-01-06 16:30:08 INFO AddIdentifyResult: 12812,013762064662,11,reg/013762064662_|reg/013762064662_|reg/013762064662_
2017-01-06 16:30:24 INFO AddIdentifyResult: 12810,015629282028,11,reg/015629282028_|reg/015629282028_|reg/015629282028_
2017-01-06 16:30:29 INFO AddIdentifyResult: 12814,015629282028,-1,
2017-01-06 16:30:42 INFO AddIdentifyResult: 12814,015629282028,-3,
2017-01-06 16:30:51 INFO AddIdentifyResult: 12815,013792064662,-1,
2017-01-06 16:31:00 INFO AddIdentifyResult: 12815,013792064662,-3,
2017-01-06 16:32:37 INFO AddIdentifyResult: 12815,013792064662,12,
2017-01-06 16:32:44 INFO AddIdentifyResult: 12815,013792064662,10,reg/013792064662_0106163244|reg/013792064662_0106163244|reg/013792064662_
2017-01-06 16:32:44 INFO UpdateUserState: 013792064662,1
2017-01-06 16:33:48 INFO AddIdentifyResult: 12814,015629282028,12,
2017-01-06 16:33:55 INFO AddIdentifyResult: 12814,015629282028,10,reg/015629282028_0106163226|reg/015629282028_0106163226|reg/015629282028_
2017-01-06 16:33:56 INFO UpdateUserState: 015629282028,1
2017-01-06 16:54:54 INFO AddIdentifyResult: 12816,013552918213,-1,
2017-01-06 16:55:07 INFO AddIdentifyResult: 12816,013552918213,-3,
2017-01-06 16:57:47 INFO AddIdentifyResult: 12816,013552918213,12,
2017-01-06 16:57:55 INFO AddIdentifyResult: 12816,013552918213,10,reg/013552918213_0106165651|reg/013552918213_0106165651|reg/013552918213_
2017-01-06 16:57:56 INFO UpdateUserState: 013552918213,1
2017-01-06 16:59:47 INFO AddIdentifyResult: 0,013552918213,1,
2017-01-06 17:00:32 INFO AddIdentifyResult: 12818,013552918213,-1,
2017-01-06 17:00:43 INFO AddIdentifyResult: 12818,013552918213,-3,
2017-01-06 17:01:35 INFO AddIdentifyResult: 12818,013552918213,0,ver/01/06/170228_013552918213.wav
2017-01-06 17:23:04 INFO AddIdentifyResult: 0,013181401897,1,
2017-01-06 17:23:22 INFO AddIdentifyResult: 0,013181401897,1,
