2017-02-04 08:32:19 INFO AddIdentifyResult: 15240,018171964337,-1,
2017-02-04 08:32:30 INFO AddIdentifyResult: 15240,018171964337,-3,
2017-02-04 08:35:25 INFO AddIdentifyResult: 15240,018171964337,12,
2017-02-04 08:35:37 INFO AddIdentifyResult: 15240,018171964337,10,reg/018171964337_0204083420|reg/018171964337_0204083420|reg/018171964337_
2017-02-04 08:35:37 INFO UpdateUserState: 018171964337,1
2017-02-04 08:35:44 INFO AddIdentifyResult: 15241,018171964337,-1,
2017-02-04 08:35:55 INFO AddIdentifyResult: 15241,018171964337,-3,
2017-02-04 08:36:46 INFO AddIdentifyResult: 15241,018171964337,0,ver/02/04/083745_018171964337.wav
2017-02-04 09:06:19 INFO AddIdentifyResult: 15242,013287371620,-1,
2017-02-04 09:06:26 INFO AddIdentifyResult: 15242,013287371620,-3,
2017-02-04 09:08:39 INFO AddIdentifyResult: 15242,013287371620,12,
2017-02-04 09:08:48 INFO AddIdentifyResult: 15242,013287371620,10,reg/013287371620_0204090816|reg/013287371620_0204090816|reg/013287371620_
2017-02-04 09:08:48 INFO UpdateUserState: 013287371620,1
2017-02-04 09:08:57 INFO AddIdentifyResult: 15243,013864769133,-1,
2017-02-04 09:09:11 INFO AddIdentifyResult: 15243,013864769133,-3,
2017-02-04 09:11:03 INFO AddIdentifyResult: 15243,013864769133,12,
2017-02-04 09:11:11 INFO AddIdentifyResult: 15243,013864769133,10,reg/013864769133_0204091101|reg/013864769133_0204091101|reg/013864769133_
2017-02-04 09:11:11 INFO UpdateUserState: 013864769133,1
2017-02-04 09:13:13 INFO AddIdentifyResult: 15244,013349707527,-1,
2017-02-04 09:13:40 INFO AddIdentifyResult: 15245,013349707527,-1,
2017-02-04 09:13:54 INFO AddIdentifyResult: 15245,013349707527,-3,
2017-02-04 09:16:08 INFO AddIdentifyResult: 15245,013349707527,12,
2017-02-04 09:16:17 INFO AddIdentifyResult: 15245,013349707527,10,reg/013349707527_0204091544|reg/013349707527_0204091544|reg/013349707527_
2017-02-04 09:16:17 INFO UpdateUserState: 013349707527,1
2017-02-04 09:16:31 INFO AddIdentifyResult: 15246,013349707527,-1,
2017-02-04 09:16:39 INFO AddIdentifyResult: 15246,013349707527,-3,
2017-02-04 09:17:31 INFO AddIdentifyResult: 15246,013349707527,0,ver/02/04/091829_013349707527.wav
2017-02-04 09:28:34 INFO AddIdentifyResult: 15247,013287376307,-1,
2017-02-04 09:28:48 INFO AddIdentifyResult: 15247,013287376307,-3,
2017-02-04 09:30:55 INFO AddIdentifyResult: 15248,018107256571,-1,
2017-02-04 09:31:21 INFO AddIdentifyResult: 15247,013287376307,12,
2017-02-04 09:31:30 INFO AddIdentifyResult: 15247,013287376307,10,reg/013287376307_0204093038|reg/013287376307_0204093038|reg/013287376307_
2017-02-04 09:31:30 INFO UpdateUserState: 013287376307,1
2017-02-04 09:31:33 INFO AddIdentifyResult: 15249,013678616277,-1,
2017-02-04 09:31:49 INFO AddIdentifyResult: 15249,013678616277,-3,
2017-02-04 09:32:25 INFO AddIdentifyResult: 15250,018107256571,-1,
2017-02-04 09:32:37 INFO AddIdentifyResult: 15250,018107256571,-3,
2017-02-04 09:34:05 INFO AddIdentifyResult: 15249,013678616277,12,
2017-02-04 09:34:14 INFO AddIdentifyResult: 15249,013678616277,10,reg/013678616277_0204093339|reg/013678616277_0204093339|reg/013678616277_
2017-02-04 09:34:14 INFO UpdateUserState: 013678616277,1
2017-02-04 09:34:42 INFO AddIdentifyResult: 15250,018107256571,11,reg/018107256571_|reg/018107256571_|reg/018107256571_
2017-02-04 09:34:59 INFO AddIdentifyResult: 15251,018107256571,-1,
2017-02-04 09:35:09 INFO AddIdentifyResult: 15251,018107256571,-3,
2017-02-04 09:37:27 INFO AddIdentifyResult: 15251,018107256571,12,
2017-02-04 09:37:37 INFO AddIdentifyResult: 15251,018107256571,10,reg/018107256571_0204093659|reg/018107256571_0204093659|reg/018107256571_
2017-02-04 09:37:38 INFO UpdateUserState: 018107256571,1
2017-02-04 09:37:50 INFO AddIdentifyResult: 15252,018107256571,-1,
2017-02-04 09:38:02 INFO AddIdentifyResult: 15252,018107256571,-3,
2017-02-04 09:38:55 INFO AddIdentifyResult: 15252,018107256571,0,ver/02/04/093953_018107256571.wav
2017-02-04 09:43:52 INFO AddIdentifyResult: 15253,18972667873,-1,
2017-02-04 09:44:01 INFO AddIdentifyResult: 15253,18972667873,-3,
2017-02-04 09:46:23 INFO AddIdentifyResult: 15253,18972667873,12,
2017-02-04 09:46:31 INFO AddIdentifyResult: 15253,18972667873,10,reg/18972667873_0204094551|reg/18972667873_0204094551|reg/18972667873_
2017-02-04 09:46:31 INFO UpdateUserState: 18972667873,1
2017-02-04 09:49:59 INFO AddIdentifyResult: 0,18972667873,0,ver/02/04/095058_18972667873.wav
2017-02-04 10:03:04 INFO AddIdentifyResult: 15255,018972935416,-1,
2017-02-04 10:03:15 INFO AddIdentifyResult: 15255,018972935416,-3,
2017-02-04 10:05:52 INFO AddIdentifyResult: 15255,018972935416,12,
2017-02-04 10:05:58 INFO AddIdentifyResult: 15255,018972935416,10,reg/018972935416_0204100505|reg/018972935416_0204100505|reg/018972935416_
2017-02-04 10:05:59 INFO UpdateUserState: 018972935416,1
2017-02-04 10:06:17 INFO AddIdentifyResult: 15256,018972935416,-1,
2017-02-04 10:06:26 INFO AddIdentifyResult: 15256,018972935416,-3,
2017-02-04 10:07:17 INFO AddIdentifyResult: 15256,018972935416,0,ver/02/04/100816_018972935416.wav
2017-02-04 10:07:21 INFO AddIdentifyResult: 15257,013245460828,-1,
2017-02-04 10:07:41 INFO AddIdentifyResult: 15257,013245460828,-3,
2017-02-04 10:09:18 INFO AddIdentifyResult: 15257,013245460828,12,
2017-02-04 10:09:24 INFO AddIdentifyResult: 15257,013245460828,10,reg/013245460828_0204100932|reg/013245460828_0204100932|reg/013245460828_
2017-02-04 10:09:24 INFO UpdateUserState: 013245460828,1
2017-02-04 10:09:28 INFO AddIdentifyResult: 15258,018210754803,-1,
2017-02-04 10:09:38 INFO AddIdentifyResult: 15258,018210754803,-3,
2017-02-04 10:11:10 INFO AddIdentifyResult: 15258,018210754803,12,
2017-02-04 10:11:18 INFO AddIdentifyResult: 15258,018210754803,10,reg/018210754803_0204101128|reg/018210754803_0204101128|reg/018210754803_
2017-02-04 10:11:18 INFO UpdateUserState: 018210754803,1
2017-02-04 10:52:17 INFO AddIdentifyResult: 15259,018972939440,-1,
2017-02-04 10:52:29 INFO AddIdentifyResult: 15259,018972939440,-3,
2017-02-04 10:54:19 INFO AddIdentifyResult: 15259,018972939440,11,reg/018972939440_|reg/018972939440_|reg/018972939440_
2017-02-04 10:54:41 INFO AddIdentifyResult: 15260,018972939440,-1,
2017-02-04 10:55:02 INFO AddIdentifyResult: 15261,018972939440,-1,
2017-02-04 10:55:16 INFO AddIdentifyResult: 15261,018972939440,-3,
2017-02-04 10:57:20 INFO AddIdentifyResult: 15261,018972939440,12,
2017-02-04 10:57:30 INFO AddIdentifyResult: 15261,018972939440,10,reg/018972939440_0204105707|reg/018972939440_0204105707|reg/018972939440_
2017-02-04 10:57:30 INFO UpdateUserState: 018972939440,1
2017-02-04 10:57:41 INFO AddIdentifyResult: 15262,018972939440,-1,
2017-02-04 10:57:50 INFO AddIdentifyResult: 15262,018972939440,-3,
2017-02-04 10:58:45 INFO AddIdentifyResult: 15262,018972939440,1,
2017-02-04 10:58:52 INFO AddIdentifyResult: 15263,018972939440,-1,
2017-02-04 10:59:03 INFO AddIdentifyResult: 15263,018972939440,-3,
2017-02-04 10:59:55 INFO AddIdentifyResult: 15263,018972939440,0,ver/02/04/110053_018972939440.wav
2017-02-04 11:19:48 INFO AddIdentifyResult: 15264,018171963743,-1,
2017-02-04 11:19:56 INFO AddIdentifyResult: 15264,018171963743,-3,
2017-02-04 11:21:25 INFO AddIdentifyResult: 15264,018171963743,12,
2017-02-04 11:21:32 INFO AddIdentifyResult: 15264,018171963743,10,reg/018171963743_0204112147|reg/018171963743_0204112147|reg/018171963743_
2017-02-04 11:21:32 INFO UpdateUserState: 018171963743,1
2017-02-04 11:21:45 INFO AddIdentifyResult: 15265,018171963743,-1,
2017-02-04 11:22:13 INFO AddIdentifyResult: 15266,018171963743,-1,
2017-02-04 11:22:22 INFO AddIdentifyResult: 15266,018171963743,-3,
2017-02-04 11:23:15 INFO AddIdentifyResult: 15266,018171963743,0,ver/02/04/112413_018171963743.wav
2017-02-04 11:28:39 INFO AddIdentifyResult: 15267,013791892563,-1,
2017-02-04 11:28:55 INFO AddIdentifyResult: 15267,013791892563,-3,
2017-02-04 11:31:51 INFO AddIdentifyResult: 15267,013791892563,12,
2017-02-04 11:32:00 INFO AddIdentifyResult: 15267,013791892563,10,reg/013791892563_0204113259|reg/013791892563_0204113259|reg/013791892563_0204113045
2017-02-04 11:32:00 INFO UpdateUserState: 013791892563,1
2017-02-04 11:32:32 INFO AddIdentifyResult: 15268,013791892563,-1,
2017-02-04 11:32:44 INFO AddIdentifyResult: 15268,013791892563,-3,
2017-02-04 11:33:36 INFO AddIdentifyResult: 15268,013791892563,1,ver/02/04/113435_013791892563.wav
2017-02-04 11:34:37 INFO AddIdentifyResult: 15268,013791892563,0,ver/02/04/113534_013791892563.wav
2017-02-04 11:38:17 INFO AddIdentifyResult: 15269,013287373818,-1,
2017-02-04 11:38:23 INFO AddIdentifyResult: 15269,013287373818,-3,
2017-02-04 11:40:06 INFO AddIdentifyResult: 15269,013287373818,12,
2017-02-04 11:40:13 INFO AddIdentifyResult: 15269,013287373818,10,reg/013287373818_0204114125|reg/013287373818_0204114125|reg/013287373818_0204114014
2017-02-04 11:40:14 INFO UpdateUserState: 013287373818,1
2017-02-04 11:40:16 INFO AddIdentifyResult: 15270,013792086099,-1,
2017-02-04 11:40:27 INFO AddIdentifyResult: 15270,013792086099,-3,
2017-02-04 11:42:37 INFO AddIdentifyResult: 15270,013792086099,12,
2017-02-04 11:42:46 INFO AddIdentifyResult: 15270,013792086099,10,reg/013792086099_0204114218|reg/013792086099_0204114218|reg/013792086099_
2017-02-04 11:42:46 INFO UpdateUserState: 013792086099,1
2017-02-04 11:42:54 INFO AddIdentifyResult: 15271,013287373818,-1,
2017-02-04 11:43:04 INFO AddIdentifyResult: 15271,013287373818,-3,
2017-02-04 11:43:56 INFO AddIdentifyResult: 15271,013287373818,0,ver/02/04/114455_013287373818.wav
2017-02-04 11:44:26 INFO AddIdentifyResult: 15272,013792086099,-1,
2017-02-04 11:44:40 INFO AddIdentifyResult: 15272,013792086099,-3,
2017-02-04 11:45:31 INFO AddIdentifyResult: 15272,013792086099,0,ver/02/04/114631_013792086099.wav
2017-02-04 13:52:51 INFO AddIdentifyResult: 15273,013287371829,-1,
2017-02-04 13:59:59 INFO AddIdentifyResult: 15274,013287371829,-1,
2017-02-04 14:00:09 INFO AddIdentifyResult: 15274,013287371829,-3,
2017-02-04 14:02:24 INFO AddIdentifyResult: 15274,013287371829,12,
2017-02-04 14:02:31 INFO AddIdentifyResult: 15274,013287371829,10,reg/013287371829_0204140200|reg/013287371829_0204140200|reg/013287371829_
2017-02-04 14:02:32 INFO UpdateUserState: 013287371829,1
2017-02-04 14:02:54 INFO AddIdentifyResult: 15275,013287371829,-1,
2017-02-04 14:03:01 INFO AddIdentifyResult: 15275,013287371829,-3,
2017-02-04 14:03:52 INFO AddIdentifyResult: 15275,013287371829,0,ver/02/04/140452_013287371829.wav
2017-02-04 14:22:13 INFO AddIdentifyResult: 15276,018986932478,-1,
2017-02-04 14:22:35 INFO AddIdentifyResult: 15277,018986932478,-1,
2017-02-04 14:22:45 INFO AddIdentifyResult: 15277,018986932478,-3,
2017-02-04 14:25:00 INFO AddIdentifyResult: 15277,018986932478,12,
2017-02-04 14:25:08 INFO AddIdentifyResult: 15277,018986932478,10,reg/018986932478_0204142436|reg/018986932478_0204142436|reg/018986932478_
2017-02-04 14:25:08 INFO UpdateUserState: 018986932478,1
2017-02-04 14:25:29 INFO AddIdentifyResult: 15278,018986932478,-1,
2017-02-04 14:25:38 INFO AddIdentifyResult: 15278,018986932478,-3,
2017-02-04 14:26:30 INFO AddIdentifyResult: 15278,018986932478,0,ver/02/04/142730_018986932478.wav
2017-02-04 14:31:01 INFO AddIdentifyResult: 15279,018972934781,-1,
2017-02-04 14:31:25 INFO AddIdentifyResult: 15280,018972934781,-1,
2017-02-04 14:32:46 INFO AddIdentifyResult: 15281,018972934781,-1,
2017-02-04 14:33:06 INFO AddIdentifyResult: 15281,018972934781,-3,
2017-02-04 14:34:38 INFO AddIdentifyResult: 15281,018972934781,11,reg/018972934781_|reg/018972934781_|reg/018972934781_
2017-02-04 14:34:49 INFO AddIdentifyResult: 15282,018972934781,-1,
2017-02-04 14:34:56 INFO AddIdentifyResult: 15282,018972934781,-3,
2017-02-04 14:36:38 INFO AddIdentifyResult: 15282,018972934781,12,
2017-02-04 14:36:46 INFO AddIdentifyResult: 15282,018972934781,10,reg/018972934781_0204143647|reg/018972934781_0204143647|reg/018972934781_
2017-02-04 14:36:46 INFO UpdateUserState: 018972934781,1
2017-02-04 14:37:01 INFO AddIdentifyResult: 15283,018972934781,-1,
2017-02-04 14:37:10 INFO AddIdentifyResult: 15283,018972934781,-3,
2017-02-04 14:38:03 INFO AddIdentifyResult: 15283,018972934781,0,ver/02/04/143902_018972934781.wav
2017-02-04 15:30:39 INFO AddIdentifyResult: 15284,015572881026,-1,
2017-02-04 15:30:54 INFO AddIdentifyResult: 15284,015572881026,-3,
2017-02-04 15:33:10 INFO AddIdentifyResult: 15284,015572881026,12,
2017-02-04 15:33:17 INFO AddIdentifyResult: 15284,015572881026,10,reg/015572881026_0204153245|reg/015572881026_0204153245|reg/015572881026_
2017-02-04 15:33:17 INFO UpdateUserState: 015572881026,1
2017-02-04 15:33:37 INFO AddIdentifyResult: 15285,015572881026,-1,
2017-02-04 15:33:50 INFO AddIdentifyResult: 15285,015572881026,-3,
2017-02-04 15:34:41 INFO AddIdentifyResult: 15285,015572881026,0,ver/02/04/153541_015572881026.wav
2017-02-04 15:43:39 INFO AddIdentifyResult: 15286,015572885101,-1,
2017-02-04 15:43:51 INFO AddIdentifyResult: 15286,015572885101,-3,
2017-02-04 15:45:49 INFO AddIdentifyResult: 15286,015572885101,12,
2017-02-04 15:45:55 INFO AddIdentifyResult: 15286,015572885101,10,reg/015572885101_0204154543|reg/015572885101_0204154543|reg/015572885101_
2017-02-04 15:45:55 INFO UpdateUserState: 015572885101,1
2017-02-04 15:46:19 INFO AddIdentifyResult: 15287,015572885101,-1,
2017-02-04 15:46:29 INFO AddIdentifyResult: 15287,015572885101,-3,
2017-02-04 15:47:21 INFO AddIdentifyResult: 15287,015572885101,0,ver/02/04/154821_015572885101.wav
