2017-03-13 08:20:48 INFO AddIdentifyResult: 21703,013280372992,-1,
2017-03-13 08:20:54 INFO AddIdentifyResult: 21703,013280372992,-3,
2017-03-13 08:22:15 INFO AddIdentifyResult: 21703,013280372992,12,
2017-03-13 08:22:22 INFO AddIdentifyResult: 21703,013280372992,10,reg/013280372992_0313082326|reg/013280372992_0313082326|reg/013280372992_
2017-03-13 08:22:22 INFO UpdateUserState: 013280372992,1
2017-03-13 08:24:47 INFO AddIdentifyResult: 21704,013280372992,-1,
2017-03-13 08:24:55 INFO AddIdentifyResult: 21704,013280372992,-3,
2017-03-13 08:25:47 INFO AddIdentifyResult: 21704,013280372992,0,ver/03/13/082728_013280372992.wav
2017-03-13 08:27:12 INFO AddIdentifyResult: 21705,013561005452,-1,
2017-03-13 08:27:22 INFO AddIdentifyResult: 21705,013561005452,-3,
2017-03-13 08:29:13 INFO AddIdentifyResult: 21705,013561005452,12,
2017-03-13 08:29:20 INFO AddIdentifyResult: 21705,013561005452,10,reg/013561005452_0313083118|reg/013561005452_0313083118|reg/013561005452_0313082954
2017-03-13 08:29:20 INFO UpdateUserState: 013561005452,1
2017-03-13 08:29:33 INFO AddIdentifyResult: 21706,013561005452,-1,
2017-03-13 08:29:41 INFO AddIdentifyResult: 21706,013561005452,-3,
2017-03-13 08:30:33 INFO AddIdentifyResult: 21706,013561005452,0,ver/03/13/083214_013561005452.wav
2017-03-13 08:35:12 INFO AddIdentifyResult: 21707,013280323896,-1,
2017-03-13 08:35:19 INFO AddIdentifyResult: 21707,013280323896,-3,
2017-03-13 08:37:42 INFO AddIdentifyResult: 21707,013280323896,12,
2017-03-13 08:37:50 INFO AddIdentifyResult: 21707,013280323896,10,reg/013280323896_0313083752|reg/013280323896_0313083752|reg/013280323896_
2017-03-13 08:37:50 INFO UpdateUserState: 013280323896,1
2017-03-13 08:38:02 INFO AddIdentifyResult: 21708,013280323896,-1,
2017-03-13 08:38:08 INFO AddIdentifyResult: 21708,013280323896,-3,
2017-03-13 08:39:18 INFO AddIdentifyResult: 21708,013280323896,1,
2017-03-13 08:42:33 INFO AddIdentifyResult: 21709,015988901700,-1,
2017-03-13 08:43:05 INFO AddIdentifyResult: 21709,015988901700,-3,
2017-03-13 08:43:08 INFO AddIdentifyResult: 21709,015988901700,1,
2017-03-13 08:43:17 INFO AddIdentifyResult: 21710,015988901700,-1,
2017-03-13 08:43:30 INFO AddIdentifyResult: 21711,013197031079,-1,
2017-03-13 08:45:39 INFO AddIdentifyResult: 21712,013280323896,-1,
2017-03-13 08:45:44 INFO AddIdentifyResult: 21712,013280323896,-3,
2017-03-13 08:48:14 INFO AddIdentifyResult: 21712,013280323896,12,
2017-03-13 08:48:23 INFO AddIdentifyResult: 21712,013280323896,10,reg/013280323896_0313084817|reg/013280323896_0313084817|reg/013280323896_
2017-03-13 08:48:23 INFO UpdateUserState: 013280323896,1
2017-03-13 08:48:29 INFO AddIdentifyResult: 21713,013280323896,-1,
2017-03-13 08:48:34 INFO AddIdentifyResult: 21713,013280323896,-3,
2017-03-13 08:49:26 INFO AddIdentifyResult: 21713,013280323896,0,ver/03/13/085107_013280323896.wav
2017-03-13 08:50:33 INFO AddIdentifyResult: 21714,013280321965,-1,
2017-03-13 08:50:42 INFO AddIdentifyResult: 21714,013280321965,-3,
2017-03-13 08:53:21 INFO AddIdentifyResult: 21714,013280321965,12,
2017-03-13 08:53:28 INFO AddIdentifyResult: 21714,013280321965,10,reg/013280321965_0313085314|reg/013280321965_0313085314|reg/013280321965_
2017-03-13 08:53:28 INFO UpdateUserState: 013280321965,1
2017-03-13 08:53:36 INFO AddIdentifyResult: 21715,013042843790,-1,
2017-03-13 08:53:37 INFO AddIdentifyResult: 21716,013280321965,-1,
2017-03-13 08:53:42 INFO AddIdentifyResult: 21716,013280321965,-3,
2017-03-13 08:53:46 INFO AddIdentifyResult: 21715,013042843790,-3,
2017-03-13 08:54:33 INFO AddIdentifyResult: 21716,013280321965,1,ver/03/13/085615_013280321965.wav
2017-03-13 08:55:10 INFO AddIdentifyResult: 21717,013280321965,-1,
2017-03-13 08:55:19 INFO AddIdentifyResult: 21717,013280321965,-3,
2017-03-13 08:55:26 INFO AddIdentifyResult: 21715,013042843790,12,
2017-03-13 08:55:34 INFO AddIdentifyResult: 21715,013042843790,10,reg/013042843790_0313085618|reg/013042843790_0313085618|reg/013042843790_
2017-03-13 08:55:34 INFO UpdateUserState: 013042843790,1
2017-03-13 08:58:28 INFO AddIdentifyResult: 21717,013280321965,12,
2017-03-13 08:58:36 INFO AddIdentifyResult: 21717,013280321965,10,reg/013280321965_0313090000|reg/013280321965_0313090000|reg/013280321965_0313085752
2017-03-13 08:58:36 INFO UpdateUserState: 013280321965,1
2017-03-13 08:58:38 INFO AddIdentifyResult: 21718,013280321965,-1,
2017-03-13 08:58:43 INFO AddIdentifyResult: 21718,013280321965,-3,
2017-03-13 08:59:34 INFO AddIdentifyResult: 21718,013280321965,0,ver/03/13/090116_013280321965.wav
2017-03-13 09:00:03 INFO AddIdentifyResult: 21719,013922843548,-1,
2017-03-13 09:00:11 INFO AddIdentifyResult: 21719,013922843548,-3,
2017-03-13 09:01:54 INFO AddIdentifyResult: 21719,013922843548,12,
2017-03-13 09:02:01 INFO AddIdentifyResult: 21719,013922843548,10,reg/013922843548_0313090244|reg/013922843548_0313090244|reg/013922843548_
2017-03-13 09:02:01 INFO UpdateUserState: 013922843548,1
2017-03-13 09:02:08 INFO AddIdentifyResult: 21720,013922843548,-1,
2017-03-13 09:02:16 INFO AddIdentifyResult: 21720,013922843548,-3,
2017-03-13 09:03:08 INFO AddIdentifyResult: 21720,013922843548,0,ver/03/13/090449_013922843548.wav
2017-03-13 09:04:08 INFO AddIdentifyResult: 21721,018366925917,-1,
2017-03-13 09:04:17 INFO AddIdentifyResult: 21721,018366925917,-3,
2017-03-13 09:07:24 INFO AddIdentifyResult: 21721,018366925917,12,
2017-03-13 09:07:31 INFO AddIdentifyResult: 21721,018366925917,10,reg/018366925917_0313090650|reg/018366925917_0313090650|reg/018366925917_
2017-03-13 09:07:31 INFO UpdateUserState: 018366925917,1
2017-03-13 09:07:44 INFO AddIdentifyResult: 21722,013280367617,-1,
2017-03-13 09:07:50 INFO AddIdentifyResult: 21722,013280367617,-3,
2017-03-13 09:09:42 INFO AddIdentifyResult: 21722,013280367617,12,
2017-03-13 09:09:49 INFO AddIdentifyResult: 21722,013280367617,10,reg/013280367617_0313091023|reg/013280367617_0313091023|reg/013280367617_
2017-03-13 09:09:49 INFO UpdateUserState: 013280367617,1
2017-03-13 09:10:58 INFO AddIdentifyResult: 21723,013094256730,-1,
2017-03-13 09:11:14 INFO AddIdentifyResult: 21723,013094256730,-3,
2017-03-13 09:11:19 INFO AddIdentifyResult: 21724,013280370112,-1,
2017-03-13 09:11:26 INFO AddIdentifyResult: 21724,013280370112,-3,
2017-03-13 09:12:56 INFO AddIdentifyResult: 21725,013034406325,-1,
2017-03-13 09:13:00 INFO AddIdentifyResult: 21723,013094256730,12,
2017-03-13 09:13:01 INFO AddIdentifyResult: 21725,013034406325,-3,
2017-03-13 09:13:06 INFO AddIdentifyResult: 21723,013094256730,10,reg/013094256730_0313091347|reg/013094256730_0313091347|reg/013094256730_
2017-03-13 09:13:07 INFO UpdateUserState: 013094256730,1
2017-03-13 09:13:09 INFO AddIdentifyResult: 21724,013280370112,12,
2017-03-13 09:13:16 INFO AddIdentifyResult: 21724,013280370112,10,reg/013280370112_0313091358|reg/013280370112_0313091358|reg/013280370112_
2017-03-13 09:13:16 INFO UpdateUserState: 013280370112,1
2017-03-13 09:13:24 INFO AddIdentifyResult: 21726,013280370112,-1,
2017-03-13 09:13:30 INFO AddIdentifyResult: 21726,013280370112,-3,
2017-03-13 09:14:22 INFO AddIdentifyResult: 21726,013280370112,0,ver/03/13/091603_013280370112.wav
2017-03-13 09:14:46 INFO AddIdentifyResult: 21725,013034406325,12,
2017-03-13 09:14:53 INFO AddIdentifyResult: 21725,013034406325,10,reg/013034406325_0313091534|reg/013034406325_0313091534|reg/013034406325_
2017-03-13 09:14:53 INFO UpdateUserState: 013034406325,1
2017-03-13 09:14:56 INFO AddIdentifyResult: 21727,013034406325,-1,
2017-03-13 09:15:01 INFO AddIdentifyResult: 21727,013034406325,-3,
2017-03-13 09:15:53 INFO AddIdentifyResult: 21727,013034406325,0,ver/03/13/091734_013034406325.wav
2017-03-13 09:17:52 INFO AddIdentifyResult: 21728,018620238519,-1,
2017-03-13 09:18:11 INFO AddIdentifyResult: 21728,018620238519,-3,
2017-03-13 09:20:03 INFO AddIdentifyResult: 21728,018620238519,12,
2017-03-13 09:20:10 INFO AddIdentifyResult: 21729,013280323679,-1,
2017-03-13 09:20:10 INFO AddIdentifyResult: 21728,018620238519,10,reg/018620238519_0313092044|reg/018620238519_0313092044|reg/018620238519_
2017-03-13 09:20:10 INFO UpdateUserState: 018620238519,1
2017-03-13 09:20:11 INFO AddIdentifyResult: 21730,018620238519,-1,
2017-03-13 09:20:15 INFO AddIdentifyResult: 21729,013280323679,-3,
2017-03-13 09:20:19 INFO AddIdentifyResult: 21730,018620238519,-3,
2017-03-13 09:21:11 INFO AddIdentifyResult: 21730,018620238519,0,ver/03/13/092252_018620238519.wav
2017-03-13 09:21:48 INFO AddIdentifyResult: 21729,013280323679,12,
2017-03-13 09:21:54 INFO AddIdentifyResult: 21729,013280323679,10,reg/013280323679_0313092248|reg/013280323679_0313092248|reg/013280323679_
2017-03-13 09:21:55 INFO UpdateUserState: 013280323679,1
2017-03-13 09:24:12 INFO AddIdentifyResult: 21731,013280370373,-1,
2017-03-13 09:24:21 INFO AddIdentifyResult: 21731,013280370373,-3,
2017-03-13 09:24:35 INFO AddIdentifyResult: 0,018620238519,1,
2017-03-13 09:26:31 INFO AddIdentifyResult: 21731,013280370373,12,
2017-03-13 09:26:39 INFO AddIdentifyResult: 21731,013280370373,10,reg/013280370373_0313092817|reg/013280370373_0313092817|reg/013280370373_0313092654
2017-03-13 09:26:39 INFO UpdateUserState: 013280370373,1
2017-03-13 09:26:41 INFO AddIdentifyResult: 21733,013339716018,-1,
2017-03-13 09:26:45 INFO AddIdentifyResult: 21734,013280370373,-1,
2017-03-13 09:26:52 INFO AddIdentifyResult: 21734,013280370373,-3,
2017-03-13 09:27:06 INFO AddIdentifyResult: 21735,013339716018,-1,
2017-03-13 09:27:44 INFO AddIdentifyResult: 21734,013280370373,0,ver/03/13/092925_013280370373.wav
2017-03-13 09:27:48 INFO AddIdentifyResult: 0,018620238519,0,ver/03/13/092934_018620238519.wav
2017-03-13 09:28:11 INFO AddIdentifyResult: 21736,013339716018,-1,
2017-03-13 09:28:21 INFO AddIdentifyResult: 21736,013339716018,-3,
2017-03-13 09:28:54 INFO AddIdentifyResult: 21737,013280368060,-1,
2017-03-13 09:29:00 INFO AddIdentifyResult: 21737,013280368060,-3,
2017-03-13 09:30:02 INFO AddIdentifyResult: 21736,013339716018,12,
2017-03-13 09:30:10 INFO AddIdentifyResult: 21736,013339716018,10,reg/013339716018_0313093054|reg/013339716018_0313093054|reg/013339716018_
2017-03-13 09:30:10 INFO UpdateUserState: 013339716018,1
2017-03-13 09:31:17 INFO AddIdentifyResult: 21737,013280368060,12,
2017-03-13 09:31:25 INFO AddIdentifyResult: 21737,013280368060,10,reg/013280368060_0313093133|reg/013280368060_0313093133|reg/013280368060_
2017-03-13 09:31:25 INFO UpdateUserState: 013280368060,1
2017-03-13 09:32:29 INFO AddIdentifyResult: 21738,013356839331,-1,
2017-03-13 09:32:35 INFO AddIdentifyResult: 21738,013356839331,-3,
2017-03-13 09:35:02 INFO AddIdentifyResult: 21738,013356839331,12,
2017-03-13 09:35:08 INFO AddIdentifyResult: 21738,013356839331,10,reg/013356839331_0313093507|reg/013356839331_0313093507|reg/013356839331_
2017-03-13 09:35:09 INFO UpdateUserState: 013356839331,1
2017-03-13 09:37:14 INFO AddIdentifyResult: 21739,013545971608,-1,
2017-03-13 09:37:28 INFO AddIdentifyResult: 21739,013545971608,-3,
2017-03-13 09:38:24 INFO AddIdentifyResult: 21740,013280375250,-1,
2017-03-13 09:38:30 INFO AddIdentifyResult: 21740,013280375250,-3,
2017-03-13 09:38:41 INFO AddIdentifyResult: 21741,015632261397,-1,
2017-03-13 09:38:50 INFO AddIdentifyResult: 21741,015632261397,-3,
2017-03-13 09:39:11 INFO AddIdentifyResult: 21739,013545971608,12,
2017-03-13 09:39:20 INFO AddIdentifyResult: 21739,013545971608,10,reg/013545971608_0313094001|reg/013545971608_0313094001|reg/013545971608_
2017-03-13 09:39:20 INFO UpdateUserState: 013545971608,1
2017-03-13 09:40:07 INFO AddIdentifyResult: 21740,013280375250,12,
2017-03-13 09:40:14 INFO AddIdentifyResult: 21740,013280375250,10,reg/013280375250_0313094208|reg/013280375250_0313094208|reg/013280375250_0313094102
2017-03-13 09:40:14 INFO UpdateUserState: 013280375250,1
2017-03-13 09:41:06 INFO AddIdentifyResult: 21741,015632261397,12,
2017-03-13 09:41:13 INFO AddIdentifyResult: 21741,015632261397,10,reg/015632261397_0313094123|reg/015632261397_0313094123|reg/015632261397_
2017-03-13 09:41:14 INFO UpdateUserState: 015632261397,1
2017-03-13 09:41:16 INFO AddIdentifyResult: 21742,015632261397,-1,
2017-03-13 09:41:22 INFO AddIdentifyResult: 21742,015632261397,-3,
2017-03-13 09:42:14 INFO AddIdentifyResult: 21742,015632261397,0,ver/03/13/094355_015632261397.wav
2017-03-13 09:42:32 INFO AddIdentifyResult: 21743,013280378160,-1,
2017-03-13 09:42:46 INFO AddIdentifyResult: 21743,013280378160,-3,
2017-03-13 09:45:15 INFO AddIdentifyResult: 21743,013280378160,12,
2017-03-13 09:45:22 INFO AddIdentifyResult: 21743,013280378160,10,reg/013280378160_0313094705|reg/013280378160_0313094705|reg/013280378160_0313094519
2017-03-13 09:45:22 INFO UpdateUserState: 013280378160,1
2017-03-13 09:45:31 INFO AddIdentifyResult: 21744,013280378160,-1,
2017-03-13 09:45:40 INFO AddIdentifyResult: 21744,013280378160,-3,
2017-03-13 09:46:32 INFO AddIdentifyResult: 21744,013280378160,0,ver/03/13/094813_013280378160.wav
2017-03-13 09:49:27 INFO AddIdentifyResult: 21745,015166269523,-1,
2017-03-13 09:49:35 INFO AddIdentifyResult: 21745,015166269523,-3,
2017-03-13 09:51:25 INFO AddIdentifyResult: 21745,015166269523,12,
2017-03-13 09:51:31 INFO AddIdentifyResult: 21745,015166269523,10,reg/015166269523_0313095208|reg/015166269523_0313095208|reg/015166269523_
2017-03-13 09:51:32 INFO UpdateUserState: 015166269523,1
2017-03-13 09:54:04 INFO AddIdentifyResult: 21746,013280372820,-1,
2017-03-13 09:54:47 INFO AddIdentifyResult: 21747,013280372820,-1,
2017-03-13 09:54:53 INFO AddIdentifyResult: 21747,013280372820,-3,
2017-03-13 09:56:32 INFO AddIdentifyResult: 21747,013280372820,12,
2017-03-13 09:56:38 INFO AddIdentifyResult: 21748,013280372820,-4,2
2017-03-13 09:56:39 INFO AddIdentifyResult: 21747,013280372820,10,reg/013280372820_0313095726|reg/013280372820_0313095726|reg/013280372820_
2017-03-13 09:56:39 INFO UpdateUserState: 013280372820,1
2017-03-13 09:57:03 INFO AddIdentifyResult: 21749,013280372820,-1,
2017-03-13 09:57:18 INFO AddIdentifyResult: 21749,013280372820,-3,
2017-03-13 09:58:11 INFO AddIdentifyResult: 21749,013280372820,0,ver/03/13/095951_013280372820.wav
2017-03-13 10:00:44 INFO AddIdentifyResult: 21750,013042860230,-1,
2017-03-13 10:01:06 INFO AddIdentifyResult: 21750,013042860230,-3,
2017-03-13 10:02:45 INFO AddIdentifyResult: 21750,013042860230,12,
2017-03-13 10:02:53 INFO AddIdentifyResult: 21750,013042860230,10,reg/013042860230_0313100339|reg/013042860230_0313100339|reg/013042860230_
2017-03-13 10:02:53 INFO UpdateUserState: 013042860230,1
2017-03-13 10:03:01 INFO AddIdentifyResult: 21751,01334430792,-1,
2017-03-13 10:03:31 INFO AddIdentifyResult: 21752,013034430792,-1,
2017-03-13 10:03:37 INFO AddIdentifyResult: 21752,013034430792,-3,
2017-03-13 10:04:21 INFO AddIdentifyResult: 21753,013359208310,-1,
2017-03-13 10:04:33 INFO AddIdentifyResult: 21753,013359208310,-3,
2017-03-13 10:06:10 INFO AddIdentifyResult: 21753,013359208310,12,
2017-03-13 10:06:17 INFO AddIdentifyResult: 21753,013359208310,10,reg/013359208310_0313100706|reg/013359208310_0313100706|reg/013359208310_
2017-03-13 10:06:17 INFO UpdateUserState: 013359208310,1
2017-03-13 10:06:19 INFO AddIdentifyResult: 21752,013034430792,12,
2017-03-13 10:06:26 INFO AddIdentifyResult: 21752,013034430792,10,reg/013034430792_0313100828|reg/013034430792_0313100828|reg/013034430792_0313100610
2017-03-13 10:06:26 INFO UpdateUserState: 013034430792,1
2017-03-13 10:06:32 INFO AddIdentifyResult: 21754,013034430792,-1,
2017-03-13 10:06:38 INFO AddIdentifyResult: 21754,013034430792,-3,
2017-03-13 10:07:30 INFO AddIdentifyResult: 21754,013034430792,1,ver/03/13/100911_013034430792.wav
2017-03-13 10:08:05 INFO AddIdentifyResult: 21755,013034430792,-1,
2017-03-13 10:08:17 INFO AddIdentifyResult: 21755,013034430792,-3,
2017-03-13 10:10:01 INFO AddIdentifyResult: 21755,013034430792,12,
2017-03-13 10:10:07 INFO AddIdentifyResult: 21755,013034430792,10,reg/013034430792_0313101050|reg/013034430792_0313101050|reg/013034430792_
2017-03-13 10:10:08 INFO UpdateUserState: 013034430792,1
2017-03-13 10:10:12 INFO AddIdentifyResult: 21756,013034430792,-1,
2017-03-13 10:10:19 INFO AddIdentifyResult: 21756,013034430792,-3,
2017-03-13 10:11:11 INFO AddIdentifyResult: 21756,013034430792,0,ver/03/13/101252_013034430792.wav
2017-03-13 10:12:03 INFO AddIdentifyResult: 21757,013094257183,-1,
2017-03-13 10:12:17 INFO AddIdentifyResult: 21757,013094257183,-3,
2017-03-13 10:14:06 INFO AddIdentifyResult: 21757,013094257183,12,
2017-03-13 10:14:13 INFO AddIdentifyResult: 21757,013094257183,10,reg/013094257183_0313101450|reg/013094257183_0313101450|reg/013094257183_
2017-03-13 10:14:14 INFO UpdateUserState: 013094257183,1
2017-03-13 10:14:51 INFO AddIdentifyResult: 21758,013034430871,-1,
2017-03-13 10:15:09 INFO AddIdentifyResult: 21758,013034430871,-3,
2017-03-13 10:17:27 INFO AddIdentifyResult: 21758,013034430871,12,
2017-03-13 10:17:33 INFO AddIdentifyResult: 21758,013034430871,10,reg/013034430871_0313101932|reg/013034430871_0313101932|reg/013034430871_0313101742
2017-03-13 10:17:34 INFO UpdateUserState: 013034430871,1
2017-03-13 10:17:40 INFO AddIdentifyResult: 21759,013034430871,-1,
2017-03-13 10:17:46 INFO AddIdentifyResult: 21759,013034430871,-3,
2017-03-13 10:18:23 INFO AddIdentifyResult: 21760,013094260731,-1,
2017-03-13 10:18:34 INFO AddIdentifyResult: 21760,013094260731,-3,
2017-03-13 10:18:37 INFO AddIdentifyResult: 21759,013034430871,0,ver/03/13/102019_013034430871.wav
2017-03-13 10:20:07 INFO AddIdentifyResult: 21760,013094260731,12,
2017-03-13 10:20:14 INFO AddIdentifyResult: 21760,013094260731,10,reg/013094260731_0313102107|reg/013094260731_0313102107|reg/013094260731_
2017-03-13 10:20:14 INFO UpdateUserState: 013094260731,1
2017-03-13 10:30:32 INFO AddIdentifyResult: 21761,015097451895,-1,
2017-03-13 10:30:46 INFO AddIdentifyResult: 21761,015097451895,-3,
2017-03-13 10:33:00 INFO AddIdentifyResult: 21761,015097451895,12,
2017-03-13 10:33:07 INFO AddIdentifyResult: 21761,015097451895,10,reg/015097451895_0313103457|reg/015097451895_0313103457|reg/015097451895_0313103319
2017-03-13 10:33:07 INFO UpdateUserState: 015097451895,1
2017-03-13 10:33:18 INFO AddIdentifyResult: 21762,015097451895,-1,
2017-03-13 10:33:26 INFO AddIdentifyResult: 21762,015097451895,-3,
2017-03-13 10:34:17 INFO AddIdentifyResult: 21762,015097451895,0,ver/03/13/103559_015097451895.wav
2017-03-13 10:34:29 INFO AddIdentifyResult: 21763,015603230107,-1,
2017-03-13 10:34:37 INFO AddIdentifyResult: 21764,013094261620,-1,
2017-03-13 10:34:50 INFO AddIdentifyResult: 21765,015603230107,-1,
2017-03-13 10:34:53 INFO AddIdentifyResult: 21764,013094261620,-3,
2017-03-13 10:35:14 INFO AddIdentifyResult: 21765,015603230107,-3,
2017-03-13 10:36:35 INFO AddIdentifyResult: 21766,013280368980,-1,
2017-03-13 10:36:40 INFO AddIdentifyResult: 21764,013094261620,12,
2017-03-13 10:36:42 INFO AddIdentifyResult: 21766,013280368980,-3,
2017-03-13 10:36:47 INFO AddIdentifyResult: 21764,013094261620,10,reg/013094261620_0313103726|reg/013094261620_0313103726|reg/013094261620_
2017-03-13 10:36:47 INFO UpdateUserState: 013094261620,1
2017-03-13 10:36:48 INFO AddIdentifyResult: 21765,015603230107,12,
2017-03-13 10:36:54 INFO AddIdentifyResult: 21765,015603230107,10,reg/015603230107_0313103747|reg/015603230107_0313103747|reg/015603230107_
2017-03-13 10:36:54 INFO UpdateUserState: 015603230107,1
2017-03-13 10:37:02 INFO AddIdentifyResult: 21767,015603230107,-1,
2017-03-13 10:37:17 INFO AddIdentifyResult: 21768,015603230107,-1,
2017-03-13 10:37:41 INFO AddIdentifyResult: 21769,015603230107,-1,
2017-03-13 10:37:47 INFO AddIdentifyResult: 21769,015603230107,-3,
2017-03-13 10:38:39 INFO AddIdentifyResult: 21769,015603230107,0,ver/03/13/104020_015603230107.wav
2017-03-13 10:38:39 INFO AddIdentifyResult: 21766,013280368980,12,
2017-03-13 10:38:45 INFO AddIdentifyResult: 21766,013280368980,10,reg/013280368980_0313104035|reg/013280368980_0313104035|reg/013280368980_0313103915
2017-03-13 10:38:45 INFO UpdateUserState: 013280368980,1
2017-03-13 10:38:46 INFO AddIdentifyResult: 21770,013280368980,-1,
2017-03-13 10:38:52 INFO AddIdentifyResult: 21770,013280368980,-3,
2017-03-13 10:39:13 INFO AddIdentifyResult: 21771,015603230107,-1,
2017-03-13 10:39:24 INFO AddIdentifyResult: 21771,015603230107,-3,
2017-03-13 10:39:34 INFO AddIdentifyResult: 21771,015603230107,1,
2017-03-13 10:39:43 INFO AddIdentifyResult: 21770,013280368980,0,ver/03/13/104125_013280368980.wav
2017-03-13 10:43:17 INFO AddIdentifyResult: 21772,05231254196,-1,
2017-03-13 10:43:46 INFO AddIdentifyResult: 21773,015231254196,-1,
2017-03-13 10:43:53 INFO AddIdentifyResult: 21773,015231254196,-3,
2017-03-13 10:45:44 INFO AddIdentifyResult: 21773,015231254196,12,
2017-03-13 10:45:51 INFO AddIdentifyResult: 21773,015231254196,10,reg/015231254196_0313104758|reg/015231254196_0313104758|reg/015231254196_0313104626
2017-03-13 10:45:51 INFO UpdateUserState: 015231254196,1
2017-03-13 10:45:55 INFO AddIdentifyResult: 21774,015231254196,-1,
2017-03-13 10:46:01 INFO AddIdentifyResult: 21774,015231254196,-3,
2017-03-13 10:46:13 INFO AddIdentifyResult: 21775,013094259202,-1,
2017-03-13 10:46:27 INFO AddIdentifyResult: 21775,013094259202,-3,
2017-03-13 10:46:52 INFO AddIdentifyResult: 21774,015231254196,0,ver/03/13/104834_015231254196.wav
2017-03-13 10:47:10 INFO AddIdentifyResult: 21776,015603219079,-1,
2017-03-13 10:47:20 INFO AddIdentifyResult: 21776,015603219079,-3,
2017-03-13 10:48:10 INFO AddIdentifyResult: 21775,013094259202,12,
2017-03-13 10:48:18 INFO AddIdentifyResult: 21775,013094259202,10,reg/013094259202_0313104900|reg/013094259202_0313104900|reg/013094259202_
2017-03-13 10:48:18 INFO UpdateUserState: 013094259202,1
2017-03-13 10:48:58 INFO AddIdentifyResult: 21776,015603219079,12,
2017-03-13 10:49:05 INFO AddIdentifyResult: 21776,015603219079,10,reg/015603219079_0313104953|reg/015603219079_0313104953|reg/015603219079_
2017-03-13 10:49:05 INFO UpdateUserState: 015603219079,1
2017-03-13 10:49:16 INFO AddIdentifyResult: 21777,015603219079,-1,
2017-03-13 10:49:49 INFO AddIdentifyResult: 21778,015603219079,-1,
2017-03-13 10:49:55 INFO AddIdentifyResult: 21778,015603219079,-3,
2017-03-13 10:50:47 INFO AddIdentifyResult: 21778,015603219079,0,ver/03/13/105228_015603219079.wav
2017-03-13 10:51:21 INFO AddIdentifyResult: 21779,015231254196,-1,
2017-03-13 10:51:25 INFO AddIdentifyResult: 21780,015603219079,-1,
2017-03-13 10:51:27 INFO AddIdentifyResult: 21779,015231254196,-3,
2017-03-13 10:52:20 INFO AddIdentifyResult: 21779,015231254196,1,ver/03/13/105401_015231254196.wav
2017-03-13 10:52:46 INFO AddIdentifyResult: 21781,015603219079,-1,
2017-03-13 10:53:07 INFO AddIdentifyResult: 21782,015603219079,-1,
2017-03-13 10:53:13 INFO AddIdentifyResult: 21782,015603219079,-3,
2017-03-13 10:54:05 INFO AddIdentifyResult: 21782,015603219079,1,ver/03/13/105546_015603219079.wav
2017-03-13 10:54:36 INFO AddIdentifyResult: 21783,015603219079,-1,
2017-03-13 10:54:46 INFO AddIdentifyResult: 21783,015603219079,-3,
2017-03-13 10:54:56 INFO AddIdentifyResult: 21783,015603219079,1,
2017-03-13 10:56:26 INFO AddIdentifyResult: 21784,013730270424,-1,
2017-03-13 10:56:32 INFO AddIdentifyResult: 21785,013094261213,-1,
2017-03-13 10:56:33 INFO AddIdentifyResult: 21784,013730270424,-3,
2017-03-13 10:57:05 INFO AddIdentifyResult: 21786,013094261213,-1,
2017-03-13 10:57:10 INFO AddIdentifyResult: 21787,015603219079,-1,
2017-03-13 10:57:19 INFO AddIdentifyResult: 21786,013094261213,-3,
2017-03-13 10:58:07 INFO AddIdentifyResult: 21784,013730270424,12,
2017-03-13 10:58:15 INFO AddIdentifyResult: 21784,013730270424,10,reg/013730270424_0313105906|reg/013730270424_0313105906|reg/013730270424_
2017-03-13 10:58:15 INFO UpdateUserState: 013730270424,1
2017-03-13 10:58:21 INFO AddIdentifyResult: 21788,013730270424,-1,
2017-03-13 10:58:29 INFO AddIdentifyResult: 21788,013730270424,-3,
2017-03-13 10:58:51 INFO AddIdentifyResult: 21786,013094261213,12,
2017-03-13 10:58:57 INFO AddIdentifyResult: 21786,013094261213,10,reg/013094261213_0313105952|reg/013094261213_0313105952|reg/013094261213_
2017-03-13 10:58:58 INFO UpdateUserState: 013094261213,1
2017-03-13 10:59:21 INFO AddIdentifyResult: 21788,013730270424,0,ver/03/13/110102_013730270424.wav
2017-03-13 10:59:41 INFO AddIdentifyResult: 21789,015690216305,-1,
2017-03-13 10:59:46 INFO AddIdentifyResult: 21789,015690216305,-3,
2017-03-13 11:01:18 INFO AddIdentifyResult: 21789,015690216305,12,
2017-03-13 11:01:24 INFO AddIdentifyResult: 21789,015690216305,10,reg/015690216305_0313110218|reg/015690216305_0313110218|reg/015690216305_
2017-03-13 11:01:24 INFO UpdateUserState: 015690216305,1
2017-03-13 11:03:01 INFO AddIdentifyResult: 21790,013094262315,-1,
2017-03-13 11:03:12 INFO AddIdentifyResult: 21790,013094262315,-3,
2017-03-13 11:03:53 INFO AddIdentifyResult: 21791,015603219079,-1,
2017-03-13 11:04:03 INFO AddIdentifyResult: 21791,015603219079,-3,
2017-03-13 11:04:16 INFO AddIdentifyResult: 21792,015690216305,-1,
2017-03-13 11:04:21 INFO AddIdentifyResult: 21792,015690216305,-3,
2017-03-13 11:04:44 INFO AddIdentifyResult: 21790,013094262315,12,
2017-03-13 11:04:51 INFO AddIdentifyResult: 21790,013094262315,10,reg/013094262315_0313110545|reg/013094262315_0313110545|reg/013094262315_
2017-03-13 11:04:51 INFO UpdateUserState: 013094262315,1
2017-03-13 11:04:55 INFO AddIdentifyResult: 21791,015603219079,1,ver/03/13/110637_015603219079.wav
2017-03-13 11:05:13 INFO AddIdentifyResult: 21792,015690216305,0,ver/03/13/110654_015690216305.wav
2017-03-13 11:06:36 INFO AddIdentifyResult: 21793,015603219079,-1,
2017-03-13 11:06:42 INFO AddIdentifyResult: 21793,015603219079,-3,
2017-03-13 11:07:27 INFO AddIdentifyResult: 21793,015603219079,11,reg/015603219079_|reg/015603219079_|reg/015603219079_
2017-03-13 11:07:40 INFO AddIdentifyResult: 21794,015603219079,-1,
2017-03-13 11:09:41 INFO AddIdentifyResult: 21795,015097413387,-1,
2017-03-13 11:09:51 INFO AddIdentifyResult: 21795,015097413387,-3,
2017-03-13 11:12:06 INFO AddIdentifyResult: 21795,015097413387,12,
2017-03-13 11:12:12 INFO AddIdentifyResult: 21795,015097413387,10,reg/015097413387_0313111415|reg/015097413387_0313111415|reg/015097413387_0313111223
2017-03-13 11:12:12 INFO UpdateUserState: 015097413387,1
2017-03-13 11:12:23 INFO AddIdentifyResult: 21796,015097413387,-1,
2017-03-13 11:12:25 INFO AddIdentifyResult: 21797,015033756169,-1,
2017-03-13 11:12:31 INFO AddIdentifyResult: 21797,015033756169,-3,
2017-03-13 11:12:31 INFO AddIdentifyResult: 21796,015097413387,-3,
2017-03-13 11:13:22 INFO AddIdentifyResult: 21796,015097413387,0,ver/03/13/111504_015097413387.wav
2017-03-13 11:13:50 INFO AddIdentifyResult: 21798,015603209895,-1,
2017-03-13 11:14:18 INFO AddIdentifyResult: 21799,015603209895,-1,
2017-03-13 11:14:23 INFO AddIdentifyResult: 21799,015603209895,-3,
2017-03-13 11:14:35 INFO AddIdentifyResult: 21797,015033756169,12,
2017-03-13 11:14:42 INFO AddIdentifyResult: 21797,015033756169,10,reg/015033756169_0313111629|reg/015033756169_0313111629|reg/015033756169_0313111504
2017-03-13 11:14:42 INFO UpdateUserState: 015033756169,1
2017-03-13 11:14:43 INFO AddIdentifyResult: 21800,015033756169,-1,
2017-03-13 11:14:49 INFO AddIdentifyResult: 21800,015033756169,-3,
2017-03-13 11:15:42 INFO AddIdentifyResult: 21800,015033756169,0,ver/03/13/111723_015033756169.wav
2017-03-13 11:15:51 INFO AddIdentifyResult: 21801,015633128561,-1,
2017-03-13 11:15:55 INFO AddIdentifyResult: 21799,015603209895,12,
2017-03-13 11:16:01 INFO AddIdentifyResult: 21799,015603209895,10,reg/015603209895_0313111655|reg/015603209895_0313111655|reg/015603209895_
2017-03-13 11:16:02 INFO UpdateUserState: 015603209895,1
2017-03-13 11:16:06 INFO AddIdentifyResult: 21802,015603209895,-1,
2017-03-13 11:16:11 INFO AddIdentifyResult: 21802,015603209895,-3,
2017-03-13 11:16:19 INFO AddIdentifyResult: 21803,015633128561,-1,
2017-03-13 11:16:29 INFO AddIdentifyResult: 21803,015633128561,-3,
2017-03-13 11:17:03 INFO AddIdentifyResult: 21802,015603209895,0,ver/03/13/111844_015603209895.wav
2017-03-13 11:18:11 INFO AddIdentifyResult: 21803,015633128561,12,
2017-03-13 11:18:19 INFO AddIdentifyResult: 21803,015633128561,10,reg/015633128561_0313111901|reg/015633128561_0313111901|reg/015633128561_
2017-03-13 11:18:19 INFO UpdateUserState: 015633128561,1
2017-03-13 11:18:19 INFO AddIdentifyResult: 21804,015633128561,-1,
2017-03-13 11:18:28 INFO AddIdentifyResult: 21805,015633128561,-1,
2017-03-13 11:18:36 INFO AddIdentifyResult: 21806,015633128561,-1,
2017-03-13 11:18:56 INFO AddIdentifyResult: 21807,015633128561,-1,
2017-03-13 11:19:22 INFO AddIdentifyResult: 21808,015633128561,-1,
2017-03-13 11:19:27 INFO AddIdentifyResult: 21808,015633128561,-3,
2017-03-13 11:19:32 INFO AddIdentifyResult: 21809,015603222013,-1,
2017-03-13 11:19:37 INFO AddIdentifyResult: 21809,015603222013,-3,
2017-03-13 11:19:55 INFO AddIdentifyResult: 21810,015690437161,-1,
2017-03-13 11:20:19 INFO AddIdentifyResult: 21808,015633128561,0,ver/03/13/112200_015633128561.wav
2017-03-13 11:21:05 INFO AddIdentifyResult: 21811,018849236283,-1,
2017-03-13 11:21:12 INFO AddIdentifyResult: 21809,015603222013,12,
2017-03-13 11:21:12 INFO AddIdentifyResult: 21811,018849236283,-3,
2017-03-13 11:21:19 INFO AddIdentifyResult: 21809,015603222013,10,reg/015603222013_0313112209|reg/015603222013_0313112209|reg/015603222013_
2017-03-13 11:21:20 INFO UpdateUserState: 015603222013,1
2017-03-13 11:21:25 INFO AddIdentifyResult: 21812,015603222013,-1,
2017-03-13 11:21:29 INFO AddIdentifyResult: 21812,015603222013,-3,
2017-03-13 11:22:21 INFO AddIdentifyResult: 21812,015603222013,0,ver/03/13/112402_015603222013.wav
2017-03-13 11:22:35 INFO AddIdentifyResult: 21811,018849236283,12,
2017-03-13 11:22:42 INFO AddIdentifyResult: 21811,018849236283,10,reg/018849236283_0313112345|reg/018849236283_0313112345|reg/018849236283_
2017-03-13 11:22:42 INFO UpdateUserState: 018849236283,1
2017-03-13 11:22:43 INFO AddIdentifyResult: 21813,018849236283,-1,
2017-03-13 11:22:51 INFO AddIdentifyResult: 21813,018849236283,-3,
2017-03-13 11:23:15 INFO AddIdentifyResult: 21814,015630210950,-1,
2017-03-13 11:23:44 INFO AddIdentifyResult: 21813,018849236283,0,ver/03/13/112525_018849236283.wav
2017-03-13 11:24:25 INFO AddIdentifyResult: 21815,015630210950,-1,
2017-03-13 11:24:32 INFO AddIdentifyResult: 21815,015630210950,-3,
2017-03-13 11:24:36 INFO AddIdentifyResult: 21816,015633793812,-1,
2017-03-13 11:25:02 INFO AddIdentifyResult: 21817,015690437161,-1,
2017-03-13 11:25:08 INFO AddIdentifyResult: 21817,015690437161,-3,
2017-03-13 11:25:11 INFO AddIdentifyResult: 21818,015633793812,-1,
2017-03-13 11:25:30 INFO AddIdentifyResult: 21818,015633793812,-3,
2017-03-13 11:26:05 INFO AddIdentifyResult: 21815,015630210950,12,
2017-03-13 11:26:11 INFO AddIdentifyResult: 21815,015630210950,10,reg/015630210950_0313112704|reg/015630210950_0313112704|reg/015630210950_
2017-03-13 11:26:11 INFO UpdateUserState: 015630210950,1
2017-03-13 11:26:19 INFO AddIdentifyResult: 21819,015630210950,-1,
2017-03-13 11:26:23 INFO AddIdentifyResult: 21819,015630210950,-3,
2017-03-13 11:26:55 INFO AddIdentifyResult: 21818,015633793812,12,
2017-03-13 11:27:01 INFO AddIdentifyResult: 21818,015633793812,10,reg/015633793812_0313112803|reg/015633793812_0313112803|reg/015633793812_
2017-03-13 11:27:01 INFO UpdateUserState: 015633793812,1
2017-03-13 11:27:15 INFO AddIdentifyResult: 21819,015630210950,0,ver/03/13/112856_015630210950.wav
2017-03-13 11:27:19 INFO AddIdentifyResult: 21817,015690437161,12,
2017-03-13 11:27:26 INFO AddIdentifyResult: 21817,015690437161,10,reg/015690437161_0313112922|reg/015690437161_0313112922|reg/015690437161_0313112741
2017-03-13 11:27:26 INFO UpdateUserState: 015690437161,1
2017-03-13 11:27:32 INFO AddIdentifyResult: 21820,015690437161,-1,
2017-03-13 11:27:37 INFO AddIdentifyResult: 21821,015633793812,-1,
2017-03-13 11:27:39 INFO AddIdentifyResult: 21820,015690437161,-3,
2017-03-13 11:27:44 INFO AddIdentifyResult: 21821,015633793812,-3,
2017-03-13 11:28:08 INFO AddIdentifyResult: 21822,015075235410,-1,
2017-03-13 11:28:31 INFO AddIdentifyResult: 21820,015690437161,1,ver/03/13/113012_015690437161.wav
2017-03-13 11:28:36 INFO AddIdentifyResult: 21821,015633793812,0,ver/03/13/113017_015633793812.wav
2017-03-13 11:28:47 INFO AddIdentifyResult: 21823,015690437161,-1,
2017-03-13 11:28:53 INFO AddIdentifyResult: 21823,015690437161,-3,
2017-03-13 11:29:05 INFO AddIdentifyResult: 21822,015075235410,-3,
2017-03-13 11:29:25 INFO AddIdentifyResult: 21822,015075235410,11,reg/015075235410_|reg/015075235410_|reg/015075235410_
2017-03-13 11:29:44 INFO AddIdentifyResult: 21823,015690437161,0,ver/03/13/113126_015690437161.wav
2017-03-13 11:30:17 INFO AddIdentifyResult: 21824,015603219079,-1,
2017-03-13 11:31:34 INFO AddIdentifyResult: 21825,015603219079,-1,
2017-03-13 11:31:59 INFO AddIdentifyResult: 21826,015131293492,-1,
2017-03-13 11:32:06 INFO AddIdentifyResult: 21826,015131293492,-3,
2017-03-13 11:32:52 INFO AddIdentifyResult: 21827,015690443963,-1,
2017-03-13 11:33:09 INFO AddIdentifyResult: 21828,015690443963,-1,
2017-03-13 11:33:39 INFO AddIdentifyResult: 21826,015131293492,12,
2017-03-13 11:33:47 INFO AddIdentifyResult: 21826,015131293492,10,reg/015131293492_0313113439|reg/015131293492_0313113439|reg/015131293492_
2017-03-13 11:33:47 INFO UpdateUserState: 015131293492,1
2017-03-13 11:33:50 INFO AddIdentifyResult: 21829,015131293492,-1,
2017-03-13 11:33:53 INFO AddIdentifyResult: 21830,015603219079,-1,
2017-03-13 11:33:56 INFO AddIdentifyResult: 21829,015131293492,-3,
2017-03-13 11:33:58 INFO AddIdentifyResult: 21830,015603219079,-3,
2017-03-13 11:34:14 INFO AddIdentifyResult: 21831,015690443963,-1,
2017-03-13 11:34:17 INFO AddIdentifyResult: 21831,015690443963,-3,
2017-03-13 11:34:36 INFO AddIdentifyResult: 21830,015603219079,11,reg/015603219079_|reg/015603219079_|reg/015603219079_
2017-03-13 11:34:49 INFO AddIdentifyResult: 21829,015131293492,0,ver/03/13/113630_015131293492.wav
2017-03-13 11:36:07 INFO AddIdentifyResult: 21832,013633323496,-1,
2017-03-13 11:36:18 INFO AddIdentifyResult: 21832,013633323496,-3,
2017-03-13 11:36:47 INFO AddIdentifyResult: 21833,015632259753,-1,
2017-03-13 11:36:56 INFO AddIdentifyResult: 21833,015632259753,-3,
2017-03-13 11:37:10 INFO AddIdentifyResult: 21831,015690443963,12,
2017-03-13 11:37:19 INFO AddIdentifyResult: 21831,015690443963,10,reg/015690443963_0313113650|reg/015690443963_0313113650|reg/015690443963_
2017-03-13 11:37:19 INFO UpdateUserState: 015690443963,1
2017-03-13 11:37:32 INFO AddIdentifyResult: 21834,015603298313,-1,
2017-03-13 11:37:57 INFO AddIdentifyResult: 21835,015690443963,-1,
2017-03-13 11:38:04 INFO AddIdentifyResult: 21835,015690443963,-3,
2017-03-13 11:38:08 INFO AddIdentifyResult: 21836,015603219079,-1,
2017-03-13 11:38:09 INFO AddIdentifyResult: 21837,015603298313,-1,
2017-03-13 11:38:28 INFO AddIdentifyResult: 21833,015632259753,12,
2017-03-13 11:38:31 INFO AddIdentifyResult: 21838,015603219079,-1,
2017-03-13 11:38:34 INFO AddIdentifyResult: 21833,015632259753,10,reg/015632259753_0313113929|reg/015632259753_0313113929|reg/015632259753_
2017-03-13 11:38:34 INFO UpdateUserState: 015632259753,1
2017-03-13 11:38:35 INFO AddIdentifyResult: 21839,015603298313,-1,
2017-03-13 11:38:38 INFO AddIdentifyResult: 21840,015632259753,-1,
2017-03-13 11:38:42 INFO AddIdentifyResult: 21840,015632259753,-3,
2017-03-13 11:38:55 INFO AddIdentifyResult: 21835,015690443963,0,ver/03/13/114037_015690443963.wav
2017-03-13 11:38:56 INFO AddIdentifyResult: 21832,013633323496,11,reg/013633323496_|reg/013633323496_|reg/013633323496_
2017-03-13 11:39:09 INFO AddIdentifyResult: 21841,015603298313,-1,
2017-03-13 11:39:34 INFO AddIdentifyResult: 21840,015632259753,0,ver/03/13/114115_015632259753.wav
2017-03-13 11:40:52 INFO AddIdentifyResult: 21842,018733244068,-1,
2017-03-13 11:41:08 INFO AddIdentifyResult: 21842,018733244068,-3,
2017-03-13 11:41:44 INFO AddIdentifyResult: 21843,015603219079,-1,
2017-03-13 11:42:04 INFO AddIdentifyResult: 21844,015633713693,-1,
2017-03-13 11:42:12 INFO AddIdentifyResult: 21844,015633713693,-3,
2017-03-13 11:42:47 INFO AddIdentifyResult: 21845,015603275026,-1,
2017-03-13 11:42:56 INFO AddIdentifyResult: 21846,015633719803,-1,
2017-03-13 11:42:59 INFO AddIdentifyResult: 21845,015603275026,-3,
2017-03-13 11:43:00 INFO AddIdentifyResult: 21847,015603219079,-1,
2017-03-13 11:43:01 INFO AddIdentifyResult: 21846,015633719803,-3,
2017-03-13 11:43:07 INFO AddIdentifyResult: 21842,018733244068,12,
2017-03-13 11:43:08 INFO AddIdentifyResult: 21847,015603219079,-3,
2017-03-13 11:43:14 INFO AddIdentifyResult: 21842,018733244068,10,reg/018733244068_0313114511|reg/018733244068_0313114511|reg/018733244068_0313114341
2017-03-13 11:43:14 INFO UpdateUserState: 018733244068,1
2017-03-13 11:43:34 INFO AddIdentifyResult: 21848,018733244068,-1,
2017-03-13 11:43:42 INFO AddIdentifyResult: 21848,018733244068,-3,
2017-03-13 11:43:48 INFO AddIdentifyResult: 21847,015603219079,11,reg/015603219079_|reg/015603219079_|reg/015603219079_
2017-03-13 11:44:22 INFO AddIdentifyResult: 21844,015633713693,12,
2017-03-13 11:44:30 INFO AddIdentifyResult: 21844,015633713693,10,reg/015633713693_0313114617|reg/015633713693_0313114617|reg/015633713693_0313114445
2017-03-13 11:44:30 INFO UpdateUserState: 015633713693,1
2017-03-13 11:44:32 INFO AddIdentifyResult: 21846,015633719803,12,
2017-03-13 11:44:34 INFO AddIdentifyResult: 21848,018733244068,0,ver/03/13/114615_018733244068.wav
2017-03-13 11:44:34 INFO AddIdentifyResult: 21845,015603275026,12,
2017-03-13 11:44:39 INFO AddIdentifyResult: 21846,015633719803,10,reg/015633719803_0313114534|reg/015633719803_0313114534|reg/015633719803_
2017-03-13 11:44:39 INFO UpdateUserState: 015633719803,1
2017-03-13 11:44:42 INFO AddIdentifyResult: 21849,015633719803,-1,
2017-03-13 11:44:46 INFO AddIdentifyResult: 21850,015633713693,-1,
2017-03-13 11:44:46 INFO AddIdentifyResult: 21845,015603275026,10,reg/015603275026_0313114532|reg/015603275026_0313114532|reg/015603275026_
2017-03-13 11:44:46 INFO UpdateUserState: 015603275026,1
2017-03-13 11:44:55 INFO AddIdentifyResult: 21850,015633713693,-3,
2017-03-13 11:45:01 INFO AddIdentifyResult: 21851,015633719803,-1,
2017-03-13 11:45:05 INFO AddIdentifyResult: 21851,015633719803,-3,
2017-03-13 11:45:09 INFO AddIdentifyResult: 21852,015603275026,-1,
2017-03-13 11:45:18 INFO AddIdentifyResult: 21852,015603275026,-3,
2017-03-13 11:45:47 INFO AddIdentifyResult: 21850,015633713693,0,ver/03/13/114728_015633713693.wav
2017-03-13 11:45:58 INFO AddIdentifyResult: 21851,015633719803,0,ver/03/13/114739_015633719803.wav
2017-03-13 11:46:11 INFO AddIdentifyResult: 21852,015603275026,0,ver/03/13/114752_015603275026.wav
2017-03-13 11:47:55 INFO AddIdentifyResult: 21853,015603270879,-1,
2017-03-13 11:48:53 INFO AddIdentifyResult: 21854,015603270879,-1,
2017-03-13 11:49:04 INFO AddIdentifyResult: 21854,015603270879,-3,
2017-03-13 11:51:04 INFO AddIdentifyResult: 21854,015603270879,12,
2017-03-13 11:51:11 INFO AddIdentifyResult: 21854,015603270879,10,reg/015603270879_0313115305|reg/015603270879_0313115305|reg/015603270879_0313115137
2017-03-13 11:51:11 INFO UpdateUserState: 015603270879,1
2017-03-13 11:51:18 INFO AddIdentifyResult: 21855,015603270879,-1,
2017-03-13 11:51:27 INFO AddIdentifyResult: 21855,015603270879,-3,
2017-03-13 11:52:19 INFO AddIdentifyResult: 21855,015603270879,0,ver/03/13/115400_015603270879.wav
2017-03-13 11:54:30 INFO AddIdentifyResult: 21856,015603299510,-1,
2017-03-13 11:55:27 INFO AddIdentifyResult: 21857,015632259791,-1,
2017-03-13 11:55:38 INFO AddIdentifyResult: 21857,015632259791,-3,
2017-03-13 11:55:55 INFO AddIdentifyResult: 21857,015632259791,11,reg/015632259791_|reg/015632259791_|reg/015632259791_
2017-03-13 11:55:59 INFO AddIdentifyResult: 21858,015632259791,-1,
2017-03-13 11:56:05 INFO AddIdentifyResult: 21858,015632259791,-3,
2017-03-13 11:56:41 INFO AddIdentifyResult: 21859,015603299510,-1,
2017-03-13 11:56:47 INFO AddIdentifyResult: 21859,015603299510,-3,
2017-03-13 11:57:18 INFO AddIdentifyResult: 21859,015603299510,11,reg/015603299510_|reg/015603299510_|reg/015603299510_
2017-03-13 11:57:23 INFO AddIdentifyResult: 21860,015603299510,-1,
2017-03-13 11:57:37 INFO AddIdentifyResult: 21861,015603299510,-1,
2017-03-13 11:58:00 INFO AddIdentifyResult: 21862,015603219079,-1,
2017-03-13 11:58:02 INFO AddIdentifyResult: 21858,015632259791,12,
2017-03-13 11:58:02 INFO AddIdentifyResult: 21863,015603299510,-1,
2017-03-13 11:58:06 INFO AddIdentifyResult: 21862,015603219079,-3,
2017-03-13 11:58:08 INFO AddIdentifyResult: 21858,015632259791,10,reg/015632259791_0313120006|reg/015632259791_0313120006|reg/015632259791_0313115838
2017-03-13 11:58:09 INFO UpdateUserState: 015632259791,1
2017-03-13 11:58:18 INFO AddIdentifyResult: 21864,015632259791,-1,
2017-03-13 11:58:19 INFO AddIdentifyResult: 21863,015603299510,-3,
2017-03-13 11:58:22 INFO AddIdentifyResult: 21864,015632259791,-3,
2017-03-13 11:59:13 INFO AddIdentifyResult: 21864,015632259791,1,ver/03/13/120055_015632259791.wav
2017-03-13 11:59:36 INFO AddIdentifyResult: 21862,015603219079,11,reg/015603219079_|reg/015603219079_|reg/015603219079_
2017-03-13 11:59:39 INFO AddIdentifyResult: 21865,015632259791,-1,
2017-03-13 11:59:44 INFO AddIdentifyResult: 21865,015632259791,-3,
2017-03-13 11:59:56 INFO AddIdentifyResult: 21866,015603219079,-1,
2017-03-13 11:59:58 INFO AddIdentifyResult: 21863,015603299510,12,
2017-03-13 12:00:01 INFO AddIdentifyResult: 21866,015603219079,-3,
2017-03-13 12:00:05 INFO AddIdentifyResult: 21863,015603299510,10,reg/015603299510_0313120052|reg/015603299510_0313120052|reg/015603299510_
2017-03-13 12:00:05 INFO UpdateUserState: 015603299510,1
2017-03-13 12:00:14 INFO AddIdentifyResult: 21867,015603299510,-1,
2017-03-13 12:00:19 INFO AddIdentifyResult: 21867,015603299510,-3,
2017-03-13 12:00:36 INFO AddIdentifyResult: 21865,015632259791,0,ver/03/13/120217_015632259791.wav
2017-03-13 12:00:55 INFO AddIdentifyResult: 21868,013831224883,-1,
2017-03-13 12:01:11 INFO AddIdentifyResult: 21867,015603299510,0,ver/03/13/120252_015603299510.wav
2017-03-13 12:01:12 INFO AddIdentifyResult: 21868,013831224883,-3,
2017-03-13 12:01:25 INFO AddIdentifyResult: 21869,013795453324,-1,
2017-03-13 12:02:03 INFO AddIdentifyResult: 21866,015603219079,12,
2017-03-13 12:02:10 INFO AddIdentifyResult: 21866,015603219079,10,reg/015603219079_0313120407|reg/015603219079_0313120407|reg/015603219079_0313120234
2017-03-13 12:02:10 INFO UpdateUserState: 015603219079,1
2017-03-13 12:02:12 INFO AddIdentifyResult: 21870,015603219079,-1,
2017-03-13 12:02:33 INFO AddIdentifyResult: 21870,015603219079,-3,
2017-03-13 12:02:47 INFO AddIdentifyResult: 21868,013831224883,12,
2017-03-13 12:02:53 INFO AddIdentifyResult: 21868,013831224883,10,reg/013831224883_0313120345|reg/013831224883_0313120345|reg/013831224883_
2017-03-13 12:02:54 INFO UpdateUserState: 013831224883,1
2017-03-13 12:02:56 INFO AddIdentifyResult: 21871,013463239663,-1,
2017-03-13 12:03:03 INFO AddIdentifyResult: 21871,013463239663,-3,
2017-03-13 12:03:25 INFO AddIdentifyResult: 21872,013831224883,-1,
2017-03-13 12:03:25 INFO AddIdentifyResult: 21870,015603219079,0,ver/03/13/120507_015603219079.wav
2017-03-13 12:03:31 INFO AddIdentifyResult: 21872,013831224883,-3,
2017-03-13 12:04:23 INFO AddIdentifyResult: 21872,013831224883,0,ver/03/13/120604_013831224883.wav
2017-03-13 12:07:18 INFO AddIdentifyResult: 21871,013463239663,12,
2017-03-13 12:07:24 INFO AddIdentifyResult: 21871,013463239663,10,reg/013463239663_0313120906|reg/013463239663_0313120906|reg/013463239663_0313120536
2017-03-13 12:07:24 INFO UpdateUserState: 013463239663,1
2017-03-13 12:07:34 INFO AddIdentifyResult: 21873,013463239663,-1,
2017-03-13 12:07:39 INFO AddIdentifyResult: 21873,013463239663,-3,
2017-03-13 12:08:18 INFO AddIdentifyResult: 21874,015630275026,-1,
2017-03-13 12:08:31 INFO AddIdentifyResult: 21873,013463239663,0,ver/03/13/121013_013463239663.wav
2017-03-13 12:08:48 INFO AddIdentifyResult: 21874,015630275026,-3,
2017-03-13 12:08:59 INFO AddIdentifyResult: 21874,015630275026,11,reg/015630275026_|reg/015630275026_|reg/015630275026_
2017-03-13 12:09:07 INFO AddIdentifyResult: 21875,015630275026,-1,
2017-03-13 12:09:32 INFO AddIdentifyResult: 21875,015630275026,-3,
2017-03-13 12:09:48 INFO AddIdentifyResult: 21875,015630275026,11,reg/015630275026_|reg/015630275026_|reg/015630275026_
2017-03-13 12:11:49 INFO AddIdentifyResult: 21876,015603275026,-1,
2017-03-13 12:11:55 INFO AddIdentifyResult: 21876,015603275026,-3,
2017-03-13 12:11:57 INFO AddIdentifyResult: 21877,015690228635,-1,
2017-03-13 12:12:45 INFO AddIdentifyResult: 21878,015690228635,-1,
2017-03-13 12:13:08 INFO AddIdentifyResult: 21879,015690228635,-1,
2017-03-13 12:13:53 INFO AddIdentifyResult: 21876,015603275026,12,
2017-03-13 12:13:56 INFO AddIdentifyResult: 21880,015690228635,-1,
2017-03-13 12:14:01 INFO AddIdentifyResult: 21876,015603275026,10,reg/015603275026_0313121428|reg/015603275026_0313121428|reg/015603275026_
2017-03-13 12:14:01 INFO UpdateUserState: 015603275026,1
2017-03-13 12:14:35 INFO AddIdentifyResult: 21881,015603275026,-1,
2017-03-13 12:14:40 INFO AddIdentifyResult: 21881,015603275026,-3,
2017-03-13 12:15:33 INFO AddIdentifyResult: 21881,015603275026,0,ver/03/13/121714_015603275026.wav
2017-03-13 12:17:24 INFO AddIdentifyResult: 21882,015690229635,-1,
2017-03-13 12:17:57 INFO AddIdentifyResult: 21883,015690229635,-1,
2017-03-13 12:18:02 INFO AddIdentifyResult: 21883,015690229635,-3,
2017-03-13 12:21:21 INFO AddIdentifyResult: 21883,015690229635,12,
2017-03-13 12:21:27 INFO AddIdentifyResult: 21883,015690229635,10,reg/015690229635_0313122316|reg/015690229635_0313122316|reg/015690229635_0313122035
2017-03-13 12:21:27 INFO UpdateUserState: 015690229635,1
2017-03-13 12:21:37 INFO AddIdentifyResult: 21884,015690229635,-1,
2017-03-13 12:21:45 INFO AddIdentifyResult: 21884,015690229635,-3,
2017-03-13 12:22:37 INFO AddIdentifyResult: 21884,015690229635,1,ver/03/13/122419_015690229635.wav
2017-03-13 12:23:06 INFO AddIdentifyResult: 21885,015690229635,-1,
2017-03-13 12:23:13 INFO AddIdentifyResult: 21885,015690229635,-3,
2017-03-13 12:24:04 INFO AddIdentifyResult: 21885,015690229635,1,ver/03/13/122546_015690229635.wav
2017-03-13 12:25:37 INFO AddIdentifyResult: 21886,015690229635,-1,
2017-03-13 12:26:06 INFO AddIdentifyResult: 21887,015690229635,-1,
2017-03-13 12:27:07 INFO AddIdentifyResult: 21888,015690229635,-1,
2017-03-13 12:28:29 INFO AddIdentifyResult: 21889,015690229635,-1,
2017-03-13 12:28:49 INFO AddIdentifyResult: 21890,015690229635,-1,
2017-03-13 12:29:11 INFO AddIdentifyResult: 21891,015690229635,-1,
2017-03-13 12:29:22 INFO AddIdentifyResult: 21891,015690229635,-3,
2017-03-13 12:31:42 INFO AddIdentifyResult: 21891,015690229635,12,
2017-03-13 12:31:48 INFO AddIdentifyResult: 21891,015690229635,10,reg/015690229635_0313123344|reg/015690229635_0313123344|reg/015690229635_0313123155
2017-03-13 12:31:49 INFO UpdateUserState: 015690229635,1
2017-03-13 12:31:52 INFO AddIdentifyResult: 21892,015690229635,-1,
2017-03-13 12:32:26 INFO AddIdentifyResult: 21893,015690229635,-1,
2017-03-13 12:33:08 INFO AddIdentifyResult: 21894,015690229635,-1,
2017-03-13 12:33:18 INFO AddIdentifyResult: 21894,015690229635,-3,
2017-03-13 12:34:10 INFO AddIdentifyResult: 21894,015690229635,0,ver/03/13/123552_015690229635.wav
2017-03-13 13:21:39 INFO AddIdentifyResult: 21895,015630217039,-1,
2017-03-13 13:21:44 INFO AddIdentifyResult: 21895,015630217039,-3,
2017-03-13 13:24:11 INFO AddIdentifyResult: 21895,015630217039,11,reg/015630217039_|reg/015630217039_|reg/015630217039_
2017-03-13 13:24:41 INFO AddIdentifyResult: 21896,015630217039,-1,
2017-03-13 13:24:48 INFO AddIdentifyResult: 21896,015630217039,-3,
2017-03-13 13:25:41 INFO AddIdentifyResult: 21896,015630217039,11,reg/015630217039_|reg/015630217039_|reg/015630217039_
2017-03-13 13:26:48 INFO AddIdentifyResult: 21897,015630217039,-1,
2017-03-13 13:26:57 INFO AddIdentifyResult: 21897,015630217039,-3,
2017-03-13 13:29:15 INFO AddIdentifyResult: 21897,015630217039,12,
2017-03-13 13:29:22 INFO AddIdentifyResult: 21897,015630217039,10,reg/015630217039_0313133115|reg/015630217039_0313133115|reg/015630217039_0313132930
2017-03-13 13:29:22 INFO UpdateUserState: 015630217039,1
2017-03-13 13:29:51 INFO AddIdentifyResult: 21898,015630217039,-1,
2017-03-13 13:29:58 INFO AddIdentifyResult: 21898,015630217039,-3,
2017-03-13 13:30:50 INFO AddIdentifyResult: 21898,015630217039,0,ver/03/13/133232_015630217039.wav
2017-03-13 13:35:17 INFO AddIdentifyResult: 21899,018618457910,-1,
2017-03-13 13:35:25 INFO AddIdentifyResult: 21899,018618457910,-3,
2017-03-13 13:35:33 INFO AddIdentifyResult: 21899,018618457910,11,reg/018618457910_|reg/018618457910_|reg/018618457910_
2017-03-13 13:41:15 INFO AddIdentifyResult: 21900,013181990796,-1,
2017-03-13 13:41:24 INFO AddIdentifyResult: 21900,013181990796,-3,
2017-03-13 13:43:04 INFO AddIdentifyResult: 21900,013181990796,12,
2017-03-13 13:43:11 INFO AddIdentifyResult: 21900,013181990796,10,reg/013181990796_0313134358|reg/013181990796_0313134358|reg/013181990796_
2017-03-13 13:43:11 INFO UpdateUserState: 013181990796,1
2017-03-13 14:17:02 INFO AddIdentifyResult: 21901,015988901700,-1,
2017-03-13 14:19:29 INFO AddIdentifyResult: 21902,013034430871,-1,
2017-03-13 14:32:35 INFO AddIdentifyResult: 21903,013280368691,-1,
2017-03-13 14:32:41 INFO AddIdentifyResult: 21903,013280368691,-3,
2017-03-13 14:34:21 INFO AddIdentifyResult: 21903,013280368691,12,
2017-03-13 14:34:28 INFO AddIdentifyResult: 21903,013280368691,10,reg/013280368691_0313143514|reg/013280368691_0313143514|reg/013280368691_
2017-03-13 14:34:28 INFO UpdateUserState: 013280368691,1
2017-03-13 14:38:30 INFO AddIdentifyResult: 21904,013280370858,-1,
2017-03-13 14:38:35 INFO AddIdentifyResult: 21904,013280370858,-3,
2017-03-13 14:40:50 INFO AddIdentifyResult: 21904,013280370858,12,
2017-03-13 14:40:57 INFO AddIdentifyResult: 21904,013280370858,10,reg/013280370858_0313144109|reg/013280370858_0313144109|reg/013280370858_
2017-03-13 14:40:58 INFO UpdateUserState: 013280370858,1
2017-03-13 15:06:48 INFO AddIdentifyResult: 21905,015633738051,-1,
2017-03-13 15:06:58 INFO AddIdentifyResult: 21905,015633738051,-3,
2017-03-13 15:08:56 INFO AddIdentifyResult: 21905,015633738051,12,
2017-03-13 15:09:02 INFO AddIdentifyResult: 21905,015633738051,10,reg/015633738051_0313150931|reg/015633738051_0313150931|reg/015633738051_
2017-03-13 15:09:03 INFO UpdateUserState: 015633738051,1
2017-03-13 15:09:12 INFO AddIdentifyResult: 21906,015633738051,-1,
2017-03-13 15:09:18 INFO AddIdentifyResult: 21906,015633738051,-3,
2017-03-13 15:10:09 INFO AddIdentifyResult: 21906,015633738051,0,ver/03/13/151152_015633738051.wav
2017-03-13 15:12:00 INFO AddIdentifyResult: 21907,015633735032,-1,
2017-03-13 15:12:05 INFO AddIdentifyResult: 21907,015633735032,-3,
2017-03-13 15:13:31 INFO AddIdentifyResult: 21907,015633735032,12,
2017-03-13 15:13:38 INFO AddIdentifyResult: 21907,015633735032,10,reg/015633735032_0313151439|reg/015633735032_0313151439|reg/015633735032_
2017-03-13 15:13:38 INFO UpdateUserState: 015633735032,1
2017-03-13 15:13:42 INFO AddIdentifyResult: 21908,015633735032,-1,
2017-03-13 15:13:46 INFO AddIdentifyResult: 21908,015633735032,-3,
2017-03-13 15:14:38 INFO AddIdentifyResult: 21908,015633735032,0,ver/03/13/151620_015633735032.wav
2017-03-13 15:16:28 INFO AddIdentifyResult: 21909,015630221337,-1,
2017-03-13 15:16:34 INFO AddIdentifyResult: 21909,015630221337,-3,
2017-03-13 15:18:29 INFO AddIdentifyResult: 21909,015630221337,12,
2017-03-13 15:18:36 INFO AddIdentifyResult: 21909,015630221337,10,reg/015630221337_0313152030|reg/015630221337_0313152030|reg/015630221337_0313151908
2017-03-13 15:18:36 INFO UpdateUserState: 015630221337,1
2017-03-13 15:18:37 INFO AddIdentifyResult: 21910,015630221337,-1,
2017-03-13 15:18:43 INFO AddIdentifyResult: 21910,015630221337,-3,
2017-03-13 15:19:35 INFO AddIdentifyResult: 21910,015630221337,0,ver/03/13/152117_015630221337.wav
2017-03-13 15:20:47 INFO AddIdentifyResult: 21911,013473231049,-1,
2017-03-13 15:20:58 INFO AddIdentifyResult: 21911,013473231049,-3,
2017-03-13 15:22:24 INFO AddIdentifyResult: 21911,013473231049,12,
2017-03-13 15:22:31 INFO AddIdentifyResult: 21911,013473231049,10,reg/013473231049_0313152331|reg/013473231049_0313152331|reg/013473231049_
2017-03-13 15:22:31 INFO UpdateUserState: 013473231049,1
2017-03-13 15:22:31 INFO AddIdentifyResult: 21912,013473231049,-1,
2017-03-13 15:22:38 INFO AddIdentifyResult: 21912,013473231049,-3,
2017-03-13 15:23:30 INFO AddIdentifyResult: 21912,013473231049,0,ver/03/13/152512_013473231049.wav
2017-03-13 15:24:45 INFO AddIdentifyResult: 21913,015690252917,-1,
2017-03-13 15:24:50 INFO AddIdentifyResult: 21913,015690252917,-3,
2017-03-13 15:26:19 INFO AddIdentifyResult: 21913,015690252917,12,
2017-03-13 15:26:26 INFO AddIdentifyResult: 21913,015690252917,10,reg/015690252917_0313152724|reg/015690252917_0313152724|reg/015690252917_
2017-03-13 15:26:27 INFO UpdateUserState: 015690252917,1
2017-03-13 15:26:59 INFO AddIdentifyResult: 21914,015690252917,-1,
2017-03-13 15:27:04 INFO AddIdentifyResult: 21914,015690252917,-3,
2017-03-13 15:27:56 INFO AddIdentifyResult: 21914,015690252917,0,ver/03/13/152938_015690252917.wav
2017-03-13 15:29:47 INFO AddIdentifyResult: 21915,013094260935,-1,
2017-03-13 15:29:53 INFO AddIdentifyResult: 21916,015050261673,-1,
2017-03-13 15:30:03 INFO AddIdentifyResult: 21915,013094260935,-3,
2017-03-13 15:31:09 INFO AddIdentifyResult: 21917,013722204233,-1,
2017-03-13 15:31:15 INFO AddIdentifyResult: 21917,013722204233,-3,
2017-03-13 15:31:38 INFO AddIdentifyResult: 21915,013094260935,12,
2017-03-13 15:31:46 INFO AddIdentifyResult: 21915,013094260935,10,reg/013094260935_0313153237|reg/013094260935_0313153237|reg/013094260935_
2017-03-13 15:31:46 INFO UpdateUserState: 013094260935,1
2017-03-13 15:32:37 INFO AddIdentifyResult: 21917,013722204233,12,
2017-03-13 15:32:45 INFO AddIdentifyResult: 21917,013722204233,10,reg/013722204233_0313153349|reg/013722204233_0313153349|reg/013722204233_
2017-03-13 15:32:45 INFO UpdateUserState: 013722204233,1
2017-03-13 15:32:48 INFO AddIdentifyResult: 21918,013722204233,-1,
2017-03-13 15:32:53 INFO AddIdentifyResult: 21918,013722204233,-3,
2017-03-13 15:33:18 INFO AddIdentifyResult: 21919,015633761173,-1,
2017-03-13 15:33:23 INFO AddIdentifyResult: 21919,015633761173,-3,
2017-03-13 15:33:46 INFO AddIdentifyResult: 21918,013722204233,0,ver/03/13/153527_013722204233.wav
2017-03-13 15:34:07 INFO AddIdentifyResult: 21919,015633761173,11,reg/015633761173_|reg/015633761173_|reg/015633761173_
2017-03-13 15:34:11 INFO AddIdentifyResult: 21920,015603287737,-1,
2017-03-13 15:34:15 INFO AddIdentifyResult: 21920,015603287737,-3,
2017-03-13 15:35:42 INFO AddIdentifyResult: 21920,015603287737,12,
2017-03-13 15:35:49 INFO AddIdentifyResult: 21920,015603287737,10,reg/015603287737_0313153649|reg/015603287737_0313153649|reg/015603287737_
2017-03-13 15:35:49 INFO UpdateUserState: 015603287737,1
2017-03-13 15:35:50 INFO AddIdentifyResult: 21921,015603287737,-1,
2017-03-13 15:35:51 INFO AddIdentifyResult: 21922,015633761173,-1,
2017-03-13 15:35:55 INFO AddIdentifyResult: 21921,015603287737,-3,
2017-03-13 15:35:56 INFO AddIdentifyResult: 21922,015633761173,-3,
2017-03-13 15:36:47 INFO AddIdentifyResult: 21921,015603287737,0,ver/03/13/153829_015603287737.wav
2017-03-13 15:37:12 INFO AddIdentifyResult: 21923,013094260763,-1,
2017-03-13 15:37:27 INFO AddIdentifyResult: 21923,013094260763,-3,
2017-03-13 15:37:49 INFO AddIdentifyResult: 21922,015633761173,12,
2017-03-13 15:37:57 INFO AddIdentifyResult: 21922,015633761173,10,reg/015633761173_0313153830|reg/015633761173_0313153830|reg/015633761173_
2017-03-13 15:37:57 INFO UpdateUserState: 015633761173,1
2017-03-13 15:38:10 INFO AddIdentifyResult: 21924,015633761173,-1,
2017-03-13 15:38:16 INFO AddIdentifyResult: 21924,015633761173,-3,
2017-03-13 15:38:34 INFO AddIdentifyResult: 21925,015603230796,-1,
2017-03-13 15:38:40 INFO AddIdentifyResult: 21925,015603230796,-3,
2017-03-13 15:39:03 INFO AddIdentifyResult: 21924,015633761173,1,
2017-03-13 15:39:08 INFO AddIdentifyResult: 21923,013094260763,12,
2017-03-13 15:39:16 INFO AddIdentifyResult: 21923,013094260763,10,reg/013094260763_0313154001|reg/013094260763_0313154001|reg/013094260763_
2017-03-13 15:39:16 INFO UpdateUserState: 013094260763,1
2017-03-13 15:39:37 INFO AddIdentifyResult: 21926,015633761173,-1,
2017-03-13 15:40:02 INFO AddIdentifyResult: 21927,015633761173,-1,
2017-03-13 15:40:02 INFO AddIdentifyResult: 21925,015603230796,12,
2017-03-13 15:40:09 INFO AddIdentifyResult: 21925,015603230796,10,reg/015603230796_0313154114|reg/015603230796_0313154114|reg/015603230796_
2017-03-13 15:40:09 INFO UpdateUserState: 015603230796,1
2017-03-13 15:40:10 INFO AddIdentifyResult: 21928,015603230796,-1,
2017-03-13 15:40:14 INFO AddIdentifyResult: 21928,015603230796,-3,
2017-03-13 15:40:27 INFO AddIdentifyResult: 21929,015633761173,-1,
2017-03-13 15:41:07 INFO AddIdentifyResult: 21928,015603230796,0,ver/03/13/154249_015603230796.wav
2017-03-13 15:41:19 INFO AddIdentifyResult: 21930,018233238137,-1,
2017-03-13 15:41:26 INFO AddIdentifyResult: 21930,018233238137,-3,
2017-03-13 15:42:49 INFO AddIdentifyResult: 21930,018233238137,12,
2017-03-13 15:42:56 INFO AddIdentifyResult: 21930,018233238137,10,reg/018233238137_0313154400|reg/018233238137_0313154400|reg/018233238137_
2017-03-13 15:42:56 INFO UpdateUserState: 018233238137,1
2017-03-13 15:43:05 INFO AddIdentifyResult: 21931,018233238137,-1,
2017-03-13 15:43:11 INFO AddIdentifyResult: 21931,018233238137,-3,
2017-03-13 15:43:43 INFO AddIdentifyResult: 21932,015633761173,-1,
2017-03-13 15:44:03 INFO AddIdentifyResult: 21931,018233238137,0,ver/03/13/154545_018233238137.wav
2017-03-13 15:44:42 INFO AddIdentifyResult: 21933,015631237921,-1,
2017-03-13 15:44:58 INFO AddIdentifyResult: 21933,015631237921,-3,
2017-03-13 15:45:22 INFO AddIdentifyResult: 21934,015633125573,-1,
2017-03-13 15:45:27 INFO AddIdentifyResult: 21934,015633125573,-3,
2017-03-13 15:46:50 INFO AddIdentifyResult: 21934,015633125573,12,
2017-03-13 15:46:55 INFO AddIdentifyResult: 21935,015633125573,-4,2
2017-03-13 15:46:56 INFO AddIdentifyResult: 21934,015633125573,10,reg/015633125573_0313154800|reg/015633125573_0313154800|reg/015633125573_
2017-03-13 15:46:56 INFO UpdateUserState: 015633125573,1
2017-03-13 15:47:16 INFO AddIdentifyResult: 21936,015633125573,-1,
2017-03-13 15:47:23 INFO AddIdentifyResult: 21936,015633125573,-3,
2017-03-13 15:48:15 INFO AddIdentifyResult: 21936,015633125573,0,ver/03/13/154957_015633125573.wav
2017-03-13 15:48:21 INFO AddIdentifyResult: 21933,015631237921,12,
2017-03-13 15:48:35 INFO AddIdentifyResult: 21933,015631237921,10,reg/015631237921_0313154732|reg/015631237921_0313154732|reg/015631237921_
2017-03-13 15:48:35 INFO UpdateUserState: 015631237921,1
2017-03-13 15:48:36 INFO AddIdentifyResult: 21937,015631237921,-1,
2017-03-13 15:48:44 INFO AddIdentifyResult: 21937,015631237921,-3,
2017-03-13 15:49:10 INFO AddIdentifyResult: 21938,013400129427,-1,
2017-03-13 15:49:16 INFO AddIdentifyResult: 21938,013400129427,-3,
2017-03-13 15:49:36 INFO AddIdentifyResult: 21937,015631237921,0,ver/03/13/155118_015631237921.wav
2017-03-13 15:49:58 INFO AddIdentifyResult: 21939,015633761173,-1,
2017-03-13 15:50:04 INFO AddIdentifyResult: 21939,015633761173,-3,
2017-03-13 15:50:43 INFO AddIdentifyResult: 21938,013400129427,12,
2017-03-13 15:50:50 INFO AddIdentifyResult: 21938,013400129427,10,reg/013400129427_0313155150|reg/013400129427_0313155150|reg/013400129427_
2017-03-13 15:50:50 INFO UpdateUserState: 013400129427,1
2017-03-13 15:50:56 INFO AddIdentifyResult: 21939,015633761173,0,ver/03/13/155238_015633761173.wav
2017-03-13 15:50:57 INFO AddIdentifyResult: 21940,013400129427,-1,
2017-03-13 15:51:03 INFO AddIdentifyResult: 21940,013400129427,-3,
2017-03-13 15:51:55 INFO AddIdentifyResult: 21940,013400129427,0,ver/03/13/155337_013400129427.wav
2017-03-13 15:52:48 INFO AddIdentifyResult: 21941,015603225783,-1,
2017-03-13 15:52:54 INFO AddIdentifyResult: 21941,015603225783,-3,
2017-03-13 15:53:42 INFO AddIdentifyResult: 21942,015603200073,-1,
2017-03-13 15:54:05 INFO AddIdentifyResult: 21942,015603200073,-3,
2017-03-13 15:54:08 INFO AddIdentifyResult: 21943,015603200073,-1,
2017-03-13 15:54:17 INFO AddIdentifyResult: 21942,015603200073,11,reg/015603200073_|reg/015603200073_|reg/015603200073_
2017-03-13 15:54:17 INFO AddIdentifyResult: 21944,015603200073,-1,
2017-03-13 15:54:18 INFO AddIdentifyResult: 21941,015603225783,12,
2017-03-13 15:54:23 INFO AddIdentifyResult: 21944,015603200073,-3,
2017-03-13 15:54:25 INFO AddIdentifyResult: 21941,015603225783,10,reg/015603225783_0313155528|reg/015603225783_0313155528|reg/015603225783_
2017-03-13 15:54:25 INFO UpdateUserState: 015603225783,1
2017-03-13 15:54:36 INFO AddIdentifyResult: 21945,015603225783,-1,
2017-03-13 15:54:42 INFO AddIdentifyResult: 21945,015603225783,-3,
2017-03-13 15:55:34 INFO AddIdentifyResult: 21945,015603225783,0,ver/03/13/155716_015603225783.wav
2017-03-13 15:56:07 INFO AddIdentifyResult: 21944,015603200073,12,
2017-03-13 15:56:15 INFO AddIdentifyResult: 21944,015603200073,10,reg/015603200073_0313155657|reg/015603200073_0313155657|reg/015603200073_
2017-03-13 15:56:15 INFO UpdateUserState: 015603200073,1
2017-03-13 15:56:20 INFO AddIdentifyResult: 21946,015603200073,-1,
2017-03-13 15:56:26 INFO AddIdentifyResult: 21946,015603200073,-3,
2017-03-13 15:56:37 INFO AddIdentifyResult: 21947,015633759913,-1,
2017-03-13 15:56:43 INFO AddIdentifyResult: 21947,015633759913,-3,
2017-03-13 15:57:18 INFO AddIdentifyResult: 21946,015603200073,0,ver/03/13/155900_015603200073.wav
2017-03-13 15:58:07 INFO AddIdentifyResult: 21948,013463447817,-1,
2017-03-13 15:58:08 INFO AddIdentifyResult: 21947,015633759913,12,
2017-03-13 15:58:13 INFO AddIdentifyResult: 21949,015633759913,-4,2
2017-03-13 15:58:15 INFO AddIdentifyResult: 21948,013463447817,-3,
2017-03-13 15:58:15 INFO AddIdentifyResult: 21947,015633759913,10,reg/015633759913_0313155917|reg/015633759913_0313155917|reg/015633759913_
2017-03-13 15:58:15 INFO UpdateUserState: 015633759913,1
2017-03-13 15:58:26 INFO AddIdentifyResult: 21950,015633759913,-1,
2017-03-13 15:58:30 INFO AddIdentifyResult: 21950,015633759913,-3,
2017-03-13 15:59:23 INFO AddIdentifyResult: 21950,015633759913,0,ver/03/13/160105_015633759913.wav
2017-03-13 16:00:15 INFO AddIdentifyResult: 21951,015633780697,-1,
2017-03-13 16:00:20 INFO AddIdentifyResult: 21948,013463447817,12,
2017-03-13 16:00:23 INFO AddIdentifyResult: 21951,015633780697,-3,
2017-03-13 16:00:28 INFO AddIdentifyResult: 21948,013463447817,10,reg/013463447817_0313160048|reg/013463447817_0313160048|reg/013463447817_
2017-03-13 16:00:28 INFO UpdateUserState: 013463447817,1
2017-03-13 16:01:47 INFO AddIdentifyResult: 21951,015633780697,12,
2017-03-13 16:01:53 INFO AddIdentifyResult: 21951,015633780697,10,reg/015633780697_0313160256|reg/015633780697_0313160256|reg/015633780697_
2017-03-13 16:01:54 INFO UpdateUserState: 015633780697,1
2017-03-13 16:01:55 INFO AddIdentifyResult: 21952,015633780697,-1,
2017-03-13 16:02:02 INFO AddIdentifyResult: 21952,015633780697,-3,
2017-03-13 16:02:54 INFO AddIdentifyResult: 21952,015633780697,0,ver/03/13/160436_015633780697.wav
2017-03-13 16:03:50 INFO AddIdentifyResult: 21953,015690206312,-1,
2017-03-13 16:03:56 INFO AddIdentifyResult: 21953,015690206312,-3,
2017-03-13 16:04:17 INFO AddIdentifyResult: 21954,013463447817,-1,
2017-03-13 16:04:23 INFO AddIdentifyResult: 21954,013463447817,-3,
2017-03-13 16:05:15 INFO AddIdentifyResult: 21954,013463447817,0,ver/03/13/160657_013463447817.wav
2017-03-13 16:05:22 INFO AddIdentifyResult: 21953,015690206312,12,
2017-03-13 16:05:28 INFO AddIdentifyResult: 21955,015690206312,-4,2
2017-03-13 16:05:29 INFO AddIdentifyResult: 21953,015690206312,10,reg/015690206312_0313160630|reg/015690206312_0313160630|reg/015690206312_
2017-03-13 16:05:29 INFO UpdateUserState: 015690206312,1
2017-03-13 16:05:37 INFO AddIdentifyResult: 21956,015690206312,-1,
2017-03-13 16:05:42 INFO AddIdentifyResult: 21956,015690206312,-3,
2017-03-13 16:06:34 INFO AddIdentifyResult: 21956,015690206312,0,ver/03/13/160816_015690206312.wav
2017-03-13 16:07:01 INFO AddIdentifyResult: 21957,015633292573,-1,
2017-03-13 16:07:06 INFO AddIdentifyResult: 21957,015633292573,-3,
2017-03-13 16:07:36 INFO AddIdentifyResult: 21958,018332866758,-1,
2017-03-13 16:07:41 INFO AddIdentifyResult: 21958,018332866758,-3,
2017-03-13 16:09:09 INFO AddIdentifyResult: 21957,015633292573,12,
2017-03-13 16:09:18 INFO AddIdentifyResult: 21957,015633292573,10,reg/015633292573_0313160940|reg/015633292573_0313160940|reg/015633292573_
2017-03-13 16:09:18 INFO UpdateUserState: 015633292573,1
2017-03-13 16:09:27 INFO AddIdentifyResult: 21958,018332866758,12,
2017-03-13 16:09:29 INFO AddIdentifyResult: 21959,015633292573,-1,
2017-03-13 16:09:32 INFO AddIdentifyResult: 21960,018332866758,-4,2
2017-03-13 16:09:33 INFO AddIdentifyResult: 21959,015633292573,-3,
2017-03-13 16:09:34 INFO AddIdentifyResult: 21958,018332866758,10,reg/018332866758_0313161138|reg/018332866758_0313161138|reg/018332866758_0313161015
2017-03-13 16:09:34 INFO UpdateUserState: 018332866758,1
2017-03-13 16:09:54 INFO AddIdentifyResult: 21961,018332866758,-1,
2017-03-13 16:09:59 INFO AddIdentifyResult: 21961,018332866758,-3,
2017-03-13 16:10:25 INFO AddIdentifyResult: 21959,015633292573,0,ver/03/13/161207_015633292573.wav
2017-03-13 16:10:52 INFO AddIdentifyResult: 21961,018332866758,0,ver/03/13/161234_018332866758.wav
2017-03-13 16:12:11 INFO AddIdentifyResult: 21962,015633750621,-1,
2017-03-13 16:12:18 INFO AddIdentifyResult: 21962,015633750621,-3,
2017-03-13 16:12:59 INFO AddIdentifyResult: 21963,15633209015,-1,
2017-03-13 16:13:42 INFO AddIdentifyResult: 21962,015633750621,12,
2017-03-13 16:13:47 INFO AddIdentifyResult: 21964,015633750621,-4,2
2017-03-13 16:13:50 INFO AddIdentifyResult: 21962,015633750621,10,reg/015633750621_0313161452|reg/015633750621_0313161452|reg/015633750621_
2017-03-13 16:13:50 INFO UpdateUserState: 015633750621,1
2017-03-13 16:13:58 INFO AddIdentifyResult: 21965,015633750621,-1,
2017-03-13 16:14:02 INFO AddIdentifyResult: 21965,015633750621,-3,
2017-03-13 16:14:54 INFO AddIdentifyResult: 21965,015633750621,0,ver/03/13/161636_015633750621.wav
2017-03-13 16:15:21 INFO AddIdentifyResult: 21966,015690201332,-1,
2017-03-13 16:15:28 INFO AddIdentifyResult: 21966,015690201332,-3,
2017-03-13 16:16:50 INFO AddIdentifyResult: 21967,015633209015,-1,
2017-03-13 16:16:51 INFO AddIdentifyResult: 21966,015690201332,12,
2017-03-13 16:16:57 INFO AddIdentifyResult: 21966,015690201332,10,reg/015690201332_0313161802|reg/015690201332_0313161802|reg/015690201332_
2017-03-13 16:16:58 INFO UpdateUserState: 015690201332,1
2017-03-13 16:17:00 INFO AddIdentifyResult: 21968,015690201332,-1,
2017-03-13 16:17:04 INFO AddIdentifyResult: 21968,015690201332,-3,
2017-03-13 16:17:21 INFO AddIdentifyResult: 21969,015633209015,-1,
2017-03-13 16:17:57 INFO AddIdentifyResult: 21968,015690201332,0,ver/03/13/161939_015690201332.wav
2017-03-13 16:18:47 INFO AddIdentifyResult: 21970,015603265829,-1,
2017-03-13 16:18:57 INFO AddIdentifyResult: 21970,015603265829,-3,
2017-03-13 16:20:22 INFO AddIdentifyResult: 21970,015603265829,12,
2017-03-13 16:20:29 INFO AddIdentifyResult: 21970,015603265829,10,reg/015603265829_0313162131|reg/015603265829_0313162131|reg/015603265829_
2017-03-13 16:20:29 INFO UpdateUserState: 015603265829,1
2017-03-13 16:20:33 INFO AddIdentifyResult: 21971,015603265829,-1,
2017-03-13 16:20:37 INFO AddIdentifyResult: 21971,015603265829,-3,
2017-03-13 16:21:31 INFO AddIdentifyResult: 21971,015603265829,0,ver/03/13/162312_015603265829.wav
2017-03-13 16:21:55 INFO AddIdentifyResult: 21972,015632235973,-1,
2017-03-13 16:22:00 INFO AddIdentifyResult: 21972,015632235973,-3,
2017-03-13 16:22:12 INFO AddIdentifyResult: 21972,015632235973,11,reg/015632235973_|reg/015632235973_|reg/015632235973_
2017-03-13 16:22:17 INFO AddIdentifyResult: 21973,015633782572,-1,
2017-03-13 16:22:22 INFO AddIdentifyResult: 21974,015632235973,-1,
2017-03-13 16:22:23 INFO AddIdentifyResult: 21973,015633782572,-3,
2017-03-13 16:22:26 INFO AddIdentifyResult: 21974,015632235973,-3,
2017-03-13 16:23:11 INFO AddIdentifyResult: 21975,017801995545,-1,
2017-03-13 16:23:46 INFO AddIdentifyResult: 21973,015633782572,12,
2017-03-13 16:23:53 INFO AddIdentifyResult: 21973,015633782572,10,reg/015633782572_0313162457|reg/015633782572_0313162457|reg/015633782572_
2017-03-13 16:23:53 INFO UpdateUserState: 015633782572,1
2017-03-13 16:24:05 INFO AddIdentifyResult: 21976,015633782572,-1,
2017-03-13 16:24:14 INFO AddIdentifyResult: 21976,015633782572,-3,
2017-03-13 16:24:42 INFO AddIdentifyResult: 21974,015632235973,12,
2017-03-13 16:24:48 INFO AddIdentifyResult: 21974,015632235973,10,reg/015632235973_0313162643|reg/015632235973_0313162643|reg/015632235973_0313162500
2017-03-13 16:24:48 INFO UpdateUserState: 015632235973,1
2017-03-13 16:25:07 INFO AddIdentifyResult: 21976,015633782572,0,ver/03/13/162649_015633782572.wav
2017-03-13 16:25:20 INFO AddIdentifyResult: 21977,015633736831,-1,
2017-03-13 16:25:28 INFO AddIdentifyResult: 21977,015633736831,-3,
2017-03-13 16:25:43 INFO AddIdentifyResult: 21978,015632235973,-1,
2017-03-13 16:25:58 INFO AddIdentifyResult: 21978,015632235973,-3,
2017-03-13 16:26:49 INFO AddIdentifyResult: 21978,015632235973,0,ver/03/13/162832_015632235973.wav
2017-03-13 16:26:51 INFO AddIdentifyResult: 21977,015633736831,12,
2017-03-13 16:26:58 INFO AddIdentifyResult: 21977,015633736831,10,reg/015633736831_0313162802|reg/015633736831_0313162802|reg/015633736831_
2017-03-13 16:26:59 INFO UpdateUserState: 015633736831,1
2017-03-13 16:27:23 INFO AddIdentifyResult: 21979,015633736831,-1,
2017-03-13 16:27:27 INFO AddIdentifyResult: 21979,015633736831,-3,
2017-03-13 16:28:19 INFO AddIdentifyResult: 21979,015633736831,0,ver/03/13/163001_015633736831.wav
2017-03-13 16:28:20 INFO AddIdentifyResult: 21980,015633209015,-1,
2017-03-13 16:28:44 INFO AddIdentifyResult: 21981,015633286503,-1,
2017-03-13 16:29:13 INFO AddIdentifyResult: 21982,015633209015,-1,
2017-03-13 16:29:18 INFO AddIdentifyResult: 21982,015633209015,-3,
2017-03-13 16:29:49 INFO AddIdentifyResult: 21983,015633769170,-1,
2017-03-13 16:29:54 INFO AddIdentifyResult: 21983,015633769170,-3,
2017-03-13 16:30:24 INFO AddIdentifyResult: 21984,017801195545,-1,
2017-03-13 16:30:37 INFO AddIdentifyResult: 21985,017801195545,-1,
2017-03-13 16:30:44 INFO AddIdentifyResult: 21985,017801195545,-3,
2017-03-13 16:31:10 INFO AddIdentifyResult: 21982,015633209015,12,
2017-03-13 16:31:19 INFO AddIdentifyResult: 21982,015633209015,10,reg/015633209015_0313163152|reg/015633209015_0313163152|reg/015633209015_
2017-03-13 16:31:19 INFO UpdateUserState: 015633209015,1
2017-03-13 16:31:50 INFO AddIdentifyResult: 21983,015633769170,12,
2017-03-13 16:31:58 INFO AddIdentifyResult: 21983,015633769170,10,reg/015633769170_0313163350|reg/015633769170_0313163350|reg/015633769170_0313163228
2017-03-13 16:31:58 INFO UpdateUserState: 015633769170,1
2017-03-13 16:31:59 INFO AddIdentifyResult: 21986,015633769170,-1,
2017-03-13 16:32:03 INFO AddIdentifyResult: 21986,015633769170,-3,
2017-03-13 16:32:22 INFO AddIdentifyResult: 21987,015633209015,-1,
2017-03-13 16:32:26 INFO AddIdentifyResult: 21987,015633209015,-3,
2017-03-13 16:32:55 INFO AddIdentifyResult: 21986,015633769170,0,ver/03/13/163437_015633769170.wav
2017-03-13 16:32:58 INFO AddIdentifyResult: 21985,017801195545,12,
2017-03-13 16:33:02 INFO AddIdentifyResult: 21988,013472254456,-1,
2017-03-13 16:33:05 INFO AddIdentifyResult: 21985,017801195545,10,reg/017801195545_0313163501|reg/017801195545_0313163501|reg/017801195545_0313163318
2017-03-13 16:33:05 INFO UpdateUserState: 017801195545,1
2017-03-13 16:33:14 INFO AddIdentifyResult: 21988,013472254456,-3,
2017-03-13 16:33:18 INFO AddIdentifyResult: 21987,015633209015,0,ver/03/13/163500_015633209015.wav
2017-03-13 16:33:27 INFO AddIdentifyResult: 21989,017801195545,-1,
2017-03-13 16:33:43 INFO AddIdentifyResult: 21990,015630215961,-1,
2017-03-13 16:33:53 INFO AddIdentifyResult: 21990,015630215961,-3,
2017-03-13 16:34:10 INFO AddIdentifyResult: 21991,015633286503,-1,
2017-03-13 16:34:14 INFO AddIdentifyResult: 21991,015633286503,-3,
2017-03-13 16:34:41 INFO AddIdentifyResult: 21992,017801195545,-1,
2017-03-13 16:34:49 INFO AddIdentifyResult: 21992,017801195545,-3,
2017-03-13 16:35:17 INFO AddIdentifyResult: 21990,015630215961,12,
2017-03-13 16:35:23 INFO AddIdentifyResult: 21990,015630215961,10,reg/015630215961_0313163627|reg/015630215961_0313163627|reg/015630215961_
2017-03-13 16:35:24 INFO UpdateUserState: 015630215961,1
2017-03-13 16:35:34 INFO AddIdentifyResult: 21993,015630215961,-1,
2017-03-13 16:35:36 INFO AddIdentifyResult: 21992,017801195545,1,ver/03/13/163723_017801195545.wav
2017-03-13 16:35:40 INFO AddIdentifyResult: 21988,013472254456,12,
2017-03-13 16:35:42 INFO AddIdentifyResult: 21993,015630215961,-3,
2017-03-13 16:35:46 INFO AddIdentifyResult: 21988,013472254456,10,reg/013472254456_0313163740|reg/013472254456_0313163740|reg/013472254456_0313163548
2017-03-13 16:35:46 INFO UpdateUserState: 013472254456,1
2017-03-13 16:36:00 INFO AddIdentifyResult: 21993,015630215961,1,
2017-03-13 16:36:08 INFO AddIdentifyResult: 21994,015630215961,-1,
2017-03-13 16:36:15 INFO AddIdentifyResult: 21994,015630215961,-3,
2017-03-13 16:36:16 INFO AddIdentifyResult: 21995,013472254456,-1,
2017-03-13 16:36:17 INFO AddIdentifyResult: 21992,017801195545,0,ver/03/13/163810_017801195545.wav
2017-03-13 16:36:26 INFO AddIdentifyResult: 21995,013472254456,-3,
2017-03-13 16:36:42 INFO AddIdentifyResult: 21991,015633286503,12,
2017-03-13 16:36:50 INFO AddIdentifyResult: 21991,015633286503,10,reg/015633286503_0313163648|reg/015633286503_0313163648|reg/015633286503_
2017-03-13 16:36:51 INFO UpdateUserState: 015633286503,1
2017-03-13 16:36:54 INFO AddIdentifyResult: 21996,017801195545,-1,
2017-03-13 16:36:57 INFO AddIdentifyResult: 21997,015633286503,-1,
2017-03-13 16:37:01 INFO AddIdentifyResult: 21997,015633286503,-3,
2017-03-13 16:37:02 INFO AddIdentifyResult: 21996,017801195545,-3,
2017-03-13 16:37:08 INFO AddIdentifyResult: 21994,015630215961,0,ver/03/13/163850_015630215961.wav
2017-03-13 16:37:17 INFO AddIdentifyResult: 21995,013472254456,0,ver/03/13/163900_013472254456.wav
2017-03-13 16:37:21 INFO AddIdentifyResult: 21998,018233236392,-1,
2017-03-13 16:37:30 INFO AddIdentifyResult: 21998,018233236392,-3,
2017-03-13 16:37:52 INFO AddIdentifyResult: 21997,015633286503,0,ver/03/13/163935_015633286503.wav
2017-03-13 16:37:56 INFO AddIdentifyResult: 21996,017801195545,1,ver/03/13/164008_017801195545.wav
2017-03-13 16:38:44 INFO AddIdentifyResult: 21996,017801195545,2,ver/03/13/164031_017801195545.wav
2017-03-13 16:38:54 INFO AddIdentifyResult: 21998,018233236392,12,
2017-03-13 16:39:01 INFO AddIdentifyResult: 21998,018233236392,10,reg/018233236392_0313164004|reg/018233236392_0313164004|reg/018233236392_
2017-03-13 16:39:01 INFO UpdateUserState: 018233236392,1
2017-03-13 16:39:02 INFO AddIdentifyResult: 21999,018233236392,-1,
2017-03-13 16:39:11 INFO AddIdentifyResult: 21999,018233236392,-3,
2017-03-13 16:39:34 INFO AddIdentifyResult: 21996,017801195545,3,ver/03/13/164119_017801195545.wav
2017-03-13 16:39:47 INFO AddIdentifyResult: 22000,017801195545,-1,
2017-03-13 16:39:54 INFO AddIdentifyResult: 22000,017801195545,-3,
2017-03-13 16:40:03 INFO AddIdentifyResult: 21999,018233236392,0,ver/03/13/164145_018233236392.wav
2017-03-13 16:40:17 INFO AddIdentifyResult: 22001,015603297308,-1,
2017-03-13 16:40:20 INFO AddIdentifyResult: 22002,013400379448,-1,
2017-03-13 16:40:22 INFO AddIdentifyResult: 22001,015603297308,-3,
2017-03-13 16:40:29 INFO AddIdentifyResult: 22000,017801195545,0,ver/03/13/164229_017801195545.wav
2017-03-13 16:40:30 INFO AddIdentifyResult: 22003,015603250650,-1,
2017-03-13 16:40:34 INFO AddIdentifyResult: 22003,015603250650,-3,
2017-03-13 16:40:38 INFO AddIdentifyResult: 22004,017801195545,-1,
2017-03-13 16:40:45 INFO AddIdentifyResult: 22002,013400379448,-3,
2017-03-13 16:40:47 INFO AddIdentifyResult: 22004,017801195545,-3,
2017-03-13 16:40:51 INFO AddIdentifyResult: 22002,013400379448,11,reg/013400379448_|reg/013400379448_|reg/013400379448_
2017-03-13 16:41:04 INFO AddIdentifyResult: 22005,013400379448,-1,
2017-03-13 16:41:06 INFO AddIdentifyResult: 22006,015631215691,-1,
2017-03-13 16:41:20 INFO AddIdentifyResult: 22004,017801195545,1,ver/03/13/164321_017801195545.wav
2017-03-13 16:41:50 INFO AddIdentifyResult: 22006,015631215691,-3,
2017-03-13 16:41:52 INFO AddIdentifyResult: 22007,015631215691,-1,
2017-03-13 16:41:59 INFO AddIdentifyResult: 22003,015603250650,12,
2017-03-13 16:42:06 INFO AddIdentifyResult: 22008,015603250650,-4,2
2017-03-13 16:42:06 INFO AddIdentifyResult: 22003,015603250650,10,reg/015603250650_0313164308|reg/015603250650_0313164308|reg/015603250650_
2017-03-13 16:42:06 INFO UpdateUserState: 015603250650,1
2017-03-13 16:42:09 INFO AddIdentifyResult: 22006,015631215691,11,reg/015631215691_|reg/015631215691_|reg/015631215691_
2017-03-13 16:42:25 INFO AddIdentifyResult: 22009,015603250650,-1,
2017-03-13 16:42:28 INFO AddIdentifyResult: 22004,017801195545,0,ver/03/13/164421_017801195545.wav
2017-03-13 16:42:30 INFO AddIdentifyResult: 22009,015603250650,-3,
2017-03-13 16:42:40 INFO AddIdentifyResult: 22001,015603297308,12,
2017-03-13 16:42:49 INFO AddIdentifyResult: 22001,015603297308,10,reg/015603297308_0313164256|reg/015603297308_0313164256|reg/015603297308_
2017-03-13 16:42:49 INFO UpdateUserState: 015603297308,1
2017-03-13 16:42:57 INFO AddIdentifyResult: 22010,015603297308,-1,
2017-03-13 16:43:02 INFO AddIdentifyResult: 22010,015603297308,-3,
2017-03-13 16:43:23 INFO AddIdentifyResult: 22009,015603250650,0,ver/03/13/164505_015603250650.wav
2017-03-13 16:43:37 INFO AddIdentifyResult: 22011,015633738395,-1,
2017-03-13 16:43:44 INFO AddIdentifyResult: 22011,015633738395,-3,
2017-03-13 16:43:54 INFO AddIdentifyResult: 22010,015603297308,0,ver/03/13/164536_015603297308.wav
2017-03-13 16:45:09 INFO AddIdentifyResult: 22011,015633738395,12,
2017-03-13 16:45:16 INFO AddIdentifyResult: 22011,015633738395,10,reg/015633738395_0313164657|reg/015633738395_0313164657|reg/015633738395_0313164618
2017-03-13 16:45:16 INFO UpdateUserState: 015633738395,1
2017-03-13 16:45:16 INFO AddIdentifyResult: 22012,015832284255,-1,
2017-03-13 16:45:19 INFO AddIdentifyResult: 22013,015633738395,-1,
2017-03-13 16:45:22 INFO AddIdentifyResult: 22012,015832284255,-3,
2017-03-13 16:45:25 INFO AddIdentifyResult: 22013,015633738395,-3,
2017-03-13 16:46:18 INFO AddIdentifyResult: 22013,015633738395,0,ver/03/13/164759_015633738395.wav
2017-03-13 16:46:42 INFO AddIdentifyResult: 22014,015603210979,-1,
2017-03-13 16:46:48 INFO AddIdentifyResult: 22014,015603210979,-3,
2017-03-13 16:48:13 INFO AddIdentifyResult: 22014,015603210979,12,
2017-03-13 16:48:19 INFO AddIdentifyResult: 22014,015603210979,10,reg/015603210979_0313164922|reg/015603210979_0313164922|reg/015603210979_
2017-03-13 16:48:20 INFO UpdateUserState: 015603210979,1
2017-03-13 16:48:23 INFO AddIdentifyResult: 22012,015832284255,12,
2017-03-13 16:48:33 INFO AddIdentifyResult: 22015,015603210979,-1,
2017-03-13 16:48:35 INFO AddIdentifyResult: 22012,015832284255,10,reg/015832284255_0313164756|reg/015832284255_0313164756|reg/015832284255_
2017-03-13 16:48:35 INFO UpdateUserState: 015832284255,1
2017-03-13 16:48:35 INFO AddIdentifyResult: 22015,015603210979,-3,
2017-03-13 16:48:39 INFO AddIdentifyResult: 22016,015832284255,-1,
2017-03-13 16:48:46 INFO AddIdentifyResult: 22016,015832284255,-3,
2017-03-13 16:48:47 INFO AddIdentifyResult: 22015,015603210979,1,
2017-03-13 16:48:51 INFO AddIdentifyResult: 22017,015603210979,-1,
2017-03-13 16:48:56 INFO AddIdentifyResult: 22017,015603210979,-3,
2017-03-13 16:49:38 INFO AddIdentifyResult: 22016,015832284255,0,ver/03/13/165120_015832284255.wav
2017-03-13 16:49:49 INFO AddIdentifyResult: 22017,015603210979,0,ver/03/13/165131_015603210979.wav
2017-03-13 16:50:11 INFO AddIdentifyResult: 22018,015633735912,-1,
2017-03-13 16:50:15 INFO AddIdentifyResult: 22018,015633735912,-3,
2017-03-13 16:51:06 INFO AddIdentifyResult: 22019,015631215691,-1,
2017-03-13 16:51:40 INFO AddIdentifyResult: 22018,015633735912,12,
2017-03-13 16:51:47 INFO AddIdentifyResult: 22018,015633735912,10,reg/015633735912_0313165249|reg/015633735912_0313165249|reg/015633735912_
2017-03-13 16:51:47 INFO UpdateUserState: 015633735912,1
2017-03-13 16:51:51 INFO AddIdentifyResult: 22020,015633735912,-1,
2017-03-13 16:51:54 INFO AddIdentifyResult: 22020,015633735912,-3,
2017-03-13 16:51:56 INFO AddIdentifyResult: 22021,015631215691,-1,
2017-03-13 16:52:03 INFO AddIdentifyResult: 22020,015633735912,1,
2017-03-13 16:52:14 INFO AddIdentifyResult: 22022,015633735912,-1,
2017-03-13 16:52:19 INFO AddIdentifyResult: 22022,015633735912,-3,
2017-03-13 16:52:38 INFO AddIdentifyResult: 22023,015633781603,-1,
2017-03-13 16:52:43 INFO AddIdentifyResult: 22023,015633781603,-3,
2017-03-13 16:52:52 INFO AddIdentifyResult: 22024,015931843542,-1,
2017-03-13 16:52:58 INFO AddIdentifyResult: 22025,015931843542,-1,
2017-03-13 16:53:04 INFO AddIdentifyResult: 22024,015931843542,-3,
2017-03-13 16:53:11 INFO AddIdentifyResult: 22022,015633735912,0,ver/03/13/165453_015633735912.wav
2017-03-13 16:54:38 INFO AddIdentifyResult: 22024,015931843542,12,
2017-03-13 16:54:45 INFO AddIdentifyResult: 22024,015931843542,10,reg/015931843542_0313165538|reg/015931843542_0313165538|reg/015931843542_
2017-03-13 16:54:45 INFO UpdateUserState: 015931843542,1
2017-03-13 16:54:48 INFO AddIdentifyResult: 22026,015631252736,-1,
2017-03-13 16:54:49 INFO AddIdentifyResult: 22023,015633781603,12,
2017-03-13 16:54:57 INFO AddIdentifyResult: 22023,015633781603,10,reg/015633781603_0313165517|reg/015633781603_0313165517|reg/015633781603_
2017-03-13 16:54:57 INFO UpdateUserState: 015633781603,1
2017-03-13 16:54:59 INFO AddIdentifyResult: 22026,015631252736,-3,
2017-03-13 16:55:08 INFO AddIdentifyResult: 22027,015633781603,-1,
2017-03-13 16:55:10 INFO AddIdentifyResult: 22028,015931843542,-1,
2017-03-13 16:55:14 INFO AddIdentifyResult: 22027,015633781603,-3,
2017-03-13 16:55:21 INFO AddIdentifyResult: 22028,015931843542,-3,
2017-03-13 16:55:57 INFO AddIdentifyResult: 22029,015633259051,-1,
2017-03-13 16:56:02 INFO AddIdentifyResult: 22028,015931843542,0,ver/03/13/165756_015931843542.wav
2017-03-13 16:56:06 INFO AddIdentifyResult: 22027,015633781603,0,ver/03/13/165748_015633781603.wav
2017-03-13 16:56:12 INFO AddIdentifyResult: 22030,015633259051,-1,
2017-03-13 16:56:21 INFO AddIdentifyResult: 22029,015633259051,-3,
2017-03-13 16:56:23 INFO AddIdentifyResult: 22026,015631252736,12,
2017-03-13 16:56:30 INFO AddIdentifyResult: 22026,015631252736,10,reg/015631252736_0313165733|reg/015631252736_0313165733|reg/015631252736_
2017-03-13 16:56:30 INFO UpdateUserState: 015631252736,1
2017-03-13 16:56:30 INFO AddIdentifyResult: 22031,015633716913,-1,
2017-03-13 16:56:35 INFO AddIdentifyResult: 22029,015633259051,11,reg/015633259051_|reg/015633259051_|reg/015633259051_
2017-03-13 16:56:37 INFO AddIdentifyResult: 22032,015631252736,-1,
2017-03-13 16:56:40 INFO AddIdentifyResult: 22031,015633716913,-3,
2017-03-13 16:56:42 INFO AddIdentifyResult: 22032,015631252736,-3,
2017-03-13 16:56:53 INFO AddIdentifyResult: 22032,015631252736,1,
2017-03-13 16:57:03 INFO AddIdentifyResult: 22033,015631252736,-1,
2017-03-13 16:57:09 INFO AddIdentifyResult: 22033,015631252736,-3,
2017-03-13 16:57:15 INFO AddIdentifyResult: 22034,015632259051,-1,
2017-03-13 16:57:20 INFO AddIdentifyResult: 22033,015631252736,1,
2017-03-13 16:57:33 INFO AddIdentifyResult: 22035,015631252736,-1,
2017-03-13 16:57:43 INFO AddIdentifyResult: 22035,015631252736,-3,
2017-03-13 16:57:46 INFO AddIdentifyResult: 22036,015632259051,-1,
2017-03-13 16:58:36 INFO AddIdentifyResult: 22035,015631252736,0,ver/03/13/170018_015631252736.wav
2017-03-13 16:58:48 INFO AddIdentifyResult: 22031,015633716913,12,
2017-03-13 16:58:58 INFO AddIdentifyResult: 22031,015633716913,10,reg/015633716913_0313165914|reg/015633716913_0313165914|reg/015633716913_
2017-03-13 16:58:58 INFO UpdateUserState: 015633716913,1
2017-03-13 16:59:01 INFO AddIdentifyResult: 22037,015633755279,-1,
2017-03-13 16:59:16 INFO AddIdentifyResult: 22037,015633755279,-3,
2017-03-13 16:59:40 INFO AddIdentifyResult: 22038,015633716913,-1,
2017-03-13 16:59:50 INFO AddIdentifyResult: 22038,015633716913,-3,
2017-03-13 17:00:03 INFO AddIdentifyResult: 22039,015632259051,-1,
2017-03-13 17:00:05 INFO AddIdentifyResult: 22037,015633755279,11,reg/015633755279_|reg/015633755279_|reg/015633755279_
2017-03-13 17:00:16 INFO AddIdentifyResult: 22039,015632259051,-3,
2017-03-13 17:00:25 INFO AddIdentifyResult: 22040,015633755279,-1,
2017-03-13 17:00:33 INFO AddIdentifyResult: 22040,015633755279,-3,
2017-03-13 17:00:43 INFO AddIdentifyResult: 22038,015633716913,0,ver/03/13/170225_015633716913.wav
2017-03-13 17:01:12 INFO AddIdentifyResult: 22041,13483238527,-1,
2017-03-13 17:01:39 INFO AddIdentifyResult: 22042,018631215691,-1,
2017-03-13 17:01:56 INFO AddIdentifyResult: 22040,015633755279,12,
2017-03-13 17:02:03 INFO AddIdentifyResult: 22040,015633755279,10,reg/015633755279_0313170307|reg/015633755279_0313170307|reg/015633755279_
2017-03-13 17:02:03 INFO UpdateUserState: 015633755279,1
2017-03-13 17:02:04 INFO AddIdentifyResult: 22043,13483238527,-1,
2017-03-13 17:02:07 INFO AddIdentifyResult: 22044,018631215691,-1,
2017-03-13 17:02:08 INFO AddIdentifyResult: 22045,015633755279,-1,
2017-03-13 17:02:12 INFO AddIdentifyResult: 22044,018631215691,-3,
2017-03-13 17:02:18 INFO AddIdentifyResult: 22045,015633755279,-3,
2017-03-13 17:02:25 INFO AddIdentifyResult: 22039,015632259051,12,
2017-03-13 17:02:25 INFO AddIdentifyResult: 22046,13483238527,-1,
2017-03-13 17:02:31 INFO AddIdentifyResult: 22039,015632259051,10,reg/015632259051_0313170426|reg/015632259051_0313170426|reg/015632259051_0313170250
2017-03-13 17:02:32 INFO UpdateUserState: 015632259051,1
2017-03-13 17:02:39 INFO AddIdentifyResult: 22047,015632259051,-1,
2017-03-13 17:02:45 INFO AddIdentifyResult: 22047,015632259051,-3,
2017-03-13 17:03:01 INFO AddIdentifyResult: 22048,013483238527,-1,
2017-03-13 17:03:10 INFO AddIdentifyResult: 22048,013483238527,-3,
2017-03-13 17:03:10 INFO AddIdentifyResult: 22045,015633755279,0,ver/03/13/170452_015633755279.wav
2017-03-13 17:03:37 INFO AddIdentifyResult: 22047,015632259051,1,ver/03/13/170519_015632259051.wav
2017-03-13 17:03:53 INFO AddIdentifyResult: 22049,015632259051,-1,
2017-03-13 17:03:57 INFO AddIdentifyResult: 22049,015632259051,-3,
2017-03-13 17:04:06 INFO AddIdentifyResult: 22044,018631215691,12,
2017-03-13 17:04:12 INFO AddIdentifyResult: 22044,018631215691,10,reg/018631215691_0313170616|reg/018631215691_0313170616|reg/018631215691_0313170446
2017-03-13 17:04:12 INFO UpdateUserState: 018631215691,1
2017-03-13 17:04:28 INFO AddIdentifyResult: 22050,018631215691,-1,
2017-03-13 17:04:34 INFO AddIdentifyResult: 22050,018631215691,-3,
2017-03-13 17:04:45 INFO AddIdentifyResult: 22048,013483238527,12,
2017-03-13 17:04:49 INFO AddIdentifyResult: 22049,015632259051,0,ver/03/13/170632_015632259051.wav
2017-03-13 17:04:51 INFO AddIdentifyResult: 22048,013483238527,10,reg/013483238527_0313170544|reg/013483238527_0313170544|reg/013483238527_
2017-03-13 17:04:52 INFO UpdateUserState: 013483238527,1
2017-03-13 17:04:56 INFO AddIdentifyResult: 22051,013483238527,-1,
2017-03-13 17:05:02 INFO AddIdentifyResult: 22051,013483238527,-3,
2017-03-13 17:05:21 INFO AddIdentifyResult: 22052,015630841655,-1,
2017-03-13 17:05:25 INFO AddIdentifyResult: 22052,015630841655,-3,
2017-03-13 17:05:25 INFO AddIdentifyResult: 22050,018631215691,0,ver/03/13/170708_018631215691.wav
2017-03-13 17:05:54 INFO AddIdentifyResult: 22051,013483238527,0,ver/03/13/170736_013483238527.wav
2017-03-13 17:07:18 INFO AddIdentifyResult: 22052,015630841655,12,
2017-03-13 17:07:25 INFO AddIdentifyResult: 22052,015630841655,10,reg/015630841655_0313170920|reg/015630841655_0313170920|reg/015630841655_0313170759
2017-03-13 17:07:25 INFO UpdateUserState: 015630841655,1
2017-03-13 17:07:29 INFO AddIdentifyResult: 22053,015630841655,-1,
2017-03-13 17:07:34 INFO AddIdentifyResult: 22053,015630841655,-3,
2017-03-13 17:08:26 INFO AddIdentifyResult: 22053,015630841655,0,ver/03/13/171008_015630841655.wav
2017-03-13 17:08:38 INFO AddIdentifyResult: 22054,015175338833,-1,
2017-03-13 17:08:46 INFO AddIdentifyResult: 22054,015175338833,-3,
2017-03-13 17:10:09 INFO AddIdentifyResult: 22054,015175338833,12,
2017-03-13 17:10:17 INFO AddIdentifyResult: 22054,015175338833,10,reg/015175338833_0313171120|reg/015175338833_0313171120|reg/015175338833_
2017-03-13 17:10:17 INFO UpdateUserState: 015175338833,1
2017-03-13 17:10:22 INFO AddIdentifyResult: 22055,015175338833,-1,
2017-03-13 17:10:27 INFO AddIdentifyResult: 22055,015175338833,-3,
2017-03-13 17:11:20 INFO AddIdentifyResult: 22055,015175338833,0,ver/03/13/171302_015175338833.wav
2017-03-13 17:11:34 INFO AddIdentifyResult: 22056,018581681660,-1,
2017-03-13 17:11:40 INFO AddIdentifyResult: 22057,018581681660,-1,
2017-03-13 17:11:54 INFO AddIdentifyResult: 22058,018581681660,-1,
2017-03-13 17:12:58 INFO AddIdentifyResult: 22059,015690215381,-1,
2017-03-13 17:13:02 INFO AddIdentifyResult: 22059,015690215381,-3,
2017-03-13 17:13:59 INFO AddIdentifyResult: 22060,015075424994,-1,
2017-03-13 17:14:05 INFO AddIdentifyResult: 22060,015075424994,-3,
2017-03-13 17:14:24 INFO AddIdentifyResult: 22059,015690215381,12,
2017-03-13 17:14:31 INFO AddIdentifyResult: 22059,015690215381,10,reg/015690215381_0313171536|reg/015690215381_0313171536|reg/015690215381_
2017-03-13 17:14:31 INFO UpdateUserState: 015690215381,1
2017-03-13 17:14:49 INFO AddIdentifyResult: 22061,015690215381,-1,
2017-03-13 17:15:17 INFO AddIdentifyResult: 22062,015175338833,-1,
2017-03-13 17:15:29 INFO AddIdentifyResult: 22062,015175338833,-3,
2017-03-13 17:15:30 INFO AddIdentifyResult: 22063,015690215381,-1,
2017-03-13 17:15:34 INFO AddIdentifyResult: 22063,015690215381,-3,
2017-03-13 17:15:41 INFO AddIdentifyResult: 22060,015075424994,12,
2017-03-13 17:15:44 INFO AddIdentifyResult: 22062,015175338833,1,
2017-03-13 17:15:48 INFO AddIdentifyResult: 22060,015075424994,10,reg/015075424994_0313171639|reg/015075424994_0313171639|reg/015075424994_
2017-03-13 17:15:48 INFO UpdateUserState: 015075424994,1
2017-03-13 17:15:52 INFO AddIdentifyResult: 22064,015075424994,-1,
2017-03-13 17:15:58 INFO AddIdentifyResult: 22064,015075424994,-3,
2017-03-13 17:16:26 INFO AddIdentifyResult: 22063,015690215381,0,ver/03/13/171808_015690215381.wav
2017-03-13 17:16:36 INFO AddIdentifyResult: 22064,015075424994,0,ver/03/13/171832_015075424994.wav
2017-03-13 17:21:55 INFO AddIdentifyResult: 22065,015603239765,-1,
2017-03-13 17:22:01 INFO AddIdentifyResult: 22065,015603239765,-3,
2017-03-13 17:23:41 INFO AddIdentifyResult: 22065,015603239765,12,
2017-03-13 17:23:48 INFO AddIdentifyResult: 22065,015603239765,10,reg/015603239765_0313172435|reg/015603239765_0313172435|reg/015603239765_
2017-03-13 17:23:48 INFO UpdateUserState: 015603239765,1
2017-03-13 17:24:06 INFO AddIdentifyResult: 22066,015603239765,-1,
2017-03-13 17:24:11 INFO AddIdentifyResult: 22066,015603239765,-3,
2017-03-13 17:25:03 INFO AddIdentifyResult: 22066,015603239765,0,ver/03/13/172645_015603239765.wav
2017-03-13 17:37:37 INFO AddIdentifyResult: 22067,013292937085,-1,
2017-03-13 17:37:42 INFO AddIdentifyResult: 22067,013292937085,-3,
2017-03-13 17:39:43 INFO AddIdentifyResult: 22067,013292937085,12,
2017-03-13 17:39:51 INFO AddIdentifyResult: 22067,013292937085,10,reg/013292937085_0313174016|reg/013292937085_0313174016|reg/013292937085_
2017-03-13 17:39:51 INFO UpdateUserState: 013292937085,1
2017-03-13 17:41:46 INFO AddIdentifyResult: 22068,013292937085,-1,
2017-03-13 17:41:51 INFO AddIdentifyResult: 22068,013292937085,-3,
2017-03-13 17:42:43 INFO AddIdentifyResult: 22068,013292937085,0,ver/03/13/174426_013292937085.wav
2017-03-13 17:50:58 INFO AddIdentifyResult: 22069,015081322756,-1,
2017-03-13 17:51:29 INFO AddIdentifyResult: 22069,015081322756,-3,
2017-03-13 17:51:39 INFO AddIdentifyResult: 22069,015081322756,11,reg/015081322756_|reg/015081322756_|reg/015081322756_
2017-03-13 17:51:55 INFO AddIdentifyResult: 22070,015081222756,-1,
2017-03-13 17:52:00 INFO AddIdentifyResult: 22070,015081222756,-3,
2017-03-13 17:52:24 INFO AddIdentifyResult: 22071,013223217270,-1,
2017-03-13 17:52:39 INFO AddIdentifyResult: 22071,013223217270,-3,
2017-03-13 17:53:31 INFO AddIdentifyResult: 22070,015081222756,12,
2017-03-13 17:53:38 INFO AddIdentifyResult: 22070,015081222756,10,reg/015081222756_0313175435|reg/015081222756_0313175435|reg/015081222756_
2017-03-13 17:53:38 INFO UpdateUserState: 015081222756,1
2017-03-13 17:53:39 INFO AddIdentifyResult: 22072,015081222756,-1,
2017-03-13 17:53:46 INFO AddIdentifyResult: 22072,015081222756,-3,
2017-03-13 17:54:13 INFO AddIdentifyResult: 22071,013223217270,12,
2017-03-13 17:54:19 INFO AddIdentifyResult: 22071,013223217270,10,reg/013223217270_0313175513|reg/013223217270_0313175513|reg/013223217270_
2017-03-13 17:54:19 INFO UpdateUserState: 013223217270,1
2017-03-13 17:54:28 INFO AddIdentifyResult: 22073,013223217270,-1,
2017-03-13 17:54:37 INFO AddIdentifyResult: 22072,015081222756,0,ver/03/13/175620_015081222756.wav
2017-03-13 17:54:41 INFO AddIdentifyResult: 22073,013223217270,-3,
2017-03-13 17:55:33 INFO AddIdentifyResult: 22073,013223217270,0,ver/03/13/175716_013223217270.wav
