2017-01-24 08:18:33 INFO AddIdentifyResult: 0,015629286255,1,ver/01/24/081944_015629286255.wav
2017-01-24 09:13:09 INFO AddIdentifyResult: 15102,015629289583,-1,
2017-01-24 09:13:19 INFO AddIdentifyResult: 15102,015629289583,-3,
2017-01-24 09:15:46 INFO AddIdentifyResult: 15102,015629289583,12,
2017-01-24 09:15:58 INFO AddIdentifyResult: 15102,015629289583,10,reg/015629289583_0124091521|reg/015629289583_0124091521|reg/015629289583_
2017-01-24 09:15:58 INFO UpdateUserState: 015629289583,1
2017-01-24 09:16:17 INFO AddIdentifyResult: 15103,015629289583,-1,
2017-01-24 09:16:26 INFO AddIdentifyResult: 15103,015629289583,-3,
2017-01-24 09:17:18 INFO AddIdentifyResult: 15103,015629289583,0,ver/01/24/091828_015629289583.wav
2017-01-24 09:22:01 INFO AddIdentifyResult: 15104,015629280322,-1,
2017-01-24 09:22:12 INFO AddIdentifyResult: 15104,015629280322,-3,
2017-01-24 09:23:45 INFO AddIdentifyResult: 15104,015629280322,12,
2017-01-24 09:23:51 INFO AddIdentifyResult: 15104,015629280322,10,reg/015629280322_0124092414|reg/015629280322_0124092414|reg/015629280322_
2017-01-24 09:23:52 INFO UpdateUserState: 015629280322,1
2017-01-24 09:24:08 INFO AddIdentifyResult: 15105,015629280322,-1,
2017-01-24 09:24:18 INFO AddIdentifyResult: 15105,015629280322,-3,
2017-01-24 09:25:11 INFO AddIdentifyResult: 15105,015629280322,0,ver/01/24/092621_015629280322.wav
2017-01-24 09:29:21 INFO AddIdentifyResult: 15106,015629280389,-1,
2017-01-24 09:29:28 INFO AddIdentifyResult: 15106,015629280389,-3,
2017-01-24 09:32:12 INFO AddIdentifyResult: 15106,015629280389,12,
2017-01-24 09:32:22 INFO AddIdentifyResult: 15106,015629280389,10,reg/015629280389_0124093130|reg/015629280389_0124093130|reg/015629280389_
2017-01-24 09:32:22 INFO UpdateUserState: 015629280389,1
2017-01-24 09:32:47 INFO AddIdentifyResult: 15107,015629280389,-1,
2017-01-24 09:32:55 INFO AddIdentifyResult: 15107,015629280389,-3,
2017-01-24 09:33:47 INFO AddIdentifyResult: 15107,015629280389,0,ver/01/24/093457_015629280389.wav
2017-01-24 09:48:15 INFO AddIdentifyResult: 15108,015629280522,-1,
2017-01-24 09:48:51 INFO AddIdentifyResult: 15109,015629280522,-1,
2017-01-24 09:49:41 INFO AddIdentifyResult: 15110,015629280522,-1,
2017-01-24 09:49:55 INFO AddIdentifyResult: 15110,015629280522,-3,
2017-01-24 09:51:47 INFO AddIdentifyResult: 15110,015629280522,12,
2017-01-24 09:51:54 INFO AddIdentifyResult: 15110,015629280522,10,reg/015629280522_0124095157|reg/015629280522_0124095157|reg/015629280522_
2017-01-24 09:51:54 INFO UpdateUserState: 015629280522,1
2017-01-24 09:52:23 INFO AddIdentifyResult: 15111,015629280522,-1,
2017-01-24 09:52:38 INFO AddIdentifyResult: 15111,015629280522,-3,
2017-01-24 09:54:18 INFO AddIdentifyResult: 15111,015629280522,0,ver/01/24/095527_015629280522.wav
2017-01-24 09:58:58 INFO AddIdentifyResult: 15112,015629280675,-1,
2017-01-24 09:59:32 INFO AddIdentifyResult: 15113,015629280675,-1,
2017-01-24 09:59:44 INFO AddIdentifyResult: 15113,015629280675,-3,
2017-01-24 10:02:20 INFO AddIdentifyResult: 15113,015629280675,12,
2017-01-24 10:02:29 INFO AddIdentifyResult: 15113,015629280675,10,reg/015629280675_0124100146|reg/015629280675_0124100146|reg/015629280675_
2017-01-24 10:02:29 INFO UpdateUserState: 015629280675,1
2017-01-24 10:02:43 INFO AddIdentifyResult: 15114,015629280675,-1,
2017-01-24 10:02:52 INFO AddIdentifyResult: 15114,015629280675,-3,
2017-01-24 10:03:43 INFO AddIdentifyResult: 15114,015629280675,0,ver/01/24/100454_015629280675.wav
2017-01-24 10:11:07 INFO AddIdentifyResult: 15115,015629283096,-1,
2017-01-24 10:11:14 INFO AddIdentifyResult: 15115,015629283096,-3,
2017-01-24 10:13:33 INFO AddIdentifyResult: 15115,015629283096,12,
2017-01-24 10:13:43 INFO AddIdentifyResult: 15115,015629283096,10,reg/015629283096_0124101316|reg/015629283096_0124101316|reg/015629283096_
2017-01-24 10:13:43 INFO UpdateUserState: 015629283096,1
2017-01-24 10:13:58 INFO AddIdentifyResult: 15116,015629283096,-1,
2017-01-24 10:14:08 INFO AddIdentifyResult: 15116,015629283096,-3,
2017-01-24 10:15:01 INFO AddIdentifyResult: 15116,015629283096,0,ver/01/24/101611_015629283096.wav
2017-01-24 10:24:24 INFO AddIdentifyResult: 15117,015629287600,-1,
2017-01-24 10:24:35 INFO AddIdentifyResult: 15117,015629287600,-3,
2017-01-24 10:27:08 INFO AddIdentifyResult: 15117,015629287600,11,reg/015629287600_|reg/015629287600_|reg/015629287600_
2017-01-24 10:27:42 INFO AddIdentifyResult: 15118,015629287600,-1,
2017-01-24 10:28:41 INFO AddIdentifyResult: 15119,015629287600,-1,
2017-01-24 10:28:53 INFO AddIdentifyResult: 15119,015629287600,-3,
2017-01-24 10:30:54 INFO AddIdentifyResult: 15119,015629287600,12,
2017-01-24 10:31:03 INFO AddIdentifyResult: 15119,015629287600,10,reg/015629287600_0124103055|reg/015629287600_0124103055|reg/015629287600_
2017-01-24 10:31:03 INFO UpdateUserState: 015629287600,1
2017-01-24 10:31:40 INFO AddIdentifyResult: 15120,015629287600,-1,
2017-01-24 10:32:43 INFO AddIdentifyResult: 15120,015629287600,-3,
2017-01-24 10:34:09 INFO AddIdentifyResult: 15120,015629287600,1,
2017-01-24 10:35:17 INFO AddIdentifyResult: 0,015629287600,1,ver/01/24/103627_015629287600.wav
2017-01-24 10:36:59 INFO AddIdentifyResult: 15122,015629287600,-1,
2017-01-24 10:37:07 INFO AddIdentifyResult: 15122,015629287600,-3,
2017-01-24 10:38:36 INFO AddIdentifyResult: 15122,015629287600,12,
2017-01-24 10:38:44 INFO AddIdentifyResult: 15122,015629287600,10,reg/015629287600_0124103909|reg/015629287600_0124103909|reg/015629287600_
2017-01-24 10:38:44 INFO UpdateUserState: 015629287600,1
2017-01-24 10:38:56 INFO AddIdentifyResult: 15123,015629287600,-1,
2017-01-24 10:39:07 INFO AddIdentifyResult: 15123,015629287600,-3,
2017-01-24 10:39:59 INFO AddIdentifyResult: 15123,015629287600,0,ver/01/24/104109_015629287600.wav
2017-01-24 10:43:47 INFO AddIdentifyResult: 15124,015629282391,-1,
2017-01-24 10:48:12 INFO AddIdentifyResult: 15125,015629282391,-1,
2017-01-24 10:48:28 INFO AddIdentifyResult: 15125,015629282391,-3,
2017-01-24 10:50:59 INFO AddIdentifyResult: 15125,015629282391,12,
2017-01-24 10:51:10 INFO AddIdentifyResult: 15125,015629282391,10,reg/015629282391_0124105031|reg/015629282391_0124105031|reg/015629282391_
2017-01-24 10:51:10 INFO UpdateUserState: 015629282391,1
2017-01-24 10:51:33 INFO AddIdentifyResult: 15126,015629282391,-1,
2017-01-24 10:51:45 INFO AddIdentifyResult: 15126,015629282391,-3,
2017-01-24 10:52:38 INFO AddIdentifyResult: 15126,015629282391,0,ver/01/24/105348_015629282391.wav
2017-01-24 11:09:30 INFO AddIdentifyResult: 15127,015629282451,-1,
2017-01-24 11:09:38 INFO AddIdentifyResult: 15128,015629282451,-1,
2017-01-24 11:09:44 INFO AddIdentifyResult: 15127,015629282451,-3,
2017-01-24 11:10:02 INFO AddIdentifyResult: 15127,015629282451,11,reg/015629282451_|reg/015629282451_|reg/015629282451_
2017-01-24 11:10:12 INFO AddIdentifyResult: 15129,015629282451,-1,
2017-01-24 11:10:25 INFO AddIdentifyResult: 15129,015629282451,-3,
2017-01-24 11:11:48 INFO AddIdentifyResult: 15130,013297236837,-1,
2017-01-24 11:12:54 INFO AddIdentifyResult: 15129,015629282451,12,
2017-01-24 11:13:04 INFO AddIdentifyResult: 15129,015629282451,10,reg/015629282451_0124111227|reg/015629282451_0124111227|reg/015629282451_
2017-01-24 11:13:04 INFO UpdateUserState: 015629282451,1
2017-01-24 11:13:32 INFO AddIdentifyResult: 15131,015629282451,-1,
2017-01-24 11:13:46 INFO AddIdentifyResult: 15131,015629282451,-3,
2017-01-24 11:13:48 INFO AddIdentifyResult: 15132,013297236837,-1,
2017-01-24 11:13:59 INFO AddIdentifyResult: 15132,013297236837,-3,
2017-01-24 11:14:38 INFO AddIdentifyResult: 15131,015629282451,0,ver/01/24/111548_015629282451.wav
2017-01-24 11:15:46 INFO AddIdentifyResult: 15132,013297236837,12,
2017-01-24 11:15:54 INFO AddIdentifyResult: 15132,013297236837,10,reg/013297236837_0124111601|reg/013297236837_0124111601|reg/013297236837_
2017-01-24 11:15:54 INFO UpdateUserState: 013297236837,1
2017-01-24 11:16:29 INFO AddIdentifyResult: 15133,013297236837,-1,
2017-01-24 11:16:36 INFO AddIdentifyResult: 15133,013297236837,-3,
2017-01-24 11:17:29 INFO AddIdentifyResult: 15133,013297236837,0,ver/01/24/111839_013297236837.wav
2017-01-24 11:18:22 INFO AddIdentifyResult: 15134,013538144821,-1,
2017-01-24 11:18:46 INFO AddIdentifyResult: 15134,013538144821,-3,
2017-01-24 11:20:22 INFO AddIdentifyResult: 15134,013538144821,12,
2017-01-24 11:20:29 INFO AddIdentifyResult: 15134,013538144821,10,reg/013538144821_0124112048|reg/013538144821_0124112048|reg/013538144821_
2017-01-24 11:20:29 INFO UpdateUserState: 013538144821,1
2017-01-24 11:20:41 INFO AddIdentifyResult: 15135,013538144821,-1,
2017-01-24 11:20:58 INFO AddIdentifyResult: 15135,013538144821,-3,
2017-01-24 11:21:51 INFO AddIdentifyResult: 15135,013538144821,0,ver/01/24/112301_013538144821.wav
2017-01-24 11:21:56 INFO AddIdentifyResult: 15136,015629282711,-1,
2017-01-24 11:22:05 INFO AddIdentifyResult: 15136,015629282711,-3,
2017-01-24 11:24:25 INFO AddIdentifyResult: 15136,015629282711,12,
2017-01-24 11:24:33 INFO AddIdentifyResult: 15136,015629282711,10,reg/015629282711_0124112407|reg/015629282711_0124112407|reg/015629282711_
2017-01-24 11:24:33 INFO UpdateUserState: 015629282711,1
2017-01-24 11:24:47 INFO AddIdentifyResult: 15137,015629282711,-1,
2017-01-24 11:24:57 INFO AddIdentifyResult: 15137,015629282711,-3,
2017-01-24 11:25:49 INFO AddIdentifyResult: 15137,015629282711,0,ver/01/24/112700_015629282711.wav
2017-01-24 11:28:00 INFO AddIdentifyResult: 15138,015629282175,-1,
2017-01-24 11:28:26 INFO AddIdentifyResult: 15138,015629282175,-3,
2017-01-24 11:30:30 INFO AddIdentifyResult: 15138,015629282175,12,
2017-01-24 11:30:38 INFO AddIdentifyResult: 15138,015629282175,10,reg/015629282175_0124113028|reg/015629282175_0124113028|reg/015629282175_
2017-01-24 11:30:38 INFO UpdateUserState: 015629282175,1
2017-01-24 11:30:59 INFO AddIdentifyResult: 15139,015629282175,-1,
2017-01-24 11:31:14 INFO AddIdentifyResult: 15139,015629282175,-3,
2017-01-24 11:32:06 INFO AddIdentifyResult: 15139,015629282175,0,ver/01/24/113317_015629282175.wav
2017-01-24 11:34:07 INFO AddIdentifyResult: 15140,015629282812,-1,
2017-01-24 11:34:17 INFO AddIdentifyResult: 15140,015629282812,-3,
2017-01-24 11:36:08 INFO AddIdentifyResult: 15140,015629282812,12,
2017-01-24 11:36:16 INFO AddIdentifyResult: 15140,015629282812,10,reg/015629282812_0124113620|reg/015629282812_0124113620|reg/015629282812_
2017-01-24 11:36:16 INFO UpdateUserState: 015629282812,1
2017-01-24 11:36:36 INFO AddIdentifyResult: 15141,015629282812,-1,
2017-01-24 11:36:44 INFO AddIdentifyResult: 15141,015629282812,-3,
2017-01-24 11:37:36 INFO AddIdentifyResult: 15141,015629282812,0,ver/01/24/113847_015629282812.wav
2017-01-24 14:24:28 INFO AddIdentifyResult: 15142,015629283611,-1,
2017-01-24 14:24:37 INFO AddIdentifyResult: 15142,015629283611,-3,
2017-01-24 14:27:34 INFO AddIdentifyResult: 15142,015629283611,12,
2017-01-24 14:27:44 INFO AddIdentifyResult: 15142,015629283611,10,reg/015629283611_0124142836|reg/015629283611_0124142836|reg/015629283611_0124142639
2017-01-24 14:27:44 INFO UpdateUserState: 015629283611,1
2017-01-24 14:28:07 INFO AddIdentifyResult: 15143,015629283611,-1,
2017-01-24 14:28:16 INFO AddIdentifyResult: 15143,015629283611,-3,
2017-01-24 14:29:08 INFO AddIdentifyResult: 15143,015629283611,0,ver/01/24/143019_015629283611.wav
2017-01-24 14:33:43 INFO AddIdentifyResult: 15144,015629283262,-1,
2017-01-24 14:34:20 INFO AddIdentifyResult: 15145,015629283262,-1,
2017-01-24 14:34:35 INFO AddIdentifyResult: 15145,015629283262,-3,
2017-01-24 14:36:08 INFO AddIdentifyResult: 15145,015629283262,12,
2017-01-24 14:36:16 INFO AddIdentifyResult: 15145,015629283262,10,reg/015629283262_0124143638|reg/015629283262_0124143638|reg/015629283262_
2017-01-24 14:36:16 INFO UpdateUserState: 015629283262,1
2017-01-24 14:36:21 INFO AddIdentifyResult: 15146,015629283262,-1,
2017-01-24 14:36:30 INFO AddIdentifyResult: 15146,015629283262,-3,
2017-01-24 14:37:22 INFO AddIdentifyResult: 15146,015629283262,0,ver/01/24/143833_015629283262.wav
2017-01-24 14:41:14 INFO AddIdentifyResult: 15147,015629282300,-1,
2017-01-24 14:41:22 INFO AddIdentifyResult: 15147,015629282300,-3,
2017-01-24 14:43:16 INFO AddIdentifyResult: 15147,015629282300,12,
2017-01-24 14:43:23 INFO AddIdentifyResult: 15147,015629282300,10,reg/015629282300_0124144325|reg/015629282300_0124144325|reg/015629282300_
2017-01-24 14:43:24 INFO UpdateUserState: 015629282300,1
2017-01-24 14:43:57 INFO AddIdentifyResult: 15148,015629282300,-1,
2017-01-24 14:44:04 INFO AddIdentifyResult: 15148,015629282300,-3,
2017-01-24 14:44:56 INFO AddIdentifyResult: 15148,015629282300,0,ver/01/24/144607_015629282300.wav
2017-01-24 14:49:12 INFO AddIdentifyResult: 15149,015629288182,-1,
2017-01-24 14:49:38 INFO AddIdentifyResult: 15149,015629288182,-3,
2017-01-24 14:51:37 INFO AddIdentifyResult: 15149,015629288182,12,
2017-01-24 14:51:47 INFO AddIdentifyResult: 15149,015629288182,10,reg/015629288182_0124145141|reg/015629288182_0124145141|reg/015629288182_
2017-01-24 14:51:47 INFO UpdateUserState: 015629288182,1
2017-01-24 14:52:06 INFO AddIdentifyResult: 15150,015629288182,-1,
2017-01-24 14:52:17 INFO AddIdentifyResult: 15150,015629288182,-3,
2017-01-24 14:53:10 INFO AddIdentifyResult: 15150,015629288182,0,ver/01/24/145421_015629288182.wav
2017-01-24 15:09:41 INFO AddIdentifyResult: 15151,015629288225,-1,
2017-01-24 15:11:07 INFO AddIdentifyResult: 15152,015629288225,-1,
2017-01-24 15:11:21 INFO AddIdentifyResult: 15152,015629288225,-3,
2017-01-24 15:13:39 INFO AddIdentifyResult: 15152,015629288225,12,
2017-01-24 15:13:50 INFO AddIdentifyResult: 15152,015629288225,10,reg/015629288225_0124151324|reg/015629288225_0124151324|reg/015629288225_
2017-01-24 15:13:50 INFO UpdateUserState: 015629288225,1
2017-01-24 15:14:09 INFO AddIdentifyResult: 15153,015629288225,-1,
2017-01-24 15:14:20 INFO AddIdentifyResult: 15153,015629288225,-3,
2017-01-24 15:15:14 INFO AddIdentifyResult: 15153,015629288225,0,ver/01/24/151624_015629288225.wav
2017-01-24 15:20:39 INFO AddIdentifyResult: 15154,015629288236,-1,
2017-01-24 15:20:55 INFO AddIdentifyResult: 15154,015629288236,-3,
2017-01-24 15:22:32 INFO AddIdentifyResult: 15154,015629288236,12,
2017-01-24 15:22:39 INFO AddIdentifyResult: 15154,015629288236,10,reg/015629288236_0124152258|reg/015629288236_0124152258|reg/015629288236_
2017-01-24 15:22:39 INFO UpdateUserState: 015629288236,1
2017-01-24 15:22:53 INFO AddIdentifyResult: 15155,015629288236,-1,
2017-01-24 15:23:00 INFO AddIdentifyResult: 15155,015629288236,-3,
2017-01-24 15:23:52 INFO AddIdentifyResult: 15155,015629288236,0,ver/01/24/152503_015629288236.wav
2017-01-24 15:45:48 INFO AddIdentifyResult: 15156,015629288796,-1,
2017-01-24 15:45:59 INFO AddIdentifyResult: 15156,015629288796,-3,
2017-01-24 15:48:19 INFO AddIdentifyResult: 15156,015629288796,12,
2017-01-24 15:48:27 INFO AddIdentifyResult: 15156,015629288796,10,reg/015629288796_0124154802|reg/015629288796_0124154802|reg/015629288796_
2017-01-24 15:48:28 INFO UpdateUserState: 015629288796,1
2017-01-24 15:48:55 INFO AddIdentifyResult: 15157,015629288796,-1,
2017-01-24 15:49:09 INFO AddIdentifyResult: 15157,015629288796,-3,
2017-01-24 15:50:02 INFO AddIdentifyResult: 15157,015629288796,0,ver/01/24/155113_015629288796.wav
