2017-02-22 08:37:33 INFO AddIdentifyResult: 18018,015671757061,-1,
2017-02-22 08:37:40 INFO AddIdentifyResult: 18018,015671757061,-3,
2017-02-22 08:39:35 INFO AddIdentifyResult: 18018,015671757061,12,
2017-02-22 08:39:43 INFO AddIdentifyResult: 18018,015671757061,10,reg/015671757061_0222083949|reg/015671757061_0222083949|reg/015671757061_
2017-02-22 08:39:43 INFO UpdateUserState: 015671757061,1
2017-02-22 09:08:35 INFO AddIdentifyResult: 0,15335761169,1,
2017-02-22 09:10:08 INFO AddIdentifyResult: 0,15335761169,1,
2017-02-22 09:12:03 INFO AddIdentifyResult: 0,15335761169,1,ver/02/22/091320_15335761169.wav
2017-02-22 09:12:40 INFO AddIdentifyResult: 0,18162832198,1,
2017-02-22 09:16:04 INFO AddIdentifyResult: 0,18162832198,0,ver/02/22/091722_18162832198.wav
2017-02-22 09:22:50 INFO AddIdentifyResult: 18021,015337386426,-1,
2017-02-22 09:23:03 INFO AddIdentifyResult: 18021,015337386426,-3,
2017-02-22 09:23:24 INFO AddIdentifyResult: 18021,015337386426,11,reg/015337386426_|reg/015337386426_|reg/015337386426_
2017-02-22 09:23:28 INFO AddIdentifyResult: 18022,015337386426,-1,
2017-02-22 09:23:32 INFO AddIdentifyResult: 18022,015337386426,-3,
2017-02-22 09:24:08 INFO AddIdentifyResult: 0,18162832198,1,ver/02/22/092526_18162832198.wav
2017-02-22 09:24:56 INFO AddIdentifyResult: 18022,015337386426,11,reg/015337386426_|reg/015337386426_|reg/015337386426_
2017-02-22 09:25:52 INFO AddIdentifyResult: 18024,015337386426,-1,
2017-02-22 09:26:00 INFO AddIdentifyResult: 18024,015337386426,-3,
2017-02-22 09:27:28 INFO AddIdentifyResult: 18024,015337386426,12,
2017-02-22 09:27:34 INFO AddIdentifyResult: 18024,015337386426,10,reg/015337386426_0222092810|reg/015337386426_0222092810|reg/015337386426_
2017-02-22 09:27:35 INFO UpdateUserState: 015337386426,1
2017-02-22 09:27:47 INFO AddIdentifyResult: 0,18162832198,1,ver/02/22/092905_18162832198.wav
2017-02-22 09:29:17 INFO AddIdentifyResult: 18025,015671751610,-1,
2017-02-22 09:29:24 INFO AddIdentifyResult: 18025,015671751610,-3,
2017-02-22 09:30:58 INFO AddIdentifyResult: 18025,015671751610,11,reg/015671751610_|reg/015671751610_|reg/015671751610_
2017-02-22 09:31:28 INFO AddIdentifyResult: 18026,015671751610,-1,
2017-02-22 09:31:36 INFO AddIdentifyResult: 18026,015671751610,-3,
2017-02-22 09:32:10 INFO AddIdentifyResult: 18026,015671751610,11,reg/015671751610_|reg/015671751610_|reg/015671751610_
2017-02-22 09:32:28 INFO AddIdentifyResult: 18027,015671751610,-1,
2017-02-22 09:32:39 INFO AddIdentifyResult: 18027,015671751610,-3,
2017-02-22 09:33:39 INFO AddIdentifyResult: 18027,015671751610,11,reg/015671751610_|reg/015671751610_|reg/015671751610_
2017-02-22 09:34:12 INFO AddIdentifyResult: 18028,015671751610,-1,
2017-02-22 09:34:22 INFO AddIdentifyResult: 18028,015671751610,-3,
2017-02-22 09:35:57 INFO AddIdentifyResult: 18028,015671751610,12,
2017-02-22 09:36:04 INFO AddIdentifyResult: 18028,015671751610,10,reg/015671751610_0222093631|reg/015671751610_0222093631|reg/015671751610_
2017-02-22 09:36:05 INFO UpdateUserState: 015671751610,1
2017-02-22 09:42:38 INFO AddIdentifyResult: 18029,015671771390,-1,
2017-02-22 09:43:00 INFO AddIdentifyResult: 18030,015671771390,-1,
2017-02-22 09:43:40 INFO AddIdentifyResult: 18031,015671783950,-1,
2017-02-22 09:43:56 INFO AddIdentifyResult: 18031,015671783950,-3,
2017-02-22 09:45:46 INFO AddIdentifyResult: 18031,015671783950,12,
2017-02-22 09:45:53 INFO AddIdentifyResult: 18031,015671783950,10,reg/015671783950_0222094730|reg/015671783950_0222094730|reg/015671783950_0222094605
2017-02-22 09:45:53 INFO UpdateUserState: 015671783950,1
2017-02-22 09:45:58 INFO AddIdentifyResult: 18032,015671783950,-1,
2017-02-22 09:46:04 INFO AddIdentifyResult: 18032,015671783950,-3,
2017-02-22 09:46:56 INFO AddIdentifyResult: 18032,015671783950,0,ver/02/22/094814_015671783950.wav
2017-02-22 09:47:50 INFO AddIdentifyResult: 18033,015671771390,-1,
2017-02-22 09:48:02 INFO AddIdentifyResult: 18033,015671771390,-3,
2017-02-22 09:48:25 INFO AddIdentifyResult: 18034,015671771390,-1,
2017-02-22 09:48:37 INFO AddIdentifyResult: 18033,015671771390,11,reg/015671771390_|reg/015671771390_|reg/015671771390_
2017-02-22 09:48:38 INFO AddIdentifyResult: 18034,015671771390,-3,
2017-02-22 09:48:57 INFO AddIdentifyResult: 18034,015671771390,11,reg/015671771390_|reg/015671771390_|reg/015671771390_
2017-02-22 09:49:03 INFO AddIdentifyResult: 18035,015671771390,-1,
2017-02-22 09:49:16 INFO AddIdentifyResult: 18035,015671771390,-3,
2017-02-22 09:50:56 INFO AddIdentifyResult: 18035,015671771390,12,
2017-02-22 09:51:03 INFO AddIdentifyResult: 18035,015671771390,10,reg/015671771390_0222095126|reg/015671771390_0222095126|reg/015671771390_
2017-02-22 09:51:03 INFO UpdateUserState: 015671771390,1
2017-02-22 09:51:09 INFO AddIdentifyResult: 18036,015671771390,-1,
2017-02-22 09:51:17 INFO AddIdentifyResult: 18036,015671771390,-3,
2017-02-22 09:52:09 INFO AddIdentifyResult: 18036,015671771390,0,ver/02/22/095327_015671771390.wav
2017-02-22 09:57:06 INFO AddIdentifyResult: 18037,015671779761,-1,
2017-02-22 09:57:13 INFO AddIdentifyResult: 18037,015671779761,-3,
2017-02-22 09:59:05 INFO AddIdentifyResult: 18037,015671779761,12,
2017-02-22 09:59:12 INFO AddIdentifyResult: 18037,015671779761,10,reg/015671779761_0222100051|reg/015671779761_0222100051|reg/015671779761_0222095922
2017-02-22 09:59:12 INFO UpdateUserState: 015671779761,1
2017-02-22 09:59:18 INFO AddIdentifyResult: 18038,015671779761,-1,
2017-02-22 09:59:23 INFO AddIdentifyResult: 18038,015671779761,-3,
2017-02-22 10:00:15 INFO AddIdentifyResult: 18038,015671779761,0,ver/02/22/100133_015671779761.wav
2017-02-22 10:01:27 INFO AddIdentifyResult: 18039,015671779981,-1,
2017-02-22 10:01:39 INFO AddIdentifyResult: 18039,015671779981,-3,
2017-02-22 10:03:38 INFO AddIdentifyResult: 18039,015671779981,12,
2017-02-22 10:03:45 INFO AddIdentifyResult: 18039,015671779981,10,reg/015671779981_0222100515|reg/015671779981_0222100515|reg/015671779981_0222100348
2017-02-22 10:03:45 INFO UpdateUserState: 015671779981,1
2017-02-22 10:05:43 INFO AddIdentifyResult: 18040,015671778703,-1,
2017-02-22 10:06:13 INFO AddIdentifyResult: 18040,015671778703,-3,
2017-02-22 10:07:43 INFO AddIdentifyResult: 18040,015671778703,12,
2017-02-22 10:07:49 INFO AddIdentifyResult: 18040,015671778703,10,reg/015671778703_0222100822|reg/015671778703_0222100822|reg/015671778703_
2017-02-22 10:07:50 INFO UpdateUserState: 015671778703,1
2017-02-22 10:08:03 INFO AddIdentifyResult: 18041,015671778703,-1,
2017-02-22 10:08:09 INFO AddIdentifyResult: 18041,015671778703,-3,
2017-02-22 10:09:02 INFO AddIdentifyResult: 18041,015671778703,0,ver/02/22/101019_015671778703.wav
2017-02-22 10:10:26 INFO AddIdentifyResult: 18042,015671776235,-1,
2017-02-22 10:10:33 INFO AddIdentifyResult: 18042,015671776235,-3,
2017-02-22 10:11:59 INFO AddIdentifyResult: 18042,015671776235,12,
2017-02-22 10:12:07 INFO AddIdentifyResult: 18042,015671776235,10,reg/015671776235_0222101242|reg/015671776235_0222101242|reg/015671776235_
2017-02-22 10:12:07 INFO UpdateUserState: 015671776235,1
2017-02-22 10:13:22 INFO AddIdentifyResult: 18043,015671781509,-1,
2017-02-22 10:13:41 INFO AddIdentifyResult: 18044,015671781509,-1,
2017-02-22 10:14:16 INFO AddIdentifyResult: 18045,015671781590,-1,
2017-02-22 10:14:19 INFO AddIdentifyResult: 18045,015671781590,-3,
2017-02-22 10:15:38 INFO AddIdentifyResult: 18046,18972670079,-1,
2017-02-22 10:15:46 INFO AddIdentifyResult: 18046,18972670079,-3,
2017-02-22 10:16:02 INFO AddIdentifyResult: 18045,015671781590,12,
2017-02-22 10:16:08 INFO AddIdentifyResult: 18045,015671781590,10,reg/015671781590_0222101629|reg/015671781590_0222101629|reg/015671781590_
2017-02-22 10:16:09 INFO UpdateUserState: 015671781590,1
2017-02-22 10:16:43 INFO AddIdentifyResult: 18047,013307239126,-1,
2017-02-22 10:17:05 INFO AddIdentifyResult: 18047,013307239126,-3,
2017-02-22 10:17:30 INFO AddIdentifyResult: 18047,013307239126,11,reg/013307239126_|reg/013307239126_|reg/013307239126_
2017-02-22 10:17:58 INFO AddIdentifyResult: 18048,018986578641,-1,
2017-02-22 10:18:06 INFO AddIdentifyResult: 18048,018986578641,-3,
2017-02-22 10:18:07 INFO AddIdentifyResult: 18046,18972670079,12,
2017-02-22 10:18:14 INFO AddIdentifyResult: 18046,18972670079,10,reg/18972670079_0222101942|reg/18972670079_0222101942|reg/18972670079_0222101755
2017-02-22 10:18:14 INFO UpdateUserState: 18972670079,1
2017-02-22 10:19:34 INFO AddIdentifyResult: 18048,018986578641,12,
2017-02-22 10:19:41 INFO AddIdentifyResult: 18048,018986578641,10,reg/018986578641_0222102015|reg/018986578641_0222102015|reg/018986578641_
2017-02-22 10:19:41 INFO UpdateUserState: 018986578641,1
2017-02-22 10:20:32 INFO AddIdentifyResult: 0,18972670079,0,ver/02/22/102150_18972670079.wav
2017-02-22 10:20:51 INFO AddIdentifyResult: 18050,015671780583,-1,
2017-02-22 10:20:57 INFO AddIdentifyResult: 18050,015671780583,-3,
2017-02-22 10:22:46 INFO AddIdentifyResult: 18050,015671780583,12,
2017-02-22 10:22:52 INFO AddIdentifyResult: 18050,015671780583,10,reg/015671780583_0222102306|reg/015671780583_0222102306|reg/015671780583_
2017-02-22 10:22:53 INFO UpdateUserState: 015671780583,1
2017-02-22 10:25:23 INFO AddIdentifyResult: 18051,0156571783981,-1,
2017-02-22 10:25:45 INFO AddIdentifyResult: 18052,0156571783981,-1,
2017-02-22 10:26:05 INFO AddIdentifyResult: 18053,0156571783981,-1,
2017-02-22 10:26:20 INFO AddIdentifyResult: 18054,0156571783981,-1,
2017-02-22 10:27:16 INFO AddIdentifyResult: 18055,015671783981,-1,
2017-02-22 10:27:23 INFO AddIdentifyResult: 18055,015671783981,-3,
2017-02-22 10:28:55 INFO AddIdentifyResult: 18055,015671783981,12,
2017-02-22 10:29:01 INFO AddIdentifyResult: 18055,015671783981,10,reg/015671783981_0222102933|reg/015671783981_0222102933|reg/015671783981_
2017-02-22 10:29:02 INFO UpdateUserState: 015671783981,1
2017-02-22 10:30:22 INFO AddIdentifyResult: 18056,015671772851,-1,
2017-02-22 10:30:39 INFO AddIdentifyResult: 18056,015671772851,-3,
2017-02-22 10:31:10 INFO AddIdentifyResult: 18056,015671772851,11,reg/015671772851_|reg/015671772851_|reg/015671772851_
2017-02-22 10:31:18 INFO AddIdentifyResult: 18057,015671772851,-1,
2017-02-22 10:31:37 INFO AddIdentifyResult: 18058,015671772851,-1,
2017-02-22 10:31:40 INFO AddIdentifyResult: 18058,015671772851,-3,
2017-02-22 10:31:55 INFO AddIdentifyResult: 18058,015671772851,11,reg/015671772851_|reg/015671772851_|reg/015671772851_
2017-02-22 10:32:02 INFO AddIdentifyResult: 18059,015671772851,-1,
2017-02-22 10:32:08 INFO AddIdentifyResult: 18059,015671772851,-3,
2017-02-22 10:33:39 INFO AddIdentifyResult: 18059,015671772851,12,
2017-02-22 10:33:46 INFO AddIdentifyResult: 18059,015671772851,10,reg/015671772851_0222103417|reg/015671772851_0222103417|reg/015671772851_
2017-02-22 10:33:46 INFO UpdateUserState: 015671772851,1
2017-02-22 10:35:46 INFO AddIdentifyResult: 18060,015671785010,-1,
2017-02-22 10:35:52 INFO AddIdentifyResult: 18060,015671785010,-3,
2017-02-22 10:37:20 INFO AddIdentifyResult: 18060,015671785010,12,
2017-02-22 10:37:27 INFO AddIdentifyResult: 18060,015671785010,10,reg/015671785010_0222103801|reg/015671785010_0222103801|reg/015671785010_
2017-02-22 10:37:27 INFO UpdateUserState: 015671785010,1
2017-02-22 10:38:19 INFO AddIdentifyResult: 18061,015572882753,-1,
2017-02-22 10:38:31 INFO AddIdentifyResult: 18061,015572882753,-3,
2017-02-22 10:40:50 INFO AddIdentifyResult: 18061,015572882753,12,
2017-02-22 10:40:58 INFO AddIdentifyResult: 18061,015572882753,10,reg/015572882753_0222104041|reg/015572882753_0222104041|reg/015572882753_
2017-02-22 10:40:58 INFO UpdateUserState: 015572882753,1
2017-02-22 10:41:05 INFO AddIdentifyResult: 18062,015572882753,-1,
2017-02-22 10:41:22 INFO AddIdentifyResult: 18062,015572882753,-3,
2017-02-22 10:42:14 INFO AddIdentifyResult: 18062,015572882753,0,ver/02/22/104332_015572882753.wav
2017-02-22 10:42:50 INFO AddIdentifyResult: 18063,015671785027,-1,
2017-02-22 10:42:56 INFO AddIdentifyResult: 18063,015671785027,-3,
2017-02-22 10:44:27 INFO AddIdentifyResult: 18063,015671785027,12,
2017-02-22 10:44:34 INFO AddIdentifyResult: 18063,015671785027,10,reg/015671785027_0222104506|reg/015671785027_0222104506|reg/015671785027_
2017-02-22 10:44:34 INFO UpdateUserState: 015671785027,1
2017-02-22 10:51:43 INFO AddIdentifyResult: 18064,015671785972,-1,
2017-02-22 10:51:49 INFO AddIdentifyResult: 18064,015671785972,-3,
2017-02-22 10:53:22 INFO AddIdentifyResult: 18064,015671785972,12,
2017-02-22 10:53:29 INFO AddIdentifyResult: 18064,015671785972,10,reg/015671785972_0222105358|reg/015671785972_0222105358|reg/015671785972_
2017-02-22 10:53:29 INFO UpdateUserState: 015671785972,1
2017-02-22 10:54:39 INFO AddIdentifyResult: 18065,015671777310,-1,
2017-02-22 10:54:50 INFO AddIdentifyResult: 18065,015671777310,-3,
2017-02-22 10:56:23 INFO AddIdentifyResult: 18065,015671777310,12,
2017-02-22 10:56:30 INFO AddIdentifyResult: 18065,015671777310,10,reg/015671777310_0222105659|reg/015671777310_0222105659|reg/015671777310_
2017-02-22 10:56:31 INFO UpdateUserState: 015671777310,1
2017-02-22 10:58:58 INFO AddIdentifyResult: 18066,015671786252,-1,
2017-02-22 10:59:04 INFO AddIdentifyResult: 18066,015671786252,-3,
2017-02-22 10:59:37 INFO AddIdentifyResult: 18066,015671786252,11,reg/015671786252_|reg/015671786252_|reg/015671786252_
2017-02-22 11:02:10 INFO AddIdentifyResult: 18067,015671786252,-1,
2017-02-22 11:02:18 INFO AddIdentifyResult: 18067,015671786252,-3,
2017-02-22 11:04:15 INFO AddIdentifyResult: 18067,015671786252,12,
2017-02-22 11:04:22 INFO AddIdentifyResult: 18067,015671786252,10,reg/015671786252_0222110556|reg/015671786252_0222110556|reg/015671786252_0222110428
2017-02-22 11:04:22 INFO UpdateUserState: 015671786252,1
2017-02-22 11:06:18 INFO AddIdentifyResult: 18068,015671786357,-1,
2017-02-22 11:06:48 INFO AddIdentifyResult: 18069,015671786357,-1,
2017-02-22 11:07:41 INFO AddIdentifyResult: 18070,015671786357,-1,
2017-02-22 11:08:26 INFO AddIdentifyResult: 18071,013477745226,-1,
2017-02-22 11:09:04 INFO AddIdentifyResult: 18072,015671786357,-1,
2017-02-22 11:09:26 INFO AddIdentifyResult: 18073,015671786357,-1,
2017-02-22 11:10:40 INFO AddIdentifyResult: 18074,015671786307,-1,
2017-02-22 11:10:49 INFO AddIdentifyResult: 18074,015671786307,-3,
2017-02-22 11:12:16 INFO AddIdentifyResult: 18074,015671786307,12,
2017-02-22 11:12:22 INFO AddIdentifyResult: 18074,015671786307,10,reg/015671786307_0222111258|reg/015671786307_0222111258|reg/015671786307_
2017-02-22 11:12:23 INFO UpdateUserState: 015671786307,1
2017-02-22 11:13:36 INFO AddIdentifyResult: 18075,015671786365,-1,
2017-02-22 11:13:49 INFO AddIdentifyResult: 18075,015671786365,-3,
2017-02-22 11:14:21 INFO AddIdentifyResult: 18075,015671786365,11,reg/015671786365_|reg/015671786365_|reg/015671786365_
2017-02-22 11:14:32 INFO AddIdentifyResult: 18076,015671786365,-1,
2017-02-22 11:14:43 INFO AddIdentifyResult: 18076,015671786365,-3,
2017-02-22 11:15:03 INFO AddIdentifyResult: 18076,015671786365,11,reg/015671786365_|reg/015671786365_|reg/015671786365_
2017-02-22 11:15:38 INFO AddIdentifyResult: 18077,015671786365,-1,
2017-02-22 11:15:43 INFO AddIdentifyResult: 18077,015671786365,-3,
2017-02-22 11:17:42 INFO AddIdentifyResult: 18077,015671786365,12,
2017-02-22 11:17:49 INFO AddIdentifyResult: 18077,015671786365,10,reg/015671786365_0222111925|reg/015671786365_0222111925|reg/015671786365_0222111752
2017-02-22 11:17:49 INFO UpdateUserState: 015671786365,1
2017-02-22 11:18:13 INFO AddIdentifyResult: 18078,015671786365,-1,
2017-02-22 11:18:19 INFO AddIdentifyResult: 18078,015671786365,-3,
2017-02-22 11:19:11 INFO AddIdentifyResult: 18078,015671786365,0,ver/02/22/112029_015671786365.wav
2017-02-22 11:20:07 INFO AddIdentifyResult: 18079,015671782270,-1,
2017-02-22 11:20:13 INFO AddIdentifyResult: 18079,015671782270,-3,
2017-02-22 11:21:42 INFO AddIdentifyResult: 18079,015671782270,12,
2017-02-22 11:21:48 INFO AddIdentifyResult: 18079,015671782270,10,reg/015671782270_0222112222|reg/015671782270_0222112222|reg/015671782270_
2017-02-22 11:21:49 INFO UpdateUserState: 015671782270,1
2017-02-22 11:22:52 INFO AddIdentifyResult: 18080,01567178395,-1,
2017-02-22 11:24:14 INFO AddIdentifyResult: 18081,015671786395,-1,
2017-02-22 11:24:23 INFO AddIdentifyResult: 18081,015671786395,-3,
2017-02-22 11:25:56 INFO AddIdentifyResult: 18081,015671786395,12,
2017-02-22 11:26:03 INFO AddIdentifyResult: 18081,015671786395,10,reg/015671786395_0222112632|reg/015671786395_0222112632|reg/015671786395_
2017-02-22 11:26:03 INFO UpdateUserState: 015671786395,1
2017-02-22 11:26:08 INFO AddIdentifyResult: 18082,015671786395,-1,
2017-02-22 11:26:14 INFO AddIdentifyResult: 18082,015671786395,-3,
2017-02-22 11:27:06 INFO AddIdentifyResult: 18082,015671786395,0,ver/02/22/112824_015671786395.wav
2017-02-22 11:27:41 INFO AddIdentifyResult: 18083,015671782262,-1,
2017-02-22 11:27:50 INFO AddIdentifyResult: 18083,015671782262,-3,
2017-02-22 11:29:24 INFO AddIdentifyResult: 18083,015671782262,12,
2017-02-22 11:29:31 INFO AddIdentifyResult: 18083,015671782262,10,reg/015671782262_0222112959|reg/015671782262_0222112959|reg/015671782262_
2017-02-22 11:29:31 INFO UpdateUserState: 015671782262,1
2017-02-22 11:30:44 INFO AddIdentifyResult: 18084,015671782581,-1,
2017-02-22 11:30:51 INFO AddIdentifyResult: 18084,015671782581,-3,
2017-02-22 11:32:25 INFO AddIdentifyResult: 18084,015671782581,12,
2017-02-22 11:32:32 INFO AddIdentifyResult: 18084,015671782581,10,reg/015671782581_0222113301|reg/015671782581_0222113301|reg/015671782581_
2017-02-22 11:32:32 INFO UpdateUserState: 015671782581,1
2017-02-22 14:24:31 INFO AddIdentifyResult: 18085,015572882558,-1,
2017-02-22 14:24:45 INFO AddIdentifyResult: 18085,015572882558,-3,
2017-02-22 14:25:00 INFO AddIdentifyResult: 18086,015671760315,-1,
2017-02-22 14:25:07 INFO AddIdentifyResult: 18086,015671760315,-3,
2017-02-22 14:26:35 INFO AddIdentifyResult: 18086,015671760315,12,
2017-02-22 14:26:40 INFO AddIdentifyResult: 18085,015572882558,12,
2017-02-22 14:26:41 INFO AddIdentifyResult: 18086,015671760315,10,reg/015671760315_0222142717|reg/015671760315_0222142717|reg/015671760315_
2017-02-22 14:26:42 INFO UpdateUserState: 015671760315,1
2017-02-22 14:26:45 INFO AddIdentifyResult: 18087,015671760315,-1,
2017-02-22 14:26:49 INFO AddIdentifyResult: 18085,015572882558,10,reg/015572882558_0222142655|reg/015572882558_0222142655|reg/015572882558_
2017-02-22 14:26:49 INFO UpdateUserState: 015572882558,1
2017-02-22 14:26:51 INFO AddIdentifyResult: 18087,015671760315,-3,
2017-02-22 14:26:58 INFO AddIdentifyResult: 18088,015572882558,-1,
2017-02-22 14:27:08 INFO AddIdentifyResult: 18088,015572882558,-3,
2017-02-22 14:27:44 INFO AddIdentifyResult: 18087,015671760315,0,ver/02/22/142902_015671760315.wav
2017-02-22 14:28:00 INFO AddIdentifyResult: 18088,015572882558,0,ver/02/22/142919_015572882558.wav
2017-02-22 14:38:57 INFO AddIdentifyResult: 18089,015697237261,-1,
2017-02-22 14:39:02 INFO AddIdentifyResult: 18089,015697237261,-3,
2017-02-22 14:40:56 INFO AddIdentifyResult: 18089,015697237261,12,
2017-02-22 14:41:03 INFO AddIdentifyResult: 18089,015697237261,10,reg/015697237261_0222144238|reg/015697237261_0222144238|reg/015697237261_0222144112
2017-02-22 14:41:03 INFO UpdateUserState: 015697237261,1
2017-02-22 14:43:43 INFO AddIdentifyResult: 18090,015697237261,-1,
2017-02-22 14:45:21 INFO AddIdentifyResult: 18091,015697237261,-1,
2017-02-22 14:45:37 INFO AddIdentifyResult: 18091,015697237261,-3,
2017-02-22 14:46:28 INFO AddIdentifyResult: 18091,015697237261,0,ver/02/22/144747_015697237261.wav
2017-02-22 14:47:00 INFO AddIdentifyResult: 18092,015697231092,-1,
2017-02-22 14:47:37 INFO AddIdentifyResult: 18092,015697231092,-3,
2017-02-22 14:49:13 INFO AddIdentifyResult: 18092,015697231092,12,
2017-02-22 14:49:21 INFO AddIdentifyResult: 18092,015697231092,10,reg/015697231092_0222144948|reg/015697231092_0222144948|reg/015697231092_
2017-02-22 14:49:21 INFO UpdateUserState: 015697231092,1
2017-02-22 14:49:31 INFO AddIdentifyResult: 18093,015697231092,-1,
2017-02-22 14:49:38 INFO AddIdentifyResult: 18093,015697231092,-3,
2017-02-22 14:50:31 INFO AddIdentifyResult: 18093,015697231092,0,ver/02/22/145149_015697231092.wav
2017-02-22 15:14:34 INFO AddIdentifyResult: 18094,018934664919,-1,
2017-02-22 15:14:44 INFO AddIdentifyResult: 18094,018934664919,-3,
2017-02-22 15:16:21 INFO AddIdentifyResult: 18094,018934664919,12,
2017-02-22 15:16:28 INFO AddIdentifyResult: 18094,018934664919,10,reg/018934664919_0222151654|reg/018934664919_0222151654|reg/018934664919_
2017-02-22 15:16:28 INFO UpdateUserState: 018934664919,1
2017-02-22 15:16:54 INFO AddIdentifyResult: 18095,018934664919,-1,
2017-02-22 15:17:00 INFO AddIdentifyResult: 18095,018934664919,-3,
2017-02-22 15:17:23 INFO AddIdentifyResult: 18096,015572887023,-1,
2017-02-22 15:17:34 INFO AddIdentifyResult: 18096,015572887023,-3,
2017-02-22 15:17:53 INFO AddIdentifyResult: 18095,018934664919,0,ver/02/22/151911_018934664919.wav
2017-02-22 15:19:33 INFO AddIdentifyResult: 18096,015572887023,12,
2017-02-22 15:19:39 INFO AddIdentifyResult: 18096,015572887023,10,reg/015572887023_0222152116|reg/015572887023_0222152116|reg/015572887023_0222151944
2017-02-22 15:19:39 INFO UpdateUserState: 015572887023,1
2017-02-22 15:19:47 INFO AddIdentifyResult: 18097,015572887023,-1,
2017-02-22 15:19:57 INFO AddIdentifyResult: 18097,015572887023,-3,
2017-02-22 15:20:06 INFO AddIdentifyResult: 18098,015629908731,-1,
2017-02-22 15:20:48 INFO AddIdentifyResult: 18097,015572887023,0,ver/02/22/152207_015572887023.wav
2017-02-22 15:21:43 INFO AddIdentifyResult: 18099,015629908371,-1,
2017-02-22 15:21:48 INFO AddIdentifyResult: 18099,015629908371,-3,
2017-02-22 15:24:00 INFO AddIdentifyResult: 18099,015629908371,12,
2017-02-22 15:24:07 INFO AddIdentifyResult: 18099,015629908371,10,reg/015629908371_0222152533|reg/015629908371_0222152533|reg/015629908371_0222152359
2017-02-22 15:24:07 INFO UpdateUserState: 015629908371,1
2017-02-22 15:24:11 INFO AddIdentifyResult: 18100,015629908371,-1,
2017-02-22 15:24:17 INFO AddIdentifyResult: 18100,015629908371,-3,
2017-02-22 15:25:09 INFO AddIdentifyResult: 18100,015629908371,0,ver/02/22/152628_015629908371.wav
2017-02-22 17:44:30 INFO AddIdentifyResult: 0,018201323322,1,
2017-02-22 18:18:21 INFO AddIdentifyResult: 18101,017767704419,-1,
2017-02-22 18:18:32 INFO AddIdentifyResult: 18101,017767704419,-3,
2017-02-22 18:20:08 INFO AddIdentifyResult: 18101,017767704419,12,
2017-02-22 18:20:15 INFO AddIdentifyResult: 18101,017767704419,10,reg/017767704419_0222182043|reg/017767704419_0222182043|reg/017767704419_
2017-02-22 18:20:16 INFO UpdateUserState: 017767704419,1
2017-02-22 18:21:07 INFO AddIdentifyResult: 18102,017767704419,-1,
2017-02-22 18:21:13 INFO AddIdentifyResult: 18102,017767704419,-3,
2017-02-22 18:21:58 INFO AddIdentifyResult: 18102,017767704419,0,ver/02/22/182324_017767704419.wav
2017-02-22 18:22:11 INFO AddIdentifyResult: 18103,017767704419,-1,
2017-02-22 18:22:19 INFO AddIdentifyResult: 18103,017767704419,-3,
2017-02-22 18:22:59 INFO AddIdentifyResult: 18103,017767704419,1,ver/02/22/182430_017767704419.wav
