2017-03-02 09:06:01 INFO AddIdentifyResult: 19754,013255461792,-1,
2017-03-02 09:06:08 INFO AddIdentifyResult: 19754,013255461792,-3,
2017-03-02 09:07:48 INFO AddIdentifyResult: 19754,013255461792,12,
2017-03-02 09:07:55 INFO AddIdentifyResult: 19754,013255461792,10,reg/013255461792_0302090752|reg/013255461792_0302090752|reg/013255461792_
2017-03-02 09:07:55 INFO UpdateUserState: 013255461792,1
2017-03-02 09:09:43 INFO AddIdentifyResult: 19755,015633783269,-1,
2017-03-02 09:09:52 INFO AddIdentifyResult: 19755,015633783269,-3,
2017-03-02 09:11:58 INFO AddIdentifyResult: 19755,015633783269,12,
2017-03-02 09:12:05 INFO AddIdentifyResult: 19755,015633783269,10,reg/015633783269_0302091136|reg/015633783269_0302091136|reg/015633783269_
2017-03-02 09:12:05 INFO UpdateUserState: 015633783269,1
2017-03-02 09:12:15 INFO AddIdentifyResult: 19756,015633783269,-1,
2017-03-02 09:12:20 INFO AddIdentifyResult: 19756,015633783269,-3,
2017-03-02 09:12:29 INFO AddIdentifyResult: 19756,015633783269,1,
2017-03-02 09:12:35 INFO AddIdentifyResult: 19757,015633783269,-1,
2017-03-02 09:12:44 INFO AddIdentifyResult: 19757,015633783269,-3,
2017-03-02 09:13:08 INFO AddIdentifyResult: 19758,013256470995,-1,
2017-03-02 09:13:22 INFO AddIdentifyResult: 19758,013256470995,-3,
2017-03-02 09:13:36 INFO AddIdentifyResult: 19757,015633783269,0,ver/03/02/091429_015633783269.wav
2017-03-02 09:14:43 INFO AddIdentifyResult: 19758,013256470995,12,
2017-03-02 09:14:50 INFO AddIdentifyResult: 19758,013256470995,10,reg/013256470995_0302091506|reg/013256470995_0302091506|reg/013256470995_
2017-03-02 09:14:51 INFO UpdateUserState: 013256470995,1
2017-03-02 09:14:55 INFO AddIdentifyResult: 19759,015963867685,-1,
2017-03-02 09:15:07 INFO AddIdentifyResult: 19759,015963867685,-3,
2017-03-02 09:15:10 INFO AddIdentifyResult: 19759,015963867685,11,reg/015963867685_|reg/015963867685_|reg/015963867685_
2017-03-02 09:15:25 INFO AddIdentifyResult: 19760,015963867685,-1,
2017-03-02 09:15:30 INFO AddIdentifyResult: 19761,013280337289,-1,
2017-03-02 09:15:33 INFO AddIdentifyResult: 19760,015963867685,-3,
2017-03-02 09:15:37 INFO AddIdentifyResult: 19761,013280337289,-3,
2017-03-02 09:15:47 INFO AddIdentifyResult: 19760,015963867685,11,reg/015963867685_|reg/015963867685_|reg/015963867685_
2017-03-02 09:16:04 INFO AddIdentifyResult: 19762,015963867685,-1,
2017-03-02 09:16:10 INFO AddIdentifyResult: 19762,015963867685,-3,
2017-03-02 09:17:41 INFO AddIdentifyResult: 19762,015963867685,12,
2017-03-02 09:17:47 INFO AddIdentifyResult: 19762,015963867685,10,reg/015963867685_0302091754|reg/015963867685_0302091754|reg/015963867685_
2017-03-02 09:17:48 INFO UpdateUserState: 015963867685,1
2017-03-02 09:17:50 INFO AddIdentifyResult: 19761,013280337289,12,
2017-03-02 09:17:57 INFO AddIdentifyResult: 19761,013280337289,10,reg/013280337289_0302091905|reg/013280337289_0302091905|reg/013280337289_0302091721
2017-03-02 09:17:57 INFO UpdateUserState: 013280337289,1
2017-03-02 09:18:35 INFO AddIdentifyResult: 19763,015954648256,-1,
2017-03-02 09:18:45 INFO AddIdentifyResult: 19763,015954648256,-3,
2017-03-02 09:20:09 INFO AddIdentifyResult: 19763,015954648256,12,
2017-03-02 09:20:16 INFO AddIdentifyResult: 19763,015954648256,10,reg/015954648256_0302092029|reg/015954648256_0302092029|reg/015954648256_
2017-03-02 09:20:16 INFO UpdateUserState: 015954648256,1
2017-03-02 09:20:25 INFO AddIdentifyResult: 19764,013280337289,-1,
2017-03-02 09:20:35 INFO AddIdentifyResult: 19764,013280337289,-3,
2017-03-02 09:21:27 INFO AddIdentifyResult: 19764,013280337289,0,ver/03/02/092220_013280337289.wav
2017-03-02 09:27:27 INFO AddIdentifyResult: 19765,013225469697,-1,
2017-03-02 09:27:38 INFO AddIdentifyResult: 19765,013225469697,-3,
2017-03-02 09:29:18 INFO AddIdentifyResult: 19765,013225469697,12,
2017-03-02 09:29:26 INFO AddIdentifyResult: 19765,013225469697,10,reg/013225469697_0302092923|reg/013225469697_0302092923|reg/013225469697_
2017-03-02 09:29:26 INFO UpdateUserState: 013225469697,1
2017-03-02 09:29:29 INFO AddIdentifyResult: 19766,013562258580,-1,
2017-03-02 09:30:05 INFO AddIdentifyResult: 19767,013562258580,-1,
2017-03-02 09:30:12 INFO AddIdentifyResult: 19767,013562258580,-3,
2017-03-02 09:31:55 INFO AddIdentifyResult: 19767,013562258580,12,
2017-03-02 09:32:02 INFO AddIdentifyResult: 19767,013562258580,10,reg/013562258580_0302093156|reg/013562258580_0302093156|reg/013562258580_
2017-03-02 09:32:02 INFO UpdateUserState: 013562258580,1
2017-03-02 09:36:34 INFO AddIdentifyResult: 19768,013255463261,-1,
2017-03-02 09:36:39 INFO AddIdentifyResult: 19768,013255463261,-3,
2017-03-02 09:37:57 INFO AddIdentifyResult: 19768,013255463261,12,
2017-03-02 09:38:03 INFO AddIdentifyResult: 19768,013255463261,10,reg/013255463261_0302093823|reg/013255463261_0302093823|reg/013255463261_
2017-03-02 09:38:04 INFO UpdateUserState: 013255463261,1
2017-03-02 09:38:52 INFO AddIdentifyResult: 19769,018266630373,-1,
2017-03-02 09:38:59 INFO AddIdentifyResult: 19769,018266630373,-3,
2017-03-02 09:40:14 INFO AddIdentifyResult: 19770,18972680086,-1,
2017-03-02 09:40:20 INFO AddIdentifyResult: 19770,18972680086,-3,
2017-03-02 09:40:35 INFO AddIdentifyResult: 19769,018266630373,12,
2017-03-02 09:40:42 INFO AddIdentifyResult: 19769,018266630373,10,reg/018266630373_0302094151|reg/018266630373_0302094151|reg/018266630373_0302094043
2017-03-02 09:40:42 INFO UpdateUserState: 018266630373,1
2017-03-02 09:41:55 INFO AddIdentifyResult: 19770,18972680086,12,
2017-03-02 09:42:02 INFO AddIdentifyResult: 19770,18972680086,10,reg/18972680086_0302094205|reg/18972680086_0302094205|reg/18972680086_
2017-03-02 09:42:02 INFO UpdateUserState: 18972680086,1
2017-03-02 09:45:47 INFO AddIdentifyResult: 19771,05925998812,-1,
2017-03-02 09:45:54 INFO AddIdentifyResult: 19771,05925998812,-3,
2017-03-02 09:46:06 INFO AddIdentifyResult: 19771,05925998812,1,
2017-03-02 09:54:38 INFO AddIdentifyResult: 19772,013255465373,-1,
2017-03-02 09:54:43 INFO AddIdentifyResult: 19772,013255465373,-3,
2017-03-02 09:56:21 INFO AddIdentifyResult: 19772,013255465373,12,
2017-03-02 09:56:27 INFO AddIdentifyResult: 19772,013255465373,10,reg/013255465373_0302095627|reg/013255465373_0302095627|reg/013255465373_
2017-03-02 09:56:28 INFO UpdateUserState: 013255465373,1
2017-03-02 09:59:15 INFO AddIdentifyResult: 19773,013285467012,-1,
2017-03-02 09:59:22 INFO AddIdentifyResult: 19773,013285467012,-3,
2017-03-02 10:01:50 INFO AddIdentifyResult: 19773,013285467012,12,
2017-03-02 10:01:57 INFO AddIdentifyResult: 19773,013285467012,10,reg/013285467012_0302100310|reg/013285467012_0302100310|reg/013285467012_0302100107
2017-03-02 10:01:57 INFO UpdateUserState: 013285467012,1
2017-03-02 10:02:23 INFO AddIdentifyResult: 19774,015572883770,-1,
2017-03-02 10:02:24 INFO AddIdentifyResult: 19775,013285467012,-1,
2017-03-02 10:02:30 INFO AddIdentifyResult: 19775,013285467012,-3,
2017-03-02 10:02:35 INFO AddIdentifyResult: 19774,015572883770,-3,
2017-03-02 10:03:22 INFO AddIdentifyResult: 19775,013285467012,0,ver/03/02/100415_013285467012.wav
2017-03-02 10:03:27 INFO AddIdentifyResult: 19774,015572883770,11,reg/015572883770_|reg/015572883770_|reg/015572883770_
2017-03-02 10:03:42 INFO AddIdentifyResult: 19776,015572883770,-1,
2017-03-02 10:03:54 INFO AddIdentifyResult: 19776,015572883770,-3,
2017-03-02 10:05:49 INFO AddIdentifyResult: 19777,013255608310,-1,
2017-03-02 10:06:00 INFO AddIdentifyResult: 19777,013255608310,-3,
2017-03-02 10:06:41 INFO AddIdentifyResult: 19776,015572883770,12,
2017-03-02 10:06:50 INFO AddIdentifyResult: 19776,015572883770,10,reg/015572883770_0302100539|reg/015572883770_0302100539|reg/015572883770_
2017-03-02 10:06:50 INFO UpdateUserState: 015572883770,1
2017-03-02 10:07:03 INFO AddIdentifyResult: 19778,015572883770,-1,
2017-03-02 10:07:11 INFO AddIdentifyResult: 19778,015572883770,-3,
2017-03-02 10:08:03 INFO AddIdentifyResult: 19778,015572883770,0,ver/03/02/100856_015572883770.wav
2017-03-02 10:08:11 INFO AddIdentifyResult: 19777,013255608310,12,
2017-03-02 10:08:18 INFO AddIdentifyResult: 19777,013255608310,10,reg/013255608310_0302100744|reg/013255608310_0302100744|reg/013255608310_
2017-03-02 10:08:19 INFO UpdateUserState: 013255608310,1
2017-03-02 10:23:15 INFO AddIdentifyResult: 19779,013255463320,-1,
2017-03-02 10:23:20 INFO AddIdentifyResult: 19779,013255463320,-3,
2017-03-02 10:25:05 INFO AddIdentifyResult: 19779,013255463320,12,
2017-03-02 10:25:14 INFO AddIdentifyResult: 19779,013255463320,10,reg/013255463320_0302102505|reg/013255463320_0302102505|reg/013255463320_
2017-03-02 10:25:14 INFO UpdateUserState: 013255463320,1
2017-03-02 10:27:58 INFO AddIdentifyResult: 19780,013280311263,-1,
2017-03-02 10:28:06 INFO AddIdentifyResult: 19780,013280311263,-3,
2017-03-02 10:30:35 INFO AddIdentifyResult: 19780,013280311263,12,
2017-03-02 10:30:42 INFO AddIdentifyResult: 19780,013280311263,10,reg/013280311263_0302103147|reg/013280311263_0302103147|reg/013280311263_0302102950
2017-03-02 10:30:42 INFO UpdateUserState: 013280311263,1
2017-03-02 10:31:23 INFO AddIdentifyResult: 19781,013280311263,-1,
2017-03-02 10:31:29 INFO AddIdentifyResult: 19781,013280311263,-3,
2017-03-02 10:32:21 INFO AddIdentifyResult: 19781,013280311263,0,ver/03/02/103314_013280311263.wav
2017-03-02 10:35:05 INFO AddIdentifyResult: 19782,0155728844903,-1,
2017-03-02 10:35:38 INFO AddIdentifyResult: 19783,015572884903,-1,
2017-03-02 10:35:50 INFO AddIdentifyResult: 19783,015572884903,-3,
2017-03-02 10:36:43 INFO AddIdentifyResult: 19784,013280337230,-1,
2017-03-02 10:36:50 INFO AddIdentifyResult: 19784,013280337230,-3,
2017-03-02 10:38:06 INFO AddIdentifyResult: 19783,015572884903,11,reg/015572884903_|reg/015572884903_|reg/015572884903_
2017-03-02 10:38:17 INFO AddIdentifyResult: 19784,013280337230,12,
2017-03-02 10:38:23 INFO AddIdentifyResult: 19784,013280337230,10,reg/013280337230_0302103834|reg/013280337230_0302103834|reg/013280337230_
2017-03-02 10:38:23 INFO UpdateUserState: 013280337230,1
2017-03-02 10:38:37 INFO AddIdentifyResult: 19785,015572884903,-1,
2017-03-02 10:38:45 INFO AddIdentifyResult: 19785,015572884903,-3,
2017-03-02 10:38:58 INFO AddIdentifyResult: 19786,013280337230,-1,
2017-03-02 10:39:10 INFO AddIdentifyResult: 19786,013280337230,-3,
2017-03-02 10:40:02 INFO AddIdentifyResult: 19786,013280337230,0,ver/03/02/104055_013280337230.wav
2017-03-02 10:40:47 INFO AddIdentifyResult: 19785,015572884903,12,
2017-03-02 10:40:54 INFO AddIdentifyResult: 19785,015572884903,10,reg/015572884903_0302104029|reg/015572884903_0302104029|reg/015572884903_
2017-03-02 10:40:54 INFO UpdateUserState: 015572884903,1
2017-03-02 10:41:03 INFO AddIdentifyResult: 19787,013255463787,-1,
2017-03-02 10:41:06 INFO AddIdentifyResult: 19788,015572884903,-1,
2017-03-02 10:41:13 INFO AddIdentifyResult: 19788,015572884903,-3,
2017-03-02 10:41:14 INFO AddIdentifyResult: 19787,013255463787,-3,
2017-03-02 10:42:04 INFO AddIdentifyResult: 19788,015572884903,0,ver/03/02/104257_015572884903.wav
2017-03-02 10:42:34 INFO AddIdentifyResult: 19787,013255463787,12,
2017-03-02 10:42:40 INFO AddIdentifyResult: 19787,013255463787,10,reg/013255463787_0302104258|reg/013255463787_0302104258|reg/013255463787_
2017-03-02 10:42:41 INFO UpdateUserState: 013255463787,1
2017-03-02 10:42:42 INFO AddIdentifyResult: 19789,018854644605,-1,
2017-03-02 10:42:48 INFO AddIdentifyResult: 19789,018854644605,-3,
2017-03-02 10:44:30 INFO AddIdentifyResult: 19789,018854644605,12,
2017-03-02 10:44:37 INFO AddIdentifyResult: 19789,018854644605,10,reg/018854644605_0302104432|reg/018854644605_0302104432|reg/018854644605_
2017-03-02 10:44:37 INFO UpdateUserState: 018854644605,1
2017-03-02 10:47:22 INFO AddIdentifyResult: 19790,013255465853,-1,
2017-03-02 10:47:27 INFO AddIdentifyResult: 19790,013255465853,-3,
2017-03-02 10:47:41 INFO AddIdentifyResult: 19791,013255468530,-1,
2017-03-02 10:47:50 INFO AddIdentifyResult: 19790,013255465853,11,reg/013255465853_|reg/013255465853_|reg/013255465853_
2017-03-02 10:47:51 INFO AddIdentifyResult: 19791,013255468530,-3,
2017-03-02 10:48:13 INFO AddIdentifyResult: 19792,013255465853,-1,
2017-03-02 10:48:18 INFO AddIdentifyResult: 19792,013255465853,-3,
2017-03-02 10:49:28 INFO AddIdentifyResult: 19791,013255468530,12,
2017-03-02 10:49:36 INFO AddIdentifyResult: 19791,013255468530,10,reg/013255468530_0302104935|reg/013255468530_0302104935|reg/013255468530_
2017-03-02 10:49:36 INFO UpdateUserState: 013255468530,1
2017-03-02 10:49:46 INFO AddIdentifyResult: 19792,013255465853,12,
2017-03-02 10:49:53 INFO AddIdentifyResult: 19792,013255465853,10,reg/013255465853_0302105002|reg/013255465853_0302105002|reg/013255465853_
2017-03-02 10:49:53 INFO UpdateUserState: 013255465853,1
2017-03-02 10:52:57 INFO AddIdentifyResult: 19793,013255465853,-1,
2017-03-02 10:53:05 INFO AddIdentifyResult: 19793,013255465853,-3,
2017-03-02 10:53:58 INFO AddIdentifyResult: 19793,013255465853,0,ver/03/02/105450_013255465853.wav
2017-03-02 11:01:39 INFO AddIdentifyResult: 19794,013280393375,-1,
2017-03-02 11:01:44 INFO AddIdentifyResult: 19794,013280393375,-3,
2017-03-02 11:03:15 INFO AddIdentifyResult: 19794,013280393375,12,
2017-03-02 11:03:21 INFO AddIdentifyResult: 19794,013280393375,10,reg/013280393375_0302110329|reg/013280393375_0302110329|reg/013280393375_
2017-03-02 11:03:22 INFO UpdateUserState: 013280393375,1
2017-03-02 11:03:38 INFO AddIdentifyResult: 19795,013280393375,-1,
2017-03-02 11:03:44 INFO AddIdentifyResult: 19795,013280393375,-3,
2017-03-02 11:04:36 INFO AddIdentifyResult: 19795,013280393375,0,ver/03/02/110529_013280393375.wav
2017-03-02 11:14:58 INFO AddIdentifyResult: 19796,013280370951,-1,
2017-03-02 11:15:03 INFO AddIdentifyResult: 19796,013280370951,-3,
2017-03-02 11:16:34 INFO AddIdentifyResult: 19796,013280370951,12,
2017-03-02 11:16:42 INFO AddIdentifyResult: 19796,013280370951,10,reg/013280370951_0302111647|reg/013280370951_0302111647|reg/013280370951_
2017-03-02 11:16:42 INFO UpdateUserState: 013280370951,1
2017-03-02 11:20:50 INFO AddIdentifyResult: 19797,015254652942,-1,
2017-03-02 11:21:05 INFO AddIdentifyResult: 19797,015254652942,-3,
2017-03-02 11:23:09 INFO AddIdentifyResult: 19797,015254652942,12,
2017-03-02 11:23:16 INFO AddIdentifyResult: 19797,015254652942,10,reg/015254652942_0302112427|reg/015254652942_0302112427|reg/015254652942_0302112250
2017-03-02 11:23:16 INFO UpdateUserState: 015254652942,1
2017-03-02 11:23:27 INFO AddIdentifyResult: 19798,015254652942,-1,
2017-03-02 11:23:48 INFO AddIdentifyResult: 19798,015254652942,-3,
2017-03-02 11:24:40 INFO AddIdentifyResult: 19798,015254652942,0,ver/03/02/112533_015254652942.wav
2017-03-02 11:27:27 INFO AddIdentifyResult: 19799,013255630690,-1,
2017-03-02 11:27:35 INFO AddIdentifyResult: 19799,013255630690,-3,
2017-03-02 11:28:54 INFO AddIdentifyResult: 19800,013789836448,-1,
2017-03-02 11:29:02 INFO AddIdentifyResult: 19800,013789836448,-3,
2017-03-02 11:29:14 INFO AddIdentifyResult: 19799,013255630690,12,
2017-03-02 11:29:21 INFO AddIdentifyResult: 19799,013255630690,10,reg/013255630690_0302112919|reg/013255630690_0302112919|reg/013255630690_
2017-03-02 11:29:21 INFO UpdateUserState: 013255630690,1
2017-03-02 11:30:38 INFO AddIdentifyResult: 19801,013954698870,-1,
2017-03-02 11:30:43 INFO AddIdentifyResult: 19800,013789836448,12,
2017-03-02 11:30:48 INFO AddIdentifyResult: 19801,013954698870,-3,
2017-03-02 11:30:51 INFO AddIdentifyResult: 19800,013789836448,10,reg/013789836448_0302113159|reg/013789836448_0302113159|reg/013789836448_0302113046
2017-03-02 11:30:51 INFO UpdateUserState: 013789836448,1
2017-03-02 11:31:07 INFO AddIdentifyResult: 19802,013789836448,-1,
2017-03-02 11:31:14 INFO AddIdentifyResult: 19802,013789836448,-3,
2017-03-02 11:32:06 INFO AddIdentifyResult: 19802,013789836448,0,ver/03/02/113259_013789836448.wav
2017-03-02 11:32:38 INFO AddIdentifyResult: 19801,013954698870,12,
2017-03-02 11:32:46 INFO AddIdentifyResult: 19801,013954698870,10,reg/013954698870_0302113233|reg/013954698870_0302113233|reg/013954698870_
2017-03-02 11:32:46 INFO UpdateUserState: 013954698870,1
2017-03-02 11:36:14 INFO AddIdentifyResult: 19803,013280398720,-1,
2017-03-02 11:36:26 INFO AddIdentifyResult: 19803,013280398720,-3,
2017-03-02 11:39:19 INFO AddIdentifyResult: 19803,013280398720,12,
2017-03-02 11:39:26 INFO AddIdentifyResult: 19803,013280398720,10,reg/013280398720_0302114007|reg/013280398720_0302114007|reg/013280398720_0302113811
2017-03-02 11:39:27 INFO UpdateUserState: 013280398720,1
2017-03-02 11:39:42 INFO AddIdentifyResult: 19804,013280398720,-1,
2017-03-02 11:39:49 INFO AddIdentifyResult: 19804,013280398720,-3,
2017-03-02 11:40:40 INFO AddIdentifyResult: 19804,013280398720,0,ver/03/02/114134_013280398720.wav
2017-03-02 11:43:34 INFO AddIdentifyResult: 19805,013255465570,-1,
2017-03-02 11:43:39 INFO AddIdentifyResult: 19805,013255465570,-3,
2017-03-02 11:45:32 INFO AddIdentifyResult: 19805,013255465570,12,
2017-03-02 11:45:39 INFO AddIdentifyResult: 19805,013255465570,10,reg/013255465570_0302114524|reg/013255465570_0302114524|reg/013255465570_
2017-03-02 11:45:40 INFO UpdateUserState: 013255465570,1
2017-03-02 11:45:46 INFO AddIdentifyResult: 19806,013255465570,-1,
2017-03-02 11:45:52 INFO AddIdentifyResult: 19806,013255465570,-3,
2017-03-02 11:46:44 INFO AddIdentifyResult: 19806,013255465570,0,ver/03/02/114737_013255465570.wav
2017-03-02 11:50:51 INFO AddIdentifyResult: 19807,015154632568,-1,
2017-03-02 11:51:01 INFO AddIdentifyResult: 19807,015154632568,-3,
2017-03-02 11:53:40 INFO AddIdentifyResult: 19807,015154632568,12,
2017-03-02 11:53:47 INFO AddIdentifyResult: 19807,015154632568,10,reg/015154632568_0302115446|reg/015154632568_0302115446|reg/015154632568_0302115246
2017-03-02 11:53:47 INFO UpdateUserState: 015154632568,1
2017-03-02 11:54:41 INFO AddIdentifyResult: 19808,015154632568,-1,
2017-03-02 11:54:49 INFO AddIdentifyResult: 19808,015154632568,-3,
2017-03-02 11:55:40 INFO AddIdentifyResult: 19808,015154632568,0,ver/03/02/115634_015154632568.wav
2017-03-02 11:57:04 INFO AddIdentifyResult: 19809,013255602390,-1,
2017-03-02 11:57:09 INFO AddIdentifyResult: 19809,013255602390,-3,
2017-03-02 11:59:31 INFO AddIdentifyResult: 19809,013255602390,12,
2017-03-02 11:59:39 INFO AddIdentifyResult: 19809,013255602390,10,reg/013255602390_0302115854|reg/013255602390_0302115854|reg/013255602390_
2017-03-02 11:59:39 INFO UpdateUserState: 013255602390,1
2017-03-02 12:02:08 INFO AddIdentifyResult: 19810,013255465691,-1,
2017-03-02 12:02:23 INFO AddIdentifyResult: 19811,013255465691,-1,
2017-03-02 12:02:30 INFO AddIdentifyResult: 19811,013255465691,-3,
2017-03-02 12:04:08 INFO AddIdentifyResult: 19811,013255465691,12,
2017-03-02 12:04:15 INFO AddIdentifyResult: 19811,013255465691,10,reg/013255465691_0302120414|reg/013255465691_0302120414|reg/013255465691_
2017-03-02 12:04:16 INFO UpdateUserState: 013255465691,1
2017-03-02 12:07:28 INFO AddIdentifyResult: 19812,013255467893,-1,
2017-03-02 12:07:34 INFO AddIdentifyResult: 19812,013255467893,-3,
2017-03-02 12:09:28 INFO AddIdentifyResult: 19812,013255467893,12,
2017-03-02 12:09:36 INFO AddIdentifyResult: 19812,013255467893,10,reg/013255467893_0302120919|reg/013255467893_0302120919|reg/013255467893_
2017-03-02 12:09:36 INFO UpdateUserState: 013255467893,1
2017-03-02 12:09:51 INFO AddIdentifyResult: 19813,013256471905,-1,
2017-03-02 12:10:02 INFO AddIdentifyResult: 19813,013256471905,-3,
2017-03-02 12:11:40 INFO AddIdentifyResult: 19813,013256471905,12,
2017-03-02 12:11:46 INFO AddIdentifyResult: 19813,013256471905,10,reg/013256471905_0302121146|reg/013256471905_0302121146|reg/013256471905_
2017-03-02 12:11:47 INFO UpdateUserState: 013256471905,1
2017-03-02 12:12:49 INFO AddIdentifyResult: 19814,013275461207,-1,
2017-03-02 12:16:23 INFO AddIdentifyResult: 19815,013275461207,-1,
2017-03-02 12:16:28 INFO AddIdentifyResult: 19815,013275461207,-3,
2017-03-02 12:18:12 INFO AddIdentifyResult: 19815,013275461207,12,
2017-03-02 12:18:19 INFO AddIdentifyResult: 19815,013275461207,10,reg/013275461207_0302121812|reg/013275461207_0302121812|reg/013275461207_
2017-03-02 12:18:19 INFO UpdateUserState: 013275461207,1
2017-03-02 12:18:24 INFO AddIdentifyResult: 19816,13256473203,-1,
2017-03-02 12:18:48 INFO AddIdentifyResult: 19817,13256473203,-1,
2017-03-02 12:18:51 INFO AddIdentifyResult: 19818,13256473203,-1,
2017-03-02 12:19:22 INFO AddIdentifyResult: 19819,013256473203,-1,
2017-03-02 12:19:28 INFO AddIdentifyResult: 19819,013256473203,-3,
2017-03-02 12:20:02 INFO AddIdentifyResult: 19819,013256473203,11,reg/013256473203_|reg/013256473203_|reg/013256473203_
2017-03-02 12:20:11 INFO AddIdentifyResult: 19820,013256473203,-1,
2017-03-02 12:20:16 INFO AddIdentifyResult: 19820,013256473203,-3,
2017-03-02 12:21:13 INFO AddIdentifyResult: 0,018201323322,1,
2017-03-02 12:21:50 INFO AddIdentifyResult: 19820,013256473203,12,
2017-03-02 12:21:57 INFO AddIdentifyResult: 19820,013256473203,10,reg/013256473203_0302122201|reg/013256473203_0302122201|reg/013256473203_
2017-03-02 12:21:57 INFO UpdateUserState: 013256473203,1
2017-03-02 12:27:50 INFO AddIdentifyResult: 19821,013255466051,-1,
2017-03-02 12:27:56 INFO AddIdentifyResult: 19821,013255466051,-3,
2017-03-02 12:28:43 INFO AddIdentifyResult: 19822,013256473253,-1,
2017-03-02 12:28:50 INFO AddIdentifyResult: 19822,013256473253,-3,
2017-03-02 12:29:34 INFO AddIdentifyResult: 19821,013255466051,12,
2017-03-02 12:29:41 INFO AddIdentifyResult: 19821,013255466051,10,reg/013255466051_0302123054|reg/013255466051_0302123054|reg/013255466051_0302122941
2017-03-02 12:29:41 INFO UpdateUserState: 013255466051,1
2017-03-02 12:29:46 INFO AddIdentifyResult: 19823,013884915403,-1,
2017-03-02 12:29:52 INFO AddIdentifyResult: 19823,013884915403,-3,
2017-03-02 12:31:11 INFO AddIdentifyResult: 19822,013256473253,12,
2017-03-02 12:31:17 INFO AddIdentifyResult: 19822,013256473253,10,reg/013256473253_0302123227|reg/013256473253_0302123227|reg/013256473253_0302123035
2017-03-02 12:31:17 INFO UpdateUserState: 013256473253,1
2017-03-02 12:31:32 INFO AddIdentifyResult: 19823,013884915403,12,
2017-03-02 12:31:38 INFO AddIdentifyResult: 19823,013884915403,10,reg/013884915403_0302123137|reg/013884915403_0302123137|reg/013884915403_
2017-03-02 12:31:39 INFO UpdateUserState: 013884915403,1
2017-03-02 12:32:44 INFO AddIdentifyResult: 19824,013255466038,-1,
2017-03-02 12:35:08 INFO AddIdentifyResult: 19825,013255466038,-1,
2017-03-02 12:35:58 INFO AddIdentifyResult: 19826,013255466083,-1,
2017-03-02 12:36:10 INFO AddIdentifyResult: 19826,013255466083,-3,
2017-03-02 12:38:10 INFO AddIdentifyResult: 19826,013255466083,12,
2017-03-02 12:38:17 INFO AddIdentifyResult: 19826,013255466083,10,reg/013255466083_0302123755|reg/013255466083_0302123755|reg/013255466083_
2017-03-02 12:38:17 INFO UpdateUserState: 013255466083,1
2017-03-02 12:40:14 INFO AddIdentifyResult: 19827,013255466162,-1,
2017-03-02 12:40:24 INFO AddIdentifyResult: 19828,013562288990,-1,
2017-03-02 12:40:26 INFO AddIdentifyResult: 19827,013255466162,-3,
2017-03-02 12:40:34 INFO AddIdentifyResult: 19828,013562288990,-3,
2017-03-02 12:42:26 INFO AddIdentifyResult: 19828,013562288990,12,
2017-03-02 12:42:29 INFO AddIdentifyResult: 19827,013255466162,12,
2017-03-02 12:42:33 INFO AddIdentifyResult: 19828,013562288990,10,reg/013562288990_0302124345|reg/013562288990_0302124345|reg/013562288990_0302124219
2017-03-02 12:42:33 INFO UpdateUserState: 013562288990,1
2017-03-02 12:42:40 INFO AddIdentifyResult: 19827,013255466162,10,reg/013255466162_0302124211|reg/013255466162_0302124211|reg/013255466162_
2017-03-02 12:42:40 INFO UpdateUserState: 013255466162,1
2017-03-02 12:44:18 INFO AddIdentifyResult: 19829,018766741006,-1,
2017-03-02 12:44:25 INFO AddIdentifyResult: 19829,018766741006,-3,
2017-03-02 12:46:29 INFO AddIdentifyResult: 19829,018766741006,12,
2017-03-02 12:46:35 INFO AddIdentifyResult: 19829,018766741006,10,reg/018766741006_0302124742|reg/018766741006_0302124742|reg/018766741006_0302124609
2017-03-02 12:46:36 INFO UpdateUserState: 018766741006,1
2017-03-02 12:46:42 INFO AddIdentifyResult: 19830,013255467658,-1,
2017-03-02 12:46:49 INFO AddIdentifyResult: 19830,013255467658,-3,
2017-03-02 12:48:50 INFO AddIdentifyResult: 19831,013255467928,-1,
2017-03-02 12:48:56 INFO AddIdentifyResult: 19831,013255467928,-3,
2017-03-02 12:49:27 INFO AddIdentifyResult: 19830,013255467658,12,
2017-03-02 12:49:36 INFO AddIdentifyResult: 19830,013255467658,10,reg/013255467658_0302124834|reg/013255467658_0302124834|reg/013255467658_
2017-03-02 12:49:37 INFO UpdateUserState: 013255467658,1
2017-03-02 12:50:52 INFO AddIdentifyResult: 19831,013255467928,12,
2017-03-02 12:50:59 INFO AddIdentifyResult: 19831,013255467928,10,reg/013255467928_0302125205|reg/013255467928_0302125205|reg/013255467928_0302125041
2017-03-02 12:50:59 INFO UpdateUserState: 013255467928,1
2017-03-02 13:30:44 INFO AddIdentifyResult: 19832,15971522945,-1,
2017-03-02 13:54:08 INFO AddIdentifyResult: 19833,013255468208,-1,
2017-03-02 13:54:15 INFO AddIdentifyResult: 19833,013255468208,-3,
2017-03-02 13:56:14 INFO AddIdentifyResult: 19833,013255468208,12,
2017-03-02 13:56:21 INFO AddIdentifyResult: 19833,013255468208,10,reg/013255468208_0302135600|reg/013255468208_0302135600|reg/013255468208_
2017-03-02 13:56:21 INFO UpdateUserState: 013255468208,1
2017-03-02 13:56:43 INFO AddIdentifyResult: 19834,013255468208,-1,
2017-03-02 13:56:48 INFO AddIdentifyResult: 19834,013255468208,-3,
2017-03-02 13:57:40 INFO AddIdentifyResult: 19834,013255468208,0,ver/03/02/135834_013255468208.wav
2017-03-02 14:02:58 INFO AddIdentifyResult: 19835,013255468698,-1,
2017-03-02 14:03:10 INFO AddIdentifyResult: 19835,013255468698,-3,
2017-03-02 14:04:40 INFO AddIdentifyResult: 19835,013255468698,12,
2017-03-02 14:04:47 INFO AddIdentifyResult: 19835,013255468698,10,reg/013255468698_0302140456|reg/013255468698_0302140456|reg/013255468698_
2017-03-02 14:04:47 INFO UpdateUserState: 013255468698,1
2017-03-02 14:13:57 INFO AddIdentifyResult: 19836,013255468862,-1,
2017-03-02 14:14:03 INFO AddIdentifyResult: 19836,013255468862,-3,
2017-03-02 14:16:04 INFO AddIdentifyResult: 19836,013255468862,12,
2017-03-02 14:16:12 INFO AddIdentifyResult: 19836,013255468862,10,reg/013255468862_0302141548|reg/013255468862_0302141548|reg/013255468862_
2017-03-02 14:16:12 INFO UpdateUserState: 013255468862,1
2017-03-02 14:26:52 INFO AddIdentifyResult: 19837,013255468862,-1,
2017-03-02 14:27:02 INFO AddIdentifyResult: 19837,013255468862,-3,
2017-03-02 14:27:47 INFO AddIdentifyResult: 19837,013255468862,11,reg/013255468862_|reg/013255468862_|reg/013255468862_
2017-03-02 14:31:28 INFO AddIdentifyResult: 19838,013255468326,-1,
2017-03-02 14:31:33 INFO AddIdentifyResult: 19838,013255468326,-3,
2017-03-02 14:33:07 INFO AddIdentifyResult: 19838,013255468326,12,
2017-03-02 14:33:13 INFO AddIdentifyResult: 19838,013255468326,10,reg/013255468326_0302143318|reg/013255468326_0302143318|reg/013255468326_
2017-03-02 14:33:14 INFO UpdateUserState: 013255468326,1
2017-03-02 14:34:36 INFO AddIdentifyResult: 19839,013697830596,-1,
2017-03-02 14:34:44 INFO AddIdentifyResult: 19839,013697830596,-3,
2017-03-02 14:34:45 INFO AddIdentifyResult: 19839,013697830596,11,reg/013697830596_|reg/013697830596_|reg/013697830596_
2017-03-02 14:34:52 INFO AddIdentifyResult: 19840,013697830596,-1,
2017-03-02 14:34:59 INFO AddIdentifyResult: 19840,013697830596,-3,
2017-03-02 14:38:13 INFO AddIdentifyResult: 19840,013697830596,12,
2017-03-02 14:38:20 INFO AddIdentifyResult: 19840,013697830596,10,reg/013697830596_0302143923|reg/013697830596_0302143923|reg/013697830596_0302143644
2017-03-02 14:38:20 INFO UpdateUserState: 013697830596,1
2017-03-02 14:38:26 INFO AddIdentifyResult: 19841,013255466201,-1,
2017-03-02 14:38:33 INFO AddIdentifyResult: 19841,013255466201,-3,
2017-03-02 14:39:58 INFO AddIdentifyResult: 19842,015865188622,-1,
2017-03-02 14:40:04 INFO AddIdentifyResult: 19842,015865188622,-3,
2017-03-02 14:40:30 INFO AddIdentifyResult: 19841,013255466201,12,
2017-03-02 14:40:36 INFO AddIdentifyResult: 19841,013255466201,10,reg/013255466201_0302144143|reg/013255466201_0302144143|reg/013255466201_0302144018
2017-03-02 14:40:36 INFO UpdateUserState: 013255466201,1
2017-03-02 14:41:55 INFO AddIdentifyResult: 19842,015865188622,12,
2017-03-02 14:42:02 INFO AddIdentifyResult: 19842,015865188622,10,reg/015865188622_0302144150|reg/015865188622_0302144150|reg/015865188622_
2017-03-02 14:42:02 INFO UpdateUserState: 015865188622,1
2017-03-02 14:42:05 INFO AddIdentifyResult: 19843,013255468960,-1,
2017-03-02 14:42:10 INFO AddIdentifyResult: 19843,013255468960,-3,
2017-03-02 14:43:39 INFO AddIdentifyResult: 19843,013255468960,12,
2017-03-02 14:43:45 INFO AddIdentifyResult: 19843,013255468960,10,reg/013255468960_0302144355|reg/013255468960_0302144355|reg/013255468960_
2017-03-02 14:43:46 INFO UpdateUserState: 013255468960,1
2017-03-02 14:47:42 INFO AddIdentifyResult: 19844,013255467289,-1,
2017-03-02 14:47:51 INFO AddIdentifyResult: 19844,013255467289,-3,
2017-03-02 14:49:58 INFO AddIdentifyResult: 19845,013255469796,-1,
2017-03-02 14:50:05 INFO AddIdentifyResult: 19844,013255467289,12,
2017-03-02 14:50:09 INFO AddIdentifyResult: 19845,013255469796,-3,
2017-03-02 14:50:12 INFO AddIdentifyResult: 19844,013255467289,10,reg/013255467289_0302144936|reg/013255467289_0302144936|reg/013255467289_
2017-03-02 14:50:13 INFO UpdateUserState: 013255467289,1
2017-03-02 14:50:26 INFO AddIdentifyResult: 19846,013255467289,-1,
2017-03-02 14:50:35 INFO AddIdentifyResult: 19846,013255467289,-3,
2017-03-02 14:50:44 INFO AddIdentifyResult: 19846,013255467289,1,
2017-03-02 14:50:55 INFO AddIdentifyResult: 19847,013255467289,-1,
2017-03-02 14:51:00 INFO AddIdentifyResult: 19847,013255467289,-3,
2017-03-02 14:51:03 INFO AddIdentifyResult: 19847,013255467289,1,
2017-03-02 14:51:24 INFO AddIdentifyResult: 19848,013255467289,-1,
2017-03-02 14:51:29 INFO AddIdentifyResult: 19848,013255467289,-3,
2017-03-02 14:51:39 INFO AddIdentifyResult: 19848,013255467289,1,
2017-03-02 14:51:55 INFO AddIdentifyResult: 19849,013255467289,-1,
2017-03-02 14:51:57 INFO AddIdentifyResult: 19845,013255469796,12,
2017-03-02 14:52:04 INFO AddIdentifyResult: 19845,013255469796,10,reg/013255469796_0302145312|reg/013255469796_0302145312|reg/013255469796_0302145154
2017-03-02 14:52:05 INFO UpdateUserState: 013255469796,1
2017-03-02 14:52:05 INFO AddIdentifyResult: 19849,013255467289,-3,
2017-03-02 14:52:19 INFO AddIdentifyResult: 19849,013255467289,1,
2017-03-02 14:52:25 INFO AddIdentifyResult: 19850,013255467289,-1,
2017-03-02 14:52:34 INFO AddIdentifyResult: 19850,013255467289,-3,
2017-03-02 14:53:26 INFO AddIdentifyResult: 19850,013255467289,0,ver/03/02/145420_013255467289.wav
2017-03-02 14:54:25 INFO AddIdentifyResult: 19851,018366952108,-1,
2017-03-02 14:54:32 INFO AddIdentifyResult: 19851,018366952108,-3,
2017-03-02 14:56:10 INFO AddIdentifyResult: 19851,018366952108,12,
2017-03-02 14:56:16 INFO AddIdentifyResult: 19851,018366952108,10,reg/018366952108_0302145617|reg/018366952108_0302145617|reg/018366952108_
2017-03-02 14:56:17 INFO UpdateUserState: 018366952108,1
2017-03-02 14:56:54 INFO AddIdentifyResult: 19852,0133255468987,-1,
2017-03-02 14:57:25 INFO AddIdentifyResult: 19853,013255468987,-1,
2017-03-02 14:57:32 INFO AddIdentifyResult: 19853,013255468987,-3,
2017-03-02 14:59:48 INFO AddIdentifyResult: 19853,013255468987,12,
2017-03-02 14:59:55 INFO AddIdentifyResult: 19853,013255468987,10,reg/013255468987_0302145917|reg/013255468987_0302145917|reg/013255468987_
2017-03-02 14:59:55 INFO UpdateUserState: 013255468987,1
2017-03-02 15:00:34 INFO AddIdentifyResult: 19854,013255466231,-1,
2017-03-02 15:00:42 INFO AddIdentifyResult: 19854,013255466231,-3,
2017-03-02 15:02:48 INFO AddIdentifyResult: 19854,013255466231,12,
2017-03-02 15:02:59 INFO AddIdentifyResult: 19854,013255466231,10,reg/013255466231_0302150227|reg/013255466231_0302150227|reg/013255466231_
2017-03-02 15:02:59 INFO UpdateUserState: 013255466231,1
2017-03-02 15:03:30 INFO AddIdentifyResult: 19855,013255466231,-1,
2017-03-02 15:03:37 INFO AddIdentifyResult: 19855,013255466231,-3,
2017-03-02 15:04:09 INFO AddIdentifyResult: 19856,013255469080,-1,
2017-03-02 15:04:30 INFO AddIdentifyResult: 19855,013255466231,0,ver/03/02/150523_013255466231.wav
2017-03-02 15:04:43 INFO AddIdentifyResult: 19857,013255469080,-1,
2017-03-02 15:04:52 INFO AddIdentifyResult: 19857,013255469080,-3,
2017-03-02 15:06:27 INFO AddIdentifyResult: 19857,013255469080,12,
2017-03-02 15:06:33 INFO AddIdentifyResult: 19857,013255469080,10,reg/013255469080_0302150637|reg/013255469080_0302150637|reg/013255469080_
2017-03-02 15:06:34 INFO UpdateUserState: 013255469080,1
2017-03-02 15:08:49 INFO AddIdentifyResult: 19858,013255469181,-1,
2017-03-02 15:08:57 INFO AddIdentifyResult: 19858,013255469181,-3,
2017-03-02 15:11:14 INFO AddIdentifyResult: 19858,013255469181,12,
2017-03-02 15:11:22 INFO AddIdentifyResult: 19858,013255469181,10,reg/013255469181_0302151042|reg/013255469181_0302151042|reg/013255469181_
2017-03-02 15:11:22 INFO UpdateUserState: 013255469181,1
2017-03-02 15:14:20 INFO AddIdentifyResult: 19859,013255468560,-1,
2017-03-02 15:14:26 INFO AddIdentifyResult: 19859,013255468560,-3,
2017-03-02 15:15:39 INFO AddIdentifyResult: 19859,013255468560,11,reg/013255468560_|reg/013255468560_|reg/013255468560_
2017-03-02 15:16:21 INFO AddIdentifyResult: 19860,013255468560,-1,
2017-03-02 15:16:27 INFO AddIdentifyResult: 19860,013255468560,-3,
2017-03-02 15:18:08 INFO AddIdentifyResult: 19860,013255468560,11,reg/013255468560_|reg/013255468560_|reg/013255468560_
2017-03-02 15:19:14 INFO AddIdentifyResult: 19861,013255468560,-1,
2017-03-02 15:19:30 INFO AddIdentifyResult: 19861,013255468560,-3,
2017-03-02 15:23:23 INFO AddIdentifyResult: 19861,013255468560,11,reg/013255468560_|reg/013255468560_|reg/013255468560_
2017-03-02 15:24:31 INFO AddIdentifyResult: 19862,013255468560,-1,
2017-03-02 15:24:36 INFO AddIdentifyResult: 19862,013255468560,-3,
2017-03-02 15:26:04 INFO AddIdentifyResult: 19862,013255468560,12,
2017-03-02 15:26:12 INFO AddIdentifyResult: 19862,013255468560,10,reg/013255468560_0302152622|reg/013255468560_0302152622|reg/013255468560_
2017-03-02 15:26:12 INFO UpdateUserState: 013255468560,1
2017-03-02 15:27:57 INFO AddIdentifyResult: 19863,013255469528,-1,
2017-03-02 15:28:23 INFO AddIdentifyResult: 19864,013255469528,-1,
2017-03-02 15:28:28 INFO AddIdentifyResult: 19864,013255469528,-3,
2017-03-02 15:30:14 INFO AddIdentifyResult: 19864,013255469528,12,
2017-03-02 15:30:21 INFO AddIdentifyResult: 19864,013255469528,10,reg/013255469528_0302153129|reg/013255469528_0302153129|reg/013255469528_0302153013
2017-03-02 15:30:22 INFO UpdateUserState: 013255469528,1
2017-03-02 15:31:56 INFO AddIdentifyResult: 19865,013780758136,-1,
2017-03-02 15:32:03 INFO AddIdentifyResult: 19865,013780758136,-3,
2017-03-02 15:33:44 INFO AddIdentifyResult: 19865,013780758136,12,
2017-03-02 15:33:50 INFO AddIdentifyResult: 19865,013780758136,10,reg/013780758136_0302153348|reg/013780758136_0302153348|reg/013780758136_
2017-03-02 15:33:50 INFO UpdateUserState: 013780758136,1
2017-03-02 15:36:02 INFO AddIdentifyResult: 19866,013255468630,-1,
2017-03-02 15:36:09 INFO AddIdentifyResult: 19866,013255468630,-3,
2017-03-02 15:37:53 INFO AddIdentifyResult: 19866,013255468630,12,
2017-03-02 15:38:01 INFO AddIdentifyResult: 19866,013255468630,10,reg/013255468630_0302153754|reg/013255468630_0302153754|reg/013255468630_
2017-03-02 15:38:01 INFO UpdateUserState: 013255468630,1
2017-03-02 15:38:48 INFO AddIdentifyResult: 19867,013255466301,-1,
2017-03-02 15:38:54 INFO AddIdentifyResult: 19867,013255466301,-3,
2017-03-02 15:38:58 INFO AddIdentifyResult: 19868,013255468705,-1,
2017-03-02 15:39:04 INFO AddIdentifyResult: 19868,013255468705,-3,
2017-03-02 15:40:27 INFO AddIdentifyResult: 19867,013255466301,12,
2017-03-02 15:40:34 INFO AddIdentifyResult: 19867,013255466301,10,reg/013255466301_0302154039|reg/013255466301_0302154039|reg/013255466301_
2017-03-02 15:40:34 INFO UpdateUserState: 013255466301,1
2017-03-02 15:40:43 INFO AddIdentifyResult: 19869,013255466301,-1,
2017-03-02 15:40:49 INFO AddIdentifyResult: 19869,013255466301,-3,
2017-03-02 15:40:55 INFO AddIdentifyResult: 19868,013255468705,12,
2017-03-02 15:41:02 INFO AddIdentifyResult: 19868,013255468705,10,reg/013255468705_0302154050|reg/013255468705_0302154050|reg/013255468705_
2017-03-02 15:41:03 INFO UpdateUserState: 013255468705,1
2017-03-02 15:41:41 INFO AddIdentifyResult: 19869,013255466301,1,ver/03/02/154235_013255466301.wav
2017-03-02 15:41:54 INFO AddIdentifyResult: 19870,013255466301,-1,
2017-03-02 15:41:58 INFO AddIdentifyResult: 19870,013255466301,-3,
2017-03-02 15:42:51 INFO AddIdentifyResult: 19870,013255466301,1,ver/03/02/154344_013255466301.wav
2017-03-02 15:43:10 INFO AddIdentifyResult: 19871,013255466301,-1,
2017-03-02 15:43:16 INFO AddIdentifyResult: 19871,013255466301,-3,
2017-03-02 15:44:54 INFO AddIdentifyResult: 19871,013255466301,12,
2017-03-02 15:45:01 INFO AddIdentifyResult: 19871,013255466301,10,reg/013255466301_0302154501|reg/013255466301_0302154501|reg/013255466301_
2017-03-02 15:45:02 INFO UpdateUserState: 013255466301,1
2017-03-02 15:45:14 INFO AddIdentifyResult: 19872,013255466301,-1,
2017-03-02 15:45:19 INFO AddIdentifyResult: 19872,013255466301,-3,
2017-03-02 15:45:59 INFO AddIdentifyResult: 19873,013255469136,-1,
2017-03-02 15:46:04 INFO AddIdentifyResult: 19873,013255469136,-3,
2017-03-02 15:46:11 INFO AddIdentifyResult: 19872,013255466301,0,ver/03/02/154704_013255466301.wav
2017-03-02 15:47:56 INFO AddIdentifyResult: 19874,013255466268,-1,
2017-03-02 15:48:01 INFO AddIdentifyResult: 19874,013255466268,-3,
2017-03-02 15:48:40 INFO AddIdentifyResult: 19873,013255469136,12,
2017-03-02 15:48:46 INFO AddIdentifyResult: 19873,013255469136,10,reg/013255469136_0302154939|reg/013255469136_0302154939|reg/013255469136_0302154749
2017-03-02 15:48:46 INFO UpdateUserState: 013255469136,1
2017-03-02 15:49:34 INFO AddIdentifyResult: 19875,015166261210,-1,
2017-03-02 15:49:35 INFO AddIdentifyResult: 19874,013255466268,12,
2017-03-02 15:49:41 INFO AddIdentifyResult: 19874,013255466268,10,reg/013255466268_0302155051|reg/013255466268_0302155051|reg/013255466268_0302154946
2017-03-02 15:49:41 INFO UpdateUserState: 013255466268,1
2017-03-02 15:49:52 INFO AddIdentifyResult: 19875,015166261210,-3,
2017-03-02 15:50:12 INFO AddIdentifyResult: 19876,013255466268,-1,
2017-03-02 15:50:18 INFO AddIdentifyResult: 19876,013255466268,-3,
2017-03-02 15:51:11 INFO AddIdentifyResult: 19876,013255466268,0,ver/03/02/155204_013255466268.wav
2017-03-02 15:51:49 INFO AddIdentifyResult: 19875,015166261210,12,
2017-03-02 15:51:55 INFO AddIdentifyResult: 19875,015166261210,10,reg/015166261210_0302155301|reg/015166261210_0302155301|reg/015166261210_0302155137
2017-03-02 15:51:55 INFO UpdateUserState: 015166261210,1
2017-03-02 17:20:09 INFO AddIdentifyResult: 19877,013400320538,-1,
2017-03-02 17:20:15 INFO AddIdentifyResult: 19877,013400320538,-3,
2017-03-02 17:22:11 INFO AddIdentifyResult: 19877,013400320538,12,
2017-03-02 17:22:17 INFO AddIdentifyResult: 19877,013400320538,10,reg/013400320538_0302172331|reg/013400320538_0302172331|reg/013400320538_0302172201
2017-03-02 17:22:17 INFO UpdateUserState: 013400320538,1
2017-03-02 17:22:20 INFO AddIdentifyResult: 19878,013400320538,-1,
2017-03-02 17:22:26 INFO AddIdentifyResult: 19878,013400320538,-3,
2017-03-02 17:23:18 INFO AddIdentifyResult: 19878,013400320538,0,ver/03/02/172412_013400320538.wav
2017-03-02 17:23:34 INFO AddIdentifyResult: 19879,015631252683,-1,
2017-03-02 17:23:39 INFO AddIdentifyResult: 19879,015631252683,-3,
2017-03-02 17:26:13 INFO AddIdentifyResult: 19879,015631252683,12,
2017-03-02 17:26:21 INFO AddIdentifyResult: 19879,015631252683,10,reg/015631252683_0302172722|reg/015631252683_0302172722|reg/015631252683_0302172524
2017-03-02 17:26:21 INFO UpdateUserState: 015631252683,1
2017-03-02 17:26:24 INFO AddIdentifyResult: 19880,015631252683,-1,
2017-03-02 17:26:28 INFO AddIdentifyResult: 19880,015631252683,-3,
2017-03-02 17:27:20 INFO AddIdentifyResult: 19880,015631252683,0,ver/03/02/172814_015631252683.wav
