2017-03-18 08:47:52 INFO AddIdentifyResult: 23835,013280390631,-1,
2017-03-18 08:47:57 INFO AddIdentifyResult: 23835,013280390631,-3,
2017-03-18 08:48:56 INFO AddIdentifyResult: 0,013653323557,1,
2017-03-18 08:49:30 INFO AddIdentifyResult: 23835,013280390631,12,
2017-03-18 08:49:38 INFO AddIdentifyResult: 23835,013280390631,10,reg/013280390631_0318084951|reg/013280390631_0318084951|reg/013280390631_
2017-03-18 08:49:38 INFO UpdateUserState: 013280390631,1
2017-03-18 08:50:09 INFO AddIdentifyResult: 23837,013280390631,-1,
2017-03-18 08:50:17 INFO AddIdentifyResult: 23837,013280390631,-3,
2017-03-18 08:51:08 INFO AddIdentifyResult: 23837,013280390631,0,ver/03/18/085211_013280390631.wav
2017-03-18 09:10:16 INFO AddIdentifyResult: 23838,013280397861,-1,
2017-03-18 09:10:24 INFO AddIdentifyResult: 23838,013280397861,-3,
2017-03-18 09:15:54 INFO AddIdentifyResult: 23838,013280397861,11,reg/013280397861_|reg/013280397861_|reg/013280397861_
2017-03-18 09:16:33 INFO AddIdentifyResult: 23839,013280397861,-1,
2017-03-18 09:16:41 INFO AddIdentifyResult: 23839,013280397861,-3,
2017-03-18 09:19:59 INFO AddIdentifyResult: 23839,013280397861,12,
2017-03-18 09:20:05 INFO AddIdentifyResult: 23839,013280397861,10,reg/013280397861_0318092038|reg/013280397861_0318092038|reg/013280397861_0318091835
2017-03-18 09:20:06 INFO UpdateUserState: 013280397861,1
2017-03-18 09:21:44 INFO AddIdentifyResult: 23840,013280397861,-1,
2017-03-18 09:21:52 INFO AddIdentifyResult: 23840,013280397861,-3,
2017-03-18 09:22:44 INFO AddIdentifyResult: 23840,013280397861,0,ver/03/18/092347_013280397861.wav
2017-03-18 09:31:12 INFO AddIdentifyResult: 23841,013280375651,-1,
2017-03-18 09:31:18 INFO AddIdentifyResult: 23841,013280375651,-3,
2017-03-18 09:31:31 INFO AddIdentifyResult: 23841,013280375651,11,reg/013280375651_|reg/013280375651_|reg/013280375651_
2017-03-18 09:31:37 INFO AddIdentifyResult: 23842,013280375651,-1,
2017-03-18 09:31:41 INFO AddIdentifyResult: 23842,013280375651,-3,
2017-03-18 09:33:40 INFO AddIdentifyResult: 23842,013280375651,12,
2017-03-18 09:33:47 INFO AddIdentifyResult: 23842,013280375651,10,reg/013280375651_0318093335|reg/013280375651_0318093335|reg/013280375651_
2017-03-18 09:33:47 INFO UpdateUserState: 013280375651,1
2017-03-18 10:40:10 INFO AddIdentifyResult: 23843,013280396673,-1,
2017-03-18 10:40:18 INFO AddIdentifyResult: 23843,013280396673,-3,
2017-03-18 10:42:32 INFO AddIdentifyResult: 23843,013280396673,12,
2017-03-18 10:42:38 INFO AddIdentifyResult: 23843,013280396673,10,reg/013280396673_0318104327|reg/013280396673_0318104327|reg/013280396673_0318104212
2017-03-18 10:42:39 INFO UpdateUserState: 013280396673,1
2017-03-18 10:43:34 INFO AddIdentifyResult: 23844,013280396673,-1,
2017-03-18 10:43:43 INFO AddIdentifyResult: 23844,013280396673,-3,
2017-03-18 10:44:34 INFO AddIdentifyResult: 23844,013280396673,0,ver/03/18/104538_013280396673.wav
2017-03-18 10:49:33 INFO AddIdentifyResult: 23845,013285461130,-1,
2017-03-18 10:49:43 INFO AddIdentifyResult: 23845,013285461130,-3,
2017-03-18 10:52:00 INFO AddIdentifyResult: 23845,013285461130,12,
2017-03-18 10:52:07 INFO AddIdentifyResult: 23845,013285461130,10,reg/013285461130_0318105316|reg/013285461130_0318105316|reg/013285461130_0318105138
2017-03-18 10:52:08 INFO UpdateUserState: 013285461130,1
2017-03-18 10:52:45 INFO AddIdentifyResult: 23846,013285461130,-1,
2017-03-18 10:52:53 INFO AddIdentifyResult: 23846,013285461130,-3,
2017-03-18 10:53:45 INFO AddIdentifyResult: 23846,013285461130,0,ver/03/18/105448_013285461130.wav
2017-03-18 10:56:08 INFO AddIdentifyResult: 23847,015066083021,-1,
2017-03-18 10:56:19 INFO AddIdentifyResult: 23847,015066083021,-3,
2017-03-18 10:58:47 INFO AddIdentifyResult: 23847,015066083021,12,
2017-03-18 10:58:53 INFO AddIdentifyResult: 23847,015066083021,10,reg/015066083021_0318105957|reg/015066083021_0318105957|reg/015066083021_0318105813
2017-03-18 10:58:54 INFO UpdateUserState: 015066083021,1
2017-03-18 11:14:20 INFO AddIdentifyResult: 23848,013280365379,-1,
2017-03-18 11:15:03 INFO AddIdentifyResult: 23849,013280365379,-1,
2017-03-18 11:15:16 INFO AddIdentifyResult: 23849,013280365379,-3,
2017-03-18 11:17:38 INFO AddIdentifyResult: 23849,013280365379,12,
2017-03-18 11:17:45 INFO AddIdentifyResult: 23849,013280365379,10,reg/013280365379_0318111900|reg/013280365379_0318111900|reg/013280365379_0318111711
2017-03-18 11:17:45 INFO UpdateUserState: 013280365379,1
2017-03-18 11:18:09 INFO AddIdentifyResult: 23850,013280365379,-1,
2017-03-18 11:18:24 INFO AddIdentifyResult: 23850,013280365379,-3,
2017-03-18 11:19:15 INFO AddIdentifyResult: 23850,013280365379,0,ver/03/18/112019_013280365379.wav
2017-03-18 13:49:34 INFO AddIdentifyResult: 23851,013280399225,-1,
2017-03-18 13:49:51 INFO AddIdentifyResult: 23851,013280399225,-3,
2017-03-18 13:50:29 INFO AddIdentifyResult: 23851,013280399225,11,reg/013280399225_|reg/013280399225_|reg/013280399225_
2017-03-18 13:50:38 INFO AddIdentifyResult: 23852,013280399225,-1,
2017-03-18 13:50:50 INFO AddIdentifyResult: 23852,013280399225,-3,
2017-03-18 13:52:50 INFO AddIdentifyResult: 23852,013280399225,12,
2017-03-18 13:52:58 INFO AddIdentifyResult: 23852,013280399225,10,reg/013280399225_0318135245|reg/013280399225_0318135245|reg/013280399225_
2017-03-18 13:52:58 INFO UpdateUserState: 013280399225,1
2017-03-18 14:02:34 INFO AddIdentifyResult: 23853,013280389121,-1,
2017-03-18 14:02:45 INFO AddIdentifyResult: 23853,013280389121,-3,
2017-03-18 14:05:37 INFO AddIdentifyResult: 23853,013280389121,12,
2017-03-18 14:05:44 INFO AddIdentifyResult: 23853,013280389121,10,reg/013280389121_0318140440|reg/013280389121_0318140440|reg/013280389121_
2017-03-18 14:05:45 INFO UpdateUserState: 013280389121,1
2017-03-18 14:08:21 INFO AddIdentifyResult: 23854,013854698692,-1,
2017-03-18 14:08:39 INFO AddIdentifyResult: 23854,013854698692,-3,
2017-03-18 14:11:20 INFO AddIdentifyResult: 23854,013854698692,12,
2017-03-18 14:11:29 INFO AddIdentifyResult: 23854,013854698692,10,reg/013854698692_0318141034|reg/013854698692_0318141034|reg/013854698692_
2017-03-18 14:11:29 INFO UpdateUserState: 013854698692,1
2017-03-18 14:11:59 INFO AddIdentifyResult: 23855,013280389121,-1,
2017-03-18 14:12:09 INFO AddIdentifyResult: 23855,013280389121,-3,
2017-03-18 14:13:00 INFO AddIdentifyResult: 23855,013280389121,0,ver/03/18/141404_013280389121.wav
2017-03-18 14:18:39 INFO AddIdentifyResult: 23856,013280387050,-1,
2017-03-18 14:18:49 INFO AddIdentifyResult: 23856,013280387050,-3,
2017-03-18 14:21:26 INFO AddIdentifyResult: 23856,013280387050,12,
2017-03-18 14:21:35 INFO AddIdentifyResult: 23856,013280387050,10,reg/013280387050_0318142044|reg/013280387050_0318142044|reg/013280387050_
2017-03-18 14:21:36 INFO UpdateUserState: 013280387050,1
2017-03-18 14:22:35 INFO AddIdentifyResult: 23857,013280387050,-1,
2017-03-18 14:22:42 INFO AddIdentifyResult: 23857,013280387050,-3,
2017-03-18 14:23:34 INFO AddIdentifyResult: 23857,013280387050,0,ver/03/18/142438_013280387050.wav
2017-03-18 14:29:46 INFO AddIdentifyResult: 23858,013280391136,-1,
2017-03-18 14:31:03 INFO AddIdentifyResult: 23859,013280391136,-1,
2017-03-18 14:31:11 INFO AddIdentifyResult: 23859,013280391136,-3,
2017-03-18 14:34:12 INFO AddIdentifyResult: 23859,013280391136,12,
2017-03-18 14:34:20 INFO AddIdentifyResult: 23859,013280391136,10,reg/013280391136_0318143510|reg/013280391136_0318143510|reg/013280391136_0318143306
2017-03-18 14:34:20 INFO UpdateUserState: 013280391136,1
2017-03-18 14:35:22 INFO AddIdentifyResult: 23860,013280391136,-1,
2017-03-18 14:35:29 INFO AddIdentifyResult: 23860,013280391136,-3,
2017-03-18 14:36:21 INFO AddIdentifyResult: 23860,013280391136,0,ver/03/18/143725_013280391136.wav
2017-03-18 14:46:19 INFO AddIdentifyResult: 23861,013285463101,-1,
2017-03-18 14:46:24 INFO AddIdentifyResult: 23861,013285463101,-3,
2017-03-18 14:48:02 INFO AddIdentifyResult: 23861,013285463101,12,
2017-03-18 14:48:10 INFO AddIdentifyResult: 23861,013285463101,10,reg/013285463101_0318144819|reg/013285463101_0318144819|reg/013285463101_
2017-03-18 14:48:10 INFO UpdateUserState: 013285463101,1
2017-03-18 14:48:38 INFO AddIdentifyResult: 23862,013285463101,-1,
2017-03-18 14:48:46 INFO AddIdentifyResult: 23862,013285463101,-3,
2017-03-18 14:49:38 INFO AddIdentifyResult: 23862,013285463101,0,ver/03/18/145042_013285463101.wav
2017-03-18 15:17:44 INFO AddIdentifyResult: 23863,013280369337,-1,
2017-03-18 15:18:01 INFO AddIdentifyResult: 23863,013280369337,-3,
2017-03-18 15:19:57 INFO AddIdentifyResult: 23863,013280369337,12,
2017-03-18 15:20:04 INFO AddIdentifyResult: 23863,013280369337,10,reg/013280369337_0318151956|reg/013280369337_0318151956|reg/013280369337_
2017-03-18 15:20:04 INFO UpdateUserState: 013280369337,1
2017-03-18 15:20:38 INFO AddIdentifyResult: 23864,013280369337,-1,
2017-03-18 15:20:52 INFO AddIdentifyResult: 23864,013280369337,-3,
2017-03-18 15:21:44 INFO AddIdentifyResult: 23864,013280369337,0,ver/03/18/152248_013280369337.wav
2017-03-18 15:22:59 INFO AddIdentifyResult: 23865,015263847840,-1,
2017-03-18 15:23:10 INFO AddIdentifyResult: 23865,015263847840,-3,
2017-03-18 15:25:16 INFO AddIdentifyResult: 23865,015263847840,12,
2017-03-18 15:25:22 INFO AddIdentifyResult: 23865,015263847840,10,reg/015263847840_0318152505|reg/015263847840_0318152505|reg/015263847840_
2017-03-18 15:25:23 INFO UpdateUserState: 015263847840,1
2017-03-18 15:25:48 INFO AddIdentifyResult: 23866,015263847840,-1,
2017-03-18 15:25:55 INFO AddIdentifyResult: 23866,015263847840,-3,
2017-03-18 15:26:47 INFO AddIdentifyResult: 23866,015263847840,0,ver/03/18/152751_015263847840.wav
2017-03-18 15:29:53 INFO AddIdentifyResult: 23867,013280370250,-1,
2017-03-18 15:29:58 INFO AddIdentifyResult: 23867,013280370250,-3,
2017-03-18 15:31:17 INFO AddIdentifyResult: 23868,013285462671,-1,
2017-03-18 15:31:24 INFO AddIdentifyResult: 23868,013285462671,-3,
2017-03-18 15:32:20 INFO AddIdentifyResult: 23867,013280370250,12,
2017-03-18 15:32:26 INFO AddIdentifyResult: 23867,013280370250,10,reg/013280370250_0318153346|reg/013280370250_0318153346|reg/013280370250_0318153154
2017-03-18 15:32:26 INFO UpdateUserState: 013280370250,1
2017-03-18 15:32:37 INFO AddIdentifyResult: 23869,013280370250,-1,
2017-03-18 15:32:44 INFO AddIdentifyResult: 23869,013280370250,-3,
2017-03-18 15:33:35 INFO AddIdentifyResult: 23869,013280370250,0,ver/03/18/153440_013280370250.wav
2017-03-18 15:33:47 INFO AddIdentifyResult: 23868,013285462671,12,
2017-03-18 15:33:54 INFO AddIdentifyResult: 23870,015166263717,-1,
2017-03-18 15:33:54 INFO AddIdentifyResult: 23868,013285462671,10,reg/013285462671_0318153508|reg/013285462671_0318153508|reg/013285462671_0318153320
2017-03-18 15:33:54 INFO UpdateUserState: 013285462671,1
2017-03-18 15:34:01 INFO AddIdentifyResult: 23870,015166263717,-3,
2017-03-18 15:36:25 INFO AddIdentifyResult: 23870,015166263717,12,
2017-03-18 15:36:33 INFO AddIdentifyResult: 23870,015166263717,10,reg/015166263717_0318153557|reg/015166263717_0318153557|reg/015166263717_
2017-03-18 15:36:33 INFO UpdateUserState: 015166263717,1
2017-03-18 15:36:42 INFO AddIdentifyResult: 23871,015166263717,-1,
2017-03-18 15:36:49 INFO AddIdentifyResult: 23871,015166263717,-3,
2017-03-18 15:37:41 INFO AddIdentifyResult: 23871,015166263717,0,ver/03/18/153845_015166263717.wav
2017-03-18 16:32:24 INFO AddIdentifyResult: 23872,013280375891,-1,
2017-03-18 16:32:31 INFO AddIdentifyResult: 23872,013280375891,-3,
2017-03-18 16:34:03 INFO AddIdentifyResult: 23872,013280375891,12,
2017-03-18 16:34:10 INFO AddIdentifyResult: 23872,013280375891,10,reg/013280375891_0318163426|reg/013280375891_0318163426|reg/013280375891_
2017-03-18 16:34:10 INFO UpdateUserState: 013280375891,1
2017-03-18 16:34:41 INFO AddIdentifyResult: 23873,013280375891,-1,
2017-03-18 16:34:48 INFO AddIdentifyResult: 23873,013280375891,-3,
2017-03-18 16:35:40 INFO AddIdentifyResult: 23873,013280375891,1,ver/03/18/163644_013280375891.wav
2017-03-18 16:35:56 INFO AddIdentifyResult: 23874,013280375891,-1,
2017-03-18 16:36:02 INFO AddIdentifyResult: 23874,013280375891,-3,
2017-03-18 16:36:54 INFO AddIdentifyResult: 23874,013280375891,1,ver/03/18/163758_013280375891.wav
2017-03-18 16:38:25 INFO AddIdentifyResult: 23875,013280375891,-1,
2017-03-18 16:38:41 INFO AddIdentifyResult: 23876,013280375891,-1,
2017-03-18 16:38:47 INFO AddIdentifyResult: 23876,013280375891,-3,
2017-03-18 16:39:04 INFO AddIdentifyResult: 23876,013280375891,11,reg/013280375891_|reg/013280375891_|reg/013280375891_
2017-03-18 16:39:12 INFO AddIdentifyResult: 23877,013280375891,-1,
2017-03-18 16:39:20 INFO AddIdentifyResult: 23877,013280375891,-3,
2017-03-18 16:41:24 INFO AddIdentifyResult: 23877,013280375891,12,
2017-03-18 16:41:30 INFO AddIdentifyResult: 23877,013280375891,10,reg/013280375891_0318164116|reg/013280375891_0318164116|reg/013280375891_
2017-03-18 16:41:31 INFO UpdateUserState: 013280375891,1
2017-03-18 16:41:33 INFO AddIdentifyResult: 23878,013280375891,-1,
2017-03-18 16:41:42 INFO AddIdentifyResult: 23878,013280375891,-3,
2017-03-18 16:42:34 INFO AddIdentifyResult: 23878,013280375891,0,ver/03/18/164338_013280375891.wav
2017-03-18 16:43:04 INFO AddIdentifyResult: 23879,013280378297,-1,
2017-03-18 16:43:34 INFO AddIdentifyResult: 23880,013280378297,-1,
2017-03-18 16:46:48 INFO AddIdentifyResult: 23881,013280378297,-1,
2017-03-18 16:46:56 INFO AddIdentifyResult: 23881,013280378297,-3,
2017-03-18 16:49:32 INFO AddIdentifyResult: 23881,013280378297,12,
2017-03-18 16:49:40 INFO AddIdentifyResult: 23881,013280378297,10,reg/013280378297_0318164852|reg/013280378297_0318164852|reg/013280378297_
2017-03-18 16:49:40 INFO UpdateUserState: 013280378297,1
2017-03-18 16:49:46 INFO AddIdentifyResult: 23882,013280378297,-1,
2017-03-18 16:49:51 INFO AddIdentifyResult: 23882,013280378297,-3,
2017-03-18 16:50:43 INFO AddIdentifyResult: 23882,013280378297,0,ver/03/18/165147_013280378297.wav
2017-03-18 17:16:35 INFO AddIdentifyResult: 0,013730467879,1,
2017-03-18 17:36:44 INFO AddIdentifyResult: 23884,013906473649,-1,
2017-03-18 17:36:56 INFO AddIdentifyResult: 23884,013906473649,-3,
2017-03-18 17:39:11 INFO AddIdentifyResult: 23884,013906473649,12,
2017-03-18 17:39:19 INFO AddIdentifyResult: 23884,013906473649,10,reg/013906473649_0318173851|reg/013906473649_0318173851|reg/013906473649_
2017-03-18 17:39:19 INFO UpdateUserState: 013906473649,1
2017-03-18 17:39:38 INFO AddIdentifyResult: 23885,013280365362,-1,
2017-03-18 17:39:50 INFO AddIdentifyResult: 23885,013280365362,-3,
2017-03-18 17:41:54 INFO AddIdentifyResult: 23885,013280365362,12,
2017-03-18 17:42:01 INFO AddIdentifyResult: 23885,013280365362,10,reg/013280365362_0318174146|reg/013280365362_0318174146|reg/013280365362_
2017-03-18 17:42:02 INFO UpdateUserState: 013280365362,1
2017-03-18 17:42:30 INFO AddIdentifyResult: 23886,013280365362,-1,
2017-03-18 17:42:35 INFO AddIdentifyResult: 23886,013280365362,-3,
2017-03-18 17:43:27 INFO AddIdentifyResult: 23886,013280365362,0,ver/03/18/174431_013280365362.wav
