2017-02-27 08:36:46 INFO AddIdentifyResult: 18762,015971549715,-1,
2017-02-27 08:36:57 INFO AddIdentifyResult: 18762,015971549715,-3,
2017-02-27 08:38:43 INFO AddIdentifyResult: 18762,015971549715,12,
2017-02-27 08:38:51 INFO AddIdentifyResult: 18762,015971549715,10,reg/015971549715_0227083928|reg/015971549715_0227083928|reg/015971549715_
2017-02-27 08:38:51 INFO UpdateUserState: 015971549715,1
2017-02-27 08:39:10 INFO AddIdentifyResult: 18763,015971549715,-1,
2017-02-27 08:39:19 INFO AddIdentifyResult: 18763,015971549715,-3,
2017-02-27 08:40:12 INFO AddIdentifyResult: 18763,015971549715,0,ver/02/27/084151_015971549715.wav
2017-02-27 08:41:53 INFO AddIdentifyResult: 18764,015671763917,-1,
2017-02-27 08:42:04 INFO AddIdentifyResult: 18764,015671763917,-3,
2017-02-27 08:43:45 INFO AddIdentifyResult: 18764,015671763917,12,
2017-02-27 08:43:51 INFO AddIdentifyResult: 18764,015671763917,10,reg/015671763917_0227084435|reg/015671763917_0227084435|reg/015671763917_
2017-02-27 08:43:52 INFO UpdateUserState: 015671763917,1
2017-02-27 08:44:09 INFO AddIdentifyResult: 18765,015671763917,-1,
2017-02-27 08:44:19 INFO AddIdentifyResult: 18765,015671763917,-3,
2017-02-27 08:45:11 INFO AddIdentifyResult: 18765,015671763917,0,ver/02/27/084651_015671763917.wav
2017-02-27 09:07:20 INFO AddIdentifyResult: 18766,013255462985,-1,
2017-02-27 09:07:38 INFO AddIdentifyResult: 18766,013255462985,-3,
2017-02-27 09:09:32 INFO AddIdentifyResult: 18766,013255462985,12,
2017-02-27 09:09:39 INFO AddIdentifyResult: 18766,013255462985,10,reg/013255462985_0227091009|reg/013255462985_0227091009|reg/013255462985_
2017-02-27 09:09:39 INFO UpdateUserState: 013255462985,1
2017-02-27 09:09:47 INFO AddIdentifyResult: 18767,013597665340,-1,
2017-02-27 09:09:59 INFO AddIdentifyResult: 18767,013597665340,-3,
2017-02-27 09:10:30 INFO AddIdentifyResult: 18768,018254655989,-1,
2017-02-27 09:10:42 INFO AddIdentifyResult: 18768,018254655989,-3,
2017-02-27 09:12:17 INFO AddIdentifyResult: 18767,013597665340,12,
2017-02-27 09:12:24 INFO AddIdentifyResult: 18767,013597665340,10,reg/013597665340_0227091416|reg/013597665340_0227091416|reg/013597665340_0227091230
2017-02-27 09:12:24 INFO UpdateUserState: 013597665340,1
2017-02-27 09:12:30 INFO AddIdentifyResult: 18768,018254655989,12,
2017-02-27 09:12:37 INFO AddIdentifyResult: 18768,018254655989,10,reg/018254655989_0227091313|reg/018254655989_0227091313|reg/018254655989_
2017-02-27 09:12:37 INFO UpdateUserState: 018254655989,1
2017-02-27 09:13:12 INFO AddIdentifyResult: 18769,013597665340,-1,
2017-02-27 09:13:19 INFO AddIdentifyResult: 18769,013597665340,-3,
2017-02-27 09:14:11 INFO AddIdentifyResult: 18769,013597665340,0,ver/02/27/091551_013597665340.wav
2017-02-27 09:18:38 INFO AddIdentifyResult: 18770,015671759067,-1,
2017-02-27 09:18:43 INFO AddIdentifyResult: 18771,013287306138,-1,
2017-02-27 09:18:49 INFO AddIdentifyResult: 18771,013287306138,-3,
2017-02-27 09:19:08 INFO AddIdentifyResult: 18770,015671759067,-3,
2017-02-27 09:19:23 INFO AddIdentifyResult: 18770,015671759067,11,reg/015671759067_|reg/015671759067_|reg/015671759067_
2017-02-27 09:20:13 INFO AddIdentifyResult: 18772,013255628920,-1,
2017-02-27 09:20:19 INFO AddIdentifyResult: 18772,013255628920,-3,
2017-02-27 09:20:31 INFO AddIdentifyResult: 18771,013287306138,12,
2017-02-27 09:20:37 INFO AddIdentifyResult: 18771,013287306138,10,reg/013287306138_0227092121|reg/013287306138_0227092121|reg/013287306138_
2017-02-27 09:20:38 INFO UpdateUserState: 013287306138,1
2017-02-27 09:21:16 INFO AddIdentifyResult: 18773,015671759607,-1,
2017-02-27 09:21:22 INFO AddIdentifyResult: 18774,013287306138,-1,
2017-02-27 09:21:29 INFO AddIdentifyResult: 18774,013287306138,-3,
2017-02-27 09:21:51 INFO AddIdentifyResult: 18772,013255628920,12,
2017-02-27 09:21:52 INFO AddIdentifyResult: 18775,015671759607,-1,
2017-02-27 09:21:57 INFO AddIdentifyResult: 18772,013255628920,10,reg/013255628920_0227092250|reg/013255628920_0227092250|reg/013255628920_
2017-02-27 09:21:58 INFO UpdateUserState: 013255628920,1
2017-02-27 09:22:00 INFO AddIdentifyResult: 18775,015671759607,-3,
2017-02-27 09:22:21 INFO AddIdentifyResult: 18774,013287306138,0,ver/02/27/092401_013287306138.wav
2017-02-27 09:22:33 INFO AddIdentifyResult: 18776,013385464158,-1,
2017-02-27 09:22:42 INFO AddIdentifyResult: 18776,013385464158,-3,
2017-02-27 09:23:45 INFO AddIdentifyResult: 18775,015671759607,12,
2017-02-27 09:23:51 INFO AddIdentifyResult: 18775,015671759607,10,reg/015671759607_0227092431|reg/015671759607_0227092431|reg/015671759607_
2017-02-27 09:23:52 INFO UpdateUserState: 015671759607,1
2017-02-27 09:24:02 INFO AddIdentifyResult: 18777,015671759607,-1,
2017-02-27 09:24:08 INFO AddIdentifyResult: 18777,015671759607,-3,
2017-02-27 09:24:14 INFO AddIdentifyResult: 18776,013385464158,12,
2017-02-27 09:24:21 INFO AddIdentifyResult: 18776,013385464158,10,reg/013385464158_0227092513|reg/013385464158_0227092513|reg/013385464158_
2017-02-27 09:24:21 INFO UpdateUserState: 013385464158,1
2017-02-27 09:25:00 INFO AddIdentifyResult: 18777,015671759607,0,ver/02/27/092640_015671759607.wav
2017-02-27 09:28:58 INFO AddIdentifyResult: 18778,015629392117,-1,
2017-02-27 09:29:07 INFO AddIdentifyResult: 18778,015629392117,-3,
2017-02-27 09:30:58 INFO AddIdentifyResult: 18778,015629392117,12,
2017-02-27 09:31:05 INFO AddIdentifyResult: 18778,015629392117,10,reg/015629392117_0227093139|reg/015629392117_0227093139|reg/015629392117_
2017-02-27 09:31:05 INFO UpdateUserState: 015629392117,1
2017-02-27 09:31:24 INFO AddIdentifyResult: 18779,015629392117,-1,
2017-02-27 09:31:36 INFO AddIdentifyResult: 18779,015629392117,-3,
2017-02-27 09:32:23 INFO AddIdentifyResult: 18780,013210356572,-1,
2017-02-27 09:32:28 INFO AddIdentifyResult: 18779,015629392117,0,ver/02/27/093408_015629392117.wav
2017-02-27 09:32:30 INFO AddIdentifyResult: 18780,013210356572,-3,
2017-02-27 09:34:23 INFO AddIdentifyResult: 18780,013210356572,12,
2017-02-27 09:34:30 INFO AddIdentifyResult: 18780,013210356572,10,reg/013210356572_0227093619|reg/013210356572_0227093619|reg/013210356572_0227093502
2017-02-27 09:34:31 INFO UpdateUserState: 013210356572,1
2017-02-27 09:36:35 INFO AddIdentifyResult: 18781,013210359731,-1,
2017-02-27 09:36:41 INFO AddIdentifyResult: 18781,013210359731,-3,
2017-02-27 09:38:14 INFO AddIdentifyResult: 18781,013210359731,12,
2017-02-27 09:38:20 INFO AddIdentifyResult: 18781,013210359731,10,reg/013210359731_0227093912|reg/013210359731_0227093912|reg/013210359731_
2017-02-27 09:38:21 INFO UpdateUserState: 013210359731,1
2017-02-27 09:38:35 INFO AddIdentifyResult: 18782,015671223157,-1,
2017-02-27 09:38:43 INFO AddIdentifyResult: 18782,015671223157,-3,
2017-02-27 09:40:24 INFO AddIdentifyResult: 18782,015671223157,12,
2017-02-27 09:40:32 INFO AddIdentifyResult: 18782,015671223157,10,reg/015671223157_0227094114|reg/015671223157_0227094114|reg/015671223157_
2017-02-27 09:40:32 INFO UpdateUserState: 015671223157,1
2017-02-27 09:40:50 INFO AddIdentifyResult: 18783,015671223157,-1,
2017-02-27 09:40:57 INFO AddIdentifyResult: 18783,015671223157,-3,
2017-02-27 09:41:50 INFO AddIdentifyResult: 18783,015671223157,0,ver/02/27/094329_015671223157.wav
2017-02-27 09:44:10 INFO AddIdentifyResult: 18784,015671755301,-1,
2017-02-27 09:44:22 INFO AddIdentifyResult: 18785,015671755301,-1,
2017-02-27 09:44:29 INFO AddIdentifyResult: 18785,015671755301,-3,
2017-02-27 09:44:47 INFO AddIdentifyResult: 18786,013210366860,-1,
2017-02-27 09:44:53 INFO AddIdentifyResult: 18786,013210366860,-3,
2017-02-27 09:46:03 INFO AddIdentifyResult: 18785,015671755301,12,
2017-02-27 09:46:10 INFO AddIdentifyResult: 18785,015671755301,10,reg/015671755301_0227094700|reg/015671755301_0227094700|reg/015671755301_
2017-02-27 09:46:10 INFO UpdateUserState: 015671755301,1
2017-02-27 09:46:23 INFO AddIdentifyResult: 18787,015671755301,-1,
2017-02-27 09:46:31 INFO AddIdentifyResult: 18787,015671755301,-3,
2017-02-27 09:46:55 INFO AddIdentifyResult: 18786,013210366860,12,
2017-02-27 09:47:02 INFO AddIdentifyResult: 18786,013210366860,10,reg/013210366860_0227094847|reg/013210366860_0227094847|reg/013210366860_0227094724
2017-02-27 09:47:02 INFO UpdateUserState: 013210366860,1
2017-02-27 09:47:05 INFO AddIdentifyResult: 18788,015630255779,-1,
2017-02-27 09:47:10 INFO AddIdentifyResult: 18788,015630255779,-3,
2017-02-27 09:47:22 INFO AddIdentifyResult: 18787,015671755301,0,ver/02/27/094902_015671755301.wav
2017-02-27 09:47:34 INFO AddIdentifyResult: 18789,013563372461,-1,
2017-02-27 09:47:45 INFO AddIdentifyResult: 18789,013563372461,-3,
2017-02-27 09:48:42 INFO AddIdentifyResult: 18788,015630255779,12,
2017-02-27 09:48:49 INFO AddIdentifyResult: 18788,015630255779,10,reg/015630255779_0227094942|reg/015630255779_0227094942|reg/015630255779_
2017-02-27 09:48:49 INFO UpdateUserState: 015630255779,1
2017-02-27 09:48:51 INFO AddIdentifyResult: 18790,015630255779,-1,
2017-02-27 09:48:53 INFO AddIdentifyResult: 18791,015671756372,-1,
2017-02-27 09:49:00 INFO AddIdentifyResult: 18790,015630255779,-3,
2017-02-27 09:49:02 INFO AddIdentifyResult: 18791,015671756372,-3,
2017-02-27 09:49:14 INFO AddIdentifyResult: 18792,015572887477,-1,
2017-02-27 09:49:30 INFO AddIdentifyResult: 18792,015572887477,-3,
2017-02-27 09:49:32 INFO AddIdentifyResult: 18789,013563372461,12,
2017-02-27 09:49:39 INFO AddIdentifyResult: 18789,013563372461,10,reg/013563372461_0227095132|reg/013563372461_0227095132|reg/013563372461_0227095017
2017-02-27 09:49:39 INFO UpdateUserState: 013563372461,1
2017-02-27 09:49:53 INFO AddIdentifyResult: 18790,015630255779,0,ver/02/27/095132_015630255779.wav
2017-02-27 09:50:43 INFO AddIdentifyResult: 18791,015671756372,12,
2017-02-27 09:50:50 INFO AddIdentifyResult: 18791,015671756372,10,reg/015671756372_0227095133|reg/015671756372_0227095133|reg/015671756372_
2017-02-27 09:50:50 INFO UpdateUserState: 015671756372,1
2017-02-27 09:50:55 INFO AddIdentifyResult: 18793,015671756372,-1,
2017-02-27 09:51:03 INFO AddIdentifyResult: 18793,015671756372,-3,
2017-02-27 09:51:22 INFO AddIdentifyResult: 18794,013245462870,-1,
2017-02-27 09:51:26 INFO AddIdentifyResult: 18794,013245462870,-3,
2017-02-27 09:51:31 INFO AddIdentifyResult: 18792,015572887477,12,
2017-02-27 09:51:38 INFO AddIdentifyResult: 18792,015572887477,10,reg/015572887477_0227095331|reg/015572887477_0227095331|reg/015572887477_0227095201
2017-02-27 09:51:38 INFO UpdateUserState: 015572887477,1
2017-02-27 09:51:47 INFO AddIdentifyResult: 18795,015572887477,-1,
2017-02-27 09:51:54 INFO AddIdentifyResult: 18793,015671756372,0,ver/02/27/095334_015671756372.wav
2017-02-27 09:51:55 INFO AddIdentifyResult: 18795,015572887477,-3,
2017-02-27 09:52:47 INFO AddIdentifyResult: 18795,015572887477,0,ver/02/27/095427_015572887477.wav
2017-02-27 09:53:16 INFO AddIdentifyResult: 18794,013245462870,12,
2017-02-27 09:53:23 INFO AddIdentifyResult: 18794,013245462870,10,reg/013245462870_0227095513|reg/013245462870_0227095513|reg/013245462870_0227095358
2017-02-27 09:53:23 INFO UpdateUserState: 013245462870,1
2017-02-27 09:55:04 INFO AddIdentifyResult: 18796,013665464130,-1,
2017-02-27 09:55:11 INFO AddIdentifyResult: 18796,013665464130,-3,
2017-02-27 09:56:46 INFO AddIdentifyResult: 18796,013665464130,12,
2017-02-27 09:56:53 INFO AddIdentifyResult: 18796,013665464130,10,reg/013665464130_0227095742|reg/013665464130_0227095742|reg/013665464130_
2017-02-27 09:56:53 INFO UpdateUserState: 013665464130,1
2017-02-27 09:59:14 INFO AddIdentifyResult: 18797,015671755692,-1,
2017-02-27 09:59:21 INFO AddIdentifyResult: 18797,015671755692,-3,
2017-02-27 10:00:35 INFO AddIdentifyResult: 18798,013280355991,-1,
2017-02-27 10:00:41 INFO AddIdentifyResult: 18798,013280355991,-3,
2017-02-27 10:01:19 INFO AddIdentifyResult: 18797,015671755692,12,
2017-02-27 10:01:25 INFO AddIdentifyResult: 18797,015671755692,10,reg/015671755692_0227100325|reg/015671755692_0227100325|reg/015671755692_0227100152
2017-02-27 10:01:25 INFO UpdateUserState: 015671755692,1
2017-02-27 10:01:34 INFO AddIdentifyResult: 18799,015671755692,-1,
2017-02-27 10:01:45 INFO AddIdentifyResult: 18799,015671755692,-3,
2017-02-27 10:02:37 INFO AddIdentifyResult: 18799,015671755692,0,ver/02/27/100417_015671755692.wav
2017-02-27 10:02:41 INFO AddIdentifyResult: 18798,013280355991,12,
2017-02-27 10:02:47 INFO AddIdentifyResult: 18798,013280355991,10,reg/013280355991_0227100312|reg/013280355991_0227100312|reg/013280355991_
2017-02-27 10:02:47 INFO UpdateUserState: 013280355991,1
2017-02-27 10:03:13 INFO AddIdentifyResult: 18800,013280355991,-1,
2017-02-27 10:03:19 INFO AddIdentifyResult: 18800,013280355991,-3,
2017-02-27 10:04:10 INFO AddIdentifyResult: 18800,013280355991,0,ver/02/27/100550_013280355991.wav
2017-02-27 10:04:30 INFO AddIdentifyResult: 18801,015671768927,-1,
2017-02-27 10:04:46 INFO AddIdentifyResult: 18801,015671768927,-3,
2017-02-27 10:05:15 INFO AddIdentifyResult: 18801,015671768927,11,reg/015671768927_|reg/015671768927_|reg/015671768927_
2017-02-27 10:05:33 INFO AddIdentifyResult: 18802,015720194155,-1,
2017-02-27 10:05:41 INFO AddIdentifyResult: 18802,015720194155,-3,
2017-02-27 10:05:47 INFO AddIdentifyResult: 18803,015671768927,-1,
2017-02-27 10:05:58 INFO AddIdentifyResult: 18803,015671768927,-3,
2017-02-27 10:07:16 INFO AddIdentifyResult: 18802,015720194155,12,
2017-02-27 10:07:23 INFO AddIdentifyResult: 18802,015720194155,10,reg/015720194155_0227100812|reg/015720194155_0227100812|reg/015720194155_
2017-02-27 10:07:23 INFO UpdateUserState: 015720194155,1
2017-02-27 10:07:30 INFO AddIdentifyResult: 18804,015720194155,-1,
2017-02-27 10:07:38 INFO AddIdentifyResult: 18804,015720194155,-3,
2017-02-27 10:08:12 INFO AddIdentifyResult: 18803,015671768927,12,
2017-02-27 10:08:19 INFO AddIdentifyResult: 18803,015671768927,10,reg/015671768927_0227101021|reg/015671768927_0227101021|reg/015671768927_0227100829
2017-02-27 10:08:19 INFO UpdateUserState: 015671768927,1
2017-02-27 10:08:30 INFO AddIdentifyResult: 18805,015671768927,-1,
2017-02-27 10:08:30 INFO AddIdentifyResult: 18804,015720194155,0,ver/02/27/101010_015720194155.wav
2017-02-27 10:08:43 INFO AddIdentifyResult: 18805,015671768927,-3,
2017-02-27 10:09:26 INFO AddIdentifyResult: 18806,013285466971,-1,
2017-02-27 10:09:33 INFO AddIdentifyResult: 18806,013285466971,-3,
2017-02-27 10:09:35 INFO AddIdentifyResult: 18805,015671768927,0,ver/02/27/101115_015671768927.wav
2017-02-27 10:10:03 INFO AddIdentifyResult: 18807,015690216563,-1,
2017-02-27 10:10:09 INFO AddIdentifyResult: 18807,015690216563,-3,
2017-02-27 10:12:01 INFO AddIdentifyResult: 18807,015690216563,12,
2017-02-27 10:12:08 INFO AddIdentifyResult: 18807,015690216563,10,reg/015690216563_0227101241|reg/015690216563_0227101241|reg/015690216563_
2017-02-27 10:12:08 INFO UpdateUserState: 015690216563,1
2017-02-27 10:12:12 INFO AddIdentifyResult: 18808,015690216563,-1,
2017-02-27 10:12:14 INFO AddIdentifyResult: 18806,013285466971,12,
2017-02-27 10:12:19 INFO AddIdentifyResult: 18808,015690216563,-3,
2017-02-27 10:12:20 INFO AddIdentifyResult: 18806,013285466971,10,reg/013285466971_0227101413|reg/013285466971_0227101413|reg/013285466971_0227101204
2017-02-27 10:12:21 INFO UpdateUserState: 013285466971,1
2017-02-27 10:12:50 INFO AddIdentifyResult: 18809,018062913587,-1,
2017-02-27 10:12:53 INFO AddIdentifyResult: 18810,013285466971,-1,
2017-02-27 10:12:59 INFO AddIdentifyResult: 18810,013285466971,-3,
2017-02-27 10:13:10 INFO AddIdentifyResult: 18808,015690216563,0,ver/02/27/101450_015690216563.wav
2017-02-27 10:13:14 INFO AddIdentifyResult: 18809,018062913587,-3,
2017-02-27 10:13:50 INFO AddIdentifyResult: 18810,013285466971,0,ver/02/27/101531_013285466971.wav
2017-02-27 10:14:49 INFO AddIdentifyResult: 18809,018062913587,12,
2017-02-27 10:14:56 INFO AddIdentifyResult: 18809,018062913587,10,reg/018062913587_0227101545|reg/018062913587_0227101545|reg/018062913587_
2017-02-27 10:14:56 INFO UpdateUserState: 018062913587,1
2017-02-27 10:15:08 INFO AddIdentifyResult: 18811,018062913587,-1,
2017-02-27 10:15:23 INFO AddIdentifyResult: 18811,018062913587,-3,
2017-02-27 10:16:16 INFO AddIdentifyResult: 18811,018062913587,0,ver/02/27/101755_018062913587.wav
2017-02-27 10:20:07 INFO AddIdentifyResult: 18812,013503364514,-1,
2017-02-27 10:20:15 INFO AddIdentifyResult: 18812,013503364514,-3,
2017-02-27 10:21:41 INFO AddIdentifyResult: 18812,013503364514,12,
2017-02-27 10:21:47 INFO AddIdentifyResult: 18812,013503364514,10,reg/013503364514_0227102246|reg/013503364514_0227102246|reg/013503364514_
2017-02-27 10:21:48 INFO UpdateUserState: 013503364514,1
2017-02-27 10:21:55 INFO AddIdentifyResult: 18813,013503364514,-1,
2017-02-27 10:22:01 INFO AddIdentifyResult: 18813,013503364514,-3,
2017-02-27 10:22:53 INFO AddIdentifyResult: 18813,013503364514,0,ver/02/27/102433_013503364514.wav
2017-02-27 10:24:26 INFO AddIdentifyResult: 18814,015003321467,-1,
2017-02-27 10:24:32 INFO AddIdentifyResult: 18814,015003321467,-3,
2017-02-27 10:26:05 INFO AddIdentifyResult: 18814,015003321467,12,
2017-02-27 10:26:12 INFO AddIdentifyResult: 18814,015003321467,10,reg/015003321467_0227102704|reg/015003321467_0227102704|reg/015003321467_
2017-02-27 10:26:12 INFO UpdateUserState: 015003321467,1
2017-02-27 10:26:19 INFO AddIdentifyResult: 18815,015003321467,-1,
2017-02-27 10:26:25 INFO AddIdentifyResult: 18815,015003321467,-3,
2017-02-27 10:26:58 INFO AddIdentifyResult: 18816,013255463812,-1,
2017-02-27 10:27:04 INFO AddIdentifyResult: 18816,013255463812,-3,
2017-02-27 10:27:17 INFO AddIdentifyResult: 18815,015003321467,0,ver/02/27/102857_015003321467.wav
2017-02-27 10:29:01 INFO AddIdentifyResult: 18816,013255463812,12,
2017-02-27 10:29:07 INFO AddIdentifyResult: 18816,013255463812,10,reg/013255463812_0227103107|reg/013255463812_0227103107|reg/013255463812_0227102935
2017-02-27 10:29:08 INFO UpdateUserState: 013255463812,1
2017-02-27 10:29:32 INFO AddIdentifyResult: 18817,015954642908,-1,
2017-02-27 10:29:40 INFO AddIdentifyResult: 18817,015954642908,-3,
2017-02-27 10:30:13 INFO AddIdentifyResult: 18818,013280393163,-1,
2017-02-27 10:30:21 INFO AddIdentifyResult: 18818,013280393163,-3,
2017-02-27 10:30:54 INFO AddIdentifyResult: 18819,015572881420,-1,
2017-02-27 10:31:08 INFO AddIdentifyResult: 18819,015572881420,-3,
2017-02-27 10:31:22 INFO AddIdentifyResult: 18820,015630253129,-1,
2017-02-27 10:31:26 INFO AddIdentifyResult: 18820,015630253129,-3,
2017-02-27 10:31:34 INFO AddIdentifyResult: 18817,015954642908,12,
2017-02-27 10:31:40 INFO AddIdentifyResult: 18817,015954642908,10,reg/015954642908_0227103211|reg/015954642908_0227103211|reg/015954642908_
2017-02-27 10:31:40 INFO UpdateUserState: 015954642908,1
2017-02-27 10:32:12 INFO AddIdentifyResult: 18818,013280393163,12,
2017-02-27 10:32:18 INFO AddIdentifyResult: 18818,013280393163,10,reg/013280393163_0227103253|reg/013280393163_0227103253|reg/013280393163_
2017-02-27 10:32:18 INFO UpdateUserState: 013280393163,1
2017-02-27 10:32:43 INFO AddIdentifyResult: 18819,015572881420,11,reg/015572881420_|reg/015572881420_|reg/015572881420_
2017-02-27 10:32:44 INFO AddIdentifyResult: 18821,013280393163,-1,
2017-02-27 10:32:50 INFO AddIdentifyResult: 18821,013280393163,-3,
2017-02-27 10:32:53 INFO AddIdentifyResult: 18820,015630253129,12,
2017-02-27 10:32:59 INFO AddIdentifyResult: 18822,015572881420,-1,
2017-02-27 10:33:00 INFO AddIdentifyResult: 18820,015630253129,10,reg/015630253129_0227103357|reg/015630253129_0227103357|reg/015630253129_
2017-02-27 10:33:00 INFO UpdateUserState: 015630253129,1
2017-02-27 10:33:04 INFO AddIdentifyResult: 18823,015630253129,-1,
2017-02-27 10:33:15 INFO AddIdentifyResult: 18824,015630253129,-1,
2017-02-27 10:33:17 INFO AddIdentifyResult: 18822,015572881420,-3,
2017-02-27 10:33:20 INFO AddIdentifyResult: 18824,015630253129,-3,
2017-02-27 10:33:42 INFO AddIdentifyResult: 18821,013280393163,0,ver/02/27/103522_013280393163.wav
2017-02-27 10:34:12 INFO AddIdentifyResult: 18824,015630253129,0,ver/02/27/103552_015630253129.wav
2017-02-27 10:34:53 INFO AddIdentifyResult: 18822,015572881420,12,
2017-02-27 10:35:00 INFO AddIdentifyResult: 18822,015572881420,10,reg/015572881420_0227103548|reg/015572881420_0227103548|reg/015572881420_
2017-02-27 10:35:01 INFO UpdateUserState: 015572881420,1
2017-02-27 10:35:02 INFO AddIdentifyResult: 18825,013455460429,-1,
2017-02-27 10:35:07 INFO AddIdentifyResult: 18826,015572881420,-1,
2017-02-27 10:35:12 INFO AddIdentifyResult: 18825,013455460429,-3,
2017-02-27 10:35:15 INFO AddIdentifyResult: 18827,015633757702,-1,
2017-02-27 10:35:16 INFO AddIdentifyResult: 18826,015572881420,-3,
2017-02-27 10:35:21 INFO AddIdentifyResult: 18827,015633757702,-3,
2017-02-27 10:36:09 INFO AddIdentifyResult: 18826,015572881420,0,ver/02/27/103748_015572881420.wav
2017-02-27 10:37:32 INFO AddIdentifyResult: 18825,013455460429,12,
2017-02-27 10:37:40 INFO AddIdentifyResult: 18825,013455460429,10,reg/013455460429_0227103901|reg/013455460429_0227103901|reg/013455460429_0227103743
2017-02-27 10:37:41 INFO UpdateUserState: 013455460429,1
2017-02-27 10:38:00 INFO AddIdentifyResult: 18828,013455460429,-1,
2017-02-27 10:38:21 INFO AddIdentifyResult: 18828,013455460429,-3,
2017-02-27 10:38:44 INFO AddIdentifyResult: 18827,015633757702,12,
2017-02-27 10:38:51 INFO AddIdentifyResult: 18827,015633757702,10,reg/015633757702_0227104021|reg/015633757702_0227104021|reg/015633757702_0227103752
2017-02-27 10:38:51 INFO UpdateUserState: 015633757702,1
2017-02-27 10:39:01 INFO AddIdentifyResult: 18829,015633757702,-1,
2017-02-27 10:39:10 INFO AddIdentifyResult: 18829,015633757702,-3,
2017-02-27 10:39:12 INFO AddIdentifyResult: 18828,013455460429,0,ver/02/27/104053_013455460429.wav
2017-02-27 10:40:32 INFO AddIdentifyResult: 18829,015633757702,0,ver/02/27/104229_015633757702.wav
2017-02-27 10:41:15 INFO AddIdentifyResult: 18830,015671768513,-1,
2017-02-27 10:41:21 INFO AddIdentifyResult: 18830,015671768513,-3,
2017-02-27 10:43:18 INFO AddIdentifyResult: 18830,015671768513,12,
2017-02-27 10:43:24 INFO AddIdentifyResult: 18830,015671768513,10,reg/015671768513_0227104529|reg/015671768513_0227104529|reg/015671768513_0227104353
2017-02-27 10:43:24 INFO UpdateUserState: 015671768513,1
2017-02-27 10:43:37 INFO AddIdentifyResult: 18831,015671768513,-1,
2017-02-27 10:43:43 INFO AddIdentifyResult: 18831,015671768513,-3,
2017-02-27 10:44:35 INFO AddIdentifyResult: 18831,015671768513,0,ver/02/27/104615_015671768513.wav
2017-02-27 10:46:43 INFO AddIdentifyResult: 18832,015697231239,-1,
2017-02-27 10:47:34 INFO AddIdentifyResult: 18833,015697231239,-1,
2017-02-27 10:47:37 INFO AddIdentifyResult: 18834,015630213723,-1,
2017-02-27 10:47:41 INFO AddIdentifyResult: 18833,015697231239,-3,
2017-02-27 10:47:53 INFO AddIdentifyResult: 18834,015630213723,-3,
2017-02-27 10:49:29 INFO AddIdentifyResult: 18834,015630213723,12,
2017-02-27 10:49:36 INFO AddIdentifyResult: 18834,015630213723,10,reg/015630213723_0227105024|reg/015630213723_0227105024|reg/015630213723_
2017-02-27 10:49:36 INFO UpdateUserState: 015630213723,1
2017-02-27 10:49:42 INFO AddIdentifyResult: 18833,015697231239,12,
2017-02-27 10:49:45 INFO AddIdentifyResult: 18835,015630213723,-1,
2017-02-27 10:49:49 INFO AddIdentifyResult: 18833,015697231239,10,reg/015697231239_0227105151|reg/015697231239_0227105151|reg/015697231239_0227105012
2017-02-27 10:49:49 INFO UpdateUserState: 015697231239,1
2017-02-27 10:49:50 INFO AddIdentifyResult: 18835,015630213723,-3,
2017-02-27 10:50:11 INFO AddIdentifyResult: 18836,015697231239,-1,
2017-02-27 10:50:19 INFO AddIdentifyResult: 18836,015697231239,-3,
2017-02-27 10:50:42 INFO AddIdentifyResult: 18835,015630213723,0,ver/02/27/105222_015630213723.wav
2017-02-27 10:51:11 INFO AddIdentifyResult: 18836,015697231239,1,ver/02/27/105251_015697231239.wav
2017-02-27 10:51:55 INFO AddIdentifyResult: 18837,015697231239,-1,
2017-02-27 10:52:03 INFO AddIdentifyResult: 18837,015697231239,-3,
2017-02-27 10:53:49 INFO AddIdentifyResult: 18837,015697231239,12,
2017-02-27 10:53:56 INFO AddIdentifyResult: 18837,015697231239,10,reg/015697231239_0227105435|reg/015697231239_0227105435|reg/015697231239_
2017-02-27 10:53:56 INFO UpdateUserState: 015697231239,1
2017-02-27 10:54:15 INFO AddIdentifyResult: 18838,015697231239,-1,
2017-02-27 10:54:26 INFO AddIdentifyResult: 18838,015697231239,-3,
2017-02-27 10:55:18 INFO AddIdentifyResult: 18838,015697231239,0,ver/02/27/105658_015697231239.wav
2017-02-27 10:59:25 INFO AddIdentifyResult: 18839,013210380207,-1,
2017-02-27 10:59:31 INFO AddIdentifyResult: 18839,013210380207,-3,
2017-02-27 11:00:01 INFO AddIdentifyResult: 18839,013210380207,11,reg/013210380207_|reg/013210380207_|reg/013210380207_
2017-02-27 11:00:11 INFO AddIdentifyResult: 18840,013210380207,-1,
2017-02-27 11:00:18 INFO AddIdentifyResult: 18840,013210380207,-3,
2017-02-27 11:00:39 INFO AddIdentifyResult: 18840,013210380207,11,reg/013210380207_|reg/013210380207_|reg/013210380207_
2017-02-27 11:01:03 INFO AddIdentifyResult: 18841,015572880478,-1,
2017-02-27 11:01:09 INFO AddIdentifyResult: 18842,013210380207,-1,
2017-02-27 11:01:13 INFO AddIdentifyResult: 18841,015572880478,-3,
2017-02-27 11:01:14 INFO AddIdentifyResult: 18842,013210380207,-3,
2017-02-27 11:03:16 INFO AddIdentifyResult: 18842,013210380207,12,
2017-02-27 11:03:23 INFO AddIdentifyResult: 18842,013210380207,10,reg/013210380207_0227110509|reg/013210380207_0227110509|reg/013210380207_0227110346
2017-02-27 11:03:23 INFO UpdateUserState: 013210380207,1
2017-02-27 11:03:43 INFO AddIdentifyResult: 18843,013280365079,-1,
2017-02-27 11:03:44 INFO AddIdentifyResult: 18841,015572880478,12,
2017-02-27 11:03:49 INFO AddIdentifyResult: 18843,013280365079,-3,
2017-02-27 11:03:54 INFO AddIdentifyResult: 18841,015572880478,10,reg/015572880478_0227110345|reg/015572880478_0227110345|reg/015572880478_
2017-02-27 11:03:54 INFO UpdateUserState: 015572880478,1
2017-02-27 11:04:10 INFO AddIdentifyResult: 18844,015572880478,-1,
2017-02-27 11:04:26 INFO AddIdentifyResult: 18844,015572880478,-3,
2017-02-27 11:05:18 INFO AddIdentifyResult: 18844,015572880478,0,ver/02/27/110658_015572880478.wav
2017-02-27 11:06:47 INFO AddIdentifyResult: 18843,013280365079,12,
2017-02-27 11:06:53 INFO AddIdentifyResult: 18843,013280365079,10,reg/013280365079_0227110842|reg/013280365079_0227110842|reg/013280365079_0227110620
2017-02-27 11:06:53 INFO UpdateUserState: 013280365079,1
2017-02-27 11:12:30 INFO AddIdentifyResult: 18845,015630236319,-1,
2017-02-27 11:12:50 INFO AddIdentifyResult: 18845,015630236319,-3,
2017-02-27 11:14:23 INFO AddIdentifyResult: 18845,015630236319,12,
2017-02-27 11:14:29 INFO AddIdentifyResult: 18845,015630236319,10,reg/015630236319_0227111522|reg/015630236319_0227111522|reg/015630236319_
2017-02-27 11:14:29 INFO UpdateUserState: 015630236319,1
2017-02-27 11:14:45 INFO AddIdentifyResult: 18846,015630236319,-1,
2017-02-27 11:14:50 INFO AddIdentifyResult: 18846,015630236319,-3,
2017-02-27 11:15:42 INFO AddIdentifyResult: 18846,015630236319,0,ver/02/27/111722_015630236319.wav
2017-02-27 11:16:25 INFO AddIdentifyResult: 18847,013931366349,-1,
2017-02-27 11:16:32 INFO AddIdentifyResult: 18847,013931366349,-3,
2017-02-27 11:17:27 INFO AddIdentifyResult: 18848,013210362561,-1,
2017-02-27 11:17:32 INFO AddIdentifyResult: 18848,013210362561,-3,
2017-02-27 11:18:00 INFO AddIdentifyResult: 18848,013210362561,11,reg/013210362561_|reg/013210362561_|reg/013210362561_
2017-02-27 11:18:28 INFO AddIdentifyResult: 18849,013210362561,-1,
2017-02-27 11:18:29 INFO AddIdentifyResult: 18847,013931366349,12,
2017-02-27 11:18:33 INFO AddIdentifyResult: 18849,013210362561,-3,
2017-02-27 11:18:36 INFO AddIdentifyResult: 18847,013931366349,10,reg/013931366349_0227112033|reg/013931366349_0227112033|reg/013931366349_0227111903
2017-02-27 11:18:36 INFO UpdateUserState: 013931366349,1
2017-02-27 11:18:43 INFO AddIdentifyResult: 18850,013931366349,-1,
2017-02-27 11:18:49 INFO AddIdentifyResult: 18850,013931366349,-3,
2017-02-27 11:19:41 INFO AddIdentifyResult: 18850,013931366349,0,ver/02/27/112121_013931366349.wav
2017-02-27 11:21:03 INFO AddIdentifyResult: 18849,013210362561,12,
2017-02-27 11:21:09 INFO AddIdentifyResult: 18849,013210362561,10,reg/013210362561_0227112301|reg/013210362561_0227112301|reg/013210362561_0227112105
2017-02-27 11:21:10 INFO UpdateUserState: 013210362561,1
2017-02-27 11:25:25 INFO AddIdentifyResult: 18851,013255606185,-1,
2017-02-27 11:25:30 INFO AddIdentifyResult: 18851,013255606185,-3,
2017-02-27 11:27:19 INFO AddIdentifyResult: 18851,013255606185,12,
2017-02-27 11:27:25 INFO AddIdentifyResult: 18851,013255606185,10,reg/013255606185_0227112802|reg/013255606185_0227112802|reg/013255606185_
2017-02-27 11:27:25 INFO UpdateUserState: 013255606185,1
2017-02-27 11:40:37 INFO AddIdentifyResult: 18852,013210375256,-1,
2017-02-27 11:40:44 INFO AddIdentifyResult: 18852,013210375256,-3,
2017-02-27 11:42:10 INFO AddIdentifyResult: 18852,013210375256,12,
2017-02-27 11:42:13 INFO AddIdentifyResult: 18853,015572884602,-1,
2017-02-27 11:42:16 INFO AddIdentifyResult: 18852,013210375256,10,reg/013210375256_0227114215|reg/013210375256_0227114215|reg/013210375256_
2017-02-27 11:42:16 INFO UpdateUserState: 013210375256,1
2017-02-27 11:42:22 INFO AddIdentifyResult: 18853,015572884602,-3,
2017-02-27 11:44:08 INFO AddIdentifyResult: 18853,015572884602,12,
2017-02-27 11:44:14 INFO AddIdentifyResult: 18853,015572884602,10,reg/015572884602_0227114522|reg/015572884602_0227114522|reg/015572884602_0227114353
2017-02-27 11:44:15 INFO UpdateUserState: 015572884602,1
2017-02-27 11:44:17 INFO AddIdentifyResult: 18854,015572884602,-1,
2017-02-27 11:44:24 INFO AddIdentifyResult: 18854,015572884602,-3,
2017-02-27 11:45:16 INFO AddIdentifyResult: 18854,015572884602,0,ver/02/27/114556_015572884602.wav
2017-02-27 13:34:51 INFO AddIdentifyResult: 18855,015671769125,-1,
2017-02-27 13:34:59 INFO AddIdentifyResult: 18855,015671769125,-3,
2017-02-27 13:36:43 INFO AddIdentifyResult: 18855,015671769125,12,
2017-02-27 13:36:50 INFO AddIdentifyResult: 18855,015671769125,10,reg/015671769125_0227133630|reg/015671769125_0227133630|reg/015671769125_
2017-02-27 13:36:50 INFO UpdateUserState: 015671769125,1
2017-02-27 13:37:01 INFO AddIdentifyResult: 18856,015671769125,-1,
2017-02-27 13:37:08 INFO AddIdentifyResult: 18856,015671769125,-3,
2017-02-27 13:38:00 INFO AddIdentifyResult: 18856,015671769125,0,ver/02/27/133840_015671769125.wav
2017-02-27 14:27:47 INFO AddIdentifyResult: 18857,015630221893,-1,
2017-02-27 14:27:57 INFO AddIdentifyResult: 18857,015630221893,-3,
2017-02-27 14:29:50 INFO AddIdentifyResult: 18857,015630221893,12,
2017-02-27 14:29:57 INFO AddIdentifyResult: 18857,015630221893,10,reg/015630221893_0227142929|reg/015630221893_0227142929|reg/015630221893_
2017-02-27 14:29:57 INFO UpdateUserState: 015630221893,1
2017-02-27 14:30:01 INFO AddIdentifyResult: 18858,015630221893,-1,
2017-02-27 14:30:10 INFO AddIdentifyResult: 18858,015630221893,-3,
2017-02-27 14:31:02 INFO AddIdentifyResult: 18858,015630221893,0,ver/02/27/143142_015630221893.wav
2017-02-27 14:35:02 INFO AddIdentifyResult: 18859,015931768146,-1,
2017-02-27 14:35:17 INFO AddIdentifyResult: 18859,015931768146,-3,
2017-02-27 14:37:02 INFO AddIdentifyResult: 18859,015931768146,12,
2017-02-27 14:37:09 INFO AddIdentifyResult: 18859,015931768146,10,reg/015931768146_0227143649|reg/015931768146_0227143649|reg/015931768146_
2017-02-27 14:37:10 INFO UpdateUserState: 015931768146,1
2017-02-27 14:37:20 INFO AddIdentifyResult: 18860,015931768146,-1,
2017-02-27 14:37:28 INFO AddIdentifyResult: 18860,015931768146,-3,
2017-02-27 14:38:20 INFO AddIdentifyResult: 18860,015931768146,0,ver/02/27/143900_015931768146.wav
2017-02-27 14:40:14 INFO AddIdentifyResult: 18861,015630250569,-1,
2017-02-27 14:40:20 INFO AddIdentifyResult: 18861,015630250569,-3,
2017-02-27 14:41:55 INFO AddIdentifyResult: 18861,015630250569,12,
2017-02-27 14:42:02 INFO AddIdentifyResult: 18861,015630250569,10,reg/015630250569_0227144152|reg/015630250569_0227144152|reg/015630250569_
2017-02-27 14:42:02 INFO UpdateUserState: 015630250569,1
2017-02-27 14:42:10 INFO AddIdentifyResult: 18862,015630250569,-1,
2017-02-27 14:42:16 INFO AddIdentifyResult: 18862,015630250569,-3,
2017-02-27 14:43:09 INFO AddIdentifyResult: 18862,015630250569,0,ver/02/27/144349_015630250569.wav
2017-02-27 14:45:42 INFO AddIdentifyResult: 18863,013245463525,-1,
2017-02-27 14:45:47 INFO AddIdentifyResult: 18863,013245463525,-3,
2017-02-27 14:47:25 INFO AddIdentifyResult: 18863,013245463525,12,
2017-02-27 14:47:32 INFO AddIdentifyResult: 18863,013245463525,10,reg/013245463525_0227144826|reg/013245463525_0227144826|reg/013245463525_0227144719
2017-02-27 14:47:32 INFO UpdateUserState: 013245463525,1
2017-02-27 14:47:55 INFO AddIdentifyResult: 18864,013245463525,-1,
2017-02-27 14:48:00 INFO AddIdentifyResult: 18864,013245463525,-3,
2017-02-27 14:48:52 INFO AddIdentifyResult: 18864,013245463525,0,ver/02/27/144932_013245463525.wav
2017-02-27 14:50:12 INFO AddIdentifyResult: 18865,015572884966,-1,
2017-02-27 14:50:24 INFO AddIdentifyResult: 18865,015572884966,-3,
2017-02-27 14:52:48 INFO AddIdentifyResult: 0,18162832198,1,ver/02/27/145329_18162832198.wav
2017-02-27 14:53:00 INFO AddIdentifyResult: 18865,015572884966,12,
2017-02-27 14:53:09 INFO AddIdentifyResult: 18865,015572884966,10,reg/015572884966_0227145156|reg/015572884966_0227145156|reg/015572884966_
2017-02-27 14:53:09 INFO UpdateUserState: 015572884966,1
2017-02-27 14:53:27 INFO AddIdentifyResult: 18867,015572884966,-1,
2017-02-27 14:53:37 INFO AddIdentifyResult: 18867,015572884966,-3,
2017-02-27 14:54:29 INFO AddIdentifyResult: 18867,015572884966,0,ver/02/27/145509_015572884966.wav
2017-02-27 14:57:33 INFO AddIdentifyResult: 0,18162832198,1,ver/02/27/145814_18162832198.wav
2017-02-27 15:00:34 INFO AddIdentifyResult: 0,18162832198,1,ver/02/27/150115_18162832198.wav
2017-02-27 15:01:13 INFO AddIdentifyResult: 18868,013255616972,-1,
2017-02-27 15:01:22 INFO AddIdentifyResult: 18868,013255616972,-3,
2017-02-27 15:02:09 INFO AddIdentifyResult: 0,18162832198,1,ver/02/27/150250_18162832198.wav
2017-02-27 15:03:16 INFO AddIdentifyResult: 18869,013287310681,-1,
2017-02-27 15:03:17 INFO AddIdentifyResult: 18868,013255616972,12,
2017-02-27 15:03:25 INFO AddIdentifyResult: 18868,013255616972,10,reg/013255616972_0227150254|reg/013255616972_0227150254|reg/013255616972_
2017-02-27 15:03:25 INFO UpdateUserState: 013255616972,1
2017-02-27 15:03:28 INFO AddIdentifyResult: 18869,013287310681,-3,
2017-02-27 15:03:56 INFO AddIdentifyResult: 18870,013255616972,-1,
2017-02-27 15:04:05 INFO AddIdentifyResult: 18870,013255616972,-3,
2017-02-27 15:04:50 INFO AddIdentifyResult: 18871,015630842798,-1,
2017-02-27 15:04:57 INFO AddIdentifyResult: 18870,013255616972,0,ver/02/27/150537_013255616972.wav
2017-02-27 15:04:58 INFO AddIdentifyResult: 18871,015630842798,-3,
2017-02-27 15:05:21 INFO AddIdentifyResult: 18869,013287310681,12,
2017-02-27 15:05:27 INFO AddIdentifyResult: 18869,013287310681,10,reg/013287310681_0227150618|reg/013287310681_0227150618|reg/013287310681_0227150500
2017-02-27 15:05:28 INFO UpdateUserState: 013287310681,1
2017-02-27 15:06:20 INFO AddIdentifyResult: 18872,013287310681,-1,
2017-02-27 15:06:28 INFO AddIdentifyResult: 18872,013287310681,-3,
2017-02-27 15:06:50 INFO AddIdentifyResult: 18871,015630842798,12,
2017-02-27 15:06:58 INFO AddIdentifyResult: 18871,015630842798,10,reg/015630842798_0227150630|reg/015630842798_0227150630|reg/015630842798_
2017-02-27 15:06:58 INFO UpdateUserState: 015630842798,1
2017-02-27 15:07:20 INFO AddIdentifyResult: 18872,013287310681,0,ver/02/27/150800_013287310681.wav
2017-02-27 15:07:21 INFO AddIdentifyResult: 18873,015630842798,-1,
2017-02-27 15:07:45 INFO AddIdentifyResult: 18874,015630842798,-1,
2017-02-27 15:07:53 INFO AddIdentifyResult: 18874,015630842798,-3,
2017-02-27 15:08:46 INFO AddIdentifyResult: 18874,015630842798,0,ver/02/27/150926_015630842798.wav
2017-02-27 15:12:49 INFO AddIdentifyResult: 18875,013287327270,-1,
2017-02-27 15:12:57 INFO AddIdentifyResult: 18875,013287327270,-3,
2017-02-27 15:14:55 INFO AddIdentifyResult: 18875,013287327270,12,
2017-02-27 15:15:03 INFO AddIdentifyResult: 18875,013287327270,10,reg/013287327270_0227151429|reg/013287327270_0227151429|reg/013287327270_
2017-02-27 15:15:03 INFO UpdateUserState: 013287327270,1
2017-02-27 15:15:47 INFO AddIdentifyResult: 18876,015630253598,-1,
2017-02-27 15:15:59 INFO AddIdentifyResult: 18876,015630253598,-3,
2017-02-27 15:16:20 INFO AddIdentifyResult: 18877,013287327270,-1,
2017-02-27 15:16:27 INFO AddIdentifyResult: 18877,013287327270,-3,
2017-02-27 15:17:20 INFO AddIdentifyResult: 18877,013287327270,1,ver/02/27/151800_013287327270.wav
2017-02-27 15:17:42 INFO AddIdentifyResult: 18878,013287327270,-1,
2017-02-27 15:17:51 INFO AddIdentifyResult: 18878,013287327270,-3,
2017-02-27 15:18:20 INFO AddIdentifyResult: 18876,015630253598,12,
2017-02-27 15:18:26 INFO AddIdentifyResult: 18876,015630253598,10,reg/015630253598_0227151900|reg/015630253598_0227151900|reg/015630253598_0227151732
2017-02-27 15:18:26 INFO UpdateUserState: 015630253598,1
2017-02-27 15:18:34 INFO AddIdentifyResult: 18879,015630253598,-1,
2017-02-27 15:18:42 INFO AddIdentifyResult: 18879,015630253598,-3,
2017-02-27 15:18:44 INFO AddIdentifyResult: 18878,013287327270,0,ver/02/27/151924_013287327270.wav
2017-02-27 15:19:34 INFO AddIdentifyResult: 18879,015630253598,0,ver/02/27/152015_015630253598.wav
2017-02-27 15:20:36 INFO AddIdentifyResult: 18880,18972666343,-1,
2017-02-27 15:20:44 INFO AddIdentifyResult: 18880,18972666343,-3,
2017-02-27 15:21:23 INFO AddIdentifyResult: 18881,015033235573,-1,
2017-02-27 15:21:39 INFO AddIdentifyResult: 18882,015033235573,-1,
2017-02-27 15:21:46 INFO AddIdentifyResult: 18882,015033235573,-3,
2017-02-27 15:22:42 INFO AddIdentifyResult: 18880,18972666343,12,
2017-02-27 15:22:49 INFO AddIdentifyResult: 18880,18972666343,10,reg/18972666343_0227152216|reg/18972666343_0227152216|reg/18972666343_
2017-02-27 15:22:49 INFO UpdateUserState: 18972666343,1
2017-02-27 15:23:54 INFO AddIdentifyResult: 18882,015033235573,12,
2017-02-27 15:24:00 INFO AddIdentifyResult: 18882,015033235573,10,reg/015033235573_0227152501|reg/015033235573_0227152501|reg/015033235573_0227152318
2017-02-27 15:24:00 INFO UpdateUserState: 015033235573,1
2017-02-27 15:24:06 INFO AddIdentifyResult: 18883,015033235573,-1,
2017-02-27 15:24:13 INFO AddIdentifyResult: 18883,015033235573,-3,
2017-02-27 15:24:30 INFO AddIdentifyResult: 18884,013287330173,-1,
2017-02-27 15:24:37 INFO AddIdentifyResult: 18884,013287330173,-3,
2017-02-27 15:25:05 INFO AddIdentifyResult: 18883,015033235573,0,ver/02/27/152546_015033235573.wav
2017-02-27 15:27:01 INFO AddIdentifyResult: 18884,013287330173,12,
2017-02-27 15:27:04 INFO AddIdentifyResult: 18885,015630253285,-1,
2017-02-27 15:27:07 INFO AddIdentifyResult: 18884,013287330173,10,reg/013287330173_0227152800|reg/013287330173_0227152800|reg/013287330173_0227152609
2017-02-27 15:27:08 INFO UpdateUserState: 013287330173,1
2017-02-27 15:27:30 INFO AddIdentifyResult: 18886,015630253285,-1,
2017-02-27 15:27:59 INFO AddIdentifyResult: 18887,015630253285,-1,
2017-02-27 15:28:37 INFO AddIdentifyResult: 18888,013287330173,-1,
2017-02-27 15:28:44 INFO AddIdentifyResult: 18888,013287330173,-3,
2017-02-27 15:28:52 INFO AddIdentifyResult: 18889,015630253285,-1,
2017-02-27 15:29:03 INFO AddIdentifyResult: 18890,015631252706,-1,
2017-02-27 15:30:22 INFO AddIdentifyResult: 18888,013287330173,0,ver/02/27/153103_013287330173.wav
2017-02-27 15:30:27 INFO AddIdentifyResult: 18891,015631252706,-1,
2017-02-27 15:30:45 INFO AddIdentifyResult: 18892,015690253285,-1,
2017-02-27 15:30:53 INFO AddIdentifyResult: 18892,015690253285,-3,
2017-02-27 15:32:31 INFO AddIdentifyResult: 18892,015690253285,12,
2017-02-27 15:32:38 INFO AddIdentifyResult: 18892,015690253285,10,reg/015690253285_0227153343|reg/015690253285_0227153343|reg/015690253285_0227153225
2017-02-27 15:32:38 INFO UpdateUserState: 015690253285,1
2017-02-27 15:32:53 INFO AddIdentifyResult: 18893,015690253285,-1,
2017-02-27 15:32:54 INFO AddIdentifyResult: 18894,013220516029,-1,
2017-02-27 15:33:00 INFO AddIdentifyResult: 18894,013220516029,-3,
2017-02-27 15:33:04 INFO AddIdentifyResult: 18893,015690253285,-3,
2017-02-27 15:33:32 INFO AddIdentifyResult: 18893,015690253285,1,
2017-02-27 15:33:32 INFO AddIdentifyResult: 18895,015690253285,-1,
2017-02-27 15:33:37 INFO AddIdentifyResult: 18895,015690253285,-3,
2017-02-27 15:33:48 INFO AddIdentifyResult: 18896,015633121153,-1,
2017-02-27 15:33:57 INFO AddIdentifyResult: 18896,015633121153,-3,
2017-02-27 15:34:30 INFO AddIdentifyResult: 18895,015690253285,0,ver/02/27/153510_015690253285.wav
2017-02-27 15:34:43 INFO AddIdentifyResult: 18894,013220516029,12,
2017-02-27 15:34:49 INFO AddIdentifyResult: 18894,013220516029,10,reg/013220516029_0227153547|reg/013220516029_0227153547|reg/013220516029_0227153433
2017-02-27 15:34:49 INFO UpdateUserState: 013220516029,1
2017-02-27 15:35:36 INFO AddIdentifyResult: 18897,013793978728,-1,
2017-02-27 15:35:44 INFO AddIdentifyResult: 18897,013793978728,-3,
2017-02-27 15:35:58 INFO AddIdentifyResult: 18896,015633121153,11,reg/015633121153_|reg/015633121153_|reg/015633121153_
2017-02-27 15:36:27 INFO AddIdentifyResult: 18898,015633121153,-1,
2017-02-27 15:36:33 INFO AddIdentifyResult: 18898,015633121153,-3,
2017-02-27 15:37:37 INFO AddIdentifyResult: 18897,013793978728,12,
2017-02-27 15:37:42 INFO AddIdentifyResult: 18899,015572887007,-1,
2017-02-27 15:37:43 INFO AddIdentifyResult: 18897,013793978728,10,reg/013793978728_0227153840|reg/013793978728_0227153840|reg/013793978728_0227153716
2017-02-27 15:37:44 INFO UpdateUserState: 013793978728,1
2017-02-27 15:37:54 INFO AddIdentifyResult: 18899,015572887007,-3,
2017-02-27 15:38:30 INFO AddIdentifyResult: 18898,015633121153,12,
2017-02-27 15:38:37 INFO AddIdentifyResult: 18898,015633121153,10,reg/015633121153_0227153930|reg/015633121153_0227153930|reg/015633121153_0227153805
2017-02-27 15:38:38 INFO UpdateUserState: 015633121153,1
2017-02-27 15:38:40 INFO AddIdentifyResult: 18900,015633121153,-1,
2017-02-27 15:38:46 INFO AddIdentifyResult: 18900,015633121153,-3,
2017-02-27 15:39:28 INFO AddIdentifyResult: 18899,015572887007,12,
2017-02-27 15:39:35 INFO AddIdentifyResult: 18899,015572887007,10,reg/015572887007_0227153926|reg/015572887007_0227153926|reg/015572887007_
2017-02-27 15:39:36 INFO UpdateUserState: 015572887007,1
2017-02-27 15:39:38 INFO AddIdentifyResult: 18900,015633121153,0,ver/02/27/154019_015633121153.wav
2017-02-27 15:39:52 INFO AddIdentifyResult: 18901,015572887007,-1,
2017-02-27 15:40:01 INFO AddIdentifyResult: 18901,015572887007,-3,
2017-02-27 15:40:44 INFO AddIdentifyResult: 18902,015631252706,-1,
2017-02-27 15:40:50 INFO AddIdentifyResult: 18902,015631252706,-3,
2017-02-27 15:40:53 INFO AddIdentifyResult: 18901,015572887007,0,ver/02/27/154133_015572887007.wav
2017-02-27 15:42:29 INFO AddIdentifyResult: 18902,015631252706,12,
2017-02-27 15:42:35 INFO AddIdentifyResult: 18902,015631252706,10,reg/015631252706_0227154222|reg/015631252706_0227154222|reg/015631252706_
2017-02-27 15:42:36 INFO UpdateUserState: 015631252706,1
2017-02-27 15:42:43 INFO AddIdentifyResult: 18903,015631252706,-1,
2017-02-27 15:42:50 INFO AddIdentifyResult: 18903,015631252706,-3,
2017-02-27 15:43:02 INFO AddIdentifyResult: 18904,015572885911,-1,
2017-02-27 15:43:22 INFO AddIdentifyResult: 18904,015572885911,-3,
2017-02-27 15:43:41 INFO AddIdentifyResult: 18903,015631252706,1,ver/02/27/154422_015631252706.wav
2017-02-27 15:44:08 INFO AddIdentifyResult: 18905,015631252706,-1,
2017-02-27 15:44:18 INFO AddIdentifyResult: 18905,015631252706,-3,
2017-02-27 15:45:07 INFO AddIdentifyResult: 18904,015572885911,12,
2017-02-27 15:45:09 INFO AddIdentifyResult: 18905,015631252706,1,ver/02/27/154550_015631252706.wav
2017-02-27 15:45:14 INFO AddIdentifyResult: 18904,015572885911,10,reg/015572885911_0227154454|reg/015572885911_0227154454|reg/015572885911_
2017-02-27 15:45:14 INFO UpdateUserState: 015572885911,1
2017-02-27 15:45:17 INFO AddIdentifyResult: 18906,015572885911,-1,
2017-02-27 15:45:26 INFO AddIdentifyResult: 18906,015572885911,-3,
2017-02-27 15:45:35 INFO AddIdentifyResult: 18907,015631252706,-1,
2017-02-27 15:45:36 INFO AddIdentifyResult: 18908,013225469682,-1,
2017-02-27 15:45:43 INFO AddIdentifyResult: 18907,015631252706,-3,
2017-02-27 15:46:17 INFO AddIdentifyResult: 18906,015572885911,0,ver/02/27/154658_015572885911.wav
2017-02-27 15:46:34 INFO AddIdentifyResult: 18907,015631252706,0,ver/02/27/154715_015631252706.wav
2017-02-27 15:46:53 INFO AddIdentifyResult: 18909,013225469682,-1,
2017-02-27 15:46:59 INFO AddIdentifyResult: 18909,013225469682,-3,
2017-02-27 15:47:51 INFO AddIdentifyResult: 18910,0312-7337788,-1,
2017-02-27 15:48:02 INFO AddIdentifyResult: 18910,0312-7337788,-3,
2017-02-27 15:49:12 INFO AddIdentifyResult: 18909,013225469682,12,
2017-02-27 15:49:18 INFO AddIdentifyResult: 18909,013225469682,10,reg/013225469682_0227155017|reg/013225469682_0227155017|reg/013225469682_0227154831
2017-02-27 15:49:19 INFO UpdateUserState: 013225469682,1
2017-02-27 15:49:28 INFO AddIdentifyResult: 18910,0312-7337788,12,
2017-02-27 15:49:35 INFO AddIdentifyResult: 18910,0312-7337788,10,reg/0312-7337788_0227154934|reg/0312-7337788_0227154934|reg/0312-7337788_
2017-02-27 15:49:35 INFO UpdateUserState: 0312-7337788,1
2017-02-27 15:49:41 INFO AddIdentifyResult: 18911,0312-7337788,-1,
2017-02-27 15:49:49 INFO AddIdentifyResult: 18911,0312-7337788,-3,
2017-02-27 15:50:40 INFO AddIdentifyResult: 18911,0312-7337788,0,ver/02/27/155121_0312-7337788.wav
2017-02-27 15:51:48 INFO AddIdentifyResult: 18912,015630273002,-1,
2017-02-27 15:51:53 INFO AddIdentifyResult: 18912,015630273002,-3,
2017-02-27 15:53:43 INFO AddIdentifyResult: 18912,015630273002,12,
2017-02-27 15:53:51 INFO AddIdentifyResult: 18913,015630273002,-4,2
2017-02-27 15:53:51 INFO AddIdentifyResult: 18912,015630273002,10,reg/015630273002_0227155326|reg/015630273002_0227155326|reg/015630273002_
2017-02-27 15:53:51 INFO UpdateUserState: 015630273002,1
2017-02-27 15:54:05 INFO AddIdentifyResult: 18914,015630273002,-1,
2017-02-27 15:54:11 INFO AddIdentifyResult: 18914,015630273002,-3,
2017-02-27 15:54:41 INFO AddIdentifyResult: 18915,015630256329,-1,
2017-02-27 15:54:51 INFO AddIdentifyResult: 18915,015630256329,-3,
2017-02-27 15:55:03 INFO AddIdentifyResult: 18914,015630273002,0,ver/02/27/155544_015630273002.wav
2017-02-27 15:56:23 INFO AddIdentifyResult: 18916,015630219026,-1,
2017-02-27 15:56:28 INFO AddIdentifyResult: 18916,015630219026,-3,
2017-02-27 15:57:19 INFO AddIdentifyResult: 18915,015630256329,12,
2017-02-27 15:57:26 INFO AddIdentifyResult: 18915,015630256329,10,reg/015630256329_0227155815|reg/015630256329_0227155815|reg/015630256329_0227155624
2017-02-27 15:57:26 INFO UpdateUserState: 015630256329,1
2017-02-27 15:57:34 INFO AddIdentifyResult: 18917,015630256329,-1,
2017-02-27 15:57:46 INFO AddIdentifyResult: 18917,015630256329,-3,
2017-02-27 15:58:37 INFO AddIdentifyResult: 18917,015630256329,0,ver/02/27/155918_015630256329.wav
2017-02-27 15:58:39 INFO AddIdentifyResult: 18916,015630219026,12,
2017-02-27 15:58:45 INFO AddIdentifyResult: 18916,015630219026,10,reg/015630219026_0227155800|reg/015630219026_0227155800|reg/015630219026_
2017-02-27 15:58:45 INFO UpdateUserState: 015630219026,1
2017-02-27 15:58:51 INFO AddIdentifyResult: 18918,015630219026,-1,
2017-02-27 15:58:56 INFO AddIdentifyResult: 18918,015630219026,-3,
2017-02-27 15:59:47 INFO AddIdentifyResult: 18918,015630219026,0,ver/02/27/160029_015630219026.wav
2017-02-27 16:45:02 INFO AddIdentifyResult: 18919,013220526261,-1,
2017-02-27 16:45:08 INFO AddIdentifyResult: 18919,013220526261,-3,
2017-02-27 16:46:48 INFO AddIdentifyResult: 18919,013220526261,12,
2017-02-27 16:46:55 INFO AddIdentifyResult: 18919,013220526261,10,reg/013220526261_0227164640|reg/013220526261_0227164640|reg/013220526261_
2017-02-27 16:46:55 INFO UpdateUserState: 013220526261,1
2017-02-27 16:49:46 INFO AddIdentifyResult: 18920,013210377583,-1,
2017-02-27 16:49:56 INFO AddIdentifyResult: 18920,013210377583,-3,
2017-02-27 16:51:53 INFO AddIdentifyResult: 18920,013210377583,12,
2017-02-27 16:52:01 INFO AddIdentifyResult: 18920,013210377583,10,reg/013210377583_0227165128|reg/013210377583_0227165128|reg/013210377583_
2017-02-27 16:52:01 INFO UpdateUserState: 013210377583,1
2017-02-27 16:59:15 INFO AddIdentifyResult: 18921,013210388505,-1,
2017-02-27 16:59:21 INFO AddIdentifyResult: 18921,013210388505,-3,
2017-02-27 17:01:03 INFO AddIdentifyResult: 18921,013210388505,12,
2017-02-27 17:01:09 INFO AddIdentifyResult: 18921,013210388505,10,reg/013210388505_0227170212|reg/013210388505_0227170212|reg/013210388505_0227170053
2017-02-27 17:01:09 INFO UpdateUserState: 013210388505,1
2017-02-27 17:02:00 INFO AddIdentifyResult: 18922,015066056814,-1,
2017-02-27 17:02:07 INFO AddIdentifyResult: 18922,015066056814,-3,
2017-02-27 17:03:38 INFO AddIdentifyResult: 18922,015066056814,11,reg/015066056814_|reg/015066056814_|reg/015066056814_
2017-02-27 17:04:16 INFO AddIdentifyResult: 18923,015066056814,-1,
2017-02-27 17:04:26 INFO AddIdentifyResult: 18923,015066056814,-3,
2017-02-27 17:06:26 INFO AddIdentifyResult: 18923,015066056814,12,
2017-02-27 17:06:33 INFO AddIdentifyResult: 18923,015066056814,10,reg/015066056814_0227170735|reg/015066056814_0227170735|reg/015066056814_0227170558
2017-02-27 17:06:33 INFO UpdateUserState: 015066056814,1
