2017-01-18 08:44:59 INFO AddIdentifyResult: 14839,013287369515,-1,
2017-01-18 08:45:07 INFO AddIdentifyResult: 14839,013287369515,-3,
2017-01-18 08:47:31 INFO AddIdentifyResult: 14839,013287369515,12,
2017-01-18 08:47:38 INFO AddIdentifyResult: 14839,013287369515,10,reg/013287369515_0118084837|reg/013287369515_0118084837|reg/013287369515_0118084643
2017-01-18 08:47:38 INFO UpdateUserState: 013287369515,1
2017-01-18 08:47:44 INFO AddIdentifyResult: 14840,013455709939,-1,
2017-01-18 08:47:58 INFO AddIdentifyResult: 14840,013455709939,-3,
2017-01-18 08:50:21 INFO AddIdentifyResult: 14840,013455709939,12,
2017-01-18 08:50:28 INFO AddIdentifyResult: 14840,013455709939,10,reg/013455709939_0118085113|reg/013455709939_0118085113|reg/013455709939_0118084933
2017-01-18 08:50:28 INFO UpdateUserState: 013455709939,1
2017-01-18 08:56:40 INFO AddIdentifyResult: 14841,013906473391,-1,
2017-01-18 08:56:47 INFO AddIdentifyResult: 14841,013906473391,-3,
2017-01-18 08:58:36 INFO AddIdentifyResult: 14841,013906473391,12,
2017-01-18 08:58:43 INFO AddIdentifyResult: 14841,013906473391,10,reg/013906473391_0118085926|reg/013906473391_0118085926|reg/013906473391_0118085823
2017-01-18 08:58:44 INFO UpdateUserState: 013906473391,1
2017-01-18 08:58:57 INFO AddIdentifyResult: 14842,013287369205,-1,
2017-01-18 08:59:03 INFO AddIdentifyResult: 14842,013287369205,-3,
2017-01-18 09:00:51 INFO AddIdentifyResult: 14842,013287369205,12,
2017-01-18 09:00:57 INFO AddIdentifyResult: 14842,013287369205,10,reg/013287369205_0118090143|reg/013287369205_0118090143|reg/013287369205_0118090038
2017-01-18 09:00:58 INFO UpdateUserState: 013287369205,1
2017-01-18 09:06:12 INFO AddIdentifyResult: 14843,013287369212,-1,
2017-01-18 09:06:22 INFO AddIdentifyResult: 14843,013287369212,-3,
2017-01-18 09:08:17 INFO AddIdentifyResult: 14843,013287369212,12,
2017-01-18 09:08:24 INFO AddIdentifyResult: 14843,013287369212,10,reg/013287369212_0118090757|reg/013287369212_0118090757|reg/013287369212_
2017-01-18 09:08:24 INFO UpdateUserState: 013287369212,1
2017-01-18 09:15:20 INFO AddIdentifyResult: 14844,013287369315,-1,
2017-01-18 09:15:26 INFO AddIdentifyResult: 14844,013287369315,-3,
2017-01-18 09:17:38 INFO AddIdentifyResult: 14844,013287369315,12,
2017-01-18 09:17:45 INFO AddIdentifyResult: 14844,013287369315,10,reg/013287369315_0118091702|reg/013287369315_0118091702|reg/013287369315_
2017-01-18 09:17:45 INFO UpdateUserState: 013287369315,1
2017-01-18 09:18:07 INFO AddIdentifyResult: 14845,013406081238,-1,
2017-01-18 09:18:17 INFO AddIdentifyResult: 14845,013406081238,-3,
2017-01-18 09:19:43 INFO AddIdentifyResult: 14845,013406081238,12,
2017-01-18 09:19:50 INFO AddIdentifyResult: 14845,013406081238,10,reg/013406081238_0118091952|reg/013406081238_0118091952|reg/013406081238_
2017-01-18 09:19:50 INFO UpdateUserState: 013406081238,1
2017-01-18 09:47:20 INFO AddIdentifyResult: 14846,013287369376,-1,
2017-01-18 09:47:27 INFO AddIdentifyResult: 14846,013287369376,-3,
2017-01-18 09:49:11 INFO AddIdentifyResult: 14846,013287369376,12,
2017-01-18 09:49:19 INFO AddIdentifyResult: 14846,013287369376,10,reg/013287369376_0118094902|reg/013287369376_0118094902|reg/013287369376_
2017-01-18 09:49:19 INFO UpdateUserState: 013287369376,1
2017-01-18 09:50:07 INFO AddIdentifyResult: 14847,013562253870,-1,
2017-01-18 09:50:16 INFO AddIdentifyResult: 14847,013562253870,-3,
2017-01-18 09:52:03 INFO AddIdentifyResult: 14847,013562253870,12,
2017-01-18 09:52:10 INFO AddIdentifyResult: 14847,013562253870,10,reg/013562253870_0118095151|reg/013562253870_0118095151|reg/013562253870_
2017-01-18 09:52:10 INFO UpdateUserState: 013562253870,1
2017-01-18 09:56:36 INFO AddIdentifyResult: 14848,013287372919,-1,
2017-01-18 09:57:30 INFO AddIdentifyResult: 14849,013287372919,-1,
2017-01-18 09:57:36 INFO AddIdentifyResult: 14849,013287372919,-3,
2017-01-18 09:59:04 INFO AddIdentifyResult: 14849,013287372919,12,
2017-01-18 09:59:11 INFO AddIdentifyResult: 14849,013287372919,10,reg/013287372919_0118095912|reg/013287372919_0118095912|reg/013287372919_
2017-01-18 09:59:11 INFO UpdateUserState: 013287372919,1
2017-01-18 10:01:32 INFO AddIdentifyResult: 14850,013296476187,-1,
2017-01-18 10:01:51 INFO AddIdentifyResult: 14850,013296476187,-3,
2017-01-18 10:03:44 INFO AddIdentifyResult: 14850,013296476187,12,
2017-01-18 10:03:51 INFO AddIdentifyResult: 14850,013296476187,10,reg/013296476187_0118100327|reg/013296476187_0118100327|reg/013296476187_
2017-01-18 10:03:52 INFO UpdateUserState: 013296476187,1
2017-01-18 10:19:45 INFO AddIdentifyResult: 14851,013296476235,-1,
2017-01-18 10:19:57 INFO AddIdentifyResult: 14851,013296476235,-3,
2017-01-18 10:20:43 INFO AddIdentifyResult: 14852,013287369905,-1,
2017-01-18 10:20:50 INFO AddIdentifyResult: 14852,013287369905,-3,
2017-01-18 10:21:06 INFO AddIdentifyResult: 14851,013296476235,12,
2017-01-18 10:21:13 INFO AddIdentifyResult: 14851,013296476235,10,reg/013296476235_0118102133|reg/013296476235_0118102133|reg/013296476235_
2017-01-18 10:21:13 INFO UpdateUserState: 013296476235,1
2017-01-18 10:22:25 INFO AddIdentifyResult: 14852,013287369905,12,
2017-01-18 10:22:32 INFO AddIdentifyResult: 14852,013287369905,10,reg/013287369905_0118102225|reg/013287369905_0118102225|reg/013287369905_
2017-01-18 10:22:32 INFO UpdateUserState: 013287369905,1
2017-01-18 10:22:48 INFO AddIdentifyResult: 14853,018107253291,-1,
2017-01-18 10:22:59 INFO AddIdentifyResult: 14853,018107253291,-3,
2017-01-18 10:25:25 INFO AddIdentifyResult: 14853,018107253291,12,
2017-01-18 10:25:32 INFO AddIdentifyResult: 14853,018107253291,10,reg/018107253291_0118102434|reg/018107253291_0118102434|reg/018107253291_
2017-01-18 10:25:33 INFO UpdateUserState: 018107253291,1
2017-01-18 10:26:31 INFO AddIdentifyResult: 14854,018107253291,-1,
2017-01-18 10:26:38 INFO AddIdentifyResult: 14854,018107253291,-3,
2017-01-18 10:27:30 INFO AddIdentifyResult: 14854,018107253291,0,ver/01/18/102814_018107253291.wav
2017-01-18 10:28:49 INFO AddIdentifyResult: 14855,013287369375,-1,
2017-01-18 10:29:00 INFO AddIdentifyResult: 14855,013287369375,-3,
2017-01-18 10:31:28 INFO AddIdentifyResult: 14855,013287369375,12,
2017-01-18 10:31:36 INFO AddIdentifyResult: 14855,013287369375,10,reg/013287369375_0118103036|reg/013287369375_0118103036|reg/013287369375_
2017-01-18 10:31:36 INFO UpdateUserState: 013287369375,1
2017-01-18 10:37:20 INFO AddIdentifyResult: 14856,013287369501,-1,
2017-01-18 10:37:34 INFO AddIdentifyResult: 14856,013287369501,-3,
2017-01-18 10:38:02 INFO AddIdentifyResult: 14856,013287369501,11,reg/013287369501_|reg/013287369501_|reg/013287369501_
2017-01-18 10:38:18 INFO AddIdentifyResult: 14857,013287369501,-1,
2017-01-18 10:38:30 INFO AddIdentifyResult: 14857,013287369501,-3,
2017-01-18 10:40:18 INFO AddIdentifyResult: 14857,013287369501,12,
2017-01-18 10:40:25 INFO AddIdentifyResult: 14857,013287369501,10,reg/013287369501_0118104005|reg/013287369501_0118104005|reg/013287369501_
2017-01-18 10:40:25 INFO UpdateUserState: 013287369501,1
2017-01-18 10:50:16 INFO AddIdentifyResult: 14858,014768925841,-1,
2017-01-18 10:50:29 INFO AddIdentifyResult: 14858,014768925841,-3,
2017-01-18 10:52:22 INFO AddIdentifyResult: 14858,014768925841,12,
2017-01-18 10:52:30 INFO AddIdentifyResult: 14858,014768925841,10,reg/014768925841_0118105328|reg/014768925841_0118105328|reg/014768925841_0118105205
2017-01-18 10:52:30 INFO UpdateUserState: 014768925841,1
2017-01-18 10:58:52 INFO AddIdentifyResult: 14859,018171969974,-1,
2017-01-18 10:59:32 INFO AddIdentifyResult: 14860,018171969974,-1,
2017-01-18 10:59:50 INFO AddIdentifyResult: 14860,018171969974,-3,
2017-01-18 11:02:06 INFO AddIdentifyResult: 14860,018171969974,12,
2017-01-18 11:02:14 INFO AddIdentifyResult: 14860,018171969974,10,reg/018171969974_0118110126|reg/018171969974_0118110126|reg/018171969974_
2017-01-18 11:02:15 INFO UpdateUserState: 018171969974,1
2017-01-18 11:02:32 INFO AddIdentifyResult: 14861,018171969974,-1,
2017-01-18 11:02:44 INFO AddIdentifyResult: 14861,018171969974,-3,
2017-01-18 11:03:54 INFO AddIdentifyResult: 14861,018171969974,0,ver/01/18/110438_018171969974.wav
2017-01-18 11:23:18 INFO AddIdentifyResult: 14862,018107252761,-1,
2017-01-18 11:23:46 INFO AddIdentifyResult: 14863,018107252761,-1,
2017-01-18 11:23:54 INFO AddIdentifyResult: 14863,018107252761,-3,
2017-01-18 11:26:02 INFO AddIdentifyResult: 14863,018107252761,12,
2017-01-18 11:26:10 INFO AddIdentifyResult: 14863,018107252761,10,reg/018107252761_0118112530|reg/018107252761_0118112530|reg/018107252761_
2017-01-18 11:26:10 INFO UpdateUserState: 018107252761,1
2017-01-18 11:26:12 INFO AddIdentifyResult: 14864,18972661143,-1,
2017-01-18 11:26:23 INFO AddIdentifyResult: 14864,18972661143,-3,
2017-01-18 11:26:23 INFO AddIdentifyResult: 14865,018107252761,-1,
2017-01-18 11:26:36 INFO AddIdentifyResult: 14865,018107252761,-3,
2017-01-18 11:27:28 INFO AddIdentifyResult: 14865,018107252761,0,ver/01/18/112812_018107252761.wav
2017-01-18 11:29:28 INFO AddIdentifyResult: 14864,18972661143,12,
2017-01-18 11:29:35 INFO AddIdentifyResult: 14864,18972661143,10,reg/18972661143_0118113009|reg/18972661143_0118113009|reg/18972661143_0118112758
2017-01-18 11:29:35 INFO UpdateUserState: 18972661143,1
2017-01-18 11:31:25 INFO AddIdentifyResult: 0,18972661143,0,ver/01/18/113210_18972661143.wav
2017-01-18 14:39:15 INFO AddIdentifyResult: 14867,013092784632,-1,
2017-01-18 14:40:14 INFO AddIdentifyResult: 14868,013092784632,-1,
2017-01-18 14:40:46 INFO AddIdentifyResult: 14869,013092784632,-1,
2017-01-18 14:40:57 INFO AddIdentifyResult: 14870,018107251664,-1,
2017-01-18 14:41:38 INFO AddIdentifyResult: 14871,018107251664,-1,
2017-01-18 14:42:26 INFO AddIdentifyResult: 14872,018107251664,-1,
2017-01-18 14:42:44 INFO AddIdentifyResult: 14872,018107251664,-3,
2017-01-18 14:45:45 INFO AddIdentifyResult: 14872,018107251664,12,
2017-01-18 14:45:57 INFO AddIdentifyResult: 14872,018107251664,10,reg/018107251664_0118144421|reg/018107251664_0118144421|reg/018107251664_
2017-01-18 14:45:57 INFO UpdateUserState: 018107251664,1
2017-01-18 14:46:16 INFO AddIdentifyResult: 14873,018107251664,-1,
2017-01-18 14:46:28 INFO AddIdentifyResult: 14873,018107251664,-3,
2017-01-18 14:47:20 INFO AddIdentifyResult: 14873,018107251664,0,ver/01/18/144805_018107251664.wav
2017-01-18 14:53:53 INFO AddIdentifyResult: 14874,013287378538,-1,
2017-01-18 14:53:59 INFO AddIdentifyResult: 14874,013287378538,-3,
2017-01-18 14:55:59 INFO AddIdentifyResult: 14874,013287378538,12,
2017-01-18 14:56:07 INFO AddIdentifyResult: 14874,013287378538,10,reg/013287378538_0118145658|reg/013287378538_0118145658|reg/013287378538_0118145535
2017-01-18 14:56:07 INFO UpdateUserState: 013287378538,1
2017-01-18 14:58:22 INFO AddIdentifyResult: 14875,015930287452,-1,
2017-01-18 14:58:28 INFO AddIdentifyResult: 14875,015930287452,-3,
2017-01-18 14:59:06 INFO AddIdentifyResult: 14876,013138955222,-1,
2017-01-18 14:59:24 INFO AddIdentifyResult: 14876,013138955222,-3,
2017-01-18 14:59:31 INFO AddIdentifyResult: 14876,013138955222,11,reg/013138955222_|reg/013138955222_|reg/013138955222_
2017-01-18 14:59:47 INFO AddIdentifyResult: 14877,013138955222,-1,
2017-01-18 15:00:04 INFO AddIdentifyResult: 14877,013138955222,-3,
2017-01-18 15:00:19 INFO AddIdentifyResult: 14875,015930287452,12,
2017-01-18 15:00:26 INFO AddIdentifyResult: 14875,015930287452,10,reg/015930287452_0118150004|reg/015930287452_0118150004|reg/015930287452_
2017-01-18 15:00:26 INFO UpdateUserState: 015930287452,1
2017-01-18 15:00:33 INFO AddIdentifyResult: 14878,015930287452,-1,
2017-01-18 15:00:40 INFO AddIdentifyResult: 14878,015930287452,-3,
2017-01-18 15:01:33 INFO AddIdentifyResult: 14878,015930287452,0,ver/01/18/150217_015930287452.wav
2017-01-18 15:01:53 INFO AddIdentifyResult: 14877,013138955222,12,
2017-01-18 15:02:00 INFO AddIdentifyResult: 14877,013138955222,10,reg/013138955222_0118150141|reg/013138955222_0118150141|reg/013138955222_
2017-01-18 15:02:00 INFO UpdateUserState: 013138955222,1
2017-01-18 15:02:30 INFO AddIdentifyResult: 14879,013138955222,-1,
2017-01-18 15:02:45 INFO AddIdentifyResult: 14879,013138955222,-3,
2017-01-18 15:03:34 INFO AddIdentifyResult: 14880,015632202309,-1,
2017-01-18 15:03:36 INFO AddIdentifyResult: 14879,013138955222,0,ver/01/18/150421_013138955222.wav
2017-01-18 15:03:40 INFO AddIdentifyResult: 14880,015632202309,-3,
2017-01-18 15:05:33 INFO AddIdentifyResult: 14880,015632202309,12,
2017-01-18 15:05:41 INFO AddIdentifyResult: 14880,015632202309,10,reg/015632202309_0118150637|reg/015632202309_0118150637|reg/015632202309_0118150516
2017-01-18 15:05:41 INFO UpdateUserState: 015632202309,1
2017-01-18 15:05:50 INFO AddIdentifyResult: 14881,015632202309,-1,
2017-01-18 15:05:56 INFO AddIdentifyResult: 14881,015632202309,-3,
2017-01-18 15:06:48 INFO AddIdentifyResult: 14881,015632202309,0,ver/01/18/150733_015632202309.wav
2017-01-18 15:08:28 INFO AddIdentifyResult: 14882,013237231597,-1,
2017-01-18 15:08:38 INFO AddIdentifyResult: 14882,013237231597,-3,
2017-01-18 15:11:00 INFO AddIdentifyResult: 14882,013237231597,12,
2017-01-18 15:11:07 INFO AddIdentifyResult: 14882,013237231597,10,reg/013237231597_0118151014|reg/013237231597_0118151014|reg/013237231597_
2017-01-18 15:11:07 INFO UpdateUserState: 013237231597,1
2017-01-18 15:11:36 INFO AddIdentifyResult: 14883,013237231597,-1,
2017-01-18 15:11:44 INFO AddIdentifyResult: 14883,013237231597,-3,
2017-01-18 15:12:36 INFO AddIdentifyResult: 14883,013237231597,0,ver/01/18/151321_013237231597.wav
2017-01-18 15:14:35 INFO AddIdentifyResult: 14884,015930241787,-1,
2017-01-18 15:14:50 INFO AddIdentifyResult: 14884,015930241787,-3,
2017-01-18 15:16:23 INFO AddIdentifyResult: 14884,015930241787,12,
2017-01-18 15:16:30 INFO AddIdentifyResult: 14884,015930241787,10,reg/015930241787_0118151626|reg/015930241787_0118151626|reg/015930241787_
2017-01-18 15:16:30 INFO UpdateUserState: 015930241787,1
2017-01-18 15:16:47 INFO AddIdentifyResult: 14885,015930241787,-1,
2017-01-18 15:17:14 INFO AddIdentifyResult: 14886,015930241787,-1,
2017-01-18 15:17:27 INFO AddIdentifyResult: 14886,015930241787,-3,
2017-01-18 15:17:58 INFO AddIdentifyResult: 14887,013092784632,-1,
2017-01-18 15:18:03 INFO AddIdentifyResult: 14887,013092784632,-3,
2017-01-18 15:18:18 INFO AddIdentifyResult: 14886,015930241787,0,ver/01/18/151903_015930241787.wav
2017-01-18 15:18:29 INFO AddIdentifyResult: 14887,013092784632,11,reg/013092784632_|reg/013092784632_|reg/013092784632_
2017-01-18 15:18:35 INFO AddIdentifyResult: 14888,015633206719,-1,
2017-01-18 15:18:40 INFO AddIdentifyResult: 14888,015633206719,-3,
2017-01-18 15:19:22 INFO AddIdentifyResult: 14889,015586205966,-1,
2017-01-18 15:20:14 INFO AddIdentifyResult: 14890,015586205966,-1,
2017-01-18 15:20:36 INFO AddIdentifyResult: 14891,013092784632,-1,
2017-01-18 15:20:42 INFO AddIdentifyResult: 14888,015633206719,12,
2017-01-18 15:20:44 INFO AddIdentifyResult: 14891,013092784632,-3,
2017-01-18 15:20:50 INFO AddIdentifyResult: 14888,015633206719,10,reg/015633206719_0118152147|reg/015633206719_0118152147|reg/015633206719_0118152017
2017-01-18 15:20:50 INFO UpdateUserState: 015633206719,1
2017-01-18 15:20:57 INFO AddIdentifyResult: 14892,015633206719,-1,
2017-01-18 15:21:04 INFO AddIdentifyResult: 14892,015633206719,-3,
2017-01-18 15:21:53 INFO AddIdentifyResult: 14892,015633206719,0,ver/01/18/152241_015633206719.wav
2017-01-18 15:22:21 INFO AddIdentifyResult: 14891,013092784632,12,
2017-01-18 15:22:28 INFO AddIdentifyResult: 14891,013092784632,10,reg/013092784632_0118152220|reg/013092784632_0118152220|reg/013092784632_
2017-01-18 15:22:28 INFO UpdateUserState: 013092784632,1
2017-01-18 15:22:57 INFO AddIdentifyResult: 14893,013092784632,-1,
2017-01-18 15:23:03 INFO AddIdentifyResult: 14893,013092784632,-3,
2017-01-18 15:23:55 INFO AddIdentifyResult: 14893,013092784632,0,ver/01/18/152440_013092784632.wav
2017-01-18 15:24:50 INFO AddIdentifyResult: 14894,018171965994,-1,
2017-01-18 15:25:07 INFO AddIdentifyResult: 14894,018171965994,-3,
2017-01-18 15:27:04 INFO AddIdentifyResult: 14894,018171965994,12,
2017-01-18 15:27:11 INFO AddIdentifyResult: 14894,018171965994,10,reg/018171965994_0118152643|reg/018171965994_0118152643|reg/018171965994_
2017-01-18 15:27:11 INFO UpdateUserState: 018171965994,1
2017-01-18 15:27:36 INFO AddIdentifyResult: 14895,018171965994,-1,
2017-01-18 15:27:46 INFO AddIdentifyResult: 14895,018171965994,-3,
2017-01-18 15:28:38 INFO AddIdentifyResult: 14895,018171965994,0,ver/01/18/152923_018171965994.wav
2017-01-18 15:29:56 INFO AddIdentifyResult: 14896,015586205966,-1,
2017-01-18 15:30:38 INFO AddIdentifyResult: 14897,015586205966,-1,
2017-01-18 15:32:56 INFO AddIdentifyResult: 14898,015586205966,-1,
2017-01-18 15:33:30 INFO AddIdentifyResult: 14899,015586205966,-1,
2017-01-18 15:34:31 INFO AddIdentifyResult: 14900,015586205966,-1,
2017-01-18 15:35:25 INFO AddIdentifyResult: 14901,017371388671,-1,
2017-01-18 15:36:21 INFO AddIdentifyResult: 14902,013477745226,-1,
2017-01-18 15:37:23 INFO AddIdentifyResult: 14903,017371388671,-1,
2017-01-18 15:38:54 INFO AddIdentifyResult: 14904,017371388671,-1,
2017-01-18 15:39:47 INFO AddIdentifyResult: 14905,015586205966,-1,
2017-01-18 15:41:14 INFO AddIdentifyResult: 14906,015971522945,-1,
2017-01-18 15:41:51 INFO AddIdentifyResult: 14907,015586205966,-1,
2017-01-18 15:43:35 INFO AddIdentifyResult: 14908,018672027266,-1,
2017-01-18 15:44:14 INFO AddIdentifyResult: 14909,18972663101,-1,
2017-01-18 15:44:23 INFO AddIdentifyResult: 14909,18972663101,-3,
2017-01-18 15:46:23 INFO AddIdentifyResult: 14909,18972663101,12,
2017-01-18 15:46:31 INFO AddIdentifyResult: 14909,18972663101,10,reg/18972663101_0118154718|reg/18972663101_0118154718|reg/18972663101_0118154559
2017-01-18 15:46:31 INFO UpdateUserState: 18972663101,1
2017-01-18 15:47:21 INFO AddIdentifyResult: 14910,015586205966,-1,
2017-01-18 15:47:48 INFO AddIdentifyResult: 0,18972663101,0,ver/01/18/154833_18972663101.wav
2017-01-18 15:49:37 INFO AddIdentifyResult: 14912,013011155721,-1,
2017-01-18 15:52:42 INFO AddIdentifyResult: 14913,015586205966,-1,
2017-01-18 15:53:39 INFO AddIdentifyResult: 14914,15586205966,-1,
2017-01-18 15:54:03 INFO AddIdentifyResult: 14915,15586205966,-1,
2017-01-18 15:54:26 INFO AddIdentifyResult: 14915,15586205966,-3,
2017-01-18 15:55:50 INFO AddIdentifyResult: 14915,15586205966,12,
2017-01-18 15:55:57 INFO AddIdentifyResult: 14915,15586205966,10,reg/15586205966_0118155659|reg/15586205966_0118155659|reg/15586205966_0118155603
2017-01-18 15:55:57 INFO UpdateUserState: 15586205966,1
2017-01-18 15:56:18 INFO AddIdentifyResult: 14916,15586205966,-1,
2017-01-18 15:56:37 INFO AddIdentifyResult: 14916,15586205966,-3,
2017-01-18 15:57:29 INFO AddIdentifyResult: 14916,15586205966,1,ver/01/18/155814_15586205966.wav
2017-01-18 15:57:45 INFO AddIdentifyResult: 14917,15586205966,-1,
2017-01-18 15:58:02 INFO AddIdentifyResult: 14916,15586205966,2,
2017-01-18 15:59:08 INFO AddIdentifyResult: 14918,15586205966,-1,
2017-01-18 15:59:31 INFO AddIdentifyResult: 14918,15586205966,-3,
2017-01-18 16:00:23 INFO AddIdentifyResult: 14918,15586205966,1,ver/01/18/160108_15586205966.wav
2017-01-18 16:01:21 INFO AddIdentifyResult: 14919,15586205966,-1,
2017-01-18 16:01:50 INFO AddIdentifyResult: 14919,15586205966,-3,
2017-01-18 16:01:55 INFO AddIdentifyResult: 14920,15586205966,-1,
2017-01-18 16:02:24 INFO AddIdentifyResult: 14919,15586205966,11,reg/15586205966_|reg/15586205966_|reg/15586205966_
2017-01-18 16:02:28 INFO AddIdentifyResult: 14920,15586205966,-3,
2017-01-18 16:04:08 INFO AddIdentifyResult: 14920,15586205966,12,
2017-01-18 16:04:17 INFO AddIdentifyResult: 14920,15586205966,10,reg/15586205966_0118160404|reg/15586205966_0118160404|reg/15586205966_
2017-01-18 16:04:17 INFO UpdateUserState: 15586205966,1
2017-01-18 16:06:07 INFO AddIdentifyResult: 14921,15586205966,-1,
2017-01-18 16:06:23 INFO AddIdentifyResult: 14921,15586205966,-3,
2017-01-18 16:07:16 INFO AddIdentifyResult: 14921,15586205966,0,ver/01/18/160800_15586205966.wav
2017-01-18 18:00:18 INFO AddIdentifyResult: 0,018849236903,1,
