2017-02-13 08:43:25 INFO AddIdentifyResult: 15620,18972643020,-1,
2017-02-13 08:43:32 INFO AddIdentifyResult: 15620,18972643020,-3,
2017-02-13 08:45:59 INFO AddIdentifyResult: 15620,18972643020,12,
2017-02-13 08:46:08 INFO AddIdentifyResult: 15620,18972643020,10,reg/18972643020_0213084637|reg/18972643020_0213084637|reg/18972643020_0213084502
2017-02-13 08:46:08 INFO UpdateUserState: 18972643020,1
2017-02-13 08:46:26 INFO AddIdentifyResult: 15621,18972643020,-1,
2017-02-13 08:49:33 INFO AddIdentifyResult: 0,18972643020,0,ver/02/13/085011_18972643020.wav
2017-02-13 09:15:17 INFO AddIdentifyResult: 15623,015572883265,-1,
2017-02-13 09:15:31 INFO AddIdentifyResult: 15623,015572883265,-3,
2017-02-13 09:17:07 INFO AddIdentifyResult: 15623,015572883265,12,
2017-02-13 09:17:14 INFO AddIdentifyResult: 15623,015572883265,10,reg/015572883265_0213091700|reg/015572883265_0213091700|reg/015572883265_
2017-02-13 09:17:15 INFO UpdateUserState: 015572883265,1
2017-02-13 09:17:21 INFO AddIdentifyResult: 15624,015572883265,-1,
2017-02-13 09:17:30 INFO AddIdentifyResult: 15624,015572883265,-3,
2017-02-13 09:18:22 INFO AddIdentifyResult: 15624,015572883265,0,ver/02/13/091900_015572883265.wav
2017-02-13 09:29:10 INFO AddIdentifyResult: 15625,013295462668,-1,
2017-02-13 09:29:40 INFO AddIdentifyResult: 15626,013295462668,-1,
2017-02-13 09:30:12 INFO AddIdentifyResult: 15627,013295462668,-1,
2017-02-13 09:30:38 INFO AddIdentifyResult: 15627,013295462668,-3,
2017-02-13 09:30:50 INFO AddIdentifyResult: 15627,013295462668,11,reg/013295462668_|reg/013295462668_|reg/013295462668_
2017-02-13 09:33:53 INFO AddIdentifyResult: 15628,013296472668,-1,
2017-02-13 09:34:02 INFO AddIdentifyResult: 15628,013296472668,-3,
2017-02-13 09:36:25 INFO AddIdentifyResult: 15628,013296472668,11,reg/013296472668_|reg/013296472668_|reg/013296472668_
2017-02-13 09:36:46 INFO AddIdentifyResult: 15629,013296472668,-1,
2017-02-13 09:36:55 INFO AddIdentifyResult: 15629,013296472668,-3,
2017-02-13 09:39:36 INFO AddIdentifyResult: 15629,013296472668,12,
2017-02-13 09:39:42 INFO AddIdentifyResult: 15629,013296472668,10,reg/013296472668_0213094001|reg/013296472668_0213094001|reg/013296472668_0213093824
2017-02-13 09:39:42 INFO UpdateUserState: 013296472668,1
2017-02-13 09:40:49 INFO AddIdentifyResult: 15630,18972650209,-1,
2017-02-13 09:40:56 INFO AddIdentifyResult: 15630,18972650209,-3,
2017-02-13 09:42:23 INFO AddIdentifyResult: 15630,18972650209,12,
2017-02-13 09:42:30 INFO AddIdentifyResult: 15630,18972650209,10,reg/18972650209_0213094225|reg/18972650209_0213094225|reg/18972650209_
2017-02-13 09:42:30 INFO UpdateUserState: 18972650209,1
2017-02-13 09:42:42 INFO AddIdentifyResult: 15631,013287382857,-1,
2017-02-13 09:42:48 INFO AddIdentifyResult: 15631,013287382857,-3,
2017-02-13 09:44:28 INFO AddIdentifyResult: 15632,013042709822,-1,
2017-02-13 09:44:35 INFO AddIdentifyResult: 15631,013287382857,12,
2017-02-13 09:44:42 INFO AddIdentifyResult: 15631,013287382857,10,reg/013287382857_0213094417|reg/013287382857_0213094417|reg/013287382857_
2017-02-13 09:44:42 INFO UpdateUserState: 013287382857,1
2017-02-13 09:44:53 INFO AddIdentifyResult: 15632,013042709822,-3,
2017-02-13 09:45:06 INFO AddIdentifyResult: 15632,013042709822,1,
2017-02-13 09:46:14 INFO AddIdentifyResult: 0,18972650209,1,
2017-02-13 09:46:55 INFO AddIdentifyResult: 15634,013042709822,-1,
2017-02-13 09:47:34 INFO AddIdentifyResult: 0,18972650209,0,ver/02/13/094811_18972650209.wav
2017-02-13 09:47:58 INFO AddIdentifyResult: 15635,013287382836,-1,
2017-02-13 09:48:05 INFO AddIdentifyResult: 15635,013287382836,-3,
2017-02-13 09:49:13 INFO AddIdentifyResult: 15636,18972653275,-1,
2017-02-13 09:49:29 INFO AddIdentifyResult: 15636,18972653275,-3,
2017-02-13 09:49:53 INFO AddIdentifyResult: 15635,013287382836,12,
2017-02-13 09:50:02 INFO AddIdentifyResult: 15635,013287382836,10,reg/013287382836_0213095048|reg/013287382836_0213095048|reg/013287382836_0213094934
2017-02-13 09:50:02 INFO UpdateUserState: 013287382836,1
2017-02-13 09:50:51 INFO AddIdentifyResult: 15636,18972653275,12,
2017-02-13 09:50:54 INFO AddIdentifyResult: 15637,013042709822,-1,
2017-02-13 09:50:58 INFO AddIdentifyResult: 15636,18972653275,10,reg/18972653275_0213095058|reg/18972653275_0213095058|reg/18972653275_
2017-02-13 09:50:58 INFO UpdateUserState: 18972653275,1
2017-02-13 09:52:16 INFO AddIdentifyResult: 15638,013296473118,-1,
2017-02-13 09:52:17 INFO AddIdentifyResult: 15639,013297234712,-1,
2017-02-13 09:52:30 INFO AddIdentifyResult: 15638,013296473118,-3,
2017-02-13 09:52:33 INFO AddIdentifyResult: 15639,013297234712,-3,
2017-02-13 09:54:48 INFO AddIdentifyResult: 15639,013297234712,12,
2017-02-13 09:54:56 INFO AddIdentifyResult: 15639,013297234712,10,reg/013297234712_0213095403|reg/013297234712_0213095403|reg/013297234712_
2017-02-13 09:54:57 INFO UpdateUserState: 013297234712,1
2017-02-13 09:55:08 INFO AddIdentifyResult: 15638,013296473118,11,reg/013296473118_|reg/013296473118_|reg/013296473118_
2017-02-13 09:55:26 INFO AddIdentifyResult: 15640,013296473118,-1,
2017-02-13 09:55:26 INFO AddIdentifyResult: 15641,013297234712,-1,
2017-02-13 09:55:34 INFO AddIdentifyResult: 15640,013296473118,-3,
2017-02-13 09:56:31 INFO AddIdentifyResult: 15642,013297234712,-1,
2017-02-13 09:56:43 INFO AddIdentifyResult: 15642,013297234712,-3,
2017-02-13 09:57:04 INFO AddIdentifyResult: 15643,18972643659,-1,
2017-02-13 09:57:12 INFO AddIdentifyResult: 15643,18972643659,-3,
2017-02-13 09:57:35 INFO AddIdentifyResult: 15642,013297234712,0,ver/02/13/095813_013297234712.wav
2017-02-13 09:58:52 INFO AddIdentifyResult: 15643,18972643659,12,
2017-02-13 09:58:59 INFO AddIdentifyResult: 15643,18972643659,10,reg/18972643659_0213095842|reg/18972643659_0213095842|reg/18972643659_
2017-02-13 09:58:59 INFO UpdateUserState: 18972643659,1
2017-02-13 09:59:38 INFO AddIdentifyResult: 15640,013296473118,12,
2017-02-13 09:59:45 INFO AddIdentifyResult: 15640,013296473118,10,reg/013296473118_0213100026|reg/013296473118_0213100026|reg/013296473118_0213095703
2017-02-13 09:59:45 INFO UpdateUserState: 013296473118,1
2017-02-13 10:00:24 INFO AddIdentifyResult: 15644,013296472976,-1,
2017-02-13 10:01:38 INFO AddIdentifyResult: 0,18972643659,0,ver/02/13/100216_18972643659.wav
2017-02-13 10:03:32 INFO AddIdentifyResult: 15646,013297234712,-1,
2017-02-13 10:03:47 INFO AddIdentifyResult: 15647,013042703577,-1,
2017-02-13 10:04:12 INFO AddIdentifyResult: 15647,013042703577,-3,
2017-02-13 10:05:22 INFO AddIdentifyResult: 15648,18972647107,-1,
2017-02-13 10:05:35 INFO AddIdentifyResult: 15648,18972647107,-3,
2017-02-13 10:06:13 INFO AddIdentifyResult: 15647,013042703577,12,
2017-02-13 10:06:17 INFO AddIdentifyResult: 15649,013296472976,-1,
2017-02-13 10:06:20 INFO AddIdentifyResult: 15647,013042703577,10,reg/013042703577_0213100542|reg/013042703577_0213100542|reg/013042703577_
2017-02-13 10:06:21 INFO UpdateUserState: 013042703577,1
2017-02-13 10:06:27 INFO AddIdentifyResult: 15649,013296472976,-3,
2017-02-13 10:06:45 INFO AddIdentifyResult: 15650,013042703577,-1,
2017-02-13 10:06:59 INFO AddIdentifyResult: 15650,013042703577,-3,
2017-02-13 10:07:45 INFO AddIdentifyResult: 15651,013082391623,-1,
2017-02-13 10:07:50 INFO AddIdentifyResult: 15650,013042703577,0,ver/02/13/100829_013042703577.wav
2017-02-13 10:08:12 INFO AddIdentifyResult: 15648,18972647107,12,
2017-02-13 10:08:14 INFO AddIdentifyResult: 15649,013296472976,12,
2017-02-13 10:08:19 INFO AddIdentifyResult: 15652,013082391623,-1,
2017-02-13 10:08:22 INFO AddIdentifyResult: 15648,18972647107,10,reg/18972647107_0213100705|reg/18972647107_0213100705|reg/18972647107_
2017-02-13 10:08:22 INFO UpdateUserState: 18972647107,1
2017-02-13 10:08:30 INFO AddIdentifyResult: 15649,013296472976,10,reg/013296472976_0213100757|reg/013296472976_0213100757|reg/013296472976_
2017-02-13 10:08:31 INFO UpdateUserState: 013296472976,1
2017-02-13 10:08:32 INFO AddIdentifyResult: 15652,013082391623,-3,
2017-02-13 10:10:01 INFO AddIdentifyResult: 15652,013082391623,12,
2017-02-13 10:10:08 INFO AddIdentifyResult: 15652,013082391623,10,reg/013082391623_0213101002|reg/013082391623_0213101002|reg/013082391623_
2017-02-13 10:10:08 INFO UpdateUserState: 013082391623,1
2017-02-13 10:10:14 INFO AddIdentifyResult: 15653,013295466138,-1,
2017-02-13 10:10:25 INFO AddIdentifyResult: 15653,013295466138,-3,
2017-02-13 10:10:39 INFO AddIdentifyResult: 15654,013082391623,-1,
2017-02-13 10:10:46 INFO AddIdentifyResult: 15654,013082391623,-3,
2017-02-13 10:11:15 INFO AddIdentifyResult: 0,18972647107,0,ver/02/13/101153_18972647107.wav
2017-02-13 10:11:38 INFO AddIdentifyResult: 15654,013082391623,0,ver/02/13/101216_013082391623.wav
2017-02-13 10:12:18 INFO AddIdentifyResult: 15653,013295466138,12,
2017-02-13 10:12:26 INFO AddIdentifyResult: 15653,013295466138,10,reg/013295466138_0213101155|reg/013295466138_0213101155|reg/013295466138_
2017-02-13 10:12:26 INFO UpdateUserState: 013295466138,1
2017-02-13 10:13:48 INFO AddIdentifyResult: 15656,18972659903,-1,
2017-02-13 10:13:51 INFO AddIdentifyResult: 15657,013230208892,-1,
2017-02-13 10:13:56 INFO AddIdentifyResult: 15658,13042703577,-1,
2017-02-13 10:13:58 INFO AddIdentifyResult: 15656,18972659903,-3,
2017-02-13 10:14:04 INFO AddIdentifyResult: 15657,013230208892,-3,
2017-02-13 10:15:33 INFO AddIdentifyResult: 15657,013230208892,12,
2017-02-13 10:15:41 INFO AddIdentifyResult: 15657,013230208892,10,reg/013230208892_0213101534|reg/013230208892_0213101534|reg/013230208892_
2017-02-13 10:15:41 INFO UpdateUserState: 013230208892,1
2017-02-13 10:15:46 INFO AddIdentifyResult: 15659,18972659903,-1,
2017-02-13 10:15:51 INFO AddIdentifyResult: 15660,013230208892,-1,
2017-02-13 10:15:57 INFO AddIdentifyResult: 15660,013230208892,-3,
2017-02-13 10:16:22 INFO AddIdentifyResult: 15661,013287382910,-1,
2017-02-13 10:16:31 INFO AddIdentifyResult: 15661,013287382910,-3,
2017-02-13 10:16:44 INFO AddIdentifyResult: 15656,18972659903,11,reg/18972659903_|reg/18972659903_|reg/18972659903_
2017-02-13 10:16:49 INFO AddIdentifyResult: 15660,013230208892,0,ver/02/13/101727_013230208892.wav
2017-02-13 10:16:52 INFO AddIdentifyResult: 15662,18972659903,-1,
2017-02-13 10:17:01 INFO AddIdentifyResult: 15662,18972659903,-3,
2017-02-13 10:18:10 INFO AddIdentifyResult: 15663,018107258751,-1,
2017-02-13 10:18:24 INFO AddIdentifyResult: 15663,018107258751,-3,
2017-02-13 10:19:10 INFO AddIdentifyResult: 15661,013287382910,12,
2017-02-13 10:19:21 INFO AddIdentifyResult: 15661,013287382910,10,reg/013287382910_0213101801|reg/013287382910_0213101801|reg/013287382910_
2017-02-13 10:19:21 INFO UpdateUserState: 013287382910,1
2017-02-13 10:19:38 INFO AddIdentifyResult: 15662,18972659903,12,
2017-02-13 10:19:48 INFO AddIdentifyResult: 15662,18972659903,10,reg/18972659903_0213102000|reg/18972659903_0213102000|reg/18972659903_0213101831
2017-02-13 10:19:48 INFO UpdateUserState: 18972659903,1
2017-02-13 10:19:54 INFO AddIdentifyResult: 15664,015194975220,-1,
2017-02-13 10:20:03 INFO AddIdentifyResult: 15664,015194975220,-3,
2017-02-13 10:20:08 INFO AddIdentifyResult: 15663,018107258751,12,
2017-02-13 10:20:16 INFO AddIdentifyResult: 15663,018107258751,10,reg/018107258751_0213101953|reg/018107258751_0213101953|reg/018107258751_
2017-02-13 10:20:16 INFO UpdateUserState: 018107258751,1
2017-02-13 10:20:22 INFO AddIdentifyResult: 15665,013287383278,-1,
2017-02-13 10:20:26 INFO AddIdentifyResult: 15666,018107258751,-1,
2017-02-13 10:20:36 INFO AddIdentifyResult: 15665,013287383278,-3,
2017-02-13 10:21:00 INFO AddIdentifyResult: 15667,018107258751,-1,
2017-02-13 10:21:08 INFO AddIdentifyResult: 15667,018107258751,-3,
2017-02-13 10:22:00 INFO AddIdentifyResult: 15667,018107258751,0,ver/02/13/102238_018107258751.wav
2017-02-13 10:22:13 INFO AddIdentifyResult: 0,18972659903,0,ver/02/13/102251_18972659903.wav
2017-02-13 10:22:15 INFO AddIdentifyResult: 15664,015194975220,12,
2017-02-13 10:22:23 INFO AddIdentifyResult: 15664,015194975220,10,reg/015194975220_0213102308|reg/015194975220_0213102308|reg/015194975220_0213102133
2017-02-13 10:22:23 INFO UpdateUserState: 015194975220,1
2017-02-13 10:22:36 INFO AddIdentifyResult: 15669,015194975220,-1,
2017-02-13 10:22:42 INFO AddIdentifyResult: 15669,015194975220,-3,
2017-02-13 10:22:49 INFO AddIdentifyResult: 15670,015231979391,-1,
2017-02-13 10:23:01 INFO AddIdentifyResult: 15670,015231979391,-3,
2017-02-13 10:23:07 INFO AddIdentifyResult: 15665,013287383278,12,
2017-02-13 10:23:17 INFO AddIdentifyResult: 15665,013287383278,10,reg/013287383278_0213102206|reg/013287383278_0213102206|reg/013287383278_
2017-02-13 10:23:17 INFO UpdateUserState: 013287383278,1
2017-02-13 10:23:33 INFO AddIdentifyResult: 15669,015194975220,0,ver/02/13/102412_015194975220.wav
2017-02-13 10:24:54 INFO AddIdentifyResult: 15670,015231979391,12,
2017-02-13 10:25:01 INFO AddIdentifyResult: 15670,015231979391,10,reg/015231979391_0213102559|reg/015231979391_0213102559|reg/015231979391_0213102430
2017-02-13 10:25:01 INFO UpdateUserState: 015231979391,1
2017-02-13 10:25:08 INFO AddIdentifyResult: 15671,015231979391,-1,
2017-02-13 10:25:14 INFO AddIdentifyResult: 15671,015231979391,-3,
2017-02-13 10:26:06 INFO AddIdentifyResult: 15671,015231979391,0,ver/02/13/102644_015231979391.wav
2017-02-13 10:27:31 INFO AddIdentifyResult: 0,18186945919,1,
2017-02-13 10:28:12 INFO AddIdentifyResult: 15673,015633783980,-1,
2017-02-13 10:28:18 INFO AddIdentifyResult: 15673,015633783980,-3,
2017-02-13 10:28:54 INFO AddIdentifyResult: 15674,013082398223,-1,
2017-02-13 10:29:03 INFO AddIdentifyResult: 15674,013082398223,-3,
2017-02-13 10:29:47 INFO AddIdentifyResult: 15673,015633783980,12,
2017-02-13 10:29:54 INFO AddIdentifyResult: 15673,015633783980,10,reg/015633783980_0213102947|reg/015633783980_0213102947|reg/015633783980_
2017-02-13 10:29:55 INFO UpdateUserState: 015633783980,1
2017-02-13 10:29:56 INFO AddIdentifyResult: 15675,013705463635,-1,
2017-02-13 10:30:01 INFO AddIdentifyResult: 15676,015633783980,-1,
2017-02-13 10:30:08 INFO AddIdentifyResult: 15676,015633783980,-3,
2017-02-13 10:30:16 INFO AddIdentifyResult: 15675,013705463635,-3,
2017-02-13 10:30:39 INFO AddIdentifyResult: 15674,013082398223,12,
2017-02-13 10:30:46 INFO AddIdentifyResult: 15674,013082398223,10,reg/013082398223_0213103032|reg/013082398223_0213103032|reg/013082398223_
2017-02-13 10:30:46 INFO UpdateUserState: 013082398223,1
2017-02-13 10:30:51 INFO AddIdentifyResult: 15677,013082398223,-1,
2017-02-13 10:30:56 INFO AddIdentifyResult: 15677,013082398223,-3,
2017-02-13 10:31:00 INFO AddIdentifyResult: 15676,015633783980,0,ver/02/13/103138_015633783980.wav
2017-02-13 10:31:49 INFO AddIdentifyResult: 15677,013082398223,0,ver/02/13/103227_013082398223.wav
2017-02-13 10:32:33 INFO AddIdentifyResult: 15675,013705463635,12,
2017-02-13 10:32:42 INFO AddIdentifyResult: 15675,013705463635,10,reg/013705463635_0213103146|reg/013705463635_0213103146|reg/013705463635_
2017-02-13 10:32:42 INFO UpdateUserState: 013705463635,1
2017-02-13 10:32:47 INFO AddIdentifyResult: 15678,013245463686,-1,
2017-02-13 10:33:00 INFO AddIdentifyResult: 15678,013245463686,-3,
2017-02-13 10:34:27 INFO AddIdentifyResult: 15679,013297649615,-1,
2017-02-13 10:34:51 INFO AddIdentifyResult: 15678,013245463686,12,
2017-02-13 10:34:57 INFO AddIdentifyResult: 15678,013245463686,10,reg/013245463686_0213103430|reg/013245463686_0213103430|reg/013245463686_
2017-02-13 10:34:58 INFO UpdateUserState: 013245463686,1
2017-02-13 10:35:15 INFO AddIdentifyResult: 15680,013705463635,-1,
2017-02-13 10:35:42 INFO AddIdentifyResult: 15680,013705463635,-3,
2017-02-13 10:36:09 INFO AddIdentifyResult: 15681,015632230915,-1,
2017-02-13 10:36:17 INFO AddIdentifyResult: 15681,015632230915,-3,
2017-02-13 10:36:35 INFO AddIdentifyResult: 15680,013705463635,0,ver/02/13/103713_013705463635.wav
2017-02-13 10:37:20 INFO AddIdentifyResult: 15682,013297649615,-1,
2017-02-13 10:37:46 INFO AddIdentifyResult: 15682,013297649615,-3,
2017-02-13 10:38:07 INFO AddIdentifyResult: 15682,013297649615,11,reg/013297649615_|reg/013297649615_|reg/013297649615_
2017-02-13 10:38:43 INFO AddIdentifyResult: 15683,18972647717,-1,
2017-02-13 10:38:46 INFO AddIdentifyResult: 15681,015632230915,12,
2017-02-13 10:38:51 INFO AddIdentifyResult: 15683,18972647717,-3,
2017-02-13 10:38:53 INFO AddIdentifyResult: 15681,015632230915,10,reg/015632230915_0213103920|reg/015632230915_0213103920|reg/015632230915_0213103747
2017-02-13 10:38:53 INFO UpdateUserState: 015632230915,1
2017-02-13 10:38:57 INFO AddIdentifyResult: 15684,015632230915,-1,
2017-02-13 10:39:11 INFO AddIdentifyResult: 15684,015632230915,-3,
2017-02-13 10:39:29 INFO AddIdentifyResult: 15685,013297649615,-1,
2017-02-13 10:39:49 INFO AddIdentifyResult: 15685,013297649615,-3,
2017-02-13 10:40:02 INFO AddIdentifyResult: 15684,015632230915,0,ver/02/13/104041_015632230915.wav
2017-02-13 10:40:26 INFO AddIdentifyResult: 15683,18972647717,12,
2017-02-13 10:40:33 INFO AddIdentifyResult: 15683,18972647717,10,reg/18972647717_0213104020|reg/18972647717_0213104020|reg/18972647717_
2017-02-13 10:40:33 INFO UpdateUserState: 18972647717,1
2017-02-13 10:41:12 INFO AddIdentifyResult: 15686,013287330092,-1,
2017-02-13 10:41:34 INFO AddIdentifyResult: 15686,013287330092,-3,
2017-02-13 10:42:39 INFO AddIdentifyResult: 15687,013296473518,-1,
2017-02-13 10:42:46 INFO AddIdentifyResult: 15687,013296473518,-3,
2017-02-13 10:42:50 INFO AddIdentifyResult: 0,18972647717,0,ver/02/13/104328_18972647717.wav
2017-02-13 10:42:58 INFO AddIdentifyResult: 15689,013131206653,-1,
2017-02-13 10:43:03 INFO AddIdentifyResult: 15689,013131206653,-3,
2017-02-13 10:43:16 INFO AddIdentifyResult: 15690,013297649615,-1,
2017-02-13 10:43:30 INFO AddIdentifyResult: 15691,013297649615,-1,
2017-02-13 10:43:32 INFO AddIdentifyResult: 15687,013296473518,11,reg/013296473518_|reg/013296473518_|reg/013296473518_
2017-02-13 10:43:46 INFO AddIdentifyResult: 15686,013287330092,12,
2017-02-13 10:43:55 INFO AddIdentifyResult: 15686,013287330092,10,reg/013287330092_0213104304|reg/013287330092_0213104304|reg/013287330092_
2017-02-13 10:43:55 INFO UpdateUserState: 013287330092,1
2017-02-13 10:44:05 INFO AddIdentifyResult: 15691,013297649615,-3,
2017-02-13 10:45:00 INFO AddIdentifyResult: 15689,013131206653,12,
2017-02-13 10:45:08 INFO AddIdentifyResult: 15689,013131206653,10,reg/013131206653_0213104558|reg/013131206653_0213104558|reg/013131206653_0213104433
2017-02-13 10:45:08 INFO UpdateUserState: 013131206653,1
2017-02-13 10:45:17 INFO AddIdentifyResult: 15692,013131206653,-1,
2017-02-13 10:45:23 INFO AddIdentifyResult: 15692,013131206653,-3,
2017-02-13 10:45:34 INFO AddIdentifyResult: 15693,013296473518,-1,
2017-02-13 10:45:42 INFO AddIdentifyResult: 15693,013296473518,-3,
2017-02-13 10:46:15 INFO AddIdentifyResult: 15692,013131206653,0,ver/02/13/104653_013131206653.wav
2017-02-13 10:47:25 INFO AddIdentifyResult: 15691,013297649615,11,reg/013297649615_|reg/013297649615_|reg/013297649615_
2017-02-13 10:47:55 INFO AddIdentifyResult: 15693,013296473518,12,
2017-02-13 10:48:01 INFO AddIdentifyResult: 15685,013297649615,11,reg/013297649615_|reg/013297649615_|reg/013297649615_
2017-02-13 10:48:03 INFO AddIdentifyResult: 15693,013296473518,10,reg/013296473518_0213104712|reg/013296473518_0213104712|reg/013296473518_
2017-02-13 10:48:03 INFO UpdateUserState: 013296473518,1
2017-02-13 10:48:27 INFO AddIdentifyResult: 15694,013296473518,-1,
2017-02-13 10:48:35 INFO AddIdentifyResult: 15694,013296473518,-3,
2017-02-13 10:49:16 INFO AddIdentifyResult: 15695,013082356823,-1,
2017-02-13 10:49:23 INFO AddIdentifyResult: 15695,013082356823,-3,
2017-02-13 10:49:26 INFO AddIdentifyResult: 15694,013296473518,0,ver/02/13/105005_013296473518.wav
2017-02-13 10:49:30 INFO AddIdentifyResult: 15696,013297649615,-1,
2017-02-13 10:50:43 INFO AddIdentifyResult: 15697,013297649615,-1,
2017-02-13 10:50:56 INFO AddIdentifyResult: 15695,013082356823,12,
2017-02-13 10:50:57 INFO AddIdentifyResult: 15697,013297649615,-3,
2017-02-13 10:51:03 INFO AddIdentifyResult: 15695,013082356823,10,reg/013082356823_0213105053|reg/013082356823_0213105053|reg/013082356823_
2017-02-13 10:51:03 INFO UpdateUserState: 013082356823,1
2017-02-13 10:51:09 INFO AddIdentifyResult: 15698,013082356823,-1,
2017-02-13 10:51:11 INFO AddIdentifyResult: 15699,013287329285,-1,
2017-02-13 10:51:20 INFO AddIdentifyResult: 15698,013082356823,-3,
2017-02-13 10:52:13 INFO AddIdentifyResult: 15698,013082356823,0,ver/02/13/105251_013082356823.wav
2017-02-13 10:52:20 INFO AddIdentifyResult: 15700,013287329285,-1,
2017-02-13 10:52:34 INFO AddIdentifyResult: 15700,013287329285,-3,
2017-02-13 10:53:19 INFO AddIdentifyResult: 15697,013297649615,12,
2017-02-13 10:53:26 INFO AddIdentifyResult: 15697,013297649615,10,reg/013297649615_0213105411|reg/013297649615_0213105411|reg/013297649615_0213105227
2017-02-13 10:53:26 INFO UpdateUserState: 013297649615,1
2017-02-13 10:53:55 INFO AddIdentifyResult: 15701,013297649615,-1,
2017-02-13 10:54:06 INFO AddIdentifyResult: 15701,013297649615,-3,
2017-02-13 10:54:51 INFO AddIdentifyResult: 15700,013287329285,12,
2017-02-13 10:54:54 INFO AddIdentifyResult: 15702,013171876516,-1,
2017-02-13 10:54:56 INFO AddIdentifyResult: 15701,013297649615,0,ver/02/13/105534_013297649615.wav
2017-02-13 10:55:00 INFO AddIdentifyResult: 15700,013287329285,10,reg/013287329285_0213105404|reg/013287329285_0213105404|reg/013287329285_
2017-02-13 10:55:00 INFO UpdateUserState: 013287329285,1
2017-02-13 10:55:02 INFO AddIdentifyResult: 15702,013171876516,-3,
2017-02-13 10:56:24 INFO AddIdentifyResult: 15703,013297649615,-1,
2017-02-13 10:56:28 INFO AddIdentifyResult: 15702,013171876516,12,
2017-02-13 10:56:30 INFO AddIdentifyResult: 15704,013290312839,-1,
2017-02-13 10:56:31 INFO AddIdentifyResult: 15705,013230207928,-1,
2017-02-13 10:56:35 INFO AddIdentifyResult: 15702,013171876516,10,reg/013171876516_0213105632|reg/013171876516_0213105632|reg/013171876516_
2017-02-13 10:56:35 INFO UpdateUserState: 013171876516,1
2017-02-13 10:56:36 INFO AddIdentifyResult: 15704,013290312839,-3,
2017-02-13 10:56:44 INFO AddIdentifyResult: 15706,013171876516,-1,
2017-02-13 10:56:48 INFO AddIdentifyResult: 15706,013171876516,-3,
2017-02-13 10:57:06 INFO AddIdentifyResult: 15705,013230207928,-3,
2017-02-13 10:57:40 INFO AddIdentifyResult: 15706,013171876516,0,ver/02/13/105818_013171876516.wav
2017-02-13 10:58:16 INFO AddIdentifyResult: 15704,013290312839,12,
2017-02-13 10:58:23 INFO AddIdentifyResult: 15704,013290312839,10,reg/013290312839_0213105806|reg/013290312839_0213105806|reg/013290312839_
2017-02-13 10:58:23 INFO UpdateUserState: 013290312839,1
2017-02-13 10:58:52 INFO AddIdentifyResult: 15707,013290312839,-1,
2017-02-13 10:59:01 INFO AddIdentifyResult: 15707,013290312839,-3,
2017-02-13 10:59:23 INFO AddIdentifyResult: 15705,013230207928,12,
2017-02-13 10:59:30 INFO AddIdentifyResult: 15705,013230207928,10,reg/013230207928_0213105836|reg/013230207928_0213105836|reg/013230207928_
2017-02-13 10:59:30 INFO UpdateUserState: 013230207928,1
2017-02-13 10:59:52 INFO AddIdentifyResult: 15707,013290312839,0,ver/02/13/110031_013290312839.wav
2017-02-13 11:00:18 INFO AddIdentifyResult: 15708,015572882192,-1,
2017-02-13 11:00:19 INFO AddIdentifyResult: 15709,013230207928,-1,
2017-02-13 11:00:26 INFO AddIdentifyResult: 15708,015572882192,-3,
2017-02-13 11:00:33 INFO AddIdentifyResult: 15709,013230207928,-3,
2017-02-13 11:00:34 INFO AddIdentifyResult: 15710,013297649375,-1,
2017-02-13 11:00:58 INFO AddIdentifyResult: 15710,013297649375,-3,
2017-02-13 11:01:24 INFO AddIdentifyResult: 15709,013230207928,0,ver/02/13/110203_013230207928.wav
2017-02-13 11:01:25 INFO AddIdentifyResult: 15711,013021870580,-1,
2017-02-13 11:01:32 INFO AddIdentifyResult: 15711,013021870580,-3,
2017-02-13 11:01:58 INFO AddIdentifyResult: 15708,015572882192,12,
2017-02-13 11:02:06 INFO AddIdentifyResult: 15708,015572882192,10,reg/015572882192_0213110156|reg/015572882192_0213110156|reg/015572882192_
2017-02-13 11:02:06 INFO UpdateUserState: 015572882192,1
2017-02-13 11:02:16 INFO AddIdentifyResult: 15712,015572882192,-1,
2017-02-13 11:02:25 INFO AddIdentifyResult: 15712,015572882192,-3,
2017-02-13 11:02:54 INFO AddIdentifyResult: 15710,013297649375,12,
2017-02-13 11:03:01 INFO AddIdentifyResult: 15710,013297649375,10,reg/013297649375_0213110228|reg/013297649375_0213110228|reg/013297649375_
2017-02-13 11:03:01 INFO UpdateUserState: 013297649375,1
2017-02-13 11:03:18 INFO AddIdentifyResult: 15712,015572882192,0,ver/02/13/110355_015572882192.wav
2017-02-13 11:03:20 INFO AddIdentifyResult: 15711,013021870580,12,
2017-02-13 11:03:27 INFO AddIdentifyResult: 15711,013021870580,10,reg/013021870580_0213110302|reg/013021870580_0213110302|reg/013021870580_
2017-02-13 11:03:27 INFO UpdateUserState: 013021870580,1
2017-02-13 11:03:28 INFO AddIdentifyResult: 15713,013297649375,-1,
2017-02-13 11:03:34 INFO AddIdentifyResult: 15714,013021870580,-1,
2017-02-13 11:03:40 INFO AddIdentifyResult: 15714,013021870580,-3,
2017-02-13 11:03:48 INFO AddIdentifyResult: 15713,013297649375,-3,
2017-02-13 11:04:23 INFO AddIdentifyResult: 15715,013287380106,-1,
2017-02-13 11:04:32 INFO AddIdentifyResult: 15714,013021870580,0,ver/02/13/110511_013021870580.wav
2017-02-13 11:04:34 INFO AddIdentifyResult: 15715,013287380106,-3,
2017-02-13 11:04:40 INFO AddIdentifyResult: 15713,013297649375,1,ver/02/13/110519_013297649375.wav
2017-02-13 11:04:59 INFO AddIdentifyResult: 15715,013287380106,11,reg/013287380106_|reg/013287380106_|reg/013287380106_
2017-02-13 11:05:35 INFO AddIdentifyResult: 15716,013297649375,-1,
2017-02-13 11:05:46 INFO AddIdentifyResult: 15717,013287380106,-1,
2017-02-13 11:05:56 INFO AddIdentifyResult: 15717,013287380106,-3,
2017-02-13 11:06:05 INFO AddIdentifyResult: 15716,013297649375,-3,
2017-02-13 11:06:56 INFO AddIdentifyResult: 15716,013297649375,0,ver/02/13/110735_013297649375.wav
2017-02-13 11:07:57 INFO AddIdentifyResult: 15717,013287380106,12,
2017-02-13 11:08:05 INFO AddIdentifyResult: 15717,013287380106,10,reg/013287380106_0213110726|reg/013287380106_0213110726|reg/013287380106_
2017-02-13 11:08:05 INFO UpdateUserState: 013287380106,1
2017-02-13 11:08:38 INFO AddIdentifyResult: 15718,013181864547,-1,
2017-02-13 11:08:47 INFO AddIdentifyResult: 15718,013181864547,-3,
2017-02-13 11:10:01 INFO AddIdentifyResult: 15719,013103328923,-1,
2017-02-13 11:10:07 INFO AddIdentifyResult: 15719,013103328923,-3,
2017-02-13 11:10:57 INFO AddIdentifyResult: 15718,013181864547,12,
2017-02-13 11:11:04 INFO AddIdentifyResult: 15718,013181864547,10,reg/013181864547_0213111155|reg/013181864547_0213111155|reg/013181864547_0213111017
2017-02-13 11:11:05 INFO UpdateUserState: 013181864547,1
2017-02-13 11:11:58 INFO AddIdentifyResult: 15720,018171961048,-1,
2017-02-13 11:12:02 INFO AddIdentifyResult: 15721,013287380106,-1,
2017-02-13 11:12:11 INFO AddIdentifyResult: 15719,013103328923,11,reg/013103328923_|reg/013103328923_|reg/013103328923_
2017-02-13 11:12:14 INFO AddIdentifyResult: 15721,013287380106,-3,
2017-02-13 11:12:14 INFO AddIdentifyResult: 15720,018171961048,-3,
2017-02-13 11:12:38 INFO AddIdentifyResult: 15722,013103328923,-1,
2017-02-13 11:12:53 INFO AddIdentifyResult: 15722,013103328923,-3,
2017-02-13 11:13:06 INFO AddIdentifyResult: 15721,013287380106,0,ver/02/13/111344_013287380106.wav
2017-02-13 11:13:22 INFO AddIdentifyResult: 15723,015027808963,-1,
2017-02-13 11:13:30 INFO AddIdentifyResult: 15723,015027808963,-3,
2017-02-13 11:14:11 INFO AddIdentifyResult: 15724,013287381660,-1,
2017-02-13 11:14:24 INFO AddIdentifyResult: 15724,013287381660,-3,
2017-02-13 11:14:34 INFO AddIdentifyResult: 15720,018171961048,12,
2017-02-13 11:14:41 INFO AddIdentifyResult: 15720,018171961048,10,reg/018171961048_0213111532|reg/018171961048_0213111532|reg/018171961048_0213111344
2017-02-13 11:14:41 INFO UpdateUserState: 018171961048,1
2017-02-13 11:14:53 INFO AddIdentifyResult: 15725,018171961048,-1,
2017-02-13 11:14:54 INFO AddIdentifyResult: 15722,013103328923,12,
2017-02-13 11:15:01 INFO AddIdentifyResult: 15722,013103328923,10,reg/013103328923_0213111423|reg/013103328923_0213111423|reg/013103328923_
2017-02-13 11:15:01 INFO UpdateUserState: 013103328923,1
2017-02-13 11:15:05 INFO AddIdentifyResult: 15726,013103328923,-1,
2017-02-13 11:15:06 INFO AddIdentifyResult: 15725,018171961048,-3,
2017-02-13 11:15:12 INFO AddIdentifyResult: 15726,013103328923,-3,
2017-02-13 11:15:26 INFO AddIdentifyResult: 15723,015027808963,12,
2017-02-13 11:15:33 INFO AddIdentifyResult: 15723,015027808963,10,reg/015027808963_0213111631|reg/015027808963_0213111631|reg/015027808963_0213111500
2017-02-13 11:15:33 INFO UpdateUserState: 015027808963,1
2017-02-13 11:15:49 INFO AddIdentifyResult: 15727,015027808963,-1,
2017-02-13 11:15:55 INFO AddIdentifyResult: 15727,015027808963,-3,
2017-02-13 11:15:57 INFO AddIdentifyResult: 15725,018171961048,0,ver/02/13/111636_018171961048.wav
2017-02-13 11:16:03 INFO AddIdentifyResult: 15726,013103328923,0,ver/02/13/111642_013103328923.wav
2017-02-13 11:16:18 INFO AddIdentifyResult: 15724,013287381660,12,
2017-02-13 11:16:26 INFO AddIdentifyResult: 15724,013287381660,10,reg/013287381660_0213111554|reg/013287381660_0213111554|reg/013287381660_
2017-02-13 11:16:26 INFO UpdateUserState: 013287381660,1
2017-02-13 11:16:44 INFO AddIdentifyResult: 15728,013287381660,-1,
2017-02-13 11:16:47 INFO AddIdentifyResult: 15727,015027808963,0,ver/02/13/111725_015027808963.wav
2017-02-13 11:16:54 INFO AddIdentifyResult: 15728,013287381660,-3,
2017-02-13 11:17:45 INFO AddIdentifyResult: 15728,013287381660,0,ver/02/13/111824_013287381660.wav
2017-02-13 11:20:18 INFO AddIdentifyResult: 15729,015933747068,-1,
2017-02-13 11:20:27 INFO AddIdentifyResult: 15729,015933747068,-3,
2017-02-13 11:21:39 INFO AddIdentifyResult: 15730,15337321251,-1,
2017-02-13 11:22:05 INFO AddIdentifyResult: 15729,015933747068,12,
2017-02-13 11:22:12 INFO AddIdentifyResult: 15729,015933747068,10,reg/015933747068_0213112156|reg/015933747068_0213112156|reg/015933747068_
2017-02-13 11:22:12 INFO UpdateUserState: 015933747068,1
2017-02-13 11:22:15 INFO AddIdentifyResult: 15731,015933747068,-1,
2017-02-13 11:22:22 INFO AddIdentifyResult: 15731,015933747068,-3,
2017-02-13 11:22:35 INFO AddIdentifyResult: 15730,15337321251,-3,
2017-02-13 11:22:43 INFO AddIdentifyResult: 15732,013180226079,-1,
2017-02-13 11:22:52 INFO AddIdentifyResult: 15732,013180226079,-3,
2017-02-13 11:23:14 INFO AddIdentifyResult: 15731,015933747068,0,ver/02/13/112352_015933747068.wav
2017-02-13 11:24:45 INFO AddIdentifyResult: 15732,013180226079,12,
2017-02-13 11:24:52 INFO AddIdentifyResult: 15732,013180226079,10,reg/013180226079_0213112555|reg/013180226079_0213112555|reg/013180226079_0213112422
2017-02-13 11:24:52 INFO UpdateUserState: 013180226079,1
2017-02-13 11:24:56 INFO AddIdentifyResult: 15730,15337321251,11,reg/15337321251_|reg/15337321251_|reg/15337321251_
2017-02-13 11:25:22 INFO AddIdentifyResult: 15733,013131268376,-1,
2017-02-13 11:25:24 INFO AddIdentifyResult: 15734,013180226079,-1,
2017-02-13 11:25:27 INFO AddIdentifyResult: 15733,013131268376,-3,
2017-02-13 11:25:32 INFO AddIdentifyResult: 15734,013180226079,-3,
2017-02-13 11:26:24 INFO AddIdentifyResult: 15734,013180226079,0,ver/02/13/112702_013180226079.wav
2017-02-13 11:27:03 INFO AddIdentifyResult: 15733,013131268376,12,
2017-02-13 11:27:10 INFO AddIdentifyResult: 15733,013131268376,10,reg/013131268376_0213112657|reg/013131268376_0213112657|reg/013131268376_
2017-02-13 11:27:11 INFO UpdateUserState: 013131268376,1
2017-02-13 11:27:16 INFO AddIdentifyResult: 15735,013131268376,-1,
2017-02-13 11:27:24 INFO AddIdentifyResult: 15735,013131268376,-3,
2017-02-13 11:28:15 INFO AddIdentifyResult: 15735,013131268376,0,ver/02/13/112854_013131268376.wav
2017-02-13 11:29:12 INFO AddIdentifyResult: 15736,013191686807,-1,
2017-02-13 11:29:18 INFO AddIdentifyResult: 15736,013191686807,-3,
2017-02-13 11:31:59 INFO AddIdentifyResult: 15736,013191686807,12,
2017-02-13 11:32:07 INFO AddIdentifyResult: 15736,013191686807,10,reg/013191686807_0213113254|reg/013191686807_0213113254|reg/013191686807_0213113048
2017-02-13 11:32:07 INFO UpdateUserState: 013191686807,1
2017-02-13 11:32:16 INFO AddIdentifyResult: 15737,015530114798,-1,
2017-02-13 11:32:28 INFO AddIdentifyResult: 15738,013191686807,-1,
2017-02-13 11:32:29 INFO AddIdentifyResult: 15737,015530114798,-3,
2017-02-13 11:32:31 INFO AddIdentifyResult: 15739,013230227528,-1,
2017-02-13 11:32:34 INFO AddIdentifyResult: 15738,013191686807,-3,
2017-02-13 11:32:56 INFO AddIdentifyResult: 15737,015530114798,11,reg/015530114798_|reg/015530114798_|reg/015530114798_
2017-02-13 11:33:02 INFO AddIdentifyResult: 15740,015530224798,-1,
2017-02-13 11:33:08 INFO AddIdentifyResult: 15740,015530224798,-3,
2017-02-13 11:33:25 INFO AddIdentifyResult: 15738,013191686807,0,ver/02/13/113404_013191686807.wav
2017-02-13 11:34:47 INFO AddIdentifyResult: 15740,015530224798,12,
2017-02-13 11:34:54 INFO AddIdentifyResult: 15740,015530224798,10,reg/015530224798_0213113438|reg/015530224798_0213113438|reg/015530224798_
2017-02-13 11:34:54 INFO UpdateUserState: 015530224798,1
2017-02-13 11:34:58 INFO AddIdentifyResult: 15741,015530224798,-1,
2017-02-13 11:35:05 INFO AddIdentifyResult: 15741,015530224798,-3,
2017-02-13 11:35:43 INFO AddIdentifyResult: 15742,015932075274,-1,
2017-02-13 11:35:58 INFO AddIdentifyResult: 15741,015530224798,0,ver/02/13/113636_015530224798.wav
2017-02-13 11:36:00 INFO AddIdentifyResult: 15742,015932075274,-3,
2017-02-13 11:37:50 INFO AddIdentifyResult: 15742,015932075274,12,
2017-02-13 11:37:58 INFO AddIdentifyResult: 15742,015932075274,10,reg/015932075274_0213113730|reg/015932075274_0213113730|reg/015932075274_
2017-02-13 11:37:58 INFO UpdateUserState: 015932075274,1
2017-02-13 11:39:22 INFO AddIdentifyResult: 15743,015932075274,-1,
2017-02-13 11:39:33 INFO AddIdentifyResult: 15743,015932075274,-3,
2017-02-13 11:40:25 INFO AddIdentifyResult: 15743,015932075274,0,ver/02/13/114103_015932075274.wav
2017-02-13 11:40:58 INFO AddIdentifyResult: 0,015553830361,1,
2017-02-13 11:41:10 INFO AddIdentifyResult: 15745,013230227528,-1,
2017-02-13 11:41:17 INFO AddIdentifyResult: 15746,013230220956,-1,
2017-02-13 11:41:18 INFO AddIdentifyResult: 15745,013230227528,-3,
2017-02-13 11:41:26 INFO AddIdentifyResult: 15746,013230220956,-3,
2017-02-13 11:41:57 INFO AddIdentifyResult: 15747,015630237083,-1,
2017-02-13 11:42:04 INFO AddIdentifyResult: 15747,015630237083,-3,
2017-02-13 11:42:34 INFO AddIdentifyResult: 15745,013230227528,11,reg/013230227528_|reg/013230227528_|reg/013230227528_
2017-02-13 11:43:06 INFO AddIdentifyResult: 15748,013230227528,-1,
2017-02-13 11:43:13 INFO AddIdentifyResult: 15748,013230227528,-3,
2017-02-13 11:43:15 INFO AddIdentifyResult: 15746,013230220956,12,
2017-02-13 11:43:22 INFO AddIdentifyResult: 15746,013230220956,10,reg/013230220956_0213114256|reg/013230220956_0213114256|reg/013230220956_
2017-02-13 11:43:22 INFO UpdateUserState: 013230220956,1
2017-02-13 11:44:17 INFO AddIdentifyResult: 15747,015630237083,12,
2017-02-13 11:44:24 INFO AddIdentifyResult: 15747,015630237083,10,reg/015630237083_0213114507|reg/015630237083_0213114507|reg/015630237083_0213114334
2017-02-13 11:44:24 INFO UpdateUserState: 015630237083,1
2017-02-13 11:44:24 INFO AddIdentifyResult: 15749,013230220956,-1,
2017-02-13 11:44:35 INFO AddIdentifyResult: 15749,013230220956,-3,
2017-02-13 11:44:36 INFO AddIdentifyResult: 15750,015630237083,-1,
2017-02-13 11:44:42 INFO AddIdentifyResult: 15750,015630237083,-3,
2017-02-13 11:44:49 INFO AddIdentifyResult: 15748,013230227528,12,
2017-02-13 11:44:57 INFO AddIdentifyResult: 15748,013230227528,10,reg/013230227528_0213114443|reg/013230227528_0213114443|reg/013230227528_
2017-02-13 11:44:57 INFO UpdateUserState: 013230227528,1
2017-02-13 11:45:14 INFO AddIdentifyResult: 15751,013230227528,-1,
2017-02-13 11:45:19 INFO AddIdentifyResult: 15751,013230227528,-3,
2017-02-13 11:45:27 INFO AddIdentifyResult: 15749,013230220956,0,ver/02/13/114606_013230220956.wav
2017-02-13 11:45:33 INFO AddIdentifyResult: 15750,015630237083,0,ver/02/13/114612_015630237083.wav
2017-02-13 11:46:11 INFO AddIdentifyResult: 15751,013230227528,0,ver/02/13/114649_013230227528.wav
2017-02-13 11:49:28 INFO AddIdentifyResult: 15752,018395669108,-1,
2017-02-13 11:50:11 INFO AddIdentifyResult: 15753,018395668108,-1,
2017-02-13 11:50:17 INFO AddIdentifyResult: 15753,018395668108,-3,
2017-02-13 11:50:42 INFO AddIdentifyResult: 15754,013230218329,-1,
2017-02-13 11:50:52 INFO AddIdentifyResult: 15754,013230218329,-3,
2017-02-13 11:52:15 INFO AddIdentifyResult: 15753,018395668108,12,
2017-02-13 11:52:22 INFO AddIdentifyResult: 15753,018395668108,10,reg/018395668108_0213115313|reg/018395668108_0213115313|reg/018395668108_0213115147
2017-02-13 11:52:23 INFO UpdateUserState: 018395668108,1
2017-02-13 11:52:28 INFO AddIdentifyResult: 15755,018395668108,-1,
2017-02-13 11:52:34 INFO AddIdentifyResult: 15755,018395668108,-3,
2017-02-13 11:52:47 INFO AddIdentifyResult: 15754,013230218329,12,
2017-02-13 11:52:54 INFO AddIdentifyResult: 15754,013230218329,10,reg/013230218329_0213115343|reg/013230218329_0213115343|reg/013230218329_0213115222
2017-02-13 11:52:54 INFO UpdateUserState: 013230218329,1
2017-02-13 11:53:02 INFO AddIdentifyResult: 15756,013230218329,-1,
2017-02-13 11:53:10 INFO AddIdentifyResult: 15756,013230218329,-3,
2017-02-13 11:53:26 INFO AddIdentifyResult: 15755,018395668108,0,ver/02/13/115405_018395668108.wav
2017-02-13 11:54:02 INFO AddIdentifyResult: 15756,013230218329,0,ver/02/13/115440_013230218329.wav
2017-02-13 11:56:17 INFO AddIdentifyResult: 15757,013287331380,-1,
2017-02-13 11:56:26 INFO AddIdentifyResult: 15757,013287331380,-3,
2017-02-13 11:58:24 INFO AddIdentifyResult: 15757,013287331380,12,
2017-02-13 11:58:32 INFO AddIdentifyResult: 15757,013287331380,10,reg/013287331380_0213115756|reg/013287331380_0213115756|reg/013287331380_
2017-02-13 11:58:32 INFO UpdateUserState: 013287331380,1
2017-02-13 12:02:43 INFO AddIdentifyResult: 15758,013297217311,-1,
2017-02-13 12:03:06 INFO AddIdentifyResult: 15758,013297217311,-3,
2017-02-13 12:03:52 INFO AddIdentifyResult: 15759,013296477067,-1,
2017-02-13 12:04:02 INFO AddIdentifyResult: 15759,013296477067,-3,
2017-02-13 12:05:05 INFO AddIdentifyResult: 15758,013297217311,12,
2017-02-13 12:05:12 INFO AddIdentifyResult: 15758,013297217311,10,reg/013297217311_0213120436|reg/013297217311_0213120436|reg/013297217311_
2017-02-13 12:05:12 INFO UpdateUserState: 013297217311,1
2017-02-13 12:05:36 INFO AddIdentifyResult: 15760,013297217311,-1,
2017-02-13 12:05:54 INFO AddIdentifyResult: 15759,013296477067,12,
2017-02-13 12:05:59 INFO AddIdentifyResult: 15760,013297217311,-3,
2017-02-13 12:06:03 INFO AddIdentifyResult: 15759,013296477067,10,reg/013296477067_0213120532|reg/013296477067_0213120532|reg/013296477067_
2017-02-13 12:06:04 INFO UpdateUserState: 013296477067,1
2017-02-13 12:06:08 INFO AddIdentifyResult: 15761,013296477067,-1,
2017-02-13 12:06:14 INFO AddIdentifyResult: 15761,013296477067,-3,
2017-02-13 12:06:51 INFO AddIdentifyResult: 15760,013297217311,1,ver/02/13/120729_013297217311.wav
2017-02-13 12:07:06 INFO AddIdentifyResult: 15761,013296477067,0,ver/02/13/120744_013296477067.wav
2017-02-13 12:07:29 INFO AddIdentifyResult: 15762,013297217311,-1,
2017-02-13 12:07:57 INFO AddIdentifyResult: 15762,013297217311,-3,
2017-02-13 12:08:50 INFO AddIdentifyResult: 15762,013297217311,1,ver/02/13/120928_013297217311.wav
2017-02-13 12:10:18 INFO AddIdentifyResult: 15763,013297217311,-1,
2017-02-13 12:10:34 INFO AddIdentifyResult: 15763,013297217311,-3,
2017-02-13 12:10:58 INFO AddIdentifyResult: 15764,013287376951,-1,
2017-02-13 12:11:13 INFO AddIdentifyResult: 15764,013287376951,-3,
2017-02-13 12:12:37 INFO AddIdentifyResult: 15763,013297217311,12,
2017-02-13 12:12:46 INFO AddIdentifyResult: 15763,013297217311,10,reg/013297217311_0213121204|reg/013297217311_0213121204|reg/013297217311_
2017-02-13 12:12:46 INFO UpdateUserState: 013297217311,1
2017-02-13 12:13:11 INFO AddIdentifyResult: 15765,013297217311,-1,
2017-02-13 12:13:25 INFO AddIdentifyResult: 15765,013297217311,-3,
2017-02-13 12:13:29 INFO AddIdentifyResult: 15764,013287376951,12,
2017-02-13 12:13:38 INFO AddIdentifyResult: 15764,013287376951,10,reg/013287376951_0213121243|reg/013287376951_0213121243|reg/013287376951_
2017-02-13 12:13:38 INFO UpdateUserState: 013287376951,1
2017-02-13 12:14:17 INFO AddIdentifyResult: 15765,013297217311,0,ver/02/13/121456_013297217311.wav
2017-02-13 13:36:13 INFO AddIdentifyResult: 15766,013287373070,-1,
2017-02-13 13:36:21 INFO AddIdentifyResult: 15766,013287373070,-3,
2017-02-13 13:38:29 INFO AddIdentifyResult: 15766,013287373070,12,
2017-02-13 13:38:37 INFO AddIdentifyResult: 15766,013287373070,10,reg/013287373070_0213133930|reg/013287373070_0213133930|reg/013287373070_0213133751
2017-02-13 13:38:37 INFO UpdateUserState: 013287373070,1
2017-02-13 13:39:04 INFO AddIdentifyResult: 15767,013287373070,-1,
2017-02-13 13:39:17 INFO AddIdentifyResult: 15767,013287373070,-3,
2017-02-13 13:40:08 INFO AddIdentifyResult: 15767,013287373070,0,ver/02/13/134047_013287373070.wav
2017-02-13 13:47:59 INFO AddIdentifyResult: 15768,013287369780,-1,
2017-02-13 13:48:15 INFO AddIdentifyResult: 15769,013287369780,-1,
2017-02-13 13:48:29 INFO AddIdentifyResult: 15769,013287369780,-3,
2017-02-13 13:50:54 INFO AddIdentifyResult: 15769,013287369780,12,
2017-02-13 13:51:01 INFO AddIdentifyResult: 15769,013287369780,10,reg/013287369780_0213134959|reg/013287369780_0213134959|reg/013287369780_
2017-02-13 13:51:01 INFO UpdateUserState: 013287369780,1
2017-02-13 13:51:22 INFO AddIdentifyResult: 15770,013287369780,-1,
2017-02-13 13:51:31 INFO AddIdentifyResult: 15770,013287369780,-3,
2017-02-13 13:52:22 INFO AddIdentifyResult: 15770,013287369780,1,ver/02/13/135302_013287369780.wav
2017-02-13 13:52:54 INFO AddIdentifyResult: 15771,013287369780,-1,
2017-02-13 13:53:00 INFO AddIdentifyResult: 15771,013287369780,-3,
2017-02-13 13:53:52 INFO AddIdentifyResult: 15771,013287369780,1,ver/02/13/135431_013287369780.wav
2017-02-13 13:54:46 INFO AddIdentifyResult: 15771,013287369780,2,ver/02/13/135524_013287369780.wav
2017-02-13 13:55:08 INFO AddIdentifyResult: 15772,013287369780,-1,
2017-02-13 13:55:15 INFO AddIdentifyResult: 15772,013287369780,-3,
2017-02-13 13:56:07 INFO AddIdentifyResult: 15772,013287369780,1,ver/02/13/135646_013287369780.wav
2017-02-13 13:57:22 INFO AddIdentifyResult: 15773,013287369780,-1,
2017-02-13 13:57:29 INFO AddIdentifyResult: 15773,013287369780,-3,
2017-02-13 13:57:52 INFO AddIdentifyResult: 15774,013042707577,-1,
2017-02-13 13:58:05 INFO AddIdentifyResult: 15774,013042707577,-3,
2017-02-13 13:59:36 INFO AddIdentifyResult: 15773,013287369780,12,
2017-02-13 13:59:43 INFO AddIdentifyResult: 15773,013287369780,10,reg/013287369780_0213140038|reg/013287369780_0213140038|reg/013287369780_0213135859
2017-02-13 13:59:43 INFO UpdateUserState: 013287369780,1
2017-02-13 13:59:44 INFO AddIdentifyResult: 15775,013287369780,-1,
2017-02-13 13:59:49 INFO AddIdentifyResult: 15775,013287369780,-3,
2017-02-13 13:59:55 INFO AddIdentifyResult: 15774,013042707577,12,
2017-02-13 14:00:03 INFO AddIdentifyResult: 15774,013042707577,10,reg/013042707577_0213135935|reg/013042707577_0213135935|reg/013042707577_
2017-02-13 14:00:03 INFO UpdateUserState: 013042707577,1
2017-02-13 14:00:19 INFO AddIdentifyResult: 15776,013042707577,-1,
2017-02-13 14:00:25 INFO AddIdentifyResult: 15776,013042707577,-3,
2017-02-13 14:00:41 INFO AddIdentifyResult: 15775,013287369780,0,ver/02/13/140120_013287369780.wav
2017-02-13 14:01:17 INFO AddIdentifyResult: 15776,013042707577,0,ver/02/13/140156_013042707577.wav
2017-02-13 14:07:36 INFO AddIdentifyResult: 15777,013287373061,-1,
2017-02-13 14:07:46 INFO AddIdentifyResult: 15777,013287373061,-3,
2017-02-13 14:09:54 INFO AddIdentifyResult: 15777,013287373061,12,
2017-02-13 14:10:03 INFO AddIdentifyResult: 15777,013287373061,10,reg/013287373061_0213140916|reg/013287373061_0213140916|reg/013287373061_
2017-02-13 14:10:03 INFO UpdateUserState: 013287373061,1
2017-02-13 14:10:14 INFO AddIdentifyResult: 15778,013287373061,-1,
2017-02-13 14:10:23 INFO AddIdentifyResult: 15778,013287373061,-3,
2017-02-13 14:11:15 INFO AddIdentifyResult: 15778,013287373061,0,ver/02/13/141154_013287373061.wav
2017-02-13 14:12:27 INFO AddIdentifyResult: 15779,0132873773002,-1,
2017-02-13 14:13:06 INFO AddIdentifyResult: 15780,013287373002,-1,
2017-02-13 14:13:10 INFO AddIdentifyResult: 15780,013287373002,-3,
2017-02-13 14:15:14 INFO AddIdentifyResult: 15780,013287373002,12,
2017-02-13 14:15:21 INFO AddIdentifyResult: 15780,013287373002,10,reg/013287373002_0213141610|reg/013287373002_0213141610|reg/013287373002_0213141440
2017-02-13 14:15:22 INFO UpdateUserState: 013287373002,1
2017-02-13 14:15:24 INFO AddIdentifyResult: 15781,013287373002,-1,
2017-02-13 14:15:35 INFO AddIdentifyResult: 15782,013287373002,-1,
2017-02-13 14:15:36 INFO AddIdentifyResult: 15783,013297231950,-1,
2017-02-13 14:15:47 INFO AddIdentifyResult: 15782,013287373002,-3,
2017-02-13 14:16:38 INFO AddIdentifyResult: 15782,013287373002,0,ver/02/13/141717_013287373002.wav
2017-02-13 14:17:39 INFO AddIdentifyResult: 15784,013297231950,-1,
2017-02-13 14:17:49 INFO AddIdentifyResult: 15784,013297231950,-3,
2017-02-13 14:20:06 INFO AddIdentifyResult: 15784,013297231950,11,reg/013297231950_|reg/013297231950_|reg/013297231950_
2017-02-13 14:20:30 INFO AddIdentifyResult: 15785,013297231950,-1,
2017-02-13 14:21:05 INFO AddIdentifyResult: 15785,013297231950,-3,
2017-02-13 14:22:51 INFO AddIdentifyResult: 15785,013297231950,12,
2017-02-13 14:22:59 INFO AddIdentifyResult: 15785,013297231950,10,reg/013297231950_0213142235|reg/013297231950_0213142235|reg/013297231950_
2017-02-13 14:22:59 INFO UpdateUserState: 013297231950,1
2017-02-13 14:23:44 INFO AddIdentifyResult: 15786,013297231950,-1,
2017-02-13 14:23:59 INFO AddIdentifyResult: 15786,013297231950,-3,
2017-02-13 14:24:51 INFO AddIdentifyResult: 15786,013297231950,0,ver/02/13/142530_013297231950.wav
2017-02-13 14:40:58 INFO AddIdentifyResult: 15787,013296477270,-1,
2017-02-13 14:41:03 INFO AddIdentifyResult: 15788,015632203195,-1,
2017-02-13 14:41:11 INFO AddIdentifyResult: 15787,013296477270,-3,
2017-02-13 14:41:15 INFO AddIdentifyResult: 15788,015632203195,-3,
2017-02-13 14:41:40 INFO AddIdentifyResult: 15789,013297231950,-1,
2017-02-13 14:42:47 INFO AddIdentifyResult: 15787,013296477270,12,
2017-02-13 14:42:50 INFO AddIdentifyResult: 15790,013177329713,-1,
2017-02-13 14:42:55 INFO AddIdentifyResult: 15787,013296477270,10,reg/013296477270_0213144242|reg/013296477270_0213144242|reg/013296477270_
2017-02-13 14:42:56 INFO UpdateUserState: 013296477270,1
2017-02-13 14:43:17 INFO AddIdentifyResult: 15788,015632203195,12,
2017-02-13 14:43:25 INFO AddIdentifyResult: 15788,015632203195,10,reg/015632203195_0213144246|reg/015632203195_0213144246|reg/015632203195_
2017-02-13 14:43:26 INFO UpdateUserState: 015632203195,1
2017-02-13 14:43:26 INFO AddIdentifyResult: 15790,013177329713,-3,
2017-02-13 14:43:33 INFO AddIdentifyResult: 15791,015632203195,-1,
2017-02-13 14:43:44 INFO AddIdentifyResult: 15791,015632203195,-3,
2017-02-13 14:44:36 INFO AddIdentifyResult: 15791,015632203195,0,ver/02/13/144515_015632203195.wav
2017-02-13 14:44:36 INFO AddIdentifyResult: 15792,013177329713,-1,
2017-02-13 14:44:49 INFO AddIdentifyResult: 15792,013177329713,-3,
2017-02-13 14:44:53 INFO AddIdentifyResult: 15792,013177329713,11,reg/013177329713_|reg/013177329713_|reg/013177329713_
2017-02-13 14:44:55 INFO AddIdentifyResult: 15790,013177329713,11,reg/013177329713_|reg/013177329713_|reg/013177329713_
2017-02-13 14:45:14 INFO AddIdentifyResult: 15793,015572882371,-1,
2017-02-13 14:45:19 INFO AddIdentifyResult: 15794,013177329713,-1,
2017-02-13 14:45:24 INFO AddIdentifyResult: 15793,015572882371,-3,
2017-02-13 14:45:33 INFO AddIdentifyResult: 15794,013177329713,-3,
2017-02-13 14:47:00 INFO AddIdentifyResult: 15795,013833084140,-1,
2017-02-13 14:47:20 INFO AddIdentifyResult: 15794,013177329713,12,
2017-02-13 14:47:24 INFO AddIdentifyResult: 15795,013833084140,-3,
2017-02-13 14:47:26 INFO AddIdentifyResult: 15794,013177329713,10,reg/013177329713_0213144704|reg/013177329713_0213144704|reg/013177329713_
2017-02-13 14:47:27 INFO UpdateUserState: 013177329713,1
2017-02-13 14:47:29 INFO AddIdentifyResult: 15793,015572882371,12,
2017-02-13 14:47:36 INFO AddIdentifyResult: 15793,015572882371,10,reg/015572882371_0213144654|reg/015572882371_0213144654|reg/015572882371_
2017-02-13 14:47:37 INFO UpdateUserState: 015572882371,1
2017-02-13 14:47:44 INFO AddIdentifyResult: 15796,013177329713,-1,
2017-02-13 14:47:53 INFO AddIdentifyResult: 15797,015572882371,-1,
2017-02-13 14:48:00 INFO AddIdentifyResult: 15796,013177329713,-3,
2017-02-13 14:48:01 INFO AddIdentifyResult: 15797,015572882371,-3,
2017-02-13 14:48:52 INFO AddIdentifyResult: 15796,013177329713,0,ver/02/13/144931_013177329713.wav
2017-02-13 14:49:02 INFO AddIdentifyResult: 15797,015572882371,0,ver/02/13/144941_015572882371.wav
2017-02-13 14:49:15 INFO AddIdentifyResult: 15795,013833084140,12,
2017-02-13 14:49:22 INFO AddIdentifyResult: 15795,013833084140,10,reg/013833084140_0213145021|reg/013833084140_0213145021|reg/013833084140_0213144854
2017-02-13 14:49:22 INFO UpdateUserState: 013833084140,1
2017-02-13 14:49:32 INFO AddIdentifyResult: 15798,013833084140,-1,
2017-02-13 14:49:43 INFO AddIdentifyResult: 15798,013833084140,-3,
2017-02-13 14:50:35 INFO AddIdentifyResult: 15798,013833084140,0,ver/02/13/145114_013833084140.wav
2017-02-13 14:50:55 INFO AddIdentifyResult: 15799,013287330979,-1,
2017-02-13 14:51:02 INFO AddIdentifyResult: 15799,013287330979,-3,
2017-02-13 14:52:27 INFO AddIdentifyResult: 15800,013147231797,-1,
2017-02-13 14:52:44 INFO AddIdentifyResult: 15800,013147231797,-3,
2017-02-13 14:52:53 INFO AddIdentifyResult: 15799,013287330979,12,
2017-02-13 14:53:00 INFO AddIdentifyResult: 15799,013287330979,10,reg/013287330979_0213145233|reg/013287330979_0213145233|reg/013287330979_
2017-02-13 14:53:01 INFO UpdateUserState: 013287330979,1
2017-02-13 14:54:18 INFO AddIdentifyResult: 15801,018366939806,-1,
2017-02-13 14:54:28 INFO AddIdentifyResult: 15801,018366939806,-3,
2017-02-13 14:54:38 INFO AddIdentifyResult: 15800,013147231797,12,
2017-02-13 14:54:44 INFO AddIdentifyResult: 15800,013147231797,10,reg/013147231797_0213145415|reg/013147231797_0213145415|reg/013147231797_
2017-02-13 14:54:45 INFO UpdateUserState: 013147231797,1
2017-02-13 14:54:45 INFO AddIdentifyResult: 15802,013082399676,-1,
2017-02-13 14:54:54 INFO AddIdentifyResult: 15802,013082399676,-3,
2017-02-13 14:55:08 INFO AddIdentifyResult: 15803,013147231797,-1,
2017-02-13 14:55:11 INFO AddIdentifyResult: 15802,013082399676,11,reg/013082399676_|reg/013082399676_|reg/013082399676_
2017-02-13 14:55:31 INFO AddIdentifyResult: 15803,013147231797,-3,
2017-02-13 14:55:46 INFO AddIdentifyResult: 15804,013082399676,-1,
2017-02-13 14:55:52 INFO AddIdentifyResult: 15804,013082399676,-3,
2017-02-13 14:56:00 INFO AddIdentifyResult: 15805,015572885256,-1,
2017-02-13 14:56:02 INFO AddIdentifyResult: 15801,018366939806,12,
2017-02-13 14:56:10 INFO AddIdentifyResult: 15801,018366939806,10,reg/018366939806_0213145558|reg/018366939806_0213145558|reg/018366939806_
2017-02-13 14:56:10 INFO UpdateUserState: 018366939806,1
2017-02-13 14:56:14 INFO AddIdentifyResult: 15805,015572885256,-3,
2017-02-13 14:56:22 INFO AddIdentifyResult: 15803,013147231797,0,ver/02/13/145702_013147231797.wav
2017-02-13 14:57:59 INFO AddIdentifyResult: 15806,013287332329,-1,
2017-02-13 14:58:06 INFO AddIdentifyResult: 15805,015572885256,12,
2017-02-13 14:58:07 INFO AddIdentifyResult: 15806,013287332329,-3,
2017-02-13 14:58:13 INFO AddIdentifyResult: 15805,015572885256,10,reg/015572885256_0213145745|reg/015572885256_0213145745|reg/015572885256_
2017-02-13 14:58:14 INFO UpdateUserState: 015572885256,1
2017-02-13 14:59:33 INFO AddIdentifyResult: 15804,013082399676,12,
2017-02-13 14:59:34 INFO AddIdentifyResult: 15807,015572885256,-1,
2017-02-13 14:59:42 INFO AddIdentifyResult: 15804,013082399676,10,reg/013082399676_0213150007|reg/013082399676_0213150007|reg/013082399676_0213145722
2017-02-13 14:59:42 INFO UpdateUserState: 013082399676,1
2017-02-13 14:59:47 INFO AddIdentifyResult: 15807,015572885256,-3,
2017-02-13 15:00:00 INFO AddIdentifyResult: 15806,013287332329,12,
2017-02-13 15:00:06 INFO AddIdentifyResult: 15808,013082399676,-1,
2017-02-13 15:00:07 INFO AddIdentifyResult: 15806,013287332329,10,reg/013287332329_0213150058|reg/013287332329_0213150058|reg/013287332329_0213145938
2017-02-13 15:00:07 INFO UpdateUserState: 013287332329,1
2017-02-13 15:00:12 INFO AddIdentifyResult: 15808,013082399676,-3,
2017-02-13 15:00:24 INFO AddIdentifyResult: 15809,013287332329,-1,
2017-02-13 15:00:29 INFO AddIdentifyResult: 15808,013082399676,1,
2017-02-13 15:00:32 INFO AddIdentifyResult: 15809,013287332329,-3,
2017-02-13 15:00:39 INFO AddIdentifyResult: 15807,015572885256,1,ver/02/13/150118_015572885256.wav
2017-02-13 15:01:24 INFO AddIdentifyResult: 15809,013287332329,0,ver/02/13/150203_013287332329.wav
2017-02-13 15:01:25 INFO AddIdentifyResult: 15810,013117030673,-1,
2017-02-13 15:01:36 INFO AddIdentifyResult: 15811,013082399676,-1,
2017-02-13 15:01:36 INFO AddIdentifyResult: 15810,013117030673,-3,
2017-02-13 15:01:36 INFO AddIdentifyResult: 15807,015572885256,2,ver/02/13/150213_015572885256.wav
2017-02-13 15:02:03 INFO AddIdentifyResult: 15810,013117030673,11,reg/013117030673_|reg/013117030673_|reg/013117030673_
2017-02-13 15:02:10 INFO AddIdentifyResult: 15812,015572885256,-1,
2017-02-13 15:02:18 INFO AddIdentifyResult: 15812,015572885256,-3,
2017-02-13 15:02:31 INFO AddIdentifyResult: 15813,013117030673,-1,
2017-02-13 15:02:41 INFO AddIdentifyResult: 15813,013117030673,-3,
2017-02-13 15:03:10 INFO AddIdentifyResult: 15812,015572885256,1,ver/02/13/150349_015572885256.wav
2017-02-13 15:03:11 INFO AddIdentifyResult: 15813,013117030673,11,reg/013117030673_|reg/013117030673_|reg/013117030673_
2017-02-13 15:03:51 INFO AddIdentifyResult: 15814,013287373231,-1,
2017-02-13 15:03:52 INFO AddIdentifyResult: 15815,013117030673,-1,
2017-02-13 15:03:56 INFO AddIdentifyResult: 15814,013287373231,-3,
2017-02-13 15:04:06 INFO AddIdentifyResult: 15814,013287373231,11,reg/013287373231_|reg/013287373231_|reg/013287373231_
2017-02-13 15:04:08 INFO AddIdentifyResult: 15815,013117030673,-3,
2017-02-13 15:04:15 INFO AddIdentifyResult: 15816,013287373231,-1,
2017-02-13 15:04:19 INFO AddIdentifyResult: 15817,013400127232,-1,
2017-02-13 15:04:26 INFO AddIdentifyResult: 15816,013287373231,-3,
2017-02-13 15:04:28 INFO AddIdentifyResult: 15817,013400127232,-3,
2017-02-13 15:05:08 INFO AddIdentifyResult: 15818,015572885256,-1,
2017-02-13 15:05:16 INFO AddIdentifyResult: 15818,015572885256,-3,
2017-02-13 15:06:01 INFO AddIdentifyResult: 15815,013117030673,12,
2017-02-13 15:06:07 INFO AddIdentifyResult: 15815,013117030673,10,reg/013117030673_0213150538|reg/013117030673_0213150538|reg/013117030673_
2017-02-13 15:06:07 INFO UpdateUserState: 013117030673,1
2017-02-13 15:06:30 INFO AddIdentifyResult: 15819,013117030673,-1,
2017-02-13 15:06:43 INFO AddIdentifyResult: 15819,013117030673,-3,
2017-02-13 15:06:46 INFO AddIdentifyResult: 15820,013245466826,-1,
2017-02-13 15:06:46 INFO AddIdentifyResult: 15816,013287373231,12,
2017-02-13 15:06:51 INFO AddIdentifyResult: 15817,013400127232,12,
2017-02-13 15:06:54 INFO AddIdentifyResult: 15816,013287373231,10,reg/013287373231_0213150556|reg/013287373231_0213150556|reg/013287373231_
2017-02-13 15:06:55 INFO UpdateUserState: 013287373231,1
2017-02-13 15:06:55 INFO AddIdentifyResult: 15820,013245466826,-3,
2017-02-13 15:07:02 INFO AddIdentifyResult: 15817,013400127232,10,reg/013400127232_0213150753|reg/013400127232_0213150753|reg/013400127232_0213150558
2017-02-13 15:07:02 INFO UpdateUserState: 013400127232,1
2017-02-13 15:07:05 INFO AddIdentifyResult: 15821,013287373231,-1,
2017-02-13 15:07:06 INFO AddIdentifyResult: 15822,013400127232,-1,
2017-02-13 15:07:09 INFO AddIdentifyResult: 15818,015572885256,12,
2017-02-13 15:07:11 INFO AddIdentifyResult: 15823,013111687813,-1,
2017-02-13 15:07:13 INFO AddIdentifyResult: 15822,013400127232,-3,
2017-02-13 15:07:14 INFO AddIdentifyResult: 15821,013287373231,-3,
2017-02-13 15:07:17 INFO AddIdentifyResult: 15818,015572885256,10,reg/015572885256_0213150646|reg/015572885256_0213150646|reg/015572885256_
2017-02-13 15:07:17 INFO UpdateUserState: 015572885256,1
2017-02-13 15:07:21 INFO AddIdentifyResult: 15823,013111687813,-3,
2017-02-13 15:07:27 INFO AddIdentifyResult: 15824,015572885256,-1,
2017-02-13 15:07:35 INFO AddIdentifyResult: 15819,013117030673,0,ver/02/13/150814_013117030673.wav
2017-02-13 15:07:37 INFO AddIdentifyResult: 15824,015572885256,-3,
2017-02-13 15:08:05 INFO AddIdentifyResult: 15822,013400127232,0,ver/02/13/150844_013400127232.wav
2017-02-13 15:08:06 INFO AddIdentifyResult: 15821,013287373231,1,ver/02/13/150845_013287373231.wav
2017-02-13 15:08:30 INFO AddIdentifyResult: 15824,015572885256,0,ver/02/13/150908_015572885256.wav
2017-02-13 15:08:40 INFO AddIdentifyResult: 15820,013245466826,12,
2017-02-13 15:08:48 INFO AddIdentifyResult: 15820,013245466826,10,reg/013245466826_0213150939|reg/013245466826_0213150939|reg/013245466826_0213150825
2017-02-13 15:08:48 INFO UpdateUserState: 013245466826,1
2017-02-13 15:08:49 INFO AddIdentifyResult: 15825,013287373231,-1,
2017-02-13 15:08:54 INFO AddIdentifyResult: 15825,013287373231,-3,
2017-02-13 15:08:57 INFO AddIdentifyResult: 15826,015166291708,-1,
2017-02-13 15:09:05 INFO AddIdentifyResult: 15826,015166291708,-3,
2017-02-13 15:09:31 INFO AddIdentifyResult: 15826,015166291708,11,reg/015166291708_|reg/015166291708_|reg/015166291708_
2017-02-13 15:09:46 INFO AddIdentifyResult: 15825,013287373231,0,ver/02/13/151025_013287373231.wav
2017-02-13 15:09:52 INFO AddIdentifyResult: 15827,015166291708,-1,
2017-02-13 15:09:59 INFO AddIdentifyResult: 15827,015166291708,-3,
2017-02-13 15:10:16 INFO AddIdentifyResult: 15823,013111687813,12,
2017-02-13 15:10:23 INFO AddIdentifyResult: 15823,013111687813,10,reg/013111687813_0213151100|reg/013111687813_0213151100|reg/013111687813_0213150852
2017-02-13 15:10:23 INFO UpdateUserState: 013111687813,1
2017-02-13 15:10:28 INFO AddIdentifyResult: 15828,013091207378,-1,
2017-02-13 15:10:34 INFO AddIdentifyResult: 15828,013091207378,-3,
2017-02-13 15:10:50 INFO AddIdentifyResult: 15829,013111687813,-1,
2017-02-13 15:10:59 INFO AddIdentifyResult: 15829,013111687813,-3,
2017-02-13 15:11:38 INFO AddIdentifyResult: 15827,015166291708,12,
2017-02-13 15:11:45 INFO AddIdentifyResult: 15827,015166291708,10,reg/015166291708_0213151240|reg/015166291708_0213151240|reg/015166291708_0213151130
2017-02-13 15:11:45 INFO UpdateUserState: 015166291708,1
2017-02-13 15:11:51 INFO AddIdentifyResult: 15829,013111687813,0,ver/02/13/151230_013111687813.wav
2017-02-13 15:12:15 INFO AddIdentifyResult: 15830,013287378229,-1,
2017-02-13 15:12:23 INFO AddIdentifyResult: 15831,013400127232,-1,
2017-02-13 15:12:25 INFO AddIdentifyResult: 15830,013287378229,-3,
2017-02-13 15:12:32 INFO AddIdentifyResult: 15832,013082399676,-1,
2017-02-13 15:12:46 INFO AddIdentifyResult: 15832,013082399676,-3,
2017-02-13 15:12:56 INFO AddIdentifyResult: 15833,013245466826,-1,
2017-02-13 15:13:04 INFO AddIdentifyResult: 15833,013245466826,-3,
2017-02-13 15:13:17 INFO AddIdentifyResult: 15834,013147231932,-1,
2017-02-13 15:13:35 INFO AddIdentifyResult: 15834,013147231932,-3,
2017-02-13 15:13:38 INFO AddIdentifyResult: 15832,013082399676,0,ver/02/13/151417_013082399676.wav
2017-02-13 15:13:40 INFO AddIdentifyResult: 15834,013147231932,11,reg/013147231932_|reg/013147231932_|reg/013147231932_
2017-02-13 15:13:54 INFO AddIdentifyResult: 15828,013091207378,12,
2017-02-13 15:13:57 INFO AddIdentifyResult: 15833,013245466826,0,ver/02/13/151435_013245466826.wav
2017-02-13 15:14:00 INFO AddIdentifyResult: 15828,013091207378,10,reg/013091207378_0213151443|reg/013091207378_0213151443|reg/013091207378_0213151204
2017-02-13 15:14:00 INFO UpdateUserState: 013091207378,1
2017-02-13 15:14:07 INFO AddIdentifyResult: 15835,013091207378,-1,
2017-02-13 15:14:08 INFO AddIdentifyResult: 15836,013147231932,-1,
2017-02-13 15:14:20 INFO AddIdentifyResult: 15837,013091207378,-1,
2017-02-13 15:14:25 INFO AddIdentifyResult: 15837,013091207378,-3,
2017-02-13 15:14:30 INFO AddIdentifyResult: 15836,013147231932,-3,
2017-02-13 15:14:31 INFO AddIdentifyResult: 15830,013287378229,12,
2017-02-13 15:14:39 INFO AddIdentifyResult: 15830,013287378229,10,reg/013287378229_0213151356|reg/013287378229_0213151356|reg/013287378229_
2017-02-13 15:14:39 INFO UpdateUserState: 013287378229,1
2017-02-13 15:15:10 INFO AddIdentifyResult: 15838,013287378229,-1,
2017-02-13 15:15:20 INFO AddIdentifyResult: 15838,013287378229,-3,
2017-02-13 15:15:56 INFO AddIdentifyResult: 15837,013091207378,1,
2017-02-13 15:16:12 INFO AddIdentifyResult: 15838,013287378229,0,ver/02/13/151651_013287378229.wav
2017-02-13 15:16:12 INFO AddIdentifyResult: 15839,013091207378,-1,
2017-02-13 15:16:17 INFO AddIdentifyResult: 15839,013091207378,-3,
2017-02-13 15:16:54 INFO AddIdentifyResult: 15836,013147231932,12,
2017-02-13 15:17:03 INFO AddIdentifyResult: 15836,013147231932,10,reg/013147231932_0213151601|reg/013147231932_0213151601|reg/013147231932_
2017-02-13 15:17:03 INFO UpdateUserState: 013147231932,1
2017-02-13 15:17:10 INFO AddIdentifyResult: 15840,013147231932,-1,
2017-02-13 15:17:22 INFO AddIdentifyResult: 15840,013147231932,-3,
2017-02-13 15:17:23 INFO AddIdentifyResult: 15839,013091207378,1,
2017-02-13 15:17:38 INFO AddIdentifyResult: 15841,013472261751,-1,
2017-02-13 15:17:38 INFO AddIdentifyResult: 15842,013091207378,-1,
2017-02-13 15:17:45 INFO AddIdentifyResult: 15842,013091207378,-3,
2017-02-13 15:17:47 INFO AddIdentifyResult: 15841,013472261751,-3,
2017-02-13 15:18:13 INFO AddIdentifyResult: 15840,013147231932,1,ver/02/13/151853_013147231932.wav
2017-02-13 15:18:36 INFO AddIdentifyResult: 15842,013091207378,0,ver/02/13/151916_013091207378.wav
2017-02-13 15:18:43 INFO AddIdentifyResult: 15843,013147231932,-1,
2017-02-13 15:19:00 INFO AddIdentifyResult: 15843,013147231932,-3,
2017-02-13 15:19:28 INFO AddIdentifyResult: 15841,013472261751,12,
2017-02-13 15:19:34 INFO AddIdentifyResult: 15841,013472261751,10,reg/013472261751_0213151918|reg/013472261751_0213151918|reg/013472261751_
2017-02-13 15:19:35 INFO UpdateUserState: 013472261751,1
2017-02-13 15:19:46 INFO AddIdentifyResult: 15844,013472261751,-1,
2017-02-13 15:19:52 INFO AddIdentifyResult: 15843,013147231932,0,ver/02/13/152031_013147231932.wav
2017-02-13 15:19:53 INFO AddIdentifyResult: 15844,013472261751,-3,
2017-02-13 15:20:45 INFO AddIdentifyResult: 15844,013472261751,0,ver/02/13/152124_013472261751.wav
2017-02-13 15:22:09 INFO AddIdentifyResult: 15845,015162347671,-1,
2017-02-13 15:22:59 INFO AddIdentifyResult: 15846,013082397521,-1,
2017-02-13 15:23:28 INFO AddIdentifyResult: 15847,013082397521,-1,
2017-02-13 15:23:51 INFO AddIdentifyResult: 15848,013082397521,-1,
2017-02-13 15:24:08 INFO AddIdentifyResult: 15849,015162347671,-1,
2017-02-13 15:24:29 INFO AddIdentifyResult: 15850,013082397521,-1,
2017-02-13 15:25:51 INFO AddIdentifyResult: 15851,013477745226,-1,
2017-02-13 15:26:38 INFO AddIdentifyResult: 15852,015931804667,-1,
2017-02-13 15:26:56 INFO AddIdentifyResult: 0,015971522945,1,
2017-02-13 15:27:24 INFO AddIdentifyResult: 15853,015971522945,-1,
2017-02-13 15:27:29 INFO AddIdentifyResult: 15854,015931804667,-1,
2017-02-13 15:28:51 INFO AddIdentifyResult: 15855,013082397521,-1,
2017-02-13 15:28:53 INFO AddIdentifyResult: 15856,015971522945,-1,
2017-02-13 15:29:39 INFO AddIdentifyResult: 15857,015931804667,-1,
2017-02-13 15:31:41 INFO AddIdentifyResult: 15858,015713123626,-1,
2017-02-13 15:32:50 INFO AddIdentifyResult: 15859,015713123626,-1,
2017-02-13 15:33:19 INFO AddIdentifyResult: 15860,015931804667,-1,
2017-02-13 15:33:44 INFO AddIdentifyResult: 15861,013082397521,-1,
2017-02-13 15:34:56 INFO AddIdentifyResult: 15862,013082397521,-1,
2017-02-13 15:36:52 INFO AddIdentifyResult: 15863,015713123626,-1,
2017-02-13 15:38:40 INFO AddIdentifyResult: 15864,013780759520,-1,
2017-02-13 15:40:36 INFO AddIdentifyResult: 15865,015971522945,-1,
2017-02-13 15:40:41 INFO AddIdentifyResult: 15866,013780759520,-1,
2017-02-13 15:41:15 INFO AddIdentifyResult: 15867,013780759520,-1,
2017-02-13 15:42:01 INFO AddIdentifyResult: 15868,013780759520,-1,
2017-02-13 15:42:03 INFO AddIdentifyResult: 15869,013082397521,-1,
2017-02-13 15:42:38 INFO AddIdentifyResult: 15870,013780759520,-1,
2017-02-13 15:42:45 INFO AddIdentifyResult: 15871,015713123626,-1,
2017-02-13 15:42:56 INFO AddIdentifyResult: 15872,015931804667,-1,
2017-02-13 15:43:24 INFO AddIdentifyResult: 15873,013780759520,-1,
2017-02-13 15:43:32 INFO AddIdentifyResult: 15874,015713123626,-1,
2017-02-13 15:43:56 INFO AddIdentifyResult: 15875,013780759520,-1,
2017-02-13 15:44:23 INFO AddIdentifyResult: 15876,013082397521,-1,
2017-02-13 15:44:37 INFO AddIdentifyResult: 15877,015971522945,-1,
2017-02-13 15:45:39 INFO AddIdentifyResult: 15878,015931804667,-1,
2017-02-13 15:45:47 INFO AddIdentifyResult: 15879,013356839331,-1,
2017-02-13 15:47:26 INFO AddIdentifyResult: 15880,013356839331,-1,
2017-02-13 15:47:47 INFO AddIdentifyResult: 15880,013356839331,-3,
2017-02-13 15:47:49 INFO AddIdentifyResult: 15881,015971522945,-1,
2017-02-13 15:47:53 INFO AddIdentifyResult: 15880,013356839331,11,reg/013356839331_|reg/013356839331_|reg/013356839331_
2017-02-13 15:48:29 INFO AddIdentifyResult: 15881,015971522945,-3,
2017-02-13 15:48:37 INFO AddIdentifyResult: 15881,015971522945,11,reg/015971522945_|reg/015971522945_|reg/015971522945_
2017-02-13 15:48:55 INFO AddIdentifyResult: 15882,013780759520,-1,
2017-02-13 15:49:15 INFO AddIdentifyResult: 15882,013780759520,-3,
2017-02-13 15:49:28 INFO AddIdentifyResult: 15883,013082397521,-1,
2017-02-13 15:50:04 INFO AddIdentifyResult: 15884,013082397521,-1,
2017-02-13 15:50:09 INFO AddIdentifyResult: 15884,013082397521,-3,
2017-02-13 15:50:27 INFO AddIdentifyResult: 15885,013147231932,-1,
2017-02-13 15:50:41 INFO AddIdentifyResult: 15885,013147231932,-3,
2017-02-13 15:50:54 INFO AddIdentifyResult: 15885,013147231932,11,reg/013147231932_|reg/013147231932_|reg/013147231932_
2017-02-13 15:51:07 INFO AddIdentifyResult: 15886,013147231932,-1,
2017-02-13 15:51:24 INFO AddIdentifyResult: 15886,013147231932,-3,
2017-02-13 15:51:43 INFO AddIdentifyResult: 15887,015162347671,-1,
2017-02-13 15:51:54 INFO AddIdentifyResult: 15882,013780759520,12,
2017-02-13 15:51:57 INFO AddIdentifyResult: 15887,015162347671,-3,
2017-02-13 15:52:01 INFO AddIdentifyResult: 15882,013780759520,10,reg/013780759520_0213155238|reg/013780759520_0213155238|reg/013780759520_0213155046
2017-02-13 15:52:01 INFO UpdateUserState: 013780759520,1
2017-02-13 15:52:13 INFO AddIdentifyResult: 15884,013082397521,12,
2017-02-13 15:52:20 INFO AddIdentifyResult: 15884,013082397521,10,reg/013082397521_0213155140|reg/013082397521_0213155140|reg/013082397521_
2017-02-13 15:52:20 INFO UpdateUserState: 013082397521,1
2017-02-13 15:52:32 INFO AddIdentifyResult: 15888,013082397521,-1,
2017-02-13 15:52:38 INFO AddIdentifyResult: 15888,013082397521,-3,
2017-02-13 15:53:31 INFO AddIdentifyResult: 15888,013082397521,0,ver/02/13/155410_013082397521.wav
2017-02-13 15:53:42 INFO AddIdentifyResult: 15887,015162347671,12,
2017-02-13 15:53:49 INFO AddIdentifyResult: 15887,015162347671,10,reg/015162347671_0213155327|reg/015162347671_0213155327|reg/015162347671_
2017-02-13 15:53:50 INFO UpdateUserState: 015162347671,1
2017-02-13 15:53:50 INFO AddIdentifyResult: 15889,015931804667,-1,
2017-02-13 15:54:02 INFO AddIdentifyResult: 15889,015931804667,-3,
2017-02-13 15:54:11 INFO AddIdentifyResult: 15890,015162347671,-1,
2017-02-13 15:54:19 INFO AddIdentifyResult: 15891,015162347671,-1,
2017-02-13 15:54:34 INFO AddIdentifyResult: 15890,015162347671,-3,
2017-02-13 15:55:26 INFO AddIdentifyResult: 15890,015162347671,0,ver/02/13/155605_015162347671.wav
2017-02-13 15:56:10 INFO AddIdentifyResult: 15889,015931804667,12,
2017-02-13 15:56:18 INFO AddIdentifyResult: 15889,015931804667,10,reg/015931804667_0213155707|reg/015931804667_0213155707|reg/015931804667_0213155533
2017-02-13 15:56:18 INFO UpdateUserState: 015931804667,1
2017-02-13 15:56:29 INFO AddIdentifyResult: 15892,015931804667,-1,
2017-02-13 15:56:38 INFO AddIdentifyResult: 15892,015931804667,-3,
2017-02-13 15:57:05 INFO AddIdentifyResult: 15886,013147231932,11,reg/013147231932_|reg/013147231932_|reg/013147231932_
2017-02-13 15:57:31 INFO AddIdentifyResult: 15892,015931804667,0,ver/02/13/155810_015931804667.wav
2017-02-13 15:59:30 INFO AddIdentifyResult: 15893,013217149210,-1,
2017-02-13 15:59:42 INFO AddIdentifyResult: 15893,013217149210,-3,
2017-02-13 16:00:15 INFO AddIdentifyResult: 15894,013191675826,-1,
2017-02-13 16:00:26 INFO AddIdentifyResult: 15894,013191675826,-3,
2017-02-13 16:00:45 INFO AddIdentifyResult: 15895,13082395386,-1,
2017-02-13 16:01:27 INFO AddIdentifyResult: 15893,013217149210,12,
2017-02-13 16:01:34 INFO AddIdentifyResult: 15893,013217149210,10,reg/013217149210_0213160112|reg/013217149210_0213160112|reg/013217149210_
2017-02-13 16:01:34 INFO UpdateUserState: 013217149210,1
2017-02-13 16:01:51 INFO AddIdentifyResult: 15896,013217149210,-1,
2017-02-13 16:01:51 INFO AddIdentifyResult: 15897,13082395386,-1,
2017-02-13 16:02:01 INFO AddIdentifyResult: 15896,013217149210,-3,
2017-02-13 16:02:04 INFO AddIdentifyResult: 15894,013191675826,12,
2017-02-13 16:02:12 INFO AddIdentifyResult: 15894,013191675826,10,reg/013191675826_0213160156|reg/013191675826_0213160156|reg/013191675826_
2017-02-13 16:02:12 INFO UpdateUserState: 013191675826,1
2017-02-13 16:02:16 INFO AddIdentifyResult: 15898,013191675826,-1,
2017-02-13 16:02:38 INFO AddIdentifyResult: 15899,013191675826,-1,
2017-02-13 16:02:46 INFO AddIdentifyResult: 15899,013191675826,-3,
2017-02-13 16:02:53 INFO AddIdentifyResult: 15896,013217149210,0,ver/02/13/160332_013217149210.wav
2017-02-13 16:03:33 INFO AddIdentifyResult: 15900,013082395386,-1,
2017-02-13 16:03:37 INFO AddIdentifyResult: 15900,013082395386,-3,
2017-02-13 16:03:38 INFO AddIdentifyResult: 15899,013191675826,0,ver/02/13/160417_013191675826.wav
2017-02-13 16:03:58 INFO AddIdentifyResult: 15901,013287329326,-1,
2017-02-13 16:04:07 INFO AddIdentifyResult: 15901,013287329326,-3,
2017-02-13 16:05:30 INFO AddIdentifyResult: 15900,013082395386,12,
2017-02-13 16:05:39 INFO AddIdentifyResult: 15900,013082395386,10,reg/013082395386_0213160508|reg/013082395386_0213160508|reg/013082395386_
2017-02-13 16:05:39 INFO UpdateUserState: 013082395386,1
2017-02-13 16:05:45 INFO AddIdentifyResult: 15902,013082395386,-1,
2017-02-13 16:05:50 INFO AddIdentifyResult: 15902,013082395386,-3,
2017-02-13 16:06:42 INFO AddIdentifyResult: 15902,013082395386,0,ver/02/13/160721_013082395386.wav
2017-02-13 16:07:00 INFO AddIdentifyResult: 15901,013287329326,12,
2017-02-13 16:07:08 INFO AddIdentifyResult: 15901,013287329326,10,reg/013287329326_0213160739|reg/013287329326_0213160739|reg/013287329326_0213160538
2017-02-13 16:07:08 INFO UpdateUserState: 013287329326,1
2017-02-13 16:08:50 INFO AddIdentifyResult: 15903,013954637802,-1,
2017-02-13 16:09:03 INFO AddIdentifyResult: 15903,013954637802,-3,
2017-02-13 16:11:21 INFO AddIdentifyResult: 15903,013954637802,12,
2017-02-13 16:11:29 INFO AddIdentifyResult: 15903,013954637802,10,reg/013954637802_0213161034|reg/013954637802_0213161034|reg/013954637802_
2017-02-13 16:11:29 INFO UpdateUserState: 013954637802,1
2017-02-13 16:12:22 INFO AddIdentifyResult: 15904,013287329326,-1,
2017-02-13 16:12:29 INFO AddIdentifyResult: 15904,013287329326,-3,
2017-02-13 16:13:01 INFO AddIdentifyResult: 15905,013933894674,-1,
2017-02-13 16:13:09 INFO AddIdentifyResult: 15905,013933894674,-3,
2017-02-13 16:13:21 INFO AddIdentifyResult: 15904,013287329326,0,ver/02/13/161400_013287329326.wav
2017-02-13 16:13:47 INFO AddIdentifyResult: 15906,013297656437,-1,
2017-02-13 16:13:59 INFO AddIdentifyResult: 15906,013297656437,-3,
2017-02-13 16:14:20 INFO AddIdentifyResult: 15906,013297656437,11,reg/013297656437_|reg/013297656437_|reg/013297656437_
2017-02-13 16:14:34 INFO AddIdentifyResult: 15905,013933894674,12,
2017-02-13 16:14:41 INFO AddIdentifyResult: 15905,013933894674,10,reg/013933894674_0213161440|reg/013933894674_0213161440|reg/013933894674_
2017-02-13 16:14:41 INFO UpdateUserState: 013933894674,1
2017-02-13 16:14:46 INFO AddIdentifyResult: 15907,013933894674,-1,
2017-02-13 16:14:51 INFO AddIdentifyResult: 15907,013933894674,-3,
2017-02-13 16:15:43 INFO AddIdentifyResult: 15907,013933894674,0,ver/02/13/161622_013933894674.wav
2017-02-13 16:15:49 INFO AddIdentifyResult: 15908,013297656437,-1,
2017-02-13 16:16:04 INFO AddIdentifyResult: 15908,013297656437,-3,
2017-02-13 16:17:19 INFO AddIdentifyResult: 15909,015690441819,-1,
2017-02-13 16:17:26 INFO AddIdentifyResult: 15909,015690441819,-3,
2017-02-13 16:17:51 INFO AddIdentifyResult: 15908,013297656437,11,reg/013297656437_|reg/013297656437_|reg/013297656437_
2017-02-13 16:18:01 INFO AddIdentifyResult: 15910,013297656437,-1,
2017-02-13 16:18:43 INFO AddIdentifyResult: 15911,013245465963,-1,
2017-02-13 16:18:51 INFO AddIdentifyResult: 15911,013245465963,-3,
2017-02-13 16:18:55 INFO AddIdentifyResult: 15909,015690441819,12,
2017-02-13 16:18:59 INFO AddIdentifyResult: 15912,013297656437,-1,
2017-02-13 16:19:03 INFO AddIdentifyResult: 15909,015690441819,10,reg/015690441819_0213161856|reg/015690441819_0213161856|reg/015690441819_
2017-02-13 16:19:03 INFO UpdateUserState: 015690441819,1
2017-02-13 16:19:08 INFO AddIdentifyResult: 15913,015690441819,-1,
2017-02-13 16:19:13 INFO AddIdentifyResult: 15913,015690441819,-3,
2017-02-13 16:19:39 INFO AddIdentifyResult: 15914,013297656437,-1,
2017-02-13 16:20:06 INFO AddIdentifyResult: 15913,015690441819,1,ver/02/13/162045_015690441819.wav
2017-02-13 16:20:59 INFO AddIdentifyResult: 15915,013297656437,-1,
2017-02-13 16:21:03 INFO AddIdentifyResult: 15911,013245465963,12,
2017-02-13 16:21:04 INFO AddIdentifyResult: 15913,015690441819,0,ver/02/13/162140_015690441819.wav
2017-02-13 16:21:12 INFO AddIdentifyResult: 15911,013245465963,10,reg/013245465963_0213162022|reg/013245465963_0213162022|reg/013245465963_
2017-02-13 16:21:12 INFO UpdateUserState: 013245465963,1
2017-02-13 16:21:18 INFO AddIdentifyResult: 15915,013297656437,-3,
2017-02-13 16:22:10 INFO AddIdentifyResult: 15916,013245465963,-1,
2017-02-13 16:22:16 INFO AddIdentifyResult: 15916,013245465963,-3,
2017-02-13 16:22:52 INFO AddIdentifyResult: 15917,01309229526,-1,
2017-02-13 16:23:04 INFO AddIdentifyResult: 15915,013297656437,12,
2017-02-13 16:23:09 INFO AddIdentifyResult: 15916,013245465963,0,ver/02/13/162348_013245465963.wav
2017-02-13 16:23:11 INFO AddIdentifyResult: 15915,013297656437,10,reg/013297656437_0213162359|reg/013297656437_0213162359|reg/013297656437_0213162248
2017-02-13 16:23:12 INFO UpdateUserState: 013297656437,1
2017-02-13 16:23:24 INFO AddIdentifyResult: 15918,013297656437,-1,
2017-02-13 16:23:38 INFO AddIdentifyResult: 15918,013297656437,-3,
2017-02-13 16:24:08 INFO AddIdentifyResult: 15919,013091229526,-1,
2017-02-13 16:24:21 INFO AddIdentifyResult: 15919,013091229526,-3,
2017-02-13 16:24:31 INFO AddIdentifyResult: 15918,013297656437,0,ver/02/13/162510_013297656437.wav
2017-02-13 16:26:06 INFO AddIdentifyResult: 15919,013091229526,12,
2017-02-13 16:26:13 INFO AddIdentifyResult: 15919,013091229526,10,reg/013091229526_0213162552|reg/013091229526_0213162552|reg/013091229526_
2017-02-13 16:26:13 INFO UpdateUserState: 013091229526,1
2017-02-13 16:26:18 INFO AddIdentifyResult: 15920,013091229526,-1,
2017-02-13 16:26:28 INFO AddIdentifyResult: 15920,013091229526,-3,
2017-02-13 16:27:20 INFO AddIdentifyResult: 15920,013091229526,0,ver/02/13/162759_013091229526.wav
2017-02-13 16:28:52 INFO AddIdentifyResult: 15921,017732261629,-1,
2017-02-13 16:29:01 INFO AddIdentifyResult: 15921,017732261629,-3,
2017-02-13 16:29:37 INFO AddIdentifyResult: 15922,013217145821,-1,
2017-02-13 16:29:48 INFO AddIdentifyResult: 15922,013217145821,-3,
2017-02-13 16:31:44 INFO AddIdentifyResult: 15922,013217145821,12,
2017-02-13 16:31:51 INFO AddIdentifyResult: 15922,013217145821,10,reg/013217145821_0213163119|reg/013217145821_0213163119|reg/013217145821_
2017-02-13 16:31:51 INFO UpdateUserState: 013217145821,1
2017-02-13 16:32:09 INFO AddIdentifyResult: 15923,013217145821,-1,
2017-02-13 16:32:24 INFO AddIdentifyResult: 15924,013287330389,-1,
2017-02-13 16:32:33 INFO AddIdentifyResult: 15924,013287330389,-3,
2017-02-13 16:34:05 INFO AddIdentifyResult: 15921,017732261629,11,reg/017732261629_|reg/017732261629_|reg/017732261629_
2017-02-13 16:34:39 INFO AddIdentifyResult: 15924,013287330389,12,
2017-02-13 16:34:45 INFO AddIdentifyResult: 15924,013287330389,10,reg/013287330389_0213163404|reg/013287330389_0213163404|reg/013287330389_
2017-02-13 16:34:46 INFO UpdateUserState: 013287330389,1
2017-02-13 16:37:00 INFO AddIdentifyResult: 15925,013217145821,-1,
2017-02-13 16:37:09 INFO AddIdentifyResult: 15925,013217145821,-3,
2017-02-13 16:38:01 INFO AddIdentifyResult: 15925,013217145821,0,ver/02/13/163840_013217145821.wav
2017-02-13 16:44:52 INFO AddIdentifyResult: 15926,013287329963,-1,
2017-02-13 16:45:00 INFO AddIdentifyResult: 15926,013287329963,-3,
2017-02-13 16:46:16 INFO AddIdentifyResult: 15926,013287329963,12,
2017-02-13 16:46:23 INFO AddIdentifyResult: 15926,013287329963,10,reg/013287329963_0213164630|reg/013287329963_0213164630|reg/013287329963_
2017-02-13 16:46:23 INFO UpdateUserState: 013287329963,1
2017-02-13 16:46:42 INFO AddIdentifyResult: 15927,013356839331,-1,
2017-02-13 16:46:49 INFO AddIdentifyResult: 15927,013356839331,-3,
2017-02-13 16:48:50 INFO AddIdentifyResult: 15927,013356839331,12,
2017-02-13 16:48:58 INFO AddIdentifyResult: 15927,013356839331,10,reg/013356839331_0213164820|reg/013356839331_0213164820|reg/013356839331_
2017-02-13 16:48:59 INFO UpdateUserState: 013356839331,1
2017-02-13 16:50:30 INFO AddIdentifyResult: 15928,013131227306,-1,
2017-02-13 16:50:39 INFO AddIdentifyResult: 15928,013131227306,-3,
2017-02-13 16:53:40 INFO AddIdentifyResult: 15928,013131227306,12,
2017-02-13 16:53:47 INFO AddIdentifyResult: 15928,013131227306,10,reg/013131227306_0213165358|reg/013131227306_0213165358|reg/013131227306_0213165210
2017-02-13 16:53:47 INFO UpdateUserState: 013131227306,1
2017-02-13 16:53:49 INFO AddIdentifyResult: 15929,013131227306,-1,
2017-02-13 16:53:54 INFO AddIdentifyResult: 15929,013131227306,-3,
2017-02-13 16:54:10 INFO AddIdentifyResult: 15930,013287373070,-1,
2017-02-13 16:54:16 INFO AddIdentifyResult: 15930,013287373070,-3,
2017-02-13 16:54:46 INFO AddIdentifyResult: 15929,013131227306,0,ver/02/13/165526_013131227306.wav
2017-02-13 16:56:13 INFO AddIdentifyResult: 15930,013287373070,12,
2017-02-13 16:56:21 INFO AddIdentifyResult: 15930,013287373070,10,reg/013287373070_0213165547|reg/013287373070_0213165547|reg/013287373070_
2017-02-13 16:56:21 INFO UpdateUserState: 013287373070,1
2017-02-13 16:56:27 INFO AddIdentifyResult: 15931,013561041160,-1,
2017-02-13 16:56:33 INFO AddIdentifyResult: 15931,013561041160,-3,
2017-02-13 16:58:36 INFO AddIdentifyResult: 15931,013561041160,12,
2017-02-13 16:58:43 INFO AddIdentifyResult: 15931,013561041160,10,reg/013561041160_0213165804|reg/013561041160_0213165804|reg/013561041160_
2017-02-13 16:58:43 INFO UpdateUserState: 013561041160,1
2017-02-13 16:59:16 INFO AddIdentifyResult: 15932,013287373070,-1,
2017-02-13 16:59:21 INFO AddIdentifyResult: 15932,013287373070,-3,
2017-02-13 17:00:12 INFO AddIdentifyResult: 15932,013287373070,0,ver/02/13/170052_013287373070.wav
2017-02-13 17:09:17 INFO AddIdentifyResult: 15933,017865678958,-1,
2017-02-13 17:09:27 INFO AddIdentifyResult: 15933,017865678958,-3,
2017-02-13 17:11:08 INFO AddIdentifyResult: 15933,017865678958,12,
2017-02-13 17:11:14 INFO AddIdentifyResult: 15933,017865678958,10,reg/017865678958_0213171058|reg/017865678958_0213171058|reg/017865678958_
2017-02-13 17:11:14 INFO UpdateUserState: 017865678958,1
2017-02-13 17:11:26 INFO AddIdentifyResult: 15934,013287373252,-1,
2017-02-13 17:11:31 INFO AddIdentifyResult: 15934,013287373252,-3,
2017-02-13 17:12:24 INFO AddIdentifyResult: 15934,013287373252,11,reg/013287373252_|reg/013287373252_|reg/013287373252_
2017-02-13 17:12:37 INFO AddIdentifyResult: 15935,013287373252,-1,
2017-02-13 17:12:42 INFO AddIdentifyResult: 15935,013287373252,-3,
2017-02-13 17:13:46 INFO AddIdentifyResult: 15936,017371146171,-1,
2017-02-13 17:14:31 INFO AddIdentifyResult: 15935,013287373252,12,
2017-02-13 17:14:40 INFO AddIdentifyResult: 15935,013287373252,10,reg/013287373252_0213171413|reg/013287373252_0213171413|reg/013287373252_
2017-02-13 17:14:40 INFO UpdateUserState: 013287373252,1
2017-02-13 17:15:00 INFO AddIdentifyResult: 15937,013287373252,-1,
2017-02-13 17:15:04 INFO AddIdentifyResult: 15937,013287373252,-3,
2017-02-13 17:15:22 INFO AddIdentifyResult: 15937,013287373252,1,
2017-02-13 17:15:43 INFO AddIdentifyResult: 15938,013287373252,-1,
2017-02-13 17:15:48 INFO AddIdentifyResult: 15938,013287373252,-3,
2017-02-13 17:16:40 INFO AddIdentifyResult: 15938,013287373252,0,ver/02/13/171719_013287373252.wav
