2017-02-15 08:23:24 INFO AddIdentifyResult: 16397,013597626037,-1,
2017-02-15 08:23:51 INFO AddIdentifyResult: 16397,013597626037,-3,
2017-02-15 08:24:36 INFO AddIdentifyResult: 16397,013597626037,11,reg/013597626037_|reg/013597626037_|reg/013597626037_
2017-02-15 08:25:24 INFO AddIdentifyResult: 16398,013597626037,-1,
2017-02-15 08:25:33 INFO AddIdentifyResult: 16398,013597626037,-3,
2017-02-15 08:26:02 INFO AddIdentifyResult: 16398,013597626037,11,reg/013597626037_|reg/013597626037_|reg/013597626037_
2017-02-15 08:27:04 INFO AddIdentifyResult: 16399,013597626037,-1,
2017-02-15 08:27:22 INFO AddIdentifyResult: 16399,013597626037,-3,
2017-02-15 08:29:48 INFO AddIdentifyResult: 16399,013597626037,12,
2017-02-15 08:29:55 INFO AddIdentifyResult: 16399,013597626037,10,reg/013597626037_0215083044|reg/013597626037_0215083044|reg/013597626037_0215082900
2017-02-15 08:29:55 INFO UpdateUserState: 013597626037,1
2017-02-15 08:30:07 INFO AddIdentifyResult: 16400,013597626037,-1,
2017-02-15 08:30:15 INFO AddIdentifyResult: 16400,013597626037,-3,
2017-02-15 08:31:07 INFO AddIdentifyResult: 16400,013597626037,0,ver/02/15/083154_013597626037.wav
2017-02-15 08:33:47 INFO AddIdentifyResult: 16401,015629701830,-1,
2017-02-15 08:34:01 INFO AddIdentifyResult: 16401,015629701830,-3,
2017-02-15 08:35:55 INFO AddIdentifyResult: 16401,015629701830,12,
2017-02-15 08:36:04 INFO AddIdentifyResult: 16401,015629701830,10,reg/015629701830_0215083539|reg/015629701830_0215083539|reg/015629701830_
2017-02-15 08:36:04 INFO UpdateUserState: 015629701830,1
2017-02-15 08:36:11 INFO AddIdentifyResult: 16402,015629701830,-1,
2017-02-15 08:36:19 INFO AddIdentifyResult: 16402,015629701830,-3,
2017-02-15 08:37:12 INFO AddIdentifyResult: 16402,015629701830,0,ver/02/15/083758_015629701830.wav
2017-02-15 08:46:25 INFO AddIdentifyResult: 16403,015572885358,-1,
2017-02-15 08:46:38 INFO AddIdentifyResult: 16403,015572885358,-3,
2017-02-15 08:48:15 INFO AddIdentifyResult: 16404,18972653037,-1,
2017-02-15 08:48:17 INFO AddIdentifyResult: 16403,015572885358,12,
2017-02-15 08:48:25 INFO AddIdentifyResult: 16403,015572885358,10,reg/015572885358_0215084816|reg/015572885358_0215084816|reg/015572885358_
2017-02-15 08:48:25 INFO UpdateUserState: 015572885358,1
2017-02-15 08:48:27 INFO AddIdentifyResult: 16404,18972653037,-3,
2017-02-15 08:48:31 INFO AddIdentifyResult: 16405,015572885358,-1,
2017-02-15 08:48:39 INFO AddIdentifyResult: 16405,015572885358,-3,
2017-02-15 08:49:29 INFO AddIdentifyResult: 16405,015572885358,0,ver/02/15/085017_015572885358.wav
2017-02-15 08:50:12 INFO AddIdentifyResult: 16404,18972653037,12,
2017-02-15 08:50:19 INFO AddIdentifyResult: 16404,18972653037,10,reg/18972653037_0215085005|reg/18972653037_0215085005|reg/18972653037_
2017-02-15 08:50:19 INFO UpdateUserState: 18972653037,1
2017-02-15 08:52:17 INFO AddIdentifyResult: 0,18972653037,0,ver/02/15/085304_18972653037.wav
2017-02-15 09:12:52 INFO AddIdentifyResult: 16407,015629703281,-1,
2017-02-15 09:13:17 INFO AddIdentifyResult: 16407,015629703281,-3,
2017-02-15 09:13:55 INFO AddIdentifyResult: 16408,015629703281,-1,
2017-02-15 09:14:19 INFO AddIdentifyResult: 16409,015275647339,-1,
2017-02-15 09:14:28 INFO AddIdentifyResult: 16409,015275647339,-3,
2017-02-15 09:15:01 INFO AddIdentifyResult: 16407,015629703281,12,
2017-02-15 09:15:09 INFO AddIdentifyResult: 16407,015629703281,10,reg/015629703281_0215091456|reg/015629703281_0215091456|reg/015629703281_
2017-02-15 09:15:09 INFO UpdateUserState: 015629703281,1
2017-02-15 09:15:10 INFO AddIdentifyResult: 16409,015275647339,11,reg/015275647339_|reg/015275647339_|reg/015275647339_
2017-02-15 09:15:42 INFO AddIdentifyResult: 16410,015275647339,-1,
2017-02-15 09:15:45 INFO AddIdentifyResult: 16411,015629703281,-1,
2017-02-15 09:15:51 INFO AddIdentifyResult: 16410,015275647339,-3,
2017-02-15 09:15:57 INFO AddIdentifyResult: 16411,015629703281,-3,
2017-02-15 09:16:50 INFO AddIdentifyResult: 16411,015629703281,0,ver/02/15/091736_015629703281.wav
2017-02-15 09:17:52 INFO AddIdentifyResult: 16410,015275647339,12,
2017-02-15 09:18:00 INFO AddIdentifyResult: 16410,015275647339,10,reg/015275647339_0215091729|reg/015275647339_0215091729|reg/015275647339_
2017-02-15 09:18:00 INFO UpdateUserState: 015275647339,1
2017-02-15 09:18:34 INFO AddIdentifyResult: 16412,013287382836,-1,
2017-02-15 09:18:40 INFO AddIdentifyResult: 16412,013287382836,-3,
2017-02-15 09:19:35 INFO AddIdentifyResult: 16413,015997146982,-1,
2017-02-15 09:19:44 INFO AddIdentifyResult: 16413,015997146982,-3,
2017-02-15 09:19:49 INFO AddIdentifyResult: 16413,015997146982,11,reg/015997146982_|reg/015997146982_|reg/015997146982_
2017-02-15 09:20:13 INFO AddIdentifyResult: 16414,015997146982,-1,
2017-02-15 09:21:22 INFO AddIdentifyResult: 16415,015997146985,-1,
2017-02-15 09:21:33 INFO AddIdentifyResult: 16415,015997146985,-3,
2017-02-15 09:21:34 INFO AddIdentifyResult: 16412,013287382836,12,
2017-02-15 09:21:43 INFO AddIdentifyResult: 16412,013287382836,10,reg/013287382836_0215092019|reg/013287382836_0215092019|reg/013287382836_
2017-02-15 09:21:44 INFO UpdateUserState: 013287382836,1
2017-02-15 09:22:04 INFO AddIdentifyResult: 16416,013287382836,-1,
2017-02-15 09:22:14 INFO AddIdentifyResult: 16416,013287382836,-3,
2017-02-15 09:23:06 INFO AddIdentifyResult: 16416,013287382836,0,ver/02/15/092353_013287382836.wav
2017-02-15 09:23:57 INFO AddIdentifyResult: 16415,015997146985,12,
2017-02-15 09:24:05 INFO AddIdentifyResult: 16415,015997146985,10,reg/015997146985_0215092503|reg/015997146985_0215092503|reg/015997146985_0215092311
2017-02-15 09:24:05 INFO UpdateUserState: 015997146985,1
2017-02-15 09:24:39 INFO AddIdentifyResult: 16417,015997146985,-1,
2017-02-15 09:24:52 INFO AddIdentifyResult: 16417,015997146985,-3,
2017-02-15 09:25:44 INFO AddIdentifyResult: 16417,015997146985,1,ver/02/15/092631_015997146985.wav
2017-02-15 09:25:54 INFO AddIdentifyResult: 16418,015997146985,-1,
2017-02-15 09:26:11 INFO AddIdentifyResult: 16418,015997146985,-3,
2017-02-15 09:27:03 INFO AddIdentifyResult: 16418,015997146985,1,ver/02/15/092750_015997146985.wav
2017-02-15 09:27:49 INFO AddIdentifyResult: 16419,015629703281,-1,
2017-02-15 09:27:58 INFO AddIdentifyResult: 16419,015629703281,-3,
2017-02-15 09:28:43 INFO AddIdentifyResult: 16420,015997146985,-1,
2017-02-15 09:28:58 INFO AddIdentifyResult: 16421,013905463083,-1,
2017-02-15 09:29:05 INFO AddIdentifyResult: 16421,013905463083,-3,
2017-02-15 09:29:35 INFO AddIdentifyResult: 16419,015629703281,12,
2017-02-15 09:29:42 INFO AddIdentifyResult: 16419,015629703281,10,reg/015629703281_0215092936|reg/015629703281_0215092936|reg/015629703281_
2017-02-15 09:29:43 INFO UpdateUserState: 015629703281,1
2017-02-15 09:31:01 INFO AddIdentifyResult: 16422,015997146985,-1,
2017-02-15 09:31:16 INFO AddIdentifyResult: 16422,015997146985,-3,
2017-02-15 09:31:22 INFO AddIdentifyResult: 16421,013905463083,12,
2017-02-15 09:31:29 INFO AddIdentifyResult: 16421,013905463083,10,reg/013905463083_0215093226|reg/013905463083_0215093226|reg/013905463083_0215093043
2017-02-15 09:31:29 INFO UpdateUserState: 013905463083,1
2017-02-15 09:31:41 INFO AddIdentifyResult: 16423,013296472606,-1,
2017-02-15 09:31:49 INFO AddIdentifyResult: 16423,013296472606,-3,
2017-02-15 09:32:50 INFO AddIdentifyResult: 16422,015997146985,12,
2017-02-15 09:32:57 INFO AddIdentifyResult: 16422,015997146985,10,reg/015997146985_0215093255|reg/015997146985_0215093255|reg/015997146985_
2017-02-15 09:32:58 INFO UpdateUserState: 015997146985,1
2017-02-15 09:33:12 INFO AddIdentifyResult: 16424,015997146985,-1,
2017-02-15 09:33:25 INFO AddIdentifyResult: 16424,015997146985,-3,
2017-02-15 09:33:52 INFO AddIdentifyResult: 16423,013296472606,12,
2017-02-15 09:33:59 INFO AddIdentifyResult: 16423,013296472606,10,reg/013296472606_0215093327|reg/013296472606_0215093327|reg/013296472606_
2017-02-15 09:33:59 INFO UpdateUserState: 013296472606,1
2017-02-15 09:34:18 INFO AddIdentifyResult: 16424,015997146985,0,ver/02/15/093504_015997146985.wav
2017-02-15 09:34:24 INFO AddIdentifyResult: 16425,013296472606,-1,
2017-02-15 09:34:33 INFO AddIdentifyResult: 16425,013296472606,-3,
2017-02-15 09:35:25 INFO AddIdentifyResult: 16425,013296472606,0,ver/02/15/093612_013296472606.wav
2017-02-15 09:37:53 INFO AddIdentifyResult: 16426,013092786989,-1,
2017-02-15 09:38:18 INFO AddIdentifyResult: 16426,013092786989,-3,
2017-02-15 09:39:52 INFO AddIdentifyResult: 16426,013092786989,12,
2017-02-15 09:39:59 INFO AddIdentifyResult: 16426,013092786989,10,reg/013092786989_0215093956|reg/013092786989_0215093956|reg/013092786989_
2017-02-15 09:39:59 INFO UpdateUserState: 013092786989,1
2017-02-15 09:40:10 INFO AddIdentifyResult: 16427,013092786989,-1,
2017-02-15 09:40:17 INFO AddIdentifyResult: 16427,013092786989,-3,
2017-02-15 09:41:08 INFO AddIdentifyResult: 16427,013092786989,0,ver/02/15/094155_013092786989.wav
2017-02-15 09:46:02 INFO AddIdentifyResult: 16428,015629708013,-1,
2017-02-15 09:46:10 INFO AddIdentifyResult: 16428,015629708013,-3,
2017-02-15 09:46:22 INFO AddIdentifyResult: 16429,013287325016,-1,
2017-02-15 09:46:36 INFO AddIdentifyResult: 16428,015629708013,11,reg/015629708013_|reg/015629708013_|reg/015629708013_
2017-02-15 09:46:37 INFO AddIdentifyResult: 16429,013287325016,-3,
2017-02-15 09:47:00 INFO AddIdentifyResult: 16430,015629708013,-1,
2017-02-15 09:47:16 INFO AddIdentifyResult: 16430,015629708013,-3,
2017-02-15 09:48:46 INFO AddIdentifyResult: 16429,013287325016,12,
2017-02-15 09:48:54 INFO AddIdentifyResult: 16429,013287325016,10,reg/013287325016_0215094815|reg/013287325016_0215094815|reg/013287325016_
2017-02-15 09:48:54 INFO UpdateUserState: 013287325016,1
2017-02-15 09:50:14 INFO AddIdentifyResult: 16430,015629708013,11,reg/015629708013_|reg/015629708013_|reg/015629708013_
2017-02-15 09:50:51 INFO AddIdentifyResult: 16431,015629708013,-1,
2017-02-15 09:51:07 INFO AddIdentifyResult: 16431,015629708013,-3,
2017-02-15 09:53:59 INFO AddIdentifyResult: 16431,015629708013,12,
2017-02-15 09:54:07 INFO AddIdentifyResult: 16431,015629708013,10,reg/015629708013_0215095451|reg/015629708013_0215095451|reg/015629708013_0215095246
2017-02-15 09:54:07 INFO UpdateUserState: 015629708013,1
2017-02-15 09:54:11 INFO AddIdentifyResult: 16432,015629708013,-1,
2017-02-15 09:54:30 INFO AddIdentifyResult: 16432,015629708013,-3,
2017-02-15 09:55:22 INFO AddIdentifyResult: 16433,013455716858,-1,
2017-02-15 09:55:22 INFO AddIdentifyResult: 16432,015629708013,1,ver/02/15/095609_015629708013.wav
2017-02-15 09:55:33 INFO AddIdentifyResult: 16434,015532230956,-1,
2017-02-15 09:55:36 INFO AddIdentifyResult: 16433,013455716858,-3,
2017-02-15 09:55:46 INFO AddIdentifyResult: 16435,015629708013,-1,
2017-02-15 09:55:56 INFO AddIdentifyResult: 16435,015629708013,-3,
2017-02-15 09:56:21 INFO AddIdentifyResult: 16433,013455716858,11,reg/013455716858_|reg/013455716858_|reg/013455716858_
2017-02-15 09:56:47 INFO AddIdentifyResult: 16435,015629708013,1,ver/02/15/095735_015629708013.wav
2017-02-15 09:56:59 INFO AddIdentifyResult: 16436,013455716858,-1,
2017-02-15 09:57:10 INFO AddIdentifyResult: 16437,015629708013,-1,
2017-02-15 09:57:12 INFO AddIdentifyResult: 16436,013455716858,-3,
2017-02-15 09:57:23 INFO AddIdentifyResult: 16437,015629708013,-3,
2017-02-15 09:58:14 INFO AddIdentifyResult: 16437,015629708013,1,ver/02/15/095902_015629708013.wav
2017-02-15 09:58:31 INFO AddIdentifyResult: 16438,015629708013,-1,
2017-02-15 09:58:54 INFO AddIdentifyResult: 16438,015629708013,-3,
2017-02-15 09:58:57 INFO AddIdentifyResult: 16436,013455716858,12,
2017-02-15 09:59:04 INFO AddIdentifyResult: 16436,013455716858,10,reg/013455716858_0215100003|reg/013455716858_0215100003|reg/013455716858_0215095850
2017-02-15 09:59:04 INFO UpdateUserState: 013455716858,1
2017-02-15 09:59:26 INFO AddIdentifyResult: 16439,015532230956,-1,
2017-02-15 09:59:46 INFO AddIdentifyResult: 16438,015629708013,1,ver/02/15/100033_015629708013.wav
2017-02-15 10:00:04 INFO AddIdentifyResult: 16440,015532230956,-1,
2017-02-15 10:00:32 INFO AddIdentifyResult: 16441,015629708013,-1,
2017-02-15 10:01:03 INFO AddIdentifyResult: 16441,015629708013,-3,
2017-02-15 10:02:31 INFO AddIdentifyResult: 16442,015632230956,-1,
2017-02-15 10:02:39 INFO AddIdentifyResult: 16443,013287330585,-1,
2017-02-15 10:02:44 INFO AddIdentifyResult: 16442,015632230956,-3,
2017-02-15 10:02:47 INFO AddIdentifyResult: 16444,013287330585,-1,
2017-02-15 10:02:50 INFO AddIdentifyResult: 16443,013287330585,-3,
2017-02-15 10:03:01 INFO AddIdentifyResult: 16441,015629708013,12,
2017-02-15 10:03:08 INFO AddIdentifyResult: 16441,015629708013,10,reg/015629708013_0215100410|reg/015629708013_0215100410|reg/015629708013_0215100242
2017-02-15 10:03:09 INFO UpdateUserState: 015629708013,1
2017-02-15 10:03:15 INFO AddIdentifyResult: 16445,015629708013,-1,
2017-02-15 10:03:35 INFO AddIdentifyResult: 16445,015629708013,-3,
2017-02-15 10:04:13 INFO AddIdentifyResult: 16442,015632230956,12,
2017-02-15 10:04:20 INFO AddIdentifyResult: 16442,015632230956,10,reg/015632230956_0215100423|reg/015632230956_0215100423|reg/015632230956_
2017-02-15 10:04:20 INFO UpdateUserState: 015632230956,1
2017-02-15 10:04:24 INFO AddIdentifyResult: 16446,015632230956,-1,
2017-02-15 10:04:27 INFO AddIdentifyResult: 16445,015629708013,0,ver/02/15/100514_015629708013.wav
2017-02-15 10:04:32 INFO AddIdentifyResult: 16446,015632230956,-3,
2017-02-15 10:04:34 INFO AddIdentifyResult: 16443,013287330585,12,
2017-02-15 10:04:41 INFO AddIdentifyResult: 16443,013287330585,10,reg/013287330585_0215100428|reg/013287330585_0215100428|reg/013287330585_
2017-02-15 10:04:41 INFO UpdateUserState: 013287330585,1
2017-02-15 10:05:24 INFO AddIdentifyResult: 16446,015632230956,0,ver/02/15/100611_015632230956.wav
2017-02-15 10:05:35 INFO AddIdentifyResult: 16447,013287330585,-1,
2017-02-15 10:05:37 INFO AddIdentifyResult: 16448,013633226719,-1,
2017-02-15 10:05:42 INFO AddIdentifyResult: 16447,013287330585,-3,
2017-02-15 10:05:48 INFO AddIdentifyResult: 16448,013633226719,-3,
2017-02-15 10:06:30 INFO AddIdentifyResult: 16447,013287330585,1,
2017-02-15 10:06:46 INFO AddIdentifyResult: 16449,013287330585,-1,
2017-02-15 10:06:52 INFO AddIdentifyResult: 16449,013287330585,-3,
2017-02-15 10:07:20 INFO AddIdentifyResult: 16448,013633226719,12,
2017-02-15 10:07:27 INFO AddIdentifyResult: 16448,013633226719,10,reg/013633226719_0215100727|reg/013633226719_0215100727|reg/013633226719_
2017-02-15 10:07:27 INFO UpdateUserState: 013633226719,1
2017-02-15 10:07:44 INFO AddIdentifyResult: 16449,013287330585,0,ver/02/15/100831_013287330585.wav
2017-02-15 10:08:00 INFO AddIdentifyResult: 16450,013633226719,-1,
2017-02-15 10:08:11 INFO AddIdentifyResult: 16450,013633226719,-3,
2017-02-15 10:09:03 INFO AddIdentifyResult: 16450,013633226719,1,ver/02/15/100950_013633226719.wav
2017-02-15 10:09:19 INFO AddIdentifyResult: 16451,013633226719,-1,
2017-02-15 10:09:34 INFO AddIdentifyResult: 16452,015871178497,-1,
2017-02-15 10:09:43 INFO AddIdentifyResult: 16451,013633226719,-3,
2017-02-15 10:09:50 INFO AddIdentifyResult: 16452,015871178497,-3,
2017-02-15 10:10:35 INFO AddIdentifyResult: 16451,013633226719,0,ver/02/15/101122_013633226719.wav
2017-02-15 10:11:26 INFO AddIdentifyResult: 16452,015871178497,12,
2017-02-15 10:11:32 INFO AddIdentifyResult: 16452,015871178497,10,reg/015871178497_0215101128|reg/015871178497_0215101128|reg/015871178497_
2017-02-15 10:11:33 INFO UpdateUserState: 015871178497,1
2017-02-15 10:11:44 INFO AddIdentifyResult: 16453,015871178497,-1,
2017-02-15 10:11:53 INFO AddIdentifyResult: 16453,015871178497,-3,
2017-02-15 10:12:33 INFO AddIdentifyResult: 16454,013245460801,-1,
2017-02-15 10:12:45 INFO AddIdentifyResult: 16453,015871178497,0,ver/02/15/101332_015871178497.wav
2017-02-15 10:12:46 INFO AddIdentifyResult: 16454,013245460801,-3,
2017-02-15 10:13:36 INFO AddIdentifyResult: 16455,015081425154,-1,
2017-02-15 10:13:43 INFO AddIdentifyResult: 16455,015081425154,-3,
2017-02-15 10:14:33 INFO AddIdentifyResult: 16454,013245460801,12,
2017-02-15 10:14:41 INFO AddIdentifyResult: 16454,013245460801,10,reg/013245460801_0215101424|reg/013245460801_0215101424|reg/013245460801_
2017-02-15 10:14:41 INFO UpdateUserState: 013245460801,1
2017-02-15 10:15:09 INFO AddIdentifyResult: 16456,013468270997,-1,
2017-02-15 10:15:20 INFO AddIdentifyResult: 16456,013468270997,-3,
2017-02-15 10:15:20 INFO AddIdentifyResult: 16455,015081425154,12,
2017-02-15 10:15:28 INFO AddIdentifyResult: 16455,015081425154,10,reg/015081425154_0215101521|reg/015081425154_0215101521|reg/015081425154_
2017-02-15 10:15:29 INFO UpdateUserState: 015081425154,1
2017-02-15 10:15:29 INFO AddIdentifyResult: 16457,015081425154,-1,
2017-02-15 10:15:35 INFO AddIdentifyResult: 16457,015081425154,-3,
2017-02-15 10:16:28 INFO AddIdentifyResult: 16457,015081425154,0,ver/02/15/101714_015081425154.wav
2017-02-15 10:17:03 INFO AddIdentifyResult: 16458,015629707830,-1,
2017-02-15 10:17:19 INFO AddIdentifyResult: 16458,015629707830,-3,
2017-02-15 10:17:20 INFO AddIdentifyResult: 16456,013468270997,12,
2017-02-15 10:17:29 INFO AddIdentifyResult: 16459,013171901916,-1,
2017-02-15 10:17:29 INFO AddIdentifyResult: 16456,013468270997,10,reg/013468270997_0215101816|reg/013468270997_0215101816|reg/013468270997_0215101658
2017-02-15 10:17:29 INFO UpdateUserState: 013468270997,1
2017-02-15 10:17:36 INFO AddIdentifyResult: 16459,013171901916,-3,
2017-02-15 10:19:09 INFO AddIdentifyResult: 16460,015572885065,-1,
2017-02-15 10:19:20 INFO AddIdentifyResult: 16458,015629707830,12,
2017-02-15 10:19:21 INFO AddIdentifyResult: 16460,015572885065,-3,
2017-02-15 10:19:28 INFO AddIdentifyResult: 16458,015629707830,10,reg/015629707830_0215101857|reg/015629707830_0215101857|reg/015629707830_
2017-02-15 10:19:28 INFO UpdateUserState: 015629707830,1
2017-02-15 10:19:33 INFO AddIdentifyResult: 16459,013171901916,12,
2017-02-15 10:19:38 INFO AddIdentifyResult: 16461,015629707830,-1,
2017-02-15 10:19:41 INFO AddIdentifyResult: 16459,013171901916,10,reg/013171901916_0215101915|reg/013171901916_0215101915|reg/013171901916_
2017-02-15 10:19:42 INFO UpdateUserState: 013171901916,1
2017-02-15 10:19:44 INFO AddIdentifyResult: 16461,015629707830,-3,
2017-02-15 10:19:45 INFO AddIdentifyResult: 16462,013171901916,-1,
2017-02-15 10:19:51 INFO AddIdentifyResult: 16462,013171901916,-3,
2017-02-15 10:20:36 INFO AddIdentifyResult: 16461,015629707830,0,ver/02/15/102123_015629707830.wav
2017-02-15 10:21:12 INFO AddIdentifyResult: 16463,015629909612,-1,
2017-02-15 10:21:37 INFO AddIdentifyResult: 16463,015629909612,-3,
2017-02-15 10:22:09 INFO AddIdentifyResult: 16460,015572885065,12,
2017-02-15 10:22:17 INFO AddIdentifyResult: 16460,015572885065,10,reg/015572885065_0215102100|reg/015572885065_0215102100|reg/015572885065_
2017-02-15 10:22:17 INFO UpdateUserState: 015572885065,1
2017-02-15 10:22:22 INFO AddIdentifyResult: 16464,015572885065,-1,
2017-02-15 10:22:32 INFO AddIdentifyResult: 16464,015572885065,-3,
2017-02-15 10:22:57 INFO AddIdentifyResult: 16465,015630223861,-1,
2017-02-15 10:23:02 INFO AddIdentifyResult: 16465,015630223861,-3,
2017-02-15 10:23:23 INFO AddIdentifyResult: 16464,015572885065,0,ver/02/15/102411_015572885065.wav
2017-02-15 10:23:24 INFO AddIdentifyResult: 16463,015629909612,12,
2017-02-15 10:23:33 INFO AddIdentifyResult: 16463,015629909612,10,reg/015629909612_0215102316|reg/015629909612_0215102316|reg/015629909612_
2017-02-15 10:23:33 INFO UpdateUserState: 015629909612,1
2017-02-15 10:23:36 INFO AddIdentifyResult: 16466,015629707830,-1,
2017-02-15 10:24:24 INFO AddIdentifyResult: 16467,015629909612,-1,
2017-02-15 10:24:38 INFO AddIdentifyResult: 16467,015629909612,-3,
2017-02-15 10:25:07 INFO AddIdentifyResult: 16465,015630223861,12,
2017-02-15 10:25:15 INFO AddIdentifyResult: 16468,015630223861,-4,2
2017-02-15 10:25:16 INFO AddIdentifyResult: 16465,015630223861,10,reg/015630223861_0215102440|reg/015630223861_0215102440|reg/015630223861_
2017-02-15 10:25:16 INFO UpdateUserState: 015630223861,1
2017-02-15 10:25:31 INFO AddIdentifyResult: 16467,015629909612,0,ver/02/15/102617_015629909612.wav
2017-02-15 10:25:45 INFO AddIdentifyResult: 16469,015630223861,-1,
2017-02-15 10:25:53 INFO AddIdentifyResult: 16469,015630223861,-3,
2017-02-15 10:26:45 INFO AddIdentifyResult: 16469,015630223861,0,ver/02/15/102732_015630223861.wav
2017-02-15 10:27:04 INFO AddIdentifyResult: 16470,015629708103,-1,
2017-02-15 10:27:12 INFO AddIdentifyResult: 16470,015629708103,-3,
2017-02-15 10:27:43 INFO AddIdentifyResult: 16470,015629708103,11,reg/015629708103_|reg/015629708103_|reg/015629708103_
2017-02-15 10:27:51 INFO AddIdentifyResult: 16471,015629708103,-1,
2017-02-15 10:28:01 INFO AddIdentifyResult: 16471,015629708103,-3,
2017-02-15 10:29:07 INFO AddIdentifyResult: 16472,015630233709,-1,
2017-02-15 10:29:11 INFO AddIdentifyResult: 16472,015630233709,-3,
2017-02-15 10:29:52 INFO AddIdentifyResult: 16471,015629708103,12,
2017-02-15 10:29:59 INFO AddIdentifyResult: 16471,015629708103,10,reg/015629708103_0215102940|reg/015629708103_0215102940|reg/015629708103_
2017-02-15 10:29:59 INFO UpdateUserState: 015629708103,1
2017-02-15 10:30:07 INFO AddIdentifyResult: 16473,015629708103,-1,
2017-02-15 10:30:20 INFO AddIdentifyResult: 16473,015629708103,-3,
2017-02-15 10:31:12 INFO AddIdentifyResult: 16473,015629708103,1,ver/02/15/103159_015629708103.wav
2017-02-15 10:31:15 INFO AddIdentifyResult: 16472,015630233709,12,
2017-02-15 10:31:23 INFO AddIdentifyResult: 16472,015630233709,10,reg/015630233709_0215103050|reg/015630233709_0215103050|reg/015630233709_
2017-02-15 10:31:23 INFO UpdateUserState: 015630233709,1
2017-02-15 10:31:36 INFO AddIdentifyResult: 16474,015630233709,-1,
2017-02-15 10:31:43 INFO AddIdentifyResult: 16474,015630233709,-3,
2017-02-15 10:31:43 INFO AddIdentifyResult: 16475,015629708103,-1,
2017-02-15 10:32:10 INFO AddIdentifyResult: 16475,015629708103,-3,
2017-02-15 10:32:35 INFO AddIdentifyResult: 16474,015630233709,0,ver/02/15/103322_015630233709.wav
2017-02-15 10:33:02 INFO AddIdentifyResult: 16475,015629708103,1,ver/02/15/103349_015629708103.wav
2017-02-15 10:33:32 INFO AddIdentifyResult: 16476,015629708103,-1,
2017-02-15 10:33:41 INFO AddIdentifyResult: 16476,015629708103,-3,
2017-02-15 10:33:57 INFO AddIdentifyResult: 16477,013102916217,-1,
2017-02-15 10:34:03 INFO AddIdentifyResult: 16477,013102916217,-3,
2017-02-15 10:35:03 INFO AddIdentifyResult: 16477,013102916217,11,reg/013102916217_|reg/013102916217_|reg/013102916217_
2017-02-15 10:35:13 INFO AddIdentifyResult: 16478,018832223082,-1,
2017-02-15 10:35:23 INFO AddIdentifyResult: 16479,013102916217,-1,
2017-02-15 10:35:27 INFO AddIdentifyResult: 16479,013102916217,-3,
2017-02-15 10:35:47 INFO AddIdentifyResult: 16480,018832223082,-1,
2017-02-15 10:35:54 INFO AddIdentifyResult: 16480,018832223082,-3,
2017-02-15 10:35:56 INFO AddIdentifyResult: 16476,015629708103,12,
2017-02-15 10:36:05 INFO AddIdentifyResult: 16476,015629708103,10,reg/015629708103_0215103520|reg/015629708103_0215103520|reg/015629708103_
2017-02-15 10:36:06 INFO UpdateUserState: 015629708103,1
2017-02-15 10:36:22 INFO AddIdentifyResult: 16481,015629708103,-1,
2017-02-15 10:36:29 INFO AddIdentifyResult: 16481,015629708103,-3,
2017-02-15 10:37:21 INFO AddIdentifyResult: 16481,015629708103,1,ver/02/15/103808_015629708103.wav
2017-02-15 10:37:46 INFO AddIdentifyResult: 16482,015629708103,-1,
2017-02-15 10:37:53 INFO AddIdentifyResult: 16480,018832223082,12,
2017-02-15 10:38:00 INFO AddIdentifyResult: 16480,018832223082,10,reg/018832223082_0215103903|reg/018832223082_0215103903|reg/018832223082_0215103733
2017-02-15 10:38:00 INFO UpdateUserState: 018832223082,1
2017-02-15 10:38:09 INFO AddIdentifyResult: 16483,018832223082,-1,
2017-02-15 10:38:14 INFO AddIdentifyResult: 16483,018832223082,-3,
2017-02-15 10:38:20 INFO AddIdentifyResult: 16482,015629708103,-3,
2017-02-15 10:38:32 INFO AddIdentifyResult: 16479,013102916217,12,
2017-02-15 10:38:39 INFO AddIdentifyResult: 16479,013102916217,10,reg/013102916217_0215103912|reg/013102916217_0215103912|reg/013102916217_0215103706
2017-02-15 10:38:39 INFO UpdateUserState: 013102916217,1
2017-02-15 10:38:51 INFO AddIdentifyResult: 16484,013472236006,-1,
2017-02-15 10:38:53 INFO AddIdentifyResult: 16485,013102916217,-1,
2017-02-15 10:38:58 INFO AddIdentifyResult: 16484,013472236006,-3,
2017-02-15 10:39:03 INFO AddIdentifyResult: 16485,013102916217,-3,
2017-02-15 10:39:06 INFO AddIdentifyResult: 16483,018832223082,0,ver/02/15/103953_018832223082.wav
2017-02-15 10:39:12 INFO AddIdentifyResult: 16482,015629708103,1,ver/02/15/103959_015629708103.wav
2017-02-15 10:39:42 INFO AddIdentifyResult: 16486,015629708103,-1,
2017-02-15 10:39:54 INFO AddIdentifyResult: 16485,013102916217,0,ver/02/15/104042_013102916217.wav
2017-02-15 10:40:02 INFO AddIdentifyResult: 16487,013032075219,-1,
2017-02-15 10:40:14 INFO AddIdentifyResult: 16487,013032075219,-3,
2017-02-15 10:40:17 INFO AddIdentifyResult: 16486,015629708103,-3,
2017-02-15 10:40:26 INFO AddIdentifyResult: 16484,013472236006,12,
2017-02-15 10:40:33 INFO AddIdentifyResult: 16484,013472236006,10,reg/013472236006_0215104037|reg/013472236006_0215104037|reg/013472236006_
2017-02-15 10:40:34 INFO UpdateUserState: 013472236006,1
2017-02-15 10:40:37 INFO AddIdentifyResult: 16488,013032075219,-1,
2017-02-15 10:40:42 INFO AddIdentifyResult: 16489,013472236006,-1,
2017-02-15 10:40:44 INFO AddIdentifyResult: 16488,013032075219,-3,
2017-02-15 10:40:48 INFO AddIdentifyResult: 16489,013472236006,-3,
2017-02-15 10:40:54 INFO AddIdentifyResult: 16488,013032075219,11,reg/013032075219_|reg/013032075219_|reg/013032075219_
2017-02-15 10:41:04 INFO AddIdentifyResult: 16490,013032075219,-1,
2017-02-15 10:41:08 INFO AddIdentifyResult: 16490,013032075219,-3,
2017-02-15 10:41:33 INFO AddIdentifyResult: 16491,015254682339,-1,
2017-02-15 10:41:40 INFO AddIdentifyResult: 16489,013472236006,0,ver/02/15/104227_013472236006.wav
2017-02-15 10:41:44 INFO AddIdentifyResult: 16491,015254682339,-3,
2017-02-15 10:42:02 INFO AddIdentifyResult: 16486,015629708103,12,
2017-02-15 10:42:10 INFO AddIdentifyResult: 16486,015629708103,10,reg/015629708103_0215104155|reg/015629708103_0215104155|reg/015629708103_
2017-02-15 10:42:10 INFO UpdateUserState: 015629708103,1
2017-02-15 10:42:25 INFO AddIdentifyResult: 16492,015629708103,-1,
2017-02-15 10:42:37 INFO AddIdentifyResult: 16490,013032075219,12,
2017-02-15 10:42:40 INFO AddIdentifyResult: 16492,015629708103,-3,
2017-02-15 10:42:44 INFO AddIdentifyResult: 16490,013032075219,10,reg/013032075219_0215104247|reg/013032075219_0215104247|reg/013032075219_
2017-02-15 10:42:44 INFO UpdateUserState: 013032075219,1
2017-02-15 10:42:52 INFO AddIdentifyResult: 16493,013032075219,-1,
2017-02-15 10:42:57 INFO AddIdentifyResult: 16493,013032075219,-3,
2017-02-15 10:43:32 INFO AddIdentifyResult: 16492,015629708103,0,ver/02/15/104419_015629708103.wav
2017-02-15 10:43:50 INFO AddIdentifyResult: 16493,013032075219,0,ver/02/15/104436_013032075219.wav
2017-02-15 10:44:26 INFO AddIdentifyResult: 16487,013032075219,11,reg/013032075219_|reg/013032075219_|reg/013032075219_
2017-02-15 10:44:51 INFO AddIdentifyResult: 16491,015254682339,12,
2017-02-15 10:44:59 INFO AddIdentifyResult: 16491,015254682339,10,reg/015254682339_0215104539|reg/015254682339_0215104539|reg/015254682339_0215104322
2017-02-15 10:44:59 INFO UpdateUserState: 015254682339,1
2017-02-15 10:45:16 INFO AddIdentifyResult: 16494,013784973910,-1,
2017-02-15 10:45:23 INFO AddIdentifyResult: 16494,013784973910,-3,
2017-02-15 10:45:28 INFO AddIdentifyResult: 16495,013245465601,-1,
2017-02-15 10:45:34 INFO AddIdentifyResult: 16495,013245465601,-3,
2017-02-15 10:45:52 INFO AddIdentifyResult: 16496,013180217256,-1,
2017-02-15 10:45:58 INFO AddIdentifyResult: 16496,013180217256,-3,
2017-02-15 10:47:18 INFO AddIdentifyResult: 16494,013784973910,12,
2017-02-15 10:47:25 INFO AddIdentifyResult: 16496,013180217256,12,
2017-02-15 10:47:28 INFO AddIdentifyResult: 16494,013784973910,10,reg/013784973910_0215104702|reg/013784973910_0215104702|reg/013784973910_
2017-02-15 10:47:28 INFO UpdateUserState: 013784973910,1
2017-02-15 10:47:28 INFO AddIdentifyResult: 16495,013245465601,12,
2017-02-15 10:47:34 INFO AddIdentifyResult: 16497,013784973910,-1,
2017-02-15 10:47:35 INFO AddIdentifyResult: 16496,013180217256,10,reg/013180217256_0215104736|reg/013180217256_0215104736|reg/013180217256_
2017-02-15 10:47:36 INFO UpdateUserState: 013180217256,1
2017-02-15 10:47:40 INFO AddIdentifyResult: 16497,013784973910,-3,
2017-02-15 10:47:43 INFO AddIdentifyResult: 16495,013245465601,10,reg/013245465601_0215104713|reg/013245465601_0215104713|reg/013245465601_
2017-02-15 10:47:43 INFO UpdateUserState: 013245465601,1
2017-02-15 10:47:44 INFO AddIdentifyResult: 16498,013180217256,-1,
2017-02-15 10:47:48 INFO AddIdentifyResult: 16498,013180217256,-3,
2017-02-15 10:48:32 INFO AddIdentifyResult: 16497,013784973910,0,ver/02/15/104919_013784973910.wav
2017-02-15 10:48:40 INFO AddIdentifyResult: 16498,013180217256,0,ver/02/15/104927_013180217256.wav
2017-02-15 10:48:46 INFO AddIdentifyResult: 16499,013165572615,-1,
2017-02-15 10:48:51 INFO AddIdentifyResult: 16499,013165572615,-3,
2017-02-15 10:50:42 INFO AddIdentifyResult: 16499,013165572615,12,
2017-02-15 10:50:51 INFO AddIdentifyResult: 16499,013165572615,10,reg/013165572615_0215105029|reg/013165572615_0215105029|reg/013165572615_
2017-02-15 10:50:51 INFO UpdateUserState: 013165572615,1
2017-02-15 10:50:52 INFO AddIdentifyResult: 16500,013165572615,-1,
2017-02-15 10:50:56 INFO AddIdentifyResult: 16500,013165572615,-3,
2017-02-15 10:51:41 INFO AddIdentifyResult: 16501,013287330097,-1,
2017-02-15 10:51:43 INFO AddIdentifyResult: 16502,018833284650,-1,
2017-02-15 10:51:49 INFO AddIdentifyResult: 16500,013165572615,0,ver/02/15/105236_013165572615.wav
2017-02-15 10:51:59 INFO AddIdentifyResult: 16501,013287330097,-3,
2017-02-15 10:52:02 INFO AddIdentifyResult: 16503,018833284650,-1,
2017-02-15 10:52:18 INFO AddIdentifyResult: 16504,013296473369,-1,
2017-02-15 10:52:28 INFO AddIdentifyResult: 16504,013296473369,-3,
2017-02-15 10:52:36 INFO AddIdentifyResult: 16505,015633782681,-1,
2017-02-15 10:52:39 INFO AddIdentifyResult: 16506,018833284650,-1,
2017-02-15 10:52:43 INFO AddIdentifyResult: 16505,015633782681,-3,
2017-02-15 10:52:47 INFO AddIdentifyResult: 16506,018833284650,-3,
2017-02-15 10:53:26 INFO AddIdentifyResult: 16505,015633782681,11,reg/015633782681_|reg/015633782681_|reg/015633782681_
2017-02-15 10:53:46 INFO AddIdentifyResult: 16507,013082373310,-1,
2017-02-15 10:53:51 INFO AddIdentifyResult: 16507,013082373310,-3,
2017-02-15 10:53:58 INFO AddIdentifyResult: 16508,015633782681,-1,
2017-02-15 10:54:05 INFO AddIdentifyResult: 16508,015633782681,-3,
2017-02-15 10:54:21 INFO AddIdentifyResult: 16506,018833284650,12,
2017-02-15 10:54:28 INFO AddIdentifyResult: 16506,018833284650,10,reg/018833284650_0215105425|reg/018833284650_0215105425|reg/018833284650_
2017-02-15 10:54:29 INFO UpdateUserState: 018833284650,1
2017-02-15 10:54:32 INFO AddIdentifyResult: 16501,013287330097,12,
2017-02-15 10:54:40 INFO AddIdentifyResult: 16501,013287330097,10,reg/013287330097_0215105524|reg/013287330097_0215105524|reg/013287330097_0215105337
2017-02-15 10:54:40 INFO UpdateUserState: 013287330097,1
2017-02-15 10:54:44 INFO AddIdentifyResult: 16504,013296473369,12,
2017-02-15 10:54:51 INFO AddIdentifyResult: 16509,018833284650,-1,
2017-02-15 10:54:54 INFO AddIdentifyResult: 16504,013296473369,10,reg/013296473369_0215105407|reg/013296473369_0215105407|reg/013296473369_
2017-02-15 10:54:54 INFO UpdateUserState: 013296473369,1
2017-02-15 10:55:01 INFO AddIdentifyResult: 16509,018833284650,-3,
2017-02-15 10:55:34 INFO AddIdentifyResult: 16508,015633782681,12,
2017-02-15 10:55:35 INFO AddIdentifyResult: 16507,013082373310,12,
2017-02-15 10:55:41 INFO AddIdentifyResult: 16508,015633782681,10,reg/015633782681_0215105543|reg/015633782681_0215105543|reg/015633782681_
2017-02-15 10:55:41 INFO UpdateUserState: 015633782681,1
2017-02-15 10:55:49 INFO AddIdentifyResult: 16507,013082373310,10,reg/013082373310_0215105530|reg/013082373310_0215105530|reg/013082373310_
2017-02-15 10:55:49 INFO UpdateUserState: 013082373310,1
2017-02-15 10:55:50 INFO AddIdentifyResult: 16510,015633782681,-1,
2017-02-15 10:55:53 INFO AddIdentifyResult: 16509,018833284650,0,ver/02/15/105640_018833284650.wav
2017-02-15 10:55:54 INFO AddIdentifyResult: 16510,015633782681,-3,
2017-02-15 10:56:04 INFO AddIdentifyResult: 16511,013296473369,-1,
2017-02-15 10:56:06 INFO AddIdentifyResult: 16512,013082373310,-1,
2017-02-15 10:56:10 INFO AddIdentifyResult: 16512,013082373310,-3,
2017-02-15 10:56:12 INFO AddIdentifyResult: 16511,013296473369,-3,
2017-02-15 10:56:47 INFO AddIdentifyResult: 16510,015633782681,0,ver/02/15/105734_015633782681.wav
2017-02-15 10:57:02 INFO AddIdentifyResult: 16512,013082373310,0,ver/02/15/105749_013082373310.wav
2017-02-15 10:57:04 INFO AddIdentifyResult: 16511,013296473369,0,ver/02/15/105751_013296473369.wav
2017-02-15 10:57:17 INFO AddIdentifyResult: 16513,013854655856,-1,
2017-02-15 10:57:25 INFO AddIdentifyResult: 16513,013854655856,-3,
2017-02-15 10:59:00 INFO AddIdentifyResult: 16514,013930245424,-1,
2017-02-15 10:59:07 INFO AddIdentifyResult: 16515,013092786761,-1,
2017-02-15 10:59:11 INFO AddIdentifyResult: 16514,013930245424,-3,
2017-02-15 10:59:15 INFO AddIdentifyResult: 16515,013092786761,-3,
2017-02-15 10:59:28 INFO AddIdentifyResult: 16513,013854655856,12,
2017-02-15 10:59:34 INFO AddIdentifyResult: 16513,013854655856,10,reg/013854655856_0215105904|reg/013854655856_0215105904|reg/013854655856_
2017-02-15 10:59:34 INFO UpdateUserState: 013854655856,1
2017-02-15 11:00:43 INFO AddIdentifyResult: 16514,013930245424,12,
2017-02-15 11:00:51 INFO AddIdentifyResult: 16514,013930245424,10,reg/013930245424_0215110049|reg/013930245424_0215110049|reg/013930245424_
2017-02-15 11:00:52 INFO UpdateUserState: 013930245424,1
2017-02-15 11:01:01 INFO AddIdentifyResult: 16516,013930245424,-1,
2017-02-15 11:01:08 INFO AddIdentifyResult: 16516,013930245424,-3,
2017-02-15 11:01:25 INFO AddIdentifyResult: 16517,015633792113,-1,
2017-02-15 11:01:25 INFO AddIdentifyResult: 16515,013092786761,12,
2017-02-15 11:01:29 INFO AddIdentifyResult: 16517,015633792113,-3,
2017-02-15 11:01:32 INFO AddIdentifyResult: 16515,013092786761,10,reg/013092786761_0215110215|reg/013092786761_0215110215|reg/013092786761_0215110054
2017-02-15 11:01:32 INFO UpdateUserState: 013092786761,1
2017-02-15 11:01:44 INFO AddIdentifyResult: 16518,013092786761,-1,
2017-02-15 11:01:56 INFO AddIdentifyResult: 16518,013092786761,-3,
2017-02-15 11:02:01 INFO AddIdentifyResult: 16516,013930245424,0,ver/02/15/110247_013930245424.wav
2017-02-15 11:02:47 INFO AddIdentifyResult: 16518,013092786761,0,ver/02/15/110335_013092786761.wav
2017-02-15 11:03:06 INFO AddIdentifyResult: 16517,015633792113,12,
2017-02-15 11:03:14 INFO AddIdentifyResult: 16517,015633792113,10,reg/015633792113_0215110308|reg/015633792113_0215110308|reg/015633792113_
2017-02-15 11:03:14 INFO UpdateUserState: 015633792113,1
2017-02-15 11:03:16 INFO AddIdentifyResult: 16519,015633792113,-1,
2017-02-15 11:03:20 INFO AddIdentifyResult: 16519,015633792113,-3,
2017-02-15 11:04:13 INFO AddIdentifyResult: 16519,015633792113,0,ver/02/15/110459_015633792113.wav
2017-02-15 11:04:23 INFO AddIdentifyResult: 16520,015194879406,-1,
2017-02-15 11:04:30 INFO AddIdentifyResult: 16520,015194879406,-3,
2017-02-15 11:05:28 INFO AddIdentifyResult: 16521,015633787385,-1,
2017-02-15 11:05:34 INFO AddIdentifyResult: 16521,015633787385,-3,
2017-02-15 11:06:10 INFO AddIdentifyResult: 16520,015194879406,12,
2017-02-15 11:06:17 INFO AddIdentifyResult: 16520,015194879406,10,reg/015194879406_0215110609|reg/015194879406_0215110609|reg/015194879406_
2017-02-15 11:06:18 INFO UpdateUserState: 015194879406,1
2017-02-15 11:06:24 INFO AddIdentifyResult: 16522,018162911361,-1,
2017-02-15 11:06:38 INFO AddIdentifyResult: 16523,015194879406,-1,
2017-02-15 11:06:45 INFO AddIdentifyResult: 16523,015194879406,-3,
2017-02-15 11:06:50 INFO AddIdentifyResult: 16524,013245461056,-1,
2017-02-15 11:06:54 INFO AddIdentifyResult: 16522,018162911361,-3,
2017-02-15 11:06:58 INFO AddIdentifyResult: 16521,015633787385,12,
2017-02-15 11:06:59 INFO AddIdentifyResult: 16524,013245461056,-3,
2017-02-15 11:07:07 INFO AddIdentifyResult: 16521,015633787385,10,reg/015633787385_0215110713|reg/015633787385_0215110713|reg/015633787385_
2017-02-15 11:07:07 INFO UpdateUserState: 015633787385,1
2017-02-15 11:07:34 INFO AddIdentifyResult: 16525,015633787385,-1,
2017-02-15 11:07:39 INFO AddIdentifyResult: 16525,015633787385,-3,
2017-02-15 11:08:14 INFO AddIdentifyResult: 16523,015194879406,1,
2017-02-15 11:08:32 INFO AddIdentifyResult: 16525,015633787385,0,ver/02/15/110918_015633787385.wav
2017-02-15 11:08:34 INFO AddIdentifyResult: 16522,018162911361,12,
2017-02-15 11:08:41 INFO AddIdentifyResult: 16522,018162911361,10,reg/018162911361_0215110833|reg/018162911361_0215110833|reg/018162911361_
2017-02-15 11:08:41 INFO UpdateUserState: 018162911361,1
2017-02-15 11:08:49 INFO AddIdentifyResult: 16526,015194879406,-1,
2017-02-15 11:08:55 INFO AddIdentifyResult: 16524,013245461056,12,
2017-02-15 11:08:56 INFO AddIdentifyResult: 16526,015194879406,-3,
2017-02-15 11:09:02 INFO AddIdentifyResult: 16524,013245461056,10,reg/013245461056_0215110958|reg/013245461056_0215110958|reg/013245461056_0215110838
2017-02-15 11:09:02 INFO UpdateUserState: 013245461056,1
2017-02-15 11:09:47 INFO AddIdentifyResult: 16527,013245461056,-1,
2017-02-15 11:09:48 INFO AddIdentifyResult: 16526,015194879406,0,ver/02/15/111035_015194879406.wav
2017-02-15 11:09:53 INFO AddIdentifyResult: 16527,013245461056,-3,
2017-02-15 11:10:45 INFO AddIdentifyResult: 16527,013245461056,0,ver/02/15/111132_013245461056.wav
2017-02-15 11:11:09 INFO AddIdentifyResult: 16528,018162911361,-1,
2017-02-15 11:11:15 INFO AddIdentifyResult: 16528,018162911361,-3,
2017-02-15 11:12:07 INFO AddIdentifyResult: 16528,018162911361,0,ver/02/15/111254_018162911361.wav
2017-02-15 11:12:31 INFO AddIdentifyResult: 16529,018162911361,-1,
2017-02-15 11:12:48 INFO AddIdentifyResult: 16529,018162911361,-3,
2017-02-15 11:12:54 INFO AddIdentifyResult: 16530,013513427347,-1,
2017-02-15 11:13:01 INFO AddIdentifyResult: 16530,013513427347,-3,
2017-02-15 11:13:08 INFO AddIdentifyResult: 16529,018162911361,1,
2017-02-15 11:13:15 INFO AddIdentifyResult: 16531,013230268225,-1,
2017-02-15 11:13:19 INFO AddIdentifyResult: 16531,013230268225,-3,
2017-02-15 11:14:28 INFO AddIdentifyResult: 16530,013513427347,12,
2017-02-15 11:14:35 INFO AddIdentifyResult: 16530,013513427347,10,reg/013513427347_0215111440|reg/013513427347_0215111440|reg/013513427347_
2017-02-15 11:14:35 INFO UpdateUserState: 013513427347,1
2017-02-15 11:14:43 INFO AddIdentifyResult: 16532,013513427347,-1,
2017-02-15 11:14:54 INFO AddIdentifyResult: 16532,013513427347,-3,
2017-02-15 11:15:39 INFO AddIdentifyResult: 16533,013287332083,-1,
2017-02-15 11:15:41 INFO AddIdentifyResult: 16531,013230268225,11,reg/013230268225_|reg/013230268225_|reg/013230268225_
2017-02-15 11:15:46 INFO AddIdentifyResult: 16533,013287332083,-3,
2017-02-15 11:15:46 INFO AddIdentifyResult: 16532,013513427347,0,ver/02/15/111633_013513427347.wav
2017-02-15 11:16:09 INFO AddIdentifyResult: 16534,013230268225,-1,
2017-02-15 11:16:17 INFO AddIdentifyResult: 16534,013230268225,-3,
2017-02-15 11:17:34 INFO AddIdentifyResult: 16535,013092786631,-1,
2017-02-15 11:17:48 INFO AddIdentifyResult: 16535,013092786631,-3,
2017-02-15 11:18:31 INFO AddIdentifyResult: 16533,013287332083,12,
2017-02-15 11:18:39 INFO AddIdentifyResult: 16533,013287332083,10,reg/013287332083_0215111854|reg/013287332083_0215111854|reg/013287332083_0215111725
2017-02-15 11:18:39 INFO UpdateUserState: 013287332083,1
2017-02-15 11:19:34 INFO AddIdentifyResult: 16535,013092786631,12,
2017-02-15 11:19:41 INFO AddIdentifyResult: 16535,013092786631,10,reg/013092786631_0215111927|reg/013092786631_0215111927|reg/013092786631_
2017-02-15 11:19:41 INFO UpdateUserState: 013092786631,1
2017-02-15 11:19:54 INFO AddIdentifyResult: 16534,013230268225,11,reg/013230268225_|reg/013230268225_|reg/013230268225_
2017-02-15 11:19:56 INFO AddIdentifyResult: 16536,013092786631,-1,
2017-02-15 11:20:02 INFO AddIdentifyResult: 16536,013092786631,-3,
2017-02-15 11:20:54 INFO AddIdentifyResult: 16536,013092786631,0,ver/02/15/112141_013092786631.wav
2017-02-15 11:21:00 INFO AddIdentifyResult: 16537,013230268225,-1,
2017-02-15 11:21:06 INFO AddIdentifyResult: 16537,013230268225,-3,
2017-02-15 11:21:25 INFO AddIdentifyResult: 16537,013230268225,11,reg/013230268225_|reg/013230268225_|reg/013230268225_
2017-02-15 11:21:33 INFO AddIdentifyResult: 16538,013223213708,-1,
2017-02-15 11:21:45 INFO AddIdentifyResult: 16538,013223213708,-3,
2017-02-15 11:21:47 INFO AddIdentifyResult: 16539,013230268225,-1,
2017-02-15 11:22:15 INFO AddIdentifyResult: 16538,013223213708,11,reg/013223213708_|reg/013223213708_|reg/013223213708_
2017-02-15 11:22:25 INFO AddIdentifyResult: 16540,013223213708,-1,
2017-02-15 11:22:30 INFO AddIdentifyResult: 16540,013223213708,-3,
2017-02-15 11:23:05 INFO AddIdentifyResult: 16541,015632263209,-1,
2017-02-15 11:23:16 INFO AddIdentifyResult: 16542,013297230979,-1,
2017-02-15 11:23:18 INFO AddIdentifyResult: 16541,015632263209,-3,
2017-02-15 11:23:36 INFO AddIdentifyResult: 16542,013297230979,-3,
2017-02-15 11:23:55 INFO AddIdentifyResult: 16543,013230268225,-1,
2017-02-15 11:24:25 INFO AddIdentifyResult: 16540,013223213708,12,
2017-02-15 11:24:31 INFO AddIdentifyResult: 16540,013223213708,10,reg/013223213708_0215112409|reg/013223213708_0215112409|reg/013223213708_
2017-02-15 11:24:31 INFO UpdateUserState: 013223213708,1
2017-02-15 11:24:40 INFO AddIdentifyResult: 16544,013223213708,-1,
2017-02-15 11:24:55 INFO AddIdentifyResult: 16541,015632263209,12,
2017-02-15 11:24:58 INFO AddIdentifyResult: 16545,013223213708,-1,
2017-02-15 11:25:03 INFO AddIdentifyResult: 16541,015632263209,10,reg/015632263209_0215112457|reg/015632263209_0215112457|reg/015632263209_
2017-02-15 11:25:03 INFO UpdateUserState: 015632263209,1
2017-02-15 11:25:05 INFO AddIdentifyResult: 16545,013223213708,-3,
2017-02-15 11:25:14 INFO AddIdentifyResult: 16546,015632263209,-1,
2017-02-15 11:25:25 INFO AddIdentifyResult: 16547,015632263209,-1,
2017-02-15 11:25:26 INFO AddIdentifyResult: 16548,013230268225,-1,
2017-02-15 11:25:28 INFO AddIdentifyResult: 16542,013297230979,12,
2017-02-15 11:25:34 INFO AddIdentifyResult: 16549,015632263209,-1,
2017-02-15 11:25:36 INFO AddIdentifyResult: 16542,013297230979,10,reg/013297230979_0215112515|reg/013297230979_0215112515|reg/013297230979_
2017-02-15 11:25:36 INFO UpdateUserState: 013297230979,1
2017-02-15 11:25:38 INFO AddIdentifyResult: 16548,013230268225,-3,
2017-02-15 11:25:39 INFO AddIdentifyResult: 16549,015632263209,-3,
2017-02-15 11:25:50 INFO AddIdentifyResult: 16550,013297230979,-1,
2017-02-15 11:25:56 INFO AddIdentifyResult: 16545,013223213708,0,ver/02/15/112644_013223213708.wav
2017-02-15 11:25:57 INFO AddIdentifyResult: 16550,013297230979,-3,
2017-02-15 11:26:31 INFO AddIdentifyResult: 16549,015632263209,0,ver/02/15/112718_015632263209.wav
2017-02-15 11:26:49 INFO AddIdentifyResult: 16550,013297230979,0,ver/02/15/112736_013297230979.wav
2017-02-15 11:27:09 INFO AddIdentifyResult: 16551,013245463756,-1,
2017-02-15 11:27:17 INFO AddIdentifyResult: 16551,013245463756,-3,
2017-02-15 11:28:16 INFO AddIdentifyResult: 16552,015633277036,-1,
2017-02-15 11:28:26 INFO AddIdentifyResult: 16548,013230268225,11,reg/013230268225_|reg/013230268225_|reg/013230268225_
2017-02-15 11:28:27 INFO AddIdentifyResult: 16552,015633277036,-3,
2017-02-15 11:29:26 INFO AddIdentifyResult: 16551,013245463756,12,
2017-02-15 11:29:33 INFO AddIdentifyResult: 16551,013245463756,10,reg/013245463756_0215112856|reg/013245463756_0215112856|reg/013245463756_
2017-02-15 11:29:33 INFO UpdateUserState: 013245463756,1
2017-02-15 11:30:32 INFO AddIdentifyResult: 16552,015633277036,12,
2017-02-15 11:30:39 INFO AddIdentifyResult: 16552,015633277036,10,reg/015633277036_0215113148|reg/015633277036_0215113148|reg/015633277036_0215113006
2017-02-15 11:30:39 INFO UpdateUserState: 015633277036,1
2017-02-15 11:30:44 INFO AddIdentifyResult: 16553,015633277036,-1,
2017-02-15 11:30:55 INFO AddIdentifyResult: 16553,015633277036,-3,
2017-02-15 11:30:59 INFO AddIdentifyResult: 16554,013230268225,-1,
2017-02-15 11:31:05 INFO AddIdentifyResult: 16554,013230268225,-3,
2017-02-15 11:31:47 INFO AddIdentifyResult: 16553,015633277036,0,ver/02/15/113234_015633277036.wav
2017-02-15 11:32:45 INFO AddIdentifyResult: 16554,013230268225,11,reg/013230268225_|reg/013230268225_|reg/013230268225_
2017-02-15 11:34:23 INFO AddIdentifyResult: 16555,015631297509,-1,
2017-02-15 11:34:29 INFO AddIdentifyResult: 16555,015631297509,-3,
2017-02-15 11:36:36 INFO AddIdentifyResult: 16555,015631297509,12,
2017-02-15 11:36:44 INFO AddIdentifyResult: 16555,015631297509,10,reg/015631297509_0215113741|reg/015631297509_0215113741|reg/015631297509_0215113608
2017-02-15 11:36:44 INFO UpdateUserState: 015631297509,1
2017-02-15 11:37:07 INFO AddIdentifyResult: 16556,015631297509,-1,
2017-02-15 11:37:14 INFO AddIdentifyResult: 16556,015631297509,-3,
2017-02-15 11:37:49 INFO AddIdentifyResult: 16557,015629902582,-1,
2017-02-15 11:38:06 INFO AddIdentifyResult: 16556,015631297509,0,ver/02/15/113853_015631297509.wav
2017-02-15 11:38:28 INFO AddIdentifyResult: 16557,015629902582,-3,
2017-02-15 11:39:36 INFO AddIdentifyResult: 16558,015629902582,-1,
2017-02-15 11:40:25 INFO AddIdentifyResult: 16557,015629902582,11,reg/015629902582_|reg/015629902582_|reg/015629902582_
2017-02-15 11:40:45 INFO AddIdentifyResult: 16559,015629902582,-1,
2017-02-15 11:41:11 INFO AddIdentifyResult: 16560,015176224433,-1,
2017-02-15 11:41:11 INFO AddIdentifyResult: 16559,015629902582,-3,
2017-02-15 11:41:17 INFO AddIdentifyResult: 16560,015176224433,-3,
2017-02-15 11:42:23 INFO AddIdentifyResult: 16561,013582063949,-1,
2017-02-15 11:42:29 INFO AddIdentifyResult: 16561,013582063949,-3,
2017-02-15 11:42:52 INFO AddIdentifyResult: 16560,015176224433,12,
2017-02-15 11:42:58 INFO AddIdentifyResult: 16560,015176224433,10,reg/015176224433_0215114256|reg/015176224433_0215114256|reg/015176224433_
2017-02-15 11:42:59 INFO UpdateUserState: 015176224433,1
2017-02-15 11:43:05 INFO AddIdentifyResult: 16562,015176224433,-1,
2017-02-15 11:43:08 INFO AddIdentifyResult: 16559,015629902582,12,
2017-02-15 11:43:12 INFO AddIdentifyResult: 16562,015176224433,-3,
2017-02-15 11:43:15 INFO AddIdentifyResult: 16559,015629902582,10,reg/015629902582_0215114250|reg/015629902582_0215114250|reg/015629902582_
2017-02-15 11:43:16 INFO UpdateUserState: 015629902582,1
2017-02-15 11:43:32 INFO AddIdentifyResult: 16563,015629902582,-1,
2017-02-15 11:43:44 INFO AddIdentifyResult: 16563,015629902582,-3,
2017-02-15 11:44:04 INFO AddIdentifyResult: 16562,015176224433,0,ver/02/15/114451_015176224433.wav
2017-02-15 11:44:36 INFO AddIdentifyResult: 16563,015629902582,0,ver/02/15/114523_015629902582.wav
2017-02-15 11:46:28 INFO AddIdentifyResult: 16564,013230270286,-1,
2017-02-15 11:46:29 INFO AddIdentifyResult: 16561,013582063949,11,reg/013582063949_|reg/013582063949_|reg/013582063949_
2017-02-15 11:46:36 INFO AddIdentifyResult: 16564,013230270286,-3,
2017-02-15 11:46:50 INFO AddIdentifyResult: 16564,013230270286,11,reg/013230270286_|reg/013230270286_|reg/013230270286_
2017-02-15 11:46:55 INFO AddIdentifyResult: 16565,013582063949,-1,
2017-02-15 11:46:57 INFO AddIdentifyResult: 16566,013230270286,-1,
2017-02-15 11:47:00 INFO AddIdentifyResult: 16565,013582063949,-3,
2017-02-15 11:47:25 INFO AddIdentifyResult: 16567,013230270286,-1,
2017-02-15 11:47:43 INFO AddIdentifyResult: 16568,013230270286,-1,
2017-02-15 11:48:02 INFO AddIdentifyResult: 16569,013230270286,-1,
2017-02-15 11:48:08 INFO AddIdentifyResult: 16569,013230270286,-3,
2017-02-15 11:48:47 INFO AddIdentifyResult: 16570,013171912139,-1,
2017-02-15 11:48:55 INFO AddIdentifyResult: 16570,013171912139,-3,
2017-02-15 11:49:16 INFO AddIdentifyResult: 16565,013582063949,12,
2017-02-15 11:49:23 INFO AddIdentifyResult: 16565,013582063949,10,reg/013582063949_0215115025|reg/013582063949_0215115025|reg/013582063949_0215114839
2017-02-15 11:49:23 INFO UpdateUserState: 013582063949,1
2017-02-15 11:49:44 INFO AddIdentifyResult: 16571,015629717073,-1,
2017-02-15 11:49:52 INFO AddIdentifyResult: 16572,013582063949,-1,
2017-02-15 11:49:55 INFO AddIdentifyResult: 16571,015629717073,-3,
2017-02-15 11:50:00 INFO AddIdentifyResult: 16572,013582063949,-3,
2017-02-15 11:50:46 INFO AddIdentifyResult: 16569,013230270286,12,
2017-02-15 11:50:51 INFO AddIdentifyResult: 16572,013582063949,0,ver/02/15/115139_013582063949.wav
2017-02-15 11:50:53 INFO AddIdentifyResult: 16569,013230270286,10,reg/013230270286_0215115159|reg/013230270286_0215115159|reg/013230270286_0215114947
2017-02-15 11:50:53 INFO UpdateUserState: 013230270286,1
2017-02-15 11:51:07 INFO AddIdentifyResult: 16573,013230270286,-1,
2017-02-15 11:51:07 INFO AddIdentifyResult: 16570,013171912139,12,
2017-02-15 11:51:11 INFO AddIdentifyResult: 16573,013230270286,-3,
2017-02-15 11:51:15 INFO AddIdentifyResult: 16570,013171912139,10,reg/013171912139_0215115034|reg/013171912139_0215115034|reg/013171912139_
2017-02-15 11:51:15 INFO UpdateUserState: 013171912139,1
2017-02-15 11:51:15 INFO AddIdentifyResult: 16573,013230270286,1,
2017-02-15 11:51:31 INFO AddIdentifyResult: 16574,013171912139,-1,
2017-02-15 11:51:37 INFO AddIdentifyResult: 16574,013171912139,-3,
2017-02-15 11:51:59 INFO AddIdentifyResult: 16571,015629717073,12,
2017-02-15 11:52:00 INFO AddIdentifyResult: 16575,013230270286,-1,
2017-02-15 11:52:07 INFO AddIdentifyResult: 16571,015629717073,10,reg/015629717073_0215115134|reg/015629717073_0215115134|reg/015629717073_
2017-02-15 11:52:07 INFO UpdateUserState: 015629717073,1
2017-02-15 11:52:14 INFO AddIdentifyResult: 16576,015629717073,-1,
2017-02-15 11:52:20 INFO AddIdentifyResult: 16576,015629717073,-3,
2017-02-15 11:52:26 INFO AddIdentifyResult: 16577,013230270286,-1,
2017-02-15 11:52:29 INFO AddIdentifyResult: 16574,013171912139,0,ver/02/15/115316_013171912139.wav
2017-02-15 11:53:11 INFO AddIdentifyResult: 16576,015629717073,0,ver/02/15/115359_015629717073.wav
2017-02-15 11:54:20 INFO AddIdentifyResult: 16578,013131267619,-1,
2017-02-15 11:54:36 INFO AddIdentifyResult: 16579,013131267619,-1,
2017-02-15 11:54:41 INFO AddIdentifyResult: 16579,013131267619,-3,
2017-02-15 11:54:52 INFO AddIdentifyResult: 16580,013230270286,-1,
2017-02-15 11:56:04 INFO AddIdentifyResult: 16581,013230270286,-1,
2017-02-15 11:56:10 INFO AddIdentifyResult: 16581,013230270286,-3,
2017-02-15 11:57:01 INFO AddIdentifyResult: 16581,013230270286,0,ver/02/15/115749_013230270286.wav
2017-02-15 11:57:05 INFO AddIdentifyResult: 16579,013131267619,12,
2017-02-15 11:57:11 INFO AddIdentifyResult: 16579,013131267619,10,reg/013131267619_0215115620|reg/013131267619_0215115620|reg/013131267619_
2017-02-15 11:57:12 INFO UpdateUserState: 013131267619,1
2017-02-15 11:57:21 INFO AddIdentifyResult: 16582,013131267619,-1,
2017-02-15 11:57:42 INFO AddIdentifyResult: 16582,013131267619,-3,
2017-02-15 11:58:33 INFO AddIdentifyResult: 16582,013131267619,0,ver/02/15/115921_013131267619.wav
2017-02-15 12:00:06 INFO AddIdentifyResult: 16583,015633787259,-1,
2017-02-15 12:00:11 INFO AddIdentifyResult: 16583,015633787259,-3,
2017-02-15 12:01:28 INFO AddIdentifyResult: 16584,013995974697,-1,
2017-02-15 12:01:49 INFO AddIdentifyResult: 16583,015633787259,12,
2017-02-15 12:01:57 INFO AddIdentifyResult: 16584,013995974697,-3,
2017-02-15 12:01:57 INFO AddIdentifyResult: 16583,015633787259,10,reg/015633787259_0215120150|reg/015633787259_0215120150|reg/015633787259_
2017-02-15 12:01:58 INFO UpdateUserState: 015633787259,1
2017-02-15 12:02:18 INFO AddIdentifyResult: 16585,015633787259,-1,
2017-02-15 12:02:22 INFO AddIdentifyResult: 16585,015633787259,-3,
2017-02-15 12:02:45 INFO AddIdentifyResult: 16584,013995974697,11,reg/013995974697_|reg/013995974697_|reg/013995974697_
2017-02-15 12:03:02 INFO AddIdentifyResult: 16586,013995974697,-1,
2017-02-15 12:03:15 INFO AddIdentifyResult: 16585,015633787259,0,ver/02/15/120402_015633787259.wav
2017-02-15 12:03:22 INFO AddIdentifyResult: 16586,013995974697,-3,
2017-02-15 12:03:31 INFO AddIdentifyResult: 16587,013933271957,-1,
2017-02-15 12:03:40 INFO AddIdentifyResult: 16587,013933271957,-3,
2017-02-15 12:04:42 INFO AddIdentifyResult: 16588,015230249865,-1,
2017-02-15 12:04:54 INFO AddIdentifyResult: 16588,015230249865,-3,
2017-02-15 12:05:27 INFO AddIdentifyResult: 16586,013995974697,12,
2017-02-15 12:05:33 INFO AddIdentifyResult: 16587,013933271957,12,
2017-02-15 12:05:34 INFO AddIdentifyResult: 16586,013995974697,10,reg/013995974697_0215120501|reg/013995974697_0215120501|reg/013995974697_
2017-02-15 12:05:34 INFO UpdateUserState: 013995974697,1
2017-02-15 12:05:38 INFO AddIdentifyResult: 16589,013995974697,-1,
2017-02-15 12:05:40 INFO AddIdentifyResult: 16587,013933271957,10,reg/013933271957_0215120649|reg/013933271957_0215120649|reg/013933271957_0215120519
2017-02-15 12:05:41 INFO UpdateUserState: 013933271957,1
2017-02-15 12:05:49 INFO AddIdentifyResult: 16590,013933271957,-1,
2017-02-15 12:05:54 INFO AddIdentifyResult: 16589,013995974697,-3,
2017-02-15 12:05:57 INFO AddIdentifyResult: 16590,013933271957,-3,
2017-02-15 12:06:45 INFO AddIdentifyResult: 16589,013995974697,0,ver/02/15/120733_013995974697.wav
2017-02-15 12:06:50 INFO AddIdentifyResult: 16590,013933271957,0,ver/02/15/120737_013933271957.wav
2017-02-15 12:06:51 INFO AddIdentifyResult: 16588,015230249865,12,
2017-02-15 12:06:57 INFO AddIdentifyResult: 16588,015230249865,10,reg/015230249865_0215120633|reg/015230249865_0215120633|reg/015230249865_
2017-02-15 12:06:57 INFO UpdateUserState: 015230249865,1
2017-02-15 12:07:12 INFO AddIdentifyResult: 16591,015230249865,-1,
2017-02-15 12:07:22 INFO AddIdentifyResult: 16591,015230249865,-3,
2017-02-15 12:07:44 INFO AddIdentifyResult: 16592,015629903951,-1,
2017-02-15 12:08:13 INFO AddIdentifyResult: 16591,015230249865,0,ver/02/15/120901_015230249865.wav
2017-02-15 12:08:21 INFO AddIdentifyResult: 16592,015629903951,-3,
2017-02-15 12:08:42 INFO AddIdentifyResult: 16592,015629903951,11,reg/015629903951_|reg/015629903951_|reg/015629903951_
2017-02-15 12:09:21 INFO AddIdentifyResult: 16593,015629903951,-1,
2017-02-15 12:09:35 INFO AddIdentifyResult: 16593,015629903951,-3,
2017-02-15 12:11:40 INFO AddIdentifyResult: 16593,015629903951,12,
2017-02-15 12:11:47 INFO AddIdentifyResult: 16593,015629903951,10,reg/015629903951_0215121114|reg/015629903951_0215121114|reg/015629903951_
2017-02-15 12:11:47 INFO UpdateUserState: 015629903951,1
2017-02-15 12:12:06 INFO AddIdentifyResult: 16594,015629903951,-1,
2017-02-15 12:12:12 INFO AddIdentifyResult: 16594,015629903951,-3,
2017-02-15 12:13:05 INFO AddIdentifyResult: 16594,015629903951,0,ver/02/15/121352_015629903951.wav
2017-02-15 12:14:42 INFO AddIdentifyResult: 16595,013092798480,-1,
2017-02-15 12:14:52 INFO AddIdentifyResult: 16596,013034412061,-1,
2017-02-15 12:15:12 INFO AddIdentifyResult: 16597,013092798480,-1,
2017-02-15 12:15:18 INFO AddIdentifyResult: 16598,013092798480,-1,
2017-02-15 12:15:29 INFO AddIdentifyResult: 16597,013092798480,-3,
2017-02-15 12:17:31 INFO AddIdentifyResult: 16597,013092798480,12,
2017-02-15 12:17:38 INFO AddIdentifyResult: 16597,013092798480,10,reg/013092798480_0215121708|reg/013092798480_0215121708|reg/013092798480_
2017-02-15 12:17:39 INFO UpdateUserState: 013092798480,1
2017-02-15 12:17:41 INFO AddIdentifyResult: 16599,013092798480,-1,
2017-02-15 12:17:57 INFO AddIdentifyResult: 16599,013092798480,-3,
2017-02-15 12:18:49 INFO AddIdentifyResult: 16599,013092798480,0,ver/02/15/121936_013092798480.wav
2017-02-15 12:19:26 INFO AddIdentifyResult: 16600,013034412061,-1,
2017-02-15 12:21:02 INFO AddIdentifyResult: 16601,013034412061,-1,
2017-02-15 12:21:09 INFO AddIdentifyResult: 16601,013034412061,-3,
2017-02-15 12:21:38 INFO AddIdentifyResult: 16602,013034412061,-1,
2017-02-15 12:22:28 INFO AddIdentifyResult: 16603,013034412061,-1,
2017-02-15 12:22:53 INFO AddIdentifyResult: 16603,013034412061,-3,
2017-02-15 12:22:59 INFO AddIdentifyResult: 16603,013034412061,11,reg/013034412061_|reg/013034412061_|reg/013034412061_
2017-02-15 12:23:00 INFO AddIdentifyResult: 16601,013034412061,11,reg/013034412061_|reg/013034412061_|reg/013034412061_
2017-02-15 12:23:33 INFO AddIdentifyResult: 16604,013034412061,-1,
2017-02-15 12:23:40 INFO AddIdentifyResult: 16604,013034412061,-3,
2017-02-15 12:25:31 INFO AddIdentifyResult: 16604,013034412061,12,
2017-02-15 12:25:38 INFO AddIdentifyResult: 16604,013034412061,10,reg/013034412061_0215122519|reg/013034412061_0215122519|reg/013034412061_
2017-02-15 12:25:38 INFO UpdateUserState: 013034412061,1
2017-02-15 12:25:48 INFO AddIdentifyResult: 16605,013034412061,-1,
2017-02-15 12:25:57 INFO AddIdentifyResult: 16605,013034412061,-3,
2017-02-15 12:26:49 INFO AddIdentifyResult: 16605,013034412061,0,ver/02/15/122737_013034412061.wav
2017-02-15 12:27:37 INFO AddIdentifyResult: 16606,013085202415,-1,
2017-02-15 12:28:55 INFO AddIdentifyResult: 16607,013085202415,-1,
2017-02-15 12:29:11 INFO AddIdentifyResult: 16607,013085202415,-3,
2017-02-15 12:31:07 INFO AddIdentifyResult: 16607,013085202415,12,
2017-02-15 12:31:13 INFO AddIdentifyResult: 16607,013085202415,10,reg/013085202415_0215123050|reg/013085202415_0215123050|reg/013085202415_
2017-02-15 12:31:14 INFO UpdateUserState: 013085202415,1
2017-02-15 12:31:23 INFO AddIdentifyResult: 16608,013085202415,-1,
2017-02-15 12:31:30 INFO AddIdentifyResult: 16608,013085202415,-3,
2017-02-15 12:32:21 INFO AddIdentifyResult: 16608,013085202415,0,ver/02/15/123309_013085202415.wav
2017-02-15 12:42:48 INFO AddIdentifyResult: 16609,015629909053,-1,
2017-02-15 12:42:56 INFO AddIdentifyResult: 16609,015629909053,-3,
2017-02-15 12:45:03 INFO AddIdentifyResult: 16609,015629909053,12,
2017-02-15 12:45:10 INFO AddIdentifyResult: 16609,015629909053,10,reg/015629909053_0215124435|reg/015629909053_0215124435|reg/015629909053_
2017-02-15 12:45:10 INFO UpdateUserState: 015629909053,1
2017-02-15 12:45:14 INFO AddIdentifyResult: 16610,015629909053,-1,
2017-02-15 12:45:27 INFO AddIdentifyResult: 16611,015629909053,-1,
2017-02-15 12:45:44 INFO AddIdentifyResult: 16611,015629909053,-3,
2017-02-15 12:46:35 INFO AddIdentifyResult: 16611,015629909053,0,ver/02/15/124723_015629909053.wav
2017-02-15 13:31:55 INFO AddIdentifyResult: 16612,018766479302,-1,
2017-02-15 13:32:05 INFO AddIdentifyResult: 16612,018766479302,-3,
2017-02-15 13:33:27 INFO AddIdentifyResult: 16612,018766479302,12,
2017-02-15 13:33:33 INFO AddIdentifyResult: 16612,018766479302,10,reg/018766479302_0215133344|reg/018766479302_0215133344|reg/018766479302_
2017-02-15 13:33:34 INFO UpdateUserState: 018766479302,1
2017-02-15 13:34:42 INFO AddIdentifyResult: 16613,013287328376,-1,
2017-02-15 13:34:47 INFO AddIdentifyResult: 16613,013287328376,-3,
2017-02-15 13:36:40 INFO AddIdentifyResult: 16613,013287328376,12,
2017-02-15 13:36:47 INFO AddIdentifyResult: 16613,013287328376,10,reg/013287328376_0215133738|reg/013287328376_0215133738|reg/013287328376_0215133626
2017-02-15 13:36:48 INFO UpdateUserState: 013287328376,1
2017-02-15 13:37:49 INFO AddIdentifyResult: 16614,013287328376,-1,
2017-02-15 13:37:55 INFO AddIdentifyResult: 16614,013287328376,-3,
2017-02-15 13:38:46 INFO AddIdentifyResult: 16614,013287328376,0,ver/02/15/133934_013287328376.wav
2017-02-15 13:44:46 INFO AddIdentifyResult: 16615,013287327515,-1,
2017-02-15 13:44:54 INFO AddIdentifyResult: 16615,013287327515,-3,
2017-02-15 13:46:15 INFO AddIdentifyResult: 16615,013287327515,11,reg/013287327515_|reg/013287327515_|reg/013287327515_
2017-02-15 13:46:35 INFO AddIdentifyResult: 16616,013287327515,-1,
2017-02-15 13:46:42 INFO AddIdentifyResult: 16616,013287327515,-3,
2017-02-15 13:49:15 INFO AddIdentifyResult: 16616,013287327515,12,
2017-02-15 13:49:22 INFO AddIdentifyResult: 16616,013287327515,10,reg/013287327515_0215135013|reg/013287327515_0215135013|reg/013287327515_0215134822
2017-02-15 13:49:23 INFO UpdateUserState: 013287327515,1
2017-02-15 13:58:32 INFO AddIdentifyResult: 16617,015897753069,-1,
2017-02-15 13:58:45 INFO AddIdentifyResult: 16617,015897753069,-3,
2017-02-15 13:58:52 INFO AddIdentifyResult: 16617,015897753069,11,reg/015897753069_|reg/015897753069_|reg/015897753069_
2017-02-15 13:59:13 INFO AddIdentifyResult: 16618,015897753069,-1,
2017-02-15 14:02:53 INFO AddIdentifyResult: 16619,015897753069,-1,
2017-02-15 14:03:06 INFO AddIdentifyResult: 16619,015897753069,-3,
2017-02-15 14:04:23 INFO AddIdentifyResult: 16620,013287330690,-1,
2017-02-15 14:04:30 INFO AddIdentifyResult: 16620,013287330690,-3,
2017-02-15 14:04:55 INFO AddIdentifyResult: 16619,015897753069,12,
2017-02-15 14:05:03 INFO AddIdentifyResult: 16619,015897753069,10,reg/015897753069_0215140446|reg/015897753069_0215140446|reg/015897753069_
2017-02-15 14:05:04 INFO UpdateUserState: 015897753069,1
2017-02-15 14:05:11 INFO AddIdentifyResult: 16621,015897753069,-1,
2017-02-15 14:05:18 INFO AddIdentifyResult: 16622,013287383063,-1,
2017-02-15 14:05:22 INFO AddIdentifyResult: 16622,013287383063,-3,
2017-02-15 14:05:22 INFO AddIdentifyResult: 16621,015897753069,-3,
2017-02-15 14:06:15 INFO AddIdentifyResult: 16621,015897753069,0,ver/02/15/140702_015897753069.wav
2017-02-15 14:06:16 INFO AddIdentifyResult: 16620,013287330690,12,
2017-02-15 14:06:24 INFO AddIdentifyResult: 16620,013287330690,10,reg/013287330690_0215140610|reg/013287330690_0215140610|reg/013287330690_
2017-02-15 14:06:24 INFO UpdateUserState: 013287330690,1
2017-02-15 14:07:33 INFO AddIdentifyResult: 16622,013287383063,12,
2017-02-15 14:07:43 INFO AddIdentifyResult: 16622,013287383063,10,reg/013287383063_0215140702|reg/013287383063_0215140702|reg/013287383063_
2017-02-15 14:07:43 INFO UpdateUserState: 013287383063,1
2017-02-15 14:08:46 INFO AddIdentifyResult: 16623,013287383063,-1,
2017-02-15 14:08:51 INFO AddIdentifyResult: 16623,013287383063,-3,
2017-02-15 14:09:43 INFO AddIdentifyResult: 16623,013287383063,0,ver/02/15/141031_013287383063.wav
2017-02-15 14:17:15 INFO AddIdentifyResult: 16624,013589971858,-1,
2017-02-15 14:18:03 INFO AddIdentifyResult: 16625,013589971858,-1,
2017-02-15 14:18:11 INFO AddIdentifyResult: 16625,013589971858,-3,
2017-02-15 14:19:49 INFO AddIdentifyResult: 16625,013589971858,12,
2017-02-15 14:19:56 INFO AddIdentifyResult: 16625,013589971858,10,reg/013589971858_0215141951|reg/013589971858_0215141951|reg/013589971858_
2017-02-15 14:19:56 INFO UpdateUserState: 013589971858,1
2017-02-15 14:20:28 INFO AddIdentifyResult: 16626,015572883937,-1,
2017-02-15 14:20:42 INFO AddIdentifyResult: 16626,015572883937,-3,
2017-02-15 14:22:39 INFO AddIdentifyResult: 16627,015629719823,-1,
2017-02-15 14:22:52 INFO AddIdentifyResult: 16627,015629719823,-3,
2017-02-15 14:23:07 INFO AddIdentifyResult: 16626,015572883937,12,
2017-02-15 14:23:14 INFO AddIdentifyResult: 16626,015572883937,10,reg/015572883937_0215142413|reg/015572883937_0215142413|reg/015572883937_0215142221
2017-02-15 14:23:14 INFO UpdateUserState: 015572883937,1
2017-02-15 14:23:25 INFO AddIdentifyResult: 16628,015572883937,-1,
2017-02-15 14:23:39 INFO AddIdentifyResult: 16628,015572883937,-3,
2017-02-15 14:24:30 INFO AddIdentifyResult: 16628,015572883937,1,ver/02/15/142519_015572883937.wav
2017-02-15 14:24:44 INFO AddIdentifyResult: 16629,015572883937,-1,
2017-02-15 14:24:52 INFO AddIdentifyResult: 16629,015572883937,-3,
2017-02-15 14:24:55 INFO AddIdentifyResult: 16627,015629719823,12,
2017-02-15 14:25:03 INFO AddIdentifyResult: 16627,015629719823,10,reg/015629719823_0215142432|reg/015629719823_0215142432|reg/015629719823_
2017-02-15 14:25:04 INFO UpdateUserState: 015629719823,1
2017-02-15 14:25:18 INFO AddIdentifyResult: 16630,015629719823,-1,
2017-02-15 14:25:28 INFO AddIdentifyResult: 16630,015629719823,-3,
2017-02-15 14:25:45 INFO AddIdentifyResult: 16629,015572883937,0,ver/02/15/142632_015572883937.wav
2017-02-15 14:26:21 INFO AddIdentifyResult: 16630,015629719823,0,ver/02/15/142708_015629719823.wav
2017-02-15 14:27:26 INFO AddIdentifyResult: 16631,013230268225,-1,
2017-02-15 14:27:35 INFO AddIdentifyResult: 16631,013230268225,-3,
2017-02-15 14:28:52 INFO AddIdentifyResult: 16632,013034435033,-1,
2017-02-15 14:29:05 INFO AddIdentifyResult: 16632,013034435033,-3,
2017-02-15 14:29:56 INFO AddIdentifyResult: 16631,013230268225,12,
2017-02-15 14:30:03 INFO AddIdentifyResult: 16631,013230268225,10,reg/013230268225_0215143048|reg/013230268225_0215143048|reg/013230268225_0215142914
2017-02-15 14:30:04 INFO UpdateUserState: 013230268225,1
2017-02-15 14:30:12 INFO AddIdentifyResult: 16633,013230268225,-1,
2017-02-15 14:30:22 INFO AddIdentifyResult: 16633,013230268225,-3,
2017-02-15 14:30:37 INFO AddIdentifyResult: 16634,013287383080,-1,
2017-02-15 14:30:46 INFO AddIdentifyResult: 16634,013287383080,-3,
2017-02-15 14:31:04 INFO AddIdentifyResult: 16632,013034435033,12,
2017-02-15 14:31:08 INFO AddIdentifyResult: 16634,013287383080,11,reg/013287383080_|reg/013287383080_|reg/013287383080_
2017-02-15 14:31:13 INFO AddIdentifyResult: 16632,013034435033,10,reg/013034435033_0215143044|reg/013034435033_0215143044|reg/013034435033_
2017-02-15 14:31:13 INFO UpdateUserState: 013034435033,1
2017-02-15 14:31:14 INFO AddIdentifyResult: 16633,013230268225,0,ver/02/15/143202_013230268225.wav
2017-02-15 14:31:17 INFO AddIdentifyResult: 16635,013034435033,-1,
2017-02-15 14:31:28 INFO AddIdentifyResult: 16635,013034435033,-3,
2017-02-15 14:31:37 INFO AddIdentifyResult: 16636,013287383080,-1,
2017-02-15 14:31:45 INFO AddIdentifyResult: 16636,013287383080,-3,
2017-02-15 14:32:03 INFO AddIdentifyResult: 16636,013287383080,11,reg/013287383080_|reg/013287383080_|reg/013287383080_
2017-02-15 14:32:19 INFO AddIdentifyResult: 16635,013034435033,0,ver/02/15/143308_013034435033.wav
2017-02-15 14:32:51 INFO AddIdentifyResult: 16637,013287383080,-1,
2017-02-15 14:32:57 INFO AddIdentifyResult: 16637,013287383080,-3,
2017-02-15 14:36:11 INFO AddIdentifyResult: 16637,013287383080,12,
2017-02-15 14:36:14 INFO AddIdentifyResult: 16638,015629907312,-1,
2017-02-15 14:36:21 INFO AddIdentifyResult: 16637,013287383080,10,reg/013287383080_0215143436|reg/013287383080_0215143436|reg/013287383080_
2017-02-15 14:36:21 INFO UpdateUserState: 013287383080,1
2017-02-15 14:36:23 INFO AddIdentifyResult: 16638,015629907312,-3,
2017-02-15 14:36:43 INFO AddIdentifyResult: 16638,015629907312,11,reg/015629907312_|reg/015629907312_|reg/015629907312_
2017-02-15 14:36:54 INFO AddIdentifyResult: 16639,013287383080,-1,
2017-02-15 14:36:58 INFO AddIdentifyResult: 16640,015629907312,-1,
2017-02-15 14:36:59 INFO AddIdentifyResult: 16639,013287383080,-3,
2017-02-15 14:37:13 INFO AddIdentifyResult: 16640,015629907312,-3,
2017-02-15 14:37:16 INFO AddIdentifyResult: 16639,013287383080,1,
2017-02-15 14:37:34 INFO AddIdentifyResult: 16640,015629907312,11,reg/015629907312_|reg/015629907312_|reg/015629907312_
2017-02-15 14:37:35 INFO AddIdentifyResult: 16641,013287383080,-1,
2017-02-15 14:37:42 INFO AddIdentifyResult: 16641,013287383080,-3,
2017-02-15 14:38:19 INFO AddIdentifyResult: 16642,015629907312,-1,
2017-02-15 14:38:32 INFO AddIdentifyResult: 16641,013287383080,1,ver/02/15/143921_013287383080.wav
2017-02-15 14:38:41 INFO AddIdentifyResult: 16642,015629907312,-3,
2017-02-15 14:39:05 INFO AddIdentifyResult: 16643,015631253756,-1,
2017-02-15 14:39:13 INFO AddIdentifyResult: 16643,015631253756,-3,
2017-02-15 14:40:38 INFO AddIdentifyResult: 16642,015629907312,12,
2017-02-15 14:40:45 INFO AddIdentifyResult: 16642,015629907312,10,reg/015629907312_0215144021|reg/015629907312_0215144021|reg/015629907312_
2017-02-15 14:40:45 INFO UpdateUserState: 015629907312,1
2017-02-15 14:40:48 INFO AddIdentifyResult: 16644,015629907312,-1,
2017-02-15 14:40:49 INFO AddIdentifyResult: 16643,015631253756,12,
2017-02-15 14:40:55 INFO AddIdentifyResult: 16644,015629907312,-3,
2017-02-15 14:40:56 INFO AddIdentifyResult: 16643,015631253756,10,reg/015631253756_0215144052|reg/015631253756_0215144052|reg/015631253756_
2017-02-15 14:40:57 INFO UpdateUserState: 015631253756,1
2017-02-15 14:40:59 INFO AddIdentifyResult: 16645,015631253756,-1,
2017-02-15 14:41:16 INFO AddIdentifyResult: 16646,015631253756,-1,
2017-02-15 14:41:22 INFO AddIdentifyResult: 16646,015631253756,-3,
2017-02-15 14:41:47 INFO AddIdentifyResult: 16644,015629907312,0,ver/02/15/144235_015629907312.wav
2017-02-15 14:42:15 INFO AddIdentifyResult: 16646,015631253756,0,ver/02/15/144302_015631253756.wav
2017-02-15 14:43:37 INFO AddIdentifyResult: 16647,013245463367,-1,
2017-02-15 14:43:47 INFO AddIdentifyResult: 16647,013245463367,-3,
2017-02-15 14:45:38 INFO AddIdentifyResult: 16647,013245463367,12,
2017-02-15 14:45:46 INFO AddIdentifyResult: 16647,013245463367,10,reg/013245463367_0215144526|reg/013245463367_0215144526|reg/013245463367_
2017-02-15 14:45:46 INFO UpdateUserState: 013245463367,1
2017-02-15 14:46:25 INFO AddIdentifyResult: 16648,013793966948,-1,
2017-02-15 14:46:33 INFO AddIdentifyResult: 16648,013793966948,-3,
2017-02-15 14:46:48 INFO AddIdentifyResult: 16649,018995785608,-1,
2017-02-15 14:47:06 INFO AddIdentifyResult: 16649,018995785608,-3,
2017-02-15 14:47:14 INFO AddIdentifyResult: 16649,018995785608,11,reg/018995785608_|reg/018995785608_|reg/018995785608_
2017-02-15 14:47:26 INFO AddIdentifyResult: 16650,015629907610,-1,
2017-02-15 14:47:29 INFO AddIdentifyResult: 16651,018995785608,-1,
2017-02-15 14:48:02 INFO AddIdentifyResult: 16652,018986939540,-1,
2017-02-15 14:48:05 INFO AddIdentifyResult: 16653,018995785608,-1,
2017-02-15 14:48:16 INFO AddIdentifyResult: 16648,013793966948,12,
2017-02-15 14:48:24 INFO AddIdentifyResult: 16648,013793966948,10,reg/013793966948_0215144909|reg/013793966948_0215144909|reg/013793966948_0215144813
2017-02-15 14:48:24 INFO UpdateUserState: 013793966948,1
2017-02-15 14:48:34 INFO AddIdentifyResult: 16654,018986939540,-1,
2017-02-15 14:49:57 INFO AddIdentifyResult: 16655,018995785608,-1,
2017-02-15 14:50:16 INFO AddIdentifyResult: 16655,018995785608,-3,
2017-02-15 14:51:32 INFO AddIdentifyResult: 16656,015833322494,-1,
2017-02-15 14:51:41 INFO AddIdentifyResult: 16656,015833322494,-3,
2017-02-15 14:51:52 INFO AddIdentifyResult: 16657,018986939540,-1,
2017-02-15 14:52:05 INFO AddIdentifyResult: 16657,018986939540,-3,
2017-02-15 14:52:19 INFO AddIdentifyResult: 16655,018995785608,12,
2017-02-15 14:52:26 INFO AddIdentifyResult: 16655,018995785608,10,reg/018995785608_0215145155|reg/018995785608_0215145155|reg/018995785608_
2017-02-15 14:52:27 INFO UpdateUserState: 018995785608,1
2017-02-15 14:52:36 INFO AddIdentifyResult: 16658,018995785608,-1,
2017-02-15 14:52:46 INFO AddIdentifyResult: 16658,018995785608,-3,
2017-02-15 14:52:59 INFO AddIdentifyResult: 16659,013295469328,-1,
2017-02-15 14:53:14 INFO AddIdentifyResult: 16659,013295469328,-3,
2017-02-15 14:53:17 INFO AddIdentifyResult: 16656,015833322494,12,
2017-02-15 14:53:26 INFO AddIdentifyResult: 16656,015833322494,10,reg/015833322494_0215145320|reg/015833322494_0215145320|reg/015833322494_
2017-02-15 14:53:26 INFO UpdateUserState: 015833322494,1
2017-02-15 14:53:36 INFO AddIdentifyResult: 16660,015833322494,-1,
2017-02-15 14:53:42 INFO AddIdentifyResult: 16660,015833322494,-3,
2017-02-15 14:53:44 INFO AddIdentifyResult: 16661,015630277039,-1,
2017-02-15 14:53:49 INFO AddIdentifyResult: 16657,018986939540,12,
2017-02-15 14:53:53 INFO AddIdentifyResult: 16661,015630277039,-3,
2017-02-15 14:53:57 INFO AddIdentifyResult: 16657,018986939540,10,reg/018986939540_0215145344|reg/018986939540_0215145344|reg/018986939540_
2017-02-15 14:53:57 INFO UpdateUserState: 018986939540,1
2017-02-15 14:54:02 INFO AddIdentifyResult: 16658,018995785608,0,ver/02/15/145513_018995785608.wav
2017-02-15 14:54:04 INFO AddIdentifyResult: 16662,018986939540,-1,
2017-02-15 14:54:14 INFO AddIdentifyResult: 16662,018986939540,-3,
2017-02-15 14:54:21 INFO AddIdentifyResult: 16663,015629907610,-1,
2017-02-15 14:54:34 INFO AddIdentifyResult: 16660,015833322494,0,ver/02/15/145522_015833322494.wav
2017-02-15 14:54:37 INFO AddIdentifyResult: 16663,015629907610,-3,
2017-02-15 14:55:06 INFO AddIdentifyResult: 16662,018986939540,0,ver/02/15/145554_018986939540.wav
2017-02-15 14:55:31 INFO AddIdentifyResult: 16659,013295469328,12,
2017-02-15 14:55:32 INFO AddIdentifyResult: 16661,015630277039,12,
2017-02-15 14:55:40 INFO AddIdentifyResult: 16659,013295469328,10,reg/013295469328_0215145454|reg/013295469328_0215145454|reg/013295469328_
2017-02-15 14:55:40 INFO UpdateUserState: 013295469328,1
2017-02-15 14:55:48 INFO AddIdentifyResult: 16661,015630277039,10,reg/015630277039_0215145533|reg/015630277039_0215145533|reg/015630277039_
2017-02-15 14:55:48 INFO UpdateUserState: 015630277039,1
2017-02-15 14:55:51 INFO AddIdentifyResult: 16664,015630277039,-1,
2017-02-15 14:55:56 INFO AddIdentifyResult: 16664,015630277039,-3,
2017-02-15 14:56:48 INFO AddIdentifyResult: 16664,015630277039,0,ver/02/15/145736_015630277039.wav
2017-02-15 14:57:17 INFO AddIdentifyResult: 16665,013295469328,-1,
2017-02-15 14:57:20 INFO AddIdentifyResult: 16663,015629907610,11,reg/015629907610_|reg/015629907610_|reg/015629907610_
2017-02-15 14:57:33 INFO AddIdentifyResult: 16665,013295469328,-3,
2017-02-15 14:58:03 INFO AddIdentifyResult: 16666,015629907610,-1,
2017-02-15 14:58:12 INFO AddIdentifyResult: 16666,015629907610,-3,
2017-02-15 14:58:25 INFO AddIdentifyResult: 16665,013295469328,0,ver/02/15/145913_013295469328.wav
2017-02-15 14:58:44 INFO AddIdentifyResult: 16667,015231990200,-1,
2017-02-15 14:58:51 INFO AddIdentifyResult: 16667,015231990200,-3,
2017-02-15 14:59:11 INFO AddIdentifyResult: 16668,015031969949,-1,
2017-02-15 14:59:19 INFO AddIdentifyResult: 16668,015031969949,-3,
2017-02-15 15:00:23 INFO AddIdentifyResult: 16666,015629907610,12,
2017-02-15 15:00:25 INFO AddIdentifyResult: 16667,015231990200,12,
2017-02-15 15:00:29 INFO AddIdentifyResult: 16666,015629907610,10,reg/015629907610_0215150151|reg/015629907610_0215150151|reg/015629907610_0215145952
2017-02-15 15:00:29 INFO UpdateUserState: 015629907610,1
2017-02-15 15:00:37 INFO AddIdentifyResult: 16667,015231990200,10,reg/015231990200_0215150030|reg/015231990200_0215150030|reg/015231990200_
2017-02-15 15:00:37 INFO UpdateUserState: 015231990200,1
2017-02-15 15:00:55 INFO AddIdentifyResult: 16669,015231990200,-1,
2017-02-15 15:00:57 INFO AddIdentifyResult: 16668,015031969949,12,
2017-02-15 15:01:02 INFO AddIdentifyResult: 16669,015231990200,-3,
2017-02-15 15:01:03 INFO AddIdentifyResult: 16668,015031969949,10,reg/015031969949_0215150059|reg/015031969949_0215150059|reg/015031969949_
2017-02-15 15:01:04 INFO UpdateUserState: 015031969949,1
2017-02-15 15:01:19 INFO AddIdentifyResult: 16670,015031969949,-1,
2017-02-15 15:01:26 INFO AddIdentifyResult: 16670,015031969949,-3,
2017-02-15 15:01:40 INFO AddIdentifyResult: 16671,013230239155,-1,
2017-02-15 15:01:48 INFO AddIdentifyResult: 16672,015629907610,-1,
2017-02-15 15:01:50 INFO AddIdentifyResult: 16671,013230239155,-3,
2017-02-15 15:01:54 INFO AddIdentifyResult: 16669,015231990200,0,ver/02/15/150242_015231990200.wav
2017-02-15 15:02:08 INFO AddIdentifyResult: 16672,015629907610,-3,
2017-02-15 15:02:18 INFO AddIdentifyResult: 16670,015031969949,0,ver/02/15/150306_015031969949.wav
2017-02-15 15:02:32 INFO AddIdentifyResult: 16672,015629907610,11,reg/015629907610_|reg/015629907610_|reg/015629907610_
2017-02-15 15:03:04 INFO AddIdentifyResult: 16673,015629907610,-1,
2017-02-15 15:03:17 INFO AddIdentifyResult: 16671,013230239155,12,
2017-02-15 15:03:22 INFO AddIdentifyResult: 16673,015629907610,-3,
2017-02-15 15:03:24 INFO AddIdentifyResult: 16671,013230239155,10,reg/013230239155_0215150330|reg/013230239155_0215150330|reg/013230239155_
2017-02-15 15:03:25 INFO UpdateUserState: 013230239155,1
2017-02-15 15:03:28 INFO AddIdentifyResult: 16674,013091218306,-1,
2017-02-15 15:03:32 INFO AddIdentifyResult: 16675,013230239155,-1,
2017-02-15 15:03:34 INFO AddIdentifyResult: 16674,013091218306,-3,
2017-02-15 15:03:45 INFO AddIdentifyResult: 16675,013230239155,-3,
2017-02-15 15:04:38 INFO AddIdentifyResult: 16675,013230239155,0,ver/02/15/150525_013230239155.wav
2017-02-15 15:05:16 INFO AddIdentifyResult: 16674,013091218306,12,
2017-02-15 15:05:24 INFO AddIdentifyResult: 16674,013091218306,10,reg/013091218306_0215150514|reg/013091218306_0215150514|reg/013091218306_
2017-02-15 15:05:25 INFO UpdateUserState: 013091218306,1
2017-02-15 15:05:25 INFO AddIdentifyResult: 16673,015629907610,12,
2017-02-15 15:05:31 INFO AddIdentifyResult: 16673,015629907610,10,reg/015629907610_0215150636|reg/015629907610_0215150636|reg/015629907610_0215150502
2017-02-15 15:05:32 INFO UpdateUserState: 015629907610,1
2017-02-15 15:05:33 INFO AddIdentifyResult: 16676,013091218306,-1,
2017-02-15 15:05:43 INFO AddIdentifyResult: 16676,013091218306,-3,
2017-02-15 15:06:01 INFO AddIdentifyResult: 16677,013245461519,-1,
2017-02-15 15:06:06 INFO AddIdentifyResult: 16677,013245461519,-3,
2017-02-15 15:06:14 INFO AddIdentifyResult: 16678,015629907610,-1,
2017-02-15 15:06:29 INFO AddIdentifyResult: 16677,013245461519,11,reg/013245461519_|reg/013245461519_|reg/013245461519_
2017-02-15 15:06:32 INFO AddIdentifyResult: 16678,015629907610,-3,
2017-02-15 15:06:35 INFO AddIdentifyResult: 16676,013091218306,0,ver/02/15/150723_013091218306.wav
2017-02-15 15:07:13 INFO AddIdentifyResult: 16679,013245461519,-1,
2017-02-15 15:07:20 INFO AddIdentifyResult: 16679,013245461519,-3,
2017-02-15 15:07:23 INFO AddIdentifyResult: 16678,015629907610,0,ver/02/15/150812_015629907610.wav
2017-02-15 15:08:00 INFO AddIdentifyResult: 16679,013245461519,11,reg/013245461519_|reg/013245461519_|reg/013245461519_
2017-02-15 15:08:08 INFO AddIdentifyResult: 16680,013091202956,-1,
2017-02-15 15:08:53 INFO AddIdentifyResult: 16681,013245461519,-1,
2017-02-15 15:09:01 INFO AddIdentifyResult: 16681,013245461519,-3,
2017-02-15 15:09:10 INFO AddIdentifyResult: 16682,013091202956,-1,
2017-02-15 15:09:15 INFO AddIdentifyResult: 16682,013091202956,-3,
2017-02-15 15:09:20 INFO AddIdentifyResult: 16681,013245461519,11,reg/013245461519_|reg/013245461519_|reg/013245461519_
2017-02-15 15:09:38 INFO AddIdentifyResult: 16683,013245461519,-1,
2017-02-15 15:09:43 INFO AddIdentifyResult: 16683,013245461519,-3,
2017-02-15 15:10:22 INFO AddIdentifyResult: 16684,o13463287055,-1,
2017-02-15 15:10:29 INFO AddIdentifyResult: 16684,o13463287055,-3,
2017-02-15 15:11:12 INFO AddIdentifyResult: 16682,013091202956,12,
2017-02-15 15:11:19 INFO AddIdentifyResult: 16682,013091202956,10,reg/013091202956_0215151229|reg/013091202956_0215151229|reg/013091202956_0215151054
2017-02-15 15:11:19 INFO UpdateUserState: 013091202956,1
2017-02-15 15:11:24 INFO AddIdentifyResult: 16685,013091202956,-1,
2017-02-15 15:11:29 INFO AddIdentifyResult: 16685,013091202956,-3,
2017-02-15 15:11:33 INFO AddIdentifyResult: 16683,013245461519,12,
2017-02-15 15:11:40 INFO AddIdentifyResult: 16683,013245461519,10,reg/013245461519_0215151242|reg/013245461519_0215151242|reg/013245461519_0215151122
2017-02-15 15:11:40 INFO UpdateUserState: 013245461519,1
2017-02-15 15:12:06 INFO AddIdentifyResult: 16684,o13463287055,12,
2017-02-15 15:12:13 INFO AddIdentifyResult: 16684,o13463287055,10,reg/o13463287055_0215151209|reg/o13463287055_0215151209|reg/o13463287055_
2017-02-15 15:12:13 INFO UpdateUserState: o13463287055,1
2017-02-15 15:12:19 INFO AddIdentifyResult: 16686,o13463287055,-1,
2017-02-15 15:12:21 INFO AddIdentifyResult: 16685,013091202956,0,ver/02/15/151308_013091202956.wav
2017-02-15 15:12:27 INFO AddIdentifyResult: 16686,o13463287055,-3,
2017-02-15 15:12:41 INFO AddIdentifyResult: 16687,015629907170,-1,
2017-02-15 15:12:50 INFO AddIdentifyResult: 16687,015629907170,-3,
2017-02-15 15:13:19 INFO AddIdentifyResult: 16686,o13463287055,0,ver/02/15/151407_o13463287055.wav
2017-02-15 15:13:20 INFO AddIdentifyResult: 16688,013180230136,-1,
2017-02-15 15:13:26 INFO AddIdentifyResult: 16688,013180230136,-3,
2017-02-15 15:14:52 INFO AddIdentifyResult: 16687,015629907170,12,
2017-02-15 15:14:57 INFO AddIdentifyResult: 16688,013180230136,12,
2017-02-15 15:14:59 INFO AddIdentifyResult: 16687,015629907170,10,reg/015629907170_0215151430|reg/015629907170_0215151430|reg/015629907170_
2017-02-15 15:14:59 INFO UpdateUserState: 015629907170,1
2017-02-15 15:15:06 INFO AddIdentifyResult: 16688,013180230136,10,reg/013180230136_0215151505|reg/013180230136_0215151505|reg/013180230136_
2017-02-15 15:15:07 INFO UpdateUserState: 013180230136,1
2017-02-15 15:15:08 INFO AddIdentifyResult: 16689,015629907170,-1,
2017-02-15 15:15:13 INFO AddIdentifyResult: 16690,013180230136,-1,
2017-02-15 15:15:15 INFO AddIdentifyResult: 16689,015629907170,-3,
2017-02-15 15:15:31 INFO AddIdentifyResult: 16691,013180230136,-1,
2017-02-15 15:15:38 INFO AddIdentifyResult: 16691,013180230136,-3,
2017-02-15 15:16:07 INFO AddIdentifyResult: 16689,015629907170,1,ver/02/15/151655_015629907170.wav
2017-02-15 15:16:30 INFO AddIdentifyResult: 16691,013180230136,0,ver/02/15/151718_013180230136.wav
2017-02-15 15:16:31 INFO AddIdentifyResult: 16692,015629907170,-1,
2017-02-15 15:16:37 INFO AddIdentifyResult: 16692,015629907170,-3,
2017-02-15 15:16:42 INFO AddIdentifyResult: 16692,015629907170,1,
2017-02-15 15:16:44 INFO AddIdentifyResult: 16689,015629907170,2,
2017-02-15 15:17:06 INFO AddIdentifyResult: 16693,013473280186,-1,
2017-02-15 15:17:07 INFO AddIdentifyResult: 16694,015629907170,-1,
2017-02-15 15:17:07 INFO AddIdentifyResult: 16695,013785233423,-1,
2017-02-15 15:17:14 INFO AddIdentifyResult: 16693,013473280186,-3,
2017-02-15 15:17:15 INFO AddIdentifyResult: 16694,015629907170,-3,
2017-02-15 15:17:17 INFO AddIdentifyResult: 16695,013785233423,-3,
2017-02-15 15:18:46 INFO AddIdentifyResult: 16694,015629907170,11,reg/015629907170_|reg/015629907170_|reg/015629907170_
2017-02-15 15:18:48 INFO AddIdentifyResult: 16695,013785233423,12,
2017-02-15 15:18:56 INFO AddIdentifyResult: 16695,013785233423,10,reg/013785233423_0215151857|reg/013785233423_0215151857|reg/013785233423_
2017-02-15 15:18:56 INFO UpdateUserState: 013785233423,1
2017-02-15 15:19:01 INFO AddIdentifyResult: 16696,013785233423,-1,
2017-02-15 15:19:09 INFO AddIdentifyResult: 16696,013785233423,-3,
2017-02-15 15:19:27 INFO AddIdentifyResult: 16697,015629907170,-1,
2017-02-15 15:19:35 INFO AddIdentifyResult: 16697,015629907170,-3,
2017-02-15 15:20:01 INFO AddIdentifyResult: 16696,013785233423,0,ver/02/15/152049_013785233423.wav
2017-02-15 15:20:19 INFO AddIdentifyResult: 0,018054621543,1,
2017-02-15 15:20:25 INFO AddIdentifyResult: 16693,013473280186,12,
2017-02-15 15:20:31 INFO AddIdentifyResult: 16693,013473280186,10,reg/013473280186_0215152120|reg/013473280186_0215152120|reg/013473280186_0215151853
2017-02-15 15:20:32 INFO UpdateUserState: 013473280186,1
2017-02-15 15:20:40 INFO AddIdentifyResult: 16699,013473280186,-1,
2017-02-15 15:20:47 INFO AddIdentifyResult: 16699,013473280186,-3,
2017-02-15 15:21:13 INFO AddIdentifyResult: 16697,015629907170,12,
2017-02-15 15:21:20 INFO AddIdentifyResult: 16697,015629907170,10,reg/015629907170_0215152115|reg/015629907170_0215152115|reg/015629907170_
2017-02-15 15:21:20 INFO UpdateUserState: 015629907170,1
2017-02-15 15:21:34 INFO AddIdentifyResult: 16700,015629907170,-1,
2017-02-15 15:21:38 INFO AddIdentifyResult: 16699,013473280186,0,ver/02/15/152227_013473280186.wav
2017-02-15 15:21:41 INFO AddIdentifyResult: 16700,015629907170,-3,
2017-02-15 15:22:33 INFO AddIdentifyResult: 16700,015629907170,0,ver/02/15/152321_015629907170.wav
2017-02-15 15:23:04 INFO AddIdentifyResult: 16701,013832245923,-1,
2017-02-15 15:23:13 INFO AddIdentifyResult: 16701,013832245923,-3,
2017-02-15 15:24:50 INFO AddIdentifyResult: 16702,013103223629,-1,
2017-02-15 15:24:54 INFO AddIdentifyResult: 16701,013832245923,12,
2017-02-15 15:24:55 INFO AddIdentifyResult: 16702,013103223629,-3,
2017-02-15 15:25:00 INFO AddIdentifyResult: 16701,013832245923,10,reg/013832245923_0215152452|reg/013832245923_0215152452|reg/013832245923_
2017-02-15 15:25:01 INFO UpdateUserState: 013832245923,1
2017-02-15 15:25:36 INFO AddIdentifyResult: 16703,013832245923,-1,
2017-02-15 15:25:44 INFO AddIdentifyResult: 16703,013832245923,-3,
2017-02-15 15:26:36 INFO AddIdentifyResult: 16703,013832245923,0,ver/02/15/152724_013832245923.wav
2017-02-15 15:26:43 INFO AddIdentifyResult: 16702,013103223629,12,
2017-02-15 15:26:50 INFO AddIdentifyResult: 16702,013103223629,10,reg/013103223629_0215152635|reg/013103223629_0215152635|reg/013103223629_
2017-02-15 15:26:51 INFO UpdateUserState: 013103223629,1
2017-02-15 15:27:00 INFO AddIdentifyResult: 16704,013103223629,-1,
2017-02-15 15:27:28 INFO AddIdentifyResult: 16705,013103223629,-1,
2017-02-15 15:27:36 INFO AddIdentifyResult: 16706,015633792769,-1,
2017-02-15 15:27:37 INFO AddIdentifyResult: 16705,013103223629,-3,
2017-02-15 15:27:41 INFO AddIdentifyResult: 16705,013103223629,1,
2017-02-15 15:27:45 INFO AddIdentifyResult: 16706,015633792769,-3,
2017-02-15 15:28:23 INFO AddIdentifyResult: 16707,013103223629,-1,
2017-02-15 15:28:29 INFO AddIdentifyResult: 16707,013103223629,-3,
2017-02-15 15:29:08 INFO AddIdentifyResult: 16706,015633792769,12,
2017-02-15 15:29:16 INFO AddIdentifyResult: 16706,015633792769,10,reg/015633792769_0215152924|reg/015633792769_0215152924|reg/015633792769_
2017-02-15 15:29:16 INFO UpdateUserState: 015633792769,1
2017-02-15 15:29:22 INFO AddIdentifyResult: 16707,013103223629,0,ver/02/15/153009_013103223629.wav
2017-02-15 15:30:47 INFO AddIdentifyResult: 16708,015633792769,-1,
2017-02-15 15:30:53 INFO AddIdentifyResult: 16708,015633792769,-3,
2017-02-15 15:31:46 INFO AddIdentifyResult: 16708,015633792769,0,ver/02/15/153233_015633792769.wav
2017-02-15 15:33:11 INFO AddIdentifyResult: 16709,013180217626,-1,
2017-02-15 15:33:14 INFO AddIdentifyResult: 16709,013180217626,-3,
2017-02-15 15:33:21 INFO AddIdentifyResult: 16710,013245461219,-1,
2017-02-15 15:33:28 INFO AddIdentifyResult: 16710,013245461219,-3,
2017-02-15 15:34:41 INFO AddIdentifyResult: 16709,013180217626,12,
2017-02-15 15:34:48 INFO AddIdentifyResult: 16709,013180217626,10,reg/013180217626_0215153454|reg/013180217626_0215153454|reg/013180217626_
2017-02-15 15:34:48 INFO UpdateUserState: 013180217626,1
2017-02-15 15:34:56 INFO AddIdentifyResult: 16711,013180217626,-1,
2017-02-15 15:35:05 INFO AddIdentifyResult: 16711,013180217626,-3,
2017-02-15 15:35:52 INFO AddIdentifyResult: 16712,015100497552,-1,
2017-02-15 15:35:57 INFO AddIdentifyResult: 16711,013180217626,0,ver/02/15/153645_013180217626.wav
2017-02-15 15:36:00 INFO AddIdentifyResult: 16712,015100497552,-3,
2017-02-15 15:37:28 INFO AddIdentifyResult: 16712,015100497552,12,
2017-02-15 15:37:36 INFO AddIdentifyResult: 16712,015100497552,10,reg/015100497552_0215153739|reg/015100497552_0215153739|reg/015100497552_
2017-02-15 15:37:36 INFO UpdateUserState: 015100497552,1
2017-02-15 15:37:45 INFO AddIdentifyResult: 16713,015100497552,-1,
2017-02-15 15:37:46 INFO AddIdentifyResult: 16710,013245461219,11,reg/013245461219_|reg/013245461219_|reg/013245461219_
2017-02-15 15:37:51 INFO AddIdentifyResult: 16713,015100497552,-3,
2017-02-15 15:38:10 INFO AddIdentifyResult: 16714,013245461219,-1,
2017-02-15 15:38:15 INFO AddIdentifyResult: 16714,013245461219,-3,
2017-02-15 15:38:43 INFO AddIdentifyResult: 16713,015100497552,0,ver/02/15/153931_015100497552.wav
2017-02-15 15:38:59 INFO AddIdentifyResult: 16715,015632258213,-1,
2017-02-15 15:39:08 INFO AddIdentifyResult: 16715,015632258213,-3,
2017-02-15 15:39:23 INFO AddIdentifyResult: 16716,013933225765,-1,
2017-02-15 15:39:33 INFO AddIdentifyResult: 16716,013933225765,-3,
2017-02-15 15:39:43 INFO AddIdentifyResult: 16717,015629908592,-1,
2017-02-15 15:39:58 INFO AddIdentifyResult: 16717,015629908592,-3,
2017-02-15 15:40:48 INFO AddIdentifyResult: 16715,015632258213,12,
2017-02-15 15:40:55 INFO AddIdentifyResult: 16715,015632258213,10,reg/015632258213_0215154047|reg/015632258213_0215154047|reg/015632258213_
2017-02-15 15:40:55 INFO UpdateUserState: 015632258213,1
2017-02-15 15:41:02 INFO AddIdentifyResult: 16718,015632258213,-1,
2017-02-15 15:41:08 INFO AddIdentifyResult: 16718,015632258213,-3,
2017-02-15 15:41:51 INFO AddIdentifyResult: 16717,015629908592,12,
2017-02-15 15:41:58 INFO AddIdentifyResult: 16717,015629908592,10,reg/015629908592_0215154137|reg/015629908592_0215154137|reg/015629908592_
2017-02-15 15:41:58 INFO UpdateUserState: 015629908592,1
2017-02-15 15:42:01 INFO AddIdentifyResult: 16718,015632258213,0,ver/02/15/154248_015632258213.wav
2017-02-15 15:42:02 INFO AddIdentifyResult: 16716,013933225765,12,
2017-02-15 15:42:04 INFO AddIdentifyResult: 16719,015629908592,-1,
2017-02-15 15:42:09 INFO AddIdentifyResult: 16716,013933225765,10,reg/013933225765_0215154252|reg/013933225765_0215154252|reg/013933225765_0215154112
2017-02-15 15:42:10 INFO UpdateUserState: 013933225765,1
2017-02-15 15:42:17 INFO AddIdentifyResult: 16719,015629908592,-3,
2017-02-15 15:42:18 INFO AddIdentifyResult: 16720,013933225765,-1,
2017-02-15 15:42:32 INFO AddIdentifyResult: 16720,013933225765,-3,
2017-02-15 15:42:33 INFO AddIdentifyResult: 16714,013245461219,11,reg/013245461219_|reg/013245461219_|reg/013245461219_
2017-02-15 15:43:09 INFO AddIdentifyResult: 16719,015629908592,0,ver/02/15/154357_015629908592.wav
2017-02-15 15:43:24 INFO AddIdentifyResult: 16720,013933225765,0,ver/02/15/154412_013933225765.wav
2017-02-15 15:43:25 INFO AddIdentifyResult: 16721,015005463315,-1,
2017-02-15 15:43:33 INFO AddIdentifyResult: 16721,015005463315,-3,
2017-02-15 15:45:10 INFO AddIdentifyResult: 16722,015033246812,-1,
2017-02-15 15:45:27 INFO AddIdentifyResult: 16722,015033246812,-3,
2017-02-15 15:46:32 INFO AddIdentifyResult: 16721,015005463315,11,reg/015005463315_|reg/015005463315_|reg/015005463315_
2017-02-15 15:46:55 INFO AddIdentifyResult: 16722,015033246812,12,
2017-02-15 15:47:02 INFO AddIdentifyResult: 16722,015033246812,10,reg/015033246812_0215154706|reg/015033246812_0215154706|reg/015033246812_
2017-02-15 15:47:02 INFO UpdateUserState: 015033246812,1
2017-02-15 15:47:04 INFO AddIdentifyResult: 16723,015005463315,-1,
2017-02-15 15:47:12 INFO AddIdentifyResult: 16723,015005463315,-3,
2017-02-15 15:47:43 INFO AddIdentifyResult: 16724,015033246812,-1,
2017-02-15 15:47:52 INFO AddIdentifyResult: 16724,015033246812,-3,
2017-02-15 15:48:44 INFO AddIdentifyResult: 16724,015033246812,0,ver/02/15/154932_015033246812.wav
2017-02-15 15:50:13 INFO AddIdentifyResult: 16723,015005463315,12,
2017-02-15 15:50:20 INFO AddIdentifyResult: 16723,015005463315,10,reg/015005463315_0215155118|reg/015005463315_0215155118|reg/015005463315_0215154851
2017-02-15 15:50:21 INFO UpdateUserState: 015005463315,1
2017-02-15 15:50:21 INFO AddIdentifyResult: 16725,015629908152,-1,
2017-02-15 15:50:29 INFO AddIdentifyResult: 16725,015629908152,-3,
2017-02-15 15:51:01 INFO AddIdentifyResult: 16726,013245461219,-1,
2017-02-15 15:51:26 INFO AddIdentifyResult: 16727,013082357873,-1,
2017-02-15 15:52:08 INFO AddIdentifyResult: 16725,015629908152,12,
2017-02-15 15:52:16 INFO AddIdentifyResult: 16725,015629908152,10,reg/015629908152_0215155209|reg/015629908152_0215155209|reg/015629908152_
2017-02-15 15:52:16 INFO UpdateUserState: 015629908152,1
2017-02-15 15:52:33 INFO AddIdentifyResult: 16728,015629908152,-1,
2017-02-15 15:52:43 INFO AddIdentifyResult: 16728,015629908152,-3,
2017-02-15 15:52:52 INFO AddIdentifyResult: 16729,013082357873,-1,
2017-02-15 15:52:58 INFO AddIdentifyResult: 16729,013082357873,-3,
2017-02-15 15:53:23 INFO AddIdentifyResult: 16730,013245461219,-1,
2017-02-15 15:53:30 INFO AddIdentifyResult: 16730,013245461219,-3,
2017-02-15 15:53:32 INFO AddIdentifyResult: 16731,015930215703,-1,
2017-02-15 15:53:34 INFO AddIdentifyResult: 16728,015629908152,0,ver/02/15/155423_015629908152.wav
2017-02-15 15:53:39 INFO AddIdentifyResult: 16731,015930215703,-3,
2017-02-15 15:55:09 INFO AddIdentifyResult: 16731,015930215703,12,
2017-02-15 15:55:18 INFO AddIdentifyResult: 16731,015930215703,10,reg/015930215703_0215155519|reg/015930215703_0215155519|reg/015930215703_
2017-02-15 15:55:18 INFO UpdateUserState: 015930215703,1
2017-02-15 15:55:49 INFO AddIdentifyResult: 16729,013082357873,12,
2017-02-15 15:56:00 INFO AddIdentifyResult: 16729,013082357873,10,reg/013082357873_0215155438|reg/013082357873_0215155438|reg/013082357873_
2017-02-15 15:56:01 INFO UpdateUserState: 013082357873,1
2017-02-15 15:56:04 INFO AddIdentifyResult: 16732,013082357873,-1,
2017-02-15 15:56:09 INFO AddIdentifyResult: 16732,013082357873,-3,
2017-02-15 15:56:40 INFO AddIdentifyResult: 16730,013245461219,12,
2017-02-15 15:56:47 INFO AddIdentifyResult: 16730,013245461219,10,reg/013245461219_0215155739|reg/013245461219_0215155739|reg/013245461219_0215155510
2017-02-15 15:56:47 INFO UpdateUserState: 013245461219,1
2017-02-15 15:57:01 INFO AddIdentifyResult: 16732,013082357873,0,ver/02/15/155749_013082357873.wav
2017-02-15 15:57:08 INFO AddIdentifyResult: 16733,015930215703,-1,
2017-02-15 15:57:15 INFO AddIdentifyResult: 16733,015930215703,-3,
2017-02-15 15:57:58 INFO AddIdentifyResult: 16734,015172038801,-1,
2017-02-15 15:58:08 INFO AddIdentifyResult: 16733,015930215703,0,ver/02/15/155855_015930215703.wav
2017-02-15 15:58:18 INFO AddIdentifyResult: 16734,015172038801,-3,
2017-02-15 15:59:00 INFO AddIdentifyResult: 16735,013287330382,-1,
2017-02-15 15:59:06 INFO AddIdentifyResult: 16735,013287330382,-3,
2017-02-15 15:59:42 INFO AddIdentifyResult: 16734,015172038801,12,
2017-02-15 15:59:49 INFO AddIdentifyResult: 16734,015172038801,10,reg/015172038801_0215155958|reg/015172038801_0215155958|reg/015172038801_
2017-02-15 15:59:49 INFO UpdateUserState: 015172038801,1
2017-02-15 16:00:20 INFO AddIdentifyResult: 16736,015172038801,-1,
2017-02-15 16:00:32 INFO AddIdentifyResult: 16736,015172038801,-3,
2017-02-15 16:01:25 INFO AddIdentifyResult: 16736,015172038801,0,ver/02/15/160213_015172038801.wav
2017-02-15 16:02:32 INFO AddIdentifyResult: 16735,013287330382,12,
2017-02-15 16:02:40 INFO AddIdentifyResult: 16735,013287330382,10,reg/013287330382_0215160318|reg/013287330382_0215160318|reg/013287330382_0215160045
2017-02-15 16:02:40 INFO UpdateUserState: 013287330382,1
2017-02-15 16:02:50 INFO AddIdentifyResult: 16737,018171653532,-1,
2017-02-15 16:03:19 INFO AddIdentifyResult: 16737,018171653532,-3,
2017-02-15 16:03:31 INFO AddIdentifyResult: 16737,018171653532,11,reg/018171653532_|reg/018171653532_|reg/018171653532_
2017-02-15 16:04:12 INFO AddIdentifyResult: 16738,018171653532,-1,
2017-02-15 16:04:34 INFO AddIdentifyResult: 16739,013034422986,-1,
2017-02-15 16:04:38 INFO AddIdentifyResult: 16738,018171653532,-3,
2017-02-15 16:04:50 INFO AddIdentifyResult: 16738,018171653532,11,reg/018171653532_|reg/018171653532_|reg/018171653532_
2017-02-15 16:04:51 INFO AddIdentifyResult: 16739,013034422986,-3,
2017-02-15 16:05:52 INFO AddIdentifyResult: 16740,18972651180,-1,
2017-02-15 16:06:00 INFO AddIdentifyResult: 16740,18972651180,-3,
2017-02-15 16:06:31 INFO AddIdentifyResult: 16739,013034422986,12,
2017-02-15 16:06:38 INFO AddIdentifyResult: 16739,013034422986,10,reg/013034422986_0215160631|reg/013034422986_0215160631|reg/013034422986_
2017-02-15 16:06:38 INFO UpdateUserState: 013034422986,1
2017-02-15 16:06:54 INFO AddIdentifyResult: 16741,013034422986,-1,
2017-02-15 16:07:02 INFO AddIdentifyResult: 16741,013034422986,-3,
2017-02-15 16:07:38 INFO AddIdentifyResult: 16740,18972651180,12,
2017-02-15 16:07:45 INFO AddIdentifyResult: 16740,18972651180,10,reg/18972651180_0215160740|reg/18972651180_0215160740|reg/18972651180_
2017-02-15 16:07:45 INFO UpdateUserState: 18972651180,1
2017-02-15 16:07:55 INFO AddIdentifyResult: 16741,013034422986,1,ver/02/15/160843_013034422986.wav
2017-02-15 16:08:23 INFO AddIdentifyResult: 16742,013034422986,-1,
2017-02-15 16:08:33 INFO AddIdentifyResult: 16742,013034422986,-3,
2017-02-15 16:09:25 INFO AddIdentifyResult: 16742,013034422986,0,ver/02/15/161013_013034422986.wav
2017-02-15 16:11:01 INFO AddIdentifyResult: 0,18972651180,0,ver/02/15/161150_18972651180.wav
2017-02-15 16:20:26 INFO AddIdentifyResult: 16744,013102979836,-1,
2017-02-15 16:21:32 INFO AddIdentifyResult: 16745,013102979836,-1,
2017-02-15 16:25:53 INFO AddIdentifyResult: 16746,013102979836,-1,
2017-02-15 16:26:35 INFO AddIdentifyResult: 16747,013102979836,-1,
2017-02-15 16:26:40 INFO AddIdentifyResult: 16747,013102979836,-3,
2017-02-15 16:28:07 INFO AddIdentifyResult: 16747,013102979836,12,
2017-02-15 16:28:14 INFO AddIdentifyResult: 16747,013102979836,10,reg/013102979836_0215162820|reg/013102979836_0215162820|reg/013102979836_
2017-02-15 16:28:14 INFO UpdateUserState: 013102979836,1
2017-02-15 16:28:27 INFO AddIdentifyResult: 16748,013102979836,-1,
2017-02-15 16:28:31 INFO AddIdentifyResult: 16748,013102979836,-3,
2017-02-15 16:29:23 INFO AddIdentifyResult: 16748,013102979836,0,ver/02/15/163011_013102979836.wav
2017-02-15 16:49:43 INFO AddIdentifyResult: 16749,015629908083,-1,
2017-02-15 16:51:02 INFO AddIdentifyResult: 16750,015629908083,-1,
2017-02-15 16:51:10 INFO AddIdentifyResult: 16750,015629908083,-3,
2017-02-15 16:53:05 INFO AddIdentifyResult: 16750,015629908083,12,
2017-02-15 16:53:12 INFO AddIdentifyResult: 16750,015629908083,10,reg/015629908083_0215165250|reg/015629908083_0215165250|reg/015629908083_
2017-02-15 16:53:12 INFO UpdateUserState: 015629908083,1
2017-02-15 16:53:18 INFO AddIdentifyResult: 16751,015629908083,-1,
2017-02-15 16:53:29 INFO AddIdentifyResult: 16751,015629908083,-3,
2017-02-15 16:54:21 INFO AddIdentifyResult: 16751,015629908083,0,ver/02/15/165509_015629908083.wav
2017-02-15 16:57:36 INFO AddIdentifyResult: 16752,015629901791,-1,
2017-02-15 16:58:05 INFO AddIdentifyResult: 16752,015629901791,-3,
2017-02-15 16:59:55 INFO AddIdentifyResult: 16752,015629901791,12,
2017-02-15 17:00:02 INFO AddIdentifyResult: 16752,015629901791,10,reg/015629901791_0215165945|reg/015629901791_0215165945|reg/015629901791_
2017-02-15 17:00:02 INFO UpdateUserState: 015629901791,1
2017-02-15 17:00:10 INFO AddIdentifyResult: 16753,015629901791,-1,
2017-02-15 17:00:18 INFO AddIdentifyResult: 16753,015629901791,-3,
2017-02-15 17:01:11 INFO AddIdentifyResult: 16753,015629901791,1,ver/02/15/170159_015629901791.wav
2017-02-15 17:01:44 INFO AddIdentifyResult: 16754,015629901791,-1,
2017-02-15 17:01:53 INFO AddIdentifyResult: 16754,015629901791,-3,
2017-02-15 17:02:46 INFO AddIdentifyResult: 16754,015629901791,1,ver/02/15/170334_015629901791.wav
2017-02-15 17:03:18 INFO AddIdentifyResult: 16755,015629901791,-1,
2017-02-15 17:03:26 INFO AddIdentifyResult: 16755,015629901791,-3,
2017-02-15 17:05:09 INFO AddIdentifyResult: 16755,015629901791,12,
2017-02-15 17:05:17 INFO AddIdentifyResult: 16755,015629901791,10,reg/015629901791_0215170506|reg/015629901791_0215170506|reg/015629901791_
2017-02-15 17:05:17 INFO UpdateUserState: 015629901791,1
2017-02-15 17:05:23 INFO AddIdentifyResult: 16756,015629901791,-1,
2017-02-15 17:05:35 INFO AddIdentifyResult: 16756,015629901791,-3,
2017-02-15 17:06:27 INFO AddIdentifyResult: 16756,015629901791,0,ver/02/15/170715_015629901791.wav
