2017-03-24 08:39:17 INFO AddIdentifyResult: 26565,013280377851,-1,
2017-03-24 08:39:24 INFO AddIdentifyResult: 26565,013280377851,-3,
2017-03-24 08:42:09 INFO AddIdentifyResult: 26565,013280377851,12,
2017-03-24 08:42:16 INFO AddIdentifyResult: 26565,013280377851,10,reg/013280377851_0324084345|reg/013280377851_0324084345|reg/013280377851_0324084145
2017-03-24 08:42:17 INFO UpdateUserState: 013280377851,1
2017-03-24 08:42:31 INFO AddIdentifyResult: 26566,013280377851,-1,
2017-03-24 08:42:35 INFO AddIdentifyResult: 26566,013280377851,-3,
2017-03-24 08:43:26 INFO AddIdentifyResult: 26566,013280377851,0,ver/03/24/084456_013280377851.wav
2017-03-24 08:50:24 INFO AddIdentifyResult: 26567,013013562191,-1,
2017-03-24 08:50:39 INFO AddIdentifyResult: 26567,013013562191,-3,
2017-03-24 08:52:34 INFO AddIdentifyResult: 26567,013013562191,12,
2017-03-24 08:52:40 INFO AddIdentifyResult: 26567,013013562191,10,reg/013013562191_0324085259|reg/013013562191_0324085259|reg/013013562191_
2017-03-24 08:52:41 INFO UpdateUserState: 013013562191,1
2017-03-24 08:57:05 INFO AddIdentifyResult: 26568,013013560626,-1,
2017-03-24 08:57:11 INFO AddIdentifyResult: 26568,013013560626,-3,
2017-03-24 08:59:09 INFO AddIdentifyResult: 26568,013013560626,12,
2017-03-24 08:59:15 INFO AddIdentifyResult: 26568,013013560626,10,reg/013013560626_0324085932|reg/013013560626_0324085932|reg/013013560626_
2017-03-24 08:59:15 INFO UpdateUserState: 013013560626,1
2017-03-24 09:00:57 INFO AddIdentifyResult: 26569,015671141173,-1,
2017-03-24 09:01:04 INFO AddIdentifyResult: 26570,013475255335,-1,
2017-03-24 09:01:15 INFO AddIdentifyResult: 26569,015671141173,-3,
2017-03-24 09:01:18 INFO AddIdentifyResult: 26570,013475255335,-3,
2017-03-24 09:02:56 INFO AddIdentifyResult: 26569,015671141173,12,
2017-03-24 09:03:04 INFO AddIdentifyResult: 26569,015671141173,10,reg/015671141173_0324090336|reg/015671141173_0324090336|reg/015671141173_
2017-03-24 09:03:04 INFO UpdateUserState: 015671141173,1
2017-03-24 09:03:32 INFO AddIdentifyResult: 26570,013475255335,12,
2017-03-24 09:03:38 INFO AddIdentifyResult: 26570,013475255335,10,reg/013475255335_0324090516|reg/013475255335_0324090516|reg/013475255335_0324090338
2017-03-24 09:03:39 INFO UpdateUserState: 013475255335,1
2017-03-24 09:04:03 INFO AddIdentifyResult: 26571,013475255335,-1,
2017-03-24 09:04:12 INFO AddIdentifyResult: 26571,013475255335,-3,
2017-03-24 09:05:10 INFO AddIdentifyResult: 26571,013475255335,1,
2017-03-24 09:06:24 INFO AddIdentifyResult: 26572,013475255335,-1,
2017-03-24 09:06:34 INFO AddIdentifyResult: 26572,013475255335,-3,
2017-03-24 09:08:51 INFO AddIdentifyResult: 26572,013475255335,12,
2017-03-24 09:08:57 INFO AddIdentifyResult: 26572,013475255335,10,reg/013475255335_0324090855|reg/013475255335_0324090855|reg/013475255335_
2017-03-24 09:08:57 INFO UpdateUserState: 013475255335,1
2017-03-24 09:09:03 INFO AddIdentifyResult: 26573,013475255335,-1,
2017-03-24 09:09:13 INFO AddIdentifyResult: 26573,013475255335,-3,
2017-03-24 09:10:04 INFO AddIdentifyResult: 26573,013475255335,0,ver/03/24/091134_013475255335.wav
2017-03-24 09:35:02 INFO AddIdentifyResult: 26574,013012919629,-1,
2017-03-24 09:35:08 INFO AddIdentifyResult: 26574,013012919629,-3,
2017-03-24 09:37:07 INFO AddIdentifyResult: 26574,013012919629,12,
2017-03-24 09:37:14 INFO AddIdentifyResult: 26574,013012919629,10,reg/013012919629_0324093859|reg/013012919629_0324093859|reg/013012919629_0324093728
2017-03-24 09:37:14 INFO UpdateUserState: 013012919629,1
2017-03-24 09:37:51 INFO AddIdentifyResult: 26575,013012919629,-1,
2017-03-24 09:37:56 INFO AddIdentifyResult: 26575,013012919629,-3,
2017-03-24 09:38:48 INFO AddIdentifyResult: 26575,013012919629,0,ver/03/24/094017_013012919629.wav
2017-03-24 09:51:49 INFO AddIdentifyResult: 26576,013001561833,-1,
2017-03-24 09:52:00 INFO AddIdentifyResult: 26576,013001561833,-3,
2017-03-24 09:53:08 INFO AddIdentifyResult: 26577,015100497503,-1,
2017-03-24 09:53:14 INFO AddIdentifyResult: 26577,015100497503,-3,
2017-03-24 09:53:53 INFO AddIdentifyResult: 26576,013001561833,12,
2017-03-24 09:54:00 INFO AddIdentifyResult: 26576,013001561833,10,reg/013001561833_0324095421|reg/013001561833_0324095421|reg/013001561833_
2017-03-24 09:54:00 INFO UpdateUserState: 013001561833,1
2017-03-24 09:54:45 INFO AddIdentifyResult: 26578,013001561833,-1,
2017-03-24 09:55:12 INFO AddIdentifyResult: 26577,015100497503,12,
2017-03-24 09:55:19 INFO AddIdentifyResult: 26577,015100497503,10,reg/015100497503_0324095535|reg/015100497503_0324095535|reg/015100497503_
2017-03-24 09:55:19 INFO UpdateUserState: 015100497503,1
2017-03-24 09:55:21 INFO AddIdentifyResult: 26579,015100497503,-1,
2017-03-24 09:55:28 INFO AddIdentifyResult: 26579,015100497503,-3,
2017-03-24 09:56:20 INFO AddIdentifyResult: 26579,015100497503,0,ver/03/24/095749_015100497503.wav
2017-03-24 09:56:34 INFO AddIdentifyResult: 26580,013001561833,-1,
2017-03-24 09:56:40 INFO AddIdentifyResult: 26580,013001561833,-3,
2017-03-24 09:57:33 INFO AddIdentifyResult: 26580,013001561833,0,ver/03/24/095902_013001561833.wav
2017-03-24 09:57:55 INFO AddIdentifyResult: 26581,013001878117,-1,
2017-03-24 09:58:02 INFO AddIdentifyResult: 26582,013954629349,-1,
2017-03-24 09:58:02 INFO AddIdentifyResult: 26581,013001878117,-3,
2017-03-24 09:58:14 INFO AddIdentifyResult: 26582,013954629349,-3,
2017-03-24 09:59:45 INFO AddIdentifyResult: 26581,013001878117,12,
2017-03-24 09:59:51 INFO AddIdentifyResult: 26581,013001878117,10,reg/013001878117_0324100023|reg/013001878117_0324100023|reg/013001878117_
2017-03-24 09:59:52 INFO UpdateUserState: 013001878117,1
2017-03-24 09:59:55 INFO AddIdentifyResult: 26583,013001878117,-1,
2017-03-24 09:59:59 INFO AddIdentifyResult: 26583,013001878117,-3,
2017-03-24 10:00:07 INFO AddIdentifyResult: 26583,013001878117,1,
2017-03-24 10:00:15 INFO AddIdentifyResult: 26584,013001878117,-1,
2017-03-24 10:00:23 INFO AddIdentifyResult: 26584,013001878117,-3,
2017-03-24 10:00:37 INFO AddIdentifyResult: 26582,013954629349,12,
2017-03-24 10:00:44 INFO AddIdentifyResult: 26582,013954629349,10,reg/013954629349_0324100034|reg/013954629349_0324100034|reg/013954629349_
2017-03-24 10:00:44 INFO UpdateUserState: 013954629349,1
2017-03-24 10:00:59 INFO AddIdentifyResult: 26585,013954629349,-1,
2017-03-24 10:01:13 INFO AddIdentifyResult: 26585,013954629349,-3,
2017-03-24 10:01:15 INFO AddIdentifyResult: 26584,013001878117,0,ver/03/24/100244_013001878117.wav
2017-03-24 10:02:05 INFO AddIdentifyResult: 26585,013954629349,0,ver/03/24/100334_013954629349.wav
2017-03-24 10:05:26 INFO AddIdentifyResult: 26586,013232755375,-1,
2017-03-24 10:06:06 INFO AddIdentifyResult: 26587,013273275375,-1,
2017-03-24 10:06:13 INFO AddIdentifyResult: 26587,013273275375,-3,
2017-03-24 10:07:56 INFO AddIdentifyResult: 26587,013273275375,12,
2017-03-24 10:08:03 INFO AddIdentifyResult: 26587,013273275375,10,reg/013273275375_0324100833|reg/013273275375_0324100833|reg/013273275375_
2017-03-24 10:08:03 INFO UpdateUserState: 013273275375,1
2017-03-24 10:08:04 INFO AddIdentifyResult: 26588,013273275375,-1,
2017-03-24 10:08:10 INFO AddIdentifyResult: 26588,013273275375,-3,
2017-03-24 10:09:02 INFO AddIdentifyResult: 26588,013273275375,0,ver/03/24/101031_013273275375.wav
2017-03-24 10:09:53 INFO AddIdentifyResult: 26589,015630840695,-1,
2017-03-24 10:10:04 INFO AddIdentifyResult: 26589,015630840695,-3,
2017-03-24 10:10:36 INFO AddIdentifyResult: 26590,013032001735,-1,
2017-03-24 10:10:42 INFO AddIdentifyResult: 26590,013032001735,-3,
2017-03-24 10:11:29 INFO AddIdentifyResult: 26589,015630840695,12,
2017-03-24 10:11:36 INFO AddIdentifyResult: 26589,015630840695,10,reg/015630840695_0324101225|reg/015630840695_0324101225|reg/015630840695_
2017-03-24 10:11:36 INFO UpdateUserState: 015630840695,1
2017-03-24 10:11:54 INFO AddIdentifyResult: 26591,015630840695,-1,
2017-03-24 10:12:00 INFO AddIdentifyResult: 26591,015630840695,-3,
2017-03-24 10:12:37 INFO AddIdentifyResult: 26590,013032001735,12,
2017-03-24 10:12:44 INFO AddIdentifyResult: 26592,013032001735,-4,2
2017-03-24 10:12:44 INFO AddIdentifyResult: 26590,013032001735,10,reg/013032001735_0324101303|reg/013032001735_0324101303|reg/013032001735_
2017-03-24 10:12:45 INFO UpdateUserState: 013032001735,1
2017-03-24 10:12:52 INFO AddIdentifyResult: 26591,015630840695,0,ver/03/24/101421_015630840695.wav
2017-03-24 10:12:58 INFO AddIdentifyResult: 26593,013032001735,-1,
2017-03-24 10:13:08 INFO AddIdentifyResult: 26593,013032001735,-3,
2017-03-24 10:14:00 INFO AddIdentifyResult: 26593,013032001735,0,ver/03/24/101529_013032001735.wav
2017-03-24 10:15:40 INFO AddIdentifyResult: 26594,015830894370,-1,
2017-03-24 10:15:48 INFO AddIdentifyResult: 26595,013012918362,-1,
2017-03-24 10:15:53 INFO AddIdentifyResult: 26594,015830894370,-3,
2017-03-24 10:15:55 INFO AddIdentifyResult: 26595,013012918362,-3,
2017-03-24 10:16:17 INFO AddIdentifyResult: 26596,013001873859,-1,
2017-03-24 10:16:28 INFO AddIdentifyResult: 26596,013001873859,-3,
2017-03-24 10:17:51 INFO AddIdentifyResult: 26594,015830894370,12,
2017-03-24 10:17:51 INFO AddIdentifyResult: 26595,013012918362,12,
2017-03-24 10:17:59 INFO AddIdentifyResult: 26594,015830894370,10,reg/015830894370_0324101813|reg/015830894370_0324101813|reg/015830894370_
2017-03-24 10:17:59 INFO UpdateUserState: 015830894370,1
2017-03-24 10:18:05 INFO AddIdentifyResult: 26595,013012918362,10,reg/013012918362_0324101938|reg/013012918362_0324101938|reg/013012918362_0324101815
2017-03-24 10:18:05 INFO UpdateUserState: 013012918362,1
2017-03-24 10:18:15 INFO AddIdentifyResult: 26597,015830894370,-1,
2017-03-24 10:18:17 INFO AddIdentifyResult: 26596,013001873859,12,
2017-03-24 10:18:23 INFO AddIdentifyResult: 26596,013001873859,10,reg/013001873859_0324101849|reg/013001873859_0324101849|reg/013001873859_
2017-03-24 10:18:24 INFO UpdateUserState: 013001873859,1
2017-03-24 10:18:25 INFO AddIdentifyResult: 26597,015830894370,-3,
2017-03-24 10:18:26 INFO AddIdentifyResult: 26598,013001873859,-1,
2017-03-24 10:18:28 INFO AddIdentifyResult: 26599,013012918362,-1,
2017-03-24 10:18:33 INFO AddIdentifyResult: 26599,013012918362,-3,
2017-03-24 10:18:36 INFO AddIdentifyResult: 26598,013001873859,-3,
2017-03-24 10:19:17 INFO AddIdentifyResult: 26597,015830894370,0,ver/03/24/102046_015830894370.wav
2017-03-24 10:19:19 INFO AddIdentifyResult: 0,013247231903,1,
2017-03-24 10:19:24 INFO AddIdentifyResult: 26599,013012918362,0,ver/03/24/102054_013012918362.wav
2017-03-24 10:19:29 INFO AddIdentifyResult: 26598,013001873859,0,ver/03/24/102058_013001873859.wav
2017-03-24 10:19:44 INFO AddIdentifyResult: 26601,013463298599,-1,
2017-03-24 10:19:54 INFO AddIdentifyResult: 26601,013463298599,-3,
2017-03-24 10:19:56 INFO AddIdentifyResult: 26602,015230498647,-1,
2017-03-24 10:20:02 INFO AddIdentifyResult: 26602,015230498647,-3,
2017-03-24 10:21:27 INFO AddIdentifyResult: 26601,013463298599,12,
2017-03-24 10:21:33 INFO AddIdentifyResult: 26601,013463298599,10,reg/013463298599_0324102215|reg/013463298599_0324102215|reg/013463298599_
2017-03-24 10:21:33 INFO UpdateUserState: 013463298599,1
2017-03-24 10:21:36 INFO AddIdentifyResult: 26603,013463298599,-1,
2017-03-24 10:21:44 INFO AddIdentifyResult: 26603,013463298599,-3,
2017-03-24 10:22:26 INFO AddIdentifyResult: 26604,013832226977,-1,
2017-03-24 10:22:32 INFO AddIdentifyResult: 26604,013832226977,-3,
2017-03-24 10:22:35 INFO AddIdentifyResult: 26603,013463298599,0,ver/03/24/102405_013463298599.wav
2017-03-24 10:22:46 INFO AddIdentifyResult: 26602,015230498647,12,
2017-03-24 10:22:53 INFO AddIdentifyResult: 26602,015230498647,10,reg/015230498647_0324102432|reg/015230498647_0324102432|reg/015230498647_0324102223
2017-03-24 10:22:53 INFO UpdateUserState: 015230498647,1
2017-03-24 10:22:56 INFO AddIdentifyResult: 26605,015230498647,-1,
2017-03-24 10:23:02 INFO AddIdentifyResult: 26605,015230498647,-3,
2017-03-24 10:23:53 INFO AddIdentifyResult: 26605,015230498647,0,ver/03/24/102523_015230498647.wav
2017-03-24 10:24:08 INFO AddIdentifyResult: 26606,013001877301,-1,
2017-03-24 10:24:12 INFO AddIdentifyResult: 26604,013832226977,12,
2017-03-24 10:24:16 INFO AddIdentifyResult: 26607,013001879633,-1,
2017-03-24 10:24:19 INFO AddIdentifyResult: 26604,013832226977,10,reg/013832226977_0324102453|reg/013832226977_0324102453|reg/013832226977_
2017-03-24 10:24:19 INFO UpdateUserState: 013832226977,1
2017-03-24 10:24:20 INFO AddIdentifyResult: 26608,015613282819,-1,
2017-03-24 10:24:20 INFO AddIdentifyResult: 26607,013001879633,-3,
2017-03-24 10:24:23 INFO AddIdentifyResult: 26606,013001877301,-3,
2017-03-24 10:24:26 INFO AddIdentifyResult: 26609,013832226977,-1,
2017-03-24 10:24:32 INFO AddIdentifyResult: 26609,013832226977,-3,
2017-03-24 10:24:43 INFO AddIdentifyResult: 26610,015613282819,-1,
2017-03-24 10:24:50 INFO AddIdentifyResult: 26610,015613282819,-3,
2017-03-24 10:25:24 INFO AddIdentifyResult: 26609,013832226977,0,ver/03/24/102653_013832226977.wav
2017-03-24 10:25:43 INFO AddIdentifyResult: 26611,013013561286,-1,
2017-03-24 10:26:18 INFO AddIdentifyResult: 26606,013001877301,12,
2017-03-24 10:26:26 INFO AddIdentifyResult: 26606,013001877301,10,reg/013001877301_0324102644|reg/013001877301_0324102644|reg/013001877301_
2017-03-24 10:26:26 INFO UpdateUserState: 013001877301,1
2017-03-24 10:26:29 INFO AddIdentifyResult: 26612,013001877301,-1,
2017-03-24 10:26:34 INFO AddIdentifyResult: 26613,013111612596,-1,
2017-03-24 10:26:36 INFO AddIdentifyResult: 26612,013001877301,-3,
2017-03-24 10:26:37 INFO AddIdentifyResult: 26614,013013561286,-1,
2017-03-24 10:26:39 INFO AddIdentifyResult: 26613,013111612596,-3,
2017-03-24 10:26:45 INFO AddIdentifyResult: 26614,013013561286,-3,
2017-03-24 10:26:49 INFO AddIdentifyResult: 26607,013001879633,12,
2017-03-24 10:26:53 INFO AddIdentifyResult: 26610,015613282819,12,
2017-03-24 10:26:56 INFO AddIdentifyResult: 26607,013001879633,10,reg/013001879633_0324102833|reg/013001879633_0324102833|reg/013001879633_0324102641
2017-03-24 10:26:56 INFO UpdateUserState: 013001879633,1
2017-03-24 10:27:01 INFO AddIdentifyResult: 26615,013001879633,-1,
2017-03-24 10:27:03 INFO AddIdentifyResult: 26610,015613282819,10,reg/015613282819_0324102840|reg/015613282819_0324102840|reg/015613282819_0324102710
2017-03-24 10:27:03 INFO UpdateUserState: 015613282819,1
2017-03-24 10:27:04 INFO AddIdentifyResult: 26616,015613282819,-1,
2017-03-24 10:27:05 INFO AddIdentifyResult: 26615,013001879633,-3,
2017-03-24 10:27:09 INFO AddIdentifyResult: 26616,015613282819,-3,
2017-03-24 10:27:28 INFO AddIdentifyResult: 26612,013001877301,0,ver/03/24/102857_013001877301.wav
2017-03-24 10:27:56 INFO AddIdentifyResult: 26615,013001879633,0,ver/03/24/102926_013001879633.wav
2017-03-24 10:28:01 INFO AddIdentifyResult: 26616,015613282819,0,ver/03/24/102930_015613282819.wav
2017-03-24 10:28:32 INFO AddIdentifyResult: 26613,013111612596,12,
2017-03-24 10:28:39 INFO AddIdentifyResult: 26613,013111612596,10,reg/013111612596_0324103024|reg/013111612596_0324103024|reg/013111612596_0324102900
2017-03-24 10:28:39 INFO UpdateUserState: 013111612596,1
2017-03-24 10:28:44 INFO AddIdentifyResult: 26614,013013561286,12,
2017-03-24 10:28:51 INFO AddIdentifyResult: 26614,013013561286,10,reg/013013561286_0324103037|reg/013013561286_0324103037|reg/013013561286_0324102905
2017-03-24 10:28:51 INFO UpdateUserState: 013013561286,1
2017-03-24 10:28:57 INFO AddIdentifyResult: 26617,013111612596,-1,
2017-03-24 10:29:01 INFO AddIdentifyResult: 26617,013111612596,-3,
2017-03-24 10:29:37 INFO AddIdentifyResult: 26618,013013561286,-1,
2017-03-24 10:29:44 INFO AddIdentifyResult: 26618,013013561286,-3,
2017-03-24 10:29:54 INFO AddIdentifyResult: 26617,013111612596,0,ver/03/24/103123_013111612596.wav
2017-03-24 10:30:07 INFO AddIdentifyResult: 26619,013001875137,-1,
2017-03-24 10:30:19 INFO AddIdentifyResult: 26619,013001875137,-3,
2017-03-24 10:30:35 INFO AddIdentifyResult: 26618,013013561286,0,ver/03/24/103205_013013561286.wav
2017-03-24 10:31:03 INFO AddIdentifyResult: 26620,013001873106,-1,
2017-03-24 10:31:13 INFO AddIdentifyResult: 26620,013001873106,-3,
2017-03-24 10:31:50 INFO AddIdentifyResult: 26621,013731241910,-1,
2017-03-24 10:31:53 INFO AddIdentifyResult: 26619,013001875137,12,
2017-03-24 10:31:56 INFO AddIdentifyResult: 26621,013731241910,-3,
2017-03-24 10:31:59 INFO AddIdentifyResult: 26619,013001875137,10,reg/013001875137_0324103239|reg/013001875137_0324103239|reg/013001875137_
2017-03-24 10:32:00 INFO UpdateUserState: 013001875137,1
2017-03-24 10:32:00 INFO AddIdentifyResult: 26622,013001875137,-1,
2017-03-24 10:32:07 INFO AddIdentifyResult: 26622,013001875137,-3,
2017-03-24 10:32:54 INFO AddIdentifyResult: 26620,013001873106,12,
2017-03-24 10:33:00 INFO AddIdentifyResult: 26622,013001875137,0,ver/03/24/103429_013001875137.wav
2017-03-24 10:33:01 INFO AddIdentifyResult: 26620,013001873106,10,reg/013001873106_0324103334|reg/013001873106_0324103334|reg/013001873106_
2017-03-24 10:33:01 INFO UpdateUserState: 013001873106,1
2017-03-24 10:33:06 INFO AddIdentifyResult: 26623,013001873106,-1,
2017-03-24 10:33:09 INFO AddIdentifyResult: 26623,013001873106,-3,
2017-03-24 10:33:20 INFO AddIdentifyResult: 26623,013001873106,1,
2017-03-24 10:33:24 INFO AddIdentifyResult: 26624,013001873106,-1,
2017-03-24 10:33:28 INFO AddIdentifyResult: 26624,013001873106,-3,
2017-03-24 10:33:29 INFO AddIdentifyResult: 26621,013731241910,12,
2017-03-24 10:33:33 INFO AddIdentifyResult: 26625,015633728365,-1,
2017-03-24 10:33:35 INFO AddIdentifyResult: 26621,013731241910,10,reg/013731241910_0324103417|reg/013731241910_0324103417|reg/013731241910_
2017-03-24 10:33:36 INFO UpdateUserState: 013731241910,1
2017-03-24 10:33:38 INFO AddIdentifyResult: 26625,015633728365,-3,
2017-03-24 10:33:42 INFO AddIdentifyResult: 26626,013731241910,-1,
2017-03-24 10:33:49 INFO AddIdentifyResult: 26626,013731241910,-3,
2017-03-24 10:34:20 INFO AddIdentifyResult: 26624,013001873106,0,ver/03/24/103550_013001873106.wav
2017-03-24 10:34:22 INFO AddIdentifyResult: 26627,013001877803,-1,
2017-03-24 10:34:29 INFO AddIdentifyResult: 26627,013001877803,-3,
2017-03-24 10:34:39 INFO AddIdentifyResult: 26626,013731241910,0,ver/03/24/103609_013731241910.wav
2017-03-24 10:35:50 INFO AddIdentifyResult: 26628,013286583792,-1,
2017-03-24 10:35:53 INFO AddIdentifyResult: 26629,015633728365,-1,
2017-03-24 10:35:56 INFO AddIdentifyResult: 26628,013286583792,-3,
2017-03-24 10:35:59 INFO AddIdentifyResult: 26629,015633728365,-3,
2017-03-24 10:36:04 INFO AddIdentifyResult: 26629,015633728365,11,reg/015633728365_|reg/015633728365_|reg/015633728365_
2017-03-24 10:36:05 INFO AddIdentifyResult: 26625,015633728365,11,reg/015633728365_|reg/015633728365_|reg/015633728365_
2017-03-24 10:36:16 INFO AddIdentifyResult: 26627,013001877803,12,
2017-03-24 10:36:23 INFO AddIdentifyResult: 26627,013001877803,10,reg/013001877803_0324103650|reg/013001877803_0324103650|reg/013001877803_
2017-03-24 10:36:23 INFO UpdateUserState: 013001877803,1
2017-03-24 10:36:25 INFO AddIdentifyResult: 26630,013001877803,-1,
2017-03-24 10:36:27 INFO AddIdentifyResult: 26631,015633728365,-1,
2017-03-24 10:36:32 INFO AddIdentifyResult: 26630,013001877803,-3,
2017-03-24 10:36:53 INFO AddIdentifyResult: 26632,015633728365,-1,
2017-03-24 10:37:02 INFO AddIdentifyResult: 26632,015633728365,-3,
2017-03-24 10:37:23 INFO AddIdentifyResult: 26630,013001877803,0,ver/03/24/103853_013001877803.wav
2017-03-24 10:37:26 INFO AddIdentifyResult: 26628,013286583792,12,
2017-03-24 10:37:33 INFO AddIdentifyResult: 26628,013286583792,10,reg/013286583792_0324103817|reg/013286583792_0324103817|reg/013286583792_
2017-03-24 10:37:34 INFO UpdateUserState: 013286583792,1
2017-03-24 10:37:41 INFO AddIdentifyResult: 26633,013286583792,-1,
2017-03-24 10:37:44 INFO AddIdentifyResult: 26633,013286583792,-3,
2017-03-24 10:38:37 INFO AddIdentifyResult: 26633,013286583792,0,ver/03/24/104006_013286583792.wav
2017-03-24 10:39:11 INFO AddIdentifyResult: 26632,015633728365,12,
2017-03-24 10:39:18 INFO AddIdentifyResult: 26632,015633728365,10,reg/015633728365_0324104057|reg/015633728365_0324104057|reg/015633728365_0324103922
2017-03-24 10:39:18 INFO UpdateUserState: 015633728365,1
2017-03-24 10:39:42 INFO AddIdentifyResult: 26634,015633728365,-1,
2017-03-24 10:39:46 INFO AddIdentifyResult: 26635,013171676319,-1,
2017-03-24 10:39:48 INFO AddIdentifyResult: 26634,015633728365,-3,
2017-03-24 10:39:51 INFO AddIdentifyResult: 26636,013001872681,-1,
2017-03-24 10:40:02 INFO AddIdentifyResult: 26636,013001872681,-3,
2017-03-24 10:40:14 INFO AddIdentifyResult: 26637,015227043614,-1,
2017-03-24 10:40:19 INFO AddIdentifyResult: 26637,015227043614,-3,
2017-03-24 10:40:39 INFO AddIdentifyResult: 26634,015633728365,1,ver/03/24/104209_015633728365.wav
2017-03-24 10:40:42 INFO AddIdentifyResult: 26638,015512281559,-1,
2017-03-24 10:40:47 INFO AddIdentifyResult: 26638,015512281559,-3,
2017-03-24 10:41:11 INFO AddIdentifyResult: 26634,015633728365,2,
2017-03-24 10:41:23 INFO AddIdentifyResult: 26639,015633728365,-1,
2017-03-24 10:41:28 INFO AddIdentifyResult: 26639,015633728365,-3,
2017-03-24 10:41:31 INFO AddIdentifyResult: 26636,013001872681,12,
2017-03-24 10:41:38 INFO AddIdentifyResult: 26636,013001872681,10,reg/013001872681_0324104223|reg/013001872681_0324104223|reg/013001872681_
2017-03-24 10:41:38 INFO UpdateUserState: 013001872681,1
2017-03-24 10:41:45 INFO AddIdentifyResult: 26640,013001872681,-1,
2017-03-24 10:41:53 INFO AddIdentifyResult: 26640,013001872681,-3,
2017-03-24 10:42:15 INFO AddIdentifyResult: 26638,015512281559,12,
2017-03-24 10:42:20 INFO AddIdentifyResult: 26639,015633728365,1,ver/03/24/104350_015633728365.wav
2017-03-24 10:42:23 INFO AddIdentifyResult: 26638,015512281559,10,reg/015512281559_0324104308|reg/015512281559_0324104308|reg/015512281559_
2017-03-24 10:42:23 INFO UpdateUserState: 015512281559,1
2017-03-24 10:42:27 INFO AddIdentifyResult: 26641,015512281559,-1,
2017-03-24 10:42:33 INFO AddIdentifyResult: 26641,015512281559,-3,
2017-03-24 10:42:41 INFO AddIdentifyResult: 26642,013171676319,-1,
2017-03-24 10:42:45 INFO AddIdentifyResult: 26640,013001872681,0,ver/03/24/104414_013001872681.wav
2017-03-24 10:42:46 INFO AddIdentifyResult: 26642,013171676319,-3,
2017-03-24 10:42:49 INFO AddIdentifyResult: 26643,015633728365,-1,
2017-03-24 10:42:56 INFO AddIdentifyResult: 26643,015633728365,-3,
2017-03-24 10:43:25 INFO AddIdentifyResult: 26641,015512281559,0,ver/03/24/104454_015512281559.wav
2017-03-24 10:43:46 INFO AddIdentifyResult: 26644,015028234487,-1,
2017-03-24 10:43:48 INFO AddIdentifyResult: 26643,015633728365,1,ver/03/24/104517_015633728365.wav
2017-03-24 10:43:54 INFO AddIdentifyResult: 26644,015028234487,-3,
2017-03-24 10:44:33 INFO AddIdentifyResult: 26642,013171676319,12,
2017-03-24 10:44:37 INFO AddIdentifyResult: 26637,015227043614,11,reg/015227043614_|reg/015227043614_|reg/015227043614_
2017-03-24 10:44:41 INFO AddIdentifyResult: 26642,013171676319,10,reg/013171676319_0324104507|reg/013171676319_0324104507|reg/013171676319_
2017-03-24 10:44:41 INFO UpdateUserState: 013171676319,1
2017-03-24 10:44:44 INFO AddIdentifyResult: 26643,015633728365,2,ver/03/24/104611_015633728365.wav
2017-03-24 10:44:45 INFO AddIdentifyResult: 26645,013001877156,-1,
2017-03-24 10:44:51 INFO AddIdentifyResult: 26645,013001877156,-3,
2017-03-24 10:44:57 INFO AddIdentifyResult: 26646,013171676319,-1,
2017-03-24 10:45:06 INFO AddIdentifyResult: 26646,013171676319,-3,
2017-03-24 10:45:33 INFO AddIdentifyResult: 26647,015633728365,-1,
2017-03-24 10:45:33 INFO AddIdentifyResult: 26644,015028234487,12,
2017-03-24 10:45:37 INFO AddIdentifyResult: 26647,015633728365,-3,
2017-03-24 10:45:40 INFO AddIdentifyResult: 26644,015028234487,10,reg/015028234487_0324104615|reg/015028234487_0324104615|reg/015028234487_
2017-03-24 10:45:40 INFO UpdateUserState: 015028234487,1
2017-03-24 10:45:44 INFO AddIdentifyResult: 26648,015028234487,-1,
2017-03-24 10:45:54 INFO AddIdentifyResult: 26649,015512231500,-1,
2017-03-24 10:45:54 INFO AddIdentifyResult: 26648,015028234487,-3,
2017-03-24 10:45:57 INFO AddIdentifyResult: 26646,013171676319,0,ver/03/24/104727_013171676319.wav
2017-03-24 10:45:58 INFO AddIdentifyResult: 26649,015512231500,-3,
2017-03-24 10:46:20 INFO AddIdentifyResult: 26645,013001877156,12,
2017-03-24 10:46:27 INFO AddIdentifyResult: 26645,013001877156,10,reg/013001877156_0324104712|reg/013001877156_0324104712|reg/013001877156_
2017-03-24 10:46:27 INFO UpdateUserState: 013001877156,1
2017-03-24 10:46:29 INFO AddIdentifyResult: 26650,013001877156,-1,
2017-03-24 10:46:33 INFO AddIdentifyResult: 26650,013001877156,-3,
2017-03-24 10:46:42 INFO AddIdentifyResult: 26651,015831237638,-1,
2017-03-24 10:46:46 INFO AddIdentifyResult: 26648,015028234487,0,ver/03/24/104815_015028234487.wav
2017-03-24 10:46:49 INFO AddIdentifyResult: 26651,015831237638,-3,
2017-03-24 10:47:16 INFO AddIdentifyResult: 26647,015633728365,12,
2017-03-24 10:47:23 INFO AddIdentifyResult: 26647,015633728365,10,reg/015633728365_0324104758|reg/015633728365_0324104758|reg/015633728365_
2017-03-24 10:47:23 INFO UpdateUserState: 015633728365,1
2017-03-24 10:47:25 INFO AddIdentifyResult: 26650,013001877156,0,ver/03/24/104854_013001877156.wav
2017-03-24 10:47:30 INFO AddIdentifyResult: 26652,015633728365,-1,
2017-03-24 10:47:35 INFO AddIdentifyResult: 26652,015633728365,-3,
2017-03-24 10:47:55 INFO AddIdentifyResult: 26649,015512231500,12,
2017-03-24 10:48:04 INFO AddIdentifyResult: 26649,015512231500,10,reg/015512231500_0324104819|reg/015512231500_0324104819|reg/015512231500_
2017-03-24 10:48:04 INFO UpdateUserState: 015512231500,1
2017-03-24 10:48:08 INFO AddIdentifyResult: 26653,015512231500,-1,
2017-03-24 10:48:09 INFO AddIdentifyResult: 26654,015227043614,-1,
2017-03-24 10:48:11 INFO AddIdentifyResult: 26653,015512231500,-3,
2017-03-24 10:48:15 INFO AddIdentifyResult: 26654,015227043614,-3,
2017-03-24 10:48:26 INFO AddIdentifyResult: 26651,015831237638,12,
2017-03-24 10:48:26 INFO AddIdentifyResult: 26652,015633728365,0,ver/03/24/104956_015633728365.wav
2017-03-24 10:48:34 INFO AddIdentifyResult: 26651,015831237638,10,reg/015831237638_0324104910|reg/015831237638_0324104910|reg/015831237638_
2017-03-24 10:48:34 INFO UpdateUserState: 015831237638,1
2017-03-24 10:48:49 INFO AddIdentifyResult: 26655,015831237638,-1,
2017-03-24 10:48:54 INFO AddIdentifyResult: 26655,015831237638,-3,
2017-03-24 10:49:03 INFO AddIdentifyResult: 26653,015512231500,0,ver/03/24/105032_015512231500.wav
2017-03-24 10:49:15 INFO AddIdentifyResult: 26656,013001879597,-1,
2017-03-24 10:49:22 INFO AddIdentifyResult: 26656,013001879597,-3,
2017-03-24 10:49:45 INFO AddIdentifyResult: 26654,015227043614,12,
2017-03-24 10:49:47 INFO AddIdentifyResult: 26655,015831237638,0,ver/03/24/105116_015831237638.wav
2017-03-24 10:49:52 INFO AddIdentifyResult: 26654,015227043614,10,reg/015227043614_0324105036|reg/015227043614_0324105036|reg/015227043614_
2017-03-24 10:49:52 INFO UpdateUserState: 015227043614,1
2017-03-24 10:49:55 INFO AddIdentifyResult: 26657,015227043614,-1,
2017-03-24 10:49:59 INFO AddIdentifyResult: 26657,015227043614,-3,
2017-03-24 10:50:52 INFO AddIdentifyResult: 26657,015227043614,0,ver/03/24/105221_015227043614.wav
2017-03-24 10:50:58 INFO AddIdentifyResult: 26658,015632246469,-1,
2017-03-24 10:50:58 INFO AddIdentifyResult: 26659,013400441195,-1,
2017-03-24 10:51:01 INFO AddIdentifyResult: 26658,015632246469,-3,
2017-03-24 10:51:05 INFO AddIdentifyResult: 26659,013400441195,-3,
2017-03-24 10:51:23 INFO AddIdentifyResult: 26656,013001879597,12,
2017-03-24 10:51:31 INFO AddIdentifyResult: 26660,013001879597,-4,2
2017-03-24 10:51:32 INFO AddIdentifyResult: 26656,013001879597,10,reg/013001879597_0324105143|reg/013001879597_0324105143|reg/013001879597_
2017-03-24 10:51:32 INFO UpdateUserState: 013001879597,1
2017-03-24 10:51:42 INFO AddIdentifyResult: 26661,013001879597,-1,
2017-03-24 10:51:49 INFO AddIdentifyResult: 26661,013001879597,-3,
2017-03-24 10:52:36 INFO AddIdentifyResult: 26658,015632246469,12,
2017-03-24 10:52:42 INFO AddIdentifyResult: 26661,013001879597,0,ver/03/24/105411_013001879597.wav
2017-03-24 10:52:44 INFO AddIdentifyResult: 26658,015632246469,10,reg/015632246469_0324105322|reg/015632246469_0324105322|reg/015632246469_
2017-03-24 10:52:44 INFO UpdateUserState: 015632246469,1
2017-03-24 10:52:51 INFO AddIdentifyResult: 26662,015632246469,-1,
2017-03-24 10:52:56 INFO AddIdentifyResult: 26662,015632246469,-3,
2017-03-24 10:53:03 INFO AddIdentifyResult: 26663,015033122175,-1,
2017-03-24 10:53:09 INFO AddIdentifyResult: 26663,015033122175,-3,
2017-03-24 10:53:48 INFO AddIdentifyResult: 26662,015632246469,0,ver/03/24/105517_015632246469.wav
2017-03-24 10:54:21 INFO AddIdentifyResult: 26659,013400441195,12,
2017-03-24 10:54:26 INFO AddIdentifyResult: 26664,013001877931,-1,
2017-03-24 10:54:28 INFO AddIdentifyResult: 26659,013400441195,10,reg/013400441195_0324105614|reg/013400441195_0324105614|reg/013400441195_0324105326
2017-03-24 10:54:28 INFO UpdateUserState: 013400441195,1
2017-03-24 10:54:31 INFO AddIdentifyResult: 26664,013001877931,-3,
2017-03-24 10:54:34 INFO AddIdentifyResult: 26665,013013253261,-1,
2017-03-24 10:54:42 INFO AddIdentifyResult: 26666,013400441195,-1,
2017-03-24 10:54:47 INFO AddIdentifyResult: 26666,013400441195,-3,
2017-03-24 10:54:54 INFO AddIdentifyResult: 26663,015033122175,12,
2017-03-24 10:55:00 INFO AddIdentifyResult: 26667,015033122175,-4,2
2017-03-24 10:55:01 INFO AddIdentifyResult: 26663,015033122175,10,reg/015033122175_0324105530|reg/015033122175_0324105530|reg/015033122175_
2017-03-24 10:55:02 INFO UpdateUserState: 015033122175,1
2017-03-24 10:55:11 INFO AddIdentifyResult: 26668,015033122175,-1,
2017-03-24 10:55:15 INFO AddIdentifyResult: 26669,015831209118,-1,
2017-03-24 10:55:19 INFO AddIdentifyResult: 26668,015033122175,-3,
2017-03-24 10:55:27 INFO AddIdentifyResult: 26670,013531128078,-1,
2017-03-24 10:55:30 INFO AddIdentifyResult: 26669,015831209118,-3,
2017-03-24 10:55:39 INFO AddIdentifyResult: 26666,013400441195,0,ver/03/24/105709_013400441195.wav
2017-03-24 10:55:40 INFO AddIdentifyResult: 26670,013531128078,-3,
2017-03-24 10:55:47 INFO AddIdentifyResult: 26670,013531128078,11,reg/013531128078_|reg/013531128078_|reg/013531128078_
2017-03-24 10:56:11 INFO AddIdentifyResult: 26668,015033122175,0,ver/03/24/105740_015033122175.wav
2017-03-24 10:56:34 INFO AddIdentifyResult: 26671,013513128078,-1,
2017-03-24 10:56:45 INFO AddIdentifyResult: 26671,013513128078,-3,
2017-03-24 10:56:52 INFO AddIdentifyResult: 26672,015614434156,-1,
2017-03-24 10:56:56 INFO AddIdentifyResult: 26664,013001877931,12,
2017-03-24 10:56:57 INFO AddIdentifyResult: 26672,015614434156,-3,
2017-03-24 10:57:05 INFO AddIdentifyResult: 26673,013001877931,-4,2
2017-03-24 10:57:06 INFO AddIdentifyResult: 26664,013001877931,10,reg/013001877931_0324105652|reg/013001877931_0324105652|reg/013001877931_
2017-03-24 10:57:06 INFO UpdateUserState: 013001877931,1
2017-03-24 10:57:16 INFO AddIdentifyResult: 26674,013001877931,-1,
2017-03-24 10:57:21 INFO AddIdentifyResult: 26675,013001870389,-1,
2017-03-24 10:57:21 INFO AddIdentifyResult: 26674,013001877931,-3,
2017-03-24 10:57:43 INFO AddIdentifyResult: 26669,015831209118,12,
2017-03-24 10:57:44 INFO AddIdentifyResult: 26676,015031243706,-1,
2017-03-24 10:57:50 INFO AddIdentifyResult: 26669,015831209118,10,reg/015831209118_0324105751|reg/015831209118_0324105751|reg/015831209118_
2017-03-24 10:57:50 INFO UpdateUserState: 015831209118,1
2017-03-24 10:58:03 INFO AddIdentifyResult: 26677,013001877931,-1,
2017-03-24 10:58:11 INFO AddIdentifyResult: 26678,015831209118,-1,
2017-03-24 10:58:14 INFO AddIdentifyResult: 26674,013001877931,0,ver/03/24/105943_013001877931.wav
2017-03-24 10:58:17 INFO AddIdentifyResult: 26671,013513128078,12,
2017-03-24 10:58:18 INFO AddIdentifyResult: 26678,015831209118,-3,
2017-03-24 10:58:21 INFO AddIdentifyResult: 26672,015614434156,12,
2017-03-24 10:58:23 INFO AddIdentifyResult: 26671,013513128078,10,reg/013513128078_0324105906|reg/013513128078_0324105906|reg/013513128078_
2017-03-24 10:58:24 INFO UpdateUserState: 013513128078,1
2017-03-24 10:58:27 INFO AddIdentifyResult: 26679,015614434156,-4,2
2017-03-24 10:58:30 INFO AddIdentifyResult: 26680,015614434156,-4,2
2017-03-24 10:58:31 INFO AddIdentifyResult: 26672,015614434156,10,reg/015614434156_0324105918|reg/015614434156_0324105918|reg/015614434156_
2017-03-24 10:58:31 INFO UpdateUserState: 015614434156,1
2017-03-24 10:58:39 INFO AddIdentifyResult: 26681,013513128078,-1,
2017-03-24 10:58:43 INFO AddIdentifyResult: 26682,015614434156,-1,
2017-03-24 10:58:44 INFO AddIdentifyResult: 26681,013513128078,-3,
2017-03-24 10:58:48 INFO AddIdentifyResult: 26682,015614434156,-3,
2017-03-24 10:59:10 INFO AddIdentifyResult: 26678,015831209118,0,ver/03/24/110040_015831209118.wav
2017-03-24 10:59:37 INFO AddIdentifyResult: 26681,013513128078,0,ver/03/24/110106_013513128078.wav
2017-03-24 10:59:41 INFO AddIdentifyResult: 26682,015614434156,0,ver/03/24/110110_015614434156.wav
2017-03-24 10:59:48 INFO AddIdentifyResult: 26683,013013253261,-1,
2017-03-24 10:59:48 INFO AddIdentifyResult: 26684,015031243706,-1,
2017-03-24 10:59:52 INFO AddIdentifyResult: 26683,013013253261,-3,
2017-03-24 10:59:55 INFO AddIdentifyResult: 26684,015031243706,-3,
2017-03-24 10:59:59 INFO AddIdentifyResult: 26685,013012919859,-1,
2017-03-24 10:59:59 INFO AddIdentifyResult: 26686,013001870389,-1,
2017-03-24 11:00:05 INFO AddIdentifyResult: 26685,013012919859,-3,
2017-03-24 11:00:13 INFO AddIdentifyResult: 26686,013001870389,-3,
2017-03-24 11:00:35 INFO AddIdentifyResult: 26686,013001870389,11,reg/013001870389_|reg/013001870389_|reg/013001870389_
2017-03-24 11:00:53 INFO AddIdentifyResult: 26687,013001875690,-1,
2017-03-24 11:01:13 INFO AddIdentifyResult: 26688,015831246516,-1,
2017-03-24 11:01:13 INFO AddIdentifyResult: 26689,013171689710,-1,
2017-03-24 11:01:14 INFO AddIdentifyResult: 26690,015027833407,-1,
2017-03-24 11:01:19 INFO AddIdentifyResult: 26689,013171689710,-3,
2017-03-24 11:01:20 INFO AddIdentifyResult: 26688,015831246516,-3,
2017-03-24 11:01:20 INFO AddIdentifyResult: 26690,015027833407,-3,
2017-03-24 11:01:29 INFO AddIdentifyResult: 26683,013013253261,12,
2017-03-24 11:01:37 INFO AddIdentifyResult: 26683,013013253261,10,reg/013013253261_0324110213|reg/013013253261_0324110213|reg/013013253261_
2017-03-24 11:01:37 INFO UpdateUserState: 013013253261,1
2017-03-24 11:01:51 INFO AddIdentifyResult: 26691,013013253261,-1,
2017-03-24 11:01:56 INFO AddIdentifyResult: 26691,013013253261,-3,
2017-03-24 11:02:19 INFO AddIdentifyResult: 26685,013012919859,12,
2017-03-24 11:02:20 INFO AddIdentifyResult: 26684,015031243706,12,
2017-03-24 11:02:26 INFO AddIdentifyResult: 26685,013012919859,10,reg/013012919859_0324110226|reg/013012919859_0324110226|reg/013012919859_
2017-03-24 11:02:27 INFO UpdateUserState: 013012919859,1
2017-03-24 11:02:30 INFO AddIdentifyResult: 26692,015031243706,-4,2
2017-03-24 11:02:34 INFO AddIdentifyResult: 26684,015031243706,10,reg/015031243706_0324110216|reg/015031243706_0324110216|reg/015031243706_
2017-03-24 11:02:34 INFO UpdateUserState: 015031243706,1
2017-03-24 11:02:49 INFO AddIdentifyResult: 26691,013013253261,0,ver/03/24/110418_013013253261.wav
2017-03-24 11:02:53 INFO AddIdentifyResult: 26689,013171689710,12,
2017-03-24 11:02:56 INFO AddIdentifyResult: 26693,015031243706,-1,
2017-03-24 11:02:59 INFO AddIdentifyResult: 26689,013171689710,10,reg/013171689710_0324110340|reg/013171689710_0324110340|reg/013171689710_
2017-03-24 11:02:59 INFO UpdateUserState: 013171689710,1
2017-03-24 11:02:59 INFO AddIdentifyResult: 26694,013001870389,-1,
2017-03-24 11:03:00 INFO AddIdentifyResult: 26690,015027833407,12,
2017-03-24 11:03:03 INFO AddIdentifyResult: 26693,015031243706,-3,
2017-03-24 11:03:06 INFO AddIdentifyResult: 26695,013171689710,-1,
2017-03-24 11:03:08 INFO AddIdentifyResult: 26690,015027833407,10,reg/015027833407_0324110341|reg/015027833407_0324110341|reg/015027833407_
2017-03-24 11:03:08 INFO UpdateUserState: 015027833407,1
2017-03-24 11:03:11 INFO AddIdentifyResult: 26695,013171689710,-3,
2017-03-24 11:03:11 INFO AddIdentifyResult: 26688,015831246516,12,
2017-03-24 11:03:13 INFO AddIdentifyResult: 26696,015027833407,-1,
2017-03-24 11:03:19 INFO AddIdentifyResult: 26696,015027833407,-3,
2017-03-24 11:03:19 INFO AddIdentifyResult: 26688,015831246516,10,reg/015831246516_0324110341|reg/015831246516_0324110341|reg/015831246516_
2017-03-24 11:03:19 INFO UpdateUserState: 015831246516,1
2017-03-24 11:03:21 INFO AddIdentifyResult: 26697,015831246516,-1,
2017-03-24 11:03:27 INFO AddIdentifyResult: 26697,015831246516,-3,
2017-03-24 11:03:54 INFO AddIdentifyResult: 26693,015031243706,0,ver/03/24/110524_015031243706.wav
2017-03-24 11:04:02 INFO AddIdentifyResult: 26695,013171689710,0,ver/03/24/110532_013171689710.wav
2017-03-24 11:04:11 INFO AddIdentifyResult: 26696,015027833407,0,ver/03/24/110540_015027833407.wav
2017-03-24 11:04:20 INFO AddIdentifyResult: 26697,015831246516,0,ver/03/24/110549_015831246516.wav
2017-03-24 11:04:22 INFO AddIdentifyResult: 26698,013001875690,-1,
2017-03-24 11:04:29 INFO AddIdentifyResult: 26699,013562288523,-1,
2017-03-24 11:04:30 INFO AddIdentifyResult: 26698,013001875690,-3,
2017-03-24 11:04:31 INFO AddIdentifyResult: 26700,015613277132,-1,
2017-03-24 11:04:31 INFO AddIdentifyResult: 26701,013001877596,-1,
2017-03-24 11:04:37 INFO AddIdentifyResult: 26701,013001877596,-3,
2017-03-24 11:04:42 INFO AddIdentifyResult: 26699,013562288523,-3,
2017-03-24 11:05:25 INFO AddIdentifyResult: 26702,013780242540,-1,
2017-03-24 11:05:34 INFO AddIdentifyResult: 26703,015613277132,-1,
2017-03-24 11:05:37 INFO AddIdentifyResult: 26704,015633756055,-1,
2017-03-24 11:05:40 INFO AddIdentifyResult: 26703,015613277132,-3,
2017-03-24 11:05:42 INFO AddIdentifyResult: 26705,013780242540,-1,
2017-03-24 11:05:43 INFO AddIdentifyResult: 26704,015633756055,-3,
2017-03-24 11:05:48 INFO AddIdentifyResult: 26705,013780242540,-3,
2017-03-24 11:06:05 INFO AddIdentifyResult: 26698,013001875690,12,
2017-03-24 11:06:12 INFO AddIdentifyResult: 26698,013001875690,10,reg/013001875690_0324110651|reg/013001875690_0324110651|reg/013001875690_
2017-03-24 11:06:12 INFO UpdateUserState: 013001875690,1
2017-03-24 11:06:17 INFO AddIdentifyResult: 26706,013001875690,-1,
2017-03-24 11:06:19 INFO AddIdentifyResult: 26701,013001877596,12,
2017-03-24 11:06:25 INFO AddIdentifyResult: 26707,013001876576,-1,
2017-03-24 11:06:25 INFO AddIdentifyResult: 26706,013001875690,-3,
2017-03-24 11:06:26 INFO AddIdentifyResult: 26701,013001877596,10,reg/013001877596_0324110658|reg/013001877596_0324110658|reg/013001877596_
2017-03-24 11:06:26 INFO UpdateUserState: 013001877596,1
2017-03-24 11:06:31 INFO AddIdentifyResult: 26707,013001876576,-3,
2017-03-24 11:06:33 INFO AddIdentifyResult: 26708,013001877596,-1,
2017-03-24 11:06:37 INFO AddIdentifyResult: 26708,013001877596,-3,
2017-03-24 11:06:52 INFO AddIdentifyResult: 26699,013562288523,12,
2017-03-24 11:06:59 INFO AddIdentifyResult: 26699,013562288523,10,reg/013562288523_0324110703|reg/013562288523_0324110703|reg/013562288523_
2017-03-24 11:07:00 INFO UpdateUserState: 013562288523,1
2017-03-24 11:07:09 INFO AddIdentifyResult: 26704,015633756055,12,
2017-03-24 11:07:12 INFO AddIdentifyResult: 26703,015613277132,12,
2017-03-24 11:07:17 INFO AddIdentifyResult: 26704,015633756055,10,reg/015633756055_0324110804|reg/015633756055_0324110804|reg/015633756055_
2017-03-24 11:07:17 INFO UpdateUserState: 015633756055,1
2017-03-24 11:07:18 INFO AddIdentifyResult: 26706,013001875690,0,ver/03/24/110847_013001875690.wav
2017-03-24 11:07:20 INFO AddIdentifyResult: 26705,013780242540,12,
2017-03-24 11:07:21 INFO AddIdentifyResult: 26709,015633756055,-1,
2017-03-24 11:07:24 INFO AddIdentifyResult: 26703,015613277132,10,reg/015613277132_0324110801|reg/015613277132_0324110801|reg/015613277132_
2017-03-24 11:07:25 INFO UpdateUserState: 015613277132,1
2017-03-24 11:07:26 INFO AddIdentifyResult: 26709,015633756055,-3,
2017-03-24 11:07:29 INFO AddIdentifyResult: 26708,013001877596,0,ver/03/24/110858_013001877596.wav
2017-03-24 11:07:32 INFO AddIdentifyResult: 26705,013780242540,10,reg/013780242540_0324110809|reg/013780242540_0324110809|reg/013780242540_
2017-03-24 11:07:32 INFO UpdateUserState: 013780242540,1
2017-03-24 11:07:37 INFO AddIdentifyResult: 26710,013780242540,-1,
2017-03-24 11:07:43 INFO AddIdentifyResult: 26710,013780242540,-3,
2017-03-24 11:07:56 INFO AddIdentifyResult: 26711,015613277132,-1,
2017-03-24 11:08:02 INFO AddIdentifyResult: 26711,015613277132,-3,
2017-03-24 11:08:13 INFO AddIdentifyResult: 26707,013001876576,12,
2017-03-24 11:08:19 INFO AddIdentifyResult: 26709,015633756055,0,ver/03/24/110948_015633756055.wav
2017-03-24 11:08:19 INFO AddIdentifyResult: 26707,013001876576,10,reg/013001876576_0324110852|reg/013001876576_0324110852|reg/013001876576_
2017-03-24 11:08:20 INFO UpdateUserState: 013001876576,1
2017-03-24 11:08:25 INFO AddIdentifyResult: 26712,013001876576,-1,
2017-03-24 11:08:31 INFO AddIdentifyResult: 26712,013001876576,-3,
2017-03-24 11:08:36 INFO AddIdentifyResult: 26710,013780242540,0,ver/03/24/111005_013780242540.wav
2017-03-24 11:08:54 INFO AddIdentifyResult: 26711,015613277132,0,ver/03/24/111023_015613277132.wav
2017-03-24 11:09:23 INFO AddIdentifyResult: 26713,013001870389,-1,
2017-03-24 11:09:23 INFO AddIdentifyResult: 26712,013001876576,0,ver/03/24/111053_013001876576.wav
2017-03-24 11:09:29 INFO AddIdentifyResult: 26713,013001870389,-3,
2017-03-24 11:09:51 INFO AddIdentifyResult: 26714,013231276320,-1,
2017-03-24 11:09:58 INFO AddIdentifyResult: 26714,013231276320,-3,
2017-03-24 11:10:06 INFO AddIdentifyResult: 26715,013001878917,-1,
2017-03-24 11:10:11 INFO AddIdentifyResult: 26715,013001878917,-3,
2017-03-24 11:10:22 INFO AddIdentifyResult: 26716,015533239920,-1,
2017-03-24 11:10:29 INFO AddIdentifyResult: 26716,015533239920,-3,
2017-03-24 11:11:15 INFO AddIdentifyResult: 26713,013001870389,12,
2017-03-24 11:11:22 INFO AddIdentifyResult: 26713,013001870389,10,reg/013001870389_0324111150|reg/013001870389_0324111150|reg/013001870389_
2017-03-24 11:11:22 INFO UpdateUserState: 013001870389,1
2017-03-24 11:11:25 INFO AddIdentifyResult: 26717,013001870389,-1,
2017-03-24 11:11:32 INFO AddIdentifyResult: 26717,013001870389,-3,
2017-03-24 11:11:32 INFO AddIdentifyResult: 26714,013231276320,12,
2017-03-24 11:11:40 INFO AddIdentifyResult: 26714,013231276320,10,reg/013231276320_0324111219|reg/013231276320_0324111219|reg/013231276320_
2017-03-24 11:11:40 INFO UpdateUserState: 013231276320,1
2017-03-24 11:11:42 INFO AddIdentifyResult: 26718,013231276320,-1,
2017-03-24 11:11:46 INFO AddIdentifyResult: 26718,013231276320,-3,
2017-03-24 11:11:58 INFO AddIdentifyResult: 26715,013001878917,12,
2017-03-24 11:12:00 INFO AddIdentifyResult: 26716,015533239920,12,
2017-03-24 11:12:06 INFO AddIdentifyResult: 26715,013001878917,10,reg/013001878917_0324111232|reg/013001878917_0324111232|reg/013001878917_
2017-03-24 11:12:06 INFO UpdateUserState: 013001878917,1
2017-03-24 11:12:08 INFO AddIdentifyResult: 26719,013001878917,-1,
2017-03-24 11:12:13 INFO AddIdentifyResult: 26716,015533239920,10,reg/015533239920_0324111250|reg/015533239920_0324111250|reg/015533239920_
2017-03-24 11:12:13 INFO UpdateUserState: 015533239920,1
2017-03-24 11:12:13 INFO AddIdentifyResult: 26719,013001878917,-3,
2017-03-24 11:12:15 INFO AddIdentifyResult: 26720,015533239920,-1,
2017-03-24 11:12:19 INFO AddIdentifyResult: 26720,015533239920,-3,
2017-03-24 11:12:23 INFO AddIdentifyResult: 26717,013001870389,0,ver/03/24/111353_013001870389.wav
2017-03-24 11:12:38 INFO AddIdentifyResult: 26718,013231276320,0,ver/03/24/111407_013231276320.wav
2017-03-24 11:12:47 INFO AddIdentifyResult: 26721,015613201328,-1,
2017-03-24 11:12:57 INFO AddIdentifyResult: 26721,015613201328,-3,
2017-03-24 11:13:05 INFO AddIdentifyResult: 26719,013001878917,0,ver/03/24/111434_013001878917.wav
2017-03-24 11:13:12 INFO AddIdentifyResult: 26720,015533239920,0,ver/03/24/111441_015533239920.wav
2017-03-24 11:14:22 INFO AddIdentifyResult: 26721,015613201328,12,
2017-03-24 11:14:28 INFO AddIdentifyResult: 26721,015613201328,10,reg/015613201328_0324111518|reg/015613201328_0324111518|reg/015613201328_
2017-03-24 11:14:29 INFO UpdateUserState: 015613201328,1
2017-03-24 11:14:32 INFO AddIdentifyResult: 26722,013864717982,-1,
2017-03-24 11:14:40 INFO AddIdentifyResult: 26723,015613201328,-1,
2017-03-24 11:14:45 INFO AddIdentifyResult: 26722,013864717982,-3,
2017-03-24 11:14:54 INFO AddIdentifyResult: 26724,015100495973,-1,
2017-03-24 11:14:54 INFO AddIdentifyResult: 26725,013080226127,-1,
2017-03-24 11:14:55 INFO AddIdentifyResult: 26726,013483772080,-1,
2017-03-24 11:15:00 INFO AddIdentifyResult: 26726,013483772080,-3,
2017-03-24 11:15:04 INFO AddIdentifyResult: 26727,015613201328,-1,
2017-03-24 11:15:05 INFO AddIdentifyResult: 26724,015100495973,-3,
2017-03-24 11:15:06 INFO AddIdentifyResult: 26728,013080226127,-1,
2017-03-24 11:15:12 INFO AddIdentifyResult: 26727,015613201328,-3,
2017-03-24 11:15:24 INFO AddIdentifyResult: 26729,013080226127,-1,
2017-03-24 11:15:42 INFO AddIdentifyResult: 26730,013080226127,-1,
2017-03-24 11:16:04 INFO AddIdentifyResult: 26727,015613201328,0,ver/03/24/111733_015613201328.wav
2017-03-24 11:16:06 INFO AddIdentifyResult: 26731,013080226127,-1,
2017-03-24 11:16:34 INFO AddIdentifyResult: 26726,013483772080,12,
2017-03-24 11:16:41 INFO AddIdentifyResult: 26726,013483772080,10,reg/013483772080_0324111721|reg/013483772080_0324111721|reg/013483772080_
2017-03-24 11:16:41 INFO UpdateUserState: 013483772080,1
2017-03-24 11:16:54 INFO AddIdentifyResult: 26732,013483772080,-1,
2017-03-24 11:16:56 INFO AddIdentifyResult: 26733,013080226127,-1,
2017-03-24 11:16:58 INFO AddIdentifyResult: 26724,015100495973,12,
2017-03-24 11:17:00 INFO AddIdentifyResult: 26732,013483772080,-3,
2017-03-24 11:17:06 INFO AddIdentifyResult: 26724,015100495973,10,reg/015100495973_0324111726|reg/015100495973_0324111726|reg/015100495973_
2017-03-24 11:17:06 INFO UpdateUserState: 015100495973,1
2017-03-24 11:17:12 INFO AddIdentifyResult: 26734,015100495973,-1,
2017-03-24 11:17:16 INFO AddIdentifyResult: 26735,013080226127,-1,
2017-03-24 11:17:16 INFO AddIdentifyResult: 26722,013864717982,12,
2017-03-24 11:17:20 INFO AddIdentifyResult: 26734,015100495973,-3,
2017-03-24 11:17:23 INFO AddIdentifyResult: 26722,013864717982,10,reg/013864717982_0324111714|reg/013864717982_0324111714|reg/013864717982_0324111706
2017-03-24 11:17:24 INFO UpdateUserState: 013864717982,1
2017-03-24 11:17:51 INFO AddIdentifyResult: 26732,013483772080,0,ver/03/24/111921_013483772080.wav
2017-03-24 11:18:04 INFO AddIdentifyResult: 26736,013080226127,-1,
2017-03-24 11:18:06 INFO AddIdentifyResult: 26737,013013563723,-1,
2017-03-24 11:18:12 INFO AddIdentifyResult: 26734,015100495973,0,ver/03/24/111941_015100495973.wav
2017-03-24 11:18:19 INFO AddIdentifyResult: 26737,013013563723,-3,
2017-03-24 11:18:20 INFO AddIdentifyResult: 26738,013483292862,-1,
2017-03-24 11:18:28 INFO AddIdentifyResult: 26738,013483292862,-3,
2017-03-24 11:18:53 INFO AddIdentifyResult: 26739,013001878139,-1,
2017-03-24 11:18:57 INFO AddIdentifyResult: 26739,013001878139,-3,
2017-03-24 11:19:13 INFO AddIdentifyResult: 26739,013001878139,11,reg/013001878139_|reg/013001878139_|reg/013001878139_
2017-03-24 11:19:24 INFO AddIdentifyResult: 26740,013001877857,-1,
2017-03-24 11:19:31 INFO AddIdentifyResult: 26740,013001877857,-3,
2017-03-24 11:19:33 INFO AddIdentifyResult: 26741,013001878139,-1,
2017-03-24 11:19:38 INFO AddIdentifyResult: 26741,013001878139,-3,
2017-03-24 11:19:57 INFO AddIdentifyResult: 26742,015633205069,-1,
2017-03-24 11:20:03 INFO AddIdentifyResult: 26737,013013563723,12,
2017-03-24 11:20:10 INFO AddIdentifyResult: 26741,013001878139,11,reg/013001878139_|reg/013001878139_|reg/013001878139_
2017-03-24 11:20:11 INFO AddIdentifyResult: 26737,013013563723,10,reg/013013563723_0324112040|reg/013013563723_0324112040|reg/013013563723_
2017-03-24 11:20:11 INFO UpdateUserState: 013013563723,1
2017-03-24 11:20:33 INFO AddIdentifyResult: 26738,013483292862,12,
2017-03-24 11:20:35 INFO AddIdentifyResult: 26743,013001878139,-1,
2017-03-24 11:20:41 INFO AddIdentifyResult: 26738,013483292862,10,reg/013483292862_0324112209|reg/013483292862_0324112209|reg/013483292862_0324112049
2017-03-24 11:20:41 INFO UpdateUserState: 013483292862,1
2017-03-24 11:20:41 INFO AddIdentifyResult: 26743,013001878139,-3,
2017-03-24 11:20:51 INFO AddIdentifyResult: 26744,013483292862,-1,
2017-03-24 11:20:57 INFO AddIdentifyResult: 26744,013483292862,-3,
2017-03-24 11:21:01 INFO AddIdentifyResult: 26745,013013563723,-1,
2017-03-24 11:21:11 INFO AddIdentifyResult: 26740,013001877857,12,
2017-03-24 11:21:15 INFO AddIdentifyResult: 26745,013013563723,-3,
2017-03-24 11:21:18 INFO AddIdentifyResult: 26740,013001877857,10,reg/013001877857_0324112153|reg/013001877857_0324112153|reg/013001877857_
2017-03-24 11:21:18 INFO UpdateUserState: 013001877857,1
2017-03-24 11:21:21 INFO AddIdentifyResult: 26746,013001877857,-1,
2017-03-24 11:21:26 INFO AddIdentifyResult: 26747,015633205069,-1,
2017-03-24 11:21:30 INFO AddIdentifyResult: 26746,013001877857,-3,
2017-03-24 11:21:49 INFO AddIdentifyResult: 26744,013483292862,0,ver/03/24/112318_013483292862.wav
2017-03-24 11:21:58 INFO AddIdentifyResult: 26748,013080226127,-1,
2017-03-24 11:22:07 INFO AddIdentifyResult: 26745,013013563723,0,ver/03/24/112336_013013563723.wav
2017-03-24 11:22:17 INFO AddIdentifyResult: 26749,015633205069,-1,
2017-03-24 11:22:22 INFO AddIdentifyResult: 26749,015633205069,-3,
2017-03-24 11:22:23 INFO AddIdentifyResult: 26746,013001877857,0,ver/03/24/112352_013001877857.wav
2017-03-24 11:22:38 INFO AddIdentifyResult: 26750,013864717982,-1,
2017-03-24 11:23:11 INFO AddIdentifyResult: 26751,013080226127,-1,
2017-03-24 11:23:14 INFO AddIdentifyResult: 26743,013001878139,12,
2017-03-24 11:23:20 INFO AddIdentifyResult: 26752,013864717982,-1,
2017-03-24 11:23:21 INFO AddIdentifyResult: 26743,013001878139,10,reg/013001878139_0324112454|reg/013001878139_0324112454|reg/013001878139_0324112302
2017-03-24 11:23:21 INFO UpdateUserState: 013001878139,1
2017-03-24 11:23:22 INFO AddIdentifyResult: 26753,013001878139,-1,
2017-03-24 11:23:26 INFO AddIdentifyResult: 26753,013001878139,-3,
2017-03-24 11:23:38 INFO AddIdentifyResult: 26752,013864717982,-3,
2017-03-24 11:23:45 INFO AddIdentifyResult: 26754,013080226127,-1,
2017-03-24 11:24:05 INFO AddIdentifyResult: 26749,015633205069,12,
2017-03-24 11:24:12 INFO AddIdentifyResult: 26749,015633205069,10,reg/015633205069_0324112443|reg/015633205069_0324112443|reg/015633205069_
2017-03-24 11:24:12 INFO UpdateUserState: 015633205069,1
2017-03-24 11:24:18 INFO AddIdentifyResult: 26753,013001878139,0,ver/03/24/112548_013001878139.wav
2017-03-24 11:24:21 INFO AddIdentifyResult: 26755,015633205069,-1,
2017-03-24 11:24:25 INFO AddIdentifyResult: 26755,015633205069,-3,
2017-03-24 11:24:28 INFO AddIdentifyResult: 26756,013011929116,-1,
2017-03-24 11:24:29 INFO AddIdentifyResult: 26752,013864717982,0,ver/03/24/112559_013864717982.wav
2017-03-24 11:24:34 INFO AddIdentifyResult: 26756,013011929116,-3,
2017-03-24 11:24:36 INFO AddIdentifyResult: 26757,013080226127,-1,
2017-03-24 11:25:01 INFO AddIdentifyResult: 26758,013001873509,-1,
2017-03-24 11:25:12 INFO AddIdentifyResult: 26758,013001873509,-3,
2017-03-24 11:25:18 INFO AddIdentifyResult: 26755,015633205069,0,ver/03/24/112647_015633205069.wav
2017-03-24 11:25:48 INFO AddIdentifyResult: 26759,013001878759,-1,
2017-03-24 11:25:57 INFO AddIdentifyResult: 26760,013180226127,-1,
2017-03-24 11:26:03 INFO AddIdentifyResult: 26760,013180226127,-3,
2017-03-24 11:26:03 INFO AddIdentifyResult: 26759,013001878759,-3,
2017-03-24 11:26:17 INFO AddIdentifyResult: 26756,013011929116,12,
2017-03-24 11:26:25 INFO AddIdentifyResult: 26756,013011929116,10,reg/013011929116_0324112806|reg/013011929116_0324112806|reg/013011929116_0324112655
2017-03-24 11:26:25 INFO UpdateUserState: 013011929116,1
2017-03-24 11:26:38 INFO AddIdentifyResult: 26761,013011929116,-1,
2017-03-24 11:26:42 INFO AddIdentifyResult: 26761,013011929116,-3,
2017-03-24 11:27:03 INFO AddIdentifyResult: 26762,013001873506,-1,
2017-03-24 11:27:07 INFO AddIdentifyResult: 26762,013001873506,-3,
2017-03-24 11:27:15 INFO AddIdentifyResult: 26758,013001873509,12,
2017-03-24 11:27:22 INFO AddIdentifyResult: 26758,013001873509,10,reg/013001873509_0324112733|reg/013001873509_0324112733|reg/013001873509_
2017-03-24 11:27:22 INFO UpdateUserState: 013001873509,1
2017-03-24 11:27:35 INFO AddIdentifyResult: 26761,013011929116,0,ver/03/24/112904_013011929116.wav
2017-03-24 11:27:37 INFO AddIdentifyResult: 26763,013483780334,-1,
2017-03-24 11:27:43 INFO AddIdentifyResult: 26760,013180226127,12,
2017-03-24 11:27:45 INFO AddIdentifyResult: 26759,013001878759,12,
2017-03-24 11:27:48 INFO AddIdentifyResult: 26764,013001873509,-1,
2017-03-24 11:27:50 INFO AddIdentifyResult: 26760,013180226127,10,reg/013180226127_0324112824|reg/013180226127_0324112824|reg/013180226127_
2017-03-24 11:27:50 INFO UpdateUserState: 013180226127,1
2017-03-24 11:27:54 INFO AddIdentifyResult: 26765,013001878759,-4,2
2017-03-24 11:27:55 INFO AddIdentifyResult: 26764,013001873509,-3,
2017-03-24 11:27:57 INFO AddIdentifyResult: 26759,013001878759,10,reg/013001878759_0324112824|reg/013001878759_0324112824|reg/013001878759_
2017-03-24 11:27:58 INFO UpdateUserState: 013001878759,1
2017-03-24 11:28:09 INFO AddIdentifyResult: 26766,013180226127,-1,
2017-03-24 11:28:11 INFO AddIdentifyResult: 26767,013001878759,-1,
2017-03-24 11:28:14 INFO AddIdentifyResult: 26766,013180226127,-3,
2017-03-24 11:28:19 INFO AddIdentifyResult: 26767,013001878759,-3,
2017-03-24 11:28:56 INFO AddIdentifyResult: 26762,013001873506,12,
2017-03-24 11:29:03 INFO AddIdentifyResult: 26762,013001873506,10,reg/013001873506_0324112929|reg/013001873506_0324112929|reg/013001873506_
2017-03-24 11:29:03 INFO UpdateUserState: 013001873506,1
2017-03-24 11:29:05 INFO AddIdentifyResult: 26768,013001873506,-1,
2017-03-24 11:29:06 INFO AddIdentifyResult: 26766,013180226127,0,ver/03/24/113035_013180226127.wav
2017-03-24 11:29:09 INFO AddIdentifyResult: 26769,013483780343,-1,
2017-03-24 11:29:10 INFO AddIdentifyResult: 26768,013001873506,-3,
2017-03-24 11:29:11 INFO AddIdentifyResult: 26767,013001878759,0,ver/03/24/113040_013001878759.wav
2017-03-24 11:29:14 INFO AddIdentifyResult: 26770,013483775540,-1,
2017-03-24 11:29:17 INFO AddIdentifyResult: 26769,013483780343,-3,
2017-03-24 11:29:21 INFO AddIdentifyResult: 26770,013483775540,-3,
2017-03-24 11:29:28 INFO AddIdentifyResult: 26771,015930203694,-1,
2017-03-24 11:29:34 INFO AddIdentifyResult: 26764,013001873509,0,ver/03/24/113103_013001873509.wav
2017-03-24 11:29:35 INFO AddIdentifyResult: 26771,015930203694,-3,
2017-03-24 11:30:03 INFO AddIdentifyResult: 26768,013001873506,0,ver/03/24/113132_013001873506.wav
2017-03-24 11:31:10 INFO AddIdentifyResult: 26770,013483775540,12,
2017-03-24 11:31:18 INFO AddIdentifyResult: 26770,013483775540,10,reg/013483775540_0324113143|reg/013483775540_0324113143|reg/013483775540_
2017-03-24 11:31:18 INFO UpdateUserState: 013483775540,1
2017-03-24 11:31:23 INFO AddIdentifyResult: 26771,015930203694,12,
2017-03-24 11:31:29 INFO AddIdentifyResult: 26771,015930203694,10,reg/015930203694_0324113319|reg/015930203694_0324113319|reg/015930203694_0324113156
2017-03-24 11:31:30 INFO UpdateUserState: 015930203694,1
2017-03-24 11:31:30 INFO AddIdentifyResult: 26772,013483775540,-1,
2017-03-24 11:31:31 INFO AddIdentifyResult: 26773,015930203694,-1,
2017-03-24 11:31:40 INFO AddIdentifyResult: 26773,015930203694,-3,
2017-03-24 11:31:40 INFO AddIdentifyResult: 26772,013483775540,-3,
2017-03-24 11:31:49 INFO AddIdentifyResult: 26769,013483780343,12,
2017-03-24 11:31:55 INFO AddIdentifyResult: 26769,013483780343,10,reg/013483780343_0324113342|reg/013483780343_0324113342|reg/013483780343_0324113138
2017-03-24 11:31:55 INFO UpdateUserState: 013483780343,1
2017-03-24 11:32:16 INFO AddIdentifyResult: 26774,013483775540,-1,
2017-03-24 11:32:33 INFO AddIdentifyResult: 26773,015930203694,0,ver/03/24/113402_015930203694.wav
2017-03-24 11:32:33 INFO AddIdentifyResult: 26772,013483775540,0,ver/03/24/113402_013483775540.wav
2017-03-24 11:32:42 INFO AddIdentifyResult: 26775,013483780343,-1,
2017-03-24 11:32:48 INFO AddIdentifyResult: 26775,013483780343,-3,
2017-03-24 11:32:56 INFO AddIdentifyResult: 26776,013292970592,-1,
2017-03-24 11:33:03 INFO AddIdentifyResult: 26776,013292970592,-3,
2017-03-24 11:33:39 INFO AddIdentifyResult: 26775,013483780343,0,ver/03/24/113509_013483780343.wav
2017-03-24 11:33:55 INFO AddIdentifyResult: 26777,013582262194,-1,
2017-03-24 11:34:10 INFO AddIdentifyResult: 26778,015603239093,-1,
2017-03-24 11:34:14 INFO AddIdentifyResult: 26778,015603239093,-3,
2017-03-24 11:34:24 INFO AddIdentifyResult: 26779,013582262194,-1,
2017-03-24 11:34:51 INFO AddIdentifyResult: 26776,013292970592,12,
2017-03-24 11:34:59 INFO AddIdentifyResult: 26776,013292970592,10,reg/013292970592_0324113524|reg/013292970592_0324113524|reg/013292970592_
2017-03-24 11:34:59 INFO UpdateUserState: 013292970592,1
2017-03-24 11:35:03 INFO AddIdentifyResult: 26780,013001875579,-1,
2017-03-24 11:35:09 INFO AddIdentifyResult: 26780,013001875579,-3,
2017-03-24 11:35:10 INFO AddIdentifyResult: 26781,013292970592,-1,
2017-03-24 11:35:36 INFO AddIdentifyResult: 26778,015603239093,12,
2017-03-24 11:35:39 INFO AddIdentifyResult: 26782,013292970592,-1,
2017-03-24 11:35:42 INFO AddIdentifyResult: 26778,015603239093,10,reg/015603239093_0324113635|reg/015603239093_0324113635|reg/015603239093_
2017-03-24 11:35:43 INFO UpdateUserState: 015603239093,1
2017-03-24 11:35:44 INFO AddIdentifyResult: 26782,013292970592,-3,
2017-03-24 11:35:59 INFO AddIdentifyResult: 26783,015603239093,-1,
2017-03-24 11:36:02 INFO AddIdentifyResult: 26784,013400342246,-1,
2017-03-24 11:36:03 INFO AddIdentifyResult: 26783,015603239093,-3,
2017-03-24 11:36:36 INFO AddIdentifyResult: 26782,013292970592,0,ver/03/24/113805_013292970592.wav
2017-03-24 11:36:56 INFO AddIdentifyResult: 26783,015603239093,0,ver/03/24/113825_015603239093.wav
2017-03-24 11:37:02 INFO AddIdentifyResult: 26785,013400342246,-1,
2017-03-24 11:37:09 INFO AddIdentifyResult: 26785,013400342246,-3,
2017-03-24 11:37:28 INFO AddIdentifyResult: 26780,013001875579,12,
2017-03-24 11:37:36 INFO AddIdentifyResult: 26780,013001875579,10,reg/013001875579_0324113912|reg/013001875579_0324113912|reg/013001875579_0324113730
2017-03-24 11:37:36 INFO UpdateUserState: 013001875579,1
2017-03-24 11:37:37 INFO AddIdentifyResult: 26786,013001875579,-1,
2017-03-24 11:37:44 INFO AddIdentifyResult: 26786,013001875579,-3,
2017-03-24 11:38:36 INFO AddIdentifyResult: 26786,013001875579,0,ver/03/24/114006_013001875579.wav
2017-03-24 11:38:51 INFO AddIdentifyResult: 26787,013473203044,-1,
2017-03-24 11:38:58 INFO AddIdentifyResult: 26787,013473203044,-3,
2017-03-24 11:39:16 INFO AddIdentifyResult: 26785,013400342246,12,
2017-03-24 11:39:23 INFO AddIdentifyResult: 26785,013400342246,10,reg/013400342246_0324113930|reg/013400342246_0324113930|reg/013400342246_
2017-03-24 11:39:23 INFO UpdateUserState: 013400342246,1
2017-03-24 11:39:25 INFO AddIdentifyResult: 26788,015603239093,-1,
2017-03-24 11:39:33 INFO AddIdentifyResult: 26789,013400342246,-1,
2017-03-24 11:39:39 INFO AddIdentifyResult: 26789,013400342246,-3,
2017-03-24 11:39:59 INFO AddIdentifyResult: 26790,015613238196,-1,
2017-03-24 11:40:04 INFO AddIdentifyResult: 26790,015613238196,-3,
2017-03-24 11:40:27 INFO AddIdentifyResult: 26787,013473203044,12,
2017-03-24 11:40:28 INFO AddIdentifyResult: 26791,015630855325,-1,
2017-03-24 11:40:30 INFO AddIdentifyResult: 26789,013400342246,0,ver/03/24/114200_013400342246.wav
2017-03-24 11:40:34 INFO AddIdentifyResult: 26787,013473203044,10,reg/013473203044_0324114119|reg/013473203044_0324114119|reg/013473203044_
2017-03-24 11:40:34 INFO UpdateUserState: 013473203044,1
2017-03-24 11:40:37 INFO AddIdentifyResult: 26792,013473203044,-1,
2017-03-24 11:40:46 INFO AddIdentifyResult: 26792,013473203044,-3,
2017-03-24 11:40:57 INFO AddIdentifyResult: 26793,015630855325,-1,
2017-03-24 11:41:28 INFO AddIdentifyResult: 26794,015630855325,-1,
2017-03-24 11:41:38 INFO AddIdentifyResult: 26792,013473203044,0,ver/03/24/114307_013473203044.wav
2017-03-24 11:41:48 INFO AddIdentifyResult: 26790,015613238196,12,
2017-03-24 11:41:55 INFO AddIdentifyResult: 26790,015613238196,10,reg/015613238196_0324114225|reg/015613238196_0324114225|reg/015613238196_
2017-03-24 11:41:55 INFO UpdateUserState: 015613238196,1
2017-03-24 11:42:11 INFO AddIdentifyResult: 26795,015613238196,-1,
2017-03-24 11:42:16 INFO AddIdentifyResult: 26795,015613238196,-3,
2017-03-24 11:43:05 INFO AddIdentifyResult: 26796,013001875736,-1,
2017-03-24 11:43:09 INFO AddIdentifyResult: 26795,015613238196,0,ver/03/24/114438_015613238196.wav
2017-03-24 11:43:10 INFO AddIdentifyResult: 26796,013001875736,-3,
2017-03-24 11:43:19 INFO AddIdentifyResult: 26797,013001879807,-1,
2017-03-24 11:43:26 INFO AddIdentifyResult: 26797,013001879807,-3,
2017-03-24 11:43:41 INFO AddIdentifyResult: 26798,015630865325,-1,
2017-03-24 11:43:57 INFO AddIdentifyResult: 26799,013292932067,-1,
2017-03-24 11:44:02 INFO AddIdentifyResult: 26800,015630865325,-1,
2017-03-24 11:44:09 INFO AddIdentifyResult: 26800,015630865325,-3,
2017-03-24 11:44:21 INFO AddIdentifyResult: 26801,013292932067,-1,
2017-03-24 11:44:28 INFO AddIdentifyResult: 26801,013292932067,-3,
2017-03-24 11:44:29 INFO AddIdentifyResult: 26802,013032070095,-1,
2017-03-24 11:44:32 INFO AddIdentifyResult: 26802,013032070095,-3,
2017-03-24 11:45:02 INFO AddIdentifyResult: 26797,013001879807,12,
2017-03-24 11:45:08 INFO AddIdentifyResult: 26797,013001879807,10,reg/013001879807_0324114547|reg/013001879807_0324114547|reg/013001879807_
2017-03-24 11:45:09 INFO UpdateUserState: 013001879807,1
2017-03-24 11:45:09 INFO AddIdentifyResult: 26796,013001875736,12,
2017-03-24 11:45:15 INFO AddIdentifyResult: 26803,013001879807,-1,
2017-03-24 11:45:18 INFO AddIdentifyResult: 26796,013001875736,10,reg/013001875736_0324114531|reg/013001875736_0324114531|reg/013001875736_
2017-03-24 11:45:18 INFO UpdateUserState: 013001875736,1
2017-03-24 11:45:21 INFO AddIdentifyResult: 26803,013001879807,-3,
2017-03-24 11:45:21 INFO AddIdentifyResult: 26804,013001875736,-1,
2017-03-24 11:45:23 INFO AddIdentifyResult: 26804,013001875736,-3,
2017-03-24 11:45:34 INFO AddIdentifyResult: 26804,013001875736,1,
2017-03-24 11:45:38 INFO AddIdentifyResult: 26805,013001875736,-1,
2017-03-24 11:45:42 INFO AddIdentifyResult: 26805,013001875736,-3,
2017-03-24 11:46:06 INFO AddIdentifyResult: 26801,013292932067,12,
2017-03-24 11:46:13 INFO AddIdentifyResult: 26803,013001879807,0,ver/03/24/114742_013001879807.wav
2017-03-24 11:46:13 INFO AddIdentifyResult: 26801,013292932067,10,reg/013292932067_0324114649|reg/013292932067_0324114649|reg/013292932067_
2017-03-24 11:46:14 INFO UpdateUserState: 013292932067,1
2017-03-24 11:46:19 INFO AddIdentifyResult: 26800,015630865325,12,
2017-03-24 11:46:23 INFO AddIdentifyResult: 26806,013292932067,-1,
2017-03-24 11:46:27 INFO AddIdentifyResult: 26806,013292932067,-3,
2017-03-24 11:46:29 INFO AddIdentifyResult: 26800,015630865325,10,reg/015630865325_0324114630|reg/015630865325_0324114630|reg/015630865325_
2017-03-24 11:46:29 INFO UpdateUserState: 015630865325,1
2017-03-24 11:46:34 INFO AddIdentifyResult: 26805,013001875736,0,ver/03/24/114803_013001875736.wav
2017-03-24 11:47:20 INFO AddIdentifyResult: 26806,013292932067,0,ver/03/24/114849_013292932067.wav
2017-03-24 11:47:20 INFO AddIdentifyResult: 26807,015630865325,-1,
2017-03-24 11:47:26 INFO AddIdentifyResult: 26807,015630865325,-3,
2017-03-24 11:47:54 INFO AddIdentifyResult: 26802,013032070095,12,
2017-03-24 11:48:01 INFO AddIdentifyResult: 26802,013032070095,10,reg/013032070095_0324114909|reg/013032070095_0324114909|reg/013032070095_0324114653
2017-03-24 11:48:01 INFO UpdateUserState: 013032070095,1
2017-03-24 11:48:15 INFO AddIdentifyResult: 26808,013032070095,-1,
2017-03-24 11:48:18 INFO AddIdentifyResult: 26807,015630865325,0,ver/03/24/114947_015630865325.wav
2017-03-24 11:48:19 INFO AddIdentifyResult: 26808,013032070095,-3,
2017-03-24 11:49:10 INFO AddIdentifyResult: 26808,013032070095,0,ver/03/24/115040_013032070095.wav
2017-03-24 11:49:15 INFO AddIdentifyResult: 26809,017061357227,-1,
2017-03-24 11:49:27 INFO AddIdentifyResult: 26810,013473288379,-1,
2017-03-24 11:49:28 INFO AddIdentifyResult: 26809,017061357227,-3,
2017-03-24 11:49:39 INFO AddIdentifyResult: 26810,013473288379,-3,
2017-03-24 11:49:41 INFO AddIdentifyResult: 26811,013001878617,-1,
2017-03-24 11:49:47 INFO AddIdentifyResult: 26811,013001878617,-3,
2017-03-24 11:51:08 INFO AddIdentifyResult: 26809,017061357227,12,
2017-03-24 11:51:08 INFO AddIdentifyResult: 26810,013473288379,11,reg/013473288379_|reg/013473288379_|reg/013473288379_
2017-03-24 11:51:14 INFO AddIdentifyResult: 26809,017061357227,10,reg/017061357227_0324115150|reg/017061357227_0324115150|reg/017061357227_
2017-03-24 11:51:15 INFO UpdateUserState: 017061357227,1
2017-03-24 11:51:30 INFO AddIdentifyResult: 26812,017061357227,-1,
2017-03-24 11:51:34 INFO AddIdentifyResult: 26811,013001878617,12,
2017-03-24 11:51:38 INFO AddIdentifyResult: 26812,017061357227,-3,
2017-03-24 11:51:40 INFO AddIdentifyResult: 26811,013001878617,10,reg/013001878617_0324115208|reg/013001878617_0324115208|reg/013001878617_
2017-03-24 11:51:41 INFO UpdateUserState: 013001878617,1
2017-03-24 11:51:43 INFO AddIdentifyResult: 26813,013001878617,-1,
2017-03-24 11:51:44 INFO AddIdentifyResult: 26814,013473288379,-1,
2017-03-24 11:51:49 INFO AddIdentifyResult: 26813,013001878617,-3,
2017-03-24 11:51:53 INFO AddIdentifyResult: 26814,013473288379,-3,
2017-03-24 11:52:02 INFO AddIdentifyResult: 26814,013473288379,11,reg/013473288379_|reg/013473288379_|reg/013473288379_
2017-03-24 11:52:29 INFO AddIdentifyResult: 26815,013473288379,-1,
2017-03-24 11:52:31 INFO AddIdentifyResult: 26812,017061357227,0,ver/03/24/115400_017061357227.wav
2017-03-24 11:52:40 INFO AddIdentifyResult: 26815,013473288379,-3,
2017-03-24 11:52:41 INFO AddIdentifyResult: 26813,013001878617,0,ver/03/24/115411_013001878617.wav
2017-03-24 11:53:52 INFO AddIdentifyResult: 26815,013473288379,11,reg/013473288379_|reg/013473288379_|reg/013473288379_
2017-03-24 11:56:19 INFO AddIdentifyResult: 26816,015032481895,-1,
2017-03-24 11:56:35 INFO AddIdentifyResult: 26816,015032481895,-3,
2017-03-24 11:56:48 INFO AddIdentifyResult: 26817,013473288379,-1,
2017-03-24 11:57:01 INFO AddIdentifyResult: 26818,013473288379,-1,
2017-03-24 11:57:07 INFO AddIdentifyResult: 26818,013473288379,-3,
2017-03-24 11:57:57 INFO AddIdentifyResult: 26816,015032481895,12,
2017-03-24 11:58:04 INFO AddIdentifyResult: 26816,015032481895,10,reg/015032481895_0324115856|reg/015032481895_0324115856|reg/015032481895_
2017-03-24 11:58:04 INFO UpdateUserState: 015032481895,1
2017-03-24 11:58:20 INFO AddIdentifyResult: 26819,015532259659,-1,
2017-03-24 11:58:25 INFO AddIdentifyResult: 26819,015532259659,-3,
2017-03-24 11:58:40 INFO AddIdentifyResult: 26818,013473288379,12,
2017-03-24 11:58:47 INFO AddIdentifyResult: 26818,013473288379,10,reg/013473288379_0324115928|reg/013473288379_0324115928|reg/013473288379_
2017-03-24 11:58:48 INFO UpdateUserState: 013473288379,1
2017-03-24 11:58:57 INFO AddIdentifyResult: 26820,013473288379,-1,
2017-03-24 11:59:02 INFO AddIdentifyResult: 26820,013473288379,-3,
2017-03-24 11:59:24 INFO AddIdentifyResult: 26821,013021875086,-1,
2017-03-24 11:59:41 INFO AddIdentifyResult: 26822,013021875086,-1,
2017-03-24 11:59:45 INFO AddIdentifyResult: 26822,013021875086,-3,
2017-03-24 11:59:55 INFO AddIdentifyResult: 26820,013473288379,0,ver/03/24/120124_013473288379.wav
2017-03-24 12:00:05 INFO AddIdentifyResult: 26819,015532259659,12,
2017-03-24 12:00:12 INFO AddIdentifyResult: 26819,015532259659,10,reg/015532259659_0324120046|reg/015532259659_0324120046|reg/015532259659_
2017-03-24 12:00:12 INFO UpdateUserState: 015532259659,1
2017-03-24 12:00:27 INFO AddIdentifyResult: 26823,015532259659,-1,
2017-03-24 12:00:49 INFO AddIdentifyResult: 26824,015532259659,-1,
2017-03-24 12:01:18 INFO AddIdentifyResult: 26825,015532259659,-1,
2017-03-24 12:01:19 INFO AddIdentifyResult: 26822,013021875086,12,
2017-03-24 12:01:22 INFO AddIdentifyResult: 26825,015532259659,-3,
2017-03-24 12:01:27 INFO AddIdentifyResult: 26822,013021875086,10,reg/013021875086_0324120206|reg/013021875086_0324120206|reg/013021875086_
2017-03-24 12:01:27 INFO UpdateUserState: 013021875086,1
2017-03-24 12:01:37 INFO AddIdentifyResult: 26826,013021875086,-1,
2017-03-24 12:01:41 INFO AddIdentifyResult: 26826,013021875086,-3,
2017-03-24 12:02:15 INFO AddIdentifyResult: 26825,015532259659,0,ver/03/24/120344_015532259659.wav
2017-03-24 12:02:34 INFO AddIdentifyResult: 26826,013021875086,0,ver/03/24/120403_013021875086.wav
2017-03-24 12:02:53 INFO AddIdentifyResult: 26827,015032481895,-1,
2017-03-24 12:03:03 INFO AddIdentifyResult: 26827,015032481895,-3,
2017-03-24 12:03:46 INFO AddIdentifyResult: 26828,013012051086,-1,
2017-03-24 12:04:25 INFO AddIdentifyResult: 26829,013012051086,-1,
2017-03-24 12:04:43 INFO AddIdentifyResult: 26827,015032481895,12,
2017-03-24 12:04:51 INFO AddIdentifyResult: 26830,013230215367,-1,
2017-03-24 12:04:51 INFO AddIdentifyResult: 26827,015032481895,10,reg/015032481895_0324120524|reg/015032481895_0324120524|reg/015032481895_
2017-03-24 12:04:52 INFO UpdateUserState: 015032481895,1
2017-03-24 12:04:55 INFO AddIdentifyResult: 26830,013230215367,-3,
2017-03-24 12:05:02 INFO AddIdentifyResult: 26831,015032481895,-1,
2017-03-24 12:05:12 INFO AddIdentifyResult: 26831,015032481895,-3,
2017-03-24 12:05:25 INFO AddIdentifyResult: 26831,015032481895,1,
2017-03-24 12:05:29 INFO AddIdentifyResult: 26832,013001875769,-1,
2017-03-24 12:05:30 INFO AddIdentifyResult: 26833,013012051806,-1,
2017-03-24 12:05:35 INFO AddIdentifyResult: 26833,013012051806,-3,
2017-03-24 12:05:37 INFO AddIdentifyResult: 26832,013001875769,-3,
2017-03-24 12:06:34 INFO AddIdentifyResult: 26834,015032481895,-1,
2017-03-24 12:06:35 INFO AddIdentifyResult: 26830,013230215367,12,
2017-03-24 12:06:42 INFO AddIdentifyResult: 26830,013230215367,10,reg/013230215367_0324120716|reg/013230215367_0324120716|reg/013230215367_
2017-03-24 12:06:42 INFO UpdateUserState: 013230215367,1
2017-03-24 12:06:54 INFO AddIdentifyResult: 26835,013230215367,-1,
2017-03-24 12:07:06 INFO AddIdentifyResult: 26836,013230215367,-1,
2017-03-24 12:07:10 INFO AddIdentifyResult: 26833,013012051806,12,
2017-03-24 12:07:13 INFO AddIdentifyResult: 26836,013230215367,-3,
2017-03-24 12:07:17 INFO AddIdentifyResult: 26833,013012051806,10,reg/013012051806_0324120756|reg/013012051806_0324120756|reg/013012051806_
2017-03-24 12:07:18 INFO UpdateUserState: 013012051806,1
2017-03-24 12:07:27 INFO AddIdentifyResult: 26837,013012051806,-1,
2017-03-24 12:07:31 INFO AddIdentifyResult: 26837,013012051806,-3,
2017-03-24 12:07:53 INFO AddIdentifyResult: 26832,013001875769,11,reg/013001875769_|reg/013001875769_|reg/013001875769_
2017-03-24 12:08:05 INFO AddIdentifyResult: 26836,013230215367,0,ver/03/24/120934_013230215367.wav
2017-03-24 12:08:11 INFO AddIdentifyResult: 26838,013001875769,-1,
2017-03-24 12:08:23 INFO AddIdentifyResult: 26838,013001875769,-3,
2017-03-24 12:08:24 INFO AddIdentifyResult: 26837,013012051806,0,ver/03/24/120953_013012051806.wav
2017-03-24 12:10:28 INFO AddIdentifyResult: 26839,013472284723,-1,
2017-03-24 12:10:36 INFO AddIdentifyResult: 26839,013472284723,-3,
2017-03-24 12:10:48 INFO AddIdentifyResult: 26840,013102995139,-1,
2017-03-24 12:10:52 INFO AddIdentifyResult: 26838,013001875769,12,
2017-03-24 12:10:58 INFO AddIdentifyResult: 26838,013001875769,10,reg/013001875769_0324121231|reg/013001875769_0324121231|reg/013001875769_0324121044
2017-03-24 12:10:59 INFO UpdateUserState: 013001875769,1
2017-03-24 12:11:05 INFO AddIdentifyResult: 26841,013001875769,-1,
2017-03-24 12:11:11 INFO AddIdentifyResult: 26841,013001875769,-3,
2017-03-24 12:11:25 INFO AddIdentifyResult: 26842,013102995139,-1,
2017-03-24 12:11:29 INFO AddIdentifyResult: 26842,013102995139,-3,
2017-03-24 12:12:03 INFO AddIdentifyResult: 26841,013001875769,0,ver/03/24/121333_013001875769.wav
2017-03-24 12:12:08 INFO AddIdentifyResult: 26839,013472284723,12,
2017-03-24 12:12:15 INFO AddIdentifyResult: 26839,013472284723,10,reg/013472284723_0324121257|reg/013472284723_0324121257|reg/013472284723_
2017-03-24 12:12:15 INFO UpdateUserState: 013472284723,1
2017-03-24 12:12:29 INFO AddIdentifyResult: 26843,013472284723,-1,
2017-03-24 12:12:34 INFO AddIdentifyResult: 26843,013472284723,-3,
2017-03-24 12:13:20 INFO AddIdentifyResult: 26842,013102995139,12,
2017-03-24 12:13:27 INFO AddIdentifyResult: 26843,013472284723,0,ver/03/24/121456_013472284723.wav
2017-03-24 12:13:27 INFO AddIdentifyResult: 26842,013102995139,10,reg/013102995139_0324121515|reg/013102995139_0324121515|reg/013102995139_0324121350
2017-03-24 12:13:28 INFO UpdateUserState: 013102995139,1
2017-03-24 12:13:36 INFO AddIdentifyResult: 26844,013102995139,-1,
2017-03-24 12:13:40 INFO AddIdentifyResult: 26844,013102995139,-3,
2017-03-24 12:14:32 INFO AddIdentifyResult: 26844,013102995139,0,ver/03/24/121601_013102995139.wav
2017-03-24 12:15:58 INFO AddIdentifyResult: 26845,013273206151,-1,
2017-03-24 12:16:07 INFO AddIdentifyResult: 26845,013273206151,-3,
2017-03-24 12:17:41 INFO AddIdentifyResult: 26846,013070568563,-1,
2017-03-24 12:17:45 INFO AddIdentifyResult: 26846,013070568563,-3,
2017-03-24 12:17:58 INFO AddIdentifyResult: 26847,013784962363,-1,
2017-03-24 12:18:05 INFO AddIdentifyResult: 26845,013273206151,12,
2017-03-24 12:18:11 INFO AddIdentifyResult: 26848,013784962363,-1,
2017-03-24 12:18:14 INFO AddIdentifyResult: 26845,013273206151,10,reg/013273206151_0324121829|reg/013273206151_0324121829|reg/013273206151_
2017-03-24 12:18:14 INFO UpdateUserState: 013273206151,1
2017-03-24 12:18:16 INFO AddIdentifyResult: 26848,013784962363,-3,
2017-03-24 12:18:23 INFO AddIdentifyResult: 26849,013273206151,-1,
2017-03-24 12:18:34 INFO AddIdentifyResult: 26850,013273206151,-1,
2017-03-24 12:18:38 INFO AddIdentifyResult: 26850,013273206151,-3,
2017-03-24 12:19:20 INFO AddIdentifyResult: 26846,013070568563,12,
2017-03-24 12:19:27 INFO AddIdentifyResult: 26846,013070568563,10,reg/013070568563_0324122006|reg/013070568563_0324122006|reg/013070568563_
2017-03-24 12:19:27 INFO UpdateUserState: 013070568563,1
2017-03-24 12:19:30 INFO AddIdentifyResult: 26850,013273206151,0,ver/03/24/122059_013273206151.wav
2017-03-24 12:19:34 INFO AddIdentifyResult: 26851,013070568563,-1,
2017-03-24 12:19:38 INFO AddIdentifyResult: 26851,013070568563,-3,
2017-03-24 12:20:04 INFO AddIdentifyResult: 26852,015712569226,-1,
2017-03-24 12:20:10 INFO AddIdentifyResult: 26852,015712569226,-3,
2017-03-24 12:20:31 INFO AddIdentifyResult: 26851,013070568563,0,ver/03/24/122200_013070568563.wav
2017-03-24 12:20:43 INFO AddIdentifyResult: 26848,013784962363,12,
2017-03-24 12:20:49 INFO AddIdentifyResult: 26848,013784962363,10,reg/013784962363_0324122241|reg/013784962363_0324122241|reg/013784962363_0324122037
2017-03-24 12:20:49 INFO UpdateUserState: 013784962363,1
2017-03-24 12:20:55 INFO AddIdentifyResult: 26853,013784962363,-1,
2017-03-24 12:21:01 INFO AddIdentifyResult: 26853,013784962363,-3,
2017-03-24 12:21:47 INFO AddIdentifyResult: 26852,015712569226,12,
2017-03-24 12:21:54 INFO AddIdentifyResult: 26853,013784962363,0,ver/03/24/122323_013784962363.wav
2017-03-24 12:21:55 INFO AddIdentifyResult: 26852,015712569226,10,reg/015712569226_0324122231|reg/015712569226_0324122231|reg/015712569226_
2017-03-24 12:21:55 INFO UpdateUserState: 015712569226,1
2017-03-24 12:22:09 INFO AddIdentifyResult: 26854,015712569226,-1,
2017-03-24 12:22:15 INFO AddIdentifyResult: 26854,015712569226,-3,
2017-03-24 12:23:07 INFO AddIdentifyResult: 26854,015712569226,0,ver/03/24/122436_015712569226.wav
2017-03-24 12:23:30 INFO AddIdentifyResult: 26855,013290621097,-1,
2017-03-24 12:23:31 INFO AddIdentifyResult: 26856,013231277996,-1,
2017-03-24 12:23:34 INFO AddIdentifyResult: 26855,013290621097,-3,
2017-03-24 12:23:37 INFO AddIdentifyResult: 26856,013231277996,-3,
2017-03-24 12:25:00 INFO AddIdentifyResult: 26855,013290621097,12,
2017-03-24 12:25:06 INFO AddIdentifyResult: 26855,013290621097,10,reg/013290621097_0324122555|reg/013290621097_0324122555|reg/013290621097_
2017-03-24 12:25:07 INFO UpdateUserState: 013290621097,1
2017-03-24 12:25:15 INFO AddIdentifyResult: 26857,013290621097,-1,
2017-03-24 12:25:18 INFO AddIdentifyResult: 26857,013290621097,-3,
2017-03-24 12:25:21 INFO AddIdentifyResult: 26856,013231277996,12,
2017-03-24 12:25:29 INFO AddIdentifyResult: 26856,013231277996,10,reg/013231277996_0324122709|reg/013231277996_0324122709|reg/013231277996_0324122558
2017-03-24 12:25:29 INFO UpdateUserState: 013231277996,1
2017-03-24 12:25:33 INFO AddIdentifyResult: 26858,013231277996,-1,
2017-03-24 12:25:37 INFO AddIdentifyResult: 26858,013231277996,-3,
2017-03-24 12:26:10 INFO AddIdentifyResult: 26857,013290621097,0,ver/03/24/122739_013290621097.wav
2017-03-24 12:26:30 INFO AddIdentifyResult: 26858,013231277996,0,ver/03/24/122759_013231277996.wav
2017-03-24 12:29:43 INFO AddIdentifyResult: 26859,015631200859,-1,
2017-03-24 12:29:48 INFO AddIdentifyResult: 26859,015631200859,-3,
2017-03-24 12:31:25 INFO AddIdentifyResult: 26859,015631200859,12,
2017-03-24 12:31:31 INFO AddIdentifyResult: 26859,015631200859,10,reg/015631200859_0324123210|reg/015631200859_0324123210|reg/015631200859_
2017-03-24 12:31:32 INFO UpdateUserState: 015631200859,1
2017-03-24 12:31:38 INFO AddIdentifyResult: 26860,015631200859,-1,
2017-03-24 12:31:42 INFO AddIdentifyResult: 26860,015631200859,-3,
2017-03-24 12:32:35 INFO AddIdentifyResult: 26860,015631200859,0,ver/03/24/123404_015631200859.wav
2017-03-24 12:34:52 INFO AddIdentifyResult: 26861,013102960979,-1,
2017-03-24 12:34:56 INFO AddIdentifyResult: 26861,013102960979,-3,
2017-03-24 12:35:40 INFO AddIdentifyResult: 26862,013013256537,-1,
2017-03-24 12:35:47 INFO AddIdentifyResult: 26862,013013256537,-3,
2017-03-24 12:36:31 INFO AddIdentifyResult: 26861,013102960979,12,
2017-03-24 12:36:37 INFO AddIdentifyResult: 26861,013102960979,10,reg/013102960979_0324123717|reg/013102960979_0324123717|reg/013102960979_
2017-03-24 12:36:37 INFO UpdateUserState: 013102960979,1
2017-03-24 12:36:56 INFO AddIdentifyResult: 26863,013102960979,-1,
2017-03-24 12:37:21 INFO AddIdentifyResult: 26864,013102960979,-1,
2017-03-24 12:37:22 INFO AddIdentifyResult: 26862,013013256537,12,
2017-03-24 12:37:29 INFO AddIdentifyResult: 26862,013013256537,10,reg/013013256537_0324123808|reg/013013256537_0324123808|reg/013013256537_
2017-03-24 12:37:29 INFO UpdateUserState: 013013256537,1
2017-03-24 12:37:42 INFO AddIdentifyResult: 26865,013013256537,-1,
2017-03-24 12:37:46 INFO AddIdentifyResult: 26865,013013256537,-3,
2017-03-24 12:37:54 INFO AddIdentifyResult: 26866,013102960979,-1,
2017-03-24 12:38:00 INFO AddIdentifyResult: 26866,013102960979,-3,
2017-03-24 12:38:39 INFO AddIdentifyResult: 26865,013013256537,1,ver/03/24/124008_013013256537.wav
2017-03-24 12:38:52 INFO AddIdentifyResult: 26866,013102960979,0,ver/03/24/124021_013102960979.wav
2017-03-24 12:39:35 INFO AddIdentifyResult: 26865,013013256537,0,ver/03/24/124102_013013256537.wav
2017-03-24 12:40:18 INFO AddIdentifyResult: 26867,015613259080,-1,
2017-03-24 12:40:24 INFO AddIdentifyResult: 26867,015613259080,-3,
2017-03-24 12:41:59 INFO AddIdentifyResult: 26867,015613259080,12,
2017-03-24 12:42:07 INFO AddIdentifyResult: 26867,015613259080,10,reg/015613259080_0324124245|reg/015613259080_0324124245|reg/015613259080_
2017-03-24 12:42:07 INFO UpdateUserState: 015613259080,1
2017-03-24 12:42:12 INFO AddIdentifyResult: 26868,015613259080,-1,
2017-03-24 12:42:30 INFO AddIdentifyResult: 26869,015613259080,-1,
2017-03-24 12:42:36 INFO AddIdentifyResult: 26869,015613259080,-3,
2017-03-24 12:43:28 INFO AddIdentifyResult: 26869,015613259080,0,ver/03/24/124458_015613259080.wav
2017-03-24 12:47:31 INFO AddIdentifyResult: 26870,013090219019,-1,
2017-03-24 12:47:44 INFO AddIdentifyResult: 26871,013090219019,-1,
2017-03-24 12:48:05 INFO AddIdentifyResult: 26872,013090219019,-1,
2017-03-24 12:48:25 INFO AddIdentifyResult: 26873,013090219019,-1,
2017-03-24 12:51:42 INFO AddIdentifyResult: 26874,013090219019,-1,
2017-03-24 12:52:11 INFO AddIdentifyResult: 26875,013091219019,-1,
2017-03-24 12:52:17 INFO AddIdentifyResult: 26875,013091219019,-3,
2017-03-24 12:53:52 INFO AddIdentifyResult: 26875,013091219019,12,
2017-03-24 12:54:00 INFO AddIdentifyResult: 26875,013091219019,10,reg/013091219019_0324125438|reg/013091219019_0324125438|reg/013091219019_
2017-03-24 12:54:00 INFO UpdateUserState: 013091219019,1
2017-03-24 12:54:07 INFO AddIdentifyResult: 26876,013091219019,-1,
2017-03-24 12:54:12 INFO AddIdentifyResult: 26876,013091219019,-3,
2017-03-24 12:55:04 INFO AddIdentifyResult: 26876,013091219019,0,ver/03/24/125633_013091219019.wav
2017-03-24 12:57:00 INFO AddIdentifyResult: 26877,015930435506,-1,
2017-03-24 12:57:12 INFO AddIdentifyResult: 26877,015930435506,-3,
2017-03-24 12:58:45 INFO AddIdentifyResult: 26877,015930435506,12,
2017-03-24 12:58:52 INFO AddIdentifyResult: 26877,015930435506,10,reg/015930435506_0324125933|reg/015930435506_0324125933|reg/015930435506_
2017-03-24 12:58:52 INFO UpdateUserState: 015930435506,1
2017-03-24 12:59:04 INFO AddIdentifyResult: 26878,015930435506,-1,
2017-03-24 12:59:10 INFO AddIdentifyResult: 26878,015930435506,-3,
2017-03-24 13:00:01 INFO AddIdentifyResult: 26878,015930435506,0,ver/03/24/130132_015930435506.wav
2017-03-24 13:02:09 INFO AddIdentifyResult: 26879,013070596860,-1,
2017-03-24 13:02:14 INFO AddIdentifyResult: 26879,013070596860,-3,
2017-03-24 13:03:48 INFO AddIdentifyResult: 26879,013070596860,12,
2017-03-24 13:03:56 INFO AddIdentifyResult: 26879,013070596860,10,reg/013070596860_0324130436|reg/013070596860_0324130436|reg/013070596860_
2017-03-24 13:03:56 INFO UpdateUserState: 013070596860,1
2017-03-24 13:04:03 INFO AddIdentifyResult: 26880,013070596860,-1,
2017-03-24 13:04:16 INFO AddIdentifyResult: 26881,013070596860,-1,
2017-03-24 13:04:26 INFO AddIdentifyResult: 26882,013070596860,-1,
2017-03-24 13:04:31 INFO AddIdentifyResult: 26882,013070596860,-3,
2017-03-24 13:05:24 INFO AddIdentifyResult: 26882,013070596860,0,ver/03/24/130653_013070596860.wav
2017-03-24 13:06:41 INFO AddIdentifyResult: 26883,015032481895,-1,
2017-03-24 13:06:52 INFO AddIdentifyResult: 26883,015032481895,-3,
2017-03-24 13:07:45 INFO AddIdentifyResult: 26883,015032481895,1,ver/03/24/130914_015032481895.wav
2017-03-24 13:08:42 INFO AddIdentifyResult: 26884,015032481895,-1,
2017-03-24 13:08:53 INFO AddIdentifyResult: 26884,015032481895,-3,
2017-03-24 13:09:45 INFO AddIdentifyResult: 26884,015032481895,1,ver/03/24/131114_015032481895.wav
2017-03-24 13:10:34 INFO AddIdentifyResult: 26884,015032481895,2,
2017-03-24 13:12:50 INFO AddIdentifyResult: 26885,015032481895,-1,
2017-03-24 13:12:57 INFO AddIdentifyResult: 26885,015032481895,-3,
2017-03-24 13:13:50 INFO AddIdentifyResult: 26885,015032481895,1,ver/03/24/131519_015032481895.wav
2017-03-24 13:14:40 INFO AddIdentifyResult: 26886,015032481895,-1,
2017-03-24 13:14:49 INFO AddIdentifyResult: 26886,015032481895,-3,
2017-03-24 13:16:27 INFO AddIdentifyResult: 26886,015032481895,12,
2017-03-24 13:16:34 INFO AddIdentifyResult: 26886,015032481895,10,reg/015032481895_0324131711|reg/015032481895_0324131711|reg/015032481895_
2017-03-24 13:16:35 INFO UpdateUserState: 015032481895,1
2017-03-24 13:16:49 INFO AddIdentifyResult: 26887,015032481895,-1,
2017-03-24 13:16:56 INFO AddIdentifyResult: 26887,015032481895,-3,
2017-03-24 13:17:15 INFO AddIdentifyResult: 26888,015032481895,-1,
2017-03-24 13:17:17 INFO AddIdentifyResult: 26887,015032481895,1,
2017-03-24 13:17:26 INFO AddIdentifyResult: 26889,015032481895,-1,
2017-03-24 13:17:29 INFO AddIdentifyResult: 26888,015032481895,-3,
2017-03-24 13:18:21 INFO AddIdentifyResult: 26888,015032481895,0,ver/03/24/131951_015032481895.wav
2017-03-24 13:19:27 INFO AddIdentifyResult: 26890,013020818569,-1,
2017-03-24 13:19:44 INFO AddIdentifyResult: 26890,013020818569,-3,
2017-03-24 13:21:08 INFO AddIdentifyResult: 26890,013020818569,12,
2017-03-24 13:21:15 INFO AddIdentifyResult: 26890,013020818569,10,reg/013020818569_0324132206|reg/013020818569_0324132206|reg/013020818569_
2017-03-24 13:21:15 INFO UpdateUserState: 013020818569,1
2017-03-24 13:21:30 INFO AddIdentifyResult: 26891,013020818569,-1,
2017-03-24 13:21:37 INFO AddIdentifyResult: 26891,013020818569,-3,
2017-03-24 13:22:30 INFO AddIdentifyResult: 26891,013020818569,0,ver/03/24/132359_013020818569.wav
2017-03-24 14:05:10 INFO AddIdentifyResult: 26892,013013565356,-1,
2017-03-24 14:05:51 INFO AddIdentifyResult: 26892,013013565356,-3,
2017-03-24 14:07:50 INFO AddIdentifyResult: 26892,013013565356,12,
2017-03-24 14:07:57 INFO AddIdentifyResult: 26892,013013565356,10,reg/013013565356_0324140812|reg/013013565356_0324140812|reg/013013565356_
2017-03-24 14:07:57 INFO UpdateUserState: 013013565356,1
2017-03-24 14:08:29 INFO AddIdentifyResult: 26893,013013565356,-1,
2017-03-24 14:08:43 INFO AddIdentifyResult: 26893,013013565356,-3,
2017-03-24 14:09:35 INFO AddIdentifyResult: 26893,013013565356,0,ver/03/24/141105_013013565356.wav
2017-03-24 14:12:38 INFO AddIdentifyResult: 26894,018354605283,-1,
2017-03-24 14:12:46 INFO AddIdentifyResult: 26894,018354605283,-3,
2017-03-24 14:14:18 INFO AddIdentifyResult: 26894,018354605283,12,
2017-03-24 14:14:24 INFO AddIdentifyResult: 26894,018354605283,10,reg/018354605283_0324141507|reg/018354605283_0324141507|reg/018354605283_
2017-03-24 14:14:25 INFO UpdateUserState: 018354605283,1
2017-03-24 14:14:26 INFO AddIdentifyResult: 26895,018354605283,-1,
2017-03-24 14:14:32 INFO AddIdentifyResult: 26895,018354605283,-3,
2017-03-24 14:15:24 INFO AddIdentifyResult: 26895,018354605283,0,ver/03/24/141654_018354605283.wav
2017-03-24 14:24:43 INFO AddIdentifyResult: 26896,013012919021,-1,
2017-03-24 14:32:36 INFO AddIdentifyResult: 26897,013012919021,-1,
2017-03-24 14:32:48 INFO AddIdentifyResult: 26897,013012919021,-3,
2017-03-24 14:33:11 INFO AddIdentifyResult: 26897,013012919021,11,reg/013012919021_|reg/013012919021_|reg/013012919021_
2017-03-24 14:33:29 INFO AddIdentifyResult: 26898,013012919021,-1,
2017-03-24 14:33:35 INFO AddIdentifyResult: 26898,013012919021,-3,
2017-03-24 14:34:54 INFO AddIdentifyResult: 26898,013012919021,12,
2017-03-24 14:35:00 INFO AddIdentifyResult: 26898,013012919021,10,reg/013012919021_0324143556|reg/013012919021_0324143556|reg/013012919021_
2017-03-24 14:35:01 INFO UpdateUserState: 013012919021,1
2017-03-24 14:35:18 INFO AddIdentifyResult: 26899,013012919021,-1,
2017-03-24 14:35:32 INFO AddIdentifyResult: 26899,013012919021,-3,
2017-03-24 14:36:25 INFO AddIdentifyResult: 26899,013012919021,0,ver/03/24/143754_013012919021.wav
2017-03-24 14:39:44 INFO AddIdentifyResult: 26900,015254657772,-1,
2017-03-24 14:40:01 INFO AddIdentifyResult: 26900,015254657772,-3,
2017-03-24 14:40:07 INFO AddIdentifyResult: 26901,015254657772,-1,
2017-03-24 14:40:10 INFO AddIdentifyResult: 26900,015254657772,11,reg/015254657772_|reg/015254657772_|reg/015254657772_
2017-03-24 14:41:03 INFO AddIdentifyResult: 26902,015254657972,-1,
2017-03-24 14:41:11 INFO AddIdentifyResult: 26902,015254657972,-3,
2017-03-24 14:42:00 INFO AddIdentifyResult: 26903,015629294707,-1,
2017-03-24 14:42:18 INFO AddIdentifyResult: 26903,015629294707,-3,
2017-03-24 14:43:11 INFO AddIdentifyResult: 26902,015254657972,12,
2017-03-24 14:43:18 INFO AddIdentifyResult: 26902,015254657972,10,reg/015254657972_0324144505|reg/015254657972_0324144505|reg/015254657972_0324144332
2017-03-24 14:43:18 INFO UpdateUserState: 015254657972,1
2017-03-24 14:43:31 INFO AddIdentifyResult: 26904,015254657972,-1,
2017-03-24 14:43:39 INFO AddIdentifyResult: 26904,015254657972,-3,
2017-03-24 14:44:00 INFO AddIdentifyResult: 26903,015629294707,12,
2017-03-24 14:44:07 INFO AddIdentifyResult: 26903,015629294707,10,reg/015629294707_0324144440|reg/015629294707_0324144440|reg/015629294707_
2017-03-24 14:44:07 INFO UpdateUserState: 015629294707,1
2017-03-24 14:44:31 INFO AddIdentifyResult: 26904,015254657972,0,ver/03/24/144601_015254657972.wav
2017-03-24 14:49:04 INFO AddIdentifyResult: 26905,013013560882,-1,
2017-03-24 14:50:35 INFO AddIdentifyResult: 26906,013013560882,-1,
2017-03-24 14:50:48 INFO AddIdentifyResult: 26906,013013560882,-3,
2017-03-24 14:52:46 INFO AddIdentifyResult: 26907,013001561512,-1,
2017-03-24 14:52:46 INFO AddIdentifyResult: 26906,013013560882,12,
2017-03-24 14:52:51 INFO AddIdentifyResult: 26907,013001561512,-3,
2017-03-24 14:52:55 INFO AddIdentifyResult: 26906,013013560882,10,reg/013013560882_0324145310|reg/013013560882_0324145310|reg/013013560882_
2017-03-24 14:52:55 INFO UpdateUserState: 013013560882,1
2017-03-24 14:54:43 INFO AddIdentifyResult: 26907,013001561512,12,
2017-03-24 14:54:51 INFO AddIdentifyResult: 26907,013001561512,10,reg/013001561512_0324145513|reg/013001561512_0324145513|reg/013001561512_
2017-03-24 14:54:52 INFO UpdateUserState: 013001561512,1
2017-03-24 14:55:11 INFO AddIdentifyResult: 26908,013001561512,-1,
2017-03-24 14:55:17 INFO AddIdentifyResult: 26909,013685466282,-1,
2017-03-24 14:55:22 INFO AddIdentifyResult: 26908,013001561512,-3,
2017-03-24 14:55:32 INFO AddIdentifyResult: 26909,013685466282,-3,
2017-03-24 14:56:15 INFO AddIdentifyResult: 26908,013001561512,0,ver/03/24/145744_013001561512.wav
2017-03-24 14:58:20 INFO AddIdentifyResult: 26909,013685466282,12,
2017-03-24 14:58:31 INFO AddIdentifyResult: 26909,013685466282,10,reg/013685466282_0324145753|reg/013685466282_0324145753|reg/013685466282_
2017-03-24 14:58:31 INFO UpdateUserState: 013685466282,1
2017-03-24 14:58:46 INFO AddIdentifyResult: 26910,013685466282,-1,
2017-03-24 14:58:57 INFO AddIdentifyResult: 26910,013685466282,-3,
2017-03-24 14:59:49 INFO AddIdentifyResult: 26910,013685466282,0,ver/03/24/150119_013685466282.wav
2017-03-24 15:03:57 INFO AddIdentifyResult: 26911,013013565127,-1,
2017-03-24 15:04:03 INFO AddIdentifyResult: 26911,013013565127,-3,
2017-03-24 15:04:42 INFO AddIdentifyResult: 26912,013012919600,-1,
2017-03-24 15:04:48 INFO AddIdentifyResult: 26912,013012919600,-3,
2017-03-24 15:06:56 INFO AddIdentifyResult: 26911,013013565127,12,
2017-03-24 15:07:02 INFO AddIdentifyResult: 26911,013013565127,10,reg/013013565127_0324150840|reg/013013565127_0324150840|reg/013013565127_0324150625
2017-03-24 15:07:03 INFO UpdateUserState: 013013565127,1
2017-03-24 15:07:06 INFO AddIdentifyResult: 26912,013012919600,12,
2017-03-24 15:07:07 INFO AddIdentifyResult: 26913,013013565127,-1,
2017-03-24 15:07:13 INFO AddIdentifyResult: 26912,013012919600,10,reg/013012919600_0324150710|reg/013012919600_0324150710|reg/013012919600_
2017-03-24 15:07:13 INFO UpdateUserState: 013012919600,1
2017-03-24 15:07:14 INFO AddIdentifyResult: 26913,013013565127,-3,
2017-03-24 15:08:05 INFO AddIdentifyResult: 26913,013013565127,0,ver/03/24/150936_013013565127.wav
2017-03-24 15:09:08 INFO AddIdentifyResult: 26914,013678619455,-1,
2017-03-24 15:09:16 INFO AddIdentifyResult: 26914,013678619455,-3,
2017-03-24 15:09:21 INFO AddIdentifyResult: 26915,013465250592,-1,
2017-03-24 15:09:28 INFO AddIdentifyResult: 26915,013465250592,-3,
2017-03-24 15:11:32 INFO AddIdentifyResult: 26914,013678619455,12,
2017-03-24 15:11:40 INFO AddIdentifyResult: 26914,013678619455,10,reg/013678619455_0324151138|reg/013678619455_0324151138|reg/013678619455_
2017-03-24 15:11:40 INFO UpdateUserState: 013678619455,1
2017-03-24 15:11:53 INFO AddIdentifyResult: 26915,013465250592,12,
2017-03-24 15:11:53 INFO AddIdentifyResult: 26916,013012919600,-1,
2017-03-24 15:11:59 INFO AddIdentifyResult: 26915,013465250592,10,reg/013465250592_0324151341|reg/013465250592_0324151341|reg/013465250592_0324151150
2017-03-24 15:11:59 INFO UpdateUserState: 013465250592,1
2017-03-24 15:12:00 INFO AddIdentifyResult: 26916,013012919600,-3,
2017-03-24 15:12:10 INFO AddIdentifyResult: 26917,013465250592,-1,
2017-03-24 15:12:16 INFO AddIdentifyResult: 26917,013465250592,-3,
2017-03-24 15:12:51 INFO AddIdentifyResult: 26916,013012919600,0,ver/03/24/151422_013012919600.wav
2017-03-24 15:13:08 INFO AddIdentifyResult: 26917,013465250592,0,ver/03/24/151439_013465250592.wav
2017-03-24 15:20:02 INFO AddIdentifyResult: 26918,013012919109,-1,
2017-03-24 15:20:10 INFO AddIdentifyResult: 26918,013012919109,-3,
2017-03-24 15:22:51 INFO AddIdentifyResult: 26918,013012919109,12,
2017-03-24 15:23:01 INFO AddIdentifyResult: 26918,013012919109,10,reg/013012919109_0324152232|reg/013012919109_0324152232|reg/013012919109_
2017-03-24 15:23:01 INFO UpdateUserState: 013012919109,1
2017-03-24 15:23:49 INFO AddIdentifyResult: 26919,013012919109,-1,
2017-03-24 15:23:56 INFO AddIdentifyResult: 26919,013012919109,-3,
2017-03-24 15:24:48 INFO AddIdentifyResult: 26919,013012919109,0,ver/03/24/152618_013012919109.wav
2017-03-24 15:32:07 INFO AddIdentifyResult: 26920,013013565869,-1,
2017-03-24 15:32:18 INFO AddIdentifyResult: 26920,013013565869,-3,
2017-03-24 15:34:06 INFO AddIdentifyResult: 26920,013013565869,12,
2017-03-24 15:34:12 INFO AddIdentifyResult: 26920,013013565869,10,reg/013013565869_0324153439|reg/013013565869_0324153439|reg/013013565869_
2017-03-24 15:34:12 INFO UpdateUserState: 013013565869,1
2017-03-24 15:34:43 INFO AddIdentifyResult: 26921,013013565869,-1,
2017-03-24 15:34:52 INFO AddIdentifyResult: 26921,013013565869,-3,
2017-03-24 15:35:44 INFO AddIdentifyResult: 26921,013013565869,0,ver/03/24/153714_013013565869.wav
2017-03-24 15:42:11 INFO AddIdentifyResult: 26922,013001560835,-1,
2017-03-24 15:42:21 INFO AddIdentifyResult: 26922,013001560835,-3,
2017-03-24 15:44:18 INFO AddIdentifyResult: 26922,013001560835,12,
2017-03-24 15:44:24 INFO AddIdentifyResult: 26922,013001560835,10,reg/013001560835_0324154443|reg/013001560835_0324154443|reg/013001560835_
2017-03-24 15:44:25 INFO UpdateUserState: 013001560835,1
2017-03-24 15:44:49 INFO AddIdentifyResult: 26923,013001560835,-1,
2017-03-24 15:44:57 INFO AddIdentifyResult: 26923,013001560835,-3,
2017-03-24 15:45:48 INFO AddIdentifyResult: 26923,013001560835,0,ver/03/24/154719_013001560835.wav
2017-03-24 15:46:08 INFO AddIdentifyResult: 26924,013012918589,-1,
2017-03-24 15:46:15 INFO AddIdentifyResult: 26924,013012918589,-3,
2017-03-24 15:46:20 INFO AddIdentifyResult: 26925,013475282773,-1,
2017-03-24 15:46:28 INFO AddIdentifyResult: 26925,013475282773,-3,
2017-03-24 15:48:03 INFO AddIdentifyResult: 26924,013012918589,12,
2017-03-24 15:48:09 INFO AddIdentifyResult: 26924,013012918589,10,reg/013012918589_0324154837|reg/013012918589_0324154837|reg/013012918589_
2017-03-24 15:48:10 INFO UpdateUserState: 013012918589,1
2017-03-24 15:48:17 INFO AddIdentifyResult: 26925,013475282773,12,
2017-03-24 15:48:25 INFO AddIdentifyResult: 26925,013475282773,10,reg/013475282773_0324154850|reg/013475282773_0324154850|reg/013475282773_
2017-03-24 15:48:25 INFO UpdateUserState: 013475282773,1
2017-03-24 15:48:29 INFO AddIdentifyResult: 26926,013475282773,-1,
2017-03-24 15:48:37 INFO AddIdentifyResult: 26926,013475282773,-3,
2017-03-24 15:49:29 INFO AddIdentifyResult: 26926,013475282773,0,ver/03/24/155059_013475282773.wav
2017-03-24 15:57:59 INFO AddIdentifyResult: 26927,013013565536,-1,
2017-03-24 15:58:08 INFO AddIdentifyResult: 26927,013013565536,-3,
2017-03-24 15:58:21 INFO AddIdentifyResult: 26928,013001560627,-1,
2017-03-24 15:58:28 INFO AddIdentifyResult: 26928,013001560627,-3,
2017-03-24 15:58:44 INFO AddIdentifyResult: 26928,013001560627,11,reg/013001560627_|reg/013001560627_|reg/013001560627_
2017-03-24 15:58:46 INFO AddIdentifyResult: 26929,015629294725,-1,
2017-03-24 15:58:51 INFO AddIdentifyResult: 26930,013001560627,-1,
2017-03-24 15:58:57 INFO AddIdentifyResult: 26930,013001560627,-3,
2017-03-24 15:59:01 INFO AddIdentifyResult: 26929,015629294725,-3,
2017-03-24 15:59:44 INFO AddIdentifyResult: 26927,013013565536,12,
2017-03-24 15:59:51 INFO AddIdentifyResult: 26927,013013565536,10,reg/013013565536_0324160030|reg/013013565536_0324160030|reg/013013565536_
2017-03-24 15:59:51 INFO UpdateUserState: 013013565536,1
2017-03-24 16:00:03 INFO AddIdentifyResult: 26931,013013565536,-1,
2017-03-24 16:00:16 INFO AddIdentifyResult: 26931,013013565536,-3,
2017-03-24 16:00:42 INFO AddIdentifyResult: 26930,013001560627,12,
2017-03-24 16:00:49 INFO AddIdentifyResult: 26930,013001560627,10,reg/013001560627_0324160118|reg/013001560627_0324160118|reg/013001560627_
2017-03-24 16:00:49 INFO UpdateUserState: 013001560627,1
2017-03-24 16:01:07 INFO AddIdentifyResult: 26932,013001560627,-1,
2017-03-24 16:01:09 INFO AddIdentifyResult: 26931,013013565536,0,ver/03/24/160239_013013565536.wav
2017-03-24 16:01:15 INFO AddIdentifyResult: 26932,013001560627,-3,
2017-03-24 16:01:42 INFO AddIdentifyResult: 26929,015629294725,12,
2017-03-24 16:01:49 INFO AddIdentifyResult: 26929,015629294725,10,reg/015629294725_0324160326|reg/015629294725_0324160326|reg/015629294725_0324160123
2017-03-24 16:01:49 INFO UpdateUserState: 015629294725,1
2017-03-24 16:02:06 INFO AddIdentifyResult: 26932,013001560627,0,ver/03/24/160337_013001560627.wav
2017-03-24 16:04:49 INFO AddIdentifyResult: 26933,013212382159,-1,
2017-03-24 16:05:08 INFO AddIdentifyResult: 26933,013212382159,-3,
2017-03-24 16:06:51 INFO AddIdentifyResult: 26933,013212382159,12,
2017-03-24 16:06:57 INFO AddIdentifyResult: 26933,013212382159,10,reg/013212382159_0324160730|reg/013212382159_0324160730|reg/013212382159_
2017-03-24 16:06:58 INFO UpdateUserState: 013212382159,1
2017-03-24 16:19:26 INFO AddIdentifyResult: 26934,013013566378,-1,
2017-03-24 16:20:11 INFO AddIdentifyResult: 26935,013013566378,-1,
2017-03-24 16:20:57 INFO AddIdentifyResult: 26936,013013566378,-1,
2017-03-24 16:21:29 INFO AddIdentifyResult: 26937,013013566378,-1,
2017-03-24 16:22:22 INFO AddIdentifyResult: 26938,013013566378,-1,
2017-03-24 16:31:35 INFO AddIdentifyResult: 26939,013013562502,-1,
2017-03-24 16:31:45 INFO AddIdentifyResult: 26939,013013562502,-3,
2017-03-24 16:33:21 INFO AddIdentifyResult: 26939,013013562502,12,
2017-03-24 16:33:28 INFO AddIdentifyResult: 26939,013013562502,10,reg/013013562502_0324163453|reg/013013562502_0324163453|reg/013013562502_0324163407
2017-03-24 16:33:28 INFO UpdateUserState: 013013562502,1
2017-03-24 16:35:12 INFO AddIdentifyResult: 26940,013013566378,-1,
2017-03-24 16:35:19 INFO AddIdentifyResult: 26940,013013566378,-3,
2017-03-24 16:36:54 INFO AddIdentifyResult: 26940,013013566378,12,
2017-03-24 16:37:02 INFO AddIdentifyResult: 26940,013013566378,10,reg/013013566378_0324163741|reg/013013566378_0324163741|reg/013013566378_
2017-03-24 16:37:02 INFO UpdateUserState: 013013566378,1
2017-03-24 16:38:59 INFO AddIdentifyResult: 26941,015254468052,-1,
2017-03-24 16:39:06 INFO AddIdentifyResult: 26941,015254468052,-3,
2017-03-24 16:40:58 INFO AddIdentifyResult: 26941,015254468052,12,
2017-03-24 16:41:06 INFO AddIdentifyResult: 26941,015254468052,10,reg/015254468052_0324164128|reg/015254468052_0324164128|reg/015254468052_
2017-03-24 16:41:06 INFO UpdateUserState: 015254468052,1
2017-03-24 17:09:04 INFO AddIdentifyResult: 0,018201323322,1,
2017-03-24 17:09:07 INFO AddIdentifyResult: 26942,018062286862,-1,
2017-03-24 17:09:51 INFO AddIdentifyResult: 26943,018062286862,-1,
2017-03-24 17:10:01 INFO AddIdentifyResult: 26943,018062286862,-3,
2017-03-24 17:10:11 INFO AddIdentifyResult: 26943,018062286862,11,reg/018062286862_|reg/018062286862_|reg/018062286862_
2017-03-24 17:10:16 INFO AddIdentifyResult: 26944,018062286862,-1,
2017-03-24 17:10:25 INFO AddIdentifyResult: 26944,018062286862,-3,
2017-03-24 17:11:45 INFO AddIdentifyResult: 26944,018062286862,12,
2017-03-24 17:11:52 INFO AddIdentifyResult: 26944,018062286862,10,reg/018062286862_0324171247|reg/018062286862_0324171247|reg/018062286862_
2017-03-24 17:11:52 INFO UpdateUserState: 018062286862,1
2017-03-24 17:12:52 INFO AddIdentifyResult: 26945,018062286862,-1,
2017-03-24 17:13:03 INFO AddIdentifyResult: 26945,018062286862,-3,
2017-03-24 17:13:56 INFO AddIdentifyResult: 26945,018062286862,0,ver/03/24/171526_018062286862.wav
