2017-04-01 07:55:13 INFO AddIdentifyResult: 0,015963083768,1,
2017-04-01 08:33:48 INFO AddIdentifyResult: 29317,018703643606,-1,
2017-04-01 08:34:01 INFO AddIdentifyResult: 29317,018703643606,-3,
2017-04-01 08:36:17 INFO AddIdentifyResult: 29317,018703643606,12,
2017-04-01 08:36:24 INFO AddIdentifyResult: 29317,018703643606,10,reg/018703643606_0401083731|reg/018703643606_0401083731|reg/018703643606_0401083556
2017-04-01 08:36:24 INFO UpdateUserState: 018703643606,1
2017-04-01 08:38:41 INFO AddIdentifyResult: 29318,018703643606,-1,
2017-04-01 08:38:53 INFO AddIdentifyResult: 29318,018703643606,-3,
2017-04-01 08:39:45 INFO AddIdentifyResult: 29318,018703643606,0,ver/04/01/084049_018703643606.wav
2017-04-01 08:45:26 INFO AddIdentifyResult: 29319,015836956937,-1,
2017-04-01 08:45:39 INFO AddIdentifyResult: 29319,015836956937,-3,
2017-04-01 08:47:54 INFO AddIdentifyResult: 29319,015836956937,12,
2017-04-01 08:48:00 INFO AddIdentifyResult: 29319,015836956937,10,reg/015836956937_0401084919|reg/015836956937_0401084919|reg/015836956937_0401084734
2017-04-01 08:48:00 INFO UpdateUserState: 015836956937,1
2017-04-01 08:49:23 INFO AddIdentifyResult: 29320,015836956937,-1,
2017-04-01 08:49:40 INFO AddIdentifyResult: 29320,015836956937,-3,
2017-04-01 08:51:11 INFO AddIdentifyResult: 29320,015836956937,0,ver/04/01/085214_015836956937.wav
2017-04-01 08:56:09 INFO AddIdentifyResult: 29321,18754676098,-1,
2017-04-01 08:56:40 INFO AddIdentifyResult: 29322,018754676098,-1,
2017-04-01 08:56:50 INFO AddIdentifyResult: 29322,018754676098,-3,
2017-04-01 08:58:58 INFO AddIdentifyResult: 29322,018754676098,12,
2017-04-01 08:59:06 INFO AddIdentifyResult: 29322,018754676098,10,reg/018754676098_0401085845|reg/018754676098_0401085845|reg/018754676098_
2017-04-01 08:59:07 INFO UpdateUserState: 018754676098,1
2017-04-01 08:59:15 INFO AddIdentifyResult: 29323,018703643606,-1,
2017-04-01 08:59:30 INFO AddIdentifyResult: 29324,018754676098,-1,
2017-04-01 08:59:37 INFO AddIdentifyResult: 29323,018703643606,-3,
2017-04-01 08:59:40 INFO AddIdentifyResult: 29324,018754676098,-3,
2017-04-01 08:59:44 INFO AddIdentifyResult: 29323,018703643606,11,reg/018703643606_|reg/018703643606_|reg/018703643606_
2017-04-01 09:00:33 INFO AddIdentifyResult: 29324,018754676098,0,ver/04/01/090136_018754676098.wav
2017-04-01 09:36:04 INFO AddIdentifyResult: 29325,013285467030,-1,
2017-04-01 09:38:58 INFO AddIdentifyResult: 29326,013285467030,-1,
2017-04-01 09:39:08 INFO AddIdentifyResult: 29326,013285467030,-3,
2017-04-01 09:39:34 INFO AddIdentifyResult: 29327,013287303710,-1,
2017-04-01 09:39:39 INFO AddIdentifyResult: 29327,013287303710,-3,
2017-04-01 09:40:43 INFO AddIdentifyResult: 29326,013285467030,11,reg/013285467030_|reg/013285467030_|reg/013285467030_
2017-04-01 09:41:16 INFO AddIdentifyResult: 29328,013285467030,-1,
2017-04-01 09:41:28 INFO AddIdentifyResult: 29328,013285467030,-3,
2017-04-01 09:42:00 INFO AddIdentifyResult: 29327,013287303710,12,
2017-04-01 09:42:07 INFO AddIdentifyResult: 29327,013287303710,10,reg/013287303710_0401094135|reg/013287303710_0401094135|reg/013287303710_
2017-04-01 09:42:07 INFO UpdateUserState: 013287303710,1
2017-04-01 09:42:26 INFO AddIdentifyResult: 29329,013789835715,-1,
2017-04-01 09:42:33 INFO AddIdentifyResult: 29329,013789835715,-3,
2017-04-01 09:43:09 INFO AddIdentifyResult: 29328,013285467030,12,
2017-04-01 09:43:15 INFO AddIdentifyResult: 29328,013285467030,10,reg/013285467030_0401094442|reg/013285467030_0401094442|reg/013285467030_0401094323
2017-04-01 09:43:15 INFO UpdateUserState: 013285467030,1
2017-04-01 09:44:56 INFO AddIdentifyResult: 29329,013789835715,12,
2017-04-01 09:45:03 INFO AddIdentifyResult: 29329,013789835715,10,reg/013789835715_0401094624|reg/013789835715_0401094624|reg/013789835715_0401094429
2017-04-01 09:45:03 INFO UpdateUserState: 013789835715,1
2017-04-01 09:45:22 INFO AddIdentifyResult: 29330,013789835715,-1,
2017-04-01 09:45:32 INFO AddIdentifyResult: 29330,013789835715,-3,
2017-04-01 09:46:16 INFO AddIdentifyResult: 29331,013287305780,-1,
2017-04-01 09:46:22 INFO AddIdentifyResult: 29331,013287305780,-3,
2017-04-01 09:46:24 INFO AddIdentifyResult: 29330,013789835715,0,ver/04/01/094728_013789835715.wav
2017-04-01 09:48:15 INFO AddIdentifyResult: 29331,013287305780,12,
2017-04-01 09:48:22 INFO AddIdentifyResult: 29331,013287305780,10,reg/013287305780_0401094941|reg/013287305780_0401094941|reg/013287305780_0401094817
2017-04-01 09:48:22 INFO UpdateUserState: 013287305780,1
2017-04-01 09:48:53 INFO AddIdentifyResult: 29332,013287305780,-1,
2017-04-01 09:48:59 INFO AddIdentifyResult: 29332,013287305780,-3,
2017-04-01 09:49:51 INFO AddIdentifyResult: 29332,013287305780,0,ver/04/01/095055_013287305780.wav
2017-04-01 09:55:36 INFO AddIdentifyResult: 29333,013012917880,-1,
2017-04-01 09:55:43 INFO AddIdentifyResult: 29333,013012917880,-3,
2017-04-01 09:57:56 INFO AddIdentifyResult: 29333,013012917880,12,
2017-04-01 09:58:03 INFO AddIdentifyResult: 29333,013012917880,10,reg/013012917880_0401095738|reg/013012917880_0401095738|reg/013012917880_
2017-04-01 09:58:03 INFO UpdateUserState: 013012917880,1
2017-04-01 10:01:36 INFO AddIdentifyResult: 29334,013012903953,-1,
2017-04-01 10:01:48 INFO AddIdentifyResult: 29334,013012903953,-3,
2017-04-01 10:05:12 INFO AddIdentifyResult: 29334,013012903953,12,
2017-04-01 10:05:19 INFO AddIdentifyResult: 29334,013012903953,10,reg/013012903953_0401100623|reg/013012903953_0401100623|reg/013012903953_0401100343
2017-04-01 10:05:19 INFO UpdateUserState: 013012903953,1
2017-04-01 10:06:28 INFO AddIdentifyResult: 29335,013012903953,-1,
2017-04-01 10:06:36 INFO AddIdentifyResult: 29335,013012903953,-3,
2017-04-01 10:07:27 INFO AddIdentifyResult: 29335,013012903953,0,ver/04/01/100832_013012903953.wav
2017-04-01 10:09:03 INFO AddIdentifyResult: 29336,013001561272,-1,
2017-04-01 10:09:14 INFO AddIdentifyResult: 29336,013001561272,-3,
2017-04-01 10:11:11 INFO AddIdentifyResult: 29336,013001561272,12,
2017-04-01 10:11:20 INFO AddIdentifyResult: 29336,013001561272,10,reg/013001561272_0401101110|reg/013001561272_0401101110|reg/013001561272_
2017-04-01 10:11:20 INFO UpdateUserState: 013001561272,1
2017-04-01 10:12:24 INFO AddIdentifyResult: 29337,013001561272,-1,
2017-04-01 10:12:31 INFO AddIdentifyResult: 29337,013001561272,-3,
2017-04-01 10:12:32 INFO AddIdentifyResult: 29338,13833010374,-1,
2017-04-01 10:13:23 INFO AddIdentifyResult: 29337,013001561272,0,ver/04/01/101427_013001561272.wav
2017-04-01 10:13:39 INFO AddIdentifyResult: 29339,013287302310,-1,
2017-04-01 10:13:41 INFO AddIdentifyResult: 29340,013833010374,-1,
2017-04-01 10:13:44 INFO AddIdentifyResult: 29339,013287302310,-3,
2017-04-01 10:13:50 INFO AddIdentifyResult: 29340,013833010374,-3,
2017-04-01 10:15:38 INFO AddIdentifyResult: 29340,013833010374,11,reg/013833010374_|reg/013833010374_|reg/013833010374_
2017-04-01 10:15:53 INFO AddIdentifyResult: 29341,013833010374,-1,
2017-04-01 10:16:00 INFO AddIdentifyResult: 29341,013833010374,-3,
2017-04-01 10:16:09 INFO AddIdentifyResult: 29339,013287302310,12,
2017-04-01 10:16:16 INFO AddIdentifyResult: 29339,013287302310,10,reg/013287302310_0401101540|reg/013287302310_0401101540|reg/013287302310_
2017-04-01 10:16:16 INFO UpdateUserState: 013287302310,1
2017-04-01 10:16:24 INFO AddIdentifyResult: 29342,015553850786,-1,
2017-04-01 10:17:42 INFO AddIdentifyResult: 29341,013833010374,12,
2017-04-01 10:17:48 INFO AddIdentifyResult: 29341,013833010374,10,reg/013833010374_0401101919|reg/013833010374_0401101919|reg/013833010374_0401101756
2017-04-01 10:17:48 INFO UpdateUserState: 013833010374,1
2017-04-01 10:18:04 INFO AddIdentifyResult: 29343,013833010374,-1,
2017-04-01 10:18:07 INFO AddIdentifyResult: 29344,015553850786,-1,
2017-04-01 10:18:12 INFO AddIdentifyResult: 29343,013833010374,-3,
2017-04-01 10:19:04 INFO AddIdentifyResult: 29343,013833010374,0,ver/04/01/102008_013833010374.wav
2017-04-01 10:21:27 INFO AddIdentifyResult: 29345,013553162502,-1,
2017-04-01 10:21:36 INFO AddIdentifyResult: 29345,013553162502,-3,
2017-04-01 10:25:18 INFO AddIdentifyResult: 29345,013553162502,12,
2017-04-01 10:25:25 INFO AddIdentifyResult: 29345,013553162502,10,reg/013553162502_0401102623|reg/013553162502_0401102623|reg/013553162502_0401102332
2017-04-01 10:25:25 INFO UpdateUserState: 013553162502,1
2017-04-01 10:26:17 INFO AddIdentifyResult: 29346,015613270091,-1,
2017-04-01 10:26:24 INFO AddIdentifyResult: 29346,015613270091,-3,
2017-04-01 10:28:02 INFO AddIdentifyResult: 29346,015613270091,12,
2017-04-01 10:28:10 INFO AddIdentifyResult: 29346,015613270091,10,reg/015613270091_0401102819|reg/015613270091_0401102819|reg/015613270091_
2017-04-01 10:28:10 INFO UpdateUserState: 015613270091,1
2017-04-01 10:28:26 INFO AddIdentifyResult: 29347,015613270091,-1,
2017-04-01 10:28:33 INFO AddIdentifyResult: 29347,015613270091,-3,
2017-04-01 10:29:25 INFO AddIdentifyResult: 29347,015613270091,0,ver/04/01/103029_015613270091.wav
2017-04-01 10:35:22 INFO AddIdentifyResult: 29348,013287303780,-1,
2017-04-01 10:35:34 INFO AddIdentifyResult: 29348,013287303780,-3,
2017-04-01 10:38:09 INFO AddIdentifyResult: 29349,015633219551,-1,
2017-04-01 10:38:16 INFO AddIdentifyResult: 29349,015633219551,-3,
2017-04-01 10:38:27 INFO AddIdentifyResult: 29348,013287303780,12,
2017-04-01 10:38:34 INFO AddIdentifyResult: 29348,013287303780,10,reg/013287303780_0401103954|reg/013287303780_0401103954|reg/013287303780_0401103730
2017-04-01 10:38:34 INFO UpdateUserState: 013287303780,1
2017-04-01 10:40:22 INFO AddIdentifyResult: 29349,015633219551,12,
2017-04-01 10:40:29 INFO AddIdentifyResult: 29349,015633219551,10,reg/015633219551_0401104012|reg/015633219551_0401104012|reg/015633219551_
2017-04-01 10:40:29 INFO UpdateUserState: 015633219551,1
2017-04-01 10:40:36 INFO AddIdentifyResult: 29350,015633219551,-1,
2017-04-01 10:40:41 INFO AddIdentifyResult: 29350,015633219551,-3,
2017-04-01 10:41:32 INFO AddIdentifyResult: 29350,015633219551,0,ver/04/01/104237_015633219551.wav
2017-04-01 10:43:47 INFO AddIdentifyResult: 29351,13329903931,-1,
2017-04-01 10:43:55 INFO AddIdentifyResult: 29351,13329903931,-3,
2017-04-01 10:45:12 INFO AddIdentifyResult: 29352,015613290021,-1,
2017-04-01 10:45:17 INFO AddIdentifyResult: 29352,015613290021,-3,
2017-04-01 10:47:10 INFO AddIdentifyResult: 29352,015613290021,12,
2017-04-01 10:47:10 INFO AddIdentifyResult: 29351,13329903931,12,
2017-04-01 10:47:16 INFO AddIdentifyResult: 29352,015613290021,10,reg/015613290021_0401104712|reg/015613290021_0401104712|reg/015613290021_
2017-04-01 10:47:16 INFO UpdateUserState: 015613290021,1
2017-04-01 10:47:18 INFO AddIdentifyResult: 29353,015613290021,-1,
2017-04-01 10:47:23 INFO AddIdentifyResult: 29353,015613290021,-3,
2017-04-01 10:47:23 INFO AddIdentifyResult: 29351,13329903931,10,reg/13329903931_0401104814|reg/13329903931_0401104814|reg/13329903931_0401104551
2017-04-01 10:47:24 INFO UpdateUserState: 13329903931,1
2017-04-01 10:48:15 INFO AddIdentifyResult: 29353,015613290021,0,ver/04/01/104919_015613290021.wav
2017-04-01 10:48:27 INFO AddIdentifyResult: 29354,017717176145,-1,
2017-04-01 10:48:33 INFO AddIdentifyResult: 29354,017717176145,-3,
2017-04-01 10:49:44 INFO AddIdentifyResult: 29355,013287309390,-1,
2017-04-01 10:49:52 INFO AddIdentifyResult: 29356,018618457910,-1,
2017-04-01 10:49:56 INFO AddIdentifyResult: 29355,013287309390,-3,
2017-04-01 10:49:58 INFO AddIdentifyResult: 29356,018618457910,-3,
2017-04-01 10:50:16 INFO AddIdentifyResult: 29354,017717176145,12,
2017-04-01 10:50:23 INFO AddIdentifyResult: 29354,017717176145,10,reg/017717176145_0401105028|reg/017717176145_0401105028|reg/017717176145_
2017-04-01 10:50:23 INFO UpdateUserState: 017717176145,1
2017-04-01 10:50:30 INFO AddIdentifyResult: 29357,017717176145,-1,
2017-04-01 10:50:38 INFO AddIdentifyResult: 29357,017717176145,-3,
2017-04-01 10:51:30 INFO AddIdentifyResult: 29357,017717176145,0,ver/04/01/105234_017717176145.wav
2017-04-01 10:51:51 INFO AddIdentifyResult: 0,013013560882,1,
2017-04-01 10:52:04 INFO AddIdentifyResult: 29355,013287309390,12,
2017-04-01 10:52:11 INFO AddIdentifyResult: 29355,013287309390,10,reg/013287309390_0401105315|reg/013287309390_0401105315|reg/013287309390_0401105152
2017-04-01 10:52:11 INFO UpdateUserState: 013287309390,1
2017-04-01 10:52:58 INFO AddIdentifyResult: 29359,013287309390,-1,
2017-04-01 10:53:05 INFO AddIdentifyResult: 29359,013287309390,-3,
2017-04-01 10:53:08 INFO AddIdentifyResult: 29356,018618457910,11,reg/018618457910_|reg/018618457910_|reg/018618457910_
2017-04-01 10:53:57 INFO AddIdentifyResult: 29359,013287309390,0,ver/04/01/105501_013287309390.wav
2017-04-01 10:59:17 INFO AddIdentifyResult: 29360,015612237609,-1,
2017-04-01 10:59:23 INFO AddIdentifyResult: 29360,015612237609,-3,
2017-04-01 11:00:07 INFO AddIdentifyResult: 0,017371146171,1,
2017-04-01 11:01:03 INFO AddIdentifyResult: 0,017371149171,1,ver/04/01/110241_017371149171.wav
2017-04-01 11:01:10 INFO AddIdentifyResult: 29363,013475269247,-1,
2017-04-01 11:01:18 INFO AddIdentifyResult: 29363,013475269247,-3,
2017-04-01 11:01:28 INFO AddIdentifyResult: 0,017371149171,2,ver/04/01/110306_017371149171.wav
2017-04-01 11:02:05 INFO AddIdentifyResult: 29360,015612237609,12,
2017-04-01 11:02:13 INFO AddIdentifyResult: 29360,015612237609,10,reg/015612237609_0401110319|reg/015612237609_0401110319|reg/015612237609_0401110118
2017-04-01 11:02:13 INFO UpdateUserState: 015612237609,1
2017-04-01 11:02:16 INFO AddIdentifyResult: 29364,015612237609,-1,
2017-04-01 11:02:23 INFO AddIdentifyResult: 29364,015612237609,-3,
2017-04-01 11:03:14 INFO AddIdentifyResult: 29364,015612237609,0,ver/04/01/110419_015612237609.wav
2017-04-01 11:03:17 INFO AddIdentifyResult: 29363,013475269247,12,
2017-04-01 11:03:25 INFO AddIdentifyResult: 29363,013475269247,10,reg/013475269247_0401110314|reg/013475269247_0401110314|reg/013475269247_
2017-04-01 11:03:26 INFO UpdateUserState: 013475269247,1
2017-04-01 11:03:28 INFO AddIdentifyResult: 29365,013733391744,-1,
2017-04-01 11:03:37 INFO AddIdentifyResult: 29365,013733391744,-3,
2017-04-01 11:04:05 INFO AddIdentifyResult: 29366,013475269247,-1,
2017-04-01 11:04:14 INFO AddIdentifyResult: 29366,013475269247,-3,
2017-04-01 11:05:06 INFO AddIdentifyResult: 29366,013475269247,0,ver/04/01/110610_013475269247.wav
2017-04-01 11:05:35 INFO AddIdentifyResult: 29365,013733391744,12,
2017-04-01 11:05:43 INFO AddIdentifyResult: 29365,013733391744,10,reg/013733391744_0401110533|reg/013733391744_0401110533|reg/013733391744_
2017-04-01 11:05:43 INFO UpdateUserState: 013733391744,1
2017-04-01 11:05:49 INFO AddIdentifyResult: 29367,013733391744,-1,
2017-04-01 11:05:56 INFO AddIdentifyResult: 29367,013733391744,-3,
2017-04-01 11:06:48 INFO AddIdentifyResult: 29367,013733391744,0,ver/04/01/110752_013733391744.wav
2017-04-01 11:09:04 INFO AddIdentifyResult: 29368,015612283209,-1,
2017-04-01 11:09:17 INFO AddIdentifyResult: 29369,015081248756,-1,
2017-04-01 11:09:25 INFO AddIdentifyResult: 29369,015081248756,-3,
2017-04-01 11:10:49 INFO AddIdentifyResult: 29369,015081248756,12,
2017-04-01 11:10:56 INFO AddIdentifyResult: 29369,015081248756,10,reg/015081248756_0401111121|reg/015081248756_0401111121|reg/015081248756_
2017-04-01 11:10:56 INFO UpdateUserState: 015081248756,1
2017-04-01 11:11:11 INFO AddIdentifyResult: 29370,015081248756,-1,
2017-04-01 11:11:17 INFO AddIdentifyResult: 29370,015081248756,-3,
2017-04-01 11:12:10 INFO AddIdentifyResult: 29370,015081248756,0,ver/04/01/111313_015081248756.wav
2017-04-01 11:12:36 INFO AddIdentifyResult: 29371,015612283209,-1,
2017-04-01 11:12:41 INFO AddIdentifyResult: 29371,015612283209,-3,
2017-04-01 11:14:29 INFO AddIdentifyResult: 29371,015612283209,12,
2017-04-01 11:14:35 INFO AddIdentifyResult: 29371,015612283209,10,reg/015612283209_0401111556|reg/015612283209_0401111556|reg/015612283209_0401111437
2017-04-01 11:14:35 INFO UpdateUserState: 015612283209,1
2017-04-01 11:14:40 INFO AddIdentifyResult: 29372,015612283209,-1,
2017-04-01 11:14:43 INFO AddIdentifyResult: 29372,015612283209,-3,
2017-04-01 11:15:35 INFO AddIdentifyResult: 29372,015612283209,0,ver/04/01/111639_015612283209.wav
2017-04-01 11:17:23 INFO AddIdentifyResult: 29373,018230022848,-1,
2017-04-01 11:17:39 INFO AddIdentifyResult: 29373,018230022848,-3,
2017-04-01 11:19:18 INFO AddIdentifyResult: 29373,018230022848,12,
2017-04-01 11:19:25 INFO AddIdentifyResult: 29373,018230022848,10,reg/018230022848_0401111935|reg/018230022848_0401111935|reg/018230022848_
2017-04-01 11:19:26 INFO UpdateUserState: 018230022848,1
2017-04-01 11:19:29 INFO AddIdentifyResult: 29374,018230022848,-1,
2017-04-01 11:19:39 INFO AddIdentifyResult: 29374,018230022848,-3,
2017-04-01 11:20:33 INFO AddIdentifyResult: 29374,018230022848,0,ver/04/01/112136_018230022848.wav
2017-04-01 11:20:53 INFO AddIdentifyResult: 29375,015612287913,-1,
2017-04-01 11:20:59 INFO AddIdentifyResult: 29375,015612287913,-3,
2017-04-01 11:22:21 INFO AddIdentifyResult: 29375,015612287913,12,
2017-04-01 11:22:27 INFO AddIdentifyResult: 29375,015612287913,10,reg/015612287913_0401112255|reg/015612287913_0401112255|reg/015612287913_
2017-04-01 11:22:27 INFO UpdateUserState: 015612287913,1
2017-04-01 11:22:31 INFO AddIdentifyResult: 29376,015612287913,-1,
2017-04-01 11:22:38 INFO AddIdentifyResult: 29376,015612287913,-3,
2017-04-01 11:23:30 INFO AddIdentifyResult: 29376,015612287913,0,ver/04/01/112434_015612287913.wav
2017-04-01 11:25:32 INFO AddIdentifyResult: 29377,015230443575,-1,
2017-04-01 11:25:40 INFO AddIdentifyResult: 29377,015230443575,-3,
2017-04-01 11:27:04 INFO AddIdentifyResult: 29377,015230443575,12,
2017-04-01 11:27:11 INFO AddIdentifyResult: 29377,015230443575,10,reg/015230443575_0401112736|reg/015230443575_0401112736|reg/015230443575_
2017-04-01 11:27:11 INFO UpdateUserState: 015230443575,1
2017-04-01 11:27:15 INFO AddIdentifyResult: 29378,015230443575,-1,
2017-04-01 11:27:23 INFO AddIdentifyResult: 29378,015230443575,-3,
2017-04-01 11:28:15 INFO AddIdentifyResult: 29378,015230443575,0,ver/04/01/112919_015230443575.wav
2017-04-01 11:28:36 INFO AddIdentifyResult: 29379,015612293353,-1,
2017-04-01 11:28:43 INFO AddIdentifyResult: 29379,015612293353,-3,
2017-04-01 11:30:44 INFO AddIdentifyResult: 29379,015612293353,12,
2017-04-01 11:30:51 INFO AddIdentifyResult: 29379,015612293353,10,reg/015612293353_0401113205|reg/015612293353_0401113205|reg/015612293353_0401113039
2017-04-01 11:30:51 INFO UpdateUserState: 015612293353,1
2017-04-01 11:30:58 INFO AddIdentifyResult: 29380,015612293353,-1,
2017-04-01 11:31:02 INFO AddIdentifyResult: 29380,015612293353,-3,
2017-04-01 11:31:55 INFO AddIdentifyResult: 29380,015612293353,0,ver/04/01/113259_015612293353.wav
2017-04-01 11:33:28 INFO AddIdentifyResult: 29381,015612296361,-1,
2017-04-01 11:33:33 INFO AddIdentifyResult: 29381,015612296361,-3,
2017-04-01 11:34:58 INFO AddIdentifyResult: 29382,013035373955,-1,
2017-04-01 11:35:17 INFO AddIdentifyResult: 29382,013035373955,-3,
2017-04-01 11:35:19 INFO AddIdentifyResult: 29382,013035373955,11,reg/013035373955_|reg/013035373955_|reg/013035373955_
2017-04-01 11:35:20 INFO AddIdentifyResult: 29381,015612296361,12,
2017-04-01 11:35:28 INFO AddIdentifyResult: 29381,015612296361,10,reg/015612296361_0401113529|reg/015612296361_0401113529|reg/015612296361_
2017-04-01 11:35:28 INFO UpdateUserState: 015612296361,1
2017-04-01 11:35:28 INFO AddIdentifyResult: 29383,015612296361,-1,
2017-04-01 11:35:32 INFO AddIdentifyResult: 29383,015612296361,-3,
2017-04-01 11:35:35 INFO AddIdentifyResult: 29384,013035373955,-1,
2017-04-01 11:35:41 INFO AddIdentifyResult: 29383,015612296361,1,
2017-04-01 11:35:46 INFO AddIdentifyResult: 29384,013035373955,-3,
2017-04-01 11:36:12 INFO AddIdentifyResult: 29385,015612296361,-1,
2017-04-01 11:36:16 INFO AddIdentifyResult: 29385,015612296361,-3,
2017-04-01 11:37:08 INFO AddIdentifyResult: 29385,015612296361,0,ver/04/01/113812_015612296361.wav
2017-04-01 11:38:36 INFO AddIdentifyResult: 29384,013035373955,12,
2017-04-01 11:38:39 INFO AddIdentifyResult: 29386,015612287719,-1,
2017-04-01 11:38:42 INFO AddIdentifyResult: 29384,013035373955,10,reg/013035373955_0401113948|reg/013035373955_0401113948|reg/013035373955_0401113742
2017-04-01 11:38:42 INFO UpdateUserState: 013035373955,1
2017-04-01 11:38:46 INFO AddIdentifyResult: 29386,015612287719,-3,
2017-04-01 11:40:40 INFO AddIdentifyResult: 29386,015612287719,12,
2017-04-01 11:40:40 INFO AddIdentifyResult: 29387,015819825811,-1,
2017-04-01 11:40:47 INFO AddIdentifyResult: 29386,015612287719,10,reg/015612287719_0401114042|reg/015612287719_0401114042|reg/015612287719_
2017-04-01 11:40:47 INFO UpdateUserState: 015612287719,1
2017-04-01 11:40:49 INFO AddIdentifyResult: 29388,015612287719,-1,
2017-04-01 11:40:54 INFO AddIdentifyResult: 29387,015819825811,-3,
2017-04-01 11:40:55 INFO AddIdentifyResult: 29388,015612287719,-3,
2017-04-01 11:41:47 INFO AddIdentifyResult: 29388,015612287719,0,ver/04/01/114251_015612287719.wav
2017-04-01 11:43:24 INFO AddIdentifyResult: 29387,015819825811,12,
2017-04-01 11:43:31 INFO AddIdentifyResult: 29387,015819825811,10,reg/015819825811_0401114449|reg/015819825811_0401114449|reg/015819825811_0401114249
2017-04-01 11:43:31 INFO UpdateUserState: 015819825811,1
2017-04-01 11:43:48 INFO AddIdentifyResult: 29389,015690235817,-1,
2017-04-01 11:43:52 INFO AddIdentifyResult: 29389,015690235817,-3,
2017-04-01 11:45:28 INFO AddIdentifyResult: 29389,015690235817,12,
2017-04-01 11:45:35 INFO AddIdentifyResult: 29389,015690235817,10,reg/015690235817_0401114548|reg/015690235817_0401114548|reg/015690235817_
2017-04-01 11:45:35 INFO UpdateUserState: 015690235817,1
2017-04-01 11:45:52 INFO AddIdentifyResult: 29390,015690235817,-1,
2017-04-01 11:45:58 INFO AddIdentifyResult: 29390,015690235817,-3,
2017-04-01 11:46:28 INFO AddIdentifyResult: 29391,013285467880,-1,
2017-04-01 11:46:41 INFO AddIdentifyResult: 29391,013285467880,-3,
2017-04-01 11:46:50 INFO AddIdentifyResult: 29390,015690235817,0,ver/04/01/114754_015690235817.wav
2017-04-01 11:48:29 INFO AddIdentifyResult: 29391,013285467880,12,
2017-04-01 11:48:35 INFO AddIdentifyResult: 29391,013285467880,10,reg/013285467880_0401114837|reg/013285467880_0401114837|reg/013285467880_
2017-04-01 11:48:35 INFO UpdateUserState: 013285467880,1
2017-04-01 11:48:55 INFO AddIdentifyResult: 29392,013285467880,-1,
2017-04-01 11:49:08 INFO AddIdentifyResult: 29392,013285467880,-3,
2017-04-01 11:49:26 INFO AddIdentifyResult: 29393,015612287780,-1,
2017-04-01 11:49:32 INFO AddIdentifyResult: 29393,015612287780,-3,
2017-04-01 11:50:00 INFO AddIdentifyResult: 29392,013285467880,0,ver/04/01/115104_013285467880.wav
2017-04-01 11:50:57 INFO AddIdentifyResult: 29394,015612287286,-1,
2017-04-01 11:51:04 INFO AddIdentifyResult: 29394,015612287286,-3,
2017-04-01 11:51:07 INFO AddIdentifyResult: 29393,015612287780,12,
2017-04-01 11:51:14 INFO AddIdentifyResult: 29393,015612287780,10,reg/015612287780_0401115127|reg/015612287780_0401115127|reg/015612287780_
2017-04-01 11:51:14 INFO UpdateUserState: 015612287780,1
2017-04-01 11:51:19 INFO AddIdentifyResult: 29395,015612287780,-1,
2017-04-01 11:51:23 INFO AddIdentifyResult: 29395,015612287780,-3,
2017-04-01 11:52:15 INFO AddIdentifyResult: 29395,015612287780,0,ver/04/01/115319_015612287780.wav
2017-04-01 11:52:26 INFO AddIdentifyResult: 29396,015097726828,-1,
2017-04-01 11:52:33 INFO AddIdentifyResult: 29396,015097726828,-3,
2017-04-01 11:52:38 INFO AddIdentifyResult: 29394,015612287286,12,
2017-04-01 11:52:45 INFO AddIdentifyResult: 29394,015612287286,10,reg/015612287286_0401115259|reg/015612287286_0401115259|reg/015612287286_
2017-04-01 11:52:45 INFO UpdateUserState: 015612287286,1
2017-04-01 11:52:49 INFO AddIdentifyResult: 29397,015612287286,-1,
2017-04-01 11:52:53 INFO AddIdentifyResult: 29397,015612287286,-3,
2017-04-01 11:53:46 INFO AddIdentifyResult: 29397,015612287286,0,ver/04/01/115449_015612287286.wav
2017-04-01 11:54:08 INFO AddIdentifyResult: 29396,015097726828,12,
2017-04-01 11:54:15 INFO AddIdentifyResult: 29396,015097726828,10,reg/015097726828_0401115429|reg/015097726828_0401115429|reg/015097726828_
2017-04-01 11:54:16 INFO UpdateUserState: 015097726828,1
2017-04-01 11:54:18 INFO AddIdentifyResult: 29398,015097726828,-1,
2017-04-01 11:54:24 INFO AddIdentifyResult: 29398,015097726828,-3,
2017-04-01 11:55:18 INFO AddIdentifyResult: 29398,015097726828,0,ver/04/01/115621_015097726828.wav
2017-04-01 11:57:27 INFO AddIdentifyResult: 29399,015612281933,-1,
2017-04-01 11:57:29 INFO AddIdentifyResult: 29400,013287309780,-1,
2017-04-01 11:57:34 INFO AddIdentifyResult: 29401,015612282326,-1,
2017-04-01 11:57:34 INFO AddIdentifyResult: 29399,015612281933,-3,
2017-04-01 11:57:46 INFO AddIdentifyResult: 29400,013287309780,-3,
2017-04-01 11:57:47 INFO AddIdentifyResult: 29401,015612282326,-3,
2017-04-01 11:59:13 INFO AddIdentifyResult: 29399,015612281933,12,
2017-04-01 11:59:21 INFO AddIdentifyResult: 29399,015612281933,10,reg/015612281933_0401115930|reg/015612281933_0401115930|reg/015612281933_
2017-04-01 11:59:21 INFO UpdateUserState: 015612281933,1
2017-04-01 11:59:31 INFO AddIdentifyResult: 29401,015612282326,12,
2017-04-01 11:59:37 INFO AddIdentifyResult: 29401,015612282326,10,reg/015612282326_0401115943|reg/015612282326_0401115943|reg/015612282326_
2017-04-01 11:59:38 INFO UpdateUserState: 015612282326,1
2017-04-01 11:59:38 INFO AddIdentifyResult: 29402,015612281933,-1,
2017-04-01 11:59:43 INFO AddIdentifyResult: 29402,015612281933,-3,
2017-04-01 11:59:43 INFO AddIdentifyResult: 29403,015612282326,-1,
2017-04-01 11:59:53 INFO AddIdentifyResult: 29403,015612282326,-3,
2017-04-01 12:00:35 INFO AddIdentifyResult: 29402,015612281933,0,ver/04/01/120139_015612281933.wav
2017-04-01 12:00:46 INFO AddIdentifyResult: 29403,015612282326,0,ver/04/01/120150_015612282326.wav
2017-04-01 12:01:21 INFO AddIdentifyResult: 29404,013463282245,-1,
2017-04-01 12:01:32 INFO AddIdentifyResult: 29404,013463282245,-3,
2017-04-01 12:01:35 INFO AddIdentifyResult: 29400,013287309780,11,reg/013287309780_|reg/013287309780_|reg/013287309780_
2017-04-01 12:02:51 INFO AddIdentifyResult: 29405,015612283281,-1,
2017-04-01 12:02:55 INFO AddIdentifyResult: 29405,015612283281,-3,
2017-04-01 12:03:05 INFO AddIdentifyResult: 29404,013463282245,12,
2017-04-01 12:03:12 INFO AddIdentifyResult: 29404,013463282245,10,reg/013463282245_0401120328|reg/013463282245_0401120328|reg/013463282245_
2017-04-01 12:03:12 INFO UpdateUserState: 013463282245,1
2017-04-01 12:03:14 INFO AddIdentifyResult: 29406,013287309780,-1,
2017-04-01 12:03:24 INFO AddIdentifyResult: 29407,013463282245,-1,
2017-04-01 12:03:29 INFO AddIdentifyResult: 29406,013287309780,-3,
2017-04-01 12:03:34 INFO AddIdentifyResult: 29407,013463282245,-3,
2017-04-01 12:04:27 INFO AddIdentifyResult: 29407,013463282245,0,ver/04/01/120531_013463282245.wav
2017-04-01 12:04:33 INFO AddIdentifyResult: 29405,015612283281,12,
2017-04-01 12:04:39 INFO AddIdentifyResult: 29405,015612283281,10,reg/015612283281_0401120451|reg/015612283281_0401120451|reg/015612283281_
2017-04-01 12:04:40 INFO UpdateUserState: 015612283281,1
2017-04-01 12:05:00 INFO AddIdentifyResult: 29408,015612283281,-1,
2017-04-01 12:05:08 INFO AddIdentifyResult: 29408,015612283281,-3,
2017-04-01 12:05:30 INFO AddIdentifyResult: 29409,013287300930,-1,
2017-04-01 12:05:44 INFO AddIdentifyResult: 29410,013287300930,-1,
2017-04-01 12:05:46 INFO AddIdentifyResult: 29406,013287309780,12,
2017-04-01 12:05:51 INFO AddIdentifyResult: 29410,013287300930,-3,
2017-04-01 12:05:55 INFO AddIdentifyResult: 29406,013287309780,10,reg/013287309780_0401120525|reg/013287309780_0401120525|reg/013287309780_
2017-04-01 12:05:55 INFO UpdateUserState: 013287309780,1
2017-04-01 12:06:00 INFO AddIdentifyResult: 29408,015612283281,0,ver/04/01/120704_015612283281.wav
2017-04-01 12:06:19 INFO AddIdentifyResult: 29411,013287309780,-1,
2017-04-01 12:06:28 INFO AddIdentifyResult: 29411,013287309780,-3,
2017-04-01 12:07:20 INFO AddIdentifyResult: 29411,013287309780,0,ver/04/01/120824_013287309780.wav
2017-04-01 12:07:59 INFO AddIdentifyResult: 29410,013287300930,12,
2017-04-01 12:08:06 INFO AddIdentifyResult: 29410,013287300930,10,reg/013287300930_0401120747|reg/013287300930_0401120747|reg/013287300930_
2017-04-01 12:08:06 INFO UpdateUserState: 013287300930,1
2017-04-01 12:08:53 INFO AddIdentifyResult: 29412,013287305571,-1,
2017-04-01 12:08:58 INFO AddIdentifyResult: 29412,013287305571,-3,
2017-04-01 12:09:26 INFO AddIdentifyResult: 0,18986509581,1,
2017-04-01 12:10:29 INFO AddIdentifyResult: 29412,013287305571,12,
2017-04-01 12:10:36 INFO AddIdentifyResult: 29412,013287305571,10,reg/013287305571_0401121054|reg/013287305571_0401121054|reg/013287305571_
2017-04-01 12:10:37 INFO UpdateUserState: 013287305571,1
2017-04-01 12:10:41 INFO AddIdentifyResult: 29414,013287305571,-1,
2017-04-01 12:10:46 INFO AddIdentifyResult: 29414,013287305571,-3,
2017-04-01 12:11:38 INFO AddIdentifyResult: 29414,013287305571,0,ver/04/01/121242_013287305571.wav
2017-04-01 12:12:48 INFO AddIdentifyResult: 29415,015612289136,-1,
2017-04-01 12:12:52 INFO AddIdentifyResult: 29415,015612289136,-3,
2017-04-01 12:15:07 INFO AddIdentifyResult: 29415,015612289136,12,
2017-04-01 12:15:15 INFO AddIdentifyResult: 29415,015612289136,10,reg/015612289136_0401121448|reg/015612289136_0401121448|reg/015612289136_
2017-04-01 12:15:15 INFO UpdateUserState: 015612289136,1
2017-04-01 12:15:16 INFO AddIdentifyResult: 29416,015612289136,-1,
2017-04-01 12:15:21 INFO AddIdentifyResult: 29416,015612289136,-3,
2017-04-01 12:16:13 INFO AddIdentifyResult: 29416,015612289136,0,ver/04/01/121717_015612289136.wav
2017-04-01 12:20:24 INFO AddIdentifyResult: 29417,015612285039,-1,
2017-04-01 12:20:28 INFO AddIdentifyResult: 29417,015612285039,-3,
2017-04-01 12:22:45 INFO AddIdentifyResult: 29417,015612285039,12,
2017-04-01 12:22:51 INFO AddIdentifyResult: 29417,015612285039,10,reg/015612285039_0401122224|reg/015612285039_0401122224|reg/015612285039_
2017-04-01 12:22:52 INFO UpdateUserState: 015612285039,1
2017-04-01 12:22:59 INFO AddIdentifyResult: 29418,015612285039,-1,
2017-04-01 12:23:04 INFO AddIdentifyResult: 29418,015612285039,-3,
2017-04-01 12:23:55 INFO AddIdentifyResult: 29418,015612285039,0,ver/04/01/122500_015612285039.wav
2017-04-01 12:28:16 INFO AddIdentifyResult: 29419,015612282369,-1,
2017-04-01 12:28:21 INFO AddIdentifyResult: 29419,015612282369,-3,
2017-04-01 12:30:11 INFO AddIdentifyResult: 29419,015612282369,12,
2017-04-01 12:30:19 INFO AddIdentifyResult: 29419,015612282369,10,reg/015612282369_0401123017|reg/015612282369_0401123017|reg/015612282369_
2017-04-01 12:30:19 INFO UpdateUserState: 015612282369,1
2017-04-01 12:30:20 INFO AddIdentifyResult: 29420,015612282369,-1,
2017-04-01 12:30:27 INFO AddIdentifyResult: 29420,015612282369,-3,
2017-04-01 12:31:20 INFO AddIdentifyResult: 29420,015612282369,0,ver/04/01/123224_015612282369.wav
2017-04-01 12:32:46 INFO AddIdentifyResult: 29421,015690209109,-1,
2017-04-01 12:32:52 INFO AddIdentifyResult: 29421,015690209109,-3,
2017-04-01 12:34:53 INFO AddIdentifyResult: 29421,015690209109,12,
2017-04-01 12:35:01 INFO AddIdentifyResult: 29421,015690209109,10,reg/015690209109_0401123448|reg/015690209109_0401123448|reg/015690209109_
2017-04-01 12:35:01 INFO UpdateUserState: 015690209109,1
2017-04-01 12:35:11 INFO AddIdentifyResult: 29422,015690209109,-1,
2017-04-01 12:35:17 INFO AddIdentifyResult: 29422,015690209109,-3,
2017-04-01 12:36:09 INFO AddIdentifyResult: 29422,015690209109,0,ver/04/01/123713_015690209109.wav
2017-04-01 12:37:53 INFO AddIdentifyResult: 29423,015612286859,-1,
2017-04-01 12:38:04 INFO AddIdentifyResult: 29423,015612286859,-3,
2017-04-01 12:40:00 INFO AddIdentifyResult: 29423,015612286859,12,
2017-04-01 12:40:08 INFO AddIdentifyResult: 29424,015612286859,-4,2
2017-04-01 12:40:09 INFO AddIdentifyResult: 29423,015612286859,10,reg/015612286859_0401123959|reg/015612286859_0401123959|reg/015612286859_
2017-04-01 12:40:09 INFO UpdateUserState: 015612286859,1
2017-04-01 12:40:17 INFO AddIdentifyResult: 29425,015612286859,-1,
2017-04-01 12:40:57 INFO AddIdentifyResult: 29426,015612286859,-1,
2017-04-01 12:41:02 INFO AddIdentifyResult: 29426,015612286859,-3,
2017-04-01 12:42:04 INFO AddIdentifyResult: 29426,015612286859,0,ver/04/01/124308_015612286859.wav
2017-04-01 13:39:19 INFO AddIdentifyResult: 29427,013293296967,-1,
2017-04-01 13:39:31 INFO AddIdentifyResult: 29427,013293296967,-3,
2017-04-01 13:41:36 INFO AddIdentifyResult: 29428,013293296967,-1,
2017-04-01 13:42:01 INFO AddIdentifyResult: 29427,013293296967,11,reg/013293296967_|reg/013293296967_|reg/013293296967_
2017-04-01 14:06:39 INFO AddIdentifyResult: 29429,015612286296,-1,
2017-04-01 14:06:46 INFO AddIdentifyResult: 29429,015612286296,-3,
2017-04-01 14:08:45 INFO AddIdentifyResult: 29429,015612286296,12,
2017-04-01 14:08:53 INFO AddIdentifyResult: 29429,015612286296,10,reg/015612286296_0401140842|reg/015612286296_0401140842|reg/015612286296_
2017-04-01 14:08:53 INFO UpdateUserState: 015612286296,1
2017-04-01 14:08:56 INFO AddIdentifyResult: 29430,015612286296,-1,
2017-04-01 14:09:02 INFO AddIdentifyResult: 29430,015612286296,-3,
2017-04-01 14:09:55 INFO AddIdentifyResult: 29430,015612286296,0,ver/04/01/141059_015612286296.wav
2017-04-01 14:14:04 INFO AddIdentifyResult: 29431,015612288376,-1,
2017-04-01 14:14:12 INFO AddIdentifyResult: 29431,015612288376,-3,
2017-04-01 14:15:54 INFO AddIdentifyResult: 29431,015612288376,12,
2017-04-01 14:16:00 INFO AddIdentifyResult: 29431,015612288376,10,reg/015612288376_0401141608|reg/015612288376_0401141608|reg/015612288376_
2017-04-01 14:16:00 INFO UpdateUserState: 015612288376,1
2017-04-01 14:16:10 INFO AddIdentifyResult: 29432,015612288376,-1,
2017-04-01 14:16:16 INFO AddIdentifyResult: 29432,015612288376,-3,
2017-04-01 14:16:28 INFO AddIdentifyResult: 29432,015612288376,1,
2017-04-01 14:16:50 INFO AddIdentifyResult: 29433,015612288376,-1,
2017-04-01 14:16:59 INFO AddIdentifyResult: 29433,015612288376,-3,
2017-04-01 14:17:50 INFO AddIdentifyResult: 29433,015612288376,0,ver/04/01/141855_015612288376.wav
2017-04-01 14:22:44 INFO AddIdentifyResult: 29434,015612285563,-1,
2017-04-01 14:22:49 INFO AddIdentifyResult: 29434,015612285563,-3,
2017-04-01 14:24:48 INFO AddIdentifyResult: 29434,015612285563,12,
2017-04-01 14:24:55 INFO AddIdentifyResult: 29434,015612285563,10,reg/015612285563_0401142445|reg/015612285563_0401142445|reg/015612285563_
2017-04-01 14:24:55 INFO UpdateUserState: 015612285563,1
2017-04-01 14:25:00 INFO AddIdentifyResult: 29435,015612285563,-1,
2017-04-01 14:25:07 INFO AddIdentifyResult: 29435,015612285563,-3,
2017-04-01 14:25:58 INFO AddIdentifyResult: 29435,015612285563,0,ver/04/01/142703_015612285563.wav
2017-04-01 14:28:00 INFO AddIdentifyResult: 29436,013287303181,-1,
2017-04-01 14:28:14 INFO AddIdentifyResult: 29436,013287303181,-3,
2017-04-01 14:29:51 INFO AddIdentifyResult: 29436,013287303181,12,
2017-04-01 14:29:58 INFO AddIdentifyResult: 29436,013287303181,10,reg/013287303181_0401143010|reg/013287303181_0401143010|reg/013287303181_
2017-04-01 14:29:59 INFO UpdateUserState: 013287303181,1
2017-04-01 14:32:49 INFO AddIdentifyResult: 29437,015612282316,-1,
2017-04-01 14:32:54 INFO AddIdentifyResult: 29437,015612282316,-3,
2017-04-01 14:34:56 INFO AddIdentifyResult: 29437,015612282316,12,
2017-04-01 14:35:03 INFO AddIdentifyResult: 29437,015612282316,10,reg/015612282316_0401143623|reg/015612282316_0401143623|reg/015612282316_0401143450
2017-04-01 14:35:03 INFO UpdateUserState: 015612282316,1
2017-04-01 14:35:12 INFO AddIdentifyResult: 29438,015612282316,-1,
2017-04-01 14:35:17 INFO AddIdentifyResult: 29438,015612282316,-3,
2017-04-01 14:36:09 INFO AddIdentifyResult: 29438,015612282316,0,ver/04/01/143714_015612282316.wav
2017-04-01 14:38:59 INFO AddIdentifyResult: 29439,013035343100,-1,
2017-04-01 14:39:45 INFO AddIdentifyResult: 29440,013035343100,-1,
2017-04-01 14:40:11 INFO AddIdentifyResult: 29441,013035343100,-1,
2017-04-01 14:40:22 INFO AddIdentifyResult: 29441,013035343100,-3,
2017-04-01 14:42:04 INFO AddIdentifyResult: 29441,013035343100,12,
2017-04-01 14:42:11 INFO AddIdentifyResult: 29441,013035343100,10,reg/013035343100_0401144219|reg/013035343100_0401144219|reg/013035343100_
2017-04-01 14:42:11 INFO UpdateUserState: 013035343100,1
2017-04-01 14:43:26 INFO AddIdentifyResult: 29442,013972937109,-1,
2017-04-01 14:43:40 INFO AddIdentifyResult: 29442,013972937109,-3,
2017-04-01 14:44:00 INFO AddIdentifyResult: 29443,015131295426,-1,
2017-04-01 14:44:14 INFO AddIdentifyResult: 29443,015131295426,-3,
2017-04-01 14:44:19 INFO AddIdentifyResult: 29444,013285467060,-1,
2017-04-01 14:44:30 INFO AddIdentifyResult: 29444,013285467060,-3,
2017-04-01 14:45:21 INFO AddIdentifyResult: 29442,013972937109,12,
2017-04-01 14:45:29 INFO AddIdentifyResult: 29442,013972937109,10,reg/013972937109_0401144536|reg/013972937109_0401144536|reg/013972937109_
2017-04-01 14:45:29 INFO UpdateUserState: 013972937109,1
2017-04-01 14:45:46 INFO AddIdentifyResult: 29443,015131295426,12,
2017-04-01 14:45:53 INFO AddIdentifyResult: 29443,015131295426,10,reg/015131295426_0401144610|reg/015131295426_0401144610|reg/015131295426_
2017-04-01 14:45:53 INFO UpdateUserState: 015131295426,1
2017-04-01 14:45:58 INFO AddIdentifyResult: 29445,015131295426,-1,
2017-04-01 14:46:07 INFO AddIdentifyResult: 29444,013285467060,12,
2017-04-01 14:46:10 INFO AddIdentifyResult: 29445,015131295426,-3,
2017-04-01 14:46:14 INFO AddIdentifyResult: 29444,013285467060,10,reg/013285467060_0401144626|reg/013285467060_0401144626|reg/013285467060_
2017-04-01 14:46:14 INFO UpdateUserState: 013285467060,1
2017-04-01 14:46:22 INFO AddIdentifyResult: 29445,015131295426,1,
2017-04-01 14:47:16 INFO AddIdentifyResult: 29446,015131295426,-1,
2017-04-01 14:47:28 INFO AddIdentifyResult: 29446,015131295426,-3,
2017-04-01 14:48:20 INFO AddIdentifyResult: 29446,015131295426,0,ver/04/01/144924_015131295426.wav
2017-04-01 14:51:35 INFO AddIdentifyResult: 29447,015933485614,-1,
2017-04-01 14:51:41 INFO AddIdentifyResult: 29447,015933485614,-3,
2017-04-01 14:53:21 INFO AddIdentifyResult: 29447,015933485614,12,
2017-04-01 14:53:28 INFO AddIdentifyResult: 29447,015933485614,10,reg/015933485614_0401145338|reg/015933485614_0401145338|reg/015933485614_
2017-04-01 14:53:29 INFO UpdateUserState: 015933485614,1
2017-04-01 14:53:32 INFO AddIdentifyResult: 29448,015933485614,-1,
2017-04-01 14:53:39 INFO AddIdentifyResult: 29448,015933485614,-3,
2017-04-01 14:54:32 INFO AddIdentifyResult: 29448,015933485614,0,ver/04/01/145536_015933485614.wav
2017-04-01 14:56:16 INFO AddIdentifyResult: 29449,018230022814,-1,
2017-04-01 14:56:25 INFO AddIdentifyResult: 29449,018230022814,-3,
2017-04-01 14:57:56 INFO AddIdentifyResult: 29449,018230022814,12,
2017-04-01 14:58:03 INFO AddIdentifyResult: 29449,018230022814,10,reg/018230022814_0401145821|reg/018230022814_0401145821|reg/018230022814_
2017-04-01 14:58:04 INFO UpdateUserState: 018230022814,1
2017-04-01 14:58:12 INFO AddIdentifyResult: 29450,018230022814,-1,
2017-04-01 14:58:21 INFO AddIdentifyResult: 29450,018230022814,-3,
2017-04-01 14:59:13 INFO AddIdentifyResult: 29450,018230022814,0,ver/04/01/150018_018230022814.wav
2017-04-01 14:59:48 INFO AddIdentifyResult: 29451,013012909895,-1,
2017-04-01 14:59:55 INFO AddIdentifyResult: 29451,013012909895,-3,
2017-04-01 15:01:34 INFO AddIdentifyResult: 29452,015612282819,-1,
2017-04-01 15:01:39 INFO AddIdentifyResult: 29452,015612282819,-3,
2017-04-01 15:02:25 INFO AddIdentifyResult: 29451,013012909895,12,
2017-04-01 15:02:34 INFO AddIdentifyResult: 29451,013012909895,10,reg/013012909895_0401150151|reg/013012909895_0401150151|reg/013012909895_
2017-04-01 15:02:34 INFO UpdateUserState: 013012909895,1
2017-04-01 15:02:54 INFO AddIdentifyResult: 29453,013012909895,-1,
2017-04-01 15:03:00 INFO AddIdentifyResult: 29453,013012909895,-3,
2017-04-01 15:03:29 INFO AddIdentifyResult: 29452,015612282819,12,
2017-04-01 15:03:36 INFO AddIdentifyResult: 29452,015612282819,10,reg/015612282819_0401150336|reg/015612282819_0401150336|reg/015612282819_
2017-04-01 15:03:36 INFO UpdateUserState: 015612282819,1
2017-04-01 15:03:39 INFO AddIdentifyResult: 29454,015612282819,-1,
2017-04-01 15:03:51 INFO AddIdentifyResult: 29454,015612282819,-3,
2017-04-01 15:03:52 INFO AddIdentifyResult: 29453,013012909895,0,ver/04/01/150457_013012909895.wav
2017-04-01 15:04:43 INFO AddIdentifyResult: 29454,015612282819,0,ver/04/01/150548_015612282819.wav
2017-04-01 15:05:30 INFO AddIdentifyResult: 29455,015081253475,-1,
2017-04-01 15:05:39 INFO AddIdentifyResult: 29455,015081253475,-3,
2017-04-01 15:06:36 INFO AddIdentifyResult: 29455,015081253475,11,reg/015081253475_|reg/015081253475_|reg/015081253475_
2017-04-01 15:07:07 INFO AddIdentifyResult: 29456,015081253475,-1,
2017-04-01 15:07:17 INFO AddIdentifyResult: 29456,015081253475,-3,
2017-04-01 15:10:21 INFO AddIdentifyResult: 29456,015081253475,12,
2017-04-01 15:10:28 INFO AddIdentifyResult: 29456,015081253475,10,reg/015081253475_0401151141|reg/015081253475_0401151141|reg/015081253475_0401150913
2017-04-01 15:10:28 INFO UpdateUserState: 015081253475,1
2017-04-01 15:10:34 INFO AddIdentifyResult: 29457,015081253475,-1,
2017-04-01 15:10:43 INFO AddIdentifyResult: 29457,015081253475,-3,
2017-04-01 15:11:46 INFO AddIdentifyResult: 29457,015081253475,1,
2017-04-01 15:11:57 INFO AddIdentifyResult: 29458,015081253475,-1,
2017-04-01 15:12:07 INFO AddIdentifyResult: 29458,015081253475,-3,
2017-04-01 15:13:30 INFO AddIdentifyResult: 29459,015081253475,-1,
2017-04-01 15:13:35 INFO AddIdentifyResult: 29459,015081253475,-3,
2017-04-01 15:15:12 INFO AddIdentifyResult: 29459,015081253475,0,ver/04/01/151618_015081253475.wav
2017-04-01 15:15:37 INFO AddIdentifyResult: 29460,013285467870,-1,
2017-04-01 15:15:47 INFO AddIdentifyResult: 29460,013285467870,-3,
2017-04-01 15:18:35 INFO AddIdentifyResult: 29460,013285467870,12,
2017-04-01 15:18:43 INFO AddIdentifyResult: 29460,013285467870,10,reg/013285467870_0401151744|reg/013285467870_0401151744|reg/013285467870_
2017-04-01 15:18:43 INFO UpdateUserState: 013285467870,1
2017-04-01 15:19:36 INFO AddIdentifyResult: 29461,013285467870,-1,
2017-04-01 15:19:42 INFO AddIdentifyResult: 29461,013285467870,-3,
2017-04-01 15:20:33 INFO AddIdentifyResult: 29461,013285467870,0,ver/04/01/152139_013285467870.wav
2017-04-01 15:24:32 INFO AddIdentifyResult: 29462,013176637597,-1,
2017-04-01 15:24:45 INFO AddIdentifyResult: 29462,013176637597,-3,
2017-04-01 15:26:34 INFO AddIdentifyResult: 29462,013176637597,12,
2017-04-01 15:26:41 INFO AddIdentifyResult: 29462,013176637597,10,reg/013176637597_0401152642|reg/013176637597_0401152642|reg/013176637597_
2017-04-01 15:26:41 INFO UpdateUserState: 013176637597,1
2017-04-01 15:26:46 INFO AddIdentifyResult: 29463,013176637597,-1,
2017-04-01 15:26:54 INFO AddIdentifyResult: 29463,013176637597,-3,
2017-04-01 15:27:46 INFO AddIdentifyResult: 29463,013176637597,0,ver/04/01/152851_013176637597.wav
2017-04-01 15:32:24 INFO AddIdentifyResult: 29464,018733837625,-1,
2017-04-01 15:32:34 INFO AddIdentifyResult: 29464,018733837625,-3,
2017-04-01 15:34:34 INFO AddIdentifyResult: 29464,018733837625,12,
2017-04-01 15:34:41 INFO AddIdentifyResult: 29464,018733837625,10,reg/018733837625_0401153431|reg/018733837625_0401153431|reg/018733837625_
2017-04-01 15:34:41 INFO UpdateUserState: 018733837625,1
2017-04-01 15:34:44 INFO AddIdentifyResult: 29465,018733837625,-1,
2017-04-01 15:34:51 INFO AddIdentifyResult: 29465,018733837625,-3,
2017-04-01 15:35:43 INFO AddIdentifyResult: 29465,018733837625,0,ver/04/01/153648_018733837625.wav
2017-04-01 15:36:03 INFO AddIdentifyResult: 29466,013287309330,-1,
2017-04-01 15:36:17 INFO AddIdentifyResult: 29466,013287309330,-3,
2017-04-01 15:36:47 INFO AddIdentifyResult: 29467,015612250618,-1,
2017-04-01 15:36:54 INFO AddIdentifyResult: 29467,015612250618,-3,
2017-04-01 15:37:53 INFO AddIdentifyResult: 29466,013287309330,12,
2017-04-01 15:38:01 INFO AddIdentifyResult: 29466,013287309330,10,reg/013287309330_0401153814|reg/013287309330_0401153814|reg/013287309330_
2017-04-01 15:38:01 INFO UpdateUserState: 013287309330,1
2017-04-01 15:38:48 INFO AddIdentifyResult: 29467,015612250618,12,
2017-04-01 15:38:55 INFO AddIdentifyResult: 29467,015612250618,10,reg/015612250618_0401153850|reg/015612250618_0401153850|reg/015612250618_
2017-04-01 15:38:55 INFO UpdateUserState: 015612250618,1
2017-04-01 15:39:00 INFO AddIdentifyResult: 29468,015612250618,-1,
2017-04-01 15:39:03 INFO AddIdentifyResult: 29468,015612250618,-3,
2017-04-01 15:39:09 INFO AddIdentifyResult: 29468,015612250618,1,
2017-04-01 15:39:13 INFO AddIdentifyResult: 29469,015612250618,-1,
2017-04-01 15:39:20 INFO AddIdentifyResult: 29469,015612250618,-3,
2017-04-01 15:40:12 INFO AddIdentifyResult: 29469,015612250618,0,ver/04/01/154117_015612250618.wav
2017-04-01 15:44:36 INFO AddIdentifyResult: 29470,013287301391,-1,
2017-04-01 15:44:41 INFO AddIdentifyResult: 29470,013287301391,-3,
2017-04-01 15:47:43 INFO AddIdentifyResult: 29470,013287301391,12,
2017-04-01 15:47:50 INFO AddIdentifyResult: 29470,013287301391,10,reg/013287301391_0401154901|reg/013287301391_0401154901|reg/013287301391_0401154637
2017-04-01 15:47:50 INFO UpdateUserState: 013287301391,1
2017-04-01 15:58:36 INFO AddIdentifyResult: 29471,013287301391,-1,
2017-04-01 15:58:42 INFO AddIdentifyResult: 29471,013287301391,-3,
2017-04-01 16:00:21 INFO AddIdentifyResult: 29471,013287301391,0,ver/04/01/160126_013287301391.wav
2017-04-01 16:24:00 INFO AddIdentifyResult: 29472,015033223887,-1,
2017-04-01 16:24:08 INFO AddIdentifyResult: 29472,015033223887,-3,
2017-04-01 16:26:00 INFO AddIdentifyResult: 29472,015033223887,12,
2017-04-01 16:26:06 INFO AddIdentifyResult: 29472,015033223887,10,reg/015033223887_0401162728|reg/015033223887_0401162728|reg/015033223887_0401162605
2017-04-01 16:26:06 INFO UpdateUserState: 015033223887,1
2017-04-01 16:26:21 INFO AddIdentifyResult: 29473,015033223887,-1,
2017-04-01 16:26:29 INFO AddIdentifyResult: 29473,015033223887,-3,
2017-04-01 16:27:21 INFO AddIdentifyResult: 29473,015033223887,0,ver/04/01/162826_015033223887.wav
2017-04-01 16:30:42 INFO AddIdentifyResult: 29474,013012912635,-1,
2017-04-01 16:31:06 INFO AddIdentifyResult: 29475,013012912635,-1,
2017-04-01 16:31:14 INFO AddIdentifyResult: 29475,013012912635,-3,
2017-04-01 16:33:53 INFO AddIdentifyResult: 29475,013012912635,12,
2017-04-01 16:34:00 INFO AddIdentifyResult: 29475,013012912635,10,reg/013012912635_0401163517|reg/013012912635_0401163517|reg/013012912635_0401163311
2017-04-01 16:34:00 INFO UpdateUserState: 013012912635,1
2017-04-01 16:38:20 INFO AddIdentifyResult: 29476,013287300871,-1,
2017-04-01 16:39:06 INFO AddIdentifyResult: 29477,013287300871,-1,
2017-04-01 16:40:48 INFO AddIdentifyResult: 29478,013287300871,-1,
2017-04-01 16:47:12 INFO AddIdentifyResult: 29479,015612272389,-1,
2017-04-01 16:47:18 INFO AddIdentifyResult: 29479,015612272389,-3,
2017-04-01 16:48:06 INFO AddIdentifyResult: 29480,015612253977,-1,
2017-04-01 16:48:17 INFO AddIdentifyResult: 29480,015612253977,-3,
2017-04-01 16:50:34 INFO AddIdentifyResult: 29480,015612253977,12,
2017-04-01 16:50:40 INFO AddIdentifyResult: 29480,015612253977,10,reg/015612253977_0401165205|reg/015612253977_0401165205|reg/015612253977_0401165014
2017-04-01 16:50:40 INFO UpdateUserState: 015612253977,1
2017-04-01 16:50:58 INFO AddIdentifyResult: 29481,015612253977,-1,
2017-04-01 16:51:04 INFO AddIdentifyResult: 29481,015612253977,-3,
2017-04-01 16:51:56 INFO AddIdentifyResult: 29481,015612253977,0,ver/04/01/165301_015612253977.wav
2017-04-01 16:52:18 INFO AddIdentifyResult: 29479,015612272389,12,
2017-04-01 16:52:25 INFO AddIdentifyResult: 29479,015612272389,10,reg/015612272389_0401165323|reg/015612272389_0401165323|reg/015612272389_0401164915
2017-04-01 16:52:25 INFO UpdateUserState: 015612272389,1
2017-04-01 16:53:00 INFO AddIdentifyResult: 29482,015612272389,-1,
2017-04-01 16:53:07 INFO AddIdentifyResult: 29482,015612272389,-3,
2017-04-01 16:55:45 INFO AddIdentifyResult: 29483,015612272389,-1,
2017-04-01 16:55:53 INFO AddIdentifyResult: 29483,015612272389,-3,
2017-04-01 16:56:58 INFO AddIdentifyResult: 29483,015612272389,1,
2017-04-01 16:57:43 INFO AddIdentifyResult: 29484,015612272389,-1,
2017-04-01 16:57:49 INFO AddIdentifyResult: 29484,015612272389,-3,
2017-04-01 16:59:27 INFO AddIdentifyResult: 29484,015612272389,0,ver/04/01/170033_015612272389.wav
2017-04-01 17:00:55 INFO AddIdentifyResult: 29485,013287300871,-1,
2017-04-01 17:01:03 INFO AddIdentifyResult: 29485,013287300871,-3,
2017-04-01 17:01:06 INFO AddIdentifyResult: 29486,013287300871,-1,
2017-04-01 17:02:58 INFO AddIdentifyResult: 0,013035343100,1,
2017-04-01 17:03:18 INFO AddIdentifyResult: 29485,013287300871,12,
2017-04-01 17:03:25 INFO AddIdentifyResult: 29485,013287300871,10,reg/013287300871_0401170259|reg/013287300871_0401170259|reg/013287300871_
2017-04-01 17:03:25 INFO UpdateUserState: 013287300871,1
2017-04-01 17:03:52 INFO AddIdentifyResult: 29488,015612236019,-1,
2017-04-01 17:03:59 INFO AddIdentifyResult: 29488,015612236019,-3,
2017-04-01 17:05:56 INFO AddIdentifyResult: 29488,015612236019,12,
2017-04-01 17:06:03 INFO AddIdentifyResult: 29488,015612236019,10,reg/015612236019_0401170731|reg/015612236019_0401170731|reg/015612236019_0401170556
2017-04-01 17:06:03 INFO UpdateUserState: 015612236019,1
2017-04-01 17:06:09 INFO AddIdentifyResult: 29489,015612236019,-1,
2017-04-01 17:06:17 INFO AddIdentifyResult: 29489,015612236019,-3,
2017-04-01 17:07:09 INFO AddIdentifyResult: 29489,015612236019,0,ver/04/01/170815_015612236019.wav
2017-04-01 17:10:33 INFO AddIdentifyResult: 29490,015612275036,-1,
2017-04-01 17:10:39 INFO AddIdentifyResult: 29490,015612275036,-3,
2017-04-01 17:12:00 INFO AddIdentifyResult: 29491,083561561221,-1,
2017-04-01 17:12:53 INFO AddIdentifyResult: 29492,015612218356,-1,
2017-04-01 17:13:00 INFO AddIdentifyResult: 29492,015612218356,-3,
2017-04-01 17:13:03 INFO AddIdentifyResult: 29490,015612275036,12,
2017-04-01 17:13:12 INFO AddIdentifyResult: 29490,015612275036,10,reg/015612275036_0401171236|reg/015612275036_0401171236|reg/015612275036_
2017-04-01 17:13:12 INFO UpdateUserState: 015612275036,1
2017-04-01 17:13:37 INFO AddIdentifyResult: 29493,015612275036,-1,
2017-04-01 17:13:41 INFO AddIdentifyResult: 29493,015612275036,-3,
2017-04-01 17:14:27 INFO AddIdentifyResult: 29492,015612218356,12,
2017-04-01 17:14:33 INFO AddIdentifyResult: 29493,015612275036,0,ver/04/01/171539_015612275036.wav
2017-04-01 17:14:34 INFO AddIdentifyResult: 29492,015612218356,10,reg/015612218356_0401171457|reg/015612218356_0401171457|reg/015612218356_
2017-04-01 17:14:34 INFO UpdateUserState: 015612218356,1
2017-04-01 17:14:38 INFO AddIdentifyResult: 29494,015612218356,-1,
2017-04-01 17:14:43 INFO AddIdentifyResult: 29494,015612218356,-3,
2017-04-01 17:15:35 INFO AddIdentifyResult: 29494,015612218356,0,ver/04/01/171640_015612218356.wav
2017-04-01 17:17:12 INFO AddIdentifyResult: 29495,015612212756,-1,
2017-04-01 17:17:38 INFO AddIdentifyResult: 29496,015612212756,-1,
2017-04-01 17:18:31 INFO AddIdentifyResult: 29497,015612292316,-1,
2017-04-01 17:18:39 INFO AddIdentifyResult: 29497,015612292316,-3,
2017-04-01 17:20:35 INFO AddIdentifyResult: 29497,015612292316,12,
2017-04-01 17:20:42 INFO AddIdentifyResult: 29497,015612292316,10,reg/015612292316_0401172200|reg/015612292316_0401172200|reg/015612292316_0401172036
2017-04-01 17:20:42 INFO UpdateUserState: 015612292316,1
2017-04-01 17:21:16 INFO AddIdentifyResult: 29498,015612292316,-1,
2017-04-01 17:21:22 INFO AddIdentifyResult: 29498,015612292316,-3,
2017-04-01 17:22:14 INFO AddIdentifyResult: 29498,015612292316,0,ver/04/01/172319_015612292316.wav
2017-04-01 17:26:09 INFO AddIdentifyResult: 29499,015612259923,-1,
2017-04-01 17:26:20 INFO AddIdentifyResult: 29499,015612259923,-3,
2017-04-01 17:28:30 INFO AddIdentifyResult: 29499,015612259923,12,
2017-04-01 17:28:36 INFO AddIdentifyResult: 29500,015630276583,-1,
2017-04-01 17:28:40 INFO AddIdentifyResult: 29499,015612259923,10,reg/015612259923_0401172817|reg/015612259923_0401172817|reg/015612259923_
2017-04-01 17:28:40 INFO UpdateUserState: 015612259923,1
2017-04-01 17:28:51 INFO AddIdentifyResult: 29500,015630276583,-3,
2017-04-01 17:29:28 INFO AddIdentifyResult: 29500,015630276583,11,reg/015630276583_|reg/015630276583_|reg/015630276583_
2017-04-01 17:29:51 INFO AddIdentifyResult: 29501,015612259923,-1,
2017-04-01 17:30:00 INFO AddIdentifyResult: 29501,015612259923,-3,
2017-04-01 17:30:13 INFO AddIdentifyResult: 29502,015630276583,-1,
2017-04-01 17:30:20 INFO AddIdentifyResult: 29502,015630276583,-3,
2017-04-01 17:30:53 INFO AddIdentifyResult: 29501,015612259923,0,ver/04/01/173158_015612259923.wav
2017-04-01 17:32:00 INFO AddIdentifyResult: 29502,015630276583,12,
2017-04-01 17:32:06 INFO AddIdentifyResult: 29502,015630276583,10,reg/015630276583_0401173217|reg/015630276583_0401173217|reg/015630276583_
2017-04-01 17:32:07 INFO UpdateUserState: 015630276583,1
2017-04-01 17:32:09 INFO AddIdentifyResult: 29503,015630276583,-1,
2017-04-01 17:32:16 INFO AddIdentifyResult: 29503,015630276583,-3,
2017-04-01 17:33:00 INFO AddIdentifyResult: 29503,015630276583,0,ver/04/01/173413_015630276583.wav
2017-04-01 18:24:37 INFO AddIdentifyResult: 0,18986509581,1,
2017-04-01 21:12:51 INFO AddIdentifyResult: 29505,015383028681,-1,
2017-04-01 21:13:03 INFO AddIdentifyResult: 29505,015383028681,-3,
2017-04-01 21:14:49 INFO AddIdentifyResult: 29505,015383028681,11,reg/015383028681_|reg/015383028681_|reg/015383028681_
