2017-01-10 08:33:52 INFO AddIdentifyResult: 13756,013686296559,-1,
2017-01-10 08:34:27 INFO AddIdentifyResult: 13756,013686296559,-3,
2017-01-10 08:34:49 INFO AddIdentifyResult: 13757,013220512518,-1,
2017-01-10 08:35:00 INFO AddIdentifyResult: 13757,013220512518,-3,
2017-01-10 08:36:06 INFO AddIdentifyResult: 13756,013686296559,12,
2017-01-10 08:36:13 INFO AddIdentifyResult: 13756,013686296559,10,reg/013686296559_0110083627|reg/013686296559_0110083627|reg/013686296559_
2017-01-10 08:36:13 INFO UpdateUserState: 013686296559,1
2017-01-10 08:36:27 INFO AddIdentifyResult: 13758,013686296559,-1,
2017-01-10 08:36:37 INFO AddIdentifyResult: 13758,013686296559,-3,
2017-01-10 08:37:04 INFO AddIdentifyResult: 13757,013220512518,12,
2017-01-10 08:37:11 INFO AddIdentifyResult: 13757,013220512518,10,reg/013220512518_0110083700|reg/013220512518_0110083700|reg/013220512518_
2017-01-10 08:37:11 INFO UpdateUserState: 013220512518,1
2017-01-10 08:37:30 INFO AddIdentifyResult: 13758,013686296559,0,ver/01/10/083838_013686296559.wav
2017-01-10 08:39:56 INFO AddIdentifyResult: 13759,013285463051,-1,
2017-01-10 08:40:03 INFO AddIdentifyResult: 13759,013285463051,-3,
2017-01-10 08:41:24 INFO AddIdentifyResult: 13760,013220513309,-1,
2017-01-10 08:41:38 INFO AddIdentifyResult: 13760,013220513309,-3,
2017-01-10 08:42:59 INFO AddIdentifyResult: 13759,013285463051,12,
2017-01-10 08:43:05 INFO AddIdentifyResult: 13759,013285463051,10,reg/013285463051_0110084431|reg/013285463051_0110084431|reg/013285463051_0110084204
2017-01-10 08:43:05 INFO UpdateUserState: 013285463051,1
2017-01-10 08:43:11 INFO AddIdentifyResult: 13760,013220513309,12,
2017-01-10 08:43:18 INFO AddIdentifyResult: 13760,013220513309,10,reg/013220513309_0110084338|reg/013220513309_0110084338|reg/013220513309_
2017-01-10 08:43:19 INFO UpdateUserState: 013220513309,1
2017-01-10 08:43:56 INFO AddIdentifyResult: 13761,013220513309,-1,
2017-01-10 08:44:04 INFO AddIdentifyResult: 13761,013220513309,-3,
2017-01-10 08:44:57 INFO AddIdentifyResult: 13761,013220513309,0,ver/01/10/084605_013220513309.wav
2017-01-10 08:45:59 INFO AddIdentifyResult: 13762,013220518529,-1,
2017-01-10 08:46:15 INFO AddIdentifyResult: 13762,013220518529,-3,
2017-01-10 08:46:21 INFO AddIdentifyResult: 13763,015954629892,-1,
2017-01-10 08:46:30 INFO AddIdentifyResult: 13763,015954629892,-3,
2017-01-10 08:47:58 INFO AddIdentifyResult: 13762,013220518529,12,
2017-01-10 08:48:05 INFO AddIdentifyResult: 13762,013220518529,10,reg/013220518529_0110084934|reg/013220518529_0110084934|reg/013220518529_0110084815
2017-01-10 08:48:05 INFO UpdateUserState: 013220518529,1
2017-01-10 08:49:45 INFO AddIdentifyResult: 13763,015954629892,12,
2017-01-10 08:49:46 INFO AddIdentifyResult: 13764,015954642615,-1,
2017-01-10 08:49:51 INFO AddIdentifyResult: 13763,015954629892,10,reg/015954629892_0110085108|reg/015954629892_0110085108|reg/015954629892_0110084830
2017-01-10 08:49:52 INFO UpdateUserState: 015954629892,1
2017-01-10 08:50:00 INFO AddIdentifyResult: 13764,015954642615,-3,
2017-01-10 08:50:02 INFO AddIdentifyResult: 13765,013285463013,-1,
2017-01-10 08:50:09 INFO AddIdentifyResult: 13765,013285463013,-3,
2017-01-10 08:52:01 INFO AddIdentifyResult: 13764,015954642615,12,
2017-01-10 08:52:05 INFO AddIdentifyResult: 13765,013285463013,12,
2017-01-10 08:52:08 INFO AddIdentifyResult: 13764,015954642615,10,reg/015954642615_0110085331|reg/015954642615_0110085331|reg/015954642615_0110085201
2017-01-10 08:52:08 INFO UpdateUserState: 015954642615,1
2017-01-10 08:52:15 INFO AddIdentifyResult: 13765,013285463013,10,reg/013285463013_0110085209|reg/013285463013_0110085209|reg/013285463013_
2017-01-10 08:52:15 INFO UpdateUserState: 013285463013,1
2017-01-10 08:53:38 INFO AddIdentifyResult: 13766,013220518428,-1,
2017-01-10 08:53:52 INFO AddIdentifyResult: 13767,015020595448,-1,
2017-01-10 08:54:01 INFO AddIdentifyResult: 13767,015020595448,-3,
2017-01-10 08:54:57 INFO AddIdentifyResult: 13768,015020595448,-1,
2017-01-10 08:55:24 INFO AddIdentifyResult: 13769,013220518628,-1,
2017-01-10 08:55:34 INFO AddIdentifyResult: 13769,013220518628,-3,
2017-01-10 08:56:22 INFO AddIdentifyResult: 13767,015020595448,12,
2017-01-10 08:56:30 INFO AddIdentifyResult: 13767,015020595448,10,reg/015020595448_0110085601|reg/015020595448_0110085601|reg/015020595448_
2017-01-10 08:56:30 INFO UpdateUserState: 015020595448,1
2017-01-10 08:56:44 INFO AddIdentifyResult: 13770,013285463057,-1,
2017-01-10 08:56:52 INFO AddIdentifyResult: 13770,013285463057,-3,
2017-01-10 08:57:24 INFO AddIdentifyResult: 13769,013220518628,12,
2017-01-10 08:57:30 INFO AddIdentifyResult: 13769,013220518628,10,reg/013220518628_0110085847|reg/013220518628_0110085847|reg/013220518628_0110085734
2017-01-10 08:57:31 INFO UpdateUserState: 013220518628,1
2017-01-10 08:59:13 INFO AddIdentifyResult: 13770,013285463057,12,
2017-01-10 08:59:21 INFO AddIdentifyResult: 13770,013285463057,10,reg/013285463057_0110085853|reg/013285463057_0110085853|reg/013285463057_
2017-01-10 08:59:21 INFO UpdateUserState: 013285463057,1
2017-01-10 09:00:56 INFO AddIdentifyResult: 13771,013789836549,-1,
2017-01-10 09:01:52 INFO AddIdentifyResult: 13772,013285463093,-1,
2017-01-10 09:01:58 INFO AddIdentifyResult: 13773,013280392735,-1,
2017-01-10 09:01:59 INFO AddIdentifyResult: 13772,013285463093,-3,
2017-01-10 09:02:10 INFO AddIdentifyResult: 13773,013280392735,-3,
2017-01-10 09:03:23 INFO AddIdentifyResult: 13772,013285463093,12,
2017-01-10 09:03:30 INFO AddIdentifyResult: 13772,013285463093,10,reg/013285463093_0110090359|reg/013285463093_0110090359|reg/013285463093_
2017-01-10 09:03:30 INFO UpdateUserState: 013285463093,1
2017-01-10 09:04:22 INFO AddIdentifyResult: 13773,013280392735,12,
2017-01-10 09:04:29 INFO AddIdentifyResult: 13773,013280392735,10,reg/013280392735_0110090410|reg/013280392735_0110090410|reg/013280392735_
2017-01-10 09:04:29 INFO UpdateUserState: 013280392735,1
2017-01-10 09:06:28 INFO AddIdentifyResult: 13774,017865678958,-1,
2017-01-10 09:06:44 INFO AddIdentifyResult: 13774,017865678958,-3,
2017-01-10 09:07:12 INFO AddIdentifyResult: 13775,013225467657,-1,
2017-01-10 09:07:27 INFO AddIdentifyResult: 13775,013225467657,-3,
2017-01-10 09:07:55 INFO AddIdentifyResult: 0,013220505116,1,
2017-01-10 09:08:28 INFO AddIdentifyResult: 13774,017865678958,12,
2017-01-10 09:08:35 INFO AddIdentifyResult: 13774,017865678958,10,reg/017865678958_0110091000|reg/017865678958_0110091000|reg/017865678958_0110090845
2017-01-10 09:08:35 INFO UpdateUserState: 017865678958,1
2017-01-10 09:09:22 INFO AddIdentifyResult: 13775,013225467657,12,
2017-01-10 09:09:30 INFO AddIdentifyResult: 13775,013225467657,10,reg/013225467657_0110090927|reg/013225467657_0110090927|reg/013225467657_
2017-01-10 09:09:31 INFO UpdateUserState: 013225467657,1
2017-01-10 09:09:33 INFO AddIdentifyResult: 13777,013285463128,-1,
2017-01-10 09:09:43 INFO AddIdentifyResult: 13777,013285463128,-3,
2017-01-10 09:11:09 INFO AddIdentifyResult: 13778,013225468089,-1,
2017-01-10 09:11:22 INFO AddIdentifyResult: 13777,013285463128,12,
2017-01-10 09:11:29 INFO AddIdentifyResult: 13777,013285463128,10,reg/013285463128_0110091144|reg/013285463128_0110091144|reg/013285463128_
2017-01-10 09:11:29 INFO UpdateUserState: 013285463128,1
2017-01-10 09:12:44 INFO AddIdentifyResult: 13779,013285463179,-1,
2017-01-10 09:12:52 INFO AddIdentifyResult: 13779,013285463179,-3,
2017-01-10 09:13:02 INFO AddIdentifyResult: 13779,013285463179,11,reg/013285463179_|reg/013285463179_|reg/013285463179_
2017-01-10 09:13:08 INFO AddIdentifyResult: 13780,013285463179,-1,
2017-01-10 09:13:15 INFO AddIdentifyResult: 13780,013285463179,-3,
2017-01-10 09:13:22 INFO AddIdentifyResult: 13780,013285463179,11,reg/013285463179_|reg/013285463179_|reg/013285463179_
2017-01-10 09:13:43 INFO AddIdentifyResult: 13781,18971942120,-1,
2017-01-10 09:14:09 INFO AddIdentifyResult: 13782,013285463179,-1,
2017-01-10 09:14:20 INFO AddIdentifyResult: 13782,013285463179,-3,
2017-01-10 09:14:28 INFO AddIdentifyResult: 13782,013285463179,11,reg/013285463179_|reg/013285463179_|reg/013285463179_
2017-01-10 09:14:35 INFO AddIdentifyResult: 13783,013465282182,-1,
2017-01-10 09:14:42 INFO AddIdentifyResult: 13783,013465282182,-3,
2017-01-10 09:14:51 INFO AddIdentifyResult: 13784,013225468089,-1,
2017-01-10 09:14:53 INFO AddIdentifyResult: 13783,013465282182,11,reg/013465282182_|reg/013465282182_|reg/013465282182_
2017-01-10 09:15:04 INFO AddIdentifyResult: 13784,013225468089,-3,
2017-01-10 09:15:27 INFO AddIdentifyResult: 13785,18971942120,-1,
2017-01-10 09:15:34 INFO AddIdentifyResult: 13785,18971942120,-3,
2017-01-10 09:15:54 INFO AddIdentifyResult: 13786,013465282182,-1,
2017-01-10 09:16:01 INFO AddIdentifyResult: 13786,013465282182,-3,
2017-01-10 09:16:48 INFO AddIdentifyResult: 13784,013225468089,12,
2017-01-10 09:16:55 INFO AddIdentifyResult: 13784,013225468089,10,reg/013225468089_0110091704|reg/013225468089_0110091704|reg/013225468089_
2017-01-10 09:16:55 INFO UpdateUserState: 013225468089,1
2017-01-10 09:17:09 INFO AddIdentifyResult: 13785,18971942120,12,
2017-01-10 09:17:16 INFO AddIdentifyResult: 13785,18971942120,10,reg/18971942120_0110091735|reg/18971942120_0110091735|reg/18971942120_
2017-01-10 09:17:16 INFO UpdateUserState: 18971942120,1
2017-01-10 09:17:35 INFO AddIdentifyResult: 13786,013465282182,12,
2017-01-10 09:17:43 INFO AddIdentifyResult: 13786,013465282182,10,reg/013465282182_0110091802|reg/013465282182_0110091802|reg/013465282182_
2017-01-10 09:17:43 INFO UpdateUserState: 013465282182,1
2017-01-10 09:18:04 INFO AddIdentifyResult: 13787,013285463179,-1,
2017-01-10 09:18:11 INFO AddIdentifyResult: 13787,013285463179,-3,
2017-01-10 09:19:45 INFO AddIdentifyResult: 13787,013285463179,12,
2017-01-10 09:19:52 INFO AddIdentifyResult: 13787,013285463179,10,reg/013285463179_0110092117|reg/013285463179_0110092117|reg/013285463179_0110092011
2017-01-10 09:19:52 INFO UpdateUserState: 013285463179,1
2017-01-10 09:20:33 INFO AddIdentifyResult: 13788,013280392731,-1,
2017-01-10 09:20:46 INFO AddIdentifyResult: 13788,013280392731,-3,
2017-01-10 09:21:03 INFO AddIdentifyResult: 0,18971942120,0,ver/01/10/092211_18971942120.wav
2017-01-10 09:21:41 INFO AddIdentifyResult: 13790,013285463151,-1,
2017-01-10 09:21:50 INFO AddIdentifyResult: 13790,013285463151,-3,
2017-01-10 09:22:53 INFO AddIdentifyResult: 13788,013280392731,12,
2017-01-10 09:23:00 INFO AddIdentifyResult: 13788,013280392731,10,reg/013280392731_0110092420|reg/013280392731_0110092420|reg/013280392731_0110092246
2017-01-10 09:23:00 INFO UpdateUserState: 013280392731,1
2017-01-10 09:23:12 INFO AddIdentifyResult: 13790,013285463151,12,
2017-01-10 09:23:12 INFO AddIdentifyResult: 13791,015865182364,-1,
2017-01-10 09:23:19 INFO AddIdentifyResult: 13790,013285463151,10,reg/013285463151_0110092350|reg/013285463151_0110092350|reg/013285463151_
2017-01-10 09:23:19 INFO UpdateUserState: 013285463151,1
2017-01-10 09:23:23 INFO AddIdentifyResult: 13791,015865182364,-3,
2017-01-10 09:23:55 INFO AddIdentifyResult: 13792,18971943137,-1,
2017-01-10 09:24:04 INFO AddIdentifyResult: 13792,18971943137,-3,
2017-01-10 09:24:55 INFO AddIdentifyResult: 13791,015865182364,12,
2017-01-10 09:25:01 INFO AddIdentifyResult: 13791,015865182364,10,reg/015865182364_0110092524|reg/015865182364_0110092524|reg/015865182364_
2017-01-10 09:25:02 INFO UpdateUserState: 015865182364,1
2017-01-10 09:25:44 INFO AddIdentifyResult: 13793,013285463205,-1,
2017-01-10 09:25:53 INFO AddIdentifyResult: 13793,013285463205,-3,
2017-01-10 09:26:29 INFO AddIdentifyResult: 13792,18971943137,12,
2017-01-10 09:26:36 INFO AddIdentifyResult: 13792,18971943137,10,reg/18971943137_0110092739|reg/18971943137_0110092739|reg/18971943137_0110092605
2017-01-10 09:26:36 INFO UpdateUserState: 18971943137,1
2017-01-10 09:27:22 INFO AddIdentifyResult: 13793,013285463205,12,
2017-01-10 09:27:28 INFO AddIdentifyResult: 13793,013285463205,10,reg/013285463205_0110092754|reg/013285463205_0110092754|reg/013285463205_
2017-01-10 09:27:28 INFO UpdateUserState: 013285463205,1
2017-01-10 09:27:34 INFO AddIdentifyResult: 13794,013280392870,-1,
2017-01-10 09:28:46 INFO AddIdentifyResult: 13795,0132885463312,-1,
2017-01-10 09:29:27 INFO AddIdentifyResult: 13796,013280392870,-1,
2017-01-10 09:29:29 INFO AddIdentifyResult: 13797,013285463312,-1,
2017-01-10 09:29:37 INFO AddIdentifyResult: 13796,013280392870,-3,
2017-01-10 09:30:39 INFO AddIdentifyResult: 13798,013285463212,-1,
2017-01-10 09:30:45 INFO AddIdentifyResult: 13798,013285463212,-3,
2017-01-10 09:30:48 INFO AddIdentifyResult: 13798,013285463212,11,reg/013285463212_|reg/013285463212_|reg/013285463212_
2017-01-10 09:31:04 INFO AddIdentifyResult: 13799,013285463212,-1,
2017-01-10 09:31:11 INFO AddIdentifyResult: 13799,013285463212,-3,
2017-01-10 09:31:24 INFO AddIdentifyResult: 13796,013280392870,12,
2017-01-10 09:31:30 INFO AddIdentifyResult: 13796,013280392870,10,reg/013280392870_0110093259|reg/013280392870_0110093259|reg/013280392870_0110093137
2017-01-10 09:31:31 INFO UpdateUserState: 013280392870,1
2017-01-10 09:32:57 INFO AddIdentifyResult: 13800,013280392790,-1,
2017-01-10 09:33:01 INFO AddIdentifyResult: 13800,013280392790,-3,
2017-01-10 09:33:26 INFO AddIdentifyResult: 13799,013285463212,12,
2017-01-10 09:33:32 INFO AddIdentifyResult: 13799,013285463212,10,reg/013285463212_0110093455|reg/013285463212_0110093455|reg/013285463212_0110093312
2017-01-10 09:33:32 INFO UpdateUserState: 013285463212,1
2017-01-10 09:34:21 INFO AddIdentifyResult: 13801,013589437083,-1,
2017-01-10 09:34:28 INFO AddIdentifyResult: 13801,013589437083,-3,
2017-01-10 09:36:30 INFO AddIdentifyResult: 13800,013280392790,12,
2017-01-10 09:36:36 INFO AddIdentifyResult: 13800,013280392790,10,reg/013280392790_0110093752|reg/013280392790_0110093752|reg/013280392790_0110093502
2017-01-10 09:36:36 INFO UpdateUserState: 013280392790,1
2017-01-10 09:37:01 INFO AddIdentifyResult: 13801,013589437083,12,
2017-01-10 09:37:07 INFO AddIdentifyResult: 13801,013589437083,10,reg/013589437083_0110093830|reg/013589437083_0110093830|reg/013589437083_0110093628
2017-01-10 09:37:07 INFO UpdateUserState: 013589437083,1
2017-01-10 09:40:02 INFO AddIdentifyResult: 13802,013285463252,-1,
2017-01-10 09:40:10 INFO AddIdentifyResult: 13802,013285463252,-3,
2017-01-10 09:41:06 INFO AddIdentifyResult: 13803,18971941850,-1,
2017-01-10 09:41:51 INFO AddIdentifyResult: 13802,013285463252,12,
2017-01-10 09:41:57 INFO AddIdentifyResult: 13802,013285463252,10,reg/013285463252_0110094330|reg/013285463252_0110094330|reg/013285463252_0110094211
2017-01-10 09:41:58 INFO UpdateUserState: 013285463252,1
2017-01-10 09:45:41 INFO AddIdentifyResult: 13804,013285463202,-1,
2017-01-10 09:47:30 INFO AddIdentifyResult: 13805,013285463302,-1,
2017-01-10 09:47:37 INFO AddIdentifyResult: 13805,013285463302,-3,
2017-01-10 09:48:47 INFO AddIdentifyResult: 13806,18971941850,-1,
2017-01-10 09:49:02 INFO AddIdentifyResult: 13806,18971941850,-3,
2017-01-10 09:49:27 INFO AddIdentifyResult: 13805,013285463302,12,
2017-01-10 09:49:35 INFO AddIdentifyResult: 13807,013230265115,-1,
2017-01-10 09:49:35 INFO AddIdentifyResult: 13805,013285463302,10,reg/013285463302_0110095057|reg/013285463302_0110095057|reg/013285463302_0110094938
2017-01-10 09:49:35 INFO UpdateUserState: 013285463302,1
2017-01-10 09:51:05 INFO AddIdentifyResult: 13806,18971941850,12,
2017-01-10 09:51:13 INFO AddIdentifyResult: 13808,013285463320,-1,
2017-01-10 09:51:14 INFO AddIdentifyResult: 13806,18971941850,10,reg/18971941850_0110095102|reg/18971941850_0110095102|reg/18971941850_
2017-01-10 09:51:15 INFO UpdateUserState: 18971941850,1
2017-01-10 09:51:21 INFO AddIdentifyResult: 13808,013285463320,-3,
2017-01-10 09:52:40 INFO AddIdentifyResult: 0,18971941850,0,ver/01/10/095349_18971941850.wav
2017-01-10 09:53:37 INFO AddIdentifyResult: 13808,013285463320,12,
2017-01-10 09:53:43 INFO AddIdentifyResult: 13808,013285463320,10,reg/013285463320_0110095516|reg/013285463320_0110095516|reg/013285463320_0110095322
2017-01-10 09:53:44 INFO UpdateUserState: 013285463320,1
2017-01-10 09:55:01 INFO AddIdentifyResult: 13810,18163588785,-1,
2017-01-10 09:55:07 INFO AddIdentifyResult: 13811,013285463507,-1,
2017-01-10 09:55:16 INFO AddIdentifyResult: 13811,013285463507,-3,
2017-01-10 09:55:16 INFO AddIdentifyResult: 13810,18163588785,-3,
2017-01-10 09:56:48 INFO AddIdentifyResult: 13810,18163588785,12,
2017-01-10 09:56:55 INFO AddIdentifyResult: 13810,18163588785,10,reg/18163588785_0110095717|reg/18163588785_0110095717|reg/18163588785_
2017-01-10 09:56:56 INFO UpdateUserState: 18163588785,1
2017-01-10 09:57:42 INFO AddIdentifyResult: 13811,013285463507,12,
2017-01-10 09:57:50 INFO AddIdentifyResult: 13811,013285463507,10,reg/013285463507_0110095716|reg/013285463507_0110095716|reg/013285463507_
2017-01-10 09:57:50 INFO UpdateUserState: 013285463507,1
2017-01-10 09:59:41 INFO AddIdentifyResult: 13812,013285463520,-1,
2017-01-10 09:59:48 INFO AddIdentifyResult: 13812,013285463520,-3,
2017-01-10 10:01:18 INFO AddIdentifyResult: 13812,013285463520,12,
2017-01-10 10:01:25 INFO AddIdentifyResult: 13812,013285463520,10,reg/013285463520_0110100148|reg/013285463520_0110100148|reg/013285463520_
2017-01-10 10:01:25 INFO UpdateUserState: 013285463520,1
2017-01-10 10:01:50 INFO AddIdentifyResult: 13813,18163589695,-1,
2017-01-10 10:02:01 INFO AddIdentifyResult: 13813,18163589695,-3,
2017-01-10 10:03:12 INFO AddIdentifyResult: 13814,013285463596,-1,
2017-01-10 10:03:22 INFO AddIdentifyResult: 13814,013285463596,-3,
2017-01-10 10:03:54 INFO AddIdentifyResult: 13813,18163589695,12,
2017-01-10 10:04:01 INFO AddIdentifyResult: 13813,18163589695,10,reg/18163589695_0110100401|reg/18163589695_0110100401|reg/18163589695_
2017-01-10 10:04:01 INFO UpdateUserState: 18163589695,1
2017-01-10 10:04:58 INFO AddIdentifyResult: 13814,013285463596,12,
2017-01-10 10:05:05 INFO AddIdentifyResult: 13814,013285463596,10,reg/013285463596_0110100522|reg/013285463596_0110100522|reg/013285463596_
2017-01-10 10:05:05 INFO UpdateUserState: 013285463596,1
2017-01-10 10:08:05 INFO AddIdentifyResult: 13815,013280392913,-1,
2017-01-10 10:08:21 INFO AddIdentifyResult: 13815,013280392913,-3,
2017-01-10 10:11:26 INFO AddIdentifyResult: 13815,013280392913,12,
2017-01-10 10:11:35 INFO AddIdentifyResult: 13815,013280392913,10,reg/013280392913_0110101214|reg/013280392913_0110101214|reg/013280392913_0110101021
2017-01-10 10:11:35 INFO UpdateUserState: 013280392913,1
2017-01-10 10:12:02 INFO AddIdentifyResult: 13816,013285463601,-1,
2017-01-10 10:12:09 INFO AddIdentifyResult: 13816,013285463601,-3,
2017-01-10 10:13:44 INFO AddIdentifyResult: 13817,013522638618,-1,
2017-01-10 10:13:47 INFO AddIdentifyResult: 13818,18163588653,-1,
2017-01-10 10:13:53 INFO AddIdentifyResult: 13816,013285463601,12,
2017-01-10 10:14:02 INFO AddIdentifyResult: 13816,013285463601,10,reg/013285463601_0110101410|reg/013285463601_0110101410|reg/013285463601_
2017-01-10 10:14:02 INFO UpdateUserState: 013285463601,1
2017-01-10 10:14:03 INFO AddIdentifyResult: 13818,18163588653,-3,
2017-01-10 10:16:01 INFO AddIdentifyResult: 13818,18163588653,12,
2017-01-10 10:16:11 INFO AddIdentifyResult: 13818,18163588653,10,reg/18163588653_0110101603|reg/18163588653_0110101603|reg/18163588653_
2017-01-10 10:16:11 INFO UpdateUserState: 18163588653,1
2017-01-10 10:17:18 INFO AddIdentifyResult: 0,18163588653,0,ver/01/10/101827_18163588653.wav
2017-01-10 10:20:24 INFO AddIdentifyResult: 13820,013780793148,-1,
2017-01-10 10:20:25 INFO AddIdentifyResult: 13821,18163588753,-1,
2017-01-10 10:20:35 INFO AddIdentifyResult: 13821,18163588753,-3,
2017-01-10 10:20:36 INFO AddIdentifyResult: 13820,013780793148,-3,
2017-01-10 10:22:05 INFO AddIdentifyResult: 13821,18163588753,12,
2017-01-10 10:22:12 INFO AddIdentifyResult: 13821,18163588753,10,reg/18163588753_0110102235|reg/18163588753_0110102235|reg/18163588753_
2017-01-10 10:22:12 INFO UpdateUserState: 18163588753,1
2017-01-10 10:22:39 INFO AddIdentifyResult: 13820,013780793148,12,
2017-01-10 10:22:45 INFO AddIdentifyResult: 13820,013780793148,10,reg/013780793148_0110102237|reg/013780793148_0110102237|reg/013780793148_
2017-01-10 10:22:45 INFO UpdateUserState: 013780793148,1
2017-01-10 10:23:16 INFO AddIdentifyResult: 13822,013285460616,-1,
2017-01-10 10:23:23 INFO AddIdentifyResult: 13822,013285460616,-3,
2017-01-10 10:24:41 INFO AddIdentifyResult: 0,18163588753,0,ver/01/10/102550_18163588753.wav
2017-01-10 10:25:06 INFO AddIdentifyResult: 13822,013285460616,12,
2017-01-10 10:25:13 INFO AddIdentifyResult: 13822,013285460616,10,reg/013285460616_0110102524|reg/013285460616_0110102524|reg/013285460616_
2017-01-10 10:25:13 INFO UpdateUserState: 013285460616,1
2017-01-10 10:28:32 INFO AddIdentifyResult: 13824,013285463687,-1,
2017-01-10 10:29:42 INFO AddIdentifyResult: 13825,013285463687,-1,
2017-01-10 10:29:49 INFO AddIdentifyResult: 13825,013285463687,-3,
2017-01-10 10:31:29 INFO AddIdentifyResult: 13825,013285463687,12,
2017-01-10 10:31:37 INFO AddIdentifyResult: 13825,013285463687,10,reg/013285463687_0110103149|reg/013285463687_0110103149|reg/013285463687_
2017-01-10 10:31:38 INFO UpdateUserState: 013285463687,1
2017-01-10 10:31:47 INFO AddIdentifyResult: 13826,015154696520,-1,
2017-01-10 10:31:56 INFO AddIdentifyResult: 13826,015154696520,-3,
2017-01-10 10:33:04 INFO AddIdentifyResult: 13826,015154696520,12,
2017-01-10 10:33:11 INFO AddIdentifyResult: 13826,015154696520,10,reg/015154696520_0110103356|reg/015154696520_0110103356|reg/015154696520_
2017-01-10 10:33:11 INFO UpdateUserState: 015154696520,1
2017-01-10 10:36:28 INFO AddIdentifyResult: 13827,013475283026,-1,
2017-01-10 10:36:36 INFO AddIdentifyResult: 13827,013475283026,-3,
2017-01-10 10:38:25 INFO AddIdentifyResult: 13827,013475283026,12,
2017-01-10 10:38:32 INFO AddIdentifyResult: 13827,013475283026,10,reg/013475283026_0110103955|reg/013475283026_0110103955|reg/013475283026_0110103836
2017-01-10 10:38:32 INFO UpdateUserState: 013475283026,1
2017-01-10 10:38:45 INFO AddIdentifyResult: 13828,013285463296,-1,
2017-01-10 10:38:53 INFO AddIdentifyResult: 13828,013285463296,-3,
2017-01-10 10:40:31 INFO AddIdentifyResult: 13828,013285463296,12,
2017-01-10 10:40:38 INFO AddIdentifyResult: 13828,013285463296,10,reg/013285463296_0110104054|reg/013285463296_0110104054|reg/013285463296_
2017-01-10 10:40:38 INFO UpdateUserState: 013285463296,1
2017-01-10 10:41:46 INFO AddIdentifyResult: 13829,013285463738,-1,
2017-01-10 10:41:58 INFO AddIdentifyResult: 13829,013285463738,-3,
2017-01-10 10:43:21 INFO AddIdentifyResult: 13829,013285463738,12,
2017-01-10 10:43:27 INFO AddIdentifyResult: 13829,013285463738,10,reg/013285463738_0110104359|reg/013285463738_0110104359|reg/013285463738_
2017-01-10 10:43:28 INFO UpdateUserState: 013285463738,1
2017-01-10 10:44:09 INFO AddIdentifyResult: 13830,0132854663879,-1,
2017-01-10 10:44:28 INFO AddIdentifyResult: 13831,0132854663879,-1,
2017-01-10 10:45:35 INFO AddIdentifyResult: 13832,013285463879,-1,
2017-01-10 10:45:41 INFO AddIdentifyResult: 13832,013285463879,-3,
2017-01-10 10:48:22 INFO AddIdentifyResult: 13832,013285463879,12,
2017-01-10 10:48:30 INFO AddIdentifyResult: 13832,013285463879,10,reg/013285463879_0110104742|reg/013285463879_0110104742|reg/013285463879_
2017-01-10 10:48:30 INFO UpdateUserState: 013285463879,1
2017-01-10 10:53:03 INFO AddIdentifyResult: 13833,013285463796,-1,
2017-01-10 10:53:11 INFO AddIdentifyResult: 13833,013285463796,-3,
2017-01-10 10:53:19 INFO AddIdentifyResult: 13833,013285463796,11,reg/013285463796_|reg/013285463796_|reg/013285463796_
2017-01-10 10:53:28 INFO AddIdentifyResult: 13834,013285463796,-1,
2017-01-10 10:53:33 INFO AddIdentifyResult: 13834,013285463796,-3,
2017-01-10 10:53:39 INFO AddIdentifyResult: 13834,013285463796,11,reg/013285463796_|reg/013285463796_|reg/013285463796_
2017-01-10 10:55:02 INFO AddIdentifyResult: 13835,013285463796,-1,
2017-01-10 10:55:08 INFO AddIdentifyResult: 13835,013285463796,-3,
2017-01-10 10:55:18 INFO AddIdentifyResult: 13835,013285463796,11,reg/013285463796_|reg/013285463796_|reg/013285463796_
2017-01-10 10:56:31 INFO AddIdentifyResult: 13836,013285463796,-1,
2017-01-10 10:56:37 INFO AddIdentifyResult: 13836,013285463796,-3,
2017-01-10 10:56:44 INFO AddIdentifyResult: 13836,013285463796,11,reg/013285463796_|reg/013285463796_|reg/013285463796_
2017-01-10 10:56:53 INFO AddIdentifyResult: 13837,018754679367,-1,
2017-01-10 10:57:00 INFO AddIdentifyResult: 13837,018754679367,-3,
2017-01-10 10:57:07 INFO AddIdentifyResult: 13837,018754679367,11,reg/018754679367_|reg/018754679367_|reg/018754679367_
2017-01-10 10:58:00 INFO AddIdentifyResult: 13838,018754679367,-1,
2017-01-10 10:58:06 INFO AddIdentifyResult: 13838,018754679367,-3,
2017-01-10 10:59:51 INFO AddIdentifyResult: 13839,013220511979,-1,
2017-01-10 11:00:01 INFO AddIdentifyResult: 13838,018754679367,12,
2017-01-10 11:00:09 INFO AddIdentifyResult: 13839,013220511979,-3,
2017-01-10 11:00:09 INFO AddIdentifyResult: 13838,018754679367,10,reg/018754679367_0110110007|reg/018754679367_0110110007|reg/018754679367_
2017-01-10 11:00:09 INFO UpdateUserState: 018754679367,1
2017-01-10 11:00:12 INFO AddIdentifyResult: 13840,013285463796,-1,
2017-01-10 11:00:19 INFO AddIdentifyResult: 13840,013285463796,-3,
2017-01-10 11:02:06 INFO AddIdentifyResult: 13839,013220511979,12,
2017-01-10 11:02:14 INFO AddIdentifyResult: 13839,013220511979,10,reg/013220511979_0110110210|reg/013220511979_0110110210|reg/013220511979_
2017-01-10 11:02:14 INFO UpdateUserState: 013220511979,1
2017-01-10 11:02:14 INFO AddIdentifyResult: 13840,013285463796,12,
2017-01-10 11:02:21 INFO AddIdentifyResult: 13840,013285463796,10,reg/013285463796_0110110220|reg/013285463796_0110110220|reg/013285463796_
2017-01-10 11:02:21 INFO UpdateUserState: 013285463796,1
2017-01-10 11:02:33 INFO AddIdentifyResult: 13841,015954754042,-1,
2017-01-10 11:02:45 INFO AddIdentifyResult: 13841,015954754042,-3,
2017-01-10 11:03:30 INFO AddIdentifyResult: 13842,13094159200,-1,
2017-01-10 11:03:39 INFO AddIdentifyResult: 13842,13094159200,-3,
2017-01-10 11:04:15 INFO AddIdentifyResult: 13841,015954754042,12,
2017-01-10 11:04:21 INFO AddIdentifyResult: 13841,015954754042,10,reg/015954754042_0110110446|reg/015954754042_0110110446|reg/015954754042_
2017-01-10 11:04:21 INFO UpdateUserState: 015954754042,1
2017-01-10 11:04:47 INFO AddIdentifyResult: 13843,013285463967,-1,
2017-01-10 11:04:53 INFO AddIdentifyResult: 13843,013285463967,-3,
2017-01-10 11:07:32 INFO AddIdentifyResult: 13842,13094159200,11,reg/13094159200_|reg/13094159200_|reg/13094159200_
2017-01-10 11:07:48 INFO AddIdentifyResult: 13844,18971941013,-1,
2017-01-10 11:07:55 INFO AddIdentifyResult: 13844,18971941013,-3,
2017-01-10 11:07:58 INFO AddIdentifyResult: 13843,013285463967,12,
2017-01-10 11:08:05 INFO AddIdentifyResult: 13843,013285463967,10,reg/013285463967_0110110925|reg/013285463967_0110110925|reg/013285463967_0110110654
2017-01-10 11:08:05 INFO UpdateUserState: 013285463967,1
2017-01-10 11:08:53 INFO AddIdentifyResult: 13845,013255629151,-1,
2017-01-10 11:08:59 INFO AddIdentifyResult: 13845,013255629151,-3,
2017-01-10 11:09:44 INFO AddIdentifyResult: 13844,18971941013,12,
2017-01-10 11:09:51 INFO AddIdentifyResult: 13844,18971941013,10,reg/18971941013_0110110956|reg/18971941013_0110110956|reg/18971941013_
2017-01-10 11:09:51 INFO UpdateUserState: 18971941013,1
2017-01-10 11:11:03 INFO AddIdentifyResult: 13845,013255629151,12,
2017-01-10 11:11:09 INFO AddIdentifyResult: 13845,013255629151,10,reg/013255629151_0110111238|reg/013255629151_0110111238|reg/013255629151_0110111100
2017-01-10 11:11:09 INFO UpdateUserState: 013255629151,1
2017-01-10 11:12:06 INFO AddIdentifyResult: 13846,013285463929,-1,
2017-01-10 11:12:11 INFO AddIdentifyResult: 13847,013280392937,-1,
2017-01-10 11:12:20 INFO AddIdentifyResult: 13846,013285463929,-3,
2017-01-10 11:12:22 INFO AddIdentifyResult: 13847,013280392937,-3,
2017-01-10 11:13:17 INFO AddIdentifyResult: 13848,13094159200,-1,
2017-01-10 11:14:15 INFO AddIdentifyResult: 13846,013285463929,12,
2017-01-10 11:14:22 INFO AddIdentifyResult: 13846,013285463929,10,reg/013285463929_0110111544|reg/013285463929_0110111544|reg/013285463929_0110111420
2017-01-10 11:14:22 INFO UpdateUserState: 013285463929,1
2017-01-10 11:14:34 INFO AddIdentifyResult: 13849,015254673432,-1,
2017-01-10 11:14:43 INFO AddIdentifyResult: 13849,015254673432,-3,
2017-01-10 11:15:18 INFO AddIdentifyResult: 13847,013280392937,12,
2017-01-10 11:15:24 INFO AddIdentifyResult: 13847,013280392937,10,reg/013280392937_0110111423|reg/013280392937_0110111423|reg/013280392937_
2017-01-10 11:15:25 INFO UpdateUserState: 013280392937,1
2017-01-10 11:16:16 INFO AddIdentifyResult: 13849,015254673432,12,
2017-01-10 11:16:22 INFO AddIdentifyResult: 13849,015254673432,10,reg/015254673432_0110111644|reg/015254673432_0110111644|reg/015254673432_
2017-01-10 11:16:22 INFO UpdateUserState: 015254673432,1
2017-01-10 11:17:04 INFO AddIdentifyResult: 13850,013285465120,-1,
2017-01-10 11:17:15 INFO AddIdentifyResult: 13850,013285465120,-3,
2017-01-10 11:18:17 INFO AddIdentifyResult: 13851,015066097927,-1,
2017-01-10 11:18:35 INFO AddIdentifyResult: 13851,015066097927,-3,
2017-01-10 11:18:48 INFO AddIdentifyResult: 0,18971941013,0,ver/01/10/111957_18971941013.wav
2017-01-10 11:19:17 INFO AddIdentifyResult: 13850,013285465120,12,
2017-01-10 11:19:26 INFO AddIdentifyResult: 13850,013285465120,10,reg/013285465120_0110111916|reg/013285465120_0110111916|reg/013285465120_
2017-01-10 11:19:26 INFO UpdateUserState: 013285465120,1
2017-01-10 11:20:10 INFO AddIdentifyResult: 13853,13094159200,-1,
2017-01-10 11:20:24 INFO AddIdentifyResult: 13853,13094159200,-3,
2017-01-10 11:20:34 INFO AddIdentifyResult: 13853,13094159200,11,reg/13094159200_|reg/13094159200_|reg/13094159200_
2017-01-10 11:21:04 INFO AddIdentifyResult: 13854,013285465675,-1,
2017-01-10 11:21:11 INFO AddIdentifyResult: 13854,013285465675,-3,
2017-01-10 11:21:14 INFO AddIdentifyResult: 13855,13094159200,-1,
2017-01-10 11:21:14 INFO AddIdentifyResult: 13851,015066097927,12,
2017-01-10 11:21:22 INFO AddIdentifyResult: 13851,015066097927,10,reg/015066097927_0110112036|reg/015066097927_0110112036|reg/015066097927_
2017-01-10 11:21:22 INFO UpdateUserState: 015066097927,1
2017-01-10 11:22:02 INFO AddIdentifyResult: 13855,13094159200,-3,
2017-01-10 11:22:11 INFO AddIdentifyResult: 13855,13094159200,11,reg/13094159200_|reg/13094159200_|reg/13094159200_
2017-01-10 11:23:02 INFO AddIdentifyResult: 13854,013285465675,12,
2017-01-10 11:23:10 INFO AddIdentifyResult: 13854,013285465675,10,reg/013285465675_0110112311|reg/013285465675_0110112311|reg/013285465675_
2017-01-10 11:23:10 INFO UpdateUserState: 013285465675,1
2017-01-10 11:24:19 INFO AddIdentifyResult: 13856,013280392959,-1,
2017-01-10 11:24:31 INFO AddIdentifyResult: 13856,013280392959,-3,
2017-01-10 11:24:33 INFO AddIdentifyResult: 13857,013285465363,-1,
2017-01-10 11:24:47 INFO AddIdentifyResult: 13857,013285465363,-3,
2017-01-10 11:26:27 INFO AddIdentifyResult: 13856,013280392959,12,
2017-01-10 11:26:35 INFO AddIdentifyResult: 13856,013280392959,10,reg/013280392959_0110112632|reg/013280392959_0110112632|reg/013280392959_
2017-01-10 11:26:35 INFO UpdateUserState: 013280392959,1
2017-01-10 11:27:10 INFO AddIdentifyResult: 13857,013285465363,12,
2017-01-10 11:27:16 INFO AddIdentifyResult: 13857,013285465363,10,reg/013285465363_0110112841|reg/013285465363_0110112841|reg/013285465363_0110112648
2017-01-10 11:27:17 INFO UpdateUserState: 013285465363,1
2017-01-10 11:34:15 INFO AddIdentifyResult: 13858,013280393019,-1,
2017-01-10 11:34:24 INFO AddIdentifyResult: 13859,013285465730,-1,
2017-01-10 11:34:36 INFO AddIdentifyResult: 13859,013285465730,-3,
2017-01-10 11:34:57 INFO AddIdentifyResult: 13860,013280393019,-1,
2017-01-10 11:35:20 INFO AddIdentifyResult: 13861,013280393019,-1,
2017-01-10 11:35:27 INFO AddIdentifyResult: 13861,013280393019,-3,
2017-01-10 11:36:09 INFO AddIdentifyResult: 13859,013285465730,12,
2017-01-10 11:36:17 INFO AddIdentifyResult: 13859,013285465730,10,reg/013285465730_0110113636|reg/013285465730_0110113636|reg/013285465730_
2017-01-10 11:36:17 INFO UpdateUserState: 013285465730,1
2017-01-10 11:36:26 INFO AddIdentifyResult: 13862,017865678958,-1,
2017-01-10 11:36:36 INFO AddIdentifyResult: 13862,017865678958,-3,
2017-01-10 11:37:04 INFO AddIdentifyResult: 13861,013280393019,12,
2017-01-10 11:37:10 INFO AddIdentifyResult: 13861,013280393019,10,reg/013280393019_0110113728|reg/013280393019_0110113728|reg/013280393019_
2017-01-10 11:37:11 INFO UpdateUserState: 013280393019,1
2017-01-10 11:37:52 INFO AddIdentifyResult: 13863,013280393092,-1,
2017-01-10 11:38:19 INFO AddIdentifyResult: 13863,013280393092,-3,
2017-01-10 11:38:48 INFO AddIdentifyResult: 13862,017865678958,12,
2017-01-10 11:38:55 INFO AddIdentifyResult: 13862,017865678958,10,reg/017865678958_0110113837|reg/017865678958_0110113837|reg/017865678958_
2017-01-10 11:38:55 INFO UpdateUserState: 017865678958,1
2017-01-10 11:40:14 INFO AddIdentifyResult: 13863,013280393092,12,
2017-01-10 11:40:20 INFO AddIdentifyResult: 13863,013280393092,10,reg/013280393092_0110114019|reg/013280393092_0110114019|reg/013280393092_
2017-01-10 11:40:20 INFO UpdateUserState: 013280393092,1
2017-01-10 11:41:43 INFO AddIdentifyResult: 13864,013285465770,-1,
2017-01-10 11:41:52 INFO AddIdentifyResult: 13864,013285465770,-3,
2017-01-10 11:42:45 INFO AddIdentifyResult: 13865,013280393213,-1,
2017-01-10 11:42:51 INFO AddIdentifyResult: 13865,013280393213,-3,
2017-01-10 11:44:01 INFO AddIdentifyResult: 13864,013285465770,12,
2017-01-10 11:44:07 INFO AddIdentifyResult: 13864,013285465770,10,reg/013285465770_0110114353|reg/013285465770_0110114353|reg/013285465770_
2017-01-10 11:44:07 INFO UpdateUserState: 013285465770,1
2017-01-10 11:44:45 INFO AddIdentifyResult: 13865,013280393213,12,
2017-01-10 11:44:53 INFO AddIdentifyResult: 13865,013280393213,10,reg/013280393213_0110114452|reg/013280393213_0110114452|reg/013280393213_
2017-01-10 11:44:54 INFO UpdateUserState: 013280393213,1
2017-01-10 11:45:26 INFO AddIdentifyResult: 13866,013280393150,-1,
2017-01-10 11:45:32 INFO AddIdentifyResult: 13866,013280393150,-3,
2017-01-10 11:47:25 INFO AddIdentifyResult: 13866,013280393150,12,
2017-01-10 11:47:31 INFO AddIdentifyResult: 13866,013280393150,10,reg/013280393150_0110114733|reg/013280393150_0110114733|reg/013280393150_
2017-01-10 11:47:32 INFO UpdateUserState: 013280393150,1
2017-01-10 11:48:28 INFO AddIdentifyResult: 13867,013285465810,-1,
2017-01-10 11:49:01 INFO AddIdentifyResult: 13867,013285465810,-3,
2017-01-10 11:51:22 INFO AddIdentifyResult: 13867,013285465810,12,
2017-01-10 11:51:29 INFO AddIdentifyResult: 13867,013285465810,10,reg/013285465810_0110115101|reg/013285465810_0110115101|reg/013285465810_
2017-01-10 11:51:29 INFO UpdateUserState: 013285465810,1
2017-01-10 11:51:38 INFO AddIdentifyResult: 13868,017865678958,-1,
2017-01-10 11:51:49 INFO AddIdentifyResult: 13868,017865678958,-3,
2017-01-10 11:52:08 INFO AddIdentifyResult: 13869,013280393190,-1,
2017-01-10 11:52:16 INFO AddIdentifyResult: 13869,013280393190,-3,
2017-01-10 11:53:54 INFO AddIdentifyResult: 13868,017865678958,12,
2017-01-10 11:54:01 INFO AddIdentifyResult: 13868,017865678958,10,reg/017865678958_0110115350|reg/017865678958_0110115350|reg/017865678958_
2017-01-10 11:54:01 INFO UpdateUserState: 017865678958,1
2017-01-10 11:55:24 INFO AddIdentifyResult: 13869,013280393190,11,reg/013280393190_|reg/013280393190_|reg/013280393190_
2017-01-10 11:55:46 INFO AddIdentifyResult: 13870,013280393190,-1,
2017-01-10 11:55:52 INFO AddIdentifyResult: 13870,013280393190,-3,
2017-01-10 11:58:30 INFO AddIdentifyResult: 13870,013280393190,12,
2017-01-10 11:58:37 INFO AddIdentifyResult: 13870,013280393190,10,reg/013280393190_0110115947|reg/013280393190_0110115947|reg/013280393190_0110115753
2017-01-10 11:58:37 INFO UpdateUserState: 013280393190,1
2017-01-10 12:49:49 INFO AddIdentifyResult: 13871,013285465831,-1,
2017-01-10 12:49:56 INFO AddIdentifyResult: 13871,013285465831,-3,
2017-01-10 12:51:42 INFO AddIdentifyResult: 13871,013285465831,12,
2017-01-10 12:51:48 INFO AddIdentifyResult: 13871,013285465831,10,reg/013285465831_0110125157|reg/013285465831_0110125157|reg/013285465831_
2017-01-10 12:51:49 INFO UpdateUserState: 013285465831,1
2017-01-10 12:51:52 INFO AddIdentifyResult: 13872,013181966928,-1,
2017-01-10 12:52:03 INFO AddIdentifyResult: 13872,013181966928,-3,
2017-01-10 12:53:44 INFO AddIdentifyResult: 13872,013181966928,12,
2017-01-10 12:53:51 INFO AddIdentifyResult: 13872,013181966928,10,reg/013181966928_0110125404|reg/013181966928_0110125404|reg/013181966928_
2017-01-10 12:53:51 INFO UpdateUserState: 013181966928,1
2017-01-10 12:56:54 INFO AddIdentifyResult: 13873,013406096749,-1,
2017-01-10 12:57:01 INFO AddIdentifyResult: 13873,013406096749,-3,
2017-01-10 12:58:24 INFO AddIdentifyResult: 13873,013406096749,12,
2017-01-10 12:58:31 INFO AddIdentifyResult: 13873,013406096749,10,reg/013406096749_0110125902|reg/013406096749_0110125902|reg/013406096749_
2017-01-10 12:58:31 INFO UpdateUserState: 013406096749,1
2017-01-10 13:09:01 INFO AddIdentifyResult: 13874,013406122739,-1,
2017-01-10 13:09:13 INFO AddIdentifyResult: 13874,013406122739,-3,
2017-01-10 13:10:49 INFO AddIdentifyResult: 13874,013406122739,12,
2017-01-10 13:10:57 INFO AddIdentifyResult: 13874,013406122739,10,reg/013406122739_0110131114|reg/013406122739_0110131114|reg/013406122739_
2017-01-10 13:10:57 INFO UpdateUserState: 013406122739,1
2017-01-10 13:16:12 INFO AddIdentifyResult: 13875,013285465135,-1,
2017-01-10 13:16:20 INFO AddIdentifyResult: 13875,013285465135,-3,
2017-01-10 13:16:58 INFO AddIdentifyResult: 13876,013280393259,-1,
2017-01-10 13:17:11 INFO AddIdentifyResult: 13876,013280393259,-3,
2017-01-10 13:18:04 INFO AddIdentifyResult: 13875,013285465135,12,
2017-01-10 13:18:11 INFO AddIdentifyResult: 13875,013285465135,10,reg/013285465135_0110131821|reg/013285465135_0110131821|reg/013285465135_
2017-01-10 13:18:11 INFO UpdateUserState: 013285465135,1
2017-01-10 13:18:20 INFO AddIdentifyResult: 13877,015254653628,-1,
2017-01-10 13:18:28 INFO AddIdentifyResult: 13877,015254653628,-3,
2017-01-10 13:19:03 INFO AddIdentifyResult: 13876,013280393259,12,
2017-01-10 13:19:10 INFO AddIdentifyResult: 13876,013280393259,10,reg/013280393259_0110132027|reg/013280393259_0110132027|reg/013280393259_0110131912
2017-01-10 13:19:10 INFO UpdateUserState: 013280393259,1
2017-01-10 13:20:19 INFO AddIdentifyResult: 13877,015254653628,12,
2017-01-10 13:20:25 INFO AddIdentifyResult: 13877,015254653628,10,reg/015254653628_0110132029|reg/015254653628_0110132029|reg/015254653628_
2017-01-10 13:20:26 INFO UpdateUserState: 015254653628,1
2017-01-10 13:22:23 INFO AddIdentifyResult: 13878,013280398331,-1,
2017-01-10 13:22:32 INFO AddIdentifyResult: 13878,013280398331,-3,
2017-01-10 13:24:10 INFO AddIdentifyResult: 13878,013280398331,12,
2017-01-10 13:24:17 INFO AddIdentifyResult: 13878,013280398331,10,reg/013280398331_0110132433|reg/013280398331_0110132433|reg/013280398331_
2017-01-10 13:24:17 INFO UpdateUserState: 013280398331,1
2017-01-10 13:24:42 INFO AddIdentifyResult: 13879,013563381144,-1,
2017-01-10 13:24:58 INFO AddIdentifyResult: 13879,013563381144,-3,
2017-01-10 13:26:54 INFO AddIdentifyResult: 13879,013563381144,12,
2017-01-10 13:27:01 INFO AddIdentifyResult: 13879,013563381144,10,reg/013563381144_0110132659|reg/013563381144_0110132659|reg/013563381144_
2017-01-10 13:27:02 INFO UpdateUserState: 013563381144,1
2017-01-10 13:28:18 INFO AddIdentifyResult: 13880,01325465931,-1,
2017-01-10 13:28:44 INFO AddIdentifyResult: 13881,013280393265,-1,
2017-01-10 13:28:51 INFO AddIdentifyResult: 13881,013280393265,-3,
2017-01-10 13:28:58 INFO AddIdentifyResult: 13882,013285465931,-1,
2017-01-10 13:29:06 INFO AddIdentifyResult: 13882,013285465931,-3,
2017-01-10 13:30:37 INFO AddIdentifyResult: 13882,013285465931,12,
2017-01-10 13:30:44 INFO AddIdentifyResult: 13882,013285465931,10,reg/013285465931_0110133107|reg/013285465931_0110133107|reg/013285465931_
2017-01-10 13:30:44 INFO UpdateUserState: 013285465931,1
2017-01-10 13:31:05 INFO AddIdentifyResult: 13881,013280393265,12,
2017-01-10 13:31:12 INFO AddIdentifyResult: 13881,013280393265,10,reg/013280393265_0110133225|reg/013280393265_0110133225|reg/013280393265_0110133052
2017-01-10 13:31:12 INFO UpdateUserState: 013280393265,1
2017-01-10 13:31:33 INFO AddIdentifyResult: 13883,018661370746,-1,
2017-01-10 13:31:46 INFO AddIdentifyResult: 13883,018661370746,-3,
2017-01-10 13:33:14 INFO AddIdentifyResult: 13883,018661370746,12,
2017-01-10 13:33:21 INFO AddIdentifyResult: 13883,018661370746,10,reg/018661370746_0110133348|reg/018661370746_0110133348|reg/018661370746_
2017-01-10 13:33:21 INFO UpdateUserState: 018661370746,1
2017-01-10 13:34:54 INFO AddIdentifyResult: 13884,015166260967,-1,
2017-01-10 13:35:11 INFO AddIdentifyResult: 13884,015166260967,-3,
2017-01-10 13:35:17 INFO AddIdentifyResult: 13884,015166260967,11,reg/015166260967_|reg/015166260967_|reg/015166260967_
2017-01-10 13:36:14 INFO AddIdentifyResult: 13885,015166260967,-1,
2017-01-10 13:36:21 INFO AddIdentifyResult: 13885,015166260967,-3,
2017-01-10 13:36:26 INFO AddIdentifyResult: 13885,015166260967,11,reg/015166260967_|reg/015166260967_|reg/015166260967_
2017-01-10 13:36:53 INFO AddIdentifyResult: 13886,013285465986,-1,
2017-01-10 13:36:59 INFO AddIdentifyResult: 13886,013285465986,-3,
2017-01-10 13:37:14 INFO AddIdentifyResult: 13886,013285465986,11,reg/013285465986_|reg/013285465986_|reg/013285465986_
2017-01-10 13:37:28 INFO AddIdentifyResult: 13887,013285465986,-1,
2017-01-10 13:37:31 INFO AddIdentifyResult: 13887,013285465986,-3,
2017-01-10 13:37:41 INFO AddIdentifyResult: 13888,013280393523,-1,
2017-01-10 13:38:11 INFO AddIdentifyResult: 13889,013280393523,-1,
2017-01-10 13:38:49 INFO AddIdentifyResult: 13887,013285465986,12,
2017-01-10 13:38:56 INFO AddIdentifyResult: 13887,013285465986,10,reg/013285465986_0110133933|reg/013285465986_0110133933|reg/013285465986_
2017-01-10 13:38:56 INFO UpdateUserState: 013285465986,1
2017-01-10 13:39:34 INFO AddIdentifyResult: 13890,015166260967,-1,
2017-01-10 13:39:42 INFO AddIdentifyResult: 13890,015166260967,-3,
2017-01-10 13:41:32 INFO AddIdentifyResult: 13890,015166260967,12,
2017-01-10 13:41:39 INFO AddIdentifyResult: 13890,015166260967,10,reg/015166260967_0110134305|reg/015166260967_0110134305|reg/015166260967_0110134143
2017-01-10 13:41:40 INFO UpdateUserState: 015166260967,1
2017-01-10 13:42:03 INFO AddIdentifyResult: 13891,013280393525,-1,
2017-01-10 13:42:08 INFO AddIdentifyResult: 13892,013285466208,-1,
2017-01-10 13:42:10 INFO AddIdentifyResult: 13891,013280393525,-3,
2017-01-10 13:42:23 INFO AddIdentifyResult: 13892,013285466208,-3,
2017-01-10 13:44:07 INFO AddIdentifyResult: 13891,013280393525,12,
2017-01-10 13:44:13 INFO AddIdentifyResult: 13892,013285466208,12,
2017-01-10 13:44:15 INFO AddIdentifyResult: 13891,013280393525,10,reg/013280393525_0110134411|reg/013280393525_0110134411|reg/013280393525_
2017-01-10 13:44:15 INFO UpdateUserState: 013280393525,1
2017-01-10 13:44:22 INFO AddIdentifyResult: 13892,013285466208,10,reg/013285466208_0110134542|reg/013285466208_0110134542|reg/013285466208_0110134424
2017-01-10 13:44:22 INFO UpdateUserState: 013285466208,1
2017-01-10 13:45:25 INFO AddIdentifyResult: 13893,013285466015,-1,
2017-01-10 13:45:41 INFO AddIdentifyResult: 13893,013285466015,-3,
2017-01-10 13:46:06 INFO AddIdentifyResult: 13894,013280393529,-1,
2017-01-10 13:46:13 INFO AddIdentifyResult: 13894,013280393529,-3,
2017-01-10 13:47:41 INFO AddIdentifyResult: 13893,013285466015,12,
2017-01-10 13:47:48 INFO AddIdentifyResult: 13893,013285466015,10,reg/013285466015_0110134742|reg/013285466015_0110134742|reg/013285466015_
2017-01-10 13:47:48 INFO UpdateUserState: 013285466015,1
2017-01-10 13:48:03 INFO AddIdentifyResult: 13895,013697832122,-1,
2017-01-10 13:48:08 INFO AddIdentifyResult: 13894,013280393529,12,
2017-01-10 13:48:16 INFO AddIdentifyResult: 13894,013280393529,10,reg/013280393529_0110134823|reg/013280393529_0110134823|reg/013280393529_0110134815
2017-01-10 13:48:16 INFO UpdateUserState: 013280393529,1
2017-01-10 13:48:18 INFO AddIdentifyResult: 13895,013697832122,-3,
2017-01-10 13:50:10 INFO AddIdentifyResult: 13895,013697832122,12,
2017-01-10 13:50:17 INFO AddIdentifyResult: 13895,013697832122,10,reg/013697832122_0110135019|reg/013697832122_0110135019|reg/013697832122_
2017-01-10 13:50:17 INFO UpdateUserState: 013697832122,1
2017-01-10 13:50:57 INFO AddIdentifyResult: 13896,013854681466,-1,
2017-01-10 13:51:04 INFO AddIdentifyResult: 13897,013285466561,-1,
2017-01-10 13:51:06 INFO AddIdentifyResult: 13896,013854681466,-3,
2017-01-10 13:51:13 INFO AddIdentifyResult: 13897,013285466561,-3,
2017-01-10 13:52:28 INFO AddIdentifyResult: 13896,013854681466,12,
2017-01-10 13:52:34 INFO AddIdentifyResult: 13896,013854681466,10,reg/013854681466_0110135307|reg/013854681466_0110135307|reg/013854681466_
2017-01-10 13:52:34 INFO UpdateUserState: 013854681466,1
2017-01-10 13:52:57 INFO AddIdentifyResult: 13898,013280393315,-1,
2017-01-10 13:53:03 INFO AddIdentifyResult: 13898,013280393315,-3,
2017-01-10 13:53:37 INFO AddIdentifyResult: 13897,013285466561,12,
2017-01-10 13:53:43 INFO AddIdentifyResult: 13897,013285466561,10,reg/013285466561_0110135314|reg/013285466561_0110135314|reg/013285466561_
2017-01-10 13:53:43 INFO UpdateUserState: 013285466561,1
2017-01-10 13:54:49 INFO AddIdentifyResult: 13898,013280393315,12,
2017-01-10 13:54:56 INFO AddIdentifyResult: 13898,013280393315,10,reg/013280393315_0110135504|reg/013280393315_0110135504|reg/013280393315_
2017-01-10 13:54:56 INFO UpdateUserState: 013280393315,1
2017-01-10 14:03:43 INFO AddIdentifyResult: 13899,018991370746,-1,
2017-01-10 14:04:42 INFO AddIdentifyResult: 13900,018661370746,-1,
2017-01-10 14:04:49 INFO AddIdentifyResult: 13900,018661370746,-3,
2017-01-10 14:06:19 INFO AddIdentifyResult: 13900,018661370746,12,
2017-01-10 14:06:26 INFO AddIdentifyResult: 13900,018661370746,10,reg/018661370746_0110140650|reg/018661370746_0110140650|reg/018661370746_
2017-01-10 14:06:26 INFO UpdateUserState: 018661370746,1
2017-01-10 14:06:47 INFO AddIdentifyResult: 13901,013285466653,-1,
2017-01-10 14:06:58 INFO AddIdentifyResult: 13902,013280393531,-1,
2017-01-10 14:07:01 INFO AddIdentifyResult: 13901,013285466653,-3,
2017-01-10 14:07:04 INFO AddIdentifyResult: 13902,013280393531,-3,
2017-01-10 14:09:05 INFO AddIdentifyResult: 13902,013280393531,12,
2017-01-10 14:09:13 INFO AddIdentifyResult: 13902,013280393531,10,reg/013280393531_0110140905|reg/013280393531_0110140905|reg/013280393531_
2017-01-10 14:09:13 INFO UpdateUserState: 013280393531,1
2017-01-10 14:09:18 INFO AddIdentifyResult: 13901,013285466653,12,
2017-01-10 14:09:24 INFO AddIdentifyResult: 13901,013285466653,10,reg/013285466653_0110141047|reg/013285466653_0110141047|reg/013285466653_0110140902
2017-01-10 14:09:25 INFO UpdateUserState: 013285466653,1
2017-01-10 14:09:45 INFO AddIdentifyResult: 13903,015066056974,-1,
2017-01-10 14:09:53 INFO AddIdentifyResult: 13903,015066056974,-3,
2017-01-10 14:11:06 INFO AddIdentifyResult: 13904,013280393585,-1,
2017-01-10 14:11:22 INFO AddIdentifyResult: 13904,013280393585,-3,
2017-01-10 14:11:51 INFO AddIdentifyResult: 13903,015066056974,12,
2017-01-10 14:11:59 INFO AddIdentifyResult: 13903,015066056974,10,reg/015066056974_0110141154|reg/015066056974_0110141154|reg/015066056974_
2017-01-10 14:11:59 INFO UpdateUserState: 015066056974,1
2017-01-10 14:12:50 INFO AddIdentifyResult: 13905,013285466296,-1,
2017-01-10 14:12:54 INFO AddIdentifyResult: 13905,013285466296,-3,
2017-01-10 14:13:19 INFO AddIdentifyResult: 13904,013280393585,12,
2017-01-10 14:13:27 INFO AddIdentifyResult: 13904,013280393585,10,reg/013280393585_0110141323|reg/013280393585_0110141323|reg/013280393585_
2017-01-10 14:13:27 INFO UpdateUserState: 013280393585,1
2017-01-10 14:14:28 INFO AddIdentifyResult: 13905,013285466296,12,
2017-01-10 14:14:34 INFO AddIdentifyResult: 13905,013285466296,10,reg/013285466296_0110141455|reg/013285466296_0110141455|reg/013285466296_
2017-01-10 14:14:34 INFO UpdateUserState: 013285466296,1
2017-01-10 14:16:20 INFO AddIdentifyResult: 13906,013176621653,-1,
2017-01-10 14:16:25 INFO AddIdentifyResult: 13907,013176621653,-1,
2017-01-10 14:16:28 INFO AddIdentifyResult: 13906,013176621653,-3,
2017-01-10 14:17:56 INFO AddIdentifyResult: 13906,013176621653,12,
2017-01-10 14:18:02 INFO AddIdentifyResult: 13906,013176621653,10,reg/013176621653_0110141829|reg/013176621653_0110141829|reg/013176621653_
2017-01-10 14:18:02 INFO UpdateUserState: 013176621653,1
2017-01-10 14:18:52 INFO AddIdentifyResult: 13908,013280393603,-1,
2017-01-10 14:19:01 INFO AddIdentifyResult: 13908,013280393603,-3,
2017-01-10 14:20:27 INFO AddIdentifyResult: 13909,013285466179,-1,
2017-01-10 14:20:34 INFO AddIdentifyResult: 13909,013285466179,-3,
2017-01-10 14:20:44 INFO AddIdentifyResult: 13908,013280393603,12,
2017-01-10 14:20:47 INFO AddIdentifyResult: 13909,013285466179,11,reg/013285466179_|reg/013285466179_|reg/013285466179_
2017-01-10 14:20:50 INFO AddIdentifyResult: 13908,013280393603,10,reg/013280393603_0110142103|reg/013280393603_0110142103|reg/013280393603_
2017-01-10 14:20:51 INFO UpdateUserState: 013280393603,1
2017-01-10 14:20:58 INFO AddIdentifyResult: 13910,013285466179,-1,
2017-01-10 14:21:06 INFO AddIdentifyResult: 13910,013285466179,-3,
2017-01-10 14:22:55 INFO AddIdentifyResult: 13910,013285466179,12,
2017-01-10 14:23:03 INFO AddIdentifyResult: 13910,013285466179,10,reg/013285466179_0110142308|reg/013285466179_0110142308|reg/013285466179_
2017-01-10 14:23:03 INFO UpdateUserState: 013285466179,1
2017-01-10 14:28:24 INFO AddIdentifyResult: 13911,013280393613,-1,
2017-01-10 14:28:31 INFO AddIdentifyResult: 13911,013280393613,-3,
2017-01-10 14:30:10 INFO AddIdentifyResult: 13911,013280393613,12,
2017-01-10 14:30:18 INFO AddIdentifyResult: 13911,013280393613,10,reg/013280393613_0110143032|reg/013280393613_0110143032|reg/013280393613_
2017-01-10 14:30:18 INFO UpdateUserState: 013280393613,1
2017-01-10 14:33:12 INFO AddIdentifyResult: 13912,013280396163,-1,
2017-01-10 14:33:19 INFO AddIdentifyResult: 13912,013280396163,-3,
2017-01-10 14:35:03 INFO AddIdentifyResult: 13913,013287306003,-1,
2017-01-10 14:35:18 INFO AddIdentifyResult: 13913,013287306003,-3,
2017-01-10 14:35:21 INFO AddIdentifyResult: 13912,013280396163,12,
2017-01-10 14:35:30 INFO AddIdentifyResult: 13912,013280396163,10,reg/013280396163_0110143520|reg/013280396163_0110143520|reg/013280396163_
2017-01-10 14:35:30 INFO UpdateUserState: 013280396163,1
2017-01-10 14:36:53 INFO AddIdentifyResult: 13913,013287306003,12,
2017-01-10 14:37:01 INFO AddIdentifyResult: 13913,013287306003,10,reg/013287306003_0110143720|reg/013287306003_0110143720|reg/013287306003_
2017-01-10 14:37:01 INFO UpdateUserState: 013287306003,1
2017-01-10 14:39:49 INFO AddIdentifyResult: 13914,18163588850,-1,
2017-01-10 14:40:03 INFO AddIdentifyResult: 13914,18163588850,-3,
2017-01-10 14:41:39 INFO AddIdentifyResult: 13914,18163588850,12,
2017-01-10 14:41:46 INFO AddIdentifyResult: 13914,18163588850,10,reg/18163588850_0110144204|reg/18163588850_0110144204|reg/18163588850_
2017-01-10 14:41:46 INFO UpdateUserState: 18163588850,1
2017-01-10 14:42:07 INFO AddIdentifyResult: 13915,015334210523,-1,
2017-01-10 14:43:23 INFO AddIdentifyResult: 13916,015334210523,-1,
2017-01-10 14:45:21 INFO AddIdentifyResult: 0,18163588850,1,ver/01/10/144630_18163588850.wav
2017-01-10 14:46:19 INFO AddIdentifyResult: 13918,015334210523,-1,
2017-01-10 14:46:53 INFO AddIdentifyResult: 13919,015334210523,-1,
2017-01-10 14:46:57 INFO AddIdentifyResult: 0,18163588850,1,ver/01/10/144806_18163588850.wav
2017-01-10 14:47:33 INFO AddIdentifyResult: 13920,015334210523,-1,
2017-01-10 14:48:33 INFO AddIdentifyResult: 0,18163588850,1,ver/01/10/144942_18163588850.wav
2017-01-10 14:48:39 INFO AddIdentifyResult: 13921,015334210523,-1,
2017-01-10 14:48:50 INFO AddIdentifyResult: 13921,015334210523,-3,
2017-01-10 14:51:01 INFO AddIdentifyResult: 13922,013280393682,-1,
2017-01-10 14:51:29 INFO AddIdentifyResult: 13923,013280393682,-1,
2017-01-10 14:51:38 INFO AddIdentifyResult: 13923,013280393682,-3,
2017-01-10 14:51:40 INFO AddIdentifyResult: 13921,015334210523,12,
2017-01-10 14:51:47 INFO AddIdentifyResult: 13923,013280393682,11,reg/013280393682_|reg/013280393682_|reg/013280393682_
2017-01-10 14:51:53 INFO AddIdentifyResult: 13921,015334210523,10,reg/015334210523_0110145051|reg/015334210523_0110145051|reg/015334210523_
2017-01-10 14:51:53 INFO UpdateUserState: 015334210523,1
2017-01-10 14:51:55 INFO AddIdentifyResult: 13924,013280393682,-1,
2017-01-10 14:52:05 INFO AddIdentifyResult: 13925,013280393682,-1,
2017-01-10 14:52:10 INFO AddIdentifyResult: 13925,013280393682,-3,
2017-01-10 14:52:42 INFO AddIdentifyResult: 13926,015334210523,-1,
2017-01-10 14:52:52 INFO AddIdentifyResult: 13926,015334210523,-3,
2017-01-10 14:53:44 INFO AddIdentifyResult: 13926,015334210523,0,ver/01/10/145453_015334210523.wav
2017-01-10 14:54:38 INFO AddIdentifyResult: 13925,013280393682,12,
2017-01-10 14:54:44 INFO AddIdentifyResult: 13925,013280393682,10,reg/013280393682_0110145614|reg/013280393682_0110145614|reg/013280393682_0110145411
2017-01-10 14:54:45 INFO UpdateUserState: 013280393682,1
2017-01-10 14:57:27 INFO AddIdentifyResult: 13927,013280393707,-1,
2017-01-10 14:57:32 INFO AddIdentifyResult: 13927,013280393707,-3,
2017-01-10 14:59:30 INFO AddIdentifyResult: 13927,013280393707,12,
2017-01-10 14:59:37 INFO AddIdentifyResult: 13927,013280393707,10,reg/013280393707_0110145933|reg/013280393707_0110145933|reg/013280393707_
2017-01-10 14:59:38 INFO UpdateUserState: 013280393707,1
2017-01-10 15:01:02 INFO AddIdentifyResult: 13928,013280393715,-1,
2017-01-10 15:01:09 INFO AddIdentifyResult: 13928,013280393715,-3,
2017-01-10 15:02:34 INFO AddIdentifyResult: 13928,013280393715,12,
2017-01-10 15:02:40 INFO AddIdentifyResult: 13928,013280393715,10,reg/013280393715_0110150310|reg/013280393715_0110150310|reg/013280393715_
2017-01-10 15:02:41 INFO UpdateUserState: 013280393715,1
2017-01-10 15:11:39 INFO AddIdentifyResult: 13929,013285466365,-1,
2017-01-10 15:11:49 INFO AddIdentifyResult: 13929,013285466365,-3,
2017-01-10 15:13:53 INFO AddIdentifyResult: 13929,013285466365,12,
2017-01-10 15:13:59 INFO AddIdentifyResult: 13929,013285466365,10,reg/013285466365_0110151527|reg/013285466365_0110151527|reg/013285466365_0110151350
2017-01-10 15:14:00 INFO UpdateUserState: 013285466365,1
2017-01-10 15:15:04 INFO AddIdentifyResult: 13930,015327856631,-1,
2017-01-10 15:15:35 INFO AddIdentifyResult: 13931,015327856631,-1,
2017-01-10 15:16:23 INFO AddIdentifyResult: 13932,015327856631,-1,
2017-01-10 15:16:44 INFO AddIdentifyResult: 13932,015327856631,-3,
2017-01-10 15:18:49 INFO AddIdentifyResult: 13932,015327856631,12,
2017-01-10 15:18:56 INFO AddIdentifyResult: 13932,015327856631,10,reg/015327856631_0110151845|reg/015327856631_0110151845|reg/015327856631_
2017-01-10 15:18:57 INFO UpdateUserState: 015327856631,1
2017-01-10 15:20:14 INFO AddIdentifyResult: 13933,015327856631,-1,
2017-01-10 15:22:23 INFO AddIdentifyResult: 13934,015327856631,-1,
2017-01-10 15:22:40 INFO AddIdentifyResult: 13934,015327856631,-3,
2017-01-10 15:23:32 INFO AddIdentifyResult: 13934,015327856631,0,ver/01/10/152441_015327856631.wav
2017-01-10 15:38:21 INFO AddIdentifyResult: 13935,013280393727,-1,
2017-01-10 15:38:29 INFO AddIdentifyResult: 13935,013280393727,-3,
2017-01-10 15:39:57 INFO AddIdentifyResult: 13935,013280393727,12,
2017-01-10 15:40:03 INFO AddIdentifyResult: 13935,013280393727,10,reg/013280393727_0110154030|reg/013280393727_0110154030|reg/013280393727_
2017-01-10 15:40:04 INFO UpdateUserState: 013280393727,1
2017-01-10 15:41:47 INFO AddIdentifyResult: 13936,018107251382,-1,
2017-01-10 15:42:22 INFO AddIdentifyResult: 13937,018107251382,-1,
2017-01-10 15:43:05 INFO AddIdentifyResult: 13938,018107251382,-1,
2017-01-10 15:44:29 INFO AddIdentifyResult: 13939,018107251382,-1,
2017-01-10 15:45:12 INFO AddIdentifyResult: 13940,018107251382,-1,
2017-01-10 15:45:38 INFO AddIdentifyResult: 13940,018107251382,-3,
2017-01-10 15:47:30 INFO AddIdentifyResult: 13940,018107251382,12,
2017-01-10 15:47:37 INFO AddIdentifyResult: 13940,018107251382,10,reg/018107251382_0110154740|reg/018107251382_0110154740|reg/018107251382_
2017-01-10 15:47:37 INFO UpdateUserState: 018107251382,1
2017-01-10 15:48:38 INFO AddIdentifyResult: 13941,018107251382,-1,
2017-01-10 15:48:52 INFO AddIdentifyResult: 13941,018107251382,-3,
2017-01-10 15:50:05 INFO AddIdentifyResult: 13941,018107251382,1,
2017-01-10 15:52:04 INFO AddIdentifyResult: 13942,018107251382,-1,
2017-01-10 15:52:21 INFO AddIdentifyResult: 13942,018107251382,-3,
2017-01-10 15:54:17 INFO AddIdentifyResult: 13942,018107251382,12,
2017-01-10 15:54:24 INFO AddIdentifyResult: 13942,018107251382,10,reg/018107251382_0110155422|reg/018107251382_0110155422|reg/018107251382_
2017-01-10 15:54:24 INFO UpdateUserState: 018107251382,1
2017-01-10 15:54:41 INFO AddIdentifyResult: 13943,018107251382,-1,
2017-01-10 15:54:49 INFO AddIdentifyResult: 13943,018107251382,-3,
2017-01-10 15:55:40 INFO AddIdentifyResult: 13943,018107251382,0,ver/01/10/155651_018107251382.wav
2017-01-10 16:02:04 INFO AddIdentifyResult: 13944,015327855262,-1,
2017-01-10 16:02:16 INFO AddIdentifyResult: 13944,015327855262,-3,
2017-01-10 16:04:51 INFO AddIdentifyResult: 13944,015327855262,12,
2017-01-10 16:05:01 INFO AddIdentifyResult: 13944,015327855262,10,reg/015327855262_0110160418|reg/015327855262_0110160418|reg/015327855262_
2017-01-10 16:05:01 INFO UpdateUserState: 015327855262,1
2017-01-10 16:05:05 INFO AddIdentifyResult: 13945,015327855262,-1,
2017-01-10 16:05:14 INFO AddIdentifyResult: 13945,015327855262,-3,
2017-01-10 16:06:05 INFO AddIdentifyResult: 13945,015327855262,0,ver/01/10/160716_015327855262.wav
2017-01-10 16:34:24 INFO AddIdentifyResult: 13946,015254653829,-1,
2017-01-10 16:34:36 INFO AddIdentifyResult: 13946,015254653829,-3,
2017-01-10 16:36:26 INFO AddIdentifyResult: 13946,015254653829,12,
2017-01-10 16:36:34 INFO AddIdentifyResult: 13946,015254653829,10,reg/015254653829_0110163638|reg/015254653829_0110163638|reg/015254653829_
2017-01-10 16:36:34 INFO UpdateUserState: 015254653829,1
2017-01-10 16:37:37 INFO AddIdentifyResult: 13947,18186591531,-1,
2017-01-10 16:38:11 INFO AddIdentifyResult: 13948,18186591531,-1,
2017-01-10 16:38:25 INFO AddIdentifyResult: 13949,017371146171,-1,
2017-01-10 16:38:38 INFO AddIdentifyResult: 13949,017371146171,-3,
2017-01-10 16:38:48 INFO AddIdentifyResult: 13950,018186591531,-1,
2017-01-10 16:39:09 INFO AddIdentifyResult: 13949,017371146171,1,ver/01/10/164053_017371146171.wav
2017-01-10 16:39:30 INFO AddIdentifyResult: 13951,018186591531,-1,
2017-01-10 16:39:34 INFO AddIdentifyResult: 13949,017371146171,2,ver/01/10/164118_017371146171.wav
2017-01-10 16:39:46 INFO AddIdentifyResult: 13951,018186591531,-3,
2017-01-10 16:40:29 INFO AddIdentifyResult: 13952,013563365146,-1,
2017-01-10 16:40:46 INFO AddIdentifyResult: 13952,013563365146,-3,
2017-01-10 16:41:46 INFO AddIdentifyResult: 13951,018186591531,12,
2017-01-10 16:41:53 INFO AddIdentifyResult: 13951,018186591531,10,reg/018186591531_0110164158|reg/018186591531_0110164158|reg/018186591531_0110164147
2017-01-10 16:41:53 INFO UpdateUserState: 018186591531,1
2017-01-10 16:42:25 INFO AddIdentifyResult: 13953,018186591531,-1,
2017-01-10 16:42:34 INFO AddIdentifyResult: 13953,018186591531,-3,
2017-01-10 16:42:45 INFO AddIdentifyResult: 13952,013563365146,12,
2017-01-10 16:42:53 INFO AddIdentifyResult: 13952,013563365146,10,reg/013563365146_0110164248|reg/013563365146_0110164248|reg/013563365146_
2017-01-10 16:42:53 INFO UpdateUserState: 013563365146,1
2017-01-10 16:43:42 INFO AddIdentifyResult: 13953,018186591531,0,ver/01/10/164452_018186591531.wav
2017-01-10 17:10:56 INFO AddIdentifyResult: 13954,013285465119,-1,
2017-01-10 17:12:06 INFO AddIdentifyResult: 13955,013285465119,-1,
2017-01-10 17:12:12 INFO AddIdentifyResult: 13955,013285465119,-3,
2017-01-10 17:13:55 INFO AddIdentifyResult: 13955,013285465119,12,
2017-01-10 17:14:02 INFO AddIdentifyResult: 13955,013285465119,10,reg/013285465119_0110171529|reg/013285465119_0110171529|reg/013285465119_0110171414
2017-01-10 17:14:02 INFO UpdateUserState: 013285465119,1
2017-01-10 17:23:21 INFO AddIdentifyResult: 13956,13094159200,-1,
2017-01-10 17:23:29 INFO AddIdentifyResult: 13956,13094159200,-3,
2017-01-10 17:30:44 INFO AddIdentifyResult: 13956,13094159200,11,reg/13094159200_|reg/13094159200_|reg/13094159200_
