2017-01-05 08:23:30 INFO AddIdentifyResult: 12447,013173462597,-1,
2017-01-05 08:23:37 INFO AddIdentifyResult: 12447,013173462597,-3,
2017-01-05 08:25:45 INFO AddIdentifyResult: 12447,013173462597,12,
2017-01-05 08:25:52 INFO AddIdentifyResult: 12447,013173462597,10,reg/013173462597_0105082646|reg/013173462597_0105082646|reg/013173462597_0105082515
2017-01-05 08:25:52 INFO UpdateUserState: 013173462597,1
2017-01-05 08:42:39 INFO AddIdentifyResult: 12448,013173462825,-1,
2017-01-05 08:42:45 INFO AddIdentifyResult: 12448,013173462825,-3,
2017-01-05 08:44:24 INFO AddIdentifyResult: 12448,013173462825,12,
2017-01-05 08:44:32 INFO AddIdentifyResult: 12448,013173462825,10,reg/013173462825_0105084423|reg/013173462825_0105084423|reg/013173462825_
2017-01-05 08:44:32 INFO UpdateUserState: 013173462825,1
2017-01-05 08:46:17 INFO AddIdentifyResult: 12449,015066092494,-1,
2017-01-05 08:46:25 INFO AddIdentifyResult: 12449,015066092494,-3,
2017-01-05 08:48:59 INFO AddIdentifyResult: 12449,015066092494,12,
2017-01-05 08:49:06 INFO AddIdentifyResult: 12449,015066092494,10,reg/015066092494_0105084935|reg/015066092494_0105084935|reg/015066092494_0105084803
2017-01-05 08:49:06 INFO UpdateUserState: 015066092494,1
2017-01-05 08:50:15 INFO AddIdentifyResult: 12450,013173462675,-1,
2017-01-05 08:50:23 INFO AddIdentifyResult: 12450,013173462675,-3,
2017-01-05 08:51:55 INFO AddIdentifyResult: 12450,013173462675,12,
2017-01-05 08:52:02 INFO AddIdentifyResult: 12450,013173462675,10,reg/013173462675_0105085313|reg/013173462675_0105085313|reg/013173462675_0105085201
2017-01-05 08:52:02 INFO UpdateUserState: 013173462675,1
2017-01-05 08:52:13 INFO AddIdentifyResult: 12451,013792064296,-1,
2017-01-05 08:52:21 INFO AddIdentifyResult: 12451,013792064296,-3,
2017-01-05 08:54:00 INFO AddIdentifyResult: 12451,013792064296,12,
2017-01-05 08:54:07 INFO AddIdentifyResult: 12451,013792064296,10,reg/013792064296_0105085518|reg/013792064296_0105085518|reg/013792064296_0105085359
2017-01-05 08:54:07 INFO UpdateUserState: 013792064296,1
2017-01-05 08:55:39 INFO AddIdentifyResult: 12452,013173462950,-1,
2017-01-05 08:55:45 INFO AddIdentifyResult: 12452,013173462950,-3,
2017-01-05 08:57:14 INFO AddIdentifyResult: 12452,013173462950,12,
2017-01-05 08:57:20 INFO AddIdentifyResult: 12452,013173462950,10,reg/013173462950_0105085723|reg/013173462950_0105085723|reg/013173462950_
2017-01-05 08:57:21 INFO UpdateUserState: 013173462950,1
2017-01-05 08:58:25 INFO AddIdentifyResult: 12453,013173463263,-1,
2017-01-05 08:58:43 INFO AddIdentifyResult: 12453,013173463263,-3,
2017-01-05 09:00:22 INFO AddIdentifyResult: 12453,013173463263,12,
2017-01-05 09:00:30 INFO AddIdentifyResult: 12453,013173463263,10,reg/013173463263_0105090021|reg/013173463263_0105090021|reg/013173463263_
2017-01-05 09:00:30 INFO UpdateUserState: 013173463263,1
2017-01-05 09:02:50 INFO AddIdentifyResult: 12454,013173463283,-1,
2017-01-05 09:03:01 INFO AddIdentifyResult: 12454,013173463283,-3,
2017-01-05 09:04:59 INFO AddIdentifyResult: 12454,013173463283,12,
2017-01-05 09:05:06 INFO AddIdentifyResult: 12454,013173463283,10,reg/013173463283_0105090612|reg/013173463283_0105090612|reg/013173463283_0105090439
2017-01-05 09:05:07 INFO UpdateUserState: 013173463283,1
2017-01-05 09:07:29 INFO AddIdentifyResult: 12455,013173463373,-1,
2017-01-05 09:07:35 INFO AddIdentifyResult: 12455,013173463373,-3,
2017-01-05 09:09:09 INFO AddIdentifyResult: 12455,013173463373,12,
2017-01-05 09:09:15 INFO AddIdentifyResult: 12455,013173463373,10,reg/013173463373_0105091029|reg/013173463373_0105091029|reg/013173463373_0105090913
2017-01-05 09:09:16 INFO UpdateUserState: 013173463373,1
2017-01-05 09:11:10 INFO AddIdentifyResult: 12456,015275631218,-1,
2017-01-05 09:11:19 INFO AddIdentifyResult: 12456,015275631218,-3,
2017-01-05 09:12:54 INFO AddIdentifyResult: 12456,015275631218,12,
2017-01-05 09:13:01 INFO AddIdentifyResult: 12456,015275631218,10,reg/015275631218_0105091411|reg/015275631218_0105091411|reg/015275631218_0105091257
2017-01-05 09:13:01 INFO UpdateUserState: 015275631218,1
2017-01-05 09:14:59 INFO AddIdentifyResult: 12457,013173363538,-1,
2017-01-05 09:16:09 INFO AddIdentifyResult: 12458,013173463538,-1,
2017-01-05 09:16:21 INFO AddIdentifyResult: 12458,013173463538,-3,
2017-01-05 09:18:44 INFO AddIdentifyResult: 12458,013173463538,12,
2017-01-05 09:18:50 INFO AddIdentifyResult: 12458,013173463538,10,reg/013173463538_0105091955|reg/013173463538_0105091955|reg/013173463538_0105091759
2017-01-05 09:18:51 INFO UpdateUserState: 013173463538,1
2017-01-05 09:20:21 INFO AddIdentifyResult: 12459,013780759671,-1,
2017-01-05 09:20:46 INFO AddIdentifyResult: 12459,013780759671,-3,
2017-01-05 09:22:46 INFO AddIdentifyResult: 12459,013780759671,12,
2017-01-05 09:22:52 INFO AddIdentifyResult: 12459,013780759671,10,reg/013780759671_0105092401|reg/013780759671_0105092401|reg/013780759671_0105092224
2017-01-05 09:22:52 INFO UpdateUserState: 013780759671,1
2017-01-05 09:25:01 INFO AddIdentifyResult: 12460,013173463583,-1,
2017-01-05 09:25:07 INFO AddIdentifyResult: 12460,013173463583,-3,
2017-01-05 09:26:36 INFO AddIdentifyResult: 12460,013173463583,12,
2017-01-05 09:26:42 INFO AddIdentifyResult: 12460,013173463583,10,reg/013173463583_0105092751|reg/013173463583_0105092751|reg/013173463583_0105092645
2017-01-05 09:26:43 INFO UpdateUserState: 013173463583,1
2017-01-05 09:28:37 INFO AddIdentifyResult: 12461,013655460918,-1,
2017-01-05 09:28:46 INFO AddIdentifyResult: 12461,013655460918,-3,
2017-01-05 09:30:43 INFO AddIdentifyResult: 12461,013655460918,12,
2017-01-05 09:30:50 INFO AddIdentifyResult: 12461,013655460918,10,reg/013655460918_0105093159|reg/013655460918_0105093159|reg/013655460918_0105093024
2017-01-05 09:30:50 INFO UpdateUserState: 013655460918,1
2017-01-05 09:32:00 INFO AddIdentifyResult: 12462,013173463673,-1,
2017-01-05 09:32:07 INFO AddIdentifyResult: 12462,013173463673,-3,
2017-01-05 09:34:26 INFO AddIdentifyResult: 12462,013173463673,12,
2017-01-05 09:34:33 INFO AddIdentifyResult: 12462,013173463673,10,reg/013173463673_0105093541|reg/013173463673_0105093541|reg/013173463673_0105093345
2017-01-05 09:34:33 INFO UpdateUserState: 013173463673,1
2017-01-05 09:37:27 INFO AddIdentifyResult: 12463,015963083885,-1,
2017-01-05 09:37:34 INFO AddIdentifyResult: 12463,015963083885,-3,
2017-01-05 09:38:02 INFO AddIdentifyResult: 12464,018107251626,-1,
2017-01-05 09:39:05 INFO AddIdentifyResult: 12465,018107251626,-1,
2017-01-05 09:39:17 INFO AddIdentifyResult: 12463,015963083885,12,
2017-01-05 09:39:20 INFO AddIdentifyResult: 12465,018107251626,-3,
2017-01-05 09:39:24 INFO AddIdentifyResult: 12463,015963083885,10,reg/015963083885_0105094032|reg/015963083885_0105094032|reg/015963083885_0105093912
2017-01-05 09:39:24 INFO UpdateUserState: 015963083885,1
2017-01-05 09:39:59 INFO AddIdentifyResult: 12466,013173463692,-1,
2017-01-05 09:40:15 INFO AddIdentifyResult: 12466,013173463692,-3,
2017-01-05 09:41:57 INFO AddIdentifyResult: 12466,013173463692,12,
2017-01-05 09:42:04 INFO AddIdentifyResult: 12466,013173463692,10,reg/013173463692_0105094309|reg/013173463692_0105094309|reg/013173463692_0105094153
2017-01-05 09:42:04 INFO UpdateUserState: 013173463692,1
2017-01-05 09:42:44 INFO AddIdentifyResult: 12465,018107251626,12,
2017-01-05 09:42:55 INFO AddIdentifyResult: 12465,018107251626,10,reg/018107251626_0105094058|reg/018107251626_0105094058|reg/018107251626_
2017-01-05 09:42:55 INFO UpdateUserState: 018107251626,1
2017-01-05 09:44:59 INFO AddIdentifyResult: 12467,018107251626,-1,
2017-01-05 09:45:11 INFO AddIdentifyResult: 12467,018107251626,-3,
2017-01-05 09:46:02 INFO AddIdentifyResult: 12468,013173465936,-1,
2017-01-05 09:46:03 INFO AddIdentifyResult: 12467,018107251626,0,ver/01/05/094650_018107251626.wav
2017-01-05 09:46:08 INFO AddIdentifyResult: 12468,013173465936,-3,
2017-01-05 09:47:51 INFO AddIdentifyResult: 12468,013173465936,12,
2017-01-05 09:47:57 INFO AddIdentifyResult: 12468,013173465936,10,reg/013173465936_0105094908|reg/013173465936_0105094908|reg/013173465936_0105094746
2017-01-05 09:47:58 INFO UpdateUserState: 013173465936,1
2017-01-05 09:48:03 INFO AddIdentifyResult: 12469,013173463936,-1,
2017-01-05 09:48:09 INFO AddIdentifyResult: 12469,013173463936,-3,
2017-01-05 09:50:20 INFO AddIdentifyResult: 12469,013173463936,12,
2017-01-05 09:50:27 INFO AddIdentifyResult: 12469,013173463936,10,reg/013173463936_0105095133|reg/013173463936_0105095133|reg/013173463936_0105094947
2017-01-05 09:50:27 INFO UpdateUserState: 013173463936,1
2017-01-05 09:51:58 INFO AddIdentifyResult: 12470,013173463731,-1,
2017-01-05 09:52:04 INFO AddIdentifyResult: 12470,013173463731,-3,
2017-01-05 09:53:33 INFO AddIdentifyResult: 12470,013173463731,12,
2017-01-05 09:53:40 INFO AddIdentifyResult: 12470,013173463731,10,reg/013173463731_0105095342|reg/013173463731_0105095342|reg/013173463731_
2017-01-05 09:53:40 INFO UpdateUserState: 013173463731,1
2017-01-05 09:56:09 INFO AddIdentifyResult: 12471,013173465021,-1,
2017-01-05 09:56:16 INFO AddIdentifyResult: 12471,013173465021,-3,
2017-01-05 09:57:54 INFO AddIdentifyResult: 12471,013173465021,12,
2017-01-05 09:58:01 INFO AddIdentifyResult: 12471,013173465021,10,reg/013173465021_0105095754|reg/013173465021_0105095754|reg/013173465021_
2017-01-05 09:58:01 INFO UpdateUserState: 013173465021,1
2017-01-05 10:01:10 INFO AddIdentifyResult: 12472,013173466315,-1,
2017-01-05 10:01:46 INFO AddIdentifyResult: 12473,013173466315,-1,
2017-01-05 10:03:05 INFO AddIdentifyResult: 12474,013173465519,-1,
2017-01-05 10:03:11 INFO AddIdentifyResult: 12474,013173465519,-3,
2017-01-05 10:05:07 INFO AddIdentifyResult: 12474,013173465519,12,
2017-01-05 10:05:14 INFO AddIdentifyResult: 12474,013173465519,10,reg/013173465519_0105100450|reg/013173465519_0105100450|reg/013173465519_
2017-01-05 10:05:14 INFO UpdateUserState: 013173465519,1
2017-01-05 10:05:51 INFO AddIdentifyResult: 12475,013173466315,-1,
2017-01-05 10:05:58 INFO AddIdentifyResult: 12475,013173466315,-3,
2017-01-05 10:09:37 INFO AddIdentifyResult: 12475,013173466315,11,reg/013173466315_|reg/013173466315_|reg/013173466315_
2017-01-05 10:09:55 INFO AddIdentifyResult: 12476,013173466315,-1,
2017-01-05 10:10:00 INFO AddIdentifyResult: 12476,013173466315,-3,
2017-01-05 10:12:05 INFO AddIdentifyResult: 12476,013173466315,12,
2017-01-05 10:12:11 INFO AddIdentifyResult: 12476,013173466315,10,reg/013173466315_0105101138|reg/013173466315_0105101138|reg/013173466315_
2017-01-05 10:12:11 INFO UpdateUserState: 013173466315,1
2017-01-05 10:13:55 INFO AddIdentifyResult: 12477,013561012014,-1,
2017-01-05 10:14:03 INFO AddIdentifyResult: 12477,013561012014,-3,
2017-01-05 10:15:58 INFO AddIdentifyResult: 12477,013561012014,12,
2017-01-05 10:16:05 INFO AddIdentifyResult: 12477,013561012014,10,reg/013561012014_0105101700|reg/013561012014_0105101700|reg/013561012014_0105101542
2017-01-05 10:16:06 INFO UpdateUserState: 013561012014,1
2017-01-05 10:18:02 INFO AddIdentifyResult: 12478,013070579097,-1,
2017-01-05 10:18:13 INFO AddIdentifyResult: 12478,013070579097,-3,
2017-01-05 10:19:32 INFO AddIdentifyResult: 12479,013173467101,-1,
2017-01-05 10:19:38 INFO AddIdentifyResult: 12479,013173467101,-3,
2017-01-05 10:19:58 INFO AddIdentifyResult: 12478,013070579097,12,
2017-01-05 10:20:06 INFO AddIdentifyResult: 12478,013070579097,10,reg/013070579097_0105101951|reg/013070579097_0105101951|reg/013070579097_
2017-01-05 10:20:06 INFO UpdateUserState: 013070579097,1
2017-01-05 10:20:11 INFO AddIdentifyResult: 12480,013070579097,-1,
2017-01-05 10:20:16 INFO AddIdentifyResult: 12480,013070579097,-3,
2017-01-05 10:21:08 INFO AddIdentifyResult: 12480,013070579097,0,ver/01/05/102155_013070579097.wav
2017-01-05 10:21:18 INFO AddIdentifyResult: 12481,013733227401,-1,
2017-01-05 10:21:25 INFO AddIdentifyResult: 12481,013733227401,-3,
2017-01-05 10:22:03 INFO AddIdentifyResult: 12479,013173467101,12,
2017-01-05 10:22:10 INFO AddIdentifyResult: 12479,013173467101,10,reg/013173467101_0105102305|reg/013173467101_0105102305|reg/013173467101_0105102117
2017-01-05 10:22:10 INFO UpdateUserState: 013173467101,1
2017-01-05 10:22:59 INFO AddIdentifyResult: 12482,015006861280,-1,
2017-01-05 10:23:03 INFO AddIdentifyResult: 12481,013733227401,12,
2017-01-05 10:23:06 INFO AddIdentifyResult: 12482,015006861280,-3,
2017-01-05 10:23:11 INFO AddIdentifyResult: 12481,013733227401,10,reg/013733227401_0105102304|reg/013733227401_0105102304|reg/013733227401_
2017-01-05 10:23:11 INFO UpdateUserState: 013733227401,1
2017-01-05 10:23:14 INFO AddIdentifyResult: 12483,013733227401,-1,
2017-01-05 10:23:21 INFO AddIdentifyResult: 12483,013733227401,-3,
2017-01-05 10:24:13 INFO AddIdentifyResult: 12483,013733227401,0,ver/01/05/102459_013733227401.wav
2017-01-05 10:25:47 INFO AddIdentifyResult: 12482,015006861280,12,
2017-01-05 10:25:54 INFO AddIdentifyResult: 12482,015006861280,10,reg/015006861280_0105102651|reg/015006861280_0105102651|reg/015006861280_0105102444
2017-01-05 10:25:55 INFO UpdateUserState: 015006861280,1
2017-01-05 10:26:31 INFO AddIdentifyResult: 12484,013173467203,-1,
2017-01-05 10:26:37 INFO AddIdentifyResult: 12484,013173467203,-3,
2017-01-05 10:28:15 INFO AddIdentifyResult: 12484,013173467203,12,
2017-01-05 10:28:21 INFO AddIdentifyResult: 12484,013173467203,10,reg/013173467203_0105102816|reg/013173467203_0105102816|reg/013173467203_
2017-01-05 10:28:21 INFO UpdateUserState: 013173467203,1
2017-01-05 10:29:01 INFO AddIdentifyResult: 12485,013173468117,-1,
2017-01-05 10:29:09 INFO AddIdentifyResult: 12485,013173468117,-3,
2017-01-05 10:31:12 INFO AddIdentifyResult: 12485,013173468117,12,
2017-01-05 10:31:18 INFO AddIdentifyResult: 12485,013173468117,10,reg/013173468117_0105103220|reg/013173468117_0105103220|reg/013173468117_0105103047
2017-01-05 10:31:18 INFO UpdateUserState: 013173468117,1
2017-01-05 10:31:58 INFO AddIdentifyResult: 12486,013173469213,-1,
2017-01-05 10:32:03 INFO AddIdentifyResult: 12486,013173469213,-3,
2017-01-05 10:33:28 INFO AddIdentifyResult: 12487,018713246341,-1,
2017-01-05 10:33:43 INFO AddIdentifyResult: 12487,018713246341,-3,
2017-01-05 10:33:45 INFO AddIdentifyResult: 12486,013173469213,12,
2017-01-05 10:33:52 INFO AddIdentifyResult: 12486,013173469213,10,reg/013173469213_0105103341|reg/013173469213_0105103341|reg/013173469213_
2017-01-05 10:33:52 INFO UpdateUserState: 013173469213,1
2017-01-05 10:34:37 INFO AddIdentifyResult: 12488,013173467671,-1,
2017-01-05 10:34:44 INFO AddIdentifyResult: 12488,013173467671,-3,
2017-01-05 10:35:20 INFO AddIdentifyResult: 12487,018713246341,12,
2017-01-05 10:35:26 INFO AddIdentifyResult: 12487,018713246341,10,reg/018713246341_0105103521|reg/018713246341_0105103521|reg/018713246341_
2017-01-05 10:35:27 INFO UpdateUserState: 018713246341,1
2017-01-05 10:35:36 INFO AddIdentifyResult: 12489,018713246341,-1,
2017-01-05 10:35:46 INFO AddIdentifyResult: 12489,018713246341,-3,
2017-01-05 10:36:17 INFO AddIdentifyResult: 12488,013173467671,12,
2017-01-05 10:36:24 INFO AddIdentifyResult: 12488,013173467671,10,reg/013173467671_0105103623|reg/013173467671_0105103623|reg/013173467671_
2017-01-05 10:36:24 INFO UpdateUserState: 013173467671,1
2017-01-05 10:36:38 INFO AddIdentifyResult: 12489,018713246341,0,ver/01/05/103725_018713246341.wav
2017-01-05 10:37:00 INFO AddIdentifyResult: 12490,013173468753,-1,
2017-01-05 10:37:06 INFO AddIdentifyResult: 12490,013173468753,-3,
2017-01-05 10:37:25 INFO AddIdentifyResult: 12491,013173468753,-1,
2017-01-05 10:37:42 INFO AddIdentifyResult: 12490,013173468753,11,reg/013173468753_|reg/013173468753_|reg/013173468753_
2017-01-05 10:38:00 INFO AddIdentifyResult: 12492,013173468753,-1,
2017-01-05 10:38:09 INFO AddIdentifyResult: 12492,013173468753,-3,
2017-01-05 10:38:13 INFO AddIdentifyResult: 12493,015512216359,-1,
2017-01-05 10:38:26 INFO AddIdentifyResult: 12493,015512216359,-3,
2017-01-05 10:38:29 INFO AddIdentifyResult: 12494,013173468753,-1,
2017-01-05 10:38:45 INFO AddIdentifyResult: 12492,013173468753,11,reg/013173468753_|reg/013173468753_|reg/013173468753_
2017-01-05 10:39:16 INFO AddIdentifyResult: 12495,013173468753,-1,
2017-01-05 10:39:45 INFO AddIdentifyResult: 12496,013173468753,-1,
2017-01-05 10:39:52 INFO AddIdentifyResult: 12496,013173468753,-3,
2017-01-05 10:39:57 INFO AddIdentifyResult: 12493,015512216359,12,
2017-01-05 10:40:04 INFO AddIdentifyResult: 12493,015512216359,10,reg/015512216359_0105104004|reg/015512216359_0105104004|reg/015512216359_
2017-01-05 10:40:04 INFO UpdateUserState: 015512216359,1
2017-01-05 10:40:08 INFO AddIdentifyResult: 12497,013173468518,-1,
2017-01-05 10:40:14 INFO AddIdentifyResult: 12498,015512216359,-1,
2017-01-05 10:40:16 INFO AddIdentifyResult: 12497,013173468518,-3,
2017-01-05 10:40:36 INFO AddIdentifyResult: 12497,013173468518,11,reg/013173468518_|reg/013173468518_|reg/013173468518_
2017-01-05 10:40:41 INFO AddIdentifyResult: 12499,015512216359,-1,
2017-01-05 10:40:42 INFO AddIdentifyResult: 12496,013173468753,11,reg/013173468753_|reg/013173468753_|reg/013173468753_
2017-01-05 10:40:50 INFO AddIdentifyResult: 12499,015512216359,-3,
2017-01-05 10:40:53 INFO AddIdentifyResult: 12500,013173468518,-1,
2017-01-05 10:41:03 INFO AddIdentifyResult: 12500,013173468518,-3,
2017-01-05 10:41:11 INFO AddIdentifyResult: 12501,013173468753,-1,
2017-01-05 10:41:18 INFO AddIdentifyResult: 12501,013173468753,-3,
2017-01-05 10:41:43 INFO AddIdentifyResult: 12499,015512216359,0,ver/01/05/104229_015512216359.wav
2017-01-05 10:41:47 INFO AddIdentifyResult: 12502,013173468753,-1,
2017-01-05 10:41:54 INFO AddIdentifyResult: 12501,013173468753,11,reg/013173468753_|reg/013173468753_|reg/013173468753_
2017-01-05 10:42:19 INFO AddIdentifyResult: 12503,013173468753,-1,
2017-01-05 10:42:26 INFO AddIdentifyResult: 12503,013173468753,-3,
2017-01-05 10:42:38 INFO AddIdentifyResult: 12500,013173468518,12,
2017-01-05 10:42:45 INFO AddIdentifyResult: 12500,013173468518,10,reg/013173468518_0105104242|reg/013173468518_0105104242|reg/013173468518_
2017-01-05 10:42:46 INFO UpdateUserState: 013173468518,1
2017-01-05 10:43:02 INFO AddIdentifyResult: 12504,013173469076,-1,
2017-01-05 10:43:08 INFO AddIdentifyResult: 12504,013173469076,-3,
2017-01-05 10:44:23 INFO AddIdentifyResult: 12503,013173468753,12,
2017-01-05 10:44:32 INFO AddIdentifyResult: 12503,013173468753,10,reg/013173468753_0105104404|reg/013173468753_0105104404|reg/013173468753_
2017-01-05 10:44:32 INFO UpdateUserState: 013173468753,1
2017-01-05 10:44:37 INFO AddIdentifyResult: 12504,013173469076,12,
2017-01-05 10:44:43 INFO AddIdentifyResult: 12504,013173469076,10,reg/013173469076_0105104447|reg/013173469076_0105104447|reg/013173469076_
2017-01-05 10:44:44 INFO UpdateUserState: 013173469076,1
2017-01-05 10:44:57 INFO AddIdentifyResult: 12505,015275644140,-1,
2017-01-05 10:45:08 INFO AddIdentifyResult: 12505,015275644140,-3,
2017-01-05 10:45:40 INFO AddIdentifyResult: 12506,015511293255,-1,
2017-01-05 10:45:40 INFO AddIdentifyResult: 12507,013173469336,-1,
2017-01-05 10:45:46 INFO AddIdentifyResult: 12507,013173469336,-3,
2017-01-05 10:45:47 INFO AddIdentifyResult: 12506,015511293255,-3,
2017-01-05 10:46:37 INFO AddIdentifyResult: 12505,015275644140,12,
2017-01-05 10:46:43 INFO AddIdentifyResult: 12505,015275644140,10,reg/015275644140_0105104647|reg/015275644140_0105104647|reg/015275644140_
2017-01-05 10:46:43 INFO UpdateUserState: 015275644140,1
2017-01-05 10:47:21 INFO AddIdentifyResult: 12506,015511293255,12,
2017-01-05 10:47:28 INFO AddIdentifyResult: 12506,015511293255,10,reg/015511293255_0105104725|reg/015511293255_0105104725|reg/015511293255_
2017-01-05 10:47:29 INFO UpdateUserState: 015511293255,1
2017-01-05 10:47:36 INFO AddIdentifyResult: 12507,013173469336,12,
2017-01-05 10:47:40 INFO AddIdentifyResult: 12508,015511293255,-1,
2017-01-05 10:47:43 INFO AddIdentifyResult: 12507,013173469336,10,reg/013173469336_0105104725|reg/013173469336_0105104725|reg/013173469336_
2017-01-05 10:47:43 INFO UpdateUserState: 013173469336,1
2017-01-05 10:47:49 INFO AddIdentifyResult: 12509,013173469765,-1,
2017-01-05 10:47:55 INFO AddIdentifyResult: 12509,013173469765,-3,
2017-01-05 10:48:07 INFO AddIdentifyResult: 12510,018766748747,-1,
2017-01-05 10:48:15 INFO AddIdentifyResult: 12510,018766748747,-3,
2017-01-05 10:49:30 INFO AddIdentifyResult: 12509,013173469765,12,
2017-01-05 10:49:37 INFO AddIdentifyResult: 12509,013173469765,10,reg/013173469765_0105104934|reg/013173469765_0105104934|reg/013173469765_
2017-01-05 10:49:37 INFO UpdateUserState: 013173469765,1
2017-01-05 10:49:59 INFO AddIdentifyResult: 12510,018766748747,12,
2017-01-05 10:50:07 INFO AddIdentifyResult: 12510,018766748747,10,reg/018766748747_0105104953|reg/018766748747_0105104953|reg/018766748747_
2017-01-05 10:50:07 INFO UpdateUserState: 018766748747,1
2017-01-05 10:50:12 INFO AddIdentifyResult: 12511,015511293255,-1,
2017-01-05 10:50:17 INFO AddIdentifyResult: 12511,015511293255,-3,
2017-01-05 10:50:34 INFO AddIdentifyResult: 12512,013173467865,-1,
2017-01-05 10:50:40 INFO AddIdentifyResult: 12512,013173467865,-3,
2017-01-05 10:51:09 INFO AddIdentifyResult: 12511,015511293255,0,ver/01/05/105156_015511293255.wav
2017-01-05 10:52:23 INFO AddIdentifyResult: 12512,013173467865,12,
2017-01-05 10:52:30 INFO AddIdentifyResult: 12512,013173467865,10,reg/013173467865_0105105219|reg/013173467865_0105105219|reg/013173467865_
2017-01-05 10:52:31 INFO UpdateUserState: 013173467865,1
2017-01-05 10:54:43 INFO AddIdentifyResult: 12513,013286580223,-1,
2017-01-05 10:54:53 INFO AddIdentifyResult: 12513,013286580223,-3,
2017-01-05 10:57:54 INFO AddIdentifyResult: 12513,013286580223,12,
2017-01-05 10:58:02 INFO AddIdentifyResult: 12513,013286580223,10,reg/013286580223_0105105855|reg/013286580223_0105105855|reg/013286580223_0105105631
2017-01-05 10:58:02 INFO UpdateUserState: 013286580223,1
2017-01-05 10:58:13 INFO AddIdentifyResult: 12514,013286580223,-1,
2017-01-05 10:58:22 INFO AddIdentifyResult: 12514,013286580223,-3,
2017-01-05 10:59:06 INFO AddIdentifyResult: 12515,013181402958,-1,
2017-01-05 10:59:11 INFO AddIdentifyResult: 12515,013181402958,-3,
2017-01-05 10:59:14 INFO AddIdentifyResult: 12514,013286580223,0,ver/01/05/110001_013286580223.wav
2017-01-05 11:00:47 INFO AddIdentifyResult: 12515,013181402958,12,
2017-01-05 11:00:55 INFO AddIdentifyResult: 12515,013181402958,10,reg/013181402958_0105110049|reg/013181402958_0105110049|reg/013181402958_
2017-01-05 11:00:55 INFO UpdateUserState: 013181402958,1
2017-01-05 11:02:38 INFO AddIdentifyResult: 12516,013292738697,-1,
2017-01-05 11:03:30 INFO AddIdentifyResult: 12517,013292977386,-1,
2017-01-05 11:03:36 INFO AddIdentifyResult: 12517,013292977386,-3,
2017-01-05 11:05:03 INFO AddIdentifyResult: 12517,013292977386,12,
2017-01-05 11:05:10 INFO AddIdentifyResult: 12517,013292977386,10,reg/013292977386_0105110514|reg/013292977386_0105110514|reg/013292977386_
2017-01-05 11:05:11 INFO UpdateUserState: 013292977386,1
2017-01-05 11:05:16 INFO AddIdentifyResult: 12518,013292977386,-1,
2017-01-05 11:05:25 INFO AddIdentifyResult: 12518,013292977386,-3,
2017-01-05 11:06:18 INFO AddIdentifyResult: 12518,013292977386,0,ver/01/05/110704_013292977386.wav
2017-01-05 11:12:17 INFO AddIdentifyResult: 12519,013082302809,-1,
2017-01-05 11:12:22 INFO AddIdentifyResult: 12519,013082302809,-3,
2017-01-05 11:13:52 INFO AddIdentifyResult: 12519,013082302809,12,
2017-01-05 11:14:00 INFO AddIdentifyResult: 12519,013082302809,10,reg/013082302809_0105111401|reg/013082302809_0105111401|reg/013082302809_
2017-01-05 11:14:00 INFO UpdateUserState: 013082302809,1
2017-01-05 11:14:03 INFO AddIdentifyResult: 12520,013082302809,-1,
2017-01-05 11:14:10 INFO AddIdentifyResult: 12520,013082302809,-3,
2017-01-05 11:15:02 INFO AddIdentifyResult: 12520,013082302809,0,ver/01/05/111549_013082302809.wav
2017-01-05 11:22:26 INFO AddIdentifyResult: 12521,015032494202,-1,
2017-01-05 11:22:45 INFO AddIdentifyResult: 12521,015032494202,-3,
2017-01-05 11:24:18 INFO AddIdentifyResult: 12521,015032494202,12,
2017-01-05 11:24:24 INFO AddIdentifyResult: 12521,015032494202,10,reg/015032494202_0105112423|reg/015032494202_0105112423|reg/015032494202_
2017-01-05 11:24:24 INFO UpdateUserState: 015032494202,1
2017-01-05 11:24:37 INFO AddIdentifyResult: 12522,015032494202,-1,
2017-01-05 11:24:51 INFO AddIdentifyResult: 12522,015032494202,-3,
2017-01-05 11:25:43 INFO AddIdentifyResult: 12522,015032494202,0,ver/01/05/112630_015032494202.wav
2017-01-05 11:27:07 INFO AddIdentifyResult: 12523,013171697209,-1,
2017-01-05 11:27:14 INFO AddIdentifyResult: 12523,013171697209,-3,
2017-01-05 11:28:42 INFO AddIdentifyResult: 12523,013171697209,12,
2017-01-05 11:28:49 INFO AddIdentifyResult: 12523,013171697209,10,reg/013171697209_0105112852|reg/013171697209_0105112852|reg/013171697209_
2017-01-05 11:28:49 INFO UpdateUserState: 013171697209,1
2017-01-05 11:28:54 INFO AddIdentifyResult: 12524,013171697209,-1,
2017-01-05 11:29:02 INFO AddIdentifyResult: 12524,013171697209,-3,
2017-01-05 11:29:54 INFO AddIdentifyResult: 12524,013171697209,0,ver/01/05/113041_013171697209.wav
2017-01-05 11:32:48 INFO AddIdentifyResult: 12525,015132250804,-1,
2017-01-05 11:32:59 INFO AddIdentifyResult: 12525,015132250804,-3,
2017-01-05 11:34:25 INFO AddIdentifyResult: 12525,015132250804,12,
2017-01-05 11:34:32 INFO AddIdentifyResult: 12525,015132250804,10,reg/015132250804_0105113438|reg/015132250804_0105113438|reg/015132250804_
2017-01-05 11:34:32 INFO UpdateUserState: 015132250804,1
2017-01-05 11:34:37 INFO AddIdentifyResult: 12526,015132250804,-1,
2017-01-05 11:34:45 INFO AddIdentifyResult: 12526,015132250804,-3,
2017-01-05 11:35:38 INFO AddIdentifyResult: 12526,015132250804,0,ver/01/05/113624_015132250804.wav
2017-01-05 11:36:41 INFO AddIdentifyResult: 12527,013165579239,-1,
2017-01-05 11:36:57 INFO AddIdentifyResult: 12527,013165579239,-3,
2017-01-05 11:38:45 INFO AddIdentifyResult: 12527,013165579239,12,
2017-01-05 11:38:52 INFO AddIdentifyResult: 12527,013165579239,10,reg/013165579239_0105113835|reg/013165579239_0105113835|reg/013165579239_
2017-01-05 11:38:52 INFO UpdateUserState: 013165579239,1
2017-01-05 11:39:00 INFO AddIdentifyResult: 12528,013165579239,-1,
2017-01-05 11:39:07 INFO AddIdentifyResult: 12528,013165579239,-3,
2017-01-05 11:39:58 INFO AddIdentifyResult: 12528,013165579239,0,ver/01/05/114045_013165579239.wav
2017-01-05 11:43:36 INFO AddIdentifyResult: 12529,013102909379,-1,
2017-01-05 11:43:43 INFO AddIdentifyResult: 12529,013102909379,-3,
2017-01-05 11:46:22 INFO AddIdentifyResult: 12529,013102909379,11,reg/013102909379_|reg/013102909379_|reg/013102909379_
2017-01-05 11:48:28 INFO AddIdentifyResult: 12530,015690214887,-1,
2017-01-05 11:48:34 INFO AddIdentifyResult: 12530,015690214887,-3,
2017-01-05 11:50:03 INFO AddIdentifyResult: 12530,015690214887,12,
2017-01-05 11:50:10 INFO AddIdentifyResult: 12530,015690214887,10,reg/015690214887_0105115012|reg/015690214887_0105115012|reg/015690214887_
2017-01-05 11:50:10 INFO UpdateUserState: 015690214887,1
2017-01-05 11:50:17 INFO AddIdentifyResult: 12531,015690214887,-1,
2017-01-05 11:50:22 INFO AddIdentifyResult: 12531,015690214887,-3,
2017-01-05 11:51:15 INFO AddIdentifyResult: 12531,015690214887,0,ver/01/05/115201_015690214887.wav
2017-01-05 11:52:19 INFO AddIdentifyResult: 12532,015931228492,-1,
2017-01-05 11:52:30 INFO AddIdentifyResult: 12532,015931228492,-3,
2017-01-05 11:53:58 INFO AddIdentifyResult: 12532,015931228492,12,
2017-01-05 11:54:05 INFO AddIdentifyResult: 12532,015931228492,10,reg/015931228492_0105115408|reg/015931228492_0105115408|reg/015931228492_
2017-01-05 11:54:05 INFO UpdateUserState: 015931228492,1
2017-01-05 11:54:07 INFO AddIdentifyResult: 12533,015931228492,-1,
2017-01-05 11:54:13 INFO AddIdentifyResult: 12533,015931228492,-3,
2017-01-05 11:55:05 INFO AddIdentifyResult: 12533,015931228492,0,ver/01/05/115552_015931228492.wav
2017-01-05 11:56:07 INFO AddIdentifyResult: 12534,013102909379,-1,
2017-01-05 11:56:13 INFO AddIdentifyResult: 12534,013102909379,-3,
2017-01-05 11:58:31 INFO AddIdentifyResult: 12534,013102909379,11,reg/013102909379_|reg/013102909379_|reg/013102909379_
2017-01-05 11:59:26 INFO AddIdentifyResult: 12535,013102909379,-1,
2017-01-05 11:59:31 INFO AddIdentifyResult: 12535,013102909379,-3,
2017-01-05 12:01:00 INFO AddIdentifyResult: 12535,013102909379,12,
2017-01-05 12:01:06 INFO AddIdentifyResult: 12535,013102909379,10,reg/013102909379_0105120110|reg/013102909379_0105120110|reg/013102909379_
2017-01-05 12:01:06 INFO UpdateUserState: 013102909379,1
2017-01-05 12:01:15 INFO AddIdentifyResult: 12536,013102909379,-1,
2017-01-05 12:01:19 INFO AddIdentifyResult: 12536,013102909379,-3,
2017-01-05 12:02:11 INFO AddIdentifyResult: 12536,013102909379,0,ver/01/05/120258_013102909379.wav
2017-01-05 13:41:27 INFO AddIdentifyResult: 12537,013181863157,-1,
2017-01-05 13:41:37 INFO AddIdentifyResult: 12537,013181863157,-3,
2017-01-05 13:44:53 INFO AddIdentifyResult: 12537,013181863157,12,
2017-01-05 13:45:01 INFO AddIdentifyResult: 12537,013181863157,10,reg/013181863157_0105134316|reg/013181863157_0105134316|reg/013181863157_
2017-01-05 13:45:01 INFO UpdateUserState: 013181863157,1
2017-01-05 13:45:58 INFO AddIdentifyResult: 12538,013173469628,-1,
2017-01-05 13:46:08 INFO AddIdentifyResult: 12538,013173469628,-3,
2017-01-05 13:47:54 INFO AddIdentifyResult: 12538,013173469628,12,
2017-01-05 13:48:01 INFO AddIdentifyResult: 12538,013173469628,10,reg/013173469628_0105134747|reg/013173469628_0105134747|reg/013173469628_
2017-01-05 13:48:01 INFO UpdateUserState: 013173469628,1
2017-01-05 13:48:56 INFO AddIdentifyResult: 12539,015020594746,-1,
2017-01-05 13:49:05 INFO AddIdentifyResult: 12539,015020594746,-3,
2017-01-05 13:50:40 INFO AddIdentifyResult: 12539,015020594746,12,
2017-01-05 13:50:46 INFO AddIdentifyResult: 12539,015020594746,10,reg/015020594746_0105135044|reg/015020594746_0105135044|reg/015020594746_
2017-01-05 13:50:46 INFO UpdateUserState: 015020594746,1
2017-01-05 13:51:13 INFO AddIdentifyResult: 12540,013173469810,-1,
2017-01-05 13:51:31 INFO AddIdentifyResult: 12540,013173469810,-3,
2017-01-05 13:53:19 INFO AddIdentifyResult: 12540,013173469810,12,
2017-01-05 13:53:27 INFO AddIdentifyResult: 12540,013173469810,10,reg/013173469810_0105135310|reg/013173469810_0105135310|reg/013173469810_
2017-01-05 13:53:27 INFO UpdateUserState: 013173469810,1
2017-01-05 13:54:13 INFO AddIdentifyResult: 12541,015066053734,-1,
2017-01-05 13:54:21 INFO AddIdentifyResult: 12541,015066053734,-3,
2017-01-05 13:56:45 INFO AddIdentifyResult: 12541,015066053734,12,
2017-01-05 13:56:53 INFO AddIdentifyResult: 12541,015066053734,10,reg/015066053734_0105135737|reg/015066053734_0105135737|reg/015066053734_0105135600
2017-01-05 13:56:53 INFO UpdateUserState: 015066053734,1
2017-01-05 13:59:20 INFO AddIdentifyResult: 12542,013173468958,-1,
2017-01-05 13:59:27 INFO AddIdentifyResult: 12542,013173468958,-3,
2017-01-05 13:59:41 INFO AddIdentifyResult: 12542,013173468958,11,reg/013173468958_|reg/013173468958_|reg/013173468958_
2017-01-05 14:00:01 INFO AddIdentifyResult: 12543,013173468958,-1,
2017-01-05 14:00:07 INFO AddIdentifyResult: 12543,013173468958,-3,
2017-01-05 14:02:04 INFO AddIdentifyResult: 12543,013173468958,12,
2017-01-05 14:02:12 INFO AddIdentifyResult: 12543,013173468958,10,reg/013173468958_0105140302|reg/013173468958_0105140302|reg/013173468958_0105140146
2017-01-05 14:02:12 INFO UpdateUserState: 013173468958,1
2017-01-05 14:04:54 INFO AddIdentifyResult: 12544,015254461055,-1,
2017-01-05 14:05:01 INFO AddIdentifyResult: 12544,015254461055,-3,
2017-01-05 14:06:36 INFO AddIdentifyResult: 12544,015254461055,12,
2017-01-05 14:06:43 INFO AddIdentifyResult: 12544,015254461055,10,reg/015254461055_0105140640|reg/015254461055_0105140640|reg/015254461055_
2017-01-05 14:06:43 INFO UpdateUserState: 015254461055,1
2017-01-05 14:06:59 INFO AddIdentifyResult: 12545,013173469831,-1,
2017-01-05 14:07:09 INFO AddIdentifyResult: 12545,013173469831,-3,
2017-01-05 14:08:40 INFO AddIdentifyResult: 12545,013173469831,12,
2017-01-05 14:08:47 INFO AddIdentifyResult: 12545,013173469831,10,reg/013173469831_0105140848|reg/013173469831_0105140848|reg/013173469831_
2017-01-05 14:08:48 INFO UpdateUserState: 013173469831,1
2017-01-05 14:13:37 INFO AddIdentifyResult: 12546,013176600153,-1,
2017-01-05 14:14:13 INFO AddIdentifyResult: 12547,013176600153,-1,
2017-01-05 14:14:24 INFO AddIdentifyResult: 12547,013176600153,-3,
2017-01-05 14:17:10 INFO AddIdentifyResult: 12547,013176600153,12,
2017-01-05 14:17:21 INFO AddIdentifyResult: 12547,013176600153,10,reg/013176600153_0105141603|reg/013176600153_0105141603|reg/013176600153_
2017-01-05 14:17:21 INFO UpdateUserState: 013176600153,1
2017-01-05 14:24:08 INFO AddIdentifyResult: 12548,013173469883,-1,
2017-01-05 14:24:20 INFO AddIdentifyResult: 12548,013173469883,-3,
2017-01-05 14:26:00 INFO AddIdentifyResult: 12548,013173469883,12,
2017-01-05 14:26:06 INFO AddIdentifyResult: 12548,013173469883,10,reg/013173469883_0105142559|reg/013173469883_0105142559|reg/013173469883_
2017-01-05 14:26:06 INFO UpdateUserState: 013173469883,1
2017-01-05 14:26:32 INFO AddIdentifyResult: 12549,013176473286,-1,
2017-01-05 14:28:02 INFO AddIdentifyResult: 12550,013616473286,-1,
2017-01-05 14:28:37 INFO AddIdentifyResult: 12551,013616473286,-1,
2017-01-05 14:28:44 INFO AddIdentifyResult: 12551,013616473286,-3,
2017-01-05 14:31:31 INFO AddIdentifyResult: 12552,015227228748,-1,
2017-01-05 14:31:40 INFO AddIdentifyResult: 12552,015227228748,-3,
2017-01-05 14:32:35 INFO AddIdentifyResult: 12551,013616473286,12,
2017-01-05 14:32:41 INFO AddIdentifyResult: 12551,013616473286,10,reg/013616473286_0105143338|reg/013616473286_0105143338|reg/013616473286_0105143023
2017-01-05 14:32:42 INFO UpdateUserState: 013616473286,1
2017-01-05 14:33:27 INFO AddIdentifyResult: 12552,015227228748,12,
2017-01-05 14:33:35 INFO AddIdentifyResult: 12552,015227228748,10,reg/015227228748_0105143319|reg/015227228748_0105143319|reg/015227228748_
2017-01-05 14:33:36 INFO UpdateUserState: 015227228748,1
2017-01-05 14:33:41 INFO AddIdentifyResult: 12553,015227228748,-1,
2017-01-05 14:33:49 INFO AddIdentifyResult: 12553,015227228748,-3,
2017-01-05 14:34:42 INFO AddIdentifyResult: 12553,015227228748,0,ver/01/05/143529_015227228748.wav
2017-01-05 14:39:16 INFO AddIdentifyResult: 12554,013181403009,-1,
2017-01-05 14:39:21 INFO AddIdentifyResult: 12554,013181403009,-3,
2017-01-05 14:40:06 INFO AddIdentifyResult: 12555,013070571109,-1,
2017-01-05 14:40:13 INFO AddIdentifyResult: 12555,013070571109,-3,
2017-01-05 14:41:16 INFO AddIdentifyResult: 12554,013181403009,12,
2017-01-05 14:41:25 INFO AddIdentifyResult: 12554,013181403009,10,reg/013181403009_0105144100|reg/013181403009_0105144100|reg/013181403009_
2017-01-05 14:41:25 INFO UpdateUserState: 013181403009,1
2017-01-05 14:41:58 INFO AddIdentifyResult: 12555,013070571109,12,
2017-01-05 14:42:07 INFO AddIdentifyResult: 12556,013070571109,-4,2
2017-01-05 14:42:07 INFO AddIdentifyResult: 12555,013070571109,10,reg/013070571109_0105144152|reg/013070571109_0105144152|reg/013070571109_
2017-01-05 14:42:08 INFO UpdateUserState: 013070571109,1
2017-01-05 14:42:13 INFO AddIdentifyResult: 12557,013070571109,-1,
2017-01-05 14:42:19 INFO AddIdentifyResult: 12557,013070571109,-3,
2017-01-05 14:43:12 INFO AddIdentifyResult: 12557,013070571109,0,ver/01/05/144359_013070571109.wav
2017-01-05 14:43:40 INFO AddIdentifyResult: 12558,013181401865,-1,
2017-01-05 14:43:54 INFO AddIdentifyResult: 12558,013181401865,-3,
2017-01-05 14:43:57 INFO AddIdentifyResult: 12559,18971943757,-1,
2017-01-05 14:44:04 INFO AddIdentifyResult: 12559,18971943757,-3,
2017-01-05 14:45:46 INFO AddIdentifyResult: 12558,013181401865,12,
2017-01-05 14:45:53 INFO AddIdentifyResult: 12558,013181401865,10,reg/013181401865_0105144533|reg/013181401865_0105144533|reg/013181401865_
2017-01-05 14:45:53 INFO UpdateUserState: 013181401865,1
2017-01-05 14:46:13 INFO AddIdentifyResult: 12559,18971943757,12,
2017-01-05 14:46:23 INFO AddIdentifyResult: 12559,18971943757,10,reg/18971943757_0105144543|reg/18971943757_0105144543|reg/18971943757_
2017-01-05 14:46:23 INFO UpdateUserState: 18971943757,1
2017-01-05 14:47:27 INFO AddIdentifyResult: 0,013173468958,1,ver/01/05/144816_013173468958.wav
2017-01-05 14:53:34 INFO AddIdentifyResult: 12561,013181402862,-1,
2017-01-05 14:53:42 INFO AddIdentifyResult: 0,18971943757,0,ver/01/05/145429_18971943757.wav
2017-01-05 14:53:48 INFO AddIdentifyResult: 12561,013181402862,-3,
2017-01-05 14:56:35 INFO AddIdentifyResult: 12561,013181402862,12,
2017-01-05 14:56:42 INFO AddIdentifyResult: 12561,013181402862,10,reg/013181402862_0105145730|reg/013181402862_0105145730|reg/013181402862_0105145528
2017-01-05 14:56:42 INFO UpdateUserState: 013181402862,1
2017-01-05 14:57:39 INFO AddIdentifyResult: 12563,013792073846,-1,
2017-01-05 14:57:48 INFO AddIdentifyResult: 12563,013792073846,-3,
2017-01-05 15:00:56 INFO AddIdentifyResult: 12563,013792073846,12,
2017-01-05 15:01:02 INFO AddIdentifyResult: 12563,013792073846,10,reg/013792073846_0105145927|reg/013792073846_0105145927|reg/013792073846_
2017-01-05 15:01:03 INFO UpdateUserState: 013792073846,1
2017-01-05 15:02:13 INFO AddIdentifyResult: 12564,013181402178,-1,
2017-01-05 15:02:31 INFO AddIdentifyResult: 12564,013181402178,-3,
2017-01-05 15:04:56 INFO AddIdentifyResult: 12564,013181402178,12,
2017-01-05 15:05:04 INFO AddIdentifyResult: 12564,013181402178,10,reg/013181402178_0105150411|reg/013181402178_0105150411|reg/013181402178_
2017-01-05 15:05:04 INFO UpdateUserState: 013181402178,1
2017-01-05 15:05:46 INFO AddIdentifyResult: 12565,018366939806,-1,
2017-01-05 15:05:57 INFO AddIdentifyResult: 12565,018366939806,-3,
2017-01-05 15:07:35 INFO AddIdentifyResult: 12566,18971942920,-1,
2017-01-05 15:08:17 INFO AddIdentifyResult: 12565,018366939806,12,
2017-01-05 15:08:23 INFO AddIdentifyResult: 12565,018366939806,10,reg/018366939806_0105150736|reg/018366939806_0105150736|reg/018366939806_
2017-01-05 15:08:23 INFO UpdateUserState: 018366939806,1
2017-01-05 15:09:30 INFO AddIdentifyResult: 12567,18971942920,-1,
2017-01-05 15:09:44 INFO AddIdentifyResult: 12567,18971942920,-3,
2017-01-05 15:10:51 INFO AddIdentifyResult: 12568,013176601005,-1,
2017-01-05 15:11:00 INFO AddIdentifyResult: 12568,013176601005,-3,
2017-01-05 15:11:12 INFO AddIdentifyResult: 12568,013176601005,11,reg/013176601005_|reg/013176601005_|reg/013176601005_
2017-01-05 15:11:27 INFO AddIdentifyResult: 12569,013176601005,-1,
2017-01-05 15:11:37 INFO AddIdentifyResult: 12569,013176601005,-3,
2017-01-05 15:12:08 INFO AddIdentifyResult: 12567,18971942920,12,
2017-01-05 15:12:15 INFO AddIdentifyResult: 12567,18971942920,10,reg/18971942920_0105151321|reg/18971942920_0105151321|reg/18971942920_0105151123
2017-01-05 15:12:15 INFO UpdateUserState: 18971942920,1
2017-01-05 15:16:12 INFO AddIdentifyResult: 12569,013176601005,11,reg/013176601005_|reg/013176601005_|reg/013176601005_
2017-01-05 15:16:54 INFO AddIdentifyResult: 0,18971942920,0,ver/01/05/151742_18971942920.wav
2017-01-05 15:17:13 INFO AddIdentifyResult: 12571,015275442548,-1,
2017-01-05 15:17:26 INFO AddIdentifyResult: 12571,015275442548,-3,
2017-01-05 15:19:18 INFO AddIdentifyResult: 12571,015275442548,12,
2017-01-05 15:19:25 INFO AddIdentifyResult: 12571,015275442548,10,reg/015275442548_0105151905|reg/015275442548_0105151905|reg/015275442548_
2017-01-05 15:19:25 INFO UpdateUserState: 015275442548,1
2017-01-05 15:19:39 INFO AddIdentifyResult: 12572,013176601005,-1,
2017-01-05 15:19:46 INFO AddIdentifyResult: 12572,013176601005,-3,
2017-01-05 15:21:51 INFO AddIdentifyResult: 12572,013176601005,12,
2017-01-05 15:21:57 INFO AddIdentifyResult: 12572,013176601005,10,reg/013176601005_0105152305|reg/013176601005_0105152305|reg/013176601005_0105152126
2017-01-05 15:21:57 INFO UpdateUserState: 013176601005,1
2017-01-05 15:23:49 INFO AddIdentifyResult: 12573,013181402753,-1,
2017-01-05 15:24:08 INFO AddIdentifyResult: 12573,013181402753,-3,
2017-01-05 15:25:58 INFO AddIdentifyResult: 12573,013181402753,12,
2017-01-05 15:26:04 INFO AddIdentifyResult: 12573,013181402753,10,reg/013181402753_0105152547|reg/013181402753_0105152547|reg/013181402753_
2017-01-05 15:26:05 INFO UpdateUserState: 013181402753,1
2017-01-05 15:26:44 INFO AddIdentifyResult: 12574,013181863723,-1,
2017-01-05 15:26:59 INFO AddIdentifyResult: 12574,013181863723,-3,
2017-01-05 15:29:10 INFO AddIdentifyResult: 12574,013181863723,12,
2017-01-05 15:29:16 INFO AddIdentifyResult: 12574,013181863723,10,reg/013181863723_0105152838|reg/013181863723_0105152838|reg/013181863723_
2017-01-05 15:29:16 INFO UpdateUserState: 013181863723,1
2017-01-05 15:30:16 INFO AddIdentifyResult: 12575,013173467212,-1,
2017-01-05 15:34:09 INFO AddIdentifyResult: 12576,013473424346,-1,
2017-01-05 15:34:20 INFO AddIdentifyResult: 12576,013473424346,-3,
2017-01-05 15:36:00 INFO AddIdentifyResult: 12576,013473424346,12,
2017-01-05 15:36:08 INFO AddIdentifyResult: 12576,013473424346,10,reg/013473424346_0105153600|reg/013473424346_0105153600|reg/013473424346_
2017-01-05 15:36:08 INFO UpdateUserState: 013473424346,1
2017-01-05 15:36:26 INFO AddIdentifyResult: 12577,013473424346,-1,
2017-01-05 15:36:37 INFO AddIdentifyResult: 12577,013473424346,-3,
2017-01-05 15:37:14 INFO AddIdentifyResult: 12577,013473424346,0,ver/01/05/153816_013473424346.wav
2017-01-05 15:37:24 INFO AddIdentifyResult: 12578,013173467212,-1,
2017-01-05 15:37:38 INFO AddIdentifyResult: 12578,013173467212,-3,
2017-01-05 15:39:36 INFO AddIdentifyResult: 12578,013173467212,12,
2017-01-05 15:39:42 INFO AddIdentifyResult: 12578,013173467212,10,reg/013173467212_0105153918|reg/013173467212_0105153918|reg/013173467212_
2017-01-05 15:39:42 INFO UpdateUserState: 013173467212,1
2017-01-05 15:40:07 INFO AddIdentifyResult: 12579,013181992708,-1,
2017-01-05 15:40:52 INFO AddIdentifyResult: 12580,013181992708,-1,
2017-01-05 15:41:39 INFO AddIdentifyResult: 12581,013181992708,-1,
2017-01-05 15:41:50 INFO AddIdentifyResult: 12581,013181992708,-3,
2017-01-05 15:43:42 INFO AddIdentifyResult: 12581,013181992708,12,
2017-01-05 15:43:51 INFO AddIdentifyResult: 12581,013181992708,10,reg/013181992708_0105154329|reg/013181992708_0105154329|reg/013181992708_
2017-01-05 15:43:51 INFO UpdateUserState: 013181992708,1
2017-01-05 15:44:06 INFO AddIdentifyResult: 12582,015963869851,-1,
2017-01-05 15:44:28 INFO AddIdentifyResult: 12582,015963869851,-3,
2017-01-05 15:46:35 INFO AddIdentifyResult: 12582,015963869851,12,
2017-01-05 15:46:43 INFO AddIdentifyResult: 12582,015963869851,10,reg/015963869851_0105154607|reg/015963869851_0105154607|reg/015963869851_
2017-01-05 15:46:43 INFO UpdateUserState: 015963869851,1
2017-01-05 15:48:36 INFO AddIdentifyResult: 12583,018554653032,-1,
2017-01-05 15:48:49 INFO AddIdentifyResult: 12583,018554653032,-3,
2017-01-05 15:51:40 INFO AddIdentifyResult: 12583,018554653032,12,
2017-01-05 15:51:48 INFO AddIdentifyResult: 12583,018554653032,10,reg/018554653032_0105155217|reg/018554653032_0105155217|reg/018554653032_0105155029
2017-01-05 15:51:48 INFO UpdateUserState: 018554653032,1
2017-01-05 15:52:56 INFO AddIdentifyResult: 12584,13181993626,-1,
2017-01-05 15:54:04 INFO AddIdentifyResult: 12585,013181993626,-1,
2017-01-05 15:54:14 INFO AddIdentifyResult: 12585,013181993626,-3,
2017-01-05 15:56:23 INFO AddIdentifyResult: 12586,013181868162,-1,
2017-01-05 15:56:26 INFO AddIdentifyResult: 12586,013181868162,-3,
2017-01-05 15:56:34 INFO AddIdentifyResult: 12585,013181993626,12,
2017-01-05 15:56:40 INFO AddIdentifyResult: 12585,013181993626,10,reg/013181993626_0105155742|reg/013181993626_0105155742|reg/013181993626_0105155553
2017-01-05 15:56:41 INFO UpdateUserState: 013181993626,1
2017-01-05 15:56:55 INFO AddIdentifyResult: 12587,013465250426,-1,
2017-01-05 15:57:07 INFO AddIdentifyResult: 12587,013465250426,-3,
2017-01-05 15:58:24 INFO AddIdentifyResult: 12586,013181868162,12,
2017-01-05 15:58:31 INFO AddIdentifyResult: 12586,013181868162,10,reg/013181868162_0105155806|reg/013181868162_0105155806|reg/013181868162_
2017-01-05 15:58:31 INFO UpdateUserState: 013181868162,1
2017-01-05 15:59:18 INFO AddIdentifyResult: 12587,013465250426,12,
2017-01-05 15:59:25 INFO AddIdentifyResult: 12587,013465250426,10,reg/013465250426_0105160032|reg/013465250426_0105160032|reg/013465250426_0105155846
2017-01-05 15:59:25 INFO UpdateUserState: 013465250426,1
2017-01-05 16:04:04 INFO AddIdentifyResult: 12588,013176603139,-1,
2017-01-05 16:04:15 INFO AddIdentifyResult: 12588,013176603139,-3,
2017-01-05 16:06:33 INFO AddIdentifyResult: 12588,013176603139,12,
2017-01-05 16:06:40 INFO AddIdentifyResult: 12588,013176603139,10,reg/013176603139_0105160738|reg/013176603139_0105160738|reg/013176603139_0105160555
2017-01-05 16:06:40 INFO UpdateUserState: 013176603139,1
2017-01-05 16:14:09 INFO AddIdentifyResult: 12589,18163586501,-1,
2017-01-05 16:14:18 INFO AddIdentifyResult: 12589,18163586501,-3,
2017-01-05 16:18:45 INFO AddIdentifyResult: 12589,18163586501,12,
2017-01-05 16:18:52 INFO AddIdentifyResult: 12589,18163586501,10,reg/18163586501_0105161929|reg/18163586501_0105161929|reg/18163586501_0105161557
2017-01-05 16:18:52 INFO UpdateUserState: 18163586501,1
2017-01-05 16:19:44 INFO AddIdentifyResult: 12590,013176600631,-1,
2017-01-05 16:19:56 INFO AddIdentifyResult: 12590,013176600631,-3,
2017-01-05 16:22:01 INFO AddIdentifyResult: 12590,013176600631,12,
2017-01-05 16:22:07 INFO AddIdentifyResult: 12590,013176600631,10,reg/013176600631_0105162308|reg/013176600631_0105162308|reg/013176600631_0105162135
2017-01-05 16:22:07 INFO UpdateUserState: 013176600631,1
2017-01-05 16:23:37 INFO AddIdentifyResult: 0,18163586501,1,
2017-01-05 16:23:48 INFO AddIdentifyResult: 12592,013181401808,-1,
2017-01-05 16:24:09 INFO AddIdentifyResult: 12592,013181401808,-3,
2017-01-05 16:24:49 INFO AddIdentifyResult: 0,18163586501,1,
2017-01-05 16:26:05 INFO AddIdentifyResult: 0,18163586501,1,
2017-01-05 16:26:19 INFO AddIdentifyResult: 12592,013181401808,12,
2017-01-05 16:26:27 INFO AddIdentifyResult: 12592,013181401808,10,reg/013181401808_0105162549|reg/013181401808_0105162549|reg/013181401808_
2017-01-05 16:26:27 INFO UpdateUserState: 013181401808,1
2017-01-05 16:27:55 INFO AddIdentifyResult: 0,18163586501,0,ver/01/05/162844_18163586501.wav
2017-01-05 16:30:12 INFO AddIdentifyResult: 12593,013181402736,-1,
2017-01-05 16:30:17 INFO AddIdentifyResult: 12593,013181402736,-3,
2017-01-05 16:31:47 INFO AddIdentifyResult: 12593,013181402736,12,
2017-01-05 16:31:53 INFO AddIdentifyResult: 12593,013181402736,10,reg/013181402736_0105163157|reg/013181402736_0105163157|reg/013181402736_
2017-01-05 16:31:54 INFO UpdateUserState: 013181402736,1
2017-01-05 16:32:05 INFO AddIdentifyResult: 12594,013506364462,-1,
2017-01-05 16:32:23 INFO AddIdentifyResult: 12594,013506364462,-3,
2017-01-05 16:34:10 INFO AddIdentifyResult: 12594,013506364462,12,
2017-01-05 16:34:17 INFO AddIdentifyResult: 12594,013506364462,10,reg/013506364462_0105163402|reg/013506364462_0105163402|reg/013506364462_
2017-01-05 16:34:17 INFO UpdateUserState: 013506364462,1
2017-01-05 16:47:08 INFO AddIdentifyResult: 12595,013181999265,-1,
2017-01-05 16:47:28 INFO AddIdentifyResult: 12595,013181999265,-3,
2017-01-05 16:50:03 INFO AddIdentifyResult: 12595,013181999265,12,
2017-01-05 16:50:09 INFO AddIdentifyResult: 12595,013181999265,10,reg/013181999265_0105165105|reg/013181999265_0105165105|reg/013181999265_0105164908
2017-01-05 16:50:09 INFO UpdateUserState: 013181999265,1
2017-01-05 16:52:11 INFO AddIdentifyResult: 12596,013563370202,-1,
2017-01-05 16:52:24 INFO AddIdentifyResult: 12596,013563370202,-3,
2017-01-05 16:53:58 INFO AddIdentifyResult: 12596,013563370202,12,
2017-01-05 16:54:04 INFO AddIdentifyResult: 12596,013563370202,10,reg/013563370202_0105165404|reg/013563370202_0105165404|reg/013563370202_
2017-01-05 16:54:05 INFO UpdateUserState: 013563370202,1
2017-01-05 16:55:34 INFO AddIdentifyResult: 0,013173463759,1,
2017-01-05 19:40:37 INFO AddIdentifyResult: 12598,017098990708,-1,
2017-01-05 19:40:46 INFO AddIdentifyResult: 12598,017098990708,-3,
2017-01-05 19:42:56 INFO AddIdentifyResult: 12598,017098990708,11,reg/017098990708_|reg/017098990708_|reg/017098990708_
2017-01-05 19:43:21 INFO AddIdentifyResult: 12599,017098990708,-1,
2017-01-05 19:43:26 INFO AddIdentifyResult: 12599,017098990708,-3,
2017-01-05 19:45:37 INFO AddIdentifyResult: 12599,017098990708,12,
2017-01-05 19:45:44 INFO AddIdentifyResult: 12599,017098990708,10,reg/017098990708_0105194645|reg/017098990708_0105194645|reg/017098990708_0105194506
2017-01-05 19:45:44 INFO UpdateUserState: 017098990708,1
2017-01-05 19:46:16 INFO AddIdentifyResult: 12600,017098990708,-1,
2017-01-05 19:46:23 INFO AddIdentifyResult: 12600,017098990708,-3,
