2017-01-17 08:51:03 INFO AddIdentifyResult: 14684,013296475910,-1,
2017-01-17 08:51:19 INFO AddIdentifyResult: 14684,013296475910,-3,
2017-01-17 08:53:06 INFO AddIdentifyResult: 14684,013296475910,12,
2017-01-17 08:53:13 INFO AddIdentifyResult: 14684,013296475910,10,reg/013296475910_0117085249|reg/013296475910_0117085249|reg/013296475910_
2017-01-17 08:53:13 INFO UpdateUserState: 013296475910,1
2017-01-17 09:27:03 INFO AddIdentifyResult: 14685,013287368021,-1,
2017-01-17 09:27:10 INFO AddIdentifyResult: 14685,013287368021,-3,
2017-01-17 09:28:53 INFO AddIdentifyResult: 14685,013287368021,12,
2017-01-17 09:29:00 INFO AddIdentifyResult: 14685,013287368021,10,reg/013287368021_0117092957|reg/013287368021_0117092957|reg/013287368021_0117092841
2017-01-17 09:29:00 INFO UpdateUserState: 013287368021,1
2017-01-17 09:30:32 INFO AddIdentifyResult: 14686,013296476015,-1,
2017-01-17 09:30:45 INFO AddIdentifyResult: 14686,013296476015,-3,
2017-01-17 09:32:35 INFO AddIdentifyResult: 14687,013932271485,-1,
2017-01-17 09:32:42 INFO AddIdentifyResult: 14686,013296476015,12,
2017-01-17 09:32:50 INFO AddIdentifyResult: 14686,013296476015,10,reg/013296476015_0117093216|reg/013296476015_0117093216|reg/013296476015_
2017-01-17 09:32:50 INFO UpdateUserState: 013296476015,1
2017-01-17 09:33:01 INFO AddIdentifyResult: 14688,013562297609,-1,
2017-01-17 09:33:21 INFO AddIdentifyResult: 14688,013562297609,-3,
2017-01-17 09:34:22 INFO AddIdentifyResult: 14689,015303327936,-1,
2017-01-17 09:34:33 INFO AddIdentifyResult: 14689,015303327936,-3,
2017-01-17 09:35:25 INFO AddIdentifyResult: 14688,013562297609,12,
2017-01-17 09:35:32 INFO AddIdentifyResult: 14688,013562297609,10,reg/013562297609_0117093452|reg/013562297609_0117093452|reg/013562297609_
2017-01-17 09:35:32 INFO UpdateUserState: 013562297609,1
2017-01-17 09:36:19 INFO AddIdentifyResult: 14689,015303327936,12,
2017-01-17 09:36:26 INFO AddIdentifyResult: 14689,015303327936,10,reg/015303327936_0117093604|reg/015303327936_0117093604|reg/015303327936_
2017-01-17 09:36:26 INFO UpdateUserState: 015303327936,1
2017-01-17 09:36:33 INFO AddIdentifyResult: 14690,015303327936,-1,
2017-01-17 09:36:40 INFO AddIdentifyResult: 14691,013287368078,-1,
2017-01-17 09:36:41 INFO AddIdentifyResult: 14690,015303327936,-3,
2017-01-17 09:36:51 INFO AddIdentifyResult: 14691,013287368078,-3,
2017-01-17 09:37:33 INFO AddIdentifyResult: 14690,015303327936,0,ver/01/17/093813_015303327936.wav
2017-01-17 09:37:36 INFO AddIdentifyResult: 14692,013296476017,-1,
2017-01-17 09:37:43 INFO AddIdentifyResult: 14692,013296476017,-3,
2017-01-17 09:39:00 INFO AddIdentifyResult: 14693,015632272273,-1,
2017-01-17 09:39:07 INFO AddIdentifyResult: 14693,015632272273,-3,
2017-01-17 09:39:33 INFO AddIdentifyResult: 14691,013287368078,12,
2017-01-17 09:39:38 INFO AddIdentifyResult: 14692,013296476017,12,
2017-01-17 09:39:41 INFO AddIdentifyResult: 14691,013287368078,10,reg/013287368078_0117093822|reg/013287368078_0117093822|reg/013287368078_
2017-01-17 09:39:42 INFO UpdateUserState: 013287368078,1
2017-01-17 09:39:50 INFO AddIdentifyResult: 14692,013296476017,10,reg/013296476017_0117093914|reg/013296476017_0117093914|reg/013296476017_
2017-01-17 09:39:51 INFO UpdateUserState: 013296476017,1
2017-01-17 09:40:22 INFO AddIdentifyResult: 14694,013296476127,-1,
2017-01-17 09:40:29 INFO AddIdentifyResult: 14694,013296476127,-3,
2017-01-17 09:40:41 INFO AddIdentifyResult: 14695,013406118775,-1,
2017-01-17 09:40:44 INFO AddIdentifyResult: 14693,015632272273,12,
2017-01-17 09:40:50 INFO AddIdentifyResult: 14695,013406118775,-3,
2017-01-17 09:40:51 INFO AddIdentifyResult: 14693,015632272273,10,reg/015632272273_0117094038|reg/015632272273_0117094038|reg/015632272273_
2017-01-17 09:40:52 INFO UpdateUserState: 015632272273,1
2017-01-17 09:40:55 INFO AddIdentifyResult: 14696,015632272273,-1,
2017-01-17 09:40:58 INFO AddIdentifyResult: 14696,015632272273,-3,
2017-01-17 09:41:50 INFO AddIdentifyResult: 14696,015632272273,0,ver/01/17/094229_015632272273.wav
2017-01-17 09:42:33 INFO AddIdentifyResult: 14695,013406118775,12,
2017-01-17 09:42:39 INFO AddIdentifyResult: 14694,013296476127,12,
2017-01-17 09:42:41 INFO AddIdentifyResult: 14695,013406118775,10,reg/013406118775_0117094221|reg/013406118775_0117094221|reg/013406118775_
2017-01-17 09:42:41 INFO UpdateUserState: 013406118775,1
2017-01-17 09:42:46 INFO AddIdentifyResult: 14697,015230476821,-1,
2017-01-17 09:42:48 INFO AddIdentifyResult: 14694,013296476127,10,reg/013296476127_0117094200|reg/013296476127_0117094200|reg/013296476127_
2017-01-17 09:42:48 INFO UpdateUserState: 013296476127,1
2017-01-17 09:42:53 INFO AddIdentifyResult: 14697,015230476821,-3,
2017-01-17 09:43:15 INFO AddIdentifyResult: 14698,015263873913,-1,
2017-01-17 09:43:24 INFO AddIdentifyResult: 14698,015263873913,-3,
2017-01-17 09:44:30 INFO AddIdentifyResult: 14697,015230476821,12,
2017-01-17 09:44:37 INFO AddIdentifyResult: 14697,015230476821,10,reg/015230476821_0117094424|reg/015230476821_0117094424|reg/015230476821_
2017-01-17 09:44:38 INFO UpdateUserState: 015230476821,1
2017-01-17 09:44:47 INFO AddIdentifyResult: 14699,015230476821,-1,
2017-01-17 09:44:54 INFO AddIdentifyResult: 14699,015230476821,-3,
2017-01-17 09:45:23 INFO AddIdentifyResult: 14698,015263873913,12,
2017-01-17 09:45:29 INFO AddIdentifyResult: 14698,015263873913,10,reg/015263873913_0117094455|reg/015263873913_0117094455|reg/015263873913_
2017-01-17 09:45:29 INFO UpdateUserState: 015263873913,1
2017-01-17 09:45:46 INFO AddIdentifyResult: 14699,015230476821,0,ver/01/17/094625_015230476821.wav
2017-01-17 09:47:46 INFO AddIdentifyResult: 14700,015633212589,-1,
2017-01-17 09:47:52 INFO AddIdentifyResult: 14700,015633212589,-3,
2017-01-17 09:49:10 INFO AddIdentifyResult: 14701,013296476158,-1,
2017-01-17 09:49:19 INFO AddIdentifyResult: 14701,013296476158,-3,
2017-01-17 09:49:27 INFO AddIdentifyResult: 14700,015633212589,12,
2017-01-17 09:49:34 INFO AddIdentifyResult: 14700,015633212589,10,reg/015633212589_0117094923|reg/015633212589_0117094923|reg/015633212589_
2017-01-17 09:49:34 INFO UpdateUserState: 015633212589,1
2017-01-17 09:49:57 INFO AddIdentifyResult: 14702,015633212589,-1,
2017-01-17 09:50:02 INFO AddIdentifyResult: 14702,015633212589,-3,
2017-01-17 09:50:54 INFO AddIdentifyResult: 14702,015633212589,0,ver/01/17/095134_015633212589.wav
2017-01-17 09:50:57 INFO AddIdentifyResult: 14701,013296476158,12,
2017-01-17 09:51:05 INFO AddIdentifyResult: 14701,013296476158,10,reg/013296476158_0117095050|reg/013296476158_0117095050|reg/013296476158_
2017-01-17 09:51:05 INFO UpdateUserState: 013296476158,1
2017-01-17 09:51:48 INFO AddIdentifyResult: 14703,013780783302,-1,
2017-01-17 09:51:57 INFO AddIdentifyResult: 14703,013780783302,-3,
2017-01-17 09:52:39 INFO AddIdentifyResult: 14704,013296476158,-1,
2017-01-17 09:52:46 INFO AddIdentifyResult: 14704,013296476158,-3,
2017-01-17 09:53:50 INFO AddIdentifyResult: 14703,013780783302,12,
2017-01-17 09:53:56 INFO AddIdentifyResult: 14703,013780783302,10,reg/013780783302_0117095328|reg/013780783302_0117095328|reg/013780783302_
2017-01-17 09:53:56 INFO UpdateUserState: 013780783302,1
2017-01-17 09:54:11 INFO AddIdentifyResult: 14705,013287368392,-1,
2017-01-17 09:54:17 INFO AddIdentifyResult: 14705,013287368392,-3,
2017-01-17 09:54:21 INFO AddIdentifyResult: 14704,013296476158,12,
2017-01-17 09:54:29 INFO AddIdentifyResult: 14704,013296476158,10,reg/013296476158_0117095417|reg/013296476158_0117095417|reg/013296476158_
2017-01-17 09:54:29 INFO UpdateUserState: 013296476158,1
2017-01-17 09:56:08 INFO AddIdentifyResult: 14705,013287368392,12,
2017-01-17 09:56:15 INFO AddIdentifyResult: 14705,013287368392,10,reg/013287368392_0117095656|reg/013287368392_0117095656|reg/013287368392_0117095548
2017-01-17 09:56:15 INFO UpdateUserState: 013287368392,1
2017-01-17 09:56:20 INFO AddIdentifyResult: 14706,015633263807,-1,
2017-01-17 09:56:27 INFO AddIdentifyResult: 14706,015633263807,-3,
2017-01-17 09:57:58 INFO AddIdentifyResult: 14707,013665463102,-1,
2017-01-17 09:58:05 INFO AddIdentifyResult: 14706,015633263807,12,
2017-01-17 09:58:12 INFO AddIdentifyResult: 14706,015633263807,10,reg/015633263807_0117095758|reg/015633263807_0117095758|reg/015633263807_
2017-01-17 09:58:12 INFO UpdateUserState: 015633263807,1
2017-01-17 09:58:19 INFO AddIdentifyResult: 14708,015633263807,-1,
2017-01-17 09:58:22 INFO AddIdentifyResult: 14709,013665463102,-1,
2017-01-17 09:58:35 INFO AddIdentifyResult: 14709,013665463102,-3,
2017-01-17 09:58:39 INFO AddIdentifyResult: 14710,015633263807,-1,
2017-01-17 09:58:46 INFO AddIdentifyResult: 14710,015633263807,-3,
2017-01-17 09:58:50 INFO AddIdentifyResult: 14711,013287368593,-1,
2017-01-17 09:58:59 INFO AddIdentifyResult: 14711,013287368593,-3,
2017-01-17 09:59:38 INFO AddIdentifyResult: 14710,015633263807,0,ver/01/17/100018_015633263807.wav
2017-01-17 10:00:52 INFO AddIdentifyResult: 14711,013287368593,12,
2017-01-17 10:00:59 INFO AddIdentifyResult: 14711,013287368593,10,reg/013287368593_0117100152|reg/013287368593_0117100152|reg/013287368593_0117100030
2017-01-17 10:00:59 INFO UpdateUserState: 013287368593,1
2017-01-17 10:01:05 INFO AddIdentifyResult: 14709,013665463102,12,
2017-01-17 10:01:12 INFO AddIdentifyResult: 14709,013665463102,10,reg/013665463102_0117100006|reg/013665463102_0117100006|reg/013665463102_
2017-01-17 10:01:12 INFO UpdateUserState: 013665463102,1
2017-01-17 10:01:45 INFO AddIdentifyResult: 14712,013287328809,-1,
2017-01-17 10:01:56 INFO AddIdentifyResult: 14713,013287328809,-1,
2017-01-17 10:02:08 INFO AddIdentifyResult: 14713,013287328809,-3,
2017-01-17 10:04:04 INFO AddIdentifyResult: 14713,013287328809,12,
2017-01-17 10:04:11 INFO AddIdentifyResult: 14713,013287328809,10,reg/013287328809_0117100339|reg/013287328809_0117100339|reg/013287328809_
2017-01-17 10:04:11 INFO UpdateUserState: 013287328809,1
2017-01-17 10:04:31 INFO AddIdentifyResult: 14714,015633206807,-1,
2017-01-17 10:04:36 INFO AddIdentifyResult: 14715,013287330018,-1,
2017-01-17 10:04:39 INFO AddIdentifyResult: 14714,015633206807,-3,
2017-01-17 10:06:11 INFO AddIdentifyResult: 14714,015633206807,12,
2017-01-17 10:06:19 INFO AddIdentifyResult: 14714,015633206807,10,reg/015633206807_0117100610|reg/015633206807_0117100610|reg/015633206807_
2017-01-17 10:06:19 INFO UpdateUserState: 015633206807,1
2017-01-17 10:06:32 INFO AddIdentifyResult: 14716,015633206807,-1,
2017-01-17 10:06:39 INFO AddIdentifyResult: 14716,015633206807,-3,
2017-01-17 10:07:32 INFO AddIdentifyResult: 14716,015633206807,0,ver/01/17/100811_015633206807.wav
2017-01-17 10:11:15 INFO AddIdentifyResult: 14717,013287330018,-1,
2017-01-17 10:11:28 INFO AddIdentifyResult: 14717,013287330018,-3,
2017-01-17 10:14:07 INFO AddIdentifyResult: 14717,013287330018,12,
2017-01-17 10:14:15 INFO AddIdentifyResult: 14717,013287330018,10,reg/013287330018_0117101259|reg/013287330018_0117101259|reg/013287330018_
2017-01-17 10:14:16 INFO UpdateUserState: 013287330018,1
2017-01-17 10:17:20 INFO AddIdentifyResult: 14718,013082361506,-1,
2017-01-17 10:17:29 INFO AddIdentifyResult: 14718,013082361506,-3,
2017-01-17 10:18:13 INFO AddIdentifyResult: 14719,015254469673,-1,
2017-01-17 10:18:26 INFO AddIdentifyResult: 14719,015254469673,-3,
2017-01-17 10:18:58 INFO AddIdentifyResult: 14718,013082361506,12,
2017-01-17 10:19:05 INFO AddIdentifyResult: 14718,013082361506,10,reg/013082361506_0117101900|reg/013082361506_0117101900|reg/013082361506_
2017-01-17 10:19:05 INFO UpdateUserState: 013082361506,1
2017-01-17 10:19:11 INFO AddIdentifyResult: 14720,013082361506,-1,
2017-01-17 10:19:19 INFO AddIdentifyResult: 14720,013082361506,-3,
2017-01-17 10:20:11 INFO AddIdentifyResult: 14720,013082361506,0,ver/01/17/102051_013082361506.wav
2017-01-17 10:20:49 INFO AddIdentifyResult: 14719,015254469673,12,
2017-01-17 10:20:57 INFO AddIdentifyResult: 14719,015254469673,10,reg/015254469673_0117101957|reg/015254469673_0117101957|reg/015254469673_
2017-01-17 10:20:58 INFO UpdateUserState: 015254469673,1
2017-01-17 10:21:43 INFO AddIdentifyResult: 0,013287328809,1,
2017-01-17 10:24:51 INFO AddIdentifyResult: 14722,018849236903,-1,
2017-01-17 10:25:17 INFO AddIdentifyResult: 14723,018849236903,-1,
2017-01-17 10:25:34 INFO AddIdentifyResult: 14723,018849236903,-3,
2017-01-17 10:26:13 INFO AddIdentifyResult: 14724,013287368672,-1,
2017-01-17 10:26:24 INFO AddIdentifyResult: 14724,013287368672,-3,
2017-01-17 10:27:24 INFO AddIdentifyResult: 14723,018849236903,12,
2017-01-17 10:27:31 INFO AddIdentifyResult: 14723,018849236903,10,reg/018849236903_0117102705|reg/018849236903_0117102705|reg/018849236903_
2017-01-17 10:27:32 INFO UpdateUserState: 018849236903,1
2017-01-17 10:27:41 INFO AddIdentifyResult: 14725,018849236903,-1,
2017-01-17 10:27:59 INFO AddIdentifyResult: 14725,018849236903,-3,
2017-01-17 10:28:24 INFO AddIdentifyResult: 14724,013287368672,12,
2017-01-17 10:28:31 INFO AddIdentifyResult: 14724,013287368672,10,reg/013287368672_0117102921|reg/013287368672_0117102921|reg/013287368672_0117102755
2017-01-17 10:28:31 INFO UpdateUserState: 013287368672,1
2017-01-17 10:28:51 INFO AddIdentifyResult: 14725,018849236903,0,ver/01/17/102931_018849236903.wav
2017-01-17 10:31:03 INFO AddIdentifyResult: 14726,0156312987313,-1,
2017-01-17 10:31:20 INFO AddIdentifyResult: 14727,018171968947,-1,
2017-01-17 10:31:33 INFO AddIdentifyResult: 14727,018171968947,-3,
2017-01-17 10:32:44 INFO AddIdentifyResult: 14728,0156312987313,-1,
2017-01-17 10:33:09 INFO AddIdentifyResult: 14729,0156312987313,-1,
2017-01-17 10:34:10 INFO AddIdentifyResult: 14727,018171968947,12,
2017-01-17 10:34:16 INFO AddIdentifyResult: 14730,0156312987313,-1,
2017-01-17 10:34:21 INFO AddIdentifyResult: 14727,018171968947,10,reg/018171968947_0117103304|reg/018171968947_0117103304|reg/018171968947_
2017-01-17 10:34:21 INFO UpdateUserState: 018171968947,1
2017-01-17 10:34:38 INFO AddIdentifyResult: 14731,018171968947,-1,
2017-01-17 10:34:49 INFO AddIdentifyResult: 14732,015631297313,-1,
2017-01-17 10:34:55 INFO AddIdentifyResult: 14732,015631297313,-3,
2017-01-17 10:35:01 INFO AddIdentifyResult: 14733,018171968947,-1,
2017-01-17 10:35:10 INFO AddIdentifyResult: 14733,018171968947,-3,
2017-01-17 10:36:03 INFO AddIdentifyResult: 14733,018171968947,0,ver/01/17/103642_018171968947.wav
2017-01-17 10:36:49 INFO AddIdentifyResult: 14732,015631297313,12,
2017-01-17 10:36:55 INFO AddIdentifyResult: 14732,015631297313,10,reg/015631297313_0117103758|reg/015631297313_0117103758|reg/015631297313_0117103626
2017-01-17 10:36:56 INFO UpdateUserState: 015631297313,1
2017-01-17 10:37:12 INFO AddIdentifyResult: 14734,015631297313,-1,
2017-01-17 10:37:25 INFO AddIdentifyResult: 14734,015631297313,-3,
2017-01-17 10:38:16 INFO AddIdentifyResult: 14734,015631297313,0,ver/01/17/103856_015631297313.wav
2017-01-17 10:40:51 INFO AddIdentifyResult: 14735,013111679158,-1,
2017-01-17 10:41:00 INFO AddIdentifyResult: 14735,013111679158,-3,
2017-01-17 10:42:32 INFO AddIdentifyResult: 14735,013111679158,12,
2017-01-17 10:42:39 INFO AddIdentifyResult: 14735,013111679158,10,reg/013111679158_0117104231|reg/013111679158_0117104231|reg/013111679158_
2017-01-17 10:42:39 INFO UpdateUserState: 013111679158,1
2017-01-17 10:42:47 INFO AddIdentifyResult: 14736,013111679158,-1,
2017-01-17 10:43:00 INFO AddIdentifyResult: 14737,015327857301,-1,
2017-01-17 10:43:10 INFO AddIdentifyResult: 14737,015327857301,-3,
2017-01-17 10:43:11 INFO AddIdentifyResult: 14738,013111679158,-1,
2017-01-17 10:43:35 INFO AddIdentifyResult: 14739,013111679158,-1,
2017-01-17 10:44:57 INFO AddIdentifyResult: 14740,013111679158,-1,
2017-01-17 10:45:04 INFO AddIdentifyResult: 14740,013111679158,-3,
2017-01-17 10:45:19 INFO AddIdentifyResult: 14737,015327857301,12,
2017-01-17 10:45:27 INFO AddIdentifyResult: 14737,015327857301,10,reg/015327857301_0117104441|reg/015327857301_0117104441|reg/015327857301_
2017-01-17 10:45:27 INFO UpdateUserState: 015327857301,1
2017-01-17 10:45:40 INFO AddIdentifyResult: 14741,015327857301,-1,
2017-01-17 10:45:52 INFO AddIdentifyResult: 14741,015327857301,-3,
2017-01-17 10:45:56 INFO AddIdentifyResult: 14740,013111679158,0,ver/01/17/104636_013111679158.wav
2017-01-17 10:46:45 INFO AddIdentifyResult: 14741,015327857301,0,ver/01/17/104724_015327857301.wav
2017-01-17 10:51:21 INFO AddIdentifyResult: 14742,015632213320,-1,
2017-01-17 10:51:27 INFO AddIdentifyResult: 14742,015632213320,-3,
2017-01-17 10:52:55 INFO AddIdentifyResult: 14742,015632213320,12,
2017-01-17 10:53:02 INFO AddIdentifyResult: 14742,015632213320,10,reg/015632213320_0117105258|reg/015632213320_0117105258|reg/015632213320_
2017-01-17 10:53:02 INFO UpdateUserState: 015632213320,1
2017-01-17 10:53:05 INFO AddIdentifyResult: 14743,015632213320,-1,
2017-01-17 10:53:11 INFO AddIdentifyResult: 14743,015632213320,-3,
2017-01-17 10:53:58 INFO AddIdentifyResult: 14743,015632213320,0,ver/01/17/105443_015632213320.wav
2017-01-17 11:00:11 INFO AddIdentifyResult: 14744,015630843079,-1,
2017-01-17 11:00:22 INFO AddIdentifyResult: 14744,015630843079,-3,
2017-01-17 11:01:49 INFO AddIdentifyResult: 14744,015630843079,12,
2017-01-17 11:01:56 INFO AddIdentifyResult: 14744,015630843079,10,reg/015630843079_0117110153|reg/015630843079_0117110153|reg/015630843079_
2017-01-17 11:01:56 INFO UpdateUserState: 015630843079,1
2017-01-17 11:02:02 INFO AddIdentifyResult: 14745,015630843079,-1,
2017-01-17 11:02:07 INFO AddIdentifyResult: 14745,015630843079,-3,
2017-01-17 11:02:53 INFO AddIdentifyResult: 14745,015630843079,0,ver/01/17/110338_015630843079.wav
2017-01-17 11:07:06 INFO AddIdentifyResult: 14746,018107251941,-1,
2017-01-17 11:07:35 INFO AddIdentifyResult: 14747,018107251941,-1,
2017-01-17 11:07:47 INFO AddIdentifyResult: 14747,018107251941,-3,
2017-01-17 11:09:23 INFO AddIdentifyResult: 14748,015712522806,-1,
2017-01-17 11:09:50 INFO AddIdentifyResult: 14747,018107251941,12,
2017-01-17 11:09:57 INFO AddIdentifyResult: 14747,018107251941,10,reg/018107251941_0117110918|reg/018107251941_0117110918|reg/018107251941_
2017-01-17 11:09:57 INFO UpdateUserState: 018107251941,1
2017-01-17 11:10:11 INFO AddIdentifyResult: 14749,015712522806,-1,
2017-01-17 11:10:13 INFO AddIdentifyResult: 14750,018107251941,-1,
2017-01-17 11:10:22 INFO AddIdentifyResult: 14750,018107251941,-3,
2017-01-17 11:11:14 INFO AddIdentifyResult: 14750,018107251941,0,ver/01/17/111154_018107251941.wav
2017-01-17 11:12:39 INFO AddIdentifyResult: 14751,018332819016,-1,
2017-01-17 11:14:05 INFO AddIdentifyResult: 14752,015931845672,-1,
2017-01-17 11:14:14 INFO AddIdentifyResult: 14752,015931845672,-3,
2017-01-17 11:14:19 INFO AddIdentifyResult: 14753,018332839016,-1,
2017-01-17 11:14:41 INFO AddIdentifyResult: 14753,018332839016,-3,
2017-01-17 11:15:04 INFO AddIdentifyResult: 14753,018332839016,11,reg/018332839016_|reg/018332839016_|reg/018332839016_
2017-01-17 11:15:14 INFO AddIdentifyResult: 14754,018332819016,-1,
2017-01-17 11:15:24 INFO AddIdentifyResult: 14754,018332819016,-3,
2017-01-17 11:15:59 INFO AddIdentifyResult: 14752,015931845672,12,
2017-01-17 11:16:05 INFO AddIdentifyResult: 14752,015931845672,10,reg/015931845672_0117111705|reg/015931845672_0117111705|reg/015931845672_0117111545
2017-01-17 11:16:06 INFO UpdateUserState: 015931845672,1
2017-01-17 11:16:15 INFO AddIdentifyResult: 14755,015931845672,-1,
2017-01-17 11:16:22 INFO AddIdentifyResult: 14755,015931845672,-3,
2017-01-17 11:17:14 INFO AddIdentifyResult: 14755,015931845672,0,ver/01/17/111754_015931845672.wav
2017-01-17 11:17:31 INFO AddIdentifyResult: 14754,018332819016,12,
2017-01-17 11:17:38 INFO AddIdentifyResult: 14754,018332819016,10,reg/018332819016_0117111840|reg/018332819016_0117111840|reg/018332819016_0117111656
2017-01-17 11:17:38 INFO UpdateUserState: 018332819016,1
2017-01-17 11:17:42 INFO AddIdentifyResult: 14756,018332819016,-1,
2017-01-17 11:17:49 INFO AddIdentifyResult: 14756,018332819016,-3,
2017-01-17 11:18:41 INFO AddIdentifyResult: 14756,018332819016,0,ver/01/17/111920_018332819016.wav
2017-01-17 11:18:51 INFO AddIdentifyResult: 14757,015632211129,-1,
2017-01-17 11:18:56 INFO AddIdentifyResult: 14758,015690200973,-1,
2017-01-17 11:18:57 INFO AddIdentifyResult: 14757,015632211129,-3,
2017-01-17 11:19:05 INFO AddIdentifyResult: 14758,015690200973,-3,
2017-01-17 11:20:22 INFO AddIdentifyResult: 14757,015632211129,12,
2017-01-17 11:20:29 INFO AddIdentifyResult: 14757,015632211129,10,reg/015632211129_0117112028|reg/015632211129_0117112028|reg/015632211129_
2017-01-17 11:20:29 INFO UpdateUserState: 015632211129,1
2017-01-17 11:20:31 INFO AddIdentifyResult: 14758,015690200973,12,
2017-01-17 11:20:38 INFO AddIdentifyResult: 14758,015690200973,10,reg/015690200973_0117112036|reg/015690200973_0117112036|reg/015690200973_
2017-01-17 11:20:38 INFO UpdateUserState: 015690200973,1
2017-01-17 11:20:52 INFO AddIdentifyResult: 14759,015690200973,-1,
2017-01-17 11:20:57 INFO AddIdentifyResult: 14760,015632211129,-1,
2017-01-17 11:20:59 INFO AddIdentifyResult: 14759,015690200973,-3,
2017-01-17 11:21:04 INFO AddIdentifyResult: 14760,015632211129,-3,
2017-01-17 11:21:45 INFO AddIdentifyResult: 14759,015690200973,0,ver/01/17/112230_015690200973.wav
2017-01-17 11:21:56 INFO AddIdentifyResult: 14760,015632211129,0,ver/01/17/112236_015632211129.wav
2017-01-17 11:23:25 INFO AddIdentifyResult: 14761,015632260559,-1,
2017-01-17 11:24:40 INFO AddIdentifyResult: 14762,015632260559,-1,
2017-01-17 11:25:15 INFO AddIdentifyResult: 14763,013400331314,-1,
2017-01-17 11:25:21 INFO AddIdentifyResult: 14764,015632260559,-1,
2017-01-17 11:25:22 INFO AddIdentifyResult: 14763,013400331314,-3,
2017-01-17 11:25:54 INFO AddIdentifyResult: 14765,015031649208,-1,
2017-01-17 11:26:03 INFO AddIdentifyResult: 14765,015031649208,-3,
2017-01-17 11:27:35 INFO AddIdentifyResult: 14763,013400331314,12,
2017-01-17 11:27:42 INFO AddIdentifyResult: 14763,013400331314,10,reg/013400331314_0117112839|reg/013400331314_0117112839|reg/013400331314_0117112653
2017-01-17 11:27:42 INFO UpdateUserState: 013400331314,1
2017-01-17 11:27:46 INFO AddIdentifyResult: 14766,013400331314,-1,
2017-01-17 11:27:50 INFO AddIdentifyResult: 14765,015031649208,12,
2017-01-17 11:27:51 INFO AddIdentifyResult: 14766,013400331314,-3,
2017-01-17 11:27:57 INFO AddIdentifyResult: 14765,015031649208,10,reg/015031649208_0117112735|reg/015031649208_0117112735|reg/015031649208_
2017-01-17 11:27:57 INFO UpdateUserState: 015031649208,1
2017-01-17 11:28:01 INFO AddIdentifyResult: 14767,015031649208,-1,
2017-01-17 11:28:09 INFO AddIdentifyResult: 14767,015031649208,-3,
2017-01-17 11:28:40 INFO AddIdentifyResult: 14768,015632260559,-1,
2017-01-17 11:28:42 INFO AddIdentifyResult: 14766,013400331314,0,ver/01/17/112923_013400331314.wav
2017-01-17 11:29:02 INFO AddIdentifyResult: 14767,015031649208,0,ver/01/17/112941_015031649208.wav
2017-01-17 11:29:39 INFO AddIdentifyResult: 14769,015632260559,-1,
2017-01-17 11:30:21 INFO AddIdentifyResult: 14770,015633210368,-1,
2017-01-17 11:30:24 INFO AddIdentifyResult: 14771,013082391510,-1,
2017-01-17 11:30:28 INFO AddIdentifyResult: 14771,013082391510,-3,
2017-01-17 11:30:34 INFO AddIdentifyResult: 14770,015633210368,-3,
2017-01-17 11:31:56 INFO AddIdentifyResult: 14771,013082391510,12,
2017-01-17 11:32:03 INFO AddIdentifyResult: 14771,013082391510,10,reg/013082391510_0117113200|reg/013082391510_0117113200|reg/013082391510_
2017-01-17 11:32:03 INFO UpdateUserState: 013082391510,1
2017-01-17 11:32:11 INFO AddIdentifyResult: 14772,013082391510,-1,
2017-01-17 11:32:22 INFO AddIdentifyResult: 14770,015633210368,12,
2017-01-17 11:32:24 INFO AddIdentifyResult: 14773,013082391510,-1,
2017-01-17 11:32:29 INFO AddIdentifyResult: 14770,015633210368,10,reg/015633210368_0117113206|reg/015633210368_0117113206|reg/015633210368_
2017-01-17 11:32:29 INFO UpdateUserState: 015633210368,1
2017-01-17 11:32:42 INFO AddIdentifyResult: 14774,013082391510,-1,
2017-01-17 11:32:48 INFO AddIdentifyResult: 14774,013082391510,-3,
2017-01-17 11:33:11 INFO AddIdentifyResult: 14775,015633210368,-1,
2017-01-17 11:33:16 INFO AddIdentifyResult: 14775,015633210368,-3,
2017-01-17 11:33:36 INFO AddIdentifyResult: 14774,013082391510,0,ver/01/17/113420_013082391510.wav
2017-01-17 11:34:08 INFO AddIdentifyResult: 14775,015633210368,0,ver/01/17/113448_015633210368.wav
2017-01-17 11:37:13 INFO AddIdentifyResult: 14776,015632260559,-1,
2017-01-17 11:37:22 INFO AddIdentifyResult: 14777,015630220139,-1,
2017-01-17 11:37:38 INFO AddIdentifyResult: 14777,015630220139,-3,
2017-01-17 11:37:45 INFO AddIdentifyResult: 14778,015830923864,-1,
2017-01-17 11:37:53 INFO AddIdentifyResult: 14778,015830923864,-3,
2017-01-17 11:39:11 INFO AddIdentifyResult: 14777,015630220139,12,
2017-01-17 11:39:18 INFO AddIdentifyResult: 14777,015630220139,10,reg/015630220139_0117113910|reg/015630220139_0117113910|reg/015630220139_
2017-01-17 11:39:18 INFO UpdateUserState: 015630220139,1
2017-01-17 11:39:27 INFO AddIdentifyResult: 14779,015630220139,-1,
2017-01-17 11:39:44 INFO AddIdentifyResult: 14778,015830923864,12,
2017-01-17 11:39:44 INFO AddIdentifyResult: 14780,015630220139,-1,
2017-01-17 11:39:49 INFO AddIdentifyResult: 14780,015630220139,-3,
2017-01-17 11:39:50 INFO AddIdentifyResult: 14778,015830923864,10,reg/015830923864_0117114053|reg/015830923864_0117114053|reg/015830923864_0117113924
2017-01-17 11:39:51 INFO UpdateUserState: 015830923864,1
2017-01-17 11:39:57 INFO AddIdentifyResult: 14781,015830923864,-1,
2017-01-17 11:40:04 INFO AddIdentifyResult: 14781,015830923864,-3,
2017-01-17 11:40:07 INFO AddIdentifyResult: 14782,015632260559,-1,
2017-01-17 11:40:29 INFO AddIdentifyResult: 14782,015632260559,-3,
2017-01-17 11:40:37 INFO AddIdentifyResult: 14780,015630220139,0,ver/01/17/114121_015630220139.wav
2017-01-17 11:40:56 INFO AddIdentifyResult: 14781,015830923864,0,ver/01/17/114136_015830923864.wav
2017-01-17 11:42:03 INFO AddIdentifyResult: 14782,015632260559,12,
2017-01-17 11:42:10 INFO AddIdentifyResult: 14782,015632260559,10,reg/015632260559_0117114200|reg/015632260559_0117114200|reg/015632260559_
2017-01-17 11:42:10 INFO UpdateUserState: 015632260559,1
2017-01-17 11:42:37 INFO AddIdentifyResult: 14783,015632260559,-1,
2017-01-17 11:42:43 INFO AddIdentifyResult: 14783,015632260559,-3,
2017-01-17 11:42:54 INFO AddIdentifyResult: 14784,015630808259,-1,
2017-01-17 11:42:59 INFO AddIdentifyResult: 14784,015630808259,-3,
2017-01-17 11:43:36 INFO AddIdentifyResult: 14783,015632260559,0,ver/01/17/114415_015632260559.wav
2017-01-17 11:44:27 INFO AddIdentifyResult: 14785,013339711831,-1,
2017-01-17 11:44:36 INFO AddIdentifyResult: 14785,013339711831,-3,
2017-01-17 11:44:51 INFO AddIdentifyResult: 14784,015630808259,12,
2017-01-17 11:44:57 INFO AddIdentifyResult: 14784,015630808259,10,reg/015630808259_0117114602|reg/015630808259_0117114602|reg/015630808259_0117114430
2017-01-17 11:44:57 INFO UpdateUserState: 015630808259,1
2017-01-17 11:45:00 INFO AddIdentifyResult: 14786,015630808259,-1,
2017-01-17 11:45:16 INFO AddIdentifyResult: 14787,015630808259,-1,
2017-01-17 11:45:23 INFO AddIdentifyResult: 14788,013473283810,-1,
2017-01-17 11:45:40 INFO AddIdentifyResult: 14789,015630808259,-1,
2017-01-17 11:45:46 INFO AddIdentifyResult: 14789,015630808259,-3,
2017-01-17 11:46:26 INFO AddIdentifyResult: 14785,013339711831,12,
2017-01-17 11:46:34 INFO AddIdentifyResult: 14785,013339711831,10,reg/013339711831_0117114608|reg/013339711831_0117114608|reg/013339711831_
2017-01-17 11:46:34 INFO UpdateUserState: 013339711831,1
2017-01-17 11:46:38 INFO AddIdentifyResult: 14789,015630808259,0,ver/01/17/114718_015630808259.wav
2017-01-17 11:46:44 INFO AddIdentifyResult: 14790,013339711831,-1,
2017-01-17 11:46:48 INFO AddIdentifyResult: 14791,015633263755,-1,
2017-01-17 11:46:53 INFO AddIdentifyResult: 14791,015633263755,-3,
2017-01-17 11:46:58 INFO AddIdentifyResult: 14790,013339711831,-3,
2017-01-17 11:46:58 INFO AddIdentifyResult: 14792,013473283810,-1,
2017-01-17 11:47:05 INFO AddIdentifyResult: 14792,013473283810,-3,
2017-01-17 11:47:51 INFO AddIdentifyResult: 14790,013339711831,0,ver/01/17/114830_013339711831.wav
2017-01-17 11:48:25 INFO AddIdentifyResult: 14791,015633263755,12,
2017-01-17 11:48:33 INFO AddIdentifyResult: 14791,015633263755,10,reg/015633263755_0117114824|reg/015633263755_0117114824|reg/015633263755_
2017-01-17 11:48:33 INFO UpdateUserState: 015633263755,1
2017-01-17 11:48:36 INFO AddIdentifyResult: 14793,015633263755,-1,
2017-01-17 11:48:39 INFO AddIdentifyResult: 14792,013473283810,12,
2017-01-17 11:48:43 INFO AddIdentifyResult: 14794,015633202663,-1,
2017-01-17 11:48:46 INFO AddIdentifyResult: 14792,013473283810,10,reg/013473283810_0117114837|reg/013473283810_0117114837|reg/013473283810_
2017-01-17 11:48:46 INFO UpdateUserState: 013473283810,1
2017-01-17 11:48:48 INFO AddIdentifyResult: 14795,015633263755,-1,
2017-01-17 11:48:52 INFO AddIdentifyResult: 14794,015633202663,-3,
2017-01-17 11:48:53 INFO AddIdentifyResult: 14795,015633263755,-3,
2017-01-17 11:49:07 INFO AddIdentifyResult: 14796,013473283810,-1,
2017-01-17 11:49:13 INFO AddIdentifyResult: 14796,013473283810,-3,
2017-01-17 11:49:45 INFO AddIdentifyResult: 14795,015633263755,0,ver/01/17/115025_015633263755.wav
2017-01-17 11:49:56 INFO AddIdentifyResult: 14797,015830797074,-1,
2017-01-17 11:50:02 INFO AddIdentifyResult: 14797,015830797074,-3,
2017-01-17 11:50:05 INFO AddIdentifyResult: 14796,013473283810,0,ver/01/17/115045_013473283810.wav
2017-01-17 11:50:30 INFO AddIdentifyResult: 14794,015633202663,12,
2017-01-17 11:50:38 INFO AddIdentifyResult: 14794,015633202663,10,reg/015633202663_0117115024|reg/015633202663_0117115024|reg/015633202663_
2017-01-17 11:50:38 INFO UpdateUserState: 015633202663,1
2017-01-17 11:50:41 INFO AddIdentifyResult: 14798,015633202663,-1,
2017-01-17 11:50:53 INFO AddIdentifyResult: 14799,015633202663,-1,
2017-01-17 11:51:11 INFO AddIdentifyResult: 14800,015633202663,-1,
2017-01-17 11:51:32 INFO AddIdentifyResult: 14797,015830797074,12,
2017-01-17 11:51:39 INFO AddIdentifyResult: 14797,015830797074,10,reg/015830797074_0117115134|reg/015830797074_0117115134|reg/015830797074_
2017-01-17 11:51:39 INFO UpdateUserState: 015830797074,1
2017-01-17 11:51:42 INFO AddIdentifyResult: 14801,015830797074,-1,
2017-01-17 11:51:43 INFO AddIdentifyResult: 14802,015633202663,-1,
2017-01-17 11:51:48 INFO AddIdentifyResult: 14801,015830797074,-3,
2017-01-17 11:51:52 INFO AddIdentifyResult: 14802,015633202663,-3,
2017-01-17 11:52:36 INFO AddIdentifyResult: 14801,015830797074,0,ver/01/17/115320_015830797074.wav
2017-01-17 11:52:44 INFO AddIdentifyResult: 14802,015633202663,0,ver/01/17/115324_015633202663.wav
2017-01-17 11:53:23 INFO AddIdentifyResult: 14803,015633236109,-1,
2017-01-17 11:53:30 INFO AddIdentifyResult: 14803,015633236109,-3,
2017-01-17 11:55:03 INFO AddIdentifyResult: 14803,015633236109,12,
2017-01-17 11:55:07 INFO AddIdentifyResult: 14804,015630800239,-1,
2017-01-17 11:55:10 INFO AddIdentifyResult: 14803,015633236109,10,reg/015633236109_0117115501|reg/015633236109_0117115501|reg/015633236109_
2017-01-17 11:55:10 INFO UpdateUserState: 015633236109,1
2017-01-17 11:55:12 INFO AddIdentifyResult: 14804,015630800239,-3,
2017-01-17 11:55:31 INFO AddIdentifyResult: 14805,015633236109,-1,
2017-01-17 11:55:58 INFO AddIdentifyResult: 14806,015633236109,-1,
2017-01-17 11:56:03 INFO AddIdentifyResult: 14806,015633236109,-3,
2017-01-17 11:56:49 INFO AddIdentifyResult: 14804,015630800239,12,
2017-01-17 11:56:55 INFO AddIdentifyResult: 14806,015633236109,0,ver/01/17/115735_015633236109.wav
2017-01-17 11:56:56 INFO AddIdentifyResult: 14804,015630800239,10,reg/015630800239_0117115643|reg/015630800239_0117115643|reg/015630800239_
2017-01-17 11:56:56 INFO UpdateUserState: 015630800239,1
2017-01-17 11:57:00 INFO AddIdentifyResult: 14807,015630800239,-1,
2017-01-17 11:57:10 INFO AddIdentifyResult: 14808,015630800239,-1,
2017-01-17 11:57:27 INFO AddIdentifyResult: 14809,015630800239,-1,
2017-01-17 11:57:33 INFO AddIdentifyResult: 14809,015630800239,-3,
2017-01-17 11:58:26 INFO AddIdentifyResult: 14809,015630800239,0,ver/01/17/115905_015630800239.wav
2017-01-17 12:02:00 INFO AddIdentifyResult: 14810,015633758139,-1,
2017-01-17 12:02:08 INFO AddIdentifyResult: 14810,015633758139,-3,
2017-01-17 12:02:30 INFO AddIdentifyResult: 14810,015633758139,11,reg/015633758139_|reg/015633758139_|reg/015633758139_
2017-01-17 12:03:10 INFO AddIdentifyResult: 14811,015633758139,-1,
2017-01-17 12:03:21 INFO AddIdentifyResult: 14811,015633758139,-3,
2017-01-17 12:03:54 INFO AddIdentifyResult: 14811,015633758139,11,reg/015633758139_|reg/015633758139_|reg/015633758139_
2017-01-17 12:04:38 INFO AddIdentifyResult: 14812,015633758139,-1,
2017-01-17 12:04:43 INFO AddIdentifyResult: 14812,015633758139,-3,
2017-01-17 12:06:44 INFO AddIdentifyResult: 14812,015633758139,12,
2017-01-17 12:06:51 INFO AddIdentifyResult: 14812,015633758139,10,reg/015633758139_0117120746|reg/015633758139_0117120746|reg/015633758139_0117120615
2017-01-17 12:06:51 INFO UpdateUserState: 015633758139,1
2017-01-17 12:07:08 INFO AddIdentifyResult: 14813,015633758139,-1,
2017-01-17 12:07:19 INFO AddIdentifyResult: 14813,015633758139,-3,
2017-01-17 12:07:42 INFO AddIdentifyResult: 14814,018171960453,-1,
2017-01-17 12:07:53 INFO AddIdentifyResult: 14814,018171960453,-3,
2017-01-17 12:08:11 INFO AddIdentifyResult: 14813,015633758139,0,ver/01/17/120851_015633758139.wav
2017-01-17 12:10:28 INFO AddIdentifyResult: 14814,018171960453,12,
2017-01-17 12:10:35 INFO AddIdentifyResult: 14814,018171960453,10,reg/018171960453_0117121121|reg/018171960453_0117121121|reg/018171960453_0117120924
2017-01-17 12:10:35 INFO UpdateUserState: 018171960453,1
2017-01-17 12:10:42 INFO AddIdentifyResult: 14815,018171960453,-1,
2017-01-17 12:10:54 INFO AddIdentifyResult: 14815,018171960453,-3,
2017-01-17 12:11:46 INFO AddIdentifyResult: 14815,018171960453,0,ver/01/17/121226_018171960453.wav
2017-01-17 12:17:07 INFO AddIdentifyResult: 14816,013343521067,-1,
2017-01-17 12:17:21 INFO AddIdentifyResult: 14816,013343521067,-3,
2017-01-17 12:18:57 INFO AddIdentifyResult: 14816,013343521067,12,
2017-01-17 12:19:03 INFO AddIdentifyResult: 14816,013343521067,10,reg/013343521067_0117121901|reg/013343521067_0117121901|reg/013343521067_0117121853
2017-01-17 12:19:04 INFO UpdateUserState: 013343521067,1
2017-01-17 12:19:13 INFO AddIdentifyResult: 14817,013343521067,-1,
2017-01-17 12:19:19 INFO AddIdentifyResult: 14817,013343521067,-3,
2017-01-17 12:20:11 INFO AddIdentifyResult: 14817,013343521067,0,ver/01/17/122051_013343521067.wav
2017-01-17 13:39:39 INFO AddIdentifyResult: 14818,013296478738,-1,
2017-01-17 13:39:51 INFO AddIdentifyResult: 14818,013296478738,-3,
2017-01-17 13:41:19 INFO AddIdentifyResult: 14818,013296478738,11,reg/013296478738_|reg/013296478738_|reg/013296478738_
2017-01-17 13:42:39 INFO AddIdentifyResult: 14819,013296478738,-1,
2017-01-17 13:42:45 INFO AddIdentifyResult: 14819,013296478738,-3,
2017-01-17 13:43:14 INFO AddIdentifyResult: 14820,013287368682,-1,
2017-01-17 13:43:23 INFO AddIdentifyResult: 14820,013287368682,-3,
2017-01-17 13:44:50 INFO AddIdentifyResult: 14819,013296478738,12,
2017-01-17 13:44:58 INFO AddIdentifyResult: 14819,013296478738,10,reg/013296478738_0117134546|reg/013296478738_0117134546|reg/013296478738_0117134417
2017-01-17 13:44:58 INFO UpdateUserState: 013296478738,1
2017-01-17 13:45:10 INFO AddIdentifyResult: 14820,013287368682,11,reg/013287368682_|reg/013287368682_|reg/013287368682_
2017-01-17 13:46:35 INFO AddIdentifyResult: 14821,013287368682,-1,
2017-01-17 13:46:41 INFO AddIdentifyResult: 14821,013287368682,-3,
2017-01-17 13:48:36 INFO AddIdentifyResult: 14821,013287368682,11,reg/013287368682_|reg/013287368682_|reg/013287368682_
2017-01-17 13:48:55 INFO AddIdentifyResult: 14822,015266080198,-1,
2017-01-17 13:49:07 INFO AddIdentifyResult: 14822,015266080198,-3,
2017-01-17 13:50:30 INFO AddIdentifyResult: 14822,015266080198,11,reg/015266080198_|reg/015266080198_|reg/015266080198_
2017-01-17 13:53:28 INFO AddIdentifyResult: 14823,013287368682,-1,
2017-01-17 13:53:33 INFO AddIdentifyResult: 14823,013287368682,-3,
2017-01-17 13:55:11 INFO AddIdentifyResult: 14823,013287368682,12,
2017-01-17 13:55:19 INFO AddIdentifyResult: 14823,013287368682,10,reg/013287368682_0117135505|reg/013287368682_0117135505|reg/013287368682_
2017-01-17 13:55:19 INFO UpdateUserState: 013287368682,1
2017-01-17 13:56:18 INFO AddIdentifyResult: 14824,015266080198,-1,
2017-01-17 13:56:25 INFO AddIdentifyResult: 14824,015266080198,-3,
2017-01-17 13:58:20 INFO AddIdentifyResult: 14824,015266080198,12,
2017-01-17 13:58:26 INFO AddIdentifyResult: 14824,015266080198,10,reg/015266080198_0117135914|reg/015266080198_0117135914|reg/015266080198_0117135757
2017-01-17 13:58:27 INFO UpdateUserState: 015266080198,1
2017-01-17 14:26:11 INFO AddIdentifyResult: 14825,015633275718,-1,
2017-01-17 14:26:19 INFO AddIdentifyResult: 14825,015633275718,-3,
2017-01-17 14:28:01 INFO AddIdentifyResult: 14825,015633275718,12,
2017-01-17 14:28:08 INFO AddIdentifyResult: 14825,015633275718,10,reg/015633275718_0117142914|reg/015633275718_0117142914|reg/015633275718_0117142751
2017-01-17 14:28:08 INFO UpdateUserState: 015633275718,1
2017-01-17 14:28:15 INFO AddIdentifyResult: 14826,015633275718,-1,
2017-01-17 14:28:24 INFO AddIdentifyResult: 14826,015633275718,-3,
2017-01-17 14:29:11 INFO AddIdentifyResult: 14826,015633275718,0,ver/01/17/142957_015633275718.wav
2017-01-17 14:35:03 INFO AddIdentifyResult: 14827,015392800752,-1,
2017-01-17 14:35:14 INFO AddIdentifyResult: 14827,015392800752,-3,
2017-01-17 14:36:12 INFO AddIdentifyResult: 14827,015392800752,11,reg/015392800752_|reg/015392800752_|reg/015392800752_
2017-01-17 14:37:51 INFO AddIdentifyResult: 14828,015392800752,-1,
2017-01-17 14:38:02 INFO AddIdentifyResult: 14828,015392800752,-3,
2017-01-17 14:38:11 INFO AddIdentifyResult: 14828,015392800752,11,reg/015392800752_|reg/015392800752_|reg/015392800752_
2017-01-17 14:38:38 INFO AddIdentifyResult: 14829,015392800752,-1,
2017-01-17 14:38:48 INFO AddIdentifyResult: 14829,015392800752,-3,
2017-01-17 14:40:47 INFO AddIdentifyResult: 14829,015392800752,12,
2017-01-17 14:40:55 INFO AddIdentifyResult: 14829,015392800752,10,reg/015392800752_0117144020|reg/015392800752_0117144020|reg/015392800752_
2017-01-17 14:40:55 INFO UpdateUserState: 015392800752,1
2017-01-17 14:41:13 INFO AddIdentifyResult: 14830,015392800752,-1,
2017-01-17 14:41:25 INFO AddIdentifyResult: 14830,015392800752,-3,
2017-01-17 14:42:17 INFO AddIdentifyResult: 14830,015392800752,0,ver/01/17/144257_015392800752.wav
2017-01-17 15:20:58 INFO AddIdentifyResult: 14831,013287370809,-1,
2017-01-17 15:21:08 INFO AddIdentifyResult: 14831,013287370809,-3,
2017-01-17 15:23:13 INFO AddIdentifyResult: 14831,013287370809,12,
2017-01-17 15:23:22 INFO AddIdentifyResult: 14831,013287370809,10,reg/013287370809_0117152240|reg/013287370809_0117152240|reg/013287370809_
2017-01-17 15:23:22 INFO UpdateUserState: 013287370809,1
2017-01-17 15:23:42 INFO AddIdentifyResult: 14832,013287370809,-1,
2017-01-17 15:23:53 INFO AddIdentifyResult: 14832,013287370809,-3,
2017-01-17 15:24:45 INFO AddIdentifyResult: 14832,013287370809,0,ver/01/17/152525_013287370809.wav
2017-01-17 15:48:59 INFO AddIdentifyResult: 14833,018972934620,-1,
2017-01-17 15:49:12 INFO AddIdentifyResult: 14833,018972934620,-3,
2017-01-17 15:51:18 INFO AddIdentifyResult: 14833,018972934620,12,
2017-01-17 15:51:25 INFO AddIdentifyResult: 14833,018972934620,10,reg/018972934620_0117155044|reg/018972934620_0117155044|reg/018972934620_
2017-01-17 15:51:25 INFO UpdateUserState: 018972934620,1
2017-01-17 15:52:15 INFO AddIdentifyResult: 14834,018972934620,-1,
2017-01-17 15:52:29 INFO AddIdentifyResult: 14834,018972934620,-3,
2017-01-17 15:53:22 INFO AddIdentifyResult: 14834,018972934620,0,ver/01/17/155402_018972934620.wav
2017-01-17 16:04:30 INFO AddIdentifyResult: 14835,013349708075,-1,
2017-01-17 16:04:40 INFO AddIdentifyResult: 14835,013349708075,-3,
2017-01-17 16:07:04 INFO AddIdentifyResult: 14835,013349708075,12,
2017-01-17 16:07:11 INFO AddIdentifyResult: 14835,013349708075,10,reg/013349708075_0117160751|reg/013349708075_0117160751|reg/013349708075_0117160612
2017-01-17 16:07:11 INFO UpdateUserState: 013349708075,1
2017-01-17 16:07:34 INFO AddIdentifyResult: 14836,013349708075,-1,
2017-01-17 16:07:47 INFO AddIdentifyResult: 14836,013349708075,-3,
2017-01-17 16:08:38 INFO AddIdentifyResult: 14836,013349708075,0,ver/01/17/160919_013349708075.wav
2017-01-17 16:27:34 INFO AddIdentifyResult: 14837,013287368982,-1,
2017-01-17 16:27:40 INFO AddIdentifyResult: 14837,013287368982,-3,
2017-01-17 16:28:01 INFO AddIdentifyResult: 14837,013287368982,11,reg/013287368982_|reg/013287368982_|reg/013287368982_
2017-01-17 16:28:03 INFO AddIdentifyResult: 14838,013287368982,-1,
2017-01-17 16:28:08 INFO AddIdentifyResult: 14838,013287368982,-3,
2017-01-17 16:30:12 INFO AddIdentifyResult: 14838,013287368982,12,
2017-01-17 16:30:20 INFO AddIdentifyResult: 14838,013287368982,10,reg/013287368982_0117162940|reg/013287368982_0117162940|reg/013287368982_
2017-01-17 16:30:20 INFO UpdateUserState: 013287368982,1
