2017-04-07 08:51:46 INFO AddIdentifyResult: 30033,013026542819,-1,
2017-04-07 08:51:53 INFO AddIdentifyResult: 30033,013026542819,-3,
2017-04-07 08:53:34 INFO AddIdentifyResult: 30034,13387675537,-1,
2017-04-07 08:53:35 INFO AddIdentifyResult: 30033,013026542819,12,
2017-04-07 08:53:43 INFO AddIdentifyResult: 30033,013026542819,10,reg/013026542819_0407085415|reg/013026542819_0407085415|reg/013026542819_
2017-04-07 08:53:43 INFO UpdateUserState: 013026542819,1
2017-04-07 08:53:43 INFO AddIdentifyResult: 30034,13387675537,-3,
2017-04-07 08:54:23 INFO AddIdentifyResult: 30035,013026542819,-1,
2017-04-07 08:54:30 INFO AddIdentifyResult: 30035,013026542819,-3,
2017-04-07 08:55:22 INFO AddIdentifyResult: 30035,013026542819,0,ver/04/07/085652_013026542819.wav
2017-04-07 08:56:13 INFO AddIdentifyResult: 30034,13387675537,12,
2017-04-07 08:56:23 INFO AddIdentifyResult: 30034,13387675537,10,reg/13387675537_0407085605|reg/13387675537_0407085605|reg/13387675537_
2017-04-07 08:56:24 INFO UpdateUserState: 13387675537,1
2017-04-07 09:00:02 INFO AddIdentifyResult: 30036,013026542756,-1,
2017-04-07 09:00:08 INFO AddIdentifyResult: 30036,013026542756,-3,
2017-04-07 09:01:56 INFO AddIdentifyResult: 30036,013026542756,12,
2017-04-07 09:02:03 INFO AddIdentifyResult: 30036,013026542756,10,reg/013026542756_0407090230|reg/013026542756_0407090230|reg/013026542756_
2017-04-07 09:02:04 INFO UpdateUserState: 013026542756,1
2017-04-07 09:04:03 INFO AddIdentifyResult: 30037,013026542756,-1,
2017-04-07 09:04:10 INFO AddIdentifyResult: 30037,013026542756,-3,
2017-04-07 09:05:02 INFO AddIdentifyResult: 30037,013026542756,0,ver/04/07/090632_013026542756.wav
2017-04-07 09:11:00 INFO AddIdentifyResult: 30038,013026541321,-1,
2017-04-07 09:11:13 INFO AddIdentifyResult: 30038,013026541321,-3,
2017-04-07 09:13:02 INFO AddIdentifyResult: 30038,013026541321,12,
2017-04-07 09:13:10 INFO AddIdentifyResult: 30038,013026541321,10,reg/013026541321_0407091335|reg/013026541321_0407091335|reg/013026541321_
2017-04-07 09:13:11 INFO UpdateUserState: 013026541321,1
2017-04-07 09:17:45 INFO AddIdentifyResult: 30039,013026540259,-1,
2017-04-07 09:17:58 INFO AddIdentifyResult: 30039,013026540259,-3,
2017-04-07 09:19:45 INFO AddIdentifyResult: 30039,013026540259,12,
2017-04-07 09:19:53 INFO AddIdentifyResult: 30039,013026540259,10,reg/013026540259_0407092019|reg/013026540259_0407092019|reg/013026540259_
2017-04-07 09:19:53 INFO UpdateUserState: 013026540259,1
2017-04-07 09:22:54 INFO AddIdentifyResult: 30040,013026541317,-1,
2017-04-07 09:23:01 INFO AddIdentifyResult: 30040,013026541317,-3,
2017-04-07 09:25:44 INFO AddIdentifyResult: 30040,013026541317,12,
2017-04-07 09:25:51 INFO AddIdentifyResult: 30040,013026541317,10,reg/013026541317_0407092724|reg/013026541317_0407092724|reg/013026541317_0407092523
2017-04-07 09:25:52 INFO UpdateUserState: 013026541317,1
2017-04-07 09:26:41 INFO AddIdentifyResult: 30041,015275631787,-1,
2017-04-07 09:26:53 INFO AddIdentifyResult: 30042,015275631787,-1,
2017-04-07 09:27:04 INFO AddIdentifyResult: 30042,015275631787,-3,
2017-04-07 09:28:40 INFO AddIdentifyResult: 30042,015275631787,12,
2017-04-07 09:28:46 INFO AddIdentifyResult: 30042,015275631787,10,reg/015275631787_0407092925|reg/015275631787_0407092925|reg/015275631787_
2017-04-07 09:28:47 INFO UpdateUserState: 015275631787,1
2017-04-07 09:31:47 INFO AddIdentifyResult: 30043,013780793023,-1,
2017-04-07 09:31:57 INFO AddIdentifyResult: 30043,013780793023,-3,
2017-04-07 09:33:23 INFO AddIdentifyResult: 30044,013026543132,-1,
2017-04-07 09:33:28 INFO AddIdentifyResult: 30043,013780793023,12,
2017-04-07 09:33:35 INFO AddIdentifyResult: 30043,013780793023,10,reg/013780793023_0407093419|reg/013780793023_0407093419|reg/013780793023_
2017-04-07 09:33:36 INFO UpdateUserState: 013780793023,1
2017-04-07 09:33:37 INFO AddIdentifyResult: 30044,013026543132,-3,
2017-04-07 09:35:57 INFO AddIdentifyResult: 30044,013026543132,12,
2017-04-07 09:36:04 INFO AddIdentifyResult: 30044,013026543132,10,reg/013026543132_0407093559|reg/013026543132_0407093559|reg/013026543132_
2017-04-07 09:36:04 INFO UpdateUserState: 013026543132,1
2017-04-07 09:36:53 INFO AddIdentifyResult: 30045,013026543132,-1,
2017-04-07 09:37:03 INFO AddIdentifyResult: 30045,013026543132,-3,
2017-04-07 09:37:55 INFO AddIdentifyResult: 30045,013026543132,0,ver/04/07/093925_013026543132.wav
2017-04-07 09:43:08 INFO AddIdentifyResult: 30046,013081402533,-1,
2017-04-07 09:43:46 INFO AddIdentifyResult: 30047,013081402533,-1,
2017-04-07 09:43:52 INFO AddIdentifyResult: 30047,013081402533,-3,
2017-04-07 09:45:37 INFO AddIdentifyResult: 30047,013081402533,12,
2017-04-07 09:45:45 INFO AddIdentifyResult: 30047,013081402533,10,reg/013081402533_0407094614|reg/013081402533_0407094614|reg/013081402533_
2017-04-07 09:45:45 INFO UpdateUserState: 013081402533,1
2017-04-07 09:46:29 INFO AddIdentifyResult: 30048,013081402533,-1,
2017-04-07 09:46:34 INFO AddIdentifyResult: 30048,013081402533,-3,
2017-04-07 09:47:27 INFO AddIdentifyResult: 30048,013081402533,0,ver/04/07/094857_013081402533.wav
2017-04-07 09:49:28 INFO AddIdentifyResult: 30049,013105462179,-1,
2017-04-07 09:49:34 INFO AddIdentifyResult: 30049,013105462179,-3,
2017-04-07 09:51:09 INFO AddIdentifyResult: 30049,013105462179,12,
2017-04-07 09:51:16 INFO AddIdentifyResult: 30049,013105462179,10,reg/013105462179_0407095156|reg/013105462179_0407095156|reg/013105462179_
2017-04-07 09:51:16 INFO UpdateUserState: 013105462179,1
2017-04-07 09:59:09 INFO AddIdentifyResult: 30050,013290318976,-1,
2017-04-07 09:59:19 INFO AddIdentifyResult: 30050,013290318976,-3,
2017-04-07 10:01:03 INFO AddIdentifyResult: 30050,013290318976,12,
2017-04-07 10:01:10 INFO AddIdentifyResult: 30050,013290318976,10,reg/013290318976_0407100141|reg/013290318976_0407100141|reg/013290318976_
2017-04-07 10:01:10 INFO UpdateUserState: 013290318976,1
2017-04-07 10:01:30 INFO AddIdentifyResult: 30051,013290318976,-1,
2017-04-07 10:01:38 INFO AddIdentifyResult: 30051,013290318976,-3,
2017-04-07 10:02:31 INFO AddIdentifyResult: 30051,013290318976,0,ver/04/07/100401_013290318976.wav
2017-04-07 10:09:09 INFO AddIdentifyResult: 30052,013295460881,-1,
2017-04-07 10:09:14 INFO AddIdentifyResult: 30052,013295460881,-3,
2017-04-07 10:11:13 INFO AddIdentifyResult: 30052,013295460881,12,
2017-04-07 10:11:21 INFO AddIdentifyResult: 30052,013295460881,10,reg/013295460881_0407101136|reg/013295460881_0407101136|reg/013295460881_
2017-04-07 10:11:21 INFO UpdateUserState: 013295460881,1
2017-04-07 10:11:43 INFO AddIdentifyResult: 30053,013295460881,-1,
2017-04-07 10:11:53 INFO AddIdentifyResult: 30053,013295460881,-3,
2017-04-07 10:12:44 INFO AddIdentifyResult: 30053,013295460881,0,ver/04/07/101415_013295460881.wav
2017-04-07 10:28:46 INFO AddIdentifyResult: 30054,015671196211,-1,
2017-04-07 10:29:17 INFO AddIdentifyResult: 30055,015671196211,-1,
2017-04-07 10:29:34 INFO AddIdentifyResult: 30055,015671196211,-3,
2017-04-07 10:31:25 INFO AddIdentifyResult: 30055,015671196211,12,
2017-04-07 10:31:32 INFO AddIdentifyResult: 30055,015671196211,10,reg/015671196211_0407103156|reg/015671196211_0407103156|reg/015671196211_
2017-04-07 10:31:32 INFO UpdateUserState: 015671196211,1
2017-04-07 10:35:43 INFO AddIdentifyResult: 30056,013026541180,-1,
2017-04-07 10:36:06 INFO AddIdentifyResult: 30056,013026541180,-3,
2017-04-07 10:37:48 INFO AddIdentifyResult: 30056,013026541180,12,
2017-04-07 10:37:56 INFO AddIdentifyResult: 30056,013026541180,10,reg/013026541180_0407103828|reg/013026541180_0407103828|reg/013026541180_
2017-04-07 10:37:56 INFO UpdateUserState: 013026541180,1
2017-04-07 10:38:12 INFO AddIdentifyResult: 30057,013780785710,-1,
2017-04-07 10:38:14 INFO AddIdentifyResult: 30058,013287380200,-1,
2017-04-07 10:38:19 INFO AddIdentifyResult: 30058,013287380200,-3,
2017-04-07 10:38:40 INFO AddIdentifyResult: 30059,013780785710,-1,
2017-04-07 10:38:51 INFO AddIdentifyResult: 30059,013780785710,-3,
2017-04-07 10:40:34 INFO AddIdentifyResult: 30059,013780785710,12,
2017-04-07 10:40:42 INFO AddIdentifyResult: 30059,013780785710,10,reg/013780785710_0407104113|reg/013780785710_0407104113|reg/013780785710_
2017-04-07 10:40:42 INFO UpdateUserState: 013780785710,1
2017-04-07 10:41:09 INFO AddIdentifyResult: 30060,013026541180,-1,
2017-04-07 10:41:15 INFO AddIdentifyResult: 30060,013026541180,-3,
2017-04-07 10:41:28 INFO AddIdentifyResult: 30058,013287380200,12,
2017-04-07 10:41:34 INFO AddIdentifyResult: 30058,013287380200,10,reg/013287380200_0407104300|reg/013287380200_0407104300|reg/013287380200_0407104041
2017-04-07 10:41:35 INFO UpdateUserState: 013287380200,1
2017-04-07 10:42:08 INFO AddIdentifyResult: 30060,013026541180,0,ver/04/07/104338_013026541180.wav
2017-04-07 10:42:57 INFO AddIdentifyResult: 30061,013287380200,-1,
2017-04-07 10:43:03 INFO AddIdentifyResult: 30061,013287380200,-3,
2017-04-07 10:43:13 INFO AddIdentifyResult: 30061,013287380200,1,
2017-04-07 10:43:24 INFO AddIdentifyResult: 30062,013287380200,-1,
2017-04-07 10:43:29 INFO AddIdentifyResult: 30062,013287380200,-3,
2017-04-07 10:45:07 INFO AddIdentifyResult: 30062,013287380200,1,ver/04/07/104638_013287380200.wav
2017-04-07 10:46:11 INFO AddIdentifyResult: 30063,013287380200,-1,
2017-04-07 10:46:17 INFO AddIdentifyResult: 30063,013287380200,-3,
2017-04-07 10:48:14 INFO AddIdentifyResult: 30064,013287380200,-1,
2017-04-07 10:48:23 INFO AddIdentifyResult: 30064,013287380200,-3,
2017-04-07 10:49:58 INFO AddIdentifyResult: 30065,013780759852,-1,
2017-04-07 10:50:06 INFO AddIdentifyResult: 30065,013780759852,-3,
2017-04-07 10:50:37 INFO AddIdentifyResult: 30064,013287380200,12,
2017-04-07 10:50:44 INFO AddIdentifyResult: 30064,013287380200,10,reg/013287380200_0407105045|reg/013287380200_0407105045|reg/013287380200_
2017-04-07 10:50:44 INFO UpdateUserState: 013287380200,1
2017-04-07 10:51:06 INFO AddIdentifyResult: 30066,013287380200,-1,
2017-04-07 10:51:11 INFO AddIdentifyResult: 30066,013287380200,-3,
2017-04-07 10:52:03 INFO AddIdentifyResult: 30066,013287380200,0,ver/04/07/105334_013287380200.wav
2017-04-07 10:52:16 INFO AddIdentifyResult: 30065,013780759852,12,
2017-04-07 10:52:23 INFO AddIdentifyResult: 30065,013780759852,10,reg/013780759852_0407105358|reg/013780759852_0407105358|reg/013780759852_0407105228
2017-04-07 10:52:23 INFO UpdateUserState: 013780759852,1
2017-04-07 10:52:35 INFO AddIdentifyResult: 30067,013026542018,-1,
2017-04-07 10:52:40 INFO AddIdentifyResult: 30067,013026542018,-3,
2017-04-07 10:53:01 INFO AddIdentifyResult: 30068,015933741386,-1,
2017-04-07 10:53:16 INFO AddIdentifyResult: 30068,015933741386,-3,
2017-04-07 10:54:25 INFO AddIdentifyResult: 30067,013026542018,12,
2017-04-07 10:54:31 INFO AddIdentifyResult: 30067,013026542018,10,reg/013026542018_0407105502|reg/013026542018_0407105502|reg/013026542018_
2017-04-07 10:54:32 INFO UpdateUserState: 013026542018,1
2017-04-07 10:54:57 INFO AddIdentifyResult: 30068,015933741386,12,
2017-04-07 10:55:03 INFO AddIdentifyResult: 30069,013780759852,-1,
2017-04-07 10:55:04 INFO AddIdentifyResult: 30068,015933741386,10,reg/015933741386_0407105538|reg/015933741386_0407105538|reg/015933741386_
2017-04-07 10:55:04 INFO UpdateUserState: 015933741386,1
2017-04-07 10:55:09 INFO AddIdentifyResult: 30069,013780759852,-3,
2017-04-07 10:55:17 INFO AddIdentifyResult: 30070,015933741386,-1,
2017-04-07 10:55:25 INFO AddIdentifyResult: 30070,015933741386,-3,
2017-04-07 10:56:01 INFO AddIdentifyResult: 30069,013780759852,0,ver/04/07/105732_013780759852.wav
2017-04-07 10:56:17 INFO AddIdentifyResult: 30070,015933741386,0,ver/04/07/105747_015933741386.wav
2017-04-07 10:58:30 INFO AddIdentifyResult: 30071,015933323138,-1,
2017-04-07 10:58:37 INFO AddIdentifyResult: 30071,015933323138,-3,
2017-04-07 11:00:21 INFO AddIdentifyResult: 30071,015933323138,12,
2017-04-07 11:00:27 INFO AddIdentifyResult: 30071,015933323138,10,reg/015933323138_0407110059|reg/015933323138_0407110059|reg/015933323138_
2017-04-07 11:00:27 INFO UpdateUserState: 015933323138,1
2017-04-07 11:00:38 INFO AddIdentifyResult: 30072,015933323138,-1,
2017-04-07 11:00:45 INFO AddIdentifyResult: 30072,015933323138,-3,
2017-04-07 11:01:36 INFO AddIdentifyResult: 30072,015933323138,0,ver/04/07/110307_015933323138.wav
2017-04-07 11:04:54 INFO AddIdentifyResult: 30073,013400222258,-1,
2017-04-07 11:05:06 INFO AddIdentifyResult: 30073,013400222258,-3,
2017-04-07 11:06:52 INFO AddIdentifyResult: 30073,013400222258,12,
2017-04-07 11:06:58 INFO AddIdentifyResult: 30073,013400222258,10,reg/013400222258_0407110728|reg/013400222258_0407110728|reg/013400222258_
2017-04-07 11:06:59 INFO UpdateUserState: 013400222258,1
2017-04-07 11:07:18 INFO AddIdentifyResult: 30074,013400222258,-1,
2017-04-07 11:07:26 INFO AddIdentifyResult: 30074,013400222258,-3,
2017-04-07 11:08:19 INFO AddIdentifyResult: 30074,013400222258,0,ver/04/07/110949_013400222258.wav
2017-04-07 14:04:31 INFO AddIdentifyResult: 30075,013295461618,-1,
2017-04-07 14:04:38 INFO AddIdentifyResult: 30075,013295461618,-3,
2017-04-07 14:08:15 INFO AddIdentifyResult: 30075,013295461618,11,reg/013295461618_|reg/013295461618_|reg/013295461618_
2017-04-07 14:08:31 INFO AddIdentifyResult: 30076,013295461618,-1,
2017-04-07 14:08:37 INFO AddIdentifyResult: 30076,013295461618,-3,
2017-04-07 14:08:44 INFO AddIdentifyResult: 30077,013026541327,-1,
2017-04-07 14:08:54 INFO AddIdentifyResult: 30077,013026541327,-3,
2017-04-07 14:10:42 INFO AddIdentifyResult: 30077,013026541327,12,
2017-04-07 14:10:52 INFO AddIdentifyResult: 30077,013026541327,10,reg/013026541327_0407141117|reg/013026541327_0407141117|reg/013026541327_
2017-04-07 14:10:52 INFO UpdateUserState: 013026541327,1
2017-04-07 14:11:51 INFO AddIdentifyResult: 30076,013295461618,12,
2017-04-07 14:11:59 INFO AddIdentifyResult: 30076,013295461618,10,reg/013295461618_0407141100|reg/013295461618_0407141100|reg/013295461618_
2017-04-07 14:12:00 INFO UpdateUserState: 013295461618,1
2017-04-07 14:12:46 INFO AddIdentifyResult: 30078,013295461618,-1,
2017-04-07 14:12:55 INFO AddIdentifyResult: 30078,013295461618,-3,
2017-04-07 14:12:56 INFO AddIdentifyResult: 30079,013054601653,-1,
2017-04-07 14:13:03 INFO AddIdentifyResult: 30079,013054601653,-3,
2017-04-07 14:13:46 INFO AddIdentifyResult: 30078,013295461618,0,ver/04/07/141518_013295461618.wav
2017-04-07 14:14:52 INFO AddIdentifyResult: 30079,013054601653,12,
2017-04-07 14:15:00 INFO AddIdentifyResult: 30079,013054601653,10,reg/013054601653_0407141525|reg/013054601653_0407141525|reg/013054601653_
2017-04-07 14:15:01 INFO UpdateUserState: 013054601653,1
2017-04-07 14:38:54 INFO AddIdentifyResult: 30080,013026541151,-1,
2017-04-07 14:39:01 INFO AddIdentifyResult: 30080,013026541151,-3,
2017-04-07 14:41:38 INFO AddIdentifyResult: 30080,013026541151,12,
2017-04-07 14:41:48 INFO AddIdentifyResult: 30080,013026541151,10,reg/013026541151_0407144124|reg/013026541151_0407144124|reg/013026541151_
2017-04-07 14:41:48 INFO UpdateUserState: 013026541151,1
2017-04-07 14:42:08 INFO AddIdentifyResult: 30081,013026541151,-1,
2017-04-07 14:42:17 INFO AddIdentifyResult: 30081,013026541151,-3,
2017-04-07 14:43:09 INFO AddIdentifyResult: 30081,013026541151,0,ver/04/07/144440_013026541151.wav
2017-04-07 14:46:40 INFO AddIdentifyResult: 30082,013026540326,-1,
2017-04-07 14:46:46 INFO AddIdentifyResult: 30082,013026540326,-3,
2017-04-07 14:48:25 INFO AddIdentifyResult: 30082,013026540326,12,
2017-04-07 14:48:32 INFO AddIdentifyResult: 30082,013026540326,10,reg/013026540326_0407144909|reg/013026540326_0407144909|reg/013026540326_
2017-04-07 14:48:33 INFO UpdateUserState: 013026540326,1
2017-04-07 15:07:32 INFO AddIdentifyResult: 30083,013026541500,-1,
2017-04-07 15:09:15 INFO AddIdentifyResult: 30084,013026541500,-1,
2017-04-07 15:09:23 INFO AddIdentifyResult: 30084,013026541500,-3,
2017-04-07 15:11:05 INFO AddIdentifyResult: 30084,013026541500,12,
2017-04-07 15:11:13 INFO AddIdentifyResult: 30084,013026541500,10,reg/013026541500_0407151146|reg/013026541500_0407151146|reg/013026541500_
2017-04-07 15:11:14 INFO UpdateUserState: 013026541500,1
2017-04-07 15:11:35 INFO AddIdentifyResult: 30085,013275467288,-1,
2017-04-07 15:11:43 INFO AddIdentifyResult: 30085,013275467288,-3,
2017-04-07 15:12:55 INFO AddIdentifyResult: 30086,013290318870,-1,
2017-04-07 15:13:03 INFO AddIdentifyResult: 30086,013290318870,-3,
2017-04-07 15:13:18 INFO AddIdentifyResult: 30085,013275467288,12,
2017-04-07 15:13:25 INFO AddIdentifyResult: 30085,013275467288,10,reg/013275467288_0407151405|reg/013275467288_0407151405|reg/013275467288_
2017-04-07 15:13:25 INFO UpdateUserState: 013275467288,1
2017-04-07 15:14:09 INFO AddIdentifyResult: 30087,013275467288,-1,
2017-04-07 15:14:17 INFO AddIdentifyResult: 30087,013275467288,-3,
2017-04-07 15:15:09 INFO AddIdentifyResult: 30087,013275467288,0,ver/04/07/151640_013275467288.wav
2017-04-07 15:15:38 INFO AddIdentifyResult: 30086,013290318870,12,
2017-04-07 15:15:46 INFO AddIdentifyResult: 30086,013290318870,10,reg/013290318870_0407151525|reg/013290318870_0407151525|reg/013290318870_
2017-04-07 15:15:46 INFO UpdateUserState: 013290318870,1
2017-04-07 15:15:59 INFO AddIdentifyResult: 30088,013290318870,-1,
2017-04-07 15:16:05 INFO AddIdentifyResult: 30088,013290318870,-3,
2017-04-07 15:16:57 INFO AddIdentifyResult: 30088,013290318870,0,ver/04/07/151828_013290318870.wav
2017-04-07 15:17:02 INFO AddIdentifyResult: 30089,013026540819,-1,
2017-04-07 15:17:07 INFO AddIdentifyResult: 30089,013026540819,-3,
2017-04-07 15:18:39 INFO AddIdentifyResult: 30089,013026540819,12,
2017-04-07 15:18:46 INFO AddIdentifyResult: 30089,013026540819,10,reg/013026540819_0407151930|reg/013026540819_0407151930|reg/013026540819_
2017-04-07 15:18:46 INFO UpdateUserState: 013026540819,1
2017-04-07 15:24:05 INFO AddIdentifyResult: 30090,013026540811,-1,
2017-04-07 15:24:09 INFO AddIdentifyResult: 30091,013081406072,-1,
2017-04-07 15:24:11 INFO AddIdentifyResult: 30090,013026540811,-3,
2017-04-07 15:24:14 INFO AddIdentifyResult: 30091,013081406072,-3,
2017-04-07 15:25:55 INFO AddIdentifyResult: 30091,013081406072,12,
2017-04-07 15:25:59 INFO AddIdentifyResult: 30090,013026540811,12,
2017-04-07 15:26:04 INFO AddIdentifyResult: 30091,013081406072,10,reg/013081406072_0407152636|reg/013081406072_0407152636|reg/013081406072_
2017-04-07 15:26:04 INFO UpdateUserState: 013081406072,1
2017-04-07 15:26:11 INFO AddIdentifyResult: 30090,013026540811,10,reg/013026540811_0407152633|reg/013026540811_0407152633|reg/013026540811_
2017-04-07 15:26:12 INFO UpdateUserState: 013026540811,1
2017-04-07 15:26:32 INFO AddIdentifyResult: 30092,013026540811,-1,
2017-04-07 15:26:39 INFO AddIdentifyResult: 30092,013026540811,-3,
2017-04-07 15:27:01 INFO AddIdentifyResult: 30093,013081406072,-1,
2017-04-07 15:27:06 INFO AddIdentifyResult: 30093,013081406072,-3,
2017-04-07 15:27:31 INFO AddIdentifyResult: 30092,013026540811,0,ver/04/07/152902_013026540811.wav
2017-04-07 15:27:58 INFO AddIdentifyResult: 30093,013081406072,0,ver/04/07/152929_013081406072.wav
2017-04-07 15:32:51 INFO AddIdentifyResult: 30094,013026542635,-1,
2017-04-07 15:32:58 INFO AddIdentifyResult: 30094,013026542635,-3,
2017-04-07 15:34:36 INFO AddIdentifyResult: 30094,013026542635,12,
2017-04-07 15:34:44 INFO AddIdentifyResult: 30094,013026542635,10,reg/013026542635_0407153521|reg/013026542635_0407153521|reg/013026542635_
2017-04-07 15:34:45 INFO UpdateUserState: 013026542635,1
2017-04-07 15:35:07 INFO AddIdentifyResult: 30095,013026542635,-1,
2017-04-07 15:35:14 INFO AddIdentifyResult: 30095,013026542635,-3,
2017-04-07 15:36:06 INFO AddIdentifyResult: 30095,013026542635,0,ver/04/07/153737_013026542635.wav
2017-04-07 16:59:05 INFO AddIdentifyResult: 30096,013287377950,-1,
2017-04-07 16:59:09 INFO AddIdentifyResult: 30096,013287377950,-3,
2017-04-07 17:00:51 INFO AddIdentifyResult: 30096,013287377950,12,
2017-04-07 17:00:58 INFO AddIdentifyResult: 30096,013287377950,10,reg/013287377950_0407170132|reg/013287377950_0407170132|reg/013287377950_
2017-04-07 17:00:58 INFO UpdateUserState: 013287377950,1
