2017-02-07 08:45:07 INFO AddIdentifyResult: 15404,013287379202,-1,
2017-02-07 08:45:14 INFO AddIdentifyResult: 15404,013287379202,-3,
2017-02-07 08:46:42 INFO AddIdentifyResult: 15404,013287379202,12,
2017-02-07 08:46:50 INFO AddIdentifyResult: 15404,013287379202,10,reg/013287379202_0207084717|reg/013287379202_0207084717|reg/013287379202_
2017-02-07 08:46:51 INFO UpdateUserState: 013287379202,1
2017-02-07 08:55:17 INFO AddIdentifyResult: 15405,013287379660,-1,
2017-02-07 08:55:23 INFO AddIdentifyResult: 15405,013287379660,-3,
2017-02-07 08:56:50 INFO AddIdentifyResult: 15405,013287379660,12,
2017-02-07 08:56:58 INFO AddIdentifyResult: 15405,013287379660,10,reg/013287379660_0207085726|reg/013287379660_0207085726|reg/013287379660_
2017-02-07 08:56:58 INFO UpdateUserState: 013287379660,1
2017-02-07 08:57:34 INFO AddIdentifyResult: 15406,013287379660,-1,
2017-02-07 08:57:39 INFO AddIdentifyResult: 15406,013287379660,-3,
2017-02-07 08:58:32 INFO AddIdentifyResult: 15406,013287379660,0,ver/02/07/085943_013287379660.wav
2017-02-07 09:05:40 INFO AddIdentifyResult: 15407,018107253297,-1,
2017-02-07 09:06:03 INFO AddIdentifyResult: 15407,018107253297,-3,
2017-02-07 09:07:55 INFO AddIdentifyResult: 15407,018107253297,12,
2017-02-07 09:08:02 INFO AddIdentifyResult: 15407,018107253297,10,reg/018107253297_0207090807|reg/018107253297_0207090807|reg/018107253297_
2017-02-07 09:08:02 INFO UpdateUserState: 018107253297,1
2017-02-07 09:08:03 INFO AddIdentifyResult: 15408,018107253297,-1,
2017-02-07 09:08:22 INFO AddIdentifyResult: 15408,018107253297,-3,
2017-02-07 09:09:14 INFO AddIdentifyResult: 15408,018107253297,0,ver/02/07/091026_018107253297.wav
2017-02-07 09:26:59 INFO AddIdentifyResult: 15409,013287379329,-1,
2017-02-07 09:28:30 INFO AddIdentifyResult: 15410,013287379329,-1,
2017-02-07 09:30:10 INFO AddIdentifyResult: 15411,013287379329,-1,
2017-02-07 09:31:21 INFO AddIdentifyResult: 15412,015572885079,-1,
2017-02-07 09:31:44 INFO AddIdentifyResult: 15412,015572885079,-3,
2017-02-07 09:33:37 INFO AddIdentifyResult: 15412,015572885079,12,
2017-02-07 09:33:44 INFO AddIdentifyResult: 15412,015572885079,10,reg/015572885079_0207093347|reg/015572885079_0207093347|reg/015572885079_
2017-02-07 09:33:44 INFO UpdateUserState: 015572885079,1
2017-02-07 09:34:01 INFO AddIdentifyResult: 15413,015572885079,-1,
2017-02-07 09:34:18 INFO AddIdentifyResult: 15413,015572885079,-3,
2017-02-07 09:35:09 INFO AddIdentifyResult: 15413,015572885079,0,ver/02/07/093621_015572885079.wav
2017-02-07 09:37:05 INFO AddIdentifyResult: 15414,013287379329,-1,
2017-02-07 09:37:11 INFO AddIdentifyResult: 15414,013287379329,-3,
2017-02-07 09:38:48 INFO AddIdentifyResult: 15414,013287379329,12,
2017-02-07 09:38:55 INFO AddIdentifyResult: 15414,013287379329,10,reg/013287379329_0207093914|reg/013287379329_0207093914|reg/013287379329_
2017-02-07 09:38:55 INFO UpdateUserState: 013287379329,1
2017-02-07 09:39:23 INFO AddIdentifyResult: 15415,013287379329,-1,
2017-02-07 09:39:30 INFO AddIdentifyResult: 15415,013287379329,-3,
2017-02-07 09:40:22 INFO AddIdentifyResult: 15415,013287379329,0,ver/02/07/094134_013287379329.wav
2017-02-07 09:51:12 INFO AddIdentifyResult: 15416,18972667005,-1,
2017-02-07 09:51:22 INFO AddIdentifyResult: 15416,18972667005,-3,
2017-02-07 09:54:09 INFO AddIdentifyResult: 15416,18972667005,12,
2017-02-07 09:54:20 INFO AddIdentifyResult: 15416,18972667005,10,reg/18972667005_0207095325|reg/18972667005_0207095325|reg/18972667005_
2017-02-07 09:54:20 INFO UpdateUserState: 18972667005,1
2017-02-07 09:56:54 INFO AddIdentifyResult: 0,18972667005,0,ver/02/07/095806_18972667005.wav
2017-02-07 10:31:47 INFO AddIdentifyResult: 15418,18071191212,-1,
2017-02-07 10:32:04 INFO AddIdentifyResult: 15418,18071191212,-3,
2017-02-07 10:32:15 INFO AddIdentifyResult: 15418,18071191212,11,reg/18071191212_|reg/18071191212_|reg/18071191212_
2017-02-07 10:41:53 INFO AddIdentifyResult: 15419,018107257487,-1,
2017-02-07 10:42:05 INFO AddIdentifyResult: 15419,018107257487,-3,
2017-02-07 10:43:59 INFO AddIdentifyResult: 15419,018107257487,12,
2017-02-07 10:44:07 INFO AddIdentifyResult: 15419,018107257487,10,reg/018107257487_0207104408|reg/018107257487_0207104408|reg/018107257487_
2017-02-07 10:44:07 INFO UpdateUserState: 018107257487,1
2017-02-07 10:44:34 INFO AddIdentifyResult: 15420,018107257487,-1,
2017-02-07 10:46:50 INFO AddIdentifyResult: 15421,018107257487,-1,
2017-02-07 10:47:01 INFO AddIdentifyResult: 15421,018107257487,-3,
2017-02-07 10:47:53 INFO AddIdentifyResult: 15421,018107257487,0,ver/02/07/104905_018107257487.wav
2017-02-07 10:48:50 INFO AddIdentifyResult: 15422,013297641677,-1,
2017-02-07 10:48:56 INFO AddIdentifyResult: 15422,013297641677,-3,
2017-02-07 10:51:43 INFO AddIdentifyResult: 15422,013297641677,12,
2017-02-07 10:51:50 INFO AddIdentifyResult: 15422,013297641677,10,reg/013297641677_0207105309|reg/013297641677_0207105309|reg/013297641677_0207105059
2017-02-07 10:51:50 INFO UpdateUserState: 013297641677,1
2017-02-07 10:52:00 INFO AddIdentifyResult: 15423,013297641677,-1,
2017-02-07 10:52:30 INFO AddIdentifyResult: 15423,013297641677,-3,
2017-02-07 10:53:22 INFO AddIdentifyResult: 15423,013297641677,0,ver/02/07/105434_013297641677.wav
2017-02-07 10:53:29 INFO AddIdentifyResult: 15424,18071191963,-1,
2017-02-07 11:05:34 INFO AddIdentifyResult: 15425,013477865742,-1,
2017-02-07 11:05:48 INFO AddIdentifyResult: 15425,013477865742,-3,
2017-02-07 11:08:02 INFO AddIdentifyResult: 15425,013477865742,12,
2017-02-07 11:08:12 INFO AddIdentifyResult: 15425,013477865742,10,reg/013477865742_0207110752|reg/013477865742_0207110752|reg/013477865742_
2017-02-07 11:08:12 INFO UpdateUserState: 013477865742,1
2017-02-07 11:09:21 INFO AddIdentifyResult: 15426,013477865742,-1,
2017-02-07 11:09:31 INFO AddIdentifyResult: 15426,013477865742,-3,
2017-02-07 11:10:24 INFO AddIdentifyResult: 15426,013477865742,0,ver/02/07/111135_013477865742.wav
2017-02-07 11:11:50 INFO AddIdentifyResult: 15427,013197012582,-1,
2017-02-07 11:12:10 INFO AddIdentifyResult: 15427,013197012582,-3,
2017-02-07 11:13:58 INFO AddIdentifyResult: 15427,013197012582,11,reg/013197012582_|reg/013197012582_|reg/013197012582_
2017-02-07 11:15:03 INFO AddIdentifyResult: 15428,013197012582,-1,
2017-02-07 11:16:01 INFO AddIdentifyResult: 15429,013197012582,-1,
2017-02-07 11:16:16 INFO AddIdentifyResult: 15429,013197012582,-3,
2017-02-07 11:17:51 INFO AddIdentifyResult: 15429,013197012582,12,
2017-02-07 11:17:58 INFO AddIdentifyResult: 15429,013197012582,10,reg/013197012582_0207111820|reg/013197012582_0207111820|reg/013197012582_
2017-02-07 11:17:59 INFO UpdateUserState: 013197012582,1
2017-02-07 11:18:24 INFO AddIdentifyResult: 15430,013197012582,-1,
2017-02-07 11:18:34 INFO AddIdentifyResult: 15430,013197012582,-3,
2017-02-07 11:19:26 INFO AddIdentifyResult: 15430,013197012582,0,ver/02/07/112038_013197012582.wav
2017-02-07 11:43:46 INFO AddIdentifyResult: 15431,015572885861,-1,
2017-02-07 11:43:56 INFO AddIdentifyResult: 15431,015572885861,-3,
2017-02-07 11:45:49 INFO AddIdentifyResult: 15431,015572885861,12,
2017-02-07 11:45:56 INFO AddIdentifyResult: 15431,015572885861,10,reg/015572885861_0207114722|reg/015572885861_0207114722|reg/015572885861_0207114600
2017-02-07 11:45:56 INFO UpdateUserState: 015572885861,1
2017-02-07 11:46:02 INFO AddIdentifyResult: 15432,015572885861,-1,
2017-02-07 11:46:14 INFO AddIdentifyResult: 15432,015572885861,-3,
2017-02-07 11:47:07 INFO AddIdentifyResult: 15432,015572885861,0,ver/02/07/114819_015572885861.wav
2017-02-07 11:47:44 INFO AddIdentifyResult: 0,18972667005,1,
2017-02-07 11:48:03 INFO AddIdentifyResult: 0,18972667005,1,
2017-02-07 13:55:41 INFO AddIdentifyResult: 15434,013665468398,-1,
2017-02-07 13:56:22 INFO AddIdentifyResult: 15434,013665468398,-3,
2017-02-07 13:58:20 INFO AddIdentifyResult: 15434,013665468398,12,
2017-02-07 13:58:26 INFO AddIdentifyResult: 15434,013665468398,10,reg/013665468398_0207135827|reg/013665468398_0207135827|reg/013665468398_
2017-02-07 13:58:26 INFO UpdateUserState: 013665468398,1
2017-02-07 13:58:54 INFO AddIdentifyResult: 15435,013245465818,-1,
2017-02-07 13:59:03 INFO AddIdentifyResult: 15435,013245465818,-3,
2017-02-07 14:01:01 INFO AddIdentifyResult: 15435,013245465818,12,
2017-02-07 14:01:09 INFO AddIdentifyResult: 15435,013245465818,10,reg/013245465818_0207140107|reg/013245465818_0207140107|reg/013245465818_
2017-02-07 14:01:09 INFO UpdateUserState: 013245465818,1
2017-02-07 14:23:16 INFO AddIdentifyResult: 15436,013287378861,-1,
2017-02-07 14:23:25 INFO AddIdentifyResult: 15436,013287378861,-3,
2017-02-07 14:25:45 INFO AddIdentifyResult: 15436,013287378861,11,reg/013287378861_|reg/013287378861_|reg/013287378861_
2017-02-07 14:26:06 INFO AddIdentifyResult: 15437,013475279839,-1,
2017-02-07 14:26:18 INFO AddIdentifyResult: 15437,013475279839,-3,
2017-02-07 14:29:21 INFO AddIdentifyResult: 15437,013475279839,12,
2017-02-07 14:29:27 INFO AddIdentifyResult: 15437,013475279839,10,reg/013475279839_0207143049|reg/013475279839_0207143049|reg/013475279839_0207142823
2017-02-07 14:29:27 INFO UpdateUserState: 013475279839,1
2017-02-07 14:29:51 INFO AddIdentifyResult: 15438,013287378831,-1,
2017-02-07 14:30:01 INFO AddIdentifyResult: 15438,013287378831,-3,
2017-02-07 14:32:25 INFO AddIdentifyResult: 15438,013287378831,12,
2017-02-07 14:32:32 INFO AddIdentifyResult: 15438,013287378831,10,reg/013287378831_0207143351|reg/013287378831_0207143351|reg/013287378831_0207143205
2017-02-07 14:32:33 INFO UpdateUserState: 013287378831,1
2017-02-07 14:32:45 INFO AddIdentifyResult: 15439,013287378861,-1,
2017-02-07 14:32:55 INFO AddIdentifyResult: 15439,013287378861,-3,
2017-02-07 14:35:37 INFO AddIdentifyResult: 15439,013287378861,12,
2017-02-07 14:35:43 INFO AddIdentifyResult: 15439,013287378861,10,reg/013287378861_0207143657|reg/013287378861_0207143657|reg/013287378861_0207143459
2017-02-07 14:35:44 INFO UpdateUserState: 013287378861,1
2017-02-07 14:36:10 INFO AddIdentifyResult: 15440,013475279839,-1,
2017-02-07 14:36:19 INFO AddIdentifyResult: 15440,013475279839,-3,
2017-02-07 14:37:10 INFO AddIdentifyResult: 15440,013475279839,0,ver/02/07/143824_013475279839.wav
2017-02-07 14:38:45 INFO AddIdentifyResult: 15441,013287378831,-1,
2017-02-07 14:39:17 INFO AddIdentifyResult: 15441,013287378831,-3,
2017-02-07 14:42:41 INFO AddIdentifyResult: 15442,013287378831,-1,
2017-02-07 14:42:51 INFO AddIdentifyResult: 15442,013287378831,-3,
2017-02-07 14:43:28 INFO AddIdentifyResult: 15443,013092784393,-1,
2017-02-07 14:43:44 INFO AddIdentifyResult: 15443,013092784393,-3,
2017-02-07 14:44:12 INFO AddIdentifyResult: 15444,013092784393,-1,
2017-02-07 14:44:12 INFO AddIdentifyResult: 15443,013092784393,11,reg/013092784393_|reg/013092784393_|reg/013092784393_
2017-02-07 14:44:44 INFO AddIdentifyResult: 15445,013092784393,-1,
2017-02-07 14:44:54 INFO AddIdentifyResult: 15445,013092784393,-3,
2017-02-07 14:46:21 INFO AddIdentifyResult: 15446,013287378831,-1,
2017-02-07 14:46:29 INFO AddIdentifyResult: 15446,013287378831,-3,
2017-02-07 14:46:53 INFO AddIdentifyResult: 15445,013092784393,12,
2017-02-07 14:47:01 INFO AddIdentifyResult: 15445,013092784393,10,reg/013092784393_0207144817|reg/013092784393_0207144817|reg/013092784393_0207144658
2017-02-07 14:47:01 INFO UpdateUserState: 013092784393,1
2017-02-07 14:47:13 INFO AddIdentifyResult: 15447,013092784393,-1,
2017-02-07 14:47:23 INFO AddIdentifyResult: 15447,013092784393,-3,
2017-02-07 14:47:36 INFO AddIdentifyResult: 15448,013287378861,-1,
2017-02-07 14:47:45 INFO AddIdentifyResult: 15448,013287378861,-3,
2017-02-07 14:48:15 INFO AddIdentifyResult: 15447,013092784393,0,ver/02/07/144928_013092784393.wav
2017-02-07 14:48:36 INFO AddIdentifyResult: 15448,013287378861,1,ver/02/07/144950_013287378861.wav
2017-02-07 15:01:01 INFO AddIdentifyResult: 15449,013287378831,-1,
2017-02-07 15:01:10 INFO AddIdentifyResult: 15449,013287378831,-3,
2017-02-07 15:05:00 INFO AddIdentifyResult: 15449,013287378831,11,reg/013287378831_|reg/013287378831_|reg/013287378831_
2017-02-07 15:05:08 INFO AddIdentifyResult: 15450,013287378831,-1,
2017-02-07 15:05:16 INFO AddIdentifyResult: 15450,013287378831,-3,
2017-02-07 15:08:08 INFO AddIdentifyResult: 15450,013287378831,12,
2017-02-07 15:08:15 INFO AddIdentifyResult: 15450,013287378831,10,reg/013287378831_0207150721|reg/013287378831_0207150721|reg/013287378831_
2017-02-07 15:08:16 INFO UpdateUserState: 013287378831,1
2017-02-07 15:08:27 INFO AddIdentifyResult: 15451,013287378831,-1,
2017-02-07 15:08:36 INFO AddIdentifyResult: 15451,013287378831,-3,
2017-02-07 15:09:28 INFO AddIdentifyResult: 15451,013287378831,0,ver/02/07/151041_013287378831.wav
2017-02-07 15:14:01 INFO AddIdentifyResult: 15452,013287378861,-1,
2017-02-07 15:14:10 INFO AddIdentifyResult: 15452,013287378861,-3,
2017-02-07 15:16:56 INFO AddIdentifyResult: 15452,013287378861,12,
2017-02-07 15:17:03 INFO AddIdentifyResult: 15452,013287378861,10,reg/013287378861_0207151817|reg/013287378861_0207151817|reg/013287378861_0207151614
2017-02-07 15:17:03 INFO UpdateUserState: 013287378861,1
2017-02-07 15:17:11 INFO AddIdentifyResult: 15453,013287378861,-1,
2017-02-07 15:17:17 INFO AddIdentifyResult: 15453,013287378861,-3,
2017-02-07 15:18:08 INFO AddIdentifyResult: 15453,013287378861,0,ver/02/07/151922_013287378861.wav
2017-02-07 15:56:39 INFO AddIdentifyResult: 15454,015572884658,-1,
2017-02-07 15:56:48 INFO AddIdentifyResult: 15454,015572884658,-3,
2017-02-07 15:58:41 INFO AddIdentifyResult: 15454,015572884658,12,
2017-02-07 15:58:50 INFO AddIdentifyResult: 15454,015572884658,10,reg/015572884658_0207155853|reg/015572884658_0207155853|reg/015572884658_
2017-02-07 15:58:50 INFO UpdateUserState: 015572884658,1
2017-02-07 15:59:22 INFO AddIdentifyResult: 15455,015572884658,-1,
2017-02-07 15:59:31 INFO AddIdentifyResult: 15455,015572884658,-3,
2017-02-07 16:00:23 INFO AddIdentifyResult: 15455,015572884658,0,ver/02/07/160136_015572884658.wav
2017-02-07 16:15:49 INFO AddIdentifyResult: 15456,018171964906,-1,
2017-02-07 16:16:01 INFO AddIdentifyResult: 15456,018171964906,-3,
2017-02-07 16:19:09 INFO AddIdentifyResult: 15456,018171964906,11,reg/018171964906_|reg/018171964906_|reg/018171964906_
2017-02-07 16:19:59 INFO AddIdentifyResult: 15457,018171964906,-1,
2017-02-07 16:20:14 INFO AddIdentifyResult: 15457,018171964906,-3,
2017-02-07 16:22:51 INFO AddIdentifyResult: 15457,018171964906,11,reg/018171964906_|reg/018171964906_|reg/018171964906_
2017-02-07 16:24:06 INFO AddIdentifyResult: 15458,018171964906,-1,
2017-02-07 16:24:28 INFO AddIdentifyResult: 15459,018171964906,-1,
2017-02-07 16:24:40 INFO AddIdentifyResult: 15459,018171964906,-3,
2017-02-07 16:26:50 INFO AddIdentifyResult: 15459,018171964906,12,
2017-02-07 16:26:57 INFO AddIdentifyResult: 15459,018171964906,10,reg/018171964906_0207162808|reg/018171964906_0207162808|reg/018171964906_0207162644
2017-02-07 16:26:57 INFO UpdateUserState: 018171964906,1
2017-02-07 16:27:05 INFO AddIdentifyResult: 15460,018171964906,-1,
2017-02-07 16:27:14 INFO AddIdentifyResult: 15460,018171964906,-3,
2017-02-07 16:28:05 INFO AddIdentifyResult: 15460,018171964906,0,ver/02/07/162919_018171964906.wav
