2017-02-09 08:48:44 INFO AddIdentifyResult: 15490,15387216497,-1,
2017-02-09 09:54:27 INFO AddIdentifyResult: 15491,015572883459,-1,
2017-02-09 09:54:48 INFO AddIdentifyResult: 15491,015572883459,-3,
2017-02-09 09:57:46 INFO AddIdentifyResult: 15491,015572883459,12,
2017-02-09 09:57:55 INFO AddIdentifyResult: 15491,015572883459,10,reg/015572883459_0209095700|reg/015572883459_0209095700|reg/015572883459_
2017-02-09 09:57:55 INFO UpdateUserState: 015572883459,1
2017-02-09 09:58:03 INFO AddIdentifyResult: 15492,015572883459,-1,
2017-02-09 09:58:14 INFO AddIdentifyResult: 15492,015572883459,-3,
2017-02-09 09:59:06 INFO AddIdentifyResult: 15492,015572883459,0,ver/02/09/100027_015572883459.wav
2017-02-09 10:13:41 INFO AddIdentifyResult: 15493,015572889521,-1,
2017-02-09 10:13:50 INFO AddIdentifyResult: 15493,015572889521,-3,
2017-02-09 10:16:08 INFO AddIdentifyResult: 15493,015572889521,11,reg/015572889521_|reg/015572889521_|reg/015572889521_
2017-02-09 10:16:44 INFO AddIdentifyResult: 15494,015572889521,-1,
2017-02-09 10:16:52 INFO AddIdentifyResult: 15494,015572889521,-3,
2017-02-09 10:19:32 INFO AddIdentifyResult: 15494,015572889521,12,
2017-02-09 10:19:41 INFO AddIdentifyResult: 15494,015572889521,10,reg/015572889521_0209101904|reg/015572889521_0209101904|reg/015572889521_
2017-02-09 10:19:42 INFO UpdateUserState: 015572889521,1
2017-02-09 10:20:02 INFO AddIdentifyResult: 15495,015572889521,-1,
2017-02-09 10:20:11 INFO AddIdentifyResult: 15495,015572889521,-3,
2017-02-09 10:20:55 INFO AddIdentifyResult: 15496,013245461102,-1,
2017-02-09 10:21:02 INFO AddIdentifyResult: 15495,015572889521,0,ver/02/09/102223_015572889521.wav
2017-02-09 10:21:04 INFO AddIdentifyResult: 15496,013245461102,-3,
2017-02-09 10:23:02 INFO AddIdentifyResult: 15496,013245461102,12,
2017-02-09 10:23:12 INFO AddIdentifyResult: 15496,013245461102,10,reg/013245461102_0209102317|reg/013245461102_0209102317|reg/013245461102_
2017-02-09 10:23:12 INFO UpdateUserState: 013245461102,1
2017-02-09 10:24:09 INFO AddIdentifyResult: 15497,013245461102,-1,
2017-02-09 10:24:17 INFO AddIdentifyResult: 15497,013245461102,-3,
2017-02-09 10:25:09 INFO AddIdentifyResult: 15497,013245461102,1,ver/02/09/102630_013245461102.wav
2017-02-09 10:25:18 INFO AddIdentifyResult: 15498,013245461102,-1,
2017-02-09 10:25:35 INFO AddIdentifyResult: 15498,013245461102,-3,
2017-02-09 10:26:26 INFO AddIdentifyResult: 15498,013245461102,1,ver/02/09/102747_013245461102.wav
2017-02-09 10:27:21 INFO AddIdentifyResult: 15499,013245461102,-1,
2017-02-09 10:27:28 INFO AddIdentifyResult: 15499,013245461102,-3,
2017-02-09 10:28:21 INFO AddIdentifyResult: 15499,013245461102,0,ver/02/09/102941_013245461102.wav
2017-02-09 10:36:54 INFO AddIdentifyResult: 15500,013245460578,-1,
2017-02-09 10:37:14 INFO AddIdentifyResult: 15500,013245460578,-3,
2017-02-09 10:39:13 INFO AddIdentifyResult: 15500,013245460578,12,
2017-02-09 10:39:21 INFO AddIdentifyResult: 15500,013245460578,10,reg/013245460578_0209103927|reg/013245460578_0209103927|reg/013245460578_
2017-02-09 10:39:21 INFO UpdateUserState: 013245460578,1
2017-02-09 10:39:52 INFO AddIdentifyResult: 15501,013245460578,-1,
2017-02-09 10:40:00 INFO AddIdentifyResult: 15501,013245460578,-3,
2017-02-09 10:40:52 INFO AddIdentifyResult: 15501,013245460578,0,ver/02/09/104213_013245460578.wav
2017-02-09 10:59:05 INFO AddIdentifyResult: 15502,013287332580,-1,
2017-02-09 10:59:22 INFO AddIdentifyResult: 15502,013287332580,-3,
2017-02-09 11:01:07 INFO AddIdentifyResult: 15502,013287332580,12,
2017-02-09 11:01:17 INFO AddIdentifyResult: 15502,013287332580,10,reg/013287332580_0209110135|reg/013287332580_0209110135|reg/013287332580_
2017-02-09 11:01:17 INFO UpdateUserState: 013287332580,1
2017-02-09 11:01:28 INFO AddIdentifyResult: 15503,013287332580,-1,
2017-02-09 11:01:44 INFO AddIdentifyResult: 15503,013287332580,-3,
2017-02-09 11:02:37 INFO AddIdentifyResult: 15503,013287332580,0,ver/02/09/110357_013287332580.wav
2017-02-09 11:03:17 INFO AddIdentifyResult: 15504,013287325509,-1,
2017-02-09 11:03:28 INFO AddIdentifyResult: 15504,013287325509,-3,
2017-02-09 11:05:01 INFO AddIdentifyResult: 15504,013287325509,12,
2017-02-09 11:05:08 INFO AddIdentifyResult: 15504,013287325509,10,reg/013287325509_0209110541|reg/013287325509_0209110541|reg/013287325509_
2017-02-09 11:05:09 INFO UpdateUserState: 013287325509,1
2017-02-09 11:05:47 INFO AddIdentifyResult: 15505,013287325509,-1,
2017-02-09 11:06:06 INFO AddIdentifyResult: 15505,013287325509,-3,
2017-02-09 11:06:59 INFO AddIdentifyResult: 15505,013287325509,0,ver/02/09/110819_013287325509.wav
2017-02-09 11:12:03 INFO AddIdentifyResult: 15506,013054614828,-1,
2017-02-09 11:12:16 INFO AddIdentifyResult: 15506,013054614828,-3,
2017-02-09 11:14:15 INFO AddIdentifyResult: 15506,013054614828,12,
2017-02-09 11:14:25 INFO AddIdentifyResult: 15506,013054614828,10,reg/013054614828_0209111429|reg/013054614828_0209111429|reg/013054614828_
2017-02-09 11:14:25 INFO UpdateUserState: 013054614828,1
2017-02-09 11:14:32 INFO AddIdentifyResult: 15507,013054614828,-1,
2017-02-09 11:14:41 INFO AddIdentifyResult: 15507,013054614828,-3,
2017-02-09 11:14:48 INFO AddIdentifyResult: 15508,015572880823,-1,
2017-02-09 11:14:56 INFO AddIdentifyResult: 15508,015572880823,-3,
2017-02-09 11:15:34 INFO AddIdentifyResult: 15507,013054614828,0,ver/02/09/111654_013054614828.wav
2017-02-09 11:17:18 INFO AddIdentifyResult: 15508,015572880823,11,reg/015572880823_|reg/015572880823_|reg/015572880823_
2017-02-09 11:17:26 INFO AddIdentifyResult: 15509,015572880823,-1,
2017-02-09 11:17:34 INFO AddIdentifyResult: 15509,015572880823,-3,
2017-02-09 11:19:53 INFO AddIdentifyResult: 15509,015572880823,12,
2017-02-09 11:20:02 INFO AddIdentifyResult: 15509,015572880823,10,reg/015572880823_0209111946|reg/015572880823_0209111946|reg/015572880823_
2017-02-09 11:20:03 INFO UpdateUserState: 015572880823,1
2017-02-09 11:20:07 INFO AddIdentifyResult: 15510,015572880823,-1,
2017-02-09 11:20:15 INFO AddIdentifyResult: 15510,015572880823,-3,
2017-02-09 11:21:07 INFO AddIdentifyResult: 15510,015572880823,0,ver/02/09/112228_015572880823.wav
2017-02-09 11:46:11 INFO AddIdentifyResult: 15511,015572881576,-1,
2017-02-09 11:46:25 INFO AddIdentifyResult: 15511,015572881576,-3,
2017-02-09 11:47:57 INFO AddIdentifyResult: 15511,015572881576,12,
2017-02-09 11:48:05 INFO AddIdentifyResult: 15511,015572881576,10,reg/015572881576_0209114837|reg/015572881576_0209114837|reg/015572881576_
2017-02-09 11:48:05 INFO UpdateUserState: 015572881576,1
2017-02-09 11:48:11 INFO AddIdentifyResult: 15512,015572881576,-1,
2017-02-09 11:48:18 INFO AddIdentifyResult: 15512,015572881576,-3,
2017-02-09 11:49:11 INFO AddIdentifyResult: 15512,015572881576,0,ver/02/09/115031_015572881576.wav
2017-02-09 12:03:34 INFO AddIdentifyResult: 15513,013297640511,-1,
2017-02-09 12:03:47 INFO AddIdentifyResult: 15513,013297640511,-3,
2017-02-09 12:05:24 INFO AddIdentifyResult: 15513,013297640511,12,
2017-02-09 12:05:33 INFO AddIdentifyResult: 15513,013297640511,10,reg/013297640511_0209120600|reg/013297640511_0209120600|reg/013297640511_
2017-02-09 12:05:33 INFO UpdateUserState: 013297640511,1
2017-02-09 12:05:56 INFO AddIdentifyResult: 15514,013297640511,-1,
2017-02-09 12:06:17 INFO AddIdentifyResult: 15514,013297640511,-3,
2017-02-09 12:07:09 INFO AddIdentifyResult: 15514,013297640511,0,ver/02/09/120830_013297640511.wav
2017-02-09 14:25:30 INFO AddIdentifyResult: 15515,018107257746,-1,
2017-02-09 14:25:45 INFO AddIdentifyResult: 15515,018107257746,-3,
2017-02-09 14:26:51 INFO AddIdentifyResult: 15516,013287330280,-1,
2017-02-09 14:27:07 INFO AddIdentifyResult: 15516,013287330280,-3,
2017-02-09 14:27:38 INFO AddIdentifyResult: 15515,018107257746,12,
2017-02-09 14:27:47 INFO AddIdentifyResult: 15515,018107257746,10,reg/018107257746_0209142758|reg/018107257746_0209142758|reg/018107257746_
2017-02-09 14:27:47 INFO UpdateUserState: 018107257746,1
2017-02-09 14:28:03 INFO AddIdentifyResult: 15517,018107257746,-1,
2017-02-09 14:28:14 INFO AddIdentifyResult: 15517,018107257746,-3,
2017-02-09 14:29:06 INFO AddIdentifyResult: 15517,018107257746,0,ver/02/09/143028_018107257746.wav
2017-02-09 14:29:24 INFO AddIdentifyResult: 15516,013287330280,12,
2017-02-09 14:29:32 INFO AddIdentifyResult: 15516,013287330280,10,reg/013287330280_0209142920|reg/013287330280_0209142920|reg/013287330280_
2017-02-09 14:29:33 INFO UpdateUserState: 013287330280,1
2017-02-09 14:29:36 INFO AddIdentifyResult: 15518,013287330280,-1,
2017-02-09 14:29:46 INFO AddIdentifyResult: 15518,013287330280,-3,
2017-02-09 14:30:37 INFO AddIdentifyResult: 15518,013287330280,1,ver/02/09/143159_013287330280.wav
2017-02-09 14:30:48 INFO AddIdentifyResult: 15519,013287330280,-1,
2017-02-09 14:31:35 INFO AddIdentifyResult: 15518,013287330280,2,ver/02/09/143255_013287330280.wav
2017-02-09 14:32:18 INFO AddIdentifyResult: 15520,013287330280,-1,
2017-02-09 14:32:25 INFO AddIdentifyResult: 15520,013287330280,-3,
2017-02-09 14:33:16 INFO AddIdentifyResult: 15520,013287330280,1,ver/02/09/143438_013287330280.wav
2017-02-09 14:34:30 INFO AddIdentifyResult: 15521,013287330280,-1,
2017-02-09 14:34:40 INFO AddIdentifyResult: 15521,013287330280,-3,
2017-02-09 14:34:47 INFO AddIdentifyResult: 15522,018107256037,-1,
2017-02-09 14:35:02 INFO AddIdentifyResult: 15523,018107256037,-1,
2017-02-09 14:35:10 INFO AddIdentifyResult: 15522,018107256037,-3,
2017-02-09 14:35:54 INFO AddIdentifyResult: 15524,018107256037,-1,
2017-02-09 14:35:57 INFO AddIdentifyResult: 15522,018107256037,11,reg/018107256037_|reg/018107256037_|reg/018107256037_
2017-02-09 14:36:15 INFO AddIdentifyResult: 15524,018107256037,-3,
2017-02-09 14:36:47 INFO AddIdentifyResult: 15521,013287330280,12,
2017-02-09 14:36:54 INFO AddIdentifyResult: 15521,013287330280,10,reg/013287330280_0209143654|reg/013287330280_0209143654|reg/013287330280_
2017-02-09 14:36:55 INFO UpdateUserState: 013287330280,1
2017-02-09 14:37:10 INFO AddIdentifyResult: 15525,013287330280,-1,
2017-02-09 14:37:16 INFO AddIdentifyResult: 15525,013287330280,-3,
2017-02-09 14:38:08 INFO AddIdentifyResult: 15525,013287330280,0,ver/02/09/143930_013287330280.wav
2017-02-09 14:38:18 INFO AddIdentifyResult: 15524,018107256037,12,
2017-02-09 14:38:26 INFO AddIdentifyResult: 15524,018107256037,10,reg/018107256037_0209143828|reg/018107256037_0209143828|reg/018107256037_
2017-02-09 14:38:26 INFO UpdateUserState: 018107256037,1
2017-02-09 14:38:34 INFO AddIdentifyResult: 15526,018107256037,-1,
2017-02-09 14:38:42 INFO AddIdentifyResult: 15526,018107256037,-3,
2017-02-09 14:39:34 INFO AddIdentifyResult: 15526,018107256037,0,ver/02/09/144055_018107256037.wav
2017-02-09 14:39:36 INFO AddIdentifyResult: 15527,015006858382,-1,
2017-02-09 14:39:50 INFO AddIdentifyResult: 15527,015006858382,-3,
2017-02-09 14:41:52 INFO AddIdentifyResult: 15527,015006858382,12,
2017-02-09 14:42:00 INFO AddIdentifyResult: 15527,015006858382,10,reg/015006858382_0209144212|reg/015006858382_0209144212|reg/015006858382_
2017-02-09 14:42:01 INFO UpdateUserState: 015006858382,1
2017-02-09 14:42:08 INFO AddIdentifyResult: 15528,015006858382,-1,
2017-02-09 14:42:20 INFO AddIdentifyResult: 15528,015006858382,-3,
2017-02-09 14:43:30 INFO AddIdentifyResult: 15528,015006858382,0,ver/02/09/144451_015006858382.wav
2017-02-09 14:45:33 INFO AddIdentifyResult: 15529,15327078259,-1,
2017-02-09 14:45:47 INFO AddIdentifyResult: 15529,15327078259,-3,
2017-02-09 14:45:57 INFO AddIdentifyResult: 15529,15327078259,1,
2017-02-09 14:46:32 INFO AddIdentifyResult: 15530,15327570671,-1,
2017-02-09 16:22:17 INFO AddIdentifyResult: 15531,015572881803,-1,
2017-02-09 16:22:26 INFO AddIdentifyResult: 15531,015572881803,-3,
2017-02-09 16:24:08 INFO AddIdentifyResult: 15531,015572881803,12,
2017-02-09 16:24:16 INFO AddIdentifyResult: 15531,015572881803,10,reg/015572881803_0209162440|reg/015572881803_0209162440|reg/015572881803_
2017-02-09 16:24:16 INFO UpdateUserState: 015572881803,1
2017-02-09 16:24:25 INFO AddIdentifyResult: 15532,015572881803,-1,
2017-02-09 16:24:32 INFO AddIdentifyResult: 15532,015572881803,-3,
2017-02-09 16:25:20 INFO AddIdentifyResult: 15532,015572881803,0,ver/02/09/162646_015572881803.wav
