2017-01-07 08:49:44 INFO AddIdentifyResult: 12820,013280317523,-1,
2017-01-07 08:50:10 INFO AddIdentifyResult: 12820,013280317523,-3,
2017-01-07 08:51:57 INFO AddIdentifyResult: 12820,013280317523,12,
2017-01-07 08:52:04 INFO AddIdentifyResult: 12820,013280317523,10,reg/013280317523_0107085157|reg/013280317523_0107085157|reg/013280317523_
2017-01-07 08:52:04 INFO UpdateUserState: 013280317523,1
2017-01-07 08:58:28 INFO AddIdentifyResult: 12821,013563370078,-1,
2017-01-07 08:58:43 INFO AddIdentifyResult: 12821,013563370078,-3,
2017-01-07 09:00:24 INFO AddIdentifyResult: 12821,013563370078,12,
2017-01-07 09:00:32 INFO AddIdentifyResult: 12821,013563370078,10,reg/013563370078_0107090030|reg/013563370078_0107090030|reg/013563370078_
2017-01-07 09:00:32 INFO UpdateUserState: 013563370078,1
2017-01-07 09:00:39 INFO AddIdentifyResult: 12822,013280317532,-1,
2017-01-07 09:00:48 INFO AddIdentifyResult: 12822,013280317532,-3,
2017-01-07 09:02:44 INFO AddIdentifyResult: 12822,013280317532,12,
2017-01-07 09:02:52 INFO AddIdentifyResult: 12822,013280317532,10,reg/013280317532_0107090235|reg/013280317532_0107090235|reg/013280317532_
2017-01-07 09:02:53 INFO UpdateUserState: 013280317532,1
2017-01-07 09:06:06 INFO AddIdentifyResult: 12823,01328032026,-1,
2017-01-07 09:06:41 INFO AddIdentifyResult: 12824,013280320261,-1,
2017-01-07 09:09:07 INFO AddIdentifyResult: 12825,013280320261,-1,
2017-01-07 09:09:21 INFO AddIdentifyResult: 12825,013280320261,-3,
2017-01-07 09:11:53 INFO AddIdentifyResult: 12825,013280320261,12,
2017-01-07 09:11:53 INFO AddIdentifyResult: 12826,013280370793,-1,
2017-01-07 09:11:59 INFO AddIdentifyResult: 12825,013280320261,10,reg/013280320261_0107091309|reg/013280320261_0107091309|reg/013280320261_0107091108
2017-01-07 09:11:59 INFO UpdateUserState: 013280320261,1
2017-01-07 09:11:59 INFO AddIdentifyResult: 12826,013280370793,-3,
2017-01-07 09:13:32 INFO AddIdentifyResult: 12826,013280370793,12,
2017-01-07 09:13:38 INFO AddIdentifyResult: 12826,013280370793,10,reg/013280370793_0107091346|reg/013280370793_0107091346|reg/013280370793_
2017-01-07 09:13:38 INFO UpdateUserState: 013280370793,1
2017-01-07 09:13:42 INFO AddIdentifyResult: 12827,013954695413,-1,
2017-01-07 09:13:49 INFO AddIdentifyResult: 12827,013954695413,-3,
2017-01-07 09:15:27 INFO AddIdentifyResult: 12827,013954695413,12,
2017-01-07 09:15:33 INFO AddIdentifyResult: 12827,013954695413,10,reg/013954695413_0107091649|reg/013954695413_0107091649|reg/013954695413_0107091536
2017-01-07 09:15:34 INFO UpdateUserState: 013954695413,1
2017-01-07 09:19:29 INFO AddIdentifyResult: 12828,013230317636,-1,
2017-01-07 09:20:21 INFO AddIdentifyResult: 12829,013280317636,-1,
2017-01-07 09:20:31 INFO AddIdentifyResult: 12829,013280317636,-3,
2017-01-07 09:21:14 INFO AddIdentifyResult: 12830,013280370827,-1,
2017-01-07 09:21:45 INFO AddIdentifyResult: 12831,013280370827,-1,
2017-01-07 09:22:55 INFO AddIdentifyResult: 12832,013280370827,-1,
2017-01-07 09:23:00 INFO AddIdentifyResult: 12832,013280370827,-3,
2017-01-07 09:23:00 INFO AddIdentifyResult: 12829,013280317636,12,
2017-01-07 09:23:06 INFO AddIdentifyResult: 12829,013280317636,10,reg/013280317636_0107092418|reg/013280317636_0107092418|reg/013280317636_0107092218
2017-01-07 09:23:07 INFO UpdateUserState: 013280317636,1
2017-01-07 09:25:04 INFO AddIdentifyResult: 12832,013280370827,12,
2017-01-07 09:25:14 INFO AddIdentifyResult: 12832,013280370827,10,reg/013280370827_0107092447|reg/013280370827_0107092447|reg/013280370827_
2017-01-07 09:25:15 INFO UpdateUserState: 013280370827,1
2017-01-07 09:27:48 INFO AddIdentifyResult: 12833,013280320073,-1,
2017-01-07 09:28:02 INFO AddIdentifyResult: 12833,013280320073,-3,
2017-01-07 09:29:36 INFO AddIdentifyResult: 12834,013280371103,-1,
2017-01-07 09:29:36 INFO AddIdentifyResult: 12833,013280320073,12,
2017-01-07 09:29:43 INFO AddIdentifyResult: 12833,013280320073,10,reg/013280320073_0107092949|reg/013280320073_0107092949|reg/013280320073_
2017-01-07 09:29:44 INFO UpdateUserState: 013280320073,1
2017-01-07 09:29:53 INFO AddIdentifyResult: 12835,013181864903,-1,
2017-01-07 09:29:59 INFO AddIdentifyResult: 12835,013181864903,-3,
2017-01-07 09:32:27 INFO AddIdentifyResult: 12835,013181864903,12,
2017-01-07 09:32:34 INFO AddIdentifyResult: 12835,013181864903,10,reg/013181864903_0107093146|reg/013181864903_0107093146|reg/013181864903_
2017-01-07 09:32:35 INFO UpdateUserState: 013181864903,1
2017-01-07 09:32:35 INFO AddIdentifyResult: 12836,013280371103,-1,
2017-01-07 09:32:40 INFO AddIdentifyResult: 12836,013280371103,-3,
2017-01-07 09:32:44 INFO AddIdentifyResult: 12837,013280320798,-1,
2017-01-07 09:32:57 INFO AddIdentifyResult: 12837,013280320798,-3,
2017-01-07 09:34:31 INFO AddIdentifyResult: 12836,013280371103,12,
2017-01-07 09:34:39 INFO AddIdentifyResult: 12836,013280371103,10,reg/013280371103_0107093427|reg/013280371103_0107093427|reg/013280371103_
2017-01-07 09:34:40 INFO UpdateUserState: 013280371103,1
2017-01-07 09:35:25 INFO AddIdentifyResult: 12837,013280320798,12,
2017-01-07 09:35:36 INFO AddIdentifyResult: 12837,013280320798,10,reg/013280320798_0107093444|reg/013280320798_0107093444|reg/013280320798_
2017-01-07 09:35:36 INFO UpdateUserState: 013280320798,1
2017-01-07 09:36:09 INFO AddIdentifyResult: 12838,015990989725,-1,
2017-01-07 09:37:00 INFO AddIdentifyResult: 12839,015990989725,-1,
2017-01-07 09:37:09 INFO AddIdentifyResult: 12840,013280371691,-1,
2017-01-07 09:38:51 INFO AddIdentifyResult: 12841,015990989725,-1,
2017-01-07 09:40:00 INFO AddIdentifyResult: 12842,013280371691,-1,
2017-01-07 09:40:07 INFO AddIdentifyResult: 12842,013280371691,-3,
2017-01-07 09:40:43 INFO AddIdentifyResult: 12843,015990989725,-1,
2017-01-07 09:41:00 INFO AddIdentifyResult: 12843,015990989725,-3,
2017-01-07 09:42:33 INFO AddIdentifyResult: 12843,015990989725,12,
2017-01-07 09:42:40 INFO AddIdentifyResult: 12843,015990989725,10,reg/015990989725_0107094247|reg/015990989725_0107094247|reg/015990989725_
2017-01-07 09:42:41 INFO UpdateUserState: 015990989725,1
2017-01-07 09:42:51 INFO AddIdentifyResult: 12842,013280371691,12,
2017-01-07 09:42:58 INFO AddIdentifyResult: 12842,013280371691,10,reg/013280371691_0107094400|reg/013280371691_0107094400|reg/013280371691_0107094154
2017-01-07 09:42:58 INFO UpdateUserState: 013280371691,1
2017-01-07 09:44:38 INFO AddIdentifyResult: 12844,013280320715,-1,
2017-01-07 09:44:45 INFO AddIdentifyResult: 12844,013280320715,-3,
2017-01-07 09:45:42 INFO AddIdentifyResult: 12845,018766741541,-1,
2017-01-07 09:45:49 INFO AddIdentifyResult: 12845,018766741541,-3,
2017-01-07 09:46:16 INFO AddIdentifyResult: 12844,013280320715,12,
2017-01-07 09:46:23 INFO AddIdentifyResult: 12844,013280320715,10,reg/013280320715_0107094632|reg/013280320715_0107094632|reg/013280320715_
2017-01-07 09:46:23 INFO UpdateUserState: 013280320715,1
2017-01-07 09:48:03 INFO AddIdentifyResult: 12846,015965464920,-1,
2017-01-07 09:48:11 INFO AddIdentifyResult: 12846,015965464920,-3,
2017-01-07 09:48:12 INFO AddIdentifyResult: 12845,018766741541,12,
2017-01-07 09:48:22 INFO AddIdentifyResult: 12845,018766741541,10,reg/018766741541_0107094736|reg/018766741541_0107094736|reg/018766741541_
2017-01-07 09:48:22 INFO UpdateUserState: 018766741541,1
2017-01-07 09:49:42 INFO AddIdentifyResult: 12846,015965464920,12,
2017-01-07 09:49:49 INFO AddIdentifyResult: 12846,015965464920,10,reg/015965464920_0107094958|reg/015965464920_0107094958|reg/015965464920_
2017-01-07 09:49:50 INFO UpdateUserState: 015965464920,1
2017-01-07 09:49:57 INFO AddIdentifyResult: 12847,013280372337,-1,
2017-01-07 09:50:03 INFO AddIdentifyResult: 12847,013280372337,-3,
2017-01-07 09:51:45 INFO AddIdentifyResult: 12847,013280372337,12,
2017-01-07 09:51:53 INFO AddIdentifyResult: 12847,013280372337,10,reg/013280372337_0107095151|reg/013280372337_0107095151|reg/013280372337_
2017-01-07 09:51:53 INFO UpdateUserState: 013280372337,1
2017-01-07 09:51:53 INFO AddIdentifyResult: 12848,013280320350,-1,
2017-01-07 09:52:06 INFO AddIdentifyResult: 12848,013280320350,-3,
2017-01-07 09:52:26 INFO AddIdentifyResult: 12848,013280320350,11,reg/013280320350_|reg/013280320350_|reg/013280320350_
2017-01-07 09:52:31 INFO AddIdentifyResult: 12849,013280320350,-1,
2017-01-07 09:52:41 INFO AddIdentifyResult: 12849,013280320350,-3,
2017-01-07 09:54:09 INFO AddIdentifyResult: 12850,013280372716,-1,
2017-01-07 09:54:15 INFO AddIdentifyResult: 12850,013280372716,-3,
2017-01-07 09:55:18 INFO AddIdentifyResult: 12849,013280320350,12,
2017-01-07 09:55:27 INFO AddIdentifyResult: 12849,013280320350,10,reg/013280320350_0107095428|reg/013280320350_0107095428|reg/013280320350_
2017-01-07 09:55:27 INFO UpdateUserState: 013280320350,1
2017-01-07 09:55:58 INFO AddIdentifyResult: 12851,018754676587,-1,
2017-01-07 09:56:09 INFO AddIdentifyResult: 12851,018754676587,-3,
2017-01-07 09:56:52 INFO AddIdentifyResult: 12850,013280372716,12,
2017-01-07 09:56:59 INFO AddIdentifyResult: 12850,013280372716,10,reg/013280372716_0107095758|reg/013280372716_0107095758|reg/013280372716_0107095602
2017-01-07 09:57:00 INFO UpdateUserState: 013280372716,1
2017-01-07 09:58:16 INFO AddIdentifyResult: 12851,018754676587,12,
2017-01-07 09:58:24 INFO AddIdentifyResult: 12851,018754676587,10,reg/018754676587_0107095756|reg/018754676587_0107095756|reg/018754676587_
2017-01-07 09:58:24 INFO UpdateUserState: 018754676587,1
2017-01-07 09:59:10 INFO AddIdentifyResult: 12852,013280372802,-1,
2017-01-07 09:59:16 INFO AddIdentifyResult: 12852,013280372802,-3,
2017-01-07 10:01:04 INFO AddIdentifyResult: 12852,013280372802,12,
2017-01-07 10:01:10 INFO AddIdentifyResult: 12852,013280372802,10,reg/013280372802_0107100103|reg/013280372802_0107100103|reg/013280372802_
2017-01-07 10:01:11 INFO UpdateUserState: 013280372802,1
2017-01-07 10:01:13 INFO AddIdentifyResult: 12853,015865450256,-1,
2017-01-07 10:01:19 INFO AddIdentifyResult: 12853,015865450256,-3,
2017-01-07 10:02:17 INFO AddIdentifyResult: 12854,015265862359,-1,
2017-01-07 10:02:25 INFO AddIdentifyResult: 12854,015265862359,-3,
2017-01-07 10:03:49 INFO AddIdentifyResult: 12853,015865450256,12,
2017-01-07 10:03:55 INFO AddIdentifyResult: 12854,015265862359,12,
2017-01-07 10:03:57 INFO AddIdentifyResult: 12853,015865450256,10,reg/015865450256_0107100442|reg/015865450256_0107100442|reg/015865450256_0107100307
2017-01-07 10:03:58 INFO UpdateUserState: 015865450256,1
2017-01-07 10:04:05 INFO AddIdentifyResult: 12854,015265862359,10,reg/015265862359_0107100412|reg/015265862359_0107100412|reg/015265862359_
2017-01-07 10:04:05 INFO UpdateUserState: 015265862359,1
2017-01-07 10:04:13 INFO AddIdentifyResult: 12855,0132803213331,-1,
2017-01-07 10:04:42 INFO AddIdentifyResult: 12856,013280321331,-1,
2017-01-07 10:04:48 INFO AddIdentifyResult: 12856,013280321331,-3,
2017-01-07 10:06:21 INFO AddIdentifyResult: 12856,013280321331,12,
2017-01-07 10:06:23 INFO AddIdentifyResult: 12857,013280372876,-1,
2017-01-07 10:06:28 INFO AddIdentifyResult: 12856,013280321331,10,reg/013280321331_0107100635|reg/013280321331_0107100635|reg/013280321331_
2017-01-07 10:06:28 INFO UpdateUserState: 013280321331,1
2017-01-07 10:06:39 INFO AddIdentifyResult: 12857,013280372876,-3,
2017-01-07 10:09:50 INFO AddIdentifyResult: 12857,013280372876,12,
2017-01-07 10:09:58 INFO AddIdentifyResult: 12857,013280372876,10,reg/013280372876_0107101049|reg/013280372876_0107101049|reg/013280372876_0107100826
2017-01-07 10:09:58 INFO UpdateUserState: 013280372876,1
2017-01-07 10:10:35 INFO AddIdentifyResult: 12858,015615822615,-1,
2017-01-07 10:10:47 INFO AddIdentifyResult: 12859,013280321931,-1,
2017-01-07 10:10:55 INFO AddIdentifyResult: 12859,013280321931,-3,
2017-01-07 10:10:58 INFO AddIdentifyResult: 12860,015615822615,-1,
2017-01-07 10:11:05 INFO AddIdentifyResult: 12860,015615822615,-3,
2017-01-07 10:12:24 INFO AddIdentifyResult: 12859,013280321931,12,
2017-01-07 10:12:32 INFO AddIdentifyResult: 12859,013280321931,10,reg/013280321931_0107101243|reg/013280321931_0107101243|reg/013280321931_
2017-01-07 10:12:32 INFO UpdateUserState: 013280321931,1
2017-01-07 10:12:57 INFO AddIdentifyResult: 12860,015615822615,12,
2017-01-07 10:13:04 INFO AddIdentifyResult: 12860,015615822615,10,reg/015615822615_0107101253|reg/015615822615_0107101253|reg/015615822615_
2017-01-07 10:13:04 INFO UpdateUserState: 015615822615,1
2017-01-07 10:14:50 INFO AddIdentifyResult: 12861,013280322932,-1,
2017-01-07 10:15:49 INFO AddIdentifyResult: 12862,013280322932,-1,
2017-01-07 10:17:06 INFO AddIdentifyResult: 12863,013280322932,-1,
2017-01-07 10:17:10 INFO AddIdentifyResult: 12864,013280372938,-1,
2017-01-07 10:17:14 INFO AddIdentifyResult: 12863,013280322932,-3,
2017-01-07 10:17:22 INFO AddIdentifyResult: 12864,013280372938,-3,
2017-01-07 10:18:58 INFO AddIdentifyResult: 12863,013280322932,12,
2017-01-07 10:19:07 INFO AddIdentifyResult: 12863,013280322932,10,reg/013280322932_0107102007|reg/013280322932_0107102007|reg/013280322932_0107101901
2017-01-07 10:19:07 INFO UpdateUserState: 013280322932,1
2017-01-07 10:19:36 INFO AddIdentifyResult: 12864,013280372938,12,
2017-01-07 10:19:44 INFO AddIdentifyResult: 12864,013280372938,10,reg/013280372938_0107101910|reg/013280372938_0107101910|reg/013280372938_
2017-01-07 10:19:44 INFO UpdateUserState: 013280372938,1
2017-01-07 10:22:45 INFO AddIdentifyResult: 12865,013280320792,-1,
2017-01-07 10:22:54 INFO AddIdentifyResult: 12865,013280320792,-3,
2017-01-07 10:22:57 INFO AddIdentifyResult: 12866,013954603530,-1,
2017-01-07 10:23:04 INFO AddIdentifyResult: 12866,013954603530,-3,
2017-01-07 10:25:03 INFO AddIdentifyResult: 12865,013280320792,12,
2017-01-07 10:25:10 INFO AddIdentifyResult: 12865,013280320792,10,reg/013280320792_0107102618|reg/013280320792_0107102618|reg/013280320792_0107102442
2017-01-07 10:25:10 INFO UpdateUserState: 013280320792,1
2017-01-07 10:25:47 INFO AddIdentifyResult: 12866,013954603530,12,
2017-01-07 10:25:57 INFO AddIdentifyResult: 12866,013954603530,10,reg/013954603530_0107102451|reg/013954603530_0107102451|reg/013954603530_
2017-01-07 10:25:58 INFO UpdateUserState: 013954603530,1
2017-01-07 10:26:47 INFO AddIdentifyResult: 12867,013280322579,-1,
2017-01-07 10:26:56 INFO AddIdentifyResult: 12868,013280373115,-1,
2017-01-07 10:26:57 INFO AddIdentifyResult: 12867,013280322579,-3,
2017-01-07 10:27:03 INFO AddIdentifyResult: 12868,013280373115,-3,
2017-01-07 10:28:35 INFO AddIdentifyResult: 12867,013280322579,12,
2017-01-07 10:28:39 INFO AddIdentifyResult: 12868,013280373115,12,
2017-01-07 10:28:42 INFO AddIdentifyResult: 12867,013280322579,10,reg/013280322579_0107102845|reg/013280322579_0107102845|reg/013280322579_
2017-01-07 10:28:42 INFO UpdateUserState: 013280322579,1
2017-01-07 10:28:49 INFO AddIdentifyResult: 12868,013280373115,10,reg/013280373115_0107102850|reg/013280373115_0107102850|reg/013280373115_
2017-01-07 10:28:49 INFO UpdateUserState: 013280373115,1
2017-01-07 10:29:29 INFO AddIdentifyResult: 12869,013280322976,-1,
2017-01-07 10:29:41 INFO AddIdentifyResult: 12869,013280322976,-3,
2017-01-07 10:31:22 INFO AddIdentifyResult: 12869,013280322976,12,
2017-01-07 10:31:30 INFO AddIdentifyResult: 12869,013280322976,10,reg/013280322976_0107103129|reg/013280322976_0107103129|reg/013280322976_
2017-01-07 10:31:30 INFO UpdateUserState: 013280322976,1
2017-01-07 10:32:20 INFO AddIdentifyResult: 12870,013280373259,-1,
2017-01-07 10:32:29 INFO AddIdentifyResult: 12870,013280373259,-3,
2017-01-07 10:32:47 INFO AddIdentifyResult: 12871,018366928656,-1,
2017-01-07 10:32:58 INFO AddIdentifyResult: 12871,018366928656,-3,
2017-01-07 10:34:17 INFO AddIdentifyResult: 12870,013280373259,12,
2017-01-07 10:34:24 INFO AddIdentifyResult: 12870,013280373259,10,reg/013280373259_0107103417|reg/013280373259_0107103417|reg/013280373259_
2017-01-07 10:34:25 INFO UpdateUserState: 013280373259,1
2017-01-07 10:34:46 INFO AddIdentifyResult: 12871,018366928656,12,
2017-01-07 10:34:53 INFO AddIdentifyResult: 12871,018366928656,10,reg/018366928656_0107103606|reg/018366928656_0107103606|reg/018366928656_0107103445
2017-01-07 10:34:53 INFO UpdateUserState: 018366928656,1
2017-01-07 10:36:44 INFO AddIdentifyResult: 12872,013280322656,-1,
2017-01-07 10:39:35 INFO AddIdentifyResult: 12873,013280322656,-1,
2017-01-07 10:40:43 INFO AddIdentifyResult: 12874,013280322656,-1,
2017-01-07 10:40:57 INFO AddIdentifyResult: 12874,013280322656,-3,
2017-01-07 10:41:51 INFO AddIdentifyResult: 12875,013280373302,-1,
2017-01-07 10:42:12 INFO AddIdentifyResult: 12875,013280373302,-3,
2017-01-07 10:42:37 INFO AddIdentifyResult: 12874,013280322656,12,
2017-01-07 10:42:44 INFO AddIdentifyResult: 12874,013280322656,10,reg/013280322656_0107104357|reg/013280322656_0107104357|reg/013280322656_0107104244
2017-01-07 10:42:44 INFO UpdateUserState: 013280322656,1
2017-01-07 10:44:00 INFO AddIdentifyResult: 12875,013280373302,12,
2017-01-07 10:44:07 INFO AddIdentifyResult: 12875,013280373302,10,reg/013280373302_0107104409|reg/013280373302_0107104409|reg/013280373302_0107104400
2017-01-07 10:44:07 INFO UpdateUserState: 013280373302,1
2017-01-07 10:44:40 INFO AddIdentifyResult: 12876,013280373609,-1,
2017-01-07 10:44:49 INFO AddIdentifyResult: 12876,013280373609,-3,
2017-01-07 10:45:17 INFO AddIdentifyResult: 12877,013280321032,-1,
2017-01-07 10:45:28 INFO AddIdentifyResult: 12877,013280321032,-3,
2017-01-07 10:46:37 INFO AddIdentifyResult: 12876,013280373609,12,
2017-01-07 10:46:44 INFO AddIdentifyResult: 12876,013280373609,10,reg/013280373609_0107104636|reg/013280373609_0107104636|reg/013280373609_
2017-01-07 10:46:44 INFO UpdateUserState: 013280373609,1
2017-01-07 10:48:12 INFO AddIdentifyResult: 12877,013280321032,12,
2017-01-07 10:48:19 INFO AddIdentifyResult: 12877,013280321032,10,reg/013280321032_0107104926|reg/013280321032_0107104926|reg/013280321032_0107104715
2017-01-07 10:48:19 INFO UpdateUserState: 013280321032,1
2017-01-07 10:50:26 INFO AddIdentifyResult: 12878,013280322380,-1,
2017-01-07 10:50:47 INFO AddIdentifyResult: 12879,013280322380,-1,
2017-01-07 10:51:25 INFO AddIdentifyResult: 12880,018766738372,-1,
2017-01-07 10:52:04 INFO AddIdentifyResult: 12881,013280373675,-1,
2017-01-07 10:52:13 INFO AddIdentifyResult: 12881,013280373675,-3,
2017-01-07 10:52:37 INFO AddIdentifyResult: 12882,013280322380,-1,
2017-01-07 10:52:47 INFO AddIdentifyResult: 12882,013280322380,-3,
2017-01-07 10:54:23 INFO AddIdentifyResult: 12881,013280373675,12,
2017-01-07 10:54:27 INFO AddIdentifyResult: 12882,013280322380,12,
2017-01-07 10:54:33 INFO AddIdentifyResult: 12881,013280373675,10,reg/013280373675_0107105400|reg/013280373675_0107105400|reg/013280373675_
2017-01-07 10:54:33 INFO UpdateUserState: 013280373675,1
2017-01-07 10:54:39 INFO AddIdentifyResult: 12882,013280322380,10,reg/013280322380_0107105549|reg/013280322380_0107105549|reg/013280322380_0107105434
2017-01-07 10:54:40 INFO UpdateUserState: 013280322380,1
2017-01-07 10:54:41 INFO AddIdentifyResult: 12883,013884912495,-1,
2017-01-07 10:54:50 INFO AddIdentifyResult: 12883,013884912495,-3,
2017-01-07 10:55:53 INFO AddIdentifyResult: 12884,013280323058,-1,
2017-01-07 10:56:03 INFO AddIdentifyResult: 12884,013280323058,-3,
2017-01-07 10:57:01 INFO AddIdentifyResult: 12883,013884912495,12,
2017-01-07 10:57:07 INFO AddIdentifyResult: 12883,013884912495,10,reg/013884912495_0107105638|reg/013884912495_0107105638|reg/013884912495_
2017-01-07 10:57:07 INFO UpdateUserState: 013884912495,1
2017-01-07 10:57:47 INFO AddIdentifyResult: 12885,013280375391,-1,
2017-01-07 10:57:55 INFO AddIdentifyResult: 12885,013280375391,-3,
2017-01-07 10:57:55 INFO AddIdentifyResult: 12884,013280323058,12,
2017-01-07 10:58:01 INFO AddIdentifyResult: 12884,013280323058,10,reg/013280323058_0107105750|reg/013280323058_0107105750|reg/013280323058_
2017-01-07 10:58:01 INFO UpdateUserState: 013280323058,1
2017-01-07 10:59:43 INFO AddIdentifyResult: 12885,013280375391,12,
2017-01-07 10:59:51 INFO AddIdentifyResult: 12885,013280375391,10,reg/013280375391_0107105942|reg/013280375391_0107105942|reg/013280375391_
2017-01-07 10:59:51 INFO UpdateUserState: 013280375391,1
2017-01-07 10:59:54 INFO AddIdentifyResult: 12887,018366939806,-1,
2017-01-07 10:59:55 INFO AddIdentifyResult: 12886,013054689131,-1,
2017-01-07 11:00:02 INFO AddIdentifyResult: 12887,018366939806,-3,
2017-01-07 11:00:19 INFO AddIdentifyResult: 12886,013054689131,-3,
2017-01-07 11:01:57 INFO AddIdentifyResult: 12886,013054689131,12,
2017-01-07 11:02:04 INFO AddIdentifyResult: 12886,013054689131,10,reg/013054689131_0107110207|reg/013054689131_0107110207|reg/013054689131_
2017-01-07 11:02:04 INFO UpdateUserState: 013054689131,1
2017-01-07 11:03:01 INFO AddIdentifyResult: 12887,018366939806,11,reg/018366939806_|reg/018366939806_|reg/018366939806_
2017-01-07 11:03:09 INFO AddIdentifyResult: 12888,018366939806,-1,
2017-01-07 11:03:16 INFO AddIdentifyResult: 12888,018366939806,-3,
2017-01-07 11:04:29 INFO AddIdentifyResult: 12889,013280377101,-1,
2017-01-07 11:04:40 INFO AddIdentifyResult: 12889,013280377101,-3,
2017-01-07 11:05:14 INFO AddIdentifyResult: 12888,018366939806,12,
2017-01-07 11:05:21 INFO AddIdentifyResult: 12888,018366939806,10,reg/018366939806_0107110503|reg/018366939806_0107110503|reg/018366939806_
2017-01-07 11:05:21 INFO UpdateUserState: 018366939806,1
2017-01-07 11:06:21 INFO AddIdentifyResult: 12889,013280377101,12,
2017-01-07 11:06:24 INFO AddIdentifyResult: 12890,013280323086,-1,
2017-01-07 11:06:27 INFO AddIdentifyResult: 12889,013280377101,10,reg/013280377101_0107110627|reg/013280377101_0107110627|reg/013280377101_
2017-01-07 11:06:27 INFO UpdateUserState: 013280377101,1
2017-01-07 11:06:29 INFO AddIdentifyResult: 12891,013854661975,-1,
2017-01-07 11:06:42 INFO AddIdentifyResult: 12891,013854661975,-3,
2017-01-07 11:07:40 INFO AddIdentifyResult: 12892,013280323086,-1,
2017-01-07 11:07:49 INFO AddIdentifyResult: 12892,013280323086,-3,
2017-01-07 11:08:06 INFO AddIdentifyResult: 12891,013854661975,12,
2017-01-07 11:08:12 INFO AddIdentifyResult: 12891,013854661975,10,reg/013854661975_0107110830|reg/013854661975_0107110830|reg/013854661975_
2017-01-07 11:08:12 INFO UpdateUserState: 013854661975,1
2017-01-07 11:08:59 INFO AddIdentifyResult: 12893,018766738372,-1,
2017-01-07 11:09:23 INFO AddIdentifyResult: 12894,018766738372,-1,
2017-01-07 11:09:32 INFO AddIdentifyResult: 12894,018766738372,-3,
2017-01-07 11:09:50 INFO AddIdentifyResult: 12892,013280323086,12,
2017-01-07 11:09:58 INFO AddIdentifyResult: 12892,013280323086,10,reg/013280323086_0107110937|reg/013280323086_0107110937|reg/013280323086_
2017-01-07 11:09:58 INFO UpdateUserState: 013280323086,1
2017-01-07 11:11:31 INFO AddIdentifyResult: 12895,013280323506,-1,
2017-01-07 11:11:44 INFO AddIdentifyResult: 12895,013280323506,-3,
2017-01-07 11:13:29 INFO AddIdentifyResult: 12895,013280323506,12,
2017-01-07 11:13:33 INFO AddIdentifyResult: 12894,018766738372,11,reg/018766738372_|reg/018766738372_|reg/018766738372_
2017-01-07 11:13:36 INFO AddIdentifyResult: 12895,013280323506,10,reg/013280323506_0107111331|reg/013280323506_0107111331|reg/013280323506_
2017-01-07 11:13:37 INFO UpdateUserState: 013280323506,1
2017-01-07 11:14:47 INFO AddIdentifyResult: 12896,013280323609,-1,
2017-01-07 11:14:52 INFO AddIdentifyResult: 12896,013280323609,-3,
2017-01-07 11:15:35 INFO AddIdentifyResult: 12897,013280377710,-1,
2017-01-07 11:15:41 INFO AddIdentifyResult: 12897,013280377710,-3,
2017-01-07 11:16:53 INFO AddIdentifyResult: 12896,013280323609,12,
2017-01-07 11:16:59 INFO AddIdentifyResult: 12896,013280323609,10,reg/013280323609_0107111640|reg/013280323609_0107111640|reg/013280323609_
2017-01-07 11:17:00 INFO UpdateUserState: 013280323609,1
2017-01-07 11:17:55 INFO AddIdentifyResult: 12897,013280377710,12,
2017-01-07 11:18:02 INFO AddIdentifyResult: 12897,013280377710,10,reg/013280377710_0107111907|reg/013280377710_0107111907|reg/013280377710_0107111728
2017-01-07 11:18:03 INFO UpdateUserState: 013280377710,1
2017-01-07 11:18:52 INFO AddIdentifyResult: 12898,013280377237,-1,
2017-01-07 11:19:01 INFO AddIdentifyResult: 12898,013280377237,-3,
2017-01-07 11:19:23 INFO AddIdentifyResult: 12899,013280323561,-1,
2017-01-07 11:19:30 INFO AddIdentifyResult: 12899,013280323561,-3,
2017-01-07 11:20:31 INFO AddIdentifyResult: 12898,013280377237,12,
2017-01-07 11:20:38 INFO AddIdentifyResult: 12898,013280377237,10,reg/013280377237_0107112048|reg/013280377237_0107112048|reg/013280377237_
2017-01-07 11:20:38 INFO UpdateUserState: 013280377237,1
2017-01-07 11:21:03 INFO AddIdentifyResult: 12900,015066057265,-1,
2017-01-07 11:21:10 INFO AddIdentifyResult: 12900,015066057265,-3,
2017-01-07 11:21:28 INFO AddIdentifyResult: 12899,013280323561,12,
2017-01-07 11:21:36 INFO AddIdentifyResult: 12899,013280323561,10,reg/013280323561_0107112118|reg/013280323561_0107112118|reg/013280323561_
2017-01-07 11:21:36 INFO UpdateUserState: 013280323561,1
2017-01-07 11:22:07 INFO AddIdentifyResult: 12901,013561029551,-1,
2017-01-07 11:22:19 INFO AddIdentifyResult: 12901,013561029551,-3,
2017-01-07 11:22:46 INFO AddIdentifyResult: 12900,015066057265,12,
2017-01-07 11:22:52 INFO AddIdentifyResult: 12900,015066057265,10,reg/015066057265_0107112258|reg/015066057265_0107112258|reg/015066057265_
2017-01-07 11:22:52 INFO UpdateUserState: 015066057265,1
2017-01-07 11:23:13 INFO AddIdentifyResult: 12902,013280379938,-1,
2017-01-07 11:23:18 INFO AddIdentifyResult: 12902,013280379938,-3,
2017-01-07 11:24:08 INFO AddIdentifyResult: 12901,013561029551,12,
2017-01-07 11:24:15 INFO AddIdentifyResult: 12901,013561029551,10,reg/013561029551_0107112406|reg/013561029551_0107112406|reg/013561029551_
2017-01-07 11:24:16 INFO UpdateUserState: 013561029551,1
2017-01-07 11:24:43 INFO AddIdentifyResult: 12902,013280379938,12,
2017-01-07 11:24:49 INFO AddIdentifyResult: 12902,013280379938,10,reg/013280379938_0107112506|reg/013280379938_0107112506|reg/013280379938_
2017-01-07 11:24:50 INFO UpdateUserState: 013280379938,1
2017-01-07 11:25:50 INFO AddIdentifyResult: 12903,013280323901,-1,
2017-01-07 11:26:28 INFO AddIdentifyResult: 12904,013280323901,-1,
2017-01-07 11:27:23 INFO AddIdentifyResult: 12905,013280323901,-1,
2017-01-07 11:27:30 INFO AddIdentifyResult: 12905,013280323901,-3,
2017-01-07 11:27:43 INFO AddIdentifyResult: 12906,013280381860,-1,
2017-01-07 11:27:49 INFO AddIdentifyResult: 12906,013280381860,-3,
2017-01-07 11:29:32 INFO AddIdentifyResult: 12905,013280323901,12,
2017-01-07 11:29:39 INFO AddIdentifyResult: 12905,013280323901,10,reg/013280323901_0107112917|reg/013280323901_0107112917|reg/013280323901_
2017-01-07 11:29:39 INFO UpdateUserState: 013280323901,1
2017-01-07 11:30:16 INFO AddIdentifyResult: 12906,013280381860,12,
2017-01-07 11:30:22 INFO AddIdentifyResult: 12906,013280381860,10,reg/013280381860_0107113110|reg/013280381860_0107113110|reg/013280381860_0107112937
2017-01-07 11:30:23 INFO UpdateUserState: 013280381860,1
2017-01-07 11:31:56 INFO AddIdentifyResult: 12907,013792098136,-1,
2017-01-07 11:32:01 INFO AddIdentifyResult: 12908,013280325209,-1,
2017-01-07 11:32:06 INFO AddIdentifyResult: 12907,013792098136,-3,
2017-01-07 11:34:03 INFO AddIdentifyResult: 12907,013792098136,12,
2017-01-07 11:34:11 INFO AddIdentifyResult: 12907,013792098136,10,reg/013792098136_0107113516|reg/013792098136_0107113516|reg/013792098136_0107113354
2017-01-07 11:34:11 INFO UpdateUserState: 013792098136,1
2017-01-07 11:34:46 INFO AddIdentifyResult: 12909,013280382557,-1,
2017-01-07 11:34:52 INFO AddIdentifyResult: 12909,013280382557,-3,
2017-01-07 11:36:20 INFO AddIdentifyResult: 12910,013280327535,-1,
2017-01-07 11:36:31 INFO AddIdentifyResult: 12910,013280327535,-3,
2017-01-07 11:36:36 INFO AddIdentifyResult: 12909,013280382557,12,
2017-01-07 11:36:43 INFO AddIdentifyResult: 12909,013280382557,10,reg/013280382557_0107113640|reg/013280382557_0107113640|reg/013280382557_
2017-01-07 11:36:43 INFO UpdateUserState: 013280382557,1
2017-01-07 11:37:14 INFO AddIdentifyResult: 12911,013280382792,-1,
2017-01-07 11:37:21 INFO AddIdentifyResult: 12911,013280382792,-3,
2017-01-07 11:39:00 INFO AddIdentifyResult: 12910,013280327535,12,
2017-01-07 11:39:07 INFO AddIdentifyResult: 12910,013280327535,10,reg/013280327535_0107114009|reg/013280327535_0107114009|reg/013280327535_0107113818
2017-01-07 11:39:07 INFO UpdateUserState: 013280327535,1
2017-01-07 11:39:14 INFO AddIdentifyResult: 12911,013280382792,12,
2017-01-07 11:39:22 INFO AddIdentifyResult: 12911,013280382792,10,reg/013280382792_0107113908|reg/013280382792_0107113908|reg/013280382792_
2017-01-07 11:39:22 INFO UpdateUserState: 013280382792,1
2017-01-07 11:42:40 INFO AddIdentifyResult: 12912,013280325209,-1,
2017-01-07 11:42:47 INFO AddIdentifyResult: 12912,013280325209,-3,
2017-01-07 11:43:23 INFO AddIdentifyResult: 12913,013280382732,-1,
2017-01-07 11:43:32 INFO AddIdentifyResult: 12913,013280382732,-3,
2017-01-07 11:44:42 INFO AddIdentifyResult: 12912,013280325209,12,
2017-01-07 11:44:50 INFO AddIdentifyResult: 12912,013280325209,10,reg/013280325209_0107114434|reg/013280325209_0107114434|reg/013280325209_
2017-01-07 11:44:51 INFO UpdateUserState: 013280325209,1
2017-01-07 11:45:21 INFO AddIdentifyResult: 12914,013280382830,-1,
2017-01-07 11:45:25 INFO AddIdentifyResult: 12913,013280382732,12,
2017-01-07 11:45:28 INFO AddIdentifyResult: 12914,013280382830,-3,
2017-01-07 11:45:33 INFO AddIdentifyResult: 12913,013280382732,10,reg/013280382732_0107114635|reg/013280382732_0107114635|reg/013280382732_0107114519
2017-01-07 11:45:33 INFO UpdateUserState: 013280382732,1
2017-01-07 11:46:22 INFO AddIdentifyResult: 12915,013181955806,-1,
2017-01-07 11:46:28 INFO AddIdentifyResult: 12915,013181955806,-3,
2017-01-07 11:46:54 INFO AddIdentifyResult: 12914,013280382830,12,
2017-01-07 11:47:01 INFO AddIdentifyResult: 12914,013280382830,10,reg/013280382830_0107114715|reg/013280382830_0107114715|reg/013280382830_
2017-01-07 11:47:01 INFO UpdateUserState: 013280382830,1
2017-01-07 11:47:37 INFO AddIdentifyResult: 12916,013780758772,-1,
2017-01-07 11:47:49 INFO AddIdentifyResult: 12916,013780758772,-3,
2017-01-07 11:48:38 INFO AddIdentifyResult: 12915,013181955806,12,
2017-01-07 11:48:44 INFO AddIdentifyResult: 12915,013181955806,10,reg/013181955806_0107114815|reg/013181955806_0107114815|reg/013181955806_
2017-01-07 11:48:44 INFO UpdateUserState: 013181955806,1
2017-01-07 11:50:17 INFO AddIdentifyResult: 12916,013780758772,12,
2017-01-07 11:50:24 INFO AddIdentifyResult: 12916,013780758772,10,reg/013780758772_0107115133|reg/013780758772_0107115133|reg/013780758772_0107114936
2017-01-07 11:50:24 INFO UpdateUserState: 013780758772,1
2017-01-07 11:50:30 INFO AddIdentifyResult: 12917,013280327107,-1,
2017-01-07 11:50:36 INFO AddIdentifyResult: 12918,013280382761,-1,
2017-01-07 11:50:37 INFO AddIdentifyResult: 12917,013280327107,-3,
2017-01-07 11:50:45 INFO AddIdentifyResult: 12918,013280382761,-3,
2017-01-07 11:52:52 INFO AddIdentifyResult: 12917,013280327107,12,
2017-01-07 11:52:59 INFO AddIdentifyResult: 12917,013280327107,10,reg/013280327107_0107115224|reg/013280327107_0107115224|reg/013280327107_
2017-01-07 11:52:59 INFO UpdateUserState: 013280327107,1
2017-01-07 11:53:32 INFO AddIdentifyResult: 12918,013280382761,12,
2017-01-07 11:53:39 INFO AddIdentifyResult: 12918,013280382761,10,reg/013280382761_0107115439|reg/013280382761_0107115439|reg/013280382761_0107115233
2017-01-07 11:53:39 INFO UpdateUserState: 013280382761,1
2017-01-07 11:53:59 INFO AddIdentifyResult: 12919,013280327710,-1,
2017-01-07 11:54:01 INFO AddIdentifyResult: 12920,013793976582,-1,
2017-01-07 11:54:09 INFO AddIdentifyResult: 12920,013793976582,-3,
2017-01-07 11:54:14 INFO AddIdentifyResult: 12919,013280327710,-3,
2017-01-07 11:56:56 INFO AddIdentifyResult: 12920,013793976582,12,
2017-01-07 11:57:02 INFO AddIdentifyResult: 12920,013793976582,10,reg/013793976582_0107115814|reg/013793976582_0107115814|reg/013793976582_0107115556
2017-01-07 11:57:03 INFO UpdateUserState: 013793976582,1
2017-01-07 11:57:29 INFO AddIdentifyResult: 12921,013280382803,-1,
2017-01-07 11:57:38 INFO AddIdentifyResult: 12921,013280382803,-3,
2017-01-07 11:57:56 INFO AddIdentifyResult: 12919,013280327710,12,
2017-01-07 11:58:02 INFO AddIdentifyResult: 12919,013280327710,10,reg/013280327710_0107115905|reg/013280327710_0107115905|reg/013280327710_0107115601
2017-01-07 11:58:03 INFO UpdateUserState: 013280327710,1
2017-01-07 11:58:24 INFO AddIdentifyResult: 12922,013280382972,-1,
2017-01-07 11:58:39 INFO AddIdentifyResult: 12922,013280382972,-3,
2017-01-07 11:59:12 INFO AddIdentifyResult: 12921,013280382803,12,
2017-01-07 11:59:20 INFO AddIdentifyResult: 12921,013280382803,10,reg/013280382803_0107115925|reg/013280382803_0107115925|reg/013280382803_
2017-01-07 11:59:20 INFO UpdateUserState: 013280382803,1
2017-01-07 12:00:11 INFO AddIdentifyResult: 12922,013280382972,12,
2017-01-07 12:00:17 INFO AddIdentifyResult: 12922,013280382972,10,reg/013280382972_0107120027|reg/013280382972_0107120027|reg/013280382972_
2017-01-07 12:00:17 INFO UpdateUserState: 013280382972,1
2017-01-07 12:00:36 INFO AddIdentifyResult: 12923,013176477315,-1,
2017-01-07 12:00:42 INFO AddIdentifyResult: 12923,013176477315,-3,
2017-01-07 12:01:48 INFO AddIdentifyResult: 12924,013280323959,-1,
2017-01-07 12:02:04 INFO AddIdentifyResult: 12924,013280323959,-3,
2017-01-07 12:03:09 INFO AddIdentifyResult: 12923,013176477315,12,
2017-01-07 12:03:16 INFO AddIdentifyResult: 12923,013176477315,10,reg/013176477315_0107120417|reg/013176477315_0107120417|reg/013176477315_0107120230
2017-01-07 12:03:16 INFO UpdateUserState: 013176477315,1
2017-01-07 12:04:27 INFO AddIdentifyResult: 12924,013280323959,12,
2017-01-07 12:04:34 INFO AddIdentifyResult: 12924,013280323959,10,reg/013280323959_0107120352|reg/013280323959_0107120352|reg/013280323959_
2017-01-07 12:04:35 INFO UpdateUserState: 013280323959,1
2017-01-07 12:04:45 INFO AddIdentifyResult: 12925,015006853663,-1,
2017-01-07 12:05:07 INFO AddIdentifyResult: 12925,015006853663,-3,
2017-01-07 12:05:36 INFO AddIdentifyResult: 12926,015006853663,-1,
2017-01-07 12:06:02 INFO AddIdentifyResult: 12927,013280382770,-1,
2017-01-07 12:06:04 INFO AddIdentifyResult: 12926,015006853663,-3,
2017-01-07 12:06:08 INFO AddIdentifyResult: 12927,013280382770,-3,
2017-01-07 12:06:30 INFO AddIdentifyResult: 12928,015006853663,-1,
2017-01-07 12:06:30 INFO AddIdentifyResult: 12926,015006853663,11,reg/015006853663_|reg/015006853663_|reg/015006853663_
2017-01-07 12:06:40 INFO AddIdentifyResult: 12928,015006853663,-3,
2017-01-07 12:08:27 INFO AddIdentifyResult: 12927,013280382770,12,
2017-01-07 12:08:36 INFO AddIdentifyResult: 12927,013280382770,10,reg/013280382770_0107120755|reg/013280382770_0107120755|reg/013280382770_
2017-01-07 12:08:36 INFO UpdateUserState: 013280382770,1
2017-01-07 12:08:40 INFO AddIdentifyResult: 12929,013561005463,-1,
2017-01-07 12:08:48 INFO AddIdentifyResult: 12928,015006853663,12,
2017-01-07 12:08:48 INFO AddIdentifyResult: 12929,013561005463,-3,
2017-01-07 12:08:52 INFO AddIdentifyResult: 12925,015006853663,11,reg/015006853663_|reg/015006853663_|reg/015006853663_
2017-01-07 12:08:55 INFO AddIdentifyResult: 12928,015006853663,10,reg/015006853663_0107120828|reg/015006853663_0107120828|reg/015006853663_
2017-01-07 12:08:56 INFO UpdateUserState: 015006853663,1
2017-01-07 12:09:14 INFO AddIdentifyResult: 12930,013280382980,-1,
2017-01-07 12:09:20 INFO AddIdentifyResult: 12930,013280382980,-3,
2017-01-07 12:10:34 INFO AddIdentifyResult: 12931,013963790570,-1,
2017-01-07 12:10:50 INFO AddIdentifyResult: 12930,013280382980,12,
2017-01-07 12:10:57 INFO AddIdentifyResult: 12930,013280382980,10,reg/013280382980_0107121107|reg/013280382980_0107121107|reg/013280382980_
2017-01-07 12:10:57 INFO UpdateUserState: 013280382980,1
2017-01-07 12:11:13 INFO AddIdentifyResult: 12929,013561005463,12,
2017-01-07 12:11:21 INFO AddIdentifyResult: 12929,013561005463,10,reg/013561005463_0107121213|reg/013561005463_0107121213|reg/013561005463_0107121036
2017-01-07 12:11:21 INFO UpdateUserState: 013561005463,1
2017-01-07 12:11:21 INFO AddIdentifyResult: 12932,013963390570,-1,
2017-01-07 12:11:31 INFO AddIdentifyResult: 12932,013963390570,-3,
2017-01-07 12:11:59 INFO AddIdentifyResult: 12933,018754641592,-1,
2017-01-07 12:12:04 INFO AddIdentifyResult: 12934,013280379160,-1,
2017-01-07 12:12:10 INFO AddIdentifyResult: 12934,013280379160,-3,
2017-01-07 12:13:59 INFO AddIdentifyResult: 12934,013280379160,12,
2017-01-07 12:14:07 INFO AddIdentifyResult: 12934,013280379160,10,reg/013280379160_0107121358|reg/013280379160_0107121358|reg/013280379160_
2017-01-07 12:14:07 INFO UpdateUserState: 013280379160,1
2017-01-07 12:14:09 INFO AddIdentifyResult: 12935,018754641592,-1,
2017-01-07 12:14:38 INFO AddIdentifyResult: 12932,013963390570,12,
2017-01-07 12:14:46 INFO AddIdentifyResult: 12932,013963390570,10,reg/013963390570_0107121318|reg/013963390570_0107121318|reg/013963390570_
2017-01-07 12:14:46 INFO UpdateUserState: 013963390570,1
2017-01-07 12:14:56 INFO AddIdentifyResult: 12936,015615822615,-1,
2017-01-07 12:15:03 INFO AddIdentifyResult: 12936,015615822615,-3,
2017-01-07 12:16:40 INFO AddIdentifyResult: 12937,013280329957,-1,
2017-01-07 12:17:00 INFO AddIdentifyResult: 12936,015615822615,12,
2017-01-07 12:17:07 INFO AddIdentifyResult: 12936,015615822615,10,reg/015615822615_0107121651|reg/015615822615_0107121651|reg/015615822615_
2017-01-07 12:17:07 INFO UpdateUserState: 015615822615,1
2017-01-07 12:17:42 INFO AddIdentifyResult: 12938,013280383150,-1,
2017-01-07 12:17:47 INFO AddIdentifyResult: 12938,013280383150,-3,
2017-01-07 12:19:50 INFO AddIdentifyResult: 12938,013280383150,12,
2017-01-07 12:19:57 INFO AddIdentifyResult: 12938,013280383150,10,reg/013280383150_0107121935|reg/013280383150_0107121935|reg/013280383150_
2017-01-07 12:19:57 INFO UpdateUserState: 013280383150,1
2017-01-07 12:21:13 INFO AddIdentifyResult: 12939,013280338182,-1,
2017-01-07 12:21:31 INFO AddIdentifyResult: 12939,013280338182,-3,
2017-01-07 12:23:45 INFO AddIdentifyResult: 12939,013280338182,12,
2017-01-07 12:23:54 INFO AddIdentifyResult: 12939,013280338182,10,reg/013280338182_0107122319|reg/013280338182_0107122319|reg/013280338182_
2017-01-07 12:23:55 INFO UpdateUserState: 013280338182,1
2017-01-07 12:24:29 INFO AddIdentifyResult: 12940,013280329957,-1,
2017-01-07 12:24:34 INFO AddIdentifyResult: 12940,013280329957,-3,
2017-01-07 12:26:42 INFO AddIdentifyResult: 12940,013280329957,12,
2017-01-07 12:26:50 INFO AddIdentifyResult: 12940,013280329957,10,reg/013280329957_0107122622|reg/013280329957_0107122622|reg/013280329957_
2017-01-07 12:26:50 INFO UpdateUserState: 013280329957,1
2017-01-07 12:29:05 INFO AddIdentifyResult: 12941,013280333283,-1,
2017-01-07 12:29:13 INFO AddIdentifyResult: 12941,013280333283,-3,
2017-01-07 12:30:49 INFO AddIdentifyResult: 12941,013280333283,12,
2017-01-07 12:30:56 INFO AddIdentifyResult: 12941,013280333283,10,reg/013280333283_0107123101|reg/013280333283_0107123101|reg/013280333283_
2017-01-07 12:30:57 INFO UpdateUserState: 013280333283,1
2017-01-07 12:32:28 INFO AddIdentifyResult: 12942,013012906595,-1,
2017-01-07 12:32:36 INFO AddIdentifyResult: 12942,013012906595,-3,
2017-01-07 12:33:13 INFO AddIdentifyResult: 12943,013280383309,-1,
2017-01-07 12:33:19 INFO AddIdentifyResult: 12943,013280383309,-3,
2017-01-07 12:33:20 INFO AddIdentifyResult: 12944,013280383169,-1,
2017-01-07 12:33:30 INFO AddIdentifyResult: 12944,013280383169,-3,
2017-01-07 12:34:51 INFO AddIdentifyResult: 12942,013012906595,12,
2017-01-07 12:34:58 INFO AddIdentifyResult: 12942,013012906595,10,reg/013012906595_0107123423|reg/013012906595_0107123423|reg/013012906595_
2017-01-07 12:34:59 INFO UpdateUserState: 013012906595,1
2017-01-07 12:35:02 INFO AddIdentifyResult: 12943,013280383309,12,
2017-01-07 12:35:09 INFO AddIdentifyResult: 12943,013280383309,10,reg/013280383309_0107123506|reg/013280383309_0107123506|reg/013280383309_
2017-01-07 12:35:09 INFO UpdateUserState: 013280383309,1
2017-01-07 12:35:34 INFO AddIdentifyResult: 12944,013280383169,12,
2017-01-07 12:35:42 INFO AddIdentifyResult: 12944,013280383169,10,reg/013280383169_0107123517|reg/013280383169_0107123517|reg/013280383169_
2017-01-07 12:35:43 INFO UpdateUserState: 013280383169,1
2017-01-07 12:36:50 INFO AddIdentifyResult: 12945,013280333215,-1,
2017-01-07 12:37:40 INFO AddIdentifyResult: 12946,013280383350,-1,
2017-01-07 12:37:44 INFO AddIdentifyResult: 12947,013280333215,-1,
2017-01-07 12:37:45 INFO AddIdentifyResult: 12946,013280383350,-3,
2017-01-07 12:39:09 INFO AddIdentifyResult: 12948,013280333215,-1,
2017-01-07 12:39:26 INFO AddIdentifyResult: 12948,013280333215,-3,
2017-01-07 12:39:33 INFO AddIdentifyResult: 12946,013280383350,12,
2017-01-07 12:39:39 INFO AddIdentifyResult: 12946,013280383350,10,reg/013280383350_0107123933|reg/013280383350_0107123933|reg/013280383350_
2017-01-07 12:39:40 INFO UpdateUserState: 013280383350,1
2017-01-07 12:41:25 INFO AddIdentifyResult: 12948,013280333215,12,
2017-01-07 12:41:32 INFO AddIdentifyResult: 12948,013280333215,10,reg/013280333215_0107124114|reg/013280333215_0107124114|reg/013280333215_
2017-01-07 12:41:32 INFO UpdateUserState: 013280333215,1
2017-01-07 12:42:11 INFO AddIdentifyResult: 12949,015254462126,-1,
2017-01-07 12:42:26 INFO AddIdentifyResult: 12949,015254462126,-3,
2017-01-07 12:44:35 INFO AddIdentifyResult: 12949,015254462126,12,
2017-01-07 12:44:42 INFO AddIdentifyResult: 12949,015254462126,10,reg/015254462126_0107124414|reg/015254462126_0107124414|reg/015254462126_
2017-01-07 12:44:42 INFO UpdateUserState: 015254462126,1
2017-01-07 12:45:40 INFO AddIdentifyResult: 12950,013280332670,-1,
2017-01-07 12:45:51 INFO AddIdentifyResult: 12950,013280332670,-3,
2017-01-07 12:47:33 INFO AddIdentifyResult: 12950,013280332670,12,
2017-01-07 12:47:40 INFO AddIdentifyResult: 12950,013280332670,10,reg/013280332670_0107124739|reg/013280332670_0107124739|reg/013280332670_
2017-01-07 12:47:40 INFO UpdateUserState: 013280332670,1
2017-01-07 12:50:36 INFO AddIdentifyResult: 12951,013280336379,-1,
2017-01-07 12:50:46 INFO AddIdentifyResult: 12951,013280336379,-3,
2017-01-07 12:52:40 INFO AddIdentifyResult: 12951,013280336379,12,
2017-01-07 12:52:47 INFO AddIdentifyResult: 12951,013280336379,10,reg/013280336379_0107125233|reg/013280336379_0107125233|reg/013280336379_
2017-01-07 12:52:47 INFO UpdateUserState: 013280336379,1
2017-01-07 12:52:50 INFO AddIdentifyResult: 12952,013780782651,-1,
2017-01-07 12:52:59 INFO AddIdentifyResult: 12952,013780782651,-3,
2017-01-07 12:55:11 INFO AddIdentifyResult: 12952,013780782651,12,
2017-01-07 12:55:19 INFO AddIdentifyResult: 12952,013780782651,10,reg/013780782651_0107125446|reg/013780782651_0107125446|reg/013780782651_
2017-01-07 12:55:19 INFO UpdateUserState: 013780782651,1
2017-01-07 12:56:21 INFO AddIdentifyResult: 12953,013280333991,-1,
2017-01-07 12:56:33 INFO AddIdentifyResult: 12953,013280333991,-3,
2017-01-07 13:00:47 INFO AddIdentifyResult: 12953,013280333991,12,
2017-01-07 13:00:53 INFO AddIdentifyResult: 12953,013280333991,10,reg/013280333991_0107130204|reg/013280333991_0107130204|reg/013280333991_0107125821
2017-01-07 13:00:53 INFO UpdateUserState: 013280333991,1
2017-01-07 13:02:22 INFO AddIdentifyResult: 12954,13280338036,-1,
2017-01-07 13:02:48 INFO AddIdentifyResult: 12955,13280338036,-1,
2017-01-07 13:03:54 INFO AddIdentifyResult: 12956,013280338036,-1,
2017-01-07 13:04:00 INFO AddIdentifyResult: 12956,013280338036,-3,
2017-01-07 13:05:52 INFO AddIdentifyResult: 12956,013280338036,12,
2017-01-07 13:05:59 INFO AddIdentifyResult: 12956,013280338036,10,reg/013280338036_0107130548|reg/013280338036_0107130548|reg/013280338036_
2017-01-07 13:05:59 INFO UpdateUserState: 013280338036,1
2017-01-07 13:07:38 INFO AddIdentifyResult: 12957,013280336036,-1,
2017-01-07 13:08:05 INFO AddIdentifyResult: 12957,013280336036,-3,
2017-01-07 13:08:14 INFO AddIdentifyResult: 12957,013280336036,11,reg/013280336036_|reg/013280336036_|reg/013280336036_
2017-01-07 13:10:34 INFO AddIdentifyResult: 12958,013280336003,-1,
2017-01-07 13:10:47 INFO AddIdentifyResult: 12958,013280336003,-3,
2017-01-07 13:13:27 INFO AddIdentifyResult: 12958,013280336003,12,
2017-01-07 13:13:34 INFO AddIdentifyResult: 12958,013280336003,10,reg/013280336003_0107131437|reg/013280336003_0107131437|reg/013280336003_0107131235
2017-01-07 13:13:34 INFO UpdateUserState: 013280336003,1
2017-01-07 13:14:14 INFO AddIdentifyResult: 12959,013280336036,-1,
2017-01-07 13:14:25 INFO AddIdentifyResult: 12959,013280336036,-3,
2017-01-07 13:16:18 INFO AddIdentifyResult: 12960,018766738372,-1,
2017-01-07 13:16:27 INFO AddIdentifyResult: 12960,018766738372,-3,
2017-01-07 13:17:15 INFO AddIdentifyResult: 12959,013280336036,12,
2017-01-07 13:17:23 INFO AddIdentifyResult: 12959,013280336036,10,reg/013280336036_0107131613|reg/013280336036_0107131613|reg/013280336036_
2017-01-07 13:17:23 INFO UpdateUserState: 013280336036,1
2017-01-07 13:18:35 INFO AddIdentifyResult: 12960,018766738372,12,
2017-01-07 13:18:42 INFO AddIdentifyResult: 12960,018766738372,10,reg/018766738372_0107131814|reg/018766738372_0107131814|reg/018766738372_
2017-01-07 13:18:42 INFO UpdateUserState: 018766738372,1
2017-01-07 13:19:02 INFO AddIdentifyResult: 12961,013280373621,-1,
2017-01-07 13:21:08 INFO AddIdentifyResult: 12962,015314311972,-1,
2017-01-07 13:21:17 INFO AddIdentifyResult: 12962,015314311972,-3,
2017-01-07 13:23:21 INFO AddIdentifyResult: 12962,015314311972,12,
2017-01-07 13:23:29 INFO AddIdentifyResult: 12962,015314311972,10,reg/015314311972_0107132433|reg/015314311972_0107132433|reg/015314311972_0107132305
2017-01-07 13:23:29 INFO UpdateUserState: 015314311972,1
2017-01-07 13:25:16 INFO AddIdentifyResult: 12963,013280333876,-1,
2017-01-07 13:25:24 INFO AddIdentifyResult: 12963,013280333876,-3,
2017-01-07 13:26:26 INFO AddIdentifyResult: 12964,013280386325,-1,
2017-01-07 13:26:32 INFO AddIdentifyResult: 12964,013280386325,-3,
2017-01-07 13:27:25 INFO AddIdentifyResult: 12963,013280333876,12,
2017-01-07 13:27:33 INFO AddIdentifyResult: 12963,013280333876,10,reg/013280333876_0107132712|reg/013280333876_0107132712|reg/013280333876_
2017-01-07 13:27:33 INFO UpdateUserState: 013280333876,1
2017-01-07 13:27:58 INFO AddIdentifyResult: 12964,013280386325,12,
2017-01-07 13:28:05 INFO AddIdentifyResult: 12964,013280386325,10,reg/013280386325_0107132820|reg/013280386325_0107132820|reg/013280386325_
2017-01-07 13:28:05 INFO UpdateUserState: 013280386325,1
2017-01-07 13:28:37 INFO AddIdentifyResult: 12965,013280335236,-1,
2017-01-07 13:28:50 INFO AddIdentifyResult: 12965,013280335236,-3,
2017-01-07 13:30:52 INFO AddIdentifyResult: 12966,013280383635,-1,
2017-01-07 13:31:00 INFO AddIdentifyResult: 12965,013280335236,12,
2017-01-07 13:31:01 INFO AddIdentifyResult: 12966,013280383635,-3,
2017-01-07 13:31:08 INFO AddIdentifyResult: 12965,013280335236,10,reg/013280335236_0107133038|reg/013280335236_0107133038|reg/013280335236_
2017-01-07 13:31:09 INFO UpdateUserState: 013280335236,1
2017-01-07 13:32:46 INFO AddIdentifyResult: 12967,013280335625,-1,
2017-01-07 13:33:00 INFO AddIdentifyResult: 12966,013280383635,12,
2017-01-07 13:33:09 INFO AddIdentifyResult: 12966,013280383635,10,reg/013280383635_0107133248|reg/013280383635_0107133248|reg/013280383635_
2017-01-07 13:33:09 INFO UpdateUserState: 013280383635,1
2017-01-07 13:33:13 INFO AddIdentifyResult: 12968,013280335625,-1,
2017-01-07 13:33:20 INFO AddIdentifyResult: 12968,013280335625,-3,
2017-01-07 13:35:01 INFO AddIdentifyResult: 12969,013280386891,-1,
2017-01-07 13:35:07 INFO AddIdentifyResult: 12969,013280386891,-3,
2017-01-07 13:35:36 INFO AddIdentifyResult: 12968,013280335625,12,
2017-01-07 13:35:42 INFO AddIdentifyResult: 12968,013280335625,10,reg/013280335625_0107133508|reg/013280335625_0107133508|reg/013280335625_
2017-01-07 13:35:43 INFO UpdateUserState: 013280335625,1
2017-01-07 13:36:36 INFO AddIdentifyResult: 12969,013280386891,12,
2017-01-07 13:36:43 INFO AddIdentifyResult: 12969,013280386891,10,reg/013280386891_0107133655|reg/013280386891_0107133655|reg/013280386891_
2017-01-07 13:36:43 INFO UpdateUserState: 013280386891,1
2017-01-07 13:37:40 INFO AddIdentifyResult: 12970,013280321931,-1,
2017-01-07 13:40:19 INFO AddIdentifyResult: 12971,013280337517,-1,
2017-01-07 13:40:25 INFO AddIdentifyResult: 12971,013280337517,-3,
2017-01-07 13:42:54 INFO AddIdentifyResult: 12972,013280389676,-1,
2017-01-07 13:42:57 INFO AddIdentifyResult: 12971,013280337517,12,
2017-01-07 13:43:03 INFO AddIdentifyResult: 12972,013280389676,-3,
2017-01-07 13:43:04 INFO AddIdentifyResult: 12971,013280337517,10,reg/013280337517_0107134357|reg/013280337517_0107134357|reg/013280337517_0107134213
2017-01-07 13:43:05 INFO UpdateUserState: 013280337517,1
2017-01-07 13:45:06 INFO AddIdentifyResult: 12972,013280389676,12,
2017-01-07 13:45:13 INFO AddIdentifyResult: 12972,013280389676,10,reg/013280389676_0107134622|reg/013280389676_0107134622|reg/013280389676_0107134451
2017-01-07 13:45:13 INFO UpdateUserState: 013280389676,1
2017-01-07 13:45:53 INFO AddIdentifyResult: 12973,013280327730,-1,
2017-01-07 13:46:08 INFO AddIdentifyResult: 12973,013280327730,-3,
2017-01-07 13:46:31 INFO AddIdentifyResult: 12974,013280389020,-1,
2017-01-07 13:46:38 INFO AddIdentifyResult: 12974,013280389020,-3,
2017-01-07 13:48:24 INFO AddIdentifyResult: 12973,013280327730,12,
2017-01-07 13:48:31 INFO AddIdentifyResult: 12973,013280327730,10,reg/013280327730_0107134756|reg/013280327730_0107134756|reg/013280327730_
2017-01-07 13:48:31 INFO UpdateUserState: 013280327730,1
2017-01-07 13:49:06 INFO AddIdentifyResult: 12974,013280389020,12,
2017-01-07 13:49:14 INFO AddIdentifyResult: 12974,013280389020,10,reg/013280389020_0107134826|reg/013280389020_0107134826|reg/013280389020_
2017-01-07 13:49:14 INFO UpdateUserState: 013280389020,1
2017-01-07 13:50:02 INFO AddIdentifyResult: 12975,013287336752,-1,
2017-01-07 13:50:57 INFO AddIdentifyResult: 12976,013287336752,-1,
2017-01-07 13:51:33 INFO AddIdentifyResult: 12977,013287336752,-1,
2017-01-07 13:52:42 INFO AddIdentifyResult: 12978,013280336752,-1,
2017-01-07 13:52:50 INFO AddIdentifyResult: 12978,013280336752,-3,
2017-01-07 13:53:20 INFO AddIdentifyResult: 12979,013280389782,-1,
2017-01-07 13:53:29 INFO AddIdentifyResult: 12979,013280389782,-3,
2017-01-07 13:54:44 INFO AddIdentifyResult: 12978,013280336752,12,
2017-01-07 13:54:52 INFO AddIdentifyResult: 12978,013280336752,10,reg/013280336752_0107135550|reg/013280336752_0107135550|reg/013280336752_0107135438
2017-01-07 13:54:52 INFO UpdateUserState: 013280336752,1
2017-01-07 13:55:49 INFO AddIdentifyResult: 12979,013280389782,12,
2017-01-07 13:55:56 INFO AddIdentifyResult: 12979,013280389782,10,reg/013280389782_0107135706|reg/013280389782_0107135706|reg/013280389782_0107135517
2017-01-07 13:55:56 INFO UpdateUserState: 013280389782,1
2017-01-07 13:55:58 INFO AddIdentifyResult: 12980,015006873493,-1,
2017-01-07 13:56:13 INFO AddIdentifyResult: 12980,015006873493,-3,
2017-01-07 13:57:27 INFO AddIdentifyResult: 12981,015066097475,-1,
2017-01-07 13:57:37 INFO AddIdentifyResult: 12981,015066097475,-3,
2017-01-07 13:58:35 INFO AddIdentifyResult: 12980,015006873493,12,
2017-01-07 13:58:42 INFO AddIdentifyResult: 12980,015006873493,10,reg/015006873493_0107135801|reg/015006873493_0107135801|reg/015006873493_
2017-01-07 13:58:43 INFO UpdateUserState: 015006873493,1
2017-01-07 13:59:25 INFO AddIdentifyResult: 12981,015066097475,12,
2017-01-07 13:59:31 INFO AddIdentifyResult: 12981,015066097475,10,reg/015066097475_0107135925|reg/015066097475_0107135925|reg/015066097475_
2017-01-07 13:59:32 INFO UpdateUserState: 015066097475,1
2017-01-07 14:00:48 INFO AddIdentifyResult: 12982,013280326715,-1,
2017-01-07 14:00:58 INFO AddIdentifyResult: 12982,013280326715,-3,
2017-01-07 14:01:55 INFO AddIdentifyResult: 12983,013280390223,-1,
2017-01-07 14:02:00 INFO AddIdentifyResult: 12983,013280390223,-3,
2017-01-07 14:03:27 INFO AddIdentifyResult: 12982,013280326715,12,
2017-01-07 14:03:34 INFO AddIdentifyResult: 12982,013280326715,10,reg/013280326715_0107140246|reg/013280326715_0107140246|reg/013280326715_
2017-01-07 14:03:34 INFO UpdateUserState: 013280326715,1
2017-01-07 14:03:34 INFO AddIdentifyResult: 12983,013280390223,12,
2017-01-07 14:03:41 INFO AddIdentifyResult: 12983,013280390223,10,reg/013280390223_0107140348|reg/013280390223_0107140348|reg/013280390223_
2017-01-07 14:03:41 INFO UpdateUserState: 013280390223,1
2017-01-07 14:04:36 INFO AddIdentifyResult: 12984,013280336703,-1,
2017-01-07 14:06:36 INFO AddIdentifyResult: 12985,013280336703,-1,
2017-01-07 14:06:48 INFO AddIdentifyResult: 12985,013280336703,-3,
2017-01-07 14:07:13 INFO AddIdentifyResult: 12986,013280382910,-1,
2017-01-07 14:07:21 INFO AddIdentifyResult: 12986,013280382910,-3,
2017-01-07 14:08:44 INFO AddIdentifyResult: 12985,013280336703,12,
2017-01-07 14:08:51 INFO AddIdentifyResult: 12985,013280336703,10,reg/013280336703_0107140836|reg/013280336703_0107140836|reg/013280336703_
2017-01-07 14:08:51 INFO UpdateUserState: 013280336703,1
2017-01-07 14:09:27 INFO AddIdentifyResult: 12986,013280382910,12,
2017-01-07 14:09:33 INFO AddIdentifyResult: 12986,013280382910,10,reg/013280382910_0107141048|reg/013280382910_0107141048|reg/013280382910_0107140909
2017-01-07 14:09:33 INFO UpdateUserState: 013280382910,1
2017-01-07 14:09:35 INFO AddIdentifyResult: 12987,013563382045,-1,
2017-01-07 14:09:42 INFO AddIdentifyResult: 12987,013563382045,-3,
2017-01-07 14:11:05 INFO AddIdentifyResult: 12988,013280331701,-1,
2017-01-07 14:11:15 INFO AddIdentifyResult: 12988,013280331701,-3,
2017-01-07 14:11:39 INFO AddIdentifyResult: 12987,013563382045,12,
2017-01-07 14:11:45 INFO AddIdentifyResult: 12987,013563382045,10,reg/013563382045_0107141130|reg/013563382045_0107141130|reg/013563382045_
2017-01-07 14:11:46 INFO UpdateUserState: 013563382045,1
2017-01-07 14:12:46 INFO AddIdentifyResult: 12989,015154684782,-1,
2017-01-07 14:12:53 INFO AddIdentifyResult: 12989,015154684782,-3,
2017-01-07 14:12:56 INFO AddIdentifyResult: 12988,013280331701,12,
2017-01-07 14:13:04 INFO AddIdentifyResult: 12988,013280331701,10,reg/013280331701_0107141303|reg/013280331701_0107141303|reg/013280331701_
2017-01-07 14:13:04 INFO UpdateUserState: 013280331701,1
2017-01-07 14:14:39 INFO AddIdentifyResult: 12989,015154684782,12,
2017-01-07 14:14:46 INFO AddIdentifyResult: 12989,015154684782,10,reg/015154684782_0107141441|reg/015154684782_0107141441|reg/015154684782_
2017-01-07 14:14:46 INFO UpdateUserState: 015154684782,1
2017-01-07 14:14:50 INFO AddIdentifyResult: 12990,013280390391,-1,
2017-01-07 14:14:55 INFO AddIdentifyResult: 12990,013280390391,-3,
2017-01-07 14:16:45 INFO AddIdentifyResult: 12990,013280390391,12,
2017-01-07 14:16:52 INFO AddIdentifyResult: 12990,013280390391,10,reg/013280390391_0107141643|reg/013280390391_0107141643|reg/013280390391_
2017-01-07 14:16:52 INFO UpdateUserState: 013280390391,1
2017-01-07 14:16:55 INFO AddIdentifyResult: 12991,013280332075,-1,
2017-01-07 14:17:06 INFO AddIdentifyResult: 12991,013280332075,-3,
2017-01-07 14:18:39 INFO AddIdentifyResult: 12991,013280332075,12,
2017-01-07 14:18:46 INFO AddIdentifyResult: 12991,013280332075,10,reg/013280332075_0107141854|reg/013280332075_0107141854|reg/013280332075_
2017-01-07 14:18:46 INFO UpdateUserState: 013280332075,1
2017-01-07 14:19:02 INFO AddIdentifyResult: 12992,013864715524,-1,
2017-01-07 14:19:12 INFO AddIdentifyResult: 12992,013864715524,-3,
2017-01-07 14:20:49 INFO AddIdentifyResult: 12992,013864715524,12,
2017-01-07 14:20:56 INFO AddIdentifyResult: 12992,013864715524,10,reg/013864715524_0107142100|reg/013864715524_0107142100|reg/013864715524_
2017-01-07 14:20:56 INFO UpdateUserState: 013864715524,1
2017-01-07 14:20:59 INFO AddIdentifyResult: 12993,013280390531,-1,
2017-01-07 14:21:06 INFO AddIdentifyResult: 12993,013280390531,-3,
2017-01-07 14:21:54 INFO AddIdentifyResult: 12994,013280338615,-1,
2017-01-07 14:22:08 INFO AddIdentifyResult: 12994,013280338615,-3,
2017-01-07 14:23:06 INFO AddIdentifyResult: 12993,013280390531,12,
2017-01-07 14:23:12 INFO AddIdentifyResult: 12993,013280390531,10,reg/013280390531_0107142254|reg/013280390531_0107142254|reg/013280390531_
2017-01-07 14:23:13 INFO UpdateUserState: 013280390531,1
2017-01-07 14:23:15 INFO AddIdentifyResult: 12995,018766476585,-1,
2017-01-07 14:23:22 INFO AddIdentifyResult: 12995,018766476585,-3,
2017-01-07 14:24:37 INFO AddIdentifyResult: 12994,013280338615,12,
2017-01-07 14:24:45 INFO AddIdentifyResult: 12994,013280338615,10,reg/013280338615_0107142543|reg/013280338615_0107142543|reg/013280338615_0107142356
2017-01-07 14:24:45 INFO UpdateUserState: 013280338615,1
2017-01-07 14:25:10 INFO AddIdentifyResult: 12995,018766476585,12,
2017-01-07 14:25:16 INFO AddIdentifyResult: 12995,018766476585,10,reg/018766476585_0107142510|reg/018766476585_0107142510|reg/018766476585_
2017-01-07 14:25:17 INFO UpdateUserState: 018766476585,1
2017-01-07 14:25:39 INFO AddIdentifyResult: 12996,013280336857,-1,
2017-01-07 14:25:41 INFO AddIdentifyResult: 12997,018315465739,-1,
2017-01-07 14:25:53 INFO AddIdentifyResult: 12996,013280336857,-3,
2017-01-07 14:26:06 INFO AddIdentifyResult: 12997,018315465739,-3,
2017-01-07 14:26:24 INFO AddIdentifyResult: 12998,013280336857,-1,
2017-01-07 14:26:38 INFO AddIdentifyResult: 12996,013280336857,11,reg/013280336857_|reg/013280336857_|reg/013280336857_
2017-01-07 14:26:48 INFO AddIdentifyResult: 12999,013280336857,-1,
2017-01-07 14:26:56 INFO AddIdentifyResult: 12999,013280336857,-3,
2017-01-07 14:28:03 INFO AddIdentifyResult: 12997,018315465739,12,
2017-01-07 14:28:12 INFO AddIdentifyResult: 12997,018315465739,10,reg/018315465739_0107142754|reg/018315465739_0107142754|reg/018315465739_
2017-01-07 14:28:12 INFO UpdateUserState: 018315465739,1
2017-01-07 14:28:16 INFO AddIdentifyResult: 13000,013280390690,-1,
2017-01-07 14:28:21 INFO AddIdentifyResult: 13000,013280390690,-3,
2017-01-07 14:28:35 INFO AddIdentifyResult: 12999,013280336857,12,
2017-01-07 14:28:41 INFO AddIdentifyResult: 12999,013280336857,10,reg/013280336857_0107142844|reg/013280336857_0107142844|reg/013280336857_
2017-01-07 14:28:41 INFO UpdateUserState: 013280336857,1
2017-01-07 14:30:22 INFO AddIdentifyResult: 13000,013280390690,12,
2017-01-07 14:30:30 INFO AddIdentifyResult: 13000,013280390690,10,reg/013280390690_0107143009|reg/013280390690_0107143009|reg/013280390690_
2017-01-07 14:30:30 INFO UpdateUserState: 013280390690,1
2017-01-07 14:31:02 INFO AddIdentifyResult: 13001,013280337559,-1,
2017-01-07 14:31:09 INFO AddIdentifyResult: 13001,013280337559,-3,
2017-01-07 14:31:13 INFO AddIdentifyResult: 13002,013153417493,-1,
2017-01-07 14:31:22 INFO AddIdentifyResult: 13002,013153417493,-3,
2017-01-07 14:33:01 INFO AddIdentifyResult: 13001,013280337559,12,
2017-01-07 14:33:08 INFO AddIdentifyResult: 13001,013280337559,10,reg/013280337559_0107143411|reg/013280337559_0107143411|reg/013280337559_0107143257
2017-01-07 14:33:09 INFO UpdateUserState: 013280337559,1
2017-01-07 14:33:18 INFO AddIdentifyResult: 13002,013153417493,12,
2017-01-07 14:33:21 INFO AddIdentifyResult: 13003,013518664329,-1,
2017-01-07 14:33:25 INFO AddIdentifyResult: 13002,013153417493,10,reg/013153417493_0107143310|reg/013153417493_0107143310|reg/013153417493_
2017-01-07 14:33:25 INFO UpdateUserState: 013153417493,1
2017-01-07 14:33:28 INFO AddIdentifyResult: 13004,013280390692,-1,
2017-01-07 14:33:31 INFO AddIdentifyResult: 13003,013518664329,-3,
2017-01-07 14:33:33 INFO AddIdentifyResult: 13004,013280390692,-3,
2017-01-07 14:33:48 INFO AddIdentifyResult: 13004,013280390692,11,reg/013280390692_|reg/013280390692_|reg/013280390692_
2017-01-07 14:33:54 INFO AddIdentifyResult: 13005,013280390692,-1,
2017-01-07 14:33:59 INFO AddIdentifyResult: 13005,013280390692,-3,
2017-01-07 14:35:36 INFO AddIdentifyResult: 13005,013280390692,12,
2017-01-07 14:35:37 INFO AddIdentifyResult: 13003,013518664329,12,
2017-01-07 14:35:42 INFO AddIdentifyResult: 13005,013280390692,10,reg/013280390692_0107143548|reg/013280390692_0107143548|reg/013280390692_
2017-01-07 14:35:42 INFO UpdateUserState: 013280390692,1
2017-01-07 14:35:49 INFO AddIdentifyResult: 13003,013518664329,10,reg/013518664329_0107143647|reg/013518664329_0107143647|reg/013518664329_0107143519
2017-01-07 14:35:49 INFO UpdateUserState: 013518664329,1
2017-01-07 14:36:35 INFO AddIdentifyResult: 13006,013280392165,-1,
2017-01-07 14:36:50 INFO AddIdentifyResult: 13007,013280337596,-1,
2017-01-07 14:37:03 INFO AddIdentifyResult: 13008,013280392165,-1,
2017-01-07 14:38:39 INFO AddIdentifyResult: 13009,013280337596,-1,
2017-01-07 14:38:46 INFO AddIdentifyResult: 13009,013280337596,-3,
2017-01-07 14:39:56 INFO AddIdentifyResult: 13010,013280391610,-1,
2017-01-07 14:40:04 INFO AddIdentifyResult: 13010,013280391610,-3,
2017-01-07 14:40:22 INFO AddIdentifyResult: 13009,013280337596,12,
2017-01-07 14:40:30 INFO AddIdentifyResult: 13009,013280337596,10,reg/013280337596_0107144034|reg/013280337596_0107144034|reg/013280337596_
2017-01-07 14:40:30 INFO UpdateUserState: 013280337596,1
2017-01-07 14:41:24 INFO AddIdentifyResult: 13011,013280355898,-1,
2017-01-07 14:43:02 INFO AddIdentifyResult: 13010,013280391610,12,
2017-01-07 14:43:06 INFO AddIdentifyResult: 13012,013280355898,-1,
2017-01-07 14:43:09 INFO AddIdentifyResult: 13010,013280391610,10,reg/013280391610_0107144415|reg/013280391610_0107144415|reg/013280391610_0107144152
2017-01-07 14:43:09 INFO UpdateUserState: 013280391610,1
2017-01-07 14:43:14 INFO AddIdentifyResult: 13012,013280355898,-3,
2017-01-07 14:43:21 INFO AddIdentifyResult: 13013,013468273830,-1,
2017-01-07 14:43:40 INFO AddIdentifyResult: 13013,013468273830,-3,
2017-01-07 14:44:49 INFO AddIdentifyResult: 13012,013280355898,12,
2017-01-07 14:44:55 INFO AddIdentifyResult: 13012,013280355898,10,reg/013280355898_0107144502|reg/013280355898_0107144502|reg/013280355898_
2017-01-07 14:44:55 INFO UpdateUserState: 013280355898,1
2017-01-07 14:45:24 INFO AddIdentifyResult: 13013,013468273830,12,
2017-01-07 14:45:30 INFO AddIdentifyResult: 13013,013468273830,10,reg/013468273830_0107144528|reg/013468273830_0107144528|reg/013468273830_
2017-01-07 14:45:30 INFO UpdateUserState: 013468273830,1
2017-01-07 14:45:58 INFO AddIdentifyResult: 13014,013280337190,-1,
2017-01-07 14:46:14 INFO AddIdentifyResult: 13014,013280337190,-3,
2017-01-07 14:46:26 INFO AddIdentifyResult: 13015,013695460796,-1,
2017-01-07 14:46:45 INFO AddIdentifyResult: 13015,013695460796,-3,
2017-01-07 14:48:09 INFO AddIdentifyResult: 13014,013280337190,12,
2017-01-07 14:48:16 INFO AddIdentifyResult: 13014,013280337190,10,reg/013280337190_0107144802|reg/013280337190_0107144802|reg/013280337190_
2017-01-07 14:48:17 INFO UpdateUserState: 013280337190,1
2017-01-07 14:48:44 INFO AddIdentifyResult: 13015,013695460796,12,
2017-01-07 14:48:50 INFO AddIdentifyResult: 13015,013695460796,10,reg/013695460796_0107144834|reg/013695460796_0107144834|reg/013695460796_
2017-01-07 14:48:50 INFO UpdateUserState: 013695460796,1
2017-01-07 14:49:08 INFO AddIdentifyResult: 13016,013280392210,-1,
2017-01-07 14:49:13 INFO AddIdentifyResult: 13016,013280392210,-3,
2017-01-07 14:51:15 INFO AddIdentifyResult: 13017,013280322931,-1,
2017-01-07 14:51:21 INFO AddIdentifyResult: 13016,013280392210,12,
2017-01-07 14:51:25 INFO AddIdentifyResult: 13017,013280322931,-3,
2017-01-07 14:51:27 INFO AddIdentifyResult: 13016,013280392210,10,reg/013280392210_0107145102|reg/013280392210_0107145102|reg/013280392210_
2017-01-07 14:51:27 INFO UpdateUserState: 013280392210,1
2017-01-07 14:52:31 INFO AddIdentifyResult: 13018,013280392327,-1,
2017-01-07 14:52:41 INFO AddIdentifyResult: 13018,013280392327,-3,
2017-01-07 14:53:30 INFO AddIdentifyResult: 13017,013280322931,12,
2017-01-07 14:53:37 INFO AddIdentifyResult: 13017,013280322931,10,reg/013280322931_0107145441|reg/013280322931_0107145441|reg/013280322931_0107145313
2017-01-07 14:53:37 INFO UpdateUserState: 013280322931,1
2017-01-07 14:53:41 INFO AddIdentifyResult: 13019,013854616663,-1,
2017-01-07 14:53:52 INFO AddIdentifyResult: 13019,013854616663,-3,
2017-01-07 14:55:40 INFO AddIdentifyResult: 13018,013280392327,12,
2017-01-07 14:55:47 INFO AddIdentifyResult: 13018,013280392327,10,reg/013280392327_0107145646|reg/013280392327_0107145646|reg/013280392327_0107145429
2017-01-07 14:55:47 INFO UpdateUserState: 013280392327,1
2017-01-07 14:55:52 INFO AddIdentifyResult: 13019,013854616663,12,
2017-01-07 14:55:59 INFO AddIdentifyResult: 13019,013854616663,10,reg/013854616663_0107145706|reg/013854616663_0107145706|reg/013854616663_0107145540
2017-01-07 14:55:59 INFO UpdateUserState: 013854616663,1
2017-01-07 14:56:02 INFO AddIdentifyResult: 13020,013280392165,-1,
2017-01-07 14:56:09 INFO AddIdentifyResult: 13020,013280392165,-3,
2017-01-07 14:58:40 INFO AddIdentifyResult: 13020,013280392165,12,
2017-01-07 14:58:48 INFO AddIdentifyResult: 13020,013280392165,10,reg/013280392165_0107145757|reg/013280392165_0107145757|reg/013280392165_
2017-01-07 14:58:48 INFO UpdateUserState: 013280392165,1
2017-01-07 15:00:10 INFO AddIdentifyResult: 13021,013280392392,-1,
2017-01-07 15:00:19 INFO AddIdentifyResult: 13021,013280392392,-3,
2017-01-07 15:00:56 INFO AddIdentifyResult: 13022,013280337936,-1,
2017-01-07 15:01:03 INFO AddIdentifyResult: 13022,013280337936,-3,
2017-01-07 15:02:08 INFO AddIdentifyResult: 13021,013280392392,12,
2017-01-07 15:02:15 INFO AddIdentifyResult: 13021,013280392392,10,reg/013280392392_0107150207|reg/013280392392_0107150207|reg/013280392392_
2017-01-07 15:02:15 INFO UpdateUserState: 013280392392,1
2017-01-07 15:02:20 INFO AddIdentifyResult: 13023,013475276019,-1,
2017-01-07 15:02:28 INFO AddIdentifyResult: 13023,013475276019,-3,
2017-01-07 15:03:34 INFO AddIdentifyResult: 13022,013280337936,12,
2017-01-07 15:03:41 INFO AddIdentifyResult: 13022,013280337936,10,reg/013280337936_0107150438|reg/013280337936_0107150438|reg/013280337936_0107150251
2017-01-07 15:03:41 INFO UpdateUserState: 013280337936,1
2017-01-07 15:03:45 INFO AddIdentifyResult: 13024,015553898578,-1,
2017-01-07 15:03:52 INFO AddIdentifyResult: 13024,015553898578,-3,
2017-01-07 15:03:54 INFO AddIdentifyResult: 13023,013475276019,12,
2017-01-07 15:04:01 INFO AddIdentifyResult: 13023,013475276019,10,reg/013475276019_0107150416|reg/013475276019_0107150416|reg/013475276019_
2017-01-07 15:04:02 INFO UpdateUserState: 013475276019,1
2017-01-07 15:05:45 INFO AddIdentifyResult: 13025,015265867946,-1,
2017-01-07 15:05:53 INFO AddIdentifyResult: 13025,015265867946,-3,
2017-01-07 15:06:37 INFO AddIdentifyResult: 13024,015553898578,12,
2017-01-07 15:06:44 INFO AddIdentifyResult: 13024,015553898578,10,reg/015553898578_0107150754|reg/015553898578_0107150754|reg/015553898578_0107150540
2017-01-07 15:06:44 INFO UpdateUserState: 015553898578,1
2017-01-07 15:07:35 INFO AddIdentifyResult: 13026,013280337661,-1,
2017-01-07 15:07:45 INFO AddIdentifyResult: 13026,013280337661,-3,
2017-01-07 15:08:09 INFO AddIdentifyResult: 13025,015265867946,12,
2017-01-07 15:08:17 INFO AddIdentifyResult: 13025,015265867946,10,reg/015265867946_0107150741|reg/015265867946_0107150741|reg/015265867946_
2017-01-07 15:08:17 INFO UpdateUserState: 015265867946,1
2017-01-07 15:08:36 INFO AddIdentifyResult: 13027,013280392670,-1,
2017-01-07 15:08:43 INFO AddIdentifyResult: 13027,013280392670,-3,
2017-01-07 15:09:30 INFO AddIdentifyResult: 13026,013280337661,12,
2017-01-07 15:09:37 INFO AddIdentifyResult: 13026,013280337661,10,reg/013280337661_0107150933|reg/013280337661_0107150933|reg/013280337661_
2017-01-07 15:09:38 INFO UpdateUserState: 013280337661,1
2017-01-07 15:10:51 INFO AddIdentifyResult: 13028,013280338017,-1,
2017-01-07 15:10:59 INFO AddIdentifyResult: 13028,013280338017,-3,
2017-01-07 15:11:05 INFO AddIdentifyResult: 13027,013280392670,12,
2017-01-07 15:11:13 INFO AddIdentifyResult: 13027,013280392670,10,reg/013280392670_0107151031|reg/013280392670_0107151031|reg/013280392670_
2017-01-07 15:11:13 INFO UpdateUserState: 013280392670,1
2017-01-07 15:13:02 INFO AddIdentifyResult: 13028,013280338017,12,
2017-01-07 15:13:08 INFO AddIdentifyResult: 13028,013280338017,10,reg/013280338017_0107151247|reg/013280338017_0107151247|reg/013280338017_
2017-01-07 15:13:08 INFO UpdateUserState: 013280338017,1
2017-01-07 15:13:41 INFO AddIdentifyResult: 13029,013280392671,-1,
2017-01-07 15:13:45 INFO AddIdentifyResult: 13030,013280338530,-1,
2017-01-07 15:13:50 INFO AddIdentifyResult: 13029,013280392671,-3,
2017-01-07 15:13:52 INFO AddIdentifyResult: 13030,013280338530,-3,
2017-01-07 15:14:11 INFO AddIdentifyResult: 13030,013280338530,11,reg/013280338530_|reg/013280338530_|reg/013280338530_
2017-01-07 15:14:16 INFO AddIdentifyResult: 13031,013280338530,-1,
2017-01-07 15:14:24 INFO AddIdentifyResult: 13032,013280338113,-1,
2017-01-07 15:14:25 INFO AddIdentifyResult: 13031,013280338530,-3,
2017-01-07 15:14:38 INFO AddIdentifyResult: 13032,013280338113,-3,
2017-01-07 15:15:55 INFO AddIdentifyResult: 13029,013280392671,12,
2017-01-07 15:16:02 INFO AddIdentifyResult: 13029,013280392671,10,reg/013280392671_0107151539|reg/013280392671_0107151539|reg/013280392671_
2017-01-07 15:16:03 INFO UpdateUserState: 013280392671,1
2017-01-07 15:16:46 INFO AddIdentifyResult: 13031,013280338530,12,
2017-01-07 15:16:55 INFO AddIdentifyResult: 13031,013280338530,10,reg/013280338530_0107151614|reg/013280338530_0107151614|reg/013280338530_
2017-01-07 15:16:55 INFO UpdateUserState: 013280338530,1
2017-01-07 15:17:23 INFO AddIdentifyResult: 13032,013280338113,12,
2017-01-07 15:17:30 INFO AddIdentifyResult: 13032,013280338113,10,reg/013280338113_0107151816|reg/013280338113_0107151816|reg/013280338113_0107151626
2017-01-07 15:17:30 INFO UpdateUserState: 013280338113,1
2017-01-07 15:18:24 INFO AddIdentifyResult: 13033,013280392691,-1,
2017-01-07 15:18:34 INFO AddIdentifyResult: 13033,013280392691,-3,
2017-01-07 15:18:40 INFO AddIdentifyResult: 13034,013280392705,-1,
2017-01-07 15:18:46 INFO AddIdentifyResult: 13035,015166265408,-1,
2017-01-07 15:18:46 INFO AddIdentifyResult: 13034,013280392705,-3,
2017-01-07 15:18:57 INFO AddIdentifyResult: 13035,015166265408,-3,
2017-01-07 15:20:07 INFO AddIdentifyResult: 13033,013280392691,12,
2017-01-07 15:20:14 INFO AddIdentifyResult: 13033,013280392691,10,reg/013280392691_0107152022|reg/013280392691_0107152022|reg/013280392691_
2017-01-07 15:20:14 INFO UpdateUserState: 013280392691,1
2017-01-07 15:20:56 INFO AddIdentifyResult: 13036,015066098917,-1,
2017-01-07 15:20:58 INFO AddIdentifyResult: 13035,015166265408,12,
2017-01-07 15:21:02 INFO AddIdentifyResult: 13036,015066098917,-3,
2017-01-07 15:21:06 INFO AddIdentifyResult: 13035,015166265408,10,reg/015166265408_0107152045|reg/015166265408_0107152045|reg/015166265408_
2017-01-07 15:21:06 INFO UpdateUserState: 015166265408,1
2017-01-07 15:21:18 INFO AddIdentifyResult: 13034,013280392705,12,
2017-01-07 15:21:26 INFO AddIdentifyResult: 13034,013280392705,10,reg/013280392705_0107152034|reg/013280392705_0107152034|reg/013280392705_
2017-01-07 15:21:26 INFO UpdateUserState: 013280392705,1
2017-01-07 15:21:48 INFO AddIdentifyResult: 13037,013455709182,-1,
2017-01-07 15:21:53 INFO AddIdentifyResult: 13036,015066098917,11,reg/015066098917_|reg/015066098917_|reg/015066098917_
2017-01-07 15:22:07 INFO AddIdentifyResult: 13037,013455709182,-3,
2017-01-07 15:22:40 INFO AddIdentifyResult: 13038,015066098917,-1,
2017-01-07 15:22:47 INFO AddIdentifyResult: 13038,015066098917,-3,
2017-01-07 15:24:05 INFO AddIdentifyResult: 13037,013455709182,12,
2017-01-07 15:24:12 INFO AddIdentifyResult: 13037,013455709182,10,reg/013455709182_0107152519|reg/013455709182_0107152519|reg/013455709182_0107152356
2017-01-07 15:24:12 INFO UpdateUserState: 013455709182,1
2017-01-07 15:24:25 INFO AddIdentifyResult: 13039,015154632736,-1,
2017-01-07 15:24:35 INFO AddIdentifyResult: 13039,015154632736,-3,
2017-01-07 15:25:18 INFO AddIdentifyResult: 13038,015066098917,12,
2017-01-07 15:25:27 INFO AddIdentifyResult: 13038,015066098917,10,reg/015066098917_0107152435|reg/015066098917_0107152435|reg/015066098917_
2017-01-07 15:25:27 INFO UpdateUserState: 015066098917,1
2017-01-07 15:26:37 INFO AddIdentifyResult: 13039,015154632736,12,
2017-01-07 15:26:45 INFO AddIdentifyResult: 13039,015154632736,10,reg/015154632736_0107152624|reg/015154632736_0107152624|reg/015154632736_
2017-01-07 15:26:45 INFO UpdateUserState: 015154632736,1
2017-01-07 15:26:47 INFO AddIdentifyResult: 13040,013280336831,-1,
2017-01-07 15:30:55 INFO AddIdentifyResult: 13041,013280338253,-1,
2017-01-07 15:31:14 INFO AddIdentifyResult: 13041,013280338253,-3,
2017-01-07 15:31:21 INFO AddIdentifyResult: 13041,013280338253,11,reg/013280338253_|reg/013280338253_|reg/013280338253_
2017-01-07 15:32:40 INFO AddIdentifyResult: 13042,013280338253,-1,
2017-01-07 15:32:50 INFO AddIdentifyResult: 13042,013280338253,-3,
2017-01-07 15:35:24 INFO AddIdentifyResult: 13042,013280338253,12,
2017-01-07 15:35:30 INFO AddIdentifyResult: 13042,013280338253,10,reg/013280338253_0107153622|reg/013280338253_0107153622|reg/013280338253_0107153439
2017-01-07 15:35:30 INFO UpdateUserState: 013280338253,1
2017-01-07 15:35:32 INFO AddIdentifyResult: 13043,015275445090,-1,
2017-01-07 15:36:55 INFO AddIdentifyResult: 13044,015275445090,-1,
2017-01-07 15:37:05 INFO AddIdentifyResult: 13044,015275445090,-3,
2017-01-07 15:40:57 INFO AddIdentifyResult: 13044,015275445090,11,reg/015275445090_|reg/015275445090_|reg/015275445090_
2017-01-07 15:41:25 INFO AddIdentifyResult: 13045,015275445090,-1,
2017-01-07 15:41:34 INFO AddIdentifyResult: 13045,015275445090,-3,
2017-01-07 15:41:45 INFO AddIdentifyResult: 13045,015275445090,11,reg/015275445090_|reg/015275445090_|reg/015275445090_
2017-01-07 15:41:46 INFO AddIdentifyResult: 13046,013280338930,-1,
2017-01-07 15:41:49 INFO AddIdentifyResult: 13047,015275445090,-1,
2017-01-07 15:41:56 INFO AddIdentifyResult: 13046,013280338930,-3,
2017-01-07 15:41:56 INFO AddIdentifyResult: 13047,015275445090,-3,
2017-01-07 15:42:08 INFO AddIdentifyResult: 13047,015275445090,11,reg/015275445090_|reg/015275445090_|reg/015275445090_
2017-01-07 15:43:18 INFO AddIdentifyResult: 13048,015275445090,-1,
2017-01-07 15:43:32 INFO AddIdentifyResult: 13048,015275445090,-3,
2017-01-07 15:43:53 INFO AddIdentifyResult: 13046,013280338930,12,
2017-01-07 15:44:00 INFO AddIdentifyResult: 13046,013280338930,10,reg/013280338930_0107154345|reg/013280338930_0107154345|reg/013280338930_
2017-01-07 15:44:01 INFO UpdateUserState: 013280338930,1
2017-01-07 15:45:37 INFO AddIdentifyResult: 13048,015275445090,11,reg/015275445090_|reg/015275445090_|reg/015275445090_
2017-01-07 15:46:29 INFO AddIdentifyResult: 13049,015275445090,-1,
2017-01-07 15:46:37 INFO AddIdentifyResult: 13049,015275445090,-3,
2017-01-07 15:49:05 INFO AddIdentifyResult: 13049,015275445090,11,reg/015275445090_|reg/015275445090_|reg/015275445090_
2017-01-07 15:49:18 INFO AddIdentifyResult: 13050,013280336831,-1,
2017-01-07 15:49:25 INFO AddIdentifyResult: 13050,013280336831,-3,
2017-01-07 15:50:31 INFO AddIdentifyResult: 13051,013280362526,-1,
2017-01-07 15:50:45 INFO AddIdentifyResult: 13051,013280362526,-3,
2017-01-07 15:51:00 INFO AddIdentifyResult: 13050,013280336831,12,
2017-01-07 15:51:06 INFO AddIdentifyResult: 13050,013280336831,10,reg/013280336831_0107155226|reg/013280336831_0107155226|reg/013280336831_0107155114
2017-01-07 15:51:06 INFO UpdateUserState: 013280336831,1
2017-01-07 15:52:30 INFO AddIdentifyResult: 13051,013280362526,12,
2017-01-07 15:52:38 INFO AddIdentifyResult: 13051,013280362526,10,reg/013280362526_0107155234|reg/013280362526_0107155234|reg/013280362526_
2017-01-07 15:52:38 INFO UpdateUserState: 013280362526,1
2017-01-07 15:52:39 INFO AddIdentifyResult: 13052,015275445090,-1,
2017-01-07 15:52:50 INFO AddIdentifyResult: 13052,015275445090,-3,
2017-01-07 15:54:58 INFO AddIdentifyResult: 13052,015275445090,12,
2017-01-07 15:55:04 INFO AddIdentifyResult: 13052,015275445090,10,reg/015275445090_0107155622|reg/015275445090_0107155622|reg/015275445090_0107155439
2017-01-07 15:55:04 INFO UpdateUserState: 015275445090,1
2017-01-07 15:55:09 INFO AddIdentifyResult: 13053,018354617806,-1,
2017-01-07 15:55:32 INFO AddIdentifyResult: 13053,018354617806,-3,
2017-01-07 15:56:52 INFO AddIdentifyResult: 13053,018354617806,11,reg/018354617806_|reg/018354617806_|reg/018354617806_
2017-01-07 15:57:42 INFO AddIdentifyResult: 13054,018354617806,-1,
2017-01-07 15:57:52 INFO AddIdentifyResult: 13054,018354617806,-3,
2017-01-07 15:59:07 INFO AddIdentifyResult: 13055,013280338582,-1,
2017-01-07 15:59:17 INFO AddIdentifyResult: 13054,018354617806,11,reg/018354617806_|reg/018354617806_|reg/018354617806_
2017-01-07 15:59:17 INFO AddIdentifyResult: 13055,013280338582,-3,
2017-01-07 16:00:40 INFO AddIdentifyResult: 13056,018354617806,-1,
2017-01-07 16:01:06 INFO AddIdentifyResult: 13057,018354617806,-1,
2017-01-07 16:01:17 INFO AddIdentifyResult: 13055,013280338582,12,
2017-01-07 16:01:24 INFO AddIdentifyResult: 13055,013280338582,10,reg/013280338582_0107160106|reg/013280338582_0107160106|reg/013280338582_
2017-01-07 16:01:24 INFO UpdateUserState: 013280338582,1
2017-01-07 16:01:34 INFO AddIdentifyResult: 13058,015275615949,-1,
2017-01-07 16:01:49 INFO AddIdentifyResult: 13058,015275615949,-3,
2017-01-07 16:01:58 INFO AddIdentifyResult: 13059,018354617806,-1,
2017-01-07 16:02:08 INFO AddIdentifyResult: 13059,018354617806,-3,
2017-01-07 16:03:54 INFO AddIdentifyResult: 13058,015275615949,12,
2017-01-07 16:04:01 INFO AddIdentifyResult: 13058,015275615949,10,reg/015275615949_0107160337|reg/015275615949_0107160337|reg/015275615949_
2017-01-07 16:04:01 INFO UpdateUserState: 015275615949,1
2017-01-07 16:04:05 INFO AddIdentifyResult: 13059,018354617806,12,
2017-01-07 16:04:14 INFO AddIdentifyResult: 13059,018354617806,10,reg/018354617806_0107160356|reg/018354617806_0107160356|reg/018354617806_
2017-01-07 16:04:15 INFO UpdateUserState: 018354617806,1
2017-01-07 16:06:14 INFO AddIdentifyResult: 13060,015066054568,-1,
2017-01-07 16:06:25 INFO AddIdentifyResult: 13060,015066054568,-3,
2017-01-07 16:06:35 INFO AddIdentifyResult: 13061,013280339003,-1,
2017-01-07 16:06:47 INFO AddIdentifyResult: 13061,013280339003,-3,
2017-01-07 16:08:05 INFO AddIdentifyResult: 13060,015066054568,12,
2017-01-07 16:08:11 INFO AddIdentifyResult: 13060,015066054568,10,reg/015066054568_0107160813|reg/015066054568_0107160813|reg/015066054568_
2017-01-07 16:08:12 INFO UpdateUserState: 015066054568,1
2017-01-07 16:08:15 INFO AddIdentifyResult: 13062,013280338927,-1,
2017-01-07 16:08:23 INFO AddIdentifyResult: 13062,013280338927,-3,
2017-01-07 16:08:44 INFO AddIdentifyResult: 13061,013280339003,12,
2017-01-07 16:08:52 INFO AddIdentifyResult: 13061,013280339003,10,reg/013280339003_0107160836|reg/013280339003_0107160836|reg/013280339003_
2017-01-07 16:08:52 INFO UpdateUserState: 013280339003,1
2017-01-07 16:10:37 INFO AddIdentifyResult: 13062,013280338927,12,
2017-01-07 16:10:44 INFO AddIdentifyResult: 13062,013280338927,10,reg/013280338927_0107161011|reg/013280338927_0107161011|reg/013280338927_
2017-01-07 16:10:44 INFO UpdateUserState: 013280338927,1
2017-01-07 16:11:27 INFO AddIdentifyResult: 13063,015263831850,-1,
2017-01-07 16:12:30 INFO AddIdentifyResult: 13064,015263831850,-1,
2017-01-07 16:12:31 INFO AddIdentifyResult: 13065,015965463852,-1,
2017-01-07 16:12:40 INFO AddIdentifyResult: 13064,015263831850,-3,
2017-01-07 16:12:41 INFO AddIdentifyResult: 13065,015965463852,-3,
2017-01-07 16:14:09 INFO AddIdentifyResult: 13064,015263831850,12,
2017-01-07 16:14:16 INFO AddIdentifyResult: 13064,015263831850,10,reg/015263831850_0107161428|reg/015263831850_0107161428|reg/015263831850_
2017-01-07 16:14:16 INFO UpdateUserState: 015263831850,1
2017-01-07 16:14:58 INFO AddIdentifyResult: 13065,015965463852,12,
2017-01-07 16:15:05 INFO AddIdentifyResult: 13065,015965463852,10,reg/015965463852_0107161429|reg/015965463852_0107161429|reg/015965463852_
2017-01-07 16:15:05 INFO UpdateUserState: 015965463852,1
2017-01-07 16:16:08 INFO AddIdentifyResult: 13066,013280338975,-1,
2017-01-07 16:16:46 INFO AddIdentifyResult: 13067,013280338975,-1,
2017-01-07 16:17:14 INFO AddIdentifyResult: 13068,013280338975,-1,
2017-01-07 16:19:32 INFO AddIdentifyResult: 13069,013280332050,-1,
2017-01-07 16:19:44 INFO AddIdentifyResult: 13069,013280332050,-3,
2017-01-07 16:20:18 INFO AddIdentifyResult: 13069,013280332050,11,reg/013280332050_|reg/013280332050_|reg/013280332050_
2017-01-07 16:20:26 INFO AddIdentifyResult: 13070,013280332050,-1,
2017-01-07 16:20:36 INFO AddIdentifyResult: 13070,013280332050,-3,
2017-01-07 16:22:08 INFO AddIdentifyResult: 13070,013280332050,12,
2017-01-07 16:22:15 INFO AddIdentifyResult: 13070,013280332050,10,reg/013280332050_0107162224|reg/013280332050_0107162224|reg/013280332050_
2017-01-07 16:22:15 INFO UpdateUserState: 013280332050,1
2017-01-07 16:23:50 INFO AddIdentifyResult: 13071,013280338975,-1,
2017-01-07 16:23:56 INFO AddIdentifyResult: 13071,013280338975,-3,
2017-01-07 16:25:02 INFO AddIdentifyResult: 13072,013280337192,-1,
2017-01-07 16:25:12 INFO AddIdentifyResult: 13072,013280337192,-3,
2017-01-07 16:25:48 INFO AddIdentifyResult: 13071,013280338975,12,
2017-01-07 16:25:56 INFO AddIdentifyResult: 13071,013280338975,10,reg/013280338975_0107162544|reg/013280338975_0107162544|reg/013280338975_
2017-01-07 16:25:56 INFO UpdateUserState: 013280338975,1
2017-01-07 16:27:24 INFO AddIdentifyResult: 13072,013280337192,12,
2017-01-07 16:27:32 INFO AddIdentifyResult: 13072,013280337192,10,reg/013280337192_0107162700|reg/013280337192_0107162700|reg/013280337192_
2017-01-07 16:27:32 INFO UpdateUserState: 013280337192,1
2017-01-07 16:31:59 INFO AddIdentifyResult: 13073,013280337661,-1,
2017-01-07 16:32:06 INFO AddIdentifyResult: 13073,013280337661,-3,
2017-01-07 16:33:06 INFO AddIdentifyResult: 13074,013280337661,-1,
2017-01-07 16:33:12 INFO AddIdentifyResult: 13074,013280337661,-3,
2017-01-07 16:35:31 INFO AddIdentifyResult: 13074,013280337661,12,
2017-01-07 16:35:36 INFO AddIdentifyResult: 13073,013280337661,11,reg/013280337661_|reg/013280337661_|reg/013280337661_
2017-01-07 16:35:38 INFO AddIdentifyResult: 13074,013280337661,10,reg/013280337661_0107163648|reg/013280337661_0107163648|reg/013280337661_0107163500
2017-01-07 16:35:39 INFO UpdateUserState: 013280337661,1
2017-01-07 16:35:45 INFO AddIdentifyResult: 13075,015954608557,-1,
2017-01-07 16:35:56 INFO AddIdentifyResult: 13075,015954608557,-3,
2017-01-07 16:37:35 INFO AddIdentifyResult: 13075,015954608557,12,
2017-01-07 16:37:43 INFO AddIdentifyResult: 13075,015954608557,10,reg/015954608557_0107163744|reg/015954608557_0107163744|reg/015954608557_
2017-01-07 16:37:43 INFO UpdateUserState: 015954608557,1
