2017-03-01 08:33:46 INFO AddIdentifyResult: 19437,15572882871,-1,
2017-03-01 08:34:29 INFO AddIdentifyResult: 19438,015572882871,-1,
2017-03-01 08:34:40 INFO AddIdentifyResult: 19438,015572882871,-3,
2017-03-01 08:37:12 INFO AddIdentifyResult: 19438,015572882871,12,
2017-03-01 08:37:21 INFO AddIdentifyResult: 19438,015572882871,10,reg/015572882871_0301083619|reg/015572882871_0301083619|reg/015572882871_
2017-03-01 08:37:21 INFO UpdateUserState: 015572882871,1
2017-03-01 08:37:36 INFO AddIdentifyResult: 19439,015572882871,-1,
2017-03-01 08:37:44 INFO AddIdentifyResult: 19439,015572882871,-3,
2017-03-01 08:38:36 INFO AddIdentifyResult: 19439,015572882871,1,ver/03/01/083924_015572882871.wav
2017-03-01 08:39:29 INFO AddIdentifyResult: 19440,015572882871,-1,
2017-03-01 08:39:39 INFO AddIdentifyResult: 19440,015572882871,-3,
2017-03-01 08:40:30 INFO AddIdentifyResult: 19440,015572882871,0,ver/03/01/084119_015572882871.wav
2017-03-01 09:16:06 INFO AddIdentifyResult: 19441,015671782572,-1,
2017-03-01 09:16:15 INFO AddIdentifyResult: 19441,015671782572,-3,
2017-03-01 09:18:11 INFO AddIdentifyResult: 19441,015671782572,11,reg/015671782572_|reg/015671782572_|reg/015671782572_
2017-03-01 09:18:27 INFO AddIdentifyResult: 19442,015671782572,-1,
2017-03-01 09:18:42 INFO AddIdentifyResult: 19442,015671782572,-3,
2017-03-01 09:19:28 INFO AddIdentifyResult: 19443,015572884507,-1,
2017-03-01 09:19:59 INFO AddIdentifyResult: 19444,015572884507,-1,
2017-03-01 09:20:15 INFO AddIdentifyResult: 19444,015572884507,-3,
2017-03-01 09:20:28 INFO AddIdentifyResult: 19442,015671782572,12,
2017-03-01 09:20:34 INFO AddIdentifyResult: 19442,015671782572,10,reg/015671782572_0301092022|reg/015671782572_0301092022|reg/015671782572_
2017-03-01 09:20:34 INFO UpdateUserState: 015671782572,1
2017-03-01 09:20:37 INFO AddIdentifyResult: 19445,015671782572,-1,
2017-03-01 09:20:44 INFO AddIdentifyResult: 19445,015671782572,-3,
2017-03-01 09:21:35 INFO AddIdentifyResult: 19445,015671782572,0,ver/03/01/092224_015671782572.wav
2017-03-01 09:23:17 INFO AddIdentifyResult: 19444,015572884507,12,
2017-03-01 09:23:27 INFO AddIdentifyResult: 19444,015572884507,10,reg/015572884507_0301092155|reg/015572884507_0301092155|reg/015572884507_
2017-03-01 09:23:27 INFO UpdateUserState: 015572884507,1
2017-03-01 09:23:35 INFO AddIdentifyResult: 19446,015572884507,-1,
2017-03-01 09:23:45 INFO AddIdentifyResult: 19446,015572884507,-3,
2017-03-01 09:24:37 INFO AddIdentifyResult: 19446,015572884507,0,ver/03/01/092525_015572884507.wav
2017-03-01 09:33:17 INFO AddIdentifyResult: 19447,015671782551,-1,
2017-03-01 09:33:24 INFO AddIdentifyResult: 19447,015671782551,-3,
2017-03-01 09:35:12 INFO AddIdentifyResult: 19447,015671782551,12,
2017-03-01 09:35:18 INFO AddIdentifyResult: 19447,015671782551,10,reg/015671782551_0301093504|reg/015671782551_0301093504|reg/015671782551_
2017-03-01 09:35:18 INFO UpdateUserState: 015671782551,1
2017-03-01 09:35:31 INFO AddIdentifyResult: 19448,015671782551,-1,
2017-03-01 09:35:36 INFO AddIdentifyResult: 19448,015671782551,-3,
2017-03-01 09:35:41 INFO AddIdentifyResult: 19449,015175235326,-1,
2017-03-01 09:35:59 INFO AddIdentifyResult: 19449,015175235326,-3,
2017-03-01 09:36:29 INFO AddIdentifyResult: 19448,015671782551,0,ver/03/01/093717_015671782551.wav
2017-03-01 09:39:11 INFO AddIdentifyResult: 19449,015175235326,12,
2017-03-01 09:39:17 INFO AddIdentifyResult: 19449,015175235326,10,reg/015175235326_0301093941|reg/015175235326_0301093941|reg/015175235326_0301093739
2017-03-01 09:39:17 INFO UpdateUserState: 015175235326,1
2017-03-01 09:39:22 INFO AddIdentifyResult: 19450,015175235326,-1,
2017-03-01 09:39:29 INFO AddIdentifyResult: 19450,015175235326,-3,
2017-03-01 09:40:53 INFO AddIdentifyResult: 19450,015175235326,0,ver/03/01/094157_015175235326.wav
2017-03-01 10:06:07 INFO AddIdentifyResult: 19451,015028230326,-1,
2017-03-01 10:06:13 INFO AddIdentifyResult: 19451,015028230326,-3,
2017-03-01 10:08:15 INFO AddIdentifyResult: 19451,015028230326,12,
2017-03-01 10:08:23 INFO AddIdentifyResult: 19451,015028230326,10,reg/015028230326_0301100753|reg/015028230326_0301100753|reg/015028230326_
2017-03-01 10:08:23 INFO UpdateUserState: 015028230326,1
2017-03-01 10:08:32 INFO AddIdentifyResult: 19452,015028230326,-1,
2017-03-01 10:08:38 INFO AddIdentifyResult: 19452,015028230326,-3,
2017-03-01 10:09:29 INFO AddIdentifyResult: 19452,015028230326,0,ver/03/01/101018_015028230326.wav
2017-03-01 10:20:45 INFO AddIdentifyResult: 19453,015362255839,-1,
2017-03-01 10:20:57 INFO AddIdentifyResult: 19454,015362255839,-1,
2017-03-01 10:21:17 INFO AddIdentifyResult: 19455,015362255839,-1,
2017-03-01 10:22:23 INFO AddIdentifyResult: 19456,015632255839,-1,
2017-03-01 10:22:28 INFO AddIdentifyResult: 19456,015632255839,-3,
2017-03-01 10:23:28 INFO AddIdentifyResult: 19457,015630239085,-1,
2017-03-01 10:23:33 INFO AddIdentifyResult: 19457,015630239085,-3,
2017-03-01 10:24:02 INFO AddIdentifyResult: 19457,015630239085,11,reg/015630239085_|reg/015630239085_|reg/015630239085_
2017-03-01 10:24:48 INFO AddIdentifyResult: 19456,015632255839,12,
2017-03-01 10:24:54 INFO AddIdentifyResult: 19456,015632255839,10,reg/015632255839_0301102408|reg/015632255839_0301102408|reg/015632255839_
2017-03-01 10:24:55 INFO UpdateUserState: 015632255839,1
2017-03-01 10:24:59 INFO AddIdentifyResult: 19458,015632255839,-1,
2017-03-01 10:25:02 INFO AddIdentifyResult: 19458,015632255839,-3,
2017-03-01 10:25:07 INFO AddIdentifyResult: 19459,015630239085,-1,
2017-03-01 10:25:14 INFO AddIdentifyResult: 19459,015630239085,-3,
2017-03-01 10:25:54 INFO AddIdentifyResult: 19458,015632255839,0,ver/03/01/102643_015632255839.wav
2017-03-01 10:26:49 INFO AddIdentifyResult: 19459,015630239085,12,
2017-03-01 10:26:56 INFO AddIdentifyResult: 19459,015630239085,10,reg/015630239085_0301102654|reg/015630239085_0301102654|reg/015630239085_
2017-03-01 10:26:56 INFO UpdateUserState: 015630239085,1
2017-03-01 10:27:02 INFO AddIdentifyResult: 19460,015630239085,-1,
2017-03-01 10:27:05 INFO AddIdentifyResult: 19461,015630278573,-1,
2017-03-01 10:27:09 INFO AddIdentifyResult: 19460,015630239085,-3,
2017-03-01 10:27:14 INFO AddIdentifyResult: 19461,015630278573,-3,
2017-03-01 10:28:01 INFO AddIdentifyResult: 19460,015630239085,0,ver/03/01/102849_015630239085.wav
2017-03-01 10:28:15 INFO AddIdentifyResult: 19461,015630278573,11,reg/015630278573_|reg/015630278573_|reg/015630278573_
2017-03-01 10:29:29 INFO AddIdentifyResult: 19462,015630278573,-1,
2017-03-01 10:29:36 INFO AddIdentifyResult: 19462,015630278573,-3,
2017-03-01 10:30:28 INFO AddIdentifyResult: 19463,013780437306,-1,
2017-03-01 10:31:14 INFO AddIdentifyResult: 19462,015630278573,12,
2017-03-01 10:31:21 INFO AddIdentifyResult: 19462,015630278573,10,reg/015630278573_0301103116|reg/015630278573_0301103116|reg/015630278573_
2017-03-01 10:31:21 INFO UpdateUserState: 015630278573,1
2017-03-01 10:31:30 INFO AddIdentifyResult: 19464,015630278573,-1,
2017-03-01 10:31:36 INFO AddIdentifyResult: 19464,015630278573,-3,
2017-03-01 10:32:04 INFO AddIdentifyResult: 19465,013780437306,-1,
2017-03-01 10:32:19 INFO AddIdentifyResult: 19466,013780437306,-1,
2017-03-01 10:32:26 INFO AddIdentifyResult: 19466,013780437306,-3,
2017-03-01 10:32:28 INFO AddIdentifyResult: 19464,015630278573,0,ver/03/01/103316_015630278573.wav
2017-03-01 10:35:36 INFO AddIdentifyResult: 19466,013780437306,12,
2017-03-01 10:35:43 INFO AddIdentifyResult: 19466,013780437306,10,reg/013780437306_0301103632|reg/013780437306_0301103632|reg/013780437306_0301103406
2017-03-01 10:35:43 INFO UpdateUserState: 013780437306,1
2017-03-01 10:35:47 INFO AddIdentifyResult: 19467,013780437306,-1,
2017-03-01 10:35:53 INFO AddIdentifyResult: 19467,013780437306,-3,
2017-03-01 10:36:13 INFO AddIdentifyResult: 19468,015175756321,-1,
2017-03-01 10:36:20 INFO AddIdentifyResult: 19468,015175756321,-3,
2017-03-01 10:36:45 INFO AddIdentifyResult: 19467,013780437306,0,ver/03/01/103734_013780437306.wav
2017-03-01 10:38:09 INFO AddIdentifyResult: 19468,015175756321,12,
2017-03-01 10:38:18 INFO AddIdentifyResult: 19468,015175756321,10,reg/015175756321_0301103800|reg/015175756321_0301103800|reg/015175756321_
2017-03-01 10:38:18 INFO UpdateUserState: 015175756321,1
2017-03-01 10:38:20 INFO AddIdentifyResult: 19469,015175756321,-1,
2017-03-01 10:38:27 INFO AddIdentifyResult: 19469,015175756321,-3,
2017-03-01 10:39:19 INFO AddIdentifyResult: 19469,015175756321,0,ver/03/01/104007_015175756321.wav
2017-03-01 10:40:59 INFO AddIdentifyResult: 19470,015630238281,-1,
2017-03-01 10:41:05 INFO AddIdentifyResult: 19470,015630238281,-3,
2017-03-01 10:41:29 INFO AddIdentifyResult: 19471,015632295103,-1,
2017-03-01 10:42:07 INFO AddIdentifyResult: 19472,015632295103,-1,
2017-03-01 10:42:14 INFO AddIdentifyResult: 19472,015632295103,-3,
2017-03-01 10:42:20 INFO AddIdentifyResult: 19473,015671763201,-1,
2017-03-01 10:42:27 INFO AddIdentifyResult: 19473,015671763201,-3,
2017-03-01 10:43:38 INFO AddIdentifyResult: 19470,015630238281,12,
2017-03-01 10:43:48 INFO AddIdentifyResult: 19470,015630238281,10,reg/015630238281_0301104245|reg/015630238281_0301104245|reg/015630238281_
2017-03-01 10:43:48 INFO UpdateUserState: 015630238281,1
2017-03-01 10:43:48 INFO AddIdentifyResult: 19474,015630238281,-1,
2017-03-01 10:44:13 INFO AddIdentifyResult: 19473,015671763201,12,
2017-03-01 10:44:15 INFO AddIdentifyResult: 19472,015632295103,12,
2017-03-01 10:44:16 INFO AddIdentifyResult: 19475,015630238281,-1,
2017-03-01 10:44:20 INFO AddIdentifyResult: 19473,015671763201,10,reg/015671763201_0301104407|reg/015671763201_0301104407|reg/015671763201_
2017-03-01 10:44:20 INFO UpdateUserState: 015671763201,1
2017-03-01 10:44:21 INFO AddIdentifyResult: 19475,015630238281,-3,
2017-03-01 10:44:23 INFO AddIdentifyResult: 19476,015632295103,-4,2
2017-03-01 10:44:28 INFO AddIdentifyResult: 19477,015671763201,-1,
2017-03-01 10:44:29 INFO AddIdentifyResult: 19472,015632295103,10,reg/015632295103_0301104354|reg/015632295103_0301104354|reg/015632295103_
2017-03-01 10:44:30 INFO UpdateUserState: 015632295103,1
2017-03-01 10:44:34 INFO AddIdentifyResult: 19477,015671763201,-3,
2017-03-01 10:44:41 INFO AddIdentifyResult: 19478,015632295103,-1,
2017-03-01 10:44:47 INFO AddIdentifyResult: 19478,015632295103,-3,
2017-03-01 10:45:13 INFO AddIdentifyResult: 19475,015630238281,1,ver/03/01/104601_015630238281.wav
2017-03-01 10:45:27 INFO AddIdentifyResult: 19477,015671763201,0,ver/03/01/104615_015671763201.wav
2017-03-01 10:45:40 INFO AddIdentifyResult: 19478,015632295103,0,ver/03/01/104628_015632295103.wav
2017-03-01 10:45:46 INFO AddIdentifyResult: 19479,015630238281,-1,
2017-03-01 10:45:52 INFO AddIdentifyResult: 19479,015630238281,-3,
2017-03-01 10:46:13 INFO AddIdentifyResult: 19475,015630238281,2,ver/03/01/104659_015630238281.wav
2017-03-01 10:46:44 INFO AddIdentifyResult: 19479,015630238281,1,ver/03/01/104732_015630238281.wav
2017-03-01 10:46:58 INFO AddIdentifyResult: 19480,015690231057,-1,
2017-03-01 10:47:00 INFO AddIdentifyResult: 19479,015630238281,2,
2017-03-01 10:47:10 INFO AddIdentifyResult: 19480,015690231057,-3,
2017-03-01 10:48:39 INFO AddIdentifyResult: 19481,015630238281,-1,
2017-03-01 10:48:46 INFO AddIdentifyResult: 19481,015630238281,-3,
2017-03-01 10:48:58 INFO AddIdentifyResult: 19480,015690231057,12,
2017-03-01 10:49:06 INFO AddIdentifyResult: 19480,015690231057,10,reg/015690231057_0301104850|reg/015690231057_0301104850|reg/015690231057_
2017-03-01 10:49:06 INFO UpdateUserState: 015690231057,1
2017-03-01 10:49:08 INFO AddIdentifyResult: 19482,015690231057,-1,
2017-03-01 10:49:15 INFO AddIdentifyResult: 19482,015690231057,-3,
2017-03-01 10:50:08 INFO AddIdentifyResult: 19482,015690231057,0,ver/03/01/105056_015690231057.wav
2017-03-01 10:50:46 INFO AddIdentifyResult: 19481,015630238281,12,
2017-03-01 10:50:54 INFO AddIdentifyResult: 19481,015630238281,10,reg/015630238281_0301105026|reg/015630238281_0301105026|reg/015630238281_
2017-03-01 10:50:54 INFO UpdateUserState: 015630238281,1
2017-03-01 10:50:57 INFO AddIdentifyResult: 19483,015630238281,-1,
2017-03-01 10:51:02 INFO AddIdentifyResult: 19483,015630238281,-3,
2017-03-01 10:51:17 INFO AddIdentifyResult: 19484,015632265309,-1,
2017-03-01 10:51:23 INFO AddIdentifyResult: 19484,015632265309,-3,
2017-03-01 10:51:55 INFO AddIdentifyResult: 19483,015630238281,0,ver/03/01/105243_015630238281.wav
2017-03-01 10:53:22 INFO AddIdentifyResult: 19484,015632265309,12,
2017-03-01 10:53:29 INFO AddIdentifyResult: 19485,015632265309,-4,2
2017-03-01 10:53:30 INFO AddIdentifyResult: 19484,015632265309,10,reg/015632265309_0301105303|reg/015632265309_0301105303|reg/015632265309_
2017-03-01 10:53:30 INFO UpdateUserState: 015632265309,1
2017-03-01 10:53:42 INFO AddIdentifyResult: 19486,015632265309,-1,
2017-03-01 10:53:48 INFO AddIdentifyResult: 19486,015632265309,-3,
2017-03-01 10:54:41 INFO AddIdentifyResult: 19486,015632265309,0,ver/03/01/105529_015632265309.wav
2017-03-01 10:54:46 INFO AddIdentifyResult: 19487,015632223026,-1,
2017-03-01 10:54:51 INFO AddIdentifyResult: 19487,015632223026,-3,
2017-03-01 10:56:38 INFO AddIdentifyResult: 19487,015632223026,12,
2017-03-01 10:56:45 INFO AddIdentifyResult: 19488,015632223026,-4,2
2017-03-01 10:56:46 INFO AddIdentifyResult: 19487,015632223026,10,reg/015632223026_0301105631|reg/015632223026_0301105631|reg/015632223026_
2017-03-01 10:56:46 INFO UpdateUserState: 015632223026,1
2017-03-01 10:57:01 INFO AddIdentifyResult: 19489,015632223026,-1,
2017-03-01 10:57:06 INFO AddIdentifyResult: 19489,015632223026,-3,
2017-03-01 10:57:22 INFO AddIdentifyResult: 19490,013784275178,-1,
2017-03-01 10:57:29 INFO AddIdentifyResult: 19490,013784275178,-3,
2017-03-01 10:57:58 INFO AddIdentifyResult: 19489,015632223026,0,ver/03/01/105846_015632223026.wav
2017-03-01 10:59:33 INFO AddIdentifyResult: 19490,013784275178,12,
2017-03-01 10:59:42 INFO AddIdentifyResult: 19490,013784275178,10,reg/013784275178_0301105909|reg/013784275178_0301105909|reg/013784275178_
2017-03-01 10:59:42 INFO UpdateUserState: 013784275178,1
2017-03-01 11:00:06 INFO AddIdentifyResult: 19491,013784275178,-1,
2017-03-01 11:00:14 INFO AddIdentifyResult: 19491,013784275178,-3,
2017-03-01 11:01:07 INFO AddIdentifyResult: 19491,013784275178,0,ver/03/01/110155_013784275178.wav
2017-03-01 11:01:47 INFO AddIdentifyResult: 19492,018331025604,-1,
2017-03-01 11:01:53 INFO AddIdentifyResult: 19492,018331025604,-3,
2017-03-01 11:02:40 INFO AddIdentifyResult: 19493,013722245910,-1,
2017-03-01 11:02:45 INFO AddIdentifyResult: 19493,013722245910,-3,
2017-03-01 11:03:36 INFO AddIdentifyResult: 19494,015632231639,-1,
2017-03-01 11:03:40 INFO AddIdentifyResult: 19494,015632231639,-3,
2017-03-01 11:04:45 INFO AddIdentifyResult: 19493,013722245910,12,
2017-03-01 11:04:46 INFO AddIdentifyResult: 19492,018331025604,12,
2017-03-01 11:04:52 INFO AddIdentifyResult: 19493,013722245910,10,reg/013722245910_0301110559|reg/013722245910_0301110559|reg/013722245910_0301110425
2017-03-01 11:04:52 INFO UpdateUserState: 013722245910,1
2017-03-01 11:04:56 INFO AddIdentifyResult: 19495,018331025604,-4,2
2017-03-01 11:04:56 INFO AddIdentifyResult: 19496,013722245910,-1,
2017-03-01 11:04:59 INFO AddIdentifyResult: 19492,018331025604,10,reg/018331025604_0301110333|reg/018331025604_0301110333|reg/018331025604_
2017-03-01 11:04:59 INFO UpdateUserState: 018331025604,1
2017-03-01 11:05:02 INFO AddIdentifyResult: 19496,013722245910,-3,
2017-03-01 11:05:11 INFO AddIdentifyResult: 19497,018331025604,-1,
2017-03-01 11:05:15 INFO AddIdentifyResult: 19497,018331025604,-3,
2017-03-01 11:05:21 INFO AddIdentifyResult: 19494,015632231639,12,
2017-03-01 11:05:29 INFO AddIdentifyResult: 19494,015632231639,10,reg/015632231639_0301110520|reg/015632231639_0301110520|reg/015632231639_
2017-03-01 11:05:29 INFO UpdateUserState: 015632231639,1
2017-03-01 11:05:32 INFO AddIdentifyResult: 19498,015632231639,-1,
2017-03-01 11:05:38 INFO AddIdentifyResult: 19498,015632231639,-3,
2017-03-01 11:05:54 INFO AddIdentifyResult: 19496,013722245910,0,ver/03/01/110643_013722245910.wav
2017-03-01 11:06:07 INFO AddIdentifyResult: 19497,018331025604,0,ver/03/01/110656_018331025604.wav
2017-03-01 11:06:31 INFO AddIdentifyResult: 19498,015632231639,0,ver/03/01/110719_015632231639.wav
2017-03-01 11:06:43 INFO AddIdentifyResult: 19499,015632277506,-1,
2017-03-01 11:06:48 INFO AddIdentifyResult: 19499,015632277506,-3,
2017-03-01 11:06:50 INFO AddIdentifyResult: 19500,015633291287,-1,
2017-03-01 11:06:57 INFO AddIdentifyResult: 19500,015633291287,-3,
2017-03-01 11:07:58 INFO AddIdentifyResult: 19501,015633129180,-1,
2017-03-01 11:08:03 INFO AddIdentifyResult: 19501,015633129180,-3,
2017-03-01 11:08:28 INFO AddIdentifyResult: 19500,015633291287,12,
2017-03-01 11:08:35 INFO AddIdentifyResult: 19500,015633291287,10,reg/015633291287_0301110837|reg/015633291287_0301110837|reg/015633291287_
2017-03-01 11:08:35 INFO UpdateUserState: 015633291287,1
2017-03-01 11:08:36 INFO AddIdentifyResult: 19499,015632277506,12,
2017-03-01 11:08:42 INFO AddIdentifyResult: 19502,015633291287,-1,
2017-03-01 11:08:42 INFO AddIdentifyResult: 19499,015632277506,10,reg/015632277506_0301110924|reg/015632277506_0301110924|reg/015632277506_0301110828
2017-03-01 11:08:42 INFO UpdateUserState: 015632277506,1
2017-03-01 11:08:48 INFO AddIdentifyResult: 19502,015633291287,-3,
2017-03-01 11:09:30 INFO AddIdentifyResult: 19503,015632277506,-1,
2017-03-01 11:09:37 INFO AddIdentifyResult: 19503,015632277506,-3,
2017-03-01 11:09:40 INFO AddIdentifyResult: 19502,015633291287,0,ver/03/01/111028_015633291287.wav
2017-03-01 11:10:28 INFO AddIdentifyResult: 19503,015632277506,0,ver/03/01/111117_015632277506.wav
2017-03-01 11:10:54 INFO AddIdentifyResult: 19501,015633129180,12,
2017-03-01 11:11:04 INFO AddIdentifyResult: 19501,015633129180,10,reg/015633129180_0301110943|reg/015633129180_0301110943|reg/015633129180_
2017-03-01 11:11:04 INFO UpdateUserState: 015633129180,1
2017-03-01 11:11:10 INFO AddIdentifyResult: 19504,015633129180,-1,
2017-03-01 11:11:14 INFO AddIdentifyResult: 19504,015633129180,-3,
2017-03-01 11:11:36 INFO AddIdentifyResult: 19505,015032295534,-1,
2017-03-01 11:11:43 INFO AddIdentifyResult: 19505,015032295534,-3,
2017-03-01 11:12:05 INFO AddIdentifyResult: 19504,015633129180,0,ver/03/01/111254_015633129180.wav
2017-03-01 11:12:08 INFO AddIdentifyResult: 19506,015633750579,-1,
2017-03-01 11:12:17 INFO AddIdentifyResult: 19506,015633750579,-3,
2017-03-01 11:13:07 INFO AddIdentifyResult: 19505,015032295534,12,
2017-03-01 11:13:14 INFO AddIdentifyResult: 19505,015032295534,10,reg/015032295534_0301111324|reg/015032295534_0301111324|reg/015032295534_
2017-03-01 11:13:14 INFO UpdateUserState: 015032295534,1
2017-03-01 11:13:18 INFO AddIdentifyResult: 19507,015032295534,-1,
2017-03-01 11:13:24 INFO AddIdentifyResult: 19507,015032295534,-3,
2017-03-01 11:14:17 INFO AddIdentifyResult: 19507,015032295534,0,ver/03/01/111505_015032295534.wav
2017-03-01 11:14:38 INFO AddIdentifyResult: 19506,015633750579,12,
2017-03-01 11:14:47 INFO AddIdentifyResult: 19506,015633750579,10,reg/015633750579_0301111357|reg/015633750579_0301111357|reg/015633750579_
2017-03-01 11:14:47 INFO UpdateUserState: 015633750579,1
2017-03-01 11:14:48 INFO AddIdentifyResult: 19508,015633750579,-1,
2017-03-01 11:14:55 INFO AddIdentifyResult: 19508,015633750579,-3,
2017-03-01 11:15:47 INFO AddIdentifyResult: 19508,015633750579,0,ver/03/01/111636_015633750579.wav
2017-03-01 11:16:07 INFO AddIdentifyResult: 19509,015930292043,-1,
2017-03-01 11:16:12 INFO AddIdentifyResult: 19510,015632253808,-1,
2017-03-01 11:16:14 INFO AddIdentifyResult: 19509,015930292043,-3,
2017-03-01 11:16:18 INFO AddIdentifyResult: 19511,015632226719,-1,
2017-03-01 11:16:25 INFO AddIdentifyResult: 19511,015632226719,-3,
2017-03-01 11:16:34 INFO AddIdentifyResult: 19512,015632253808,-1,
2017-03-01 11:16:38 INFO AddIdentifyResult: 19512,015632253808,-3,
2017-03-01 11:18:31 INFO AddIdentifyResult: 19512,015632253808,12,
2017-03-01 11:18:38 INFO AddIdentifyResult: 19512,015632253808,10,reg/015632253808_0301111818|reg/015632253808_0301111818|reg/015632253808_
2017-03-01 11:18:38 INFO UpdateUserState: 015632253808,1
2017-03-01 11:18:42 INFO AddIdentifyResult: 19511,015632226719,12,
2017-03-01 11:18:44 INFO AddIdentifyResult: 19513,015632253808,-1,
2017-03-01 11:18:48 INFO AddIdentifyResult: 19513,015632253808,-3,
2017-03-01 11:18:49 INFO AddIdentifyResult: 19511,015632226719,10,reg/015632226719_0301111950|reg/015632226719_0301111950|reg/015632226719_0301111805
2017-03-01 11:18:49 INFO UpdateUserState: 015632226719,1
2017-03-01 11:18:50 INFO AddIdentifyResult: 19514,015632226719,-1,
2017-03-01 11:18:52 INFO AddIdentifyResult: 19509,015930292043,12,
2017-03-01 11:18:54 INFO AddIdentifyResult: 19514,015632226719,-3,
2017-03-01 11:19:00 INFO AddIdentifyResult: 19509,015930292043,10,reg/015930292043_0301111942|reg/015930292043_0301111942|reg/015930292043_0301111754
2017-03-01 11:19:00 INFO UpdateUserState: 015930292043,1
2017-03-01 11:19:01 INFO AddIdentifyResult: 19515,015930292043,-1,
2017-03-01 11:19:08 INFO AddIdentifyResult: 19515,015930292043,-3,
2017-03-01 11:19:19 INFO AddIdentifyResult: 19516,015632252339,-1,
2017-03-01 11:19:33 INFO AddIdentifyResult: 19516,015632252339,-3,
2017-03-01 11:19:40 INFO AddIdentifyResult: 19513,015632253808,0,ver/03/01/112029_015632253808.wav
2017-03-01 11:19:46 INFO AddIdentifyResult: 19514,015632226719,0,ver/03/01/112035_015632226719.wav
2017-03-01 11:19:54 INFO AddIdentifyResult: 19517,013731649174,-1,
2017-03-01 11:20:00 INFO AddIdentifyResult: 19515,015930292043,0,ver/03/01/112049_015930292043.wav
2017-03-01 11:20:02 INFO AddIdentifyResult: 19517,013731649174,-3,
2017-03-01 11:21:03 INFO AddIdentifyResult: 19516,015632252339,12,
2017-03-01 11:21:09 INFO AddIdentifyResult: 19518,015930478090,-1,
2017-03-01 11:21:10 INFO AddIdentifyResult: 19516,015632252339,10,reg/015632252339_0301112113|reg/015632252339_0301112113|reg/015632252339_
2017-03-01 11:21:10 INFO UpdateUserState: 015632252339,1
2017-03-01 11:21:15 INFO AddIdentifyResult: 19518,015930478090,-3,
2017-03-01 11:21:16 INFO AddIdentifyResult: 19519,015632252339,-1,
2017-03-01 11:21:21 INFO AddIdentifyResult: 19519,015632252339,-3,
2017-03-01 11:21:33 INFO AddIdentifyResult: 19518,015930478090,11,reg/015930478090_|reg/015930478090_|reg/015930478090_
2017-03-01 11:21:45 INFO AddIdentifyResult: 19520,015930478090,-1,
2017-03-01 11:21:52 INFO AddIdentifyResult: 19520,015930478090,-3,
2017-03-01 11:21:59 INFO AddIdentifyResult: 19521,015631257831,-1,
2017-03-01 11:22:07 INFO AddIdentifyResult: 19521,015631257831,-3,
2017-03-01 11:22:14 INFO AddIdentifyResult: 19519,015632252339,0,ver/03/01/112302_015632252339.wav
2017-03-01 11:22:24 INFO AddIdentifyResult: 19517,013731649174,12,
2017-03-01 11:22:32 INFO AddIdentifyResult: 19517,013731649174,10,reg/013731649174_0301112142|reg/013731649174_0301112142|reg/013731649174_
2017-03-01 11:22:32 INFO UpdateUserState: 013731649174,1
2017-03-01 11:22:34 INFO AddIdentifyResult: 19522,013731649174,-1,
2017-03-01 11:22:39 INFO AddIdentifyResult: 19522,013731649174,-3,
2017-03-01 11:23:30 INFO AddIdentifyResult: 19522,013731649174,0,ver/03/01/112419_013731649174.wav
2017-03-01 11:23:39 INFO AddIdentifyResult: 19520,015930478090,12,
2017-03-01 11:23:45 INFO AddIdentifyResult: 19523,015930478090,-4,2
2017-03-01 11:23:46 INFO AddIdentifyResult: 19520,015930478090,10,reg/015930478090_0301112332|reg/015930478090_0301112332|reg/015930478090_
2017-03-01 11:23:46 INFO UpdateUserState: 015930478090,1
2017-03-01 11:24:22 INFO AddIdentifyResult: 19524,015930478090,-1,
2017-03-01 11:24:28 INFO AddIdentifyResult: 19524,015930478090,-3,
2017-03-01 11:24:33 INFO AddIdentifyResult: 19521,015631257831,12,
2017-03-01 11:24:39 INFO AddIdentifyResult: 19521,015631257831,10,reg/015631257831_0301112347|reg/015631257831_0301112347|reg/015631257831_
2017-03-01 11:24:40 INFO UpdateUserState: 015631257831,1
2017-03-01 11:24:42 INFO AddIdentifyResult: 19525,015631257831,-1,
2017-03-01 11:24:49 INFO AddIdentifyResult: 19525,015631257831,-3,
2017-03-01 11:25:19 INFO AddIdentifyResult: 19524,015930478090,0,ver/03/01/112608_015930478090.wav
2017-03-01 11:25:29 INFO AddIdentifyResult: 19526,015632256508,-1,
2017-03-01 11:25:38 INFO AddIdentifyResult: 19527,015632256508,-1,
2017-03-01 11:25:41 INFO AddIdentifyResult: 19525,015631257831,0,ver/03/01/112630_015631257831.wav
2017-03-01 11:25:42 INFO AddIdentifyResult: 19527,015632256508,-3,
2017-03-01 11:27:02 INFO AddIdentifyResult: 19528,015230423361,-1,
2017-03-01 11:27:20 INFO AddIdentifyResult: 19528,015230423361,-3,
2017-03-01 11:28:08 INFO AddIdentifyResult: 19529,018733206803,-1,
2017-03-01 11:28:29 INFO AddIdentifyResult: 19527,015632256508,12,
2017-03-01 11:28:39 INFO AddIdentifyResult: 19527,015632256508,10,reg/015632256508_0301112722|reg/015632256508_0301112722|reg/015632256508_
2017-03-01 11:28:39 INFO UpdateUserState: 015632256508,1
2017-03-01 11:28:52 INFO AddIdentifyResult: 19530,015632256508,-1,
2017-03-01 11:28:58 INFO AddIdentifyResult: 19530,015632256508,-3,
2017-03-01 11:29:16 INFO AddIdentifyResult: 19531,015233713019,-1,
2017-03-01 11:29:24 INFO AddIdentifyResult: 19531,015233713019,-3,
2017-03-01 11:29:24 INFO AddIdentifyResult: 19528,015230423361,12,
2017-03-01 11:29:31 INFO AddIdentifyResult: 19528,015230423361,10,reg/015230423361_0301113027|reg/015230423361_0301113027|reg/015230423361_0301112900
2017-03-01 11:29:32 INFO UpdateUserState: 015230423361,1
2017-03-01 11:29:39 INFO AddIdentifyResult: 19532,015230423361,-1,
2017-03-01 11:29:41 INFO AddIdentifyResult: 19533,013733387396,-1,
2017-03-01 11:29:46 INFO AddIdentifyResult: 19532,015230423361,-3,
2017-03-01 11:29:49 INFO AddIdentifyResult: 19530,015632256508,0,ver/03/01/113038_015632256508.wav
2017-03-01 11:30:21 INFO AddIdentifyResult: 19534,013733387396,-1,
2017-03-01 11:30:26 INFO AddIdentifyResult: 19534,013733387396,-3,
2017-03-01 11:30:37 INFO AddIdentifyResult: 19532,015230423361,0,ver/03/01/113126_015230423361.wav
2017-03-01 11:31:38 INFO AddIdentifyResult: 19531,015233713019,12,
2017-03-01 11:31:47 INFO AddIdentifyResult: 19531,015233713019,10,reg/015233713019_0301113104|reg/015233713019_0301113104|reg/015233713019_
2017-03-01 11:31:47 INFO UpdateUserState: 015233713019,1
2017-03-01 11:31:49 INFO AddIdentifyResult: 19535,015233713019,-1,
2017-03-01 11:31:55 INFO AddIdentifyResult: 19535,015233713019,-3,
2017-03-01 11:31:57 INFO AddIdentifyResult: 19536,015633767850,-1,
2017-03-01 11:32:04 INFO AddIdentifyResult: 19536,015633767850,-3,
2017-03-01 11:32:30 INFO AddIdentifyResult: 19534,013733387396,12,
2017-03-01 11:32:39 INFO AddIdentifyResult: 19534,013733387396,10,reg/013733387396_0301113207|reg/013733387396_0301113207|reg/013733387396_
2017-03-01 11:32:39 INFO UpdateUserState: 013733387396,1
2017-03-01 11:32:46 INFO AddIdentifyResult: 19535,015233713019,0,ver/03/01/113335_015233713019.wav
2017-03-01 11:32:47 INFO AddIdentifyResult: 19537,013733387396,-1,
2017-03-01 11:32:53 INFO AddIdentifyResult: 19537,013733387396,-3,
2017-03-01 11:32:59 INFO AddIdentifyResult: 19538,015632267019,-1,
2017-03-01 11:33:05 INFO AddIdentifyResult: 19538,015632267019,-3,
2017-03-01 11:33:40 INFO AddIdentifyResult: 19539,015630299578,-1,
2017-03-01 11:33:44 INFO AddIdentifyResult: 19537,013733387396,0,ver/03/01/113433_013733387396.wav
2017-03-01 11:34:04 INFO AddIdentifyResult: 19536,015633767850,12,
2017-03-01 11:34:11 INFO AddIdentifyResult: 19536,015633767850,10,reg/015633767850_0301113529|reg/015633767850_0301113529|reg/015633767850_0301113344
2017-03-01 11:34:11 INFO UpdateUserState: 015633767850,1
2017-03-01 11:34:17 INFO AddIdentifyResult: 19540,015633767850,-1,
2017-03-01 11:34:22 INFO AddIdentifyResult: 19540,015633767850,-3,
2017-03-01 11:34:39 INFO AddIdentifyResult: 19541,015632266190,-1,
2017-03-01 11:34:46 INFO AddIdentifyResult: 19542,015630299578,-1,
2017-03-01 11:34:54 INFO AddIdentifyResult: 19543,015632266190,-1,
2017-03-01 11:34:58 INFO AddIdentifyResult: 19543,015632266190,-3,
2017-03-01 11:35:00 INFO AddIdentifyResult: 19538,015632267019,12,
2017-03-01 11:35:08 INFO AddIdentifyResult: 19538,015632267019,10,reg/015632267019_0301113445|reg/015632267019_0301113445|reg/015632267019_
2017-03-01 11:35:08 INFO UpdateUserState: 015632267019,1
2017-03-01 11:35:14 INFO AddIdentifyResult: 19540,015633767850,0,ver/03/01/113603_015633767850.wav
2017-03-01 11:35:41 INFO AddIdentifyResult: 19544,015632267019,-1,
2017-03-01 11:35:48 INFO AddIdentifyResult: 19544,015632267019,-3,
2017-03-01 11:36:41 INFO AddIdentifyResult: 19544,015632267019,0,ver/03/01/113729_015632267019.wav
2017-03-01 11:37:07 INFO AddIdentifyResult: 19543,015632266190,12,
2017-03-01 11:37:16 INFO AddIdentifyResult: 19543,015632266190,10,reg/015632266190_0301113638|reg/015632266190_0301113638|reg/015632266190_
2017-03-01 11:37:17 INFO UpdateUserState: 015632266190,1
2017-03-01 11:37:19 INFO AddIdentifyResult: 19545,015632266190,-1,
2017-03-01 11:37:22 INFO AddIdentifyResult: 19546,015603299578,-1,
2017-03-01 11:37:27 INFO AddIdentifyResult: 19545,015632266190,-3,
2017-03-01 11:37:28 INFO AddIdentifyResult: 19546,015603299578,-3,
2017-03-01 11:38:19 INFO AddIdentifyResult: 19545,015632266190,0,ver/03/01/113908_015632266190.wav
2017-03-01 11:39:16 INFO AddIdentifyResult: 19546,015603299578,11,reg/015603299578_|reg/015603299578_|reg/015603299578_
2017-03-01 11:39:23 INFO AddIdentifyResult: 19547,015632209589,-1,
2017-03-01 11:39:25 INFO AddIdentifyResult: 19548,015603299578,-1,
2017-03-01 11:39:29 INFO AddIdentifyResult: 19548,015603299578,-3,
2017-03-01 11:39:51 INFO AddIdentifyResult: 19549,015632209589,-1,
2017-03-01 11:40:12 INFO AddIdentifyResult: 19550,018833286037,-1,
2017-03-01 11:40:19 INFO AddIdentifyResult: 19550,018833286037,-3,
2017-03-01 11:40:39 INFO AddIdentifyResult: 19551,015632256583,-1,
2017-03-01 11:40:46 INFO AddIdentifyResult: 19551,015632256583,-3,
2017-03-01 11:41:00 INFO AddIdentifyResult: 19552,015633209589,-1,
2017-03-01 11:41:06 INFO AddIdentifyResult: 19552,015633209589,-3,
2017-03-01 11:41:33 INFO AddIdentifyResult: 19548,015603299578,12,
2017-03-01 11:41:40 INFO AddIdentifyResult: 19548,015603299578,10,reg/015603299578_0301114242|reg/015603299578_0301114242|reg/015603299578_0301114109
2017-03-01 11:41:40 INFO UpdateUserState: 015603299578,1
2017-03-01 11:41:43 INFO AddIdentifyResult: 19553,015603299578,-1,
2017-03-01 11:41:47 INFO AddIdentifyResult: 19553,015603299578,-3,
2017-03-01 11:42:16 INFO AddIdentifyResult: 19550,018833286037,12,
2017-03-01 11:42:22 INFO AddIdentifyResult: 19550,018833286037,10,reg/018833286037_0301114159|reg/018833286037_0301114159|reg/018833286037_
2017-03-01 11:42:22 INFO UpdateUserState: 018833286037,1
2017-03-01 11:42:36 INFO AddIdentifyResult: 19554,018833286037,-1,
2017-03-01 11:42:38 INFO AddIdentifyResult: 19553,015603299578,0,ver/03/01/114327_015603299578.wav
2017-03-01 11:42:41 INFO AddIdentifyResult: 19554,018833286037,-3,
2017-03-01 11:42:50 INFO AddIdentifyResult: 19551,015632256583,12,
2017-03-01 11:42:57 INFO AddIdentifyResult: 19551,015632256583,10,reg/015632256583_0301114359|reg/015632256583_0301114359|reg/015632256583_0301114226
2017-03-01 11:42:57 INFO UpdateUserState: 015632256583,1
2017-03-01 11:43:01 INFO AddIdentifyResult: 19555,015632256583,-1,
2017-03-01 11:43:07 INFO AddIdentifyResult: 19555,015632256583,-3,
2017-03-01 11:43:18 INFO AddIdentifyResult: 19552,015633209589,12,
2017-03-01 11:43:27 INFO AddIdentifyResult: 19552,015633209589,10,reg/015633209589_0301114247|reg/015633209589_0301114247|reg/015633209589_
2017-03-01 11:43:27 INFO UpdateUserState: 015633209589,1
2017-03-01 11:43:29 INFO AddIdentifyResult: 19556,015633209589,-1,
2017-03-01 11:43:33 INFO AddIdentifyResult: 19554,018833286037,0,ver/03/01/114422_018833286037.wav
2017-03-01 11:43:38 INFO AddIdentifyResult: 19556,015633209589,-3,
2017-03-01 11:43:58 INFO AddIdentifyResult: 19555,015632256583,0,ver/03/01/114447_015632256583.wav
2017-03-01 11:44:23 INFO AddIdentifyResult: 19557,015603290385,-1,
2017-03-01 11:44:29 INFO AddIdentifyResult: 19556,015633209589,0,ver/03/01/114518_015633209589.wav
2017-03-01 11:44:31 INFO AddIdentifyResult: 19557,015603290385,-3,
2017-03-01 11:44:42 INFO AddIdentifyResult: 19557,015603290385,11,reg/015603290385_|reg/015603290385_|reg/015603290385_
2017-03-01 11:44:47 INFO AddIdentifyResult: 19558,015603290385,-1,
2017-03-01 11:44:51 INFO AddIdentifyResult: 19558,015603290385,-3,
2017-03-01 11:47:01 INFO AddIdentifyResult: 19558,015603290385,12,
2017-03-01 11:47:09 INFO AddIdentifyResult: 19559,015603290385,-4,2
2017-03-01 11:47:11 INFO AddIdentifyResult: 19558,015603290385,10,reg/015603290385_0301114631|reg/015603290385_0301114631|reg/015603290385_
2017-03-01 11:47:11 INFO UpdateUserState: 015603290385,1
2017-03-01 11:47:22 INFO AddIdentifyResult: 19560,015603290385,-1,
2017-03-01 11:47:26 INFO AddIdentifyResult: 19560,015603290385,-3,
2017-03-01 11:48:18 INFO AddIdentifyResult: 19560,015603290385,0,ver/03/01/114906_015603290385.wav
2017-03-01 11:48:29 INFO AddIdentifyResult: 19561,017897571002,-1,
2017-03-01 11:48:35 INFO AddIdentifyResult: 19561,017897571002,-3,
2017-03-01 11:48:37 INFO AddIdentifyResult: 19562,015130345722,-1,
2017-03-01 11:48:43 INFO AddIdentifyResult: 19562,015130345722,-3,
2017-03-01 11:48:50 INFO AddIdentifyResult: 19563,015632230133,-1,
2017-03-01 11:48:59 INFO AddIdentifyResult: 19563,015632230133,-3,
2017-03-01 11:49:39 INFO AddIdentifyResult: 19564,015632226186,-1,
2017-03-01 11:49:45 INFO AddIdentifyResult: 19564,015632226186,-3,
2017-03-01 11:49:53 INFO AddIdentifyResult: 19565,015132217334,-1,
2017-03-01 11:50:01 INFO AddIdentifyResult: 19565,015132217334,-3,
2017-03-01 11:50:11 INFO AddIdentifyResult: 19561,017897571002,12,
2017-03-01 11:50:18 INFO AddIdentifyResult: 19561,017897571002,10,reg/017897571002_0301115015|reg/017897571002_0301115015|reg/017897571002_
2017-03-01 11:50:18 INFO UpdateUserState: 017897571002,1
2017-03-01 11:50:20 INFO AddIdentifyResult: 19566,017897571002,-1,
2017-03-01 11:50:25 INFO AddIdentifyResult: 19566,017897571002,-3,
2017-03-01 11:51:17 INFO AddIdentifyResult: 19566,017897571002,0,ver/03/01/115206_017897571002.wav
2017-03-01 11:51:29 INFO AddIdentifyResult: 19564,015632226186,12,
2017-03-01 11:51:31 INFO AddIdentifyResult: 19563,015632230133,12,
2017-03-01 11:51:36 INFO AddIdentifyResult: 19564,015632226186,10,reg/015632226186_0301115247|reg/015632226186_0301115247|reg/015632226186_0301115126
2017-03-01 11:51:36 INFO UpdateUserState: 015632226186,1
2017-03-01 11:51:41 INFO AddIdentifyResult: 19567,015632230133,-4,2
2017-03-01 11:51:46 INFO AddIdentifyResult: 19568,015632226186,-1,
2017-03-01 11:51:46 INFO AddIdentifyResult: 19563,015632230133,10,reg/015632230133_0301115040|reg/015632230133_0301115040|reg/015632230133_
2017-03-01 11:51:46 INFO UpdateUserState: 015632230133,1
2017-03-01 11:51:52 INFO AddIdentifyResult: 19568,015632226186,-3,
2017-03-01 11:51:57 INFO AddIdentifyResult: 19569,015632230133,-1,
2017-03-01 11:51:58 INFO AddIdentifyResult: 19565,015132217334,12,
2017-03-01 11:51:59 INFO AddIdentifyResult: 19562,015130345722,12,
2017-03-01 11:52:04 INFO AddIdentifyResult: 19569,015632230133,-3,
2017-03-01 11:52:06 INFO AddIdentifyResult: 19565,015132217334,10,reg/015132217334_0301115141|reg/015132217334_0301115141|reg/015132217334_
2017-03-01 11:52:06 INFO UpdateUserState: 015132217334,1
2017-03-01 11:52:09 INFO AddIdentifyResult: 19570,015132217334,-1,
2017-03-01 11:52:09 INFO AddIdentifyResult: 19571,015130345722,-4,2
2017-03-01 11:52:14 INFO AddIdentifyResult: 19570,015132217334,-3,
2017-03-01 11:52:18 INFO AddIdentifyResult: 19562,015130345722,10,reg/015130345722_0301115024|reg/015130345722_0301115024|reg/015130345722_
2017-03-01 11:52:18 INFO UpdateUserState: 015130345722,1
2017-03-01 11:52:21 INFO AddIdentifyResult: 19572,015130345722,-1,
2017-03-01 11:52:27 INFO AddIdentifyResult: 19572,015130345722,-3,
2017-03-01 11:52:44 INFO AddIdentifyResult: 19568,015632226186,0,ver/03/01/115333_015632226186.wav
2017-03-01 11:52:57 INFO AddIdentifyResult: 19569,015632230133,0,ver/03/01/115345_015632230133.wav
2017-03-01 11:53:06 INFO AddIdentifyResult: 19570,015132217334,0,ver/03/01/115355_015132217334.wav
2017-03-01 11:53:11 INFO AddIdentifyResult: 19573,015110096305,-1,
2017-03-01 11:53:18 INFO AddIdentifyResult: 19573,015110096305,-3,
2017-03-01 11:53:20 INFO AddIdentifyResult: 19572,015130345722,0,ver/03/01/115408_015130345722.wav
2017-03-01 11:53:59 INFO AddIdentifyResult: 19574,015630285861,-1,
2017-03-01 11:54:05 INFO AddIdentifyResult: 19574,015630285861,-3,
2017-03-01 11:54:09 INFO AddIdentifyResult: 19574,015630285861,11,reg/015630285861_|reg/015630285861_|reg/015630285861_
2017-03-01 11:54:25 INFO AddIdentifyResult: 19575,015712526928,-1,
2017-03-01 11:54:25 INFO AddIdentifyResult: 19576,015630285861,-1,
2017-03-01 11:54:28 INFO AddIdentifyResult: 19576,015630285861,-3,
2017-03-01 11:54:31 INFO AddIdentifyResult: 19575,015712526928,-3,
2017-03-01 11:55:25 INFO AddIdentifyResult: 19577,01563021?8629,-1,
2017-03-01 11:55:38 INFO AddIdentifyResult: 19578,01563021?8629,-1,
2017-03-01 11:55:58 INFO AddIdentifyResult: 19575,015712526928,12,
2017-03-01 11:56:04 INFO AddIdentifyResult: 19579,01563021?8629,-1,
2017-03-01 11:56:04 INFO AddIdentifyResult: 19575,015712526928,10,reg/015712526928_0301115611|reg/015712526928_0301115611|reg/015712526928_
2017-03-01 11:56:04 INFO UpdateUserState: 015712526928,1
2017-03-01 11:56:12 INFO AddIdentifyResult: 19580,015712526928,-1,
2017-03-01 11:56:18 INFO AddIdentifyResult: 19580,015712526928,-3,
2017-03-01 11:56:18 INFO AddIdentifyResult: 19573,015110096305,12,
2017-03-01 11:56:24 INFO AddIdentifyResult: 19573,015110096305,10,reg/015110096305_0301115647|reg/015110096305_0301115647|reg/015110096305_0301115458
2017-03-01 11:56:25 INFO UpdateUserState: 015110096305,1
2017-03-01 11:56:32 INFO AddIdentifyResult: 19581,015110096305,-1,
2017-03-01 11:56:33 INFO AddIdentifyResult: 19576,015630285861,12,
2017-03-01 11:56:38 INFO AddIdentifyResult: 19581,015110096305,-3,
2017-03-01 11:56:40 INFO AddIdentifyResult: 19576,015630285861,10,reg/015630285861_0301115609|reg/015630285861_0301115609|reg/015630285861_
2017-03-01 11:56:40 INFO UpdateUserState: 015630285861,1
2017-03-01 11:56:42 INFO AddIdentifyResult: 19582,015630285861,-1,
2017-03-01 11:56:42 INFO AddIdentifyResult: 19583,015632235680,-1,
2017-03-01 11:56:48 INFO AddIdentifyResult: 19582,015630285861,-3,
2017-03-01 11:56:55 INFO AddIdentifyResult: 19584,01563021?8629,-1,
2017-03-01 11:57:01 INFO AddIdentifyResult: 19585,015632235680,-1,
2017-03-01 11:57:05 INFO AddIdentifyResult: 19585,015632235680,-3,
2017-03-01 11:57:09 INFO AddIdentifyResult: 19580,015712526928,0,ver/03/01/115758_015712526928.wav
2017-03-01 11:57:30 INFO AddIdentifyResult: 19581,015110096305,0,ver/03/01/115819_015110096305.wav
2017-03-01 11:57:35 INFO AddIdentifyResult: 19586,015632235680,-1,
2017-03-01 11:57:39 INFO AddIdentifyResult: 19587,015630218629,-1,
2017-03-01 11:57:40 INFO AddIdentifyResult: 19582,015630285861,0,ver/03/01/115829_015630285861.wav
2017-03-01 11:57:45 INFO AddIdentifyResult: 19587,015630218629,-3,
2017-03-01 11:59:27 INFO AddIdentifyResult: 19588,013932264803,-1,
2017-03-01 11:59:34 INFO AddIdentifyResult: 19588,013932264803,-3,
2017-03-01 11:59:40 INFO AddIdentifyResult: 19587,015630218629,12,
2017-03-01 11:59:48 INFO AddIdentifyResult: 19587,015630218629,10,reg/015630218629_0301115925|reg/015630218629_0301115925|reg/015630218629_
2017-03-01 11:59:48 INFO UpdateUserState: 015630218629,1
2017-03-01 11:59:49 INFO AddIdentifyResult: 19589,015633121593,-1,
2017-03-01 11:59:56 INFO AddIdentifyResult: 19590,015630218629,-1,
2017-03-01 11:59:56 INFO AddIdentifyResult: 19589,015633121593,-3,
2017-03-01 12:00:02 INFO AddIdentifyResult: 19590,015630218629,-3,
2017-03-01 12:00:16 INFO AddIdentifyResult: 19591,018348928421,-1,
2017-03-01 12:00:25 INFO AddIdentifyResult: 19591,018348928421,-3,
2017-03-01 12:00:26 INFO AddIdentifyResult: 19585,015632235680,12,
2017-03-01 12:00:35 INFO AddIdentifyResult: 19592,015632235680,-4,2
2017-03-01 12:00:37 INFO AddIdentifyResult: 19585,015632235680,10,reg/015632235680_0301115845|reg/015632235680_0301115845|reg/015632235680_
2017-03-01 12:00:37 INFO UpdateUserState: 015632235680,1
2017-03-01 12:00:49 INFO AddIdentifyResult: 19593,015632235680,-1,
2017-03-01 12:00:53 INFO AddIdentifyResult: 19590,015630218629,0,ver/03/01/120142_015630218629.wav
2017-03-01 12:00:54 INFO AddIdentifyResult: 19593,015632235680,-3,
2017-03-01 12:01:09 INFO AddIdentifyResult: 19588,013932264803,12,
2017-03-01 12:01:15 INFO AddIdentifyResult: 19588,013932264803,10,reg/013932264803_0301120114|reg/013932264803_0301120114|reg/013932264803_
2017-03-01 12:01:15 INFO UpdateUserState: 013932264803,1
2017-03-01 12:01:19 INFO AddIdentifyResult: 19594,013932264803,-1,
2017-03-01 12:01:24 INFO AddIdentifyResult: 19594,013932264803,-3,
2017-03-01 12:01:46 INFO AddIdentifyResult: 19593,015632235680,0,ver/03/01/120235_015632235680.wav
2017-03-01 12:02:02 INFO AddIdentifyResult: 19594,013932264803,0,ver/03/01/120305_013932264803.wav
2017-03-01 12:02:14 INFO AddIdentifyResult: 19589,015633121593,12,
2017-03-01 12:02:23 INFO AddIdentifyResult: 19589,015633121593,10,reg/015633121593_0301120136|reg/015633121593_0301120136|reg/015633121593_
2017-03-01 12:02:23 INFO UpdateUserState: 015633121593,1
2017-03-01 12:02:29 INFO AddIdentifyResult: 19595,015633121593,-1,
2017-03-01 12:02:36 INFO AddIdentifyResult: 19595,015633121593,-3,
2017-03-01 12:03:09 INFO AddIdentifyResult: 19591,018348928421,11,reg/018348928421_|reg/018348928421_|reg/018348928421_
2017-03-01 12:03:27 INFO AddIdentifyResult: 19595,015633121593,0,ver/03/01/120416_015633121593.wav
2017-03-01 12:03:32 INFO AddIdentifyResult: 19596,015632259758,-1,
2017-03-01 12:03:40 INFO AddIdentifyResult: 19596,015632259758,-3,
2017-03-01 12:03:41 INFO AddIdentifyResult: 19597,013403322128,-1,
2017-03-01 12:03:49 INFO AddIdentifyResult: 19597,013403322128,-3,
2017-03-01 12:04:12 INFO AddIdentifyResult: 19598,018348928421,-1,
2017-03-01 12:04:22 INFO AddIdentifyResult: 19598,018348928421,-3,
2017-03-01 12:04:56 INFO AddIdentifyResult: 19599,015831568642,-1,
2017-03-01 12:05:03 INFO AddIdentifyResult: 19599,015831568642,-3,
2017-03-01 12:05:16 INFO AddIdentifyResult: 19596,015632259758,12,
2017-03-01 12:05:23 INFO AddIdentifyResult: 19596,015632259758,10,reg/015632259758_0301120520|reg/015632259758_0301120520|reg/015632259758_
2017-03-01 12:05:23 INFO UpdateUserState: 015632259758,1
2017-03-01 12:05:25 INFO AddIdentifyResult: 19600,015632259758,-1,
2017-03-01 12:05:27 INFO AddIdentifyResult: 19600,015632259758,-3,
2017-03-01 12:05:34 INFO AddIdentifyResult: 19600,015632259758,1,
2017-03-01 12:05:38 INFO AddIdentifyResult: 19601,015632259758,-1,
2017-03-01 12:05:42 INFO AddIdentifyResult: 19601,015632259758,-3,
2017-03-01 12:05:51 INFO AddIdentifyResult: 19598,018348928421,12,
2017-03-01 12:05:58 INFO AddIdentifyResult: 19598,018348928421,10,reg/018348928421_0301120602|reg/018348928421_0301120602|reg/018348928421_
2017-03-01 12:05:59 INFO UpdateUserState: 018348928421,1
2017-03-01 12:06:02 INFO AddIdentifyResult: 19597,013403322128,12,
2017-03-01 12:06:10 INFO AddIdentifyResult: 19597,013403322128,10,reg/013403322128_0301120652|reg/013403322128_0301120652|reg/013403322128_0301120530
2017-03-01 12:06:10 INFO UpdateUserState: 013403322128,1
2017-03-01 12:06:16 INFO AddIdentifyResult: 19602,013403322128,-1,
2017-03-01 12:06:22 INFO AddIdentifyResult: 19601,015632259758,0,ver/03/01/120723_015632259758.wav
2017-03-01 12:06:27 INFO AddIdentifyResult: 19603,018348928421,-1,
2017-03-01 12:06:36 INFO AddIdentifyResult: 19599,015831568642,11,reg/015831568642_|reg/015831568642_|reg/015831568642_
2017-03-01 12:06:37 INFO AddIdentifyResult: 19603,018348928421,-3,
2017-03-01 12:06:41 INFO AddIdentifyResult: 19604,013403322128,-1,
2017-03-01 12:06:50 INFO AddIdentifyResult: 19604,013403322128,-3,
2017-03-01 12:06:56 INFO AddIdentifyResult: 19605,015831568642,-1,
2017-03-01 12:07:02 INFO AddIdentifyResult: 19605,015831568642,-3,
2017-03-01 12:07:29 INFO AddIdentifyResult: 19603,018348928421,0,ver/03/01/120817_018348928421.wav
2017-03-01 12:07:42 INFO AddIdentifyResult: 19604,013403322128,0,ver/03/01/120831_013403322128.wav
2017-03-01 12:08:46 INFO AddIdentifyResult: 19605,015831568642,12,
2017-03-01 12:08:54 INFO AddIdentifyResult: 19605,015831568642,10,reg/015831568642_0301120843|reg/015831568642_0301120843|reg/015831568642_
2017-03-01 12:08:54 INFO UpdateUserState: 015831568642,1
2017-03-01 12:08:57 INFO AddIdentifyResult: 19606,015831568642,-1,
2017-03-01 12:09:02 INFO AddIdentifyResult: 19606,015831568642,-3,
2017-03-01 12:09:54 INFO AddIdentifyResult: 19606,015831568642,0,ver/03/01/121043_015831568642.wav
2017-03-01 12:09:57 INFO AddIdentifyResult: 19607,015633205769,-1,
2017-03-01 12:10:14 INFO AddIdentifyResult: 19608,013784272496,-1,
2017-03-01 12:10:31 INFO AddIdentifyResult: 19608,013784272496,-3,
2017-03-01 12:11:35 INFO AddIdentifyResult: 19609,015633205280,-1,
2017-03-01 12:11:41 INFO AddIdentifyResult: 19609,015633205280,-3,
2017-03-01 12:12:48 INFO AddIdentifyResult: 19608,013784272496,12,
2017-03-01 12:12:54 INFO AddIdentifyResult: 19608,013784272496,10,reg/013784272496_0301121211|reg/013784272496_0301121211|reg/013784272496_
2017-03-01 12:12:55 INFO UpdateUserState: 013784272496,1
2017-03-01 12:13:07 INFO AddIdentifyResult: 19610,013784272496,-1,
2017-03-01 12:13:15 INFO AddIdentifyResult: 19610,013784272496,-3,
2017-03-01 12:13:29 INFO AddIdentifyResult: 19609,015633205280,12,
2017-03-01 12:13:35 INFO AddIdentifyResult: 19609,015633205280,10,reg/015633205280_0301121321|reg/015633205280_0301121321|reg/015633205280_
2017-03-01 12:13:35 INFO UpdateUserState: 015633205280,1
2017-03-01 12:13:41 INFO AddIdentifyResult: 19611,015633205280,-1,
2017-03-01 12:13:48 INFO AddIdentifyResult: 19611,015633205280,-3,
2017-03-01 12:14:07 INFO AddIdentifyResult: 19610,013784272496,0,ver/03/01/121456_013784272496.wav
2017-03-01 12:14:40 INFO AddIdentifyResult: 19611,015633205280,0,ver/03/01/121529_015633205280.wav
2017-03-01 12:15:00 INFO AddIdentifyResult: 19612,015633205769,-1,
2017-03-01 12:15:09 INFO AddIdentifyResult: 19612,015633205769,-3,
2017-03-01 12:15:57 INFO AddIdentifyResult: 19613,015632226703,-1,
2017-03-01 12:16:02 INFO AddIdentifyResult: 19613,015632226703,-3,
2017-03-01 12:17:10 INFO AddIdentifyResult: 19612,015633205769,12,
2017-03-01 12:17:19 INFO AddIdentifyResult: 19612,015633205769,10,reg/015633205769_0301121649|reg/015633205769_0301121649|reg/015633205769_
2017-03-01 12:17:20 INFO UpdateUserState: 015633205769,1
2017-03-01 12:17:25 INFO AddIdentifyResult: 19614,015633205769,-1,
2017-03-01 12:17:33 INFO AddIdentifyResult: 19614,015633205769,-3,
2017-03-01 12:17:57 INFO AddIdentifyResult: 19613,015632226703,12,
2017-03-01 12:18:04 INFO AddIdentifyResult: 19613,015632226703,10,reg/015632226703_0301121851|reg/015632226703_0301121851|reg/015632226703_0301121743
2017-03-01 12:18:05 INFO UpdateUserState: 015632226703,1
2017-03-01 12:18:13 INFO AddIdentifyResult: 19615,015632226703,-1,
2017-03-01 12:18:20 INFO AddIdentifyResult: 19615,015632226703,-3,
2017-03-01 12:18:25 INFO AddIdentifyResult: 19614,015633205769,0,ver/03/01/121914_015633205769.wav
2017-03-01 12:19:11 INFO AddIdentifyResult: 19616,015632231006,-1,
2017-03-01 12:19:12 INFO AddIdentifyResult: 19615,015632226703,0,ver/03/01/122000_015632226703.wav
2017-03-01 12:19:19 INFO AddIdentifyResult: 19616,015632231006,-3,
2017-03-01 12:20:34 INFO AddIdentifyResult: 19617,015632270829,-1,
2017-03-01 12:20:44 INFO AddIdentifyResult: 19617,015632270829,-3,
2017-03-01 12:21:01 INFO AddIdentifyResult: 19616,015632231006,12,
2017-03-01 12:21:07 INFO AddIdentifyResult: 19616,015632231006,10,reg/015632231006_0301122102|reg/015632231006_0301122102|reg/015632231006_0301122059
2017-03-01 12:21:07 INFO UpdateUserState: 015632231006,1
2017-03-01 12:21:15 INFO AddIdentifyResult: 19618,015632231006,-1,
2017-03-01 12:21:22 INFO AddIdentifyResult: 19618,015632231006,-3,
2017-03-01 12:22:14 INFO AddIdentifyResult: 19618,015632231006,0,ver/03/01/122303_015632231006.wav
2017-03-01 12:22:47 INFO AddIdentifyResult: 19617,015632270829,12,
2017-03-01 12:22:54 INFO AddIdentifyResult: 19617,015632270829,10,reg/015632270829_0301122224|reg/015632270829_0301122224|reg/015632270829_
2017-03-01 12:22:54 INFO UpdateUserState: 015632270829,1
2017-03-01 12:23:00 INFO AddIdentifyResult: 19619,015632270829,-1,
2017-03-01 12:23:07 INFO AddIdentifyResult: 19619,015632270829,-3,
2017-03-01 12:23:59 INFO AddIdentifyResult: 19619,015632270829,0,ver/03/01/122448_015632270829.wav
2017-03-01 12:25:37 INFO AddIdentifyResult: 19620,015630840992,-1,
2017-03-01 12:26:05 INFO AddIdentifyResult: 19621,015630840992,-1,
2017-03-01 12:26:12 INFO AddIdentifyResult: 19621,015630840992,-3,
2017-03-01 12:26:15 INFO AddIdentifyResult: 19622,015632267686,-1,
2017-03-01 12:26:19 INFO AddIdentifyResult: 19622,015632267686,-3,
2017-03-01 12:28:04 INFO AddIdentifyResult: 19622,015632267686,12,
2017-03-01 12:28:06 INFO AddIdentifyResult: 19621,015630840992,12,
2017-03-01 12:28:11 INFO AddIdentifyResult: 19622,015632267686,10,reg/015632267686_0301122800|reg/015632267686_0301122800|reg/015632267686_
2017-03-01 12:28:11 INFO UpdateUserState: 015632267686,1
2017-03-01 12:28:18 INFO AddIdentifyResult: 19621,015630840992,10,reg/015630840992_0301122752|reg/015630840992_0301122752|reg/015630840992_
2017-03-01 12:28:18 INFO UpdateUserState: 015630840992,1
2017-03-01 12:28:25 INFO AddIdentifyResult: 19623,015632267686,-1,
2017-03-01 12:28:26 INFO AddIdentifyResult: 19624,015630840992,-1,
2017-03-01 12:28:30 INFO AddIdentifyResult: 19623,015632267686,-3,
2017-03-01 12:28:33 INFO AddIdentifyResult: 19624,015630840992,-3,
2017-03-01 12:29:21 INFO AddIdentifyResult: 19623,015632267686,0,ver/03/01/123010_015632267686.wav
2017-03-01 12:29:25 INFO AddIdentifyResult: 19624,015630840992,0,ver/03/01/123014_015630840992.wav
2017-03-01 12:30:49 INFO AddIdentifyResult: 19625,015690438598,-1,
2017-03-01 12:31:02 INFO AddIdentifyResult: 19625,015690438598,-3,
2017-03-01 12:32:41 INFO AddIdentifyResult: 19626,015128201916,-1,
2017-03-01 12:32:49 INFO AddIdentifyResult: 19626,015128201916,-3,
2017-03-01 12:33:13 INFO AddIdentifyResult: 19625,015690438598,12,
2017-03-01 12:33:21 INFO AddIdentifyResult: 19625,015690438598,10,reg/015690438598_0301123243|reg/015690438598_0301123243|reg/015690438598_
2017-03-01 12:33:21 INFO UpdateUserState: 015690438598,1
2017-03-01 12:33:28 INFO AddIdentifyResult: 19627,015690438598,-1,
2017-03-01 12:33:36 INFO AddIdentifyResult: 19627,015690438598,-3,
2017-03-01 12:34:28 INFO AddIdentifyResult: 19627,015690438598,0,ver/03/01/123517_015690438598.wav
2017-03-01 12:34:29 INFO AddIdentifyResult: 19626,015128201916,12,
2017-03-01 12:34:37 INFO AddIdentifyResult: 19626,015128201916,10,reg/015128201916_0301123429|reg/015128201916_0301123429|reg/015128201916_
2017-03-01 12:34:37 INFO UpdateUserState: 015128201916,1
2017-03-01 12:34:40 INFO AddIdentifyResult: 19628,015128201916,-1,
2017-03-01 12:34:46 INFO AddIdentifyResult: 19628,015128201916,-3,
2017-03-01 12:35:05 INFO AddIdentifyResult: 19629,015633125759,-1,
2017-03-01 12:35:39 INFO AddIdentifyResult: 19628,015128201916,0,ver/03/01/123627_015128201916.wav
2017-03-01 12:36:49 INFO AddIdentifyResult: 19630,015633762619,-1,
2017-03-01 12:36:54 INFO AddIdentifyResult: 19630,015633762619,-3,
2017-03-01 12:38:28 INFO AddIdentifyResult: 19630,015633762619,12,
2017-03-01 12:38:34 INFO AddIdentifyResult: 19630,015633762619,10,reg/015633762619_0301123834|reg/015633762619_0301123834|reg/015633762619_
2017-03-01 12:38:35 INFO UpdateUserState: 015633762619,1
2017-03-01 12:38:43 INFO AddIdentifyResult: 19631,015633762619,-1,
2017-03-01 12:38:47 INFO AddIdentifyResult: 19631,015633762619,-3,
2017-03-01 12:38:57 INFO AddIdentifyResult: 19631,015633762619,1,
2017-03-01 12:39:14 INFO AddIdentifyResult: 19632,015633762619,-1,
2017-03-01 12:39:27 INFO AddIdentifyResult: 19632,015633762619,-3,
2017-03-01 12:40:19 INFO AddIdentifyResult: 19632,015633762619,0,ver/03/01/124107_015633762619.wav
2017-03-01 12:41:58 INFO AddIdentifyResult: 19633,013832275401,-1,
2017-03-01 12:42:03 INFO AddIdentifyResult: 19634,015630219519,-1,
2017-03-01 12:42:11 INFO AddIdentifyResult: 19633,013832275401,-3,
2017-03-01 12:42:13 INFO AddIdentifyResult: 19634,015630219519,-3,
2017-03-01 12:44:12 INFO AddIdentifyResult: 19633,013832275401,12,
2017-03-01 12:44:19 INFO AddIdentifyResult: 19633,013832275401,10,reg/013832275401_0301124515|reg/013832275401_0301124515|reg/013832275401_0301124351
2017-03-01 12:44:20 INFO UpdateUserState: 013832275401,1
2017-03-01 12:44:24 INFO AddIdentifyResult: 19635,013832275401,-1,
2017-03-01 12:44:29 INFO AddIdentifyResult: 19635,013832275401,-3,
2017-03-01 12:44:33 INFO AddIdentifyResult: 19634,015630219519,12,
2017-03-01 12:44:42 INFO AddIdentifyResult: 19634,015630219519,10,reg/015630219519_0301124353|reg/015630219519_0301124353|reg/015630219519_
2017-03-01 12:44:43 INFO UpdateUserState: 015630219519,1
2017-03-01 12:44:52 INFO AddIdentifyResult: 19636,015630219519,-1,
2017-03-01 12:45:00 INFO AddIdentifyResult: 19636,015630219519,-3,
2017-03-01 12:45:21 INFO AddIdentifyResult: 19635,013832275401,0,ver/03/01/124610_013832275401.wav
2017-03-01 12:45:31 INFO AddIdentifyResult: 19637,015633125759,-1,
2017-03-01 12:45:37 INFO AddIdentifyResult: 19637,015633125759,-3,
2017-03-01 12:45:51 INFO AddIdentifyResult: 19636,015630219519,0,ver/03/01/124640_015630219519.wav
2017-03-01 12:47:17 INFO AddIdentifyResult: 19638,015632209113,-1,
2017-03-01 12:47:23 INFO AddIdentifyResult: 19638,015632209113,-3,
2017-03-01 12:47:45 INFO AddIdentifyResult: 19637,015633125759,12,
2017-03-01 12:47:51 INFO AddIdentifyResult: 19637,015633125759,10,reg/015633125759_0301124854|reg/015633125759_0301124854|reg/015633125759_0301124717
2017-03-01 12:47:51 INFO UpdateUserState: 015633125759,1
2017-03-01 12:48:07 INFO AddIdentifyResult: 19639,015633125759,-1,
2017-03-01 12:48:12 INFO AddIdentifyResult: 19639,015633125759,-3,
2017-03-01 12:49:03 INFO AddIdentifyResult: 19639,015633125759,0,ver/03/01/124953_015633125759.wav
2017-03-01 12:51:07 INFO AddIdentifyResult: 19638,015632209113,12,
2017-03-01 12:51:14 INFO AddIdentifyResult: 19638,015632209113,10,reg/015632209113_0301125153|reg/015632209113_0301125153|reg/015632209113_0301124904
2017-03-01 12:51:14 INFO UpdateUserState: 015632209113,1
2017-03-01 12:51:22 INFO AddIdentifyResult: 19640,015632209113,-1,
2017-03-01 12:51:29 INFO AddIdentifyResult: 19640,015632209113,-3,
2017-03-01 12:52:20 INFO AddIdentifyResult: 19640,015632209113,0,ver/03/01/125310_015632209113.wav
2017-03-01 12:52:28 INFO AddIdentifyResult: 19641,015630841068,-1,
2017-03-01 12:52:34 INFO AddIdentifyResult: 19641,015630841068,-3,
2017-03-01 12:54:12 INFO AddIdentifyResult: 19641,015630841068,12,
2017-03-01 12:54:20 INFO AddIdentifyResult: 19641,015630841068,10,reg/015630841068_0301125414|reg/015630841068_0301125414|reg/015630841068_
2017-03-01 12:54:20 INFO UpdateUserState: 015630841068,1
2017-03-01 12:54:26 INFO AddIdentifyResult: 19642,015630841068,-1,
2017-03-01 12:54:50 INFO AddIdentifyResult: 19643,015630841068,-1,
2017-03-01 12:54:55 INFO AddIdentifyResult: 19643,015630841068,-3,
2017-03-01 12:55:48 INFO AddIdentifyResult: 19643,015630841068,0,ver/03/01/125636_015630841068.wav
2017-03-01 12:56:47 INFO AddIdentifyResult: 19644,015633285709,-1,
2017-03-01 12:56:52 INFO AddIdentifyResult: 19644,015633285709,-3,
2017-03-01 12:58:38 INFO AddIdentifyResult: 19644,015633285709,12,
2017-03-01 12:58:45 INFO AddIdentifyResult: 19644,015633285709,10,reg/015633285709_0301125832|reg/015633285709_0301125832|reg/015633285709_
2017-03-01 12:58:45 INFO UpdateUserState: 015633285709,1
2017-03-01 12:58:59 INFO AddIdentifyResult: 19645,015633285709,-1,
2017-03-01 12:59:04 INFO AddIdentifyResult: 19645,015633285709,-3,
2017-03-01 12:59:56 INFO AddIdentifyResult: 19645,015633285709,0,ver/03/01/130045_015633285709.wav
2017-03-01 14:26:26 INFO AddIdentifyResult: 19646,013225466957,-1,
2017-03-01 14:26:32 INFO AddIdentifyResult: 19646,013225466957,-3,
2017-03-01 14:28:16 INFO AddIdentifyResult: 19646,013225466957,12,
2017-03-01 14:28:22 INFO AddIdentifyResult: 19646,013225466957,10,reg/013225466957_0301142813|reg/013225466957_0301142813|reg/013225466957_
2017-03-01 14:28:22 INFO UpdateUserState: 013225466957,1
2017-03-01 14:28:44 INFO AddIdentifyResult: 19647,013225466957,-1,
2017-03-01 14:28:50 INFO AddIdentifyResult: 19647,013225466957,-3,
2017-03-01 14:29:42 INFO AddIdentifyResult: 19647,013225466957,0,ver/03/01/143032_013225466957.wav
2017-03-01 14:45:19 INFO AddIdentifyResult: 19648,015632279300,-1,
2017-03-01 14:45:26 INFO AddIdentifyResult: 19648,015632279300,-3,
2017-03-01 14:47:47 INFO AddIdentifyResult: 19648,015632279300,12,
2017-03-01 14:47:54 INFO AddIdentifyResult: 19648,015632279300,10,reg/015632279300_0301144847|reg/015632279300_0301144847|reg/015632279300_0301144707
2017-03-01 14:47:54 INFO UpdateUserState: 015632279300,1
2017-03-01 14:47:56 INFO AddIdentifyResult: 19649,015632279300,-1,
2017-03-01 14:48:02 INFO AddIdentifyResult: 19649,015632279300,-3,
2017-03-01 14:48:54 INFO AddIdentifyResult: 19649,015632279300,0,ver/03/01/144943_015632279300.wav
2017-03-01 14:50:31 INFO AddIdentifyResult: 19650,015833421074,-1,
2017-03-01 14:50:38 INFO AddIdentifyResult: 19650,015833421074,-3,
2017-03-01 14:52:50 INFO AddIdentifyResult: 19650,015833421074,12,
2017-03-01 14:52:57 INFO AddIdentifyResult: 19650,015833421074,10,reg/015833421074_0301145356|reg/015833421074_0301145356|reg/015833421074_0301145219
2017-03-01 14:52:57 INFO UpdateUserState: 015833421074,1
2017-03-01 14:53:02 INFO AddIdentifyResult: 19651,015833421074,-1,
2017-03-01 14:53:08 INFO AddIdentifyResult: 19651,015833421074,-3,
2017-03-01 14:53:52 INFO AddIdentifyResult: 19652,013287306219,-1,
2017-03-01 14:53:58 INFO AddIdentifyResult: 19652,013287306219,-3,
2017-03-01 14:54:00 INFO AddIdentifyResult: 19651,015833421074,0,ver/03/01/145449_015833421074.wav
2017-03-01 14:55:15 INFO AddIdentifyResult: 19652,013287306219,11,reg/013287306219_|reg/013287306219_|reg/013287306219_
2017-03-01 14:55:19 INFO AddIdentifyResult: 19653,013287306219,-1,
2017-03-01 14:55:25 INFO AddIdentifyResult: 19653,013287306219,-3,
2017-03-01 14:56:58 INFO AddIdentifyResult: 19653,013287306219,12,
2017-03-01 14:57:04 INFO AddIdentifyResult: 19653,013287306219,10,reg/013287306219_0301145706|reg/013287306219_0301145706|reg/013287306219_
2017-03-01 14:57:04 INFO UpdateUserState: 013287306219,1
2017-03-01 14:58:06 INFO AddIdentifyResult: 19654,013400434342,-1,
2017-03-01 14:58:08 INFO AddIdentifyResult: 19655,018849237593,-1,
2017-03-01 14:58:14 INFO AddIdentifyResult: 19655,018849237593,-3,
2017-03-01 14:58:24 INFO AddIdentifyResult: 19654,013400434342,-3,
2017-03-01 14:58:45 INFO AddIdentifyResult: 19656,018325464287,-1,
2017-03-01 14:58:52 INFO AddIdentifyResult: 19656,018325464287,-3,
2017-03-01 15:00:14 INFO AddIdentifyResult: 19656,018325464287,12,
2017-03-01 15:00:15 INFO AddIdentifyResult: 19655,018849237593,12,
2017-03-01 15:00:21 INFO AddIdentifyResult: 19656,018325464287,10,reg/018325464287_0301150033|reg/018325464287_0301150033|reg/018325464287_
2017-03-01 15:00:21 INFO UpdateUserState: 018325464287,1
2017-03-01 15:00:27 INFO AddIdentifyResult: 19655,018849237593,10,reg/018849237593_0301150131|reg/018849237593_0301150131|reg/018849237593_0301145955
2017-03-01 15:00:28 INFO UpdateUserState: 018849237593,1
2017-03-01 15:00:33 INFO AddIdentifyResult: 19657,018325464287,-1,
2017-03-01 15:00:38 INFO AddIdentifyResult: 19658,018849237593,-1,
2017-03-01 15:00:40 INFO AddIdentifyResult: 19657,018325464287,-3,
2017-03-01 15:00:41 INFO AddIdentifyResult: 19654,013400434342,12,
2017-03-01 15:00:46 INFO AddIdentifyResult: 19658,018849237593,-3,
2017-03-01 15:00:48 INFO AddIdentifyResult: 19654,013400434342,10,reg/013400434342_0301150005|reg/013400434342_0301150005|reg/013400434342_
2017-03-01 15:00:48 INFO UpdateUserState: 013400434342,1
2017-03-01 15:00:52 INFO AddIdentifyResult: 19659,013400434342,-1,
2017-03-01 15:00:59 INFO AddIdentifyResult: 19659,013400434342,-3,
2017-03-01 15:01:32 INFO AddIdentifyResult: 19657,018325464287,0,ver/03/01/150221_018325464287.wav
2017-03-01 15:01:37 INFO AddIdentifyResult: 19658,018849237593,0,ver/03/01/150227_018849237593.wav
2017-03-01 15:01:50 INFO AddIdentifyResult: 19659,013400434342,0,ver/03/01/150240_013400434342.wav
2017-03-01 15:01:53 INFO AddIdentifyResult: 19660,013287306219,-1,
2017-03-01 15:01:59 INFO AddIdentifyResult: 19660,013287306219,-3,
2017-03-01 15:02:51 INFO AddIdentifyResult: 19660,013287306219,0,ver/03/01/150340_013287306219.wav
2017-03-01 15:03:28 INFO AddIdentifyResult: 19661,015632226359,-1,
2017-03-01 15:03:33 INFO AddIdentifyResult: 19661,015632226359,-3,
2017-03-01 15:05:47 INFO AddIdentifyResult: 19661,015632226359,12,
2017-03-01 15:05:54 INFO AddIdentifyResult: 19661,015632226359,10,reg/015632226359_0301150514|reg/015632226359_0301150514|reg/015632226359_
2017-03-01 15:05:55 INFO UpdateUserState: 015632226359,1
2017-03-01 15:06:05 INFO AddIdentifyResult: 19662,015632226359,-1,
2017-03-01 15:06:15 INFO AddIdentifyResult: 19662,015632226359,-3,
2017-03-01 15:06:15 INFO AddIdentifyResult: 19663,018332813509,-1,
2017-03-01 15:06:23 INFO AddIdentifyResult: 19663,018332813509,-3,
2017-03-01 15:07:06 INFO AddIdentifyResult: 19662,015632226359,0,ver/03/01/150756_015632226359.wav
2017-03-01 15:07:36 INFO AddIdentifyResult: 19664,015631257136,-1,
2017-03-01 15:07:43 INFO AddIdentifyResult: 19664,015631257136,-3,
2017-03-01 15:07:48 INFO AddIdentifyResult: 19665,015833427677,-1,
2017-03-01 15:07:51 INFO AddIdentifyResult: 19663,018332813509,12,
2017-03-01 15:07:58 INFO AddIdentifyResult: 19663,018332813509,10,reg/018332813509_0301150804|reg/018332813509_0301150804|reg/018332813509_
2017-03-01 15:07:58 INFO UpdateUserState: 018332813509,1
2017-03-01 15:08:02 INFO AddIdentifyResult: 19665,015833427677,-3,
2017-03-01 15:08:04 INFO AddIdentifyResult: 19666,018332813509,-1,
2017-03-01 15:08:11 INFO AddIdentifyResult: 19666,018332813509,-3,
2017-03-01 15:08:34 INFO AddIdentifyResult: 19667,013225466213,-1,
2017-03-01 15:08:39 INFO AddIdentifyResult: 19667,013225466213,-3,
2017-03-01 15:09:03 INFO AddIdentifyResult: 19666,018332813509,0,ver/03/01/150952_018332813509.wav
2017-03-01 15:09:13 INFO AddIdentifyResult: 19668,013295462325,-1,
2017-03-01 15:09:19 INFO AddIdentifyResult: 19668,013295462325,-3,
2017-03-01 15:09:23 INFO AddIdentifyResult: 19669,015630231936,-1,
2017-03-01 15:09:44 INFO AddIdentifyResult: 19665,015833427677,12,
2017-03-01 15:09:52 INFO AddIdentifyResult: 19665,015833427677,10,reg/015833427677_0301150943|reg/015833427677_0301150943|reg/015833427677_
2017-03-01 15:09:53 INFO UpdateUserState: 015833427677,1
2017-03-01 15:09:57 INFO AddIdentifyResult: 19670,015833427677,-1,
2017-03-01 15:10:05 INFO AddIdentifyResult: 19670,015833427677,-3,
2017-03-01 15:10:10 INFO AddIdentifyResult: 19671,015630231936,-1,
2017-03-01 15:10:15 INFO AddIdentifyResult: 19671,015630231936,-3,
2017-03-01 15:10:18 INFO AddIdentifyResult: 19664,015631257136,12,
2017-03-01 15:10:26 INFO AddIdentifyResult: 19664,015631257136,10,reg/015631257136_0301150924|reg/015631257136_0301150924|reg/015631257136_
2017-03-01 15:10:27 INFO UpdateUserState: 015631257136,1
2017-03-01 15:10:29 INFO AddIdentifyResult: 19672,015832458737,-1,
2017-03-01 15:10:42 INFO AddIdentifyResult: 19672,015832458737,-3,
2017-03-01 15:10:45 INFO AddIdentifyResult: 19673,015832458737,-1,
2017-03-01 15:10:51 INFO AddIdentifyResult: 19667,013225466213,12,
2017-03-01 15:10:54 INFO AddIdentifyResult: 19673,015832458737,-3,
2017-03-01 15:10:57 INFO AddIdentifyResult: 19670,015833427677,0,ver/03/01/151146_015833427677.wav
2017-03-01 15:10:58 INFO AddIdentifyResult: 19667,013225466213,10,reg/013225466213_0301151200|reg/013225466213_0301151200|reg/013225466213_0301151020
2017-03-01 15:10:59 INFO UpdateUserState: 013225466213,1
2017-03-01 15:11:04 INFO AddIdentifyResult: 19674,015631257136,-1,
2017-03-01 15:11:07 INFO AddIdentifyResult: 19673,015832458737,11,reg/015832458737_|reg/015832458737_|reg/015832458737_
2017-03-01 15:11:09 INFO AddIdentifyResult: 19674,015631257136,-3,
2017-03-01 15:11:10 INFO AddIdentifyResult: 19672,015832458737,11,reg/015832458737_|reg/015832458737_|reg/015832458737_
2017-03-01 15:11:15 INFO AddIdentifyResult: 19668,013295462325,12,
2017-03-01 15:11:23 INFO AddIdentifyResult: 19668,013295462325,10,reg/013295462325_0301151059|reg/013295462325_0301151059|reg/013295462325_
2017-03-01 15:11:23 INFO UpdateUserState: 013295462325,1
2017-03-01 15:11:44 INFO AddIdentifyResult: 19671,015630231936,12,
2017-03-01 15:11:50 INFO AddIdentifyResult: 19671,015630231936,10,reg/015630231936_0301151156|reg/015630231936_0301151156|reg/015630231936_
2017-03-01 15:11:50 INFO UpdateUserState: 015630231936,1
2017-03-01 15:12:00 INFO AddIdentifyResult: 19674,015631257136,0,ver/03/01/151250_015631257136.wav
2017-03-01 15:12:01 INFO AddIdentifyResult: 19675,015630231936,-1,
2017-03-01 15:12:05 INFO AddIdentifyResult: 19675,015630231936,-3,
2017-03-01 15:12:19 INFO AddIdentifyResult: 19675,015630231936,1,
2017-03-01 15:12:28 INFO AddIdentifyResult: 19676,015630231936,-1,
2017-03-01 15:12:33 INFO AddIdentifyResult: 19676,015630231936,-3,
2017-03-01 15:13:23 INFO AddIdentifyResult: 19677,015832458737,-1,
2017-03-01 15:13:25 INFO AddIdentifyResult: 19676,015630231936,0,ver/03/01/151414_015630231936.wav
2017-03-01 15:13:36 INFO AddIdentifyResult: 19677,015832458737,-3,
2017-03-01 15:15:32 INFO AddIdentifyResult: 19677,015832458737,12,
2017-03-01 15:15:40 INFO AddIdentifyResult: 19678,015832458737,-4,2
2017-03-01 15:15:40 INFO AddIdentifyResult: 19677,015832458737,10,reg/015832458737_0301151517|reg/015832458737_0301151517|reg/015832458737_
2017-03-01 15:15:41 INFO UpdateUserState: 015832458737,1
2017-03-01 15:15:52 INFO AddIdentifyResult: 19679,015832458737,-1,
2017-03-01 15:15:57 INFO AddIdentifyResult: 19679,015832458737,-3,
2017-03-01 15:16:50 INFO AddIdentifyResult: 19679,015832458737,0,ver/03/01/151739_015832458737.wav
2017-03-01 15:19:56 INFO AddIdentifyResult: 19680,013933241946,-1,
2017-03-01 15:20:03 INFO AddIdentifyResult: 19680,013933241946,-3,
2017-03-01 15:20:41 INFO AddIdentifyResult: 19681,013287307219,-1,
2017-03-01 15:21:58 INFO AddIdentifyResult: 19682,013287307219,-1,
2017-03-01 15:22:04 INFO AddIdentifyResult: 19680,013933241946,12,
2017-03-01 15:22:12 INFO AddIdentifyResult: 19680,013933241946,10,reg/013933241946_0301152143|reg/013933241946_0301152143|reg/013933241946_
2017-03-01 15:22:12 INFO UpdateUserState: 013933241946,1
2017-03-01 15:22:17 INFO AddIdentifyResult: 19683,013933241946,-1,
2017-03-01 15:22:24 INFO AddIdentifyResult: 19683,013933241946,-3,
2017-03-01 15:23:01 INFO AddIdentifyResult: 19684,013225465661,-1,
2017-03-01 15:23:08 INFO AddIdentifyResult: 19684,013225465661,-3,
2017-03-01 15:23:16 INFO AddIdentifyResult: 19683,013933241946,0,ver/03/01/152405_013933241946.wav
2017-03-01 15:23:31 INFO AddIdentifyResult: 19685,015630225706,-1,
2017-03-01 15:23:36 INFO AddIdentifyResult: 19685,015630225706,-3,
2017-03-01 15:25:04 INFO AddIdentifyResult: 19685,015630225706,12,
2017-03-01 15:25:11 INFO AddIdentifyResult: 19685,015630225706,10,reg/015630225706_0301152517|reg/015630225706_0301152517|reg/015630225706_
2017-03-01 15:25:12 INFO UpdateUserState: 015630225706,1
2017-03-01 15:25:12 INFO AddIdentifyResult: 19686,015630273619,-1,
2017-03-01 15:25:13 INFO AddIdentifyResult: 19684,013225465661,11,reg/013225465661_|reg/013225465661_|reg/013225465661_
2017-03-01 15:25:18 INFO AddIdentifyResult: 19686,015630273619,-3,
2017-03-01 15:25:18 INFO AddIdentifyResult: 19687,015630225706,-1,
2017-03-01 15:25:21 INFO AddIdentifyResult: 19687,015630225706,-3,
2017-03-01 15:25:26 INFO AddIdentifyResult: 19688,013225465661,-1,
2017-03-01 15:25:32 INFO AddIdentifyResult: 19688,013225465661,-3,
2017-03-01 15:26:07 INFO AddIdentifyResult: 19689,013287307219,-1,
2017-03-01 15:26:14 INFO AddIdentifyResult: 19687,015630225706,0,ver/03/01/152702_015630225706.wav
2017-03-01 15:26:25 INFO AddIdentifyResult: 19689,013287307219,-3,
2017-03-01 15:26:51 INFO AddIdentifyResult: 19686,015630273619,12,
2017-03-01 15:26:58 INFO AddIdentifyResult: 19686,015630273619,10,reg/015630273619_0301152659|reg/015630273619_0301152659|reg/015630273619_
2017-03-01 15:26:58 INFO UpdateUserState: 015630273619,1
2017-03-01 15:27:03 INFO AddIdentifyResult: 19690,015630273619,-1,
2017-03-01 15:27:08 INFO AddIdentifyResult: 19689,013287307219,11,reg/013287307219_|reg/013287307219_|reg/013287307219_
2017-03-01 15:27:11 INFO AddIdentifyResult: 19690,015630273619,-3,
2017-03-01 15:27:20 INFO AddIdentifyResult: 19690,015630273619,1,
2017-03-01 15:27:27 INFO AddIdentifyResult: 19691,015630273619,-1,
2017-03-01 15:27:35 INFO AddIdentifyResult: 19691,015630273619,-3,
2017-03-01 15:27:53 INFO AddIdentifyResult: 19692,013287307219,-1,
2017-03-01 15:28:03 INFO AddIdentifyResult: 19692,013287307219,-3,
2017-03-01 15:28:28 INFO AddIdentifyResult: 19691,015630273619,0,ver/03/01/152917_015630273619.wav
2017-03-01 15:28:41 INFO AddIdentifyResult: 19688,013225465661,11,reg/013225465661_|reg/013225465661_|reg/013225465661_
2017-03-01 15:29:14 INFO AddIdentifyResult: 19693,013225465661,-1,
2017-03-01 15:29:29 INFO AddIdentifyResult: 19693,013225465661,-3,
2017-03-01 15:29:52 INFO AddIdentifyResult: 19694,015633257759,-1,
2017-03-01 15:29:57 INFO AddIdentifyResult: 19692,013287307219,11,reg/013287307219_|reg/013287307219_|reg/013287307219_
2017-03-01 15:30:52 INFO AddIdentifyResult: 19695,015633257759,-1,
2017-03-01 15:30:55 INFO AddIdentifyResult: 19695,015633257759,-3,
2017-03-01 15:31:27 INFO AddIdentifyResult: 19696,015097403597,-1,
2017-03-01 15:31:27 INFO AddIdentifyResult: 19697,013287307219,-1,
2017-03-01 15:31:33 INFO AddIdentifyResult: 19697,013287307219,-3,
2017-03-01 15:31:34 INFO AddIdentifyResult: 19696,015097403597,-3,
2017-03-01 15:32:53 INFO AddIdentifyResult: 19693,013225465661,11,reg/013225465661_|reg/013225465661_|reg/013225465661_
2017-03-01 15:33:31 INFO AddIdentifyResult: 19697,013287307219,12,
2017-03-01 15:33:38 INFO AddIdentifyResult: 19697,013287307219,10,reg/013287307219_0301153441|reg/013287307219_0301153441|reg/013287307219_0301153314
2017-03-01 15:33:38 INFO UpdateUserState: 013287307219,1
2017-03-01 15:33:58 INFO AddIdentifyResult: 19695,015633257759,12,
2017-03-01 15:34:03 INFO AddIdentifyResult: 19698,018266630373,-1,
2017-03-01 15:34:05 INFO AddIdentifyResult: 19695,015633257759,10,reg/015633257759_0301153456|reg/015633257759_0301153456|reg/015633257759_0301153236
2017-03-01 15:34:06 INFO UpdateUserState: 015633257759,1
2017-03-01 15:34:08 INFO AddIdentifyResult: 19699,015633257759,-1,
2017-03-01 15:34:10 INFO AddIdentifyResult: 19698,018266630373,-3,
2017-03-01 15:34:22 INFO AddIdentifyResult: 19700,015633257759,-1,
2017-03-01 15:34:30 INFO AddIdentifyResult: 19696,015097403597,12,
2017-03-01 15:34:31 INFO AddIdentifyResult: 19700,015633257759,-3,
2017-03-01 15:34:37 INFO AddIdentifyResult: 19696,015097403597,10,reg/015097403597_0301153451|reg/015097403597_0301153451|reg/015097403597_0301153314
2017-03-01 15:34:37 INFO UpdateUserState: 015097403597,1
2017-03-01 15:34:41 INFO AddIdentifyResult: 19701,015097403597,-1,
2017-03-01 15:34:47 INFO AddIdentifyResult: 19701,015097403597,-3,
2017-03-01 15:34:55 INFO AddIdentifyResult: 19702,013287307219,-1,
2017-03-01 15:35:24 INFO AddIdentifyResult: 19700,015633257759,0,ver/03/01/153613_015633257759.wav
2017-03-01 15:35:29 INFO AddIdentifyResult: 19703,013287307219,-1,
2017-03-01 15:35:33 INFO AddIdentifyResult: 19703,013287307219,-3,
2017-03-01 15:35:40 INFO AddIdentifyResult: 19701,015097403597,0,ver/03/01/153629_015097403597.wav
2017-03-01 15:35:43 INFO AddIdentifyResult: 19698,018266630373,12,
2017-03-01 15:35:50 INFO AddIdentifyResult: 19698,018266630373,10,reg/018266630373_0301153551|reg/018266630373_0301153551|reg/018266630373_
2017-03-01 15:35:50 INFO UpdateUserState: 018266630373,1
2017-03-01 15:35:52 INFO AddIdentifyResult: 19704,015632273989,-1,
2017-03-01 15:35:59 INFO AddIdentifyResult: 19704,015632273989,-3,
2017-03-01 15:36:26 INFO AddIdentifyResult: 19703,013287307219,0,ver/03/01/153715_013287307219.wav
2017-03-01 15:36:32 INFO AddIdentifyResult: 19705,015632268528,-1,
2017-03-01 15:36:38 INFO AddIdentifyResult: 19705,015632268528,-3,
2017-03-01 15:38:03 INFO AddIdentifyResult: 19705,015632268528,12,
2017-03-01 15:38:10 INFO AddIdentifyResult: 19705,015632268528,10,reg/015632268528_0301153819|reg/015632268528_0301153819|reg/015632268528_
2017-03-01 15:38:11 INFO UpdateUserState: 015632268528,1
2017-03-01 15:38:22 INFO AddIdentifyResult: 19706,015632268528,-1,
2017-03-01 15:38:31 INFO AddIdentifyResult: 19706,015632268528,-3,
2017-03-01 15:38:44 INFO AddIdentifyResult: 19707,015632278020,-1,
2017-03-01 15:38:49 INFO AddIdentifyResult: 19707,015632278020,-3,
2017-03-01 15:39:24 INFO AddIdentifyResult: 19706,015632268528,0,ver/03/01/154012_015632268528.wav
2017-03-01 15:40:27 INFO AddIdentifyResult: 19707,015632278020,12,
2017-03-01 15:40:35 INFO AddIdentifyResult: 19707,015632278020,10,reg/015632278020_0301154029|reg/015632278020_0301154029|reg/015632278020_
2017-03-01 15:40:35 INFO UpdateUserState: 015632278020,1
2017-03-01 15:40:36 INFO AddIdentifyResult: 19708,015632278020,-1,
2017-03-01 15:40:42 INFO AddIdentifyResult: 19708,015632278020,-3,
2017-03-01 15:41:05 INFO AddIdentifyResult: 19704,015632273989,12,
2017-03-01 15:41:12 INFO AddIdentifyResult: 19704,015632273989,10,reg/015632273989_0301154131|reg/015632273989_0301154131|reg/015632273989_0301153740
2017-03-01 15:41:12 INFO UpdateUserState: 015632273989,1
2017-03-01 15:41:24 INFO AddIdentifyResult: 19709,015632273989,-1,
2017-03-01 15:41:32 INFO AddIdentifyResult: 19709,015632273989,-3,
2017-03-01 15:41:34 INFO AddIdentifyResult: 19708,015632278020,0,ver/03/01/154223_015632278020.wav
2017-03-01 15:42:24 INFO AddIdentifyResult: 19709,015632273989,0,ver/03/01/154314_015632273989.wav
2017-03-01 15:42:36 INFO AddIdentifyResult: 19710,013255629719,-1,
2017-03-01 15:42:47 INFO AddIdentifyResult: 19710,013255629719,-3,
2017-03-01 15:44:08 INFO AddIdentifyResult: 19711,015227017762,-1,
2017-03-01 15:44:14 INFO AddIdentifyResult: 19711,015227017762,-3,
2017-03-01 15:44:19 INFO AddIdentifyResult: 19710,013255629719,12,
2017-03-01 15:44:27 INFO AddIdentifyResult: 19710,013255629719,10,reg/013255629719_0301154428|reg/013255629719_0301154428|reg/013255629719_
2017-03-01 15:44:27 INFO UpdateUserState: 013255629719,1
2017-03-01 15:44:36 INFO AddIdentifyResult: 19712,018266630373,-1,
2017-03-01 15:44:42 INFO AddIdentifyResult: 19712,018266630373,-3,
2017-03-01 15:45:43 INFO AddIdentifyResult: 19713,015633126289,-1,
2017-03-01 15:45:48 INFO AddIdentifyResult: 19713,015633126289,-3,
2017-03-01 15:46:06 INFO AddIdentifyResult: 19711,015227017762,12,
2017-03-01 15:46:15 INFO AddIdentifyResult: 19711,015227017762,10,reg/015227017762_0301154555|reg/015227017762_0301154555|reg/015227017762_
2017-03-01 15:46:15 INFO UpdateUserState: 015227017762,1
2017-03-01 15:46:27 INFO AddIdentifyResult: 19714,015227017762,-1,
2017-03-01 15:46:27 INFO AddIdentifyResult: 19712,018266630373,12,
2017-03-01 15:46:33 INFO AddIdentifyResult: 19714,015227017762,-3,
2017-03-01 15:46:34 INFO AddIdentifyResult: 19712,018266630373,10,reg/018266630373_0301154623|reg/018266630373_0301154623|reg/018266630373_
2017-03-01 15:46:35 INFO UpdateUserState: 018266630373,1
2017-03-01 15:47:10 INFO AddIdentifyResult: 19715,013255629719,-1,
2017-03-01 15:47:18 INFO AddIdentifyResult: 19715,013255629719,-3,
2017-03-01 15:47:25 INFO AddIdentifyResult: 19714,015227017762,0,ver/03/01/154814_015227017762.wav
2017-03-01 15:47:31 INFO AddIdentifyResult: 19713,015633126289,12,
2017-03-01 15:47:38 INFO AddIdentifyResult: 19713,015633126289,10,reg/015633126289_0301154729|reg/015633126289_0301154729|reg/015633126289_
2017-03-01 15:47:38 INFO UpdateUserState: 015633126289,1
2017-03-01 15:47:44 INFO AddIdentifyResult: 19716,015633126289,-1,
2017-03-01 15:47:58 INFO AddIdentifyResult: 19717,015633126289,-1,
2017-03-01 15:48:11 INFO AddIdentifyResult: 19715,013255629719,0,ver/03/01/154900_013255629719.wav
2017-03-01 15:48:24 INFO AddIdentifyResult: 19718,015633126289,-1,
2017-03-01 15:48:40 INFO AddIdentifyResult: 19718,015633126289,-3,
2017-03-01 15:49:24 INFO AddIdentifyResult: 19719,015633207796,-1,
2017-03-01 15:49:32 INFO AddIdentifyResult: 19718,015633126289,0,ver/03/01/155021_015633126289.wav
2017-03-01 15:50:15 INFO AddIdentifyResult: 19720,015633207796,-1,
2017-03-01 15:50:39 INFO AddIdentifyResult: 19721,015633207996,-1,
2017-03-01 15:50:45 INFO AddIdentifyResult: 19721,015633207996,-3,
2017-03-01 15:53:10 INFO AddIdentifyResult: 19721,015633207996,12,
2017-03-01 15:53:17 INFO AddIdentifyResult: 19721,015633207996,10,reg/015633207996_0301155412|reg/015633207996_0301155412|reg/015633207996_0301155226
2017-03-01 15:53:17 INFO UpdateUserState: 015633207996,1
2017-03-01 15:53:24 INFO AddIdentifyResult: 19722,015633207996,-1,
2017-03-01 15:53:30 INFO AddIdentifyResult: 19722,015633207996,-3,
2017-03-01 15:53:59 INFO AddIdentifyResult: 19723,015632262528,-1,
2017-03-01 15:54:08 INFO AddIdentifyResult: 19723,015632262528,-3,
2017-03-01 15:54:23 INFO AddIdentifyResult: 19722,015633207996,0,ver/03/01/155512_015633207996.wav
2017-03-01 15:56:17 INFO AddIdentifyResult: 19723,015632262528,12,
2017-03-01 15:56:26 INFO AddIdentifyResult: 19723,015632262528,10,reg/015632262528_0301155549|reg/015632262528_0301155549|reg/015632262528_
2017-03-01 15:56:26 INFO UpdateUserState: 015632262528,1
2017-03-01 15:56:28 INFO AddIdentifyResult: 19724,015632262528,-1,
2017-03-01 15:56:40 INFO AddIdentifyResult: 19724,015632262528,-3,
2017-03-01 15:57:33 INFO AddIdentifyResult: 19724,015632262528,0,ver/03/01/155822_015632262528.wav
2017-03-01 15:58:40 INFO AddIdentifyResult: 19725,015933486115,-1,
2017-03-01 15:58:45 INFO AddIdentifyResult: 19725,015933486115,-3,
2017-03-01 15:59:26 INFO AddIdentifyResult: 19726,015231294406,-1,
2017-03-01 15:59:35 INFO AddIdentifyResult: 19726,015231294406,-3,
2017-03-01 16:00:20 INFO AddIdentifyResult: 19727,015633711269,-1,
2017-03-01 16:00:28 INFO AddIdentifyResult: 19727,015633711269,-3,
2017-03-01 16:00:45 INFO AddIdentifyResult: 19725,015933486115,12,
2017-03-01 16:00:53 INFO AddIdentifyResult: 19725,015933486115,10,reg/015933486115_0301160026|reg/015933486115_0301160026|reg/015933486115_
2017-03-01 16:00:53 INFO UpdateUserState: 015933486115,1
2017-03-01 16:00:53 INFO AddIdentifyResult: 19728,013255617801,-1,
2017-03-01 16:01:00 INFO AddIdentifyResult: 19728,013255617801,-3,
2017-03-01 16:01:10 INFO AddIdentifyResult: 19729,015933486115,-1,
2017-03-01 16:01:16 INFO AddIdentifyResult: 19729,015933486115,-3,
2017-03-01 16:01:17 INFO AddIdentifyResult: 19726,015231294406,12,
2017-03-01 16:01:25 INFO AddIdentifyResult: 19726,015231294406,10,reg/015231294406_0301160116|reg/015231294406_0301160116|reg/015231294406_
2017-03-01 16:01:25 INFO UpdateUserState: 015231294406,1
2017-03-01 16:01:55 INFO AddIdentifyResult: 19730,015231294406,-1,
2017-03-01 16:02:02 INFO AddIdentifyResult: 19730,015231294406,-3,
2017-03-01 16:02:07 INFO AddIdentifyResult: 19729,015933486115,0,ver/03/01/160257_015933486115.wav
2017-03-01 16:02:55 INFO AddIdentifyResult: 19730,015231294406,0,ver/03/01/160344_015231294406.wav
2017-03-01 16:02:56 INFO AddIdentifyResult: 19728,013255617801,12,
2017-03-01 16:02:56 INFO AddIdentifyResult: 19731,015633702095,-1,
2017-03-01 16:03:02 INFO AddIdentifyResult: 19728,013255617801,10,reg/013255617801_0301160241|reg/013255617801_0301160241|reg/013255617801_
2017-03-01 16:03:03 INFO UpdateUserState: 013255617801,1
2017-03-01 16:03:13 INFO AddIdentifyResult: 19732,013465268894,-1,
2017-03-01 16:03:24 INFO AddIdentifyResult: 19732,013465268894,-3,
2017-03-01 16:03:39 INFO AddIdentifyResult: 19733,015633702095,-1,
2017-03-01 16:03:47 INFO AddIdentifyResult: 19733,015633702095,-3,
2017-03-01 16:03:50 INFO AddIdentifyResult: 19727,015633711269,11,reg/015633711269_|reg/015633711269_|reg/015633711269_
2017-03-01 16:04:46 INFO AddIdentifyResult: 19734,015633711269,-1,
2017-03-01 16:04:50 INFO AddIdentifyResult: 19734,015633711269,-3,
2017-03-01 16:05:36 INFO AddIdentifyResult: 19732,013465268894,12,
2017-03-01 16:05:44 INFO AddIdentifyResult: 19732,013465268894,10,reg/013465268894_0301160505|reg/013465268894_0301160505|reg/013465268894_
2017-03-01 16:05:44 INFO UpdateUserState: 013465268894,1
2017-03-01 16:05:51 INFO AddIdentifyResult: 19733,015633702095,12,
2017-03-01 16:05:57 INFO AddIdentifyResult: 19733,015633702095,10,reg/015633702095_0301160528|reg/015633702095_0301160528|reg/015633702095_
2017-03-01 16:05:57 INFO UpdateUserState: 015633702095,1
2017-03-01 16:06:02 INFO AddIdentifyResult: 19735,015633702095,-1,
2017-03-01 16:06:06 INFO AddIdentifyResult: 19735,015633702095,-3,
2017-03-01 16:06:22 INFO AddIdentifyResult: 19734,015633711269,12,
2017-03-01 16:06:29 INFO AddIdentifyResult: 19734,015633711269,10,reg/015633711269_0301160631|reg/015633711269_0301160631|reg/015633711269_
2017-03-01 16:06:29 INFO UpdateUserState: 015633711269,1
2017-03-01 16:06:57 INFO AddIdentifyResult: 19735,015633702095,0,ver/03/01/160747_015633702095.wav
2017-03-01 16:07:05 INFO AddIdentifyResult: 19736,015633711269,-1,
2017-03-01 16:07:10 INFO AddIdentifyResult: 19736,015633711269,-3,
2017-03-01 16:07:47 INFO AddIdentifyResult: 19737,015632239768,-1,
2017-03-01 16:08:00 INFO AddIdentifyResult: 19737,015632239768,-3,
2017-03-01 16:08:02 INFO AddIdentifyResult: 19736,015633711269,0,ver/03/01/160852_015633711269.wav
2017-03-01 16:09:35 INFO AddIdentifyResult: 19737,015632239768,12,
2017-03-01 16:09:43 INFO AddIdentifyResult: 19737,015632239768,10,reg/015632239768_0301160941|reg/015632239768_0301160941|reg/015632239768_
2017-03-01 16:09:43 INFO UpdateUserState: 015632239768,1
2017-03-01 16:09:45 INFO AddIdentifyResult: 19738,015632239768,-1,
2017-03-01 16:09:55 INFO AddIdentifyResult: 19738,015632239768,-3,
2017-03-01 16:10:47 INFO AddIdentifyResult: 19738,015632239768,0,ver/03/01/161136_015632239768.wav
2017-03-01 16:12:19 INFO AddIdentifyResult: 19739,013255462593,-1,
2017-03-01 16:12:38 INFO AddIdentifyResult: 19740,013255462593,-1,
2017-03-01 16:12:49 INFO AddIdentifyResult: 19740,013255462593,-3,
2017-03-01 16:13:33 INFO AddIdentifyResult: 19741,015033230548,-1,
2017-03-01 16:13:43 INFO AddIdentifyResult: 19741,015033230548,-3,
2017-03-01 16:14:40 INFO AddIdentifyResult: 19740,013255462593,11,reg/013255462593_|reg/013255462593_|reg/013255462593_
2017-03-01 16:14:48 INFO AddIdentifyResult: 19742,013255462593,-1,
2017-03-01 16:14:59 INFO AddIdentifyResult: 19742,013255462593,-3,
2017-03-01 16:15:30 INFO AddIdentifyResult: 19741,015033230548,12,
2017-03-01 16:15:36 INFO AddIdentifyResult: 19741,015033230548,10,reg/015033230548_0301161524|reg/015033230548_0301161524|reg/015033230548_
2017-03-01 16:15:36 INFO UpdateUserState: 015033230548,1
2017-03-01 16:15:40 INFO AddIdentifyResult: 19743,015033230548,-1,
2017-03-01 16:15:47 INFO AddIdentifyResult: 19743,015033230548,-3,
2017-03-01 16:16:38 INFO AddIdentifyResult: 19743,015033230548,0,ver/03/01/161728_015033230548.wav
2017-03-01 16:16:43 INFO AddIdentifyResult: 19742,013255462593,11,reg/013255462593_|reg/013255462593_|reg/013255462593_
2017-03-01 16:18:10 INFO AddIdentifyResult: 19744,013255462593,-1,
2017-03-01 16:18:20 INFO AddIdentifyResult: 19744,013255462593,-3,
2017-03-01 16:20:00 INFO AddIdentifyResult: 19744,013255462593,12,
2017-03-01 16:20:08 INFO AddIdentifyResult: 19744,013255462593,10,reg/013255462593_0301162002|reg/013255462593_0301162002|reg/013255462593_
2017-03-01 16:20:08 INFO UpdateUserState: 013255462593,1
2017-03-01 16:22:09 INFO AddIdentifyResult: 19745,015572885412,-1,
2017-03-01 16:22:22 INFO AddIdentifyResult: 19745,015572885412,-3,
2017-03-01 16:24:24 INFO AddIdentifyResult: 19745,015572885412,12,
2017-03-01 16:24:32 INFO AddIdentifyResult: 19745,015572885412,10,reg/015572885412_0301162523|reg/015572885412_0301162523|reg/015572885412_0301162403
2017-03-01 16:24:32 INFO UpdateUserState: 015572885412,1
2017-03-01 16:24:47 INFO AddIdentifyResult: 19746,015572885412,-1,
2017-03-01 16:24:56 INFO AddIdentifyResult: 19746,015572885412,-3,
2017-03-01 16:25:48 INFO AddIdentifyResult: 19746,015572885412,0,ver/03/01/162637_015572885412.wav
2017-03-01 16:27:08 INFO AddIdentifyResult: 19747,013778230131,-1,
2017-03-01 16:27:23 INFO AddIdentifyResult: 19747,013778230131,-3,
2017-03-01 16:29:04 INFO AddIdentifyResult: 19747,013778230131,12,
2017-03-01 16:29:12 INFO AddIdentifyResult: 19747,013778230131,10,reg/013778230131_0301162904|reg/013778230131_0301162904|reg/013778230131_
2017-03-01 16:29:12 INFO UpdateUserState: 013778230131,1
2017-03-01 16:29:20 INFO AddIdentifyResult: 19748,013778230131,-1,
2017-03-01 16:29:28 INFO AddIdentifyResult: 19748,013778230131,-3,
2017-03-01 16:30:21 INFO AddIdentifyResult: 19748,013778230131,0,ver/03/01/163110_013778230131.wav
2017-03-01 16:49:20 INFO AddIdentifyResult: 19749,013280321575,-1,
2017-03-01 16:49:39 INFO AddIdentifyResult: 19749,013280321575,-3,
2017-03-01 16:51:24 INFO AddIdentifyResult: 19749,013280321575,12,
2017-03-01 16:51:30 INFO AddIdentifyResult: 19749,013280321575,10,reg/013280321575_0301165236|reg/013280321575_0301165236|reg/013280321575_0301165120
2017-03-01 16:51:31 INFO UpdateUserState: 013280321575,1
2017-03-01 17:54:27 INFO AddIdentifyResult: 19750,015632256916,-1,
2017-03-01 17:54:35 INFO AddIdentifyResult: 19750,015632256916,-3,
2017-03-01 17:56:13 INFO AddIdentifyResult: 19750,015632256916,12,
2017-03-01 17:56:20 INFO AddIdentifyResult: 19750,015632256916,10,reg/015632256916_0301175617|reg/015632256916_0301175617|reg/015632256916_
2017-03-01 17:56:20 INFO UpdateUserState: 015632256916,1
2017-03-01 17:56:27 INFO AddIdentifyResult: 19751,015632256916,-1,
2017-03-01 17:56:35 INFO AddIdentifyResult: 19751,015632256916,-3,
2017-03-01 17:57:28 INFO AddIdentifyResult: 19751,015632256916,0,ver/03/01/175817_015632256916.wav
2017-03-01 18:32:32 INFO AddIdentifyResult: 19752,05925998812,-1,
2017-03-01 18:32:39 INFO AddIdentifyResult: 19752,05925998812,-3,
2017-03-01 18:34:15 INFO AddIdentifyResult: 19752,05925998812,12,
2017-03-01 18:34:22 INFO AddIdentifyResult: 19752,05925998812,10,reg/05925998812_0301183526|reg/05925998812_0301183526|reg/05925998812_0301183420
2017-03-01 18:34:22 INFO UpdateUserState: 05925998812,1
2017-03-01 18:43:54 INFO AddIdentifyResult: 19753,05925998812,-1,
2017-03-01 18:44:01 INFO AddIdentifyResult: 19753,05925998812,-3,
2017-03-01 18:44:53 INFO AddIdentifyResult: 19753,05925998812,0,ver/03/01/184606_05925998812.wav
