2017-03-06 08:34:46 INFO AddIdentifyResult: 20169,015572885422,-1,
2017-03-06 08:35:18 INFO AddIdentifyResult: 20170,015572885422,-1,
2017-03-06 08:35:37 INFO AddIdentifyResult: 20171,013034437851,-1,
2017-03-06 08:36:33 INFO AddIdentifyResult: 20172,01303442851,-1,
2017-03-06 08:37:18 INFO AddIdentifyResult: 20173,013034427851,-1,
2017-03-06 08:37:25 INFO AddIdentifyResult: 20173,013034427851,-3,
2017-03-06 08:38:40 INFO AddIdentifyResult: 20174,015572885422,-1,
2017-03-06 08:38:48 INFO AddIdentifyResult: 20174,015572885422,-3,
2017-03-06 08:39:15 INFO AddIdentifyResult: 20174,015572885422,11,reg/015572885422_|reg/015572885422_|reg/015572885422_
2017-03-06 08:39:27 INFO AddIdentifyResult: 20173,013034427851,12,
2017-03-06 08:39:33 INFO AddIdentifyResult: 20173,013034427851,10,reg/013034427851_0306083927|reg/013034427851_0306083927|reg/013034427851_
2017-03-06 08:39:34 INFO UpdateUserState: 013034427851,1
2017-03-06 08:39:42 INFO AddIdentifyResult: 20175,013034427851,-1,
2017-03-06 08:39:52 INFO AddIdentifyResult: 20176,015572885422,-1,
2017-03-06 08:39:53 INFO AddIdentifyResult: 20175,013034427851,-3,
2017-03-06 08:40:06 INFO AddIdentifyResult: 20176,015572885422,-3,
2017-03-06 08:40:16 INFO AddIdentifyResult: 20176,015572885422,11,reg/015572885422_|reg/015572885422_|reg/015572885422_
2017-03-06 08:40:45 INFO AddIdentifyResult: 20175,013034427851,0,ver/03/06/084155_013034427851.wav
2017-03-06 08:43:39 INFO AddIdentifyResult: 20177,015572885422,-1,
2017-03-06 08:43:51 INFO AddIdentifyResult: 20177,015572885422,-3,
2017-03-06 08:45:36 INFO AddIdentifyResult: 20177,015572885422,12,
2017-03-06 08:45:43 INFO AddIdentifyResult: 20177,015572885422,10,reg/015572885422_0306084553|reg/015572885422_0306084553|reg/015572885422_
2017-03-06 08:45:43 INFO UpdateUserState: 015572885422,1
2017-03-06 08:45:47 INFO AddIdentifyResult: 20178,015572885422,-1,
2017-03-06 08:45:56 INFO AddIdentifyResult: 20178,015572885422,-3,
2017-03-06 08:46:48 INFO AddIdentifyResult: 20178,015572885422,0,ver/03/06/084758_015572885422.wav
2017-03-06 08:48:10 INFO AddIdentifyResult: 20179,015572883493,-1,
2017-03-06 08:48:55 INFO AddIdentifyResult: 20180,015572883493,-1,
2017-03-06 08:49:19 INFO AddIdentifyResult: 20181,015572883493,-1,
2017-03-06 08:49:31 INFO AddIdentifyResult: 20181,015572883493,-3,
2017-03-06 08:51:25 INFO AddIdentifyResult: 20181,015572883493,12,
2017-03-06 08:51:32 INFO AddIdentifyResult: 20181,015572883493,10,reg/015572883493_0306085133|reg/015572883493_0306085133|reg/015572883493_
2017-03-06 08:51:32 INFO UpdateUserState: 015572883493,1
2017-03-06 08:51:35 INFO AddIdentifyResult: 20182,015572883493,-1,
2017-03-06 08:51:44 INFO AddIdentifyResult: 20182,015572883493,-3,
2017-03-06 08:52:37 INFO AddIdentifyResult: 20182,015572883493,0,ver/03/06/085347_015572883493.wav
2017-03-06 09:04:46 INFO AddIdentifyResult: 20183,015572885570,-1,
2017-03-06 09:04:55 INFO AddIdentifyResult: 20183,015572885570,-3,
2017-03-06 09:06:21 INFO AddIdentifyResult: 20184,15827231320,-1,
2017-03-06 09:07:11 INFO AddIdentifyResult: 20183,015572885570,12,
2017-03-06 09:07:18 INFO AddIdentifyResult: 20183,015572885570,10,reg/015572885570_0306090657|reg/015572885570_0306090657|reg/015572885570_
2017-03-06 09:07:18 INFO UpdateUserState: 015572885570,1
2017-03-06 09:07:28 INFO AddIdentifyResult: 20185,015572885570,-1,
2017-03-06 09:07:36 INFO AddIdentifyResult: 20185,015572885570,-3,
2017-03-06 09:08:09 INFO AddIdentifyResult: 20186,15827231320,-1,
2017-03-06 09:08:28 INFO AddIdentifyResult: 20185,015572885570,0,ver/03/06/090938_015572885570.wav
2017-03-06 09:31:48 INFO AddIdentifyResult: 20187,013256477282,-1,
2017-03-06 09:31:58 INFO AddIdentifyResult: 20187,013256477282,-3,
2017-03-06 09:33:22 INFO AddIdentifyResult: 20187,013256477282,12,
2017-03-06 09:33:29 INFO AddIdentifyResult: 20187,013256477282,10,reg/013256477282_0306093400|reg/013256477282_0306093400|reg/013256477282_
2017-03-06 09:33:29 INFO UpdateUserState: 013256477282,1
2017-03-06 09:34:38 INFO AddIdentifyResult: 20188,013280320578,-1,
2017-03-06 09:34:49 INFO AddIdentifyResult: 20188,013280320578,-3,
2017-03-06 09:36:12 INFO AddIdentifyResult: 20188,013280320578,12,
2017-03-06 09:36:19 INFO AddIdentifyResult: 20188,013280320578,10,reg/013280320578_0306093651|reg/013280320578_0306093651|reg/013280320578_
2017-03-06 09:36:19 INFO UpdateUserState: 013280320578,1
2017-03-06 09:37:26 INFO AddIdentifyResult: 20189,013280320578,-1,
2017-03-06 09:37:31 INFO AddIdentifyResult: 20189,013280320578,-3,
2017-03-06 09:38:24 INFO AddIdentifyResult: 20189,013280320578,1,ver/03/06/093933_013280320578.wav
2017-03-06 09:38:52 INFO AddIdentifyResult: 20190,013280320578,-1,
2017-03-06 09:38:57 INFO AddIdentifyResult: 20190,013280320578,-3,
2017-03-06 09:39:50 INFO AddIdentifyResult: 20190,013280320578,0,ver/03/06/094059_013280320578.wav
2017-03-06 09:47:45 INFO AddIdentifyResult: 20191,015572884693,-1,
2017-03-06 09:48:00 INFO AddIdentifyResult: 20191,015572884693,-3,
2017-03-06 09:49:39 INFO AddIdentifyResult: 20191,015572884693,12,
2017-03-06 09:49:47 INFO AddIdentifyResult: 20191,015572884693,10,reg/015572884693_0306095002|reg/015572884693_0306095002|reg/015572884693_
2017-03-06 09:49:47 INFO UpdateUserState: 015572884693,1
2017-03-06 09:49:54 INFO AddIdentifyResult: 20192,015572884693,-1,
2017-03-06 09:50:03 INFO AddIdentifyResult: 20192,015572884693,-3,
2017-03-06 09:50:55 INFO AddIdentifyResult: 20192,015572884693,0,ver/03/06/095205_015572884693.wav
2017-03-06 09:52:12 INFO AddIdentifyResult: 20193,013620492793,-1,
2017-03-06 09:52:25 INFO AddIdentifyResult: 20193,013620492793,-3,
2017-03-06 09:54:09 INFO AddIdentifyResult: 20193,013620492793,12,
2017-03-06 09:54:16 INFO AddIdentifyResult: 20193,013620492793,10,reg/013620492793_0306095427|reg/013620492793_0306095427|reg/013620492793_
2017-03-06 09:54:16 INFO UpdateUserState: 013620492793,1
2017-03-06 09:54:24 INFO AddIdentifyResult: 20194,013620492793,-1,
2017-03-06 09:54:26 INFO AddIdentifyResult: 20195,015671759071,-1,
2017-03-06 09:54:32 INFO AddIdentifyResult: 20195,015671759071,-3,
2017-03-06 09:54:48 INFO AddIdentifyResult: 20196,013620492793,-1,
2017-03-06 09:55:02 INFO AddIdentifyResult: 20196,013620492793,-3,
2017-03-06 09:55:54 INFO AddIdentifyResult: 20196,013620492793,0,ver/03/06/095704_013620492793.wav
2017-03-06 09:56:27 INFO AddIdentifyResult: 20195,015671759071,12,
2017-03-06 09:56:34 INFO AddIdentifyResult: 20195,015671759071,10,reg/015671759071_0306095634|reg/015671759071_0306095634|reg/015671759071_
2017-03-06 09:56:34 INFO UpdateUserState: 015671759071,1
2017-03-06 09:56:52 INFO AddIdentifyResult: 20197,015671759071,-1,
2017-03-06 09:57:01 INFO AddIdentifyResult: 20197,015671759071,-3,
2017-03-06 09:57:53 INFO AddIdentifyResult: 20197,015671759071,0,ver/03/06/095903_015671759071.wav
2017-03-06 10:04:03 INFO AddIdentifyResult: 20198,18972664982,-1,
2017-03-06 10:04:10 INFO AddIdentifyResult: 20198,18972664982,-3,
2017-03-06 10:04:57 INFO AddIdentifyResult: 20198,18972664982,11,reg/18972664982_|reg/18972664982_|reg/18972664982_
2017-03-06 10:17:56 INFO AddIdentifyResult: 20199,013255605807,-1,
2017-03-06 10:18:50 INFO AddIdentifyResult: 20200,013255605807,-1,
2017-03-06 10:21:00 INFO AddIdentifyResult: 20201,013255605807,-1,
2017-03-06 10:24:57 INFO AddIdentifyResult: 20202,013255605807,-1,
2017-03-06 10:26:25 INFO AddIdentifyResult: 20203,013255615857,-1,
2017-03-06 10:26:35 INFO AddIdentifyResult: 20203,013255615857,-3,
2017-03-06 10:29:25 INFO AddIdentifyResult: 20203,013255615857,12,
2017-03-06 10:29:32 INFO AddIdentifyResult: 20203,013255615857,10,reg/013255615857_0306103100|reg/013255615857_0306103100|reg/013255615857_0306102837
2017-03-06 10:29:32 INFO UpdateUserState: 013255615857,1
2017-03-06 10:29:35 INFO AddIdentifyResult: 20204,013255605807,-1,
2017-03-06 10:30:10 INFO AddIdentifyResult: 20205,013255605807,-1,
2017-03-06 10:30:16 INFO AddIdentifyResult: 20205,013255605807,-3,
2017-03-06 10:31:51 INFO AddIdentifyResult: 20205,013255605807,12,
2017-03-06 10:31:59 INFO AddIdentifyResult: 20205,013255605807,10,reg/013255605807_0306103218|reg/013255605807_0306103218|reg/013255605807_
2017-03-06 10:31:59 INFO UpdateUserState: 013255605807,1
2017-03-06 10:34:42 INFO AddIdentifyResult: 20206,013255605807,-1,
2017-03-06 10:37:40 INFO AddIdentifyResult: 20207,013255605807,-1,
2017-03-06 10:38:22 INFO AddIdentifyResult: 20208,015572889255,-1,
2017-03-06 10:38:42 INFO AddIdentifyResult: 20209,015572889255,-1,
2017-03-06 10:38:55 INFO AddIdentifyResult: 20209,015572889255,-3,
2017-03-06 10:40:36 INFO AddIdentifyResult: 20209,015572889255,12,
2017-03-06 10:40:44 INFO AddIdentifyResult: 20209,015572889255,10,reg/015572889255_0306104057|reg/015572889255_0306104057|reg/015572889255_
2017-03-06 10:40:45 INFO UpdateUserState: 015572889255,1
2017-03-06 10:40:50 INFO AddIdentifyResult: 20210,015572889255,-1,
2017-03-06 10:41:00 INFO AddIdentifyResult: 20210,015572889255,-3,
2017-03-06 10:41:52 INFO AddIdentifyResult: 20210,015572889255,0,ver/03/06/104302_015572889255.wav
2017-03-06 11:32:24 INFO AddIdentifyResult: 20211,013506364181,-1,
2017-03-06 11:32:34 INFO AddIdentifyResult: 20211,013506364181,-3,
2017-03-06 11:33:19 INFO AddIdentifyResult: 20211,013506364181,11,reg/013506364181_|reg/013506364181_|reg/013506364181_
2017-03-06 11:33:23 INFO AddIdentifyResult: 20212,013506364181,-1,
2017-03-06 11:33:29 INFO AddIdentifyResult: 20212,013506364181,-3,
2017-03-06 11:35:15 INFO AddIdentifyResult: 20212,013506364181,12,
2017-03-06 11:35:22 INFO AddIdentifyResult: 20212,013506364181,10,reg/013506364181_0306113652|reg/013506364181_0306113652|reg/013506364181_0306113531
2017-03-06 11:35:23 INFO UpdateUserState: 013506364181,1
2017-03-06 13:29:36 INFO AddIdentifyResult: 20213,013255625779,-1,
2017-03-06 13:29:47 INFO AddIdentifyResult: 20213,013255625779,-3,
2017-03-06 13:31:52 INFO AddIdentifyResult: 20213,013255625779,12,
2017-03-06 13:32:00 INFO AddIdentifyResult: 20213,013255625779,10,reg/013255625779_0306133313|reg/013255625779_0306133313|reg/013255625779_0306133150
2017-03-06 13:32:00 INFO UpdateUserState: 013255625779,1
2017-03-06 13:34:19 INFO AddIdentifyResult: 20214,015865182995,-1,
2017-03-06 13:34:41 INFO AddIdentifyResult: 20214,015865182995,-3,
2017-03-06 13:36:02 INFO AddIdentifyResult: 20214,015865182995,12,
2017-03-06 13:36:08 INFO AddIdentifyResult: 20214,015865182995,10,reg/015865182995_0306133644|reg/015865182995_0306133644|reg/015865182995_
2017-03-06 13:36:08 INFO UpdateUserState: 015865182995,1
2017-03-06 13:42:39 INFO AddIdentifyResult: 20215,013280320031,-1,
2017-03-06 13:42:50 INFO AddIdentifyResult: 20215,013280320031,-3,
2017-03-06 13:44:29 INFO AddIdentifyResult: 20215,013280320031,12,
2017-03-06 13:44:36 INFO AddIdentifyResult: 20215,013280320031,10,reg/013280320031_0306134452|reg/013280320031_0306134452|reg/013280320031_
2017-03-06 13:44:36 INFO UpdateUserState: 013280320031,1
2017-03-06 14:31:38 INFO AddIdentifyResult: 20216,013255602758,-1,
2017-03-06 14:31:47 INFO AddIdentifyResult: 20216,013255602758,-3,
2017-03-06 14:34:11 INFO AddIdentifyResult: 20216,013255602758,12,
2017-03-06 14:34:18 INFO AddIdentifyResult: 20216,013255602758,10,reg/013255602758_0306143350|reg/013255602758_0306143350|reg/013255602758_
2017-03-06 14:34:18 INFO UpdateUserState: 013255602758,1
2017-03-06 14:35:45 INFO AddIdentifyResult: 20217,013020602630,-1,
2017-03-06 14:36:03 INFO AddIdentifyResult: 20217,013020602630,-3,
2017-03-06 14:37:17 INFO AddIdentifyResult: 20217,013020602630,12,
2017-03-06 14:37:23 INFO AddIdentifyResult: 20217,013020602630,10,reg/013020602630_0306143806|reg/013020602630_0306143806|reg/013020602630_
2017-03-06 14:37:24 INFO UpdateUserState: 013020602630,1
2017-03-06 14:37:54 INFO AddIdentifyResult: 20218,013255637903,-1,
2017-03-06 14:38:07 INFO AddIdentifyResult: 20218,013255637903,-3,
2017-03-06 14:39:58 INFO AddIdentifyResult: 20218,013255637903,12,
2017-03-06 14:40:05 INFO AddIdentifyResult: 20218,013255637903,10,reg/013255637903_0306144010|reg/013255637903_0306144010|reg/013255637903_
2017-03-06 14:40:05 INFO UpdateUserState: 013255637903,1
2017-03-06 14:40:27 INFO AddIdentifyResult: 20219,013020602630,-1,
2017-03-06 14:40:52 INFO AddIdentifyResult: 20219,013020602630,-3,
2017-03-06 14:40:54 INFO AddIdentifyResult: 20220,013020602630,-1,
2017-03-06 14:41:45 INFO AddIdentifyResult: 20219,013020602630,0,ver/03/06/144256_013020602630.wav
2017-03-06 14:42:17 INFO AddIdentifyResult: 20221,013255637903,-1,
2017-03-06 14:42:24 INFO AddIdentifyResult: 20221,013255637903,-3,
2017-03-06 14:43:16 INFO AddIdentifyResult: 20221,013255637903,0,ver/03/06/144427_013255637903.wav
2017-03-06 15:58:39 INFO AddIdentifyResult: 20222,013255601665,-1,
2017-03-06 15:58:48 INFO AddIdentifyResult: 20222,013255601665,-3,
2017-03-06 16:00:22 INFO AddIdentifyResult: 20222,013255601665,12,
2017-03-06 16:00:29 INFO AddIdentifyResult: 20222,013255601665,10,reg/013255601665_0306160051|reg/013255601665_0306160051|reg/013255601665_
2017-03-06 16:00:29 INFO UpdateUserState: 013255601665,1
2017-03-06 16:08:54 INFO AddIdentifyResult: 20223,013255465901,-1,
2017-03-06 16:09:02 INFO AddIdentifyResult: 20223,013255465901,-3,
2017-03-06 16:10:19 INFO AddIdentifyResult: 20223,013255465901,12,
2017-03-06 16:10:26 INFO AddIdentifyResult: 20223,013255465901,10,reg/013255465901_0306161105|reg/013255465901_0306161105|reg/013255465901_
2017-03-06 16:10:26 INFO UpdateUserState: 013255465901,1
2017-03-06 16:10:58 INFO AddIdentifyResult: 20187,017371146171,-1,
2017-03-06 16:11:01 INFO AddIdentifyResult: 20224,018562039856,-1,
2017-03-06 16:11:07 INFO AddIdentifyResult: 20224,018562039856,-3,
2017-03-06 16:12:14 INFO AddIdentifyResult: 20188,017371146171,-1,
2017-03-06 16:12:41 INFO AddIdentifyResult: 20224,018562039856,12,
2017-03-06 16:12:48 INFO AddIdentifyResult: 20224,018562039856,10,reg/018562039856_0306161417|reg/018562039856_0306161417|reg/018562039856_0306161310
2017-03-06 16:12:49 INFO UpdateUserState: 018562039856,1
2017-03-06 16:15:11 INFO AddIdentifyResult: 20225,013255465891,-1,
2017-03-06 16:15:23 INFO AddIdentifyResult: 20225,013255465891,-3,
2017-03-06 16:16:59 INFO AddIdentifyResult: 20225,013255465891,12,
2017-03-06 16:17:05 INFO AddIdentifyResult: 20225,013255465891,10,reg/013255465891_0306161726|reg/013255465891_0306161726|reg/013255465891_
2017-03-06 16:17:05 INFO UpdateUserState: 013255465891,1
2017-03-06 16:18:57 INFO AddIdentifyResult: 20189,017371146171,-1,
2017-03-06 16:28:03 INFO AddIdentifyResult: 20190,017371146171,-1,
2017-03-06 16:35:25 INFO AddIdentifyResult: 20191,017371146171,-1,
2017-03-06 16:36:41 INFO AddIdentifyResult: 20192,017371146171,-1,
2017-03-06 16:40:34 INFO AddIdentifyResult: 20193,017371146171,-1,
2017-03-06 16:47:44 INFO AddIdentifyResult: 20226,013034422257,-1,
2017-03-06 16:47:56 INFO AddIdentifyResult: 20226,013034422257,-3,
2017-03-06 16:50:16 INFO AddIdentifyResult: 20226,013034422257,12,
2017-03-06 16:50:23 INFO AddIdentifyResult: 20226,013034422257,10,reg/013034422257_0306165150|reg/013034422257_0306165150|reg/013034422257_0306164959
2017-03-06 16:50:23 INFO UpdateUserState: 013034422257,1
2017-03-06 16:50:39 INFO AddIdentifyResult: 20227,013034422257,-1,
2017-03-06 16:50:46 INFO AddIdentifyResult: 20227,013034422257,-3,
2017-03-06 16:51:38 INFO AddIdentifyResult: 20227,013034422257,0,ver/03/06/165250_013034422257.wav
2017-03-06 16:52:57 INFO AddIdentifyResult: 20228,018872219609,-1,
2017-03-06 16:53:06 INFO AddIdentifyResult: 20228,018872219609,-3,
2017-03-06 16:55:05 INFO AddIdentifyResult: 20228,018872219609,12,
2017-03-06 16:55:12 INFO AddIdentifyResult: 20228,018872219609,10,reg/018872219609_0306165638|reg/018872219609_0306165638|reg/018872219609_0306165509
2017-03-06 16:55:12 INFO UpdateUserState: 018872219609,1
2017-03-06 16:57:30 INFO AddIdentifyResult: 20229,018872219609,-1,
2017-03-06 16:57:40 INFO AddIdentifyResult: 20229,018872219609,-3,
2017-03-06 16:58:33 INFO AddIdentifyResult: 20229,018872219609,0,ver/03/06/165944_018872219609.wav
