2017-01-13 09:27:45 INFO AddIdentifyResult: 14357,015130404742,-1,
2017-01-13 09:27:52 INFO AddIdentifyResult: 14357,015130404742,-3,
2017-01-13 09:30:00 INFO AddIdentifyResult: 14357,015130404742,12,
2017-01-13 09:30:07 INFO AddIdentifyResult: 14357,015130404742,10,reg/015130404742_0113093006|reg/015130404742_0113093006|reg/015130404742_
2017-01-13 09:30:08 INFO UpdateUserState: 015130404742,1
2017-01-13 09:30:09 INFO AddIdentifyResult: 14358,015130404742,-1,
2017-01-13 09:30:21 INFO AddIdentifyResult: 14358,015130404742,-3,
2017-01-13 09:31:13 INFO AddIdentifyResult: 14358,015130404742,0,ver/01/13/093235_015130404742.wav
2017-01-13 09:45:43 INFO AddIdentifyResult: 14359,015512269506,-1,
2017-01-13 09:45:57 INFO AddIdentifyResult: 14359,015512269506,-3,
2017-01-13 09:48:00 INFO AddIdentifyResult: 14359,015512269506,12,
2017-01-13 09:48:07 INFO AddIdentifyResult: 14359,015512269506,10,reg/015512269506_0113094811|reg/015512269506_0113094811|reg/015512269506_
2017-01-13 09:48:07 INFO UpdateUserState: 015512269506,1
2017-01-13 09:48:24 INFO AddIdentifyResult: 14360,015512269506,-1,
2017-01-13 09:48:32 INFO AddIdentifyResult: 14360,015512269506,-3,
2017-01-13 09:49:23 INFO AddIdentifyResult: 14360,015512269506,0,ver/01/13/095046_015512269506.wav
2017-01-13 09:49:51 INFO AddIdentifyResult: 14361,018107252381,-1,
2017-01-13 09:50:52 INFO AddIdentifyResult: 14362,018107252381,-1,
2017-01-13 09:51:09 INFO AddIdentifyResult: 14362,018107252381,-3,
2017-01-13 09:53:19 INFO AddIdentifyResult: 14362,018107252381,12,
2017-01-13 09:53:26 INFO AddIdentifyResult: 14362,018107252381,10,reg/018107252381_0113095331|reg/018107252381_0113095331|reg/018107252381_
2017-01-13 09:53:26 INFO UpdateUserState: 018107252381,1
2017-01-13 09:53:39 INFO AddIdentifyResult: 14363,018107252381,-1,
2017-01-13 09:54:03 INFO AddIdentifyResult: 14364,018107252381,-1,
2017-01-13 09:54:13 INFO AddIdentifyResult: 14364,018107252381,-3,
2017-01-13 09:55:13 INFO AddIdentifyResult: 14364,018107252381,0,ver/01/13/095636_018107252381.wav
2017-01-13 09:56:16 INFO AddIdentifyResult: 14365,015690436685,-1,
2017-01-13 09:56:27 INFO AddIdentifyResult: 14365,015690436685,-3,
2017-01-13 09:58:23 INFO AddIdentifyResult: 14365,015690436685,12,
2017-01-13 09:58:31 INFO AddIdentifyResult: 14365,015690436685,10,reg/015690436685_0113100001|reg/015690436685_0113100001|reg/015690436685_0113095841
2017-01-13 09:58:31 INFO UpdateUserState: 015690436685,1
2017-01-13 09:58:34 INFO AddIdentifyResult: 14366,015690436685,-1,
2017-01-13 09:58:44 INFO AddIdentifyResult: 14366,015690436685,-3,
2017-01-13 09:59:36 INFO AddIdentifyResult: 14366,015690436685,0,ver/01/13/100058_015690436685.wav
2017-01-13 10:05:44 INFO AddIdentifyResult: 14367,015630293978,-1,
2017-01-13 10:05:58 INFO AddIdentifyResult: 14367,015630293978,-3,
2017-01-13 10:07:32 INFO AddIdentifyResult: 14367,015630293978,12,
2017-01-13 10:07:39 INFO AddIdentifyResult: 14368,13092774590,-1,
2017-01-13 10:07:40 INFO AddIdentifyResult: 14367,015630293978,10,reg/015630293978_0113100811|reg/015630293978_0113100811|reg/015630293978_
2017-01-13 10:07:40 INFO UpdateUserState: 015630293978,1
2017-01-13 10:07:45 INFO AddIdentifyResult: 14369,015630293978,-1,
2017-01-13 10:07:57 INFO AddIdentifyResult: 14369,015630293978,-3,
2017-01-13 10:08:16 INFO AddIdentifyResult: 14370,013092774590,-1,
2017-01-13 10:08:36 INFO AddIdentifyResult: 14370,013092774590,-3,
2017-01-13 10:08:49 INFO AddIdentifyResult: 14369,015630293978,0,ver/01/13/101011_015630293978.wav
2017-01-13 10:10:27 INFO AddIdentifyResult: 14370,013092774590,12,
2017-01-13 10:10:33 INFO AddIdentifyResult: 14370,013092774590,10,reg/013092774590_0113101050|reg/013092774590_0113101050|reg/013092774590_
2017-01-13 10:10:33 INFO UpdateUserState: 013092774590,1
2017-01-13 10:11:03 INFO AddIdentifyResult: 14371,013092774590,-1,
2017-01-13 10:11:23 INFO AddIdentifyResult: 14371,013092774590,-3,
2017-01-13 10:12:15 INFO AddIdentifyResult: 14371,013092774590,1,ver/01/13/101337_013092774590.wav
2017-01-13 10:13:02 INFO AddIdentifyResult: 14372,013092774590,-1,
2017-01-13 10:15:37 INFO AddIdentifyResult: 14373,013092774590,-1,
2017-01-13 10:15:52 INFO AddIdentifyResult: 14373,013092774590,-3,
2017-01-13 10:16:38 INFO AddIdentifyResult: 14374,015630276978,-1,
2017-01-13 10:16:44 INFO AddIdentifyResult: 14373,013092774590,0,ver/01/13/101806_013092774590.wav
2017-01-13 10:16:55 INFO AddIdentifyResult: 14374,015630276978,-3,
2017-01-13 10:18:36 INFO AddIdentifyResult: 14374,015630276978,12,
2017-01-13 10:18:43 INFO AddIdentifyResult: 14374,015630276978,10,reg/015630276978_0113101909|reg/015630276978_0113101909|reg/015630276978_
2017-01-13 10:18:43 INFO UpdateUserState: 015630276978,1
2017-01-13 10:18:46 INFO AddIdentifyResult: 14375,015630276978,-1,
2017-01-13 10:18:52 INFO AddIdentifyResult: 14375,015630276978,-3,
2017-01-13 10:19:44 INFO AddIdentifyResult: 14375,015630276978,0,ver/01/13/102106_015630276978.wav
2017-01-13 10:22:25 INFO AddIdentifyResult: 14376,013034401337,-1,
2017-01-13 10:22:37 INFO AddIdentifyResult: 14376,013034401337,-3,
2017-01-13 10:23:24 INFO AddIdentifyResult: 14377,015194891849,-1,
2017-01-13 10:23:33 INFO AddIdentifyResult: 14377,015194891849,-3,
2017-01-13 10:24:30 INFO AddIdentifyResult: 14376,013034401337,12,
2017-01-13 10:24:37 INFO AddIdentifyResult: 14376,013034401337,10,reg/013034401337_0113102451|reg/013034401337_0113102451|reg/013034401337_
2017-01-13 10:24:37 INFO UpdateUserState: 013034401337,1
2017-01-13 10:26:51 INFO AddIdentifyResult: 14377,015194891849,12,
2017-01-13 10:26:58 INFO AddIdentifyResult: 14377,015194891849,10,reg/015194891849_0113102814|reg/015194891849_0113102814|reg/015194891849_0113102547
2017-01-13 10:26:58 INFO UpdateUserState: 015194891849,1
2017-01-13 10:26:59 INFO AddIdentifyResult: 14378,013034401337,-1,
2017-01-13 10:27:02 INFO AddIdentifyResult: 14379,015194891849,-1,
2017-01-13 10:27:11 INFO AddIdentifyResult: 14378,013034401337,-3,
2017-01-13 10:27:19 INFO AddIdentifyResult: 14379,015194891849,-3,
2017-01-13 10:28:04 INFO AddIdentifyResult: 14378,013034401337,0,ver/01/13/102926_013034401337.wav
2017-01-13 10:28:05 INFO AddIdentifyResult: 14380,015630879027,-1,
2017-01-13 10:28:13 INFO AddIdentifyResult: 14380,015630879027,-3,
2017-01-13 10:29:12 INFO AddIdentifyResult: 14379,015194891849,0,ver/01/13/103035_015194891849.wav
2017-01-13 10:29:41 INFO AddIdentifyResult: 14380,015630879027,12,
2017-01-13 10:29:48 INFO AddIdentifyResult: 14380,015630879027,10,reg/015630879027_0113103027|reg/015630879027_0113103027|reg/015630879027_
2017-01-13 10:29:48 INFO UpdateUserState: 015630879027,1
2017-01-13 10:30:11 INFO AddIdentifyResult: 14381,015630879027,-1,
2017-01-13 10:30:18 INFO AddIdentifyResult: 14381,015630879027,-3,
2017-01-13 10:30:48 INFO AddIdentifyResult: 14382,015690436819,-1,
2017-01-13 10:31:05 INFO AddIdentifyResult: 14382,015690436819,-3,
2017-01-13 10:31:10 INFO AddIdentifyResult: 14381,015630879027,0,ver/01/13/103232_015630879027.wav
2017-01-13 10:32:31 INFO AddIdentifyResult: 14383,018107251352,-1,
2017-01-13 10:32:44 INFO AddIdentifyResult: 14382,015690436819,12,
2017-01-13 10:32:51 INFO AddIdentifyResult: 14384,018107251352,-1,
2017-01-13 10:32:52 INFO AddIdentifyResult: 14382,015690436819,10,reg/015690436819_0113103319|reg/015690436819_0113103319|reg/015690436819_
2017-01-13 10:32:52 INFO UpdateUserState: 015690436819,1
2017-01-13 10:33:02 INFO AddIdentifyResult: 14385,015194891849,-1,
2017-01-13 10:33:15 INFO AddIdentifyResult: 14386,015690436819,-1,
2017-01-13 10:33:17 INFO AddIdentifyResult: 14387,018107251352,-1,
2017-01-13 10:33:24 INFO AddIdentifyResult: 14386,015690436819,-3,
2017-01-13 10:34:10 INFO AddIdentifyResult: 14388,018107251352,-1,
2017-01-13 10:34:16 INFO AddIdentifyResult: 14386,015690436819,0,ver/01/13/103538_015690436819.wav
2017-01-13 10:34:31 INFO AddIdentifyResult: 14388,018107251352,-3,
2017-01-13 10:37:36 INFO AddIdentifyResult: 14388,018107251352,12,
2017-01-13 10:37:45 INFO AddIdentifyResult: 14388,018107251352,10,reg/018107251352_0113103645|reg/018107251352_0113103645|reg/018107251352_
2017-01-13 10:37:45 INFO UpdateUserState: 018107251352,1
2017-01-13 10:38:08 INFO AddIdentifyResult: 14389,018107251352,-1,
2017-01-13 10:38:26 INFO AddIdentifyResult: 14389,018107251352,-3,
2017-01-13 10:38:40 INFO AddIdentifyResult: 14390,013931243205,-1,
2017-01-13 10:38:49 INFO AddIdentifyResult: 14390,013931243205,-3,
2017-01-13 10:39:01 INFO AddIdentifyResult: 14390,013931243205,11,reg/013931243205_|reg/013931243205_|reg/013931243205_
2017-01-13 10:39:18 INFO AddIdentifyResult: 14389,018107251352,0,ver/01/13/104040_018107251352.wav
2017-01-13 10:39:25 INFO AddIdentifyResult: 14391,013931243205,-1,
2017-01-13 10:39:31 INFO AddIdentifyResult: 14391,013931243205,-3,
2017-01-13 10:41:10 INFO AddIdentifyResult: 14391,013931243205,12,
2017-01-13 10:41:18 INFO AddIdentifyResult: 14391,013931243205,10,reg/013931243205_0113104145|reg/013931243205_0113104145|reg/013931243205_
2017-01-13 10:41:18 INFO UpdateUserState: 013931243205,1
2017-01-13 10:41:38 INFO AddIdentifyResult: 14392,013931243205,-1,
2017-01-13 10:41:45 INFO AddIdentifyResult: 14392,013931243205,-3,
2017-01-13 10:41:58 INFO AddIdentifyResult: 14393,015690436879,-1,
2017-01-13 10:42:09 INFO AddIdentifyResult: 14393,015690436879,-3,
2017-01-13 10:42:30 INFO AddIdentifyResult: 14392,013931243205,1,
2017-01-13 10:42:51 INFO AddIdentifyResult: 14394,013931243205,-1,
2017-01-13 10:42:57 INFO AddIdentifyResult: 14394,013931243205,-3,
2017-01-13 10:43:50 INFO AddIdentifyResult: 14394,013931243205,0,ver/01/13/104512_013931243205.wav
2017-01-13 10:44:15 INFO AddIdentifyResult: 14393,015690436879,12,
2017-01-13 10:44:23 INFO AddIdentifyResult: 14393,015690436879,10,reg/015690436879_0113104551|reg/015690436879_0113104551|reg/015690436879_0113104423
2017-01-13 10:44:23 INFO UpdateUserState: 015690436879,1
2017-01-13 10:44:30 INFO AddIdentifyResult: 14395,015690436879,-1,
2017-01-13 10:44:39 INFO AddIdentifyResult: 14395,015690436879,-3,
2017-01-13 10:45:32 INFO AddIdentifyResult: 14395,015690436879,0,ver/01/13/104654_015690436879.wav
2017-01-13 10:46:13 INFO AddIdentifyResult: 14396,013092784682,-1,
2017-01-13 10:46:27 INFO AddIdentifyResult: 14396,013092784682,-3,
2017-01-13 10:48:36 INFO AddIdentifyResult: 14396,013092784682,12,
2017-01-13 10:48:44 INFO AddIdentifyResult: 14396,013092784682,10,reg/013092784682_0113104841|reg/013092784682_0113104841|reg/013092784682_
2017-01-13 10:48:44 INFO UpdateUserState: 013092784682,1
2017-01-13 10:49:23 INFO AddIdentifyResult: 14397,013092784682,-1,
2017-01-13 10:49:23 INFO AddIdentifyResult: 14398,015690442807,-1,
2017-01-13 10:49:34 INFO AddIdentifyResult: 14397,013092784682,-3,
2017-01-13 10:50:27 INFO AddIdentifyResult: 14397,013092784682,0,ver/01/13/105149_013092784682.wav
2017-01-13 10:50:56 INFO AddIdentifyResult: 14399,015690442807,-1,
2017-01-13 10:51:03 INFO AddIdentifyResult: 14399,015690442807,-3,
2017-01-13 10:52:42 INFO AddIdentifyResult: 14399,015690442807,12,
2017-01-13 10:52:49 INFO AddIdentifyResult: 14399,015690442807,10,reg/015690442807_0113105317|reg/015690442807_0113105317|reg/015690442807_
2017-01-13 10:52:49 INFO UpdateUserState: 015690442807,1
2017-01-13 10:53:03 INFO AddIdentifyResult: 14400,015690442807,-1,
2017-01-13 10:53:09 INFO AddIdentifyResult: 14400,015690442807,-3,
2017-01-13 10:54:01 INFO AddIdentifyResult: 14400,015690442807,0,ver/01/13/105523_015690442807.wav
2017-01-13 11:00:39 INFO AddIdentifyResult: 14401,015631293718,-1,
2017-01-13 11:00:50 INFO AddIdentifyResult: 14401,015631293718,-3,
2017-01-13 11:02:20 INFO AddIdentifyResult: 14401,015631293718,12,
2017-01-13 11:02:27 INFO AddIdentifyResult: 14401,015631293718,10,reg/015631293718_0113110304|reg/015631293718_0113110304|reg/015631293718_
2017-01-13 11:02:28 INFO UpdateUserState: 015631293718,1
2017-01-13 11:02:32 INFO AddIdentifyResult: 14402,015631293718,-1,
2017-01-13 11:02:42 INFO AddIdentifyResult: 14402,015631293718,-3,
2017-01-13 11:03:34 INFO AddIdentifyResult: 14402,015631293718,0,ver/01/13/110456_015631293718.wav
2017-01-13 11:12:58 INFO AddIdentifyResult: 14403,015931829850,-1,
2017-01-13 11:13:04 INFO AddIdentifyResult: 14403,015931829850,-3,
2017-01-13 11:13:14 INFO AddIdentifyResult: 14403,015931829850,11,reg/015931829850_|reg/015931829850_|reg/015931829850_
2017-01-13 11:13:21 INFO AddIdentifyResult: 14404,015931829850,-1,
2017-01-13 11:13:29 INFO AddIdentifyResult: 14404,015931829850,-3,
2017-01-13 11:15:21 INFO AddIdentifyResult: 14404,015931829850,12,
2017-01-13 11:15:29 INFO AddIdentifyResult: 14404,015931829850,10,reg/015931829850_0113111543|reg/015931829850_0113111543|reg/015931829850_
2017-01-13 11:15:29 INFO UpdateUserState: 015931829850,1
2017-01-13 11:15:31 INFO AddIdentifyResult: 14405,015931829850,-1,
2017-01-13 11:15:39 INFO AddIdentifyResult: 14405,015931829850,-3,
2017-01-13 11:16:31 INFO AddIdentifyResult: 14405,015931829850,0,ver/01/13/111753_015931829850.wav
2017-01-13 11:25:25 INFO AddIdentifyResult: 14406,015392805813,-1,
2017-01-13 11:26:12 INFO AddIdentifyResult: 14407,015392805813,-1,
2017-01-13 11:26:40 INFO AddIdentifyResult: 14407,015392805813,-3,
2017-01-13 11:28:27 INFO AddIdentifyResult: 14407,015392805813,12,
2017-01-13 11:28:34 INFO AddIdentifyResult: 14407,015392805813,10,reg/015392805813_0113112854|reg/015392805813_0113112854|reg/015392805813_
2017-01-13 11:28:34 INFO UpdateUserState: 015392805813,1
2017-01-13 11:28:52 INFO AddIdentifyResult: 14408,015392805813,-1,
2017-01-13 11:29:04 INFO AddIdentifyResult: 14408,015392805813,-3,
2017-01-13 11:29:56 INFO AddIdentifyResult: 14408,015392805813,0,ver/01/13/113118_015392805813.wav
2017-01-13 11:30:24 INFO AddIdentifyResult: 14409,015630275816,-1,
2017-01-13 11:30:37 INFO AddIdentifyResult: 14409,015630275816,-3,
2017-01-13 11:32:16 INFO AddIdentifyResult: 14409,015630275816,12,
2017-01-13 11:32:24 INFO AddIdentifyResult: 14409,015630275816,10,reg/015630275816_0113113251|reg/015630275816_0113113251|reg/015630275816_
2017-01-13 11:32:24 INFO UpdateUserState: 015630275816,1
2017-01-13 11:32:29 INFO AddIdentifyResult: 14410,015630275816,-1,
2017-01-13 11:32:45 INFO AddIdentifyResult: 14410,015630275816,-3,
2017-01-13 11:32:56 INFO AddIdentifyResult: 14410,015630275816,1,
2017-01-13 11:33:04 INFO AddIdentifyResult: 14411,015630275816,-1,
2017-01-13 11:33:32 INFO AddIdentifyResult: 14412,015630275816,-1,
2017-01-13 11:33:46 INFO AddIdentifyResult: 14412,015630275816,-3,
2017-01-13 11:34:38 INFO AddIdentifyResult: 14412,015630275816,1,ver/01/13/113600_015630275816.wav
2017-01-13 11:35:14 INFO AddIdentifyResult: 14413,015630275816,-1,
2017-01-13 11:35:24 INFO AddIdentifyResult: 14413,015630275816,-3,
2017-01-13 11:36:17 INFO AddIdentifyResult: 14413,015630275816,1,ver/01/13/113739_015630275816.wav
2017-01-13 11:41:03 INFO AddIdentifyResult: 14414,013034403611,-1,
2017-01-13 11:41:22 INFO AddIdentifyResult: 14414,013034403611,-3,
2017-01-13 11:41:30 INFO AddIdentifyResult: 14415,015633217916,-1,
2017-01-13 11:41:42 INFO AddIdentifyResult: 14415,015633217916,-3,
2017-01-13 11:43:06 INFO AddIdentifyResult: 14414,013034403611,12,
2017-01-13 11:43:13 INFO AddIdentifyResult: 14414,013034403611,10,reg/013034403611_0113114336|reg/013034403611_0113114336|reg/013034403611_
2017-01-13 11:43:13 INFO UpdateUserState: 013034403611,1
2017-01-13 11:44:16 INFO AddIdentifyResult: 14415,015633217916,12,
2017-01-13 11:44:22 INFO AddIdentifyResult: 14415,015633217916,10,reg/015633217916_0113114553|reg/015633217916_0113114553|reg/015633217916_0113114356
2017-01-13 11:44:22 INFO UpdateUserState: 015633217916,1
2017-01-13 11:45:04 INFO AddIdentifyResult: 14416,015633217916,-1,
2017-01-13 11:45:13 INFO AddIdentifyResult: 14416,015633217916,-3,
2017-01-13 11:46:04 INFO AddIdentifyResult: 14417,013034403611,-1,
2017-01-13 11:46:04 INFO AddIdentifyResult: 14416,015633217916,0,ver/01/13/114727_015633217916.wav
2017-01-13 11:46:24 INFO AddIdentifyResult: 14417,013034403611,-3,
2017-01-13 11:46:48 INFO AddIdentifyResult: 14418,015630275816,-1,
2017-01-13 11:47:16 INFO AddIdentifyResult: 14417,013034403611,1,ver/01/13/114838_013034403611.wav
2017-01-13 11:47:38 INFO AddIdentifyResult: 14419,013034403611,-1,
2017-01-13 11:47:49 INFO AddIdentifyResult: 14419,013034403611,-3,
2017-01-13 11:48:42 INFO AddIdentifyResult: 14419,013034403611,1,ver/01/13/115004_013034403611.wav
2017-01-13 11:49:11 INFO AddIdentifyResult: 14420,013034403611,-1,
2017-01-13 11:49:47 INFO AddIdentifyResult: 14420,013034403611,-3,
2017-01-13 11:50:24 INFO AddIdentifyResult: 14421,015630275816,-1,
2017-01-13 11:50:40 INFO AddIdentifyResult: 14421,015630275816,-3,
2017-01-13 11:51:31 INFO AddIdentifyResult: 14420,013034403611,12,
2017-01-13 11:51:38 INFO AddIdentifyResult: 14420,013034403611,10,reg/013034403611_0113115201|reg/013034403611_0113115201|reg/013034403611_
2017-01-13 11:51:38 INFO UpdateUserState: 013034403611,1
2017-01-13 11:51:52 INFO AddIdentifyResult: 14422,013034403611,-1,
2017-01-13 11:52:12 INFO AddIdentifyResult: 14422,013034403611,-3,
2017-01-13 11:52:13 INFO AddIdentifyResult: 14421,015630275816,12,
2017-01-13 11:52:21 INFO AddIdentifyResult: 14421,015630275816,10,reg/015630275816_0113115254|reg/015630275816_0113115254|reg/015630275816_
2017-01-13 11:52:21 INFO UpdateUserState: 015630275816,1
2017-01-13 11:52:25 INFO AddIdentifyResult: 14423,015630275816,-1,
2017-01-13 11:52:34 INFO AddIdentifyResult: 14423,015630275816,-3,
2017-01-13 11:53:04 INFO AddIdentifyResult: 14422,013034403611,0,ver/01/13/115426_013034403611.wav
2017-01-13 11:53:27 INFO AddIdentifyResult: 14423,015630275816,0,ver/01/13/115449_015630275816.wav
2017-01-13 11:54:37 INFO AddIdentifyResult: 0,015690436879,1,
2017-01-13 11:56:27 INFO AddIdentifyResult: 14425,015632293858,-1,
2017-01-13 11:56:41 INFO AddIdentifyResult: 14425,015632293858,-3,
2017-01-13 11:56:52 INFO AddIdentifyResult: 14425,015632293858,11,reg/015632293858_|reg/015632293858_|reg/015632293858_
2017-01-13 11:58:45 INFO AddIdentifyResult: 14426,013117029993,-1,
2017-01-13 11:58:58 INFO AddIdentifyResult: 14426,013117029993,-3,
2017-01-13 12:00:42 INFO AddIdentifyResult: 14426,013117029993,12,
2017-01-13 12:00:48 INFO AddIdentifyResult: 14426,013117029993,10,reg/013117029993_0113120112|reg/013117029993_0113120112|reg/013117029993_
2017-01-13 12:00:49 INFO UpdateUserState: 013117029993,1
2017-01-13 12:01:11 INFO AddIdentifyResult: 14427,013117029993,-1,
2017-01-13 12:01:27 INFO AddIdentifyResult: 14427,013117029993,-3,
2017-01-13 12:02:19 INFO AddIdentifyResult: 14428,015632293858,-1,
2017-01-13 12:02:19 INFO AddIdentifyResult: 14427,013117029993,0,ver/01/13/120342_013117029993.wav
2017-01-13 12:02:42 INFO AddIdentifyResult: 14428,015632293858,-3,
2017-01-13 12:02:46 INFO AddIdentifyResult: 14428,015632293858,11,reg/015632293858_|reg/015632293858_|reg/015632293858_
2017-01-13 12:04:40 INFO AddIdentifyResult: 14429,015632293858,-1,
2017-01-13 12:06:04 INFO AddIdentifyResult: 14430,0156322931858,-1,
2017-01-13 12:06:48 INFO AddIdentifyResult: 14431,0156322931858,-1,
2017-01-13 12:07:32 INFO AddIdentifyResult: 14432,015632291858,-1,
2017-01-13 12:07:45 INFO AddIdentifyResult: 14432,015632291858,-3,
2017-01-13 12:09:50 INFO AddIdentifyResult: 14432,015632291858,12,
2017-01-13 12:09:56 INFO AddIdentifyResult: 14432,015632291858,10,reg/015632291858_0113121136|reg/015632291858_0113121136|reg/015632291858_0113120959
2017-01-13 12:09:57 INFO UpdateUserState: 015632291858,1
2017-01-13 12:10:34 INFO AddIdentifyResult: 14433,015632291858,-1,
2017-01-13 12:10:41 INFO AddIdentifyResult: 14433,015632291858,-3,
2017-01-13 12:11:33 INFO AddIdentifyResult: 14433,015632291858,0,ver/01/13/121256_015632291858.wav
2017-01-13 12:52:58 INFO AddIdentifyResult: 0,015690436879,1,
2017-01-13 12:55:49 INFO AddIdentifyResult: 0,013287367262,1,ver/01/13/125712_013287367262.wav
2017-01-13 15:09:57 INFO AddIdentifyResult: 14436,18971942073,-1,
2017-01-13 15:10:04 INFO AddIdentifyResult: 14436,18971942073,-3,
2017-01-13 15:12:05 INFO AddIdentifyResult: 14436,18971942073,12,
2017-01-13 15:12:12 INFO AddIdentifyResult: 14436,18971942073,10,reg/18971942073_0113151354|reg/18971942073_0113151354|reg/18971942073_0113151219
2017-01-13 15:12:12 INFO UpdateUserState: 18971942073,1
2017-01-13 15:17:59 INFO AddIdentifyResult: 0,18971942073,0,ver/01/13/151922_18971942073.wav
