2017-03-29 08:31:30 INFO AddIdentifyResult: 28297,013006546231,-1,
2017-03-29 08:31:37 INFO AddIdentifyResult: 28297,013006546231,-3,
2017-03-29 08:33:24 INFO AddIdentifyResult: 28297,013006546231,12,
2017-03-29 08:33:31 INFO AddIdentifyResult: 28297,013006546231,10,reg/013006546231_0329083319|reg/013006546231_0329083319|reg/013006546231_
2017-03-29 08:33:31 INFO UpdateUserState: 013006546231,1
2017-03-29 08:34:20 INFO AddIdentifyResult: 28298,013006546231,-1,
2017-03-29 08:34:32 INFO AddIdentifyResult: 28298,013006546231,-3,
2017-03-29 08:35:24 INFO AddIdentifyResult: 28298,013006546231,0,ver/03/29/083614_013006546231.wav
2017-03-29 08:47:19 INFO AddIdentifyResult: 28299,013954631004,-1,
2017-03-29 08:47:27 INFO AddIdentifyResult: 28299,013954631004,-3,
2017-03-29 08:49:43 INFO AddIdentifyResult: 28299,013954631004,12,
2017-03-29 08:49:50 INFO AddIdentifyResult: 28299,013954631004,10,reg/013954631004_0329085054|reg/013954631004_0329085054|reg/013954631004_0329084909
2017-03-29 08:49:50 INFO UpdateUserState: 013954631004,1
2017-03-29 08:50:22 INFO AddIdentifyResult: 28300,013001568670,-1,
2017-03-29 08:50:28 INFO AddIdentifyResult: 28300,013001568670,-3,
2017-03-29 08:53:49 INFO AddIdentifyResult: 28300,013001568670,12,
2017-03-29 08:53:56 INFO AddIdentifyResult: 28300,013001568670,10,reg/013001568670_0329085445|reg/013001568670_0329085445|reg/013001568670_0329085210
2017-03-29 08:53:57 INFO UpdateUserState: 013001568670,1
2017-03-29 08:54:31 INFO AddIdentifyResult: 28301,013954631004,-1,
2017-03-29 08:54:39 INFO AddIdentifyResult: 28301,013954631004,-3,
2017-03-29 08:55:30 INFO AddIdentifyResult: 28301,013954631004,0,ver/03/29/085621_013954631004.wav
2017-03-29 08:59:55 INFO AddIdentifyResult: 28302,013013565927,-1,
2017-03-29 09:00:01 INFO AddIdentifyResult: 28302,013013565927,-3,
2017-03-29 09:01:55 INFO AddIdentifyResult: 28302,013013565927,12,
2017-03-29 09:02:03 INFO AddIdentifyResult: 28302,013013565927,10,reg/013013565927_0329090143|reg/013013565927_0329090143|reg/013013565927_
2017-03-29 09:02:04 INFO UpdateUserState: 013013565927,1
2017-03-29 09:02:28 INFO AddIdentifyResult: 28303,013013565927,-1,
2017-03-29 09:02:33 INFO AddIdentifyResult: 28303,013013565927,-3,
2017-03-29 09:03:26 INFO AddIdentifyResult: 28303,013013565927,1,ver/03/29/090416_013013565927.wav
2017-03-29 09:04:12 INFO AddIdentifyResult: 28304,013035375355,-1,
2017-03-29 09:04:18 INFO AddIdentifyResult: 28305,013013565927,-1,
2017-03-29 09:04:23 INFO AddIdentifyResult: 28305,013013565927,-3,
2017-03-29 09:04:25 INFO AddIdentifyResult: 28304,013035375355,-3,
2017-03-29 09:06:06 INFO AddIdentifyResult: 28304,013035375355,12,
2017-03-29 09:06:13 INFO AddIdentifyResult: 28304,013035375355,10,reg/013035375355_0329090607|reg/013035375355_0329090607|reg/013035375355_
2017-03-29 09:06:14 INFO UpdateUserState: 013035375355,1
2017-03-29 09:06:32 INFO AddIdentifyResult: 28305,013013565927,12,
2017-03-29 09:06:41 INFO AddIdentifyResult: 28305,013013565927,10,reg/013013565927_0329090605|reg/013013565927_0329090605|reg/013013565927_
2017-03-29 09:06:41 INFO UpdateUserState: 013013565927,1
2017-03-29 09:06:45 INFO AddIdentifyResult: 28306,013013565927,-1,
2017-03-29 09:06:49 INFO AddIdentifyResult: 28306,013013565927,-3,
2017-03-29 09:07:42 INFO AddIdentifyResult: 28306,013013565927,0,ver/03/29/090832_013013565927.wav
2017-03-29 09:08:24 INFO AddIdentifyResult: 28307,017717670630,-1,
2017-03-29 09:08:44 INFO AddIdentifyResult: 28307,017717670630,-3,
2017-03-29 09:11:05 INFO AddIdentifyResult: 28307,017717670630,11,reg/017717670630_|reg/017717670630_|reg/017717670630_
2017-03-29 09:11:25 INFO AddIdentifyResult: 28308,017717670630,-1,
2017-03-29 09:11:35 INFO AddIdentifyResult: 28308,017717670630,-3,
2017-03-29 09:14:16 INFO AddIdentifyResult: 28308,017717670630,11,reg/017717670630_|reg/017717670630_|reg/017717670630_
2017-03-29 09:14:41 INFO AddIdentifyResult: 28309,017717670630,-1,
2017-03-29 09:14:48 INFO AddIdentifyResult: 28309,017717670630,-3,
2017-03-29 09:16:32 INFO AddIdentifyResult: 28309,017717670630,12,
2017-03-29 09:16:38 INFO AddIdentifyResult: 28309,017717670630,10,reg/017717670630_0329091630|reg/017717670630_0329091630|reg/017717670630_
2017-03-29 09:16:39 INFO UpdateUserState: 017717670630,1
2017-03-29 09:48:27 INFO AddIdentifyResult: 28310,013012907359,-1,
2017-03-29 09:48:33 INFO AddIdentifyResult: 28310,013012907359,-3,
2017-03-29 09:50:38 INFO AddIdentifyResult: 28310,013012907359,12,
2017-03-29 09:50:45 INFO AddIdentifyResult: 28310,013012907359,10,reg/013012907359_0329095146|reg/013012907359_0329095146|reg/013012907359_0329095015
2017-03-29 09:50:45 INFO UpdateUserState: 013012907359,1
2017-03-29 09:50:54 INFO AddIdentifyResult: 28311,015263885022,-1,
2017-03-29 09:52:02 INFO AddIdentifyResult: 28312,015263885022,-1,
2017-03-29 09:52:16 INFO AddIdentifyResult: 28312,015263885022,-3,
2017-03-29 09:55:00 INFO AddIdentifyResult: 28312,015263885022,12,
2017-03-29 09:55:07 INFO AddIdentifyResult: 28312,015263885022,10,reg/015263885022_0329095617|reg/015263885022_0329095617|reg/015263885022_0329095358
2017-03-29 09:55:07 INFO UpdateUserState: 015263885022,1
2017-03-29 09:55:39 INFO AddIdentifyResult: 28313,015263885022,-1,
2017-03-29 09:55:46 INFO AddIdentifyResult: 28313,015263885022,-3,
2017-03-29 09:56:38 INFO AddIdentifyResult: 28313,015263885022,0,ver/03/29/095729_015263885022.wav
2017-03-29 10:04:11 INFO AddIdentifyResult: 28314,013006543309,-1,
2017-03-29 10:04:19 INFO AddIdentifyResult: 28314,013006543309,-3,
2017-03-29 10:05:58 INFO AddIdentifyResult: 28314,013006543309,12,
2017-03-29 10:06:05 INFO AddIdentifyResult: 28314,013006543309,10,reg/013006543309_0329100601|reg/013006543309_0329100601|reg/013006543309_
2017-03-29 10:06:05 INFO UpdateUserState: 013006543309,1
2017-03-29 10:06:07 INFO AddIdentifyResult: 28315,013102950269,-1,
2017-03-29 10:06:14 INFO AddIdentifyResult: 28315,013102950269,-3,
2017-03-29 10:06:18 INFO AddIdentifyResult: 28316,013006543309,-1,
2017-03-29 10:06:26 INFO AddIdentifyResult: 28316,013006543309,-3,
2017-03-29 10:07:16 INFO AddIdentifyResult: 28316,013006543309,0,ver/03/29/100809_013006543309.wav
2017-03-29 10:08:58 INFO AddIdentifyResult: 28315,013102950269,12,
2017-03-29 10:09:06 INFO AddIdentifyResult: 28315,013102950269,10,reg/013102950269_0329100756|reg/013102950269_0329100756|reg/013102950269_
2017-03-29 10:09:07 INFO UpdateUserState: 013102950269,1
2017-03-29 10:09:09 INFO AddIdentifyResult: 28317,013102950269,-1,
2017-03-29 10:09:13 INFO AddIdentifyResult: 28317,013102950269,-3,
2017-03-29 10:10:05 INFO AddIdentifyResult: 28317,013102950269,0,ver/03/29/101056_013102950269.wav
2017-03-29 10:14:25 INFO AddIdentifyResult: 28318,015097451639,-1,
2017-03-29 10:14:32 INFO AddIdentifyResult: 28318,015097451639,-3,
2017-03-29 10:17:52 INFO AddIdentifyResult: 28318,015097451639,12,
2017-03-29 10:17:59 INFO AddIdentifyResult: 28318,015097451639,10,reg/015097451639_0329101913|reg/015097451639_0329101913|reg/015097451639_0329101614
2017-03-29 10:17:59 INFO UpdateUserState: 015097451639,1
2017-03-29 10:18:08 INFO AddIdentifyResult: 28319,015097451639,-1,
2017-03-29 10:18:13 INFO AddIdentifyResult: 28319,015097451639,-3,
2017-03-29 10:18:51 INFO AddIdentifyResult: 28320,013012918039,-1,
2017-03-29 10:19:04 INFO AddIdentifyResult: 28319,015097451639,0,ver/03/29/101956_015097451639.wav
2017-03-29 10:19:20 INFO AddIdentifyResult: 28320,013012918039,-3,
2017-03-29 10:21:38 INFO AddIdentifyResult: 28321,018233335388,-1,
2017-03-29 10:22:02 INFO AddIdentifyResult: 28321,018233335388,-3,
2017-03-29 10:22:50 INFO AddIdentifyResult: 28320,013012918039,11,reg/013012918039_|reg/013012918039_|reg/013012918039_
2017-03-29 10:23:03 INFO AddIdentifyResult: 28321,018233335388,11,reg/018233335388_|reg/018233335388_|reg/018233335388_
2017-03-29 10:29:15 INFO AddIdentifyResult: 28322,013293296967,-1,
2017-03-29 10:29:26 INFO AddIdentifyResult: 28322,013293296967,-3,
2017-03-29 10:30:07 INFO AddIdentifyResult: 28322,013293296967,11,reg/013293296967_|reg/013293296967_|reg/013293296967_
2017-03-29 10:32:06 INFO AddIdentifyResult: 28323,013012918039,-1,
2017-03-29 10:32:08 INFO AddIdentifyResult: 28324,013091255909,-1,
2017-03-29 10:32:14 INFO AddIdentifyResult: 28323,013012918039,-3,
2017-03-29 10:32:31 INFO AddIdentifyResult: 28324,013091255909,-3,
2017-03-29 10:34:00 INFO AddIdentifyResult: 28324,013091255909,12,
2017-03-29 10:34:06 INFO AddIdentifyResult: 28325,015831228382,-1,
2017-03-29 10:34:07 INFO AddIdentifyResult: 28324,013091255909,10,reg/013091255909_0329103413|reg/013091255909_0329103413|reg/013091255909_
2017-03-29 10:34:07 INFO UpdateUserState: 013091255909,1
2017-03-29 10:34:11 INFO AddIdentifyResult: 28326,013091255909,-1,
2017-03-29 10:34:16 INFO AddIdentifyResult: 28326,013091255909,-3,
2017-03-29 10:34:23 INFO AddIdentifyResult: 28325,015831228382,-3,
2017-03-29 10:34:35 INFO AddIdentifyResult: 28323,013012918039,12,
2017-03-29 10:34:42 INFO AddIdentifyResult: 28323,013012918039,10,reg/013012918039_0329103356|reg/013012918039_0329103356|reg/013012918039_
2017-03-29 10:34:42 INFO UpdateUserState: 013012918039,1
2017-03-29 10:34:44 INFO AddIdentifyResult: 28325,015831228382,11,reg/015831228382_|reg/015831228382_|reg/015831228382_
2017-03-29 10:35:00 INFO AddIdentifyResult: 28327,013012918039,-1,
2017-03-29 10:35:07 INFO AddIdentifyResult: 28326,013091255909,0,ver/03/29/103558_013091255909.wav
2017-03-29 10:35:11 INFO AddIdentifyResult: 28327,013012918039,-3,
2017-03-29 10:36:02 INFO AddIdentifyResult: 28327,013012918039,0,ver/03/29/103653_013012918039.wav
2017-03-29 10:36:11 INFO AddIdentifyResult: 28328,013223219356,-1,
2017-03-29 10:36:18 INFO AddIdentifyResult: 28328,013223219356,-3,
2017-03-29 10:37:45 INFO AddIdentifyResult: 28328,013223219356,12,
2017-03-29 10:37:52 INFO AddIdentifyResult: 28328,013223219356,10,reg/013223219356_0329103801|reg/013223219356_0329103801|reg/013223219356_
2017-03-29 10:37:52 INFO UpdateUserState: 013223219356,1
2017-03-29 10:37:58 INFO AddIdentifyResult: 28329,013223219356,-1,
2017-03-29 10:38:03 INFO AddIdentifyResult: 28329,013223219356,-3,
2017-03-29 10:38:55 INFO AddIdentifyResult: 28329,013223219356,0,ver/03/29/103946_013223219356.wav
2017-03-29 10:39:32 INFO AddIdentifyResult: 28330,015075297578,-1,
2017-03-29 10:39:51 INFO AddIdentifyResult: 28330,015075297578,-3,
2017-03-29 10:40:42 INFO AddIdentifyResult: 28330,015075297578,11,reg/015075297578_|reg/015075297578_|reg/015075297578_
2017-03-29 10:42:02 INFO AddIdentifyResult: 28331,015175305769,-1,
2017-03-29 10:42:07 INFO AddIdentifyResult: 28331,015175305769,-3,
2017-03-29 10:43:50 INFO AddIdentifyResult: 28331,015175305769,12,
2017-03-29 10:43:57 INFO AddIdentifyResult: 28331,015175305769,10,reg/015175305769_0329104350|reg/015175305769_0329104350|reg/015175305769_
2017-03-29 10:43:57 INFO UpdateUserState: 015175305769,1
2017-03-29 10:44:03 INFO AddIdentifyResult: 28332,015175305769,-1,
2017-03-29 10:44:08 INFO AddIdentifyResult: 28332,015175305769,-3,
2017-03-29 10:45:00 INFO AddIdentifyResult: 28332,015175305769,0,ver/03/29/104551_015175305769.wav
2017-03-29 10:46:57 INFO AddIdentifyResult: 28333,015931241683,-1,
2017-03-29 10:47:09 INFO AddIdentifyResult: 28333,015931241683,-3,
2017-03-29 10:47:16 INFO AddIdentifyResult: 28334,013091202796,-1,
2017-03-29 10:47:19 INFO AddIdentifyResult: 28333,015931241683,11,reg/015931241683_|reg/015931241683_|reg/015931241683_
2017-03-29 10:47:21 INFO AddIdentifyResult: 28334,013091202796,-3,
2017-03-29 10:48:49 INFO AddIdentifyResult: 28335,015954683307,-1,
2017-03-29 10:49:00 INFO AddIdentifyResult: 28335,015954683307,-3,
2017-03-29 10:50:00 INFO AddIdentifyResult: 28334,013091202796,12,
2017-03-29 10:50:06 INFO AddIdentifyResult: 28334,013091202796,10,reg/013091202796_0329105108|reg/013091202796_0329105108|reg/013091202796_0329104903
2017-03-29 10:50:07 INFO UpdateUserState: 013091202796,1
2017-03-29 10:50:14 INFO AddIdentifyResult: 28335,015954683307,12,
2017-03-29 10:50:17 INFO AddIdentifyResult: 28336,013091202796,-1,
2017-03-29 10:50:21 INFO AddIdentifyResult: 28335,015954683307,10,reg/015954683307_0329105042|reg/015954683307_0329105042|reg/015954683307_
2017-03-29 10:50:21 INFO UpdateUserState: 015954683307,1
2017-03-29 10:50:22 INFO AddIdentifyResult: 28336,013091202796,-3,
2017-03-29 10:51:06 INFO AddIdentifyResult: 28337,015954683307,-1,
2017-03-29 10:51:13 INFO AddIdentifyResult: 28336,013091202796,0,ver/03/29/105204_013091202796.wav
2017-03-29 10:51:16 INFO AddIdentifyResult: 28337,015954683307,-3,
2017-03-29 10:52:08 INFO AddIdentifyResult: 28337,015954683307,0,ver/03/29/105258_015954683307.wav
2017-03-29 10:53:19 INFO AddIdentifyResult: 28338,013400120237,-1,
2017-03-29 10:53:28 INFO AddIdentifyResult: 28338,013400120237,-3,
2017-03-29 10:54:53 INFO AddIdentifyResult: 28338,013400120237,12,
2017-03-29 10:55:01 INFO AddIdentifyResult: 28338,013400120237,10,reg/013400120237_0329105510|reg/013400120237_0329105510|reg/013400120237_
2017-03-29 10:55:01 INFO UpdateUserState: 013400120237,1
2017-03-29 10:56:19 INFO AddIdentifyResult: 28339,013400120237,-1,
2017-03-29 10:56:28 INFO AddIdentifyResult: 28339,013400120237,-3,
2017-03-29 10:57:20 INFO AddIdentifyResult: 28339,013400120237,0,ver/03/29/105810_013400120237.wav
2017-03-29 10:58:51 INFO AddIdentifyResult: 28340,013070583350,-1,
2017-03-29 10:58:58 INFO AddIdentifyResult: 28340,013070583350,-3,
2017-03-29 11:00:28 INFO AddIdentifyResult: 28340,013070583350,12,
2017-03-29 11:00:34 INFO AddIdentifyResult: 28340,013070583350,10,reg/013070583350_0329110041|reg/013070583350_0329110041|reg/013070583350_
2017-03-29 11:00:34 INFO UpdateUserState: 013070583350,1
2017-03-29 11:00:54 INFO AddIdentifyResult: 28341,013070583350,-1,
2017-03-29 11:00:59 INFO AddIdentifyResult: 28341,013070583350,-3,
2017-03-29 11:01:51 INFO AddIdentifyResult: 28341,013070583350,0,ver/03/29/110242_013070583350.wav
2017-03-29 11:04:04 INFO AddIdentifyResult: 28342,013180229736,-1,
2017-03-29 11:04:18 INFO AddIdentifyResult: 28343,015512211016,-1,
2017-03-29 11:04:22 INFO AddIdentifyResult: 28343,015512211016,-3,
2017-03-29 11:05:01 INFO AddIdentifyResult: 28344,013180229736,-1,
2017-03-29 11:05:07 INFO AddIdentifyResult: 28344,013180229736,-3,
2017-03-29 11:05:53 INFO AddIdentifyResult: 28345,013012916011,-1,
2017-03-29 11:06:02 INFO AddIdentifyResult: 28343,015512211016,12,
2017-03-29 11:06:04 INFO AddIdentifyResult: 28345,013012916011,-3,
2017-03-29 11:06:09 INFO AddIdentifyResult: 28343,015512211016,10,reg/015512211016_0329110605|reg/015512211016_0329110605|reg/015512211016_
2017-03-29 11:06:09 INFO UpdateUserState: 015512211016,1
2017-03-29 11:06:21 INFO AddIdentifyResult: 28346,015512211016,-1,
2017-03-29 11:06:25 INFO AddIdentifyResult: 28346,015512211016,-3,
2017-03-29 11:07:00 INFO AddIdentifyResult: 28344,013180229736,12,
2017-03-29 11:07:08 INFO AddIdentifyResult: 28344,013180229736,10,reg/013180229736_0329110650|reg/013180229736_0329110650|reg/013180229736_
2017-03-29 11:07:09 INFO UpdateUserState: 013180229736,1
2017-03-29 11:07:13 INFO AddIdentifyResult: 28347,013180229736,-1,
2017-03-29 11:07:17 INFO AddIdentifyResult: 28347,013180229736,-3,
2017-03-29 11:07:18 INFO AddIdentifyResult: 28346,015512211016,0,ver/03/29/110808_015512211016.wav
2017-03-29 11:08:09 INFO AddIdentifyResult: 28347,013180229736,0,ver/03/29/110900_013180229736.wav
2017-03-29 11:08:18 INFO AddIdentifyResult: 28345,013012916011,12,
2017-03-29 11:08:25 INFO AddIdentifyResult: 28345,013012916011,10,reg/013012916011_0329110746|reg/013012916011_0329110746|reg/013012916011_
2017-03-29 11:08:26 INFO UpdateUserState: 013012916011,1
2017-03-29 11:09:41 INFO AddIdentifyResult: 28348,013091205239,-1,
2017-03-29 11:09:47 INFO AddIdentifyResult: 28348,013091205239,-3,
2017-03-29 11:10:34 INFO AddIdentifyResult: 28349,018265460060,-1,
2017-03-29 11:10:36 INFO AddIdentifyResult: 28350,013191667296,-1,
2017-03-29 11:10:47 INFO AddIdentifyResult: 28349,018265460060,-3,
2017-03-29 11:11:15 INFO AddIdentifyResult: 28348,013091205239,12,
2017-03-29 11:11:22 INFO AddIdentifyResult: 28348,013091205239,10,reg/013091205239_0329111130|reg/013091205239_0329111130|reg/013091205239_
2017-03-29 11:11:22 INFO UpdateUserState: 013091205239,1
2017-03-29 11:11:29 INFO AddIdentifyResult: 28351,013091205239,-1,
2017-03-29 11:11:34 INFO AddIdentifyResult: 28351,013091205239,-3,
2017-03-29 11:12:00 INFO AddIdentifyResult: 28352,013191667296,-1,
2017-03-29 11:12:05 INFO AddIdentifyResult: 28352,013191667296,-3,
2017-03-29 11:12:26 INFO AddIdentifyResult: 28351,013091205239,0,ver/03/29/111317_013091205239.wav
2017-03-29 11:12:50 INFO AddIdentifyResult: 28349,018265460060,12,
2017-03-29 11:12:57 INFO AddIdentifyResult: 28349,018265460060,10,reg/018265460060_0329111230|reg/018265460060_0329111230|reg/018265460060_
2017-03-29 11:12:57 INFO UpdateUserState: 018265460060,1
2017-03-29 11:13:33 INFO AddIdentifyResult: 28352,013191667296,12,
2017-03-29 11:13:37 INFO AddIdentifyResult: 28353,013012916011,-1,
2017-03-29 11:13:39 INFO AddIdentifyResult: 28352,013191667296,10,reg/013191667296_0329111348|reg/013191667296_0329111348|reg/013191667296_
2017-03-29 11:13:40 INFO UpdateUserState: 013191667296,1
2017-03-29 11:13:45 INFO AddIdentifyResult: 28353,013012916011,-3,
2017-03-29 11:13:45 INFO AddIdentifyResult: 28354,013191667296,-1,
2017-03-29 11:13:48 INFO AddIdentifyResult: 28354,013191667296,-3,
2017-03-29 11:13:58 INFO AddIdentifyResult: 28354,013191667296,1,
2017-03-29 11:14:02 INFO AddIdentifyResult: 28355,013191667296,-1,
2017-03-29 11:14:06 INFO AddIdentifyResult: 28355,013191667296,-3,
2017-03-29 11:14:29 INFO AddIdentifyResult: 28356,015830842317,-1,
2017-03-29 11:14:35 INFO AddIdentifyResult: 28356,015830842317,-3,
2017-03-29 11:14:37 INFO AddIdentifyResult: 28353,013012916011,0,ver/03/29/111528_013012916011.wav
2017-03-29 11:14:59 INFO AddIdentifyResult: 28355,013191667296,0,ver/03/29/111549_013191667296.wav
2017-03-29 11:16:16 INFO AddIdentifyResult: 28356,015830842317,12,
2017-03-29 11:16:24 INFO AddIdentifyResult: 28356,015830842317,10,reg/015830842317_0329111617|reg/015830842317_0329111617|reg/015830842317_
2017-03-29 11:16:25 INFO UpdateUserState: 015830842317,1
2017-03-29 11:16:45 INFO AddIdentifyResult: 28357,015231247195,-1,
2017-03-29 11:16:56 INFO AddIdentifyResult: 28357,015231247195,-3,
2017-03-29 11:17:02 INFO AddIdentifyResult: 28358,015830842317,-1,
2017-03-29 11:17:10 INFO AddIdentifyResult: 28358,015830842317,-3,
2017-03-29 11:18:03 INFO AddIdentifyResult: 28358,015830842317,0,ver/03/29/111853_015830842317.wav
2017-03-29 11:19:03 INFO AddIdentifyResult: 28357,015231247195,12,
2017-03-29 11:19:10 INFO AddIdentifyResult: 28357,015231247195,10,reg/015231247195_0329112022|reg/015231247195_0329112022|reg/015231247195_0329111838
2017-03-29 11:19:10 INFO UpdateUserState: 015231247195,1
2017-03-29 11:19:16 INFO AddIdentifyResult: 28359,015231247195,-1,
2017-03-29 11:19:22 INFO AddIdentifyResult: 28359,015231247195,-3,
2017-03-29 11:20:14 INFO AddIdentifyResult: 28359,015231247195,0,ver/03/29/112105_015231247195.wav
2017-03-29 11:21:31 INFO AddIdentifyResult: 28360,013102937395,-1,
2017-03-29 11:21:39 INFO AddIdentifyResult: 28360,013102937395,-3,
2017-03-29 11:22:01 INFO AddIdentifyResult: 28361,013082335216,-1,
2017-03-29 11:22:07 INFO AddIdentifyResult: 28361,013082335216,-3,
2017-03-29 11:23:12 INFO AddIdentifyResult: 28360,013102937395,12,
2017-03-29 11:23:19 INFO AddIdentifyResult: 28360,013102937395,10,reg/013102937395_0329112322|reg/013102937395_0329112322|reg/013102937395_
2017-03-29 11:23:19 INFO UpdateUserState: 013102937395,1
2017-03-29 11:23:28 INFO AddIdentifyResult: 28362,013102937395,-1,
2017-03-29 11:23:33 INFO AddIdentifyResult: 28362,013102937395,-3,
2017-03-29 11:23:37 INFO AddIdentifyResult: 28361,013082335216,12,
2017-03-29 11:23:44 INFO AddIdentifyResult: 28361,013082335216,10,reg/013082335216_0329112350|reg/013082335216_0329112350|reg/013082335216_
2017-03-29 11:23:44 INFO UpdateUserState: 013082335216,1
2017-03-29 11:23:48 INFO AddIdentifyResult: 28363,013082335216,-1,
2017-03-29 11:23:53 INFO AddIdentifyResult: 28363,013082335216,-3,
2017-03-29 11:24:25 INFO AddIdentifyResult: 28362,013102937395,0,ver/03/29/112516_013102937395.wav
2017-03-29 11:24:32 INFO AddIdentifyResult: 28364,013012909655,-1,
2017-03-29 11:24:40 INFO AddIdentifyResult: 28364,013012909655,-3,
2017-03-29 11:24:46 INFO AddIdentifyResult: 28363,013082335216,0,ver/03/29/112536_013082335216.wav
2017-03-29 11:25:35 INFO AddIdentifyResult: 28365,018833275569,-1,
2017-03-29 11:25:47 INFO AddIdentifyResult: 28365,018833275569,-3,
2017-03-29 11:26:22 INFO AddIdentifyResult: 28364,013012909655,12,
2017-03-29 11:26:29 INFO AddIdentifyResult: 28364,013012909655,10,reg/013012909655_0329112623|reg/013012909655_0329112623|reg/013012909655_
2017-03-29 11:26:29 INFO UpdateUserState: 013012909655,1
2017-03-29 11:27:08 INFO AddIdentifyResult: 28366,013070575682,-1,
2017-03-29 11:27:19 INFO AddIdentifyResult: 28366,013070575682,-3,
2017-03-29 11:27:21 INFO AddIdentifyResult: 28367,013884929611,-1,
2017-03-29 11:27:30 INFO AddIdentifyResult: 28365,018833275569,12,
2017-03-29 11:27:30 INFO AddIdentifyResult: 28367,013884929611,-3,
2017-03-29 11:27:37 INFO AddIdentifyResult: 28365,018833275569,10,reg/018833275569_0329112730|reg/018833275569_0329112730|reg/018833275569_
2017-03-29 11:27:38 INFO UpdateUserState: 018833275569,1
2017-03-29 11:27:40 INFO AddIdentifyResult: 28368,018833275569,-1,
2017-03-29 11:27:44 INFO AddIdentifyResult: 28369,013082387611,-1,
2017-03-29 11:27:47 INFO AddIdentifyResult: 28370,013102992826,-1,
2017-03-29 11:27:49 INFO AddIdentifyResult: 28369,013082387611,-3,
2017-03-29 11:27:52 INFO AddIdentifyResult: 28370,013102992826,-3,
2017-03-29 11:27:55 INFO AddIdentifyResult: 28368,018833275569,-3,
2017-03-29 11:28:12 INFO AddIdentifyResult: 28368,018833275569,11,reg/018833275569_|reg/018833275569_|reg/018833275569_
2017-03-29 11:28:53 INFO AddIdentifyResult: 28366,013070575682,12,
2017-03-29 11:28:59 INFO AddIdentifyResult: 28366,013070575682,10,reg/013070575682_0329112901|reg/013070575682_0329112901|reg/013070575682_
2017-03-29 11:29:00 INFO UpdateUserState: 013070575682,1
2017-03-29 11:29:06 INFO AddIdentifyResult: 28371,013070575682,-1,
2017-03-29 11:29:11 INFO AddIdentifyResult: 28371,013070575682,-3,
2017-03-29 11:29:24 INFO AddIdentifyResult: 28367,013884929611,12,
2017-03-29 11:29:30 INFO AddIdentifyResult: 28370,013102992826,12,
2017-03-29 11:29:32 INFO AddIdentifyResult: 28367,013884929611,10,reg/013884929611_0329112913|reg/013884929611_0329112913|reg/013884929611_
2017-03-29 11:29:32 INFO UpdateUserState: 013884929611,1
2017-03-29 11:29:38 INFO AddIdentifyResult: 28370,013102992826,10,reg/013102992826_0329112934|reg/013102992826_0329112934|reg/013102992826_
2017-03-29 11:29:38 INFO UpdateUserState: 013102992826,1
2017-03-29 11:29:43 INFO AddIdentifyResult: 28372,013102992826,-1,
2017-03-29 11:29:47 INFO AddIdentifyResult: 28372,013102992826,-3,
2017-03-29 11:29:53 INFO AddIdentifyResult: 28369,013082387611,12,
2017-03-29 11:29:56 INFO AddIdentifyResult: 28373,015613276208,-1,
2017-03-29 11:30:00 INFO AddIdentifyResult: 28369,013082387611,10,reg/013082387611_0329113105|reg/013082387611_0329113105|reg/013082387611_0329112931
2017-03-29 11:30:00 INFO UpdateUserState: 013082387611,1
2017-03-29 11:30:03 INFO AddIdentifyResult: 28371,013070575682,0,ver/03/29/113054_013070575682.wav
2017-03-29 11:30:04 INFO AddIdentifyResult: 28373,015613276208,-3,
2017-03-29 11:30:09 INFO AddIdentifyResult: 28374,013082387611,-1,
2017-03-29 11:30:15 INFO AddIdentifyResult: 28374,013082387611,-3,
2017-03-29 11:30:27 INFO AddIdentifyResult: 28372,013102992826,0,ver/03/29/113130_013102992826.wav
2017-03-29 11:30:40 INFO AddIdentifyResult: 28375,013012909655,-1,
2017-03-29 11:30:46 INFO AddIdentifyResult: 28375,013012909655,-3,
2017-03-29 11:31:07 INFO AddIdentifyResult: 28374,013082387611,0,ver/03/29/113158_013082387611.wav
2017-03-29 11:31:38 INFO AddIdentifyResult: 28375,013012909655,0,ver/03/29/113229_013012909655.wav
2017-03-29 11:31:49 INFO AddIdentifyResult: 28373,015613276208,12,
2017-03-29 11:31:56 INFO AddIdentifyResult: 28376,013273207916,-1,
2017-03-29 11:31:57 INFO AddIdentifyResult: 28373,015613276208,10,reg/015613276208_0329113147|reg/015613276208_0329113147|reg/015613276208_
2017-03-29 11:31:57 INFO UpdateUserState: 015613276208,1
2017-03-29 11:32:06 INFO AddIdentifyResult: 28377,015613276208,-1,
2017-03-29 11:32:09 INFO AddIdentifyResult: 28376,013273207916,-3,
2017-03-29 11:32:15 INFO AddIdentifyResult: 28377,015613276208,-3,
2017-03-29 11:32:23 INFO AddIdentifyResult: 28376,013273207916,11,reg/013273207916_|reg/013273207916_|reg/013273207916_
2017-03-29 11:32:46 INFO AddIdentifyResult: 28378,013273207916,-1,
2017-03-29 11:33:00 INFO AddIdentifyResult: 28379,013013565931,-1,
2017-03-29 11:33:05 INFO AddIdentifyResult: 28380,018732203978,-1,
2017-03-29 11:33:08 INFO AddIdentifyResult: 28377,015613276208,0,ver/03/29/113358_015613276208.wav
2017-03-29 11:33:12 INFO AddIdentifyResult: 28379,013013565931,-3,
2017-03-29 11:33:12 INFO AddIdentifyResult: 28380,018732203978,-3,
2017-03-29 11:33:17 INFO AddIdentifyResult: 28381,013273207916,-1,
2017-03-29 11:33:39 INFO AddIdentifyResult: 28382,015632200939,-1,
2017-03-29 11:33:48 INFO AddIdentifyResult: 28382,015632200939,-3,
2017-03-29 11:34:07 INFO AddIdentifyResult: 28383,015511295871,-1,
2017-03-29 11:34:09 INFO AddIdentifyResult: 28384,013273207916,-1,
2017-03-29 11:34:12 INFO AddIdentifyResult: 28383,015511295871,-3,
2017-03-29 11:34:19 INFO AddIdentifyResult: 28384,013273207916,-3,
2017-03-29 11:35:14 INFO AddIdentifyResult: 28379,013013565931,12,
2017-03-29 11:35:15 INFO AddIdentifyResult: 28385,018833275569,-1,
2017-03-29 11:35:17 INFO AddIdentifyResult: 28380,018732203978,12,
2017-03-29 11:35:21 INFO AddIdentifyResult: 28379,013013565931,10,reg/013013565931_0329113454|reg/013013565931_0329113454|reg/013013565931_
2017-03-29 11:35:21 INFO UpdateUserState: 013013565931,1
2017-03-29 11:35:28 INFO AddIdentifyResult: 28385,018833275569,-3,
2017-03-29 11:35:28 INFO AddIdentifyResult: 28380,018732203978,10,reg/018732203978_0329113631|reg/018732203978_0329113631|reg/018732203978_0329113455
2017-03-29 11:35:28 INFO UpdateUserState: 018732203978,1
2017-03-29 11:35:32 INFO AddIdentifyResult: 28382,015632200939,12,
2017-03-29 11:35:38 INFO AddIdentifyResult: 28386,018732203978,-1,
2017-03-29 11:35:40 INFO AddIdentifyResult: 28382,015632200939,10,reg/015632200939_0329113531|reg/015632200939_0329113531|reg/015632200939_
2017-03-29 11:35:40 INFO UpdateUserState: 015632200939,1
2017-03-29 11:35:42 INFO AddIdentifyResult: 28387,013013565931,-1,
2017-03-29 11:35:44 INFO AddIdentifyResult: 28388,015632200939,-1,
2017-03-29 11:35:45 INFO AddIdentifyResult: 28386,018732203978,-3,
2017-03-29 11:35:45 INFO AddIdentifyResult: 28383,015511295871,12,
2017-03-29 11:35:46 INFO AddIdentifyResult: 28384,013273207916,12,
2017-03-29 11:35:52 INFO AddIdentifyResult: 28388,015632200939,-3,
2017-03-29 11:35:52 INFO AddIdentifyResult: 28383,015511295871,10,reg/015511295871_0329113555|reg/015511295871_0329113555|reg/015511295871_
2017-03-29 11:35:52 INFO UpdateUserState: 015511295871,1
2017-03-29 11:35:56 INFO AddIdentifyResult: 28387,013013565931,-3,
2017-03-29 11:35:57 INFO AddIdentifyResult: 28389,015511295871,-1,
2017-03-29 11:35:59 INFO AddIdentifyResult: 28384,013273207916,10,reg/013273207916_0329113602|reg/013273207916_0329113602|reg/013273207916_
2017-03-29 11:35:59 INFO UpdateUserState: 013273207916,1
2017-03-29 11:36:00 INFO AddIdentifyResult: 28390,013273207916,-1,
2017-03-29 11:36:00 INFO AddIdentifyResult: 28389,015511295871,-3,
2017-03-29 11:36:07 INFO AddIdentifyResult: 28389,015511295871,1,
2017-03-29 11:36:12 INFO AddIdentifyResult: 28391,015511295871,-1,
2017-03-29 11:36:17 INFO AddIdentifyResult: 28391,015511295871,-3,
2017-03-29 11:36:25 INFO AddIdentifyResult: 28392,013273207916,-1,
2017-03-29 11:36:37 INFO AddIdentifyResult: 28386,018732203978,0,ver/03/29/113728_018732203978.wav
2017-03-29 11:36:45 INFO AddIdentifyResult: 28388,015632200939,0,ver/03/29/113735_015632200939.wav
2017-03-29 11:36:47 INFO AddIdentifyResult: 28393,013273207916,-1,
2017-03-29 11:36:48 INFO AddIdentifyResult: 28387,013013565931,0,ver/03/29/113739_013013565931.wav
2017-03-29 11:36:55 INFO AddIdentifyResult: 28391,015511295871,0,ver/03/29/113800_015511295871.wav
2017-03-29 11:37:14 INFO AddIdentifyResult: 28394,013273207916,-1,
2017-03-29 11:37:43 INFO AddIdentifyResult: 28395,013273207916,-1,
2017-03-29 11:37:58 INFO AddIdentifyResult: 28385,018833275569,12,
2017-03-29 11:38:06 INFO AddIdentifyResult: 28385,018833275569,10,reg/018833275569_0329113900|reg/018833275569_0329113900|reg/018833275569_0329113710
2017-03-29 11:38:06 INFO UpdateUserState: 018833275569,1
2017-03-29 11:38:17 INFO AddIdentifyResult: 28396,013273207916,-1,
2017-03-29 11:38:19 INFO AddIdentifyResult: 28397,018833275569,-1,
2017-03-29 11:38:29 INFO AddIdentifyResult: 28397,018833275569,-3,
2017-03-29 11:39:06 INFO AddIdentifyResult: 28398,013273207916,-1,
2017-03-29 11:39:21 INFO AddIdentifyResult: 28397,018833275569,0,ver/03/29/114012_018833275569.wav
2017-03-29 11:39:22 INFO AddIdentifyResult: 28399,013012907360,-1,
2017-03-29 11:39:25 INFO AddIdentifyResult: 28400,013012918215,-1,
2017-03-29 11:39:31 INFO AddIdentifyResult: 28399,013012907360,-3,
2017-03-29 11:39:35 INFO AddIdentifyResult: 28400,013012918215,-3,
2017-03-29 11:39:41 INFO AddIdentifyResult: 28401,013273207916,-1,
2017-03-29 11:39:52 INFO AddIdentifyResult: 28402,013011926385,-1,
2017-03-29 11:39:57 INFO AddIdentifyResult: 28402,013011926385,-3,
2017-03-29 11:40:35 INFO AddIdentifyResult: 28403,015176283127,-1,
2017-03-29 11:40:44 INFO AddIdentifyResult: 28403,015176283127,-3,
2017-03-29 11:41:07 INFO AddIdentifyResult: 28399,013012907360,12,
2017-03-29 11:41:10 INFO AddIdentifyResult: 28404,013001870761,-1,
2017-03-29 11:41:14 INFO AddIdentifyResult: 28399,013012907360,10,reg/013012907360_0329114113|reg/013012907360_0329114113|reg/013012907360_
2017-03-29 11:41:14 INFO UpdateUserState: 013012907360,1
2017-03-29 11:41:14 INFO AddIdentifyResult: 28404,013001870761,-3,
2017-03-29 11:41:38 INFO AddIdentifyResult: 28402,013011926385,12,
2017-03-29 11:41:45 INFO AddIdentifyResult: 28402,013011926385,10,reg/013011926385_0329114139|reg/013011926385_0329114139|reg/013011926385_
2017-03-29 11:41:45 INFO UpdateUserState: 013011926385,1
2017-03-29 11:42:03 INFO AddIdentifyResult: 28405,013011926385,-1,
2017-03-29 11:42:04 INFO AddIdentifyResult: 28406,013012907360,-1,
2017-03-29 11:42:09 INFO AddIdentifyResult: 28405,013011926385,-3,
2017-03-29 11:42:12 INFO AddIdentifyResult: 28406,013012907360,-3,
2017-03-29 11:42:15 INFO AddIdentifyResult: 28400,013012918215,12,
2017-03-29 11:42:22 INFO AddIdentifyResult: 28400,013012918215,10,reg/013012918215_0329114118|reg/013012918215_0329114118|reg/013012918215_
2017-03-29 11:42:22 INFO UpdateUserState: 013012918215,1
2017-03-29 11:42:26 INFO AddIdentifyResult: 28407,013273207916,-1,
2017-03-29 11:42:31 INFO AddIdentifyResult: 28403,015176283127,12,
2017-03-29 11:42:39 INFO AddIdentifyResult: 28403,015176283127,10,reg/015176283127_0329114227|reg/015176283127_0329114227|reg/015176283127_
2017-03-29 11:42:40 INFO UpdateUserState: 015176283127,1
2017-03-29 11:42:44 INFO AddIdentifyResult: 28408,015176283127,-1,
2017-03-29 11:42:46 INFO AddIdentifyResult: 28404,013001870761,12,
2017-03-29 11:42:50 INFO AddIdentifyResult: 28408,015176283127,-3,
2017-03-29 11:42:54 INFO AddIdentifyResult: 28404,013001870761,10,reg/013001870761_0329114257|reg/013001870761_0329114257|reg/013001870761_
2017-03-29 11:42:54 INFO UpdateUserState: 013001870761,1
2017-03-29 11:42:58 INFO AddIdentifyResult: 28409,013001870761,-1,
2017-03-29 11:43:01 INFO AddIdentifyResult: 28405,013011926385,0,ver/03/29/114352_013011926385.wav
2017-03-29 11:43:02 INFO AddIdentifyResult: 28409,013001870761,-3,
2017-03-29 11:43:02 INFO AddIdentifyResult: 28410,013012918215,-1,
2017-03-29 11:43:05 INFO AddIdentifyResult: 28406,013012907360,0,ver/03/29/114356_013012907360.wav
2017-03-29 11:43:10 INFO AddIdentifyResult: 28410,013012918215,-3,
2017-03-29 11:43:12 INFO AddIdentifyResult: 28409,013001870761,1,
2017-03-29 11:43:16 INFO AddIdentifyResult: 28411,013001870761,-1,
2017-03-29 11:43:21 INFO AddIdentifyResult: 28411,013001870761,-3,
2017-03-29 11:43:43 INFO AddIdentifyResult: 28408,015176283127,0,ver/03/29/114433_015176283127.wav
2017-03-29 11:43:59 INFO AddIdentifyResult: 28411,013001870761,0,ver/03/29/114504_013001870761.wav
2017-03-29 11:44:02 INFO AddIdentifyResult: 28410,013012918215,0,ver/03/29/114453_013012918215.wav
2017-03-29 11:44:28 INFO AddIdentifyResult: 28412,013273207916,-1,
2017-03-29 11:44:35 INFO AddIdentifyResult: 28412,013273207916,-3,
2017-03-29 11:46:06 INFO AddIdentifyResult: 28412,013273207916,12,
2017-03-29 11:46:13 INFO AddIdentifyResult: 28412,013273207916,10,reg/013273207916_0329114617|reg/013273207916_0329114617|reg/013273207916_
2017-03-29 11:46:13 INFO UpdateUserState: 013273207916,1
2017-03-29 11:46:27 INFO AddIdentifyResult: 28413,013273207916,-1,
2017-03-29 11:46:33 INFO AddIdentifyResult: 28413,013273207916,-3,
2017-03-29 11:46:52 INFO AddIdentifyResult: 28414,013091203029,-1,
2017-03-29 11:46:58 INFO AddIdentifyResult: 28414,013091203029,-3,
2017-03-29 11:47:26 INFO AddIdentifyResult: 28413,013273207916,0,ver/03/29/114816_013273207916.wav
2017-03-29 11:48:26 INFO AddIdentifyResult: 28415,013171913896,-1,
2017-03-29 11:48:29 INFO AddIdentifyResult: 28414,013091203029,12,
2017-03-29 11:48:34 INFO AddIdentifyResult: 28415,013171913896,-3,
2017-03-29 11:48:36 INFO AddIdentifyResult: 28414,013091203029,10,reg/013091203029_0329114841|reg/013091203029_0329114841|reg/013091203029_
2017-03-29 11:48:37 INFO UpdateUserState: 013091203029,1
2017-03-29 11:48:40 INFO AddIdentifyResult: 28416,013091203029,-1,
2017-03-29 11:48:44 INFO AddIdentifyResult: 28416,013091203029,-3,
2017-03-29 11:48:51 INFO AddIdentifyResult: 28416,013091203029,1,
2017-03-29 11:48:56 INFO AddIdentifyResult: 28417,013091203029,-1,
2017-03-29 11:49:00 INFO AddIdentifyResult: 28417,013091203029,-3,
2017-03-29 11:49:08 INFO AddIdentifyResult: 28418,13006546322,-1,
2017-03-29 11:49:41 INFO AddIdentifyResult: 28417,013091203029,0,ver/03/29/115043_013091203029.wav
2017-03-29 11:49:45 INFO AddIdentifyResult: 28419,013006546322,-1,
2017-03-29 11:49:52 INFO AddIdentifyResult: 28419,013006546322,-3,
2017-03-29 11:49:59 INFO AddIdentifyResult: 28415,013171913896,12,
2017-03-29 11:50:05 INFO AddIdentifyResult: 28415,013171913896,10,reg/013171913896_0329115017|reg/013171913896_0329115017|reg/013171913896_
2017-03-29 11:50:05 INFO UpdateUserState: 013171913896,1
2017-03-29 11:50:56 INFO AddIdentifyResult: 28420,013171913896,-1,
2017-03-29 11:51:01 INFO AddIdentifyResult: 28420,013171913896,-3,
2017-03-29 11:51:07 INFO AddIdentifyResult: 28421,015033759722,-1,
2017-03-29 11:51:13 INFO AddIdentifyResult: 28421,015033759722,-3,
2017-03-29 11:51:29 INFO AddIdentifyResult: 28419,013006546322,12,
2017-03-29 11:51:38 INFO AddIdentifyResult: 28419,013006546322,10,reg/013006546322_0329115135|reg/013006546322_0329115135|reg/013006546322_
2017-03-29 11:51:38 INFO UpdateUserState: 013006546322,1
2017-03-29 11:51:47 INFO AddIdentifyResult: 28422,013805463332,-1,
2017-03-29 11:51:54 INFO AddIdentifyResult: 28420,013171913896,0,ver/03/29/115244_013171913896.wav
2017-03-29 11:51:54 INFO AddIdentifyResult: 28422,013805463332,-3,
2017-03-29 11:52:45 INFO AddIdentifyResult: 28421,015033759722,12,
2017-03-29 11:52:52 INFO AddIdentifyResult: 28421,015033759722,10,reg/015033759722_0329115256|reg/015033759722_0329115256|reg/015033759722_
2017-03-29 11:52:53 INFO UpdateUserState: 015033759722,1
2017-03-29 11:52:56 INFO AddIdentifyResult: 28423,015033759722,-1,
2017-03-29 11:53:02 INFO AddIdentifyResult: 28423,015033759722,-3,
2017-03-29 11:53:40 INFO AddIdentifyResult: 28423,015033759722,0,ver/03/29/115445_015033759722.wav
2017-03-29 11:54:10 INFO AddIdentifyResult: 28422,013805463332,12,
2017-03-29 11:54:17 INFO AddIdentifyResult: 28422,013805463332,10,reg/013805463332_0329115336|reg/013805463332_0329115336|reg/013805463332_
2017-03-29 11:54:17 INFO UpdateUserState: 013805463332,1
2017-03-29 11:56:28 INFO AddIdentifyResult: 28424,015633265480,-1,
2017-03-29 11:56:31 INFO AddIdentifyResult: 28425,015530235759,-1,
2017-03-29 11:56:33 INFO AddIdentifyResult: 28424,015633265480,-3,
2017-03-29 11:56:53 INFO AddIdentifyResult: 28426,015530235759,-1,
2017-03-29 11:56:58 INFO AddIdentifyResult: 28426,015530235759,-3,
2017-03-29 11:58:06 INFO AddIdentifyResult: 28424,015633265480,12,
2017-03-29 11:58:13 INFO AddIdentifyResult: 28424,015633265480,10,reg/015633265480_0329115815|reg/015633265480_0329115815|reg/015633265480_
2017-03-29 11:58:13 INFO UpdateUserState: 015633265480,1
2017-03-29 11:58:17 INFO AddIdentifyResult: 28427,015633265480,-1,
2017-03-29 11:58:22 INFO AddIdentifyResult: 28427,015633265480,-3,
2017-03-29 11:58:46 INFO AddIdentifyResult: 28426,015530235759,12,
2017-03-29 11:58:54 INFO AddIdentifyResult: 28426,015530235759,10,reg/015530235759_0329120003|reg/015530235759_0329120003|reg/015530235759_0329115841
2017-03-29 11:58:54 INFO UpdateUserState: 015530235759,1
2017-03-29 11:58:58 INFO AddIdentifyResult: 28428,015530235759,-1,
2017-03-29 11:59:01 INFO AddIdentifyResult: 28427,015633265480,0,ver/03/29/120005_015633265480.wav
2017-03-29 11:59:02 INFO AddIdentifyResult: 28428,015530235759,-3,
2017-03-29 11:59:54 INFO AddIdentifyResult: 28428,015530235759,0,ver/03/29/120045_015530235759.wav
2017-03-29 12:01:43 INFO AddIdentifyResult: 28429,013180252315,-1,
2017-03-29 12:02:05 INFO AddIdentifyResult: 28430,013180252315,-1,
2017-03-29 12:02:09 INFO AddIdentifyResult: 28430,013180252315,-3,
2017-03-29 12:03:43 INFO AddIdentifyResult: 28430,013180252315,12,
2017-03-29 12:03:50 INFO AddIdentifyResult: 28430,013180252315,10,reg/013180252315_0329120352|reg/013180252315_0329120352|reg/013180252315_
2017-03-29 12:03:50 INFO UpdateUserState: 013180252315,1
2017-03-29 12:03:56 INFO AddIdentifyResult: 28431,013180252315,-1,
2017-03-29 12:04:00 INFO AddIdentifyResult: 28431,013180252315,-3,
2017-03-29 12:04:21 INFO AddIdentifyResult: 28432,015931778413,-1,
2017-03-29 12:04:28 INFO AddIdentifyResult: 28432,015931778413,-3,
2017-03-29 12:04:41 INFO AddIdentifyResult: 28431,013180252315,0,ver/03/29/120543_013180252315.wav
2017-03-29 12:06:03 INFO AddIdentifyResult: 28432,015931778413,12,
2017-03-29 12:06:10 INFO AddIdentifyResult: 28432,015931778413,10,reg/015931778413_0329120610|reg/015931778413_0329120610|reg/015931778413_
2017-03-29 12:06:10 INFO UpdateUserState: 015931778413,1
2017-03-29 12:06:21 INFO AddIdentifyResult: 28433,015931778413,-1,
2017-03-29 12:06:30 INFO AddIdentifyResult: 28433,015931778413,-3,
2017-03-29 12:06:43 INFO AddIdentifyResult: 28434,013091251020,-1,
2017-03-29 12:07:05 INFO AddIdentifyResult: 28435,013091251020,-1,
2017-03-29 12:07:17 INFO AddIdentifyResult: 28435,013091251020,-3,
2017-03-29 12:07:23 INFO AddIdentifyResult: 28433,015931778413,0,ver/03/29/120814_015931778413.wav
2017-03-29 12:08:03 INFO AddIdentifyResult: 28436,013032051625,-1,
2017-03-29 12:08:16 INFO AddIdentifyResult: 28437,013032051625,-1,
2017-03-29 12:08:21 INFO AddIdentifyResult: 28437,013032051625,-3,
2017-03-29 12:09:29 INFO AddIdentifyResult: 28438,015130494983,-1,
2017-03-29 12:09:30 INFO AddIdentifyResult: 28435,013091251020,12,
2017-03-29 12:09:36 INFO AddIdentifyResult: 28438,015130494983,-3,
2017-03-29 12:09:37 INFO AddIdentifyResult: 28435,013091251020,10,reg/013091251020_0329121042|reg/013091251020_0329121042|reg/013091251020_0329120859
2017-03-29 12:09:38 INFO UpdateUserState: 013091251020,1
2017-03-29 12:09:38 INFO AddIdentifyResult: 28439,013091251020,-1,
2017-03-29 12:09:45 INFO AddIdentifyResult: 28439,013091251020,-3,
2017-03-29 12:09:54 INFO AddIdentifyResult: 28437,013032051625,12,
2017-03-29 12:10:02 INFO AddIdentifyResult: 28437,013032051625,10,reg/013032051625_0329121004|reg/013032051625_0329121004|reg/013032051625_
2017-03-29 12:10:02 INFO UpdateUserState: 013032051625,1
2017-03-29 12:10:06 INFO AddIdentifyResult: 28440,013032051625,-1,
2017-03-29 12:10:11 INFO AddIdentifyResult: 28440,013032051625,-3,
2017-03-29 12:10:28 INFO AddIdentifyResult: 28439,013091251020,0,ver/03/29/121129_013091251020.wav
2017-03-29 12:10:49 INFO AddIdentifyResult: 28440,013032051625,0,ver/03/29/121154_013032051625.wav
2017-03-29 12:11:38 INFO AddIdentifyResult: 28441,015130494983,-1,
2017-03-29 12:11:39 INFO AddIdentifyResult: 28438,015130494983,11,reg/015130494983_|reg/015130494983_|reg/015130494983_
2017-03-29 12:11:45 INFO AddIdentifyResult: 28441,015130494983,-3,
2017-03-29 12:11:54 INFO AddIdentifyResult: 28442,015631221256,-1,
2017-03-29 12:12:04 INFO AddIdentifyResult: 28443,015631221256,-1,
2017-03-29 12:12:39 INFO AddIdentifyResult: 28444,015631221256,-1,
2017-03-29 12:12:47 INFO AddIdentifyResult: 28444,015631221256,-3,
2017-03-29 12:14:25 INFO AddIdentifyResult: 28444,015631221256,12,
2017-03-29 12:14:31 INFO AddIdentifyResult: 28445,015631221256,-4,2
2017-03-29 12:14:33 INFO AddIdentifyResult: 28444,015631221256,10,reg/015631221256_0329121430|reg/015631221256_0329121430|reg/015631221256_
2017-03-29 12:14:33 INFO UpdateUserState: 015631221256,1
2017-03-29 12:14:37 INFO AddIdentifyResult: 28446,015631221256,-1,
2017-03-29 12:14:43 INFO AddIdentifyResult: 28446,015631221256,-3,
2017-03-29 12:15:08 INFO AddIdentifyResult: 28441,015130494983,12,
2017-03-29 12:15:14 INFO AddIdentifyResult: 28441,015130494983,10,reg/015130494983_0329121616|reg/015130494983_0329121616|reg/015130494983_0329121327
2017-03-29 12:15:15 INFO UpdateUserState: 015130494983,1
2017-03-29 12:15:25 INFO AddIdentifyResult: 28446,015631221256,0,ver/03/29/121627_015631221256.wav
2017-03-29 12:15:37 INFO AddIdentifyResult: 28447,015130494983,-1,
2017-03-29 12:15:44 INFO AddIdentifyResult: 28447,015130494983,-3,
2017-03-29 12:16:35 INFO AddIdentifyResult: 28447,015130494983,0,ver/03/29/121727_015130494983.wav
2017-03-29 12:16:40 INFO AddIdentifyResult: 28448,013021871152,-1,
2017-03-29 12:17:10 INFO AddIdentifyResult: 28449,013021871152,-1,
2017-03-29 12:17:53 INFO AddIdentifyResult: 28449,013021871152,-3,
2017-03-29 12:20:23 INFO AddIdentifyResult: 28449,013021871152,12,
2017-03-29 12:20:29 INFO AddIdentifyResult: 28449,013021871152,10,reg/013021871152_0329122136|reg/013021871152_0329122136|reg/013021871152_0329121936
2017-03-29 12:20:29 INFO UpdateUserState: 013021871152,1
2017-03-29 12:20:32 INFO AddIdentifyResult: 28450,013021871152,-1,
2017-03-29 12:20:38 INFO AddIdentifyResult: 28450,013021871152,-3,
2017-03-29 12:21:19 INFO AddIdentifyResult: 28450,013021871152,0,ver/03/29/122221_013021871152.wav
2017-03-29 12:22:07 INFO AddIdentifyResult: 28451,013082337882,-1,
2017-03-29 12:22:14 INFO AddIdentifyResult: 28451,013082337882,-3,
2017-03-29 12:22:20 INFO AddIdentifyResult: 28452,015530267219,-1,
2017-03-29 12:22:24 INFO AddIdentifyResult: 28452,015530267219,-3,
2017-03-29 12:22:25 INFO AddIdentifyResult: 28453,018331139769,-1,
2017-03-29 12:22:36 INFO AddIdentifyResult: 28453,018331139769,-3,
2017-03-29 12:24:04 INFO AddIdentifyResult: 28453,018331139769,12,
2017-03-29 12:24:05 INFO AddIdentifyResult: 28451,013082337882,12,
2017-03-29 12:24:11 INFO AddIdentifyResult: 28453,018331139769,10,reg/018331139769_0329122418|reg/018331139769_0329122418|reg/018331139769_
2017-03-29 12:24:11 INFO UpdateUserState: 018331139769,1
2017-03-29 12:24:18 INFO AddIdentifyResult: 28451,013082337882,10,reg/013082337882_0329122357|reg/013082337882_0329122357|reg/013082337882_
2017-03-29 12:24:18 INFO UpdateUserState: 013082337882,1
2017-03-29 12:24:27 INFO AddIdentifyResult: 28452,015530267219,12,
2017-03-29 12:24:33 INFO AddIdentifyResult: 28452,015530267219,10,reg/015530267219_0329122548|reg/015530267219_0329122548|reg/015530267219_0329122407
2017-03-29 12:24:33 INFO UpdateUserState: 015530267219,1
2017-03-29 12:29:29 INFO AddIdentifyResult: 28454,015530276596,-1,
2017-03-29 12:29:38 INFO AddIdentifyResult: 28455,015530267219,-1,
2017-03-29 12:29:43 INFO AddIdentifyResult: 28454,015530276596,-3,
2017-03-29 12:29:47 INFO AddIdentifyResult: 28456,013082337882,-1,
2017-03-29 12:30:20 INFO AddIdentifyResult: 28457,013082337882,-1,
2017-03-29 12:30:45 INFO AddIdentifyResult: 28458,018331139769,-1,
2017-03-29 12:31:00 INFO AddIdentifyResult: 28458,018331139769,-3,
2017-03-29 12:31:19 INFO AddIdentifyResult: 28454,015530276596,12,
2017-03-29 12:31:25 INFO AddIdentifyResult: 28454,015530276596,10,reg/015530276596_0329123126|reg/015530276596_0329123126|reg/015530276596_
2017-03-29 12:31:26 INFO UpdateUserState: 015530276596,1
2017-03-29 12:31:30 INFO AddIdentifyResult: 28459,015530276596,-1,
2017-03-29 12:31:36 INFO AddIdentifyResult: 28459,015530276596,-3,
2017-03-29 12:31:45 INFO AddIdentifyResult: 28459,015530276596,1,
2017-03-29 12:31:49 INFO AddIdentifyResult: 28460,015530276596,-1,
2017-03-29 12:31:52 INFO AddIdentifyResult: 28458,018331139769,0,ver/03/29/123243_018331139769.wav
2017-03-29 12:31:54 INFO AddIdentifyResult: 28460,015530276596,-3,
2017-03-29 12:32:03 INFO AddIdentifyResult: 28460,015530276596,1,
2017-03-29 12:32:07 INFO AddIdentifyResult: 28461,015530276596,-1,
2017-03-29 12:32:08 INFO AddIdentifyResult: 28462,013082337882,-1,
2017-03-29 12:32:18 INFO AddIdentifyResult: 28461,015530276596,-3,
2017-03-29 12:33:10 INFO AddIdentifyResult: 28461,015530276596,0,ver/03/29/123401_015530276596.wav
2017-03-29 12:33:12 INFO AddIdentifyResult: 28463,013082337882,-1,
2017-03-29 12:33:23 INFO AddIdentifyResult: 28464,015530267219,-1,
2017-03-29 12:33:36 INFO AddIdentifyResult: 28465,013082337882,-1,
2017-03-29 12:33:43 INFO AddIdentifyResult: 28466,015511288959,-1,
2017-03-29 12:34:03 INFO AddIdentifyResult: 28467,015511288959,-1,
2017-03-29 12:34:20 INFO AddIdentifyResult: 28468,015511288959,-1,
2017-03-29 12:34:39 INFO AddIdentifyResult: 28469,015511288959,-1,
2017-03-29 12:35:01 INFO AddIdentifyResult: 28470,015511288959,-1,
2017-03-29 12:37:37 INFO AddIdentifyResult: 28471,015530267219,-1,
2017-03-29 12:37:42 INFO AddIdentifyResult: 28471,015530267219,-3,
2017-03-29 12:37:56 INFO AddIdentifyResult: 28472,013191678319,-1,
2017-03-29 12:38:00 INFO AddIdentifyResult: 28472,013191678319,-3,
2017-03-29 12:38:18 INFO AddIdentifyResult: 28473,0155112889509,-1,
2017-03-29 12:38:21 INFO AddIdentifyResult: 28471,015530267219,0,ver/03/29/123925_015530267219.wav
2017-03-29 12:39:50 INFO AddIdentifyResult: 28472,013191678319,12,
2017-03-29 12:39:58 INFO AddIdentifyResult: 28472,013191678319,10,reg/013191678319_0329123943|reg/013191678319_0329123943|reg/013191678319_
2017-03-29 12:39:59 INFO UpdateUserState: 013191678319,1
2017-03-29 12:40:08 INFO AddIdentifyResult: 28474,013191678319,-1,
2017-03-29 12:40:12 INFO AddIdentifyResult: 28474,013191678319,-3,
2017-03-29 12:40:14 INFO AddIdentifyResult: 28475,015511289509,-1,
2017-03-29 12:40:19 INFO AddIdentifyResult: 28475,015511289509,-3,
2017-03-29 12:41:04 INFO AddIdentifyResult: 28474,013191678319,0,ver/03/29/124155_013191678319.wav
2017-03-29 12:41:53 INFO AddIdentifyResult: 28475,015511289509,12,
2017-03-29 12:42:01 INFO AddIdentifyResult: 28475,015511289509,10,reg/015511289509_0329124202|reg/015511289509_0329124202|reg/015511289509_
2017-03-29 12:42:01 INFO UpdateUserState: 015511289509,1
2017-03-29 12:42:04 INFO AddIdentifyResult: 28476,015511289509,-1,
2017-03-29 12:42:08 INFO AddIdentifyResult: 28476,015511289509,-3,
2017-03-29 12:42:26 INFO AddIdentifyResult: 28477,013082337882,-1,
2017-03-29 12:42:30 INFO AddIdentifyResult: 28477,013082337882,-3,
2017-03-29 12:43:01 INFO AddIdentifyResult: 28476,015511289509,0,ver/03/29/124352_015511289509.wav
2017-03-29 12:44:12 INFO AddIdentifyResult: 28477,013082337882,12,
2017-03-29 12:44:20 INFO AddIdentifyResult: 28477,013082337882,10,reg/013082337882_0329124413|reg/013082337882_0329124413|reg/013082337882_
2017-03-29 12:44:20 INFO UpdateUserState: 013082337882,1
2017-03-29 12:44:30 INFO AddIdentifyResult: 28478,013082337882,-1,
2017-03-29 12:44:35 INFO AddIdentifyResult: 28478,013082337882,-3,
2017-03-29 12:45:07 INFO AddIdentifyResult: 28479,015033202304,-1,
2017-03-29 12:45:14 INFO AddIdentifyResult: 28479,015033202304,-3,
2017-03-29 12:45:27 INFO AddIdentifyResult: 28478,013082337882,0,ver/03/29/124618_013082337882.wav
2017-03-29 12:45:44 INFO AddIdentifyResult: 28480,013171921085,-1,
2017-03-29 12:45:50 INFO AddIdentifyResult: 28480,013171921085,-3,
2017-03-29 12:47:23 INFO AddIdentifyResult: 28480,013171921085,12,
2017-03-29 12:47:27 INFO AddIdentifyResult: 28479,015033202304,12,
2017-03-29 12:47:30 INFO AddIdentifyResult: 28480,013171921085,10,reg/013171921085_0329124733|reg/013171921085_0329124733|reg/013171921085_
2017-03-29 12:47:30 INFO UpdateUserState: 013171921085,1
2017-03-29 12:47:30 INFO AddIdentifyResult: 28481,013171921085,-1,
2017-03-29 12:47:31 INFO AddIdentifyResult: 28482,013191687539,-1,
2017-03-29 12:47:35 INFO AddIdentifyResult: 28481,013171921085,-3,
2017-03-29 12:47:36 INFO AddIdentifyResult: 28482,013191687539,-3,
2017-03-29 12:47:40 INFO AddIdentifyResult: 28479,015033202304,10,reg/015033202304_0329124657|reg/015033202304_0329124657|reg/015033202304_
2017-03-29 12:47:40 INFO UpdateUserState: 015033202304,1
2017-03-29 12:47:48 INFO AddIdentifyResult: 28483,015033202304,-1,
2017-03-29 12:47:54 INFO AddIdentifyResult: 28483,015033202304,-3,
2017-03-29 12:48:20 INFO AddIdentifyResult: 28481,013171921085,0,ver/03/29/124918_013171921085.wav
2017-03-29 12:48:37 INFO AddIdentifyResult: 28484,013230621591,-1,
2017-03-29 12:48:41 INFO AddIdentifyResult: 28484,013230621591,-3,
2017-03-29 12:48:46 INFO AddIdentifyResult: 28483,015033202304,0,ver/03/29/124937_015033202304.wav
2017-03-29 12:49:21 INFO AddIdentifyResult: 28482,013191687539,12,
2017-03-29 12:49:28 INFO AddIdentifyResult: 28482,013191687539,10,reg/013191687539_0329124919|reg/013191687539_0329124919|reg/013191687539_
2017-03-29 12:49:29 INFO UpdateUserState: 013191687539,1
2017-03-29 12:49:36 INFO AddIdentifyResult: 28485,013191687539,-1,
2017-03-29 12:49:56 INFO AddIdentifyResult: 28486,013191687539,-1,
2017-03-29 12:50:25 INFO AddIdentifyResult: 28487,013191687539,-1,
2017-03-29 12:50:29 INFO AddIdentifyResult: 28487,013191687539,-3,
2017-03-29 12:51:21 INFO AddIdentifyResult: 28487,013191687539,0,ver/03/29/125212_013191687539.wav
2017-03-29 12:51:24 INFO AddIdentifyResult: 28484,013230621591,12,
2017-03-29 12:51:31 INFO AddIdentifyResult: 28484,013230621591,10,reg/013230621591_0329125240|reg/013230621591_0329125240|reg/013230621591_0329125024
2017-03-29 12:51:32 INFO UpdateUserState: 013230621591,1
2017-03-29 12:51:34 INFO AddIdentifyResult: 28488,013230621591,-1,
2017-03-29 12:51:38 INFO AddIdentifyResult: 28488,013230621591,-3,
2017-03-29 12:52:31 INFO AddIdentifyResult: 28488,013230621591,1,ver/03/29/125322_013230621591.wav
2017-03-29 12:57:23 INFO AddIdentifyResult: 28489,015633129327,-1,
2017-03-29 12:57:31 INFO AddIdentifyResult: 28489,015633129327,-3,
2017-03-29 12:57:51 INFO AddIdentifyResult: 28490,013230621591,-1,
2017-03-29 12:58:41 INFO AddIdentifyResult: 28491,013230621591,-1,
2017-03-29 12:59:03 INFO AddIdentifyResult: 28492,013230621591,-1,
2017-03-29 12:59:52 INFO AddIdentifyResult: 28489,015633129327,12,
2017-03-29 12:59:59 INFO AddIdentifyResult: 28489,015633129327,10,reg/015633129327_0329130107|reg/015633129327_0329130107|reg/015633129327_0329125914
2017-03-29 12:59:59 INFO UpdateUserState: 015633129327,1
2017-03-29 13:00:15 INFO AddIdentifyResult: 28493,015633129327,-1,
2017-03-29 13:00:20 INFO AddIdentifyResult: 28493,015633129327,-3,
2017-03-29 13:01:11 INFO AddIdentifyResult: 28494,013111635916,-1,
2017-03-29 13:01:11 INFO AddIdentifyResult: 28493,015633129327,1,ver/03/29/130203_015633129327.wav
2017-03-29 13:01:20 INFO AddIdentifyResult: 28494,013111635916,-3,
2017-03-29 13:01:36 INFO AddIdentifyResult: 28495,015633129327,-1,
2017-03-29 13:01:42 INFO AddIdentifyResult: 28495,015633129327,-3,
2017-03-29 13:02:34 INFO AddIdentifyResult: 28495,015633129327,1,ver/03/29/130325_015633129327.wav
2017-03-29 13:02:38 INFO AddIdentifyResult: 28496,013230621591,-1,
2017-03-29 13:02:58 INFO AddIdentifyResult: 28497,015633129327,-1,
2017-03-29 13:03:02 INFO AddIdentifyResult: 28497,015633129327,-3,
2017-03-29 13:03:13 INFO AddIdentifyResult: 28498,013230621591,-1,
2017-03-29 13:03:18 INFO AddIdentifyResult: 28498,013230621591,-3,
2017-03-29 13:03:22 INFO AddIdentifyResult: 28494,013111635916,12,
2017-03-29 13:03:29 INFO AddIdentifyResult: 28494,013111635916,10,reg/013111635916_0329130303|reg/013111635916_0329130303|reg/013111635916_
2017-03-29 13:03:29 INFO UpdateUserState: 013111635916,1
2017-03-29 13:03:36 INFO AddIdentifyResult: 28499,013111635916,-1,
2017-03-29 13:03:42 INFO AddIdentifyResult: 28499,013111635916,-3,
2017-03-29 13:03:55 INFO AddIdentifyResult: 28497,015633129327,1,ver/03/29/130446_015633129327.wav
2017-03-29 13:04:34 INFO AddIdentifyResult: 28499,013111635916,0,ver/03/29/130525_013111635916.wav
2017-03-29 13:05:21 INFO AddIdentifyResult: 28498,013230621591,12,
2017-03-29 13:05:30 INFO AddIdentifyResult: 28498,013230621591,10,reg/013230621591_0329130501|reg/013230621591_0329130501|reg/013230621591_
2017-03-29 13:05:30 INFO UpdateUserState: 013230621591,1
2017-03-29 13:05:40 INFO AddIdentifyResult: 28500,013230621591,-1,
2017-03-29 13:05:45 INFO AddIdentifyResult: 28500,013230621591,-3,
2017-03-29 13:06:19 INFO AddIdentifyResult: 28501,015633129327,-1,
2017-03-29 13:06:37 INFO AddIdentifyResult: 28500,013230621591,0,ver/03/29/130728_013230621591.wav
2017-03-29 13:06:43 INFO AddIdentifyResult: 28502,015633129327,-1,
2017-03-29 13:07:02 INFO AddIdentifyResult: 28503,015633129327,-1,
2017-03-29 13:07:52 INFO AddIdentifyResult: 28504,015633129327,-1,
2017-03-29 13:08:10 INFO AddIdentifyResult: 28505,015633129327,-1,
2017-03-29 13:08:30 INFO AddIdentifyResult: 28506,015633129327,-1,
2017-03-29 13:12:10 INFO AddIdentifyResult: 28507,015633129327,-1,
2017-03-29 13:12:29 INFO AddIdentifyResult: 28508,015633129327,-1,
2017-03-29 13:12:34 INFO AddIdentifyResult: 28508,015633129327,-3,
2017-03-29 13:14:35 INFO AddIdentifyResult: 28508,015633129327,12,
2017-03-29 13:14:41 INFO AddIdentifyResult: 28508,015633129327,10,reg/015633129327_0329131549|reg/015633129327_0329131549|reg/015633129327_0329131417
2017-03-29 13:14:42 INFO UpdateUserState: 015633129327,1
2017-03-29 13:14:46 INFO AddIdentifyResult: 28509,015633129327,-1,
2017-03-29 13:14:51 INFO AddIdentifyResult: 28509,015633129327,-3,
2017-03-29 13:15:43 INFO AddIdentifyResult: 28509,015633129327,0,ver/03/29/131634_015633129327.wav
2017-03-29 13:44:54 INFO AddIdentifyResult: 0,013563365415,1,
2017-03-29 13:47:55 INFO AddIdentifyResult: 28511,013012918027,-1,
2017-03-29 13:48:04 INFO AddIdentifyResult: 28511,013012918027,-3,
2017-03-29 13:50:03 INFO AddIdentifyResult: 28511,013012918027,12,
2017-03-29 13:50:10 INFO AddIdentifyResult: 28511,013012918027,10,reg/013012918027_0329134947|reg/013012918027_0329134947|reg/013012918027_
2017-03-29 13:50:10 INFO UpdateUserState: 013012918027,1
2017-03-29 13:51:16 INFO AddIdentifyResult: 28512,013012918027,-1,
2017-03-29 13:52:12 INFO AddIdentifyResult: 28513,013012918027,-1,
2017-03-29 13:52:22 INFO AddIdentifyResult: 28513,013012918027,-3,
2017-03-29 13:53:15 INFO AddIdentifyResult: 28513,013012918027,0,ver/03/29/135406_013012918027.wav
2017-03-29 13:59:13 INFO AddIdentifyResult: 28514,013616064053,-1,
2017-03-29 13:59:31 INFO AddIdentifyResult: 28514,013616064053,-3,
2017-03-29 13:59:56 INFO AddIdentifyResult: 28514,013616064053,0,ver/03/29/140127_013616064053.wav
2017-03-29 14:06:13 INFO AddIdentifyResult: 28515,013616064053,-1,
2017-03-29 14:06:30 INFO AddIdentifyResult: 28515,013616064053,-3,
2017-03-29 14:06:35 INFO AddIdentifyResult: 0,015903326344,1,
2017-03-29 14:07:28 INFO AddIdentifyResult: 28517,13589995765,-1,
2017-03-29 14:08:05 INFO AddIdentifyResult: 28518,013589995765,-1,
2017-03-29 14:08:13 INFO AddIdentifyResult: 28518,013589995765,-3,
2017-03-29 14:09:20 INFO AddIdentifyResult: 28519,013012901713,-1,
2017-03-29 14:09:29 INFO AddIdentifyResult: 28519,013012901713,-3,
2017-03-29 14:10:10 INFO AddIdentifyResult: 28518,013589995765,12,
2017-03-29 14:10:15 INFO AddIdentifyResult: 28515,013616064053,12,
2017-03-29 14:10:16 INFO AddIdentifyResult: 28518,013589995765,10,reg/013589995765_0329140956|reg/013589995765_0329140956|reg/013589995765_
2017-03-29 14:10:16 INFO UpdateUserState: 013589995765,1
2017-03-29 14:10:17 INFO AddIdentifyResult: 28515,013616064053,10,reg/013616064053_0329140844|reg/013616064053_0329140844|reg/013616064053_0329140904
2017-03-29 14:10:18 INFO UpdateUserState: 013616064053,1
2017-03-29 14:10:46 INFO AddIdentifyResult: 28520,013589995765,-1,
2017-03-29 14:11:01 INFO AddIdentifyResult: 28520,013589995765,-3,
2017-03-29 14:11:06 INFO AddIdentifyResult: 28519,013012901713,12,
2017-03-29 14:11:13 INFO AddIdentifyResult: 28519,013012901713,10,reg/013012901713_0329141112|reg/013012901713_0329141112|reg/013012901713_
2017-03-29 14:11:13 INFO UpdateUserState: 013012901713,1
2017-03-29 14:11:51 INFO AddIdentifyResult: 28521,013012901713,-1,
2017-03-29 14:11:53 INFO AddIdentifyResult: 28520,013589995765,0,ver/03/29/141244_013589995765.wav
2017-03-29 14:12:01 INFO AddIdentifyResult: 28521,013012901713,-3,
2017-03-29 14:12:16 INFO AddIdentifyResult: 28522,018233335388,-1,
2017-03-29 14:12:53 INFO AddIdentifyResult: 28521,013012901713,0,ver/03/29/141344_013012901713.wav
2017-03-29 14:13:08 INFO AddIdentifyResult: 28522,018233335388,-3,
2017-03-29 14:13:13 INFO AddIdentifyResult: 28522,018233335388,11,reg/018233335388_|reg/018233335388_|reg/018233335388_
2017-03-29 14:13:20 INFO AddIdentifyResult: 28523,018765465186,-1,
2017-03-29 14:13:29 INFO AddIdentifyResult: 28523,018765465186,-3,
2017-03-29 14:15:23 INFO AddIdentifyResult: 28523,018765465186,12,
2017-03-29 14:15:29 INFO AddIdentifyResult: 28523,018765465186,10,reg/018765465186_0329141512|reg/018765465186_0329141512|reg/018765465186_
2017-03-29 14:15:30 INFO UpdateUserState: 018765465186,1
2017-03-29 14:15:38 INFO AddIdentifyResult: 28524,13833481930,-1,
2017-03-29 14:16:13 INFO AddIdentifyResult: 28525,013833481930,-1,
2017-03-29 14:16:22 INFO AddIdentifyResult: 28525,013833481930,-3,
2017-03-29 14:18:18 INFO AddIdentifyResult: 28525,013833481930,12,
2017-03-29 14:18:25 INFO AddIdentifyResult: 28525,013833481930,10,reg/013833481930_0329141805|reg/013833481930_0329141805|reg/013833481930_
2017-03-29 14:18:26 INFO UpdateUserState: 013833481930,1
2017-03-29 14:18:35 INFO AddIdentifyResult: 28526,013833481930,-1,
2017-03-29 14:18:44 INFO AddIdentifyResult: 28526,013833481930,-3,
2017-03-29 14:19:36 INFO AddIdentifyResult: 28526,013833481930,0,ver/03/29/142028_013833481930.wav
2017-03-29 14:21:32 INFO AddIdentifyResult: 28527,018980921072,-1,
2017-03-29 14:21:40 INFO AddIdentifyResult: 28527,018980921072,-3,
2017-03-29 14:23:47 INFO AddIdentifyResult: 28527,018980921072,12,
2017-03-29 14:23:54 INFO AddIdentifyResult: 28527,018980921072,10,reg/018980921072_0329142323|reg/018980921072_0329142323|reg/018980921072_
2017-03-29 14:23:54 INFO UpdateUserState: 018980921072,1
2017-03-29 14:24:24 INFO AddIdentifyResult: 28528,018980921072,-1,
2017-03-29 14:24:36 INFO AddIdentifyResult: 28528,018980921072,-3,
2017-03-29 14:25:10 INFO AddIdentifyResult: 28529,13833010374,-1,
2017-03-29 14:25:28 INFO AddIdentifyResult: 28528,018980921072,0,ver/03/29/142620_018980921072.wav
2017-03-29 14:26:27 INFO AddIdentifyResult: 28530,015631227309,-1,
2017-03-29 14:26:32 INFO AddIdentifyResult: 28530,015631227309,-3,
2017-03-29 14:27:15 INFO AddIdentifyResult: 28531,013833010374,-1,
2017-03-29 14:27:25 INFO AddIdentifyResult: 28531,013833010374,-3,
2017-03-29 14:28:00 INFO AddIdentifyResult: 28531,013833010374,11,reg/013833010374_|reg/013833010374_|reg/013833010374_
2017-03-29 14:28:12 INFO AddIdentifyResult: 28530,015631227309,12,
2017-03-29 14:28:19 INFO AddIdentifyResult: 28530,015631227309,10,reg/015631227309_0329142816|reg/015631227309_0329142816|reg/015631227309_
2017-03-29 14:28:19 INFO UpdateUserState: 015631227309,1
2017-03-29 14:29:40 INFO AddIdentifyResult: 28532,013285462501,-1,
2017-03-29 14:29:52 INFO AddIdentifyResult: 28532,013285462501,-3,
2017-03-29 14:30:23 INFO AddIdentifyResult: 28533,015631227309,-1,
2017-03-29 14:30:29 INFO AddIdentifyResult: 28533,015631227309,-3,
2017-03-29 14:31:21 INFO AddIdentifyResult: 28533,015631227309,0,ver/03/29/143212_015631227309.wav
2017-03-29 14:32:16 INFO AddIdentifyResult: 28532,013285462501,12,
2017-03-29 14:32:23 INFO AddIdentifyResult: 28532,013285462501,10,reg/013285462501_0329143135|reg/013285462501_0329143135|reg/013285462501_
2017-03-29 14:32:23 INFO UpdateUserState: 013285462501,1
2017-03-29 14:34:59 INFO AddIdentifyResult: 28534,015612287926,-1,
2017-03-29 14:35:03 INFO AddIdentifyResult: 28534,015612287926,-3,
2017-03-29 14:35:14 INFO AddIdentifyResult: 28534,015612287926,11,reg/015612287926_|reg/015612287926_|reg/015612287926_
2017-03-29 14:35:19 INFO AddIdentifyResult: 28535,015612287926,-1,
2017-03-29 14:35:24 INFO AddIdentifyResult: 28535,015612287926,-3,
2017-03-29 14:37:12 INFO AddIdentifyResult: 28535,015612287926,12,
2017-03-29 14:37:20 INFO AddIdentifyResult: 28535,015612287926,10,reg/015612287926_0329143707|reg/015612287926_0329143707|reg/015612287926_
2017-03-29 14:37:21 INFO UpdateUserState: 015612287926,1
2017-03-29 14:37:35 INFO AddIdentifyResult: 28536,015612287926,-1,
2017-03-29 14:37:40 INFO AddIdentifyResult: 28536,015612287926,-3,
2017-03-29 14:38:11 INFO AddIdentifyResult: 28537,013042864529,-1,
2017-03-29 14:38:29 INFO AddIdentifyResult: 28537,013042864529,-3,
2017-03-29 14:38:31 INFO AddIdentifyResult: 28536,015612287926,0,ver/03/29/143923_015612287926.wav
2017-03-29 14:38:58 INFO AddIdentifyResult: 28538,015075297578,-1,
2017-03-29 14:39:10 INFO AddIdentifyResult: 28538,015075297578,-3,
2017-03-29 14:39:35 INFO AddIdentifyResult: 28538,015075297578,11,reg/015075297578_|reg/015075297578_|reg/015075297578_
2017-03-29 14:39:52 INFO AddIdentifyResult: 28539,013013562603,-1,
2017-03-29 14:39:56 INFO AddIdentifyResult: 28539,013013562603,-3,
2017-03-29 14:40:02 INFO AddIdentifyResult: 28540,015075297578,-1,
2017-03-29 14:40:10 INFO AddIdentifyResult: 28540,015075297578,-3,
2017-03-29 14:40:14 INFO AddIdentifyResult: 28537,013042864529,12,
2017-03-29 14:40:21 INFO AddIdentifyResult: 28537,013042864529,10,reg/013042864529_0329144012|reg/013042864529_0329144012|reg/013042864529_
2017-03-29 14:40:22 INFO UpdateUserState: 013042864529,1
2017-03-29 14:40:49 INFO AddIdentifyResult: 28541,015097418460,-1,
2017-03-29 14:40:55 INFO AddIdentifyResult: 28541,015097418460,-3,
2017-03-29 14:41:28 INFO AddIdentifyResult: 28542,018271850083,-1,
2017-03-29 14:41:44 INFO AddIdentifyResult: 28542,018271850083,-3,
2017-03-29 14:42:15 INFO AddIdentifyResult: 28539,013013562603,12,
2017-03-29 14:42:23 INFO AddIdentifyResult: 28539,013013562603,10,reg/013013562603_0329144147|reg/013013562603_0329144147|reg/013013562603_0329144140
2017-03-29 14:42:23 INFO UpdateUserState: 013013562603,1
2017-03-29 14:42:46 INFO AddIdentifyResult: 28543,013013562603,-1,
2017-03-29 14:42:55 INFO AddIdentifyResult: 28543,013013562603,-3,
2017-03-29 14:42:56 INFO AddIdentifyResult: 28541,015097418460,12,
2017-03-29 14:43:04 INFO AddIdentifyResult: 28541,015097418460,10,reg/015097418460_0329144238|reg/015097418460_0329144238|reg/015097418460_
2017-03-29 14:43:05 INFO UpdateUserState: 015097418460,1
2017-03-29 14:43:09 INFO AddIdentifyResult: 28544,015097418460,-1,
2017-03-29 14:43:15 INFO AddIdentifyResult: 28544,015097418460,-3,
2017-03-29 14:43:28 INFO AddIdentifyResult: 28542,018271850083,12,
2017-03-29 14:43:35 INFO AddIdentifyResult: 28542,018271850083,10,reg/018271850083_0329144328|reg/018271850083_0329144328|reg/018271850083_
2017-03-29 14:43:35 INFO UpdateUserState: 018271850083,1
2017-03-29 14:43:46 INFO AddIdentifyResult: 28543,013013562603,0,ver/03/29/144438_013013562603.wav
2017-03-29 14:44:07 INFO AddIdentifyResult: 28544,015097418460,0,ver/03/29/144459_015097418460.wav
2017-03-29 14:45:33 INFO AddIdentifyResult: 28545,015613259063,-1,
2017-03-29 14:45:38 INFO AddIdentifyResult: 28545,015613259063,-3,
2017-03-29 14:46:45 INFO AddIdentifyResult: 28546,013285462501,-1,
2017-03-29 14:46:51 INFO AddIdentifyResult: 28547,013012908675,-1,
2017-03-29 14:46:57 INFO AddIdentifyResult: 28547,013012908675,-3,
2017-03-29 14:46:59 INFO AddIdentifyResult: 28546,013285462501,-3,
2017-03-29 14:47:51 INFO AddIdentifyResult: 28546,013285462501,1,ver/03/29/144842_013285462501.wav
2017-03-29 14:48:03 INFO AddIdentifyResult: 28545,015613259063,12,
2017-03-29 14:48:09 INFO AddIdentifyResult: 28545,015613259063,10,reg/015613259063_0329144909|reg/015613259063_0329144909|reg/015613259063_0329144722
2017-03-29 14:48:09 INFO UpdateUserState: 015613259063,1
2017-03-29 14:48:18 INFO AddIdentifyResult: 28548,015613259063,-1,
2017-03-29 14:48:18 INFO AddIdentifyResult: 28549,013285462501,-1,
2017-03-29 14:48:25 INFO AddIdentifyResult: 28548,015613259063,-3,
2017-03-29 14:48:32 INFO AddIdentifyResult: 28549,013285462501,-3,
2017-03-29 14:49:17 INFO AddIdentifyResult: 28548,015613259063,0,ver/03/29/145009_015613259063.wav
2017-03-29 14:49:24 INFO AddIdentifyResult: 28549,013285462501,0,ver/03/29/145015_013285462501.wav
2017-03-29 14:49:31 INFO AddIdentifyResult: 28547,013012908675,12,
2017-03-29 14:49:38 INFO AddIdentifyResult: 28547,013012908675,10,reg/013012908675_0329144840|reg/013012908675_0329144840|reg/013012908675_
2017-03-29 14:49:38 INFO UpdateUserState: 013012908675,1
2017-03-29 14:50:13 INFO AddIdentifyResult: 28550,013012908675,-1,
2017-03-29 14:50:22 INFO AddIdentifyResult: 28550,013012908675,-3,
2017-03-29 14:51:12 INFO AddIdentifyResult: 28550,013012908675,0,ver/03/29/145205_013012908675.wav
2017-03-29 14:51:50 INFO AddIdentifyResult: 28551,015630837580,-1,
2017-03-29 14:51:54 INFO AddIdentifyResult: 28551,015630837580,-3,
2017-03-29 14:51:57 INFO AddIdentifyResult: 28540,015075297578,12,
2017-03-29 14:52:12 INFO AddIdentifyResult: 28540,015075297578,10,reg/015075297578_0329144333|reg/015075297578_0329144333|reg/015075297578_0329144153
2017-03-29 14:52:13 INFO UpdateUserState: 015075297578,1
2017-03-29 14:53:59 INFO AddIdentifyResult: 28552,013273212190,-1,
2017-03-29 14:54:05 INFO AddIdentifyResult: 28552,013273212190,-3,
2017-03-29 14:54:07 INFO AddIdentifyResult: 28551,015630837580,12,
2017-03-29 14:54:14 INFO AddIdentifyResult: 28551,015630837580,10,reg/015630837580_0329145512|reg/015630837580_0329145512|reg/015630837580_0329145338
2017-03-29 14:54:14 INFO UpdateUserState: 015630837580,1
2017-03-29 14:54:25 INFO AddIdentifyResult: 28553,015630837580,-1,
2017-03-29 14:54:29 INFO AddIdentifyResult: 28553,015630837580,-3,
2017-03-29 14:55:20 INFO AddIdentifyResult: 28553,015630837580,0,ver/03/29/145612_015630837580.wav
2017-03-29 14:55:46 INFO AddIdentifyResult: 28552,013273212190,12,
2017-03-29 14:55:54 INFO AddIdentifyResult: 28552,013273212190,10,reg/013273212190_0329145548|reg/013273212190_0329145548|reg/013273212190_
2017-03-29 14:55:54 INFO UpdateUserState: 013273212190,1
2017-03-29 14:55:55 INFO AddIdentifyResult: 28554,015630293126,-1,
2017-03-29 14:55:59 INFO AddIdentifyResult: 28555,013273212190,-1,
2017-03-29 14:56:03 INFO AddIdentifyResult: 28556,015630293126,-1,
2017-03-29 14:56:03 INFO AddIdentifyResult: 28555,013273212190,-3,
2017-03-29 14:56:22 INFO AddIdentifyResult: 28557,015630293126,-1,
2017-03-29 14:56:26 INFO AddIdentifyResult: 28557,015630293126,-3,
2017-03-29 14:56:56 INFO AddIdentifyResult: 28555,013273212190,0,ver/03/29/145747_013273212190.wav
2017-03-29 14:57:41 INFO AddIdentifyResult: 28558,015731252069,-1,
2017-03-29 14:58:40 INFO AddIdentifyResult: 28557,015630293126,12,
2017-03-29 14:58:47 INFO AddIdentifyResult: 28557,015630293126,10,reg/015630293126_0329145946|reg/015630293126_0329145946|reg/015630293126_0329145809
2017-03-29 14:58:47 INFO UpdateUserState: 015630293126,1
2017-03-29 14:58:58 INFO AddIdentifyResult: 28559,015630293126,-1,
2017-03-29 14:59:10 INFO AddIdentifyResult: 28559,015630293126,-3,
2017-03-29 15:00:02 INFO AddIdentifyResult: 28559,015630293126,0,ver/03/29/150054_015630293126.wav
2017-03-29 15:00:28 INFO AddIdentifyResult: 28560,013013565935,-1,
2017-03-29 15:00:30 INFO AddIdentifyResult: 28561,015830275093,-1,
2017-03-29 15:00:53 INFO AddIdentifyResult: 28560,013013565935,-3,
2017-03-29 15:02:08 INFO AddIdentifyResult: 28562,015830275093,-1,
2017-03-29 15:02:16 INFO AddIdentifyResult: 28562,015830275093,-3,
2017-03-29 15:02:49 INFO AddIdentifyResult: 28560,013013565935,12,
2017-03-29 15:02:57 INFO AddIdentifyResult: 28560,013013565935,10,reg/013013565935_0329150236|reg/013013565935_0329150236|reg/013013565935_
2017-03-29 15:02:57 INFO UpdateUserState: 013013565935,1
2017-03-29 15:03:02 INFO AddIdentifyResult: 28563,015731205269,-1,
2017-03-29 15:03:10 INFO AddIdentifyResult: 28563,015731205269,-3,
2017-03-29 15:03:35 INFO AddIdentifyResult: 28564,013012910382,-1,
2017-03-29 15:03:35 INFO AddIdentifyResult: 28563,015731205269,11,reg/015731205269_|reg/015731205269_|reg/015731205269_
2017-03-29 15:03:40 INFO AddIdentifyResult: 28564,013012910382,-3,
2017-03-29 15:04:01 INFO AddIdentifyResult: 28562,015830275093,12,
2017-03-29 15:04:08 INFO AddIdentifyResult: 28562,015830275093,10,reg/015830275093_0329150400|reg/015830275093_0329150400|reg/015830275093_
2017-03-29 15:04:08 INFO UpdateUserState: 015830275093,1
2017-03-29 15:04:14 INFO AddIdentifyResult: 28565,015830275093,-1,
2017-03-29 15:04:18 INFO AddIdentifyResult: 28566,013231267309,-1,
2017-03-29 15:04:19 INFO AddIdentifyResult: 28565,015830275093,-3,
2017-03-29 15:04:28 INFO AddIdentifyResult: 28566,013231267309,-3,
2017-03-29 15:05:11 INFO AddIdentifyResult: 28565,015830275093,0,ver/03/29/150603_015830275093.wav
2017-03-29 15:05:20 INFO AddIdentifyResult: 28564,013012910382,12,
2017-03-29 15:05:27 INFO AddIdentifyResult: 28564,013012910382,10,reg/013012910382_0329150523|reg/013012910382_0329150523|reg/013012910382_
2017-03-29 15:05:27 INFO UpdateUserState: 013012910382,1
2017-03-29 15:05:41 INFO AddIdentifyResult: 28567,015630818718,-1,
2017-03-29 15:05:46 INFO AddIdentifyResult: 28567,015630818718,-3,
2017-03-29 15:06:00 INFO AddIdentifyResult: 28566,013231267309,12,
2017-03-29 15:06:07 INFO AddIdentifyResult: 28566,013231267309,10,reg/013231267309_0329150611|reg/013231267309_0329150611|reg/013231267309_
2017-03-29 15:06:07 INFO UpdateUserState: 013231267309,1
2017-03-29 15:06:13 INFO AddIdentifyResult: 28568,013231267309,-1,
2017-03-29 15:06:18 INFO AddIdentifyResult: 28568,013231267309,-3,
2017-03-29 15:07:10 INFO AddIdentifyResult: 28568,013231267309,0,ver/03/29/150801_013231267309.wav
2017-03-29 15:07:50 INFO AddIdentifyResult: 28567,015630818718,12,
2017-03-29 15:07:57 INFO AddIdentifyResult: 28567,015630818718,10,reg/015630818718_0329150847|reg/015630818718_0329150847|reg/015630818718_0329150729
2017-03-29 15:07:58 INFO UpdateUserState: 015630818718,1
2017-03-29 15:08:00 INFO AddIdentifyResult: 28569,015630818718,-1,
2017-03-29 15:08:02 INFO AddIdentifyResult: 28570,013035375412,-1,
2017-03-29 15:08:04 INFO AddIdentifyResult: 28569,015630818718,-3,
2017-03-29 15:08:18 INFO AddIdentifyResult: 28570,013035375412,-3,
2017-03-29 15:08:29 INFO AddIdentifyResult: 28571,015731205269,-1,
2017-03-29 15:08:36 INFO AddIdentifyResult: 28571,015731205269,-3,
2017-03-29 15:08:56 INFO AddIdentifyResult: 28569,015630818718,0,ver/03/29/150947_015630818718.wav
2017-03-29 15:09:22 INFO AddIdentifyResult: 28572,015630862329,-1,
2017-03-29 15:09:38 INFO AddIdentifyResult: 28572,015630862329,-3,
2017-03-29 15:09:59 INFO AddIdentifyResult: 28570,013035375412,12,
2017-03-29 15:10:06 INFO AddIdentifyResult: 28570,013035375412,10,reg/013035375412_0329151002|reg/013035375412_0329151002|reg/013035375412_
2017-03-29 15:10:06 INFO UpdateUserState: 013035375412,1
2017-03-29 15:10:17 INFO AddIdentifyResult: 28571,015731205269,11,reg/015731205269_|reg/015731205269_|reg/015731205269_
2017-03-29 15:10:25 INFO AddIdentifyResult: 28573,015731205269,-1,
2017-03-29 15:10:33 INFO AddIdentifyResult: 28573,015731205269,-3,
2017-03-29 15:10:40 INFO AddIdentifyResult: 28573,015731205269,11,reg/015731205269_|reg/015731205269_|reg/015731205269_
2017-03-29 15:10:47 INFO AddIdentifyResult: 28574,015731205269,-1,
2017-03-29 15:10:56 INFO AddIdentifyResult: 28574,015731205269,-3,
2017-03-29 15:11:10 INFO AddIdentifyResult: 28575,013697381401,-1,
2017-03-29 15:11:25 INFO AddIdentifyResult: 28575,013697381401,-3,
2017-03-29 15:11:29 INFO AddIdentifyResult: 28572,015630862329,11,reg/015630862329_|reg/015630862329_|reg/015630862329_
2017-03-29 15:12:46 INFO AddIdentifyResult: 28574,015731205269,12,
2017-03-29 15:12:52 INFO AddIdentifyResult: 28576,015630862329,-1,
2017-03-29 15:12:53 INFO AddIdentifyResult: 28574,015731205269,10,reg/015731205269_0329151401|reg/015731205269_0329151401|reg/015731205269_0329151239
2017-03-29 15:12:53 INFO UpdateUserState: 015731205269,1
2017-03-29 15:12:59 INFO AddIdentifyResult: 28576,015630862329,-3,
2017-03-29 15:13:00 INFO AddIdentifyResult: 28577,015731205269,-1,
2017-03-29 15:13:08 INFO AddIdentifyResult: 28575,013697381401,12,
2017-03-29 15:13:10 INFO AddIdentifyResult: 28577,015731205269,-3,
2017-03-29 15:13:15 INFO AddIdentifyResult: 28575,013697381401,10,reg/013697381401_0329151308|reg/013697381401_0329151308|reg/013697381401_
2017-03-29 15:13:15 INFO UpdateUserState: 013697381401,1
2017-03-29 15:14:01 INFO AddIdentifyResult: 28577,015731205269,0,ver/03/29/151453_015731205269.wav
2017-03-29 15:14:50 INFO AddIdentifyResult: 28576,015630862329,11,reg/015630862329_|reg/015630862329_|reg/015630862329_
2017-03-29 15:15:35 INFO AddIdentifyResult: 28578,015630862329,-1,
2017-03-29 15:15:41 INFO AddIdentifyResult: 28578,015630862329,-3,
2017-03-29 15:15:59 INFO AddIdentifyResult: 28578,015630862329,11,reg/015630862329_|reg/015630862329_|reg/015630862329_
2017-03-29 15:16:25 INFO AddIdentifyResult: 28579,015612251817,-1,
2017-03-29 15:16:35 INFO AddIdentifyResult: 28580,015612251817,-1,
2017-03-29 15:16:39 INFO AddIdentifyResult: 28580,015612251817,-3,
2017-03-29 15:16:54 INFO AddIdentifyResult: 28581,013042882410,-1,
2017-03-29 15:17:06 INFO AddIdentifyResult: 28581,013042882410,-3,
2017-03-29 15:17:17 INFO AddIdentifyResult: 28580,015612251817,11,reg/015612251817_|reg/015612251817_|reg/015612251817_
2017-03-29 15:17:26 INFO AddIdentifyResult: 28582,015531228129,-1,
2017-03-29 15:17:39 INFO AddIdentifyResult: 28583,015531228129,-1,
2017-03-29 15:17:40 INFO AddIdentifyResult: 28582,015531228129,-3,
2017-03-29 15:17:59 INFO AddIdentifyResult: 28584,015612251817,-1,
2017-03-29 15:18:02 INFO AddIdentifyResult: 28584,015612251817,-3,
2017-03-29 15:18:47 INFO AddIdentifyResult: 28581,013042882410,12,
2017-03-29 15:18:55 INFO AddIdentifyResult: 28581,013042882410,10,reg/013042882410_0329151849|reg/013042882410_0329151849|reg/013042882410_
2017-03-29 15:18:55 INFO UpdateUserState: 013042882410,1
2017-03-29 15:19:01 INFO AddIdentifyResult: 28585,015531228129,-1,
2017-03-29 15:19:08 INFO AddIdentifyResult: 28585,015531228129,-3,
2017-03-29 15:19:14 INFO AddIdentifyResult: 28585,015531228129,11,reg/015531228129_|reg/015531228129_|reg/015531228129_
2017-03-29 15:19:16 INFO AddIdentifyResult: 28582,015531228129,11,reg/015531228129_|reg/015531228129_|reg/015531228129_
2017-03-29 15:20:05 INFO AddIdentifyResult: 28586,015531228129,-1,
2017-03-29 15:20:10 INFO AddIdentifyResult: 28586,015531228129,-3,
2017-03-29 15:20:11 INFO AddIdentifyResult: 28584,015612251817,12,
2017-03-29 15:20:20 INFO AddIdentifyResult: 28584,015612251817,10,reg/015612251817_0329151945|reg/015612251817_0329151945|reg/015612251817_
2017-03-29 15:20:20 INFO UpdateUserState: 015612251817,1
2017-03-29 15:20:24 INFO AddIdentifyResult: 28587,015612251817,-1,
2017-03-29 15:20:28 INFO AddIdentifyResult: 28587,015612251817,-3,
2017-03-29 15:21:21 INFO AddIdentifyResult: 28587,015612251817,0,ver/03/29/152212_015612251817.wav
2017-03-29 15:21:29 INFO AddIdentifyResult: 28588,013731644919,-1,
2017-03-29 15:21:36 INFO AddIdentifyResult: 28586,015531228129,12,
2017-03-29 15:21:37 INFO AddIdentifyResult: 28588,013731644919,-3,
2017-03-29 15:21:42 INFO AddIdentifyResult: 28586,015531228129,10,reg/015531228129_0329152153|reg/015531228129_0329152153|reg/015531228129_
2017-03-29 15:21:42 INFO UpdateUserState: 015531228129,1
2017-03-29 15:21:52 INFO AddIdentifyResult: 28589,015531228129,-1,
2017-03-29 15:21:56 INFO AddIdentifyResult: 28589,015531228129,-3,
2017-03-29 15:22:48 INFO AddIdentifyResult: 28589,015531228129,0,ver/03/29/152339_015531228129.wav
2017-03-29 15:23:05 INFO AddIdentifyResult: 28588,013731644919,12,
2017-03-29 15:23:12 INFO AddIdentifyResult: 28588,013731644919,10,reg/013731644919_0329152320|reg/013731644919_0329152320|reg/013731644919_
2017-03-29 15:23:12 INFO UpdateUserState: 013731644919,1
2017-03-29 15:23:20 INFO AddIdentifyResult: 28590,013731644919,-1,
2017-03-29 15:23:26 INFO AddIdentifyResult: 28590,013731644919,-3,
2017-03-29 15:24:19 INFO AddIdentifyResult: 28590,013731644919,0,ver/03/29/152510_013731644919.wav
2017-03-29 15:24:46 INFO AddIdentifyResult: 28591,015612251817,-1,
2017-03-29 15:24:54 INFO AddIdentifyResult: 28592,015630862329,-1,
2017-03-29 15:24:59 INFO AddIdentifyResult: 28592,015630862329,-3,
2017-03-29 15:25:57 INFO AddIdentifyResult: 28593,015603215991,-1,
2017-03-29 15:26:07 INFO AddIdentifyResult: 28593,015603215991,-3,
2017-03-29 15:26:32 INFO AddIdentifyResult: 28593,015603215991,11,reg/015603215991_|reg/015603215991_|reg/015603215991_
2017-03-29 15:26:44 INFO AddIdentifyResult: 28594,015603215991,-1,
2017-03-29 15:26:46 INFO AddIdentifyResult: 28595,015633266365,-1,
2017-03-29 15:26:49 INFO AddIdentifyResult: 28594,015603215991,-3,
2017-03-29 15:26:50 INFO AddIdentifyResult: 28595,015633266365,-3,
2017-03-29 15:27:12 INFO AddIdentifyResult: 28592,015630862329,12,
2017-03-29 15:27:19 INFO AddIdentifyResult: 28592,015630862329,10,reg/015630862329_0329152812|reg/015630862329_0329152812|reg/015630862329_0329152642
2017-03-29 15:27:19 INFO UpdateUserState: 015630862329,1
2017-03-29 15:27:26 INFO AddIdentifyResult: 28596,015630862329,-1,
2017-03-29 15:27:31 INFO AddIdentifyResult: 28596,015630862329,-3,
2017-03-29 15:28:19 INFO AddIdentifyResult: 28595,015633266365,12,
2017-03-29 15:28:22 INFO AddIdentifyResult: 28594,015603215991,12,
2017-03-29 15:28:23 INFO AddIdentifyResult: 28596,015630862329,0,ver/03/29/152915_015630862329.wav
2017-03-29 15:28:27 INFO AddIdentifyResult: 28595,015633266365,10,reg/015633266365_0329152833|reg/015633266365_0329152833|reg/015633266365_
2017-03-29 15:28:27 INFO UpdateUserState: 015633266365,1
2017-03-29 15:28:34 INFO AddIdentifyResult: 28594,015603215991,10,reg/015603215991_0329152833|reg/015603215991_0329152833|reg/015603215991_
2017-03-29 15:28:34 INFO UpdateUserState: 015603215991,1
2017-03-29 15:28:38 INFO AddIdentifyResult: 28597,015633266365,-1,
2017-03-29 15:28:40 INFO AddIdentifyResult: 28598,015603215991,-1,
2017-03-29 15:28:43 INFO AddIdentifyResult: 28597,015633266365,-3,
2017-03-29 15:28:46 INFO AddIdentifyResult: 28598,015603215991,-3,
2017-03-29 15:29:27 INFO AddIdentifyResult: 28599,015831234535,-1,
2017-03-29 15:29:32 INFO AddIdentifyResult: 28599,015831234535,-3,
2017-03-29 15:29:36 INFO AddIdentifyResult: 28597,015633266365,0,ver/03/29/153027_015633266365.wav
2017-03-29 15:29:39 INFO AddIdentifyResult: 28598,015603215991,0,ver/03/29/153030_015603215991.wav
2017-03-29 15:31:25 INFO AddIdentifyResult: 28599,015831234535,12,
2017-03-29 15:31:31 INFO AddIdentifyResult: 28599,015831234535,10,reg/015831234535_0329153240|reg/015831234535_0329153240|reg/015831234535_0329153115
2017-03-29 15:31:32 INFO UpdateUserState: 015831234535,1
2017-03-29 15:31:44 INFO AddIdentifyResult: 28600,015831234535,-1,
2017-03-29 15:31:50 INFO AddIdentifyResult: 28600,015831234535,-3,
2017-03-29 15:32:42 INFO AddIdentifyResult: 28600,015831234535,0,ver/03/29/153334_015831234535.wav
2017-03-29 15:32:53 INFO AddIdentifyResult: 28601,015630286312,-1,
2017-03-29 15:33:06 INFO AddIdentifyResult: 28601,015630286312,-3,
2017-03-29 15:33:06 INFO AddIdentifyResult: 28602,018331018512,-1,
2017-03-29 15:33:12 INFO AddIdentifyResult: 28602,018331018512,-3,
2017-03-29 15:34:49 INFO AddIdentifyResult: 28601,015630286312,12,
2017-03-29 15:34:57 INFO AddIdentifyResult: 28601,015630286312,10,reg/015630286312_0329153449|reg/015630286312_0329153449|reg/015630286312_
2017-03-29 15:34:57 INFO UpdateUserState: 015630286312,1
2017-03-29 15:34:59 INFO AddIdentifyResult: 28602,018331018512,12,
2017-03-29 15:35:08 INFO AddIdentifyResult: 28602,018331018512,10,reg/018331018512_0329153455|reg/018331018512_0329153455|reg/018331018512_
2017-03-29 15:35:08 INFO UpdateUserState: 018331018512,1
2017-03-29 15:35:09 INFO AddIdentifyResult: 28603,015630286312,-1,
2017-03-29 15:35:14 INFO AddIdentifyResult: 28603,015630286312,-3,
2017-03-29 15:35:15 INFO AddIdentifyResult: 28604,015633266365,-1,
2017-03-29 15:35:30 INFO AddIdentifyResult: 28605,018331018512,-1,
2017-03-29 15:35:36 INFO AddIdentifyResult: 28605,018331018512,-3,
2017-03-29 15:36:07 INFO AddIdentifyResult: 28603,015630286312,0,ver/03/29/153658_015630286312.wav
2017-03-29 15:36:08 INFO AddIdentifyResult: 28606,013001566010,-1,
2017-03-29 15:36:15 INFO AddIdentifyResult: 28606,013001566010,-3,
2017-03-29 15:36:29 INFO AddIdentifyResult: 28605,018331018512,0,ver/03/29/153720_018331018512.wav
2017-03-29 15:36:46 INFO AddIdentifyResult: 28607,015612261067,-1,
2017-03-29 15:36:50 INFO AddIdentifyResult: 28607,015612261067,-3,
2017-03-29 15:37:11 INFO AddIdentifyResult: 28608,015230469503,-1,
2017-03-29 15:37:21 INFO AddIdentifyResult: 28608,015230469503,-3,
2017-03-29 15:38:08 INFO AddIdentifyResult: 28606,013001566010,12,
2017-03-29 15:38:18 INFO AddIdentifyResult: 28606,013001566010,10,reg/013001566010_0329153758|reg/013001566010_0329153758|reg/013001566010_
2017-03-29 15:38:18 INFO UpdateUserState: 013001566010,1
2017-03-29 15:38:43 INFO AddIdentifyResult: 28607,015612261067,12,
2017-03-29 15:38:50 INFO AddIdentifyResult: 28607,015612261067,10,reg/015612261067_0329153956|reg/015612261067_0329153956|reg/015612261067_0329153833
2017-03-29 15:38:50 INFO UpdateUserState: 015612261067,1
2017-03-29 15:38:51 INFO AddIdentifyResult: 28608,015230469503,12,
2017-03-29 15:38:57 INFO AddIdentifyResult: 28609,015612261067,-1,
2017-03-29 15:38:57 INFO AddIdentifyResult: 28608,015230469503,10,reg/015230469503_0329153904|reg/015230469503_0329153904|reg/015230469503_
2017-03-29 15:38:58 INFO UpdateUserState: 015230469503,1
2017-03-29 15:39:01 INFO AddIdentifyResult: 28609,015612261067,-3,
2017-03-29 15:39:03 INFO AddIdentifyResult: 28610,015230469503,-1,
2017-03-29 15:39:10 INFO AddIdentifyResult: 28610,015230469503,-3,
2017-03-29 15:39:39 INFO AddIdentifyResult: 28611,013032070526,-1,
2017-03-29 15:39:44 INFO AddIdentifyResult: 28611,013032070526,-3,
2017-03-29 15:39:53 INFO AddIdentifyResult: 28609,015612261067,0,ver/03/29/154044_015612261067.wav
2017-03-29 15:40:03 INFO AddIdentifyResult: 28610,015230469503,0,ver/03/29/154054_015230469503.wav
2017-03-29 15:41:15 INFO AddIdentifyResult: 28612,015630239327,-1,
2017-03-29 15:41:20 INFO AddIdentifyResult: 28612,015630239327,-3,
2017-03-29 15:41:23 INFO AddIdentifyResult: 28611,013032070526,12,
2017-03-29 15:41:30 INFO AddIdentifyResult: 28611,013032070526,10,reg/013032070526_0329154128|reg/013032070526_0329154128|reg/013032070526_
2017-03-29 15:41:30 INFO UpdateUserState: 013032070526,1
2017-03-29 15:41:36 INFO AddIdentifyResult: 28613,013032070526,-1,
2017-03-29 15:41:41 INFO AddIdentifyResult: 28613,013032070526,-3,
2017-03-29 15:42:34 INFO AddIdentifyResult: 28613,013032070526,0,ver/03/29/154325_013032070526.wav
2017-03-29 15:42:46 INFO AddIdentifyResult: 28612,015630239327,12,
2017-03-29 15:42:53 INFO AddIdentifyResult: 28612,015630239327,10,reg/015630239327_0329154304|reg/015630239327_0329154304|reg/015630239327_
2017-03-29 15:42:54 INFO UpdateUserState: 015630239327,1
2017-03-29 15:43:09 INFO AddIdentifyResult: 28614,015630239327,-1,
2017-03-29 15:43:15 INFO AddIdentifyResult: 28614,015630239327,-3,
2017-03-29 15:44:08 INFO AddIdentifyResult: 28614,015630239327,0,ver/03/29/154459_015630239327.wav
2017-03-29 15:46:18 INFO AddIdentifyResult: 28615,013012907673,-1,
2017-03-29 15:47:06 INFO AddIdentifyResult: 28616,015530219636,-1,
2017-03-29 15:47:15 INFO AddIdentifyResult: 28617,013012907673,-1,
2017-03-29 15:47:16 INFO AddIdentifyResult: 0,015630862329,1,ver/03/29/154808_015630862329.wav
2017-03-29 15:47:22 INFO AddIdentifyResult: 28619,015530219636,-1,
2017-03-29 15:47:25 INFO AddIdentifyResult: 28617,013012907673,-3,
2017-03-29 15:47:27 INFO AddIdentifyResult: 28619,015530219636,-3,
2017-03-29 15:49:03 INFO AddIdentifyResult: 28617,013012907673,12,
2017-03-29 15:49:07 INFO AddIdentifyResult: 28620,013012063815,-1,
2017-03-29 15:49:08 INFO AddIdentifyResult: 28619,015530219636,12,
2017-03-29 15:49:10 INFO AddIdentifyResult: 28617,013012907673,10,reg/013012907673_0329154908|reg/013012907673_0329154908|reg/013012907673_
2017-03-29 15:49:10 INFO UpdateUserState: 013012907673,1
2017-03-29 15:49:12 INFO AddIdentifyResult: 28620,013012063815,-3,
2017-03-29 15:49:18 INFO AddIdentifyResult: 28619,015530219636,10,reg/015530219636_0329154910|reg/015530219636_0329154910|reg/015530219636_
2017-03-29 15:49:18 INFO UpdateUserState: 015530219636,1
2017-03-29 15:49:28 INFO AddIdentifyResult: 28621,015530219636,-1,
2017-03-29 15:49:32 INFO AddIdentifyResult: 28621,015530219636,-3,
2017-03-29 15:49:57 INFO AddIdentifyResult: 28622,015633237826,-1,
2017-03-29 15:50:06 INFO AddIdentifyResult: 28623,013012907673,-1,
2017-03-29 15:50:09 INFO AddIdentifyResult: 28622,015633237826,-3,
2017-03-29 15:50:13 INFO AddIdentifyResult: 28623,013012907673,-3,
2017-03-29 15:50:24 INFO AddIdentifyResult: 28621,015530219636,0,ver/03/29/155115_015530219636.wav
2017-03-29 15:50:39 INFO AddIdentifyResult: 28620,013012063815,12,
2017-03-29 15:50:46 INFO AddIdentifyResult: 28620,013012063815,10,reg/013012063815_0329155056|reg/013012063815_0329155056|reg/013012063815_
2017-03-29 15:50:46 INFO UpdateUserState: 013012063815,1
2017-03-29 15:50:51 INFO AddIdentifyResult: 28624,013012063815,-1,
2017-03-29 15:50:57 INFO AddIdentifyResult: 28624,013012063815,-3,
2017-03-29 15:51:04 INFO AddIdentifyResult: 28623,013012907673,0,ver/03/29/155156_013012907673.wav
2017-03-29 15:51:50 INFO AddIdentifyResult: 28624,013012063815,0,ver/03/29/155241_013012063815.wav
2017-03-29 15:51:57 INFO AddIdentifyResult: 28622,015633237826,12,
2017-03-29 15:52:05 INFO AddIdentifyResult: 28622,015633237826,10,reg/015633237826_0329155152|reg/015633237826_0329155152|reg/015633237826_
2017-03-29 15:52:05 INFO UpdateUserState: 015633237826,1
2017-03-29 15:52:06 INFO AddIdentifyResult: 28625,015633237826,-1,
2017-03-29 15:52:12 INFO AddIdentifyResult: 28625,015633237826,-3,
2017-03-29 15:53:05 INFO AddIdentifyResult: 28625,015633237826,0,ver/03/29/155356_015633237826.wav
2017-03-29 15:53:38 INFO AddIdentifyResult: 28626,015603215309,-1,
2017-03-29 15:53:42 INFO AddIdentifyResult: 28626,015603215309,-3,
2017-03-29 15:53:48 INFO AddIdentifyResult: 28627,013230256319,-1,
2017-03-29 15:53:56 INFO AddIdentifyResult: 28627,013230256319,-3,
2017-03-29 15:55:08 INFO AddIdentifyResult: 28626,015603215309,11,reg/015603215309_|reg/015603215309_|reg/015603215309_
2017-03-29 15:55:20 INFO AddIdentifyResult: 28627,013230256319,12,
2017-03-29 15:55:28 INFO AddIdentifyResult: 28627,013230256319,10,reg/013230256319_0329155539|reg/013230256319_0329155539|reg/013230256319_
2017-03-29 15:55:28 INFO UpdateUserState: 013230256319,1
2017-03-29 15:55:28 INFO AddIdentifyResult: 28628,015603215309,-1,
2017-03-29 15:55:37 INFO AddIdentifyResult: 28629,013230256319,-1,
2017-03-29 15:55:37 INFO AddIdentifyResult: 28628,015603215309,-3,
2017-03-29 15:56:03 INFO AddIdentifyResult: 28630,013230256319,-1,
2017-03-29 15:56:08 INFO AddIdentifyResult: 28630,013230256319,-3,
2017-03-29 15:57:01 INFO AddIdentifyResult: 28630,013230256319,0,ver/03/29/155752_013230256319.wav
2017-03-29 15:57:16 INFO AddIdentifyResult: 28628,015603215309,12,
2017-03-29 15:57:24 INFO AddIdentifyResult: 28631,013931690413,-1,
2017-03-29 15:57:24 INFO AddIdentifyResult: 28628,015603215309,10,reg/015603215309_0329155721|reg/015603215309_0329155721|reg/015603215309_
2017-03-29 15:57:24 INFO UpdateUserState: 015603215309,1
2017-03-29 15:57:32 INFO AddIdentifyResult: 28632,015603215309,-1,
2017-03-29 15:57:33 INFO AddIdentifyResult: 28631,013931690413,-3,
2017-03-29 15:57:37 INFO AddIdentifyResult: 28632,015603215309,-3,
2017-03-29 15:58:30 INFO AddIdentifyResult: 28632,015603215309,0,ver/03/29/155921_015603215309.wav
2017-03-29 15:59:46 INFO AddIdentifyResult: 28631,013931690413,12,
2017-03-29 15:59:55 INFO AddIdentifyResult: 28631,013931690413,10,reg/013931690413_0329155916|reg/013931690413_0329155916|reg/013931690413_
2017-03-29 15:59:55 INFO UpdateUserState: 013931690413,1
2017-03-29 16:00:08 INFO AddIdentifyResult: 28633,013931690413,-1,
2017-03-29 16:00:17 INFO AddIdentifyResult: 28633,013931690413,-3,
2017-03-29 16:01:08 INFO AddIdentifyResult: 28634,015531207036,-1,
2017-03-29 16:01:08 INFO AddIdentifyResult: 28633,013931690413,0,ver/03/29/160200_013931690413.wav
2017-03-29 16:01:14 INFO AddIdentifyResult: 28634,015531207036,-3,
2017-03-29 16:02:46 INFO AddIdentifyResult: 28634,015531207036,12,
2017-03-29 16:02:53 INFO AddIdentifyResult: 28634,015531207036,10,reg/015531207036_0329160257|reg/015531207036_0329160257|reg/015531207036_
2017-03-29 16:02:53 INFO UpdateUserState: 015531207036,1
2017-03-29 16:03:14 INFO AddIdentifyResult: 28635,015531207036,-1,
2017-03-29 16:03:44 INFO AddIdentifyResult: 28636,015531207036,-1,
2017-03-29 16:04:06 INFO AddIdentifyResult: 28637,015531207036,-1,
2017-03-29 16:04:27 INFO AddIdentifyResult: 28638,015531207036,-1,
2017-03-29 16:04:32 INFO AddIdentifyResult: 28638,015531207036,-3,
2017-03-29 16:05:24 INFO AddIdentifyResult: 28638,015531207036,0,ver/03/29/160616_015531207036.wav
2017-03-29 16:07:49 INFO AddIdentifyResult: 28639,013833283469,-1,
2017-03-29 16:08:00 INFO AddIdentifyResult: 28639,013833283469,-3,
2017-03-29 16:09:30 INFO AddIdentifyResult: 28639,013833283469,12,
2017-03-29 16:09:36 INFO AddIdentifyResult: 28639,013833283469,10,reg/013833283469_0329160943|reg/013833283469_0329160943|reg/013833283469_
2017-03-29 16:09:37 INFO UpdateUserState: 013833283469,1
2017-03-29 16:09:43 INFO AddIdentifyResult: 28640,013833283469,-1,
2017-03-29 16:09:51 INFO AddIdentifyResult: 28640,013833283469,-3,
2017-03-29 16:10:44 INFO AddIdentifyResult: 28640,013833283469,0,ver/03/29/161135_013833283469.wav
2017-03-29 16:12:33 INFO AddIdentifyResult: 28641,015630871506,-1,
2017-03-29 16:12:55 INFO AddIdentifyResult: 28642,015630871506,-1,
2017-03-29 16:13:14 INFO AddIdentifyResult: 28642,015630871506,-3,
2017-03-29 16:15:33 INFO AddIdentifyResult: 28642,015630871506,12,
2017-03-29 16:15:41 INFO AddIdentifyResult: 28642,015630871506,10,reg/015630871506_0329161457|reg/015630871506_0329161457|reg/015630871506_
2017-03-29 16:15:42 INFO UpdateUserState: 015630871506,1
2017-03-29 16:15:57 INFO AddIdentifyResult: 28643,015630871506,-1,
2017-03-29 16:16:07 INFO AddIdentifyResult: 28643,015630871506,-3,
2017-03-29 16:16:59 INFO AddIdentifyResult: 28643,015630871506,0,ver/03/29/161751_015630871506.wav
2017-03-29 16:25:52 INFO AddIdentifyResult: 28644,015603231829,-1,
2017-03-29 16:26:04 INFO AddIdentifyResult: 28644,015603231829,-3,
2017-03-29 16:28:22 INFO AddIdentifyResult: 28644,015603231829,12,
2017-03-29 16:28:29 INFO AddIdentifyResult: 28644,015603231829,10,reg/015603231829_0329162748|reg/015603231829_0329162748|reg/015603231829_
2017-03-29 16:28:29 INFO UpdateUserState: 015603231829,1
2017-03-29 16:28:34 INFO AddIdentifyResult: 28645,015603231829,-1,
2017-03-29 16:28:40 INFO AddIdentifyResult: 28645,015603231829,-3,
2017-03-29 16:29:32 INFO AddIdentifyResult: 28645,015603231829,0,ver/03/29/163024_015603231829.wav
2017-03-29 17:11:25 INFO AddIdentifyResult: 28646,015632208335,-1,
2017-03-29 17:11:36 INFO AddIdentifyResult: 28646,015632208335,-3,
2017-03-29 17:14:17 INFO AddIdentifyResult: 28646,015632208335,12,
2017-03-29 17:14:24 INFO AddIdentifyResult: 28646,015632208335,10,reg/015632208335_0329171528|reg/015632208335_0329171528|reg/015632208335_0329171320
2017-03-29 17:14:25 INFO UpdateUserState: 015632208335,1
2017-03-29 17:14:36 INFO AddIdentifyResult: 28647,015632208335,-1,
2017-03-29 17:14:43 INFO AddIdentifyResult: 28647,015632208335,-3,
2017-03-29 17:15:35 INFO AddIdentifyResult: 28647,015632208335,0,ver/03/29/171627_015632208335.wav
2017-03-29 17:20:00 INFO AddIdentifyResult: 28648,013203022395,-1,
2017-03-29 17:20:28 INFO AddIdentifyResult: 28649,013203022395,-1,
2017-03-29 17:20:54 INFO AddIdentifyResult: 28650,013203022395,-1,
2017-03-29 17:22:50 INFO AddIdentifyResult: 28651,01320302395,-1,
2017-03-29 17:23:46 INFO AddIdentifyResult: 28652,013103022395,-1,
2017-03-29 17:23:57 INFO AddIdentifyResult: 28652,013103022395,-3,
2017-03-29 17:25:24 INFO AddIdentifyResult: 28652,013103022395,12,
2017-03-29 17:25:31 INFO AddIdentifyResult: 28652,013103022395,10,reg/013103022395_0329172540|reg/013103022395_0329172540|reg/013103022395_
2017-03-29 17:25:31 INFO UpdateUserState: 013103022395,1
2017-03-29 17:25:40 INFO AddIdentifyResult: 28653,013103022395,-1,
2017-03-29 17:25:49 INFO AddIdentifyResult: 28653,013103022395,-3,
2017-03-29 17:26:31 INFO AddIdentifyResult: 28653,013103022395,0,ver/03/29/172733_013103022395.wav
