2017-02-19 08:46:47 INFO AddIdentifyResult: 17379,013774901386,-1,
2017-02-19 08:46:53 INFO AddIdentifyResult: 17379,013774901386,-3,
2017-02-19 08:48:30 INFO AddIdentifyResult: 17379,013774901386,12,
2017-02-19 08:48:36 INFO AddIdentifyResult: 17379,013774901386,10,reg/013774901386_0219084849|reg/013774901386_0219084849|reg/013774901386_
2017-02-19 08:48:37 INFO UpdateUserState: 013774901386,1
2017-02-19 08:48:46 INFO AddIdentifyResult: 17380,013774901386,-1,
2017-02-19 08:48:55 INFO AddIdentifyResult: 17380,013774901386,-3,
2017-02-19 08:49:46 INFO AddIdentifyResult: 17380,013774901386,0,ver/02/19/085051_013774901386.wav
2017-02-19 08:53:19 INFO AddIdentifyResult: 17381,013287331259,-1,
2017-02-19 08:53:25 INFO AddIdentifyResult: 17381,013287331259,-3,
2017-02-19 08:54:55 INFO AddIdentifyResult: 17381,013287331259,12,
2017-02-19 08:55:02 INFO AddIdentifyResult: 17381,013287331259,10,reg/013287331259_0219085617|reg/013287331259_0219085617|reg/013287331259_0219085521
2017-02-19 08:55:02 INFO UpdateUserState: 013287331259,1
2017-02-19 08:58:51 INFO AddIdentifyResult: 17382,013296473096,-1,
2017-02-19 08:58:59 INFO AddIdentifyResult: 17382,013296473096,-3,
2017-02-19 09:01:27 INFO AddIdentifyResult: 17382,013296473096,12,
2017-02-19 09:01:34 INFO AddIdentifyResult: 17382,013296473096,10,reg/013296473096_0219090246|reg/013296473096_0219090246|reg/013296473096_0219090055
2017-02-19 09:01:35 INFO UpdateUserState: 013296473096,1
2017-02-19 09:03:28 INFO AddIdentifyResult: 17383,013296479772,-1,
2017-02-19 09:03:35 INFO AddIdentifyResult: 17383,013296479772,-3,
2017-02-19 09:05:43 INFO AddIdentifyResult: 17383,013296479772,12,
2017-02-19 09:05:51 INFO AddIdentifyResult: 17383,013296479772,10,reg/013296479772_0219090531|reg/013296479772_0219090531|reg/013296479772_
2017-02-19 09:05:51 INFO UpdateUserState: 013296479772,1
2017-02-19 09:06:58 INFO AddIdentifyResult: 17384,013695469879,-1,
2017-02-19 09:07:08 INFO AddIdentifyResult: 17384,013695469879,-3,
2017-02-19 09:07:27 INFO AddIdentifyResult: 17384,013695469879,11,reg/013695469879_|reg/013695469879_|reg/013695469879_
2017-02-19 09:08:35 INFO AddIdentifyResult: 17385,013695469879,-1,
2017-02-19 09:08:45 INFO AddIdentifyResult: 17385,013695469879,-3,
2017-02-19 09:09:33 INFO AddIdentifyResult: 17385,013695469879,11,reg/013695469879_|reg/013695469879_|reg/013695469879_
2017-02-19 09:10:16 INFO AddIdentifyResult: 17386,013695469879,-1,
2017-02-19 09:10:26 INFO AddIdentifyResult: 17386,013695469879,-3,
2017-02-19 09:13:04 INFO AddIdentifyResult: 17386,013695469879,11,reg/013695469879_|reg/013695469879_|reg/013695469879_
2017-02-19 09:14:34 INFO AddIdentifyResult: 17387,013695469879,-1,
2017-02-19 09:14:45 INFO AddIdentifyResult: 17387,013695469879,-3,
2017-02-19 09:16:18 INFO AddIdentifyResult: 17387,013695469879,12,
2017-02-19 09:16:25 INFO AddIdentifyResult: 17387,013695469879,10,reg/013695469879_0219091641|reg/013695469879_0219091641|reg/013695469879_
2017-02-19 09:16:25 INFO UpdateUserState: 013695469879,1
2017-02-19 09:22:02 INFO AddIdentifyResult: 17388,013296478582,-1,
2017-02-19 09:22:16 INFO AddIdentifyResult: 17388,013296478582,-3,
2017-02-19 09:25:32 INFO AddIdentifyResult: 17388,013296478582,12,
2017-02-19 09:25:40 INFO AddIdentifyResult: 17388,013296478582,10,reg/013296478582_0219092641|reg/013296478582_0219092641|reg/013296478582_0219092412
2017-02-19 09:25:40 INFO UpdateUserState: 013296478582,1
2017-02-19 09:25:57 INFO AddIdentifyResult: 17389,015066094012,-1,
2017-02-19 09:26:07 INFO AddIdentifyResult: 17389,015066094012,-3,
2017-02-19 09:27:54 INFO AddIdentifyResult: 17389,015066094012,12,
2017-02-19 09:28:02 INFO AddIdentifyResult: 17389,015066094012,10,reg/015066094012_0219092803|reg/015066094012_0219092803|reg/015066094012_
2017-02-19 09:28:02 INFO UpdateUserState: 015066094012,1
2017-02-19 09:29:03 INFO AddIdentifyResult: 17390,015066094012,-1,
2017-02-19 09:29:15 INFO AddIdentifyResult: 17390,015066094012,-3,
2017-02-19 09:30:06 INFO AddIdentifyResult: 17390,015066094012,1,ver/02/19/093111_015066094012.wav
2017-02-19 09:30:20 INFO AddIdentifyResult: 17391,015066094012,-1,
2017-02-19 09:30:47 INFO AddIdentifyResult: 17392,015066094012,-1,
2017-02-19 09:30:56 INFO AddIdentifyResult: 17392,015066094012,-3,
2017-02-19 09:31:47 INFO AddIdentifyResult: 17392,015066094012,1,ver/02/19/093252_015066094012.wav
2017-02-19 09:32:27 INFO AddIdentifyResult: 17393,015066094012,-1,
2017-02-19 09:32:38 INFO AddIdentifyResult: 17393,015066094012,-3,
2017-02-19 09:34:10 INFO AddIdentifyResult: 17393,015066094012,12,
2017-02-19 09:34:18 INFO AddIdentifyResult: 17393,015066094012,10,reg/015066094012_0219093434|reg/015066094012_0219093434|reg/015066094012_
2017-02-19 09:34:18 INFO UpdateUserState: 015066094012,1
2017-02-19 09:34:32 INFO AddIdentifyResult: 17394,015066094012,-1,
2017-02-19 09:35:06 INFO AddIdentifyResult: 17395,015066094012,-1,
2017-02-19 09:35:16 INFO AddIdentifyResult: 17395,015066094012,-3,
2017-02-19 09:36:08 INFO AddIdentifyResult: 17395,015066094012,1,ver/02/19/093712_015066094012.wav
2017-02-19 09:37:37 INFO AddIdentifyResult: 17396,015266009006,-1,
2017-02-19 09:37:50 INFO AddIdentifyResult: 17396,015266009006,-3,
2017-02-19 09:39:33 INFO AddIdentifyResult: 17396,015266009006,12,
2017-02-19 09:39:41 INFO AddIdentifyResult: 17396,015266009006,10,reg/015266009006_0219093946|reg/015266009006_0219093946|reg/015266009006_
2017-02-19 09:39:41 INFO UpdateUserState: 015266009006,1
2017-02-19 09:39:52 INFO AddIdentifyResult: 17397,015266009006,-1,
2017-02-19 09:40:00 INFO AddIdentifyResult: 17397,015266009006,-3,
2017-02-19 09:40:52 INFO AddIdentifyResult: 17397,015266009006,0,ver/02/19/094157_015266009006.wav
2017-02-19 09:41:45 INFO AddIdentifyResult: 17398,013287388216,-1,
2017-02-19 09:41:52 INFO AddIdentifyResult: 17398,013287388216,-3,
2017-02-19 09:43:13 INFO AddIdentifyResult: 17398,013287388216,12,
2017-02-19 09:43:20 INFO AddIdentifyResult: 17398,013287388216,10,reg/013287388216_0219094348|reg/013287388216_0219094348|reg/013287388216_
2017-02-19 09:43:20 INFO UpdateUserState: 013287388216,1
2017-02-19 09:43:57 INFO AddIdentifyResult: 17399,013287388216,-1,
2017-02-19 09:44:04 INFO AddIdentifyResult: 17399,013287388216,-3,
2017-02-19 09:44:50 INFO AddIdentifyResult: 17399,013287388216,0,ver/02/19/094600_013287388216.wav
2017-02-19 09:47:26 INFO AddIdentifyResult: 17400,013287326015,-1,
2017-02-19 09:47:37 INFO AddIdentifyResult: 17400,013287326015,-3,
2017-02-19 09:49:31 INFO AddIdentifyResult: 17400,013287326015,12,
2017-02-19 09:49:39 INFO AddIdentifyResult: 17400,013287326015,10,reg/013287326015_0219095049|reg/013287326015_0219095049|reg/013287326015_0219094933
2017-02-19 09:49:39 INFO UpdateUserState: 013287326015,1
2017-02-19 09:50:08 INFO AddIdentifyResult: 17401,013287326015,-1,
2017-02-19 09:50:17 INFO AddIdentifyResult: 17401,013287326015,-3,
2017-02-19 09:51:09 INFO AddIdentifyResult: 17401,013287326015,0,ver/02/19/095213_013287326015.wav
2017-02-19 09:53:40 INFO AddIdentifyResult: 17402,013245466357,-1,
2017-02-19 09:55:24 INFO AddIdentifyResult: 17403,013245466357,-1,
2017-02-19 09:55:30 INFO AddIdentifyResult: 17403,013245466357,-3,
2017-02-19 09:57:18 INFO AddIdentifyResult: 17403,013245466357,11,reg/013245466357_|reg/013245466357_|reg/013245466357_
2017-02-19 09:57:27 INFO AddIdentifyResult: 17404,013245466357,-1,
2017-02-19 09:57:32 INFO AddIdentifyResult: 17404,013245466357,-3,
2017-02-19 09:59:59 INFO AddIdentifyResult: 17404,013245466357,12,
2017-02-19 10:00:06 INFO AddIdentifyResult: 17404,013245466357,10,reg/013245466357_0219100114|reg/013245466357_0219100114|reg/013245466357_0219095929
2017-02-19 10:00:06 INFO UpdateUserState: 013245466357,1
2017-02-19 10:00:21 INFO AddIdentifyResult: 17405,013245466357,-1,
2017-02-19 10:00:28 INFO AddIdentifyResult: 17405,013245466357,-3,
2017-02-19 10:01:19 INFO AddIdentifyResult: 17405,013245466357,0,ver/02/19/100224_013245466357.wav
2017-02-19 10:02:57 INFO AddIdentifyResult: 17406,013245462881,-1,
2017-02-19 10:03:02 INFO AddIdentifyResult: 17406,013245462881,-3,
2017-02-19 10:04:59 INFO AddIdentifyResult: 17406,013245462881,12,
2017-02-19 10:05:08 INFO AddIdentifyResult: 17406,013245462881,10,reg/013245462881_0219100458|reg/013245462881_0219100458|reg/013245462881_
2017-02-19 10:05:08 INFO UpdateUserState: 013245462881,1
2017-02-19 10:05:44 INFO AddIdentifyResult: 17407,013245462881,-1,
2017-02-19 10:05:49 INFO AddIdentifyResult: 17407,013245462881,-3,
2017-02-19 10:06:41 INFO AddIdentifyResult: 17407,013245462881,1,ver/02/19/100746_013245462881.wav
2017-02-19 10:07:21 INFO AddIdentifyResult: 17408,013245462881,-1,
2017-02-19 10:07:26 INFO AddIdentifyResult: 17408,013245462881,-3,
2017-02-19 10:09:19 INFO AddIdentifyResult: 17408,013245462881,12,
2017-02-19 10:09:27 INFO AddIdentifyResult: 17408,013245462881,10,reg/013245462881_0219100922|reg/013245462881_0219100922|reg/013245462881_
2017-02-19 10:09:27 INFO UpdateUserState: 013245462881,1
2017-02-19 10:09:34 INFO AddIdentifyResult: 17409,013245462881,-1,
2017-02-19 10:09:39 INFO AddIdentifyResult: 17409,013245462881,-3,
2017-02-19 10:10:30 INFO AddIdentifyResult: 17409,013245462881,0,ver/02/19/101135_013245462881.wav
2017-02-19 10:14:42 INFO AddIdentifyResult: 17410,013375463629,-1,
2017-02-19 10:14:56 INFO AddIdentifyResult: 17410,013375463629,-3,
2017-02-19 10:15:32 INFO AddIdentifyResult: 17410,013375463629,11,reg/013375463629_|reg/013375463629_|reg/013375463629_
2017-02-19 10:15:49 INFO AddIdentifyResult: 17411,013375463629,-1,
2017-02-19 10:15:56 INFO AddIdentifyResult: 17411,013375463629,-3,
2017-02-19 10:17:51 INFO AddIdentifyResult: 17411,013375463629,12,
2017-02-19 10:17:59 INFO AddIdentifyResult: 17411,013375463629,10,reg/013375463629_0219101903|reg/013375463629_0219101903|reg/013375463629_0219101752
2017-02-19 10:17:59 INFO UpdateUserState: 013375463629,1
2017-02-19 10:18:28 INFO AddIdentifyResult: 17412,013287328092,-1,
2017-02-19 10:18:35 INFO AddIdentifyResult: 17412,013287328092,-3,
2017-02-19 10:20:20 INFO AddIdentifyResult: 17412,013287328092,12,
2017-02-19 10:20:29 INFO AddIdentifyResult: 17412,013287328092,10,reg/013287328092_0219102031|reg/013287328092_0219102031|reg/013287328092_
2017-02-19 10:20:29 INFO UpdateUserState: 013287328092,1
2017-02-19 10:21:30 INFO AddIdentifyResult: 17413,013287328092,-1,
2017-02-19 10:21:37 INFO AddIdentifyResult: 17413,013287328092,-3,
2017-02-19 10:22:28 INFO AddIdentifyResult: 17413,013287328092,0,ver/02/19/102333_013287328092.wav
2017-02-19 10:36:45 INFO AddIdentifyResult: 17414,013245461109,-1,
2017-02-19 10:36:55 INFO AddIdentifyResult: 17414,013245461109,-3,
2017-02-19 10:38:42 INFO AddIdentifyResult: 17414,013245461109,12,
2017-02-19 10:38:49 INFO AddIdentifyResult: 17414,013245461109,10,reg/013245461109_0219103852|reg/013245461109_0219103852|reg/013245461109_
2017-02-19 10:38:49 INFO UpdateUserState: 013245461109,1
2017-02-19 10:39:08 INFO AddIdentifyResult: 17415,015215463912,-1,
2017-02-19 10:39:15 INFO AddIdentifyResult: 17415,015215463912,-3,
2017-02-19 10:40:58 INFO AddIdentifyResult: 17415,015215463912,12,
2017-02-19 10:41:05 INFO AddIdentifyResult: 17415,015215463912,10,reg/015215463912_0219104111|reg/015215463912_0219104111|reg/015215463912_
2017-02-19 10:41:06 INFO UpdateUserState: 015215463912,1
2017-02-19 10:41:42 INFO AddIdentifyResult: 17416,013245461109,-1,
2017-02-19 10:41:47 INFO AddIdentifyResult: 17416,013245461109,-3,
2017-02-19 10:42:39 INFO AddIdentifyResult: 17416,013245461109,0,ver/02/19/104344_013245461109.wav
2017-02-19 10:57:38 INFO AddIdentifyResult: 17417,013287331683,-1,
2017-02-19 10:57:44 INFO AddIdentifyResult: 17417,013287331683,-3,
2017-02-19 11:00:04 INFO AddIdentifyResult: 17417,013287331683,12,
2017-02-19 11:00:10 INFO AddIdentifyResult: 17417,013287331683,10,reg/013287331683_0219110130|reg/013287331683_0219110130|reg/013287331683_0219105941
2017-02-19 11:00:11 INFO UpdateUserState: 013287331683,1
2017-02-19 11:00:35 INFO AddIdentifyResult: 17418,013287331683,-1,
2017-02-19 11:00:52 INFO AddIdentifyResult: 17418,013287331683,-3,
2017-02-19 11:01:43 INFO AddIdentifyResult: 17418,013287331683,0,ver/02/19/110249_013287331683.wav
2017-02-19 11:13:53 INFO AddIdentifyResult: 17419,013295466859,-1,
2017-02-19 11:13:58 INFO AddIdentifyResult: 17419,013295466859,-3,
2017-02-19 11:15:49 INFO AddIdentifyResult: 17419,013295466859,12,
2017-02-19 11:15:56 INFO AddIdentifyResult: 17419,013295466859,10,reg/013295466859_0219111554|reg/013295466859_0219111554|reg/013295466859_
2017-02-19 11:15:56 INFO UpdateUserState: 013295466859,1
2017-02-19 14:33:33 INFO AddIdentifyResult: 17420,013287331665,-1,
2017-02-19 14:33:38 INFO AddIdentifyResult: 17420,013287331665,-3,
2017-02-19 14:37:00 INFO AddIdentifyResult: 17420,013287331665,11,reg/013287331665_|reg/013287331665_|reg/013287331665_
2017-02-19 14:39:47 INFO AddIdentifyResult: 17421,013296477957,-1,
2017-02-19 14:39:51 INFO AddIdentifyResult: 17421,013296477957,-3,
2017-02-19 14:40:39 INFO AddIdentifyResult: 17421,013296477957,11,reg/013296477957_|reg/013296477957_|reg/013296477957_
2017-02-19 14:41:27 INFO AddIdentifyResult: 17422,013296477957,-1,
2017-02-19 14:41:33 INFO AddIdentifyResult: 17422,013296477957,-3,
2017-02-19 14:43:27 INFO AddIdentifyResult: 17422,013296477957,12,
2017-02-19 14:43:35 INFO AddIdentifyResult: 17422,013296477957,10,reg/013296477957_0219144447|reg/013296477957_0219144447|reg/013296477957_0219144330
2017-02-19 14:43:35 INFO UpdateUserState: 013296477957,1
2017-02-19 14:48:58 INFO AddIdentifyResult: 17423,013245465273,-1,
2017-02-19 14:55:40 INFO AddIdentifyResult: 17424,013245465273,-1,
2017-02-19 14:56:04 INFO AddIdentifyResult: 17424,013245465273,-3,
2017-02-19 14:57:45 INFO AddIdentifyResult: 17424,013245465273,12,
2017-02-19 14:57:54 INFO AddIdentifyResult: 17424,013245465273,10,reg/013245465273_0219145904|reg/013245465273_0219145904|reg/013245465273_0219145801
2017-02-19 14:57:54 INFO UpdateUserState: 013245465273,1
2017-02-19 14:58:18 INFO AddIdentifyResult: 17425,013905461685,-1,
2017-02-19 14:59:31 INFO AddIdentifyResult: 17426,013905461685,-1,
2017-02-19 15:00:41 INFO AddIdentifyResult: 17427,013905461685,-1,
2017-02-19 15:00:52 INFO AddIdentifyResult: 17427,013905461685,-3,
2017-02-19 15:02:28 INFO AddIdentifyResult: 17427,013905461685,12,
2017-02-19 15:02:36 INFO AddIdentifyResult: 17427,013905461685,10,reg/013905461685_0219150249|reg/013905461685_0219150249|reg/013905461685_
2017-02-19 15:02:36 INFO UpdateUserState: 013905461685,1
2017-02-19 15:04:36 INFO AddIdentifyResult: 17428,013905461685,-1,
2017-02-19 15:04:43 INFO AddIdentifyResult: 17428,013905461685,-3,
2017-02-19 15:05:35 INFO AddIdentifyResult: 17428,013905461685,0,ver/02/19/150641_013905461685.wav
2017-02-19 15:10:36 INFO AddIdentifyResult: 17429,013287331665,-1,
2017-02-19 15:10:44 INFO AddIdentifyResult: 17429,013287331665,-3,
2017-02-19 15:13:17 INFO AddIdentifyResult: 17429,013287331665,12,
2017-02-19 15:13:24 INFO AddIdentifyResult: 17429,013287331665,10,reg/013287331665_0219151425|reg/013287331665_0219151425|reg/013287331665_0219151241
2017-02-19 15:13:24 INFO UpdateUserState: 013287331665,1
2017-02-19 15:14:35 INFO AddIdentifyResult: 17430,013287331665,-1,
2017-02-19 15:14:41 INFO AddIdentifyResult: 17430,013287331665,-3,
2017-02-19 15:15:33 INFO AddIdentifyResult: 17430,013287331665,0,ver/02/19/151639_013287331665.wav
