2017-02-18 08:43:16 INFO AddIdentifyResult: 17311,018766737434,-1,
2017-02-18 08:43:24 INFO AddIdentifyResult: 17311,018766737434,-3,
2017-02-18 08:44:59 INFO AddIdentifyResult: 17311,018766737434,12,
2017-02-18 08:45:06 INFO AddIdentifyResult: 17311,018766737434,10,reg/018766737434_0218084515|reg/018766737434_0218084515|reg/018766737434_
2017-02-18 08:45:06 INFO UpdateUserState: 018766737434,1
2017-02-18 08:45:29 INFO AddIdentifyResult: 17312,018766737434,-1,
2017-02-18 08:45:36 INFO AddIdentifyResult: 17312,018766737434,-3,
2017-02-18 08:46:28 INFO AddIdentifyResult: 17312,018766737434,0,ver/02/18/084728_018766737434.wav
2017-02-18 08:46:53 INFO AddIdentifyResult: 17313,013290312905,-1,
2017-02-18 08:47:00 INFO AddIdentifyResult: 17313,013290312905,-3,
2017-02-18 08:49:13 INFO AddIdentifyResult: 17313,013290312905,12,
2017-02-18 08:49:21 INFO AddIdentifyResult: 17313,013290312905,10,reg/013290312905_0218084851|reg/013290312905_0218084851|reg/013290312905_
2017-02-18 08:49:21 INFO UpdateUserState: 013290312905,1
2017-02-18 08:53:42 INFO AddIdentifyResult: 17314,013295469352,-1,
2017-02-18 08:53:50 INFO AddIdentifyResult: 17314,013295469352,-3,
2017-02-18 08:56:15 INFO AddIdentifyResult: 17314,013295469352,12,
2017-02-18 08:56:26 INFO AddIdentifyResult: 17314,013295469352,10,reg/013295469352_0218085541|reg/013295469352_0218085541|reg/013295469352_
2017-02-18 08:56:26 INFO UpdateUserState: 013295469352,1
2017-02-18 08:56:45 INFO AddIdentifyResult: 17315,013296479360,-1,
2017-02-18 08:57:00 INFO AddIdentifyResult: 17316,013295469352,-1,
2017-02-18 08:57:07 INFO AddIdentifyResult: 17316,013295469352,-3,
2017-02-18 08:57:59 INFO AddIdentifyResult: 17316,013295469352,0,ver/02/18/085859_013295469352.wav
2017-02-18 09:03:50 INFO AddIdentifyResult: 17317,013296479360,-1,
2017-02-18 09:04:00 INFO AddIdentifyResult: 17317,013296479360,-3,
2017-02-18 09:05:33 INFO AddIdentifyResult: 17317,013296479360,12,
2017-02-18 09:05:40 INFO AddIdentifyResult: 17317,013296479360,10,reg/013296479360_0218090653|reg/013296479360_0218090653|reg/013296479360_0218090551
2017-02-18 09:05:40 INFO UpdateUserState: 013296479360,1
2017-02-18 09:06:23 INFO AddIdentifyResult: 17318,015865984912,-1,
2017-02-18 09:06:33 INFO AddIdentifyResult: 17318,015865984912,-3,
2017-02-18 09:07:53 INFO AddIdentifyResult: 17318,015865984912,12,
2017-02-18 09:08:00 INFO AddIdentifyResult: 17318,015865984912,10,reg/015865984912_0218090825|reg/015865984912_0218090825|reg/015865984912_
2017-02-18 09:08:00 INFO UpdateUserState: 015865984912,1
2017-02-18 09:08:51 INFO AddIdentifyResult: 17319,013296479360,-1,
2017-02-18 09:08:57 INFO AddIdentifyResult: 17319,013296479360,-3,
2017-02-18 09:09:50 INFO AddIdentifyResult: 17319,013296479360,0,ver/02/18/091049_013296479360.wav
2017-02-18 09:11:08 INFO AddIdentifyResult: 17320,013287378031,-1,
2017-02-18 09:11:14 INFO AddIdentifyResult: 17320,013287378031,-3,
2017-02-18 09:12:40 INFO AddIdentifyResult: 17320,013287378031,12,
2017-02-18 09:12:47 INFO AddIdentifyResult: 17320,013287378031,10,reg/013287378031_0218091305|reg/013287378031_0218091305|reg/013287378031_
2017-02-18 09:12:47 INFO UpdateUserState: 013287378031,1
2017-02-18 09:13:05 INFO AddIdentifyResult: 17321,013287378031,-1,
2017-02-18 09:13:13 INFO AddIdentifyResult: 17321,013287378031,-3,
2017-02-18 09:13:40 INFO AddIdentifyResult: 17322,013296478397,-1,
2017-02-18 09:13:46 INFO AddIdentifyResult: 17322,013296478397,-3,
2017-02-18 09:14:05 INFO AddIdentifyResult: 17321,013287378031,0,ver/02/18/091505_013287378031.wav
2017-02-18 09:15:39 INFO AddIdentifyResult: 17322,013296478397,12,
2017-02-18 09:15:46 INFO AddIdentifyResult: 17322,013296478397,10,reg/013296478397_0218091655|reg/013296478397_0218091655|reg/013296478397_0218091537
2017-02-18 09:15:46 INFO UpdateUserState: 013296478397,1
2017-02-18 09:16:07 INFO AddIdentifyResult: 17323,013296478397,-1,
2017-02-18 09:16:13 INFO AddIdentifyResult: 17323,013296478397,-3,
2017-02-18 09:17:05 INFO AddIdentifyResult: 17323,013296478397,0,ver/02/18/091805_013296478397.wav
2017-02-18 09:27:39 INFO AddIdentifyResult: 17324,013287386893,-1,
2017-02-18 09:27:50 INFO AddIdentifyResult: 17324,013287386893,-3,
2017-02-18 09:30:06 INFO AddIdentifyResult: 17324,013287386893,12,
2017-02-18 09:30:17 INFO AddIdentifyResult: 17324,013287386893,10,reg/013287386893_0218092942|reg/013287386893_0218092942|reg/013287386893_
2017-02-18 09:30:17 INFO UpdateUserState: 013287386893,1
2017-02-18 09:30:21 INFO AddIdentifyResult: 17325,013287386893,-1,
2017-02-18 09:30:30 INFO AddIdentifyResult: 17325,013287386893,-3,
2017-02-18 09:31:22 INFO AddIdentifyResult: 17325,013287386893,0,ver/02/18/093222_013287386893.wav
2017-02-18 09:34:07 INFO AddIdentifyResult: 17326,013287382809,-1,
2017-02-18 09:34:12 INFO AddIdentifyResult: 17326,013287382809,-3,
2017-02-18 09:35:34 INFO AddIdentifyResult: 17326,013287382809,12,
2017-02-18 09:35:42 INFO AddIdentifyResult: 17326,013287382809,10,reg/013287382809_0218093604|reg/013287382809_0218093604|reg/013287382809_
2017-02-18 09:35:42 INFO UpdateUserState: 013287382809,1
2017-02-18 09:41:51 INFO AddIdentifyResult: 17327,015066043368,-1,
2017-02-18 09:41:59 INFO AddIdentifyResult: 17327,015066043368,-3,
2017-02-18 09:43:27 INFO AddIdentifyResult: 17327,015066043368,12,
2017-02-18 09:43:34 INFO AddIdentifyResult: 17327,015066043368,10,reg/015066043368_0218094350|reg/015066043368_0218094350|reg/015066043368_
2017-02-18 09:43:34 INFO UpdateUserState: 015066043368,1
2017-02-18 09:43:49 INFO AddIdentifyResult: 17328,015066043368,-1,
2017-02-18 09:44:14 INFO AddIdentifyResult: 17329,013287382870,-1,
2017-02-18 09:44:25 INFO AddIdentifyResult: 17330,015066043368,-1,
2017-02-18 09:44:39 INFO AddIdentifyResult: 17330,015066043368,-3,
2017-02-18 09:45:31 INFO AddIdentifyResult: 17330,015066043368,0,ver/02/18/094631_015066043368.wav
2017-02-18 09:46:04 INFO AddIdentifyResult: 17331,013287382870,-1,
2017-02-18 09:46:10 INFO AddIdentifyResult: 17331,013287382870,-3,
2017-02-18 09:47:01 INFO AddIdentifyResult: 17331,013287382870,11,reg/013287382870_|reg/013287382870_|reg/013287382870_
2017-02-18 09:47:02 INFO AddIdentifyResult: 17332,013287382870,-1,
2017-02-18 09:47:07 INFO AddIdentifyResult: 17332,013287382870,-3,
2017-02-18 09:49:02 INFO AddIdentifyResult: 17332,013287382870,12,
2017-02-18 09:49:09 INFO AddIdentifyResult: 17332,013287382870,10,reg/013287382870_0218094859|reg/013287382870_0218094859|reg/013287382870_
2017-02-18 09:49:10 INFO UpdateUserState: 013287382870,1
2017-02-18 09:55:05 INFO AddIdentifyResult: 17333,013295467319,-1,
2017-02-18 09:55:12 INFO AddIdentifyResult: 17333,013295467319,-3,
2017-02-18 09:56:59 INFO AddIdentifyResult: 17333,013295467319,12,
2017-02-18 09:57:06 INFO AddIdentifyResult: 17333,013295467319,10,reg/013295467319_0218095704|reg/013295467319_0218095704|reg/013295467319_
2017-02-18 09:57:06 INFO UpdateUserState: 013295467319,1
2017-02-18 09:59:07 INFO AddIdentifyResult: 17334,013287382956,-1,
2017-02-18 09:59:13 INFO AddIdentifyResult: 17334,013287382956,-3,
2017-02-18 10:01:21 INFO AddIdentifyResult: 17334,013287382956,12,
2017-02-18 10:01:28 INFO AddIdentifyResult: 17334,013287382956,10,reg/013287382956_0218100244|reg/013287382956_0218100244|reg/013287382956_0218100104
2017-02-18 10:01:29 INFO UpdateUserState: 013287382956,1
2017-02-18 10:05:01 INFO AddIdentifyResult: 17335,013290310536,-1,
2017-02-18 10:05:06 INFO AddIdentifyResult: 17335,013290310536,-3,
2017-02-18 10:06:55 INFO AddIdentifyResult: 17335,013290310536,12,
2017-02-18 10:07:03 INFO AddIdentifyResult: 17335,013290310536,10,reg/013290310536_0218100658|reg/013290310536_0218100658|reg/013290310536_
2017-02-18 10:07:03 INFO UpdateUserState: 013290310536,1
2017-02-18 10:09:51 INFO AddIdentifyResult: 17336,015318310902,-1,
2017-02-18 10:10:01 INFO AddIdentifyResult: 17336,015318310902,-3,
2017-02-18 10:12:06 INFO AddIdentifyResult: 17336,015318310902,12,
2017-02-18 10:12:13 INFO AddIdentifyResult: 17336,015318310902,10,reg/015318310902_0218101153|reg/015318310902_0218101153|reg/015318310902_
2017-02-18 10:12:14 INFO UpdateUserState: 015318310902,1
2017-02-18 10:12:30 INFO AddIdentifyResult: 17337,013287388795,-1,
2017-02-18 10:12:38 INFO AddIdentifyResult: 17337,013287388795,-3,
2017-02-18 10:12:40 INFO AddIdentifyResult: 17338,013287325506,-1,
2017-02-18 10:12:46 INFO AddIdentifyResult: 17338,013287325506,-3,
2017-02-18 10:14:06 INFO AddIdentifyResult: 17337,013287388795,12,
2017-02-18 10:14:14 INFO AddIdentifyResult: 17337,013287388795,10,reg/013287388795_0218101430|reg/013287388795_0218101430|reg/013287388795_
2017-02-18 10:14:14 INFO UpdateUserState: 013287388795,1
2017-02-18 10:14:30 INFO AddIdentifyResult: 17339,013287388795,-1,
2017-02-18 10:14:39 INFO AddIdentifyResult: 17339,013287388795,-3,
2017-02-18 10:14:44 INFO AddIdentifyResult: 17338,013287325506,12,
2017-02-18 10:14:52 INFO AddIdentifyResult: 17338,013287325506,10,reg/013287325506_0218101552|reg/013287325506_0218101552|reg/013287325506_0218101438
2017-02-18 10:14:52 INFO UpdateUserState: 013287325506,1
2017-02-18 10:15:31 INFO AddIdentifyResult: 17339,013287388795,0,ver/02/18/101631_013287388795.wav
2017-02-18 10:16:14 INFO AddIdentifyResult: 17340,015318310902,-1,
2017-02-18 10:16:24 INFO AddIdentifyResult: 17340,015318310902,-3,
2017-02-18 10:17:15 INFO AddIdentifyResult: 17340,015318310902,0,ver/02/18/101816_015318310902.wav
2017-02-18 10:35:42 INFO AddIdentifyResult: 17341,013287325629,-1,
2017-02-18 10:35:48 INFO AddIdentifyResult: 17341,013287325629,-3,
2017-02-18 10:37:23 INFO AddIdentifyResult: 17341,013287325629,12,
2017-02-18 10:37:30 INFO AddIdentifyResult: 17341,013287325629,10,reg/013287325629_0218103740|reg/013287325629_0218103740|reg/013287325629_
2017-02-18 10:37:31 INFO UpdateUserState: 013287325629,1
2017-02-18 10:39:32 INFO AddIdentifyResult: 17342,013295466550,-1,
2017-02-18 10:39:38 INFO AddIdentifyResult: 17342,013295466550,-3,
2017-02-18 10:41:49 INFO AddIdentifyResult: 17342,013295466550,12,
2017-02-18 10:41:56 INFO AddIdentifyResult: 17342,013295466550,10,reg/013295466550_0218104314|reg/013295466550_0218104314|reg/013295466550_0218104130
2017-02-18 10:41:56 INFO UpdateUserState: 013295466550,1
2017-02-18 10:42:12 INFO AddIdentifyResult: 17343,013295466550,-1,
2017-02-18 10:42:18 INFO AddIdentifyResult: 17343,013295466550,-3,
2017-02-18 10:43:09 INFO AddIdentifyResult: 17343,013295466550,0,ver/02/18/104410_013295466550.wav
2017-02-18 10:43:50 INFO AddIdentifyResult: 17344,013563391490,-1,
2017-02-18 10:43:57 INFO AddIdentifyResult: 17344,013563391490,-3,
2017-02-18 10:44:52 INFO AddIdentifyResult: 17344,013563391490,11,reg/013563391490_|reg/013563391490_|reg/013563391490_
2017-02-18 10:45:29 INFO AddIdentifyResult: 17345,013563391490,-1,
2017-02-18 10:45:36 INFO AddIdentifyResult: 17345,013563391490,-3,
2017-02-18 10:48:55 INFO AddIdentifyResult: 17345,013563391490,12,
2017-02-18 10:49:02 INFO AddIdentifyResult: 17345,013563391490,10,reg/013563391490_0218105003|reg/013563391490_0218105003|reg/013563391490_0218104728
2017-02-18 10:49:02 INFO UpdateUserState: 013563391490,1
2017-02-18 10:51:45 INFO AddIdentifyResult: 17346,013287388162,-1,
2017-02-18 10:51:50 INFO AddIdentifyResult: 17346,013287388162,-3,
2017-02-18 10:53:06 INFO AddIdentifyResult: 17347,013287329082,-1,
2017-02-18 10:53:15 INFO AddIdentifyResult: 17347,013287329082,-3,
2017-02-18 10:53:54 INFO AddIdentifyResult: 17347,013287329082,11,reg/013287329082_|reg/013287329082_|reg/013287329082_
2017-02-18 10:54:27 INFO AddIdentifyResult: 17346,013287388162,12,
2017-02-18 10:54:34 INFO AddIdentifyResult: 17348,013287329082,-1,
2017-02-18 10:54:34 INFO AddIdentifyResult: 17346,013287388162,10,reg/013287388162_0218105342|reg/013287388162_0218105342|reg/013287388162_
2017-02-18 10:54:34 INFO UpdateUserState: 013287388162,1
2017-02-18 10:54:41 INFO AddIdentifyResult: 17348,013287329082,-3,
2017-02-18 10:55:00 INFO AddIdentifyResult: 17349,013287388162,-1,
2017-02-18 10:55:06 INFO AddIdentifyResult: 17349,013287388162,-3,
2017-02-18 10:55:58 INFO AddIdentifyResult: 17349,013287388162,0,ver/02/18/105659_013287388162.wav
2017-02-18 10:56:24 INFO AddIdentifyResult: 17348,013287329082,12,
2017-02-18 10:56:31 INFO AddIdentifyResult: 17348,013287329082,10,reg/013287329082_0218105743|reg/013287329082_0218105743|reg/013287329082_0218105633
2017-02-18 10:56:31 INFO UpdateUserState: 013287329082,1
2017-02-18 10:57:00 INFO AddIdentifyResult: 17350,013705463841,-1,
2017-02-18 10:57:11 INFO AddIdentifyResult: 17350,013705463841,-3,
2017-02-18 10:57:49 INFO AddIdentifyResult: 17351,013296472759,-1,
2017-02-18 10:57:55 INFO AddIdentifyResult: 17351,013296472759,-3,
2017-02-18 10:59:09 INFO AddIdentifyResult: 17350,013705463841,12,
2017-02-18 10:59:17 INFO AddIdentifyResult: 17350,013705463841,10,reg/013705463841_0218110017|reg/013705463841_0218110017|reg/013705463841_0218105902
2017-02-18 10:59:17 INFO UpdateUserState: 013705463841,1
2017-02-18 11:00:06 INFO AddIdentifyResult: 17351,013296472759,12,
2017-02-18 11:00:14 INFO AddIdentifyResult: 17351,013296472759,10,reg/013296472759_0218105947|reg/013296472759_0218105947|reg/013296472759_
2017-02-18 11:00:15 INFO UpdateUserState: 013296472759,1
2017-02-18 11:00:18 INFO AddIdentifyResult: 17352,013705463841,-1,
2017-02-18 11:00:29 INFO AddIdentifyResult: 17352,013705463841,-3,
2017-02-18 11:01:20 INFO AddIdentifyResult: 17352,013705463841,0,ver/02/18/110221_013705463841.wav
2017-02-18 11:43:53 INFO AddIdentifyResult: 17353,013245463559,-1,
2017-02-18 11:44:00 INFO AddIdentifyResult: 17353,013245463559,-3,
2017-02-18 11:45:27 INFO AddIdentifyResult: 17353,013245463559,12,
2017-02-18 11:45:34 INFO AddIdentifyResult: 17353,013245463559,10,reg/013245463559_0218114552|reg/013245463559_0218114552|reg/013245463559_
2017-02-18 11:45:34 INFO UpdateUserState: 013245463559,1
2017-02-18 11:46:21 INFO AddIdentifyResult: 17354,013245463559,-1,
2017-02-18 11:46:27 INFO AddIdentifyResult: 17354,013245463559,-3,
2017-02-18 11:47:19 INFO AddIdentifyResult: 17354,013245463559,0,ver/02/18/114820_013245463559.wav
2017-02-18 13:19:51 INFO AddIdentifyResult: 17355,013295466550,-1,
2017-02-18 13:19:58 INFO AddIdentifyResult: 17355,013295466550,-3,
2017-02-18 13:20:43 INFO AddIdentifyResult: 17356,013706475151,-1,
2017-02-18 13:21:00 INFO AddIdentifyResult: 17356,013706475151,-3,
2017-02-18 13:21:34 INFO AddIdentifyResult: 17355,013295466550,12,
2017-02-18 13:21:41 INFO AddIdentifyResult: 17355,013295466550,10,reg/013295466550_0218132150|reg/013295466550_0218132150|reg/013295466550_
2017-02-18 13:21:42 INFO UpdateUserState: 013295466550,1
2017-02-18 13:25:40 INFO AddIdentifyResult: 17357,013287330683,-1,
2017-02-18 13:25:45 INFO AddIdentifyResult: 17357,013287330683,-3,
2017-02-18 13:25:55 INFO AddIdentifyResult: 17356,013706475151,12,
2017-02-18 13:26:16 INFO AddIdentifyResult: 17356,013706475151,10,reg/013706475151_0218132252|reg/013706475151_0218132252|reg/013706475151_
2017-02-18 13:26:16 INFO UpdateUserState: 013706475151,1
2017-02-18 13:27:14 INFO AddIdentifyResult: 17357,013287330683,12,
2017-02-18 13:27:21 INFO AddIdentifyResult: 17357,013287330683,10,reg/013287330683_0218132737|reg/013287330683_0218132737|reg/013287330683_
2017-02-18 13:27:21 INFO UpdateUserState: 013287330683,1
2017-02-18 13:27:45 INFO AddIdentifyResult: 17358,013287330683,-1,
2017-02-18 13:27:50 INFO AddIdentifyResult: 17358,013287330683,-3,
2017-02-18 13:28:42 INFO AddIdentifyResult: 17358,013287330683,0,ver/02/18/132943_013287330683.wav
2017-02-18 13:30:13 INFO AddIdentifyResult: 17359,015205463830,-1,
2017-02-18 13:30:29 INFO AddIdentifyResult: 17359,015205463830,-3,
2017-02-18 13:30:56 INFO AddIdentifyResult: 17359,015205463830,11,reg/015205463830_|reg/015205463830_|reg/015205463830_
2017-02-18 13:31:18 INFO AddIdentifyResult: 17360,015205463830,-1,
2017-02-18 13:31:28 INFO AddIdentifyResult: 17360,015205463830,-3,
2017-02-18 13:32:10 INFO AddIdentifyResult: 17360,015205463830,11,reg/015205463830_|reg/015205463830_|reg/015205463830_
2017-02-18 13:32:28 INFO AddIdentifyResult: 17361,015205463830,-1,
2017-02-18 13:32:38 INFO AddIdentifyResult: 17361,015205463830,-3,
2017-02-18 13:34:17 INFO AddIdentifyResult: 17361,015205463830,12,
2017-02-18 13:34:24 INFO AddIdentifyResult: 17361,015205463830,10,reg/015205463830_0218133526|reg/015205463830_0218133526|reg/015205463830_0218133431
2017-02-18 13:34:25 INFO UpdateUserState: 015205463830,1
2017-02-18 13:35:11 INFO AddIdentifyResult: 17362,013287375262,-1,
2017-02-18 13:35:19 INFO AddIdentifyResult: 17362,013287375262,-3,
2017-02-18 13:37:11 INFO AddIdentifyResult: 17362,013287375262,12,
2017-02-18 13:37:18 INFO AddIdentifyResult: 17362,013287375262,10,reg/013287375262_0218133816|reg/013287375262_0218133816|reg/013287375262_0218133711
2017-02-18 13:37:18 INFO UpdateUserState: 013287375262,1
2017-02-18 13:55:35 INFO AddIdentifyResult: 17363,013287372326,-1,
2017-02-18 13:55:44 INFO AddIdentifyResult: 17363,013287372326,-3,
2017-02-18 13:57:50 INFO AddIdentifyResult: 17363,013287372326,12,
2017-02-18 13:57:57 INFO AddIdentifyResult: 17363,013287372326,10,reg/013287372326_0218135736|reg/013287372326_0218135736|reg/013287372326_
2017-02-18 13:57:57 INFO UpdateUserState: 013287372326,1
2017-02-18 13:58:04 INFO AddIdentifyResult: 17364,013287328597,-1,
2017-02-18 13:58:48 INFO AddIdentifyResult: 17365,013465278027,-1,
2017-02-18 13:58:56 INFO AddIdentifyResult: 17365,013465278027,-3,
2017-02-18 14:01:23 INFO AddIdentifyResult: 17365,013465278027,12,
2017-02-18 14:01:31 INFO AddIdentifyResult: 17365,013465278027,10,reg/013465278027_0218140227|reg/013465278027_0218140227|reg/013465278027_0218140049
2017-02-18 14:01:31 INFO UpdateUserState: 013465278027,1
2017-02-18 14:02:29 INFO AddIdentifyResult: 17366,013287328597,-1,
2017-02-18 14:02:41 INFO AddIdentifyResult: 17366,013287328597,-3,
2017-02-18 14:03:22 INFO AddIdentifyResult: 17366,013287328597,11,reg/013287328597_|reg/013287328597_|reg/013287328597_
2017-02-18 14:03:40 INFO AddIdentifyResult: 17367,013287328597,-1,
2017-02-18 14:03:43 INFO AddIdentifyResult: 17367,013287328597,-3,
2017-02-18 14:05:33 INFO AddIdentifyResult: 17367,013287328597,12,
2017-02-18 14:05:41 INFO AddIdentifyResult: 17367,013287328597,10,reg/013287328597_0218140535|reg/013287328597_0218140535|reg/013287328597_
2017-02-18 14:05:41 INFO UpdateUserState: 013287328597,1
2017-02-18 14:06:34 INFO AddIdentifyResult: 17368,013287328597,-1,
2017-02-18 14:06:40 INFO AddIdentifyResult: 17368,013287328597,-3,
2017-02-18 14:07:13 INFO AddIdentifyResult: 17369,013287375731,-1,
2017-02-18 14:07:19 INFO AddIdentifyResult: 17369,013287375731,-3,
2017-02-18 14:07:32 INFO AddIdentifyResult: 17368,013287328597,0,ver/02/18/140833_013287328597.wav
2017-02-18 14:08:52 INFO AddIdentifyResult: 17369,013287375731,12,
2017-02-18 14:08:59 INFO AddIdentifyResult: 17369,013287375731,10,reg/013287375731_0218140911|reg/013287375731_0218140911|reg/013287375731_
2017-02-18 14:09:00 INFO UpdateUserState: 013287375731,1
2017-02-18 14:10:15 INFO AddIdentifyResult: 17370,013287375731,-1,
2017-02-18 14:10:23 INFO AddIdentifyResult: 17370,013287375731,-3,
2017-02-18 14:11:15 INFO AddIdentifyResult: 17370,013287375731,0,ver/02/18/141216_013287375731.wav
2017-02-18 14:17:45 INFO AddIdentifyResult: 17371,013287370320,-1,
2017-02-18 14:17:52 INFO AddIdentifyResult: 17371,013287370320,-3,
2017-02-18 14:19:55 INFO AddIdentifyResult: 17371,013287370320,12,
2017-02-18 14:20:05 INFO AddIdentifyResult: 17371,013287370320,10,reg/013287370320_0218142100|reg/013287370320_0218142100|reg/013287370320_0218141945
2017-02-18 14:20:05 INFO UpdateUserState: 013287370320,1
2017-02-18 14:21:05 INFO AddIdentifyResult: 17372,013287370320,-1,
2017-02-18 14:21:11 INFO AddIdentifyResult: 17372,013287370320,-3,
2017-02-18 14:22:03 INFO AddIdentifyResult: 17372,013287370320,0,ver/02/18/142304_013287370320.wav
2017-02-18 14:57:47 INFO AddIdentifyResult: 17373,013287386585,-1,
2017-02-18 14:57:53 INFO AddIdentifyResult: 17373,013287386585,-3,
2017-02-18 14:58:26 INFO AddIdentifyResult: 17373,013287386585,11,reg/013287386585_|reg/013287386585_|reg/013287386585_
2017-02-18 14:58:36 INFO AddIdentifyResult: 17374,013287386585,-1,
2017-02-18 14:58:42 INFO AddIdentifyResult: 17374,013287386585,-3,
2017-02-18 14:59:56 INFO AddIdentifyResult: 17375,013245463129,-1,
2017-02-18 15:00:07 INFO AddIdentifyResult: 17375,013245463129,-3,
2017-02-18 15:00:08 INFO AddIdentifyResult: 17374,013287386585,12,
2017-02-18 15:00:15 INFO AddIdentifyResult: 17374,013287386585,10,reg/013287386585_0218150035|reg/013287386585_0218150035|reg/013287386585_
2017-02-18 15:00:16 INFO UpdateUserState: 013287386585,1
2017-02-18 15:02:46 INFO AddIdentifyResult: 17375,013245463129,12,
2017-02-18 15:02:55 INFO AddIdentifyResult: 17375,013245463129,10,reg/013245463129_0218150200|reg/013245463129_0218150200|reg/013245463129_
2017-02-18 15:02:55 INFO UpdateUserState: 013245463129,1
2017-02-18 15:03:10 INFO AddIdentifyResult: 17376,013245463129,-1,
2017-02-18 15:03:19 INFO AddIdentifyResult: 17376,013245463129,-3,
2017-02-18 15:04:10 INFO AddIdentifyResult: 17376,013245463129,1,ver/02/18/150512_013245463129.wav
2017-02-18 15:04:38 INFO AddIdentifyResult: 17377,013245463129,-1,
2017-02-18 15:04:44 INFO AddIdentifyResult: 17377,013245463129,-3,
2017-02-18 15:05:36 INFO AddIdentifyResult: 17377,013245463129,0,ver/02/18/150637_013245463129.wav
2017-02-18 15:06:30 INFO AddIdentifyResult: 17378,013296472557,-1,
2017-02-18 15:06:36 INFO AddIdentifyResult: 17378,013296472557,-3,
2017-02-18 15:08:54 INFO AddIdentifyResult: 17378,013296472557,12,
2017-02-18 15:09:02 INFO AddIdentifyResult: 17378,013296472557,10,reg/013296472557_0218150953|reg/013296472557_0218150953|reg/013296472557_0218150829
2017-02-18 15:09:02 INFO UpdateUserState: 013296472557,1
