2017-02-06 08:58:10 INFO AddIdentifyResult: 15289,018972930435,-1,
2017-02-06 08:59:25 INFO AddIdentifyResult: 15290,013051706914,-1,
2017-02-06 08:59:37 INFO AddIdentifyResult: 15290,013051706914,-3,
2017-02-06 09:00:33 INFO AddIdentifyResult: 15291,018972930435,-1,
2017-02-06 09:00:44 INFO AddIdentifyResult: 15291,018972930435,-3,
2017-02-06 09:01:09 INFO AddIdentifyResult: 15290,013051706914,12,
2017-02-06 09:01:16 INFO AddIdentifyResult: 15290,013051706914,10,reg/013051706914_0206090135|reg/013051706914_0206090135|reg/013051706914_
2017-02-06 09:01:16 INFO UpdateUserState: 013051706914,1
2017-02-06 09:01:59 INFO AddIdentifyResult: 15292,013051706914,-1,
2017-02-06 09:02:12 INFO AddIdentifyResult: 15292,013051706914,-3,
2017-02-06 09:03:05 INFO AddIdentifyResult: 15292,013051706914,0,ver/02/06/090412_013051706914.wav
2017-02-06 09:03:23 INFO AddIdentifyResult: 15291,018972930435,12,
2017-02-06 09:03:32 INFO AddIdentifyResult: 15291,018972930435,10,reg/018972930435_0206090243|reg/018972930435_0206090243|reg/018972930435_
2017-02-06 09:03:33 INFO UpdateUserState: 018972930435,1
2017-02-06 09:03:51 INFO AddIdentifyResult: 15293,018972930435,-1,
2017-02-06 09:03:58 INFO AddIdentifyResult: 15293,018972930435,-3,
2017-02-06 09:04:51 INFO AddIdentifyResult: 15293,018972930435,0,ver/02/06/090558_018972930435.wav
2017-02-06 09:15:50 INFO AddIdentifyResult: 15294,013287387816,-1,
2017-02-06 09:15:59 INFO AddIdentifyResult: 15294,013287387816,-3,
2017-02-06 09:18:19 INFO AddIdentifyResult: 15294,013287387816,12,
2017-02-06 09:18:26 INFO AddIdentifyResult: 15294,013287387816,10,reg/013287387816_0206091758|reg/013287387816_0206091758|reg/013287387816_
2017-02-06 09:18:27 INFO UpdateUserState: 013287387816,1
2017-02-06 09:18:35 INFO AddIdentifyResult: 15295,015066042216,-1,
2017-02-06 09:18:43 INFO AddIdentifyResult: 15295,015066042216,-3,
2017-02-06 09:21:08 INFO AddIdentifyResult: 15295,015066042216,12,
2017-02-06 09:21:15 INFO AddIdentifyResult: 15295,015066042216,10,reg/015066042216_0206092042|reg/015066042216_0206092042|reg/015066042216_
2017-02-06 09:21:15 INFO UpdateUserState: 015066042216,1
2017-02-06 09:21:26 INFO AddIdentifyResult: 15296,013287387816,-1,
2017-02-06 09:21:33 INFO AddIdentifyResult: 15296,013287387816,-3,
2017-02-06 09:22:25 INFO AddIdentifyResult: 15296,013287387816,0,ver/02/06/092333_013287387816.wav
2017-02-06 09:23:49 INFO AddIdentifyResult: 15297,015066042216,-1,
2017-02-06 09:24:00 INFO AddIdentifyResult: 15297,015066042216,-3,
2017-02-06 09:24:52 INFO AddIdentifyResult: 15297,015066042216,0,ver/02/06/092600_015066042216.wav
2017-02-06 09:28:11 INFO AddIdentifyResult: 15298,013287372882,-1,
2017-02-06 09:28:18 INFO AddIdentifyResult: 15298,013287372882,-3,
2017-02-06 09:30:52 INFO AddIdentifyResult: 15298,013287372882,12,
2017-02-06 09:31:00 INFO AddIdentifyResult: 15298,013287372882,10,reg/013287372882_0206093017|reg/013287372882_0206093017|reg/013287372882_
2017-02-06 09:31:00 INFO UpdateUserState: 013287372882,1
2017-02-06 09:31:16 INFO AddIdentifyResult: 15299,013287372882,-1,
2017-02-06 09:31:24 INFO AddIdentifyResult: 15299,013287372882,-3,
2017-02-06 09:32:16 INFO AddIdentifyResult: 15299,013287372882,0,ver/02/06/093323_013287372882.wav
2017-02-06 09:40:17 INFO AddIdentifyResult: 15300,013287376282,-1,
2017-02-06 09:40:22 INFO AddIdentifyResult: 15300,013287376282,-3,
2017-02-06 09:42:33 INFO AddIdentifyResult: 15300,013287376282,12,
2017-02-06 09:42:39 INFO AddIdentifyResult: 15300,013287376282,10,reg/013287376282_0206094221|reg/013287376282_0206094221|reg/013287376282_
2017-02-06 09:42:40 INFO UpdateUserState: 013287376282,1
2017-02-06 09:43:18 INFO AddIdentifyResult: 15301,013287376282,-1,
2017-02-06 09:43:23 INFO AddIdentifyResult: 15301,013287376282,-3,
2017-02-06 09:43:49 INFO AddIdentifyResult: 15301,013287376282,1,
2017-02-06 09:46:01 INFO AddIdentifyResult: 15302,015865983932,-1,
2017-02-06 09:46:09 INFO AddIdentifyResult: 15302,015865983932,-3,
2017-02-06 09:47:39 INFO AddIdentifyResult: 15302,015865983932,11,reg/015865983932_|reg/015865983932_|reg/015865983932_
2017-02-06 09:48:19 INFO AddIdentifyResult: 15303,015865983932,-1,
2017-02-06 09:48:27 INFO AddIdentifyResult: 15303,015865983932,-3,
2017-02-06 09:50:03 INFO AddIdentifyResult: 15303,015865983932,12,
2017-02-06 09:50:10 INFO AddIdentifyResult: 15303,015865983932,10,reg/015865983932_0206095136|reg/015865983932_0206095136|reg/015865983932_0206095026
2017-02-06 09:50:11 INFO UpdateUserState: 015865983932,1
2017-02-06 09:59:45 INFO AddIdentifyResult: 15304,013287376178,-1,
2017-02-06 09:59:50 INFO AddIdentifyResult: 15304,013287376178,-3,
2017-02-06 10:01:38 INFO AddIdentifyResult: 15304,013287376178,12,
2017-02-06 10:01:45 INFO AddIdentifyResult: 15304,013287376178,10,reg/013287376178_0206100149|reg/013287376178_0206100149|reg/013287376178_
2017-02-06 10:01:45 INFO UpdateUserState: 013287376178,1
2017-02-06 10:02:07 INFO AddIdentifyResult: 15305,015263838046,-1,
2017-02-06 10:02:18 INFO AddIdentifyResult: 15305,015263838046,-3,
2017-02-06 10:04:15 INFO AddIdentifyResult: 15306,015572882915,-1,
2017-02-06 10:04:43 INFO AddIdentifyResult: 15307,015572882915,-1,
2017-02-06 10:04:51 INFO AddIdentifyResult: 15305,015263838046,12,
2017-02-06 10:04:58 INFO AddIdentifyResult: 15307,015572882915,-3,
2017-02-06 10:04:58 INFO AddIdentifyResult: 15305,015263838046,10,reg/015263838046_0206100618|reg/015263838046_0206100618|reg/015263838046_0206100418
2017-02-06 10:04:58 INFO UpdateUserState: 015263838046,1
2017-02-06 10:05:37 INFO AddIdentifyResult: 15308,015263838046,-1,
2017-02-06 10:05:47 INFO AddIdentifyResult: 15308,015263838046,-3,
2017-02-06 10:06:38 INFO AddIdentifyResult: 15308,015263838046,0,ver/02/06/100746_015263838046.wav
2017-02-06 10:07:31 INFO AddIdentifyResult: 15307,015572882915,12,
2017-02-06 10:07:41 INFO AddIdentifyResult: 15307,015572882915,10,reg/015572882915_0206100657|reg/015572882915_0206100657|reg/015572882915_
2017-02-06 10:07:41 INFO UpdateUserState: 015572882915,1
2017-02-06 10:08:02 INFO AddIdentifyResult: 15309,015572882915,-1,
2017-02-06 10:08:14 INFO AddIdentifyResult: 15309,015572882915,-3,
2017-02-06 10:09:06 INFO AddIdentifyResult: 15309,015572882915,0,ver/02/06/101014_015572882915.wav
2017-02-06 10:10:08 INFO AddIdentifyResult: 15310,013287376069,-1,
2017-02-06 10:10:22 INFO AddIdentifyResult: 15310,013287376069,-3,
2017-02-06 10:12:04 INFO AddIdentifyResult: 15310,013287376069,12,
2017-02-06 10:12:11 INFO AddIdentifyResult: 15310,013287376069,10,reg/013287376069_0206101221|reg/013287376069_0206101221|reg/013287376069_
2017-02-06 10:12:11 INFO UpdateUserState: 013287376069,1
2017-02-06 10:12:38 INFO AddIdentifyResult: 15311,013287376069,-1,
2017-02-06 10:12:53 INFO AddIdentifyResult: 15311,013287376069,-3,
2017-02-06 10:13:46 INFO AddIdentifyResult: 15311,013287376069,0,ver/02/06/101453_013287376069.wav
2017-02-06 10:17:05 INFO AddIdentifyResult: 15312,013287376226,-1,
2017-02-06 10:17:13 INFO AddIdentifyResult: 15312,013287376226,-3,
2017-02-06 10:19:05 INFO AddIdentifyResult: 15312,013287376226,12,
2017-02-06 10:19:12 INFO AddIdentifyResult: 15312,013287376226,10,reg/013287376226_0206101912|reg/013287376226_0206101912|reg/013287376226_
2017-02-06 10:19:12 INFO UpdateUserState: 013287376226,1
2017-02-06 10:19:21 INFO AddIdentifyResult: 15313,013864763239,-1,
2017-02-06 10:19:29 INFO AddIdentifyResult: 15313,013864763239,-3,
2017-02-06 10:21:55 INFO AddIdentifyResult: 15313,013864763239,12,
2017-02-06 10:22:03 INFO AddIdentifyResult: 15313,013864763239,10,reg/013864763239_0206102128|reg/013864763239_0206102128|reg/013864763239_
2017-02-06 10:22:03 INFO UpdateUserState: 013864763239,1
2017-02-06 10:22:40 INFO AddIdentifyResult: 15314,013864763239,-1,
2017-02-06 10:22:48 INFO AddIdentifyResult: 15314,013864763239,-3,
2017-02-06 10:23:40 INFO AddIdentifyResult: 15314,013864763239,1,ver/02/06/102448_013864763239.wav
2017-02-06 10:24:04 INFO AddIdentifyResult: 15315,013864763239,-1,
2017-02-06 10:24:11 INFO AddIdentifyResult: 15315,013864763239,-3,
2017-02-06 10:25:03 INFO AddIdentifyResult: 15315,013864763239,1,ver/02/06/102611_013864763239.wav
2017-02-06 10:25:24 INFO AddIdentifyResult: 15316,013287376226,-1,
2017-02-06 10:25:31 INFO AddIdentifyResult: 15316,013287376226,-3,
2017-02-06 10:26:23 INFO AddIdentifyResult: 15316,013287376226,0,ver/02/06/102731_013287376226.wav
2017-02-06 10:26:55 INFO AddIdentifyResult: 15317,013864763239,-1,
2017-02-06 10:27:03 INFO AddIdentifyResult: 15317,013864763239,-3,
2017-02-06 10:27:54 INFO AddIdentifyResult: 15317,013864763239,0,ver/02/06/102902_013864763239.wav
2017-02-06 10:29:40 INFO AddIdentifyResult: 15318,015572885469,-1,
2017-02-06 10:29:54 INFO AddIdentifyResult: 15318,015572885469,-3,
2017-02-06 10:32:44 INFO AddIdentifyResult: 15318,015572885469,12,
2017-02-06 10:32:56 INFO AddIdentifyResult: 15318,015572885469,10,reg/015572885469_0206103153|reg/015572885469_0206103153|reg/015572885469_
2017-02-06 10:32:56 INFO UpdateUserState: 015572885469,1
2017-02-06 10:33:11 INFO AddIdentifyResult: 15319,015572885469,-1,
2017-02-06 10:33:18 INFO AddIdentifyResult: 15319,015572885469,-3,
2017-02-06 10:34:10 INFO AddIdentifyResult: 15319,015572885469,1,ver/02/06/103517_015572885469.wav
2017-02-06 10:35:45 INFO AddIdentifyResult: 15320,015572885469,-1,
2017-02-06 10:35:59 INFO AddIdentifyResult: 15320,015572885469,-3,
2017-02-06 10:36:28 INFO AddIdentifyResult: 15321,013287330661,-1,
2017-02-06 10:36:35 INFO AddIdentifyResult: 15321,013287330661,-3,
2017-02-06 10:36:50 INFO AddIdentifyResult: 15320,015572885469,1,ver/02/06/103758_015572885469.wav
2017-02-06 10:36:52 INFO AddIdentifyResult: 15321,013287330661,11,reg/013287330661_|reg/013287330661_|reg/013287330661_
2017-02-06 10:37:40 INFO AddIdentifyResult: 15322,015572885469,-1,
2017-02-06 10:37:49 INFO AddIdentifyResult: 15322,015572885469,-3,
2017-02-06 10:38:42 INFO AddIdentifyResult: 15322,015572885469,1,ver/02/06/103949_015572885469.wav
2017-02-06 10:39:10 INFO AddIdentifyResult: 15323,013287330661,-1,
2017-02-06 10:39:15 INFO AddIdentifyResult: 15323,013287330661,-3,
2017-02-06 10:39:41 INFO AddIdentifyResult: 15324,015572885469,-1,
2017-02-06 10:39:56 INFO AddIdentifyResult: 15324,015572885469,-3,
2017-02-06 10:41:12 INFO AddIdentifyResult: 15323,013287330661,12,
2017-02-06 10:41:19 INFO AddIdentifyResult: 15324,015572885469,12,
2017-02-06 10:41:20 INFO AddIdentifyResult: 15323,013287330661,10,reg/013287330661_0206104114|reg/013287330661_0206104114|reg/013287330661_
2017-02-06 10:41:20 INFO UpdateUserState: 013287330661,1
2017-02-06 10:41:27 INFO AddIdentifyResult: 15324,015572885469,10,reg/015572885469_0206104155|reg/015572885469_0206104155|reg/015572885469_
2017-02-06 10:41:27 INFO UpdateUserState: 015572885469,1
2017-02-06 10:41:35 INFO AddIdentifyResult: 15325,015572885469,-1,
2017-02-06 10:41:43 INFO AddIdentifyResult: 15325,015572885469,-3,
2017-02-06 10:42:35 INFO AddIdentifyResult: 15325,015572885469,0,ver/02/06/104342_015572885469.wav
2017-02-06 10:46:22 INFO AddIdentifyResult: 15326,018171963342,-1,
2017-02-06 10:48:59 INFO AddIdentifyResult: 15327,018171963342,-1,
2017-02-06 10:49:09 INFO AddIdentifyResult: 15327,018171963342,-3,
2017-02-06 10:51:43 INFO AddIdentifyResult: 15327,018171963342,11,reg/018171963342_|reg/018171963342_|reg/018171963342_
2017-02-06 10:52:23 INFO AddIdentifyResult: 15328,018171963342,-1,
2017-02-06 10:52:37 INFO AddIdentifyResult: 15328,018171963342,-3,
2017-02-06 10:56:30 INFO AddIdentifyResult: 15328,018171963342,11,reg/018171963342_|reg/018171963342_|reg/018171963342_
2017-02-06 11:04:16 INFO AddIdentifyResult: 15329,018171963342,-1,
2017-02-06 11:04:30 INFO AddIdentifyResult: 15329,018171963342,-3,
2017-02-06 11:05:56 INFO AddIdentifyResult: 15329,018171963342,12,
2017-02-06 11:06:03 INFO AddIdentifyResult: 15329,018171963342,10,reg/018171963342_0206110629|reg/018171963342_0206110629|reg/018171963342_
2017-02-06 11:06:03 INFO UpdateUserState: 018171963342,1
2017-02-06 11:06:13 INFO AddIdentifyResult: 15330,018171963342,-1,
2017-02-06 11:06:24 INFO AddIdentifyResult: 15330,018171963342,-3,
2017-02-06 11:07:15 INFO AddIdentifyResult: 15330,018171963342,0,ver/02/06/110823_018171963342.wav
2017-02-06 11:11:15 INFO AddIdentifyResult: 15331,015572883913,-1,
2017-02-06 11:11:27 INFO AddIdentifyResult: 15331,015572883913,-3,
2017-02-06 11:12:52 INFO AddIdentifyResult: 15331,015572883913,12,
2017-02-06 11:12:59 INFO AddIdentifyResult: 15331,015572883913,10,reg/015572883913_0206111436|reg/015572883913_0206111436|reg/015572883913_0206111326
2017-02-06 11:13:00 INFO UpdateUserState: 015572883913,1
2017-02-06 11:13:05 INFO AddIdentifyResult: 15332,018171963342,-1,
2017-02-06 11:13:28 INFO AddIdentifyResult: 15333,018171963342,-1,
2017-02-06 11:13:33 INFO AddIdentifyResult: 15334,015572883913,-1,
2017-02-06 11:13:49 INFO AddIdentifyResult: 15334,015572883913,-3,
2017-02-06 11:14:25 INFO AddIdentifyResult: 15334,015572883913,0,ver/02/06/111549_015572883913.wav
2017-02-06 11:15:57 INFO AddIdentifyResult: 15335,015572882863,-1,
2017-02-06 11:16:07 INFO AddIdentifyResult: 15335,015572882863,-3,
2017-02-06 11:18:04 INFO AddIdentifyResult: 15335,015572882863,12,
2017-02-06 11:18:11 INFO AddIdentifyResult: 15335,015572882863,10,reg/015572882863_0206111807|reg/015572882863_0206111807|reg/015572882863_
2017-02-06 11:18:12 INFO UpdateUserState: 015572882863,1
2017-02-06 11:18:17 INFO AddIdentifyResult: 15336,015572882863,-1,
2017-02-06 11:18:39 INFO AddIdentifyResult: 15336,015572882863,-3,
2017-02-06 11:19:31 INFO AddIdentifyResult: 15336,015572882863,0,ver/02/06/112039_015572882863.wav
2017-02-06 11:20:55 INFO AddIdentifyResult: 15337,015572887135,-1,
2017-02-06 11:21:23 INFO AddIdentifyResult: 15338,015572887135,-1,
2017-02-06 11:21:35 INFO AddIdentifyResult: 15338,015572887135,-3,
2017-02-06 11:23:22 INFO AddIdentifyResult: 15338,015572887135,11,reg/015572887135_|reg/015572887135_|reg/015572887135_
2017-02-06 11:23:33 INFO AddIdentifyResult: 15339,015572887135,-1,
2017-02-06 11:23:57 INFO AddIdentifyResult: 15339,015572887135,-3,
2017-02-06 11:25:20 INFO AddIdentifyResult: 15339,015572887135,11,reg/015572887135_|reg/015572887135_|reg/015572887135_
2017-02-06 11:28:43 INFO AddIdentifyResult: 15340,015572887135,-1,
2017-02-06 11:28:54 INFO AddIdentifyResult: 15340,015572887135,-3,
2017-02-06 11:30:38 INFO AddIdentifyResult: 15340,015572887135,12,
2017-02-06 11:30:46 INFO AddIdentifyResult: 15340,015572887135,10,reg/015572887135_0206113054|reg/015572887135_0206113054|reg/015572887135_
2017-02-06 11:30:47 INFO UpdateUserState: 015572887135,1
2017-02-06 11:30:58 INFO AddIdentifyResult: 15341,015572887135,-1,
2017-02-06 11:31:11 INFO AddIdentifyResult: 15341,015572887135,-3,
2017-02-06 11:31:51 INFO AddIdentifyResult: 15341,015572887135,0,ver/02/06/113310_015572887135.wav
2017-02-06 11:34:00 INFO AddIdentifyResult: 15342,015572886073,-1,
2017-02-06 11:34:12 INFO AddIdentifyResult: 15342,015572886073,-3,
2017-02-06 11:36:01 INFO AddIdentifyResult: 15342,015572886073,12,
2017-02-06 11:36:10 INFO AddIdentifyResult: 15342,015572886073,10,reg/015572886073_0206113612|reg/015572886073_0206113612|reg/015572886073_
2017-02-06 11:36:10 INFO UpdateUserState: 015572886073,1
2017-02-06 11:36:16 INFO AddIdentifyResult: 15343,015572886073,-1,
2017-02-06 11:36:34 INFO AddIdentifyResult: 15343,015572886073,-3,
2017-02-06 11:37:16 INFO AddIdentifyResult: 15343,015572886073,0,ver/02/06/113834_015572886073.wav
2017-02-06 11:40:07 INFO AddIdentifyResult: 15344,015572885360,-1,
2017-02-06 11:42:35 INFO AddIdentifyResult: 15345,015572885360,-1,
2017-02-06 11:42:56 INFO AddIdentifyResult: 15346,015572885360,-1,
2017-02-06 11:43:38 INFO AddIdentifyResult: 15347,015572885378,-1,
2017-02-06 11:43:57 INFO AddIdentifyResult: 15347,015572885378,-3,
2017-02-06 11:45:50 INFO AddIdentifyResult: 15347,015572885378,12,
2017-02-06 11:45:59 INFO AddIdentifyResult: 15347,015572885378,10,reg/015572885378_0206114557|reg/015572885378_0206114557|reg/015572885378_
2017-02-06 11:45:59 INFO UpdateUserState: 015572885378,1
2017-02-06 11:46:10 INFO AddIdentifyResult: 15348,015572885378,-1,
2017-02-06 11:46:26 INFO AddIdentifyResult: 15348,015572885378,-3,
2017-02-06 11:47:19 INFO AddIdentifyResult: 15348,015572885378,0,ver/02/06/114826_015572885378.wav
2017-02-06 11:51:46 INFO AddIdentifyResult: 15349,015572883975,-1,
2017-02-06 11:52:22 INFO AddIdentifyResult: 15350,015572883975,-1,
2017-02-06 11:52:35 INFO AddIdentifyResult: 15350,015572883975,-3,
2017-02-06 11:54:28 INFO AddIdentifyResult: 15350,015572883975,12,
2017-02-06 11:54:36 INFO AddIdentifyResult: 15350,015572883975,10,reg/015572883975_0206115434|reg/015572883975_0206115434|reg/015572883975_
2017-02-06 11:54:37 INFO UpdateUserState: 015572883975,1
2017-02-06 11:54:41 INFO AddIdentifyResult: 15351,015572883975,-1,
2017-02-06 11:54:54 INFO AddIdentifyResult: 15351,015572883975,-3,
2017-02-06 11:55:39 INFO AddIdentifyResult: 15351,015572883975,0,ver/02/06/115654_015572883975.wav
2017-02-06 11:58:32 INFO AddIdentifyResult: 15352,015572885360,-1,
2017-02-06 11:58:41 INFO AddIdentifyResult: 15352,015572885360,-3,
2017-02-06 12:00:42 INFO AddIdentifyResult: 15352,015572885360,12,
2017-02-06 12:00:51 INFO AddIdentifyResult: 15352,015572885360,10,reg/015572885360_0206120041|reg/015572885360_0206120041|reg/015572885360_
2017-02-06 12:00:51 INFO UpdateUserState: 015572885360,1
2017-02-06 12:00:55 INFO AddIdentifyResult: 15353,015572885360,-1,
2017-02-06 12:01:11 INFO AddIdentifyResult: 15353,015572885360,-3,
2017-02-06 12:02:03 INFO AddIdentifyResult: 15353,015572885360,0,ver/02/06/120311_015572885360.wav
2017-02-06 12:03:51 INFO AddIdentifyResult: 15354,015572889821,-1,
2017-02-06 12:03:59 INFO AddIdentifyResult: 15354,015572889821,-3,
2017-02-06 12:06:11 INFO AddIdentifyResult: 15354,015572889821,12,
2017-02-06 12:06:19 INFO AddIdentifyResult: 15354,015572889821,10,reg/015572889821_0206120559|reg/015572889821_0206120559|reg/015572889821_
2017-02-06 12:06:19 INFO UpdateUserState: 015572889821,1
2017-02-06 12:06:29 INFO AddIdentifyResult: 15355,015572889821,-1,
2017-02-06 12:06:38 INFO AddIdentifyResult: 15355,015572889821,-3,
2017-02-06 12:08:16 INFO AddIdentifyResult: 15355,015572889821,0,ver/02/06/120925_015572889821.wav
2017-02-06 13:55:37 INFO AddIdentifyResult: 15356,013245466657,-1,
2017-02-06 13:55:50 INFO AddIdentifyResult: 15356,013245466657,-3,
2017-02-06 13:58:16 INFO AddIdentifyResult: 15356,013245466657,12,
2017-02-06 13:58:25 INFO AddIdentifyResult: 15356,013245466657,10,reg/013245466657_0206135750|reg/013245466657_0206135750|reg/013245466657_
2017-02-06 13:58:25 INFO UpdateUserState: 013245466657,1
2017-02-06 14:34:34 INFO AddIdentifyResult: 15357,018107255379,-1,
2017-02-06 14:35:09 INFO AddIdentifyResult: 15358,018107255379,-1,
2017-02-06 14:35:27 INFO AddIdentifyResult: 15359,018107255379,-1,
2017-02-06 14:38:31 INFO AddIdentifyResult: 15360,018107255379,-1,
2017-02-06 14:38:41 INFO AddIdentifyResult: 15360,018107255379,-3,
2017-02-06 14:40:36 INFO AddIdentifyResult: 15360,018107255379,12,
2017-02-06 14:40:44 INFO AddIdentifyResult: 15360,018107255379,10,reg/018107255379_0206144041|reg/018107255379_0206144041|reg/018107255379_
2017-02-06 14:40:44 INFO UpdateUserState: 018107255379,1
2017-02-06 14:40:50 INFO AddIdentifyResult: 15361,018107255379,-1,
2017-02-06 14:41:10 INFO AddIdentifyResult: 15361,018107255379,-3,
2017-02-06 14:42:03 INFO AddIdentifyResult: 15361,018107255379,0,ver/02/06/144311_018107255379.wav
2017-02-06 14:46:32 INFO AddIdentifyResult: 15362,013165677531,-1,
2017-02-06 14:47:14 INFO AddIdentifyResult: 15362,013165677531,-3,
2017-02-06 14:49:09 INFO AddIdentifyResult: 15362,013165677531,12,
2017-02-06 14:49:17 INFO AddIdentifyResult: 15362,013165677531,10,reg/013165677531_0206144914|reg/013165677531_0206144914|reg/013165677531_
2017-02-06 14:49:17 INFO UpdateUserState: 013165677531,1
2017-02-06 14:50:08 INFO AddIdentifyResult: 15363,013165677531,-1,
2017-02-06 14:50:19 INFO AddIdentifyResult: 15363,013165677531,-3,
2017-02-06 14:52:45 INFO AddIdentifyResult: 15363,013165677531,11,reg/013165677531_|reg/013165677531_|reg/013165677531_
2017-02-06 14:53:14 INFO AddIdentifyResult: 15364,013165677531,-1,
2017-02-06 14:53:28 INFO AddIdentifyResult: 15364,013165677531,-3,
2017-02-06 14:54:20 INFO AddIdentifyResult: 15364,013165677531,0,ver/02/06/145528_013165677531.wav
2017-02-06 14:58:41 INFO AddIdentifyResult: 15365,015572886191,-1,
2017-02-06 14:59:00 INFO AddIdentifyResult: 15365,015572886191,-3,
2017-02-06 15:00:23 INFO AddIdentifyResult: 15365,015572886191,11,reg/015572886191_|reg/015572886191_|reg/015572886191_
2017-02-06 15:00:59 INFO AddIdentifyResult: 15366,015572886191,-1,
2017-02-06 15:01:21 INFO AddIdentifyResult: 15366,015572886191,-3,
2017-02-06 15:03:15 INFO AddIdentifyResult: 15366,015572886191,12,
2017-02-06 15:03:24 INFO AddIdentifyResult: 15367,015572886191,-4,2
2017-02-06 15:03:24 INFO AddIdentifyResult: 15366,015572886191,10,reg/015572886191_0206150321|reg/015572886191_0206150321|reg/015572886191_
2017-02-06 15:03:24 INFO UpdateUserState: 015572886191,1
2017-02-06 15:03:52 INFO AddIdentifyResult: 15368,015572886191,-1,
2017-02-06 15:04:02 INFO AddIdentifyResult: 15368,015572886191,-3,
2017-02-06 15:04:52 INFO AddIdentifyResult: 15368,015572886191,0,ver/02/06/150602_015572886191.wav
2017-02-06 15:06:31 INFO AddIdentifyResult: 15369,015572884913,-1,
2017-02-06 15:06:44 INFO AddIdentifyResult: 15369,015572884913,-3,
2017-02-06 15:08:38 INFO AddIdentifyResult: 15369,015572884913,12,
2017-02-06 15:08:47 INFO AddIdentifyResult: 15369,015572884913,10,reg/015572884913_0206150844|reg/015572884913_0206150844|reg/015572884913_
2017-02-06 15:08:47 INFO UpdateUserState: 015572884913,1
2017-02-06 15:08:48 INFO AddIdentifyResult: 15370,015572884913,-1,
2017-02-06 15:09:03 INFO AddIdentifyResult: 15370,015572884913,-3,
2017-02-06 15:09:54 INFO AddIdentifyResult: 15370,015572884913,0,ver/02/06/151104_015572884913.wav
2017-02-06 15:11:24 INFO AddIdentifyResult: 15371,015572881927,-1,
2017-02-06 15:11:41 INFO AddIdentifyResult: 15371,015572881927,-3,
2017-02-06 15:13:11 INFO AddIdentifyResult: 15372,013042707077,-1,
2017-02-06 15:13:21 INFO AddIdentifyResult: 15372,013042707077,-3,
2017-02-06 15:13:38 INFO AddIdentifyResult: 15371,015572881927,12,
2017-02-06 15:13:47 INFO AddIdentifyResult: 15371,015572881927,10,reg/015572881927_0206151341|reg/015572881927_0206151341|reg/015572881927_
2017-02-06 15:13:47 INFO UpdateUserState: 015572881927,1
2017-02-06 15:13:47 INFO AddIdentifyResult: 15373,015572881927,-1,
2017-02-06 15:14:08 INFO AddIdentifyResult: 15373,015572881927,-3,
2017-02-06 15:14:17 INFO AddIdentifyResult: 15374,013287373176,-1,
2017-02-06 15:14:25 INFO AddIdentifyResult: 15374,013287373176,-3,
2017-02-06 15:14:48 INFO AddIdentifyResult: 15374,013287373176,11,reg/013287373176_|reg/013287373176_|reg/013287373176_
2017-02-06 15:14:59 INFO AddIdentifyResult: 15375,013287373176,-1,
2017-02-06 15:15:00 INFO AddIdentifyResult: 15373,015572881927,0,ver/02/06/151608_015572881927.wav
2017-02-06 15:15:09 INFO AddIdentifyResult: 15375,013287373176,-3,
2017-02-06 15:15:25 INFO AddIdentifyResult: 15372,013042707077,12,
2017-02-06 15:15:34 INFO AddIdentifyResult: 15372,013042707077,10,reg/013042707077_0206151521|reg/013042707077_0206151521|reg/013042707077_
2017-02-06 15:15:34 INFO UpdateUserState: 013042707077,1
2017-02-06 15:16:20 INFO AddIdentifyResult: 15376,013042707077,-1,
2017-02-06 15:16:40 INFO AddIdentifyResult: 15376,013042707077,-3,
2017-02-06 15:17:15 INFO AddIdentifyResult: 15375,013287373176,12,
2017-02-06 15:17:24 INFO AddIdentifyResult: 15375,013287373176,10,reg/013287373176_0206151709|reg/013287373176_0206151709|reg/013287373176_
2017-02-06 15:17:24 INFO UpdateUserState: 013287373176,1
2017-02-06 15:17:32 INFO AddIdentifyResult: 15376,013042707077,1,ver/02/06/151840_013042707077.wav
2017-02-06 15:18:01 INFO AddIdentifyResult: 15377,013287373176,-1,
2017-02-06 15:18:08 INFO AddIdentifyResult: 15377,013287373176,-3,
2017-02-06 15:18:46 INFO AddIdentifyResult: 15378,013042707077,-1,
2017-02-06 15:18:57 INFO AddIdentifyResult: 15378,013042707077,-3,
2017-02-06 15:19:00 INFO AddIdentifyResult: 15377,013287373176,0,ver/02/06/152008_013287373176.wav
2017-02-06 15:20:27 INFO AddIdentifyResult: 15378,013042707077,12,
2017-02-06 15:20:34 INFO AddIdentifyResult: 15378,013042707077,10,reg/013042707077_0206152058|reg/013042707077_0206152058|reg/013042707077_
2017-02-06 15:20:34 INFO UpdateUserState: 013042707077,1
2017-02-06 15:20:53 INFO AddIdentifyResult: 15379,013042707077,-1,
2017-02-06 15:21:16 INFO AddIdentifyResult: 15379,013042707077,-3,
2017-02-06 15:22:09 INFO AddIdentifyResult: 15379,013042707077,0,ver/02/06/152317_013042707077.wav
2017-02-06 15:27:32 INFO AddIdentifyResult: 15380,018671635951,-1,
2017-02-06 15:27:45 INFO AddIdentifyResult: 15380,018671635951,-3,
2017-02-06 15:29:15 INFO AddIdentifyResult: 15380,018671635951,12,
2017-02-06 15:29:22 INFO AddIdentifyResult: 15381,013287383397,-1,
2017-02-06 15:29:22 INFO AddIdentifyResult: 15380,018671635951,10,reg/018671635951_0206152945|reg/018671635951_0206152945|reg/018671635951_
2017-02-06 15:29:22 INFO UpdateUserState: 018671635951,1
2017-02-06 15:29:28 INFO AddIdentifyResult: 15381,013287383397,-3,
2017-02-06 15:30:19 INFO AddIdentifyResult: 15382,018671635951,-1,
2017-02-06 15:30:30 INFO AddIdentifyResult: 15382,018671635951,-3,
2017-02-06 15:31:23 INFO AddIdentifyResult: 15382,018671635951,1,ver/02/06/153231_018671635951.wav
2017-02-06 15:31:29 INFO AddIdentifyResult: 15381,013287383397,12,
2017-02-06 15:31:37 INFO AddIdentifyResult: 15381,013287383397,10,reg/013287383397_0206153128|reg/013287383397_0206153128|reg/013287383397_
2017-02-06 15:31:38 INFO UpdateUserState: 013287383397,1
2017-02-06 15:31:48 INFO AddIdentifyResult: 15383,018671635951,-1,
2017-02-06 15:32:12 INFO AddIdentifyResult: 15384,013287383397,-1,
2017-02-06 15:32:13 INFO AddIdentifyResult: 15383,018671635951,-3,
2017-02-06 15:32:18 INFO AddIdentifyResult: 15384,013287383397,-3,
2017-02-06 15:33:06 INFO AddIdentifyResult: 15383,018671635951,0,ver/02/06/153414_018671635951.wav
2017-02-06 15:33:10 INFO AddIdentifyResult: 15384,013287383397,0,ver/02/06/153419_013287383397.wav
2017-02-06 15:48:49 INFO AddIdentifyResult: 15385,015572883831,-1,
2017-02-06 15:50:09 INFO AddIdentifyResult: 15386,015572883831,-1,
2017-02-06 15:50:43 INFO AddIdentifyResult: 15387,015572883831,-1,
2017-02-06 15:51:49 INFO AddIdentifyResult: 15388,015572883831,-1,
2017-02-06 15:52:01 INFO AddIdentifyResult: 15388,015572883831,-3,
2017-02-06 15:53:41 INFO AddIdentifyResult: 15388,015572883831,12,
2017-02-06 15:53:49 INFO AddIdentifyResult: 15388,015572883831,10,reg/015572883831_0206155401|reg/015572883831_0206155401|reg/015572883831_
2017-02-06 15:53:49 INFO UpdateUserState: 015572883831,1
2017-02-06 15:53:51 INFO AddIdentifyResult: 15389,015572883831,-1,
2017-02-06 15:54:13 INFO AddIdentifyResult: 15390,015572883831,-1,
2017-02-06 15:54:23 INFO AddIdentifyResult: 15390,015572883831,-3,
2017-02-06 15:55:14 INFO AddIdentifyResult: 15390,015572883831,0,ver/02/06/155623_015572883831.wav
2017-02-06 16:01:08 INFO AddIdentifyResult: 15391,015327855937,-1,
2017-02-06 16:01:39 INFO AddIdentifyResult: 15392,015327855937,-1,
2017-02-06 16:04:05 INFO AddIdentifyResult: 15393,013287380191,-1,
2017-02-06 16:04:11 INFO AddIdentifyResult: 15393,013287380191,-3,
2017-02-06 16:06:17 INFO AddIdentifyResult: 15393,013287380191,12,
2017-02-06 16:06:27 INFO AddIdentifyResult: 15393,013287380191,10,reg/013287380191_0206160611|reg/013287380191_0206160611|reg/013287380191_
2017-02-06 16:06:28 INFO UpdateUserState: 013287380191,1
2017-02-06 16:06:55 INFO AddIdentifyResult: 15394,013287380191,-1,
2017-02-06 16:07:00 INFO AddIdentifyResult: 15394,013287380191,-3,
2017-02-06 16:07:52 INFO AddIdentifyResult: 15394,013287380191,0,ver/02/06/160901_013287380191.wav
2017-02-06 16:10:08 INFO AddIdentifyResult: 15395,015327855937,-1,
2017-02-06 16:10:30 INFO AddIdentifyResult: 15395,015327855937,-3,
2017-02-06 16:11:34 INFO AddIdentifyResult: 15396,013287379196,-1,
2017-02-06 16:11:42 INFO AddIdentifyResult: 15396,013287379196,-3,
2017-02-06 16:12:06 INFO AddIdentifyResult: 15395,015327855937,12,
2017-02-06 16:12:13 INFO AddIdentifyResult: 15395,015327855937,10,reg/015327855937_0206161231|reg/015327855937_0206161231|reg/015327855937_
2017-02-06 16:12:13 INFO UpdateUserState: 015327855937,1
2017-02-06 16:12:19 INFO AddIdentifyResult: 15397,015327855937,-1,
2017-02-06 16:12:33 INFO AddIdentifyResult: 15397,015327855937,-3,
2017-02-06 16:13:25 INFO AddIdentifyResult: 15397,015327855937,0,ver/02/06/161434_015327855937.wav
2017-02-06 16:13:35 INFO AddIdentifyResult: 15396,013287379196,12,
2017-02-06 16:13:42 INFO AddIdentifyResult: 15396,013287379196,10,reg/013287379196_0206161342|reg/013287379196_0206161342|reg/013287379196_
2017-02-06 16:13:42 INFO UpdateUserState: 013287379196,1
2017-02-06 16:14:06 INFO AddIdentifyResult: 15398,013287379196,-1,
2017-02-06 16:14:11 INFO AddIdentifyResult: 15398,013287379196,-3,
2017-02-06 16:15:04 INFO AddIdentifyResult: 15398,013287379196,0,ver/02/06/161612_013287379196.wav
2017-02-06 16:16:20 INFO AddIdentifyResult: 15399,015572885933,-1,
2017-02-06 16:16:38 INFO AddIdentifyResult: 15399,015572885933,-3,
2017-02-06 16:18:33 INFO AddIdentifyResult: 15399,015572885933,12,
2017-02-06 16:18:42 INFO AddIdentifyResult: 15399,015572885933,10,reg/015572885933_0206161839|reg/015572885933_0206161839|reg/015572885933_
2017-02-06 16:18:42 INFO UpdateUserState: 015572885933,1
2017-02-06 16:18:45 INFO AddIdentifyResult: 15400,015572885933,-1,
2017-02-06 16:18:53 INFO AddIdentifyResult: 15400,015572885933,-3,
2017-02-06 16:19:45 INFO AddIdentifyResult: 15400,015572885933,0,ver/02/06/162054_015572885933.wav
2017-02-06 16:36:46 INFO AddIdentifyResult: 15401,015020598372,-1,
2017-02-06 16:36:57 INFO AddIdentifyResult: 15401,015020598372,-3,
2017-02-06 16:37:22 INFO AddIdentifyResult: 15401,015020598372,11,reg/015020598372_|reg/015020598372_|reg/015020598372_
2017-02-06 16:37:32 INFO AddIdentifyResult: 15402,015020598372,-1,
2017-02-06 16:37:40 INFO AddIdentifyResult: 15402,015020598372,-3,
2017-02-06 16:39:12 INFO AddIdentifyResult: 15402,015020598372,12,
2017-02-06 16:39:20 INFO AddIdentifyResult: 15402,015020598372,10,reg/015020598372_0206163940|reg/015020598372_0206163940|reg/015020598372_
2017-02-06 16:39:20 INFO UpdateUserState: 015020598372,1
2017-02-06 16:39:36 INFO AddIdentifyResult: 15403,013290312989,-1,
2017-02-06 16:39:44 INFO AddIdentifyResult: 15403,013290312989,-3,
2017-02-06 16:41:19 INFO AddIdentifyResult: 15403,013290312989,12,
2017-02-06 16:41:26 INFO AddIdentifyResult: 15403,013290312989,10,reg/013290312989_0206164145|reg/013290312989_0206164145|reg/013290312989_
2017-02-06 16:41:26 INFO UpdateUserState: 013290312989,1
