2017-01-11 08:35:13 INFO AddIdentifyResult: 13957,013285466379,-1,
2017-01-11 08:35:22 INFO AddIdentifyResult: 13957,013285466379,-3,
2017-01-11 08:36:58 INFO AddIdentifyResult: 13957,013285466379,12,
2017-01-11 08:37:05 INFO AddIdentifyResult: 13957,013285466379,10,reg/013285466379_0111083726|reg/013285466379_0111083726|reg/013285466379_
2017-01-11 08:37:05 INFO UpdateUserState: 013285466379,1
2017-01-11 08:43:44 INFO AddIdentifyResult: 13958,013280393735,-1,
2017-01-11 08:43:56 INFO AddIdentifyResult: 13958,013280393735,-3,
2017-01-11 08:45:29 INFO AddIdentifyResult: 13958,013280393735,12,
2017-01-11 08:45:37 INFO AddIdentifyResult: 13958,013280393735,10,reg/013280393735_0111084601|reg/013280393735_0111084601|reg/013280393735_
2017-01-11 08:45:37 INFO UpdateUserState: 013280393735,1
2017-01-11 08:49:42 INFO AddIdentifyResult: 13959,013280393759,-1,
2017-01-11 08:49:49 INFO AddIdentifyResult: 13959,013280393759,-3,
2017-01-11 08:51:30 INFO AddIdentifyResult: 13959,013280393759,12,
2017-01-11 08:51:38 INFO AddIdentifyResult: 13959,013280393759,10,reg/013280393759_0111085153|reg/013280393759_0111085153|reg/013280393759_
2017-01-11 08:51:38 INFO UpdateUserState: 013280393759,1
2017-01-11 08:51:46 INFO AddIdentifyResult: 13960,013563391872,-1,
2017-01-11 08:51:55 INFO AddIdentifyResult: 13960,013563391872,-3,
2017-01-11 08:52:29 INFO AddIdentifyResult: 13961,013285466732,-1,
2017-01-11 08:52:38 INFO AddIdentifyResult: 13961,013285466732,-3,
2017-01-11 08:53:29 INFO AddIdentifyResult: 13960,013563391872,12,
2017-01-11 08:53:37 INFO AddIdentifyResult: 13960,013563391872,10,reg/013563391872_0111085400|reg/013563391872_0111085400|reg/013563391872_
2017-01-11 08:53:37 INFO UpdateUserState: 013563391872,1
2017-01-11 08:54:51 INFO AddIdentifyResult: 13961,013285466732,12,
2017-01-11 08:54:58 INFO AddIdentifyResult: 13961,013285466732,10,reg/013285466732_0111085625|reg/013285466732_0111085625|reg/013285466732_0111085442
2017-01-11 08:54:58 INFO UpdateUserState: 013285466732,1
2017-01-11 08:59:30 INFO AddIdentifyResult: 13962,013285466390,-1,
2017-01-11 08:59:39 INFO AddIdentifyResult: 13962,013285466390,-3,
2017-01-11 09:02:36 INFO AddIdentifyResult: 13962,013285466390,12,
2017-01-11 09:02:44 INFO AddIdentifyResult: 13962,013285466390,10,reg/013285466390_0111090350|reg/013285466390_0111090350|reg/013285466390_0111090143
2017-01-11 09:02:44 INFO UpdateUserState: 013285466390,1
2017-01-11 09:04:21 INFO AddIdentifyResult: 13963,015166261199,-1,
2017-01-11 09:04:35 INFO AddIdentifyResult: 13963,015166261199,-3,
2017-01-11 09:06:29 INFO AddIdentifyResult: 13963,015166261199,12,
2017-01-11 09:06:38 INFO AddIdentifyResult: 13963,015166261199,10,reg/015166261199_0111090640|reg/015166261199_0111090640|reg/015166261199_
2017-01-11 09:06:39 INFO UpdateUserState: 015166261199,1
2017-01-11 09:07:47 INFO AddIdentifyResult: 13964,013285466705,-1,
2017-01-11 09:08:04 INFO AddIdentifyResult: 13964,013285466705,-3,
2017-01-11 09:09:48 INFO AddIdentifyResult: 13964,013285466705,12,
2017-01-11 09:09:55 INFO AddIdentifyResult: 13964,013285466705,10,reg/013285466705_0111091009|reg/013285466705_0111091009|reg/013285466705_
2017-01-11 09:09:55 INFO UpdateUserState: 013285466705,1
2017-01-11 09:09:59 INFO AddIdentifyResult: 13965,013605468392,-1,
2017-01-11 09:10:08 INFO AddIdentifyResult: 13965,013605468392,-3,
2017-01-11 09:11:37 INFO AddIdentifyResult: 13965,013605468392,12,
2017-01-11 09:11:44 INFO AddIdentifyResult: 13965,013605468392,10,reg/013605468392_0111091213|reg/013605468392_0111091213|reg/013605468392_
2017-01-11 09:11:44 INFO UpdateUserState: 013605468392,1
2017-01-11 09:12:47 INFO AddIdentifyResult: 13966,013285467151,-1,
2017-01-11 09:12:53 INFO AddIdentifyResult: 13966,013285467151,-3,
2017-01-11 09:14:40 INFO AddIdentifyResult: 13966,013285467151,12,
2017-01-11 09:14:47 INFO AddIdentifyResult: 13966,013285467151,10,reg/013285467151_0111091458|reg/013285467151_0111091458|reg/013285467151_
2017-01-11 09:14:48 INFO UpdateUserState: 013285467151,1
2017-01-11 09:14:49 INFO AddIdentifyResult: 0,013349702356,1,
2017-01-11 09:16:19 INFO AddIdentifyResult: 13968,013285467017,-1,
2017-01-11 09:16:44 INFO AddIdentifyResult: 13968,013285467017,-3,
2017-01-11 09:18:36 INFO AddIdentifyResult: 13969,013285467153,-1,
2017-01-11 09:18:43 INFO AddIdentifyResult: 13969,013285467153,-3,
2017-01-11 09:18:50 INFO AddIdentifyResult: 13968,013285467017,12,
2017-01-11 09:18:58 INFO AddIdentifyResult: 13968,013285467017,10,reg/013285467017_0111091848|reg/013285467017_0111091848|reg/013285467017_
2017-01-11 09:18:58 INFO UpdateUserState: 013285467017,1
2017-01-11 09:19:16 INFO AddIdentifyResult: 13970,013678616947,-1,
2017-01-11 09:19:23 INFO AddIdentifyResult: 13970,013678616947,-3,
2017-01-11 09:19:33 INFO AddIdentifyResult: 13970,013678616947,11,reg/013678616947_|reg/013678616947_|reg/013678616947_
2017-01-11 09:19:54 INFO AddIdentifyResult: 13971,013678616947,-1,
2017-01-11 09:20:04 INFO AddIdentifyResult: 13971,013678616947,-3,
2017-01-11 09:20:28 INFO AddIdentifyResult: 13969,013285467153,12,
2017-01-11 09:20:35 INFO AddIdentifyResult: 13969,013285467153,10,reg/013285467153_0111092048|reg/013285467153_0111092048|reg/013285467153_
2017-01-11 09:20:35 INFO UpdateUserState: 013285467153,1
2017-01-11 09:22:14 INFO AddIdentifyResult: 13971,013678616947,12,
2017-01-11 09:22:23 INFO AddIdentifyResult: 13971,013678616947,10,reg/013678616947_0111092209|reg/013678616947_0111092209|reg/013678616947_
2017-01-11 09:22:23 INFO UpdateUserState: 013678616947,1
2017-01-11 09:24:05 INFO AddIdentifyResult: 13972,013285467205,-1,
2017-01-11 09:24:10 INFO AddIdentifyResult: 13972,013285467205,-3,
2017-01-11 09:25:22 INFO AddIdentifyResult: 13973,013275463583,-1,
2017-01-11 09:26:14 INFO AddIdentifyResult: 13972,013285467205,12,
2017-01-11 09:26:22 INFO AddIdentifyResult: 13972,013285467205,10,reg/013285467205_0111092740|reg/013285467205_0111092740|reg/013285467205_0111092615
2017-01-11 09:26:22 INFO UpdateUserState: 013285467205,1
2017-01-11 09:26:45 INFO AddIdentifyResult: 13974,018766737956,-1,
2017-01-11 09:26:54 INFO AddIdentifyResult: 13974,018766737956,-3,
2017-01-11 09:27:32 INFO AddIdentifyResult: 13975,013275463583,-1,
2017-01-11 09:27:42 INFO AddIdentifyResult: 13975,013275463583,-3,
2017-01-11 09:28:36 INFO AddIdentifyResult: 13974,018766737956,12,
2017-01-11 09:28:44 INFO AddIdentifyResult: 13974,018766737956,10,reg/018766737956_0111092859|reg/018766737956_0111092859|reg/018766737956_
2017-01-11 09:28:44 INFO UpdateUserState: 018766737956,1
2017-01-11 09:29:44 INFO AddIdentifyResult: 13975,013275463583,12,
2017-01-11 09:29:52 INFO AddIdentifyResult: 13975,013275463583,10,reg/013275463583_0111092947|reg/013275463583_0111092947|reg/013275463583_
2017-01-11 09:29:52 INFO UpdateUserState: 013275463583,1
2017-01-11 09:29:56 INFO AddIdentifyResult: 13976,013854633680,-1,
2017-01-11 09:30:05 INFO AddIdentifyResult: 13976,013854633680,-3,
2017-01-11 09:31:42 INFO AddIdentifyResult: 13976,013854633680,12,
2017-01-11 09:31:50 INFO AddIdentifyResult: 13976,013854633680,10,reg/013854633680_0111093210|reg/013854633680_0111093210|reg/013854633680_
2017-01-11 09:31:50 INFO UpdateUserState: 013854633680,1
2017-01-11 09:32:01 INFO AddIdentifyResult: 13977,013285467270,-1,
2017-01-11 09:32:07 INFO AddIdentifyResult: 13977,013285467270,-3,
2017-01-11 09:33:55 INFO AddIdentifyResult: 13977,013285467270,12,
2017-01-11 09:34:02 INFO AddIdentifyResult: 13977,013285467270,10,reg/013285467270_0111093411|reg/013285467270_0111093411|reg/013285467270_
2017-01-11 09:34:02 INFO UpdateUserState: 013285467270,1
2017-01-11 09:40:03 INFO AddIdentifyResult: 13978,013285467592,-1,
2017-01-11 09:40:10 INFO AddIdentifyResult: 13978,013285467592,-3,
2017-01-11 09:42:20 INFO AddIdentifyResult: 13978,013285467592,12,
2017-01-11 09:42:27 INFO AddIdentifyResult: 13978,013285467592,10,reg/013285467592_0111094215|reg/013285467592_0111094215|reg/013285467592_
2017-01-11 09:42:28 INFO UpdateUserState: 013285467592,1
2017-01-11 09:42:43 INFO AddIdentifyResult: 13979,01313556050,-1,
2017-01-11 09:42:44 INFO AddIdentifyResult: 13980,015530215019,-1,
2017-01-11 09:42:52 INFO AddIdentifyResult: 13980,015530215019,-3,
2017-01-11 09:44:25 INFO AddIdentifyResult: 13980,015530215019,12,
2017-01-11 09:44:33 INFO AddIdentifyResult: 13980,015530215019,10,reg/015530215019_0111094457|reg/015530215019_0111094457|reg/015530215019_
2017-01-11 09:44:33 INFO UpdateUserState: 015530215019,1
2017-01-11 09:44:41 INFO AddIdentifyResult: 13981,015530215019,-1,
2017-01-11 09:44:51 INFO AddIdentifyResult: 13981,015530215019,-3,
2017-01-11 09:44:54 INFO AddIdentifyResult: 13982,013153556050,-1,
2017-01-11 09:45:30 INFO AddIdentifyResult: 13983,013153556050,-1,
2017-01-11 09:45:44 INFO AddIdentifyResult: 13981,015530215019,0,ver/01/11/094657_015530215019.wav
2017-01-11 09:46:11 INFO AddIdentifyResult: 13984,017865678958,-1,
2017-01-11 09:46:46 INFO AddIdentifyResult: 13984,017865678958,-3,
2017-01-11 09:48:48 INFO AddIdentifyResult: 13985,015965294775,-1,
2017-01-11 09:49:04 INFO AddIdentifyResult: 13985,015965294775,-3,
2017-01-11 09:49:13 INFO AddIdentifyResult: 13984,017865678958,12,
2017-01-11 09:49:20 INFO AddIdentifyResult: 13984,017865678958,10,reg/017865678958_0111095051|reg/017865678958_0111095051|reg/017865678958_0111094851
2017-01-11 09:49:20 INFO UpdateUserState: 017865678958,1
2017-01-11 09:50:14 INFO AddIdentifyResult: 13986,013472349916,-1,
2017-01-11 09:50:25 INFO AddIdentifyResult: 13986,013472349916,-3,
2017-01-11 09:51:19 INFO AddIdentifyResult: 13985,015965294775,12,
2017-01-11 09:51:30 INFO AddIdentifyResult: 13985,015965294775,10,reg/015965294775_0111095109|reg/015965294775_0111095109|reg/015965294775_
2017-01-11 09:51:30 INFO UpdateUserState: 015965294775,1
2017-01-11 09:51:53 INFO AddIdentifyResult: 13987,013285467721,-1,
2017-01-11 09:51:58 INFO AddIdentifyResult: 13987,013285467721,-3,
2017-01-11 09:52:42 INFO AddIdentifyResult: 13986,013472349916,12,
2017-01-11 09:52:50 INFO AddIdentifyResult: 13986,013472349916,10,reg/013472349916_0111095230|reg/013472349916_0111095230|reg/013472349916_
2017-01-11 09:52:50 INFO UpdateUserState: 013472349916,1
2017-01-11 09:52:58 INFO AddIdentifyResult: 13988,013472349916,-1,
2017-01-11 09:53:07 INFO AddIdentifyResult: 13988,013472349916,-3,
2017-01-11 09:53:48 INFO AddIdentifyResult: 13987,013285467721,12,
2017-01-11 09:53:54 INFO AddIdentifyResult: 13989,013285462529,-1,
2017-01-11 09:53:56 INFO AddIdentifyResult: 13987,013285467721,10,reg/013285467721_0111095403|reg/013285467721_0111095403|reg/013285467721_
2017-01-11 09:53:56 INFO UpdateUserState: 013285467721,1
2017-01-11 09:53:59 INFO AddIdentifyResult: 13988,013472349916,0,ver/01/11/095512_013472349916.wav
2017-01-11 09:54:02 INFO AddIdentifyResult: 13989,013285462529,-3,
2017-01-11 09:54:34 INFO AddIdentifyResult: 13990,017865678958,-1,
2017-01-11 09:54:44 INFO AddIdentifyResult: 13990,017865678958,-3,
2017-01-11 09:55:11 INFO AddIdentifyResult: 13991,015603209615,-1,
2017-01-11 09:55:18 INFO AddIdentifyResult: 13991,015603209615,-3,
2017-01-11 09:55:32 INFO AddIdentifyResult: 13989,013285462529,12,
2017-01-11 09:55:40 INFO AddIdentifyResult: 13989,013285462529,10,reg/013285462529_0111095711|reg/013285462529_0111095711|reg/013285462529_0111095607
2017-01-11 09:55:40 INFO UpdateUserState: 013285462529,1
2017-01-11 09:56:23 INFO AddIdentifyResult: 13990,017865678958,12,
2017-01-11 09:56:30 INFO AddIdentifyResult: 13990,017865678958,10,reg/017865678958_0111095649|reg/017865678958_0111095649|reg/017865678958_
2017-01-11 09:56:30 INFO UpdateUserState: 017865678958,1
2017-01-11 09:56:46 INFO AddIdentifyResult: 13991,015603209615,12,
2017-01-11 09:56:53 INFO AddIdentifyResult: 13991,015603209615,10,reg/015603209615_0111095722|reg/015603209615_0111095722|reg/015603209615_
2017-01-11 09:56:53 INFO UpdateUserState: 015603209615,1
2017-01-11 09:56:59 INFO AddIdentifyResult: 13992,015603209615,-1,
2017-01-11 09:57:11 INFO AddIdentifyResult: 13993,015603209615,-1,
2017-01-11 09:57:18 INFO AddIdentifyResult: 13993,015603209615,-3,
2017-01-11 09:57:57 INFO AddIdentifyResult: 13994,015066042070,-1,
2017-01-11 09:58:04 INFO AddIdentifyResult: 13994,015066042070,-3,
2017-01-11 09:58:11 INFO AddIdentifyResult: 13993,015603209615,0,ver/01/11/095924_015603209615.wav
2017-01-11 09:59:54 INFO AddIdentifyResult: 13994,015066042070,12,
2017-01-11 10:00:01 INFO AddIdentifyResult: 13994,015066042070,10,reg/015066042070_0111100008|reg/015066042070_0111100008|reg/015066042070_
2017-01-11 10:00:02 INFO UpdateUserState: 015066042070,1
2017-01-11 10:01:44 INFO AddIdentifyResult: 13995,015176384960,-1,
2017-01-11 10:01:53 INFO AddIdentifyResult: 13995,015176384960,-3,
2017-01-11 10:03:27 INFO AddIdentifyResult: 13996,013285467805,-1,
2017-01-11 10:03:29 INFO AddIdentifyResult: 13995,015176384960,12,
2017-01-11 10:03:34 INFO AddIdentifyResult: 13996,013285467805,-3,
2017-01-11 10:03:36 INFO AddIdentifyResult: 13995,015176384960,10,reg/015176384960_0111100358|reg/015176384960_0111100358|reg/015176384960_
2017-01-11 10:03:36 INFO UpdateUserState: 015176384960,1
2017-01-11 10:03:49 INFO AddIdentifyResult: 13997,015176384960,-1,
2017-01-11 10:03:58 INFO AddIdentifyResult: 13997,015176384960,-3,
2017-01-11 10:04:50 INFO AddIdentifyResult: 13997,015176384960,0,ver/01/11/100603_015176384960.wav
2017-01-11 10:05:37 INFO AddIdentifyResult: 13996,013285467805,12,
2017-01-11 10:05:44 INFO AddIdentifyResult: 13996,013285467805,10,reg/013285467805_0111100539|reg/013285467805_0111100539|reg/013285467805_
2017-01-11 10:05:44 INFO UpdateUserState: 013285467805,1
2017-01-11 10:06:07 INFO AddIdentifyResult: 13998,013406123246,-1,
2017-01-11 10:06:18 INFO AddIdentifyResult: 13998,013406123246,-3,
2017-01-11 10:06:23 INFO AddIdentifyResult: 13999,18971942180,-1,
2017-01-11 10:06:36 INFO AddIdentifyResult: 14000,015633765205,-1,
2017-01-11 10:06:38 INFO AddIdentifyResult: 14001,18971942180,-1,
2017-01-11 10:06:45 INFO AddIdentifyResult: 14001,18971942180,-3,
2017-01-11 10:06:46 INFO AddIdentifyResult: 14000,015633765205,-3,
2017-01-11 10:07:50 INFO AddIdentifyResult: 14002,013290313990,-1,
2017-01-11 10:07:58 INFO AddIdentifyResult: 14002,013290313990,-3,
2017-01-11 10:08:09 INFO AddIdentifyResult: 13998,013406123246,12,
2017-01-11 10:08:16 INFO AddIdentifyResult: 13998,013406123246,10,reg/013406123246_0111100823|reg/013406123246_0111100823|reg/013406123246_
2017-01-11 10:08:16 INFO UpdateUserState: 013406123246,1
2017-01-11 10:08:18 INFO AddIdentifyResult: 14000,015633765205,12,
2017-01-11 10:08:25 INFO AddIdentifyResult: 14000,015633765205,10,reg/015633765205_0111100851|reg/015633765205_0111100851|reg/015633765205_
2017-01-11 10:08:25 INFO UpdateUserState: 015633765205,1
2017-01-11 10:08:32 INFO AddIdentifyResult: 14003,015633765205,-1,
2017-01-11 10:08:38 INFO AddIdentifyResult: 14003,015633765205,-3,
2017-01-11 10:09:00 INFO AddIdentifyResult: 14001,18971942180,12,
2017-01-11 10:09:06 INFO AddIdentifyResult: 14001,18971942180,10,reg/18971942180_0111101035|reg/18971942180_0111101035|reg/18971942180_0111100850
2017-01-11 10:09:07 INFO UpdateUserState: 18971942180,1
2017-01-11 10:09:24 INFO AddIdentifyResult: 14002,013290313990,12,
2017-01-11 10:09:31 INFO AddIdentifyResult: 14003,015633765205,0,ver/01/11/101044_015633765205.wav
2017-01-11 10:09:32 INFO AddIdentifyResult: 14002,013290313990,10,reg/013290313990_0111101003|reg/013290313990_0111101003|reg/013290313990_
2017-01-11 10:09:32 INFO UpdateUserState: 013290313990,1
2017-01-11 10:09:36 INFO AddIdentifyResult: 14004,013280393315,-1,
2017-01-11 10:09:50 INFO AddIdentifyResult: 14004,013280393315,-3,
2017-01-11 10:11:36 INFO AddIdentifyResult: 14004,013280393315,12,
2017-01-11 10:11:44 INFO AddIdentifyResult: 14004,013280393315,10,reg/013280393315_0111101155|reg/013280393315_0111101155|reg/013280393315_
2017-01-11 10:11:44 INFO UpdateUserState: 013280393315,1
2017-01-11 10:12:01 INFO AddIdentifyResult: 14005,015066058157,-1,
2017-01-11 10:12:06 INFO AddIdentifyResult: 14005,015066058157,-3,
2017-01-11 10:12:09 INFO AddIdentifyResult: 0,18971942180,0,ver/01/11/101323_18971942180.wav
2017-01-11 10:12:52 INFO AddIdentifyResult: 14007,013567761664,-1,
2017-01-11 10:13:33 INFO AddIdentifyResult: 14008,013567761664,-1,
2017-01-11 10:13:43 INFO AddIdentifyResult: 14008,013567761664,-3,
2017-01-11 10:14:05 INFO AddIdentifyResult: 14009,015831477631,-1,
2017-01-11 10:14:15 INFO AddIdentifyResult: 14009,015831477631,-3,
2017-01-11 10:14:15 INFO AddIdentifyResult: 14005,015066058157,12,
2017-01-11 10:14:23 INFO AddIdentifyResult: 14005,015066058157,10,reg/015066058157_0111101411|reg/015066058157_0111101411|reg/015066058157_
2017-01-11 10:14:23 INFO UpdateUserState: 015066058157,1
2017-01-11 10:15:16 INFO AddIdentifyResult: 14008,013567761664,12,
2017-01-11 10:15:23 INFO AddIdentifyResult: 14008,013567761664,10,reg/013567761664_0111101548|reg/013567761664_0111101548|reg/013567761664_
2017-01-11 10:15:24 INFO UpdateUserState: 013567761664,1
2017-01-11 10:15:43 INFO AddIdentifyResult: 14009,015831477631,12,
2017-01-11 10:15:50 INFO AddIdentifyResult: 14009,015831477631,10,reg/015831477631_0111101620|reg/015831477631_0111101620|reg/015831477631_
2017-01-11 10:15:51 INFO UpdateUserState: 015831477631,1
2017-01-11 10:16:01 INFO AddIdentifyResult: 14010,015831477631,-1,
2017-01-11 10:16:11 INFO AddIdentifyResult: 14010,015831477631,-3,
2017-01-11 10:17:04 INFO AddIdentifyResult: 14010,015831477631,0,ver/01/11/101817_015831477631.wav
2017-01-11 10:19:15 INFO AddIdentifyResult: 14011,015633128136,-1,
2017-01-11 10:19:24 INFO AddIdentifyResult: 14012,013290315192,-1,
2017-01-11 10:19:24 INFO AddIdentifyResult: 14011,015633128136,-3,
2017-01-11 10:19:32 INFO AddIdentifyResult: 14012,013290315192,-3,
2017-01-11 10:21:22 INFO AddIdentifyResult: 14011,015633128136,12,
2017-01-11 10:21:27 INFO AddIdentifyResult: 14012,013290315192,12,
2017-01-11 10:21:30 INFO AddIdentifyResult: 14011,015633128136,10,reg/015633128136_0111102250|reg/015633128136_0111102250|reg/015633128136_0111102129
2017-01-11 10:21:30 INFO UpdateUserState: 015633128136,1
2017-01-11 10:21:34 INFO AddIdentifyResult: 14013,015633128136,-1,
2017-01-11 10:21:36 INFO AddIdentifyResult: 14012,013290315192,10,reg/013290315192_0111102137|reg/013290315192_0111102137|reg/013290315192_
2017-01-11 10:21:36 INFO UpdateUserState: 013290315192,1
2017-01-11 10:21:43 INFO AddIdentifyResult: 14013,015633128136,-3,
2017-01-11 10:22:10 INFO AddIdentifyResult: 14014,013280367283,-1,
2017-01-11 10:22:35 INFO AddIdentifyResult: 14013,015633128136,0,ver/01/11/102348_015633128136.wav
2017-01-11 10:22:52 INFO AddIdentifyResult: 14015,015132261848,-1,
2017-01-11 10:22:57 INFO AddIdentifyResult: 14016,013280367283,-1,
2017-01-11 10:23:05 INFO AddIdentifyResult: 14015,015132261848,-3,
2017-01-11 10:24:36 INFO AddIdentifyResult: 14015,015132261848,12,
2017-01-11 10:24:43 INFO AddIdentifyResult: 14015,015132261848,10,reg/015132261848_0111102510|reg/015132261848_0111102510|reg/015132261848_
2017-01-11 10:24:43 INFO UpdateUserState: 015132261848,1
2017-01-11 10:24:55 INFO AddIdentifyResult: 14017,015132261848,-1,
2017-01-11 10:24:58 INFO AddIdentifyResult: 14018,013280367283,-1,
2017-01-11 10:25:09 INFO AddIdentifyResult: 14017,015132261848,-3,
2017-01-11 10:25:19 INFO AddIdentifyResult: 14019,015075271425,-1,
2017-01-11 10:25:35 INFO AddIdentifyResult: 14019,015075271425,-3,
2017-01-11 10:25:45 INFO AddIdentifyResult: 14020,013280365950,-1,
2017-01-11 10:26:01 INFO AddIdentifyResult: 14017,015132261848,0,ver/01/11/102714_015132261848.wav
2017-01-11 10:27:06 INFO AddIdentifyResult: 14019,015075271425,12,
2017-01-11 10:27:13 INFO AddIdentifyResult: 14019,015075271425,10,reg/015075271425_0111102740|reg/015075271425_0111102740|reg/015075271425_
2017-01-11 10:27:13 INFO UpdateUserState: 015075271425,1
2017-01-11 10:27:25 INFO AddIdentifyResult: 14021,015075271425,-1,
2017-01-11 10:27:39 INFO AddIdentifyResult: 14021,015075271425,-3,
2017-01-11 10:28:10 INFO AddIdentifyResult: 14022,01328037283,-1,
2017-01-11 10:28:24 INFO AddIdentifyResult: 14023,013280365950,-1,
2017-01-11 10:28:31 INFO AddIdentifyResult: 14021,015075271425,0,ver/01/11/102944_015075271425.wav
2017-01-11 10:28:31 INFO AddIdentifyResult: 14023,013280365950,-3,
2017-01-11 10:28:34 INFO AddIdentifyResult: 14024,013280367283,-1,
2017-01-11 10:28:44 INFO AddIdentifyResult: 14024,013280367283,-3,
2017-01-11 10:30:31 INFO AddIdentifyResult: 14023,013280365950,12,
2017-01-11 10:30:38 INFO AddIdentifyResult: 14023,013280365950,10,reg/013280365950_0111103036|reg/013280365950_0111103036|reg/013280365950_
2017-01-11 10:30:38 INFO UpdateUserState: 013280365950,1
2017-01-11 10:30:44 INFO AddIdentifyResult: 14024,013280367283,12,
2017-01-11 10:30:53 INFO AddIdentifyResult: 14024,013280367283,10,reg/013280367283_0111103049|reg/013280367283_0111103049|reg/013280367283_
2017-01-11 10:30:53 INFO UpdateUserState: 013280367283,1
2017-01-11 10:30:54 INFO AddIdentifyResult: 14025,015633203573,-1,
2017-01-11 10:31:01 INFO AddIdentifyResult: 14025,015633203573,-3,
2017-01-11 10:32:13 INFO AddIdentifyResult: 14026,013280367283,-1,
2017-01-11 10:32:34 INFO AddIdentifyResult: 14025,015633203573,12,
2017-01-11 10:32:41 INFO AddIdentifyResult: 14025,015633203573,10,reg/015633203573_0111103306|reg/015633203573_0111103306|reg/015633203573_
2017-01-11 10:32:41 INFO UpdateUserState: 015633203573,1
2017-01-11 10:32:43 INFO AddIdentifyResult: 14026,013280367283,-3,
2017-01-11 10:32:46 INFO AddIdentifyResult: 14027,015633203573,-1,
2017-01-11 10:32:55 INFO AddIdentifyResult: 14027,015633203573,-3,
2017-01-11 10:33:48 INFO AddIdentifyResult: 14027,015633203573,0,ver/01/11/103501_015633203573.wav
2017-01-11 10:34:25 INFO AddIdentifyResult: 14026,013280367283,12,
2017-01-11 10:34:33 INFO AddIdentifyResult: 14026,013280367283,10,reg/013280367283_0111103448|reg/013280367283_0111103448|reg/013280367283_
2017-01-11 10:34:33 INFO UpdateUserState: 013280367283,1
2017-01-11 10:37:31 INFO AddIdentifyResult: 14028,013280393853,-1,
2017-01-11 10:37:41 INFO AddIdentifyResult: 14028,013280393853,-3,
2017-01-11 10:38:24 INFO AddIdentifyResult: 14029,015603272309,-1,
2017-01-11 10:38:39 INFO AddIdentifyResult: 14029,015603272309,-3,
2017-01-11 10:39:08 INFO AddIdentifyResult: 14028,013280393853,12,
2017-01-11 10:39:15 INFO AddIdentifyResult: 14028,013280393853,10,reg/013280393853_0111103946|reg/013280393853_0111103946|reg/013280393853_
2017-01-11 10:39:15 INFO UpdateUserState: 013280393853,1
2017-01-11 10:40:18 INFO AddIdentifyResult: 14029,015603272309,12,
2017-01-11 10:40:25 INFO AddIdentifyResult: 14029,015603272309,10,reg/015603272309_0111104044|reg/015603272309_0111104044|reg/015603272309_
2017-01-11 10:40:25 INFO UpdateUserState: 015603272309,1
2017-01-11 10:40:27 INFO AddIdentifyResult: 14030,013290315381,-1,
2017-01-11 10:40:41 INFO AddIdentifyResult: 14030,013290315381,-3,
2017-01-11 10:40:42 INFO AddIdentifyResult: 14031,015603272309,-1,
2017-01-11 10:40:46 INFO AddIdentifyResult: 14032,013290315826,-1,
2017-01-11 10:40:54 INFO AddIdentifyResult: 14031,015603272309,-3,
2017-01-11 10:40:54 INFO AddIdentifyResult: 14032,013290315826,-3,
2017-01-11 10:41:46 INFO AddIdentifyResult: 14031,015603272309,0,ver/01/11/104259_015603272309.wav
2017-01-11 10:42:11 INFO AddIdentifyResult: 14030,013290315381,11,reg/013290315381_|reg/013290315381_|reg/013290315381_
2017-01-11 10:42:22 INFO AddIdentifyResult: 14033,013290315381,-1,
2017-01-11 10:42:28 INFO AddIdentifyResult: 14033,013290315381,-3,
2017-01-11 10:42:33 INFO AddIdentifyResult: 14032,013290315826,12,
2017-01-11 10:42:41 INFO AddIdentifyResult: 14032,013290315826,10,reg/013290315826_0111104259|reg/013290315826_0111104259|reg/013290315826_
2017-01-11 10:42:41 INFO UpdateUserState: 013290315826,1
2017-01-11 10:43:51 INFO AddIdentifyResult: 14033,013290315381,12,
2017-01-11 10:43:57 INFO AddIdentifyResult: 14033,013290315381,10,reg/013290315381_0111104433|reg/013290315381_0111104433|reg/013290315381_
2017-01-11 10:43:58 INFO UpdateUserState: 013290315381,1
2017-01-11 10:44:41 INFO AddIdentifyResult: 14034,013280393982,-1,
2017-01-11 10:44:45 INFO AddIdentifyResult: 14034,013280393982,-3,
2017-01-11 10:45:35 INFO AddIdentifyResult: 14035,018732207345,-1,
2017-01-11 10:45:43 INFO AddIdentifyResult: 14035,018732207345,-3,
2017-01-11 10:46:18 INFO AddIdentifyResult: 14034,013280393982,12,
2017-01-11 10:46:26 INFO AddIdentifyResult: 14034,013280393982,10,reg/013280393982_0111104651|reg/013280393982_0111104651|reg/013280393982_
2017-01-11 10:46:26 INFO UpdateUserState: 013280393982,1
2017-01-11 10:48:08 INFO AddIdentifyResult: 14035,018732207345,12,
2017-01-11 10:48:15 INFO AddIdentifyResult: 14035,018732207345,10,reg/018732207345_0111104934|reg/018732207345_0111104934|reg/018732207345_0111104748
2017-01-11 10:48:15 INFO UpdateUserState: 018732207345,1
2017-01-11 10:48:24 INFO AddIdentifyResult: 14036,018732207345,-1,
2017-01-11 10:48:33 INFO AddIdentifyResult: 14036,018732207345,-3,
2017-01-11 10:49:24 INFO AddIdentifyResult: 14036,018732207345,0,ver/01/11/105038_018732207345.wav
2017-01-11 10:49:40 INFO AddIdentifyResult: 14037,015530217608,-1,
2017-01-11 10:49:48 INFO AddIdentifyResult: 14037,015530217608,-3,
2017-01-11 10:50:03 INFO AddIdentifyResult: 14038,013290315873,-1,
2017-01-11 10:50:09 INFO AddIdentifyResult: 14038,013290315873,-3,
2017-01-11 10:50:19 INFO AddIdentifyResult: 14039,015511233507,-1,
2017-01-11 10:50:25 INFO AddIdentifyResult: 14039,015511233507,-3,
2017-01-11 10:51:12 INFO AddIdentifyResult: 14038,013290315873,11,reg/013290315873_|reg/013290315873_|reg/013290315873_
2017-01-11 10:51:57 INFO AddIdentifyResult: 14040,013290315873,-1,
2017-01-11 10:51:58 INFO AddIdentifyResult: 14039,015511233507,12,
2017-01-11 10:51:59 INFO AddIdentifyResult: 14037,015530217608,12,
2017-01-11 10:52:00 INFO AddIdentifyResult: 14040,013290315873,-3,
2017-01-11 10:52:05 INFO AddIdentifyResult: 14039,015511233507,10,reg/015511233507_0111105230|reg/015511233507_0111105230|reg/015511233507_
2017-01-11 10:52:05 INFO UpdateUserState: 015511233507,1
2017-01-11 10:52:12 INFO AddIdentifyResult: 14037,015530217608,10,reg/015530217608_0111105153|reg/015530217608_0111105153|reg/015530217608_
2017-01-11 10:52:12 INFO UpdateUserState: 015530217608,1
2017-01-11 10:52:19 INFO AddIdentifyResult: 14041,015530217608,-1,
2017-01-11 10:52:23 INFO AddIdentifyResult: 14042,015511233507,-1,
2017-01-11 10:52:27 INFO AddIdentifyResult: 14041,015530217608,-3,
2017-01-11 10:52:39 INFO AddIdentifyResult: 14043,015511233507,-1,
2017-01-11 10:52:44 INFO AddIdentifyResult: 14043,015511233507,-3,
2017-01-11 10:53:18 INFO AddIdentifyResult: 14041,015530217608,0,ver/01/11/105432_015530217608.wav
2017-01-11 10:53:37 INFO AddIdentifyResult: 14043,015511233507,0,ver/01/11/105450_015511233507.wav
2017-01-11 10:54:21 INFO AddIdentifyResult: 14040,013290315873,12,
2017-01-11 10:54:29 INFO AddIdentifyResult: 14040,013290315873,10,reg/013290315873_0111105405|reg/013290315873_0111105405|reg/013290315873_
2017-01-11 10:54:29 INFO UpdateUserState: 013290315873,1
2017-01-11 10:57:08 INFO AddIdentifyResult: 14044,013832248858,-1,
2017-01-11 10:57:17 INFO AddIdentifyResult: 14044,013832248858,-3,
2017-01-11 10:59:27 INFO AddIdentifyResult: 14044,013832248858,12,
2017-01-11 10:59:33 INFO AddIdentifyResult: 14044,013832248858,10,reg/013832248858_0111110059|reg/013832248858_0111110059|reg/013832248858_0111105922
2017-01-11 10:59:34 INFO UpdateUserState: 013832248858,1
2017-01-11 10:59:52 INFO AddIdentifyResult: 14045,013832248858,-1,
2017-01-11 11:00:00 INFO AddIdentifyResult: 14045,013832248858,-3,
2017-01-11 11:00:27 INFO AddIdentifyResult: 14046,013582821304,-1,
2017-01-11 11:00:32 INFO AddIdentifyResult: 14047,013280395007,-1,
2017-01-11 11:00:38 INFO AddIdentifyResult: 14047,013280395007,-3,
2017-01-11 11:00:46 INFO AddIdentifyResult: 14046,013582821304,-3,
2017-01-11 11:00:51 INFO AddIdentifyResult: 14045,013832248858,0,ver/01/11/110205_013832248858.wav
2017-01-11 11:01:08 INFO AddIdentifyResult: 14048,013280395070,-1,
2017-01-11 11:01:18 INFO AddIdentifyResult: 14048,013280395070,-3,
2017-01-11 11:02:13 INFO AddIdentifyResult: 14047,013280395007,12,
2017-01-11 11:02:21 INFO AddIdentifyResult: 14047,013280395007,10,reg/013280395007_0111110243|reg/013280395007_0111110243|reg/013280395007_
2017-01-11 11:02:22 INFO UpdateUserState: 013280395007,1
2017-01-11 11:03:06 INFO AddIdentifyResult: 14049,015533125305,-1,
2017-01-11 11:03:20 INFO AddIdentifyResult: 14048,013280395070,12,
2017-01-11 11:03:27 INFO AddIdentifyResult: 14049,015533125305,-3,
2017-01-11 11:03:28 INFO AddIdentifyResult: 14048,013280395070,10,reg/013280395070_0111110323|reg/013280395070_0111110323|reg/013280395070_
2017-01-11 11:03:28 INFO UpdateUserState: 013280395070,1
2017-01-11 11:03:31 INFO AddIdentifyResult: 14046,013582821304,11,reg/013582821304_|reg/013582821304_|reg/013582821304_
2017-01-11 11:03:37 INFO AddIdentifyResult: 14049,015533125305,11,reg/015533125305_|reg/015533125305_|reg/015533125305_
2017-01-11 11:04:22 INFO AddIdentifyResult: 14050,013582821304,-1,
2017-01-11 11:04:23 INFO AddIdentifyResult: 14051,013963375378,-1,
2017-01-11 11:04:30 INFO AddIdentifyResult: 14051,013963375378,-3,
2017-01-11 11:04:30 INFO AddIdentifyResult: 14050,013582821304,-3,
2017-01-11 11:06:02 INFO AddIdentifyResult: 14052,015533125305,-1,
2017-01-11 11:06:12 INFO AddIdentifyResult: 14050,013582821304,11,reg/013582821304_|reg/013582821304_|reg/013582821304_
2017-01-11 11:06:12 INFO AddIdentifyResult: 14051,013963375378,12,
2017-01-11 11:06:20 INFO AddIdentifyResult: 14051,013963375378,10,reg/013963375378_0111110635|reg/013963375378_0111110635|reg/013963375378_
2017-01-11 11:06:20 INFO UpdateUserState: 013963375378,1
2017-01-11 11:07:41 INFO AddIdentifyResult: 14053,015633125305,-1,
2017-01-11 11:07:51 INFO AddIdentifyResult: 14053,015633125305,-3,
2017-01-11 11:08:25 INFO AddIdentifyResult: 14054,013582821304,-1,
2017-01-11 11:09:07 INFO AddIdentifyResult: 14055,013582821304,-1,
2017-01-11 11:09:17 INFO AddIdentifyResult: 14055,013582821304,-3,
2017-01-11 11:09:24 INFO AddIdentifyResult: 14053,015633125305,12,
2017-01-11 11:09:30 INFO AddIdentifyResult: 14053,015633125305,10,reg/015633125305_0111110956|reg/015633125305_0111110956|reg/015633125305_
2017-01-11 11:09:30 INFO UpdateUserState: 015633125305,1
2017-01-11 11:09:37 INFO AddIdentifyResult: 14056,015633125305,-1,
2017-01-11 11:09:44 INFO AddIdentifyResult: 14056,015633125305,-3,
2017-01-11 11:10:36 INFO AddIdentifyResult: 14056,015633125305,0,ver/01/11/111150_015633125305.wav
2017-01-11 11:10:51 INFO AddIdentifyResult: 14055,013582821304,12,
2017-01-11 11:10:58 INFO AddIdentifyResult: 14055,013582821304,10,reg/013582821304_0111111122|reg/013582821304_0111111122|reg/013582821304_
2017-01-11 11:10:59 INFO UpdateUserState: 013582821304,1
2017-01-11 11:11:08 INFO AddIdentifyResult: 14057,013582821304,-1,
2017-01-11 11:11:27 INFO AddIdentifyResult: 14057,013582821304,-3,
2017-01-11 11:12:20 INFO AddIdentifyResult: 14057,013582821304,0,ver/01/11/111333_013582821304.wav
2017-01-11 11:17:00 INFO AddIdentifyResult: 14058,015632257730,-1,
2017-01-11 11:17:10 INFO AddIdentifyResult: 14058,015632257730,-3,
2017-01-11 11:18:02 INFO AddIdentifyResult: 14059,013630854005,-1,
2017-01-11 11:18:09 INFO AddIdentifyResult: 14059,013630854005,-3,
2017-01-11 11:18:42 INFO AddIdentifyResult: 14058,015632257730,12,
2017-01-11 11:18:49 INFO AddIdentifyResult: 14058,015632257730,10,reg/015632257730_0111111916|reg/015632257730_0111111916|reg/015632257730_
2017-01-11 11:18:49 INFO UpdateUserState: 015632257730,1
2017-01-11 11:18:59 INFO AddIdentifyResult: 14060,015632257730,-1,
2017-01-11 11:19:06 INFO AddIdentifyResult: 14060,015632257730,-3,
2017-01-11 11:19:40 INFO AddIdentifyResult: 14059,013630854005,12,
2017-01-11 11:19:47 INFO AddIdentifyResult: 14059,013630854005,10,reg/013630854005_0111112014|reg/013630854005_0111112014|reg/013630854005_
2017-01-11 11:19:48 INFO UpdateUserState: 013630854005,1
2017-01-11 11:19:55 INFO AddIdentifyResult: 14061,013630854005,-1,
2017-01-11 11:19:59 INFO AddIdentifyResult: 14060,015632257730,0,ver/01/11/112112_015632257730.wav
2017-01-11 11:20:03 INFO AddIdentifyResult: 14061,013630854005,-3,
2017-01-11 11:20:56 INFO AddIdentifyResult: 14061,013630854005,0,ver/01/11/112209_013630854005.wav
2017-01-11 11:26:37 INFO AddIdentifyResult: 14062,015512282189,-1,
2017-01-11 11:26:46 INFO AddIdentifyResult: 14062,015512282189,-3,
2017-01-11 11:28:16 INFO AddIdentifyResult: 14062,015512282189,12,
2017-01-11 11:28:23 INFO AddIdentifyResult: 14062,015512282189,10,reg/015512282189_0111112851|reg/015512282189_0111112851|reg/015512282189_
2017-01-11 11:28:23 INFO UpdateUserState: 015512282189,1
2017-01-11 11:28:38 INFO AddIdentifyResult: 14063,015512282189,-1,
2017-01-11 11:29:07 INFO AddIdentifyResult: 14064,015512282189,-1,
2017-01-11 11:29:20 INFO AddIdentifyResult: 14064,015512282189,-3,
2017-01-11 11:30:12 INFO AddIdentifyResult: 14064,015512282189,0,ver/01/11/113125_015512282189.wav
2017-01-11 11:31:53 INFO AddIdentifyResult: 14065,015603203785,-1,
2017-01-11 11:32:02 INFO AddIdentifyResult: 14065,015603203785,-3,
2017-01-11 11:33:22 INFO AddIdentifyResult: 14066,013833074024,-1,
2017-01-11 11:33:33 INFO AddIdentifyResult: 14066,013833074024,-3,
2017-01-11 11:34:21 INFO AddIdentifyResult: 14065,015603203785,12,
2017-01-11 11:34:28 INFO AddIdentifyResult: 14065,015603203785,10,reg/015603203785_0111113546|reg/015603203785_0111113546|reg/015603203785_0111113407
2017-01-11 11:34:28 INFO UpdateUserState: 015603203785,1
2017-01-11 11:34:43 INFO AddIdentifyResult: 14067,015603203785,-1,
2017-01-11 11:34:48 INFO AddIdentifyResult: 14067,015603203785,-3,
2017-01-11 11:35:14 INFO AddIdentifyResult: 14066,013833074024,12,
2017-01-11 11:35:21 INFO AddIdentifyResult: 14066,013833074024,10,reg/013833074024_0111113538|reg/013833074024_0111113538|reg/013833074024_
2017-01-11 11:35:21 INFO UpdateUserState: 013833074024,1
2017-01-11 11:35:24 INFO AddIdentifyResult: 14068,013833074024,-1,
2017-01-11 11:35:33 INFO AddIdentifyResult: 14068,013833074024,-3,
2017-01-11 11:35:40 INFO AddIdentifyResult: 14067,015603203785,0,ver/01/11/113654_015603203785.wav
2017-01-11 11:36:08 INFO AddIdentifyResult: 14069,015027884302,-1,
2017-01-11 11:36:15 INFO AddIdentifyResult: 14069,015027884302,-3,
2017-01-11 11:36:26 INFO AddIdentifyResult: 14068,013833074024,0,ver/01/11/113739_013833074024.wav
2017-01-11 11:37:34 INFO AddIdentifyResult: 14070,015632287296,-1,
2017-01-11 11:37:42 INFO AddIdentifyResult: 14070,015632287296,-3,
2017-01-11 11:38:06 INFO AddIdentifyResult: 14069,015027884302,12,
2017-01-11 11:38:12 INFO AddIdentifyResult: 14069,015027884302,10,reg/015027884302_0111113945|reg/015027884302_0111113945|reg/015027884302_0111113820
2017-01-11 11:38:13 INFO UpdateUserState: 015027884302,1
2017-01-11 11:38:17 INFO AddIdentifyResult: 14071,015027884302,-1,
2017-01-11 11:38:23 INFO AddIdentifyResult: 14071,015027884302,-3,
2017-01-11 11:39:16 INFO AddIdentifyResult: 14071,015027884302,0,ver/01/11/114029_015027884302.wav
2017-01-11 11:39:51 INFO AddIdentifyResult: 14070,015632287296,12,
2017-01-11 11:39:57 INFO AddIdentifyResult: 14070,015632287296,10,reg/015632287296_0111114120|reg/015632287296_0111114120|reg/015632287296_0111113947
2017-01-11 11:39:57 INFO UpdateUserState: 015632287296,1
2017-01-11 11:40:03 INFO AddIdentifyResult: 14072,015632287296,-1,
2017-01-11 11:40:10 INFO AddIdentifyResult: 14072,015632287296,-3,
2017-01-11 11:41:02 INFO AddIdentifyResult: 14072,015632287296,0,ver/01/11/114216_015632287296.wav
2017-01-11 11:42:05 INFO AddIdentifyResult: 14073,015632287296,-1,
2017-01-11 11:42:19 INFO AddIdentifyResult: 14073,015632287296,-3,
2017-01-11 11:42:35 INFO AddIdentifyResult: 14074,015603220217,-1,
2017-01-11 11:42:45 INFO AddIdentifyResult: 14074,015603220217,-3,
2017-01-11 11:43:10 INFO AddIdentifyResult: 14073,015632287296,0,ver/01/11/114424_015632287296.wav
2017-01-11 11:44:18 INFO AddIdentifyResult: 14074,015603220217,12,
2017-01-11 11:44:25 INFO AddIdentifyResult: 14074,015603220217,10,reg/015603220217_0111114450|reg/015603220217_0111114450|reg/015603220217_
2017-01-11 11:44:25 INFO UpdateUserState: 015603220217,1
2017-01-11 11:44:29 INFO AddIdentifyResult: 14075,015603220217,-1,
2017-01-11 11:44:34 INFO AddIdentifyResult: 14075,015603220217,-3,
2017-01-11 11:45:27 INFO AddIdentifyResult: 14075,015603220217,0,ver/01/11/114640_015603220217.wav
2017-01-11 11:47:44 INFO AddIdentifyResult: 14076,013663220082,-1,
2017-01-11 11:48:28 INFO AddIdentifyResult: 14077,013663220082,-1,
2017-01-11 11:48:38 INFO AddIdentifyResult: 14077,013663220082,-3,
2017-01-11 11:49:18 INFO AddIdentifyResult: 14077,013663220082,11,reg/013663220082_|reg/013663220082_|reg/013663220082_
2017-01-11 11:49:51 INFO AddIdentifyResult: 14078,013663220082,-1,
2017-01-11 11:50:03 INFO AddIdentifyResult: 14078,013663220082,-3,
2017-01-11 11:52:06 INFO AddIdentifyResult: 14078,013663220082,12,
2017-01-11 11:52:14 INFO AddIdentifyResult: 14078,013663220082,10,reg/013663220082_0111115208|reg/013663220082_0111115208|reg/013663220082_
2017-01-11 11:52:15 INFO UpdateUserState: 013663220082,1
2017-01-11 11:52:28 INFO AddIdentifyResult: 14079,013663220082,-1,
2017-01-11 11:52:39 INFO AddIdentifyResult: 14079,013663220082,-3,
2017-01-11 11:53:31 INFO AddIdentifyResult: 14079,013663220082,0,ver/01/11/115445_013663220082.wav
2017-01-11 11:53:43 INFO AddIdentifyResult: 14080,015831574536,-1,
2017-01-11 11:53:50 INFO AddIdentifyResult: 14080,015831574536,-3,
2017-01-11 11:53:52 INFO AddIdentifyResult: 14081,015632282502,-1,
2017-01-11 11:54:03 INFO AddIdentifyResult: 14081,015632282502,-3,
2017-01-11 11:55:19 INFO AddIdentifyResult: 14080,015831574536,12,
2017-01-11 11:55:22 INFO AddIdentifyResult: 14081,015632282502,11,reg/015632282502_|reg/015632282502_|reg/015632282502_
2017-01-11 11:55:27 INFO AddIdentifyResult: 14080,015831574536,10,reg/015831574536_0111115555|reg/015831574536_0111115555|reg/015831574536_
2017-01-11 11:55:27 INFO UpdateUserState: 015831574536,1
2017-01-11 11:55:47 INFO AddIdentifyResult: 14082,015831574536,-1,
2017-01-11 11:55:51 INFO AddIdentifyResult: 14083,015530237209,-1,
2017-01-11 11:55:55 INFO AddIdentifyResult: 14082,015831574536,-3,
2017-01-11 11:56:17 INFO AddIdentifyResult: 14084,015632282502,-1,
2017-01-11 11:56:24 INFO AddIdentifyResult: 14084,015632282502,-3,
2017-01-11 11:56:48 INFO AddIdentifyResult: 14082,015831574536,0,ver/01/11/115801_015831574536.wav
2017-01-11 11:57:17 INFO AddIdentifyResult: 14085,015530237209,-1,
2017-01-11 11:57:56 INFO AddIdentifyResult: 14084,015632282502,12,
2017-01-11 11:58:03 INFO AddIdentifyResult: 14084,015632282502,10,reg/015632282502_0111115829|reg/015632282502_0111115829|reg/015632282502_
2017-01-11 11:58:03 INFO UpdateUserState: 015632282502,1
2017-01-11 11:58:12 INFO AddIdentifyResult: 14086,015632282502,-1,
2017-01-11 11:58:21 INFO AddIdentifyResult: 14086,015632282502,-3,
2017-01-11 11:58:51 INFO AddIdentifyResult: 14087,015530237209,-1,
2017-01-11 11:58:52 INFO AddIdentifyResult: 14088,015530203203,-1,
2017-01-11 11:58:54 INFO AddIdentifyResult: 14087,015530237209,-3,
2017-01-11 11:58:59 INFO AddIdentifyResult: 14088,015530203203,-3,
2017-01-11 11:59:14 INFO AddIdentifyResult: 14086,015632282502,0,ver/01/11/120027_015632282502.wav
2017-01-11 12:00:20 INFO AddIdentifyResult: 14087,015530237209,12,
2017-01-11 12:00:27 INFO AddIdentifyResult: 14087,015530237209,10,reg/015530237209_0111120059|reg/015530237209_0111120059|reg/015530237209_
2017-01-11 12:00:27 INFO UpdateUserState: 015530237209,1
2017-01-11 12:00:33 INFO AddIdentifyResult: 14089,015530237209,-1,
2017-01-11 12:00:40 INFO AddIdentifyResult: 14089,015530237209,-3,
2017-01-11 12:00:43 INFO AddIdentifyResult: 14088,015530203203,12,
2017-01-11 12:00:51 INFO AddIdentifyResult: 14088,015530203203,10,reg/015530203203_0111120105|reg/015530203203_0111120105|reg/015530203203_
2017-01-11 12:00:51 INFO UpdateUserState: 015530203203,1
2017-01-11 12:01:00 INFO AddIdentifyResult: 14090,015530203203,-1,
2017-01-11 12:01:12 INFO AddIdentifyResult: 14090,015530203203,-3,
2017-01-11 12:01:33 INFO AddIdentifyResult: 14089,015530237209,0,ver/01/11/120246_015530237209.wav
2017-01-11 12:02:04 INFO AddIdentifyResult: 14090,015530203203,0,ver/01/11/120317_015530203203.wav
2017-01-11 12:04:58 INFO AddIdentifyResult: 14091,015630226737,-1,
2017-01-11 12:05:04 INFO AddIdentifyResult: 14091,015630226737,-3,
2017-01-11 12:06:36 INFO AddIdentifyResult: 14091,015630226737,12,
2017-01-11 12:06:43 INFO AddIdentifyResult: 14091,015630226737,10,reg/015630226737_0111120709|reg/015630226737_0111120709|reg/015630226737_
2017-01-11 12:06:43 INFO UpdateUserState: 015630226737,1
2017-01-11 12:06:56 INFO AddIdentifyResult: 14092,015630226737,-1,
2017-01-11 12:07:02 INFO AddIdentifyResult: 14092,015630226737,-3,
2017-01-11 12:07:54 INFO AddIdentifyResult: 14092,015630226737,0,ver/01/11/120908_015630226737.wav
2017-01-11 12:08:45 INFO AddIdentifyResult: 14093,015633767313,-1,
2017-01-11 12:08:52 INFO AddIdentifyResult: 14093,015633767313,-3,
2017-01-11 12:10:21 INFO AddIdentifyResult: 14093,015633767313,12,
2017-01-11 12:10:28 INFO AddIdentifyResult: 14093,015633767313,10,reg/015633767313_0111121057|reg/015633767313_0111121057|reg/015633767313_
2017-01-11 12:10:28 INFO UpdateUserState: 015633767313,1
2017-01-11 12:12:32 INFO AddIdentifyResult: 14094,015633767313,-1,
2017-01-11 12:14:27 INFO AddIdentifyResult: 14095,015633767313,-1,
2017-01-11 12:14:58 INFO AddIdentifyResult: 14096,015633767313,-1,
2017-01-11 12:19:39 INFO AddIdentifyResult: 14097,015633767313,-1,
2017-01-11 12:19:47 INFO AddIdentifyResult: 14097,015633767313,-3,
2017-01-11 12:20:40 INFO AddIdentifyResult: 14097,015633767313,0,ver/01/11/122153_015633767313.wav
2017-01-11 12:24:22 INFO AddIdentifyResult: 14098,018331030708,-1,
2017-01-11 12:24:42 INFO AddIdentifyResult: 14098,018331030708,-3,
2017-01-11 12:26:16 INFO AddIdentifyResult: 14098,018331030708,12,
2017-01-11 12:26:23 INFO AddIdentifyResult: 14098,018331030708,10,reg/018331030708_0111122647|reg/018331030708_0111122647|reg/018331030708_
2017-01-11 12:26:23 INFO UpdateUserState: 018331030708,1
2017-01-11 12:27:25 INFO AddIdentifyResult: 14099,018331030708,-1,
2017-01-11 12:27:32 INFO AddIdentifyResult: 14099,018331030708,-3,
2017-01-11 12:29:11 INFO AddIdentifyResult: 14099,018331030708,12,
2017-01-11 12:29:18 INFO AddIdentifyResult: 14099,018331030708,10,reg/018331030708_0111122937|reg/018331030708_0111122937|reg/018331030708_
2017-01-11 12:29:18 INFO UpdateUserState: 018331030708,1
2017-01-11 12:29:21 INFO AddIdentifyResult: 14100,018331030708,-1,
2017-01-11 12:29:28 INFO AddIdentifyResult: 14100,018331030708,-3,
2017-01-11 12:30:20 INFO AddIdentifyResult: 14100,018331030708,0,ver/01/11/123134_018331030708.wav
2017-01-11 12:33:33 INFO AddIdentifyResult: 14101,015512280325,-1,
2017-01-11 12:33:43 INFO AddIdentifyResult: 14101,015512280325,-3,
2017-01-11 12:35:57 INFO AddIdentifyResult: 0,013833074024,1,
2017-01-11 12:36:00 INFO AddIdentifyResult: 14101,015512280325,12,
2017-01-11 12:36:09 INFO AddIdentifyResult: 14103,015512280325,-4,2
2017-01-11 12:36:10 INFO AddIdentifyResult: 14101,015512280325,10,reg/015512280325_0111123548|reg/015512280325_0111123548|reg/015512280325_
2017-01-11 12:36:11 INFO UpdateUserState: 015512280325,1
2017-01-11 12:36:22 INFO AddIdentifyResult: 14104,015512280325,-1,
2017-01-11 12:36:27 INFO AddIdentifyResult: 14104,015512280325,-3,
2017-01-11 12:36:27 INFO AddIdentifyResult: 0,013833074024,1,
2017-01-11 12:37:19 INFO AddIdentifyResult: 14104,015512280325,0,ver/01/11/123833_015512280325.wav
2017-01-11 12:41:16 INFO AddIdentifyResult: 14105,013280395160,-1,
2017-01-11 12:41:22 INFO AddIdentifyResult: 14105,013280395160,-3,
2017-01-11 12:43:21 INFO AddIdentifyResult: 14105,013280395160,12,
2017-01-11 12:43:29 INFO AddIdentifyResult: 14105,013280395160,10,reg/013280395160_0111124327|reg/013280395160_0111124327|reg/013280395160_
2017-01-11 12:43:30 INFO UpdateUserState: 013280395160,1
2017-01-11 12:44:02 INFO AddIdentifyResult: 14106,017865678958,-1,
2017-01-11 12:44:13 INFO AddIdentifyResult: 14106,017865678958,-3,
2017-01-11 12:46:23 INFO AddIdentifyResult: 14106,017865678958,12,
2017-01-11 12:46:30 INFO AddIdentifyResult: 14106,017865678958,10,reg/017865678958_0111124619|reg/017865678958_0111124619|reg/017865678958_
2017-01-11 12:46:30 INFO UpdateUserState: 017865678958,1
2017-01-11 13:04:32 INFO AddIdentifyResult: 14107,013280395271,-1,
2017-01-11 13:04:37 INFO AddIdentifyResult: 14107,013280395271,-3,
2017-01-11 13:07:02 INFO AddIdentifyResult: 14107,013280395271,12,
2017-01-11 13:07:09 INFO AddIdentifyResult: 14107,013280395271,10,reg/013280395271_0111130643|reg/013280395271_0111130643|reg/013280395271_
2017-01-11 13:07:09 INFO UpdateUserState: 013280395271,1
2017-01-11 13:44:24 INFO AddIdentifyResult: 14108,013280396383,-1,
2017-01-11 13:44:33 INFO AddIdentifyResult: 14108,013280396383,-3,
2017-01-11 13:46:01 INFO AddIdentifyResult: 14108,013280396383,12,
2017-01-11 13:46:08 INFO AddIdentifyResult: 14108,013280396383,10,reg/013280396383_0111134744|reg/013280396383_0111134744|reg/013280396383_0111134638
2017-01-11 13:46:08 INFO UpdateUserState: 013280396383,1
2017-01-11 14:23:34 INFO AddIdentifyResult: 14109,013730252194,-1,
2017-01-11 14:23:44 INFO AddIdentifyResult: 14109,013730252194,-3,
2017-01-11 14:25:46 INFO AddIdentifyResult: 14109,013730252194,12,
2017-01-11 14:25:53 INFO AddIdentifyResult: 14109,013730252194,10,reg/013730252194_0111142718|reg/013730252194_0111142718|reg/013730252194_0111142550
2017-01-11 14:25:53 INFO UpdateUserState: 013730252194,1
2017-01-11 14:26:01 INFO AddIdentifyResult: 14110,013730252194,-1,
2017-01-11 14:26:08 INFO AddIdentifyResult: 14110,013730252194,-3,
2017-01-11 14:27:00 INFO AddIdentifyResult: 14110,013730252194,0,ver/01/11/142814_013730252194.wav
2017-01-11 14:27:21 INFO AddIdentifyResult: 14111,013290316031,-1,
2017-01-11 14:27:48 INFO AddIdentifyResult: 14112,013290316230,-1,
2017-01-11 14:27:56 INFO AddIdentifyResult: 14112,013290316230,-3,
2017-01-11 14:28:12 INFO AddIdentifyResult: 14113,015530203975,-1,
2017-01-11 14:28:17 INFO AddIdentifyResult: 14113,015530203975,-3,
2017-01-11 14:29:12 INFO AddIdentifyResult: 14114,013290316031,-1,
2017-01-11 14:29:19 INFO AddIdentifyResult: 14114,013290316031,-3,
2017-01-11 14:29:41 INFO AddIdentifyResult: 14112,013290316230,12,
2017-01-11 14:29:48 INFO AddIdentifyResult: 14112,013290316230,10,reg/013290316230_0111143126|reg/013290316230_0111143126|reg/013290316230_0111143001
2017-01-11 14:29:48 INFO UpdateUserState: 013290316230,1
2017-01-11 14:30:15 INFO AddIdentifyResult: 14113,015530203975,11,reg/015530203975_|reg/015530203975_|reg/015530203975_
2017-01-11 14:30:38 INFO AddIdentifyResult: 14115,015530203975,-1,
2017-01-11 14:31:06 INFO AddIdentifyResult: 14116,015530203975,-1,
2017-01-11 14:31:09 INFO AddIdentifyResult: 14114,013290316031,12,
2017-01-11 14:31:15 INFO AddIdentifyResult: 14116,015530203975,-3,
2017-01-11 14:31:17 INFO AddIdentifyResult: 14114,013290316031,10,reg/013290316031_0111143124|reg/013290316031_0111143124|reg/013290316031_
2017-01-11 14:31:18 INFO UpdateUserState: 013290316031,1
2017-01-11 14:31:23 INFO AddIdentifyResult: 14117,013275467288,-1,
2017-01-11 14:31:36 INFO AddIdentifyResult: 14117,013275467288,-3,
2017-01-11 14:32:35 INFO AddIdentifyResult: 14118,013290316230,-1,
2017-01-11 14:33:35 INFO AddIdentifyResult: 14117,013275467288,12,
2017-01-11 14:33:42 INFO AddIdentifyResult: 14117,013275467288,10,reg/013275467288_0111143342|reg/013275467288_0111143342|reg/013275467288_
2017-01-11 14:33:42 INFO UpdateUserState: 013275467288,1
2017-01-11 14:34:40 INFO AddIdentifyResult: 14116,015530203975,11,reg/015530203975_|reg/015530203975_|reg/015530203975_
2017-01-11 14:36:54 INFO AddIdentifyResult: 14119,013290316259,-1,
2017-01-11 14:37:03 INFO AddIdentifyResult: 14119,013290316259,-3,
2017-01-11 14:38:28 INFO AddIdentifyResult: 14120,018713257691,-1,
2017-01-11 14:38:42 INFO AddIdentifyResult: 14119,013290316259,12,
2017-01-11 14:38:50 INFO AddIdentifyResult: 14119,013290316259,10,reg/013290316259_0111143908|reg/013290316259_0111143908|reg/013290316259_
2017-01-11 14:38:50 INFO UpdateUserState: 013290316259,1
2017-01-11 14:40:16 INFO AddIdentifyResult: 14121,018713257651,-1,
2017-01-11 14:40:32 INFO AddIdentifyResult: 14121,018713257651,-3,
2017-01-11 14:42:07 INFO AddIdentifyResult: 14121,018713257651,12,
2017-01-11 14:42:14 INFO AddIdentifyResult: 14121,018713257651,10,reg/018713257651_0111144238|reg/018713257651_0111144238|reg/018713257651_
2017-01-11 14:42:14 INFO UpdateUserState: 018713257651,1
2017-01-11 14:42:23 INFO AddIdentifyResult: 14122,018713257651,-1,
2017-01-11 14:42:31 INFO AddIdentifyResult: 14122,018713257651,-3,
2017-01-11 14:43:23 INFO AddIdentifyResult: 14122,018713257651,0,ver/01/11/144437_018713257651.wav
2017-01-11 14:44:36 INFO AddIdentifyResult: 14123,015512239308,-1,
2017-01-11 14:44:42 INFO AddIdentifyResult: 14123,015512239308,-3,
2017-01-11 14:46:52 INFO AddIdentifyResult: 14123,015512239308,12,
2017-01-11 14:46:59 INFO AddIdentifyResult: 14123,015512239308,10,reg/015512239308_0111144824|reg/015512239308_0111144824|reg/015512239308_0111144647
2017-01-11 14:47:00 INFO UpdateUserState: 015512239308,1
2017-01-11 14:47:06 INFO AddIdentifyResult: 14124,015512239308,-1,
2017-01-11 14:47:16 INFO AddIdentifyResult: 14124,015512239308,-3,
2017-01-11 14:48:07 INFO AddIdentifyResult: 14124,015512239308,0,ver/01/11/144922_015512239308.wav
2017-01-11 14:49:28 INFO AddIdentifyResult: 14125,015530203975,-1,
2017-01-11 14:49:51 INFO AddIdentifyResult: 14125,015530203975,-3,
2017-01-11 14:51:59 INFO AddIdentifyResult: 14125,015530203975,12,
2017-01-11 14:52:08 INFO AddIdentifyResult: 14125,015530203975,10,reg/015530203975_0111145157|reg/015530203975_0111145157|reg/015530203975_
2017-01-11 14:52:08 INFO UpdateUserState: 015530203975,1
2017-01-11 14:52:21 INFO AddIdentifyResult: 14126,015530203975,-1,
2017-01-11 14:52:30 INFO AddIdentifyResult: 14126,015530203975,-3,
2017-01-11 14:53:23 INFO AddIdentifyResult: 14126,015530203975,0,ver/01/11/145437_015530203975.wav
2017-01-11 14:57:42 INFO AddIdentifyResult: 14127,013932283470,-1,
2017-01-11 14:57:55 INFO AddIdentifyResult: 14127,013932283470,-3,
2017-01-11 14:59:24 INFO AddIdentifyResult: 14127,013932283470,12,
2017-01-11 14:59:31 INFO AddIdentifyResult: 14127,013932283470,10,reg/013932283470_0111150000|reg/013932283470_0111150000|reg/013932283470_
2017-01-11 14:59:31 INFO UpdateUserState: 013932283470,1
2017-01-11 15:00:10 INFO AddIdentifyResult: 14128,013932283470,-1,
2017-01-11 15:00:35 INFO AddIdentifyResult: 14129,013932283470,-1,
2017-01-11 15:01:44 INFO AddIdentifyResult: 14130,013932283470,-1,
2017-01-11 15:03:21 INFO AddIdentifyResult: 0,013082302809,1,ver/01/11/150435_013082302809.wav
2017-01-11 15:03:37 INFO AddIdentifyResult: 14132,013932283470,-1,
2017-01-11 15:05:21 INFO AddIdentifyResult: 0,013082302809,1,ver/01/11/150635_013082302809.wav
2017-01-11 15:09:23 INFO AddIdentifyResult: 14133,013292952115,-1,
2017-01-11 15:10:02 INFO AddIdentifyResult: 14134,013292952115,-1,
2017-01-11 15:10:25 INFO AddIdentifyResult: 14135,013292952115,-1,
2017-01-11 15:11:39 INFO AddIdentifyResult: 14136,013292952115,-1,
2017-01-11 15:13:59 INFO AddIdentifyResult: 14137,013292952115,-1,
2017-01-11 15:15:18 INFO AddIdentifyResult: 14138,013292952115,-1,
2017-01-11 15:16:33 INFO AddIdentifyResult: 14139,015632257796,-1,
2017-01-11 15:17:13 INFO AddIdentifyResult: 14140,015632257796,-1,
2017-01-11 15:17:32 INFO AddIdentifyResult: 14141,017371146171,-1,
2017-01-11 15:18:32 INFO AddIdentifyResult: 14142,18971942251,-1,
2017-01-11 15:18:33 INFO AddIdentifyResult: 14143,015632257796,-1,
2017-01-11 15:18:40 INFO AddIdentifyResult: 14144,013230607300,-1,
2017-01-11 15:19:00 INFO AddIdentifyResult: 14145,013230607300,-1,
2017-01-11 15:19:24 INFO AddIdentifyResult: 14146,017371146171,-1,
2017-01-11 15:19:45 INFO AddIdentifyResult: 14147,18971942251,-1,
2017-01-11 15:20:14 INFO AddIdentifyResult: 14148,18971942251,-1,
2017-01-11 15:20:33 INFO AddIdentifyResult: 14149,015632257796,-1,
2017-01-11 15:20:58 INFO AddIdentifyResult: 14150,013292952115,-1,
2017-01-11 15:20:58 INFO AddIdentifyResult: 14151,18971942251,-1,
2017-01-11 15:21:21 INFO AddIdentifyResult: 14152,015632257796,-1,
2017-01-11 15:21:47 INFO AddIdentifyResult: 14153,18971942251,-1,
2017-01-11 15:22:41 INFO AddIdentifyResult: 14154,015933510252,-1,
2017-01-11 15:24:11 INFO AddIdentifyResult: 14155,017371146171,-1,
2017-01-11 15:24:35 INFO AddIdentifyResult: 14156,015933510252,-1,
2017-01-11 15:24:50 INFO AddIdentifyResult: 14157,017371146171,-1,
2017-01-11 15:25:38 INFO AddIdentifyResult: 14158,015632257796,-1,
2017-01-11 15:25:44 INFO AddIdentifyResult: 14158,015632257796,-3,
2017-01-11 15:25:47 INFO AddIdentifyResult: 14159,013292952115,-1,
2017-01-11 15:25:59 INFO AddIdentifyResult: 14159,013292952115,-3,
2017-01-11 15:26:20 INFO AddIdentifyResult: 14160,017371146171,-1,
2017-01-11 15:27:28 INFO AddIdentifyResult: 14159,013292952115,12,
2017-01-11 15:27:35 INFO AddIdentifyResult: 14159,013292952115,10,reg/013292952115_0111152805|reg/013292952115_0111152805|reg/013292952115_
2017-01-11 15:27:35 INFO UpdateUserState: 013292952115,1
2017-01-11 15:28:12 INFO AddIdentifyResult: 14158,015632257796,12,
2017-01-11 15:28:18 INFO AddIdentifyResult: 14158,015632257796,10,reg/015632257796_0111153003|reg/015632257796_0111153003|reg/015632257796_0111152750
2017-01-11 15:28:19 INFO UpdateUserState: 015632257796,1
2017-01-11 15:28:27 INFO AddIdentifyResult: 14161,015632257796,-1,
2017-01-11 15:28:35 INFO AddIdentifyResult: 14161,015632257796,-3,
2017-01-11 15:29:26 INFO AddIdentifyResult: 14161,015632257796,0,ver/01/11/153041_015632257796.wav
2017-01-11 15:32:28 INFO AddIdentifyResult: 14162,013292952115,-1,
2017-01-11 15:32:42 INFO AddIdentifyResult: 14162,013292952115,-3,
2017-01-11 15:33:34 INFO AddIdentifyResult: 14162,013292952115,0,ver/01/11/153448_013292952115.wav
2017-01-11 15:33:54 INFO AddIdentifyResult: 14163,013932283470,-1,
2017-01-11 15:34:01 INFO AddIdentifyResult: 14163,013932283470,-3,
2017-01-11 15:34:54 INFO AddIdentifyResult: 14163,013932283470,0,ver/01/11/153608_013932283470.wav
2017-01-11 15:41:50 INFO AddIdentifyResult: 14164,013280367283,-1,
2017-01-11 15:42:07 INFO AddIdentifyResult: 14164,013280367283,-3,
2017-01-11 15:43:05 INFO AddIdentifyResult: 14165,013180211591,-1,
2017-01-11 15:43:13 INFO AddIdentifyResult: 14165,013180211591,-3,
2017-01-11 15:44:45 INFO AddIdentifyResult: 14165,013180211591,12,
2017-01-11 15:44:53 INFO AddIdentifyResult: 14165,013180211591,10,reg/013180211591_0111154519|reg/013180211591_0111154519|reg/013180211591_
2017-01-11 15:44:53 INFO UpdateUserState: 013180211591,1
2017-01-11 15:44:59 INFO AddIdentifyResult: 14166,013180211591,-1,
2017-01-11 15:45:00 INFO AddIdentifyResult: 14167,015230438420,-1,
2017-01-11 15:45:05 INFO AddIdentifyResult: 14166,013180211591,-3,
2017-01-11 15:45:14 INFO AddIdentifyResult: 14167,015230438420,-3,
2017-01-11 15:45:19 INFO AddIdentifyResult: 14164,013280367283,11,reg/013280367283_|reg/013280367283_|reg/013280367283_
2017-01-11 15:45:25 INFO AddIdentifyResult: 14168,013280367283,-1,
2017-01-11 15:45:38 INFO AddIdentifyResult: 14168,013280367283,-3,
2017-01-11 15:45:57 INFO AddIdentifyResult: 14166,013180211591,0,ver/01/11/154711_013180211591.wav
2017-01-11 15:47:26 INFO AddIdentifyResult: 14167,015230438420,11,reg/015230438420_|reg/015230438420_|reg/015230438420_
2017-01-11 15:47:50 INFO AddIdentifyResult: 14169,015230438420,-1,
2017-01-11 15:47:58 INFO AddIdentifyResult: 14168,013280367283,12,
2017-01-11 15:48:00 INFO AddIdentifyResult: 14169,015230438420,-3,
2017-01-11 15:48:04 INFO AddIdentifyResult: 14168,013280367283,10,reg/013280367283_0111154927|reg/013280367283_0111154927|reg/013280367283_0111154744
2017-01-11 15:48:05 INFO UpdateUserState: 013280367283,1
2017-01-11 15:48:21 INFO AddIdentifyResult: 14170,013054627158,-1,
2017-01-11 15:48:29 INFO AddIdentifyResult: 14170,013054627158,-3,
2017-01-11 15:49:36 INFO AddIdentifyResult: 14169,015230438420,12,
2017-01-11 15:49:42 INFO AddIdentifyResult: 14169,015230438420,10,reg/015230438420_0111155005|reg/015230438420_0111155005|reg/015230438420_
2017-01-11 15:49:42 INFO UpdateUserState: 015230438420,1
2017-01-11 15:50:18 INFO AddIdentifyResult: 14171,015690442968,-1,
2017-01-11 15:50:31 INFO AddIdentifyResult: 14172,013180211591,-1,
2017-01-11 15:50:41 INFO AddIdentifyResult: 14173,015230438420,-1,
2017-01-11 15:50:52 INFO AddIdentifyResult: 14170,013054627158,12,
2017-01-11 15:50:59 INFO AddIdentifyResult: 14170,013054627158,10,reg/013054627158_0111155227|reg/013054627158_0111155227|reg/013054627158_0111155035
2017-01-11 15:50:59 INFO UpdateUserState: 013054627158,1
2017-01-11 15:51:00 INFO AddIdentifyResult: 14173,015230438420,-3,
2017-01-11 15:51:53 INFO AddIdentifyResult: 14173,015230438420,0,ver/01/11/155307_015230438420.wav
2017-01-11 15:52:07 INFO AddIdentifyResult: 14174,013295461626,-1,
2017-01-11 15:52:13 INFO AddIdentifyResult: 14174,013295461626,-3,
2017-01-11 15:53:49 INFO AddIdentifyResult: 14175,015690442968,-1,
2017-01-11 15:54:05 INFO AddIdentifyResult: 14174,013295461626,12,
2017-01-11 15:54:12 INFO AddIdentifyResult: 14174,013295461626,10,reg/013295461626_0111155419|reg/013295461626_0111155419|reg/013295461626_
2017-01-11 15:54:12 INFO UpdateUserState: 013295461626,1
2017-01-11 15:54:20 INFO AddIdentifyResult: 14176,013780751205,-1,
2017-01-11 15:54:28 INFO AddIdentifyResult: 14176,013780751205,-3,
2017-01-11 15:55:18 INFO AddIdentifyResult: 14177,015512280961,-1,
2017-01-11 15:55:50 INFO AddIdentifyResult: 14178,015690442968,-1,
2017-01-11 15:56:02 INFO AddIdentifyResult: 14178,015690442968,-3,
2017-01-11 15:56:16 INFO AddIdentifyResult: 14179,015512280961,-1,
2017-01-11 15:56:31 INFO AddIdentifyResult: 14176,013780751205,12,
2017-01-11 15:56:35 INFO AddIdentifyResult: 14180,015512280961,-1,
2017-01-11 15:56:39 INFO AddIdentifyResult: 14176,013780751205,10,reg/013780751205_0111155634|reg/013780751205_0111155634|reg/013780751205_
2017-01-11 15:56:39 INFO UpdateUserState: 013780751205,1
2017-01-11 15:57:13 INFO AddIdentifyResult: 14181,015512280961,-1,
2017-01-11 15:57:30 INFO AddIdentifyResult: 14178,015690442968,12,
2017-01-11 15:57:36 INFO AddIdentifyResult: 14178,015690442968,10,reg/015690442968_0111155808|reg/015690442968_0111155808|reg/015690442968_
2017-01-11 15:57:36 INFO UpdateUserState: 015690442968,1
2017-01-11 15:57:42 INFO AddIdentifyResult: 14182,015690442968,-1,
2017-01-11 15:58:02 INFO AddIdentifyResult: 14183,015690442968,-1,
2017-01-11 15:58:23 INFO AddIdentifyResult: 14184,015690442968,-1,
2017-01-11 15:58:32 INFO AddIdentifyResult: 14184,015690442968,-3,
2017-01-11 15:58:45 INFO AddIdentifyResult: 14185,015512280961,-1,
2017-01-11 15:59:25 INFO AddIdentifyResult: 14184,015690442968,1,ver/01/11/160039_015690442968.wav
2017-01-11 15:59:42 INFO AddIdentifyResult: 14186,015690442968,-1,
2017-01-11 15:59:50 INFO AddIdentifyResult: 14186,015690442968,-3,
2017-01-11 16:00:42 INFO AddIdentifyResult: 14186,015690442968,0,ver/01/11/160156_015690442968.wav
2017-01-11 16:00:57 INFO AddIdentifyResult: 14187,015512280961,-1,
2017-01-11 16:01:09 INFO AddIdentifyResult: 14187,015512280961,-3,
2017-01-11 16:01:49 INFO AddIdentifyResult: 14187,015512280961,11,reg/015512280961_|reg/015512280961_|reg/015512280961_
2017-01-11 16:02:36 INFO AddIdentifyResult: 14188,013280336703,-1,
2017-01-11 16:02:41 INFO AddIdentifyResult: 14188,013280336703,-3,
2017-01-11 16:03:01 INFO AddIdentifyResult: 14188,013280336703,11,reg/013280336703_|reg/013280336703_|reg/013280336703_
2017-01-11 16:03:37 INFO AddIdentifyResult: 14189,013280336703,-1,
2017-01-11 16:03:44 INFO AddIdentifyResult: 14189,013280336703,-3,
2017-01-11 16:04:11 INFO AddIdentifyResult: 14190,015512280961,-1,
2017-01-11 16:04:21 INFO AddIdentifyResult: 14190,015512280961,-3,
2017-01-11 16:04:25 INFO AddIdentifyResult: 14190,015512280961,11,reg/015512280961_|reg/015512280961_|reg/015512280961_
2017-01-11 16:05:07 INFO AddIdentifyResult: 14191,015512280961,-1,
2017-01-11 16:05:12 INFO AddIdentifyResult: 14191,015512280961,-3,
2017-01-11 16:05:34 INFO AddIdentifyResult: 14189,013280336703,12,
2017-01-11 16:05:43 INFO AddIdentifyResult: 14189,013280336703,10,reg/013280336703_0111160550|reg/013280336703_0111160550|reg/013280336703_
2017-01-11 16:05:43 INFO UpdateUserState: 013280336703,1
2017-01-11 16:06:49 INFO AddIdentifyResult: 14191,015512280961,12,
2017-01-11 16:06:57 INFO AddIdentifyResult: 14191,015512280961,10,reg/015512280961_0111160831|reg/015512280961_0111160831|reg/015512280961_0111160718
2017-01-11 16:06:57 INFO UpdateUserState: 015512280961,1
2017-01-11 16:07:00 INFO AddIdentifyResult: 14192,015512280961,-1,
2017-01-11 16:07:06 INFO AddIdentifyResult: 14192,015512280961,-3,
2017-01-11 16:07:58 INFO AddIdentifyResult: 14192,015512280961,0,ver/01/11/160912_015512280961.wav
2017-01-11 16:08:44 INFO AddIdentifyResult: 14193,013280396532,-1,
2017-01-11 16:08:53 INFO AddIdentifyResult: 14193,013280396532,-3,
2017-01-11 16:10:54 INFO AddIdentifyResult: 14193,013280396532,12,
2017-01-11 16:11:01 INFO AddIdentifyResult: 14193,013280396532,10,reg/013280396532_0111161059|reg/013280396532_0111161059|reg/013280396532_
2017-01-11 16:11:01 INFO UpdateUserState: 013280396532,1
2017-01-11 16:36:22 INFO AddIdentifyResult: 14194,013280372876,-1,
2017-01-11 16:36:28 INFO AddIdentifyResult: 14194,013280372876,-3,
2017-01-11 16:38:07 INFO AddIdentifyResult: 14194,013280372876,12,
2017-01-11 16:38:15 INFO AddIdentifyResult: 14194,013280372876,10,reg/013280372876_0111163834|reg/013280372876_0111163834|reg/013280372876_
2017-01-11 16:38:15 INFO UpdateUserState: 013280372876,1
