2017-03-19 10:37:01 INFO AddIdentifyResult: 23887,015633218836,-1,
2017-03-19 10:38:03 INFO AddIdentifyResult: 23888,015633218836,-1,
2017-03-19 10:38:50 INFO AddIdentifyResult: 23889,015633218836,-1,
2017-03-19 10:40:35 INFO AddIdentifyResult: 23890,015633218836,-1,
2017-03-19 10:41:27 INFO AddIdentifyResult: 23891,015633218836,-1,
2017-03-19 10:41:38 INFO AddIdentifyResult: 23892,013082331589,-1,
2017-03-19 10:42:35 INFO AddIdentifyResult: 23893,013082331589,-1,
2017-03-19 10:42:37 INFO AddIdentifyResult: 23894,015633218836,-1,
2017-03-19 10:44:02 INFO AddIdentifyResult: 23895,015633218836,-1,
2017-03-19 10:44:10 INFO AddIdentifyResult: 23896,013082331589,-1,
2017-03-19 10:44:49 INFO AddIdentifyResult: 23897,013082331589,-1,
2017-03-19 10:48:59 INFO AddIdentifyResult: 23898,015633218836,-1,
2017-03-19 10:49:39 INFO AddIdentifyResult: 23899,013082331589,-1,
2017-03-19 10:50:20 INFO AddIdentifyResult: 23900,013082331589,-1,
2017-03-19 10:50:55 INFO AddIdentifyResult: 23901,015633218836,-1,
2017-03-19 10:51:33 INFO AddIdentifyResult: 23902,015633218836,-1,
2017-03-19 10:52:29 INFO AddIdentifyResult: 23903,015032494851,-1,
2017-03-19 10:55:09 INFO AddIdentifyResult: 23904,015032494851,-1,
2017-03-19 11:01:03 INFO AddIdentifyResult: 23905,013082331589,-1,
2017-03-19 11:05:56 INFO AddIdentifyResult: 23906,013082331589,-1,
2017-03-19 11:09:41 INFO AddIdentifyResult: 23907,013082331589,-1,
2017-03-19 11:12:36 INFO AddIdentifyResult: 23908,013082331589,-1,
2017-03-19 11:18:22 INFO AddIdentifyResult: 23909,013082331589,-1,
2017-03-19 11:18:43 INFO AddIdentifyResult: 23909,013082331589,-3,
2017-03-19 11:20:30 INFO AddIdentifyResult: 23909,013082331589,12,
2017-03-19 11:20:37 INFO AddIdentifyResult: 23909,013082331589,10,reg/013082331589_0319112042|reg/013082331589_0319112042|reg/013082331589_
2017-03-19 11:20:37 INFO UpdateUserState: 013082331589,1
2017-03-19 11:21:21 INFO AddIdentifyResult: 23910,013082331589,-1,
2017-03-19 11:21:31 INFO AddIdentifyResult: 23910,013082331589,-3,
2017-03-19 11:22:23 INFO AddIdentifyResult: 23910,013082331589,0,ver/03/19/112330_013082331589.wav
2017-03-19 11:24:21 INFO AddIdentifyResult: 23911,015633218836,-1,
2017-03-19 11:24:30 INFO AddIdentifyResult: 23911,015633218836,-3,
2017-03-19 11:26:05 INFO AddIdentifyResult: 23911,015633218836,12,
2017-03-19 11:26:12 INFO AddIdentifyResult: 23911,015633218836,10,reg/015633218836_0319112629|reg/015633218836_0319112629|reg/015633218836_
2017-03-19 11:26:12 INFO UpdateUserState: 015633218836,1
2017-03-19 11:26:17 INFO AddIdentifyResult: 23912,015633218836,-1,
2017-03-19 11:26:24 INFO AddIdentifyResult: 23912,015633218836,-3,
2017-03-19 11:27:16 INFO AddIdentifyResult: 23912,015633218836,0,ver/03/19/112823_015633218836.wav
2017-03-19 11:28:08 INFO AddIdentifyResult: 23913,013082367135,-1,
2017-03-19 11:28:26 INFO AddIdentifyResult: 23913,013082367135,-3,
2017-03-19 11:30:09 INFO AddIdentifyResult: 23913,013082367135,12,
2017-03-19 11:30:17 INFO AddIdentifyResult: 23913,013082367135,10,reg/013082367135_0319113025|reg/013082367135_0319113025|reg/013082367135_
2017-03-19 11:30:17 INFO UpdateUserState: 013082367135,1
2017-03-19 11:30:46 INFO AddIdentifyResult: 23914,013082367135,-1,
2017-03-19 11:30:52 INFO AddIdentifyResult: 23914,013082367135,-3,
2017-03-19 11:31:45 INFO AddIdentifyResult: 23914,013082367135,1,ver/03/19/113252_013082367135.wav
2017-03-19 11:32:23 INFO AddIdentifyResult: 23915,013082367135,-1,
2017-03-19 11:32:29 INFO AddIdentifyResult: 23915,013082367135,-3,
2017-03-19 11:33:22 INFO AddIdentifyResult: 23915,013082367135,0,ver/03/19/113429_013082367135.wav
2017-03-19 11:35:30 INFO AddIdentifyResult: 23916,013933896249,-1,
2017-03-19 11:35:40 INFO AddIdentifyResult: 23916,013933896249,-3,
2017-03-19 11:35:49 INFO AddIdentifyResult: 23917,013129033225,-1,
2017-03-19 11:37:29 INFO AddIdentifyResult: 23918,013102903325,-1,
2017-03-19 11:37:58 INFO AddIdentifyResult: 23916,013933896249,12,
2017-03-19 11:38:03 INFO AddIdentifyResult: 23918,013102903325,-3,
2017-03-19 11:38:06 INFO AddIdentifyResult: 23916,013933896249,10,reg/013933896249_0319113739|reg/013933896249_0319113739|reg/013933896249_
2017-03-19 11:38:06 INFO UpdateUserState: 013933896249,1
2017-03-19 11:38:10 INFO AddIdentifyResult: 23918,013102903325,11,reg/013102903325_|reg/013102903325_|reg/013102903325_
2017-03-19 11:38:21 INFO AddIdentifyResult: 23919,013102903325,-1,
2017-03-19 11:38:51 INFO AddIdentifyResult: 23920,013933896249,-1,
2017-03-19 11:38:58 INFO AddIdentifyResult: 23920,013933896249,-3,
2017-03-19 11:39:51 INFO AddIdentifyResult: 23920,013933896249,0,ver/03/19/114058_013933896249.wav
2017-03-19 11:40:57 INFO AddIdentifyResult: 23921,013012065883,-1,
2017-03-19 11:41:02 INFO AddIdentifyResult: 23922,013102903225,-1,
2017-03-19 11:41:04 INFO AddIdentifyResult: 23921,013012065883,-3,
2017-03-19 11:41:10 INFO AddIdentifyResult: 23922,013102903225,-3,
2017-03-19 11:42:54 INFO AddIdentifyResult: 23921,013012065883,12,
2017-03-19 11:43:01 INFO AddIdentifyResult: 23921,013012065883,10,reg/013012065883_0319114303|reg/013012065883_0319114303|reg/013012065883_
2017-03-19 11:43:01 INFO UpdateUserState: 013012065883,1
2017-03-19 11:43:13 INFO AddIdentifyResult: 23923,013012065883,-1,
2017-03-19 11:43:15 INFO AddIdentifyResult: 23922,013102903225,12,
2017-03-19 11:43:19 INFO AddIdentifyResult: 23923,013012065883,-3,
2017-03-19 11:43:22 INFO AddIdentifyResult: 23922,013102903225,10,reg/013102903225_0319114310|reg/013102903225_0319114310|reg/013102903225_
2017-03-19 11:43:23 INFO UpdateUserState: 013102903225,1
2017-03-19 11:43:35 INFO AddIdentifyResult: 23924,013102903225,-1,
2017-03-19 11:43:44 INFO AddIdentifyResult: 23924,013102903225,-3,
2017-03-19 11:44:12 INFO AddIdentifyResult: 23923,013012065883,0,ver/03/19/114519_013012065883.wav
2017-03-19 11:44:36 INFO AddIdentifyResult: 23924,013102903225,0,ver/03/19/114543_013102903225.wav
2017-03-19 11:48:15 INFO AddIdentifyResult: 23925,015232957747,-1,
2017-03-19 11:48:23 INFO AddIdentifyResult: 23925,015232957747,-3,
2017-03-19 11:48:39 INFO AddIdentifyResult: 23926,013020809389,-1,
2017-03-19 11:48:46 INFO AddIdentifyResult: 23926,013020809389,-3,
2017-03-19 11:50:15 INFO AddIdentifyResult: 23925,015232957747,12,
2017-03-19 11:50:24 INFO AddIdentifyResult: 23925,015232957747,10,reg/015232957747_0319115022|reg/015232957747_0319115022|reg/015232957747_
2017-03-19 11:50:24 INFO UpdateUserState: 015232957747,1
2017-03-19 11:50:31 INFO AddIdentifyResult: 23927,015232957747,-1,
2017-03-19 11:50:39 INFO AddIdentifyResult: 23927,015232957747,-3,
2017-03-19 11:50:58 INFO AddIdentifyResult: 23926,013020809389,12,
2017-03-19 11:51:05 INFO AddIdentifyResult: 23926,013020809389,10,reg/013020809389_0319115231|reg/013020809389_0319115231|reg/013020809389_0319115045
2017-03-19 11:51:05 INFO UpdateUserState: 013020809389,1
2017-03-19 11:51:32 INFO AddIdentifyResult: 23927,015232957747,0,ver/03/19/115239_015232957747.wav
2017-03-19 11:51:40 INFO AddIdentifyResult: 23928,013020809389,-1,
2017-03-19 11:51:47 INFO AddIdentifyResult: 23928,013020809389,-3,
2017-03-19 11:52:39 INFO AddIdentifyResult: 23928,013020809389,0,ver/03/19/115347_013020809389.wav
2017-03-19 11:54:55 INFO AddIdentifyResult: 23929,018731302705,-1,
2017-03-19 11:54:59 INFO AddIdentifyResult: 23930,013091267356,-1,
2017-03-19 11:55:05 INFO AddIdentifyResult: 23929,018731302705,-3,
2017-03-19 11:55:06 INFO AddIdentifyResult: 23931,013653220476,-1,
2017-03-19 11:55:11 INFO AddIdentifyResult: 23931,013653220476,-3,
2017-03-19 11:55:38 INFO AddIdentifyResult: 23932,013091267356,-1,
2017-03-19 11:56:20 INFO AddIdentifyResult: 23932,013091267356,-3,
2017-03-19 11:57:06 INFO AddIdentifyResult: 23931,013653220476,12,
2017-03-19 11:57:11 INFO AddIdentifyResult: 23929,018731302705,12,
2017-03-19 11:57:13 INFO AddIdentifyResult: 23931,013653220476,10,reg/013653220476_0319115711|reg/013653220476_0319115711|reg/013653220476_
2017-03-19 11:57:13 INFO UpdateUserState: 013653220476,1
2017-03-19 11:57:15 INFO AddIdentifyResult: 23933,013653220476,-1,
2017-03-19 11:57:21 INFO AddIdentifyResult: 23929,018731302705,10,reg/018731302705_0319115833|reg/018731302705_0319115833|reg/018731302705_0319115704
2017-03-19 11:57:21 INFO UpdateUserState: 018731302705,1
2017-03-19 11:57:22 INFO AddIdentifyResult: 23933,013653220476,-3,
2017-03-19 11:57:27 INFO AddIdentifyResult: 23934,018731302705,-1,
2017-03-19 11:57:36 INFO AddIdentifyResult: 23934,018731302705,-3,
2017-03-19 11:58:14 INFO AddIdentifyResult: 23933,013653220476,0,ver/03/19/115921_013653220476.wav
2017-03-19 11:58:26 INFO AddIdentifyResult: 23935,015530290356,-1,
2017-03-19 11:58:28 INFO AddIdentifyResult: 23934,018731302705,0,ver/03/19/115935_018731302705.wav
2017-03-19 11:58:34 INFO AddIdentifyResult: 23935,015530290356,-3,
2017-03-19 11:59:14 INFO AddIdentifyResult: 23932,013091267356,12,
2017-03-19 11:59:20 INFO AddIdentifyResult: 23932,013091267356,10,reg/013091267356_0319120040|reg/013091267356_0319120040|reg/013091267356_0319115819
2017-03-19 11:59:20 INFO UpdateUserState: 013091267356,1
2017-03-19 11:59:48 INFO AddIdentifyResult: 23936,013091267356,-1,
2017-03-19 11:59:56 INFO AddIdentifyResult: 23936,013091267356,-3,
2017-03-19 12:00:13 INFO AddIdentifyResult: 23935,015530290356,12,
2017-03-19 12:00:21 INFO AddIdentifyResult: 23935,015530290356,10,reg/015530290356_0319120033|reg/015530290356_0319120033|reg/015530290356_
2017-03-19 12:00:21 INFO UpdateUserState: 015530290356,1
2017-03-19 12:00:27 INFO AddIdentifyResult: 23937,015530290356,-1,
2017-03-19 12:00:35 INFO AddIdentifyResult: 23937,015530290356,-3,
2017-03-19 12:00:47 INFO AddIdentifyResult: 23936,013091267356,0,ver/03/19/120155_013091267356.wav
2017-03-19 12:01:27 INFO AddIdentifyResult: 23937,015530290356,0,ver/03/19/120234_015530290356.wav
2017-03-19 12:03:58 INFO AddIdentifyResult: 23938,015633755706,-1,
2017-03-19 12:04:03 INFO AddIdentifyResult: 23939,013020805369,-1,
2017-03-19 12:04:07 INFO AddIdentifyResult: 23938,015633755706,-3,
2017-03-19 12:04:09 INFO AddIdentifyResult: 23939,013020805369,-3,
2017-03-19 12:05:48 INFO AddIdentifyResult: 23939,013020805369,12,
2017-03-19 12:05:55 INFO AddIdentifyResult: 23939,013020805369,10,reg/013020805369_0319120608|reg/013020805369_0319120608|reg/013020805369_
2017-03-19 12:05:56 INFO UpdateUserState: 013020805369,1
2017-03-19 12:06:04 INFO AddIdentifyResult: 23940,013020805369,-1,
2017-03-19 12:06:14 INFO AddIdentifyResult: 23940,013020805369,-3,
2017-03-19 12:06:15 INFO AddIdentifyResult: 23941,013103023718,-1,
2017-03-19 12:06:19 INFO AddIdentifyResult: 23938,015633755706,12,
2017-03-19 12:06:22 INFO AddIdentifyResult: 23941,013103023718,-3,
2017-03-19 12:06:26 INFO AddIdentifyResult: 23938,015633755706,10,reg/015633755706_0319120748|reg/015633755706_0319120748|reg/015633755706_0319120607
2017-03-19 12:06:26 INFO UpdateUserState: 015633755706,1
2017-03-19 12:06:42 INFO AddIdentifyResult: 23942,015633755706,-1,
2017-03-19 12:06:49 INFO AddIdentifyResult: 23942,015633755706,-3,
2017-03-19 12:07:06 INFO AddIdentifyResult: 23940,013020805369,0,ver/03/19/120813_013020805369.wav
2017-03-19 12:07:40 INFO AddIdentifyResult: 23942,015633755706,0,ver/03/19/120848_015633755706.wav
2017-03-19 12:08:05 INFO AddIdentifyResult: 23941,013103023718,12,
2017-03-19 12:08:13 INFO AddIdentifyResult: 23941,013103023718,10,reg/013103023718_0319120936|reg/013103023718_0319120936|reg/013103023718_0319120821
2017-03-19 12:08:13 INFO UpdateUserState: 013103023718,1
2017-03-19 12:08:19 INFO AddIdentifyResult: 23943,015028423394,-1,
2017-03-19 12:08:20 INFO AddIdentifyResult: 23944,013103023718,-1,
2017-03-19 12:08:29 INFO AddIdentifyResult: 23943,015028423394,-3,
2017-03-19 12:08:35 INFO AddIdentifyResult: 23944,013103023718,-3,
2017-03-19 12:09:28 INFO AddIdentifyResult: 23944,013103023718,0,ver/03/19/121035_013103023718.wav
2017-03-19 12:10:31 INFO AddIdentifyResult: 23943,015028423394,12,
2017-03-19 12:10:38 INFO AddIdentifyResult: 23943,015028423394,10,reg/015028423394_0319121028|reg/015028423394_0319121028|reg/015028423394_
2017-03-19 12:10:38 INFO UpdateUserState: 015028423394,1
2017-03-19 12:13:56 INFO AddIdentifyResult: 23945,015831534368,-1,
2017-03-19 12:14:22 INFO AddIdentifyResult: 23945,015831534368,-3,
2017-03-19 12:14:37 INFO AddIdentifyResult: 23945,015831534368,11,reg/015831534368_|reg/015831534368_|reg/015831534368_
2017-03-19 12:14:44 INFO AddIdentifyResult: 23946,015612236515,-1,
2017-03-19 12:15:20 INFO AddIdentifyResult: 23947,015612236515,-1,
2017-03-19 12:15:32 INFO AddIdentifyResult: 23948,015831514368,-1,
2017-03-19 12:15:48 INFO AddIdentifyResult: 23948,015831514368,-3,
2017-03-19 12:16:34 INFO AddIdentifyResult: 23949,013731266489,-1,
2017-03-19 12:16:50 INFO AddIdentifyResult: 23949,013731266489,-3,
2017-03-19 12:17:38 INFO AddIdentifyResult: 23948,015831514368,12,
2017-03-19 12:17:42 INFO AddIdentifyResult: 23950,015633755706,-1,
2017-03-19 12:17:47 INFO AddIdentifyResult: 23948,015831514368,10,reg/015831514368_0319121748|reg/015831514368_0319121748|reg/015831514368_
2017-03-19 12:17:47 INFO UpdateUserState: 015831514368,1
2017-03-19 12:17:52 INFO AddIdentifyResult: 23950,015633755706,-3,
2017-03-19 12:17:58 INFO AddIdentifyResult: 23951,015831514368,-1,
2017-03-19 12:18:14 INFO AddIdentifyResult: 23951,015831514368,-3,
2017-03-19 12:18:19 INFO AddIdentifyResult: 23949,013731266489,12,
2017-03-19 12:18:26 INFO AddIdentifyResult: 23949,013731266489,10,reg/013731266489_0319122000|reg/013731266489_0319122000|reg/013731266489_0319121849
2017-03-19 12:18:26 INFO UpdateUserState: 013731266489,1
2017-03-19 12:18:40 INFO AddIdentifyResult: 23952,013731266489,-1,
2017-03-19 12:18:53 INFO AddIdentifyResult: 23952,013731266489,-3,
2017-03-19 12:19:07 INFO AddIdentifyResult: 23951,015831514368,0,ver/03/19/122014_015831514368.wav
2017-03-19 12:19:35 INFO AddIdentifyResult: 23953,013103229190,-1,
2017-03-19 12:19:42 INFO AddIdentifyResult: 23953,013103229190,-3,
2017-03-19 12:19:45 INFO AddIdentifyResult: 23950,015633755706,12,
2017-03-19 12:19:46 INFO AddIdentifyResult: 23952,013731266489,0,ver/03/19/122053_013731266489.wav
2017-03-19 12:19:51 INFO AddIdentifyResult: 23950,015633755706,10,reg/015633755706_0319121951|reg/015633755706_0319121951|reg/015633755706_
2017-03-19 12:19:52 INFO UpdateUserState: 015633755706,1
2017-03-19 12:19:57 INFO AddIdentifyResult: 23954,015633755706,-1,
2017-03-19 12:20:05 INFO AddIdentifyResult: 23954,015633755706,-3,
2017-03-19 12:20:57 INFO AddIdentifyResult: 23954,015633755706,0,ver/03/19/122205_015633755706.wav
2017-03-19 12:21:15 INFO AddIdentifyResult: 23953,013103229190,12,
2017-03-19 12:21:22 INFO AddIdentifyResult: 23955,015028423394,-1,
2017-03-19 12:21:22 INFO AddIdentifyResult: 23953,013103229190,10,reg/013103229190_0319122142|reg/013103229190_0319122142|reg/013103229190_
2017-03-19 12:21:22 INFO UpdateUserState: 013103229190,1
2017-03-19 12:21:29 INFO AddIdentifyResult: 23956,013731266489,-1,
2017-03-19 12:21:31 INFO AddIdentifyResult: 23955,015028423394,-3,
2017-03-19 12:21:44 INFO AddIdentifyResult: 23957,015612236515,-1,
2017-03-19 12:21:49 INFO AddIdentifyResult: 23958,013103229190,-1,
2017-03-19 12:21:50 INFO AddIdentifyResult: 23956,013731266489,-3,
2017-03-19 12:21:56 INFO AddIdentifyResult: 23958,013103229190,-3,
2017-03-19 12:22:42 INFO AddIdentifyResult: 23956,013731266489,1,ver/03/19/122350_013731266489.wav
2017-03-19 12:22:47 INFO AddIdentifyResult: 23958,013103229190,0,ver/03/19/122355_013103229190.wav
2017-03-19 12:23:08 INFO AddIdentifyResult: 23959,015612236515,-1,
2017-03-19 12:23:43 INFO AddIdentifyResult: 23960,015612236515,-1,
2017-03-19 12:24:09 INFO AddIdentifyResult: 23955,015028423394,12,
2017-03-19 12:24:19 INFO AddIdentifyResult: 23955,015028423394,10,reg/015028423394_0319122330|reg/015028423394_0319122330|reg/015028423394_
2017-03-19 12:24:19 INFO UpdateUserState: 015028423394,1
2017-03-19 12:24:25 INFO AddIdentifyResult: 23961,015028423394,-1,
2017-03-19 12:24:32 INFO AddIdentifyResult: 23961,015028423394,-3,
2017-03-19 12:24:46 INFO AddIdentifyResult: 23962,015612236515,-1,
2017-03-19 12:25:09 INFO AddIdentifyResult: 23963,015612236515,-1,
2017-03-19 12:25:17 INFO AddIdentifyResult: 23962,015612236515,-3,
2017-03-19 12:25:24 INFO AddIdentifyResult: 23961,015028423394,0,ver/03/19/122632_015028423394.wav
2017-03-19 12:26:05 INFO AddIdentifyResult: 23964,013082392908,-1,
2017-03-19 12:26:14 INFO AddIdentifyResult: 23964,013082392908,-3,
2017-03-19 12:26:54 INFO AddIdentifyResult: 23962,015612236515,12,
2017-03-19 12:27:01 INFO AddIdentifyResult: 23962,015612236515,10,reg/015612236515_0319122826|reg/015612236515_0319122826|reg/015612236515_0319122716
2017-03-19 12:27:01 INFO UpdateUserState: 015612236515,1
2017-03-19 12:27:31 INFO AddIdentifyResult: 23965,015612236515,-1,
2017-03-19 12:27:42 INFO AddIdentifyResult: 23965,015612236515,-3,
2017-03-19 12:27:57 INFO AddIdentifyResult: 23964,013082392908,12,
2017-03-19 12:28:05 INFO AddIdentifyResult: 23964,013082392908,10,reg/013082392908_0319122813|reg/013082392908_0319122813|reg/013082392908_
2017-03-19 12:28:05 INFO UpdateUserState: 013082392908,1
2017-03-19 12:28:10 INFO AddIdentifyResult: 23966,013082392908,-1,
2017-03-19 12:28:17 INFO AddIdentifyResult: 23966,013082392908,-3,
2017-03-19 12:28:34 INFO AddIdentifyResult: 23965,015612236515,0,ver/03/19/122942_015612236515.wav
2017-03-19 12:29:08 INFO AddIdentifyResult: 23966,013082392908,0,ver/03/19/123016_013082392908.wav
2017-03-19 12:30:41 INFO AddIdentifyResult: 23967,015230462394,-1,
2017-03-19 12:30:52 INFO AddIdentifyResult: 23967,015230462394,-3,
2017-03-19 12:32:32 INFO AddIdentifyResult: 23968,013032059681,-1,
2017-03-19 12:32:38 INFO AddIdentifyResult: 23968,013032059681,-3,
2017-03-19 12:33:02 INFO AddIdentifyResult: 23967,015230462394,12,
2017-03-19 12:33:11 INFO AddIdentifyResult: 23967,015230462394,10,reg/015230462394_0319123251|reg/015230462394_0319123251|reg/015230462394_
2017-03-19 12:33:11 INFO UpdateUserState: 015230462394,1
2017-03-19 12:34:23 INFO AddIdentifyResult: 23968,013032059681,12,
2017-03-19 12:34:31 INFO AddIdentifyResult: 23968,013032059681,10,reg/013032059681_0319123438|reg/013032059681_0319123438|reg/013032059681_
2017-03-19 12:34:31 INFO UpdateUserState: 013032059681,1
2017-03-19 12:34:32 INFO AddIdentifyResult: 23969,015230462394,-1,
2017-03-19 12:34:34 INFO AddIdentifyResult: 23970,013032059681,-1,
2017-03-19 12:34:41 INFO AddIdentifyResult: 23970,013032059681,-3,
2017-03-19 12:34:52 INFO AddIdentifyResult: 23971,015230462394,-1,
2017-03-19 12:34:59 INFO AddIdentifyResult: 23971,015230462394,-3,
2017-03-19 12:35:34 INFO AddIdentifyResult: 23970,013032059681,0,ver/03/19/123641_013032059681.wav
2017-03-19 12:35:52 INFO AddIdentifyResult: 23971,015230462394,0,ver/03/19/123659_015230462394.wav
2017-03-19 12:36:35 INFO AddIdentifyResult: 23972,013103023863,-1,
2017-03-19 12:36:41 INFO AddIdentifyResult: 23972,013103023863,-3,
2017-03-19 12:38:51 INFO AddIdentifyResult: 23972,013103023863,12,
2017-03-19 12:39:00 INFO AddIdentifyResult: 23972,013103023863,10,reg/013103023863_0319123840|reg/013103023863_0319123840|reg/013103023863_
2017-03-19 12:39:00 INFO UpdateUserState: 013103023863,1
2017-03-19 12:39:20 INFO AddIdentifyResult: 23973,013103023863,-1,
2017-03-19 12:39:29 INFO AddIdentifyResult: 23973,013103023863,-3,
2017-03-19 12:40:21 INFO AddIdentifyResult: 23973,013103023863,0,ver/03/19/124129_013103023863.wav
2017-03-19 13:01:34 INFO AddIdentifyResult: 0,015831514368,1,
2017-03-19 14:52:54 INFO AddIdentifyResult: 23975,015833423089,-1,
2017-03-19 14:53:00 INFO AddIdentifyResult: 23975,015833423089,-3,
2017-03-19 14:54:40 INFO AddIdentifyResult: 23975,015833423089,12,
2017-03-19 14:54:48 INFO AddIdentifyResult: 23975,015833423089,10,reg/015833423089_0319145500|reg/015833423089_0319145500|reg/015833423089_
2017-03-19 14:54:48 INFO UpdateUserState: 015833423089,1
2017-03-19 14:54:51 INFO AddIdentifyResult: 23976,015833423089,-1,
2017-03-19 14:54:58 INFO AddIdentifyResult: 23976,015833423089,-3,
2017-03-19 14:55:50 INFO AddIdentifyResult: 23976,015833423089,0,ver/03/19/145658_015833423089.wav
2017-03-19 19:51:31 INFO AddIdentifyResult: 0,015230477498,1,
2017-03-19 19:54:35 INFO AddIdentifyResult: 0,015230477498,1,
