2017-04-04 08:58:12 INFO AddIdentifyResult: 29567,013287307930,-1,
2017-04-04 08:58:18 INFO AddIdentifyResult: 29567,013287307930,-3,
2017-04-04 09:01:12 INFO AddIdentifyResult: 29567,013287307930,12,
2017-04-04 09:01:24 INFO AddIdentifyResult: 29567,013287307930,10,reg/013287307930_0404090027|reg/013287307930_0404090027|reg/013287307930_
2017-04-04 09:01:24 INFO UpdateUserState: 013287307930,1
2017-04-04 09:01:46 INFO AddIdentifyResult: 29568,013475286186,-1,
2017-04-04 09:01:54 INFO AddIdentifyResult: 29568,013475286186,-3,
2017-04-04 09:04:09 INFO AddIdentifyResult: 29568,013475286186,12,
2017-04-04 09:04:16 INFO AddIdentifyResult: 29568,013475286186,10,reg/013475286186_0404090549|reg/013475286186_0404090549|reg/013475286186_0404090403
2017-04-04 09:04:16 INFO UpdateUserState: 013475286186,1
2017-04-04 09:04:44 INFO AddIdentifyResult: 29569,013287307930,-1,
2017-04-04 09:04:51 INFO AddIdentifyResult: 29569,013287307930,-3,
2017-04-04 09:05:43 INFO AddIdentifyResult: 29569,013287307930,1,ver/04/04/090700_013287307930.wav
2017-04-04 09:06:38 INFO AddIdentifyResult: 29569,013287307930,2,ver/04/04/090753_013287307930.wav
2017-04-04 09:07:26 INFO AddIdentifyResult: 29570,013287307930,-1,
2017-04-04 09:07:33 INFO AddIdentifyResult: 29570,013287307930,-3,
2017-04-04 09:09:30 INFO AddIdentifyResult: 29570,013287307930,12,
2017-04-04 09:09:37 INFO AddIdentifyResult: 29570,013287307930,10,reg/013287307930_0404090941|reg/013287307930_0404090941|reg/013287307930_
2017-04-04 09:09:37 INFO UpdateUserState: 013287307930,1
2017-04-04 09:09:38 INFO AddIdentifyResult: 29571,013287307930,-1,
2017-04-04 09:09:45 INFO AddIdentifyResult: 29571,013287307930,-3,
2017-04-04 09:10:37 INFO AddIdentifyResult: 29571,013287307930,0,ver/04/04/091154_013287307930.wav
2017-04-04 09:18:22 INFO AddIdentifyResult: 29572,018766764308,-1,
2017-04-04 09:18:30 INFO AddIdentifyResult: 29572,018766764308,-3,
2017-04-04 09:20:24 INFO AddIdentifyResult: 29572,018766764308,12,
2017-04-04 09:20:31 INFO AddIdentifyResult: 29572,018766764308,10,reg/018766764308_0404092039|reg/018766764308_0404092039|reg/018766764308_
2017-04-04 09:20:31 INFO UpdateUserState: 018766764308,1
2017-04-04 09:20:58 INFO AddIdentifyResult: 29573,013287302761,-1,
2017-04-04 09:21:03 INFO AddIdentifyResult: 29573,013287302761,-3,
2017-04-04 09:22:39 INFO AddIdentifyResult: 29573,013287302761,12,
2017-04-04 09:22:46 INFO AddIdentifyResult: 29573,013287302761,10,reg/013287302761_0404092423|reg/013287302761_0404092423|reg/013287302761_0404092312
2017-04-04 09:22:46 INFO UpdateUserState: 013287302761,1
2017-04-04 09:28:36 INFO AddIdentifyResult: 29574,013287311390,-1,
2017-04-04 09:28:42 INFO AddIdentifyResult: 29574,013287311390,-3,
2017-04-04 09:30:14 INFO AddIdentifyResult: 29574,013287311390,12,
2017-04-04 09:30:20 INFO AddIdentifyResult: 29574,013287311390,10,reg/013287311390_0404093050|reg/013287311390_0404093050|reg/013287311390_
2017-04-04 09:30:20 INFO UpdateUserState: 013287311390,1
2017-04-04 09:30:22 INFO AddIdentifyResult: 29575,015263852428,-1,
2017-04-04 09:30:30 INFO AddIdentifyResult: 29575,015263852428,-3,
2017-04-04 09:32:30 INFO AddIdentifyResult: 29575,015263852428,12,
2017-04-04 09:32:36 INFO AddIdentifyResult: 29575,015263852428,10,reg/015263852428_0404093408|reg/015263852428_0404093408|reg/015263852428_0404093239
2017-04-04 09:32:37 INFO UpdateUserState: 015263852428,1
2017-04-04 09:35:25 INFO AddIdentifyResult: 29576,013287308290,-1,
2017-04-04 09:35:31 INFO AddIdentifyResult: 29576,013287308290,-3,
2017-04-04 09:37:18 INFO AddIdentifyResult: 29576,013287308290,12,
2017-04-04 09:37:24 INFO AddIdentifyResult: 29576,013287308290,10,reg/013287308290_0404093740|reg/013287308290_0404093740|reg/013287308290_
2017-04-04 09:37:25 INFO UpdateUserState: 013287308290,1
2017-04-04 09:37:57 INFO AddIdentifyResult: 29577,013287308290,-1,
2017-04-04 09:38:04 INFO AddIdentifyResult: 29577,013287308290,-3,
2017-04-04 09:38:56 INFO AddIdentifyResult: 29577,013287308290,0,ver/04/04/094013_013287308290.wav
2017-04-04 09:39:15 INFO AddIdentifyResult: 29578,013012901995,-1,
2017-04-04 09:39:24 INFO AddIdentifyResult: 29578,013012901995,-3,
2017-04-04 09:41:46 INFO AddIdentifyResult: 29579,013455426397,-1,
2017-04-04 09:41:57 INFO AddIdentifyResult: 29578,013012901995,12,
2017-04-04 09:42:04 INFO AddIdentifyResult: 29578,013012901995,10,reg/013012901995_0404094321|reg/013012901995_0404094321|reg/013012901995_0404094133
2017-04-04 09:42:04 INFO UpdateUserState: 013012901995,1
2017-04-04 09:42:29 INFO AddIdentifyResult: 29580,013455426397,-1,
2017-04-04 09:42:36 INFO AddIdentifyResult: 29580,013455426397,-3,
2017-04-04 09:44:59 INFO AddIdentifyResult: 29580,013455426397,12,
2017-04-04 09:45:05 INFO AddIdentifyResult: 29580,013455426397,10,reg/013455426397_0404094633|reg/013455426397_0404094633|reg/013455426397_0404094444
2017-04-04 09:45:05 INFO UpdateUserState: 013455426397,1
2017-04-04 09:45:23 INFO AddIdentifyResult: 29581,013280387620,-1,
2017-04-04 09:45:31 INFO AddIdentifyResult: 29581,013280387620,-3,
2017-04-04 09:47:37 INFO AddIdentifyResult: 29581,013280387620,12,
2017-04-04 09:47:43 INFO AddIdentifyResult: 29581,013280387620,10,reg/013280387620_0404094740|reg/013280387620_0404094740|reg/013280387620_
2017-04-04 09:47:43 INFO UpdateUserState: 013280387620,1
2017-04-04 09:52:43 INFO AddIdentifyResult: 29582,013884913210,-1,
2017-04-04 09:52:54 INFO AddIdentifyResult: 29582,013884913210,-3,
2017-04-04 09:55:38 INFO AddIdentifyResult: 29582,013884913210,12,
2017-04-04 09:55:44 INFO AddIdentifyResult: 29582,013884913210,10,reg/013884913210_0404095715|reg/013884913210_0404095715|reg/013884913210_0404095502
2017-04-04 09:55:44 INFO UpdateUserState: 013884913210,1
2017-04-04 09:55:51 INFO AddIdentifyResult: 29583,013287302511,-1,
2017-04-04 09:55:58 INFO AddIdentifyResult: 29583,013287302511,-3,
2017-04-04 09:59:11 INFO AddIdentifyResult: 29583,013287302511,12,
2017-04-04 09:59:17 INFO AddIdentifyResult: 29583,013287302511,10,reg/013287302511_0404100044|reg/013287302511_0404100044|reg/013287302511_0404095806
2017-04-04 09:59:17 INFO UpdateUserState: 013287302511,1
2017-04-04 10:00:48 INFO AddIdentifyResult: 29584,013963375079,-1,
2017-04-04 10:00:57 INFO AddIdentifyResult: 29584,013963375079,-3,
2017-04-04 10:01:19 INFO AddIdentifyResult: 29585,013285469210,-1,
2017-04-04 10:01:32 INFO AddIdentifyResult: 29585,013285469210,-3,
2017-04-04 10:02:53 INFO AddIdentifyResult: 29585,013285469210,12,
2017-04-04 10:03:00 INFO AddIdentifyResult: 29585,013285469210,10,reg/013285469210_0404100341|reg/013285469210_0404100341|reg/013285469210_
2017-04-04 10:03:01 INFO UpdateUserState: 013285469210,1
2017-04-04 10:03:28 INFO AddIdentifyResult: 29586,013520962466,-1,
2017-04-04 10:03:38 INFO AddIdentifyResult: 29586,013520962466,-3,
2017-04-04 10:03:48 INFO AddIdentifyResult: 29584,013963375079,12,
2017-04-04 10:03:56 INFO AddIdentifyResult: 29584,013963375079,10,reg/013963375079_0404100514|reg/013963375079_0404100514|reg/013963375079_0404100306
2017-04-04 10:03:56 INFO UpdateUserState: 013963375079,1
2017-04-04 10:04:05 INFO AddIdentifyResult: 29587,013006540235,-1,
2017-04-04 10:04:13 INFO AddIdentifyResult: 29587,013006540235,-3,
2017-04-04 10:05:18 INFO AddIdentifyResult: 29586,013520962466,12,
2017-04-04 10:05:25 INFO AddIdentifyResult: 29586,013520962466,10,reg/013520962466_0404100656|reg/013520962466_0404100656|reg/013520962466_0404100546
2017-04-04 10:05:26 INFO UpdateUserState: 013520962466,1
2017-04-04 10:05:48 INFO AddIdentifyResult: 29587,013006540235,12,
2017-04-04 10:05:55 INFO AddIdentifyResult: 29587,013006540235,10,reg/013006540235_0404100622|reg/013006540235_0404100622|reg/013006540235_
2017-04-04 10:05:55 INFO UpdateUserState: 013006540235,1
2017-04-04 10:20:30 INFO AddIdentifyResult: 29588,013287370183,-1,
2017-04-04 10:21:35 INFO AddIdentifyResult: 29589,013287370183,-1,
2017-04-04 10:21:41 INFO AddIdentifyResult: 29589,013287370183,-3,
2017-04-04 10:24:05 INFO AddIdentifyResult: 29589,013287370183,12,
2017-04-04 10:24:13 INFO AddIdentifyResult: 29589,013287370183,10,reg/013287370183_0404102349|reg/013287370183_0404102349|reg/013287370183_
2017-04-04 10:24:13 INFO UpdateUserState: 013287370183,1
2017-04-04 10:26:40 INFO AddIdentifyResult: 29590,013287370183,-1,
2017-04-04 10:27:20 INFO AddIdentifyResult: 29591,013287370183,-1,
2017-04-04 10:27:36 INFO AddIdentifyResult: 29591,013287370183,-3,
2017-04-04 10:28:27 INFO AddIdentifyResult: 29591,013287370183,1,ver/04/04/102945_013287370183.wav
2017-04-04 10:28:56 INFO AddIdentifyResult: 29592,013287370183,-1,
2017-04-04 10:29:12 INFO AddIdentifyResult: 29592,013287370183,-3,
2017-04-04 10:30:04 INFO AddIdentifyResult: 29592,013287370183,1,ver/04/04/103121_013287370183.wav
2017-04-04 10:30:20 INFO AddIdentifyResult: 29593,013287370183,-1,
2017-04-04 10:32:51 INFO AddIdentifyResult: 29594,013287370183,-1,
2017-04-04 10:33:04 INFO AddIdentifyResult: 29594,013287370183,-3,
2017-04-04 10:35:06 INFO AddIdentifyResult: 29594,013287370183,12,
2017-04-04 10:35:14 INFO AddIdentifyResult: 29594,013287370183,10,reg/013287370183_0404103513|reg/013287370183_0404103513|reg/013287370183_
2017-04-04 10:35:14 INFO UpdateUserState: 013287370183,1
2017-04-04 10:35:29 INFO AddIdentifyResult: 29595,013287370183,-1,
2017-04-04 10:35:42 INFO AddIdentifyResult: 29595,013287370183,-3,
2017-04-04 10:36:34 INFO AddIdentifyResult: 29595,013287370183,0,ver/04/04/103751_013287370183.wav
2017-04-04 13:50:04 INFO AddIdentifyResult: 29596,013285467731,-1,
2017-04-04 13:50:49 INFO AddIdentifyResult: 29597,013285467731,-1,
2017-04-04 13:51:01 INFO AddIdentifyResult: 29597,013285467731,-3,
2017-04-04 13:52:55 INFO AddIdentifyResult: 29597,013285467731,12,
2017-04-04 13:53:01 INFO AddIdentifyResult: 29597,013285467731,10,reg/013285467731_0404135438|reg/013285467731_0404135438|reg/013285467731_0404135310
2017-04-04 13:53:01 INFO UpdateUserState: 013285467731,1
2017-04-04 14:31:46 INFO AddIdentifyResult: 29598,013287370321,-1,
2017-04-04 14:31:58 INFO AddIdentifyResult: 29598,013287370321,-3,
2017-04-04 14:34:35 INFO AddIdentifyResult: 29598,013287370321,12,
2017-04-04 14:34:46 INFO AddIdentifyResult: 29598,013287370321,10,reg/013287370321_0404143408|reg/013287370321_0404143408|reg/013287370321_
2017-04-04 14:34:46 INFO UpdateUserState: 013287370321,1
2017-04-04 14:36:34 INFO AddIdentifyResult: 29599,013012916792,-1,
2017-04-04 14:37:10 INFO AddIdentifyResult: 29600,013012916792,-1,
2017-04-04 14:37:16 INFO AddIdentifyResult: 29600,013012916792,-3,
2017-04-04 14:40:35 INFO AddIdentifyResult: 29600,013012916792,12,
2017-04-04 14:40:47 INFO AddIdentifyResult: 29600,013012916792,10,reg/013012916792_0404143925|reg/013012916792_0404143925|reg/013012916792_
2017-04-04 14:40:47 INFO UpdateUserState: 013012916792,1
2017-04-04 14:41:14 INFO AddIdentifyResult: 29601,013012916792,-1,
2017-04-04 14:41:22 INFO AddIdentifyResult: 29601,013012916792,-3,
2017-04-04 14:42:13 INFO AddIdentifyResult: 29601,013012916792,0,ver/04/04/144331_013012916792.wav
2017-04-04 14:52:09 INFO AddIdentifyResult: 29602,013287306821,-1,
2017-04-04 14:56:40 INFO AddIdentifyResult: 29603,013287306821,-1,
2017-04-04 14:56:47 INFO AddIdentifyResult: 29603,013287306821,-3,
2017-04-04 14:59:33 INFO AddIdentifyResult: 29603,013287306821,12,
2017-04-04 14:59:41 INFO AddIdentifyResult: 29603,013287306821,10,reg/013287306821_0404145856|reg/013287306821_0404145856|reg/013287306821_
2017-04-04 14:59:41 INFO UpdateUserState: 013287306821,1
2017-04-04 15:00:33 INFO AddIdentifyResult: 29604,013287306821,-1,
2017-04-04 15:00:48 INFO AddIdentifyResult: 29604,013287306821,-3,
2017-04-04 15:01:39 INFO AddIdentifyResult: 29604,013287306821,0,ver/04/04/150258_013287306821.wav
2017-04-04 15:06:14 INFO AddIdentifyResult: 29605,015963086165,-1,
2017-04-04 15:06:28 INFO AddIdentifyResult: 29605,015963086165,-3,
2017-04-04 15:08:34 INFO AddIdentifyResult: 29605,015963086165,12,
2017-04-04 15:08:41 INFO AddIdentifyResult: 29605,015963086165,10,reg/015963086165_0404150838|reg/015963086165_0404150838|reg/015963086165_
2017-04-04 15:08:41 INFO UpdateUserState: 015963086165,1
2017-04-04 15:08:55 INFO AddIdentifyResult: 29606,015963086165,-1,
2017-04-04 15:09:04 INFO AddIdentifyResult: 29606,015963086165,-3,
2017-04-04 15:09:55 INFO AddIdentifyResult: 29606,015963086165,0,ver/04/04/151114_015963086165.wav
2017-04-04 15:13:58 INFO AddIdentifyResult: 29607,013012908701,-1,
2017-04-04 15:14:06 INFO AddIdentifyResult: 29607,013012908701,-3,
2017-04-04 15:16:35 INFO AddIdentifyResult: 29607,013012908701,12,
2017-04-04 15:16:42 INFO AddIdentifyResult: 29607,013012908701,10,reg/013012908701_0404151615|reg/013012908701_0404151615|reg/013012908701_
2017-04-04 15:16:42 INFO UpdateUserState: 013012908701,1
2017-04-04 15:16:54 INFO AddIdentifyResult: 29608,013012908701,-1,
2017-04-04 15:16:59 INFO AddIdentifyResult: 29608,013012908701,-3,
2017-04-04 15:17:50 INFO AddIdentifyResult: 29608,013012908701,0,ver/04/04/151909_013012908701.wav
2017-04-04 15:26:01 INFO AddIdentifyResult: 29609,013012910190,-1,
2017-04-04 15:26:06 INFO AddIdentifyResult: 29609,013012910190,-3,
2017-04-04 15:27:37 INFO AddIdentifyResult: 29609,013012910190,12,
2017-04-04 15:27:44 INFO AddIdentifyResult: 29609,013012910190,10,reg/013012910190_0404152816|reg/013012910190_0404152816|reg/013012910190_
2017-04-04 15:27:44 INFO UpdateUserState: 013012910190,1
2017-04-04 15:28:13 INFO AddIdentifyResult: 29610,013012910190,-1,
2017-04-04 15:28:18 INFO AddIdentifyResult: 29610,013012910190,-3,
2017-04-04 15:29:10 INFO AddIdentifyResult: 29610,013012910190,0,ver/04/04/153028_013012910190.wav
2017-04-04 15:33:24 INFO AddIdentifyResult: 29611,013006545719,-1,
2017-04-04 15:33:30 INFO AddIdentifyResult: 29611,013006545719,-3,
2017-04-04 15:35:26 INFO AddIdentifyResult: 29611,013006545719,12,
2017-04-04 15:35:34 INFO AddIdentifyResult: 29611,013006545719,10,reg/013006545719_0404153540|reg/013006545719_0404153540|reg/013006545719_
2017-04-04 15:35:34 INFO UpdateUserState: 013006545719,1
2017-04-04 15:36:17 INFO AddIdentifyResult: 29612,013006545719,-1,
2017-04-04 15:36:22 INFO AddIdentifyResult: 29612,013006545719,-3,
2017-04-04 15:37:13 INFO AddIdentifyResult: 29612,013006545719,0,ver/04/04/153832_013006545719.wav
2017-04-04 15:41:53 INFO AddIdentifyResult: 29613,013287305091,-1,
2017-04-04 15:42:36 INFO AddIdentifyResult: 29614,013287305091,-1,
2017-04-04 15:43:22 INFO AddIdentifyResult: 29615,013287305091,-1,
2017-04-04 15:43:27 INFO AddIdentifyResult: 29615,013287305091,-3,
2017-04-04 15:45:29 INFO AddIdentifyResult: 29615,013287305091,12,
2017-04-04 15:45:36 INFO AddIdentifyResult: 29615,013287305091,10,reg/013287305091_0404154537|reg/013287305091_0404154537|reg/013287305091_
2017-04-04 15:45:37 INFO UpdateUserState: 013287305091,1
2017-04-04 15:46:04 INFO AddIdentifyResult: 29616,013287305091,-1,
2017-04-04 15:46:12 INFO AddIdentifyResult: 29616,013287305091,-3,
2017-04-04 15:47:04 INFO AddIdentifyResult: 29616,013287305091,0,ver/04/04/154823_013287305091.wav
2017-04-04 15:53:55 INFO AddIdentifyResult: 29617,013012911603,-1,
2017-04-04 15:56:10 INFO AddIdentifyResult: 29618,013012911603,-1,
2017-04-04 15:56:15 INFO AddIdentifyResult: 29618,013012911603,-3,
2017-04-04 15:58:27 INFO AddIdentifyResult: 29618,013012911603,12,
2017-04-04 15:58:34 INFO AddIdentifyResult: 29618,013012911603,10,reg/013012911603_0404155825|reg/013012911603_0404155825|reg/013012911603_
2017-04-04 15:58:34 INFO UpdateUserState: 013012911603,1
2017-04-04 15:59:30 INFO AddIdentifyResult: 29619,013012911603,-1,
2017-04-04 15:59:39 INFO AddIdentifyResult: 29619,013012911603,-3,
2017-04-04 16:00:30 INFO AddIdentifyResult: 29619,013012911603,0,ver/04/04/160149_013012911603.wav
2017-04-04 16:05:58 INFO AddIdentifyResult: 29620,013013565027,-1,
2017-04-04 16:06:06 INFO AddIdentifyResult: 29620,013013565027,-3,
2017-04-04 16:07:08 INFO AddIdentifyResult: 29620,013013565027,11,reg/013013565027_|reg/013013565027_|reg/013013565027_
2017-04-04 16:07:42 INFO AddIdentifyResult: 29621,013013565027,-1,
2017-04-04 16:07:53 INFO AddIdentifyResult: 29621,013013565027,-3,
2017-04-04 16:09:42 INFO AddIdentifyResult: 29621,013013565027,12,
2017-04-04 16:09:49 INFO AddIdentifyResult: 29621,013013565027,10,reg/013013565027_0404161130|reg/013013565027_0404161130|reg/013013565027_0404161003
2017-04-04 16:09:50 INFO UpdateUserState: 013013565027,1
2017-04-04 16:19:40 INFO AddIdentifyResult: 29622,013006548391,-1,
2017-04-04 16:19:47 INFO AddIdentifyResult: 29622,013006548391,-3,
2017-04-04 16:21:45 INFO AddIdentifyResult: 29622,013006548391,12,
2017-04-04 16:21:53 INFO AddIdentifyResult: 29622,013006548391,10,reg/013006548391_0404162157|reg/013006548391_0404162157|reg/013006548391_
2017-04-04 16:21:53 INFO UpdateUserState: 013006548391,1
2017-04-04 16:22:47 INFO AddIdentifyResult: 29623,013006548391,-1,
2017-04-04 16:22:51 INFO AddIdentifyResult: 29623,013006548391,-3,
2017-04-04 16:23:44 INFO AddIdentifyResult: 29623,013006548391,0,ver/04/04/162502_013006548391.wav
2017-04-04 18:13:19 INFO AddIdentifyResult: 0,013042701216,1,
