2017-01-04 08:38:15 INFO AddIdentifyResult: 12229,018366939806,-1,
2017-01-04 08:39:57 INFO AddIdentifyResult: 12230,018366939806,-1,
2017-01-04 08:40:03 INFO AddIdentifyResult: 12230,018366939806,-3,
2017-01-04 08:41:58 INFO AddIdentifyResult: 12230,018366939806,12,
2017-01-04 08:42:06 INFO AddIdentifyResult: 12230,018366939806,10,reg/018366939806_0104084137|reg/018366939806_0104084137|reg/018366939806_
2017-01-04 08:42:06 INFO UpdateUserState: 018366939806,1
2017-01-04 08:42:54 INFO AddIdentifyResult: 12231,018366939806,-1,
2017-01-04 08:43:02 INFO AddIdentifyResult: 12231,018366939806,-3,
2017-01-04 08:43:54 INFO AddIdentifyResult: 12231,018366939806,1,ver/01/04/084436_018366939806.wav
2017-01-04 09:06:06 INFO AddIdentifyResult: 12232,013275467288,-1,
2017-01-04 09:06:17 INFO AddIdentifyResult: 12232,013275467288,-3,
2017-01-04 09:07:39 INFO AddIdentifyResult: 12232,013275467288,12,
2017-01-04 09:07:46 INFO AddIdentifyResult: 12232,013275467288,10,reg/013275467288_0104090751|reg/013275467288_0104090751|reg/013275467288_
2017-01-04 09:07:46 INFO UpdateUserState: 013275467288,1
2017-01-04 09:07:54 INFO AddIdentifyResult: 12233,018366939806,-1,
2017-01-04 09:08:00 INFO AddIdentifyResult: 12233,018366939806,-3,
2017-01-04 09:09:42 INFO AddIdentifyResult: 12233,018366939806,12,
2017-01-04 09:09:50 INFO AddIdentifyResult: 12233,018366939806,10,reg/018366939806_0104090934|reg/018366939806_0104090934|reg/018366939806_
2017-01-04 09:09:50 INFO UpdateUserState: 018366939806,1
2017-01-04 09:10:14 INFO AddIdentifyResult: 12234,018366939806,-1,
2017-01-04 09:10:22 INFO AddIdentifyResult: 12234,018366939806,-3,
2017-01-04 09:11:14 INFO AddIdentifyResult: 12234,018366939806,0,ver/01/04/091156_018366939806.wav
2017-01-04 09:11:46 INFO AddIdentifyResult: 12235,018366939806,-1,
2017-01-04 09:11:52 INFO AddIdentifyResult: 12235,018366939806,-3,
2017-01-04 09:12:45 INFO AddIdentifyResult: 12235,018366939806,0,ver/01/04/091326_018366939806.wav
2017-01-04 09:15:57 INFO AddIdentifyResult: 12236,018366939806,-1,
2017-01-04 09:16:04 INFO AddIdentifyResult: 12236,018366939806,-3,
2017-01-04 09:16:56 INFO AddIdentifyResult: 12236,018366939806,1,ver/01/04/091738_018366939806.wav
2017-01-04 09:17:49 INFO AddIdentifyResult: 12237,018366939806,-1,
2017-01-04 09:17:56 INFO AddIdentifyResult: 12237,018366939806,-3,
2017-01-04 09:18:49 INFO AddIdentifyResult: 12237,018366939806,1,ver/01/04/091931_018366939806.wav
2017-01-04 09:19:23 INFO AddIdentifyResult: 12238,018366939806,-1,
2017-01-04 09:19:29 INFO AddIdentifyResult: 12238,018366939806,-3,
2017-01-04 09:20:21 INFO AddIdentifyResult: 12238,018366939806,1,ver/01/04/092103_018366939806.wav
2017-01-04 09:22:09 INFO AddIdentifyResult: 12239,013275467288,-1,
2017-01-04 09:22:15 INFO AddIdentifyResult: 12239,013275467288,-3,
2017-01-04 09:23:08 INFO AddIdentifyResult: 12239,013275467288,1,ver/01/04/092350_013275467288.wav
2017-01-04 09:27:00 INFO AddIdentifyResult: 12240,013810171926,-1,
2017-01-04 09:27:11 INFO AddIdentifyResult: 12240,013810171926,-3,
2017-01-04 09:27:18 INFO AddIdentifyResult: 12240,013810171926,11,reg/013810171926_|reg/013810171926_|reg/013810171926_
2017-01-04 09:27:26 INFO AddIdentifyResult: 12241,015511265215,-1,
2017-01-04 09:27:32 INFO AddIdentifyResult: 12241,015511265215,-3,
2017-01-04 09:28:59 INFO AddIdentifyResult: 12241,015511265215,12,
2017-01-04 09:29:06 INFO AddIdentifyResult: 12241,015511265215,10,reg/015511265215_0104092906|reg/015511265215_0104092906|reg/015511265215_
2017-01-04 09:29:06 INFO UpdateUserState: 015511265215,1
2017-01-04 09:29:12 INFO AddIdentifyResult: 12242,015511265215,-1,
2017-01-04 09:29:31 INFO AddIdentifyResult: 12243,015511265215,-1,
2017-01-04 09:29:39 INFO AddIdentifyResult: 12244,017371146171,-1,
2017-01-04 09:29:40 INFO AddIdentifyResult: 12243,015511265215,-3,
2017-01-04 09:29:46 INFO AddIdentifyResult: 12244,017371146171,-3,
2017-01-04 09:29:52 INFO AddIdentifyResult: 12244,017371146171,11,reg/017371146171_|reg/017371146171_|reg/017371146171_
2017-01-04 09:30:25 INFO AddIdentifyResult: 12245,017371146171,-1,
2017-01-04 09:30:32 INFO AddIdentifyResult: 12243,015511265215,0,ver/01/04/093114_015511265215.wav
2017-01-04 09:30:38 INFO AddIdentifyResult: 12245,017371146171,-3,
2017-01-04 09:30:46 INFO AddIdentifyResult: 12245,017371146171,11,reg/017371146171_|reg/017371146171_|reg/017371146171_
2017-01-04 09:33:08 INFO AddIdentifyResult: 12246,013483262455,-1,
2017-01-04 09:33:19 INFO AddIdentifyResult: 12246,013483262455,-3,
2017-01-04 09:33:25 INFO AddIdentifyResult: 12247,017371146171,-1,
2017-01-04 09:34:09 INFO AddIdentifyResult: 12248,017371146171,-1,
2017-01-04 09:34:20 INFO AddIdentifyResult: 12248,017371146171,-3,
2017-01-04 09:34:27 INFO AddIdentifyResult: 12248,017371146171,11,reg/017371146171_|reg/017371146171_|reg/017371146171_
2017-01-04 09:34:49 INFO AddIdentifyResult: 12249,18971945862,-1,
2017-01-04 09:34:59 INFO AddIdentifyResult: 12249,18971945862,-3,
2017-01-04 09:35:20 INFO AddIdentifyResult: 12250,017371146171,-1,
2017-01-04 09:35:27 INFO AddIdentifyResult: 12250,017371146171,-3,
2017-01-04 09:35:52 INFO AddIdentifyResult: 12246,013483262455,12,
2017-01-04 09:36:00 INFO AddIdentifyResult: 12246,013483262455,10,reg/013483262455_0104093646|reg/013483262455_0104093646|reg/013483262455_0104093452
2017-01-04 09:36:00 INFO UpdateUserState: 013483262455,1
2017-01-04 09:36:05 INFO AddIdentifyResult: 12251,013483262455,-1,
2017-01-04 09:36:19 INFO AddIdentifyResult: 12251,013483262455,-3,
2017-01-04 09:37:10 INFO AddIdentifyResult: 12251,013483262455,0,ver/01/04/093753_013483262455.wav
2017-01-04 09:38:37 INFO AddIdentifyResult: 12252,18971945862,-1,
2017-01-04 09:38:47 INFO AddIdentifyResult: 12252,18971945862,-3,
2017-01-04 09:40:37 INFO AddIdentifyResult: 12253,015511209159,-1,
2017-01-04 09:40:45 INFO AddIdentifyResult: 12252,18971945862,12,
2017-01-04 09:40:46 INFO AddIdentifyResult: 12250,017371146171,12,
2017-01-04 09:40:52 INFO AddIdentifyResult: 12252,18971945862,10,reg/18971945862_0104094149|reg/18971945862_0104094149|reg/18971945862_0104094021
2017-01-04 09:40:53 INFO UpdateUserState: 18971945862,1
2017-01-04 09:40:54 INFO AddIdentifyResult: 12250,017371146171,10,reg/017371146171_0104093732|reg/017371146171_0104093732|reg/017371146171_0104093801
2017-01-04 09:40:54 INFO UpdateUserState: 017371146171,1
2017-01-04 09:40:59 INFO AddIdentifyResult: 12249,18971945862,11,reg/18971945862_|reg/18971945862_|reg/18971945862_
2017-01-04 09:41:14 INFO AddIdentifyResult: 12254,015511209159,-1,
2017-01-04 09:41:25 INFO AddIdentifyResult: 12254,015511209159,-3,
2017-01-04 09:41:44 INFO AddIdentifyResult: 0,017371146171,0,ver/01/04/094300_017371146171.wav
2017-01-04 09:42:07 INFO AddIdentifyResult: 0,18971945862,0,ver/01/04/094307_18971945862.wav
2017-01-04 09:43:01 INFO AddIdentifyResult: 12254,015511209159,12,
2017-01-04 09:43:07 INFO AddIdentifyResult: 12254,015511209159,10,reg/015511209159_0104094259|reg/015511209159_0104094259|reg/015511209159_
2017-01-04 09:43:07 INFO UpdateUserState: 015511209159,1
2017-01-04 09:43:23 INFO AddIdentifyResult: 12257,015511209159,-1,
2017-01-04 09:43:31 INFO AddIdentifyResult: 12257,015511209159,-3,
2017-01-04 09:44:23 INFO AddIdentifyResult: 12257,015511209159,0,ver/01/04/094506_015511209159.wav
2017-01-04 09:46:57 INFO AddIdentifyResult: 12258,015933528295,-1,
2017-01-04 09:47:05 INFO AddIdentifyResult: 12258,015933528295,-3,
2017-01-04 09:50:02 INFO AddIdentifyResult: 12258,015933528295,12,
2017-01-04 09:50:09 INFO AddIdentifyResult: 12258,015933528295,10,reg/015933528295_0104095046|reg/015933528295_0104095046|reg/015933528295_0104094839
2017-01-04 09:50:09 INFO UpdateUserState: 015933528295,1
2017-01-04 09:50:18 INFO AddIdentifyResult: 12259,015933528295,-1,
2017-01-04 09:50:30 INFO AddIdentifyResult: 12259,015933528295,-3,
2017-01-04 09:51:21 INFO AddIdentifyResult: 12259,015933528295,0,ver/01/04/095204_015933528295.wav
2017-01-04 09:52:37 INFO AddIdentifyResult: 12260,05511291163,-1,
2017-01-04 09:52:58 INFO AddIdentifyResult: 12261,05511291163,-1,
2017-01-04 09:53:26 INFO AddIdentifyResult: 12262,015511291163,-1,
2017-01-04 09:53:34 INFO AddIdentifyResult: 12262,015511291163,-3,
2017-01-04 09:55:35 INFO AddIdentifyResult: 12262,015511291163,12,
2017-01-04 09:55:41 INFO AddIdentifyResult: 12262,015511291163,10,reg/015511291163_0104095508|reg/015511291163_0104095508|reg/015511291163_
2017-01-04 09:55:42 INFO UpdateUserState: 015511291163,1
2017-01-04 09:55:45 INFO AddIdentifyResult: 12263,015511291163,-1,
2017-01-04 09:55:57 INFO AddIdentifyResult: 12264,015511291163,-1,
2017-01-04 09:56:06 INFO AddIdentifyResult: 12264,015511291163,-3,
2017-01-04 09:56:57 INFO AddIdentifyResult: 12264,015511291163,0,ver/01/04/095740_015511291163.wav
2017-01-04 09:59:13 INFO AddIdentifyResult: 12265,015931849431,-1,
2017-01-04 09:59:22 INFO AddIdentifyResult: 12265,015931849431,-3,
2017-01-04 10:00:48 INFO AddIdentifyResult: 12265,015931849431,11,reg/015931849431_|reg/015931849431_|reg/015931849431_
2017-01-04 10:01:11 INFO AddIdentifyResult: 12266,015931849431,-1,
2017-01-04 10:01:20 INFO AddIdentifyResult: 12266,015931849431,-3,
2017-01-04 10:02:45 INFO AddIdentifyResult: 12267,18971943221,-1,
2017-01-04 10:02:50 INFO AddIdentifyResult: 12266,015931849431,12,
2017-01-04 10:02:51 INFO AddIdentifyResult: 12267,18971943221,-3,
2017-01-04 10:02:56 INFO AddIdentifyResult: 12266,015931849431,10,reg/015931849431_0104100254|reg/015931849431_0104100254|reg/015931849431_
2017-01-04 10:02:57 INFO UpdateUserState: 015931849431,1
2017-01-04 10:03:02 INFO AddIdentifyResult: 12268,015931849431,-1,
2017-01-04 10:03:09 INFO AddIdentifyResult: 12268,015931849431,-3,
2017-01-04 10:04:02 INFO AddIdentifyResult: 12268,015931849431,0,ver/01/04/100444_015931849431.wav
2017-01-04 10:05:11 INFO AddIdentifyResult: 12269,015511260253,-1,
2017-01-04 10:05:29 INFO AddIdentifyResult: 12267,18971943221,12,
2017-01-04 10:05:35 INFO AddIdentifyResult: 12267,18971943221,10,reg/18971943221_0104100637|reg/18971943221_0104100637|reg/18971943221_0104100425
2017-01-04 10:05:36 INFO UpdateUserState: 18971943221,1
2017-01-04 10:06:06 INFO AddIdentifyResult: 12270,015511260253,-1,
2017-01-04 10:06:15 INFO AddIdentifyResult: 12270,015511260253,-3,
2017-01-04 10:07:43 INFO AddIdentifyResult: 12270,015511260253,12,
2017-01-04 10:07:50 INFO AddIdentifyResult: 12270,015511260253,10,reg/015511260253_0104100749|reg/015511260253_0104100749|reg/015511260253_
2017-01-04 10:07:50 INFO UpdateUserState: 015511260253,1
2017-01-04 10:07:53 INFO AddIdentifyResult: 12271,015511260253,-1,
2017-01-04 10:08:02 INFO AddIdentifyResult: 12272,015511260253,-1,
2017-01-04 10:08:14 INFO AddIdentifyResult: 12273,015511260253,-1,
2017-01-04 10:08:22 INFO AddIdentifyResult: 12273,015511260253,-3,
2017-01-04 10:09:15 INFO AddIdentifyResult: 12273,015511260253,0,ver/01/04/100957_015511260253.wav
2017-01-04 10:10:01 INFO AddIdentifyResult: 0,18971943221,0,ver/01/04/101056_18971943221.wav
2017-01-04 10:12:23 INFO AddIdentifyResult: 12275,017707292306,-1,
2017-01-04 10:12:37 INFO AddIdentifyResult: 12275,017707292306,-3,
2017-01-04 10:13:13 INFO AddIdentifyResult: 12275,017707292306,11,reg/017707292306_|reg/017707292306_|reg/017707292306_
2017-01-04 10:13:38 INFO AddIdentifyResult: 12276,015028255752,-1,
2017-01-04 10:15:13 INFO AddIdentifyResult: 12277,013463281469,-1,
2017-01-04 10:15:16 INFO AddIdentifyResult: 12278,015931843947,-1,
2017-01-04 10:15:24 INFO AddIdentifyResult: 12277,013463281469,-3,
2017-01-04 10:15:28 INFO AddIdentifyResult: 12278,015931843947,-3,
2017-01-04 10:16:54 INFO AddIdentifyResult: 12278,015931843947,12,
2017-01-04 10:17:00 INFO AddIdentifyResult: 12278,015931843947,10,reg/015931843947_0104101702|reg/015931843947_0104101702|reg/015931843947_
2017-01-04 10:17:01 INFO UpdateUserState: 015931843947,1
2017-01-04 10:17:10 INFO AddIdentifyResult: 12279,015931843947,-1,
2017-01-04 10:17:16 INFO AddIdentifyResult: 12279,015931843947,-3,
2017-01-04 10:18:01 INFO AddIdentifyResult: 12277,013463281469,12,
2017-01-04 10:18:08 INFO AddIdentifyResult: 12277,013463281469,10,reg/013463281469_0104101903|reg/013463281469_0104101903|reg/013463281469_0104101658
2017-01-04 10:18:08 INFO UpdateUserState: 013463281469,1
2017-01-04 10:18:09 INFO AddIdentifyResult: 12279,015931843947,0,ver/01/04/101851_015931843947.wav
2017-01-04 10:19:02 INFO AddIdentifyResult: 12280,013463281469,-1,
2017-01-04 10:19:11 INFO AddIdentifyResult: 12280,013463281469,-3,
2017-01-04 10:19:36 INFO AddIdentifyResult: 12281,015512200812,-1,
2017-01-04 10:19:49 INFO AddIdentifyResult: 12281,015512200812,-3,
2017-01-04 10:20:02 INFO AddIdentifyResult: 12280,013463281469,0,ver/01/04/102045_013463281469.wav
2017-01-04 10:20:20 INFO AddIdentifyResult: 12282,18971943757,-1,
2017-01-04 10:21:45 INFO AddIdentifyResult: 12281,015512200812,12,
2017-01-04 10:21:52 INFO AddIdentifyResult: 12281,015512200812,10,reg/015512200812_0104102246|reg/015512200812_0104102246|reg/015512200812_0104102123
2017-01-04 10:21:53 INFO UpdateUserState: 015512200812,1
2017-01-04 10:21:57 INFO AddIdentifyResult: 12283,015512200812,-1,
2017-01-04 10:22:05 INFO AddIdentifyResult: 12283,015512200812,-3,
2017-01-04 10:22:57 INFO AddIdentifyResult: 12283,015512200812,0,ver/01/04/102339_015512200812.wav
2017-01-04 10:23:25 INFO AddIdentifyResult: 12284,015512205219,-1,
2017-01-04 10:23:38 INFO AddIdentifyResult: 12284,015512205219,-3,
2017-01-04 10:23:54 INFO AddIdentifyResult: 12284,015512205219,11,reg/015512205219_|reg/015512205219_|reg/015512205219_
2017-01-04 10:24:18 INFO AddIdentifyResult: 12285,015512205219,-1,
2017-01-04 10:24:27 INFO AddIdentifyResult: 12285,015512205219,-3,
2017-01-04 10:25:10 INFO AddIdentifyResult: 12286,015511256019,-1,
2017-01-04 10:25:16 INFO AddIdentifyResult: 12286,015511256019,-3,
2017-01-04 10:26:23 INFO AddIdentifyResult: 12285,015512205219,12,
2017-01-04 10:26:30 INFO AddIdentifyResult: 12285,015512205219,10,reg/015512205219_0104102731|reg/015512205219_0104102731|reg/015512205219_0104102601
2017-01-04 10:26:30 INFO UpdateUserState: 015512205219,1
2017-01-04 10:26:34 INFO AddIdentifyResult: 12287,015512205219,-1,
2017-01-04 10:26:45 INFO AddIdentifyResult: 12287,015512205219,-3,
2017-01-04 10:27:22 INFO AddIdentifyResult: 12288,015512205219,-1,
2017-01-04 10:27:32 INFO AddIdentifyResult: 12286,015511256019,12,
2017-01-04 10:27:40 INFO AddIdentifyResult: 12286,015511256019,10,reg/015511256019_0104102822|reg/015511256019_0104102822|reg/015511256019_0104102650
2017-01-04 10:27:40 INFO UpdateUserState: 015511256019,1
2017-01-04 10:27:43 INFO AddIdentifyResult: 12289,015511256019,-1,
2017-01-04 10:27:46 INFO AddIdentifyResult: 12288,015512205219,-3,
2017-01-04 10:28:07 INFO AddIdentifyResult: 12290,015511256019,-1,
2017-01-04 10:28:15 INFO AddIdentifyResult: 12290,015511256019,-3,
2017-01-04 10:28:52 INFO AddIdentifyResult: 12288,015512205219,0,ver/01/04/102938_015512205219.wav
2017-01-04 10:29:07 INFO AddIdentifyResult: 12290,015511256019,0,ver/01/04/102950_015511256019.wav
2017-01-04 10:30:00 INFO AddIdentifyResult: 12291,017707292306,-1,
2017-01-04 10:30:05 INFO AddIdentifyResult: 12291,017707292306,-3,
2017-01-04 10:30:19 INFO AddIdentifyResult: 12291,017707292306,11,reg/017707292306_|reg/017707292306_|reg/017707292306_
2017-01-04 10:31:21 INFO AddIdentifyResult: 12292,013477745226,-1,
2017-01-04 10:31:31 INFO AddIdentifyResult: 12292,013477745226,-3,
2017-01-04 10:33:05 INFO AddIdentifyResult: 12292,013477745226,12,
2017-01-04 10:33:13 INFO AddIdentifyResult: 12292,013477745226,10,reg/013477745226_0104103305|reg/013477745226_0104103305|reg/013477745226_
2017-01-04 10:33:13 INFO UpdateUserState: 013477745226,1
2017-01-04 10:33:22 INFO AddIdentifyResult: 12293,013477745226,-1,
2017-01-04 10:33:31 INFO AddIdentifyResult: 12293,013477745226,-3,
2017-01-04 10:33:49 INFO AddIdentifyResult: 12294,013400395459,-1,
2017-01-04 10:33:58 INFO AddIdentifyResult: 12294,013400395459,-3,
2017-01-04 10:34:24 INFO AddIdentifyResult: 12293,013477745226,0,ver/01/04/103506_013477745226.wav
2017-01-04 10:35:06 INFO AddIdentifyResult: 12295,015971522945,-1,
2017-01-04 10:35:13 INFO AddIdentifyResult: 12295,015971522945,-3,
2017-01-04 10:35:28 INFO AddIdentifyResult: 12294,013400395459,12,
2017-01-04 10:35:35 INFO AddIdentifyResult: 12294,013400395459,10,reg/013400395459_0104103532|reg/013400395459_0104103532|reg/013400395459_
2017-01-04 10:35:36 INFO UpdateUserState: 013400395459,1
2017-01-04 10:35:44 INFO AddIdentifyResult: 12296,013400395459,-1,
2017-01-04 10:35:56 INFO AddIdentifyResult: 12296,013400395459,-3,
2017-01-04 10:36:06 INFO AddIdentifyResult: 12295,015971522945,1,ver/01/04/103648_015971522945.wav
2017-01-04 10:36:48 INFO AddIdentifyResult: 12296,013400395459,0,ver/01/04/103730_013400395459.wav
2017-01-04 10:37:02 INFO AddIdentifyResult: 12295,015971522945,2,ver/01/04/103742_015971522945.wav
2017-01-04 10:37:33 INFO AddIdentifyResult: 12297,015931207583,-1,
2017-01-04 10:37:53 INFO AddIdentifyResult: 12297,015931207583,-3,
2017-01-04 10:38:07 INFO AddIdentifyResult: 12298,013477745226,-1,
2017-01-04 10:38:16 INFO AddIdentifyResult: 12298,013477745226,-3,
2017-01-04 10:39:08 INFO AddIdentifyResult: 12298,013477745226,0,ver/01/04/103950_013477745226.wav
2017-01-04 10:40:01 INFO AddIdentifyResult: 12299,015971522945,-1,
2017-01-04 10:40:18 INFO AddIdentifyResult: 12297,015931207583,12,
2017-01-04 10:40:24 INFO AddIdentifyResult: 12297,015931207583,10,reg/015931207583_0104104129|reg/015931207583_0104104129|reg/015931207583_0104103927
2017-01-04 10:40:25 INFO UpdateUserState: 015931207583,1
2017-01-04 10:40:31 INFO AddIdentifyResult: 12300,013472280887,-1,
2017-01-04 10:40:32 INFO AddIdentifyResult: 12301,015931207583,-1,
2017-01-04 10:40:41 INFO AddIdentifyResult: 12301,015931207583,-3,
2017-01-04 10:40:45 INFO AddIdentifyResult: 12300,013472280887,-3,
2017-01-04 10:41:33 INFO AddIdentifyResult: 12301,015931207583,0,ver/01/04/104216_015931207583.wav
2017-01-04 10:42:22 INFO AddIdentifyResult: 12300,013472280887,12,
2017-01-04 10:42:29 INFO AddIdentifyResult: 12300,013472280887,10,reg/013472280887_0104104219|reg/013472280887_0104104219|reg/013472280887_
2017-01-04 10:42:29 INFO UpdateUserState: 013472280887,1
2017-01-04 10:42:35 INFO AddIdentifyResult: 12302,013472280887,-1,
2017-01-04 10:42:51 INFO AddIdentifyResult: 12302,013472280887,-3,
2017-01-04 10:43:44 INFO AddIdentifyResult: 12302,013472280887,0,ver/01/04/104426_013472280887.wav
2017-01-04 10:44:52 INFO AddIdentifyResult: 12303,015511293268,-1,
2017-01-04 10:45:00 INFO AddIdentifyResult: 12303,015511293268,-3,
2017-01-04 10:45:25 INFO AddIdentifyResult: 12304,015512203213,-1,
2017-01-04 10:46:18 INFO AddIdentifyResult: 12305,015512203213,-1,
2017-01-04 10:46:34 INFO AddIdentifyResult: 12303,015511293268,12,
2017-01-04 10:46:40 INFO AddIdentifyResult: 12303,015511293268,10,reg/015511293268_0104104634|reg/015511293268_0104104634|reg/015511293268_
2017-01-04 10:46:41 INFO UpdateUserState: 015511293268,1
2017-01-04 10:46:45 INFO AddIdentifyResult: 12306,015511293268,-1,
2017-01-04 10:46:49 INFO AddIdentifyResult: 12306,015511293268,-3,
2017-01-04 10:47:42 INFO AddIdentifyResult: 12306,015511293268,0,ver/01/04/104824_015511293268.wav
2017-01-04 10:48:30 INFO AddIdentifyResult: 12307,015512203213,-1,
2017-01-04 10:49:10 INFO AddIdentifyResult: 12308,015512203213,-1,
2017-01-04 10:49:19 INFO AddIdentifyResult: 12308,015512203213,-3,
2017-01-04 10:50:54 INFO AddIdentifyResult: 12308,015512203213,12,
2017-01-04 10:51:02 INFO AddIdentifyResult: 12308,015512203213,10,reg/015512203213_0104105053|reg/015512203213_0104105053|reg/015512203213_
2017-01-04 10:51:02 INFO UpdateUserState: 015512203213,1
2017-01-04 10:51:07 INFO AddIdentifyResult: 12309,015512203213,-1,
2017-01-04 10:51:15 INFO AddIdentifyResult: 12309,015512203213,-3,
2017-01-04 10:52:07 INFO AddIdentifyResult: 12310,015511297069,-1,
2017-01-04 10:52:08 INFO AddIdentifyResult: 12309,015512203213,0,ver/01/04/105250_015512203213.wav
2017-01-04 10:52:14 INFO AddIdentifyResult: 12310,015511297069,-3,
2017-01-04 10:54:02 INFO AddIdentifyResult: 12310,015511297069,12,
2017-01-04 10:54:08 INFO AddIdentifyResult: 12310,015511297069,10,reg/015511297069_0104105348|reg/015511297069_0104105348|reg/015511297069_
2017-01-04 10:54:09 INFO UpdateUserState: 015511297069,1
2017-01-04 10:54:13 INFO AddIdentifyResult: 12311,015511297069,-1,
2017-01-04 10:54:18 INFO AddIdentifyResult: 12311,015511297069,-3,
2017-01-04 10:55:10 INFO AddIdentifyResult: 12311,015511297069,0,ver/01/04/105553_015511297069.wav
2017-01-04 10:59:12 INFO AddIdentifyResult: 12312,015512213930,-1,
2017-01-04 10:59:23 INFO AddIdentifyResult: 12312,015512213930,-3,
2017-01-04 11:00:51 INFO AddIdentifyResult: 12313,013931393049,-1,
2017-01-04 11:01:02 INFO AddIdentifyResult: 12313,013931393049,-3,
2017-01-04 11:01:43 INFO AddIdentifyResult: 12312,015512213930,12,
2017-01-04 11:01:50 INFO AddIdentifyResult: 12312,015512213930,10,reg/015512213930_0104110238|reg/015512213930_0104110238|reg/015512213930_0104110057
2017-01-04 11:01:51 INFO UpdateUserState: 015512213930,1
2017-01-04 11:01:55 INFO AddIdentifyResult: 12314,015512213930,-1,
2017-01-04 11:02:10 INFO AddIdentifyResult: 12314,015512213930,-3,
2017-01-04 11:02:44 INFO AddIdentifyResult: 12313,013931393049,12,
2017-01-04 11:02:50 INFO AddIdentifyResult: 12313,013931393049,10,reg/013931393049_0104110236|reg/013931393049_0104110236|reg/013931393049_
2017-01-04 11:02:50 INFO UpdateUserState: 013931393049,1
2017-01-04 11:03:01 INFO AddIdentifyResult: 12314,015512213930,0,ver/01/04/110344_015512213930.wav
2017-01-04 11:03:23 INFO AddIdentifyResult: 12315,013931393049,-1,
2017-01-04 11:03:32 INFO AddIdentifyResult: 12315,013931393049,-3,
2017-01-04 11:03:58 INFO AddIdentifyResult: 12316,015511210535,-1,
2017-01-04 11:04:05 INFO AddIdentifyResult: 12316,015511210535,-3,
2017-01-04 11:04:24 INFO AddIdentifyResult: 12315,013931393049,0,ver/01/04/110507_013931393049.wav
2017-01-04 11:05:55 INFO AddIdentifyResult: 12316,015511210535,12,
2017-01-04 11:06:01 INFO AddIdentifyResult: 12316,015511210535,10,reg/015511210535_0104110619|reg/015511210535_0104110619|reg/015511210535_0104110539
2017-01-04 11:06:01 INFO UpdateUserState: 015511210535,1
2017-01-04 11:06:14 INFO AddIdentifyResult: 12317,015511210535,-1,
2017-01-04 11:06:21 INFO AddIdentifyResult: 12317,015511210535,-3,
2017-01-04 11:07:12 INFO AddIdentifyResult: 12317,015511210535,0,ver/01/04/110755_015511210535.wav
2017-01-04 11:09:36 INFO AddIdentifyResult: 12318,015511200870,-1,
2017-01-04 11:09:44 INFO AddIdentifyResult: 12318,015511200870,-3,
2017-01-04 11:11:42 INFO AddIdentifyResult: 12319,015511289623,-1,
2017-01-04 11:12:02 INFO AddIdentifyResult: 12319,015511289623,-3,
2017-01-04 11:12:28 INFO AddIdentifyResult: 12318,015511200870,12,
2017-01-04 11:12:35 INFO AddIdentifyResult: 12318,015511200870,10,reg/015511200870_0104111326|reg/015511200870_0104111326|reg/015511200870_0104111118
2017-01-04 11:12:35 INFO UpdateUserState: 015511200870,1
2017-01-04 11:12:51 INFO AddIdentifyResult: 12320,015511200870,-1,
2017-01-04 11:12:58 INFO AddIdentifyResult: 12320,015511200870,-3,
2017-01-04 11:13:43 INFO AddIdentifyResult: 12319,015511289623,12,
2017-01-04 11:13:49 INFO AddIdentifyResult: 12320,015511200870,0,ver/01/04/111432_015511200870.wav
2017-01-04 11:13:50 INFO AddIdentifyResult: 12319,015511289623,10,reg/015511289623_0104111336|reg/015511289623_0104111336|reg/015511289623_
2017-01-04 11:13:50 INFO UpdateUserState: 015511289623,1
2017-01-04 11:13:57 INFO AddIdentifyResult: 12321,015511289623,-1,
2017-01-04 11:14:05 INFO AddIdentifyResult: 12321,015511289623,-3,
2017-01-04 11:14:57 INFO AddIdentifyResult: 12321,015511289623,0,ver/01/04/111539_015511289623.wav
2017-01-04 11:19:24 INFO AddIdentifyResult: 12322,013785268432,-1,
2017-01-04 11:19:36 INFO AddIdentifyResult: 12322,013785268432,-3,
2017-01-04 11:21:49 INFO AddIdentifyResult: 12322,013785268432,11,reg/013785268432_|reg/013785268432_|reg/013785268432_
2017-01-04 11:22:27 INFO AddIdentifyResult: 12323,013785268432,-1,
2017-01-04 11:22:40 INFO AddIdentifyResult: 12324,015031208437,-1,
2017-01-04 11:22:42 INFO AddIdentifyResult: 12323,013785268432,-3,
2017-01-04 11:22:47 INFO AddIdentifyResult: 12325,18971943280,-1,
2017-01-04 11:22:49 INFO AddIdentifyResult: 12324,015031208437,-3,
2017-01-04 11:22:53 INFO AddIdentifyResult: 12326,18971943757,-1,
2017-01-04 11:23:33 INFO AddIdentifyResult: 12323,013785268432,11,reg/013785268432_|reg/013785268432_|reg/013785268432_
2017-01-04 11:25:34 INFO AddIdentifyResult: 12324,015031208437,12,
2017-01-04 11:25:39 INFO AddIdentifyResult: 12327,013785268432,-1,
2017-01-04 11:25:41 INFO AddIdentifyResult: 12324,015031208437,10,reg/015031208437_0104112616|reg/015031208437_0104112616|reg/015031208437_0104112424
2017-01-04 11:25:41 INFO UpdateUserState: 015031208437,1
2017-01-04 11:25:46 INFO AddIdentifyResult: 12328,015031208437,-1,
2017-01-04 11:25:55 INFO AddIdentifyResult: 12328,015031208437,-3,
2017-01-04 11:26:21 INFO AddIdentifyResult: 12329,013785268432,-1,
2017-01-04 11:26:33 INFO AddIdentifyResult: 12329,013785268432,-3,
2017-01-04 11:26:46 INFO AddIdentifyResult: 12328,015031208437,0,ver/01/04/112729_015031208437.wav
2017-01-04 11:27:15 INFO AddIdentifyResult: 12329,013785268432,11,reg/013785268432_|reg/013785268432_|reg/013785268432_
2017-01-04 11:27:46 INFO AddIdentifyResult: 12330,013785268432,-1,
2017-01-04 11:27:57 INFO AddIdentifyResult: 12330,013785268432,-3,
2017-01-04 11:30:18 INFO AddIdentifyResult: 12330,013785268432,12,
2017-01-04 11:30:27 INFO AddIdentifyResult: 12330,013785268432,10,reg/013785268432_0104112932|reg/013785268432_0104112932|reg/013785268432_
2017-01-04 11:30:27 INFO UpdateUserState: 013785268432,1
2017-01-04 11:30:35 INFO AddIdentifyResult: 12331,013785268432,-1,
2017-01-04 11:30:44 INFO AddIdentifyResult: 12331,013785268432,-3,
2017-01-04 11:31:36 INFO AddIdentifyResult: 12331,013785268432,0,ver/01/04/113218_013785268432.wav
2017-01-04 11:32:07 INFO AddIdentifyResult: 12332,015511215169,-1,
2017-01-04 11:32:35 INFO AddIdentifyResult: 12333,015511215169,-1,
2017-01-04 11:34:02 INFO AddIdentifyResult: 12334,015512215169,-1,
2017-01-04 11:34:08 INFO AddIdentifyResult: 12334,015512215169,-3,
2017-01-04 11:36:02 INFO AddIdentifyResult: 12335,013230287702,-1,
2017-01-04 11:36:22 INFO AddIdentifyResult: 12334,015512215169,12,
2017-01-04 11:36:30 INFO AddIdentifyResult: 12334,015512215169,10,reg/015512215169_0104113715|reg/015512215169_0104113715|reg/015512215169_0104113543
2017-01-04 11:36:30 INFO UpdateUserState: 015512215169,1
2017-01-04 11:36:36 INFO AddIdentifyResult: 12336,015512215169,-1,
2017-01-04 11:36:43 INFO AddIdentifyResult: 12336,015512215169,-3,
2017-01-04 11:37:19 INFO AddIdentifyResult: 12337,013230287702,-1,
2017-01-04 11:37:35 INFO AddIdentifyResult: 12336,015512215169,0,ver/01/04/113818_015512215169.wav
2017-01-04 11:38:40 INFO AddIdentifyResult: 12338,015511270301,-1,
2017-01-04 11:40:38 INFO AddIdentifyResult: 12339,015511270301,-1,
2017-01-04 11:41:01 INFO AddIdentifyResult: 12340,015511215703,-1,
2017-01-04 11:41:10 INFO AddIdentifyResult: 12340,015511215703,-3,
2017-01-04 11:41:12 INFO AddIdentifyResult: 12341,015511270301,-1,
2017-01-04 11:41:26 INFO AddIdentifyResult: 12342,013831277362,-1,
2017-01-04 11:41:39 INFO AddIdentifyResult: 12342,013831277362,-3,
2017-01-04 11:42:13 INFO AddIdentifyResult: 12343,015511270301,-1,
2017-01-04 11:42:29 INFO AddIdentifyResult: 12343,015511270301,-3,
2017-01-04 11:42:42 INFO AddIdentifyResult: 12340,015511215703,12,
2017-01-04 11:42:49 INFO AddIdentifyResult: 12340,015511215703,10,reg/015511215703_0104114245|reg/015511215703_0104114245|reg/015511215703_
2017-01-04 11:42:49 INFO UpdateUserState: 015511215703,1
2017-01-04 11:42:56 INFO AddIdentifyResult: 12344,015511215703,-1,
2017-01-04 11:43:10 INFO AddIdentifyResult: 12345,015511215703,-1,
2017-01-04 11:43:16 INFO AddIdentifyResult: 12345,015511215703,-3,
2017-01-04 11:43:26 INFO AddIdentifyResult: 12342,013831277362,12,
2017-01-04 11:43:32 INFO AddIdentifyResult: 12342,013831277362,10,reg/013831277362_0104114313|reg/013831277362_0104114313|reg/013831277362_
2017-01-04 11:43:33 INFO UpdateUserState: 013831277362,1
2017-01-04 11:43:38 INFO AddIdentifyResult: 12346,013831277362,-1,
2017-01-04 11:43:48 INFO AddIdentifyResult: 12346,013831277362,-3,
2017-01-04 11:44:09 INFO AddIdentifyResult: 12345,015511215703,0,ver/01/04/114451_015511215703.wav
2017-01-04 11:44:39 INFO AddIdentifyResult: 12346,013831277362,0,ver/01/04/114522_013831277362.wav
2017-01-04 11:44:52 INFO AddIdentifyResult: 12343,015511270301,12,
2017-01-04 11:44:58 INFO AddIdentifyResult: 12343,015511270301,10,reg/015511270301_0104114557|reg/015511270301_0104114557|reg/015511270301_0104114403
2017-01-04 11:44:58 INFO UpdateUserState: 015511270301,1
2017-01-04 11:45:05 INFO AddIdentifyResult: 12347,015511270301,-1,
2017-01-04 11:45:13 INFO AddIdentifyResult: 12347,015511270301,-3,
2017-01-04 11:45:44 INFO AddIdentifyResult: 12348,015511253687,-1,
2017-01-04 11:45:49 INFO AddIdentifyResult: 12348,015511253687,-3,
2017-01-04 11:46:05 INFO AddIdentifyResult: 12347,015511270301,0,ver/01/04/114648_015511270301.wav
2017-01-04 11:47:09 INFO AddIdentifyResult: 12349,013722267971,-1,
2017-01-04 11:47:37 INFO AddIdentifyResult: 12350,013722267971,-1,
2017-01-04 11:47:41 INFO AddIdentifyResult: 12348,015511253687,12,
2017-01-04 11:47:49 INFO AddIdentifyResult: 12348,015511253687,10,reg/015511253687_0104114723|reg/015511253687_0104114723|reg/015511253687_
2017-01-04 11:47:49 INFO UpdateUserState: 015511253687,1
2017-01-04 11:47:51 INFO AddIdentifyResult: 12351,015511253687,-1,
2017-01-04 11:47:58 INFO AddIdentifyResult: 12351,015511253687,-3,
2017-01-04 11:48:13 INFO AddIdentifyResult: 12352,015511278061,-1,
2017-01-04 11:48:19 INFO AddIdentifyResult: 12352,015511278061,-3,
2017-01-04 11:48:49 INFO AddIdentifyResult: 12351,015511253687,0,ver/01/04/114932_015511253687.wav
2017-01-04 11:49:19 INFO AddIdentifyResult: 12353,013722261971,-1,
2017-01-04 11:49:38 INFO AddIdentifyResult: 12353,013722261971,-3,
2017-01-04 11:50:01 INFO AddIdentifyResult: 12352,015511278061,12,
2017-01-04 11:50:09 INFO AddIdentifyResult: 12352,015511278061,10,reg/015511278061_0104114953|reg/015511278061_0104114953|reg/015511278061_
2017-01-04 11:50:09 INFO UpdateUserState: 015511278061,1
2017-01-04 11:50:11 INFO AddIdentifyResult: 12354,015511278061,-1,
2017-01-04 11:50:16 INFO AddIdentifyResult: 12354,015511278061,-3,
2017-01-04 11:51:08 INFO AddIdentifyResult: 12354,015511278061,0,ver/01/04/115151_015511278061.wav
2017-01-04 11:51:53 INFO AddIdentifyResult: 12353,013722261971,12,
2017-01-04 11:52:01 INFO AddIdentifyResult: 12353,013722261971,10,reg/013722261971_0104115113|reg/013722261971_0104115113|reg/013722261971_
2017-01-04 11:52:01 INFO UpdateUserState: 013722261971,1
2017-01-04 11:52:18 INFO AddIdentifyResult: 12355,013722261971,-1,
2017-01-04 11:52:26 INFO AddIdentifyResult: 12355,013722261971,-3,
2017-01-04 11:52:48 INFO AddIdentifyResult: 12356,013463254323,-1,
2017-01-04 11:52:55 INFO AddIdentifyResult: 12356,013463254323,-3,
2017-01-04 11:53:17 INFO AddIdentifyResult: 12355,013722261971,0,ver/01/04/115400_013722261971.wav
2017-01-04 11:54:35 INFO AddIdentifyResult: 12356,013463254323,12,
2017-01-04 11:54:42 INFO AddIdentifyResult: 12356,013463254323,10,reg/013463254323_0104115429|reg/013463254323_0104115429|reg/013463254323_
2017-01-04 11:54:42 INFO UpdateUserState: 013463254323,1
2017-01-04 11:54:46 INFO AddIdentifyResult: 12357,013463254323,-1,
2017-01-04 11:54:55 INFO AddIdentifyResult: 12357,013463254323,-3,
2017-01-04 11:55:47 INFO AddIdentifyResult: 12357,013463254323,0,ver/01/04/115630_013463254323.wav
2017-01-04 11:56:08 INFO AddIdentifyResult: 12358,015511208029,-1,
2017-01-04 11:56:13 INFO AddIdentifyResult: 12358,015511208029,-3,
2017-01-04 11:56:40 INFO AddIdentifyResult: 12359,015511258579,-1,
2017-01-04 11:56:48 INFO AddIdentifyResult: 12359,015511258579,-3,
2017-01-04 11:57:47 INFO AddIdentifyResult: 12358,015511208029,12,
2017-01-04 11:57:54 INFO AddIdentifyResult: 12358,015511208029,10,reg/015511208029_0104115748|reg/015511208029_0104115748|reg/015511208029_
2017-01-04 11:57:55 INFO UpdateUserState: 015511208029,1
2017-01-04 11:58:08 INFO AddIdentifyResult: 12360,015511208029,-1,
2017-01-04 11:58:13 INFO AddIdentifyResult: 12360,015511208029,-3,
2017-01-04 11:58:13 INFO AddIdentifyResult: 12359,015511258579,12,
2017-01-04 11:58:20 INFO AddIdentifyResult: 12359,015511258579,10,reg/015511258579_0104115822|reg/015511258579_0104115822|reg/015511258579_
2017-01-04 11:58:20 INFO UpdateUserState: 015511258579,1
2017-01-04 11:58:38 INFO AddIdentifyResult: 12361,015533203913,-1,
2017-01-04 11:58:48 INFO AddIdentifyResult: 12361,015533203913,-3,
2017-01-04 11:59:05 INFO AddIdentifyResult: 12360,015511208029,0,ver/01/04/115948_015511208029.wav
2017-01-04 11:59:08 INFO AddIdentifyResult: 12362,015511258579,-1,
2017-01-04 11:59:22 INFO AddIdentifyResult: 12362,015511258579,-3,
2017-01-04 12:00:15 INFO AddIdentifyResult: 12362,015511258579,0,ver/01/04/120057_015511258579.wav
2017-01-04 12:01:47 INFO AddIdentifyResult: 12361,015533203913,12,
2017-01-04 12:01:54 INFO AddIdentifyResult: 12361,015533203913,10,reg/015533203913_0104120022|reg/015533203913_0104120022|reg/015533203913_
2017-01-04 12:01:54 INFO UpdateUserState: 015533203913,1
2017-01-04 12:02:17 INFO AddIdentifyResult: 12363,015533203913,-1,
2017-01-04 12:02:26 INFO AddIdentifyResult: 12363,015533203913,-3,
2017-01-04 12:03:16 INFO AddIdentifyResult: 12363,015533203913,0,ver/01/04/120400_015533203913.wav
2017-01-04 12:03:30 INFO AddIdentifyResult: 12364,015830218121,-1,
2017-01-04 12:03:46 INFO AddIdentifyResult: 12364,015830218121,-3,
2017-01-04 12:05:22 INFO AddIdentifyResult: 12364,015830218121,12,
2017-01-04 12:05:30 INFO AddIdentifyResult: 12364,015830218121,10,reg/015830218121_0104120520|reg/015830218121_0104120520|reg/015830218121_
2017-01-04 12:05:30 INFO UpdateUserState: 015830218121,1
2017-01-04 12:05:52 INFO AddIdentifyResult: 12365,015830218121,-1,
2017-01-04 12:06:04 INFO AddIdentifyResult: 12365,015830218121,-3,
2017-01-04 12:06:56 INFO AddIdentifyResult: 12365,015830218121,0,ver/01/04/120739_015830218121.wav
2017-01-04 12:10:26 INFO AddIdentifyResult: 12366,015533205913,-1,
2017-01-04 12:10:35 INFO AddIdentifyResult: 12366,015533205913,-3,
2017-01-04 12:12:07 INFO AddIdentifyResult: 12366,015533205913,12,
2017-01-04 12:12:14 INFO AddIdentifyResult: 12366,015533205913,10,reg/015533205913_0104121209|reg/015533205913_0104121209|reg/015533205913_
2017-01-04 12:12:15 INFO UpdateUserState: 015533205913,1
2017-01-04 12:12:25 INFO AddIdentifyResult: 12367,015533205913,-1,
2017-01-04 12:12:31 INFO AddIdentifyResult: 12367,015533205913,-3,
2017-01-04 12:13:24 INFO AddIdentifyResult: 12367,015533205913,0,ver/01/04/121406_015533205913.wav
2017-01-04 12:14:12 INFO AddIdentifyResult: 12368,013400250659,-1,
2017-01-04 12:14:15 INFO AddIdentifyResult: 12369,015512205191,-1,
2017-01-04 12:14:27 INFO AddIdentifyResult: 12368,013400250659,-3,
2017-01-04 12:14:39 INFO AddIdentifyResult: 12370,015512205191,-1,
2017-01-04 12:14:47 INFO AddIdentifyResult: 12371,015512205191,-1,
2017-01-04 12:14:58 INFO AddIdentifyResult: 12372,015512205191,-1,
2017-01-04 12:15:09 INFO AddIdentifyResult: 12368,013400250659,11,reg/013400250659_|reg/013400250659_|reg/013400250659_
2017-01-04 12:15:13 INFO AddIdentifyResult: 12372,015512205191,-3,
2017-01-04 12:15:40 INFO AddIdentifyResult: 12373,013400250659,-1,
2017-01-04 12:15:53 INFO AddIdentifyResult: 12373,013400250659,-3,
2017-01-04 12:17:15 INFO AddIdentifyResult: 12372,015512205191,12,
2017-01-04 12:17:22 INFO AddIdentifyResult: 12372,015512205191,10,reg/015512205191_0104121822|reg/015512205191_0104121822|reg/015512205191_0104121647
2017-01-04 12:17:22 INFO UpdateUserState: 015512205191,1
2017-01-04 12:17:22 INFO AddIdentifyResult: 12374,015512205191,-1,
2017-01-04 12:17:29 INFO AddIdentifyResult: 12374,015512205191,-3,
2017-01-04 12:17:35 INFO AddIdentifyResult: 12373,013400250659,12,
2017-01-04 12:17:43 INFO AddIdentifyResult: 12373,013400250659,10,reg/013400250659_0104121728|reg/013400250659_0104121728|reg/013400250659_
2017-01-04 12:17:43 INFO UpdateUserState: 013400250659,1
2017-01-04 12:17:49 INFO AddIdentifyResult: 12375,013400250659,-1,
2017-01-04 12:18:02 INFO AddIdentifyResult: 12375,013400250659,-3,
2017-01-04 12:18:19 INFO AddIdentifyResult: 12374,015512205191,0,ver/01/04/121903_015512205191.wav
2017-01-04 12:18:54 INFO AddIdentifyResult: 12375,013400250659,0,ver/01/04/121937_013400250659.wav
2017-01-04 14:07:01 INFO AddIdentifyResult: 12376,01313466089,-1,
2017-01-04 14:07:44 INFO AddIdentifyResult: 12377,013173466089,-1,
2017-01-04 14:09:08 INFO AddIdentifyResult: 12378,013173466089,-1,
2017-01-04 14:09:13 INFO AddIdentifyResult: 12378,013173466089,-3,
2017-01-04 14:10:48 INFO AddIdentifyResult: 12378,013173466089,12,
2017-01-04 14:10:55 INFO AddIdentifyResult: 12378,013173466089,10,reg/013173466089_0104141047|reg/013173466089_0104141047|reg/013173466089_
2017-01-04 14:10:55 INFO UpdateUserState: 013173466089,1
2017-01-04 14:18:42 INFO AddIdentifyResult: 12379,013181401938,-1,
2017-01-04 14:18:47 INFO AddIdentifyResult: 12379,013181401938,-3,
2017-01-04 14:21:46 INFO AddIdentifyResult: 12380,013930875802,-1,
2017-01-04 14:21:55 INFO AddIdentifyResult: 12379,013181401938,12,
2017-01-04 14:21:56 INFO AddIdentifyResult: 12380,013930875802,-3,
2017-01-04 14:22:02 INFO AddIdentifyResult: 12379,013181401938,10,reg/013181401938_0104142301|reg/013181401938_0104142301|reg/013181401938_0104142022
2017-01-04 14:22:02 INFO UpdateUserState: 013181401938,1
2017-01-04 14:22:26 INFO AddIdentifyResult: 12381,013181401938,-1,
2017-01-04 14:22:38 INFO AddIdentifyResult: 12381,013181401938,-3,
2017-01-04 14:23:29 INFO AddIdentifyResult: 12381,013181401938,0,ver/01/04/142413_013181401938.wav
2017-01-04 14:23:48 INFO AddIdentifyResult: 12380,013930875802,12,
2017-01-04 14:23:55 INFO AddIdentifyResult: 12380,013930875802,10,reg/013930875802_0104142457|reg/013930875802_0104142457|reg/013930875802_0104142330
2017-01-04 14:23:55 INFO UpdateUserState: 013930875802,1
2017-01-04 14:23:59 INFO AddIdentifyResult: 12382,013930875802,-1,
2017-01-04 14:24:06 INFO AddIdentifyResult: 12382,013930875802,-3,
2017-01-04 14:24:57 INFO AddIdentifyResult: 12382,013930875802,0,ver/01/04/142541_013930875802.wav
2017-01-04 14:28:13 INFO AddIdentifyResult: 12383,018332884492,-1,
2017-01-04 14:28:21 INFO AddIdentifyResult: 12383,018332884492,-3,
2017-01-04 14:29:59 INFO AddIdentifyResult: 12383,018332884492,12,
2017-01-04 14:30:07 INFO AddIdentifyResult: 12383,018332884492,10,reg/018332884492_0104142956|reg/018332884492_0104142956|reg/018332884492_
2017-01-04 14:30:07 INFO UpdateUserState: 018332884492,1
2017-01-04 14:30:15 INFO AddIdentifyResult: 12384,018332884492,-1,
2017-01-04 14:30:24 INFO AddIdentifyResult: 12384,018332884492,-3,
2017-01-04 14:30:26 INFO AddIdentifyResult: 12385,013343529560,-1,
2017-01-04 14:30:52 INFO AddIdentifyResult: 12386,013343529560,-1,
2017-01-04 14:31:16 INFO AddIdentifyResult: 12384,018332884492,0,ver/01/04/143159_018332884492.wav
2017-01-04 14:31:32 INFO AddIdentifyResult: 12387,013343529560,-1,
2017-01-04 14:33:07 INFO AddIdentifyResult: 12388,015511263655,-1,
2017-01-04 14:33:14 INFO AddIdentifyResult: 12388,015511263655,-3,
2017-01-04 14:33:36 INFO AddIdentifyResult: 12389,013343529560,-1,
2017-01-04 14:33:57 INFO AddIdentifyResult: 12390,013343529560,-1,
2017-01-04 14:34:06 INFO AddIdentifyResult: 12391,013343529560,-1,
2017-01-04 14:34:16 INFO AddIdentifyResult: 12390,013343529560,-3,
2017-01-04 14:35:01 INFO AddIdentifyResult: 12388,015511263655,12,
2017-01-04 14:35:09 INFO AddIdentifyResult: 12388,015511263655,10,reg/015511263655_0104143449|reg/015511263655_0104143449|reg/015511263655_
2017-01-04 14:35:09 INFO UpdateUserState: 015511263655,1
2017-01-04 14:35:12 INFO AddIdentifyResult: 12392,015511263655,-1,
2017-01-04 14:35:16 INFO AddIdentifyResult: 12392,015511263655,-3,
2017-01-04 14:36:09 INFO AddIdentifyResult: 12390,013343529560,11,reg/013343529560_|reg/013343529560_|reg/013343529560_
2017-01-04 14:36:09 INFO AddIdentifyResult: 12392,015511263655,0,ver/01/04/143652_015511263655.wav
2017-01-04 14:46:02 INFO AddIdentifyResult: 12393,015533128474,-1,
2017-01-04 14:46:07 INFO AddIdentifyResult: 12393,015533128474,-3,
2017-01-04 14:47:05 INFO AddIdentifyResult: 12394,013173466865,-1,
2017-01-04 14:47:12 INFO AddIdentifyResult: 12394,013173466865,-3,
2017-01-04 14:47:33 INFO AddIdentifyResult: 12393,015533128474,12,
2017-01-04 14:47:39 INFO AddIdentifyResult: 12393,015533128474,10,reg/015533128474_0104144742|reg/015533128474_0104144742|reg/015533128474_
2017-01-04 14:47:39 INFO UpdateUserState: 015533128474,1
2017-01-04 14:47:44 INFO AddIdentifyResult: 12395,015533128474,-1,
2017-01-04 14:47:54 INFO AddIdentifyResult: 12396,015533128474,-1,
2017-01-04 14:48:09 INFO AddIdentifyResult: 12397,015533128474,-1,
2017-01-04 14:48:19 INFO AddIdentifyResult: 12397,015533128474,-3,
2017-01-04 14:49:06 INFO AddIdentifyResult: 12394,013173466865,12,
2017-01-04 14:49:11 INFO AddIdentifyResult: 12397,015533128474,0,ver/01/04/144954_015533128474.wav
2017-01-04 14:49:15 INFO AddIdentifyResult: 12394,013173466865,10,reg/013173466865_0104144847|reg/013173466865_0104144847|reg/013173466865_
2017-01-04 14:49:15 INFO UpdateUserState: 013173466865,1
2017-01-04 14:50:57 INFO AddIdentifyResult: 12398,015511233191,-1,
2017-01-04 14:51:02 INFO AddIdentifyResult: 12398,015511233191,-3,
2017-01-04 14:52:52 INFO AddIdentifyResult: 12398,015511233191,12,
2017-01-04 14:52:59 INFO AddIdentifyResult: 12398,015511233191,10,reg/015511233191_0104145237|reg/015511233191_0104145237|reg/015511233191_
2017-01-04 14:53:00 INFO UpdateUserState: 015511233191,1
2017-01-04 14:53:03 INFO AddIdentifyResult: 12399,015511233191,-1,
2017-01-04 14:53:07 INFO AddIdentifyResult: 12399,015511233191,-3,
2017-01-04 14:54:00 INFO AddIdentifyResult: 12399,015511233191,0,ver/01/04/145443_015511233191.wav
2017-01-04 14:56:12 INFO AddIdentifyResult: 12400,013730461424,-1,
2017-01-04 14:56:22 INFO AddIdentifyResult: 12400,013730461424,-3,
2017-01-04 14:58:03 INFO AddIdentifyResult: 12400,013730461424,12,
2017-01-04 14:58:09 INFO AddIdentifyResult: 12400,013730461424,10,reg/013730461424_0104145756|reg/013730461424_0104145756|reg/013730461424_
2017-01-04 14:58:10 INFO UpdateUserState: 013730461424,1
2017-01-04 14:58:12 INFO AddIdentifyResult: 12401,013730461424,-1,
2017-01-04 14:58:21 INFO AddIdentifyResult: 12401,013730461424,-3,
2017-01-04 14:59:12 INFO AddIdentifyResult: 12401,013730461424,0,ver/01/04/145956_013730461424.wav
2017-01-04 15:01:05 INFO AddIdentifyResult: 12402,015511290087,-1,
2017-01-04 15:01:13 INFO AddIdentifyResult: 12402,015511290087,-3,
2017-01-04 15:02:23 INFO AddIdentifyResult: 12403,013173465616,-1,
2017-01-04 15:02:28 INFO AddIdentifyResult: 12403,013173465616,-3,
2017-01-04 15:02:53 INFO AddIdentifyResult: 12402,015511290087,12,
2017-01-04 15:03:00 INFO AddIdentifyResult: 12402,015511290087,10,reg/015511290087_0104150247|reg/015511290087_0104150247|reg/015511290087_
2017-01-04 15:03:01 INFO UpdateUserState: 015511290087,1
2017-01-04 15:03:13 INFO AddIdentifyResult: 12404,015511290087,-1,
2017-01-04 15:03:23 INFO AddIdentifyResult: 12404,015511290087,-3,
2017-01-04 15:04:15 INFO AddIdentifyResult: 12404,015511290087,0,ver/01/04/150458_015511290087.wav
2017-01-04 15:04:16 INFO AddIdentifyResult: 12403,013173465616,12,
2017-01-04 15:04:22 INFO AddIdentifyResult: 12403,013173465616,10,reg/013173465616_0104150521|reg/013173465616_0104150521|reg/013173465616_0104150403
2017-01-04 15:04:22 INFO UpdateUserState: 013173465616,1
2017-01-04 15:04:33 INFO AddIdentifyResult: 12405,013854607324,-1,
2017-01-04 15:04:40 INFO AddIdentifyResult: 12405,013854607324,-3,
2017-01-04 15:06:17 INFO AddIdentifyResult: 12405,013854607324,12,
2017-01-04 15:06:23 INFO AddIdentifyResult: 12405,013854607324,10,reg/013854607324_0104150615|reg/013854607324_0104150615|reg/013854607324_
2017-01-04 15:06:23 INFO UpdateUserState: 013854607324,1
2017-01-04 15:08:54 INFO AddIdentifyResult: 12406,015511288736,-1,
2017-01-04 15:09:00 INFO AddIdentifyResult: 12406,015511288736,-3,
2017-01-04 15:09:16 INFO AddIdentifyResult: 12407,015511269331,-1,
2017-01-04 15:09:22 INFO AddIdentifyResult: 12407,015511269331,-3,
2017-01-04 15:09:43 INFO AddIdentifyResult: 12407,015511269331,11,reg/015511269331_|reg/015511269331_|reg/015511269331_
2017-01-04 15:09:55 INFO AddIdentifyResult: 12408,015511269331,-1,
2017-01-04 15:10:00 INFO AddIdentifyResult: 12408,015511269331,-3,
2017-01-04 15:10:24 INFO AddIdentifyResult: 12409,015971522945,-1,
2017-01-04 15:10:39 INFO AddIdentifyResult: 12409,015971522945,-3,
2017-01-04 15:10:50 INFO AddIdentifyResult: 12406,015511288736,12,
2017-01-04 15:10:57 INFO AddIdentifyResult: 12406,015511288736,10,reg/015511288736_0104151035|reg/015511288736_0104151035|reg/015511288736_
2017-01-04 15:10:57 INFO UpdateUserState: 015511288736,1
2017-01-04 15:10:57 INFO AddIdentifyResult: 12409,015971522945,1,
2017-01-04 15:11:06 INFO AddIdentifyResult: 12410,015511288736,-1,
2017-01-04 15:11:16 INFO AddIdentifyResult: 12410,015511288736,-3,
2017-01-04 15:11:17 INFO AddIdentifyResult: 12411,015971522945,-1,
2017-01-04 15:11:27 INFO AddIdentifyResult: 12411,015971522945,-3,
2017-01-04 15:11:47 INFO AddIdentifyResult: 12408,015511269331,12,
2017-01-04 15:11:55 INFO AddIdentifyResult: 12408,015511269331,10,reg/015511269331_0104151135|reg/015511269331_0104151135|reg/015511269331_
2017-01-04 15:11:55 INFO UpdateUserState: 015511269331,1
2017-01-04 15:11:55 INFO AddIdentifyResult: 12412,015511269331,-1,
2017-01-04 15:12:02 INFO AddIdentifyResult: 12412,015511269331,-3,
2017-01-04 15:12:08 INFO AddIdentifyResult: 12410,015511288736,0,ver/01/04/151251_015511288736.wav
2017-01-04 15:12:19 INFO AddIdentifyResult: 12411,015971522945,1,ver/01/04/151302_015971522945.wav
2017-01-04 15:12:54 INFO AddIdentifyResult: 12412,015511269331,0,ver/01/04/151337_015511269331.wav
2017-01-04 15:13:16 INFO AddIdentifyResult: 12411,015971522945,2,ver/01/04/151357_015971522945.wav
2017-01-04 15:13:38 INFO AddIdentifyResult: 12413,015971522945,-1,
2017-01-04 15:13:47 INFO AddIdentifyResult: 12413,015971522945,-3,
2017-01-04 15:14:39 INFO AddIdentifyResult: 12413,015971522945,1,ver/01/04/151522_015971522945.wav
2017-01-04 15:18:07 INFO AddIdentifyResult: 12414,015511259209,-1,
2017-01-04 15:18:17 INFO AddIdentifyResult: 12414,015511259209,-3,
2017-01-04 15:18:53 INFO AddIdentifyResult: 12415,018766477562,-1,
2017-01-04 15:19:00 INFO AddIdentifyResult: 12415,018766477562,-3,
2017-01-04 15:19:04 INFO AddIdentifyResult: 12416,015971522945,-1,
2017-01-04 15:19:12 INFO AddIdentifyResult: 12416,015971522945,-3,
2017-01-04 15:19:46 INFO AddIdentifyResult: 12414,015511259209,12,
2017-01-04 15:19:54 INFO AddIdentifyResult: 12414,015511259209,10,reg/015511259209_0104151952|reg/015511259209_0104151952|reg/015511259209_
2017-01-04 15:19:54 INFO UpdateUserState: 015511259209,1
2017-01-04 15:20:05 INFO AddIdentifyResult: 12416,015971522945,1,ver/01/04/152048_015971522945.wav
2017-01-04 15:20:07 INFO AddIdentifyResult: 12417,015511259209,-1,
2017-01-04 15:20:16 INFO AddIdentifyResult: 12417,015511259209,-3,
2017-01-04 15:20:39 INFO AddIdentifyResult: 12415,018766477562,12,
2017-01-04 15:20:46 INFO AddIdentifyResult: 12415,018766477562,10,reg/018766477562_0104152035|reg/018766477562_0104152035|reg/018766477562_
2017-01-04 15:20:46 INFO UpdateUserState: 018766477562,1
2017-01-04 15:21:08 INFO AddIdentifyResult: 12418,013173466530,-1,
2017-01-04 15:21:08 INFO AddIdentifyResult: 12417,015511259209,0,ver/01/04/152151_015511259209.wav
2017-01-04 15:21:13 INFO AddIdentifyResult: 12418,013173466530,-3,
2017-01-04 15:23:15 INFO AddIdentifyResult: 12418,013173466530,12,
2017-01-04 15:23:23 INFO AddIdentifyResult: 12418,013173466530,10,reg/013173466530_0104152415|reg/013173466530_0104152415|reg/013173466530_0104152248
2017-01-04 15:23:23 INFO UpdateUserState: 013173466530,1
2017-01-04 15:25:49 INFO AddIdentifyResult: 12419,015030242817,-1,
2017-01-04 15:25:58 INFO AddIdentifyResult: 12419,015030242817,-3,
2017-01-04 15:26:16 INFO AddIdentifyResult: 12420,013181953055,-1,
2017-01-04 15:26:25 INFO AddIdentifyResult: 12420,013181953055,-3,
2017-01-04 15:28:05 INFO AddIdentifyResult: 12420,013181953055,12,
2017-01-04 15:28:10 INFO AddIdentifyResult: 12419,015030242817,12,
2017-01-04 15:28:13 INFO AddIdentifyResult: 12420,013181953055,10,reg/013181953055_0104152800|reg/013181953055_0104152800|reg/013181953055_
2017-01-04 15:28:13 INFO UpdateUserState: 013181953055,1
2017-01-04 15:28:20 INFO AddIdentifyResult: 12419,015030242817,10,reg/015030242817_0104152907|reg/015030242817_0104152907|reg/015030242817_0104152733
2017-01-04 15:28:20 INFO UpdateUserState: 015030242817,1
2017-01-04 15:28:25 INFO AddIdentifyResult: 12421,015030242817,-1,
2017-01-04 15:28:32 INFO AddIdentifyResult: 12421,015030242817,-3,
2017-01-04 15:29:23 INFO AddIdentifyResult: 12421,015030242817,0,ver/01/04/153007_015030242817.wav
2017-01-04 15:30:34 INFO AddIdentifyResult: 0,018201323322,1,
2017-01-04 15:30:52 INFO AddIdentifyResult: 12423,015512209305,-1,
2017-01-04 15:31:01 INFO AddIdentifyResult: 12423,015512209305,-3,
2017-01-04 15:32:34 INFO AddIdentifyResult: 12423,015512209305,12,
2017-01-04 15:32:40 INFO AddIdentifyResult: 12423,015512209305,10,reg/015512209305_0104153236|reg/015512209305_0104153236|reg/015512209305_
2017-01-04 15:32:40 INFO UpdateUserState: 015512209305,1
2017-01-04 15:32:44 INFO AddIdentifyResult: 12424,015512209305,-1,
2017-01-04 15:32:52 INFO AddIdentifyResult: 12424,015512209305,-3,
2017-01-04 15:33:44 INFO AddIdentifyResult: 12424,015512209305,0,ver/01/04/153428_015512209305.wav
2017-01-04 15:34:38 INFO AddIdentifyResult: 12425,013181996338,-1,
2017-01-04 15:34:55 INFO AddIdentifyResult: 12425,013181996338,-3,
2017-01-04 15:36:25 INFO AddIdentifyResult: 12425,013181996338,12,
2017-01-04 15:36:31 INFO AddIdentifyResult: 12425,013181996338,10,reg/013181996338_0104153630|reg/013181996338_0104153630|reg/013181996338_
2017-01-04 15:36:31 INFO UpdateUserState: 013181996338,1
2017-01-04 15:36:41 INFO AddIdentifyResult: 12426,013280325362,-1,
2017-01-04 15:36:46 INFO AddIdentifyResult: 12426,013280325362,-3,
2017-01-04 15:38:10 INFO AddIdentifyResult: 12426,013280325362,12,
2017-01-04 15:38:18 INFO AddIdentifyResult: 12426,013280325362,10,reg/013280325362_0104153821|reg/013280325362_0104153821|reg/013280325362_
2017-01-04 15:38:18 INFO UpdateUserState: 013280325362,1
2017-01-04 15:41:09 INFO AddIdentifyResult: 12427,013173468151,-1,
2017-01-04 15:41:16 INFO AddIdentifyResult: 12427,013173468151,-3,
2017-01-04 15:43:05 INFO AddIdentifyResult: 12427,013173468151,12,
2017-01-04 15:43:11 INFO AddIdentifyResult: 12427,013173468151,10,reg/013173468151_0104154251|reg/013173468151_0104154251|reg/013173468151_
2017-01-04 15:43:11 INFO UpdateUserState: 013173468151,1
2017-01-04 15:49:04 INFO AddIdentifyResult: 12428,013173468790,-1,
2017-01-04 15:49:14 INFO AddIdentifyResult: 12428,013173468790,-3,
2017-01-04 15:51:06 INFO AddIdentifyResult: 12428,013173468790,12,
2017-01-04 15:51:14 INFO AddIdentifyResult: 12428,013173468790,10,reg/013173468790_0104155049|reg/013173468790_0104155049|reg/013173468790_
2017-01-04 15:51:14 INFO UpdateUserState: 013173468790,1
2017-01-04 15:53:33 INFO AddIdentifyResult: 12429,015971522945,-1,
2017-01-04 15:53:49 INFO AddIdentifyResult: 12429,015971522945,-3,
2017-01-04 15:54:13 INFO AddIdentifyResult: 12430,013173462681,-1,
2017-01-04 15:54:21 INFO AddIdentifyResult: 12430,013173462681,-3,
2017-01-04 15:54:23 INFO AddIdentifyResult: 12429,015971522945,1,ver/01/04/155525_015971522945.wav
2017-01-04 15:55:00 INFO AddIdentifyResult: 12429,015971522945,2,ver/01/04/155558_015971522945.wav
2017-01-04 15:56:06 INFO AddIdentifyResult: 12430,013173462681,12,
2017-01-04 15:56:13 INFO AddIdentifyResult: 12430,013173462681,10,reg/013173462681_0104155556|reg/013173462681_0104155556|reg/013173462681_
2017-01-04 15:56:13 INFO UpdateUserState: 013173462681,1
2017-01-04 15:57:00 INFO AddIdentifyResult: 12431,015511278539,-1,
2017-01-04 15:57:22 INFO AddIdentifyResult: 12431,015511278539,-3,
2017-01-04 15:58:48 INFO AddIdentifyResult: 12431,015511278539,12,
2017-01-04 15:58:55 INFO AddIdentifyResult: 12431,015511278539,10,reg/015511278539_0104155857|reg/015511278539_0104155857|reg/015511278539_
2017-01-04 15:58:55 INFO UpdateUserState: 015511278539,1
2017-01-04 15:59:00 INFO AddIdentifyResult: 12432,015511278539,-1,
2017-01-04 15:59:10 INFO AddIdentifyResult: 12432,015511278539,-3,
2017-01-04 16:00:02 INFO AddIdentifyResult: 12432,015511278539,0,ver/01/04/160045_015511278539.wav
2017-01-04 16:02:00 INFO AddIdentifyResult: 12433,013173463608,-1,
2017-01-04 16:02:10 INFO AddIdentifyResult: 12433,013173463608,-3,
2017-01-04 16:03:37 INFO AddIdentifyResult: 12434,015971522945,-1,
2017-01-04 16:03:45 INFO AddIdentifyResult: 12434,015971522945,-3,
2017-01-04 16:03:50 INFO AddIdentifyResult: 12434,015971522945,1,
2017-01-04 16:04:04 INFO AddIdentifyResult: 12433,013173463608,12,
2017-01-04 16:04:12 INFO AddIdentifyResult: 12433,013173463608,10,reg/013173463608_0104160345|reg/013173463608_0104160345|reg/013173463608_
2017-01-04 16:04:12 INFO UpdateUserState: 013173463608,1
2017-01-04 16:07:32 INFO AddIdentifyResult: 12435,013173461987,-1,
2017-01-04 16:07:42 INFO AddIdentifyResult: 12435,013173461987,-3,
2017-01-04 16:08:51 INFO AddIdentifyResult: 12436,013477745226,-1,
2017-01-04 16:09:20 INFO AddIdentifyResult: 12435,013173461987,12,
2017-01-04 16:09:24 INFO AddIdentifyResult: 12436,013477745226,-3,
2017-01-04 16:09:27 INFO AddIdentifyResult: 12435,013173461987,10,reg/013173461987_0104160917|reg/013173461987_0104160917|reg/013173461987_
2017-01-04 16:09:27 INFO UpdateUserState: 013173461987,1
2017-01-04 16:10:56 INFO AddIdentifyResult: 12436,013477745226,12,
2017-01-04 16:11:03 INFO AddIdentifyResult: 12436,013477745226,10,reg/013477745226_0104161059|reg/013477745226_0104161059|reg/013477745226_
2017-01-04 16:11:03 INFO UpdateUserState: 013477745226,1
2017-01-04 16:11:21 INFO AddIdentifyResult: 12437,013477745226,-1,
2017-01-04 16:11:30 INFO AddIdentifyResult: 12437,013477745226,-3,
2017-01-04 16:12:22 INFO AddIdentifyResult: 12437,013477745226,0,ver/01/04/161305_013477745226.wav
2017-01-04 16:16:59 INFO AddIdentifyResult: 12438,013173462627,-1,
2017-01-04 16:17:05 INFO AddIdentifyResult: 12438,013173462627,-3,
2017-01-04 16:19:34 INFO AddIdentifyResult: 12438,013173462627,12,
2017-01-04 16:19:43 INFO AddIdentifyResult: 12438,013173462627,10,reg/013173462627_0104161840|reg/013173462627_0104161840|reg/013173462627_
2017-01-04 16:19:43 INFO UpdateUserState: 013173462627,1
2017-01-04 16:20:26 INFO AddIdentifyResult: 12439,015971522945,-1,
2017-01-04 16:20:34 INFO AddIdentifyResult: 12439,015971522945,-3,
2017-01-04 16:21:26 INFO AddIdentifyResult: 12439,015971522945,1,ver/01/04/162209_015971522945.wav
2017-01-04 16:21:54 INFO AddIdentifyResult: 12440,015511290519,-1,
2017-01-04 16:21:58 INFO AddIdentifyResult: 12440,015511290519,-3,
2017-01-04 16:22:23 INFO AddIdentifyResult: 12439,015971522945,2,ver/01/04/162304_015971522945.wav
2017-01-04 16:25:00 INFO AddIdentifyResult: 12440,015511290519,12,
2017-01-04 16:25:07 INFO AddIdentifyResult: 12440,015511290519,10,reg/015511290519_0104162609|reg/015511290519_0104162609|reg/015511290519_0104162333
2017-01-04 16:25:07 INFO UpdateUserState: 015511290519,1
2017-01-04 16:25:29 INFO AddIdentifyResult: 12441,015511290519,-1,
2017-01-04 16:25:37 INFO AddIdentifyResult: 12441,015511290519,-3,
2017-01-04 16:26:29 INFO AddIdentifyResult: 12441,015511290519,0,ver/01/04/162713_015511290519.wav
2017-01-04 16:39:28 INFO AddIdentifyResult: 12442,013173463759,-1,
2017-01-04 16:40:03 INFO AddIdentifyResult: 12443,013173463759,-1,
2017-01-04 16:40:16 INFO AddIdentifyResult: 12443,013173463759,-3,
2017-01-04 16:43:09 INFO AddIdentifyResult: 12443,013173463759,12,
2017-01-04 16:43:15 INFO AddIdentifyResult: 12443,013173463759,10,reg/013173463759_0104164418|reg/013173463759_0104164418|reg/013173463759_0104164151
2017-01-04 16:43:15 INFO UpdateUserState: 013173463759,1
2017-01-04 16:52:36 INFO AddIdentifyResult: 12444,18971943280,-1,
2017-01-04 16:52:42 INFO AddIdentifyResult: 12444,18971943280,-3,
2017-01-04 16:55:14 INFO AddIdentifyResult: 12444,18971943280,12,
2017-01-04 16:55:21 INFO AddIdentifyResult: 12444,18971943280,10,reg/18971943280_0104165615|reg/18971943280_0104165615|reg/18971943280_0104165417
2017-01-04 16:55:21 INFO UpdateUserState: 18971943280,1
2017-01-04 16:56:32 INFO AddIdentifyResult: 0,18971943280,0,ver/01/04/165717_18971943280.wav
2017-01-04 16:57:48 INFO AddIdentifyResult: 0,18971943280,1,
2017-01-04 16:58:54 INFO AddIdentifyResult: 0,18971943280,0,ver/01/04/165938_18971943280.wav
