2017-03-08 08:52:24 INFO AddIdentifyResult: 20621,013255603990,-1,
2017-03-08 08:52:32 INFO AddIdentifyResult: 20621,013255603990,-3,
2017-03-08 08:54:29 INFO AddIdentifyResult: 20621,013255603990,12,
2017-03-08 08:54:36 INFO AddIdentifyResult: 20621,013255603990,10,reg/013255603990_0308085442|reg/013255603990_0308085442|reg/013255603990_
2017-03-08 08:54:36 INFO UpdateUserState: 013255603990,1
2017-03-08 09:06:13 INFO AddIdentifyResult: 20622,015392802390,-1,
2017-03-08 09:06:36 INFO AddIdentifyResult: 20623,015392802390,-1,
2017-03-08 09:06:58 INFO AddIdentifyResult: 20623,015392802390,-3,
2017-03-08 09:09:08 INFO AddIdentifyResult: 20623,015392802390,11,reg/015392802390_|reg/015392802390_|reg/015392802390_
2017-03-08 09:09:19 INFO AddIdentifyResult: 20624,015392802390,-1,
2017-03-08 09:09:27 INFO AddIdentifyResult: 20624,015392802390,-3,
2017-03-08 09:10:49 INFO AddIdentifyResult: 0,15335769016,1,
2017-03-08 09:12:30 INFO AddIdentifyResult: 20624,015392802390,11,reg/015392802390_|reg/015392802390_|reg/015392802390_
2017-03-08 09:15:12 INFO AddIdentifyResult: 20626,015392802390,-1,
2017-03-08 09:15:26 INFO AddIdentifyResult: 20626,015392802390,-3,
2017-03-08 09:18:45 INFO AddIdentifyResult: 20626,015392802390,12,
2017-03-08 09:18:53 INFO AddIdentifyResult: 20626,015392802390,10,reg/015392802390_0308092019|reg/015392802390_0308092019|reg/015392802390_0308091736
2017-03-08 09:18:53 INFO UpdateUserState: 015392802390,1
2017-03-08 09:19:13 INFO AddIdentifyResult: 20627,013054672745,-1,
2017-03-08 09:19:25 INFO AddIdentifyResult: 20628,013054672745,-1,
2017-03-08 09:19:38 INFO AddIdentifyResult: 20628,013054672745,-3,
2017-03-08 09:21:22 INFO AddIdentifyResult: 0,013102993511,1,ver/03/08/092241_013102993511.wav
2017-03-08 09:21:34 INFO AddIdentifyResult: 20628,013054672745,12,
2017-03-08 09:21:41 INFO AddIdentifyResult: 20628,013054672745,10,reg/013054672745_0308092149|reg/013054672745_0308092149|reg/013054672745_
2017-03-08 09:21:41 INFO UpdateUserState: 013054672745,1
2017-03-08 09:21:49 INFO AddIdentifyResult: 20630,013255631750,-1,
2017-03-08 09:21:54 INFO AddIdentifyResult: 20630,013255631750,-3,
2017-03-08 09:23:47 INFO AddIdentifyResult: 20630,013255631750,12,
2017-03-08 09:23:55 INFO AddIdentifyResult: 20630,013255631750,10,reg/013255631750_0308092405|reg/013255631750_0308092405|reg/013255631750_
2017-03-08 09:23:55 INFO UpdateUserState: 013255631750,1
2017-03-08 09:25:19 INFO AddIdentifyResult: 20631,013255465967,-1,
2017-03-08 09:25:24 INFO AddIdentifyResult: 20631,013255465967,-3,
2017-03-08 09:26:57 INFO AddIdentifyResult: 20631,013255465967,12,
2017-03-08 09:27:04 INFO AddIdentifyResult: 20631,013255465967,10,reg/013255465967_0308092735|reg/013255465967_0308092735|reg/013255465967_
2017-03-08 09:27:04 INFO UpdateUserState: 013255465967,1
2017-03-08 09:27:26 INFO AddIdentifyResult: 20632,013255465967,-1,
2017-03-08 09:27:32 INFO AddIdentifyResult: 20632,013255465967,-3,
2017-03-08 09:28:24 INFO AddIdentifyResult: 20632,013255465967,0,ver/03/08/092943_013255465967.wav
2017-03-08 09:34:20 INFO AddIdentifyResult: 20633,013255627557,-1,
2017-03-08 09:34:25 INFO AddIdentifyResult: 20633,013255627557,-3,
2017-03-08 09:35:06 INFO AddIdentifyResult: 20634,013483297614,-1,
2017-03-08 09:35:19 INFO AddIdentifyResult: 20634,013483297614,-3,
2017-03-08 09:35:57 INFO AddIdentifyResult: 20633,013255627557,12,
2017-03-08 09:36:04 INFO AddIdentifyResult: 20633,013255627557,10,reg/013255627557_0308093731|reg/013255627557_0308093731|reg/013255627557_0308093636
2017-03-08 09:36:04 INFO UpdateUserState: 013255627557,1
2017-03-08 09:37:00 INFO AddIdentifyResult: 20635,013255639810,-1,
2017-03-08 09:37:05 INFO AddIdentifyResult: 20634,013483297614,12,
2017-03-08 09:37:06 INFO AddIdentifyResult: 20635,013255639810,-3,
2017-03-08 09:37:12 INFO AddIdentifyResult: 20634,013483297614,10,reg/013483297614_0308093729|reg/013483297614_0308093729|reg/013483297614_
2017-03-08 09:37:12 INFO UpdateUserState: 013483297614,1
2017-03-08 09:37:15 INFO AddIdentifyResult: 20636,013483297614,-1,
2017-03-08 09:37:21 INFO AddIdentifyResult: 20636,013483297614,-3,
2017-03-08 09:38:13 INFO AddIdentifyResult: 20636,013483297614,0,ver/03/08/093932_013483297614.wav
2017-03-08 09:39:22 INFO AddIdentifyResult: 20635,013255639810,12,
2017-03-08 09:39:31 INFO AddIdentifyResult: 20635,013255639810,10,reg/013255639810_0308093917|reg/013255639810_0308093917|reg/013255639810_
2017-03-08 09:39:31 INFO UpdateUserState: 013255639810,1
2017-03-08 09:42:46 INFO AddIdentifyResult: 20637,013480436257,-1,
2017-03-08 09:43:53 INFO AddIdentifyResult: 20638,013780436257,-1,
2017-03-08 09:44:00 INFO AddIdentifyResult: 20638,013780436257,-3,
2017-03-08 09:46:06 INFO AddIdentifyResult: 20638,013780436257,12,
2017-03-08 09:46:13 INFO AddIdentifyResult: 20638,013780436257,10,reg/013780436257_0308094611|reg/013780436257_0308094611|reg/013780436257_
2017-03-08 09:46:13 INFO UpdateUserState: 013780436257,1
2017-03-08 09:46:22 INFO AddIdentifyResult: 20639,013780436257,-1,
2017-03-08 09:46:29 INFO AddIdentifyResult: 20639,013780436257,-3,
2017-03-08 09:46:48 INFO AddIdentifyResult: 20640,013255633837,-1,
2017-03-08 09:46:52 INFO AddIdentifyResult: 20640,013255633837,-3,
2017-03-08 09:47:21 INFO AddIdentifyResult: 20639,013780436257,0,ver/03/08/094840_013780436257.wav
2017-03-08 09:47:35 INFO AddIdentifyResult: 20641,013780792412,-1,
2017-03-08 09:47:43 INFO AddIdentifyResult: 20641,013780792412,-3,
2017-03-08 09:48:54 INFO AddIdentifyResult: 20640,013255633837,12,
2017-03-08 09:49:02 INFO AddIdentifyResult: 20640,013255633837,10,reg/013255633837_0308095028|reg/013255633837_0308095028|reg/013255633837_0308094903
2017-03-08 09:49:02 INFO UpdateUserState: 013255633837,1
2017-03-08 09:49:03 INFO AddIdentifyResult: 20642,018266630373,-1,
2017-03-08 09:49:11 INFO AddIdentifyResult: 20642,018266630373,-3,
2017-03-08 09:49:29 INFO AddIdentifyResult: 20641,013780792412,12,
2017-03-08 09:49:36 INFO AddIdentifyResult: 20641,013780792412,10,reg/013780792412_0308095117|reg/013780792412_0308095117|reg/013780792412_0308094954
2017-03-08 09:49:36 INFO UpdateUserState: 013780792412,1
2017-03-08 09:50:18 INFO AddIdentifyResult: 20643,013780792412,-1,
2017-03-08 09:50:25 INFO AddIdentifyResult: 20643,013780792412,-3,
2017-03-08 09:50:39 INFO AddIdentifyResult: 20644,015612217839,-1,
2017-03-08 09:50:44 INFO AddIdentifyResult: 20644,015612217839,-3,
2017-03-08 09:51:09 INFO AddIdentifyResult: 20642,018266630373,12,
2017-03-08 09:51:18 INFO AddIdentifyResult: 20642,018266630373,10,reg/018266630373_0308095122|reg/018266630373_0308095122|reg/018266630373_
2017-03-08 09:51:18 INFO UpdateUserState: 018266630373,1
2017-03-08 09:51:18 INFO AddIdentifyResult: 20643,013780792412,1,ver/03/08/095237_013780792412.wav
2017-03-08 09:53:03 INFO AddIdentifyResult: 20644,015612217839,12,
2017-03-08 09:53:11 INFO AddIdentifyResult: 20645,015612217839,-4,2
2017-03-08 09:53:12 INFO AddIdentifyResult: 20644,015612217839,10,reg/015612217839_0308095255|reg/015612217839_0308095255|reg/015612217839_
2017-03-08 09:53:12 INFO UpdateUserState: 015612217839,1
2017-03-08 09:53:24 INFO AddIdentifyResult: 20646,015612217839,-1,
2017-03-08 09:53:30 INFO AddIdentifyResult: 20646,015612217839,-3,
2017-03-08 09:54:23 INFO AddIdentifyResult: 20646,015612217839,0,ver/03/08/095542_015612217839.wav
2017-03-08 09:54:46 INFO AddIdentifyResult: 20647,013483299307,-1,
2017-03-08 09:54:58 INFO AddIdentifyResult: 20647,013483299307,-3,
2017-03-08 09:55:18 INFO AddIdentifyResult: 20648,013780792412,-1,
2017-03-08 09:55:21 INFO AddIdentifyResult: 20649,015865450429,-1,
2017-03-08 09:55:27 INFO AddIdentifyResult: 20648,013780792412,-3,
2017-03-08 09:55:35 INFO AddIdentifyResult: 20649,015865450429,-3,
2017-03-08 09:57:32 INFO AddIdentifyResult: 20647,013483299307,12,
2017-03-08 09:57:33 INFO AddIdentifyResult: 20648,013780792412,12,
2017-03-08 09:57:42 INFO AddIdentifyResult: 20649,015865450429,12,
2017-03-08 09:57:43 INFO AddIdentifyResult: 20647,013483299307,10,reg/013483299307_0308095709|reg/013483299307_0308095709|reg/013483299307_
2017-03-08 09:57:43 INFO UpdateUserState: 013483299307,1
2017-03-08 09:57:43 INFO AddIdentifyResult: 20650,013483299307,-1,
2017-03-08 09:57:47 INFO AddIdentifyResult: 20651,013780792412,-1,
2017-03-08 09:57:49 INFO AddIdentifyResult: 20648,013780792412,10,reg/013780792412_0308095915|reg/013780792412_0308095915|reg/013780792412_0308095738
2017-03-08 09:57:49 INFO UpdateUserState: 013780792412,1
2017-03-08 09:57:50 INFO AddIdentifyResult: 20650,013483299307,-3,
2017-03-08 09:57:52 INFO AddIdentifyResult: 20652,013256472615,-1,
2017-03-08 09:57:56 INFO AddIdentifyResult: 20649,015865450429,10,reg/015865450429_0308095746|reg/015865450429_0308095746|reg/015865450429_
2017-03-08 09:57:56 INFO UpdateUserState: 015865450429,1
2017-03-08 09:57:56 INFO AddIdentifyResult: 20651,013780792412,-3,
2017-03-08 09:57:56 INFO AddIdentifyResult: 20652,013256472615,-3,
2017-03-08 09:58:42 INFO AddIdentifyResult: 20650,013483299307,0,ver/03/08/100001_013483299307.wav
2017-03-08 09:58:47 INFO AddIdentifyResult: 20651,013780792412,0,ver/03/08/100007_013780792412.wav
2017-03-08 09:59:41 INFO AddIdentifyResult: 20653,015603231811,-1,
2017-03-08 09:59:47 INFO AddIdentifyResult: 20653,015603231811,-3,
2017-03-08 09:59:49 INFO AddIdentifyResult: 20652,013256472615,12,
2017-03-08 09:59:57 INFO AddIdentifyResult: 20652,013256472615,10,reg/013256472615_0308100007|reg/013256472615_0308100007|reg/013256472615_
2017-03-08 09:59:57 INFO UpdateUserState: 013256472615,1
2017-03-08 10:01:31 INFO AddIdentifyResult: 20653,015603231811,12,
2017-03-08 10:01:38 INFO AddIdentifyResult: 20653,015603231811,10,reg/015603231811_0308100158|reg/015603231811_0308100158|reg/015603231811_
2017-03-08 10:01:38 INFO UpdateUserState: 015603231811,1
2017-03-08 10:02:00 INFO AddIdentifyResult: 20654,015603231811,-1,
2017-03-08 10:02:06 INFO AddIdentifyResult: 20654,015603231811,-3,
2017-03-08 10:02:59 INFO AddIdentifyResult: 20654,015603231811,0,ver/03/08/100418_015603231811.wav
2017-03-08 10:05:19 INFO AddIdentifyResult: 20655,015603202320,-1,
2017-03-08 10:05:27 INFO AddIdentifyResult: 20655,015603202320,-3,
2017-03-08 10:07:06 INFO AddIdentifyResult: 20655,015603202320,12,
2017-03-08 10:07:12 INFO AddIdentifyResult: 20656,015603202320,-4,2
2017-03-08 10:07:13 INFO AddIdentifyResult: 20655,015603202320,10,reg/015603202320_0308100738|reg/015603202320_0308100738|reg/015603202320_
2017-03-08 10:07:13 INFO UpdateUserState: 015603202320,1
2017-03-08 10:07:24 INFO AddIdentifyResult: 20657,015603202320,-1,
2017-03-08 10:07:34 INFO AddIdentifyResult: 20657,015603202320,-3,
2017-03-08 10:08:26 INFO AddIdentifyResult: 20657,015603202320,0,ver/03/08/100945_015603202320.wav
2017-03-08 10:09:39 INFO AddIdentifyResult: 20658,015630210760,-1,
2017-03-08 10:10:10 INFO AddIdentifyResult: 20659,015630210760,-1,
2017-03-08 10:10:14 INFO AddIdentifyResult: 20659,015630210760,-3,
2017-03-08 10:12:03 INFO AddIdentifyResult: 20659,015630210760,12,
2017-03-08 10:12:10 INFO AddIdentifyResult: 20659,015630210760,10,reg/015630210760_0308101224|reg/015630210760_0308101224|reg/015630210760_
2017-03-08 10:12:11 INFO UpdateUserState: 015630210760,1
2017-03-08 10:12:16 INFO AddIdentifyResult: 20660,015630210760,-1,
2017-03-08 10:12:20 INFO AddIdentifyResult: 20660,015630210760,-3,
2017-03-08 10:13:12 INFO AddIdentifyResult: 20660,015630210760,0,ver/03/08/101431_015630210760.wav
2017-03-08 10:13:13 INFO AddIdentifyResult: 20661,015603206367,-1,
2017-03-08 10:13:20 INFO AddIdentifyResult: 20661,015603206367,-3,
2017-03-08 10:15:05 INFO AddIdentifyResult: 20661,015603206367,12,
2017-03-08 10:15:12 INFO AddIdentifyResult: 20661,015603206367,10,reg/015603206367_0308101531|reg/015603206367_0308101531|reg/015603206367_
2017-03-08 10:15:12 INFO UpdateUserState: 015603206367,1
2017-03-08 10:15:24 INFO AddIdentifyResult: 20662,015603206367,-1,
2017-03-08 10:15:31 INFO AddIdentifyResult: 20662,015603206367,-3,
2017-03-08 10:16:23 INFO AddIdentifyResult: 20662,015603206367,1,ver/03/08/101742_015603206367.wav
2017-03-08 10:16:43 INFO AddIdentifyResult: 20663,015603206367,-1,
2017-03-08 10:16:46 INFO AddIdentifyResult: 20663,015603206367,-3,
2017-03-08 10:16:55 INFO AddIdentifyResult: 20663,015603206367,1,
2017-03-08 10:17:03 INFO AddIdentifyResult: 20664,015603256216,-1,
2017-03-08 10:17:03 INFO AddIdentifyResult: 20665,015603206367,-1,
2017-03-08 10:17:06 INFO AddIdentifyResult: 20664,015603256216,-3,
2017-03-08 10:17:11 INFO AddIdentifyResult: 20665,015603206367,-3,
2017-03-08 10:18:03 INFO AddIdentifyResult: 20665,015603206367,0,ver/03/08/101922_015603206367.wav
2017-03-08 10:18:22 INFO AddIdentifyResult: 20666,015930430299,-1,
2017-03-08 10:18:23 INFO AddIdentifyResult: 20667,013473280290,-1,
2017-03-08 10:18:29 INFO AddIdentifyResult: 20666,015930430299,-3,
2017-03-08 10:18:31 INFO AddIdentifyResult: 20667,013473280290,-3,
2017-03-08 10:18:52 INFO AddIdentifyResult: 20664,015603256216,12,
2017-03-08 10:18:58 INFO AddIdentifyResult: 20668,015630841095,-1,
2017-03-08 10:18:59 INFO AddIdentifyResult: 20664,015603256216,10,reg/015603256216_0308101917|reg/015603256216_0308101917|reg/015603256216_
2017-03-08 10:18:59 INFO UpdateUserState: 015603256216,1
2017-03-08 10:19:01 INFO AddIdentifyResult: 20669,015603256216,-1,
2017-03-08 10:19:03 INFO AddIdentifyResult: 20668,015630841095,-3,
2017-03-08 10:19:04 INFO AddIdentifyResult: 20669,015603256216,-3,
2017-03-08 10:19:25 INFO AddIdentifyResult: 20670,015603256216,-1,
2017-03-08 10:19:29 INFO AddIdentifyResult: 20670,015603256216,-3,
2017-03-08 10:19:38 INFO AddIdentifyResult: 20671,015603256216,-1,
2017-03-08 10:19:40 INFO AddIdentifyResult: 20669,015603256216,1,
2017-03-08 10:19:41 INFO AddIdentifyResult: 20670,015603256216,1,
2017-03-08 10:19:51 INFO AddIdentifyResult: 20672,015603256216,-1,
2017-03-08 10:19:54 INFO AddIdentifyResult: 20672,015603256216,-3,
2017-03-08 10:20:11 INFO AddIdentifyResult: 20667,013473280290,12,
2017-03-08 10:20:17 INFO AddIdentifyResult: 20667,013473280290,10,reg/013473280290_0308102041|reg/013473280290_0308102041|reg/013473280290_
2017-03-08 10:20:17 INFO UpdateUserState: 013473280290,1
2017-03-08 10:20:20 INFO AddIdentifyResult: 20673,013473280290,-1,
2017-03-08 10:20:28 INFO AddIdentifyResult: 20673,013473280290,-3,
2017-03-08 10:20:35 INFO AddIdentifyResult: 20668,015630841095,12,
2017-03-08 10:20:42 INFO AddIdentifyResult: 20666,015930430299,12,
2017-03-08 10:20:43 INFO AddIdentifyResult: 20668,015630841095,10,reg/015630841095_0308102114|reg/015630841095_0308102114|reg/015630841095_
2017-03-08 10:20:43 INFO UpdateUserState: 015630841095,1
2017-03-08 10:20:46 INFO AddIdentifyResult: 20672,015603256216,0,ver/03/08/102205_015603256216.wav
2017-03-08 10:20:49 INFO AddIdentifyResult: 20666,015930430299,10,reg/015930430299_0308102234|reg/015930430299_0308102234|reg/015930430299_0308102039
2017-03-08 10:20:49 INFO UpdateUserState: 015930430299,1
2017-03-08 10:20:55 INFO AddIdentifyResult: 20674,015930430299,-1,
2017-03-08 10:20:58 INFO AddIdentifyResult: 20675,015630841095,-1,
2017-03-08 10:21:02 INFO AddIdentifyResult: 20674,015930430299,-3,
2017-03-08 10:21:03 INFO AddIdentifyResult: 20675,015630841095,-3,
2017-03-08 10:21:21 INFO AddIdentifyResult: 20673,013473280290,0,ver/03/08/102240_013473280290.wav
2017-03-08 10:21:53 INFO AddIdentifyResult: 20674,015930430299,0,ver/03/08/102313_015930430299.wav
2017-03-08 10:21:55 INFO AddIdentifyResult: 20675,015630841095,0,ver/03/08/102314_015630841095.wav
2017-03-08 10:22:14 INFO AddIdentifyResult: 20676,015028230014,-1,
2017-03-08 10:22:22 INFO AddIdentifyResult: 20676,015028230014,-3,
2017-03-08 10:22:50 INFO AddIdentifyResult: 20677,013111699135,-1,
2017-03-08 10:22:52 INFO AddIdentifyResult: 20677,013111699135,-3,
2017-03-08 10:23:39 INFO AddIdentifyResult: 20678,015603293398,-1,
2017-03-08 10:23:44 INFO AddIdentifyResult: 20678,015603293398,-3,
2017-03-08 10:23:58 INFO AddIdentifyResult: 20679,015128487994,-1,
2017-03-08 10:24:02 INFO AddIdentifyResult: 20676,015028230014,12,
2017-03-08 10:24:07 INFO AddIdentifyResult: 20679,015128487994,-3,
2017-03-08 10:24:10 INFO AddIdentifyResult: 20676,015028230014,10,reg/015028230014_0308102432|reg/015028230014_0308102432|reg/015028230014_
2017-03-08 10:24:11 INFO UpdateUserState: 015028230014,1
2017-03-08 10:24:16 INFO AddIdentifyResult: 20680,015028230014,-1,
2017-03-08 10:24:22 INFO AddIdentifyResult: 20680,015028230014,-3,
2017-03-08 10:25:14 INFO AddIdentifyResult: 20680,015028230014,0,ver/03/08/102633_015028230014.wav
2017-03-08 10:25:17 INFO AddIdentifyResult: 20678,015603293398,12,
2017-03-08 10:25:19 INFO AddIdentifyResult: 20677,013111699135,12,
2017-03-08 10:25:24 INFO AddIdentifyResult: 20678,015603293398,10,reg/015603293398_0308102555|reg/015603293398_0308102555|reg/015603293398_
2017-03-08 10:25:24 INFO UpdateUserState: 015603293398,1
2017-03-08 10:25:32 INFO AddIdentifyResult: 20677,013111699135,10,reg/013111699135_0308102503|reg/013111699135_0308102503|reg/013111699135_
2017-03-08 10:25:32 INFO UpdateUserState: 013111699135,1
2017-03-08 10:25:32 INFO AddIdentifyResult: 20681,015603293398,-1,
2017-03-08 10:25:37 INFO AddIdentifyResult: 20681,015603293398,-3,
2017-03-08 10:25:38 INFO AddIdentifyResult: 20679,015128487994,12,
2017-03-08 10:25:44 INFO AddIdentifyResult: 20682,015633739592,-1,
2017-03-08 10:25:45 INFO AddIdentifyResult: 20679,015128487994,10,reg/015128487994_0308102618|reg/015128487994_0308102618|reg/015128487994_
2017-03-08 10:25:45 INFO UpdateUserState: 015128487994,1
2017-03-08 10:25:52 INFO AddIdentifyResult: 20683,015128487994,-1,
2017-03-08 10:25:59 INFO AddIdentifyResult: 20683,015128487994,-3,
2017-03-08 10:26:15 INFO AddIdentifyResult: 20684,015633739592,-1,
2017-03-08 10:26:29 INFO AddIdentifyResult: 20681,015603293398,0,ver/03/08/102748_015603293398.wav
2017-03-08 10:26:32 INFO AddIdentifyResult: 20685,013111699135,-1,
2017-03-08 10:26:36 INFO AddIdentifyResult: 20685,013111699135,-3,
2017-03-08 10:26:51 INFO AddIdentifyResult: 20683,015128487994,0,ver/03/08/102810_015128487994.wav
2017-03-08 10:26:59 INFO AddIdentifyResult: 20686,015572884317,-1,
2017-03-08 10:27:10 INFO AddIdentifyResult: 20687,015603233929,-1,
2017-03-08 10:27:12 INFO AddIdentifyResult: 20686,015572884317,-3,
2017-03-08 10:27:16 INFO AddIdentifyResult: 20687,015603233929,-3,
2017-03-08 10:27:27 INFO AddIdentifyResult: 20685,013111699135,0,ver/03/08/102847_013111699135.wav
2017-03-08 10:28:15 INFO AddIdentifyResult: 20688,015633739592,-1,
2017-03-08 10:28:20 INFO AddIdentifyResult: 20688,015633739592,-3,
2017-03-08 10:28:38 INFO AddIdentifyResult: 20688,015633739592,11,reg/015633739592_|reg/015633739592_|reg/015633739592_
2017-03-08 10:28:43 INFO AddIdentifyResult: 20689,015633739592,-1,
2017-03-08 10:28:47 INFO AddIdentifyResult: 20689,015633739592,-3,
2017-03-08 10:28:51 INFO AddIdentifyResult: 20686,015572884317,12,
2017-03-08 10:28:51 INFO AddIdentifyResult: 20687,015603233929,12,
2017-03-08 10:28:58 INFO AddIdentifyResult: 20686,015572884317,10,reg/015572884317_0308103029|reg/015572884317_0308103029|reg/015572884317_0308102923
2017-03-08 10:28:58 INFO UpdateUserState: 015572884317,1
2017-03-08 10:29:04 INFO AddIdentifyResult: 20690,015603233929,-4,2
2017-03-08 10:29:04 INFO AddIdentifyResult: 20689,015633739592,11,reg/015633739592_|reg/015633739592_|reg/015633739592_
2017-03-08 10:29:06 INFO AddIdentifyResult: 20687,015603233929,10,reg/015603233929_0308102927|reg/015603233929_0308102927|reg/015603233929_
2017-03-08 10:29:06 INFO UpdateUserState: 015603233929,1
2017-03-08 10:29:19 INFO AddIdentifyResult: 20691,015603233929,-1,
2017-03-08 10:29:22 INFO AddIdentifyResult: 20692,015633739592,-1,
2017-03-08 10:29:25 INFO AddIdentifyResult: 20691,015603233929,-3,
2017-03-08 10:29:26 INFO AddIdentifyResult: 20692,015633739592,-3,
2017-03-08 10:29:44 INFO AddIdentifyResult: 20692,015633739592,11,reg/015633739592_|reg/015633739592_|reg/015633739592_
2017-03-08 10:30:17 INFO AddIdentifyResult: 20691,015603233929,0,ver/03/08/103136_015603233929.wav
2017-03-08 10:30:38 INFO AddIdentifyResult: 20693,0312-7361593,-1,
2017-03-08 10:30:45 INFO AddIdentifyResult: 20693,0312-7361593,-3,
2017-03-08 10:31:48 INFO AddIdentifyResult: 20694,015175202152,-1,
2017-03-08 10:32:32 INFO AddIdentifyResult: 20693,0312-7361593,12,
2017-03-08 10:32:38 INFO AddIdentifyResult: 20693,0312-7361593,10,reg/0312-7361593_0308103256|reg/0312-7361593_0308103256|reg/0312-7361593_
2017-03-08 10:32:38 INFO UpdateUserState: 0312-7361593,1
2017-03-08 10:32:46 INFO AddIdentifyResult: 20695,0312-7361593,-1,
2017-03-08 10:32:54 INFO AddIdentifyResult: 20695,0312-7361593,-3,
2017-03-08 10:33:26 INFO AddIdentifyResult: 20696,015630843367,-1,
2017-03-08 10:33:26 INFO AddIdentifyResult: 20697,015175202152,-1,
2017-03-08 10:33:29 INFO AddIdentifyResult: 20696,015630843367,-3,
2017-03-08 10:33:32 INFO AddIdentifyResult: 20697,015175202152,-3,
2017-03-08 10:33:45 INFO AddIdentifyResult: 20695,0312-7361593,1,ver/03/08/103505_0312-7361593.wav
2017-03-08 10:34:01 INFO AddIdentifyResult: 20698,0312-7361593,-1,
2017-03-08 10:34:10 INFO AddIdentifyResult: 20698,0312-7361593,-3,
2017-03-08 10:34:28 INFO AddIdentifyResult: 20699,015130476358,-1,
2017-03-08 10:34:35 INFO AddIdentifyResult: 20699,015130476358,-3,
2017-03-08 10:35:02 INFO AddIdentifyResult: 20698,0312-7361593,1,ver/03/08/103621_0312-7361593.wav
2017-03-08 10:35:09 INFO AddIdentifyResult: 20696,015630843367,12,
2017-03-08 10:35:16 INFO AddIdentifyResult: 20696,015630843367,10,reg/015630843367_0308103540|reg/015630843367_0308103540|reg/015630843367_
2017-03-08 10:35:16 INFO UpdateUserState: 015630843367,1
2017-03-08 10:35:23 INFO AddIdentifyResult: 20700,015630843367,-1,
2017-03-08 10:35:26 INFO AddIdentifyResult: 20700,015630843367,-3,
2017-03-08 10:35:44 INFO AddIdentifyResult: 20697,015175202152,12,
2017-03-08 10:35:51 INFO AddIdentifyResult: 20697,015175202152,10,reg/015175202152_0308103543|reg/015175202152_0308103543|reg/015175202152_
2017-03-08 10:35:51 INFO UpdateUserState: 015175202152,1
2017-03-08 10:36:07 INFO AddIdentifyResult: 20699,015130476358,12,
2017-03-08 10:36:08 INFO AddIdentifyResult: 20701,015175202152,-1,
2017-03-08 10:36:13 INFO AddIdentifyResult: 20699,015130476358,10,reg/015130476358_0308103646|reg/015130476358_0308103646|reg/015130476358_
2017-03-08 10:36:13 INFO UpdateUserState: 015130476358,1
2017-03-08 10:36:15 INFO AddIdentifyResult: 20701,015175202152,-3,
2017-03-08 10:36:17 INFO AddIdentifyResult: 20702,015633768315,-1,
2017-03-08 10:36:18 INFO AddIdentifyResult: 20700,015630843367,0,ver/03/08/103738_015630843367.wav
2017-03-08 10:36:27 INFO AddIdentifyResult: 20702,015633768315,-3,
2017-03-08 10:36:33 INFO AddIdentifyResult: 20703,013463822468,-1,
2017-03-08 10:36:38 INFO AddIdentifyResult: 20703,013463822468,-3,
2017-03-08 10:37:06 INFO AddIdentifyResult: 20701,015175202152,0,ver/03/08/103826_015175202152.wav
2017-03-08 10:37:21 INFO AddIdentifyResult: 20704,015633739592,-1,
2017-03-08 10:37:47 INFO AddIdentifyResult: 20705,015633739592,-1,
2017-03-08 10:38:09 INFO AddIdentifyResult: 20706,015130476358,-1,
2017-03-08 10:38:14 INFO AddIdentifyResult: 20702,015633768315,12,
2017-03-08 10:38:22 INFO AddIdentifyResult: 20702,015633768315,10,reg/015633768315_0308103838|reg/015633768315_0308103838|reg/015633768315_
2017-03-08 10:38:22 INFO UpdateUserState: 015633768315,1
2017-03-08 10:38:23 INFO AddIdentifyResult: 20707,015633768315,-1,
2017-03-08 10:38:31 INFO AddIdentifyResult: 20707,015633768315,-3,
2017-03-08 10:38:34 INFO AddIdentifyResult: 20708,015130476358,-1,
2017-03-08 10:38:35 INFO AddIdentifyResult: 20703,013463822468,12,
2017-03-08 10:38:42 INFO AddIdentifyResult: 20703,013463822468,10,reg/013463822468_0308104016|reg/013463822468_0308104016|reg/013463822468_0308103849
2017-03-08 10:38:42 INFO UpdateUserState: 013463822468,1
2017-03-08 10:38:45 INFO AddIdentifyResult: 20709,013463822468,-1,
2017-03-08 10:38:51 INFO AddIdentifyResult: 20709,013463822468,-3,
2017-03-08 10:38:52 INFO AddIdentifyResult: 20710,015130476358,-1,
2017-03-08 10:38:58 INFO AddIdentifyResult: 20710,015130476358,-3,
2017-03-08 10:39:23 INFO AddIdentifyResult: 20707,015633768315,0,ver/03/08/104042_015633768315.wav
2017-03-08 10:39:43 INFO AddIdentifyResult: 20709,013463822468,0,ver/03/08/104102_013463822468.wav
2017-03-08 10:39:50 INFO AddIdentifyResult: 20710,015130476358,0,ver/03/08/104109_015130476358.wav
2017-03-08 10:40:09 INFO AddIdentifyResult: 20711,015175202152,-1,
2017-03-08 10:40:27 INFO AddIdentifyResult: 20711,015175202152,-3,
2017-03-08 10:40:27 INFO AddIdentifyResult: 20712,015633739592,-1,
2017-03-08 10:40:28 INFO AddIdentifyResult: 20713,0312-7361593,-1,
2017-03-08 10:40:38 INFO AddIdentifyResult: 20713,0312-7361593,-3,
2017-03-08 10:40:50 INFO AddIdentifyResult: 20711,015175202152,1,
2017-03-08 10:41:08 INFO AddIdentifyResult: 20714,015633739592,-1,
2017-03-08 10:41:30 INFO AddIdentifyResult: 20713,0312-7361593,0,ver/03/08/104249_0312-7361593.wav
2017-03-08 10:41:58 INFO AddIdentifyResult: 20715,015633739592,-1,
2017-03-08 10:42:02 INFO AddIdentifyResult: 20715,015633739592,-3,
2017-03-08 10:44:00 INFO AddIdentifyResult: 20716,015603250901,-1,
2017-03-08 10:44:01 INFO AddIdentifyResult: 20715,015633739592,12,
2017-03-08 10:44:07 INFO AddIdentifyResult: 20716,015603250901,-3,
2017-03-08 10:44:09 INFO AddIdentifyResult: 20715,015633739592,10,reg/015633739592_0308104413|reg/015633739592_0308104413|reg/015633739592_
2017-03-08 10:44:09 INFO UpdateUserState: 015633739592,1
2017-03-08 10:44:12 INFO AddIdentifyResult: 20717,015175202152,-1,
2017-03-08 10:44:28 INFO AddIdentifyResult: 20718,015633739592,-1,
2017-03-08 10:44:34 INFO AddIdentifyResult: 20718,015633739592,-3,
2017-03-08 10:44:50 INFO AddIdentifyResult: 20719,015603200072,-1,
2017-03-08 10:45:02 INFO AddIdentifyResult: 20719,015603200072,-3,
2017-03-08 10:45:26 INFO AddIdentifyResult: 20718,015633739592,0,ver/03/08/104645_015633739592.wav
2017-03-08 10:45:34 INFO AddIdentifyResult: 20720,015632252735,-1,
2017-03-08 10:45:39 INFO AddIdentifyResult: 20720,015632252735,-3,
2017-03-08 10:45:42 INFO AddIdentifyResult: 20716,015603250901,12,
2017-03-08 10:45:49 INFO AddIdentifyResult: 20716,015603250901,10,reg/015603250901_0308104618|reg/015603250901_0308104618|reg/015603250901_
2017-03-08 10:45:49 INFO UpdateUserState: 015603250901,1
2017-03-08 10:45:56 INFO AddIdentifyResult: 20721,015603250901,-1,
2017-03-08 10:45:59 INFO AddIdentifyResult: 20721,015603250901,-3,
2017-03-08 10:46:52 INFO AddIdentifyResult: 20721,015603250901,0,ver/03/08/104811_015603250901.wav
2017-03-08 10:47:12 INFO AddIdentifyResult: 20720,015632252735,12,
2017-03-08 10:47:19 INFO AddIdentifyResult: 20720,015632252735,10,reg/015632252735_0308104750|reg/015632252735_0308104750|reg/015632252735_
2017-03-08 10:47:19 INFO UpdateUserState: 015632252735,1
2017-03-08 10:47:23 INFO AddIdentifyResult: 20722,015632252735,-1,
2017-03-08 10:47:28 INFO AddIdentifyResult: 20722,015632252735,-3,
2017-03-08 10:47:32 INFO AddIdentifyResult: 20719,015603200072,12,
2017-03-08 10:47:41 INFO AddIdentifyResult: 20723,015603268739,-1,
2017-03-08 10:47:42 INFO AddIdentifyResult: 20719,015603200072,10,reg/015603200072_0308104713|reg/015603200072_0308104713|reg/015603200072_
2017-03-08 10:47:42 INFO UpdateUserState: 015603200072,1
2017-03-08 10:47:45 INFO AddIdentifyResult: 20723,015603268739,-3,
2017-03-08 10:47:49 INFO AddIdentifyResult: 20724,015603200072,-1,
2017-03-08 10:47:56 INFO AddIdentifyResult: 20724,015603200072,-3,
2017-03-08 10:48:20 INFO AddIdentifyResult: 20722,015632252735,0,ver/03/08/104939_015632252735.wav
2017-03-08 10:48:48 INFO AddIdentifyResult: 20724,015603200072,0,ver/03/08/105007_015603200072.wav
2017-03-08 10:49:32 INFO AddIdentifyResult: 20723,015603268739,12,
2017-03-08 10:49:39 INFO AddIdentifyResult: 20723,015603268739,10,reg/015603268739_0308104956|reg/015603268739_0308104956|reg/015603268739_
2017-03-08 10:49:39 INFO UpdateUserState: 015603268739,1
2017-03-08 10:49:40 INFO AddIdentifyResult: 20725,015603268739,-1,
2017-03-08 10:49:45 INFO AddIdentifyResult: 20725,015603268739,-3,
2017-03-08 10:50:23 INFO AddIdentifyResult: 20726,013255621876,-1,
2017-03-08 10:50:33 INFO AddIdentifyResult: 20726,013255621876,-3,
2017-03-08 10:50:37 INFO AddIdentifyResult: 20725,015603268739,0,ver/03/08/105156_015603268739.wav
2017-03-08 10:51:01 INFO AddIdentifyResult: 20727,015933585984,-1,
2017-03-08 10:51:07 INFO AddIdentifyResult: 20727,015933585984,-3,
2017-03-08 10:51:36 INFO AddIdentifyResult: 20728,015603207126,-1,
2017-03-08 10:51:48 INFO AddIdentifyResult: 20728,015603207126,-3,
2017-03-08 10:52:30 INFO AddIdentifyResult: 20726,013255621876,12,
2017-03-08 10:52:38 INFO AddIdentifyResult: 20726,013255621876,10,reg/013255621876_0308105244|reg/013255621876_0308105244|reg/013255621876_
2017-03-08 10:52:38 INFO UpdateUserState: 013255621876,1
2017-03-08 10:52:52 INFO AddIdentifyResult: 20729,015603282528,-1,
2017-03-08 10:52:55 INFO AddIdentifyResult: 20730,013255621876,-1,
2017-03-08 10:52:59 INFO AddIdentifyResult: 20729,015603282528,-3,
2017-03-08 10:53:02 INFO AddIdentifyResult: 20730,013255621876,-3,
2017-03-08 10:53:05 INFO AddIdentifyResult: 20727,015933585984,12,
2017-03-08 10:53:14 INFO AddIdentifyResult: 20727,015933585984,10,reg/015933585984_0308105318|reg/015933585984_0308105318|reg/015933585984_
2017-03-08 10:53:14 INFO UpdateUserState: 015933585984,1
2017-03-08 10:53:16 INFO AddIdentifyResult: 20731,015933585984,-1,
2017-03-08 10:53:24 INFO AddIdentifyResult: 20731,015933585984,-3,
2017-03-08 10:53:25 INFO AddIdentifyResult: 20728,015603207126,12,
2017-03-08 10:53:33 INFO AddIdentifyResult: 20728,015603207126,10,reg/015603207126_0308105359|reg/015603207126_0308105359|reg/015603207126_
2017-03-08 10:53:33 INFO UpdateUserState: 015603207126,1
2017-03-08 10:53:39 INFO AddIdentifyResult: 20732,015603207126,-1,
2017-03-08 10:53:45 INFO AddIdentifyResult: 20732,015603207126,-3,
2017-03-08 10:53:55 INFO AddIdentifyResult: 20730,013255621876,0,ver/03/08/105514_013255621876.wav
2017-03-08 10:54:17 INFO AddIdentifyResult: 20731,015933585984,0,ver/03/08/105536_015933585984.wav
2017-03-08 10:54:20 INFO AddIdentifyResult: 20733,013280382686,-1,
2017-03-08 10:54:37 INFO AddIdentifyResult: 20732,015603207126,0,ver/03/08/105556_015603207126.wav
2017-03-08 10:54:52 INFO AddIdentifyResult: 20734,015931209860,-1,
2017-03-08 10:54:57 INFO AddIdentifyResult: 20729,015603282528,12,
2017-03-08 10:54:59 INFO AddIdentifyResult: 20735,013280382686,-1,
2017-03-08 10:55:02 INFO AddIdentifyResult: 20734,015931209860,-3,
2017-03-08 10:55:03 INFO AddIdentifyResult: 20729,015603282528,10,reg/015603282528_0308105646|reg/015603282528_0308105646|reg/015603282528_0308105510
2017-03-08 10:55:04 INFO UpdateUserState: 015603282528,1
2017-03-08 10:55:05 INFO AddIdentifyResult: 20735,013280382686,-3,
2017-03-08 10:55:23 INFO AddIdentifyResult: 20736,015603282528,-1,
2017-03-08 10:55:30 INFO AddIdentifyResult: 20736,015603282528,-3,
2017-03-08 10:56:30 INFO AddIdentifyResult: 20736,015603282528,1,
2017-03-08 10:56:34 INFO AddIdentifyResult: 20734,015931209860,12,
2017-03-08 10:56:41 INFO AddIdentifyResult: 20734,015931209860,10,reg/015931209860_0308105713|reg/015931209860_0308105713|reg/015931209860_
2017-03-08 10:56:42 INFO UpdateUserState: 015931209860,1
2017-03-08 10:56:44 INFO AddIdentifyResult: 20737,015931209860,-1,
2017-03-08 10:56:44 INFO AddIdentifyResult: 20738,015603282528,-1,
2017-03-08 10:56:45 INFO AddIdentifyResult: 20735,013280382686,12,
2017-03-08 10:56:51 INFO AddIdentifyResult: 20738,015603282528,-3,
2017-03-08 10:56:52 INFO AddIdentifyResult: 20737,015931209860,-3,
2017-03-08 10:56:53 INFO AddIdentifyResult: 20735,013280382686,10,reg/013280382686_0308105716|reg/013280382686_0308105716|reg/013280382686_
2017-03-08 10:56:53 INFO UpdateUserState: 013280382686,1
2017-03-08 10:56:56 INFO AddIdentifyResult: 20739,015613278060,-1,
2017-03-08 10:57:02 INFO AddIdentifyResult: 20739,015613278060,-3,
2017-03-08 10:57:44 INFO AddIdentifyResult: 20737,015931209860,0,ver/03/08/105903_015931209860.wav
2017-03-08 10:58:18 INFO AddIdentifyResult: 20740,015603282528,-1,
2017-03-08 10:58:25 INFO AddIdentifyResult: 20740,015603282528,-3,
2017-03-08 10:58:43 INFO AddIdentifyResult: 20741,015603252692,-1,
2017-03-08 10:58:49 INFO AddIdentifyResult: 20741,015603252692,-3,
2017-03-08 10:59:47 INFO AddIdentifyResult: 20739,015613278060,12,
2017-03-08 10:59:55 INFO AddIdentifyResult: 20739,015613278060,10,reg/015613278060_0308105913|reg/015613278060_0308105913|reg/015613278060_
2017-03-08 10:59:55 INFO UpdateUserState: 015613278060,1
2017-03-08 10:59:58 INFO AddIdentifyResult: 20742,015613278060,-1,
2017-03-08 11:00:03 INFO AddIdentifyResult: 20742,015613278060,-3,
2017-03-08 11:00:23 INFO AddIdentifyResult: 20741,015603252692,12,
2017-03-08 11:00:30 INFO AddIdentifyResult: 20741,015603252692,10,reg/015603252692_0308110100|reg/015603252692_0308110100|reg/015603252692_
2017-03-08 11:00:30 INFO UpdateUserState: 015603252692,1
2017-03-08 11:00:31 INFO AddIdentifyResult: 20740,015603282528,11,reg/015603282528_|reg/015603282528_|reg/015603282528_
2017-03-08 11:00:58 INFO AddIdentifyResult: 20743,015603252692,-1,
2017-03-08 11:01:07 INFO AddIdentifyResult: 20743,015603252692,-3,
2017-03-08 11:01:42 INFO AddIdentifyResult: 20742,015613278060,0,ver/03/08/110301_015613278060.wav
2017-03-08 11:01:59 INFO AddIdentifyResult: 20743,015603252692,0,ver/03/08/110318_015603252692.wav
2017-03-08 11:02:43 INFO AddIdentifyResult: 20744,013256471193,-1,
2017-03-08 11:03:00 INFO AddIdentifyResult: 20744,013256471193,-3,
2017-03-08 11:03:17 INFO AddIdentifyResult: 20745,015603282528,-1,
2017-03-08 11:04:15 INFO AddIdentifyResult: 20746,015603282528,-1,
2017-03-08 11:04:56 INFO AddIdentifyResult: 20744,013256471193,12,
2017-03-08 11:05:05 INFO AddIdentifyResult: 20744,013256471193,10,reg/013256471193_0308110511|reg/013256471193_0308110511|reg/013256471193_
2017-03-08 11:05:05 INFO UpdateUserState: 013256471193,1
2017-03-08 11:05:10 INFO AddIdentifyResult: 20747,015603282528,-1,
2017-03-08 11:05:16 INFO AddIdentifyResult: 20747,015603282528,-3,
2017-03-08 11:05:19 INFO AddIdentifyResult: 20748,013256471193,-1,
2017-03-08 11:05:24 INFO AddIdentifyResult: 20748,013256471193,-3,
2017-03-08 11:06:16 INFO AddIdentifyResult: 20748,013256471193,0,ver/03/08/110735_013256471193.wav
2017-03-08 11:06:48 INFO AddIdentifyResult: 20747,015603282528,12,
2017-03-08 11:06:55 INFO AddIdentifyResult: 20747,015603282528,10,reg/015603282528_0308110727|reg/015603282528_0308110727|reg/015603282528_
2017-03-08 11:06:56 INFO UpdateUserState: 015603282528,1
2017-03-08 11:07:03 INFO AddIdentifyResult: 20749,015603282528,-1,
2017-03-08 11:07:09 INFO AddIdentifyResult: 20749,015603282528,-3,
2017-03-08 11:08:02 INFO AddIdentifyResult: 20749,015603282528,0,ver/03/08/110921_015603282528.wav
2017-03-08 11:09:54 INFO AddIdentifyResult: 20750,015865983350,-1,
2017-03-08 11:10:02 INFO AddIdentifyResult: 20750,015865983350,-3,
2017-03-08 11:10:44 INFO AddIdentifyResult: 20751,013255626267,-1,
2017-03-08 11:10:52 INFO AddIdentifyResult: 20751,013255626267,-3,
2017-03-08 11:11:11 INFO AddIdentifyResult: 20751,013255626267,11,reg/013255626267_|reg/013255626267_|reg/013255626267_
2017-03-08 11:11:24 INFO AddIdentifyResult: 20752,015612201369,-1,
2017-03-08 11:11:33 INFO AddIdentifyResult: 20752,015612201369,-3,
2017-03-08 11:11:50 INFO AddIdentifyResult: 20750,015865983350,12,
2017-03-08 11:11:58 INFO AddIdentifyResult: 20750,015865983350,10,reg/015865983350_0308111213|reg/015865983350_0308111213|reg/015865983350_
2017-03-08 11:11:58 INFO UpdateUserState: 015865983350,1
2017-03-08 11:12:01 INFO AddIdentifyResult: 20753,013255626267,-1,
2017-03-08 11:12:07 INFO AddIdentifyResult: 20753,013255626267,-3,
2017-03-08 11:12:11 INFO AddIdentifyResult: 20754,013275460371,-1,
2017-03-08 11:12:16 INFO AddIdentifyResult: 20754,013275460371,-3,
2017-03-08 11:13:04 INFO AddIdentifyResult: 20752,015612201369,12,
2017-03-08 11:13:11 INFO AddIdentifyResult: 20752,015612201369,10,reg/015612201369_0308111344|reg/015612201369_0308111344|reg/015612201369_
2017-03-08 11:13:11 INFO UpdateUserState: 015612201369,1
2017-03-08 11:13:19 INFO AddIdentifyResult: 20755,015612201369,-1,
2017-03-08 11:13:23 INFO AddIdentifyResult: 20755,015612201369,-3,
2017-03-08 11:13:51 INFO AddIdentifyResult: 20753,013255626267,12,
2017-03-08 11:13:59 INFO AddIdentifyResult: 20753,013255626267,10,reg/013255626267_0308111418|reg/013255626267_0308111418|reg/013255626267_
2017-03-08 11:13:59 INFO UpdateUserState: 013255626267,1
2017-03-08 11:14:14 INFO AddIdentifyResult: 20754,013275460371,12,
2017-03-08 11:14:15 INFO AddIdentifyResult: 20755,015612201369,0,ver/03/08/111534_015612201369.wav
2017-03-08 11:14:23 INFO AddIdentifyResult: 20754,013275460371,10,reg/013275460371_0308111427|reg/013275460371_0308111427|reg/013275460371_
2017-03-08 11:14:23 INFO UpdateUserState: 013275460371,1
2017-03-08 11:17:18 INFO AddIdentifyResult: 20756,015081222747,-1,
2017-03-08 11:17:26 INFO AddIdentifyResult: 20756,015081222747,-3,
2017-03-08 11:18:59 INFO AddIdentifyResult: 20756,015081222747,12,
2017-03-08 11:19:04 INFO AddIdentifyResult: 20757,013256476551,-1,
2017-03-08 11:19:07 INFO AddIdentifyResult: 20756,015081222747,10,reg/015081222747_0308111937|reg/015081222747_0308111937|reg/015081222747_
2017-03-08 11:19:07 INFO UpdateUserState: 015081222747,1
2017-03-08 11:19:11 INFO AddIdentifyResult: 20757,013256476551,-3,
2017-03-08 11:19:13 INFO AddIdentifyResult: 20758,015081222747,-1,
2017-03-08 11:19:19 INFO AddIdentifyResult: 20758,015081222747,-3,
2017-03-08 11:20:11 INFO AddIdentifyResult: 20758,015081222747,0,ver/03/08/112130_015081222747.wav
2017-03-08 11:21:32 INFO AddIdentifyResult: 20757,013256476551,12,
2017-03-08 11:21:40 INFO AddIdentifyResult: 20757,013256476551,10,reg/013256476551_0308112122|reg/013256476551_0308112122|reg/013256476551_
2017-03-08 11:21:40 INFO UpdateUserState: 013256476551,1
2017-03-08 11:22:37 INFO AddIdentifyResult: 20759,013475269164,-1,
2017-03-08 11:22:45 INFO AddIdentifyResult: 20759,013475269164,-3,
2017-03-08 11:24:27 INFO AddIdentifyResult: 20759,013475269164,12,
2017-03-08 11:24:34 INFO AddIdentifyResult: 20759,013475269164,10,reg/013475269164_0308112456|reg/013475269164_0308112456|reg/013475269164_
2017-03-08 11:24:34 INFO UpdateUserState: 013475269164,1
2017-03-08 11:30:26 INFO AddIdentifyResult: 20760,015603270031,-1,
2017-03-08 11:30:31 INFO AddIdentifyResult: 20761,013256476067,-1,
2017-03-08 11:30:34 INFO AddIdentifyResult: 20760,015603270031,-3,
2017-03-08 11:30:36 INFO AddIdentifyResult: 20761,013256476067,-3,
2017-03-08 11:31:25 INFO AddIdentifyResult: 20762,015603238192,-1,
2017-03-08 11:31:31 INFO AddIdentifyResult: 20762,015603238192,-3,
2017-03-08 11:32:39 INFO AddIdentifyResult: 20761,013256476067,12,
2017-03-08 11:32:44 INFO AddIdentifyResult: 20760,015603270031,12,
2017-03-08 11:32:47 INFO AddIdentifyResult: 20761,013256476067,10,reg/013256476067_0308113247|reg/013256476067_0308113247|reg/013256476067_
2017-03-08 11:32:47 INFO UpdateUserState: 013256476067,1
2017-03-08 11:32:53 INFO AddIdentifyResult: 20763,015603270031,-4,2
2017-03-08 11:32:55 INFO AddIdentifyResult: 20760,015603270031,10,reg/015603270031_0308113245|reg/015603270031_0308113245|reg/015603270031_
2017-03-08 11:32:55 INFO UpdateUserState: 015603270031,1
2017-03-08 11:33:02 INFO AddIdentifyResult: 20764,013616473775,-1,
2017-03-08 11:33:03 INFO AddIdentifyResult: 20765,015603270031,-1,
2017-03-08 11:33:10 INFO AddIdentifyResult: 20765,015603270031,-3,
2017-03-08 11:33:24 INFO AddIdentifyResult: 20764,013616473775,-3,
2017-03-08 11:33:29 INFO AddIdentifyResult: 20764,013616473775,11,reg/013616473775_|reg/013616473775_|reg/013616473775_
2017-03-08 11:34:03 INFO AddIdentifyResult: 20765,015603270031,0,ver/03/08/113522_015603270031.wav
2017-03-08 11:34:52 INFO AddIdentifyResult: 20762,015603238192,11,reg/015603238192_|reg/015603238192_|reg/015603238192_
2017-03-08 11:35:32 INFO AddIdentifyResult: 20766,013616473775,-1,
2017-03-08 11:35:39 INFO AddIdentifyResult: 20766,013616473775,-3,
2017-03-08 11:37:12 INFO AddIdentifyResult: 20767,018107251421,-1,
2017-03-08 11:37:23 INFO AddIdentifyResult: 20767,018107251421,-3,
2017-03-08 11:38:05 INFO AddIdentifyResult: 20768,015603238192,-1,
2017-03-08 11:38:08 INFO AddIdentifyResult: 20766,013616473775,12,
2017-03-08 11:38:16 INFO AddIdentifyResult: 20766,013616473775,10,reg/013616473775_0308113949|reg/013616473775_0308113949|reg/013616473775_0308113750
2017-03-08 11:38:16 INFO UpdateUserState: 013616473775,1
2017-03-08 11:38:19 INFO AddIdentifyResult: 20768,015603238192,-3,
2017-03-08 11:38:52 INFO AddIdentifyResult: 20769,015603213383,-1,
2017-03-08 11:39:04 INFO AddIdentifyResult: 20767,018107251421,12,
2017-03-08 11:39:07 INFO AddIdentifyResult: 20769,015603213383,-3,
2017-03-08 11:39:11 INFO AddIdentifyResult: 20767,018107251421,10,reg/018107251421_0308114028|reg/018107251421_0308114028|reg/018107251421_0308113934
2017-03-08 11:39:12 INFO UpdateUserState: 018107251421,1
2017-03-08 11:40:23 INFO AddIdentifyResult: 20770,013255621991,-1,
2017-03-08 11:40:30 INFO AddIdentifyResult: 20770,013255621991,-3,
2017-03-08 11:40:57 INFO AddIdentifyResult: 20768,015603238192,12,
2017-03-08 11:41:04 INFO AddIdentifyResult: 20768,015603238192,10,reg/015603238192_0308114233|reg/015603238192_0308114233|reg/015603238192_0308114030
2017-03-08 11:41:04 INFO UpdateUserState: 015603238192,1
2017-03-08 11:41:07 INFO AddIdentifyResult: 20771,015603238192,-1,
2017-03-08 11:41:32 INFO AddIdentifyResult: 20772,015603238192,-1,
2017-03-08 11:41:35 INFO AddIdentifyResult: 20771,015603238192,-3,
2017-03-08 11:41:43 INFO AddIdentifyResult: 20773,018062544820,-1,
2017-03-08 11:41:54 INFO AddIdentifyResult: 20769,015603213383,12,
2017-03-08 11:41:54 INFO AddIdentifyResult: 20773,018062544820,-3,
2017-03-08 11:42:00 INFO AddIdentifyResult: 20769,015603213383,10,reg/015603213383_0308114332|reg/015603213383_0308114332|reg/015603213383_0308114118
2017-03-08 11:42:01 INFO UpdateUserState: 015603213383,1
2017-03-08 11:42:06 INFO AddIdentifyResult: 20774,015603213383,-1,
2017-03-08 11:42:18 INFO AddIdentifyResult: 20770,013255621991,12,
2017-03-08 11:42:23 INFO AddIdentifyResult: 20771,015603238192,0,ver/03/08/114346_015603238192.wav
2017-03-08 11:42:25 INFO AddIdentifyResult: 20770,013255621991,10,reg/013255621991_0308114241|reg/013255621991_0308114241|reg/013255621991_
2017-03-08 11:42:26 INFO UpdateUserState: 013255621991,1
2017-03-08 11:42:32 INFO AddIdentifyResult: 20775,015603213383,-1,
2017-03-08 11:42:35 INFO AddIdentifyResult: 20774,015603213383,-3,
2017-03-08 11:43:26 INFO AddIdentifyResult: 20774,015603213383,0,ver/03/08/114446_015603213383.wav
2017-03-08 11:44:27 INFO AddIdentifyResult: 20773,018062544820,11,reg/018062544820_|reg/018062544820_|reg/018062544820_
2017-03-08 11:44:46 INFO AddIdentifyResult: 20776,018062544820,-1,
2017-03-08 11:45:04 INFO AddIdentifyResult: 20776,018062544820,-3,
2017-03-08 11:47:26 INFO AddIdentifyResult: 20776,018062544820,12,
2017-03-08 11:47:33 INFO AddIdentifyResult: 20776,018062544820,10,reg/018062544820_0308114908|reg/018062544820_0308114908|reg/018062544820_0308114715
2017-03-08 11:47:33 INFO UpdateUserState: 018062544820,1
2017-03-08 11:50:10 INFO AddIdentifyResult: 20777,013255465530,-1,
2017-03-08 11:50:15 INFO AddIdentifyResult: 20777,013255465530,-3,
2017-03-08 11:50:45 INFO AddIdentifyResult: 20778,013256472581,-1,
2017-03-08 11:50:50 INFO AddIdentifyResult: 20778,013256472581,-3,
2017-03-08 11:51:49 INFO AddIdentifyResult: 20777,013255465530,12,
2017-03-08 11:51:56 INFO AddIdentifyResult: 20777,013255465530,10,reg/013255465530_0308115226|reg/013255465530_0308115226|reg/013255465530_
2017-03-08 11:51:56 INFO UpdateUserState: 013255465530,1
2017-03-08 11:52:48 INFO AddIdentifyResult: 20778,013256472581,12,
2017-03-08 11:52:54 INFO AddIdentifyResult: 20778,013256472581,10,reg/013256472581_0308115301|reg/013256472581_0308115301|reg/013256472581_
2017-03-08 11:52:54 INFO UpdateUserState: 013256472581,1
2017-03-08 11:52:57 INFO AddIdentifyResult: 20779,015166247860,-1,
2017-03-08 11:53:37 INFO AddIdentifyResult: 20780,015166247860,-1,
2017-03-08 11:53:45 INFO AddIdentifyResult: 20780,015166247860,-3,
2017-03-08 11:56:25 INFO AddIdentifyResult: 20780,015166247860,12,
2017-03-08 11:56:32 INFO AddIdentifyResult: 20780,015166247860,10,reg/015166247860_0308115804|reg/015166247860_0308115804|reg/015166247860_0308115556
2017-03-08 11:56:32 INFO UpdateUserState: 015166247860,1
2017-03-08 11:57:23 INFO AddIdentifyResult: 20781,013256470680,-1,
2017-03-08 11:57:28 INFO AddIdentifyResult: 20781,013256470680,-3,
2017-03-08 11:59:11 INFO AddIdentifyResult: 20781,013256470680,12,
2017-03-08 11:59:19 INFO AddIdentifyResult: 20781,013256470680,10,reg/013256470680_0308115939|reg/013256470680_0308115939|reg/013256470680_
2017-03-08 11:59:19 INFO UpdateUserState: 013256470680,1
2017-03-08 12:06:42 INFO AddIdentifyResult: 20782,013255633013,-1,
2017-03-08 12:06:47 INFO AddIdentifyResult: 20782,013255633013,-3,
2017-03-08 12:08:49 INFO AddIdentifyResult: 20782,013255633013,12,
2017-03-08 12:08:57 INFO AddIdentifyResult: 20783,018266630373,-1,
2017-03-08 12:08:59 INFO AddIdentifyResult: 20782,013255633013,10,reg/013255633013_0308120859|reg/013255633013_0308120859|reg/013255633013_
2017-03-08 12:08:59 INFO UpdateUserState: 013255633013,1
2017-03-08 12:09:03 INFO AddIdentifyResult: 20783,018266630373,-3,
2017-03-08 12:10:55 INFO AddIdentifyResult: 20783,018266630373,12,
2017-03-08 12:11:03 INFO AddIdentifyResult: 20783,018266630373,10,reg/018266630373_0308121115|reg/018266630373_0308121115|reg/018266630373_
2017-03-08 12:11:03 INFO UpdateUserState: 018266630373,1
2017-03-08 12:17:22 INFO AddIdentifyResult: 20784,013256476601,-1,
2017-03-08 12:17:27 INFO AddIdentifyResult: 20784,013256476601,-3,
2017-03-08 12:19:03 INFO AddIdentifyResult: 20784,013256476601,12,
2017-03-08 12:19:10 INFO AddIdentifyResult: 20784,013256476601,10,reg/013256476601_0308121938|reg/013256476601_0308121938|reg/013256476601_
2017-03-08 12:19:10 INFO UpdateUserState: 013256476601,1
2017-03-08 12:21:39 INFO AddIdentifyResult: 20785,013475255602,-1,
2017-03-08 12:21:46 INFO AddIdentifyResult: 20785,013475255602,-3,
2017-03-08 12:23:42 INFO AddIdentifyResult: 20785,013475255602,12,
2017-03-08 12:23:51 INFO AddIdentifyResult: 20785,013475255602,10,reg/013475255602_0308122358|reg/013475255602_0308122358|reg/013475255602_
2017-03-08 12:23:51 INFO UpdateUserState: 013475255602,1
2017-03-08 14:38:45 INFO AddIdentifyResult: 20786,015988901700,-1,
2017-03-08 14:38:55 INFO AddIdentifyResult: 20786,015988901700,-3,
2017-03-08 14:39:35 INFO AddIdentifyResult: 20787,018107257403,-1,
2017-03-08 14:39:50 INFO AddIdentifyResult: 20787,018107257403,-3,
2017-03-08 14:39:57 INFO AddIdentifyResult: 20787,018107257403,11,reg/018107257403_|reg/018107257403_|reg/018107257403_
2017-03-08 14:40:19 INFO AddIdentifyResult: 20788,018107257403,-1,
2017-03-08 14:40:36 INFO AddIdentifyResult: 20789,018107257403,-1,
2017-03-08 14:40:44 INFO AddIdentifyResult: 20789,018107257403,-3,
2017-03-08 14:41:13 INFO AddIdentifyResult: 20786,015988901700,12,
2017-03-08 14:41:19 INFO AddIdentifyResult: 20786,015988901700,10,reg/015988901700_0308144254|reg/015988901700_0308144254|reg/015988901700_0308144107
2017-03-08 14:41:19 INFO UpdateUserState: 015988901700,1
2017-03-08 14:42:40 INFO AddIdentifyResult: 20790,013731059884,-1,
2017-03-08 14:42:47 INFO AddIdentifyResult: 20790,013731059884,-3,
2017-03-08 14:43:28 INFO AddIdentifyResult: 20789,018107257403,12,
2017-03-08 14:43:35 INFO AddIdentifyResult: 20789,018107257403,10,reg/018107257403_0308144515|reg/018107257403_0308144515|reg/018107257403_0308144255
2017-03-08 14:43:35 INFO UpdateUserState: 018107257403,1
2017-03-08 14:44:39 INFO AddIdentifyResult: 20791,013477472036,-1,
2017-03-08 14:44:46 INFO AddIdentifyResult: 20790,013731059884,12,
2017-03-08 14:44:53 INFO AddIdentifyResult: 20791,013477472036,-3,
2017-03-08 14:44:54 INFO AddIdentifyResult: 20790,013731059884,10,reg/013731059884_0308144459|reg/013731059884_0308144459|reg/013731059884_
2017-03-08 14:44:54 INFO UpdateUserState: 013731059884,1
2017-03-08 14:44:57 INFO AddIdentifyResult: 20792,013731059884,-1,
2017-03-08 14:45:05 INFO AddIdentifyResult: 20792,013731059884,-3,
2017-03-08 14:45:57 INFO AddIdentifyResult: 20792,013731059884,0,ver/03/08/144717_013731059884.wav
2017-03-08 14:47:55 INFO AddIdentifyResult: 20791,013477472036,12,
2017-03-08 14:47:57 INFO AddIdentifyResult: 20793,015603276029,-1,
2017-03-08 14:48:01 INFO AddIdentifyResult: 20791,013477472036,10,reg/013477472036_0308144852|reg/013477472036_0308144852|reg/013477472036_0308144705
2017-03-08 14:48:02 INFO UpdateUserState: 013477472036,1
2017-03-08 14:48:03 INFO AddIdentifyResult: 20793,015603276029,-3,
2017-03-08 14:48:47 INFO AddIdentifyResult: 20794,017371146171,-1,
2017-03-08 14:50:07 INFO AddIdentifyResult: 20793,015603276029,12,
2017-03-08 14:50:14 INFO AddIdentifyResult: 20793,015603276029,10,reg/015603276029_0308145014|reg/015603276029_0308145014|reg/015603276029_
2017-03-08 14:50:14 INFO UpdateUserState: 015603276029,1
2017-03-08 14:50:24 INFO AddIdentifyResult: 20795,015603276029,-1,
2017-03-08 14:50:34 INFO AddIdentifyResult: 20795,015603276029,-3,
2017-03-08 14:51:26 INFO AddIdentifyResult: 20795,015603276029,0,ver/03/08/145246_015603276029.wav
2017-03-08 14:53:34 INFO AddIdentifyResult: 20796,015630278301,-1,
2017-03-08 14:53:40 INFO AddIdentifyResult: 20796,015630278301,-3,
2017-03-08 14:55:22 INFO AddIdentifyResult: 20796,015630278301,12,
2017-03-08 14:55:28 INFO AddIdentifyResult: 20796,015630278301,10,reg/015630278301_0308145552|reg/015630278301_0308145552|reg/015630278301_
2017-03-08 14:55:29 INFO UpdateUserState: 015630278301,1
2017-03-08 14:55:35 INFO AddIdentifyResult: 20797,015630278301,-1,
2017-03-08 14:55:37 INFO AddIdentifyResult: 20798,015988901700,-1,
2017-03-08 14:55:42 INFO AddIdentifyResult: 20797,015630278301,-3,
2017-03-08 14:55:54 INFO AddIdentifyResult: 20798,015988901700,-3,
2017-03-08 14:56:19 INFO AddIdentifyResult: 20799,015603260256,-1,
2017-03-08 14:56:30 INFO AddIdentifyResult: 20800,015603260256,-1,
2017-03-08 14:56:34 INFO AddIdentifyResult: 20797,015630278301,0,ver/03/08/145754_015630278301.wav
2017-03-08 14:56:40 INFO AddIdentifyResult: 20800,015603260256,-3,
2017-03-08 14:56:45 INFO AddIdentifyResult: 20798,015988901700,0,ver/03/08/145806_015988901700.wav
2017-03-08 14:59:00 INFO AddIdentifyResult: 20800,015603260256,12,
2017-03-08 14:59:08 INFO AddIdentifyResult: 20800,015603260256,10,reg/015603260256_0308150030|reg/015603260256_0308150030|reg/015603260256_0308145852
2017-03-08 14:59:08 INFO UpdateUserState: 015603260256,1
2017-03-08 14:59:15 INFO AddIdentifyResult: 20801,015603260256,-1,
2017-03-08 14:59:25 INFO AddIdentifyResult: 20801,015603260256,-3,
2017-03-08 15:00:16 INFO AddIdentifyResult: 20801,015603260256,0,ver/03/08/150137_015603260256.wav
2017-03-08 15:01:06 INFO AddIdentifyResult: 20802,015690448709,-1,
2017-03-08 15:01:13 INFO AddIdentifyResult: 20802,015690448709,-3,
2017-03-08 15:03:00 INFO AddIdentifyResult: 20802,015690448709,12,
2017-03-08 15:03:08 INFO AddIdentifyResult: 20802,015690448709,10,reg/015690448709_0308150325|reg/015690448709_0308150325|reg/015690448709_
2017-03-08 15:03:08 INFO UpdateUserState: 015690448709,1
2017-03-08 15:03:14 INFO AddIdentifyResult: 20803,015690448709,-1,
2017-03-08 15:03:20 INFO AddIdentifyResult: 20803,015690448709,-3,
2017-03-08 15:04:12 INFO AddIdentifyResult: 20803,015690448709,0,ver/03/08/150532_015690448709.wav
2017-03-08 15:05:54 INFO AddIdentifyResult: 20804,015603259121,-1,
2017-03-08 15:05:59 INFO AddIdentifyResult: 20804,015603259121,-3,
2017-03-08 15:08:08 INFO AddIdentifyResult: 20804,015603259121,12,
2017-03-08 15:08:18 INFO AddIdentifyResult: 20804,015603259121,10,reg/015603259121_0308150811|reg/015603259121_0308150811|reg/015603259121_
2017-03-08 15:08:18 INFO UpdateUserState: 015603259121,1
2017-03-08 15:08:57 INFO AddIdentifyResult: 20805,015603259121,-1,
2017-03-08 15:09:04 INFO AddIdentifyResult: 20805,015603259121,-3,
2017-03-08 15:09:56 INFO AddIdentifyResult: 20805,015603259121,0,ver/03/08/151116_015603259121.wav
2017-03-08 15:13:08 INFO AddIdentifyResult: 20806,015028434800,-1,
2017-03-08 15:13:18 INFO AddIdentifyResult: 20806,015028434800,-3,
2017-03-08 15:14:54 INFO AddIdentifyResult: 20806,015028434800,12,
2017-03-08 15:15:01 INFO AddIdentifyResult: 20806,015028434800,10,reg/015028434800_0308151530|reg/015028434800_0308151530|reg/015028434800_
2017-03-08 15:15:01 INFO UpdateUserState: 015028434800,1
2017-03-08 15:15:04 INFO AddIdentifyResult: 20807,015028434800,-1,
2017-03-08 15:15:15 INFO AddIdentifyResult: 20807,015028434800,-3,
2017-03-08 15:16:07 INFO AddIdentifyResult: 20807,015028434800,0,ver/03/08/151727_015028434800.wav
2017-03-08 15:17:09 INFO AddIdentifyResult: 20808,015603200261,-1,
2017-03-08 15:17:18 INFO AddIdentifyResult: 20808,015603200261,-3,
2017-03-08 15:18:27 INFO AddIdentifyResult: 20809,015231969173,-1,
2017-03-08 15:18:34 INFO AddIdentifyResult: 20809,015231969173,-3,
2017-03-08 15:19:02 INFO AddIdentifyResult: 20808,015603200261,12,
2017-03-08 15:19:12 INFO AddIdentifyResult: 20808,015603200261,10,reg/015603200261_0308151930|reg/015603200261_0308151930|reg/015603200261_
2017-03-08 15:19:12 INFO UpdateUserState: 015603200261,1
2017-03-08 15:19:16 INFO AddIdentifyResult: 20810,015603200261,-1,
2017-03-08 15:19:22 INFO AddIdentifyResult: 20810,015603200261,-3,
2017-03-08 15:20:08 INFO AddIdentifyResult: 20809,015231969173,12,
2017-03-08 15:20:16 INFO AddIdentifyResult: 20810,015603200261,0,ver/03/08/152134_015603200261.wav
2017-03-08 15:20:17 INFO AddIdentifyResult: 20809,015231969173,10,reg/015231969173_0308152046|reg/015231969173_0308152046|reg/015231969173_
2017-03-08 15:20:18 INFO UpdateUserState: 015231969173,1
2017-03-08 15:20:22 INFO AddIdentifyResult: 20811,015231969173,-1,
2017-03-08 15:20:28 INFO AddIdentifyResult: 20811,015231969173,-3,
2017-03-08 15:21:21 INFO AddIdentifyResult: 20811,015231969173,0,ver/03/08/152240_015231969173.wav
2017-03-08 15:21:23 INFO AddIdentifyResult: 20812,015603258726,-1,
2017-03-08 15:21:29 INFO AddIdentifyResult: 20812,015603258726,-3,
2017-03-08 15:23:20 INFO AddIdentifyResult: 20812,015603258726,12,
2017-03-08 15:23:30 INFO AddIdentifyResult: 20812,015603258726,10,reg/015603258726_0308152341|reg/015603258726_0308152341|reg/015603258726_
2017-03-08 15:23:30 INFO UpdateUserState: 015603258726,1
2017-03-08 15:23:33 INFO AddIdentifyResult: 20813,015603258726,-1,
2017-03-08 15:23:38 INFO AddIdentifyResult: 20813,015603258726,-3,
2017-03-08 15:24:31 INFO AddIdentifyResult: 20813,015603258726,0,ver/03/08/152550_015603258726.wav
2017-03-08 15:24:35 INFO AddIdentifyResult: 20814,013473121356,-1,
2017-03-08 15:24:41 INFO AddIdentifyResult: 20814,013473121356,-3,
2017-03-08 15:26:14 INFO AddIdentifyResult: 20814,013473121356,12,
2017-03-08 15:26:22 INFO AddIdentifyResult: 20814,013473121356,10,reg/013473121356_0308152652|reg/013473121356_0308152652|reg/013473121356_
2017-03-08 15:26:23 INFO UpdateUserState: 013473121356,1
2017-03-08 15:26:27 INFO AddIdentifyResult: 20815,013473121356,-1,
2017-03-08 15:26:32 INFO AddIdentifyResult: 20815,013473121356,-3,
2017-03-08 15:27:13 INFO AddIdentifyResult: 20816,018332847693,-1,
2017-03-08 15:27:20 INFO AddIdentifyResult: 20816,018332847693,-3,
2017-03-08 15:27:26 INFO AddIdentifyResult: 20815,013473121356,0,ver/03/08/152845_013473121356.wav
2017-03-08 15:28:56 INFO AddIdentifyResult: 20816,018332847693,12,
2017-03-08 15:29:05 INFO AddIdentifyResult: 20816,018332847693,10,reg/018332847693_0308152931|reg/018332847693_0308152931|reg/018332847693_
2017-03-08 15:29:05 INFO UpdateUserState: 018332847693,1
2017-03-08 15:29:06 INFO AddIdentifyResult: 20817,018332847693,-1,
2017-03-08 15:29:21 INFO AddIdentifyResult: 20817,018332847693,-3,
2017-03-08 15:29:36 INFO AddIdentifyResult: 20818,018332847693,-1,
2017-03-08 15:29:36 INFO AddIdentifyResult: 20817,018332847693,1,
2017-03-08 15:29:37 INFO AddIdentifyResult: 20819,018332847693,-1,
2017-03-08 15:29:43 INFO AddIdentifyResult: 20818,018332847693,-3,
2017-03-08 15:29:54 INFO AddIdentifyResult: 20820,015603200393,-1,
2017-03-08 15:30:01 INFO AddIdentifyResult: 20820,015603200393,-3,
2017-03-08 15:30:36 INFO AddIdentifyResult: 20818,018332847693,0,ver/03/08/153155_018332847693.wav
2017-03-08 15:32:29 INFO AddIdentifyResult: 20820,015603200393,12,
2017-03-08 15:32:37 INFO AddIdentifyResult: 20820,015603200393,10,reg/015603200393_0308153411|reg/015603200393_0308153411|reg/015603200393_0308153213
2017-03-08 15:32:37 INFO UpdateUserState: 015603200393,1
2017-03-08 15:32:47 INFO AddIdentifyResult: 20821,015603200393,-1,
2017-03-08 15:32:52 INFO AddIdentifyResult: 20821,015603200393,-3,
2017-03-08 15:33:45 INFO AddIdentifyResult: 20821,015603200393,0,ver/03/08/153505_015603200393.wav
2017-03-08 15:34:13 INFO AddIdentifyResult: 20822,013473221880,-1,
2017-03-08 15:34:23 INFO AddIdentifyResult: 20822,013473221880,-3,
2017-03-08 15:35:57 INFO AddIdentifyResult: 20822,013473221880,12,
2017-03-08 15:36:07 INFO AddIdentifyResult: 20822,013473221880,10,reg/013473221880_0308153634|reg/013473221880_0308153634|reg/013473221880_
2017-03-08 15:36:07 INFO UpdateUserState: 013473221880,1
2017-03-08 15:36:50 INFO AddIdentifyResult: 20823,013473221880,-1,
2017-03-08 15:37:04 INFO AddIdentifyResult: 20823,013473221880,-3,
2017-03-08 15:37:57 INFO AddIdentifyResult: 20823,013473221880,0,ver/03/08/153916_013473221880.wav
2017-03-08 15:38:34 INFO AddIdentifyResult: 20824,013473125396,-1,
2017-03-08 15:38:45 INFO AddIdentifyResult: 20824,013473125396,-3,
2017-03-08 15:38:58 INFO AddIdentifyResult: 20825,013483278824,-1,
2017-03-08 15:39:04 INFO AddIdentifyResult: 20826,015603222915,-1,
2017-03-08 15:39:12 INFO AddIdentifyResult: 20826,015603222915,-3,
2017-03-08 15:39:13 INFO AddIdentifyResult: 20825,013483278824,-3,
2017-03-08 15:40:17 INFO AddIdentifyResult: 20824,013473125396,12,
2017-03-08 15:40:26 INFO AddIdentifyResult: 20824,013473125396,10,reg/013473125396_0308154057|reg/013473125396_0308154057|reg/013473125396_
2017-03-08 15:40:26 INFO UpdateUserState: 013473125396,1
2017-03-08 15:40:35 INFO AddIdentifyResult: 20827,013473125396,-1,
2017-03-08 15:40:43 INFO AddIdentifyResult: 20827,013473125396,-3,
2017-03-08 15:40:44 INFO AddIdentifyResult: 20825,013483278824,12,
2017-03-08 15:40:50 INFO AddIdentifyResult: 20826,015603222915,12,
2017-03-08 15:40:52 INFO AddIdentifyResult: 20825,013483278824,10,reg/013483278824_0308154124|reg/013483278824_0308154124|reg/013483278824_
2017-03-08 15:40:52 INFO UpdateUserState: 013483278824,1
2017-03-08 15:40:54 INFO AddIdentifyResult: 20828,013483278824,-1,
2017-03-08 15:41:00 INFO AddIdentifyResult: 20829,015603222915,-4,2
2017-03-08 15:41:01 INFO AddIdentifyResult: 20826,015603222915,10,reg/015603222915_0308154123|reg/015603222915_0308154123|reg/015603222915_
2017-03-08 15:41:01 INFO UpdateUserState: 015603222915,1
2017-03-08 15:41:05 INFO AddIdentifyResult: 20828,013483278824,-3,
2017-03-08 15:41:17 INFO AddIdentifyResult: 20830,015603222915,-1,
2017-03-08 15:41:24 INFO AddIdentifyResult: 20830,015603222915,-3,
2017-03-08 15:41:36 INFO AddIdentifyResult: 20827,013473125396,0,ver/03/08/154255_013473125396.wav
2017-03-08 15:41:48 INFO AddIdentifyResult: 20831,015603208362,-1,
2017-03-08 15:42:17 INFO AddIdentifyResult: 20830,015603222915,0,ver/03/08/154336_015603222915.wav
2017-03-08 15:42:21 INFO AddIdentifyResult: 20832,015603208362,-1,
2017-03-08 15:42:42 INFO AddIdentifyResult: 20833,015603208362,-1,
2017-03-08 15:43:07 INFO AddIdentifyResult: 20834,013483278824,-1,
2017-03-08 15:43:12 INFO AddIdentifyResult: 20834,013483278824,-3,
2017-03-08 15:43:15 INFO AddIdentifyResult: 20835,015603208362,-1,
2017-03-08 15:43:21 INFO AddIdentifyResult: 20836,015603276219,-1,
2017-03-08 15:43:33 INFO AddIdentifyResult: 20836,015603276219,-3,
2017-03-08 15:44:06 INFO AddIdentifyResult: 20834,013483278824,0,ver/03/08/154525_013483278824.wav
2017-03-08 15:45:08 INFO AddIdentifyResult: 20836,015603276219,12,
2017-03-08 15:45:16 INFO AddIdentifyResult: 20836,015603276219,10,reg/015603276219_0308154544|reg/015603276219_0308154544|reg/015603276219_
2017-03-08 15:45:17 INFO UpdateUserState: 015603276219,1
2017-03-08 15:45:24 INFO AddIdentifyResult: 20837,015603276219,-1,
2017-03-08 15:45:52 INFO AddIdentifyResult: 20838,015603276219,-1,
2017-03-08 15:46:04 INFO AddIdentifyResult: 20838,015603276219,-3,
2017-03-08 15:46:11 INFO AddIdentifyResult: 20839,015603210532,-1,
2017-03-08 15:46:19 INFO AddIdentifyResult: 20839,015603210532,-3,
2017-03-08 15:46:34 INFO AddIdentifyResult: 20840,015603253859,-1,
2017-03-08 15:46:39 INFO AddIdentifyResult: 20840,015603253859,-3,
2017-03-08 15:46:57 INFO AddIdentifyResult: 20838,015603276219,0,ver/03/08/154817_015603276219.wav
2017-03-08 15:47:48 INFO AddIdentifyResult: 20839,015603210532,12,
2017-03-08 15:47:56 INFO AddIdentifyResult: 20839,015603210532,10,reg/015603210532_0308154831|reg/015603210532_0308154831|reg/015603210532_
2017-03-08 15:47:57 INFO UpdateUserState: 015603210532,1
2017-03-08 15:48:06 INFO AddIdentifyResult: 20841,015603210532,-1,
2017-03-08 15:48:22 INFO AddIdentifyResult: 20842,015603210532,-1,
2017-03-08 15:48:41 INFO AddIdentifyResult: 20840,015603253859,12,
2017-03-08 15:48:45 INFO AddIdentifyResult: 20843,015603210532,-1,
2017-03-08 15:48:50 INFO AddIdentifyResult: 20840,015603253859,10,reg/015603253859_0308154851|reg/015603253859_0308154851|reg/015603253859_
2017-03-08 15:48:50 INFO UpdateUserState: 015603253859,1
2017-03-08 15:48:53 INFO AddIdentifyResult: 20844,015603253859,-1,
2017-03-08 15:48:57 INFO AddIdentifyResult: 20844,015603253859,-3,
2017-03-08 15:49:01 INFO AddIdentifyResult: 20845,015603208262,-1,
2017-03-08 15:49:02 INFO AddIdentifyResult: 20846,015603210532,-1,
2017-03-08 15:49:08 INFO AddIdentifyResult: 20846,015603210532,-3,
2017-03-08 15:49:15 INFO AddIdentifyResult: 20845,015603208262,-3,
2017-03-08 15:49:50 INFO AddIdentifyResult: 20844,015603253859,0,ver/03/08/155109_015603253859.wav
2017-03-08 15:50:02 INFO AddIdentifyResult: 20846,015603210532,0,ver/03/08/155121_015603210532.wav
2017-03-08 15:50:37 INFO AddIdentifyResult: 20847,015603260171,-1,
2017-03-08 15:50:45 INFO AddIdentifyResult: 20847,015603260171,-3,
2017-03-08 15:50:59 INFO AddIdentifyResult: 20845,015603208262,12,
2017-03-08 15:51:06 INFO AddIdentifyResult: 20845,015603208262,10,reg/015603208262_0308155127|reg/015603208262_0308155127|reg/015603208262_
2017-03-08 15:51:06 INFO UpdateUserState: 015603208262,1
2017-03-08 15:51:44 INFO AddIdentifyResult: 20848,015603208262,-1,
2017-03-08 15:51:50 INFO AddIdentifyResult: 20848,015603208262,-3,
2017-03-08 15:52:19 INFO AddIdentifyResult: 20847,015603260171,12,
2017-03-08 15:52:27 INFO AddIdentifyResult: 20847,015603260171,10,reg/015603260171_0308155257|reg/015603260171_0308155257|reg/015603260171_
2017-03-08 15:52:28 INFO UpdateUserState: 015603260171,1
2017-03-08 15:52:31 INFO AddIdentifyResult: 20849,015603260171,-1,
2017-03-08 15:52:34 INFO AddIdentifyResult: 20850,015033746885,-1,
2017-03-08 15:52:36 INFO AddIdentifyResult: 20849,015603260171,-3,
2017-03-08 15:52:42 INFO AddIdentifyResult: 20848,015603208262,0,ver/03/08/155402_015603208262.wav
2017-03-08 15:52:46 INFO AddIdentifyResult: 20850,015033746885,-3,
2017-03-08 15:53:30 INFO AddIdentifyResult: 20849,015603260171,0,ver/03/08/155449_015603260171.wav
2017-03-08 15:54:18 INFO AddIdentifyResult: 20850,015033746885,12,
2017-03-08 15:54:26 INFO AddIdentifyResult: 20850,015033746885,10,reg/015033746885_0308155458|reg/015033746885_0308155458|reg/015033746885_
2017-03-08 15:54:26 INFO UpdateUserState: 015033746885,1
2017-03-08 15:54:34 INFO AddIdentifyResult: 20851,015603298510,-1,
2017-03-08 15:55:06 INFO AddIdentifyResult: 20852,015033746885,-1,
2017-03-08 15:55:12 INFO AddIdentifyResult: 20852,015033746885,-3,
2017-03-08 15:55:35 INFO AddIdentifyResult: 20853,015930235273,-1,
2017-03-08 15:56:05 INFO AddIdentifyResult: 20852,015033746885,0,ver/03/08/155725_015033746885.wav
2017-03-08 15:56:30 INFO AddIdentifyResult: 20854,015603298510,-1,
2017-03-08 15:56:35 INFO AddIdentifyResult: 20854,015603298510,-3,
2017-03-08 15:56:56 INFO AddIdentifyResult: 20855,015930235273,-1,
2017-03-08 15:57:17 INFO AddIdentifyResult: 20856,015930235273,-1,
2017-03-08 15:57:23 INFO AddIdentifyResult: 20856,015930235273,-3,
2017-03-08 15:58:18 INFO AddIdentifyResult: 20854,015603298510,12,
2017-03-08 15:58:25 INFO AddIdentifyResult: 20854,015603298510,10,reg/015603298510_0308155847|reg/015603298510_0308155847|reg/015603298510_
2017-03-08 15:58:26 INFO UpdateUserState: 015603298510,1
2017-03-08 15:59:19 INFO AddIdentifyResult: 20857,015603270105,-1,
2017-03-08 15:59:21 INFO AddIdentifyResult: 20858,015603298510,-1,
2017-03-08 15:59:24 INFO AddIdentifyResult: 20857,015603270105,-3,
2017-03-08 15:59:25 INFO AddIdentifyResult: 20858,015603298510,-3,
2017-03-08 15:59:35 INFO AddIdentifyResult: 20856,015930235273,12,
2017-03-08 15:59:44 INFO AddIdentifyResult: 20856,015930235273,10,reg/015930235273_0308155935|reg/015930235273_0308155935|reg/015930235273_
2017-03-08 15:59:44 INFO UpdateUserState: 015930235273,1
2017-03-08 16:00:05 INFO AddIdentifyResult: 20859,015930235273,-1,
2017-03-08 16:00:17 INFO AddIdentifyResult: 20858,015603298510,0,ver/03/08/160137_015603298510.wav
2017-03-08 16:00:17 INFO AddIdentifyResult: 20859,015930235273,-3,
2017-03-08 16:00:54 INFO AddIdentifyResult: 20857,015603270105,12,
2017-03-08 16:01:01 INFO AddIdentifyResult: 20857,015603270105,10,reg/015603270105_0308160135|reg/015603270105_0308160135|reg/015603270105_
2017-03-08 16:01:01 INFO UpdateUserState: 015603270105,1
2017-03-08 16:01:10 INFO AddIdentifyResult: 20859,015930235273,0,ver/03/08/160230_015930235273.wav
2017-03-08 16:01:20 INFO AddIdentifyResult: 20860,015603270105,-1,
2017-03-08 16:01:22 INFO AddIdentifyResult: 20861,015603293309,-1,
2017-03-08 16:01:26 INFO AddIdentifyResult: 20861,015603293309,-3,
2017-03-08 16:01:26 INFO AddIdentifyResult: 20860,015603270105,-3,
2017-03-08 16:02:19 INFO AddIdentifyResult: 20860,015603270105,0,ver/03/08/160339_015603270105.wav
2017-03-08 16:03:02 INFO AddIdentifyResult: 20862,015603275616,-1,
2017-03-08 16:03:06 INFO AddIdentifyResult: 20861,015603293309,12,
2017-03-08 16:03:07 INFO AddIdentifyResult: 20862,015603275616,-3,
2017-03-08 16:03:14 INFO AddIdentifyResult: 20861,015603293309,10,reg/015603293309_0308160338|reg/015603293309_0308160338|reg/015603293309_
2017-03-08 16:03:14 INFO UpdateUserState: 015603293309,1
2017-03-08 16:03:17 INFO AddIdentifyResult: 20863,015603293309,-1,
2017-03-08 16:03:24 INFO AddIdentifyResult: 20863,015603293309,-3,
2017-03-08 16:04:17 INFO AddIdentifyResult: 20863,015603293309,0,ver/03/08/160537_015603293309.wav
2017-03-08 16:05:13 INFO AddIdentifyResult: 20862,015603275616,12,
2017-03-08 16:05:20 INFO AddIdentifyResult: 20862,015603275616,10,reg/015603275616_0308160659|reg/015603275616_0308160659|reg/015603275616_0308160519
2017-03-08 16:05:20 INFO UpdateUserState: 015603275616,1
2017-03-08 16:05:20 INFO AddIdentifyResult: 20864,015603275616,-1,
2017-03-08 16:05:26 INFO AddIdentifyResult: 20865,015603210213,-1,
2017-03-08 16:05:26 INFO AddIdentifyResult: 20864,015603275616,-3,
2017-03-08 16:05:30 INFO AddIdentifyResult: 20865,015603210213,-3,
2017-03-08 16:06:19 INFO AddIdentifyResult: 20864,015603275616,0,ver/03/08/160739_015603275616.wav
2017-03-08 16:07:16 INFO AddIdentifyResult: 20865,015603210213,12,
2017-03-08 16:07:24 INFO AddIdentifyResult: 20865,015603210213,10,reg/015603210213_0308160741|reg/015603210213_0308160741|reg/015603210213_
2017-03-08 16:07:24 INFO UpdateUserState: 015603210213,1
2017-03-08 16:07:33 INFO AddIdentifyResult: 20866,015603210213,-1,
2017-03-08 16:07:40 INFO AddIdentifyResult: 20867,015603258135,-1,
2017-03-08 16:07:46 INFO AddIdentifyResult: 20868,015603210213,-1,
2017-03-08 16:07:46 INFO AddIdentifyResult: 20867,015603258135,-3,
2017-03-08 16:07:49 INFO AddIdentifyResult: 20868,015603210213,-3,
2017-03-08 16:07:58 INFO AddIdentifyResult: 20869,013513324450,-1,
2017-03-08 16:08:07 INFO AddIdentifyResult: 20869,013513324450,-3,
2017-03-08 16:08:41 INFO AddIdentifyResult: 20868,015603210213,0,ver/03/08/161001_015603210213.wav
2017-03-08 16:08:57 INFO AddIdentifyResult: 20870,015033702427,-1,
2017-03-08 16:09:02 INFO AddIdentifyResult: 20870,015033702427,-3,
2017-03-08 16:09:25 INFO AddIdentifyResult: 20867,015603258135,12,
2017-03-08 16:09:33 INFO AddIdentifyResult: 20867,015603258135,10,reg/015603258135_0308160958|reg/015603258135_0308160958|reg/015603258135_
2017-03-08 16:09:33 INFO UpdateUserState: 015603258135,1
2017-03-08 16:09:47 INFO AddIdentifyResult: 20869,013513324450,12,
2017-03-08 16:09:54 INFO AddIdentifyResult: 20869,013513324450,10,reg/013513324450_0308161018|reg/013513324450_0308161018|reg/013513324450_
2017-03-08 16:09:54 INFO UpdateUserState: 013513324450,1
2017-03-08 16:10:17 INFO AddIdentifyResult: 20871,013513324450,-1,
2017-03-08 16:10:25 INFO AddIdentifyResult: 20871,013513324450,-3,
2017-03-08 16:10:42 INFO AddIdentifyResult: 20872,015603258135,-1,
2017-03-08 16:10:51 INFO AddIdentifyResult: 20872,015603258135,-3,
2017-03-08 16:11:05 INFO AddIdentifyResult: 20870,015033702427,12,
2017-03-08 16:11:13 INFO AddIdentifyResult: 20870,015033702427,10,reg/015033702427_0308161114|reg/015033702427_0308161114|reg/015033702427_
2017-03-08 16:11:13 INFO UpdateUserState: 015033702427,1
2017-03-08 16:11:18 INFO AddIdentifyResult: 20871,013513324450,0,ver/03/08/161238_013513324450.wav
2017-03-08 16:11:27 INFO AddIdentifyResult: 20873,015033702427,-1,
2017-03-08 16:11:32 INFO AddIdentifyResult: 20873,015033702427,-3,
2017-03-08 16:11:43 INFO AddIdentifyResult: 20872,015603258135,0,ver/03/08/161303_015603258135.wav
2017-03-08 16:12:24 INFO AddIdentifyResult: 20873,015033702427,0,ver/03/08/161344_015033702427.wav
2017-03-08 16:12:53 INFO AddIdentifyResult: 20874,015603231516,-1,
2017-03-08 16:12:58 INFO AddIdentifyResult: 20874,015603231516,-3,
2017-03-08 16:14:50 INFO AddIdentifyResult: 20874,015603231516,12,
2017-03-08 16:14:59 INFO AddIdentifyResult: 20874,015603231516,10,reg/015603231516_0308161510|reg/015603231516_0308161510|reg/015603231516_
2017-03-08 16:14:59 INFO UpdateUserState: 015603231516,1
2017-03-08 16:15:00 INFO AddIdentifyResult: 20875,015603296063,-1,
2017-03-08 16:15:01 INFO AddIdentifyResult: 20876,015603231516,-1,
2017-03-08 16:15:05 INFO AddIdentifyResult: 20876,015603231516,-3,
2017-03-08 16:15:13 INFO AddIdentifyResult: 20875,015603296063,-3,
2017-03-08 16:15:29 INFO AddIdentifyResult: 20877,015603235715,-1,
2017-03-08 16:15:33 INFO AddIdentifyResult: 20877,015603235715,-3,
2017-03-08 16:15:57 INFO AddIdentifyResult: 20876,015603231516,0,ver/03/08/161717_015603231516.wav
2017-03-08 16:17:07 INFO AddIdentifyResult: 20877,015603235715,12,
2017-03-08 16:17:15 INFO AddIdentifyResult: 20877,015603235715,10,reg/015603235715_0308161745|reg/015603235715_0308161745|reg/015603235715_
2017-03-08 16:17:16 INFO UpdateUserState: 015603235715,1
2017-03-08 16:17:22 INFO AddIdentifyResult: 20875,015603296063,12,
2017-03-08 16:17:22 INFO AddIdentifyResult: 20878,015603235715,-1,
2017-03-08 16:17:30 INFO AddIdentifyResult: 20875,015603296063,10,reg/015603296063_0308161725|reg/015603296063_0308161725|reg/015603296063_
2017-03-08 16:17:30 INFO UpdateUserState: 015603296063,1
2017-03-08 16:17:30 INFO AddIdentifyResult: 20879,015603296063,-1,
2017-03-08 16:17:37 INFO AddIdentifyResult: 20879,015603296063,-3,
2017-03-08 16:17:38 INFO AddIdentifyResult: 20880,015603235715,-1,
2017-03-08 16:17:43 INFO AddIdentifyResult: 20880,015603235715,-3,
2017-03-08 16:18:29 INFO AddIdentifyResult: 20879,015603296063,0,ver/03/08/161949_015603296063.wav
2017-03-08 16:18:37 INFO AddIdentifyResult: 20880,015603235715,0,ver/03/08/161956_015603235715.wav
2017-03-08 16:21:02 INFO AddIdentifyResult: 20881,015603225711,-1,
2017-03-08 16:21:15 INFO AddIdentifyResult: 20881,015603225711,-3,
2017-03-08 16:21:16 INFO AddIdentifyResult: 20882,015632267580,-1,
2017-03-08 16:21:16 INFO AddIdentifyResult: 20883,013833044630,-1,
2017-03-08 16:21:22 INFO AddIdentifyResult: 20883,013833044630,-3,
2017-03-08 16:21:40 INFO AddIdentifyResult: 20884,015632267580,-1,
2017-03-08 16:21:44 INFO AddIdentifyResult: 20884,015632267580,-3,
2017-03-08 16:22:03 INFO AddIdentifyResult: 20884,015632267580,11,reg/015632267580_|reg/015632267580_|reg/015632267580_
2017-03-08 16:22:18 INFO AddIdentifyResult: 20885,015632267580,-1,
2017-03-08 16:22:21 INFO AddIdentifyResult: 20885,015632267580,-3,
2017-03-08 16:22:54 INFO AddIdentifyResult: 20883,013833044630,12,
2017-03-08 16:23:02 INFO AddIdentifyResult: 20883,013833044630,10,reg/013833044630_0308162334|reg/013833044630_0308162334|reg/013833044630_
2017-03-08 16:23:02 INFO UpdateUserState: 013833044630,1
2017-03-08 16:23:24 INFO AddIdentifyResult: 20886,013833044630,-1,
2017-03-08 16:23:30 INFO AddIdentifyResult: 20886,013833044630,-3,
2017-03-08 16:23:39 INFO AddIdentifyResult: 20881,015603225711,12,
2017-03-08 16:23:46 INFO AddIdentifyResult: 20881,015603225711,10,reg/015603225711_0308162508|reg/015603225711_0308162508|reg/015603225711_0308162327
2017-03-08 16:23:46 INFO UpdateUserState: 015603225711,1
2017-03-08 16:23:59 INFO AddIdentifyResult: 20887,015603225711,-1,
2017-03-08 16:24:09 INFO AddIdentifyResult: 20887,015603225711,-3,
2017-03-08 16:24:24 INFO AddIdentifyResult: 20886,013833044630,0,ver/03/08/162543_013833044630.wav
2017-03-08 16:24:29 INFO AddIdentifyResult: 20885,015632267580,12,
2017-03-08 16:24:38 INFO AddIdentifyResult: 20885,015632267580,10,reg/015632267580_0308162433|reg/015632267580_0308162433|reg/015632267580_
2017-03-08 16:24:38 INFO UpdateUserState: 015632267580,1
2017-03-08 16:24:45 INFO AddIdentifyResult: 20888,015632267580,-1,
2017-03-08 16:24:48 INFO AddIdentifyResult: 20888,015632267580,-3,
2017-03-08 16:25:01 INFO AddIdentifyResult: 20887,015603225711,0,ver/03/08/162622_015603225711.wav
2017-03-08 16:25:12 INFO AddIdentifyResult: 20888,015632267580,1,
2017-03-08 16:25:17 INFO AddIdentifyResult: 20889,015632267580,-1,
2017-03-08 16:25:21 INFO AddIdentifyResult: 20889,015632267580,-3,
2017-03-08 16:26:13 INFO AddIdentifyResult: 20889,015632267580,0,ver/03/08/162733_015632267580.wav
2017-03-08 16:26:37 INFO AddIdentifyResult: 20890,015603219805,-1,
2017-03-08 16:26:42 INFO AddIdentifyResult: 20890,015603219805,-3,
2017-03-08 16:28:04 INFO AddIdentifyResult: 20891,015176228484,-1,
2017-03-08 16:28:15 INFO AddIdentifyResult: 20890,015603219805,12,
2017-03-08 16:28:19 INFO AddIdentifyResult: 20891,015176228484,-3,
2017-03-08 16:28:23 INFO AddIdentifyResult: 20890,015603219805,10,reg/015603219805_0308162854|reg/015603219805_0308162854|reg/015603219805_
2017-03-08 16:28:23 INFO UpdateUserState: 015603219805,1
2017-03-08 16:28:33 INFO AddIdentifyResult: 20892,015603219805,-1,
2017-03-08 16:28:46 INFO AddIdentifyResult: 20893,015603219805,-1,
2017-03-08 16:28:52 INFO AddIdentifyResult: 20893,015603219805,-3,
2017-03-08 16:29:45 INFO AddIdentifyResult: 20893,015603219805,0,ver/03/08/163104_015603219805.wav
2017-03-08 16:30:03 INFO AddIdentifyResult: 20894,015231243066,-1,
2017-03-08 16:30:03 INFO AddIdentifyResult: 20891,015176228484,12,
2017-03-08 16:30:12 INFO AddIdentifyResult: 20891,015176228484,10,reg/015176228484_0308163032|reg/015176228484_0308163032|reg/015176228484_
2017-03-08 16:30:12 INFO UpdateUserState: 015176228484,1
2017-03-08 16:30:16 INFO AddIdentifyResult: 20894,015231243066,-3,
2017-03-08 16:30:25 INFO AddIdentifyResult: 20895,015176228484,-1,
2017-03-08 16:30:31 INFO AddIdentifyResult: 20895,015176228484,-3,
2017-03-08 16:31:24 INFO AddIdentifyResult: 20895,015176228484,0,ver/03/08/163244_015176228484.wav
2017-03-08 16:31:54 INFO AddIdentifyResult: 20894,015231243066,12,
2017-03-08 16:32:02 INFO AddIdentifyResult: 20894,015231243066,10,reg/015231243066_0308163228|reg/015231243066_0308163228|reg/015231243066_
2017-03-08 16:32:02 INFO UpdateUserState: 015231243066,1
2017-03-08 16:32:10 INFO AddIdentifyResult: 20896,015231243066,-1,
2017-03-08 16:32:12 INFO AddIdentifyResult: 20897,015531276728,-1,
2017-03-08 16:32:18 INFO AddIdentifyResult: 20897,015531276728,-3,
2017-03-08 16:32:19 INFO AddIdentifyResult: 20896,015231243066,-3,
2017-03-08 16:33:11 INFO AddIdentifyResult: 20896,015231243066,0,ver/03/08/163431_015231243066.wav
2017-03-08 16:33:18 INFO AddIdentifyResult: 20898,015603208172,-1,
2017-03-08 16:33:25 INFO AddIdentifyResult: 20898,015603208172,-3,
2017-03-08 16:33:50 INFO AddIdentifyResult: 20897,015531276728,12,
2017-03-08 16:33:58 INFO AddIdentifyResult: 20897,015531276728,10,reg/015531276728_0308163430|reg/015531276728_0308163430|reg/015531276728_
2017-03-08 16:33:58 INFO UpdateUserState: 015531276728,1
2017-03-08 16:34:03 INFO AddIdentifyResult: 20899,015531276728,-1,
2017-03-08 16:34:08 INFO AddIdentifyResult: 20899,015531276728,-3,
2017-03-08 16:35:00 INFO AddIdentifyResult: 20899,015531276728,0,ver/03/08/163620_015531276728.wav
2017-03-08 16:35:25 INFO AddIdentifyResult: 20898,015603208172,12,
2017-03-08 16:35:32 INFO AddIdentifyResult: 20898,015603208172,10,reg/015603208172_0308163710|reg/015603208172_0308163710|reg/015603208172_0308163537
2017-03-08 16:35:32 INFO UpdateUserState: 015603208172,1
2017-03-08 16:35:40 INFO AddIdentifyResult: 20900,015603208172,-1,
2017-03-08 16:35:46 INFO AddIdentifyResult: 20900,015603208172,-3,
2017-03-08 16:36:39 INFO AddIdentifyResult: 20900,015603208172,0,ver/03/08/163759_015603208172.wav
2017-03-08 16:37:25 INFO AddIdentifyResult: 20901,015612200523,-1,
2017-03-08 16:37:31 INFO AddIdentifyResult: 20901,015612200523,-3,
2017-03-08 16:39:03 INFO AddIdentifyResult: 20901,015612200523,12,
2017-03-08 16:39:10 INFO AddIdentifyResult: 20901,015612200523,10,reg/015612200523_0308163943|reg/015612200523_0308163943|reg/015612200523_
2017-03-08 16:39:10 INFO UpdateUserState: 015612200523,1
2017-03-08 16:39:15 INFO AddIdentifyResult: 20902,015603252063,-1,
2017-03-08 16:39:21 INFO AddIdentifyResult: 20902,015603252063,-3,
2017-03-08 16:39:24 INFO AddIdentifyResult: 20903,015612200523,-1,
2017-03-08 16:39:40 INFO AddIdentifyResult: 20904,015612200523,-1,
2017-03-08 16:39:45 INFO AddIdentifyResult: 20904,015612200523,-3,
2017-03-08 16:40:38 INFO AddIdentifyResult: 20904,015612200523,0,ver/03/08/164158_015612200523.wav
2017-03-08 16:41:06 INFO AddIdentifyResult: 20902,015603252063,12,
2017-03-08 16:41:13 INFO AddIdentifyResult: 20902,015603252063,10,reg/015603252063_0308164133|reg/015603252063_0308164133|reg/015603252063_
2017-03-08 16:41:13 INFO UpdateUserState: 015603252063,1
2017-03-08 16:41:19 INFO AddIdentifyResult: 20905,015603252063,-1,
2017-03-08 16:41:24 INFO AddIdentifyResult: 20905,015603252063,-3,
2017-03-08 16:41:34 INFO AddIdentifyResult: 20906,015511298736,-1,
2017-03-08 16:41:42 INFO AddIdentifyResult: 20906,015511298736,-3,
2017-03-08 16:42:15 INFO AddIdentifyResult: 20905,015603252063,0,ver/03/08/164336_015603252063.wav
2017-03-08 16:42:42 INFO AddIdentifyResult: 20907,015830443503,-1,
2017-03-08 16:42:49 INFO AddIdentifyResult: 20907,015830443503,-3,
2017-03-08 16:44:11 INFO AddIdentifyResult: 20906,015511298736,12,
2017-03-08 16:44:20 INFO AddIdentifyResult: 20906,015511298736,10,reg/015511298736_0308164354|reg/015511298736_0308164354|reg/015511298736_
2017-03-08 16:44:20 INFO UpdateUserState: 015511298736,1
2017-03-08 16:44:27 INFO AddIdentifyResult: 20908,015511298736,-1,
2017-03-08 16:44:34 INFO AddIdentifyResult: 20908,015511298736,-3,
2017-03-08 16:44:43 INFO AddIdentifyResult: 20907,015830443503,12,
2017-03-08 16:44:49 INFO AddIdentifyResult: 20907,015830443503,10,reg/015830443503_0308164501|reg/015830443503_0308164501|reg/015830443503_
2017-03-08 16:44:49 INFO UpdateUserState: 015830443503,1
2017-03-08 16:44:56 INFO AddIdentifyResult: 20909,015830443503,-1,
2017-03-08 16:45:02 INFO AddIdentifyResult: 20909,015830443503,-3,
2017-03-08 16:45:26 INFO AddIdentifyResult: 20908,015511298736,0,ver/03/08/164647_015511298736.wav
2017-03-08 16:45:44 INFO AddIdentifyResult: 20910,018632280952,-1,
2017-03-08 16:45:53 INFO AddIdentifyResult: 20910,018632280952,-3,
2017-03-08 16:45:54 INFO AddIdentifyResult: 20909,015830443503,0,ver/03/08/164715_015830443503.wav
2017-03-08 16:46:21 INFO AddIdentifyResult: 20910,018632280952,11,reg/018632280952_|reg/018632280952_|reg/018632280952_
2017-03-08 16:46:28 INFO AddIdentifyResult: 20911,018632280952,-1,
2017-03-08 16:46:33 INFO AddIdentifyResult: 20911,018632280952,-3,
2017-03-08 16:46:59 INFO AddIdentifyResult: 20912,015603229559,-1,
2017-03-08 16:47:06 INFO AddIdentifyResult: 20912,015603229559,-3,
2017-03-08 16:48:28 INFO AddIdentifyResult: 20911,018632280952,12,
2017-03-08 16:48:36 INFO AddIdentifyResult: 20911,018632280952,10,reg/018632280952_0308164845|reg/018632280952_0308164845|reg/018632280952_
2017-03-08 16:48:36 INFO UpdateUserState: 018632280952,1
2017-03-08 16:48:43 INFO AddIdentifyResult: 20913,018632280952,-1,
2017-03-08 16:48:47 INFO AddIdentifyResult: 20913,018632280952,-3,
2017-03-08 16:49:38 INFO AddIdentifyResult: 20913,018632280952,0,ver/03/08/165059_018632280952.wav
2017-03-08 16:49:49 INFO AddIdentifyResult: 20912,015603229559,12,
2017-03-08 16:49:57 INFO AddIdentifyResult: 20912,015603229559,10,reg/015603229559_0308164918|reg/015603229559_0308164918|reg/015603229559_
2017-03-08 16:49:57 INFO UpdateUserState: 015603229559,1
2017-03-08 16:50:09 INFO AddIdentifyResult: 20914,015603229559,-1,
2017-03-08 16:50:15 INFO AddIdentifyResult: 20914,015603229559,-3,
2017-03-08 16:51:06 INFO AddIdentifyResult: 20914,015603229559,0,ver/03/08/165227_015603229559.wav
2017-03-08 16:51:34 INFO AddIdentifyResult: 20915,018630271277,-1,
2017-03-08 16:51:46 INFO AddIdentifyResult: 20915,018630271277,-3,
2017-03-08 16:54:08 INFO AddIdentifyResult: 20915,018630271277,12,
2017-03-08 16:54:17 INFO AddIdentifyResult: 20915,018630271277,10,reg/018630271277_0308165358|reg/018630271277_0308165358|reg/018630271277_
2017-03-08 16:54:17 INFO UpdateUserState: 018630271277,1
2017-03-08 16:54:17 INFO AddIdentifyResult: 20916,018630271277,-1,
2017-03-08 16:54:23 INFO AddIdentifyResult: 20916,018630271277,-3,
2017-03-08 16:56:21 INFO AddIdentifyResult: 20917,018630271277,-1,
2017-03-08 16:56:25 INFO AddIdentifyResult: 20917,018630271277,-3,
2017-03-08 16:57:17 INFO AddIdentifyResult: 20917,018630271277,0,ver/03/08/165837_018630271277.wav
2017-03-08 16:57:25 INFO AddIdentifyResult: 20916,018630271277,11,reg/018630271277_|reg/018630271277_|reg/018630271277_
2017-03-08 16:57:42 INFO AddIdentifyResult: 20918,013785232624,-1,
2017-03-08 16:58:13 INFO AddIdentifyResult: 20919,013785232624,-1,
2017-03-08 16:59:20 INFO AddIdentifyResult: 20920,017325368985,-1,
2017-03-08 16:59:43 INFO AddIdentifyResult: 20921,017325368985,-1,
2017-03-08 17:00:52 INFO AddIdentifyResult: 20922,017325368985,-1,
2017-03-08 17:04:53 INFO AddIdentifyResult: 20923,015175338108,-1,
2017-03-08 17:07:00 INFO AddIdentifyResult: 20924,015175338108,-1,
2017-03-08 17:07:17 INFO AddIdentifyResult: 20925,015175338108,-1,
2017-03-08 17:08:20 INFO AddIdentifyResult: 20926,015175338108,-1,
2017-03-08 17:08:52 INFO AddIdentifyResult: 20927,018630271277,-1,
2017-03-08 17:14:20 INFO AddIdentifyResult: 20928,015175338108,-1,
2017-03-08 17:14:47 INFO AddIdentifyResult: 20929,015175338108,-1,
2017-03-08 17:15:43 INFO AddIdentifyResult: 20930,015175338108,-1,
2017-03-08 17:16:47 INFO AddIdentifyResult: 20931,015175338108,-1,
2017-03-08 17:17:08 INFO AddIdentifyResult: 20932,015175338108,-1,
2017-03-08 17:17:22 INFO AddIdentifyResult: 20933,015175338108,-1,
2017-03-08 17:17:42 INFO AddIdentifyResult: 20933,015175338108,-3,
2017-03-08 17:19:45 INFO AddIdentifyResult: 20933,015175338108,12,
2017-03-08 17:19:54 INFO AddIdentifyResult: 20933,015175338108,10,reg/015175338108_0308171954|reg/015175338108_0308171954|reg/015175338108_
2017-03-08 17:19:54 INFO UpdateUserState: 015175338108,1
2017-03-08 17:19:55 INFO AddIdentifyResult: 20934,015175338108,-1,
2017-03-08 17:20:17 INFO AddIdentifyResult: 20934,015175338108,-3,
2017-03-08 17:21:51 INFO AddIdentifyResult: 20934,015175338108,12,
2017-03-08 17:21:58 INFO AddIdentifyResult: 20934,015175338108,10,reg/015175338108_0308172229|reg/015175338108_0308172229|reg/015175338108_
2017-03-08 17:21:59 INFO UpdateUserState: 015175338108,1
2017-03-08 17:22:10 INFO AddIdentifyResult: 20935,015175338108,-1,
2017-03-08 17:22:47 INFO AddIdentifyResult: 20936,015175338108,-1,
2017-03-08 17:23:07 INFO AddIdentifyResult: 20936,015175338108,-3,
2017-03-08 17:23:58 INFO AddIdentifyResult: 20936,015175338108,0,ver/03/08/172519_015175338108.wav
2017-03-08 21:32:58 INFO AddIdentifyResult: 0,018201323322,1,
