2017-04-05 08:55:37 INFO AddIdentifyResult: 29625,013287303281,-1,
2017-04-05 08:55:56 INFO AddIdentifyResult: 29625,013287303281,-3,
2017-04-05 08:57:28 INFO AddIdentifyResult: 29625,013287303281,12,
2017-04-05 08:57:34 INFO AddIdentifyResult: 29625,013287303281,10,reg/013287303281_0405085809|reg/013287303281_0405085809|reg/013287303281_
2017-04-05 08:57:34 INFO UpdateUserState: 013287303281,1
2017-04-05 08:59:30 INFO AddIdentifyResult: 29626,013287303281,-1,
2017-04-05 09:04:36 INFO AddIdentifyResult: 29627,015629283411,-1,
2017-04-05 09:04:52 INFO AddIdentifyResult: 29627,015629283411,-3,
2017-04-05 09:06:33 INFO AddIdentifyResult: 29627,015629283411,12,
2017-04-05 09:06:40 INFO AddIdentifyResult: 29627,015629283411,10,reg/015629283411_0405090705|reg/015629283411_0405090705|reg/015629283411_
2017-04-05 09:06:40 INFO UpdateUserState: 015629283411,1
2017-04-05 09:07:44 INFO AddIdentifyResult: 29628,013012913197,-1,
2017-04-05 09:07:58 INFO AddIdentifyResult: 29628,013012913197,-3,
2017-04-05 09:08:08 INFO AddIdentifyResult: 29629,018772753547,-1,
2017-04-05 09:08:25 INFO AddIdentifyResult: 29629,018772753547,-3,
2017-04-05 09:10:05 INFO AddIdentifyResult: 29629,018772753547,12,
2017-04-05 09:10:13 INFO AddIdentifyResult: 29629,018772753547,10,reg/018772753547_0405091038|reg/018772753547_0405091038|reg/018772753547_
2017-04-05 09:10:13 INFO UpdateUserState: 018772753547,1
2017-04-05 09:11:17 INFO AddIdentifyResult: 29628,013012913197,12,
2017-04-05 09:11:29 INFO AddIdentifyResult: 29628,013012913197,10,reg/013012913197_0405091011|reg/013012913197_0405091011|reg/013012913197_
2017-04-05 09:11:30 INFO UpdateUserState: 013012913197,1
2017-04-05 09:12:09 INFO AddIdentifyResult: 29630,013012913197,-1,
2017-04-05 09:12:19 INFO AddIdentifyResult: 29630,013012913197,-3,
2017-04-05 09:12:19 INFO AddIdentifyResult: 29630,013012913197,1,
2017-04-05 09:12:25 INFO AddIdentifyResult: 29631,013012913197,-1,
2017-04-05 09:12:30 INFO AddIdentifyResult: 29631,013012913197,-3,
2017-04-05 09:13:22 INFO AddIdentifyResult: 29631,013012913197,1,ver/04/05/091443_013012913197.wav
2017-04-05 09:14:35 INFO AddIdentifyResult: 29632,013012913197,-1,
2017-04-05 09:14:44 INFO AddIdentifyResult: 29632,013012913197,-3,
2017-04-05 09:15:36 INFO AddIdentifyResult: 29632,013012913197,1,ver/04/05/091657_013012913197.wav
2017-04-05 09:16:49 INFO AddIdentifyResult: 29633,013012913197,-1,
2017-04-05 09:16:54 INFO AddIdentifyResult: 29633,013012913197,-3,
2017-04-05 09:19:21 INFO AddIdentifyResult: 29633,013012913197,12,
2017-04-05 09:19:31 INFO AddIdentifyResult: 29633,013012913197,10,reg/013012913197_0405091906|reg/013012913197_0405091906|reg/013012913197_
2017-04-05 09:19:31 INFO UpdateUserState: 013012913197,1
2017-04-05 09:19:34 INFO AddIdentifyResult: 29634,013012913197,-1,
2017-04-05 09:19:38 INFO AddIdentifyResult: 29634,013012913197,-3,
2017-04-05 09:20:31 INFO AddIdentifyResult: 29634,013012913197,0,ver/04/05/092152_013012913197.wav
2017-04-05 09:22:51 INFO AddIdentifyResult: 29635,015671184075,-1,
2017-04-05 09:23:11 INFO AddIdentifyResult: 29635,015671184075,-3,
2017-04-05 09:25:25 INFO AddIdentifyResult: 29635,015671184075,12,
2017-04-05 09:25:32 INFO AddIdentifyResult: 29635,015671184075,10,reg/015671184075_0405092702|reg/015671184075_0405092702|reg/015671184075_0405092524
2017-04-05 09:25:32 INFO UpdateUserState: 015671184075,1
2017-04-05 09:26:38 INFO AddIdentifyResult: 29636,013001561607,-1,
2017-04-05 09:26:46 INFO AddIdentifyResult: 29636,013001561607,-3,
2017-04-05 09:28:31 INFO AddIdentifyResult: 29636,013001561607,12,
2017-04-05 09:28:39 INFO AddIdentifyResult: 29636,013001561607,10,reg/013001561607_0405092859|reg/013001561607_0405092859|reg/013001561607_
2017-04-05 09:28:39 INFO UpdateUserState: 013001561607,1
2017-04-05 09:29:00 INFO AddIdentifyResult: 29637,013552519401,-1,
2017-04-05 09:29:30 INFO AddIdentifyResult: 29637,013552519401,-3,
2017-04-05 09:29:39 INFO AddIdentifyResult: 29638,013012917160,-1,
2017-04-05 09:29:46 INFO AddIdentifyResult: 29638,013012917160,-3,
2017-04-05 09:31:21 INFO AddIdentifyResult: 29637,013552519401,12,
2017-04-05 09:31:29 INFO AddIdentifyResult: 29637,013552519401,10,reg/013552519401_0405093143|reg/013552519401_0405093143|reg/013552519401_
2017-04-05 09:31:29 INFO UpdateUserState: 013552519401,1
2017-04-05 09:31:46 INFO AddIdentifyResult: 29638,013012917160,12,
2017-04-05 09:31:55 INFO AddIdentifyResult: 29638,013012917160,10,reg/013012917160_0405093159|reg/013012917160_0405093159|reg/013012917160_
2017-04-05 09:31:55 INFO UpdateUserState: 013012917160,1
2017-04-05 09:32:29 INFO AddIdentifyResult: 29639,013012917160,-1,
2017-04-05 09:32:34 INFO AddIdentifyResult: 29639,013012917160,-3,
2017-04-05 09:33:10 INFO AddIdentifyResult: 29640,015671143903,-1,
2017-04-05 09:33:25 INFO AddIdentifyResult: 29640,015671143903,-3,
2017-04-05 09:33:26 INFO AddIdentifyResult: 29639,013012917160,0,ver/04/05/093447_013012917160.wav
2017-04-05 09:35:32 INFO AddIdentifyResult: 29640,015671143903,12,
2017-04-05 09:35:39 INFO AddIdentifyResult: 29640,015671143903,10,reg/015671143903_0405093719|reg/015671143903_0405093719|reg/015671143903_0405093538
2017-04-05 09:35:39 INFO UpdateUserState: 015671143903,1
2017-04-05 09:49:49 INFO AddIdentifyResult: 29641,015671157509,-1,
2017-04-05 09:50:04 INFO AddIdentifyResult: 29641,015671157509,-3,
2017-04-05 09:51:45 INFO AddIdentifyResult: 29641,015671157509,12,
2017-04-05 09:51:53 INFO AddIdentifyResult: 29641,015671157509,10,reg/015671157509_0405095217|reg/015671157509_0405095217|reg/015671157509_
2017-04-05 09:51:53 INFO UpdateUserState: 015671157509,1
2017-04-05 09:57:59 INFO AddIdentifyResult: 29642,013006546193,-1,
2017-04-05 09:58:03 INFO AddIdentifyResult: 29642,013006546193,-3,
2017-04-05 10:00:13 INFO AddIdentifyResult: 29642,013006546193,12,
2017-04-05 10:00:22 INFO AddIdentifyResult: 29642,013006546193,10,reg/013006546193_0405100016|reg/013006546193_0405100016|reg/013006546193_
2017-04-05 10:00:22 INFO UpdateUserState: 013006546193,1
2017-04-05 10:00:46 INFO AddIdentifyResult: 29643,013006546193,-1,
2017-04-05 10:00:52 INFO AddIdentifyResult: 29643,013006546193,-3,
2017-04-05 10:01:43 INFO AddIdentifyResult: 29643,013006546193,0,ver/04/05/100305_013006546193.wav
2017-04-05 10:03:58 INFO AddIdentifyResult: 29644,013012908950,-1,
2017-04-05 10:04:02 INFO AddIdentifyResult: 29644,013012908950,-3,
2017-04-05 10:05:37 INFO AddIdentifyResult: 29644,013012908950,12,
2017-04-05 10:05:45 INFO AddIdentifyResult: 29644,013012908950,10,reg/013012908950_0405100615|reg/013012908950_0405100615|reg/013012908950_
2017-04-05 10:05:45 INFO UpdateUserState: 013012908950,1
2017-04-05 10:05:49 INFO AddIdentifyResult: 29645,013012908950,-1,
2017-04-05 10:05:51 INFO AddIdentifyResult: 29645,013012908950,-3,
2017-04-05 10:06:44 INFO AddIdentifyResult: 29645,013012908950,0,ver/04/05/100805_013012908950.wav
2017-04-05 10:18:26 INFO AddIdentifyResult: 29646,015671192722,-1,
2017-04-05 10:18:41 INFO AddIdentifyResult: 29646,015671192722,-3,
2017-04-05 10:18:57 INFO AddIdentifyResult: 29647,013012907263,-1,
2017-04-05 10:19:06 INFO AddIdentifyResult: 29647,013012907263,-3,
2017-04-05 10:20:22 INFO AddIdentifyResult: 29646,015671192722,12,
2017-04-05 10:20:30 INFO AddIdentifyResult: 29646,015671192722,10,reg/015671192722_0405102054|reg/015671192722_0405102054|reg/015671192722_
2017-04-05 10:20:30 INFO UpdateUserState: 015671192722,1
2017-04-05 10:21:10 INFO AddIdentifyResult: 29647,013012907263,12,
2017-04-05 10:21:17 INFO AddIdentifyResult: 29647,013012907263,10,reg/013012907263_0405102237|reg/013012907263_0405102237|reg/013012907263_0405102119
2017-04-05 10:21:17 INFO UpdateUserState: 013012907263,1
2017-04-05 10:21:31 INFO AddIdentifyResult: 29648,013012907263,-1,
2017-04-05 10:21:38 INFO AddIdentifyResult: 29648,013012907263,-3,
2017-04-05 10:22:29 INFO AddIdentifyResult: 29648,013012907263,0,ver/04/05/102351_013012907263.wav
2017-04-05 10:40:52 INFO AddIdentifyResult: 29649,013287307361,-1,
2017-04-05 10:40:57 INFO AddIdentifyResult: 29649,013287307361,-3,
2017-04-05 10:42:56 INFO AddIdentifyResult: 29649,013287307361,12,
2017-04-05 10:43:04 INFO AddIdentifyResult: 29649,013287307361,10,reg/013287307361_0405104310|reg/013287307361_0405104310|reg/013287307361_
2017-04-05 10:43:04 INFO UpdateUserState: 013287307361,1
2017-04-05 10:44:07 INFO AddIdentifyResult: 0,018331018512,1,
2017-04-05 10:50:07 INFO AddIdentifyResult: 29651,015066098005,-1,
2017-04-05 10:50:15 INFO AddIdentifyResult: 29651,015066098005,-3,
2017-04-05 10:53:49 INFO AddIdentifyResult: 29651,015066098005,12,
2017-04-05 10:53:56 INFO AddIdentifyResult: 29651,015066098005,10,reg/015066098005_0405105511|reg/015066098005_0405105511|reg/015066098005_0405105228
2017-04-05 10:53:56 INFO UpdateUserState: 015066098005,1
2017-04-05 10:54:29 INFO AddIdentifyResult: 29652,015066098005,-1,
2017-04-05 10:54:45 INFO AddIdentifyResult: 29652,015066098005,-3,
2017-04-05 10:55:35 INFO AddIdentifyResult: 29652,015066098005,0,ver/04/05/105658_015066098005.wav
2017-04-05 11:00:31 INFO AddIdentifyResult: 29653,013012915615,-1,
2017-04-05 11:00:35 INFO AddIdentifyResult: 29653,013012915615,-3,
2017-04-05 11:03:49 INFO AddIdentifyResult: 29653,013012915615,12,
2017-04-05 11:04:00 INFO AddIdentifyResult: 29654,013012915615,-4,2
2017-04-05 11:04:03 INFO AddIdentifyResult: 29653,013012915615,10,reg/013012915615_0405110248|reg/013012915615_0405110248|reg/013012915615_
2017-04-05 11:04:03 INFO UpdateUserState: 013012915615,1
2017-04-05 11:04:11 INFO AddIdentifyResult: 29655,013012915615,-1,
2017-04-05 11:04:19 INFO AddIdentifyResult: 29656,013012915615,-1,
2017-04-05 11:04:23 INFO AddIdentifyResult: 29656,013012915615,-3,
2017-04-05 11:05:16 INFO AddIdentifyResult: 29656,013012915615,1,ver/04/05/110637_013012915615.wav
2017-04-05 11:05:50 INFO AddIdentifyResult: 29657,013012915615,-1,
2017-04-05 11:05:54 INFO AddIdentifyResult: 29657,013012915615,-3,
2017-04-05 11:05:58 INFO AddIdentifyResult: 29658,015671194549,-1,
2017-04-05 11:06:17 INFO AddIdentifyResult: 29658,015671194549,-3,
2017-04-05 11:06:47 INFO AddIdentifyResult: 29657,013012915615,1,ver/04/05/110808_013012915615.wav
2017-04-05 11:07:09 INFO AddIdentifyResult: 29659,013012915615,-1,
2017-04-05 11:07:15 INFO AddIdentifyResult: 29659,013012915615,-3,
2017-04-05 11:07:49 INFO AddIdentifyResult: 29658,015671194549,12,
2017-04-05 11:07:56 INFO AddIdentifyResult: 29658,015671194549,10,reg/015671194549_0405110831|reg/015671194549_0405110831|reg/015671194549_
2017-04-05 11:07:56 INFO UpdateUserState: 015671194549,1
2017-04-05 11:09:28 INFO AddIdentifyResult: 29660,018907220395,-1,
2017-04-05 11:09:58 INFO AddIdentifyResult: 29661,018907220395,-1,
2017-04-05 11:10:05 INFO AddIdentifyResult: 29661,018907220395,-3,
2017-04-05 11:10:32 INFO AddIdentifyResult: 29659,013012915615,12,
2017-04-05 11:10:46 INFO AddIdentifyResult: 29659,013012915615,10,reg/013012915615_0405110928|reg/013012915615_0405110928|reg/013012915615_
2017-04-05 11:10:46 INFO UpdateUserState: 013012915615,1
2017-04-05 11:11:46 INFO AddIdentifyResult: 29661,018907220395,12,
2017-04-05 11:11:52 INFO AddIdentifyResult: 29661,018907220395,10,reg/018907220395_0405111339|reg/018907220395_0405111339|reg/018907220395_0405111218
2017-04-05 11:11:52 INFO UpdateUserState: 018907220395,1
2017-04-05 11:13:27 INFO AddIdentifyResult: 29662,013012918357,-1,
2017-04-05 11:13:33 INFO AddIdentifyResult: 29662,013012918357,-3,
2017-04-05 11:15:53 INFO AddIdentifyResult: 29662,013012918357,12,
2017-04-05 11:16:02 INFO AddIdentifyResult: 29662,013012918357,10,reg/013012918357_0405111547|reg/013012918357_0405111547|reg/013012918357_
2017-04-05 11:16:02 INFO UpdateUserState: 013012918357,1
2017-04-05 11:16:19 INFO AddIdentifyResult: 29663,013012918357,-1,
2017-04-05 11:16:24 INFO AddIdentifyResult: 29663,013012918357,-3,
2017-04-05 11:17:15 INFO AddIdentifyResult: 29663,013012918357,0,ver/04/05/111837_013012918357.wav
2017-04-05 11:22:07 INFO AddIdentifyResult: 29664,018007220287,-1,
2017-04-05 11:22:22 INFO AddIdentifyResult: 29664,018007220287,-3,
2017-04-05 11:24:08 INFO AddIdentifyResult: 29664,018007220287,12,
2017-04-05 11:24:15 INFO AddIdentifyResult: 29664,018007220287,10,reg/018007220287_0405112436|reg/018007220287_0405112436|reg/018007220287_
2017-04-05 11:24:15 INFO UpdateUserState: 018007220287,1
2017-04-05 11:31:07 INFO AddIdentifyResult: 0,15335762169,1,ver/04/05/113229_15335762169.wav
2017-04-05 11:33:25 INFO AddIdentifyResult: 29666,018562523620,-1,
2017-04-05 11:33:34 INFO AddIdentifyResult: 29666,018562523620,-3,
2017-04-05 11:35:38 INFO AddIdentifyResult: 29666,018562523620,12,
2017-04-05 11:35:46 INFO AddIdentifyResult: 29666,018562523620,10,reg/018562523620_0405113548|reg/018562523620_0405113548|reg/018562523620_
2017-04-05 11:35:46 INFO UpdateUserState: 018562523620,1
2017-04-05 11:36:13 INFO AddIdentifyResult: 29667,013287307521,-1,
2017-04-05 11:36:24 INFO AddIdentifyResult: 29667,013287307521,-3,
2017-04-05 11:38:25 INFO AddIdentifyResult: 29667,013287307521,12,
2017-04-05 11:38:33 INFO AddIdentifyResult: 29667,013287307521,10,reg/013287307521_0405113837|reg/013287307521_0405113837|reg/013287307521_
2017-04-05 11:38:34 INFO UpdateUserState: 013287307521,1
2017-04-05 11:39:25 INFO AddIdentifyResult: 29668,013287307521,-1,
2017-04-05 11:39:30 INFO AddIdentifyResult: 29668,013287307521,-3,
2017-04-05 11:40:22 INFO AddIdentifyResult: 29668,013287307521,0,ver/04/05/114144_013287307521.wav
2017-04-05 13:27:05 INFO AddIdentifyResult: 0,015130464391,1,
2017-04-05 14:25:35 INFO AddIdentifyResult: 29670,013012910602,-1,
2017-04-05 14:37:57 INFO AddIdentifyResult: 29671,013285466331,-1,
2017-04-05 14:38:02 INFO AddIdentifyResult: 29671,013285466331,-3,
2017-04-05 14:39:38 INFO AddIdentifyResult: 29671,013285466331,12,
2017-04-05 14:39:46 INFO AddIdentifyResult: 29671,013285466331,10,reg/013285466331_0405144016|reg/013285466331_0405144016|reg/013285466331_
2017-04-05 14:39:46 INFO UpdateUserState: 013285466331,1
2017-04-05 14:42:14 INFO AddIdentifyResult: 29672,013561074508,-1,
2017-04-05 14:42:21 INFO AddIdentifyResult: 29672,013561074508,-3,
2017-04-05 14:42:36 INFO AddIdentifyResult: 29672,013561074508,11,reg/013561074508_|reg/013561074508_|reg/013561074508_
2017-04-05 14:42:39 INFO AddIdentifyResult: 29673,013561074508,-1,
2017-04-05 14:42:46 INFO AddIdentifyResult: 29673,013561074508,-3,
2017-04-05 14:43:01 INFO AddIdentifyResult: 29673,013561074508,11,reg/013561074508_|reg/013561074508_|reg/013561074508_
2017-04-05 14:43:08 INFO AddIdentifyResult: 29674,013561074508,-1,
2017-04-05 14:43:21 INFO AddIdentifyResult: 29674,013561074508,-3,
2017-04-05 14:43:42 INFO AddIdentifyResult: 29675,013561074508,-1,
2017-04-05 14:43:43 INFO AddIdentifyResult: 29674,013561074508,11,reg/013561074508_|reg/013561074508_|reg/013561074508_
2017-04-05 14:43:49 INFO AddIdentifyResult: 29675,013561074508,-3,
2017-04-05 14:45:46 INFO AddIdentifyResult: 29675,013561074508,12,
2017-04-05 14:45:52 INFO AddIdentifyResult: 29675,013561074508,10,reg/013561074508_0405144603|reg/013561074508_0405144603|reg/013561074508_
2017-04-05 14:45:52 INFO UpdateUserState: 013561074508,1
2017-04-05 14:46:21 INFO AddIdentifyResult: 29676,013561074508,-1,
2017-04-05 14:46:28 INFO AddIdentifyResult: 29676,013561074508,-3,
2017-04-05 14:46:32 INFO AddIdentifyResult: 29676,013561074508,1,
2017-04-05 14:46:36 INFO AddIdentifyResult: 29677,013561074508,-1,
2017-04-05 14:46:43 INFO AddIdentifyResult: 29677,013561074508,-3,
2017-04-05 14:47:34 INFO AddIdentifyResult: 29677,013561074508,0,ver/04/05/144857_013561074508.wav
2017-04-05 14:48:41 INFO AddIdentifyResult: 29678,013012910602,-1,
2017-04-05 14:49:01 INFO AddIdentifyResult: 29678,013012910602,-3,
2017-04-05 14:51:21 INFO AddIdentifyResult: 29678,013012910602,12,
2017-04-05 14:51:30 INFO AddIdentifyResult: 29678,013012910602,10,reg/013012910602_0405145115|reg/013012910602_0405145115|reg/013012910602_
2017-04-05 14:51:30 INFO UpdateUserState: 013012910602,1
2017-04-05 14:52:05 INFO AddIdentifyResult: 29679,013012910602,-1,
2017-04-05 14:52:11 INFO AddIdentifyResult: 29679,013012910602,-3,
2017-04-05 14:52:39 INFO AddIdentifyResult: 29680,015671132400,-1,
2017-04-05 14:52:57 INFO AddIdentifyResult: 29680,015671132400,-3,
2017-04-05 14:53:03 INFO AddIdentifyResult: 29679,013012910602,0,ver/04/05/145426_013012910602.wav
2017-04-05 14:54:38 INFO AddIdentifyResult: 29680,015671132400,12,
2017-04-05 14:54:46 INFO AddIdentifyResult: 29680,015671132400,10,reg/015671132400_0405145511|reg/015671132400_0405145511|reg/015671132400_
2017-04-05 14:54:46 INFO UpdateUserState: 015671132400,1
2017-04-05 14:56:31 INFO AddIdentifyResult: 29681,013012917821,-1,
2017-04-05 14:56:37 INFO AddIdentifyResult: 29681,013012917821,-3,
2017-04-05 14:59:07 INFO AddIdentifyResult: 29681,013012917821,12,
2017-04-05 14:59:14 INFO AddIdentifyResult: 29682,015671142723,-1,
2017-04-05 14:59:15 INFO AddIdentifyResult: 29681,013012917821,10,reg/013012917821_0405150030|reg/013012917821_0405150030|reg/013012917821_0405145851
2017-04-05 14:59:15 INFO UpdateUserState: 013012917821,1
2017-04-05 14:59:35 INFO AddIdentifyResult: 29682,015671142723,-3,
2017-04-05 14:59:50 INFO AddIdentifyResult: 29682,015671142723,11,reg/015671142723_|reg/015671142723_|reg/015671142723_
2017-04-05 14:59:50 INFO AddIdentifyResult: 29683,013012917821,-1,
2017-04-05 14:59:58 INFO AddIdentifyResult: 29683,013012917821,-3,
2017-04-05 15:00:11 INFO AddIdentifyResult: 29684,015671142723,-1,
2017-04-05 15:00:36 INFO AddIdentifyResult: 29684,015671142723,-3,
2017-04-05 15:00:50 INFO AddIdentifyResult: 29683,013012917821,0,ver/04/05/150213_013012917821.wav
2017-04-05 15:02:23 INFO AddIdentifyResult: 29684,015671142723,12,
2017-04-05 15:02:31 INFO AddIdentifyResult: 29684,015671142723,10,reg/015671142723_0405150250|reg/015671142723_0405150250|reg/015671142723_
2017-04-05 15:02:31 INFO UpdateUserState: 015671142723,1
2017-04-05 15:04:57 INFO AddIdentifyResult: 29685,015265867818,-1,
2017-04-05 15:05:07 INFO AddIdentifyResult: 29685,015265867818,-3,
2017-04-05 15:07:11 INFO AddIdentifyResult: 29685,015265867818,12,
2017-04-05 15:07:17 INFO AddIdentifyResult: 29685,015265867818,10,reg/015265867818_0405150721|reg/015265867818_0405150721|reg/015265867818_
2017-04-05 15:07:17 INFO UpdateUserState: 015265867818,1
2017-04-05 15:07:29 INFO AddIdentifyResult: 29686,015265867818,-1,
2017-04-05 15:07:36 INFO AddIdentifyResult: 29686,015265867818,-3,
2017-04-05 15:08:27 INFO AddIdentifyResult: 29686,015265867818,0,ver/04/05/150950_015265867818.wav
2017-04-05 15:11:03 INFO AddIdentifyResult: 29687,013287303511,-1,
2017-04-05 15:11:10 INFO AddIdentifyResult: 29687,013287303511,-3,
2017-04-05 15:13:01 INFO AddIdentifyResult: 29687,013287303511,12,
2017-04-05 15:13:09 INFO AddIdentifyResult: 29687,013287303511,10,reg/013287303511_0405151323|reg/013287303511_0405151323|reg/013287303511_
2017-04-05 15:13:10 INFO UpdateUserState: 013287303511,1
2017-04-05 15:13:13 INFO AddIdentifyResult: 29688,013287303511,-1,
2017-04-05 15:13:17 INFO AddIdentifyResult: 29688,013287303511,-3,
2017-04-05 15:14:10 INFO AddIdentifyResult: 29688,013287303511,0,ver/04/05/151532_013287303511.wav
2017-04-05 15:17:16 INFO AddIdentifyResult: 29689,013012907625,-1,
2017-04-05 15:17:23 INFO AddIdentifyResult: 29689,013012907625,-3,
2017-04-05 15:19:32 INFO AddIdentifyResult: 29689,013012907625,12,
2017-04-05 15:19:40 INFO AddIdentifyResult: 29689,013012907625,10,reg/013012907625_0405151937|reg/013012907625_0405151937|reg/013012907625_
2017-04-05 15:19:40 INFO UpdateUserState: 013012907625,1
2017-04-05 15:19:46 INFO AddIdentifyResult: 29690,013012907625,-1,
2017-04-05 15:19:55 INFO AddIdentifyResult: 29690,013012907625,-3,
2017-04-05 15:20:48 INFO AddIdentifyResult: 29690,013012907625,0,ver/04/05/152210_013012907625.wav
2017-04-05 15:22:29 INFO AddIdentifyResult: 29691,013780792479,-1,
2017-04-05 15:22:37 INFO AddIdentifyResult: 29691,013780792479,-3,
2017-04-05 15:23:10 INFO AddIdentifyResult: 29692,015227050014,-1,
2017-04-05 15:23:18 INFO AddIdentifyResult: 29692,015227050014,-3,
2017-04-05 15:24:19 INFO AddIdentifyResult: 29691,013780792479,12,
2017-04-05 15:24:26 INFO AddIdentifyResult: 29691,013780792479,10,reg/013780792479_0405152451|reg/013780792479_0405152451|reg/013780792479_
2017-04-05 15:24:26 INFO UpdateUserState: 013780792479,1
2017-04-05 15:24:47 INFO AddIdentifyResult: 29693,013780792479,-1,
2017-04-05 15:24:54 INFO AddIdentifyResult: 29693,013780792479,-3,
2017-04-05 15:24:58 INFO AddIdentifyResult: 29692,015227050014,12,
2017-04-05 15:25:05 INFO AddIdentifyResult: 29692,015227050014,10,reg/015227050014_0405152532|reg/015227050014_0405152532|reg/015227050014_
2017-04-05 15:25:06 INFO UpdateUserState: 015227050014,1
2017-04-05 15:25:23 INFO AddIdentifyResult: 29694,015227050014,-1,
2017-04-05 15:25:30 INFO AddIdentifyResult: 29694,015227050014,-3,
2017-04-05 15:25:45 INFO AddIdentifyResult: 29693,013780792479,0,ver/04/05/152708_013780792479.wav
2017-04-05 15:26:23 INFO AddIdentifyResult: 29694,015227050014,0,ver/04/05/152745_015227050014.wav
2017-04-05 15:26:42 INFO AddIdentifyResult: 29695,013287308230,-1,
2017-04-05 15:26:51 INFO AddIdentifyResult: 0,017712335591,1,
2017-04-05 15:26:53 INFO AddIdentifyResult: 29695,013287308230,-3,
2017-04-05 15:28:57 INFO AddIdentifyResult: 29695,013287308230,12,
2017-04-05 15:29:04 INFO AddIdentifyResult: 29695,013287308230,10,reg/013287308230_0405153035|reg/013287308230_0405153035|reg/013287308230_0405152907
2017-04-05 15:29:04 INFO UpdateUserState: 013287308230,1
2017-04-05 15:30:37 INFO AddIdentifyResult: 29697,013006545673,-1,
2017-04-05 15:30:48 INFO AddIdentifyResult: 29697,013006545673,-3,
2017-04-05 15:32:36 INFO AddIdentifyResult: 29697,013006545673,12,
2017-04-05 15:32:44 INFO AddIdentifyResult: 29697,013006545673,10,reg/013006545673_0405153302|reg/013006545673_0405153302|reg/013006545673_
2017-04-05 15:32:44 INFO UpdateUserState: 013006545673,1
2017-04-05 15:33:10 INFO AddIdentifyResult: 29698,013006545673,-1,
2017-04-05 15:33:15 INFO AddIdentifyResult: 29698,013006545673,-3,
2017-04-05 15:33:39 INFO AddIdentifyResult: 29699,013675468029,-1,
2017-04-05 15:33:58 INFO AddIdentifyResult: 29699,013675468029,-3,
2017-04-05 15:34:08 INFO AddIdentifyResult: 29698,013006545673,0,ver/04/05/153530_013006545673.wav
2017-04-05 15:36:05 INFO AddIdentifyResult: 29699,013675468029,12,
2017-04-05 15:36:12 INFO AddIdentifyResult: 29699,013675468029,10,reg/013675468029_0405153750|reg/013675468029_0405153750|reg/013675468029_0405153612
2017-04-05 15:36:13 INFO UpdateUserState: 013675468029,1
2017-04-05 15:37:34 INFO AddIdentifyResult: 29700,013563397323,-1,
2017-04-05 15:37:41 INFO AddIdentifyResult: 29700,013563397323,-3,
2017-04-05 15:39:27 INFO AddIdentifyResult: 29700,013563397323,12,
2017-04-05 15:39:35 INFO AddIdentifyResult: 29701,015054608449,-1,
2017-04-05 15:39:36 INFO AddIdentifyResult: 29700,013563397323,10,reg/013563397323_0405153955|reg/013563397323_0405153955|reg/013563397323_
2017-04-05 15:39:36 INFO UpdateUserState: 013563397323,1
2017-04-05 15:39:40 INFO AddIdentifyResult: 29702,015054608449,-1,
2017-04-05 15:39:49 INFO AddIdentifyResult: 29701,015054608449,-3,
2017-04-05 15:39:55 INFO AddIdentifyResult: 29703,013563397323,-1,
2017-04-05 15:40:02 INFO AddIdentifyResult: 29703,013563397323,-3,
2017-04-05 15:40:55 INFO AddIdentifyResult: 29703,013563397323,0,ver/04/05/154217_013563397323.wav
2017-04-05 15:41:45 INFO AddIdentifyResult: 29701,015054608449,12,
2017-04-05 15:41:54 INFO AddIdentifyResult: 29701,015054608449,10,reg/015054608449_0405154203|reg/015054608449_0405154203|reg/015054608449_
2017-04-05 15:41:54 INFO UpdateUserState: 015054608449,1
2017-04-05 15:43:15 INFO AddIdentifyResult: 29704,015054608449,-1,
2017-04-05 15:43:29 INFO AddIdentifyResult: 29704,015054608449,-3,
2017-04-05 15:43:34 INFO AddIdentifyResult: 29705,013012917012,-1,
2017-04-05 15:43:43 INFO AddIdentifyResult: 29705,013012917012,-3,
2017-04-05 15:44:21 INFO AddIdentifyResult: 29704,015054608449,1,ver/04/05/154543_015054608449.wav
2017-04-05 15:45:10 INFO AddIdentifyResult: 29706,015054608449,-1,
2017-04-05 15:45:16 INFO AddIdentifyResult: 29707,013012916301,-1,
2017-04-05 15:45:21 INFO AddIdentifyResult: 29707,013012916301,-3,
2017-04-05 15:45:31 INFO AddIdentifyResult: 29706,015054608449,-3,
2017-04-05 15:46:05 INFO AddIdentifyResult: 29705,013012917012,12,
2017-04-05 15:46:13 INFO AddIdentifyResult: 29705,013012917012,10,reg/013012917012_0405154557|reg/013012917012_0405154557|reg/013012917012_
2017-04-05 15:46:13 INFO UpdateUserState: 013012917012,1
2017-04-05 15:46:50 INFO AddIdentifyResult: 29708,013012917012,-1,
2017-04-05 15:46:58 INFO AddIdentifyResult: 29708,013012917012,-3,
2017-04-05 15:47:24 INFO AddIdentifyResult: 29707,013012916301,12,
2017-04-05 15:47:34 INFO AddIdentifyResult: 29707,013012916301,10,reg/013012916301_0405154735|reg/013012916301_0405154735|reg/013012916301_
2017-04-05 15:47:34 INFO UpdateUserState: 013012916301,1
2017-04-05 15:47:37 INFO AddIdentifyResult: 29709,013012916301,-1,
2017-04-05 15:47:41 INFO AddIdentifyResult: 29709,013012916301,-3,
2017-04-05 15:47:42 INFO AddIdentifyResult: 29706,015054608449,12,
2017-04-05 15:47:50 INFO AddIdentifyResult: 29708,013012917012,0,ver/04/05/154913_013012917012.wav
2017-04-05 15:47:51 INFO AddIdentifyResult: 29706,015054608449,10,reg/015054608449_0405154745|reg/015054608449_0405154745|reg/015054608449_
2017-04-05 15:47:51 INFO UpdateUserState: 015054608449,1
2017-04-05 15:48:34 INFO AddIdentifyResult: 29709,013012916301,0,ver/04/05/154956_013012916301.wav
2017-04-05 15:49:14 INFO AddIdentifyResult: 29710,013678612558,-1,
2017-04-05 15:49:42 INFO AddIdentifyResult: 29710,013678612558,-3,
2017-04-05 15:50:09 INFO AddIdentifyResult: 29711,015054608449,-1,
2017-04-05 15:50:23 INFO AddIdentifyResult: 29711,015054608449,-3,
2017-04-05 15:51:05 INFO AddIdentifyResult: 29712,015633211798,-1,
2017-04-05 15:51:14 INFO AddIdentifyResult: 29712,015633211798,-3,
2017-04-05 15:51:15 INFO AddIdentifyResult: 29711,015054608449,1,ver/04/05/155237_015054608449.wav
2017-04-05 15:51:51 INFO AddIdentifyResult: 29713,015054608449,-1,
2017-04-05 15:52:20 INFO AddIdentifyResult: 29711,015054608449,0,ver/04/05/155340_015054608449.wav
2017-04-05 15:52:31 INFO AddIdentifyResult: 29710,013678612558,12,
2017-04-05 15:52:39 INFO AddIdentifyResult: 29710,013678612558,10,reg/013678612558_0405155156|reg/013678612558_0405155156|reg/013678612558_
2017-04-05 15:52:39 INFO UpdateUserState: 013678612558,1
2017-04-05 15:52:52 INFO AddIdentifyResult: 29714,013012909351,-1,
2017-04-05 15:52:59 INFO AddIdentifyResult: 29715,013678612558,-1,
2017-04-05 15:53:05 INFO AddIdentifyResult: 29714,013012909351,-3,
2017-04-05 15:53:09 INFO AddIdentifyResult: 29715,013678612558,-3,
2017-04-05 15:53:13 INFO AddIdentifyResult: 29712,015633211798,12,
2017-04-05 15:53:21 INFO AddIdentifyResult: 29712,015633211798,10,reg/015633211798_0405155328|reg/015633211798_0405155328|reg/015633211798_
2017-04-05 15:53:21 INFO UpdateUserState: 015633211798,1
2017-04-05 15:53:44 INFO AddIdentifyResult: 29716,015633211798,-1,
2017-04-05 15:53:52 INFO AddIdentifyResult: 29716,015633211798,-3,
2017-04-05 15:54:01 INFO AddIdentifyResult: 29715,013678612558,0,ver/04/05/155524_013678612558.wav
2017-04-05 15:54:42 INFO AddIdentifyResult: 29714,013012909351,12,
2017-04-05 15:54:43 INFO AddIdentifyResult: 29716,015633211798,0,ver/04/05/155606_015633211798.wav
2017-04-05 15:54:48 INFO AddIdentifyResult: 29714,013012909351,10,reg/013012909351_0405155519|reg/013012909351_0405155519|reg/013012909351_
2017-04-05 15:54:48 INFO UpdateUserState: 013012909351,1
2017-04-05 15:55:04 INFO AddIdentifyResult: 29717,013012909351,-1,
2017-04-05 15:55:15 INFO AddIdentifyResult: 29717,013012909351,-3,
2017-04-05 15:56:07 INFO AddIdentifyResult: 29717,013012909351,0,ver/04/05/155730_013012909351.wav
2017-04-05 16:05:38 INFO AddIdentifyResult: 29718,013012913731,-1,
2017-04-05 16:05:54 INFO AddIdentifyResult: 29718,013012913731,-3,
2017-04-05 16:07:59 INFO AddIdentifyResult: 29718,013012913731,12,
2017-04-05 16:08:07 INFO AddIdentifyResult: 29718,013012913731,10,reg/013012913731_0405160808|reg/013012913731_0405160808|reg/013012913731_
2017-04-05 16:08:07 INFO UpdateUserState: 013012913731,1
2017-04-05 16:08:23 INFO AddIdentifyResult: 29719,013287311531,-1,
2017-04-05 16:08:28 INFO AddIdentifyResult: 29719,013287311531,-3,
2017-04-05 16:09:04 INFO AddIdentifyResult: 29720,013012913731,-1,
2017-04-05 16:09:11 INFO AddIdentifyResult: 29720,013012913731,-3,
2017-04-05 16:10:02 INFO AddIdentifyResult: 29720,013012913731,0,ver/04/05/161125_013012913731.wav
2017-04-05 16:12:06 INFO AddIdentifyResult: 29719,013287311531,11,reg/013287311531_|reg/013287311531_|reg/013287311531_
2017-04-05 16:12:31 INFO AddIdentifyResult: 29721,013287311531,-1,
2017-04-05 16:12:39 INFO AddIdentifyResult: 29721,013287311531,-3,
2017-04-05 16:14:46 INFO AddIdentifyResult: 29721,013287311531,12,
2017-04-05 16:14:54 INFO AddIdentifyResult: 29721,013287311531,10,reg/013287311531_0405161557|reg/013287311531_0405161557|reg/013287311531_0405161453
2017-04-05 16:14:54 INFO UpdateUserState: 013287311531,1
2017-04-05 16:37:43 INFO AddIdentifyResult: 29722,015671142900,-1,
2017-04-05 16:38:00 INFO AddIdentifyResult: 29722,015671142900,-3,
2017-04-05 16:39:56 INFO AddIdentifyResult: 29722,015671142900,12,
2017-04-05 16:40:03 INFO AddIdentifyResult: 29722,015671142900,10,reg/015671142900_0405164144|reg/015671142900_0405164144|reg/015671142900_0405164014
2017-04-05 16:40:03 INFO UpdateUserState: 015671142900,1
