2017-02-08 09:02:57 INFO AddIdentifyResult: 15461,013245460196,-1,
2017-02-08 09:03:21 INFO AddIdentifyResult: 15461,013245460196,-3,
2017-02-08 09:05:12 INFO AddIdentifyResult: 15461,013245460196,12,
2017-02-08 09:05:20 INFO AddIdentifyResult: 15461,013245460196,10,reg/013245460196_0208090654|reg/013245460196_0208090654|reg/013245460196_0208090529
2017-02-08 09:05:20 INFO UpdateUserState: 013245460196,1
2017-02-08 09:05:28 INFO AddIdentifyResult: 15462,013589435101,-1,
2017-02-08 09:06:54 INFO AddIdentifyResult: 15463,013589435101,-1,
2017-02-08 09:07:08 INFO AddIdentifyResult: 15463,013589435101,-3,
2017-02-08 09:08:41 INFO AddIdentifyResult: 15463,013589435101,12,
2017-02-08 09:08:48 INFO AddIdentifyResult: 15463,013589435101,10,reg/013589435101_0208090916|reg/013589435101_0208090916|reg/013589435101_
2017-02-08 09:08:48 INFO UpdateUserState: 013589435101,1
2017-02-08 09:13:12 INFO AddIdentifyResult: 15464,018972930405,-1,
2017-02-08 09:13:25 INFO AddIdentifyResult: 15464,018972930405,-3,
2017-02-08 09:16:05 INFO AddIdentifyResult: 15464,018972930405,12,
2017-02-08 09:16:13 INFO AddIdentifyResult: 15464,018972930405,10,reg/018972930405_0208091724|reg/018972930405_0208091724|reg/018972930405_0208091533
2017-02-08 09:16:13 INFO UpdateUserState: 018972930405,1
2017-02-08 09:16:18 INFO AddIdentifyResult: 15465,018972930405,-1,
2017-02-08 09:16:30 INFO AddIdentifyResult: 15465,018972930405,-3,
2017-02-08 09:17:21 INFO AddIdentifyResult: 15465,018972930405,0,ver/02/08/091838_018972930405.wav
2017-02-08 09:23:35 INFO AddIdentifyResult: 15466,013287328263,-1,
2017-02-08 09:23:43 INFO AddIdentifyResult: 15466,013287328263,-3,
2017-02-08 09:25:48 INFO AddIdentifyResult: 15466,013287328263,12,
2017-02-08 09:25:56 INFO AddIdentifyResult: 15466,013287328263,10,reg/013287328263_0208092550|reg/013287328263_0208092550|reg/013287328263_
2017-02-08 09:25:56 INFO UpdateUserState: 013287328263,1
2017-02-08 09:29:02 INFO AddIdentifyResult: 15467,013245465298,-1,
2017-02-08 09:29:23 INFO AddIdentifyResult: 15467,013245465298,-3,
2017-02-08 09:31:27 INFO AddIdentifyResult: 15467,013245465298,12,
2017-02-08 09:31:32 INFO AddIdentifyResult: 15467,013245465298,10,reg/013245465298_0208093246|reg/013245465298_0208093246|reg/013245465298_0208093131
2017-02-08 09:31:33 INFO UpdateUserState: 013245465298,1
2017-02-08 09:51:22 INFO AddIdentifyResult: 15468,013296476620,-1,
2017-02-08 09:53:46 INFO AddIdentifyResult: 15469,013296476620,-1,
2017-02-08 09:54:14 INFO AddIdentifyResult: 15469,013296476620,-3,
2017-02-08 09:56:41 INFO AddIdentifyResult: 15469,013296476620,12,
2017-02-08 09:56:52 INFO AddIdentifyResult: 15469,013296476620,10,reg/013296476620_0208095622|reg/013296476620_0208095622|reg/013296476620_
2017-02-08 09:56:52 INFO UpdateUserState: 013296476620,1
2017-02-08 09:57:48 INFO AddIdentifyResult: 15470,018366939806,-1,
2017-02-08 09:57:56 INFO AddIdentifyResult: 15470,018366939806,-3,
2017-02-08 09:59:45 INFO AddIdentifyResult: 15470,018366939806,12,
2017-02-08 09:59:53 INFO AddIdentifyResult: 15470,018366939806,10,reg/018366939806_0208100003|reg/018366939806_0208100003|reg/018366939806_
2017-02-08 09:59:54 INFO UpdateUserState: 018366939806,1
2017-02-08 10:04:25 INFO AddIdentifyResult: 15471,015572884095,-1,
2017-02-08 10:04:41 INFO AddIdentifyResult: 15471,015572884095,-3,
2017-02-08 10:06:44 INFO AddIdentifyResult: 15471,015572884095,12,
2017-02-08 10:06:54 INFO AddIdentifyResult: 15471,015572884095,10,reg/015572884095_0208100649|reg/015572884095_0208100649|reg/015572884095_
2017-02-08 10:06:54 INFO UpdateUserState: 015572884095,1
2017-02-08 10:07:00 INFO AddIdentifyResult: 15472,015572884095,-1,
2017-02-08 10:07:14 INFO AddIdentifyResult: 15472,015572884095,-3,
2017-02-08 10:07:58 INFO AddIdentifyResult: 15473,013245460918,-1,
2017-02-08 10:08:06 INFO AddIdentifyResult: 15472,015572884095,0,ver/02/08/100922_015572884095.wav
2017-02-08 10:08:20 INFO AddIdentifyResult: 15473,013245460918,-3,
2017-02-08 10:10:09 INFO AddIdentifyResult: 15473,013245460918,12,
2017-02-08 10:10:17 INFO AddIdentifyResult: 15473,013245460918,10,reg/013245460918_0208101028|reg/013245460918_0208101028|reg/013245460918_
2017-02-08 10:10:18 INFO UpdateUserState: 013245460918,1
2017-02-08 11:16:23 INFO AddIdentifyResult: 15474,015572883786,-1,
2017-02-08 11:16:32 INFO AddIdentifyResult: 15474,015572883786,-3,
2017-02-08 11:18:45 INFO AddIdentifyResult: 15474,015572883786,12,
2017-02-08 11:18:53 INFO AddIdentifyResult: 15474,015572883786,10,reg/015572883786_0208111840|reg/015572883786_0208111840|reg/015572883786_
2017-02-08 11:18:54 INFO UpdateUserState: 015572883786,1
2017-02-08 11:18:55 INFO AddIdentifyResult: 15475,015572883786,-1,
2017-02-08 11:19:08 INFO AddIdentifyResult: 15475,015572883786,-3,
2017-02-08 11:20:00 INFO AddIdentifyResult: 15475,015572883786,0,ver/02/08/112117_015572883786.wav
2017-02-08 14:14:40 INFO AddIdentifyResult: 15476,018107253752,-1,
2017-02-08 14:14:52 INFO AddIdentifyResult: 15476,018107253752,-3,
2017-02-08 14:16:40 INFO AddIdentifyResult: 15476,018107253752,12,
2017-02-08 14:16:48 INFO AddIdentifyResult: 15476,018107253752,10,reg/018107253752_0208141700|reg/018107253752_0208141700|reg/018107253752_
2017-02-08 14:16:49 INFO UpdateUserState: 018107253752,1
2017-02-08 14:16:55 INFO AddIdentifyResult: 15477,018107253752,-1,
2017-02-08 14:17:10 INFO AddIdentifyResult: 15477,018107253752,-3,
2017-02-08 14:18:02 INFO AddIdentifyResult: 15477,018107253752,0,ver/02/08/141919_018107253752.wav
2017-02-08 14:28:32 INFO AddIdentifyResult: 15478,018107253087,-1,
2017-02-08 14:30:30 INFO AddIdentifyResult: 15479,018107253087,-1,
2017-02-08 14:30:47 INFO AddIdentifyResult: 15479,018107253087,-3,
2017-02-08 14:32:40 INFO AddIdentifyResult: 15479,018107253087,12,
2017-02-08 14:32:46 INFO AddIdentifyResult: 15479,018107253087,10,reg/018107253087_0208143256|reg/018107253087_0208143256|reg/018107253087_
2017-02-08 14:32:46 INFO UpdateUserState: 018107253087,1
2017-02-08 14:33:38 INFO AddIdentifyResult: 15480,018107253087,-1,
2017-02-08 14:33:51 INFO AddIdentifyResult: 15480,018107253087,-3,
2017-02-08 14:34:40 INFO AddIdentifyResult: 15480,018107253087,0,ver/02/08/143601_018107253087.wav
2017-02-08 14:41:18 INFO AddIdentifyResult: 15481,018107251637,-1,
2017-02-08 14:45:19 INFO AddIdentifyResult: 15482,018107251637,-1,
2017-02-08 14:48:08 INFO AddIdentifyResult: 15483,018107251637,-1,
2017-02-08 14:48:22 INFO AddIdentifyResult: 15483,018107251637,-3,
2017-02-08 14:51:41 INFO AddIdentifyResult: 15483,018107251637,12,
2017-02-08 14:51:52 INFO AddIdentifyResult: 15483,018107251637,10,reg/018107251637_0208145031|reg/018107251637_0208145031|reg/018107251637_
2017-02-08 14:51:52 INFO UpdateUserState: 018107251637,1
2017-02-08 14:52:02 INFO AddIdentifyResult: 15484,018107251637,-1,
2017-02-08 14:52:14 INFO AddIdentifyResult: 15484,018107251637,-3,
2017-02-08 14:53:07 INFO AddIdentifyResult: 15484,018107251637,0,ver/02/08/145424_018107251637.wav
2017-02-08 14:55:02 INFO AddIdentifyResult: 15485,015572881532,-1,
2017-02-08 14:55:12 INFO AddIdentifyResult: 15485,015572881532,-3,
2017-02-08 14:56:55 INFO AddIdentifyResult: 15485,015572881532,12,
2017-02-08 14:57:03 INFO AddIdentifyResult: 15485,015572881532,10,reg/015572881532_0208145721|reg/015572881532_0208145721|reg/015572881532_
2017-02-08 14:57:03 INFO UpdateUserState: 015572881532,1
2017-02-08 14:57:25 INFO AddIdentifyResult: 15486,015572881532,-1,
2017-02-08 14:57:35 INFO AddIdentifyResult: 15486,015572881532,-3,
2017-02-08 14:58:27 INFO AddIdentifyResult: 15486,015572881532,0,ver/02/08/145944_015572881532.wav
2017-02-08 15:26:14 INFO AddIdentifyResult: 15487,013287332581,-1,
2017-02-08 15:26:23 INFO AddIdentifyResult: 15487,013287332581,-3,
2017-02-08 15:28:00 INFO AddIdentifyResult: 15487,013287332581,12,
2017-02-08 15:28:08 INFO AddIdentifyResult: 15487,013287332581,10,reg/013287332581_0208152832|reg/013287332581_0208152832|reg/013287332581_
2017-02-08 15:28:08 INFO UpdateUserState: 013287332581,1
2017-02-08 18:26:10 INFO AddIdentifyResult: 0,15335761169,1,
2017-02-08 18:36:27 INFO AddIdentifyResult: 0,15335761169,1,
