2017-02-24 08:14:13 INFO AddIdentifyResult: 18504,015697238107,-1,
2017-02-24 08:14:43 INFO AddIdentifyResult: 18505,015697238107,-1,
2017-02-24 08:15:20 INFO AddIdentifyResult: 18506,015697238107,-1,
2017-02-24 08:16:17 INFO AddIdentifyResult: 18507,015697238107,-1,
2017-02-24 08:16:52 INFO AddIdentifyResult: 18508,015697238107,-1,
2017-02-24 08:18:12 INFO AddIdentifyResult: 18509,015697238107,-1,
2017-02-24 08:18:57 INFO AddIdentifyResult: 18510,015697238107,-1,
2017-02-24 08:19:26 INFO AddIdentifyResult: 18511,015988901700,-1,
2017-02-24 08:29:20 INFO AddIdentifyResult: 18512,015697231760,-1,
2017-02-24 08:30:10 INFO AddIdentifyResult: 18513,015697231760,-1,
2017-02-24 08:30:41 INFO AddIdentifyResult: 18514,015697231760,-1,
2017-02-24 08:31:54 INFO AddIdentifyResult: 18515,015697231760,-1,
2017-02-24 08:39:13 INFO AddIdentifyResult: 0,015671775320,1,ver/02/24/084040_015671775320.wav
2017-02-24 08:55:05 INFO AddIdentifyResult: 18517,013245462712,-1,
2017-02-24 08:55:22 INFO AddIdentifyResult: 18517,013245462712,-3,
2017-02-24 08:57:05 INFO AddIdentifyResult: 18517,013245462712,11,reg/013245462712_|reg/013245462712_|reg/013245462712_
2017-02-24 08:57:21 INFO AddIdentifyResult: 18518,013245462712,-1,
2017-02-24 08:57:28 INFO AddIdentifyResult: 18518,013245462712,-3,
2017-02-24 08:59:03 INFO AddIdentifyResult: 18518,013245462712,12,
2017-02-24 08:59:10 INFO AddIdentifyResult: 18518,013245462712,10,reg/013245462712_0224085946|reg/013245462712_0224085946|reg/013245462712_
2017-02-24 08:59:10 INFO UpdateUserState: 013245462712,1
2017-02-24 09:00:24 INFO AddIdentifyResult: 18519,015697238107,-1,
2017-02-24 09:00:34 INFO AddIdentifyResult: 18519,015697238107,-3,
2017-02-24 09:00:43 INFO AddIdentifyResult: 18520,013245460513,-1,
2017-02-24 09:00:54 INFO AddIdentifyResult: 18520,013245460513,-3,
2017-02-24 09:02:15 INFO AddIdentifyResult: 18519,015697238107,12,
2017-02-24 09:02:21 INFO AddIdentifyResult: 18519,015697238107,10,reg/015697238107_0224090252|reg/015697238107_0224090252|reg/015697238107_
2017-02-24 09:02:21 INFO UpdateUserState: 015697238107,1
2017-02-24 09:02:33 INFO AddIdentifyResult: 18521,015697238107,-1,
2017-02-24 09:02:42 INFO AddIdentifyResult: 18521,015697238107,-3,
2017-02-24 09:02:51 INFO AddIdentifyResult: 18520,013245460513,12,
2017-02-24 09:02:59 INFO AddIdentifyResult: 18520,013245460513,10,reg/013245460513_0224090312|reg/013245460513_0224090312|reg/013245460513_
2017-02-24 09:02:59 INFO UpdateUserState: 013245460513,1
2017-02-24 09:03:34 INFO AddIdentifyResult: 18521,015697238107,0,ver/02/24/090501_015697238107.wav
2017-02-24 09:04:19 INFO AddIdentifyResult: 18522,013287325375,-1,
2017-02-24 09:04:28 INFO AddIdentifyResult: 18522,013287325375,-3,
2017-02-24 09:06:25 INFO AddIdentifyResult: 18522,013287325375,12,
2017-02-24 09:06:32 INFO AddIdentifyResult: 18522,013287325375,10,reg/013287325375_0224090646|reg/013287325375_0224090646|reg/013287325375_
2017-02-24 09:06:32 INFO UpdateUserState: 013287325375,1
2017-02-24 09:06:52 INFO AddIdentifyResult: 18523,013287325375,-1,
2017-02-24 09:07:00 INFO AddIdentifyResult: 18523,013287325375,-3,
2017-02-24 09:07:51 INFO AddIdentifyResult: 18523,013287325375,0,ver/02/24/090918_013287325375.wav
2017-02-24 09:16:57 INFO AddIdentifyResult: 18524,015572883510,-1,
2017-02-24 09:17:08 INFO AddIdentifyResult: 18524,015572883510,-3,
2017-02-24 09:18:37 INFO AddIdentifyResult: 18524,015572883510,12,
2017-02-24 09:18:44 INFO AddIdentifyResult: 18524,015572883510,10,reg/015572883510_0224091926|reg/015572883510_0224091926|reg/015572883510_
2017-02-24 09:18:44 INFO UpdateUserState: 015572883510,1
2017-02-24 09:18:52 INFO AddIdentifyResult: 18525,015572883510,-1,
2017-02-24 09:18:59 INFO AddIdentifyResult: 18525,015572883510,-3,
2017-02-24 09:19:52 INFO AddIdentifyResult: 18525,015572883510,0,ver/02/24/092118_015572883510.wav
2017-02-24 09:20:15 INFO AddIdentifyResult: 18526,015629709975,-1,
2017-02-24 09:20:26 INFO AddIdentifyResult: 18527,015629709975,-1,
2017-02-24 09:20:38 INFO AddIdentifyResult: 18527,015629709975,-3,
2017-02-24 09:22:50 INFO AddIdentifyResult: 18527,015629709975,12,
2017-02-24 09:22:56 INFO AddIdentifyResult: 18527,015629709975,10,reg/015629709975_0224092447|reg/015629709975_0224092447|reg/015629709975_0224092256
2017-02-24 09:22:57 INFO UpdateUserState: 015629709975,1
2017-02-24 09:24:22 INFO AddIdentifyResult: 18528,015629709975,-1,
2017-02-24 09:24:29 INFO AddIdentifyResult: 18528,015629709975,-3,
2017-02-24 09:25:21 INFO AddIdentifyResult: 18528,015629709975,1,ver/02/24/092647_015629709975.wav
2017-02-24 09:26:26 INFO AddIdentifyResult: 18529,015629709975,-1,
2017-02-24 09:26:35 INFO AddIdentifyResult: 18529,015629709975,-3,
2017-02-24 09:28:09 INFO AddIdentifyResult: 18529,015629709975,12,
2017-02-24 09:28:15 INFO AddIdentifyResult: 18529,015629709975,10,reg/015629709975_0224092853|reg/015629709975_0224092853|reg/015629709975_
2017-02-24 09:28:16 INFO UpdateUserState: 015629709975,1
2017-02-24 09:28:38 INFO AddIdentifyResult: 18530,015629709975,-1,
2017-02-24 09:28:45 INFO AddIdentifyResult: 18530,015629709975,-3,
2017-02-24 09:29:38 INFO AddIdentifyResult: 18530,015629709975,0,ver/02/24/093104_015629709975.wav
2017-02-24 09:34:31 INFO AddIdentifyResult: 18531,015697231760,-1,
2017-02-24 09:34:39 INFO AddIdentifyResult: 18531,015697231760,-3,
2017-02-24 09:36:18 INFO AddIdentifyResult: 18531,015697231760,12,
2017-02-24 09:36:25 INFO AddIdentifyResult: 18531,015697231760,10,reg/015697231760_0224093657|reg/015697231760_0224093657|reg/015697231760_
2017-02-24 09:36:25 INFO UpdateUserState: 015697231760,1
2017-02-24 09:37:12 INFO AddIdentifyResult: 18532,015697231760,-1,
2017-02-24 09:37:20 INFO AddIdentifyResult: 18532,015697231760,-3,
2017-02-24 09:38:12 INFO AddIdentifyResult: 18532,015697231760,0,ver/02/24/093938_015697231760.wav
2017-02-24 09:45:26 INFO AddIdentifyResult: 18533,18972675023,-1,
2017-02-24 09:45:34 INFO AddIdentifyResult: 18533,18972675023,-3,
2017-02-24 09:47:05 INFO AddIdentifyResult: 18533,18972675023,12,
2017-02-24 09:47:06 INFO AddIdentifyResult: 18534,013180236827,-1,
2017-02-24 09:47:11 INFO AddIdentifyResult: 18534,013180236827,-3,
2017-02-24 09:47:12 INFO AddIdentifyResult: 18533,18972675023,10,reg/18972675023_0224094752|reg/18972675023_0224094752|reg/18972675023_
2017-02-24 09:47:12 INFO UpdateUserState: 18972675023,1
2017-02-24 09:48:41 INFO AddIdentifyResult: 18534,013180236827,12,
2017-02-24 09:48:49 INFO AddIdentifyResult: 18534,013180236827,10,reg/013180236827_0224094929|reg/013180236827_0224094929|reg/013180236827_
2017-02-24 09:48:49 INFO UpdateUserState: 013180236827,1
2017-02-24 09:48:54 INFO AddIdentifyResult: 18535,013180236827,-1,
2017-02-24 09:48:57 INFO AddIdentifyResult: 18535,013180236827,-3,
2017-02-24 09:49:06 INFO AddIdentifyResult: 18535,013180236827,1,
2017-02-24 09:49:14 INFO AddIdentifyResult: 18536,013180236827,-1,
2017-02-24 09:49:21 INFO AddIdentifyResult: 18536,013180236827,-3,
2017-02-24 09:49:28 INFO AddIdentifyResult: 0,18972675023,0,ver/02/24/095054_18972675023.wav
2017-02-24 09:50:13 INFO AddIdentifyResult: 18536,013180236827,0,ver/02/24/095139_013180236827.wav
2017-02-24 09:50:29 INFO AddIdentifyResult: 18538,018331264566,-1,
2017-02-24 09:50:46 INFO AddIdentifyResult: 18538,018331264566,-3,
2017-02-24 09:52:33 INFO AddIdentifyResult: 18538,018331264566,12,
2017-02-24 09:52:41 INFO AddIdentifyResult: 18538,018331264566,10,reg/018331264566_0224095304|reg/018331264566_0224095304|reg/018331264566_
2017-02-24 09:52:41 INFO UpdateUserState: 018331264566,1
2017-02-24 09:52:42 INFO AddIdentifyResult: 18539,018331264566,-1,
2017-02-24 09:52:58 INFO AddIdentifyResult: 18539,018331264566,-3,
2017-02-24 09:53:51 INFO AddIdentifyResult: 18539,018331264566,0,ver/02/24/095517_018331264566.wav
2017-02-24 09:56:50 INFO AddIdentifyResult: 18540,013230290963,-1,
2017-02-24 09:56:56 INFO AddIdentifyResult: 18540,013230290963,-3,
2017-02-24 09:58:42 INFO AddIdentifyResult: 18540,013230290963,12,
2017-02-24 09:58:50 INFO AddIdentifyResult: 18540,013230290963,10,reg/013230290963_0224095914|reg/013230290963_0224095914|reg/013230290963_
2017-02-24 09:58:50 INFO UpdateUserState: 013230290963,1
2017-02-24 09:58:52 INFO AddIdentifyResult: 18541,013230290963,-1,
2017-02-24 09:59:04 INFO AddIdentifyResult: 18541,013230290963,-3,
2017-02-24 09:59:57 INFO AddIdentifyResult: 18541,013230290963,0,ver/02/24/100123_013230290963.wav
2017-02-24 10:02:18 INFO AddIdentifyResult: 18542,013245262657,-1,
2017-02-24 10:03:07 INFO AddIdentifyResult: 18543,013245262657,-1,
2017-02-24 10:03:54 INFO AddIdentifyResult: 18544,013245462657,-1,
2017-02-24 10:04:05 INFO AddIdentifyResult: 18544,013245462657,-3,
2017-02-24 10:04:39 INFO AddIdentifyResult: 18545,015130244137,-1,
2017-02-24 10:04:51 INFO AddIdentifyResult: 18545,015130244137,-3,
2017-02-24 10:06:19 INFO AddIdentifyResult: 18544,013245462657,12,
2017-02-24 10:06:27 INFO AddIdentifyResult: 18544,013245462657,10,reg/013245462657_0224100623|reg/013245462657_0224100623|reg/013245462657_
2017-02-24 10:06:27 INFO UpdateUserState: 013245462657,1
2017-02-24 10:06:28 INFO AddIdentifyResult: 18545,015130244137,12,
2017-02-24 10:06:36 INFO AddIdentifyResult: 18545,015130244137,10,reg/015130244137_0224100709|reg/015130244137_0224100709|reg/015130244137_
2017-02-24 10:06:36 INFO UpdateUserState: 015130244137,1
2017-02-24 10:06:40 INFO AddIdentifyResult: 18546,015130244137,-1,
2017-02-24 10:06:47 INFO AddIdentifyResult: 18546,015130244137,-3,
2017-02-24 10:07:39 INFO AddIdentifyResult: 18546,015130244137,0,ver/02/24/100905_015130244137.wav
2017-02-24 10:07:55 INFO AddIdentifyResult: 18547,013191675903,-1,
2017-02-24 10:08:03 INFO AddIdentifyResult: 18547,013191675903,-3,
2017-02-24 10:08:19 INFO AddIdentifyResult: 18548,013245463275,-1,
2017-02-24 10:08:24 INFO AddIdentifyResult: 18548,013245463275,-3,
2017-02-24 10:09:41 INFO AddIdentifyResult: 18547,013191675903,12,
2017-02-24 10:09:49 INFO AddIdentifyResult: 18547,013191675903,10,reg/013191675903_0224101021|reg/013191675903_0224101021|reg/013191675903_
2017-02-24 10:09:49 INFO UpdateUserState: 013191675903,1
2017-02-24 10:09:49 INFO AddIdentifyResult: 18549,013191675903,-1,
2017-02-24 10:09:57 INFO AddIdentifyResult: 18549,013191675903,-3,
2017-02-24 10:10:16 INFO AddIdentifyResult: 18548,013245463275,12,
2017-02-24 10:10:24 INFO AddIdentifyResult: 18548,013245463275,10,reg/013245463275_0224101042|reg/013245463275_0224101042|reg/013245463275_
2017-02-24 10:10:24 INFO UpdateUserState: 013245463275,1
2017-02-24 10:10:50 INFO AddIdentifyResult: 18549,013191675903,0,ver/02/24/101216_013191675903.wav
2017-02-24 10:11:54 INFO AddIdentifyResult: 18550,013021877317,-1,
2017-02-24 10:12:04 INFO AddIdentifyResult: 18550,013021877317,-3,
2017-02-24 10:12:48 INFO AddIdentifyResult: 18551,013171921931,-1,
2017-02-24 10:13:01 INFO AddIdentifyResult: 18551,013171921931,-3,
2017-02-24 10:14:04 INFO AddIdentifyResult: 18550,013021877317,12,
2017-02-24 10:14:12 INFO AddIdentifyResult: 18550,013021877317,10,reg/013021877317_0224101422|reg/013021877317_0224101422|reg/013021877317_
2017-02-24 10:14:12 INFO UpdateUserState: 013021877317,1
2017-02-24 10:14:14 INFO AddIdentifyResult: 18552,013021877317,-1,
2017-02-24 10:14:22 INFO AddIdentifyResult: 18552,013021877317,-3,
2017-02-24 10:15:00 INFO AddIdentifyResult: 18551,013171921931,12,
2017-02-24 10:15:09 INFO AddIdentifyResult: 18551,013171921931,10,reg/013171921931_0224101519|reg/013171921931_0224101519|reg/013171921931_
2017-02-24 10:15:09 INFO UpdateUserState: 013171921931,1
2017-02-24 10:15:11 INFO AddIdentifyResult: 18553,013171921931,-1,
2017-02-24 10:15:15 INFO AddIdentifyResult: 18552,013021877317,0,ver/02/24/101641_013021877317.wav
2017-02-24 10:15:22 INFO AddIdentifyResult: 18553,013171921931,-3,
2017-02-24 10:16:14 INFO AddIdentifyResult: 18553,013171921931,0,ver/02/24/101740_013171921931.wav
2017-02-24 10:16:25 INFO AddIdentifyResult: 18554,018266630373,-1,
2017-02-24 10:16:32 INFO AddIdentifyResult: 18554,018266630373,-3,
2017-02-24 10:16:45 INFO AddIdentifyResult: 18555,013231218013,-1,
2017-02-24 10:16:52 INFO AddIdentifyResult: 18555,013231218013,-3,
2017-02-24 10:18:29 INFO AddIdentifyResult: 18554,018266630373,12,
2017-02-24 10:18:36 INFO AddIdentifyResult: 18554,018266630373,10,reg/018266630373_0224102019|reg/018266630373_0224102019|reg/018266630373_0224101850
2017-02-24 10:18:36 INFO UpdateUserState: 018266630373,1
2017-02-24 10:18:44 INFO AddIdentifyResult: 18555,013231218013,12,
2017-02-24 10:18:52 INFO AddIdentifyResult: 18555,013231218013,10,reg/013231218013_0224101910|reg/013231218013_0224101910|reg/013231218013_
2017-02-24 10:18:52 INFO UpdateUserState: 013231218013,1
2017-02-24 10:18:54 INFO AddIdentifyResult: 18556,013231218013,-1,
2017-02-24 10:19:00 INFO AddIdentifyResult: 18556,013231218013,-3,
2017-02-24 10:19:53 INFO AddIdentifyResult: 18556,013231218013,0,ver/02/24/102119_013231218013.wav
2017-02-24 10:21:40 INFO AddIdentifyResult: 18557,013292933025,-1,
2017-02-24 10:21:46 INFO AddIdentifyResult: 18557,013292933025,-3,
2017-02-24 10:22:25 INFO AddIdentifyResult: 18558,013287330231,-1,
2017-02-24 10:22:35 INFO AddIdentifyResult: 18558,013287330231,-3,
2017-02-24 10:23:02 INFO AddIdentifyResult: 18559,013287330231,-1,
2017-02-24 10:23:33 INFO AddIdentifyResult: 18558,013287330231,11,reg/013287330231_|reg/013287330231_|reg/013287330231_
2017-02-24 10:23:34 INFO AddIdentifyResult: 18557,013292933025,12,
2017-02-24 10:23:41 INFO AddIdentifyResult: 18557,013292933025,10,reg/013292933025_0224102405|reg/013292933025_0224102405|reg/013292933025_
2017-02-24 10:23:41 INFO UpdateUserState: 013292933025,1
2017-02-24 10:23:42 INFO AddIdentifyResult: 18560,013287330231,-1,
2017-02-24 10:23:48 INFO AddIdentifyResult: 18560,013287330231,-3,
2017-02-24 10:23:50 INFO AddIdentifyResult: 18561,013292933025,-1,
2017-02-24 10:23:57 INFO AddIdentifyResult: 18561,013292933025,-3,
2017-02-24 10:24:49 INFO AddIdentifyResult: 18561,013292933025,0,ver/02/24/102615_013292933025.wav
2017-02-24 10:25:41 INFO AddIdentifyResult: 18560,013287330231,12,
2017-02-24 10:25:49 INFO AddIdentifyResult: 18560,013287330231,10,reg/013287330231_0224102607|reg/013287330231_0224102607|reg/013287330231_
2017-02-24 10:25:49 INFO UpdateUserState: 013287330231,1
2017-02-24 10:27:00 INFO AddIdentifyResult: 18562,015930207676,-1,
2017-02-24 10:27:11 INFO AddIdentifyResult: 18562,015930207676,-3,
2017-02-24 10:28:40 INFO AddIdentifyResult: 18562,015930207676,12,
2017-02-24 10:28:47 INFO AddIdentifyResult: 18562,015930207676,10,reg/015930207676_0224102930|reg/015930207676_0224102930|reg/015930207676_
2017-02-24 10:28:47 INFO UpdateUserState: 015930207676,1
2017-02-24 10:28:50 INFO AddIdentifyResult: 18563,015930207676,-1,
2017-02-24 10:28:57 INFO AddIdentifyResult: 18563,015930207676,-3,
2017-02-24 10:29:50 INFO AddIdentifyResult: 18563,015930207676,0,ver/02/24/103116_015930207676.wav
2017-02-24 10:31:02 INFO AddIdentifyResult: 18564,013082395033,-1,
2017-02-24 10:31:10 INFO AddIdentifyResult: 18564,013082395033,-3,
2017-02-24 10:32:49 INFO AddIdentifyResult: 18564,013082395033,12,
2017-02-24 10:32:55 INFO AddIdentifyResult: 18564,013082395033,10,reg/013082395033_0224103328|reg/013082395033_0224103328|reg/013082395033_
2017-02-24 10:32:55 INFO UpdateUserState: 013082395033,1
2017-02-24 10:32:58 INFO AddIdentifyResult: 18565,013082395033,-1,
2017-02-24 10:33:06 INFO AddIdentifyResult: 18565,013082395033,-3,
2017-02-24 10:33:25 INFO AddIdentifyResult: 18566,015572883878,-1,
2017-02-24 10:33:38 INFO AddIdentifyResult: 18566,015572883878,-3,
2017-02-24 10:33:59 INFO AddIdentifyResult: 18565,013082395033,0,ver/02/24/103525_013082395033.wav
2017-02-24 10:35:42 INFO AddIdentifyResult: 18566,015572883878,12,
2017-02-24 10:35:49 INFO AddIdentifyResult: 18566,015572883878,10,reg/015572883878_0224103738|reg/015572883878_0224103738|reg/015572883878_0224103556
2017-02-24 10:35:49 INFO UpdateUserState: 015572883878,1
2017-02-24 10:36:37 INFO AddIdentifyResult: 18567,015572883878,-1,
2017-02-24 10:36:39 INFO AddIdentifyResult: 18568,013292978270,-1,
2017-02-24 10:36:50 INFO AddIdentifyResult: 18568,013292978270,-3,
2017-02-24 10:36:51 INFO AddIdentifyResult: 18567,015572883878,-3,
2017-02-24 10:37:43 INFO AddIdentifyResult: 18567,015572883878,0,ver/02/24/103910_015572883878.wav
2017-02-24 10:38:31 INFO AddIdentifyResult: 18568,013292978270,12,
2017-02-24 10:38:38 INFO AddIdentifyResult: 18568,013292978270,10,reg/013292978270_0224103909|reg/013292978270_0224103909|reg/013292978270_
2017-02-24 10:38:38 INFO UpdateUserState: 013292978270,1
2017-02-24 10:38:44 INFO AddIdentifyResult: 18569,013292978270,-1,
2017-02-24 10:38:53 INFO AddIdentifyResult: 18569,013292978270,-3,
2017-02-24 10:39:46 INFO AddIdentifyResult: 18569,013292978270,0,ver/02/24/104112_013292978270.wav
2017-02-24 10:44:10 INFO AddIdentifyResult: 18570,015930205684,-1,
2017-02-24 10:44:18 INFO AddIdentifyResult: 18570,015930205684,-3,
2017-02-24 10:45:57 INFO AddIdentifyResult: 18571,013296479070,-1,
2017-02-24 10:45:58 INFO AddIdentifyResult: 18570,015930205684,12,
2017-02-24 10:46:04 INFO AddIdentifyResult: 18571,013296479070,-3,
2017-02-24 10:46:05 INFO AddIdentifyResult: 18570,015930205684,10,reg/015930205684_0224104636|reg/015930205684_0224104636|reg/015930205684_
2017-02-24 10:46:05 INFO UpdateUserState: 015930205684,1
2017-02-24 10:46:07 INFO AddIdentifyResult: 18572,015930205684,-1,
2017-02-24 10:46:15 INFO AddIdentifyResult: 18572,015930205684,-3,
2017-02-24 10:47:08 INFO AddIdentifyResult: 18572,015930205684,0,ver/02/24/104834_015930205684.wav
2017-02-24 10:47:42 INFO AddIdentifyResult: 18573,013091237513,-1,
2017-02-24 10:47:49 INFO AddIdentifyResult: 18573,013091237513,-3,
2017-02-24 10:48:08 INFO AddIdentifyResult: 18571,013296479070,12,
2017-02-24 10:48:14 INFO AddIdentifyResult: 18571,013296479070,10,reg/013296479070_0224104958|reg/013296479070_0224104958|reg/013296479070_0224104822
2017-02-24 10:48:15 INFO UpdateUserState: 013296479070,1
2017-02-24 10:50:09 INFO AddIdentifyResult: 18573,013091237513,12,
2017-02-24 10:50:18 INFO AddIdentifyResult: 18573,013091237513,10,reg/013091237513_0224105007|reg/013091237513_0224105007|reg/013091237513_
2017-02-24 10:50:18 INFO UpdateUserState: 013091237513,1
2017-02-24 10:50:24 INFO AddIdentifyResult: 18574,013091237513,-1,
2017-02-24 10:50:31 INFO AddIdentifyResult: 18574,013091237513,-3,
2017-02-24 10:51:24 INFO AddIdentifyResult: 18574,013091237513,1,ver/02/24/105250_013091237513.wav
2017-02-24 10:51:36 INFO AddIdentifyResult: 18575,013091237513,-1,
2017-02-24 10:51:44 INFO AddIdentifyResult: 18575,013091237513,-3,
2017-02-24 10:52:37 INFO AddIdentifyResult: 18575,013091237513,0,ver/02/24/105403_013091237513.wav
2017-02-24 10:54:50 INFO AddIdentifyResult: 18576,015572883605,-1,
2017-02-24 10:55:00 INFO AddIdentifyResult: 18576,015572883605,-3,
2017-02-24 10:56:19 INFO AddIdentifyResult: 18576,015572883605,11,reg/015572883605_|reg/015572883605_|reg/015572883605_
2017-02-24 10:56:31 INFO AddIdentifyResult: 18577,015572883605,-1,
2017-02-24 10:56:41 INFO AddIdentifyResult: 18578,015572883605,-1,
2017-02-24 10:56:48 INFO AddIdentifyResult: 18578,015572883605,-3,
2017-02-24 10:58:45 INFO AddIdentifyResult: 18578,015572883605,12,
2017-02-24 10:58:52 INFO AddIdentifyResult: 18578,015572883605,10,reg/015572883605_0224105907|reg/015572883605_0224105907|reg/015572883605_
2017-02-24 10:58:52 INFO UpdateUserState: 015572883605,1
2017-02-24 10:59:11 INFO AddIdentifyResult: 18579,015572883605,-1,
2017-02-24 10:59:22 INFO AddIdentifyResult: 18579,015572883605,-3,
2017-02-24 11:00:14 INFO AddIdentifyResult: 18579,015572883605,0,ver/02/24/110141_015572883605.wav
2017-02-24 11:00:15 INFO AddIdentifyResult: 18580,015633750563,-1,
2017-02-24 11:00:29 INFO AddIdentifyResult: 18580,015633750563,-3,
2017-02-24 11:00:30 INFO AddIdentifyResult: 18581,015572883605,-1,
2017-02-24 11:00:46 INFO AddIdentifyResult: 18581,015572883605,-3,
2017-02-24 11:00:54 INFO AddIdentifyResult: 18581,015572883605,1,
2017-02-24 11:03:27 INFO AddIdentifyResult: 18580,015633750563,12,
2017-02-24 11:03:35 INFO AddIdentifyResult: 18580,015633750563,10,reg/015633750563_0224110442|reg/015633750563_0224110442|reg/015633750563_0224110247
2017-02-24 11:03:35 INFO UpdateUserState: 015633750563,1
2017-02-24 11:05:01 INFO AddIdentifyResult: 18582,015633750563,-1,
2017-02-24 11:05:08 INFO AddIdentifyResult: 18582,015633750563,-3,
2017-02-24 11:06:00 INFO AddIdentifyResult: 18582,015633750563,0,ver/02/24/110727_015633750563.wav
2017-02-24 11:06:43 INFO AddIdentifyResult: 18583,013223207905,-1,
2017-02-24 11:07:14 INFO AddIdentifyResult: 18583,013223207905,-3,
2017-02-24 11:09:45 INFO AddIdentifyResult: 18583,013223207905,12,
2017-02-24 11:09:52 INFO AddIdentifyResult: 18583,013223207905,10,reg/013223207905_0224111125|reg/013223207905_0224111125|reg/013223207905_0224110932
2017-02-24 11:09:53 INFO UpdateUserState: 013223207905,1
2017-02-24 11:10:06 INFO AddIdentifyResult: 18584,013223207905,-1,
2017-02-24 11:10:11 INFO AddIdentifyResult: 18584,013223207905,-3,
2017-02-24 11:11:03 INFO AddIdentifyResult: 18584,013223207905,0,ver/02/24/111230_013223207905.wav
2017-02-24 11:14:23 INFO AddIdentifyResult: 18585,015930275016,-1,
2017-02-24 11:14:35 INFO AddIdentifyResult: 18585,015930275016,-3,
2017-02-24 11:14:49 INFO AddIdentifyResult: 18585,015930275016,11,reg/015930275016_|reg/015930275016_|reg/015930275016_
2017-02-24 11:14:52 INFO AddIdentifyResult: 18586,015930275016,-1,
2017-02-24 11:16:13 INFO AddIdentifyResult: 18587,013245460801,-1,
2017-02-24 11:16:23 INFO AddIdentifyResult: 18588,015932075016,-1,
2017-02-24 11:16:41 INFO AddIdentifyResult: 18588,015932075016,-3,
2017-02-24 11:16:47 INFO AddIdentifyResult: 18589,013245460801,-1,
2017-02-24 11:17:38 INFO AddIdentifyResult: 18590,015629906057,-1,
2017-02-24 11:17:48 INFO AddIdentifyResult: 18590,015629906057,-3,
2017-02-24 11:18:01 INFO AddIdentifyResult: 18591,013245460801,-1,
2017-02-24 11:18:30 INFO AddIdentifyResult: 18588,015932075016,12,
2017-02-24 11:18:37 INFO AddIdentifyResult: 18588,015932075016,10,reg/015932075016_0224112025|reg/015932075016_0224112025|reg/015932075016_0224111859
2017-02-24 11:18:37 INFO UpdateUserState: 015932075016,1
2017-02-24 11:18:47 INFO AddIdentifyResult: 18592,015932075016,-1,
2017-02-24 11:18:56 INFO AddIdentifyResult: 18592,015932075016,-3,
2017-02-24 11:19:28 INFO AddIdentifyResult: 18590,015629906057,12,
2017-02-24 11:19:35 INFO AddIdentifyResult: 18590,015629906057,10,reg/015629906057_0224112007|reg/015629906057_0224112007|reg/015629906057_
2017-02-24 11:19:35 INFO UpdateUserState: 015629906057,1
2017-02-24 11:19:48 INFO AddIdentifyResult: 18592,015932075016,0,ver/02/24/112115_015932075016.wav
2017-02-24 11:19:51 INFO AddIdentifyResult: 18593,015629906057,-1,
2017-02-24 11:19:58 INFO AddIdentifyResult: 18593,015629906057,-3,
2017-02-24 11:20:50 INFO AddIdentifyResult: 18593,015629906057,0,ver/02/24/112217_015629906057.wav
2017-02-24 11:22:05 INFO AddIdentifyResult: 18594,013245460801,-1,
2017-02-24 11:22:15 INFO AddIdentifyResult: 18594,013245460801,-3,
2017-02-24 11:22:33 INFO AddIdentifyResult: 18595,013171695736,-1,
2017-02-24 11:22:44 INFO AddIdentifyResult: 18595,013171695736,-3,
2017-02-24 11:24:09 INFO AddIdentifyResult: 18594,013245460801,12,
2017-02-24 11:24:15 INFO AddIdentifyResult: 18594,013245460801,10,reg/013245460801_0224112434|reg/013245460801_0224112434|reg/013245460801_
2017-02-24 11:24:16 INFO UpdateUserState: 013245460801,1
2017-02-24 11:24:16 INFO AddIdentifyResult: 18596,015671777581,-1,
2017-02-24 11:24:16 INFO AddIdentifyResult: 18595,013171695736,12,
2017-02-24 11:24:23 INFO AddIdentifyResult: 18595,013171695736,10,reg/013171695736_0224112502|reg/013171695736_0224112502|reg/013171695736_
2017-02-24 11:24:23 INFO UpdateUserState: 013171695736,1
2017-02-24 11:24:28 INFO AddIdentifyResult: 18596,015671777581,-3,
2017-02-24 11:24:31 INFO AddIdentifyResult: 18597,013171695736,-1,
2017-02-24 11:24:38 INFO AddIdentifyResult: 18597,013171695736,-3,
2017-02-24 11:25:30 INFO AddIdentifyResult: 18597,013171695736,0,ver/02/24/112656_013171695736.wav
2017-02-24 11:26:07 INFO AddIdentifyResult: 18596,015671777581,12,
2017-02-24 11:26:14 INFO AddIdentifyResult: 18596,015671777581,10,reg/015671777581_0224112647|reg/015671777581_0224112647|reg/015671777581_
2017-02-24 11:26:14 INFO UpdateUserState: 015671777581,1
2017-02-24 11:26:27 INFO AddIdentifyResult: 18598,015671777581,-1,
2017-02-24 11:26:34 INFO AddIdentifyResult: 18598,015671777581,-3,
2017-02-24 11:27:26 INFO AddIdentifyResult: 18598,015671777581,0,ver/02/24/112853_015671777581.wav
2017-02-24 11:29:19 INFO AddIdentifyResult: 18599,013102907838,-1,
2017-02-24 11:29:29 INFO AddIdentifyResult: 18599,013102907838,-3,
2017-02-24 11:29:45 INFO AddIdentifyResult: 18600,015572885937,-1,
2017-02-24 11:29:57 INFO AddIdentifyResult: 18600,015572885937,-3,
2017-02-24 11:30:57 INFO AddIdentifyResult: 18599,013102907838,12,
2017-02-24 11:31:03 INFO AddIdentifyResult: 18599,013102907838,10,reg/013102907838_0224113148|reg/013102907838_0224113148|reg/013102907838_
2017-02-24 11:31:03 INFO UpdateUserState: 013102907838,1
2017-02-24 11:31:12 INFO AddIdentifyResult: 18601,013102907838,-1,
2017-02-24 11:31:16 INFO AddIdentifyResult: 18601,013102907838,-3,
2017-02-24 11:31:26 INFO AddIdentifyResult: 18601,013102907838,1,
2017-02-24 11:31:36 INFO AddIdentifyResult: 18602,013102907838,-1,
2017-02-24 11:31:47 INFO AddIdentifyResult: 18602,013102907838,-3,
2017-02-24 11:32:15 INFO AddIdentifyResult: 18600,015572885937,12,
2017-02-24 11:32:23 INFO AddIdentifyResult: 18600,015572885937,10,reg/015572885937_0224113215|reg/015572885937_0224113215|reg/015572885937_
2017-02-24 11:32:23 INFO UpdateUserState: 015572885937,1
2017-02-24 11:32:27 INFO AddIdentifyResult: 18603,015572885937,-1,
2017-02-24 11:32:38 INFO AddIdentifyResult: 18602,013102907838,0,ver/02/24/113405_013102907838.wav
2017-02-24 11:32:42 INFO AddIdentifyResult: 18603,015572885937,-3,
2017-02-24 11:33:34 INFO AddIdentifyResult: 18603,015572885937,0,ver/02/24/113501_015572885937.wav
2017-02-24 11:37:23 INFO AddIdentifyResult: 18604,013833099601,-1,
2017-02-24 11:37:50 INFO AddIdentifyResult: 18604,013833099601,-3,
2017-02-24 11:39:01 INFO AddIdentifyResult: 18605,013231283536,-1,
2017-02-24 11:39:06 INFO AddIdentifyResult: 18605,013231283536,-3,
2017-02-24 11:39:34 INFO AddIdentifyResult: 18605,013231283536,11,reg/013231283536_|reg/013231283536_|reg/013231283536_
2017-02-24 11:39:55 INFO AddIdentifyResult: 18604,013833099601,12,
2017-02-24 11:40:03 INFO AddIdentifyResult: 18604,013833099601,10,reg/013833099601_0224114142|reg/013833099601_0224114142|reg/013833099601_0224114009
2017-02-24 11:40:03 INFO UpdateUserState: 013833099601,1
2017-02-24 11:40:10 INFO AddIdentifyResult: 18606,013833099601,-1,
2017-02-24 11:40:21 INFO AddIdentifyResult: 18606,013833099601,-3,
2017-02-24 11:40:37 INFO AddIdentifyResult: 18607,013021873185,-1,
2017-02-24 11:40:55 INFO AddIdentifyResult: 18608,013021873185,-1,
2017-02-24 11:41:03 INFO AddIdentifyResult: 18609,013231283536,-1,
2017-02-24 11:41:08 INFO AddIdentifyResult: 18609,013231283536,-3,
2017-02-24 11:41:13 INFO AddIdentifyResult: 18606,013833099601,0,ver/02/24/114240_013833099601.wav
2017-02-24 11:43:12 INFO AddIdentifyResult: 18609,013231283536,12,
2017-02-24 11:43:18 INFO AddIdentifyResult: 18609,013231283536,10,reg/013231283536_0224114327|reg/013231283536_0224114327|reg/013231283536_
2017-02-24 11:43:19 INFO UpdateUserState: 013231283536,1
2017-02-24 11:43:21 INFO AddIdentifyResult: 18610,013231283536,-1,
2017-02-24 11:43:26 INFO AddIdentifyResult: 18610,013231283536,-3,
2017-02-24 11:43:31 INFO AddIdentifyResult: 18611,013021873185,-1,
2017-02-24 11:43:42 INFO AddIdentifyResult: 0,013287379329,1,ver/02/24/114509_013287379329.wav
2017-02-24 11:43:45 INFO AddIdentifyResult: 18611,013021873185,-3,
2017-02-24 11:44:18 INFO AddIdentifyResult: 18610,013231283536,0,ver/02/24/114545_013231283536.wav
2017-02-24 11:44:37 INFO AddIdentifyResult: 18613,015081210627,-1,
2017-02-24 11:44:44 INFO AddIdentifyResult: 18613,015081210627,-3,
2017-02-24 11:45:48 INFO AddIdentifyResult: 18611,013021873185,12,
2017-02-24 11:45:54 INFO AddIdentifyResult: 18611,013021873185,10,reg/013021873185_0224114738|reg/013021873185_0224114738|reg/013021873185_0224114604
2017-02-24 11:45:55 INFO UpdateUserState: 013021873185,1
2017-02-24 11:46:03 INFO AddIdentifyResult: 18614,013021873185,-1,
2017-02-24 11:46:12 INFO AddIdentifyResult: 18614,013021873185,-3,
2017-02-24 11:46:24 INFO AddIdentifyResult: 18613,015081210627,12,
2017-02-24 11:46:31 INFO AddIdentifyResult: 18613,015081210627,10,reg/015081210627_0224114702|reg/015081210627_0224114702|reg/015081210627_
2017-02-24 11:46:31 INFO UpdateUserState: 015081210627,1
2017-02-24 11:46:31 INFO AddIdentifyResult: 18615,015081210627,-1,
2017-02-24 11:46:37 INFO AddIdentifyResult: 18615,015081210627,-3,
2017-02-24 11:47:04 INFO AddIdentifyResult: 18614,013021873185,0,ver/02/24/114831_013021873185.wav
2017-02-24 11:47:22 INFO AddIdentifyResult: 18616,013103326771,-1,
2017-02-24 11:47:29 INFO AddIdentifyResult: 18615,015081210627,0,ver/02/24/114856_015081210627.wav
2017-02-24 11:49:19 INFO AddIdentifyResult: 18617,013483770254,-1,
2017-02-24 11:49:41 INFO AddIdentifyResult: 18617,013483770254,-3,
2017-02-24 11:51:46 INFO AddIdentifyResult: 18617,013483770254,12,
2017-02-24 11:51:52 INFO AddIdentifyResult: 18617,013483770254,10,reg/013483770254_0224115338|reg/013483770254_0224115338|reg/013483770254_0224115159
2017-02-24 11:51:52 INFO UpdateUserState: 013483770254,1
2017-02-24 11:52:02 INFO AddIdentifyResult: 18618,013483770254,-1,
2017-02-24 11:52:23 INFO AddIdentifyResult: 18618,013483770254,-3,
2017-02-24 11:53:15 INFO AddIdentifyResult: 18618,013483770254,0,ver/02/24/115442_013483770254.wav
2017-02-24 11:53:30 INFO AddIdentifyResult: 18619,013103326771,-1,
2017-02-24 11:53:40 INFO AddIdentifyResult: 18619,013103326771,-3,
2017-02-24 11:55:42 INFO AddIdentifyResult: 18619,013103326771,12,
2017-02-24 11:55:49 INFO AddIdentifyResult: 18619,013103326771,10,reg/013103326771_0224115735|reg/013103326771_0224115735|reg/013103326771_0224115558
2017-02-24 11:55:49 INFO UpdateUserState: 013103326771,1
2017-02-24 11:55:55 INFO AddIdentifyResult: 18620,013103326771,-1,
2017-02-24 11:56:01 INFO AddIdentifyResult: 18620,013103326771,-3,
2017-02-24 11:56:53 INFO AddIdentifyResult: 18620,013103326771,1,ver/02/24/115820_013103326771.wav
2017-02-24 11:57:09 INFO AddIdentifyResult: 18621,013103326771,-1,
2017-02-24 11:57:17 INFO AddIdentifyResult: 18621,013103326771,-3,
2017-02-24 11:57:55 INFO AddIdentifyResult: 18622,013012062752,-1,
2017-02-24 11:58:09 INFO AddIdentifyResult: 18621,013103326771,1,ver/02/24/115936_013103326771.wav
2017-02-24 11:58:14 INFO AddIdentifyResult: 18622,013012062752,-3,
2017-02-24 11:59:05 INFO AddIdentifyResult: 18621,013103326771,2,ver/02/24/120030_013103326771.wav
2017-02-24 11:59:05 INFO AddIdentifyResult: 18623,015031259534,-1,
2017-02-24 11:59:27 INFO AddIdentifyResult: 18624,015031259534,-1,
2017-02-24 11:59:42 INFO AddIdentifyResult: 18625,015031259534,-1,
2017-02-24 11:59:46 INFO AddIdentifyResult: 18626,013103326771,-1,
2017-02-24 11:59:55 INFO AddIdentifyResult: 18626,013103326771,-3,
2017-02-24 12:00:13 INFO AddIdentifyResult: 18622,013012062752,12,
2017-02-24 12:00:20 INFO AddIdentifyResult: 18622,013012062752,10,reg/013012062752_0224120205|reg/013012062752_0224120205|reg/013012062752_0224120033
2017-02-24 12:00:20 INFO UpdateUserState: 013012062752,1
2017-02-24 12:00:29 INFO AddIdentifyResult: 18627,013012062752,-1,
2017-02-24 12:00:35 INFO AddIdentifyResult: 18627,013012062752,-3,
2017-02-24 12:00:37 INFO AddIdentifyResult: 18625,015031259534,-3,
2017-02-24 12:00:46 INFO AddIdentifyResult: 18626,013103326771,1,ver/02/24/120213_013103326771.wav
2017-02-24 12:01:10 INFO AddIdentifyResult: 18628,013103326771,-1,
2017-02-24 12:01:18 INFO AddIdentifyResult: 18628,013103326771,-3,
2017-02-24 12:01:27 INFO AddIdentifyResult: 18627,013012062752,0,ver/02/24/120254_013012062752.wav
2017-02-24 12:02:10 INFO AddIdentifyResult: 18628,013103326771,1,ver/02/24/120337_013103326771.wav
2017-02-24 12:02:26 INFO AddIdentifyResult: 18629,0156293935451,-1,
2017-02-24 12:02:50 INFO AddIdentifyResult: 18625,015031259534,12,
2017-02-24 12:02:54 INFO AddIdentifyResult: 18630,015031259534,-4,2
2017-02-24 12:02:56 INFO AddIdentifyResult: 18625,015031259534,10,reg/015031259534_0224120423|reg/015031259534_0224120423|reg/015031259534_0224120255
2017-02-24 12:02:56 INFO UpdateUserState: 015031259534,1
2017-02-24 12:03:02 INFO AddIdentifyResult: 18631,015031259534,-1,
2017-02-24 12:03:06 INFO AddIdentifyResult: 18632,015629393551,-1,
2017-02-24 12:03:08 INFO AddIdentifyResult: 18631,015031259534,-3,
2017-02-24 12:03:21 INFO AddIdentifyResult: 18632,015629393551,-3,
2017-02-24 12:04:00 INFO AddIdentifyResult: 18631,015031259534,0,ver/02/24/120527_015031259534.wav
2017-02-24 12:04:06 INFO AddIdentifyResult: 18633,013103326771,-1,
2017-02-24 12:04:15 INFO AddIdentifyResult: 18633,013103326771,-3,
2017-02-24 12:05:00 INFO AddIdentifyResult: 18632,015629393551,12,
2017-02-24 12:05:07 INFO AddIdentifyResult: 18633,013103326771,1,ver/02/24/120634_013103326771.wav
2017-02-24 12:05:07 INFO AddIdentifyResult: 18632,015629393551,10,reg/015629393551_0224120540|reg/015629393551_0224120540|reg/015629393551_
2017-02-24 12:05:07 INFO UpdateUserState: 015629393551,1
2017-02-24 12:05:11 INFO AddIdentifyResult: 18634,015629393551,-1,
2017-02-24 12:05:18 INFO AddIdentifyResult: 18634,015629393551,-3,
2017-02-24 12:05:24 INFO AddIdentifyResult: 18633,013103326771,2,
2017-02-24 12:06:10 INFO AddIdentifyResult: 18634,015629393551,0,ver/02/24/120737_015629393551.wav
2017-02-24 12:11:14 INFO AddIdentifyResult: 18635,013103326771,-1,
2017-02-24 12:11:30 INFO AddIdentifyResult: 18635,013103326771,-3,
2017-02-24 12:13:02 INFO AddIdentifyResult: 18635,013103326771,12,
2017-02-24 12:13:09 INFO AddIdentifyResult: 18635,013103326771,10,reg/013103326771_0224121349|reg/013103326771_0224121349|reg/013103326771_
2017-02-24 12:13:09 INFO UpdateUserState: 013103326771,1
2017-02-24 12:13:26 INFO AddIdentifyResult: 18636,013103326771,-1,
2017-02-24 12:13:33 INFO AddIdentifyResult: 18636,013103326771,-3,
2017-02-24 12:14:25 INFO AddIdentifyResult: 18636,013103326771,0,ver/02/24/121552_013103326771.wav
2017-02-24 12:22:22 INFO AddIdentifyResult: 18637,013171903895,-1,
2017-02-24 12:22:29 INFO AddIdentifyResult: 18637,013171903895,-3,
2017-02-24 12:24:56 INFO AddIdentifyResult: 18637,013171903895,12,
2017-02-24 12:25:03 INFO AddIdentifyResult: 18637,013171903895,10,reg/013171903895_0224122639|reg/013171903895_0224122639|reg/013171903895_0224122447
2017-02-24 12:25:03 INFO UpdateUserState: 013171903895,1
2017-02-24 12:25:09 INFO AddIdentifyResult: 18638,013171903895,-1,
2017-02-24 12:25:19 INFO AddIdentifyResult: 18638,013171903895,-3,
2017-02-24 12:26:38 INFO AddIdentifyResult: 18638,013171903895,0,ver/02/24/122817_013171903895.wav
2017-02-24 14:02:54 INFO AddIdentifyResult: 18639,013135924303,-1,
2017-02-24 14:03:05 INFO AddIdentifyResult: 18639,013135924303,-3,
2017-02-24 14:04:39 INFO AddIdentifyResult: 18639,013135924303,12,
2017-02-24 14:04:48 INFO AddIdentifyResult: 18639,013135924303,10,reg/013135924303_0224140524|reg/013135924303_0224140524|reg/013135924303_
2017-02-24 14:04:48 INFO UpdateUserState: 013135924303,1
2017-02-24 14:08:14 INFO AddIdentifyResult: 18640,015671753650,-1,
2017-02-24 14:08:28 INFO AddIdentifyResult: 18640,015671753650,-3,
2017-02-24 14:10:27 INFO AddIdentifyResult: 18640,015671753650,12,
2017-02-24 14:10:33 INFO AddIdentifyResult: 18640,015671753650,10,reg/015671753650_0224141220|reg/015671753650_0224141220|reg/015671753650_0224141047
2017-02-24 14:10:33 INFO UpdateUserState: 015671753650,1
2017-02-24 14:11:10 INFO AddIdentifyResult: 18641,015671753650,-1,
2017-02-24 14:11:20 INFO AddIdentifyResult: 18641,015671753650,-3,
2017-02-24 14:12:12 INFO AddIdentifyResult: 18641,015671753650,0,ver/02/24/141339_015671753650.wav
2017-02-24 14:21:02 INFO AddIdentifyResult: 18642,015671751215,-1,
2017-02-24 14:21:10 INFO AddIdentifyResult: 18642,015671751215,-3,
2017-02-24 14:23:12 INFO AddIdentifyResult: 18642,015671751215,12,
2017-02-24 14:23:18 INFO AddIdentifyResult: 18642,015671751215,10,reg/015671751215_0224142507|reg/015671751215_0224142507|reg/015671751215_0224142329
2017-02-24 14:23:19 INFO UpdateUserState: 015671751215,1
2017-02-24 14:23:33 INFO AddIdentifyResult: 18643,015671751215,-1,
2017-02-24 14:23:52 INFO AddIdentifyResult: 18643,015671751215,-3,
2017-02-24 14:24:16 INFO AddIdentifyResult: 18644,015572881450,-1,
2017-02-24 14:24:30 INFO AddIdentifyResult: 18644,015572881450,-3,
2017-02-24 14:24:43 INFO AddIdentifyResult: 18643,015671751215,0,ver/02/24/142611_015671751215.wav
2017-02-24 14:26:31 INFO AddIdentifyResult: 18644,015572881450,12,
2017-02-24 14:26:37 INFO AddIdentifyResult: 18644,015572881450,10,reg/015572881450_0224142827|reg/015572881450_0224142827|reg/015572881450_0224142649
2017-02-24 14:26:38 INFO UpdateUserState: 015572881450,1
2017-02-24 14:26:57 INFO AddIdentifyResult: 18645,015572881450,-1,
2017-02-24 14:27:07 INFO AddIdentifyResult: 18645,015572881450,-3,
2017-02-24 14:27:59 INFO AddIdentifyResult: 18645,015572881450,0,ver/02/24/142927_015572881450.wav
2017-02-24 14:29:56 INFO AddIdentifyResult: 18646,015007222008,-1,
2017-02-24 14:30:08 INFO AddIdentifyResult: 18646,015007222008,-3,
2017-02-24 14:32:09 INFO AddIdentifyResult: 18646,015007222008,12,
2017-02-24 14:32:16 INFO AddIdentifyResult: 18646,015007222008,10,reg/015007222008_0224143227|reg/015007222008_0224143227|reg/015007222008_
2017-02-24 14:32:16 INFO UpdateUserState: 015007222008,1
2017-02-24 14:32:27 INFO AddIdentifyResult: 18647,015007222008,-1,
2017-02-24 14:32:38 INFO AddIdentifyResult: 18647,015007222008,-3,
2017-02-24 14:33:30 INFO AddIdentifyResult: 18647,015007222008,0,ver/02/24/143458_015007222008.wav
2017-02-24 14:35:13 INFO AddIdentifyResult: 18648,015572882657,-1,
2017-02-24 14:35:27 INFO AddIdentifyResult: 18648,015572882657,-3,
2017-02-24 14:37:25 INFO AddIdentifyResult: 18648,015572882657,12,
2017-02-24 14:37:32 INFO AddIdentifyResult: 18648,015572882657,10,reg/015572882657_0224143746|reg/015572882657_0224143746|reg/015572882657_
2017-02-24 14:37:33 INFO UpdateUserState: 015572882657,1
2017-02-24 14:37:40 INFO AddIdentifyResult: 18649,015572882657,-1,
2017-02-24 14:37:47 INFO AddIdentifyResult: 18649,015572882657,-3,
2017-02-24 14:38:38 INFO AddIdentifyResult: 18649,015572882657,0,ver/02/24/144006_015572882657.wav
2017-02-24 14:42:40 INFO AddIdentifyResult: 18650,013287331087,-1,
2017-02-24 14:42:46 INFO AddIdentifyResult: 18650,013287331087,-3,
2017-02-24 14:44:34 INFO AddIdentifyResult: 18650,013287331087,12,
2017-02-24 14:44:40 INFO AddIdentifyResult: 18650,013287331087,10,reg/013287331087_0224144505|reg/013287331087_0224144505|reg/013287331087_
2017-02-24 14:44:40 INFO UpdateUserState: 013287331087,1
2017-02-24 14:44:53 INFO AddIdentifyResult: 18651,013697832986,-1,
2017-02-24 14:45:00 INFO AddIdentifyResult: 18651,013697832986,-3,
2017-02-24 14:47:00 INFO AddIdentifyResult: 18651,013697832986,12,
2017-02-24 14:47:07 INFO AddIdentifyResult: 18651,013697832986,10,reg/013697832986_0224144837|reg/013697832986_0224144837|reg/013697832986_0224144719
2017-02-24 14:47:08 INFO UpdateUserState: 013697832986,1
2017-02-24 15:17:14 INFO AddIdentifyResult: 18652,015572884079,-1,
2017-02-24 15:17:24 INFO AddIdentifyResult: 18652,015572884079,-3,
2017-02-24 15:19:08 INFO AddIdentifyResult: 18652,015572884079,12,
2017-02-24 15:19:15 INFO AddIdentifyResult: 18652,015572884079,10,reg/015572884079_0224151943|reg/015572884079_0224151943|reg/015572884079_
2017-02-24 15:19:15 INFO UpdateUserState: 015572884079,1
2017-02-24 15:19:44 INFO AddIdentifyResult: 18653,015572884079,-1,
2017-02-24 15:19:54 INFO AddIdentifyResult: 18653,015572884079,-3,
2017-02-24 15:20:46 INFO AddIdentifyResult: 18653,015572884079,0,ver/02/24/152213_015572884079.wav
2017-02-24 15:22:41 INFO AddIdentifyResult: 18654,013287331087,-1,
2017-02-24 15:22:51 INFO AddIdentifyResult: 18654,013287331087,-3,
2017-02-24 15:24:29 INFO AddIdentifyResult: 18654,013287331087,12,
2017-02-24 15:24:37 INFO AddIdentifyResult: 18654,013287331087,10,reg/013287331087_0224152510|reg/013287331087_0224152510|reg/013287331087_
2017-02-24 15:24:37 INFO UpdateUserState: 013287331087,1
2017-02-24 15:27:29 INFO AddIdentifyResult: 18655,015954629962,-1,
2017-02-24 15:27:38 INFO AddIdentifyResult: 18655,015954629962,-3,
2017-02-24 15:29:14 INFO AddIdentifyResult: 18655,015954629962,12,
2017-02-24 15:29:21 INFO AddIdentifyResult: 18655,015954629962,10,reg/015954629962_0224153105|reg/015954629962_0224153105|reg/015954629962_0224152957
2017-02-24 15:29:21 INFO UpdateUserState: 015954629962,1
2017-02-24 15:29:32 INFO AddIdentifyResult: 18656,015954629962,-1,
2017-02-24 15:29:41 INFO AddIdentifyResult: 18656,015954629962,-3,
2017-02-24 15:30:34 INFO AddIdentifyResult: 18656,015954629962,1,ver/02/24/153201_015954629962.wav
2017-02-24 15:30:57 INFO AddIdentifyResult: 18657,015954629962,-1,
2017-02-24 15:31:11 INFO AddIdentifyResult: 18657,015954629962,-3,
2017-02-24 15:32:47 INFO AddIdentifyResult: 18657,015954629962,12,
2017-02-24 15:32:54 INFO AddIdentifyResult: 18657,015954629962,10,reg/015954629962_0224153330|reg/015954629962_0224153330|reg/015954629962_
2017-02-24 15:32:54 INFO UpdateUserState: 015954629962,1
2017-02-24 15:36:35 INFO AddIdentifyResult: 18658,013287375106,-1,
2017-02-24 15:36:41 INFO AddIdentifyResult: 18658,013287375106,-3,
2017-02-24 15:38:17 INFO AddIdentifyResult: 18658,013287375106,12,
2017-02-24 15:38:24 INFO AddIdentifyResult: 18658,013287375106,10,reg/013287375106_0224154011|reg/013287375106_0224154011|reg/013287375106_0224153900
2017-02-24 15:38:25 INFO UpdateUserState: 013287375106,1
2017-02-24 15:38:34 INFO AddIdentifyResult: 18659,013287375106,-1,
2017-02-24 15:38:39 INFO AddIdentifyResult: 18659,013287375106,-3,
2017-02-24 15:39:31 INFO AddIdentifyResult: 18659,013287375106,0,ver/02/24/154059_013287375106.wav
2017-02-24 15:44:18 INFO AddIdentifyResult: 18660,013287388729,-1,
2017-02-24 15:45:24 INFO AddIdentifyResult: 18661,013287388729,-1,
2017-02-24 15:45:30 INFO AddIdentifyResult: 18661,013287388729,-3,
2017-02-24 15:47:13 INFO AddIdentifyResult: 18661,013287388729,12,
2017-02-24 15:47:20 INFO AddIdentifyResult: 18661,013287388729,10,reg/013287388729_0224154749|reg/013287388729_0224154749|reg/013287388729_
2017-02-24 15:47:21 INFO UpdateUserState: 013287388729,1
2017-02-24 15:52:56 INFO AddIdentifyResult: 18662,013287389561,-1,
2017-02-24 15:53:04 INFO AddIdentifyResult: 18662,013287389561,-3,
2017-02-24 15:54:40 INFO AddIdentifyResult: 18662,013287389561,12,
2017-02-24 15:54:48 INFO AddIdentifyResult: 18662,013287389561,10,reg/013287389561_0224155523|reg/013287389561_0224155523|reg/013287389561_
2017-02-24 15:54:48 INFO UpdateUserState: 013287389561,1
2017-02-24 17:25:58 INFO AddIdentifyResult: 0,013021877317,1,ver/02/24/172726_013021877317.wav
